http://www.zhihu.com/people/fu-shan-68-49
http://www.zhihu.com/people/ess-null
http://www.zhihu.com/people/yu-bo-87-73
http://www.zhihu.com/people/erein-yaung
http://www.zhihu.com/people/yu-xi-49-74
http://www.zhihu.com/people/xun-yin-mi-guo-30
http://www.zhihu.com/people/hua-xian-45
http://www.zhihu.com/people/lattelan
http://www.zhihu.com/people/Enlil-27
http://www.zhihu.com/people/shang-long
http://www.zhihu.com/people/stephenhky
http://www.zhihu.com/people/deutsch-99
http://www.zhihu.com/people/pan-lan-qiang
http://www.zhihu.com/people/wang-ying-97-70
http://www.zhihu.com/people/ihewei
http://www.zhihu.com/people/yin-shi-17-60
http://www.zhihu.com/people/felix-libero
http://www.zhihu.com/people/equator
http://www.zhihu.com/people/train1110
http://www.zhihu.com/people/ceerper
http://www.zhihu.com/people/sixunhuan
http://www.zhihu.com/people/brandon-84
http://www.zhihu.com/people/itcraft
http://www.zhihu.com/people/wen-a-ai-33
http://www.zhihu.com/people/xiang-jiang
http://www.zhihu.com/people/jasonhu-96
http://www.zhihu.com/people/xiao-da-da-27
http://www.zhihu.com/people/changzhang
http://www.zhihu.com/people/wu-wu-yun
http://www.zhihu.com/people/simixn
http://www.zhihu.com/people/ying-ji-73
http://www.zhihu.com/people/li-ling-hao-52
http://www.zhihu.com/people/xuan-yuan-lie-35
http://www.zhihu.com/people/wu-zhi-mi
http://www.zhihu.com/people/su-fei-85
http://www.zhihu.com/people/lin-long-6
http://www.zhihu.com/people/zhao-su-han-11
http://www.zhihu.com/people/ying-ge-lan-85
http://www.zhihu.com/people/he-yuan-41
http://www.zhihu.com/people/li-jin-long-76
http://www.zhihu.com/people/zizaixiaoxiong
http://www.zhihu.com/people/liang-fan-fan-17
http://www.zhihu.com/people/zhou-xiao-xun-93
http://www.zhihu.com/people/zhu-xiao-qing-98
http://www.zhihu.com/people/maska
http://www.zhihu.com/people/di-di-70
http://www.zhihu.com/people/suki-63
http://www.zhihu.com/people/znlilty
http://www.zhihu.com/people/mi-lu-mi-lu-56
http://www.zhihu.com/people/zhou-zi-qin
http://www.zhihu.com/people/guo-zhen-an
http://www.zhihu.com/people/pang-bo-61-77
http://www.zhihu.com/people/gua-niu-98-92
http://www.zhihu.com/people/xi-ting-13
http://www.zhihu.com/people/0987654321
http://www.zhihu.com/people/gao-gao-72
http://www.zhihu.com/people/cheng-xiao-dong-29
http://www.zhihu.com/people/chen-gang-3-1
http://www.zhihu.com/people/dai-lang
http://www.zhihu.com/people/zuimai
http://www.zhihu.com/people/neil-35-70
http://www.zhihu.com/people/lance-xi
http://www.zhihu.com/people/xinzhaobuxuan
http://www.zhihu.com/people/hu-nicholas
http://www.zhihu.com/people/qian-liang-40
http://www.zhihu.com/people/zhou-qing-chang
http://www.zhihu.com/people/li-si-V
http://www.zhihu.com/people/kikima
http://www.zhihu.com/people/liu-chuan-feng-1
http://www.zhihu.com/people/dai-kan
http://www.zhihu.com/people/chen-da-shi-9
http://www.zhihu.com/people/eva-evaevaeva
http://www.zhihu.com/people/lovewhowho
http://www.zhihu.com/people/hong-zhuang-52
http://www.zhihu.com/people/wannian
http://www.zhihu.com/people/calmlee
http://www.zhihu.com/people/yoyo-94-91
http://www.zhihu.com/people/san-sheng-yi-xi
http://www.zhihu.com/people/hai-mi-tian
http://www.zhihu.com/people/xiao-chu
http://www.zhihu.com/people/tan-li-9800
http://www.zhihu.com/people/li-xiang-31-9
http://www.zhihu.com/people/che-ma-xuan
http://www.zhihu.com/people/treec
http://www.zhihu.com/people/he-hui-87
http://www.zhihu.com/people/ovilia
http://www.zhihu.com/people/kristinliu
http://www.zhihu.com/people/zhou-ya-zi
http://www.zhihu.com/people/lxXXXxl
http://www.zhihu.com/people/ahuman
http://www.zhihu.com/people/yan-da-hai-919
http://www.zhihu.com/people/kooyan
http://www.zhihu.com/people/ma-hao-yu-9
http://www.zhihu.com/people/jiang-lu-87-36
http://www.zhihu.com/people/zhu-feng-93
http://www.zhihu.com/people/yao-er-54-48
http://www.zhihu.com/people/wan-pu
http://www.zhihu.com/people/wei-yuan-zhe
http://www.zhihu.com/people/yi-yin-42-87
http://www.zhihu.com/people/wang-yue-72-49
http://www.zhihu.com/people/wang-cong-59-65
http://www.zhihu.com/people/JohnLou
http://www.zhihu.com/people/CloseString
http://www.zhihu.com/people/suiyuerushandao
http://www.zhihu.com/people/wang-bi-zhuo
http://www.zhihu.com/people/qian-jiang-58
http://www.zhihu.com/people/cai-wang-tian
http://www.zhihu.com/people/li-meng-86-26
http://www.zhihu.com/people/huang-pi-er
http://www.zhihu.com/people/calibre-chow
http://www.zhihu.com/people/da-mao-miles
http://www.zhihu.com/people/langzhasq
http://www.zhihu.com/people/beyonliu-dao-han
http://www.zhihu.com/people/goodbye
http://www.zhihu.com/people/wei-yi-49-41
http://www.zhihu.com/people/nan-fang-47-76
http://www.zhihu.com/people/meng-da-shu-2
http://www.zhihu.com/people/miao-66
http://www.zhihu.com/people/han-jiang-xue-48
http://www.zhihu.com/people/asurali
http://www.zhihu.com/people/shaxjl
http://www.zhihu.com/people/li-chen-60-61
http://www.zhihu.com/people/zhousunj
http://www.zhihu.com/people/sun-bin-yuan
http://www.zhihu.com/people/susanlee
http://www.zhihu.com/people/wang-qi-long-20
http://www.zhihu.com/people/zhu-wu-si
http://www.zhihu.com/people/steven-liu-84
http://www.zhihu.com/people/liu-jia-2-57
http://www.zhihu.com/people/dizhe
http://www.zhihu.com/people/sun-lin-9
http://www.zhihu.com/people/li-yu-25
http://www.zhihu.com/people/yi-meng-63
http://www.zhihu.com/people/tu-zi-29
http://www.zhihu.com/people/heng-xiao-bai
http://www.zhihu.com/people/yan-xin-72
http://www.zhihu.com/people/bai-ge
http://www.zhihu.com/people/cao-mang-71
http://www.zhihu.com/people/wang-ze-yu-51-59
http://www.zhihu.com/people/xiakai
http://www.zhihu.com/people/yue-shui
http://www.zhihu.com/people/deng-zi-yu
http://www.zhihu.com/people/pengqy
http://www.zhihu.com/people/hynguyen
http://www.zhihu.com/people/lowka
http://www.zhihu.com/people/zhang-han-yue-26
http://www.zhihu.com/people/li-rong-peng-80
http://www.zhihu.com/people/wang-er-xiao-229
http://www.zhihu.com/people/jin-lei-48-33
http://www.zhihu.com/people/doors
http://www.zhihu.com/people/wang-yang-12-13
http://www.zhihu.com/people/tian-peng-23-46
http://www.zhihu.com/people/luo-jia-yuan-96
http://www.zhihu.com/people/nanay-007
http://www.zhihu.com/people/wang-yu-peng-77
http://www.zhihu.com/people/hu-di-57-16
http://www.zhihu.com/people/websec
http://www.zhihu.com/people/dayelee
http://www.zhihu.com/people/zw-s
http://www.zhihu.com/people/wang-chao-35-39
http://www.zhihu.com/people/yfc1992
http://www.zhihu.com/people/lu-tian-yu-51
http://www.zhihu.com/people/zoyeal
http://www.zhihu.com/people/xterm
http://www.zhihu.com/people/zhaokailaoye
http://www.zhihu.com/people/yang-meng-
http://www.zhihu.com/people/maple
http://www.zhihu.com/people/tan-ri-tian
http://www.zhihu.com/people/yu-shi-52
http://www.zhihu.com/people/zach-zhon
http://www.zhihu.com/people/guo-da-lu-13-28
http://www.zhihu.com/people/an-li-90-62
http://www.zhihu.com/people/wu-li-42
http://www.zhihu.com/people/kang-li-chao
http://www.zhihu.com/people/he-zi-lu
http://www.zhihu.com/people/easteaststrong
http://www.zhihu.com/people/san-zhu-nan-zhui
http://www.zhihu.com/people/yao-79
http://www.zhihu.com/people/liu-tong-57
http://www.zhihu.com/people/SeanParker
http://www.zhihu.com/people/wang-tie-gen
http://www.zhihu.com/people/he-yuan-sheng
http://www.zhihu.com/people/perry-song
http://www.zhihu.com/people/aabi
http://www.zhihu.com/people/situchuifeng
http://www.zhihu.com/people/da-jie-bao-99
http://www.zhihu.com/people/maskn
http://www.zhihu.com/people/chen-jing-yu-60
http://www.zhihu.com/people/li-xiao-meng-85
http://www.zhihu.com/people/xulaohan
http://www.zhihu.com/people/mao-xiao-yu-27-86
http://www.zhihu.com/people/andoyuu
http://www.zhihu.com/people/lan-cha-
http://www.zhihu.com/people/xun-xun-17
http://www.zhihu.com/people/ZhangQian19911229
http://www.zhihu.com/people/da-lian-wang-jue
http://www.zhihu.com/people/12341
http://www.zhihu.com/people/wu-xiao-qing-58
http://www.zhihu.com/people/jaljalguo
http://www.zhihu.com/people/liu-liang-86
http://www.zhihu.com/people/be-with-lele
http://www.zhihu.com/people/johnboby-ray
http://www.zhihu.com/people/die-die-mao
http://www.zhihu.com/people/yu-chuan-yi-59
http://www.zhihu.com/people/feng-liu-chaos
http://www.zhihu.com/people/wen-kun-guo
http://www.zhihu.com/people/ri-ye-huang-bo
http://www.zhihu.com/people/tang-jing-yu-24
http://www.zhihu.com/people/jimtlee
http://www.zhihu.com/people/jin-ran-28
http://www.zhihu.com/people/vivkek
http://www.zhihu.com/people/wen-xiang-mao
http://www.zhihu.com/people/wusungchen
http://www.zhihu.com/people/ni-hao-58-99
http://www.zhihu.com/people/ge-ge-wu
http://www.zhihu.com/people/wu-hao-fan-74
http://www.zhihu.com/people/memento-mori
http://www.zhihu.com/people/bjchaodaye
http://www.zhihu.com/people/flygon
http://www.zhihu.com/people/amoskim
http://www.zhihu.com/people/wang-xiao-kan
http://www.zhihu.com/people/mrwc
http://www.zhihu.com/people/uruk60kg
http://www.zhihu.com/people/xiangyiqian
http://www.zhihu.com/people/su-lu-79
http://www.zhihu.com/people/wang-ting-ting-28-65
http://www.zhihu.com/people/fu-ying-94
http://www.zhihu.com/people/possibilities
http://www.zhihu.com/people/piaopiaoecho
http://www.zhihu.com/people/dong-xue-wen
http://www.zhihu.com/people/liu-chen-87
http://www.zhihu.com/people/hao-cheng-35-43
http://www.zhihu.com/people/dai-da-bei
http://www.zhihu.com/people/jiang-hai-tao-23
http://www.zhihu.com/people/li-miao-41
http://www.zhihu.com/people/andyfoolish
http://www.zhihu.com/people/du-si-yuan
http://www.zhihu.com/people/luo-kui-lin
http://www.zhihu.com/people/diankuanghanst
http://www.zhihu.com/people/tian-xiao-zhu-84
http://www.zhihu.com/people/shao-xiong-64
http://www.zhihu.com/people/xia-mu-67-54
http://www.zhihu.com/people/eric-5
http://www.zhihu.com/people/sun-garry
http://www.zhihu.com/people/gong-zi-chuan
http://www.zhihu.com/people/nuo-pang-pang
http://www.zhihu.com/people/cai-xiao-gao
http://www.zhihu.com/people/chen-li-72-21
http://www.zhihu.com/people/long-li-hong
http://www.zhihu.com/people/yi-lin515
http://www.zhihu.com/people/cosimolu
http://www.zhihu.com/people/wang-guo-yong-ne
http://www.zhihu.com/people/mu-qing-23
http://www.zhihu.com/people/hu-yu-zhao
http://www.zhihu.com/people/hanz-chen
http://www.zhihu.com/people/chen-po-po-20
http://www.zhihu.com/people/song-kai-51
http://www.zhihu.com/people/ao-li-ao-57
http://www.zhihu.com/people/ma-bo-ping
http://www.zhihu.com/people/mobozhi
http://www.zhihu.com/people/shu-yun-36
http://www.zhihu.com/people/jerry-cen
http://www.zhihu.com/people/hejuefei
http://www.zhihu.com/people/xu-xue-hen
http://www.zhihu.com/people/chen-chang-gen-30
http://www.zhihu.com/people/Geoffreyzhang
http://www.zhihu.com/people/graceyeuk
http://www.zhihu.com/people/begier-lern
http://www.zhihu.com/people/cactus-73
http://www.zhihu.com/people/zhihu_weekly
http://www.zhihu.com/people/ding-yu-26
http://www.zhihu.com/people/zhu-zhi-yin
http://www.zhihu.com/people/ling-zai-lei
http://www.zhihu.com/people/hong-shi-huan-78
http://www.zhihu.com/people/han-jia-xiao-ye
http://www.zhihu.com/people/lin-yiqian
http://www.zhihu.com/people/mu-zi-nan
http://www.zhihu.com/people/ai-meng-65
http://www.zhihu.com/people/yang-fan-44-11-25
http://www.zhihu.com/people/wang-xu-24
http://www.zhihu.com/people/niu-yu-60
http://www.zhihu.com/people/wolfxl
http://www.zhihu.com/people/Feat
http://www.zhihu.com/people/wentommy
http://www.zhihu.com/people/bitmirage
http://www.zhihu.com/people/chen-jiao-yan-34
http://www.zhihu.com/people/jia-lu-xi
http://www.zhihu.com/people/boaikuanhuai
http://www.zhihu.com/people/jiaowei
http://www.zhihu.com/people/iyucci
http://www.zhihu.com/people/wang-xiao-ming-36
http://www.zhihu.com/people/wang-gong-64
http://www.zhihu.com/people/emrys33
http://www.zhihu.com/people/li-zheng-bi
http://www.zhihu.com/people/frayheaven
http://www.zhihu.com/people/miao-cc-96
http://www.zhihu.com/people/li-shou-yin-89
http://www.zhihu.com/people/zhi-ye-88
http://www.zhihu.com/people/xiao-xie-zi-13
http://www.zhihu.com/people/potatoyu
http://www.zhihu.com/people/lin-peng-fei-56
http://www.zhihu.com/people/yu-meng-xin
http://www.zhihu.com/people/newlife
http://www.zhihu.com/people/li-chang-jian-87
http://www.zhihu.com/people/wu-shan-53-53
http://www.zhihu.com/people/liao-wei-90
http://www.zhihu.com/people/chen-yue-se
http://www.zhihu.com/people/qi-xiao-xi-62
http://www.zhihu.com/people/huang-shan-88
http://www.zhihu.com/people/liu-wei-lin-56
http://www.zhihu.com/people/zi-yin-59-20
http://www.zhihu.com/people/zhu-bo-tao
http://www.zhihu.com/people/zhang-meng-meng-97
http://www.zhihu.com/people/sevenmu
http://www.zhihu.com/people/prayeryang
http://www.zhihu.com/people/yi-kai-62
http://www.zhihu.com/people/winnie-17
http://www.zhihu.com/people/lai-qi-hao
http://www.zhihu.com/people/pei-qi-43
http://www.zhihu.com/people/chu-meng-meng
http://www.zhihu.com/people/xu-ze-36-93
http://www.zhihu.com/people/kuangye
http://www.zhihu.com/people/wang-yu-65-31
http://www.zhihu.com/people/arronleung
http://www.zhihu.com/people/shu-hang-1
http://www.zhihu.com/people/mu-rong-you-yue-65
http://www.zhihu.com/people/Xiao_Liang
http://www.zhihu.com/people/haydan-tse
http://www.zhihu.com/people/zhan-qing-feng
http://www.zhihu.com/people/hume
http://www.zhihu.com/people/marc-21
http://www.zhihu.com/people/a-du-82
http://www.zhihu.com/people/frkstein
http://www.zhihu.com/people/pgmoses
http://www.zhihu.com/people/su-guang
http://www.zhihu.com/people/nakutoki
http://www.zhihu.com/people/Chen-Yaning
http://www.zhihu.com/people/zhang-yi-fan-48
http://www.zhihu.com/people/hou-dong-yan
http://www.zhihu.com/people/tyche-xu
http://www.zhihu.com/people/brian-76
http://www.zhihu.com/people/an-ying-77
http://www.zhihu.com/people/jiang-yuan-bo-81
http://www.zhihu.com/people/kashinging
http://www.zhihu.com/people/gui-yan-60
http://www.zhihu.com/people/transformertung
http://www.zhihu.com/people/wang-ya-fei-12
http://www.zhihu.com/people/le-du-52
http://www.zhihu.com/people/babyface-38
http://www.zhihu.com/people/zhang-hao-21-64
http://www.zhihu.com/people/604463821
http://www.zhihu.com/people/lu-gui-chen-26
http://www.zhihu.com/people/mu-rong-qian-xun
http://www.zhihu.com/people/nostoc
http://www.zhihu.com/people/egg-pain
http://www.zhihu.com/people/davidchang
http://www.zhihu.com/people/sunlee89
http://www.zhihu.com/people/chen-ya-fei-71
http://www.zhihu.com/people/wang-ya-bing
http://www.zhihu.com/people/echo-55-6
http://www.zhihu.com/people/zhaojian
http://www.zhihu.com/people/frinkhuang
http://www.zhihu.com/people/rockrationality
http://www.zhihu.com/people/zhong-guang-42
http://www.zhihu.com/people/a-rui-46
http://www.zhihu.com/people/leon-93-80
http://www.zhihu.com/people/guangli-liu
http://www.zhihu.com/people/chasel-li
http://www.zhihu.com/people/xiong-neng
http://www.zhihu.com/people/zhao-nan-zi
http://www.zhihu.com/people/zhao-xiao-she
http://www.zhihu.com/people/IcyAngel
http://www.zhihu.com/people/hurricane1260
http://www.zhihu.com/people/eryeah
http://www.zhihu.com/people/bu-xian-nan
http://www.zhihu.com/people/yiyu-cheng-zhen
http://www.zhihu.com/people/yu-bing-91
http://www.zhihu.com/people/xie-xiao-qian-29
http://www.zhihu.com/people/lumpora
http://www.zhihu.com/people/sophia-23
http://www.zhihu.com/people/wang-yi-74-84
http://www.zhihu.com/people/she-quan-quan
http://www.zhihu.com/people/pengyi
http://www.zhihu.com/people/zhou-zi-jie-1
http://www.zhihu.com/people/yao-yao-28-52
http://www.zhihu.com/people/qin-li-51
http://www.zhihu.com/people/ha-lu
http://www.zhihu.com/people/baraba
http://www.zhihu.com/people/raymond-1
http://www.zhihu.com/people/sun-yue-12
http://www.zhihu.com/people/GuLynda
http://www.zhihu.com/people/aaron-ma
http://www.zhihu.com/people/xiao-sa-06-16
http://www.zhihu.com/people/chai-yong-yan
http://www.zhihu.com/people/ruirong_xie
http://www.zhihu.com/people/wang-hao-90-95
http://www.zhihu.com/people/leondel
http://www.zhihu.com/people/cornkiller
http://www.zhihu.com/people/guo-xiang-45
http://www.zhihu.com/people/zhang-xue-29
http://www.zhihu.com/people/cang-mang-6
http://www.zhihu.com/people/maresmilk
http://www.zhihu.com/people/wu-hai-25
http://www.zhihu.com/people/rongyiren
http://www.zhihu.com/people/000088
http://www.zhihu.com/people/chang-an-nan
http://www.zhihu.com/people/jahangir
http://www.zhihu.com/people/lisa-20-65
http://www.zhihu.com/people/donovan
http://www.zhihu.com/people/wu-lin-feng
http://www.zhihu.com/people/chen-wei-wei-37
http://www.zhihu.com/people/llq6072
http://www.zhihu.com/people/da-li-14-46
http://www.zhihu.com/people/wang-tie-jian-19
http://www.zhihu.com/people/cocoalee
http://www.zhihu.com/people/ma-xiao-feng-75
http://www.zhihu.com/people/niu-xiao-li
http://www.zhihu.com/people/charlie-ccc
http://www.zhihu.com/people/a-minn
http://www.zhihu.com/people/ma-bei-bei-96
http://www.zhihu.com/people/tu-dou-li-sha
http://www.zhihu.com/people/face-li
http://www.zhihu.com/people/van-gogh
http://www.zhihu.com/people/zhushaoyue
http://www.zhihu.com/people/zhi-yan-ming-ming
http://www.zhihu.com/people/wsdtt
http://www.zhihu.com/people/li-pei-19
http://www.zhihu.com/people/qian-chao-42
http://www.zhihu.com/people/wu-ya-nan-2
http://www.zhihu.com/people/opaa
http://www.zhihu.com/people/amok-reen
http://www.zhihu.com/people/zhang-zhong-qi
http://www.zhihu.com/people/aejalee
http://www.zhihu.com/people/fu-shu-shu-ying
http://www.zhihu.com/people/xu-jing-21
http://www.zhihu.com/people/chen-jia-xin-84
http://www.zhihu.com/people/da-xian-93-18
http://www.zhihu.com/people/happy10086
http://www.zhihu.com/people/jin-hui-61
http://www.zhihu.com/people/jiang-hu-xiao-xiao-sheng
http://www.zhihu.com/people/ashley-w
http://www.zhihu.com/people/zhang-di-40
http://www.zhihu.com/people/zhao-yang-xin
http://www.zhihu.com/people/kermitc
http://www.zhihu.com/people/sun-wei-guang-78
http://www.zhihu.com/people/zi-qing-90
http://www.zhihu.com/people/wen-tao-4
http://www.zhihu.com/people/zhou-shu-jia
http://www.zhihu.com/people/jiangnanxi
http://www.zhihu.com/people/dwoo
http://www.zhihu.com/people/tang-zi-qi-10
http://www.zhihu.com/people/a-jian-dj
http://www.zhihu.com/people/eana-chan
http://www.zhihu.com/people/youliugui
http://www.zhihu.com/people/huxiaoyi
http://www.zhihu.com/people/an-miao-miao-17
http://www.zhihu.com/people/samyhello
http://www.zhihu.com/people/kevtyle
http://www.zhihu.com/people/lu-zhao-jie
http://www.zhihu.com/people/gong-zheng-xuan
http://www.zhihu.com/people/stephanie-73
http://www.zhihu.com/people/zhang-bo-yun
http://www.zhihu.com/people/he-jing-jing-47
http://www.zhihu.com/people/teng0213
http://www.zhihu.com/people/wang-can-91
http://www.zhihu.com/people/meicoog
http://www.zhihu.com/people/yi-zhong-wei
http://www.zhihu.com/people/lu-jia-11
http://www.zhihu.com/people/causeevery-30
http://www.zhihu.com/people/lemoxa
http://www.zhihu.com/people/chang-cheng-jiang
http://www.zhihu.com/people/xavierwu
http://www.zhihu.com/people/zhong-ye-zi-49
http://www.zhihu.com/people/wang-biao-99-71
http://www.zhihu.com/people/xu-wu-hen
http://www.zhihu.com/people/wang-jia-yin-7
http://www.zhihu.com/people/reccoon
http://www.zhihu.com/people/xiu-mu-qiu
http://www.zhihu.com/people/mark-ge-45
http://www.zhihu.com/people/celineyo
http://www.zhihu.com/people/bicycling
http://www.zhihu.com/people/tonyhead
http://www.zhihu.com/people/dan-liya
http://www.zhihu.com/people/zhou-jia-qi-55
http://www.zhihu.com/people/zhang-zhen-92-15
http://www.zhihu.com/people/mo-xiao-mi
http://www.zhihu.com/people/ga-at
http://www.zhihu.com/people/guo-bing
http://www.zhihu.com/people/mavericks
http://www.zhihu.com/people/hu-hu-63-54
http://www.zhihu.com/people/fan-xu-51
http://www.zhihu.com/people/jin-du-jiang
http://www.zhihu.com/people/cai-dong-63
http://www.zhihu.com/people/qwety-ed
http://www.zhihu.com/people/dashai
http://www.zhihu.com/people/mao-xu-27
http://www.zhihu.com/people/lau-musen
http://www.zhihu.com/people/suikaixin
http://www.zhihu.com/people/fusu
http://www.zhihu.com/people/zhang-jia-jing-20
http://www.zhihu.com/people/karaki
http://www.zhihu.com/people/wen-dao-dao
http://www.zhihu.com/people/zhaojun4084
http://www.zhihu.com/people/alone2007
http://www.zhihu.com/people/zhang-lai-xu
http://www.zhihu.com/people/jackdu
http://www.zhihu.com/people/zhang-liang-peng
http://www.zhihu.com/people/wang-xiao-yue-86
http://www.zhihu.com/people/lin-wen-mo
http://www.zhihu.com/people/zeng-lu
http://www.zhihu.com/people/zhao-fa-cai-56
http://www.zhihu.com/people/li-dian-dian-12
http://www.zhihu.com/people/shen-yu-yang-82
http://www.zhihu.com/people/zhuxiaodong
http://www.zhihu.com/people/na-lan-5
http://www.zhihu.com/people/bohu
http://www.zhihu.com/people/chen-hao-86-48
http://www.zhihu.com/people/leng-huo-82
http://www.zhihu.com/people/che-qing
http://www.zhihu.com/people/mu-zi-93-14
http://www.zhihu.com/people/loongyoung
http://www.zhihu.com/people/chen-xiao-wei-38-27
http://www.zhihu.com/people/guo-hong-yu-42
http://www.zhihu.com/people/wang-ban-dou
http://www.zhihu.com/people/lan-yun-85
http://www.zhihu.com/people/Jeight
http://www.zhihu.com/people/he-jingtao
http://www.zhihu.com/people/uchusan
http://www.zhihu.com/people/mengxian
http://www.zhihu.com/people/vensenchow
http://www.zhihu.com/people/gao-dei
http://www.zhihu.com/people/whamaya
http://www.zhihu.com/people/renbinglin
http://www.zhihu.com/people/zhang-zhou-an
http://www.zhihu.com/people/garfield-43
http://www.zhihu.com/people/zhao-rui-64
http://www.zhihu.com/people/redocean
http://www.zhihu.com/people/ernst-zermelo
http://www.zhihu.com/people/li-li-8-21
http://www.zhihu.com/people/yu-qian-74
http://www.zhihu.com/people/stella-sit
http://www.zhihu.com/people/xiong-yun-40
http://www.zhihu.com/people/wen-lei-7
http://www.zhihu.com/people/liu-xiao-long-50-83
http://www.zhihu.com/people/wang-yi-45-85
http://www.zhihu.com/people/chen-qi-qi-62
http://www.zhihu.com/people/yangsiyuan
http://www.zhihu.com/people/liupeili
http://www.zhihu.com/people/wu-yan-zhi
http://www.zhihu.com/people/po-dai
http://www.zhihu.com/people/zheng-mu-rong
http://www.zhihu.com/people/bing-mez
http://www.zhihu.com/people/li-xuan-11-89
http://www.zhihu.com/people/tommyan
http://www.zhihu.com/people/yhmyhm
http://www.zhihu.com/people/tautcony
http://www.zhihu.com/people/zhang-kai-rong
http://www.zhihu.com/people/llllllllllll
http://www.zhihu.com/people/xia-tian-76-62
http://www.zhihu.com/people/zhoubuer
http://www.zhihu.com/people/liu-ran-49
http://www.zhihu.com/people/pisceszqq
http://www.zhihu.com/people/wang-peng-22-36
http://www.zhihu.com/people/tu-tu-13
http://www.zhihu.com/people/zhang-shi-guang
http://www.zhihu.com/people/qie-ting-feng-yin-71
http://www.zhihu.com/people/ouminying
http://www.zhihu.com/people/ashbei-er
http://www.zhihu.com/people/wang-pan-91
http://www.zhihu.com/people/bin-xin-80
http://www.zhihu.com/people/wang-yao-84
http://www.zhihu.com/people/si-nian-1
http://www.zhihu.com/people/double-huo
http://www.zhihu.com/people/li-ban-72
http://www.zhihu.com/people/luodachuan
http://www.zhihu.com/people/chen-qing-23
http://www.zhihu.com/people/zi-fei-yu-83
http://www.zhihu.com/people/killaxe-jie
http://www.zhihu.com/people/qing-feng-yi-zhu
http://www.zhihu.com/people/feng-jun-yuan
http://www.zhihu.com/people/MonaZhang
http://www.zhihu.com/people/Sunzei
http://www.zhihu.com/people/cheng-lang
http://www.zhihu.com/people/feng-rui-02-24
http://www.zhihu.com/people/dogherd
http://www.zhihu.com/people/qin-kang-bao
http://www.zhihu.com/people/akashic
http://www.zhihu.com/people/hydra
http://www.zhihu.com/people/yang-yang-14-48
http://www.zhihu.com/people/zhang-wei-68
http://www.zhihu.com/people/manhodl
http://www.zhihu.com/people/shang-chang-hua
http://www.zhihu.com/people/icola
http://www.zhihu.com/people/joycelaujia
http://www.zhihu.com/people/ding-sai-di
http://www.zhihu.com/people/fice
http://www.zhihu.com/people/zhao-zhe-8
http://www.zhihu.com/people/xie-guo-he
http://www.zhihu.com/people/shi-xuan-yi
http://www.zhihu.com/people/yang-jing-jing-623
http://www.zhihu.com/people/chen-bing-hong-73
http://www.zhihu.com/people/rina-lee-90
http://www.zhihu.com/people/xiefaner
http://www.zhihu.com/people/du-zhao-kun
http://www.zhihu.com/people/qi-rong
http://www.zhihu.com/people/tang-yiming-24
http://www.zhihu.com/people/zhu-yong-qian
http://www.zhihu.com/people/Maynie
http://www.zhihu.com/people/liang-tian-fu
http://www.zhihu.com/people/chang-hai
http://www.zhihu.com/people/he-ting-ye
http://www.zhihu.com/people/wang-jian-89-45
http://www.zhihu.com/people/qmqy
http://www.zhihu.com/people/xi-dong-xu
http://www.zhihu.com/people/xia-yang-53
http://www.zhihu.com/people/chen-chen-48-57
http://www.zhihu.com/people/zhong-di-xi
http://www.zhihu.com/people/chen-hao-92-15
http://www.zhihu.com/people/gao-yun-8
http://www.zhihu.com/people/li-fu
http://www.zhihu.com/people/hu-xing-wei-83
http://www.zhihu.com/people/mo-ya-95
http://www.zhihu.com/people/chougu
http://www.zhihu.com/people/pan-jia-qi-69
http://www.zhihu.com/people/techoxygen
http://www.zhihu.com/people/xxxwdoo
http://www.zhihu.com/people/zhang-yiliu
http://www.zhihu.com/people/hele
http://www.zhihu.com/people/orange-49
http://www.zhihu.com/people/Dominic_
http://www.zhihu.com/people/damon-9
http://www.zhihu.com/people/zhao-xue-fei
http://www.zhihu.com/people/nkccyy
http://www.zhihu.com/people/liu-chen-15
http://www.zhihu.com/people/luobo16
http://www.zhihu.com/people/feng-xi-21
http://www.zhihu.com/people/duoluoyuan
http://www.zhihu.com/people/cheng-fang-hang
http://www.zhihu.com/people/jiao-jiao-jiao-jiao
http://www.zhihu.com/people/wu-gang-1-9
http://www.zhihu.com/people/ltsingle
http://www.zhihu.com/people/tracypcg
http://www.zhihu.com/people/benwalking
http://www.zhihu.com/people/wayne-lin
http://www.zhihu.com/people/tao-ye-82
http://www.zhihu.com/people/ou-yang-27
http://www.zhihu.com/people/fishhh
http://www.zhihu.com/people/li-ha-ha-leo
http://www.zhihu.com/people/up-up-75
http://www.zhihu.com/people/qiu-zhi-ling
http://www.zhihu.com/people/cnbeining
http://www.zhihu.com/people/zhang-xian-feng
http://www.zhihu.com/people/huang-jing-yi-14
http://www.zhihu.com/people/tianpan
http://www.zhihu.com/people/id-malong
http://www.zhihu.com/people/chuangzi
http://www.zhihu.com/people/mei-mo-58
http://www.zhihu.com/people/rainyday
http://www.zhihu.com/people/allan-56
http://www.zhihu.com/people/junius_lou
http://www.zhihu.com/people/nehuo
http://www.zhihu.com/people/shi-jia-hao-54
http://www.zhihu.com/people/zhu-xuan-81
http://www.zhihu.com/people/yu-qi-long
http://www.zhihu.com/people/qmaster
http://www.zhihu.com/people/tian-jia-jia
http://www.zhihu.com/people/marvin-99
http://www.zhihu.com/people/li-shun-ping
http://www.zhihu.com/people/dtcool
http://www.zhihu.com/people/rtuhbf
http://www.zhihu.com/people/definiter
http://www.zhihu.com/people/sparrowlady
http://www.zhihu.com/people/yolanda-47
http://www.zhihu.com/people/dongziw
http://www.zhihu.com/people/zhu-jing-hui
http://www.zhihu.com/people/jian-zhu-61
http://www.zhihu.com/people/astridz
http://www.zhihu.com/people/warren-51
http://www.zhihu.com/people/liang-kang
http://www.zhihu.com/people/JiangTianZheng
http://www.zhihu.com/people/xue-wa-qia
http://www.zhihu.com/people/chuan-bu-xi
http://www.zhihu.com/people/thea
http://www.zhihu.com/people/zhangrongjie
http://www.zhihu.com/people/tu-guo-qiang
http://www.zhihu.com/people/lan-bo-71
http://www.zhihu.com/people/wang-wei-zhao
http://www.zhihu.com/people/elaine-zhang
http://www.zhihu.com/people/shen-jing-9
http://www.zhihu.com/people/jiabengg
http://www.zhihu.com/people/NormanTsan
http://www.zhihu.com/people/dreaker
http://www.zhihu.com/people/zhang-quan-yuan
http://www.zhihu.com/people/keqi
http://www.zhihu.com/people/xu-hui-22
http://www.zhihu.com/people/YY.song
http://www.zhihu.com/people/wang-jia-wei-45-85
http://www.zhihu.com/people/hu-xing-zhi
http://www.zhihu.com/people/wang-fei-24
http://www.zhihu.com/people/zhang-xi-an
http://www.zhihu.com/people/lostbenjamin
http://www.zhihu.com/people/panchito
http://www.zhihu.com/people/wei-xu-46
http://www.zhihu.com/people/yang-di-19
http://www.zhihu.com/people/liu-shu-liang
http://www.zhihu.com/people/liu-hai-bo-99-41
http://www.zhihu.com/people/THFQ
http://www.zhihu.com/people/oogoo
http://www.zhihu.com/people/cdtcai
http://www.zhihu.com/people/wang-ran-ran-28
http://www.zhihu.com/people/li-qiang-24-97
http://www.zhihu.com/people/li-hao-bo
http://www.zhihu.com/people/xu-xiong-rui
http://www.zhihu.com/people/mi-fan-bu-tiao-shi
http://www.zhihu.com/people/steven-lu-30
http://www.zhihu.com/people/chen-zong-su
http://www.zhihu.com/people/cui-de-cheng
http://www.zhihu.com/people/qiao-feng-30-28
http://www.zhihu.com/people/nexklee
http://www.zhihu.com/people/Silent_Rosie
http://www.zhihu.com/people/qing-ben-jia-ren
http://www.zhihu.com/people/alison-80
http://www.zhihu.com/people/justinli
http://www.zhihu.com/people/wang-pei-yu-20
http://www.zhihu.com/people/edison-84
http://www.zhihu.com/people/tang-zhi-75
http://www.zhihu.com/people/yxd-78
http://www.zhihu.com/people/zhu-yijie-73
http://www.zhihu.com/people/yang-hong-66
http://www.zhihu.com/people/rongfeigeng
http://www.zhihu.com/people/salleeshi
http://www.zhihu.com/people/song-nuo-ya
http://www.zhihu.com/people/undoned
http://www.zhihu.com/people/laoliumang-78
http://www.zhihu.com/people/weng-xiao-cong
http://www.zhihu.com/people/leoaeo
http://www.zhihu.com/people/cvforl
http://www.zhihu.com/people/yang-rui-21
http://www.zhihu.com/people/inclear
http://www.zhihu.com/people/shao-lin-33
http://www.zhihu.com/people/guxianbang
http://www.zhihu.com/people/ai-jing-yi
http://www.zhihu.com/people/ai-ya-xiao-qiu
http://www.zhihu.com/people/shu-hai-meng
http://www.zhihu.com/people/jammit-lee
http://www.zhihu.com/people/mu-mu-79-21
http://www.zhihu.com/people/li-mu-bai-18
http://www.zhihu.com/people/ma-zhi-zhou
http://www.zhihu.com/people/wang-zhi-lin--
http://www.zhihu.com/people/lu-yang-19
http://www.zhihu.com/people/lin-bao-47
http://www.zhihu.com/people/hai-hao
http://www.zhihu.com/people/sophievv
http://www.zhihu.com/people/zhu-chen-ge
http://www.zhihu.com/people/jing-xiao-liang
http://www.zhihu.com/people/lan-yu-chong-shui
http://www.zhihu.com/people/niuniu
http://www.zhihu.com/people/tokillthelights
http://www.zhihu.com/people/tt2012
http://www.zhihu.com/people/zhang-er-gou-15
http://www.zhihu.com/people/xia-jie-95
http://www.zhihu.com/people/fang-yu-huan-19
http://www.zhihu.com/people/li-bo-wen-46
http://www.zhihu.com/people/jeffen
http://www.zhihu.com/people/li-jia-jia-28
http://www.zhihu.com/people/zhangguoyong
http://www.zhihu.com/people/hu-zhi-cheng-75-47
http://www.zhihu.com/people/wang-rui-yang
http://www.zhihu.com/people/du-jia-yi-81
http://www.zhihu.com/people/chen-xin-hong-85
http://www.zhihu.com/people/feng-shang-yue
http://www.zhihu.com/people/tumbler-75
http://www.zhihu.com/people/fabulousqi
http://www.zhihu.com/people/wu-xu-24
http://www.zhihu.com/people/ccino-sue
http://www.zhihu.com/people/lingyan
http://www.zhihu.com/people/bian-wan-cheng
http://www.zhihu.com/people/magicying
http://www.zhihu.com/people/si-qi-stig
http://www.zhihu.com/people/ji-xiang-yu-98
http://www.zhihu.com/people/bo-lun-4
http://www.zhihu.com/people/hong-xiang-87
http://www.zhihu.com/people/bai-yan-shang-guan
http://www.zhihu.com/people/hou-xuan-42
http://www.zhihu.com/people/Dabbler
http://www.zhihu.com/people/LindsayD
http://www.zhihu.com/people/yan-xiao-ni
http://www.zhihu.com/people/xiao-zhu-you
http://www.zhihu.com/people/zhang-yue-long-85
http://www.zhihu.com/people/dong-yao
http://www.zhihu.com/people/haemoes
http://www.zhihu.com/people/san-pi-ge
http://www.zhihu.com/people/li-xiao-wen-82
http://www.zhihu.com/people/wei-qing-min
http://www.zhihu.com/people/zou-dao-kou
http://www.zhihu.com/people/lin-zhe-96
http://www.zhihu.com/people/tian-tian-tian-99
http://www.zhihu.com/people/xu-xiao-tian-93
http://www.zhihu.com/people/zhao-xin-yu-27
http://www.zhihu.com/people/ellusion
http://www.zhihu.com/people/liiihehe
http://www.zhihu.com/people/huang-wei-yun
http://www.zhihu.com/people/twozero
http://www.zhihu.com/people/yu-wen-qi
http://www.zhihu.com/people/dan-xian
http://www.zhihu.com/people/xiaoyu.tai
http://www.zhihu.com/people/liu-shi-nian
http://www.zhihu.com/people/boya-88
http://www.zhihu.com/people/googlem
http://www.zhihu.com/people/starxue
http://www.zhihu.com/people/li-yang-64-32
http://www.zhihu.com/people/LisLove
http://www.zhihu.com/people/ren-he-53
http://www.zhihu.com/people/yang-zhong-chuan
http://www.zhihu.com/people/kexin-zhou
http://www.zhihu.com/people/nie-wu-hui
http://www.zhihu.com/people/wangfangyi
http://www.zhihu.com/people/carrie-is-on
http://www.zhihu.com/people/ma-dai-dai-11
http://www.zhihu.com/people/deedeebai
http://www.zhihu.com/people/bibo
http://www.zhihu.com/people/zhouxueyan
http://www.zhihu.com/people/reneryu
http://www.zhihu.com/people/mo-bu-gu
http://www.zhihu.com/people/roguefz
http://www.zhihu.com/people/hu-wei-18
http://www.zhihu.com/people/deng-shen
http://www.zhihu.com/people/feng-hong-liang
http://www.zhihu.com/people/lian-wen-zhao
http://www.zhihu.com/people/willhall
http://www.zhihu.com/people/liu-yue-bing
http://www.zhihu.com/people/wang-ming-ming-30
http://www.zhihu.com/people/dong-shan-shan
http://www.zhihu.com/people/sonnabanana
http://www.zhihu.com/people/chen-xiao-yu-21-5
http://www.zhihu.com/people/deng-yu-yu-59
http://www.zhihu.com/people/bi-you-72
http://www.zhihu.com/people/bosschen
http://www.zhihu.com/people/su-liang-chen
http://www.zhihu.com/people/shi-rui-49
http://www.zhihu.com/people/zhao-dong-49
http://www.zhihu.com/people/lost-gordo
http://www.zhihu.com/people/zhao-jin-yuan
http://www.zhihu.com/people/chang-hong-jia
http://www.zhihu.com/people/wang-ling-shan
http://www.zhihu.com/people/linyangjames
http://www.zhihu.com/people/li-da-ding
http://www.zhihu.com/people/looli23
http://www.zhihu.com/people/er-shi-yi
http://www.zhihu.com/people/shiny-33
http://www.zhihu.com/people/li-xi-ling
http://www.zhihu.com/people/dunni
http://www.zhihu.com/people/tom-j
http://www.zhihu.com/people/poseidon-80
http://www.zhihu.com/people/li-ping-fan-39
http://www.zhihu.com/people/yuger.net
http://www.zhihu.com/people/chen-chao-9-71
http://www.zhihu.com/people/alanolory
http://www.zhihu.com/people/duan-qian-90
http://www.zhihu.com/people/BORTOF
http://www.zhihu.com/people/twph
http://www.zhihu.com/people/dannyhuang
http://www.zhihu.com/people/tintuo
http://www.zhihu.com/people/liang-yin
http://www.zhihu.com/people/yue--
http://www.zhihu.com/people/yu-san-geng
http://www.zhihu.com/people/zelin
http://www.zhihu.com/people/qiu-xiao-qi-7
http://www.zhihu.com/people/ifreedom
http://www.zhihu.com/people/fang-jin-41
http://www.zhihu.com/people/CampusTree
http://www.zhihu.com/people/zhu-xiao-wu-77
http://www.zhihu.com/people/jia-hao-85
http://www.zhihu.com/people/stig-zhang
http://www.zhihu.com/people/biGpython
http://www.zhihu.com/people/he-ji-chong
http://www.zhihu.com/people/bai-si-mo
http://www.zhihu.com/people/TrusBe
http://www.zhihu.com/people/qin-xi-4
http://www.zhihu.com/people/ai-bao-bao
http://www.zhihu.com/people/huanghuihui1991
http://www.zhihu.com/people/leelooluu
http://www.zhihu.com/people/chloe666
http://www.zhihu.com/people/ligexiao
http://www.zhihu.com/people/liang-yu-fan
http://www.zhihu.com/people/ahlex
http://www.zhihu.com/people/iamyukaiyang
http://www.zhihu.com/people/zhang-fu-wei-46
http://www.zhihu.com/people/liu-xiao-guo-94
http://www.zhihu.com/people/rockydd
http://www.zhihu.com/people/ping-zi-18
http://www.zhihu.com/people/itsokok
http://www.zhihu.com/people/san-pi-51
http://www.zhihu.com/people/superjiajiajia
http://www.zhihu.com/people/yang-tao-2013
http://www.zhihu.com/people/wang-xiao-mei-35
http://www.zhihu.com/people/fine2231
http://www.zhihu.com/people/bai-da-bai
http://www.zhihu.com/people/neeland
http://www.zhihu.com/people/owlo
http://www.zhihu.com/people/ban-ya-tu
http://www.zhihu.com/people/li-shu-chen
http://www.zhihu.com/people/wang-qi-rui-53
http://www.zhihu.com/people/yimuxia
http://www.zhihu.com/people/yaoshun
http://www.zhihu.com/people/zhuo-yu-zi
http://www.zhihu.com/people/liujianwen
http://www.zhihu.com/people/zhao-fang-60
http://www.zhihu.com/people/rainvoo
http://www.zhihu.com/people/zhouyao
http://www.zhihu.com/people/lu-jing-si
http://www.zhihu.com/people/wei-zu-tuo
http://www.zhihu.com/people/qian-gui-shen
http://www.zhihu.com/people/yangdehua
http://www.zhihu.com/people/ou-yang-hui-6
http://www.zhihu.com/people/lhx_xin
http://www.zhihu.com/people/li-ji-ming-27
http://www.zhihu.com/people/floatk
http://www.zhihu.com/people/zhao-jia-qi-38
http://www.zhihu.com/people/li-mu-qing-521
http://www.zhihu.com/people/dang-nan
http://www.zhihu.com/people/zeroyeung
http://www.zhihu.com/people/zhou-peng-92
http://www.zhihu.com/people/li-qi-yi
http://www.zhihu.com/people/jiang-fan-qi
http://www.zhihu.com/people/zhu-cheng-64
http://www.zhihu.com/people/kelly-29-63
http://www.zhihu.com/people/jacobevermore
http://www.zhihu.com/people/rzxme
http://www.zhihu.com/people/keyeb
http://www.zhihu.com/people/jiang-jiao-7
http://www.zhihu.com/people/liu-min-9-11
http://www.zhihu.com/people/yu-bo-yu
http://www.zhihu.com/people/federico
http://www.zhihu.com/people/terry-wang
http://www.zhihu.com/people/byewon
http://www.zhihu.com/people/dukeli
http://www.zhihu.com/people/fwzeng
http://www.zhihu.com/people/liu-zhen-chuan-98
http://www.zhihu.com/people/kong-de-jun
http://www.zhihu.com/people/kimyle
http://www.zhihu.com/people/li-jie-ran
http://www.zhihu.com/people/tian-wei-7
http://www.zhihu.com/people/liuyijie
http://www.zhihu.com/people/evan
http://www.zhihu.com/people/he-man-1
http://www.zhihu.com/people/xulinfeng
http://www.zhihu.com/people/winsunchen
http://www.zhihu.com/people/huanghaiyan
http://www.zhihu.com/people/yu-xing
http://www.zhihu.com/people/crystal-82
http://www.zhihu.com/people/jeanne-liu
http://www.zhihu.com/people/Alex-Woo
http://www.zhihu.com/people/wang-chan-chan-72
http://www.zhihu.com/people/he-qing-feng
http://www.zhihu.com/people/shi-liang-mu
http://www.zhihu.com/people/liang-chuan-54
http://www.zhihu.com/people/hhp0903
http://www.zhihu.com/people/teng-xian-liang
http://www.zhihu.com/people/hu-xin-chun
http://www.zhihu.com/people/zhang-ming-21-51
http://www.zhihu.com/people/zhang-cheng-yuan
http://www.zhihu.com/people/ni-shun-qing
http://www.zhihu.com/people/zahetang
http://www.zhihu.com/people/chen-jian-33-39
http://www.zhihu.com/people/li-xian-qiang
http://www.zhihu.com/people/iplawyer
http://www.zhihu.com/people/zhao-xiao-jing-20
http://www.zhihu.com/people/shuang-zhi
http://www.zhihu.com/people/toochio
http://www.zhihu.com/people/sherry-90
http://www.zhihu.com/people/huang-fei-hong-12
http://www.zhihu.com/people/kevinzoro
http://www.zhihu.com/people/baidoudou
http://www.zhihu.com/people/tooyoung
http://www.zhihu.com/people/liufugui
http://www.zhihu.com/people/du-yun-bo
http://www.zhihu.com/people/eddie-66
http://www.zhihu.com/people/detwin
http://www.zhihu.com/people/unyuchung
http://www.zhihu.com/people/yuanyue
http://www.zhihu.com/people/li-xiao-xuan-95
http://www.zhihu.com/people/sheng-yu-58
http://www.zhihu.com/people/jasonyan
http://www.zhihu.com/people/luoxr
http://www.zhihu.com/people/chengt03
http://www.zhihu.com/people/ryoko1990
http://www.zhihu.com/people/liu-xiao-ai
http://www.zhihu.com/people/xian-yu-bo
http://www.zhihu.com/people/liu-yu-han-44
http://www.zhihu.com/people/liu-shuai-65
http://www.zhihu.com/people/blackfeather
http://www.zhihu.com/people/huang-xiao-55
http://www.zhihu.com/people/artist_woods
http://www.zhihu.com/people/sun4912
http://www.zhihu.com/people/di-guan-xun
http://www.zhihu.com/people/haohaoxuexi
http://www.zhihu.com/people/li-gen-78-90
http://www.zhihu.com/people/jie-shuai-bing
http://www.zhihu.com/people/lu-bei-er
http://www.zhihu.com/people/dong-zhi-gao
http://www.zhihu.com/people/prowang
http://www.zhihu.com/people/yuanfang
http://www.zhihu.com/people/liu-chang-1
http://www.zhihu.com/people/lichzy
http://www.zhihu.com/people/florence-wu
http://www.zhihu.com/people/sheenshuay
http://www.zhihu.com/people/su-yao
http://www.zhihu.com/people/chen-rong-hui-96
http://www.zhihu.com/people/Judge
http://www.zhihu.com/people/wang-ji-85
http://www.zhihu.com/people/liu-fang-72-7
http://www.zhihu.com/people/lneoi
http://www.zhihu.com/people/zhao-ran-70
http://www.zhihu.com/people/yi-you-16
http://www.zhihu.com/people/quancheng
http://www.zhihu.com/people/yang-xiao-14
http://www.zhihu.com/people/yong-sheng
http://www.zhihu.com/people/lin-zi-chen-15
http://www.zhihu.com/people/xu-yu-xiang-74
http://www.zhihu.com/people/xia-mi-3-82
http://www.zhihu.com/people/shi-jia-ming-88
http://www.zhihu.com/people/orzzhang
http://www.zhihu.com/people/chinalinbin
http://www.zhihu.com/people/tang-wen-ling
http://www.zhihu.com/people/paradisemg
http://www.zhihu.com/people/mynameislegion
http://www.zhihu.com/people/SkyWalkerAL
http://www.zhihu.com/people/yiyibeta2
http://www.zhihu.com/people/miao-li-42
http://www.zhihu.com/people/Chowei
http://www.zhihu.com/people/hongrunj
http://www.zhihu.com/people/kang-shu-yi
http://www.zhihu.com/people/chen-1
http://www.zhihu.com/people/yshone
http://www.zhihu.com/people/xu-bai-chuan
http://www.zhihu.com/people/manymingge
http://www.zhihu.com/people/san-pi
http://www.zhihu.com/people/ihansey
http://www.zhihu.com/people/jiang-rong-11
http://www.zhihu.com/people/huang-hao-lin
http://www.zhihu.com/people/liu-yong-heng-9
http://www.zhihu.com/people/yang-yixing
http://www.zhihu.com/people/shao-chun-lin
http://www.zhihu.com/people/chen-zhi-yuan-67
http://www.zhihu.com/people/lu-sen
http://www.zhihu.com/people/shui-xiao-xian
http://www.zhihu.com/people/wang-ke-yang
http://www.zhihu.com/people/zombie
http://www.zhihu.com/people/gaoan
http://www.zhihu.com/people/xiao-lin-80
http://www.zhihu.com/people/jin-xiao-nan
http://www.zhihu.com/people/dai-dai-93
http://www.zhihu.com/people/miss-Lindt
http://www.zhihu.com/people/yumeka
http://www.zhihu.com/people/charles_chen
http://www.zhihu.com/people/hai-yang
http://www.zhihu.com/people/bo-cai-28-7
http://www.zhihu.com/people/yu-xing-en
http://www.zhihu.com/people/meng-tai
http://www.zhihu.com/people/982693
http://www.zhihu.com/people/amos
http://www.zhihu.com/people/li-fei-46
http://www.zhihu.com/people/yang-su-wen
http://www.zhihu.com/people/li-li-rong-5
http://www.zhihu.com/people/twoyuan
http://www.zhihu.com/people/EdwardDay
http://www.zhihu.com/people/clearleaf
http://www.zhihu.com/people/xingxing-76
http://www.zhihu.com/people/zhang-li-35-21
http://www.zhihu.com/people/su-bao-lin
http://www.zhihu.com/people/namiheike
http://www.zhihu.com/people/noel-84
http://www.zhihu.com/people/an-zhi-25
http://www.zhihu.com/people/song-yang-bo
http://www.zhihu.com/people/lin-chen-42
http://www.zhihu.com/people/mao-qi
http://www.zhihu.com/people/etsir
http://www.zhihu.com/people/cai-tong
http://www.zhihu.com/people/shuang-wang
http://www.zhihu.com/people/cao-meng-di
http://www.zhihu.com/people/huang-hui-94
http://www.zhihu.com/people/liu-zhen-guo
http://www.zhihu.com/people/liu-fei-21-75
http://www.zhihu.com/people/luna-knight
http://www.zhihu.com/people/qiu-ye-luo-chen
http://www.zhihu.com/people/chenghan
http://www.zhihu.com/people/wang-yi-xuan-27
http://www.zhihu.com/people/supernb
http://www.zhihu.com/people/zhe-die-yuan
http://www.zhihu.com/people/liu-jia-xin-34
http://www.zhihu.com/people/duan-qiao-ou-lu
http://www.zhihu.com/people/an0083
http://www.zhihu.com/people/i4lying
http://www.zhihu.com/people/5566
http://www.zhihu.com/people/meng-wei-89
http://www.zhihu.com/people/ran-xiao-bin
http://www.zhihu.com/people/liu-quan-chao
http://www.zhihu.com/people/xiahao
http://www.zhihu.com/people/luo-yang
http://www.zhihu.com/people/gao-da-li
http://www.zhihu.com/people/leo-15
http://www.zhihu.com/people/funcman
http://www.zhihu.com/people/ceng-di-53
http://www.zhihu.com/people/zhang-qi-84
http://www.zhihu.com/people/yin-xiao-zha
http://www.zhihu.com/people/zhang-de-rong
http://www.zhihu.com/people/wang-peng-fei
http://www.zhihu.com/people/zhang-yuan-97-63
http://www.zhihu.com/people/sacrish
http://www.zhihu.com/people/vivi-lady
http://www.zhihu.com/people/rabitv
http://www.zhihu.com/people/tinybir
http://www.zhihu.com/people/sun-chang-he
http://www.zhihu.com/people/gui-meng-yuan
http://www.zhihu.com/people/guo-chen-31-74
http://www.zhihu.com/people/cherrydcy
http://www.zhihu.com/people/liu-bo-bo
http://www.zhihu.com/people/lao-chang
http://www.zhihu.com/people/fang-hong-can
http://www.zhihu.com/people/strada
http://www.zhihu.com/people/chen-lin-nan
http://www.zhihu.com/people/yan-er-jane
http://www.zhihu.com/people/kelso
http://www.zhihu.com/people/liang-bo-wen
http://www.zhihu.com/people/yanshar
http://www.zhihu.com/people/asdzheng
http://www.zhihu.com/people/han-jian-3
http://www.zhihu.com/people/cave
http://www.zhihu.com/people/fu-jia-qi
http://www.zhihu.com/people/tang-mi-54
http://www.zhihu.com/people/wang-rong-yu-45
http://www.zhihu.com/people/chouthen
http://www.zhihu.com/people/bu-fan-47
http://www.zhihu.com/people/zhou-an
http://www.zhihu.com/people/chentuanlier
http://www.zhihu.com/people/yang-hai-77
http://www.zhihu.com/people/steveren
http://www.zhihu.com/people/yue-tian-xian
http://www.zhihu.com/people/hellofish0723
http://www.zhihu.com/people/yoyo-46-41
http://www.zhihu.com/people/vance92
http://www.zhihu.com/people/shi-nan
http://www.zhihu.com/people/briansun
http://www.zhihu.com/people/haohongda
http://www.zhihu.com/people/wan-wan-95
http://www.zhihu.com/people/yu-he-ping
http://www.zhihu.com/people/xu-shao-hua
http://www.zhihu.com/people/sun-xiao-hu-21
http://www.zhihu.com/people/yning
http://www.zhihu.com/people/vipjqy
http://www.zhihu.com/people/deng-shi-ze
http://www.zhihu.com/people/crossknight
http://www.zhihu.com/people/filod
http://www.zhihu.com/people/lyone0
http://www.zhihu.com/people/shang-xin-59
http://www.zhihu.com/people/zhu-en-81
http://www.zhihu.com/people/zheng-hao-hauson
http://www.zhihu.com/people/li-zhuang-17
http://www.zhihu.com/people/yujingyi
http://www.zhihu.com/people/qiu-xia
http://www.zhihu.com/people/smuh
http://www.zhihu.com/people/huangquanhj
http://www.zhihu.com/people/shi-zhen-xiang
http://www.zhihu.com/people/rainpalazzo
http://www.zhihu.com/people/chen-fu-zhou
http://www.zhihu.com/people/derekliu
http://www.zhihu.com/people/hydra-10
http://www.zhihu.com/people/tongjinghao
http://www.zhihu.com/people/liucundong
http://www.zhihu.com/people/tnt-94
http://www.zhihu.com/people/luther-78
http://www.zhihu.com/people/tota
http://www.zhihu.com/people/shawn-4-79
http://www.zhihu.com/people/tangjingxin
http://www.zhihu.com/people/alice-75
http://www.zhihu.com/people/he-xiao-lei-6
http://www.zhihu.com/people/zhang-fuguang
http://www.zhihu.com/people/cai-hou-yue
http://www.zhihu.com/people/seventeen
http://www.zhihu.com/people/vagrant
http://www.zhihu.com/people/zhang-wei-dong-59
http://www.zhihu.com/people/jin-xiao-guang
http://www.zhihu.com/people/ou-yang-yang-39
http://www.zhihu.com/people/renxue
http://www.zhihu.com/people/wang-xu-11-69
http://www.zhihu.com/people/huangruo
http://www.zhihu.com/people/ji-dee
http://www.zhihu.com/people/cheng-hai-bo
http://www.zhihu.com/people/wu-sheng-ming
http://www.zhihu.com/people/looking
http://www.zhihu.com/people/huang-xie-zi
http://www.zhihu.com/people/zhao-kang-95-57
http://www.zhihu.com/people/aihop
http://www.zhihu.com/people/a-kai-99
http://www.zhihu.com/people/gu-liang-76
http://www.zhihu.com/people/K7forever
http://www.zhihu.com/people/zhizhiweizhizhi
http://www.zhihu.com/people/tazx
http://www.zhihu.com/people/Yiqueen
http://www.zhihu.com/people/loke
http://www.zhihu.com/people/yescyz
http://www.zhihu.com/people/baider
http://www.zhihu.com/people/fanting
http://www.zhihu.com/people/lin-pei-xiong
http://www.zhihu.com/people/eilif
http://www.zhihu.com/people/ye-tian-ya
http://www.zhihu.com/people/liu-xiang-yu-17
http://www.zhihu.com/people/apin
http://www.zhihu.com/people/domire
http://www.zhihu.com/people/outmemory
http://www.zhihu.com/people/liu-xiao-lu-20
http://www.zhihu.com/people/rao-yu
http://www.zhihu.com/people/jeff.yao
http://www.zhihu.com/people/zhiyelee
http://www.zhihu.com/people/wang-long-88
http://www.zhihu.com/people/lai-ni
http://www.zhihu.com/people/song-yue-yuan
http://www.zhihu.com/people/ou-jing-ge
http://www.zhihu.com/people/zhang-cheng-yang
http://www.zhihu.com/people/Hiien
http://www.zhihu.com/people/mjl_zhihu
http://www.zhihu.com/people/amuro1230
http://www.zhihu.com/people/jiang-xiang-ling
http://www.zhihu.com/people/gao-lei-2
http://www.zhihu.com/people/bangkok3
http://www.zhihu.com/people/xie-yan-jia
http://www.zhihu.com/people/zhang-zhi-dong-77
http://www.zhihu.com/people/jixin
http://www.zhihu.com/people/654321
http://www.zhihu.com/people/ai-ma-wang
http://www.zhihu.com/people/xiao-ye-li-xiang
http://www.zhihu.com/people/qi-lan-shan-yu-4
http://www.zhihu.com/people/zhang-ge-84
http://www.zhihu.com/people/akirabread
http://www.zhihu.com/people/chieh
http://www.zhihu.com/people/katiie
http://www.zhihu.com/people/liu-hu-lu-76
http://www.zhihu.com/people/xiaofaye
http://www.zhihu.com/people/brucebai
http://www.zhihu.com/people/yang-min-jun
http://www.zhihu.com/people/chen-jian-98
http://www.zhihu.com/people/aka1943
http://www.zhihu.com/people/an-xiao-xi
http://www.zhihu.com/people/dingyong
http://www.zhihu.com/people/he-he-97-63
http://www.zhihu.com/people/huangchi
http://www.zhihu.com/people/liu-lin-9
http://www.zhihu.com/people/my_lch
http://www.zhihu.com/people/yu-cheng-92
http://www.zhihu.com/people/he-si-wei
http://www.zhihu.com/people/knightshady
http://www.zhihu.com/people/wang-yang-64-59
http://www.zhihu.com/people/la-rui-36
http://www.zhihu.com/people/luzern
http://www.zhihu.com/people/zhenqu
http://www.zhihu.com/people/qian-peng
http://www.zhihu.com/people/caoyangz
http://www.zhihu.com/people/wang-jian-jun1989
http://www.zhihu.com/people/williamw
http://www.zhihu.com/people/aiyohu
http://www.zhihu.com/people/xiaodaoren
http://www.zhihu.com/people/happycici
http://www.zhihu.com/people/da-chang-gan-jun
http://www.zhihu.com/people/lei-jun-57
http://www.zhihu.com/people/shenwan
http://www.zhihu.com/people/yexiaofei
http://www.zhihu.com/people/maccaleo
http://www.zhihu.com/people/ma-xiao-24
http://www.zhihu.com/people/wenqiang
http://www.zhihu.com/people/qiu-yi-xin
http://www.zhihu.com/people/mmyww
http://www.zhihu.com/people/dennis-41
http://www.zhihu.com/people/qiao-nan
http://www.zhihu.com/people/feng-yu-yao
http://www.zhihu.com/people/zengmin
http://www.zhihu.com/people/suodi
http://www.zhihu.com/people/tmkook
http://www.zhihu.com/people/ssnau
http://www.zhihu.com/people/tusiji
http://www.zhihu.com/people/chen-xin-76
http://www.zhihu.com/people/ostiary
http://www.zhihu.com/people/billhan
http://www.zhihu.com/people/Gosin
http://www.zhihu.com/people/simona
http://www.zhihu.com/people/liu-lin-24
http://www.zhihu.com/people/laura-2
http://www.zhihu.com/people/zhou-yi-jia
http://www.zhihu.com/people/chenyifan
http://www.zhihu.com/people/sunxiaoshuai
http://www.zhihu.com/people/chai-pi-ma
http://www.zhihu.com/people/chenran
http://www.zhihu.com/people/wu-xiao-sheng
http://www.zhihu.com/people/ZhangYifei2012
http://www.zhihu.com/people/hong-yi
http://www.zhihu.com/people/shallwego
http://www.zhihu.com/people/fu-er
http://www.zhihu.com/people/mou-jun-feng
http://www.zhihu.com/people/dewsong
http://www.zhihu.com/people/icebeta
http://www.zhihu.com/people/zthinking
http://www.zhihu.com/people/xie-lin-jun-35
http://www.zhihu.com/people/lijigang.com
http://www.zhihu.com/people/di-di-qi
http://www.zhihu.com/people/cody-16
http://www.zhihu.com/people/verloth
http://www.zhihu.com/people/guo-jia-9
http://www.zhihu.com/people/wsph123
http://www.zhihu.com/people/CodeMonkey
http://www.zhihu.com/people/caizhenghai
http://www.zhihu.com/people/ifree0
http://www.zhihu.com/people/qian-li-72
http://www.zhihu.com/people/zhangbin
http://www.zhihu.com/people/tomsheep
http://www.zhihu.com/people/xi-yun-49
http://www.zhihu.com/people/jin-bing-wen
http://www.zhihu.com/people/liu-tang-fa
http://www.zhihu.com/people/lihewushang
http://www.zhihu.com/people/zhu-shi-yi
http://www.zhihu.com/people/wang-ya-ru
http://www.zhihu.com/people/feng-jian-ren
http://www.zhihu.com/people/newle
http://www.zhihu.com/people/dongyewang
http://www.zhihu.com/people/guo-da-lu-13
http://www.zhihu.com/people/wangxing-24
http://www.zhihu.com/people/rilakkimura
http://www.zhihu.com/people/Lambo
http://www.zhihu.com/people/75041197
http://www.zhihu.com/people/wang-huan-43
http://www.zhihu.com/people/shenbin
http://www.zhihu.com/people/lakujira
http://www.zhihu.com/people/westlinn
http://www.zhihu.com/people/cao-yu-76
http://www.zhihu.com/people/clockworkpotato
http://www.zhihu.com/people/li-nai-xu
http://www.zhihu.com/people/xbin999
http://www.zhihu.com/people/cranks
http://www.zhihu.com/people/ziiic
http://www.zhihu.com/people/xie-zhao-yuan-28
http://www.zhihu.com/people/Novamix
http://www.zhihu.com/people/yu-ming-gu-wen-chen-tao
http://www.zhihu.com/people/KrisLiu
http://www.zhihu.com/people/peng-xin-xin
http://www.zhihu.com/people/sun-en-xi
http://www.zhihu.com/people/zhangyinhan
http://www.zhihu.com/people/li-long-bai-88
http://www.zhihu.com/people/demi
http://www.zhihu.com/people/hotspring
http://www.zhihu.com/people/a-zhan
http://www.zhihu.com/people/zhao-shui
http://www.zhihu.com/people/sentimental_animal
http://www.zhihu.com/people/rui670
http://www.zhihu.com/people/avatarye
http://www.zhihu.com/people/zhihu_lxl
http://www.zhihu.com/people/weakdancer
http://www.zhihu.com/people/li-da-shan
http://www.zhihu.com/people/song-li-58
http://www.zhihu.com/people/chen-zhe-53
http://www.zhihu.com/people/lifeiscampus
http://www.zhihu.com/people/endlessturelove
http://www.zhihu.com/people/lahm-he
http://www.zhihu.com/people/yu-wei-lin
http://www.zhihu.com/people/inaxu
http://www.zhihu.com/people/zhu-ji-han
http://www.zhihu.com/people/fan-cheng-da
http://www.zhihu.com/people/xia-chong-23
http://www.zhihu.com/people/wangyunagato
http://www.zhihu.com/people/zhui-meng-nan-er
http://www.zhihu.com/people/annedy
http://www.zhihu.com/people/viking-76
http://www.zhihu.com/people/july-89
http://www.zhihu.com/people/fu-ru-san
http://www.zhihu.com/people/ju-zi-xiang-shui
http://www.zhihu.com/people/wang-yao-2
http://www.zhihu.com/people/wu-wei-80-7
http://www.zhihu.com/people/shifa
http://www.zhihu.com/people/wang-guan-xi
http://www.zhihu.com/people/zhang-xu-86-29
http://www.zhihu.com/people/hitjuly
http://www.zhihu.com/people/tang-chao-27
http://www.zhihu.com/people/hulihao
http://www.zhihu.com/people/bai-xiao-rong
http://www.zhihu.com/people/yang-cong-quan-man-tou
http://www.zhihu.com/people/sotime
http://www.zhihu.com/people/netsos
http://www.zhihu.com/people/liu-shuo-78
http://www.zhihu.com/people/njulifeng
http://www.zhihu.com/people/magie
http://www.zhihu.com/people/sun-zhu-wei
http://www.zhihu.com/people/JamesHsia
http://www.zhihu.com/people/puyun
http://www.zhihu.com/people/yanghaoleng
http://www.zhihu.com/people/zaiyiqi
http://www.zhihu.com/people/sosoloveslife
http://www.zhihu.com/people/cklover
http://www.zhihu.com/people/wangzunyang
http://www.zhihu.com/people/zhu-jun-qiang
http://www.zhihu.com/people/kimbiu-wong
http://www.zhihu.com/people/medicimedici
http://www.zhihu.com/people/nxbtch
http://www.zhihu.com/people/cobe
http://www.zhihu.com/people/zheng-yi-61
http://www.zhihu.com/people/li-chen-tu
http://www.zhihu.com/people/littlesoda
http://www.zhihu.com/people/jianghan
http://www.zhihu.com/people/daguo
http://www.zhihu.com/people/yin-hao
http://www.zhihu.com/people/yang-tao-40
http://www.zhihu.com/people/princeray
http://www.zhihu.com/people/yu-ya-jing
http://www.zhihu.com/people/leonpak
http://www.zhihu.com/people/zyc2599
http://www.zhihu.com/people/guxizhao
http://www.zhihu.com/people/bitrat
http://www.zhihu.com/people/seule
http://www.zhihu.com/people/ikeng
