http://www.zhihu.com/people/VDiana21
http://www.zhihu.com/people/fantasy-45
http://www.zhihu.com/people/bi-hua-shao-nian-82
http://www.zhihu.com/people/yeky
http://www.zhihu.com/people/long-si
http://www.zhihu.com/people/zhang-bei-li-er
http://www.zhihu.com/people/liu-xiang-78-83
http://www.zhihu.com/people/xie-xi-22
http://www.zhihu.com/people/shevchenko-57
http://www.zhihu.com/people/ling-xi-57
http://www.zhihu.com/people/wu-sheng-94-99
http://www.zhihu.com/people/chen-tian-biao
http://www.zhihu.com/people/terryyang
http://www.zhihu.com/people/insofe
http://www.zhihu.com/people/zheng-hu-li
http://www.zhihu.com/people/lee-jj
http://www.zhihu.com/people/rose-61
http://www.zhihu.com/people/zhao-xing-sheng-17
http://www.zhihu.com/people/xiao-lie-tuo-fu-si-ji
http://www.zhihu.com/people/hmzhou
http://www.zhihu.com/people/richard.g
http://www.zhihu.com/people/jinxi
http://www.zhihu.com/people/lu-shuang-1993
http://www.zhihu.com/people/hamg
http://www.zhihu.com/people/yu-yuan-18
http://www.zhihu.com/people/ye-mu-zhen
http://www.zhihu.com/people/tony-jang
http://www.zhihu.com/people/li-ding-guo-33
http://www.zhihu.com/people/qi-wen-feng
http://www.zhihu.com/people/jin-yi-88
http://www.zhihu.com/people/wang-bo-jie
http://www.zhihu.com/people/chen-jun-yu-37
http://www.zhihu.com/people/heaven_000
http://www.zhihu.com/people/vagrant
http://www.zhihu.com/people/more-live
http://www.zhihu.com/people/tun-tan
http://www.zhihu.com/people/li-wei-46-72
http://www.zhihu.com/people/Knightvip
http://www.zhihu.com/people/peoplegxs
http://www.zhihu.com/people/xi-zao-18
http://www.zhihu.com/people/zheng-lei-59
http://www.zhihu.com/people/wa-xi-li
http://www.zhihu.com/people/liu-guo-qiang-12
http://www.zhihu.com/people/choumoo
http://www.zhihu.com/people/wang-wei-49-53
http://www.zhihu.com/people/namedgod
http://www.zhihu.com/people/betteroff
http://www.zhihu.com/people/feng-shao-xiong
http://www.zhihu.com/people/ma-que-10
http://www.zhihu.com/people/zhang-qian-98-79
http://www.zhihu.com/people/hysic
http://www.zhihu.com/people/huang-lei-83
http://www.zhihu.com/people/wang-ming-xin-42-57
http://www.zhihu.com/people/shi-bo-qing
http://www.zhihu.com/people/mu-mu-34-44
http://www.zhihu.com/people/leeys
http://www.zhihu.com/people/li-da-li-58
http://www.zhihu.com/people/sanool
http://www.zhihu.com/people/yabaobao-ma
http://www.zhihu.com/people/callmeeric
http://www.zhihu.com/people/cheng-li-12
http://www.zhihu.com/people/marshall-34
http://www.zhihu.com/people/gong-li-7
http://www.zhihu.com/people/xiao-fei-25
http://www.zhihu.com/people/yang-yong-54-36
http://www.zhihu.com/people/darcyq
http://www.zhihu.com/people/oleg-vodnik
http://www.zhihu.com/people/younge-11
http://www.zhihu.com/people/weiyaopeng
http://www.zhihu.com/people/aaaasfsfsf
http://www.zhihu.com/people/zhang-zi-zhe
http://www.zhihu.com/people/zhu-ge-chen-yi
http://www.zhihu.com/people/da-fa-ge
http://www.zhihu.com/people/Olixia
http://www.zhihu.com/people/li-qin-51
http://www.zhihu.com/people/xia-yu-tian-3-49
http://www.zhihu.com/people/zhao-zhu-mou
http://www.zhihu.com/people/jin-cheng-tan
http://www.zhihu.com/people/gao-gao-72
http://www.zhihu.com/people/xiao-chu
http://www.zhihu.com/people/alex-68
http://www.zhihu.com/people/da-van
http://www.zhihu.com/people/alpha-wtf
http://www.zhihu.com/people/jing-wei-21-13
http://www.zhihu.com/people/nie-ying-26
http://www.zhihu.com/people/zhang-chang-darcy
http://www.zhihu.com/people/ruan-jian-xiang
http://www.zhihu.com/people/tony-lee-10
http://www.zhihu.com/people/yu-lin-ling-55
http://www.zhihu.com/people/li-dai-hui
http://www.zhihu.com/people/toto-23
http://www.zhihu.com/people/richardliu
http://www.zhihu.com/people/dong-dizzy
http://www.zhihu.com/people/chamouren
http://www.zhihu.com/people/esalive
http://www.zhihu.com/people/apollochow
http://www.zhihu.com/people/zheng-zao-li
http://www.zhihu.com/people/penson
http://www.zhihu.com/people/lin-wang-wei
http://www.zhihu.com/people/junjie1210
http://www.zhihu.com/people/yang-cong-quan-man-tou
http://www.zhihu.com/people/peng-mu-91
http://www.zhihu.com/people/viphuo
http://www.zhihu.com/people/vicareicaros
http://www.zhihu.com/people/he-le-yi
http://www.zhihu.com/people/wu-hao-41-56
http://www.zhihu.com/people/li-xu-yi
http://www.zhihu.com/people/ada-wang-24
http://www.zhihu.com/people/ray-who-72
http://www.zhihu.com/people/zhangqianxiyu
http://www.zhihu.com/people/vivealex
http://www.zhihu.com/people/wolf_wu
http://www.zhihu.com/people/gao-ruo-yan-50
http://www.zhihu.com/people/yeneu
http://www.zhihu.com/people/zixiaxianzi
http://www.zhihu.com/people/deng-han-lu-32
http://www.zhihu.com/people/zcsaiyuki
http://www.zhihu.com/people/yan-xin-qi
http://www.zhihu.com/people/liu-zhe-44
http://www.zhihu.com/people/rbbcarl
http://www.zhihu.com/people/wu-you-59-4
http://www.zhihu.com/people/ji-ye-38
http://www.zhihu.com/people/haochen-liu-39
http://www.zhihu.com/people/hangfeilin
http://www.zhihu.com/people/stanleysong
http://www.zhihu.com/people/ting-jiang-99
http://www.zhihu.com/people/yang-yi-70-69
http://www.zhihu.com/people/stina-tsu
http://www.zhihu.com/people/poechant
http://www.zhihu.com/people/yang-tian-ze-95
http://www.zhihu.com/people/ca-ca-20
http://www.zhihu.com/people/zou-shang-you
http://www.zhihu.com/people/jerry-lu-6
http://www.zhihu.com/people/lucybin
http://www.zhihu.com/people/shi-guang-yuan-51
http://www.zhihu.com/people/xu-si-wei
http://www.zhihu.com/people/chen-wen-qin
http://www.zhihu.com/people/mao-bin-18
http://www.zhihu.com/people/han-xiao-yun-46
http://www.zhihu.com/people/orangetime
http://www.zhihu.com/people/yu-jie-91-90
http://www.zhihu.com/people/sophie-sophie-74
http://www.zhihu.com/people/bonze
http://www.zhihu.com/people/tu-dou-si-18
http://www.zhihu.com/people/maggie-xu
http://www.zhihu.com/people/grover201
http://www.zhihu.com/people/li-aaron
http://www.zhihu.com/people/qie-ge
http://www.zhihu.com/people/zhougan
http://www.zhihu.com/people/wen-li-69
http://www.zhihu.com/people/li-jian-hao-26
http://www.zhihu.com/people/liang-yu-fan
http://www.zhihu.com/people/zhang-nicolas
http://www.zhihu.com/people/wu-yun-peng-45
http://www.zhihu.com/people/yu-si-er-66
http://www.zhihu.com/people/mu-qing-73-75
http://www.zhihu.com/people/atzhihu
http://www.zhihu.com/people/retsnom
http://www.zhihu.com/people/shawnwu007
http://www.zhihu.com/people/belial1089
http://www.zhihu.com/people/davi-d
http://www.zhihu.com/people/guo-sheng-yu
http://www.zhihu.com/people/xiang-yang-86
http://www.zhihu.com/people/paradisor
http://www.zhihu.com/people/suiyierfei
http://www.zhihu.com/people/helen_n
http://www.zhihu.com/people/du-hao-70
http://www.zhihu.com/people/fiasco
http://www.zhihu.com/people/xie-yi-feng-87
http://www.zhihu.com/people/liu-yuan-yuan-12-81
http://www.zhihu.com/people/yin-hu-22
http://www.zhihu.com/people/montager
http://www.zhihu.com/people/jin-jin-95
http://www.zhihu.com/people/chen-da-ke-81
http://www.zhihu.com/people/xia-huan-11
http://www.zhihu.com/people/winnie-47-96
http://www.zhihu.com/people/fu-wen-pei
http://www.zhihu.com/people/fu-jun-73
http://www.zhihu.com/people/watchalife
http://www.zhihu.com/people/zhidao.bu
http://www.zhihu.com/people/mu-tian-80
http://www.zhihu.com/people/meiyouzhuya
http://www.zhihu.com/people/zhang-hu-66-1
http://www.zhihu.com/people/lin-bi-mgal
http://www.zhihu.com/people/zehua
http://www.zhihu.com/people/chen-hua-liang
http://www.zhihu.com/people/ranhou
http://www.zhihu.com/people/huang-ming-liang
http://www.zhihu.com/people/tony.wong.hk
http://www.zhihu.com/people/guan-yi-89
http://www.zhihu.com/people/Yang-Kwong
http://www.zhihu.com/people/aspirine-52
http://www.zhihu.com/people/ma-long-7
http://www.zhihu.com/people/henryxyy
http://www.zhihu.com/people/chen-wei-bin-40
http://www.zhihu.com/people/miao-si-ji
http://www.zhihu.com/people/lan-ni-26
http://www.zhihu.com/people/cai-zi-ya
http://www.zhihu.com/people/ge-peng-cheng-97
http://www.zhihu.com/people/shark-lee-95
http://www.zhihu.com/people/di-xiao-bin
http://www.zhihu.com/people/ckdream
http://www.zhihu.com/people/cloudong
http://www.zhihu.com/people/cao-xing-zhi
http://www.zhihu.com/people/jiang-feng-yu-huo-dui-chou-mian
http://www.zhihu.com/people/jeremylei
http://www.zhihu.com/people/alex-68-30
http://www.zhihu.com/people/mu-zi-nan
http://www.zhihu.com/people/shawnju
http://www.zhihu.com/people/VegasWang
http://www.zhihu.com/people/rivila
http://www.zhihu.com/people/george-giuseppe
http://www.zhihu.com/people/wihoho
http://www.zhihu.com/people/jia-ke-wei
http://www.zhihu.com/people/eric-5
http://www.zhihu.com/people/cai-xiao-gao
http://www.zhihu.com/people/mrkoo-40
http://www.zhihu.com/people/zheng-nai-gong
http://www.zhihu.com/people/wang-hao-70-66
http://www.zhihu.com/people/rcing
http://www.zhihu.com/people/keren-0117
http://www.zhihu.com/people/sophie-c
http://www.zhihu.com/people/yu.liang
http://www.zhihu.com/people/zhao-chen-73-77
http://www.zhihu.com/people/fangwz
http://www.zhihu.com/people/v3hehe
http://www.zhihu.com/people/huang-xi-yang
http://www.zhihu.com/people/a-chu-13
http://www.zhihu.com/people/yang-yu-yi
http://www.zhihu.com/people/yuwen-xiong
http://www.zhihu.com/people/laofish
http://www.zhihu.com/people/byring
http://www.zhihu.com/people/subdragon
http://www.zhihu.com/people/Zita
http://www.zhihu.com/people/joseph-yuan
http://www.zhihu.com/people/lin-san-mu
http://www.zhihu.com/people/jonson-fang
http://www.zhihu.com/people/chen-zhi-bo-41
http://www.zhihu.com/people/shilh
http://www.zhihu.com/people/wei-zhao-yang-59
http://www.zhihu.com/people/zheng-da-qian-30
http://www.zhihu.com/people/xu-meng-wang
http://www.zhihu.com/people/ai-lue-te-72
http://www.zhihu.com/people/liu-bai-lu-16
http://www.zhihu.com/people/cheng-zhong-you
http://www.zhihu.com/people/daniel-chian
http://www.zhihu.com/people/xiaojie668329
http://www.zhihu.com/people/mandymandy-wang
http://www.zhihu.com/people/zhao-wen-zhe-69
http://www.zhihu.com/people/ling-long
http://www.zhihu.com/people/fan-jia-rui
http://www.zhihu.com/people/lrxzxx
http://www.zhihu.com/people/yang-mi-34
http://www.zhihu.com/people/veann
http://www.zhihu.com/people/yi-zhou-1
http://www.zhihu.com/people/ann-chan-91
http://www.zhihu.com/people/li-hong-72
http://www.zhihu.com/people/shu-yan-73
http://www.zhihu.com/people/wen-min-zhe
http://www.zhihu.com/people/xu-hui-25
http://www.zhihu.com/people/cheng-fang-hang
http://www.zhihu.com/people/bluedy
http://www.zhihu.com/people/bai-ban
http://www.zhihu.com/people/zhang-chao-81-24
http://www.zhihu.com/people/zhao-wu-de
http://www.zhihu.com/people/xi-wen-yuan
http://www.zhihu.com/people/Hitman-in-silence
http://www.zhihu.com/people/wu-___-fu
http://www.zhihu.com/people/wei-hua-69
http://www.zhihu.com/people/jia-ming-65
http://www.zhihu.com/people/chen-xin-76
http://www.zhihu.com/people/wang-hong-ying-27
http://www.zhihu.com/people/pontus
http://www.zhihu.com/people/el-bulli
http://www.zhihu.com/people/moheng-esther
http://www.zhihu.com/people/hou-ye-60
http://www.zhihu.com/people/zhuang-zhe-83
http://www.zhihu.com/people/chan-31
http://www.zhihu.com/people/wei-ran-leo
http://www.zhihu.com/people/sui-xiang
http://www.zhihu.com/people/lei-jie-xi
http://www.zhihu.com/people/wang-mu-tou
http://www.zhihu.com/people/tang-hao-65-41
http://www.zhihu.com/people/chen-da-shu-91
http://www.zhihu.com/people/cao-lin-nuo
http://www.zhihu.com/people/qin-yue-35
http://www.zhihu.com/people/raoquancheng
http://www.zhihu.com/people/luo-ji-23
http://www.zhihu.com/people/li-pei-ran-52
http://www.zhihu.com/people/Eric_Guo
http://www.zhihu.com/people/yangkee-zhang
http://www.zhihu.com/people/mapwyj
http://www.zhihu.com/people/tsau.liu
http://www.zhihu.com/people/Stella99
http://www.zhihu.com/people/liu-ying-heng
http://www.zhihu.com/people/huang-ting-jiao
http://www.zhihu.com/people/12turbo
http://www.zhihu.com/people/cheng-wei-jie-66
http://www.zhihu.com/people/hu-song-59
http://www.zhihu.com/people/zhao-jia-ming-22
http://www.zhihu.com/people/jesssunny
http://www.zhihu.com/people/han-de-sheng
http://www.zhihu.com/people/mzehuang
http://www.zhihu.com/people/zhang-lei-83-53
http://www.zhihu.com/people/ganymede-48
http://www.zhihu.com/people/jarviscai
http://www.zhihu.com/people/liang-kai-zhe-huo-49
http://www.zhihu.com/people/gao-zheng-11
http://www.zhihu.com/people/shen-meng
http://www.zhihu.com/people/zhu-xu-dong-82
http://www.zhihu.com/people/yang-gui-gui-21
http://www.zhihu.com/people/huang-jing-song
http://www.zhihu.com/people/chenqi56
http://www.zhihu.com/people/tc-liang-66
http://www.zhihu.com/people/blueray0611
http://www.zhihu.com/people/declan-hao
http://www.zhihu.com/people/he-jian-57
http://www.zhihu.com/people/zhan-qi-61-39
http://www.zhihu.com/people/zengmin
http://www.zhihu.com/people/zhao-jin-yuan
http://www.zhihu.com/people/pristina-mei
http://www.zhihu.com/people/he-tang
http://www.zhihu.com/people/zi-mo-qi
http://www.zhihu.com/people/tang-jing-yu-24
http://www.zhihu.com/people/ma-da-da-ming
http://www.zhihu.com/people/654321
http://www.zhihu.com/people/mythdong
http://www.zhihu.com/people/dan-feng-29
http://www.zhihu.com/people/ho-henry
http://www.zhihu.com/people/du-zhan-bin
http://www.zhihu.com/people/just-zhe
http://www.zhihu.com/people/feng-chen-98
http://www.zhihu.com/people/chen-xiao-gan-62
http://www.zhihu.com/people/wang-ya-bing
http://www.zhihu.com/people/li-yao-yao-3-33
http://www.zhihu.com/people/xu-ze-36-93
http://www.zhihu.com/people/wu-zi-da
http://www.zhihu.com/people/huang-hong-zhi
http://www.zhihu.com/people/kequan
http://www.zhihu.com/people/meng-shuang-paula
http://www.zhihu.com/people/zhongzhuqiang
http://www.zhihu.com/people/maphycs
http://www.zhihu.com/people/yanyuan
http://www.zhihu.com/people/fh200
http://www.zhihu.com/people/gaohan
http://www.zhihu.com/people/naomi-n
http://www.zhihu.com/people/jiushouniao
http://www.zhihu.com/people/jun-hu-97
http://www.zhihu.com/people/Kaavield
http://www.zhihu.com/people/wonderhao
http://www.zhihu.com/people/chen-yong-hui-1
http://www.zhihu.com/people/6162icy
http://www.zhihu.com/people/bw13
http://www.zhihu.com/people/chen-yihui
http://www.zhihu.com/people/ruan-bei-qia
http://www.zhihu.com/people/mu-he
http://www.zhihu.com/people/hfitp
http://www.zhihu.com/people/kimfly
http://www.zhihu.com/people/zhang-yuan-41-66
http://www.zhihu.com/people/he-chang-89
http://www.zhihu.com/people/kennykung
http://www.zhihu.com/people/sojournnyc
http://www.zhihu.com/people/kssaaa
http://www.zhihu.com/people/littlegiftxlw
http://www.zhihu.com/people/xie-fan-25
http://www.zhihu.com/people/yang-lei-86
http://www.zhihu.com/people/ritaqu
http://www.zhihu.com/people/davidcharge
http://www.zhihu.com/people/weizhi.pan
http://www.zhihu.com/people/peng-shuang-yu-71
http://www.zhihu.com/people/kairen
http://www.zhihu.com/people/bang-xiao-hao
http://www.zhihu.com/people/huang-yao-peng
http://www.zhihu.com/people/carlzai
http://www.zhihu.com/people/VasBrandon
http://www.zhihu.com/people/guohuanhuan
http://www.zhihu.com/people/linyxy
http://www.zhihu.com/people/warren-6
http://www.zhihu.com/people/liu-ya-kun-1
http://www.zhihu.com/people/gao-yu-zhong
http://www.zhihu.com/people/allen-wang-13
http://www.zhihu.com/people/c166
http://www.zhihu.com/people/lijincheng
http://www.zhihu.com/people/hun-en-en-96
http://www.zhihu.com/people/yi-weng-18
http://www.zhihu.com/people/e1ement
http://www.zhihu.com/people/erikzhang
http://www.zhihu.com/people/wang-shi-guan
http://www.zhihu.com/people/li-ju-ge
http://www.zhihu.com/people/vincate
http://www.zhihu.com/people/raystartup
http://www.zhihu.com/people/socici
http://www.zhihu.com/people/pennlio-li
http://www.zhihu.com/people/yang-zuo-zhi
http://www.zhihu.com/people/nadia-32
http://www.zhihu.com/people/hou-xue-cun
http://www.zhihu.com/people/petercai
http://www.zhihu.com/people/hengzhi
http://www.zhihu.com/people/zhang-tian-cheng-55
http://www.zhihu.com/people/tan-tou-tan-nao-57
http://www.zhihu.com/people/pe-sha
http://www.zhihu.com/people/dai-bin-82
http://www.zhihu.com/people/su-yihang
http://www.zhihu.com/people/gu-yue-kun
http://www.zhihu.com/people/huang-di-85
http://www.zhihu.com/people/chingsang
http://www.zhihu.com/people/andrew-16-88
http://www.zhihu.com/people/h_p_winston
http://www.zhihu.com/people/flowolf
http://www.zhihu.com/people/lio-snow
http://www.zhihu.com/people/zhouyufeng
http://www.zhihu.com/people/shan-shan-98-28
http://www.zhihu.com/people/yang-jing-ru-20
http://www.zhihu.com/people/zhang-tang-89
http://www.zhihu.com/people/xiao-en-15
http://www.zhihu.com/people/StudentofRiemann
http://www.zhihu.com/people/liu-pei-26
http://www.zhihu.com/people/yin-ming-38
http://www.zhihu.com/people/li-rui-qi-96
http://www.zhihu.com/people/chen-mize
http://www.zhihu.com/people/GilgameshK
http://www.zhihu.com/people/wang-hao-yuan-44
http://www.zhihu.com/people/lin-zhao-wen-83
http://www.zhihu.com/people/cody-16
http://www.zhihu.com/people/long-qun-bi-kong
http://www.zhihu.com/people/hint
http://www.zhihu.com/people/li-ao-wen
http://www.zhihu.com/people/danblue
http://www.zhihu.com/people/yang-yang-69-37
http://www.zhihu.com/people/aoaoao
http://www.zhihu.com/people/chu-pei-rui
http://www.zhihu.com/people/pinkatropine
http://www.zhihu.com/people/zhi-fou-21
http://www.zhihu.com/people/zhang-yan-lei-69
http://www.zhihu.com/people/wei-li-gan
http://www.zhihu.com/people/you-ren
http://www.zhihu.com/people/Changmingwei
http://www.zhihu.com/people/situchuifeng
http://www.zhihu.com/people/jixin
http://www.zhihu.com/people/herolifan
http://www.zhihu.com/people/shen-jq
