http://www.zhihu.com/people/lunmico
http://www.zhihu.com/people/yin-ya-96
http://www.zhihu.com/people/li-meng-86-26
http://www.zhihu.com/people/xiong-mao-jiu-jia
http://www.zhihu.com/people/yu-ha-ha-46
http://www.zhihu.com/people/wufan-414
http://www.zhihu.com/people/chibole
http://www.zhihu.com/people/wen-kun-guo
http://www.zhihu.com/people/qing-ting-fly
http://www.zhihu.com/people/pang-luan-luan
http://www.zhihu.com/people/lu-rui-ming-2
http://www.zhihu.com/people/feng-hao-84
http://www.zhihu.com/people/jinxi
http://www.zhihu.com/people/feng-kao-pu
http://www.zhihu.com/people/tingting-59
http://www.zhihu.com/people/wang-fa-71
http://www.zhihu.com/people/zhang-chi-47-87
http://www.zhihu.com/people/li-yi-44
http://www.zhihu.com/people/HughClark
http://www.zhihu.com/people/yi-sen-8
http://www.zhihu.com/people/lu-shuang-1993
http://www.zhihu.com/people/xia-xiao-5-13
http://www.zhihu.com/people/nicai-sui
http://www.zhihu.com/people/chen-yan-ru-55
http://www.zhihu.com/people/xujinyu
http://www.zhihu.com/people/jade-22
http://www.zhihu.com/people/chen-mu-ge-86
http://www.zhihu.com/people/choumoo
http://www.zhihu.com/people/shawnwu007
http://www.zhihu.com/people/zhao-lu-yue
http://www.zhihu.com/people/fen-yu-ling-er
http://www.zhihu.com/people/ying-wang-hua
http://www.zhihu.com/people/dong-chao-19
http://www.zhihu.com/people/xu-ze-36-93
http://www.zhihu.com/people/kellod
http://www.zhihu.com/people/t-kwan
http://www.zhihu.com/people/li-xing-4
http://www.zhihu.com/people/ys-zheng-28
http://www.zhihu.com/people/zhao-jun-46
http://www.zhihu.com/people/cai-jin-cheng
http://www.zhihu.com/people/li-zhu-jin-81
http://www.zhihu.com/people/chen-dave
http://www.zhihu.com/people/zi-long-16
http://www.zhihu.com/people/huang-zhu-jing
http://www.zhihu.com/people/leeelie-woo
http://www.zhihu.com/people/su-yihang
http://www.zhihu.com/people/marshall-34
http://www.zhihu.com/people/tsau.liu
http://www.zhihu.com/people/chu-pei-rui
http://www.zhihu.com/people/artiecheung
http://www.zhihu.com/people/meng-yu-xian
http://www.zhihu.com/people/neil-35-70
http://www.zhihu.com/people/hu-yibing-83
http://www.zhihu.com/people/mu-yu-72
http://www.zhihu.com/people/angela-qong
http://www.zhihu.com/people/luo-ding-9
http://www.zhihu.com/people/suckitup
http://www.zhihu.com/people/zhang-yi-feng-19
http://www.zhihu.com/people/bocher
http://www.zhihu.com/people/siouxsie
http://www.zhihu.com/people/wangxiaowang
http://www.zhihu.com/people/shi-zheng-59
http://www.zhihu.com/people/sunlilac
http://www.zhihu.com/people/ting-liu-55
http://www.zhihu.com/people/lin-de-fu
http://www.zhihu.com/people/li-ping-fan-39
http://www.zhihu.com/people/wang-zhe-4
http://www.zhihu.com/people/chengzi_2013
http://www.zhihu.com/people/CNOoo
http://www.zhihu.com/people/tobyzhong
http://www.zhihu.com/people/mao-shi-lin-65
http://www.zhihu.com/people/wang-yimian
http://www.zhihu.com/people/TOP_SECRET
http://www.zhihu.com/people/li-xin-29-64
http://www.zhihu.com/people/yuan-chun-59
http://www.zhihu.com/people/sara2993
http://www.zhihu.com/people/knowyourself
http://www.zhihu.com/people/reknave
http://www.zhihu.com/people/ji-yuan-36
http://www.zhihu.com/people/wang-ming-35-97
http://www.zhihu.com/people/gao-gao-72
http://www.zhihu.com/people/inkelz7
http://www.zhihu.com/people/bluer-mr
http://www.zhihu.com/people/xie-ling-45
http://www.zhihu.com/people/zhang-xi-an
http://www.zhihu.com/people/xia-mo-46
http://www.zhihu.com/people/li-tripp
http://www.zhihu.com/people/heaven_000
http://www.zhihu.com/people/xing-huo-huo
http://www.zhihu.com/people/hou-ye-60
http://www.zhihu.com/people/zhu-hai-76
http://www.zhihu.com/people/zhang-cong-he-27
http://www.zhihu.com/people/nopeopele
http://www.zhihu.com/people/cui-xiao-er
http://www.zhihu.com/people/chen-san-dao
http://www.zhihu.com/people/jerry-cen
http://www.zhihu.com/people/li-sleepyn
http://www.zhihu.com/people/abeljiang
http://www.zhihu.com/people/hitnoah
http://www.zhihu.com/people/joshua-96
http://www.zhihu.com/people/dd88
http://www.zhihu.com/people/ming-yu-qi
http://www.zhihu.com/people/tangYY
http://www.zhihu.com/people/wang-king-80
http://www.zhihu.com/people/xiang-hui-95
http://www.zhihu.com/people/xiaoxieq
http://www.zhihu.com/people/woundman
http://www.zhihu.com/people/leslie-31
http://www.zhihu.com/people/killuaquoll
http://www.zhihu.com/people/taoweiqian
http://www.zhihu.com/people/daniel-greaton
http://www.zhihu.com/people/wang-wen-han-Ted
http://www.zhihu.com/people/pan-lan-qiang
http://www.zhihu.com/people/xiaominzoo
http://www.zhihu.com/people/yue-yi-he
http://www.zhihu.com/people/cp1022
http://www.zhihu.com/people/zhou-zhi-min-87
http://www.zhihu.com/people/xiao-chu
http://www.zhihu.com/people/wujinzhi
http://www.zhihu.com/people/tan-xiao-yan-2
http://www.zhihu.com/people/sun-lu-83
http://www.zhihu.com/people/wang-ling-26
http://www.zhihu.com/people/xie-wan-na
http://www.zhihu.com/people/Yuzhen--Wong--21
http://www.zhihu.com/people/chen-he-65
http://www.zhihu.com/people/hua-baby
http://www.zhihu.com/people/wu-wei-76-79
http://www.zhihu.com/people/jason-mei
http://www.zhihu.com/people/lrxzxx
http://www.zhihu.com/people/fairlee
http://www.zhihu.com/people/fang-rui-ying
http://www.zhihu.com/people/wang-chao-35-39
http://www.zhihu.com/people/ni-mo-de-ye-ge
http://www.zhihu.com/people/shui-cheng-ming
http://www.zhihu.com/people/promise-zhang
http://www.zhihu.com/people/lao-bai-79
http://www.zhihu.com/people/long-yan-xi-85
http://www.zhihu.com/people/li-lu-xi-53
http://www.zhihu.com/people/ou-yang-27
http://www.zhihu.com/people/alice-45-16
http://www.zhihu.com/people/sun-chong-wei-84
http://www.zhihu.com/people/Dazuer
http://www.zhihu.com/people/mou-kang-ni
http://www.zhihu.com/people/chouzheng-ming
http://www.zhihu.com/people/wu-gua-han-22
http://www.zhihu.com/people/deng-zi-li
http://www.zhihu.com/people/qian-gui-shen
http://www.zhihu.com/people/coka
http://www.zhihu.com/people/pei-di-88
http://www.zhihu.com/people/qingganwan
http://www.zhihu.com/people/duan-yue-rong
http://www.zhihu.com/people/qin-hui-34
http://www.zhihu.com/people/guan-de-lei
http://www.zhihu.com/people/huang-ming-liang
http://www.zhihu.com/people/fan-sheng-jie
http://www.zhihu.com/people/ccat
http://www.zhihu.com/people/li-xiao-qiang-24
http://www.zhihu.com/people/yangluhan1990
http://www.zhihu.com/people/xulin365
http://www.zhihu.com/people/ding-xiang-xue
http://www.zhihu.com/people/li-zhao-zhao-65
http://www.zhihu.com/people/zhao-yue-qian-34
http://www.zhihu.com/people/yang-yang-39-49
http://www.zhihu.com/people/tinauu
http://www.zhihu.com/people/susus
http://www.zhihu.com/people/xian-zi-28-3
http://www.zhihu.com/people/peng-mike
http://www.zhihu.com/people/jinzhu
http://www.zhihu.com/people/zhang-peng-23-49
http://www.zhihu.com/people/virusdefender
http://www.zhihu.com/people/yun-heng-62
http://www.zhihu.com/people/ceng-si-wei-72
http://www.zhihu.com/people/an-jing-19-19
http://www.zhihu.com/people/zhu-ming-rui
http://www.zhihu.com/people/ceng-xiao-niu-95
http://www.zhihu.com/people/zheng-ying-89-94
http://www.zhihu.com/people/man-shu-95
http://www.zhihu.com/people/chen-qun-12
http://www.zhihu.com/people/lin-meng-xi-63
http://www.zhihu.com/people/xiaojie668329
http://www.zhihu.com/people/long-yang-56
http://www.zhihu.com/people/he-hui-87
http://www.zhihu.com/people/yinggo-xh
http://www.zhihu.com/people/kingsmalltwo
http://www.zhihu.com/people/xu-hao-97
http://www.zhihu.com/people/pizei
http://www.zhihu.com/people/xie-cang
http://www.zhihu.com/people/yi-zhi-ran
http://www.zhihu.com/people/yu-da-ping
http://www.zhihu.com/people/zhang-yan-jie-8
http://www.zhihu.com/people/Suck-cheng-92-26
http://www.zhihu.com/people/zhou-hao-yu-59
http://www.zhihu.com/people/starcc
http://www.zhihu.com/people/wendy1985
http://www.zhihu.com/people/chao-chen-19
http://www.zhihu.com/people/gm622yan
http://www.zhihu.com/people/williamw
http://www.zhihu.com/people/tou-che
http://www.zhihu.com/people/delab
http://www.zhihu.com/people/yi-zhong-wei
http://www.zhihu.com/people/tiger-81
http://www.zhihu.com/people/Mr.guo
http://www.zhihu.com/people/yang-bo-61
http://www.zhihu.com/people/guo-da-meng-45
http://www.zhihu.com/people/elizabethmalfoy
http://www.zhihu.com/people/annodomini
http://www.zhihu.com/people/zuo-yong-hui
http://www.zhihu.com/people/hu-shuo-hao
http://www.zhihu.com/people/samyhello
http://www.zhihu.com/people/chang-ge-96
http://www.zhihu.com/people/wang-ci-an
http://www.zhihu.com/people/tao-zhi0328
http://www.zhihu.com/people/xiao-bai-mu
http://www.zhihu.com/people/jun-hu-97
http://www.zhihu.com/people/wasabi-79
http://www.zhihu.com/people/jiang-wen-zhen
http://www.zhihu.com/people/peng-yu-winnie
http://www.zhihu.com/people/noahgu
http://www.zhihu.com/people/dai-wei-99
http://www.zhihu.com/people/li-lang
http://www.zhihu.com/people/hu-qian-qi
http://www.zhihu.com/people/yangterry
http://www.zhihu.com/people/jiang-yuan-hao-91
http://www.zhihu.com/people/sellsoda
http://www.zhihu.com/people/zheng-zhi-ping-38
http://www.zhihu.com/people/lian-xun
http://www.zhihu.com/people/mutuyu
http://www.zhihu.com/people/hai-dao-qiao
http://www.zhihu.com/people/chen-peng-67-22
http://www.zhihu.com/people/tencrance
http://www.zhihu.com/people/xsheng-13
http://www.zhihu.com/people/chengzhoukun
http://www.zhihu.com/people/hackersun
http://www.zhihu.com/people/fang-cheng-78-32
http://www.zhihu.com/people/izeblink
http://www.zhihu.com/people/liu-chang-1
http://www.zhihu.com/people/xj-zhou
http://www.zhihu.com/people/yaochenhao
http://www.zhihu.com/people/junker233
http://www.zhihu.com/people/hp-dai
http://www.zhihu.com/people/nickwong
http://www.zhihu.com/people/boyan
http://www.zhihu.com/people/bw13
http://www.zhihu.com/people/zhou-zhi-yuan-56
http://www.zhihu.com/people/xuan-zhuan-de-ha-te
http://www.zhihu.com/people/euyuil
http://www.zhihu.com/people/Changmingwei
http://www.zhihu.com/people/stupident
http://www.zhihu.com/people/wu-zi-da
http://www.zhihu.com/people/THFQ
http://www.zhihu.com/people/gao-da-li
http://www.zhihu.com/people/pei-han-12
http://www.zhihu.com/people/myqqhero
http://www.zhihu.com/people/yang-yang-69-37
http://www.zhihu.com/people/chao-xu
http://www.zhihu.com/people/wang-ting-ting-23
http://www.zhihu.com/people/qing-lan-98
http://www.zhihu.com/people/wu-zhen-13
http://www.zhihu.com/people/wang-xiao-xing-47
http://www.zhihu.com/people/zhao-jing-45
http://www.zhihu.com/people/zhu-bo-tao
http://www.zhihu.com/people/tian-ye-61
http://www.zhihu.com/people/lisedong
http://www.zhihu.com/people/xu-fang-huo-gen
http://www.zhihu.com/people/tangjingxin
http://www.zhihu.com/people/iyucci
http://www.zhihu.com/people/Fraecak_l
http://www.zhihu.com/people/drifter-16
http://www.zhihu.com/people/jixin
http://www.zhihu.com/people/Marshallpku
http://www.zhihu.com/people/backring
