http://www.zhihu.com/people/xu-zhu-qiu-69
http://www.zhihu.com/people/ding-tao-30
http://www.zhihu.com/people/insofe
http://www.zhihu.com/people/ying-49
http://www.zhihu.com/people/feng-hao-84
http://www.zhihu.com/people/zhang-chen-57
http://www.zhihu.com/people/ce-sheng-wang
http://www.zhihu.com/people/wittmann
http://www.zhihu.com/people/ji-wei-70
http://www.zhihu.com/people/xiang-pei
http://www.zhihu.com/people/zhou-yu-19-84
http://www.zhihu.com/people/ji-xu-sheng-65
http://www.zhihu.com/people/yong-yi-68
http://www.zhihu.com/people/khowarizmi
http://www.zhihu.com/people/becod
http://www.zhihu.com/people/zhangdashe
http://www.zhihu.com/people/xuexiaozhe
http://www.zhihu.com/people/rinc
http://www.zhihu.com/people/gao-gao-72
http://www.zhihu.com/people/junker233
http://www.zhihu.com/people/mou-kang-ni
http://www.zhihu.com/people/hu-yu-di
http://www.zhihu.com/people/so-so-21
http://www.zhihu.com/people/zhang-shi-zheng
http://www.zhihu.com/people/yuan-you-tao-25
http://www.zhihu.com/people/bi-hua-shao-nian-82
http://www.zhihu.com/people/qian-jing-wei
http://www.zhihu.com/people/drifter-16
http://www.zhihu.com/people/vencent-95
http://www.zhihu.com/people/truthpierce
http://www.zhihu.com/people/bi-peng
http://www.zhihu.com/people/fu-dou-jia
http://www.zhihu.com/people/yan-yan-41-19
http://www.zhihu.com/people/ri-ye-qian-chi
http://www.zhihu.com/people/li-bo-yu-85
http://www.zhihu.com/people/xie-xiao-shui
http://www.zhihu.com/people/ma-qian-li-89
http://www.zhihu.com/people/stela
http://www.zhihu.com/people/zhang-mao-yu
http://www.zhihu.com/people/megan-ma
http://www.zhihu.com/people/wang-guo-yong-ne
http://www.zhihu.com/people/mannia
http://www.zhihu.com/people/heng-si-meng
http://www.zhihu.com/people/harint-chu
http://www.zhihu.com/people/gong-zi-chuan
http://www.zhihu.com/people/_zhao_xu_
http://www.zhihu.com/people/miao-cc-96
http://www.zhihu.com/people/zhu-bo-tao
http://www.zhihu.com/people/octolet
http://www.zhihu.com/people/ismylifestyle
http://www.zhihu.com/people/bobblin
http://www.zhihu.com/people/zhang-san-niu
http://www.zhihu.com/people/mu-rong-you-yue-65
http://www.zhihu.com/people/Xiao_Liang
http://www.zhihu.com/people/zhang-yiliu
http://www.zhihu.com/people/zhang-wei-10-7
http://www.zhihu.com/people/zuiqiangyin
http://www.zhihu.com/people/kaibo-chen
http://www.zhihu.com/people/ahwing
http://www.zhihu.com/people/li-li-86-60
http://www.zhihu.com/people/zhou-yu-zhen-85
http://www.zhihu.com/people/chen-cheng-84-43
http://www.zhihu.com/people/youmineyoumine
http://www.zhihu.com/people/tangjingxin
http://www.zhihu.com/people/hume
http://www.zhihu.com/people/daniel975
http://www.zhihu.com/people/han-peng-qian
http://www.zhihu.com/people/lyndonneu
http://www.zhihu.com/people/face-li
http://www.zhihu.com/people/Luo
http://www.zhihu.com/people/zhqjuice
http://www.zhihu.com/people/zhao-yang-xin
http://www.zhihu.com/people/tang-zi-qi-10
http://www.zhihu.com/people/gena
http://www.zhihu.com/people/hou-xue-cun
http://www.zhihu.com/people/stephanie-73
http://www.zhihu.com/people/wang-xiao-yue-86
http://www.zhihu.com/people/wang-fu-kang
http://www.zhihu.com/people/zhong-ye-zi-49
http://www.zhihu.com/people/zhang-zhen-92-15
http://www.zhihu.com/people/gui-yiming
http://www.zhihu.com/people/hei-bing
http://www.zhihu.com/people/juice-wong
http://www.zhihu.com/people/will-tam
http://www.zhihu.com/people/xing-chen-31
http://www.zhihu.com/people/jackdu
http://www.zhihu.com/people/mengying0960
http://www.zhihu.com/people/shang-ruo-wan-shang
http://www.zhihu.com/people/wfloveyou
http://www.zhihu.com/people/yi-shui-han-87
http://www.zhihu.com/people/laura-2
http://www.zhihu.com/people/uynah
http://www.zhihu.com/people/qianyugang
http://www.zhihu.com/people/jason2be
http://www.zhihu.com/people/tautcony
http://www.zhihu.com/people/techoxygen
http://www.zhihu.com/people/killua-45
http://www.zhihu.com/people/cao-rui-xue
http://www.zhihu.com/people/wang-sheng-61
http://www.zhihu.com/people/wu-shuai
http://www.zhihu.com/people/9tail
http://www.zhihu.com/people/xiao-jian-ren-71
http://www.zhihu.com/people/rui-jiu-jiu
http://www.zhihu.com/people/shui-di-76
http://www.zhihu.com/people/lonelyfox
http://www.zhihu.com/people/jixin
http://www.zhihu.com/people/cai-xin-79
http://www.zhihu.com/people/inaccessible
http://www.zhihu.com/people/memento-mori
http://www.zhihu.com/people/ji-xiao-qiang-74
http://www.zhihu.com/people/liuliang1214
http://www.zhihu.com/people/chen-ning-feng
http://www.zhihu.com/people/han-yan-hui
http://www.zhihu.com/people/linearrr
http://www.zhihu.com/people/liutingji
http://www.zhihu.com/people/lydia-7
http://www.zhihu.com/people/zhao-yuan-jie
http://www.zhihu.com/people/abinarylifestyle
http://www.zhihu.com/people/zhang-jia-51
http://www.zhihu.com/people/wang-ze-heng
http://www.zhihu.com/people/kyrinqi
http://www.zhihu.com/people/su-xiang-2
http://www.zhihu.com/people/abrush
http://www.zhihu.com/people/wu-zhen-13
http://www.zhihu.com/people/imken
http://www.zhihu.com/people/huangquanhj
http://www.zhihu.com/people/li-yang-85-50
http://www.zhihu.com/people/digwa
http://www.zhihu.com/people/wolfer-55
http://www.zhihu.com/people/mootii
http://www.zhihu.com/people/y-alex-44
http://www.zhihu.com/people/xiaqingran
http://www.zhihu.com/people/tian-min-cheng
http://www.zhihu.com/people/weng-xiao-cong
http://www.zhihu.com/people/zhou-xin-heng
http://www.zhihu.com/people/wen-da-97
http://www.zhihu.com/people/astro-77
http://www.zhihu.com/people/tongjinghao
http://www.zhihu.com/people/han-lucifer
http://www.zhihu.com/people/guanmu
http://www.zhihu.com/people/wfu-7
http://www.zhihu.com/people/littlecup
http://www.zhihu.com/people/ke-ke-xi-li-20
http://www.zhihu.com/people/yue-er-91
http://www.zhihu.com/people/bingle
http://www.zhihu.com/people/yskin
http://www.zhihu.com/people/xxd79
http://www.zhihu.com/people/hllcme
http://www.zhihu.com/people/wang-zhong-tao
http://www.zhihu.com/people/oyeoye
http://www.zhihu.com/people/jazzark
http://www.zhihu.com/people/bingoyao
http://www.zhihu.com/people/fang-liang
http://www.zhihu.com/people/randyyet
http://www.zhihu.com/people/einverne
http://www.zhihu.com/people/leftrighthands
http://www.zhihu.com/people/melon-ding
http://www.zhihu.com/people/xiaoy
http://www.zhihu.com/people/airwolf2026
http://www.zhihu.com/people/guang-mang-xing-huang
http://www.zhihu.com/people/davylee
http://www.zhihu.com/people/deng-nan-34
http://www.zhihu.com/people/home
http://www.zhihu.com/people/lingeng
http://www.zhihu.com/people/zheng-zhong
http://www.zhihu.com/people/chen-jie-43-67
http://www.zhihu.com/people/john-28
http://www.zhihu.com/people/ma-bo-ping
http://www.zhihu.com/people/xiao-xiong-96
http://www.zhihu.com/people/chai-pi-ma
http://www.zhihu.com/people/roguefz
http://www.zhihu.com/people/chino-25
http://www.zhihu.com/people/doc-young
http://www.zhihu.com/people/fred-lin-6
http://www.zhihu.com/people/mu-xiao-xia
http://www.zhihu.com/people/detwin
http://www.zhihu.com/people/wang-jian-88-94
http://www.zhihu.com/people/zorroblade
http://www.zhihu.com/people/sinopitt
http://www.zhihu.com/people/zl1com
http://www.zhihu.com/people/wu-you-tong
http://www.zhihu.com/people/dou-ru-xin
http://www.zhihu.com/people/piggest
http://www.zhihu.com/people/array
http://www.zhihu.com/people/tolivebetter
http://www.zhihu.com/people/gao-wei-67
http://www.zhihu.com/people/tonyq0802
http://www.zhihu.com/people/merlin-47
http://www.zhihu.com/people/jiang-xue-qian
http://www.zhihu.com/people/salleeshi
http://www.zhihu.com/people/bing-mez
http://www.zhihu.com/people/yang-cong-quan-man-tou
http://www.zhihu.com/people/xjiangxjxjxjx
http://www.zhihu.com/people/zhang-xiao-guo-83
http://www.zhihu.com/people/linglingfa
