http://www.zhihu.com/people/ffeine-ca
http://www.zhihu.com/people/milkjun
http://www.zhihu.com/people/sanqiangz
http://www.zhihu.com/people/iian
http://www.zhihu.com/people/ying-49
http://www.zhihu.com/people/ding-cheng-24-30
http://www.zhihu.com/people/lun-tai
http://www.zhihu.com/people/li-gou-hai-12-23
http://www.zhihu.com/people/byron-lee-8
http://www.zhihu.com/people/young-liu
http://www.zhihu.com/people/laoha
http://www.zhihu.com/people/wang-tao-74-74
http://www.zhihu.com/people/lin-wei-lan
http://www.zhihu.com/people/flyer103
http://www.zhihu.com/people/lu-xiang-89
http://www.zhihu.com/people/rush
http://www.zhihu.com/people/wei-yan-4
http://www.zhihu.com/people/luis
http://www.zhihu.com/people/lin-xiao-62-15
http://www.zhihu.com/people/zha-si-ting
http://www.zhihu.com/people/echo-40-22
http://www.zhihu.com/people/da-van
http://www.zhihu.com/people/xiang-pei
http://www.zhihu.com/people/qinyiyu
http://www.zhihu.com/people/mao-yiduo
http://www.zhihu.com/people/xu-yuan-54
http://www.zhihu.com/people/zhang-wei-85-62
http://www.zhihu.com/people/lu-shuang-1993
http://www.zhihu.com/people/wang-jing-27-65
http://www.zhihu.com/people/young-jinsy
http://www.zhihu.com/people/chen-quan-35-14
http://www.zhihu.com/people/gui-sheng-74
http://www.zhihu.com/people/zhang-ting-24-31
http://www.zhihu.com/people/tanghaiyan
http://www.zhihu.com/people/TheChyi
http://www.zhihu.com/people/Maximilian2009
http://www.zhihu.com/people/gu-xian-nian
http://www.zhihu.com/people/wang-zhen-ya-94
http://www.zhihu.com/people/liu-zhi-da
http://www.zhihu.com/people/yao-zu
http://www.zhihu.com/people/kkkkkira
http://www.zhihu.com/people/gong-zhen-feng-15
http://www.zhihu.com/people/pan-richard
http://www.zhihu.com/people/pan-wen-bo-45
http://www.zhihu.com/people/tang-jing-yu-24
http://www.zhihu.com/people/kedy1234
http://www.zhihu.com/people/sun-san-81
http://www.zhihu.com/people/lcsanssavoir
http://www.zhihu.com/people/liu-ze-18-75
http://www.zhihu.com/people/ding-ding-84-86
http://www.zhihu.com/people/wu-min-jie-32
http://www.zhihu.com/people/dong-tian-le
http://www.zhihu.com/people/hongandblack
http://www.zhihu.com/people/huang-zi-94
http://www.zhihu.com/people/hover-57
http://www.zhihu.com/people/yuan-you-tao-25
http://www.zhihu.com/people/shi-guang-82-9
http://www.zhihu.com/people/qian-jing-wei
http://www.zhihu.com/people/neil-35-70
http://www.zhihu.com/people/fredma-
http://www.zhihu.com/people/xie-wei-you
http://www.zhihu.com/people/kerry95
http://www.zhihu.com/people/ray-guo-23
http://www.zhihu.com/people/leoshcn
http://www.zhihu.com/people/li-zhen-huan-66
http://www.zhihu.com/people/tonydeng
http://www.zhihu.com/people/xiao-zhe-31
http://www.zhihu.com/people/sun-kao-pu
http://www.zhihu.com/people/wan-pu
http://www.zhihu.com/people/liu-yi-65-90
http://www.zhihu.com/people/su-jia-hao
http://www.zhihu.com/people/zhao-ming-zhe-83
http://www.zhihu.com/people/fang-yi-cheng-73
http://www.zhihu.com/people/khaki-29
http://www.zhihu.com/people/riverking
http://www.zhihu.com/people/tianshanglansedetian
http://www.zhihu.com/people/liang-yu-fan
http://www.zhihu.com/people/jun-lin-29
http://www.zhihu.com/people/pan-shi-yun
http://www.zhihu.com/people/jasonxu-86
http://www.zhihu.com/people/leeelie-woo
http://www.zhihu.com/people/guo-yan-da
http://www.zhihu.com/people/lu-gui-chen-26
http://www.zhihu.com/people/hu-rou
http://www.zhihu.com/people/li-jun-wang
http://www.zhihu.com/people/zhang-yan-lei-69
http://www.zhihu.com/people/zehang-li
http://www.zhihu.com/people/bi-peng
http://www.zhihu.com/people/tony-jang
http://www.zhihu.com/people/ri-ye-qian-chi
http://www.zhihu.com/people/su-jing-qiao
http://www.zhihu.com/people/xie-ne
http://www.zhihu.com/people/li-li-31-33
http://www.zhihu.com/people/jin-cheng-liang
http://www.zhihu.com/people/li-bo-yu-85
http://www.zhihu.com/people/shang-shang-qian-26
http://www.zhihu.com/people/xu-ting-70
http://www.zhihu.com/people/yu-zhe-32-34
http://www.zhihu.com/people/never1994
http://www.zhihu.com/people/jia-bin-38
http://www.zhihu.com/people/hu-xiang-78
http://www.zhihu.com/people/cheng-ocean
http://www.zhihu.com/people/chen-wei-40-40
http://www.zhihu.com/people/tangweilin
http://www.zhihu.com/people/megan-ma
http://www.zhihu.com/people/qi-hong-wei
http://www.zhihu.com/people/tao-hua-shui-mu
http://www.zhihu.com/people/ju-tao-46
http://www.zhihu.com/people/li-yun-yun-76
http://www.zhihu.com/people/gong-li-ming-43
http://www.zhihu.com/people/SUNYATSEN
http://www.zhihu.com/people/hipartner.cn
http://www.zhihu.com/people/michelleyan
http://www.zhihu.com/people/hei-qia-pu-li-ao
http://www.zhihu.com/people/chen-jing-50-86
http://www.zhihu.com/people/xiang-dang-dang-47
http://www.zhihu.com/people/wang-bin-37-9
http://www.zhihu.com/people/miao-cc-96
http://www.zhihu.com/people/wangchongyang
http://www.zhihu.com/people/wu-sean-58
http://www.zhihu.com/people/dr-satyr
http://www.zhihu.com/people/bu-jian-81
http://www.zhihu.com/people/zhu-yixin-42
http://www.zhihu.com/people/chen-cheng-84-43
http://www.zhihu.com/people/liu-yang-13-59
http://www.zhihu.com/people/li-cheng-gan
http://www.zhihu.com/people/sha-wei-18
http://www.zhihu.com/people/susus
http://www.zhihu.com/people/zhu-dong-hui-53
http://www.zhihu.com/people/fsfree
http://www.zhihu.com/people/dai-xiao-bin
http://www.zhihu.com/people/charmgene
http://www.zhihu.com/people/zhang-yiliu
http://www.zhihu.com/people/face-li
http://www.zhihu.com/people/be-with-lele
http://www.zhihu.com/people/wu-ya-nan-2
http://www.zhihu.com/people/gongpengjun
http://www.zhihu.com/people/lu-meng-cheng
http://www.zhihu.com/people/stephanie-73
http://www.zhihu.com/people/wang-yuan-59-51
http://www.zhihu.com/people/liu-yuan-19-37
http://www.zhihu.com/people/liu-xiao-zhui
http://www.zhihu.com/people/jackdu
http://www.zhihu.com/people/pei-zi-chao
http://www.zhihu.com/people/bin-han
http://www.zhihu.com/people/liu-ying-ying-81
http://www.zhihu.com/people/loki951753
http://www.zhihu.com/people/shi-yilang-cai
http://www.zhihu.com/people/liu-hai-bao-58
http://www.zhihu.com/people/yin-ming-38
http://www.zhihu.com/people/10250
http://www.zhihu.com/people/techoxygen
http://www.zhihu.com/people/yaocoder
http://www.zhihu.com/people/wu-yun-long-72
http://www.zhihu.com/people/li-peng-yu
http://www.zhihu.com/people/zhang-hu-pan
http://www.zhihu.com/people/jiang-yu-zheng-49
http://www.zhihu.com/people/9410
http://www.zhihu.com/people/Messi1
http://www.zhihu.com/people/thisgabriel
http://www.zhihu.com/people/xiao-jian-ren-71
http://www.zhihu.com/people/evnma
http://www.zhihu.com/people/zhang-hai-tao-84
http://www.zhihu.com/people/GilgameshK
http://www.zhihu.com/people/zhuyawen
http://www.zhihu.com/people/zhu-guan-ming
http://www.zhihu.com/people/shilh
http://www.zhihu.com/people/zhao-xin-yu-27
http://www.zhihu.com/people/amphetamien
http://www.zhihu.com/people/chang-kai-xin-85
http://www.zhihu.com/people/li-zhi-sheng-66
http://www.zhihu.com/people/li-bing-14-21
http://www.zhihu.com/people/suo-er-49
http://www.zhihu.com/people/fajingt
http://www.zhihu.com/people/waylybaye
http://www.zhihu.com/people/meng-shui-yi-mou
http://www.zhihu.com/people/ilook
http://www.zhihu.com/people/cwj123
http://www.zhihu.com/people/youyue
http://www.zhihu.com/people/luo-xiao-wei
http://www.zhihu.com/people/jasontang501
http://www.zhihu.com/people/dlutwanghaoyu36
http://www.zhihu.com/people/fono
http://www.zhihu.com/people/ttmot
http://www.zhihu.com/people/cheng-jun-900
http://www.zhihu.com/people/rainvoo
http://www.zhihu.com/people/wiley-61
http://www.zhihu.com/people/lazing
http://www.zhihu.com/people/lyonzhao
http://www.zhihu.com/people/wjbf
http://www.zhihu.com/people/zai-wu
http://www.zhihu.com/people/wujiangchuan
http://www.zhihu.com/people/nibalu
http://www.zhihu.com/people/xiao-zou-49
http://www.zhihu.com/people/haohaoxuexi
http://www.zhihu.com/people/guo-jin-5
http://www.zhihu.com/people/caijinxin
http://www.zhihu.com/people/cheng-fang-hang
http://www.zhihu.com/people/li-xiang-peng-18
http://www.zhihu.com/people/mao-wen-tong
http://www.zhihu.com/people/chen-xiao-huan-2
http://www.zhihu.com/people/liu-yun-fei-75
http://www.zhihu.com/people/li-hao-65-62
http://www.zhihu.com/people/lou-chang
http://www.zhihu.com/people/feng-ye-6
http://www.zhihu.com/people/light-47
http://www.zhihu.com/people/kuang-ni
http://www.zhihu.com/people/li-jun-22-45
http://www.zhihu.com/people/zhao-chun-ze
http://www.zhihu.com/people/maoshijian
http://www.zhihu.com/people/gao-jing-mo
http://www.zhihu.com/people/idbye
http://www.zhihu.com/people/Brian-Kwon
http://www.zhihu.com/people/ilqian2
http://www.zhihu.com/people/fan-lei-71
http://www.zhihu.com/people/kang-yi-kai
http://www.zhihu.com/people/liu-ming-qian
http://www.zhihu.com/people/yu-meng-27
http://www.zhihu.com/people/zhu-nuo-28
http://www.zhihu.com/people/wang-tao-94
http://www.zhihu.com/people/whoami4444-13-24
http://www.zhihu.com/people/hou-jing-zhou
http://www.zhihu.com/people/wang-hua-geng
http://www.zhihu.com/people/su-lin-ge
http://www.zhihu.com/people/yang-tao-95
http://www.zhihu.com/people/ma-zhu-17-49
http://www.zhihu.com/people/wooden
http://www.zhihu.com/people/yang-xue-jin
http://www.zhihu.com/people/yshone
http://www.zhihu.com/people/li-cheng-13-92
http://www.zhihu.com/people/hu-zhan-jun
http://www.zhihu.com/people/zhou-jin-33
http://www.zhihu.com/people/wang-hao-69
http://www.zhihu.com/people/li-hao-nan-59
http://www.zhihu.com/people/song-lin-65
http://www.zhihu.com/people/lang-rui
http://www.zhihu.com/people/tang-qi-80
http://www.zhihu.com/people/chen-qing-an
http://www.zhihu.com/people/qin-yang-83
http://www.zhihu.com/people/feng-jia-73
http://www.zhihu.com/people/zhu-wei-cheng-33
http://www.zhihu.com/people/zhao-xiao-bei
http://www.zhihu.com/people/zhang-___
http://www.zhihu.com/people/stellar
http://www.zhihu.com/people/kairen
http://www.zhihu.com/people/bai-da-bai
http://www.zhihu.com/people/huang-ya-meng-59
http://www.zhihu.com/people/gao-zhi-yuan-46
http://www.zhihu.com/people/sun-jing-ya-35
http://www.zhihu.com/people/ren-yi-ming
http://www.zhihu.com/people/ma-chao-22-75
http://www.zhihu.com/people/jinggist
http://www.zhihu.com/people/luo-ji-23
http://www.zhihu.com/people/zhang-jia-wei-72
http://www.zhihu.com/people/yang-hua-90
http://www.zhihu.com/people/wang-fan-si
http://www.zhihu.com/people/da-xiong-44-90
http://www.zhihu.com/people/wang-sheng-xin-39
http://www.zhihu.com/people/xi-gu-lan
http://www.zhihu.com/people/weng-jian-hao
http://www.zhihu.com/people/tian-yong-bin-51
http://www.zhihu.com/people/zboaq
http://www.zhihu.com/people/veggi
http://www.zhihu.com/people/jiang-yu-zhe
http://www.zhihu.com/people/xie-ming-ke
http://www.zhihu.com/people/lokezhao
http://www.zhihu.com/people/wasabi-79
http://www.zhihu.com/people/mo-si-65
http://www.zhihu.com/people/sun-qi-hao
http://www.zhihu.com/people/pin-liang
http://www.zhihu.com/people/wang-wei-fu-77
http://www.zhihu.com/people/ma-ke-zhang
http://www.zhihu.com/people/lin-jin-37
http://www.zhihu.com/people/zhan-chen-25
http://www.zhihu.com/people/mavisln
http://www.zhihu.com/people/li-xiao-ran-94
http://www.zhihu.com/people/bai-chen-8
http://www.zhihu.com/people/zhong-lei-45
http://www.zhihu.com/people/an-zhi-25
http://www.zhihu.com/people/gopeter
http://www.zhihu.com/people/never-51
http://www.zhihu.com/people/long-teng-40
http://www.zhihu.com/people/chen-dong-35-62
http://www.zhihu.com/people/zhou-cai-lun
http://www.zhihu.com/people/geng-bo-8
http://www.zhihu.com/people/wu-hao-70
http://www.zhihu.com/people/wang-xin-yi-64
http://www.zhihu.com/people/joeyfung
http://www.zhihu.com/people/arant-lin
http://www.zhihu.com/people/zhang-bo-yang-16
http://www.zhihu.com/people/stellahuang
http://www.zhihu.com/people/jin-he-ming
http://www.zhihu.com/people/song-ya-feng
http://www.zhihu.com/people/ai-shang-du
http://www.zhihu.com/people/zahetang
http://www.zhihu.com/people/tan-yu-ling
http://www.zhihu.com/people/guo-qian-4
http://www.zhihu.com/people/lu-yu-li-21
http://www.zhihu.com/people/jerry-zhang-34
http://www.zhihu.com/people/yao-yao-58
http://www.zhihu.com/people/mtshuang
http://www.zhihu.com/people/zhang-fan-64
http://www.zhihu.com/people/harvey-shen
http://www.zhihu.com/people/nicolas-58
http://www.zhihu.com/people/hlhl
http://www.zhihu.com/people/lv-miao-94
http://www.zhihu.com/people/li-lan-2
http://www.zhihu.com/people/zi-yan-52
http://www.zhihu.com/people/li-an-xu
http://www.zhihu.com/people/kate-cui
http://www.zhihu.com/people/james-fong
http://www.zhihu.com/people/jinshanshan
http://www.zhihu.com/people/altrixe
http://www.zhihu.com/people/song-li-li-27
http://www.zhihu.com/people/jiang-wen-zhen
http://www.zhihu.com/people/leunja
http://www.zhihu.com/people/CopeCheung
http://www.zhihu.com/people/hong-jie-hong
http://www.zhihu.com/people/a-chun-59
http://www.zhihu.com/people/tower1229
http://www.zhihu.com/people/jue-nan
http://www.zhihu.com/people/di-yi-24
http://www.zhihu.com/people/acme-storm
http://www.zhihu.com/people/tian-na
http://www.zhihu.com/people/zhang-wei-biao
http://www.zhihu.com/people/zhu-chong-71
http://www.zhihu.com/people/wang-jing-jing-33-48
http://www.zhihu.com/people/cai-ti-ran
http://www.zhihu.com/people/chenran
http://www.zhihu.com/people/xu-chao-28
http://www.zhihu.com/people/you-zi-li
http://www.zhihu.com/people/W18Cr4V
http://www.zhihu.com/people/wu-jia-zhu-75
http://www.zhihu.com/people/gu-li-jun
http://www.zhihu.com/people/colorfulfeel
http://www.zhihu.com/people/diao-lin
http://www.zhihu.com/people/wang-bo-66-72
http://www.zhihu.com/people/gui-meng-yuan
http://www.zhihu.com/people/wang-wei-32
http://www.zhihu.com/people/aerofloyd
http://www.zhihu.com/people/wei-wen-zi
http://www.zhihu.com/people/jonson-fang
http://www.zhihu.com/people/bo-bo-12
http://www.zhihu.com/people/lindage
http://www.zhihu.com/people/danielchen1995
http://www.zhihu.com/people/xuxun
http://www.zhihu.com/people/yang-cong-quan-man-tou
http://www.zhihu.com/people/wang-li-zhi
http://www.zhihu.com/people/keomars
http://www.zhihu.com/people/fuzhi
http://www.zhihu.com/people/yu-sen
http://www.zhihu.com/people/Gerrard
http://www.zhihu.com/people/liu-xiao-fan-47
http://www.zhihu.com/people/wenclove
http://www.zhihu.com/people/chen-zi-yao
http://www.zhihu.com/people/yao-pan-hui
http://www.zhihu.com/people/yiyi-83-13
http://www.zhihu.com/people/qi-lan-shan-yu-4
http://www.zhihu.com/people/slq-24
http://www.zhihu.com/people/daydaytest
http://www.zhihu.com/people/lava
http://www.zhihu.com/people/sui-xiang
http://www.zhihu.com/people/huang-chen-15
http://www.zhihu.com/people/joker-54-79
http://www.zhihu.com/people/gao-yu-15
http://www.zhihu.com/people/lou-jin-yan
http://www.zhihu.com/people/tiezhen
http://www.zhihu.com/people/wang-liang-rong
http://www.zhihu.com/people/han-yan-hui
http://www.zhihu.com/people/iyouth
http://www.zhihu.com/people/daoqidelv
http://www.zhihu.com/people/tiffa
http://www.zhihu.com/people/vicbo
http://www.zhihu.com/people/taotao-45
http://www.zhihu.com/people/soong
http://www.zhihu.com/people/lijie999
http://www.zhihu.com/people/qiaoyan
http://www.zhihu.com/people/wallace-42
http://www.zhihu.com/people/cheng-zeng-cun
http://www.zhihu.com/people/huchuanyi
http://www.zhihu.com/people/kooyi
http://www.zhihu.com/people/zheng-jinli
http://www.zhihu.com/people/liu-hao-ran-57
http://www.zhihu.com/people/guoguiping
http://www.zhihu.com/people/anderson-lo
http://www.zhihu.com/people/chenxinfeng
http://www.zhihu.com/people/zhu-jia-zhuang
http://www.zhihu.com/people/cheka
http://www.zhihu.com/people/haiger-25
http://www.zhihu.com/people/jiangsiyuan
http://www.zhihu.com/people/zhang-yan-yun
http://www.zhihu.com/people/justin-leo-ye
http://www.zhihu.com/people/magic-27
http://www.zhihu.com/people/wu-zhen-dong
http://www.zhihu.com/people/ramon-chang
http://www.zhihu.com/people/liu-feng-wei-23
http://www.zhihu.com/people/ceng-fu-hua
http://www.zhihu.com/people/zhang-xian-31
http://www.zhihu.com/people/paprikaz
http://www.zhihu.com/people/wang-li-31
http://www.zhihu.com/people/qi-xiao-qikennyqi
http://www.zhihu.com/people/xu-guo-cheng
http://www.zhihu.com/people/yue-shi-jie
http://www.zhihu.com/people/zicjin
http://www.zhihu.com/people/suncuss
http://www.zhihu.com/people/iallai
http://www.zhihu.com/people/dong-ming-76
http://www.zhihu.com/people/liao-hui
http://www.zhihu.com/people/winair
http://www.zhihu.com/people/zhangjishan
http://www.zhihu.com/people/zhu-jun-qiang
http://www.zhihu.com/people/feng-kui-zhi
http://www.zhihu.com/people/web-3
http://www.zhihu.com/people/Albert_Huang
http://www.zhihu.com/people/zhu-hai-97
http://www.zhihu.com/people/billhan
http://www.zhihu.com/people/zhang-xing-80
http://www.zhihu.com/people/jasonl
http://www.zhihu.com/people/PeterDeng
http://www.zhihu.com/people/xialin
http://www.zhihu.com/people/xiakezhuyi
http://www.zhihu.com/people/jiang-yiqi
http://www.zhihu.com/people/peng-bo-48-87
http://www.zhihu.com/people/lu-zhong-shu
http://www.zhihu.com/people/tassandar
http://www.zhihu.com/people/ihanqi
http://www.zhihu.com/people/kidlg
http://www.zhihu.com/people/emix
http://www.zhihu.com/people/kong-zhen-hua
http://www.zhihu.com/people/marconiu
http://www.zhihu.com/people/zhang-heng-3
http://www.zhihu.com/people/stanleygao
http://www.zhihu.com/people/ihei-ma
http://www.zhihu.com/people/chenyan
http://www.zhihu.com/people/1jun
http://www.zhihu.com/people/c2u234nxi
http://www.zhihu.com/people/wang-ya-qiong
http://www.zhihu.com/people/beique
http://www.zhihu.com/people/alexander-lee
http://www.zhihu.com/people/theolu
http://www.zhihu.com/people/xiaoheng
http://www.zhihu.com/people/jin-chun-lei
http://www.zhihu.com/people/drew
http://www.zhihu.com/people/gigglie
http://www.zhihu.com/people/chinahxiang
http://www.zhihu.com/people/alonzotang
http://www.zhihu.com/people/elaines
http://www.zhihu.com/people/jimmy-wang-15
http://www.zhihu.com/people/JeOam
http://www.zhihu.com/people/guannan
http://www.zhihu.com/people/zhihuclub
http://www.zhihu.com/people/he-gui-ling
http://www.zhihu.com/people/yangshuai
http://www.zhihu.com/people/pan-dong
http://www.zhihu.com/people/cklover
http://www.zhihu.com/people/blade001
http://www.zhihu.com/people/eyhl
http://www.zhihu.com/people/yin-jian-song-jason
http://www.zhihu.com/people/xiaozhibo
http://www.zhihu.com/people/he-yang-72
http://www.zhihu.com/people/panbin
http://www.zhihu.com/people/mao-zhu
http://www.zhihu.com/people/wine-63
http://www.zhihu.com/people/chenshuo
http://www.zhihu.com/people/Ataraxia002
http://www.zhihu.com/people/zhangsimon
http://www.zhihu.com/people/wang-hai-bo-45
http://www.zhihu.com/people/yan-yan-21
http://www.zhihu.com/people/zou-chang-li
http://www.zhihu.com/people/tangjingxin
