http://www.zhihu.com/people/huang-jun-feng-15
http://www.zhihu.com/people/huang-yang-97-70
http://www.zhihu.com/people/shen-shi-ran
http://www.zhihu.com/people/zhong-ren-lei-35
http://www.zhihu.com/people/twowolf
http://www.zhihu.com/people/bruce-24
http://www.zhihu.com/people/chen-duan-duan
http://www.zhihu.com/people/lin-qiao-35
http://www.zhihu.com/people/zhou-chong-61
http://www.zhihu.com/people/sunth
http://www.zhihu.com/people/ke-cha-cha
http://www.zhihu.com/people/su-hua-32
http://www.zhihu.com/people/li-quan-zhen
http://www.zhihu.com/people/xiao-xiao-me
http://www.zhihu.com/people/shi-liu-46-82
http://www.zhihu.com/people/lin-zi-27-39
http://www.zhihu.com/people/fa-tiao-niao-june
http://www.zhihu.com/people/knight-46
http://www.zhihu.com/people/liuheyang
http://www.zhihu.com/people/weisibi
http://www.zhihu.com/people/fang-ming-zi
http://www.zhihu.com/people/deutsch-99
http://www.zhihu.com/people/liu-xiao-guai-89
http://www.zhihu.com/people/flymike
http://www.zhihu.com/people/shipengloveqing
http://www.zhihu.com/people/tian-jing-10
http://www.zhihu.com/people/joyce-15
http://www.zhihu.com/people/wang-lei-25-91
http://www.zhihu.com/people/Zzway
http://www.zhihu.com/people/yan-hua-li
http://www.zhihu.com/people/xi-bei-san-vc
http://www.zhihu.com/people/Te_cakam
http://www.zhihu.com/people/chang-cheng-jiang
http://www.zhihu.com/people/xiang-ming-80
http://www.zhihu.com/people/ke-hao-33
http://www.zhihu.com/people/linyxy
http://www.zhihu.com/people/forkburn
http://www.zhihu.com/people/he-yu-hao-8
http://www.zhihu.com/people/joe-zhou-39
http://www.zhihu.com/people/charlescheng
http://www.zhihu.com/people/xulaohan
http://www.zhihu.com/people/chen-xiu-zhen-32
http://www.zhihu.com/people/hunterxmoon
http://www.zhihu.com/people/li-kai-wen-45
http://www.zhihu.com/people/zhou-xi-ying
http://www.zhihu.com/people/li-rui-64-16
http://www.zhihu.com/people/xiao-da-da-27
http://www.zhihu.com/people/li-di-52
http://www.zhihu.com/people/zhang-wei-96-23
http://www.zhihu.com/people/kang-wei-57
http://www.zhihu.com/people/xue-bo-22
http://www.zhihu.com/people/eurekasheng
http://www.zhihu.com/people/zhou-qing-chang
http://www.zhihu.com/people/chen-ming-14-46
http://www.zhihu.com/people/jiang-hong-xi-28
http://www.zhihu.com/people/cao-wen-xuan
http://www.zhihu.com/people/xiao-ning
http://www.zhihu.com/people/zoick
http://www.zhihu.com/people/mu-tou-tou-99
http://www.zhihu.com/people/mai-ge-52
http://www.zhihu.com/people/wang-zi-xiao-78
http://www.zhihu.com/people/Monodrama
http://www.zhihu.com/people/yang-hui-yang
http://www.zhihu.com/people/zuimai
http://www.zhihu.com/people/ou-ni-jiang
http://www.zhihu.com/people/mu-wei-san
http://www.zhihu.com/people/hou-zuo-lin
http://www.zhihu.com/people/wan-pu
http://www.zhihu.com/people/li-bin-0718
http://www.zhihu.com/people/zanming
http://www.zhihu.com/people/desperatecat
http://www.zhihu.com/people/ayr1
http://www.zhihu.com/people/fang-liang-76
http://www.zhihu.com/people/buhaoqiao
http://www.zhihu.com/people/xiao-ke-83
http://www.zhihu.com/people/xu-bu-fan-69
http://www.zhihu.com/people/he-hui-87
http://www.zhihu.com/people/GMFleiniu
http://www.zhihu.com/people/ren-er-cheng
http://www.zhihu.com/people/AnXian
http://www.zhihu.com/people/starknight
http://www.zhihu.com/people/onewrong
http://www.zhihu.com/people/ge-bu-lin-28
http://www.zhihu.com/people/Guernica
http://www.zhihu.com/people/yuan-jun-86
http://www.zhihu.com/people/jian-zi-42
http://www.zhihu.com/people/fu-yun-xiao-jie
http://www.zhihu.com/people/neil-35-70
http://www.zhihu.com/people/zhou-neng-44
http://www.zhihu.com/people/haigongzi
http://www.zhihu.com/people/lu-suo
http://www.zhihu.com/people/shi-rui-49
http://www.zhihu.com/people/cui-can-18-16
http://www.zhihu.com/people/xishi
http://www.zhihu.com/people/hee-erving
http://www.zhihu.com/people/pi-pi-33-64
http://www.zhihu.com/people/qujingshi
http://www.zhihu.com/people/zhao-mo-er
http://www.zhihu.com/people/jun-tai-56
http://www.zhihu.com/people/zhouzijian
http://www.zhihu.com/people/yang-xun-62
http://www.zhihu.com/people/zhu-yixin-42
http://www.zhihu.com/people/feng-gu-53
http://www.zhihu.com/people/mu-qi-49
http://www.zhihu.com/people/yu-bo-87-73
http://www.zhihu.com/people/Wrong
http://www.zhihu.com/people/lance-xi
http://www.zhihu.com/people/mao-ying-hui
http://www.zhihu.com/people/jiang-gu-shi-60
http://www.zhihu.com/people/zhao-fei-yi
http://www.zhihu.com/people/xiao-luo-54
http://www.zhihu.com/people/ren-meng-yan
http://www.zhihu.com/people/tian-peng-17-20
http://www.zhihu.com/people/bumz
http://www.zhihu.com/people/ho-henry
http://www.zhihu.com/people/abbigail
http://www.zhihu.com/people/cheng-feng-11
http://www.zhihu.com/people/hyurong
http://www.zhihu.com/people/lu-pao-pao-95
http://www.zhihu.com/people/bhuztez
http://www.zhihu.com/people/junoma
http://www.zhihu.com/people/zheng-dong-zhen
http://www.zhihu.com/people/xiao-hua-sheng-63
http://www.zhihu.com/people/cai-yuan-yuan-45
http://www.zhihu.com/people/si-ji-92-50
http://www.zhihu.com/people/xiao-zhe-31
http://www.zhihu.com/people/2375
http://www.zhihu.com/people/xStars
http://www.zhihu.com/people/iaisin
http://www.zhihu.com/people/LH
http://www.zhihu.com/people/wu-dian-70
http://www.zhihu.com/people/gris-griffith
http://www.zhihu.com/people/hu-cheng-88
http://www.zhihu.com/people/zheng-xiao-fu
http://www.zhihu.com/people/wenlong-55
http://www.zhihu.com/people/SinPassion
http://www.zhihu.com/people/li-che-44
http://www.zhihu.com/people/chen-yu-jun-29-72
http://www.zhihu.com/people/stupident
http://www.zhihu.com/people/gao-gao-72
http://www.zhihu.com/people/wen-li-69
http://www.zhihu.com/people/yu-gu-14
http://www.zhihu.com/people/wu-quan-yin-68
http://www.zhihu.com/people/tao-yuan-yuan-38
http://www.zhihu.com/people/chan-changood
http://www.zhihu.com/people/hu-yu-di
http://www.zhihu.com/people/wu-wei-80-7
http://www.zhihu.com/people/heaven_000
http://www.zhihu.com/people/zhang-xing-xing-27
http://www.zhihu.com/people/ryan-42-5
http://www.zhihu.com/people/xiaojie668329
http://www.zhihu.com/people/wu-tian-yu-46
http://www.zhihu.com/people/qin-zhi-jun-77
http://www.zhihu.com/people/lu-wen-20
http://www.zhihu.com/people/luna-la-11
http://www.zhihu.com/people/jing-yi-92
http://www.zhihu.com/people/shi-hao-9-77
http://www.zhihu.com/people/li-zhe-54-7
http://www.zhihu.com/people/zhang-chao-34-65
http://www.zhihu.com/people/lin-yu-16-45
http://www.zhihu.com/people/chang-ge-96
http://www.zhihu.com/people/zhang-ting-24-31
http://www.zhihu.com/people/qiang-li-sha-hua
http://www.zhihu.com/people/little-beast
http://www.zhihu.com/people/li-ming-89-5
http://www.zhihu.com/people/wang-zhen-xing-69
http://www.zhihu.com/people/jin-hui-33
http://www.zhihu.com/people/su-mai-zi
http://www.zhihu.com/people/george-hill
http://www.zhihu.com/people/yifan-73-40
http://www.zhihu.com/people/miao-li-yang
http://www.zhihu.com/people/guxianbang
http://www.zhihu.com/people/sun-hong-yan-98
http://www.zhihu.com/people/alfreda
http://www.zhihu.com/people/altrixe
http://www.zhihu.com/people/hu-su-29
http://www.zhihu.com/people/cheng-xiang-qian-42
http://www.zhihu.com/people/TTK
http://www.zhihu.com/people/liu-lu-56-18
http://www.zhihu.com/people/bevis-4
http://www.zhihu.com/people/jun-yi-14
http://www.zhihu.com/people/mai-zi-65
http://www.zhihu.com/people/zhang-yi-fan-48
http://www.zhihu.com/people/li-xiao-qiang-24
http://www.zhihu.com/people/michael-cai
http://www.zhihu.com/people/lee-ree
http://www.zhihu.com/people/sun-shuo-46
http://www.zhihu.com/people/jiayizhen
http://www.zhihu.com/people/peng-yu-winnie
http://www.zhihu.com/people/vintagepeanut
http://www.zhihu.com/people/bu-zhi-34-47
http://www.zhihu.com/people/zai-yi-luo
http://www.zhihu.com/people/alvind
http://www.zhihu.com/people/reese717
http://www.zhihu.com/people/zi-ming-14
http://www.zhihu.com/people/zhang-bo-67-32
http://www.zhihu.com/people/frondosomuelle
http://www.zhihu.com/people/a-miao-59
http://www.zhihu.com/people/lilyyang
http://www.zhihu.com/people/huang-xiao-xi-30
http://www.zhihu.com/people/qing-song-lu
http://www.zhihu.com/people/neya-hu
http://www.zhihu.com/people/mark-ge-45
http://www.zhihu.com/people/ren-zha-feng
http://www.zhihu.com/people/annie-liu-59
http://www.zhihu.com/people/wang-xiao-3-77
http://www.zhihu.com/people/xuan-xuan-12-43
http://www.zhihu.com/people/cheng-fang-45
http://www.zhihu.com/people/wu-liang-jie-yi
http://www.zhihu.com/people/kovski
http://www.zhihu.com/people/plee
http://www.zhihu.com/people/he-xiang-36
http://www.zhihu.com/people/ye-yu-xi-he
http://www.zhihu.com/people/jiong-xiao-ming
http://www.zhihu.com/people/you-zi-han
http://www.zhihu.com/people/bai-ying-er
http://www.zhihu.com/people/tang-chao-84
http://www.zhihu.com/people/xiongyong
http://www.zhihu.com/people/ge-zhi-46
http://www.zhihu.com/people/li-xu-yi
http://www.zhihu.com/people/wangyu1993
http://www.zhihu.com/people/ni-hao-58-99
http://www.zhihu.com/people/shaxjl
http://www.zhihu.com/people/zanbu
http://www.zhihu.com/people/cai-xin-chun
http://www.zhihu.com/people/wang-geng-2
http://www.zhihu.com/people/castleyan
http://www.zhihu.com/people/zhang-cong-72
http://www.zhihu.com/people/jiu-ke
http://www.zhihu.com/people/lu-xiao-teng
http://www.zhihu.com/people/liar-93
http://www.zhihu.com/people/VerucaChan
http://www.zhihu.com/people/diao-nai-weng
http://www.zhihu.com/people/wang-yi-se-mu
http://www.zhihu.com/people/hysic
http://www.zhihu.com/people/zheng-zha-22
http://www.zhihu.com/people/zhang-yu-39-54
http://www.zhihu.com/people/huang-jun-93-19
http://www.zhihu.com/people/qi-gang-65
http://www.zhihu.com/people/ReCaLl.Zzc
http://www.zhihu.com/people/li-jian-hao-26
http://www.zhihu.com/people/swxstarry
http://www.zhihu.com/people/cai-jian-zheng-77
http://www.zhihu.com/people/pizei
http://www.zhihu.com/people/qiu-jia-cheng
http://www.zhihu.com/people/lin-yu-5
http://www.zhihu.com/people/magneto
http://www.zhihu.com/people/kong-wu-94-21
http://www.zhihu.com/people/lhwoo
http://www.zhihu.com/people/chen-li-ming-67
http://www.zhihu.com/people/kang-hong-bo
http://www.zhihu.com/people/cui-shao-xuan
http://www.zhihu.com/people/du-yu-jing
http://www.zhihu.com/people/bingyucas
http://www.zhihu.com/people/yang-momo1993
http://www.zhihu.com/people/wangpengyu
http://www.zhihu.com/people/liu-tao-77-61
http://www.zhihu.com/people/eng-p
http://www.zhihu.com/people/shaneyao-74
http://www.zhihu.com/people/threebodies
http://www.zhihu.com/people/chen-kai-83
http://www.zhihu.com/people/li-wei-kang
http://www.zhihu.com/people/xia-miao-67
http://www.zhihu.com/people/dong-jia-ming-63
http://www.zhihu.com/people/ting-yun-93
http://www.zhihu.com/people/xylona-sun
http://www.zhihu.com/people/gao-rui-75
http://www.zhihu.com/people/chen-xi-8-72
http://www.zhihu.com/people/chen-kai-30-73
http://www.zhihu.com/people/po-xiao-19
http://www.zhihu.com/people/liu-sha-22
http://www.zhihu.com/people/tang-jing-yu-24
http://www.zhihu.com/people/daqiwancheng
http://www.zhihu.com/people/peng-yi-dou
http://www.zhihu.com/people/zhao-yong-qiang-99
http://www.zhihu.com/people/xiaxiazhi
http://www.zhihu.com/people/kingxiao-mei
http://www.zhihu.com/people/yu-shui-78
http://www.zhihu.com/people/maguowei
http://www.zhihu.com/people/ying-zhu-bu-ku
http://www.zhihu.com/people/alice-45-16
http://www.zhihu.com/people/ha-ha-55-44
http://www.zhihu.com/people/naivedick
http://www.zhihu.com/people/shao-xiong-64
http://www.zhihu.com/people/liwende
http://www.zhihu.com/people/doors
http://www.zhihu.com/people/zhang-zhang-34-12
http://www.zhihu.com/people/xiang-xi-47-55
http://www.zhihu.com/people/zexiancui
http://www.zhihu.com/people/coconutcookie
http://www.zhihu.com/people/zhu-da-zhuang
http://www.zhihu.com/people/guanpeinan
http://www.zhihu.com/people/hyacinth-45
http://www.zhihu.com/people/hu-hao-lei
http://www.zhihu.com/people/mengshuai
http://www.zhihu.com/people/Bearoff
http://www.zhihu.com/people/yu-er-yang
http://www.zhihu.com/people/zheng-xiao-peng-70
http://www.zhihu.com/people/liu-bai-lu-16
http://www.zhihu.com/people/ding-man-14
http://www.zhihu.com/people/wu-di-83
http://www.zhihu.com/people/li-hao-82-11
http://www.zhihu.com/people/isshutatsuya
http://www.zhihu.com/people/liu-jun-you-99
http://www.zhihu.com/people/jin-rui-ge
http://www.zhihu.com/people/jiang-tian-xiang-64
http://www.zhihu.com/people/liu-yi-65-90
http://www.zhihu.com/people/zhihu_weekly
http://www.zhihu.com/people/julianchu
http://www.zhihu.com/people/suiran
http://www.zhihu.com/people/xiao-xiao-rong-23
http://www.zhihu.com/people/tan-ri-tian
http://www.zhihu.com/people/cheng-zeng-cun
http://www.zhihu.com/people/liu-bing-yan-80
http://www.zhihu.com/people/meng-jia-la
http://www.zhihu.com/people/wodehihi
http://www.zhihu.com/people/zhu-bao-5
http://www.zhihu.com/people/wk007
http://www.zhihu.com/people/li-long-66
http://www.zhihu.com/people/jacky-jacky-82
http://www.zhihu.com/people/li-xue-ba
http://www.zhihu.com/people/xuechengxi
http://www.zhihu.com/people/huang-xiao-mao
http://www.zhihu.com/people/tang-nai-hua
http://www.zhihu.com/people/zhang-feng-98-82
http://www.zhihu.com/people/guo-zhang-82
http://www.zhihu.com/people/jackzhang2014
http://www.zhihu.com/people/zhongxiaotu
http://www.zhihu.com/people/cao-wei-66-97
http://www.zhihu.com/people/pan-ming-ming-75
http://www.zhihu.com/people/yang-fu-bo-jie
http://www.zhihu.com/people/Cathin
http://www.zhihu.com/people/guo-da-lu-13-28
http://www.zhihu.com/people/wang-ying-97-70
http://www.zhihu.com/people/messense
http://www.zhihu.com/people/zhuo-zhi-ying
http://www.zhihu.com/people/lihuip3
http://www.zhihu.com/people/peoplegxs
http://www.zhihu.com/people/Zind
http://www.zhihu.com/people/juntaohu
http://www.zhihu.com/people/wu-yue-66
http://www.zhihu.com/people/shu-yun-36
http://www.zhihu.com/people/li-ao-si-qia
http://www.zhihu.com/people/jiang-___-min
http://www.zhihu.com/people/cha-guo-zi-hai
http://www.zhihu.com/people/jiang-wei-66-66
http://www.zhihu.com/people/zhao-xiao-long-56
http://www.zhihu.com/people/shen-ya-nan-44
http://www.zhihu.com/people/fan-xiao-xuan-41
http://www.zhihu.com/people/tang-yi-31
http://www.zhihu.com/people/dong-ge-pi
http://www.zhihu.com/people/di-sheng-4
http://www.zhihu.com/people/huaye
http://www.zhihu.com/people/hu-jia-cheng
http://www.zhihu.com/people/jiang-suan
http://www.zhihu.com/people/zhong-lei-34
http://www.zhihu.com/people/zhqjuice
http://www.zhihu.com/people/cocolee
http://www.zhihu.com/people/zheng-xia-ming
http://www.zhihu.com/people/sisley-75
http://www.zhihu.com/people/yang-fiona-93
http://www.zhihu.com/people/SeanParker
http://www.zhihu.com/people/siwenxiaojie
http://www.zhihu.com/people/lynn-xu
http://www.zhihu.com/people/bibo
http://www.zhihu.com/people/rs-simple
http://www.zhihu.com/people/he-yuan-sheng
http://www.zhihu.com/people/jin-xiao-hu-84
http://www.zhihu.com/people/jinhao
http://www.zhihu.com/people/morea
http://www.zhihu.com/people/qi-qi-52-78
http://www.zhihu.com/people/29tee
http://www.zhihu.com/people/nicdino
http://www.zhihu.com/people/zhao-chen-73-77
http://www.zhihu.com/people/deviceperk
http://www.zhihu.com/people/jiahuihu
http://www.zhihu.com/people/yu-qin-61
http://www.zhihu.com/people/liu-charlie
http://www.zhihu.com/people/thoreau-84
http://www.zhihu.com/people/jia-zhi-84
http://www.zhihu.com/people/1988
http://www.zhihu.com/people/zhang-feng-xian
http://www.zhihu.com/people/yang-xiao-ye-49
http://www.zhihu.com/people/emma-li-7
http://www.zhihu.com/people/hao-xin-97
http://www.zhihu.com/people/qiyanzhibai
http://www.zhihu.com/people/ji-pang
http://www.zhihu.com/people/xie-xiao-dong-78
http://www.zhihu.com/people/sayes
http://www.zhihu.com/people/qing-lan-98
http://www.zhihu.com/people/he-wei-94-82
http://www.zhihu.com/people/bai-hao-73
http://www.zhihu.com/people/zhang-sui-bian-22
http://www.zhihu.com/people/liu-pei-yao-3
http://www.zhihu.com/people/zhu-da-da-24
http://www.zhihu.com/people/chen-chen-38-78
http://www.zhihu.com/people/he-bu-ke
http://www.zhihu.com/people/zhu-zi-di
http://www.zhihu.com/people/xu-yu-zhe
http://www.zhihu.com/people/tong-ge-23
http://www.zhihu.com/people/jiu-qian-yi-shen
http://www.zhihu.com/people/wei-chen-wei
http://www.zhihu.com/people/halim-din
http://www.zhihu.com/people/albert-hu
http://www.zhihu.com/people/chen-wei-bin-40
http://www.zhihu.com/people/wavelet-14
http://www.zhihu.com/people/wang-sen-shine
http://www.zhihu.com/people/liaoyy
http://www.zhihu.com/people/xiong-fei-fei
http://www.zhihu.com/people/mi-zhan
http://www.zhihu.com/people/ceng-yu-62
http://www.zhihu.com/people/yu-zhou-zhou-82
http://www.zhihu.com/people/wawalala
http://www.zhihu.com/people/yeka
http://www.zhihu.com/people/gui-yan-60
http://www.zhihu.com/people/shubo909
http://www.zhihu.com/people/zhou-gang-64
http://www.zhihu.com/people/mo-hui-81
http://www.zhihu.com/people/CloseString
http://www.zhihu.com/people/xu-xiao-dao-11
http://www.zhihu.com/people/yun-heng-62
http://www.zhihu.com/people/connie1011929
http://www.zhihu.com/people/tao-lu
http://www.zhihu.com/people/dongdoufu
http://www.zhihu.com/people/wayne-tong
http://www.zhihu.com/people/tian-qi-74
http://www.zhihu.com/people/cang-mang-6
http://www.zhihu.com/people/su-xing-16
http://www.zhihu.com/people/diercn
http://www.zhihu.com/people/liubudong
http://www.zhihu.com/people/lee-jj
http://www.zhihu.com/people/iseesea
http://www.zhihu.com/people/liukeyi
http://www.zhihu.com/people/xoe-33
http://www.zhihu.com/people/sanglei
http://www.zhihu.com/people/xiruo
http://www.zhihu.com/people/mopz
http://www.zhihu.com/people/zheng-xiao-hang
http://www.zhihu.com/people/zhou-lei-5-90
http://www.zhihu.com/people/yi-sha-bei-lan
http://www.zhihu.com/people/bai-zhu-shui-99
http://www.zhihu.com/people/kang-ya-bo
http://www.zhihu.com/people/e-tong-bu-e
http://www.zhihu.com/people/wang-bo-5-59
http://www.zhihu.com/people/wang-xiao-qi-46
http://www.zhihu.com/people/possibilities
http://www.zhihu.com/people/liu-guang-hui-60
http://www.zhihu.com/people/zhu-ge-zhan
http://www.zhihu.com/people/xiao-chu
http://www.zhihu.com/people/qi
http://www.zhihu.com/people/mu-mu-9-93
http://www.zhihu.com/people/hu-zhan-jun
http://www.zhihu.com/people/yu-pa-pa-71
http://www.zhihu.com/people/dai-xiao-xi-70
http://www.zhihu.com/people/he-xu-kun
http://www.zhihu.com/people/orangetime
http://www.zhihu.com/people/zheng-cheng-37
http://www.zhihu.com/people/feng-xiao-ran-10
http://www.zhihu.com/people/lin-si-25
http://www.zhihu.com/people/cuanju
http://www.zhihu.com/people/ftium4
http://www.zhihu.com/people/lian-jian-60
http://www.zhihu.com/people/xie-wei-48
http://www.zhihu.com/people/chen-ming-chao-12
http://www.zhihu.com/people/luraluza
http://www.zhihu.com/people/zheng-rui-wei
http://www.zhihu.com/people/kong-meng-14
http://www.zhihu.com/people/leichengping
http://www.zhihu.com/people/pei-chao-hai
http://www.zhihu.com/people/yang-a-niu
http://www.zhihu.com/people/capbone
http://www.zhihu.com/people/hu-zi-86-42
http://www.zhihu.com/people/yang-yu-25
http://www.zhihu.com/people/zheshao-chang
http://www.zhihu.com/people/liu-hang-80
http://www.zhihu.com/people/li-yichi-82
http://www.zhihu.com/people/kcwh
http://www.zhihu.com/people/ma-que-10
http://www.zhihu.com/people/liu-liang-86
http://www.zhihu.com/people/epaull
http://www.zhihu.com/people/feng-jie-peng
http://www.zhihu.com/people/dizhe
http://www.zhihu.com/people/yan-meng-ying
http://www.zhihu.com/people/gooeyforms
http://www.zhihu.com/people/wu-yue-ting
http://www.zhihu.com/people/mapengze
http://www.zhihu.com/people/yun-xiu
http://www.zhihu.com/people/xin-lin-51
http://www.zhihu.com/people/ptpgzr
http://www.zhihu.com/people/li-er-bing
http://www.zhihu.com/people/hu-ke-30
http://www.zhihu.com/people/lin-wang-wei
http://www.zhihu.com/people/GilgameshK
http://www.zhihu.com/people/chen-xiao-feng-33
http://www.zhihu.com/people/tie-he-53
http://www.zhihu.com/people/yuke-fighting
http://www.zhihu.com/people/luo-jia-xi
http://www.zhihu.com/people/huang-yu-liang-20
http://www.zhihu.com/people/zhao-liang-35-3
http://www.zhihu.com/people/liu-zhi-xiang
http://www.zhihu.com/people/song-kai-51
http://www.zhihu.com/people/gu-ji
http://www.zhihu.com/people/lai-wei-90
http://www.zhihu.com/people/satanzhangdi
http://www.zhihu.com/people/rickey-yue
http://www.zhihu.com/people/tian-min-cheng
http://www.zhihu.com/people/detwin
http://www.zhihu.com/people/wei-xue-ping
http://www.zhihu.com/people/yuan-jun-74
http://www.zhihu.com/people/liu-quan-wei-39
http://www.zhihu.com/people/fu-xin-hua-15
http://www.zhihu.com/people/ruo-shui-23
http://www.zhihu.com/people/max-hua
http://www.zhihu.com/people/zhang-mo-17
http://www.zhihu.com/people/long-li-hong
http://www.zhihu.com/people/yangyue
http://www.zhihu.com/people/19951121
http://www.zhihu.com/people/dai-wei-99
http://www.zhihu.com/people/zhang-wei-zhong
http://www.zhihu.com/people/chen-jia-lin-68
http://www.zhihu.com/people/yaoyaoyao11
http://www.zhihu.com/people/sisyphus-18
http://www.zhihu.com/people/lin-guo-79
http://www.zhihu.com/people/yujiagao
http://www.zhihu.com/people/willmok
http://www.zhihu.com/people/long-lu-92
http://www.zhihu.com/people/dudu222
http://www.zhihu.com/people/alexis-37-71
http://www.zhihu.com/people/bingsu
http://www.zhihu.com/people/bao-ku-zi-huang
http://www.zhihu.com/people/yin-xue-ying
http://www.zhihu.com/people/gao-san-shui
http://www.zhihu.com/people/zhou-xing-xing-71-22
http://www.zhihu.com/people/Dominic_
http://www.zhihu.com/people/diecxters
http://www.zhihu.com/people/liu-chang-jie-94
http://www.zhihu.com/people/hong-guo-guo-79
http://www.zhihu.com/people/BillyHe
http://www.zhihu.com/people/advertisements
http://www.zhihu.com/people/ma-long-83
http://www.zhihu.com/people/chen-li-72-21
http://www.zhihu.com/people/huxiaoyi
http://www.zhihu.com/people/bitmirage
http://www.zhihu.com/people/Dabbler
http://www.zhihu.com/people/ifangcy
http://www.zhihu.com/people/huang-xiao-lue
http://www.zhihu.com/people/lan-xue-21
http://www.zhihu.com/people/Firemky
http://www.zhihu.com/people/zhou-jiu-61
http://www.zhihu.com/people/zi-fei-yu-73
http://www.zhihu.com/people/bai-ju-18
http://www.zhihu.com/people/ou-yang-hui-6
http://www.zhihu.com/people/bai-mao-monica
http://www.zhihu.com/people/butcherv
http://www.zhihu.com/people/wan-yue-7
http://www.zhihu.com/people/astridz
http://www.zhihu.com/people/byronyi
http://www.zhihu.com/people/yang-shuang-1
http://www.zhihu.com/people/raoy2010
http://www.zhihu.com/people/cai-xiao-gao
http://www.zhihu.com/people/tautcony
http://www.zhihu.com/people/guo-jia-chen-67-64
http://www.zhihu.com/people/zhu-lin-21-62-91
http://www.zhihu.com/people/junran
http://www.zhihu.com/people/gao-yuan-yuan-61
http://www.zhihu.com/people/wangtengchuan
http://www.zhihu.com/people/supersadcat
http://www.zhihu.com/people/chen-jie-43-67
http://www.zhihu.com/people/kikyoe
http://www.zhihu.com/people/li-shou-yin-89
http://www.zhihu.com/people/gao-jing-jie
http://www.zhihu.com/people/bzda
http://www.zhihu.com/people/yaochenhao
http://www.zhihu.com/people/yang-da-lin
http://www.zhihu.com/people/qing-jia-4
http://www.zhihu.com/people/yi-hui-zhong
http://www.zhihu.com/people/wang-ling-shan
http://www.zhihu.com/people/teng-dou-dou
http://www.zhihu.com/people/newblue
http://www.zhihu.com/people/yuan-yuan-75-42
http://www.zhihu.com/people/liuchengliu
http://www.zhihu.com/people/li-di-34
http://www.zhihu.com/people/viuviu
http://www.zhihu.com/people/zhu-bo-tao
http://www.zhihu.com/people/chu-meng-meng
http://www.zhihu.com/people/walter-32
http://www.zhihu.com/people/zhou-yu-xuan
http://www.zhihu.com/people/shi-chen-xiao
http://www.zhihu.com/people/qu-duo-duo-58
http://www.zhihu.com/people/xsclxin
http://www.zhihu.com/people/dong-jian-91
http://www.zhihu.com/people/wangtiancheng
http://www.zhihu.com/people/cai-zhu-xin
http://www.zhihu.com/people/icebrook
http://www.zhihu.com/people/liu-chun-73
http://www.zhihu.com/people/li-zhi-85-7
http://www.zhihu.com/people/lu-gui-chen-26
http://www.zhihu.com/people/zhang-wei-10-7
http://www.zhihu.com/people/-a-dong
http://www.zhihu.com/people/yang-kai-27
http://www.zhihu.com/people/ji-wei-70
http://www.zhihu.com/people/guren
http://www.zhihu.com/people/joeKoala
http://www.zhihu.com/people/chen-lu-20-20
http://www.zhihu.com/people/cai-yuan-pei
http://www.zhihu.com/people/li-ke-di
http://www.zhihu.com/people/ding-jia-tao
http://www.zhihu.com/people/dennis-41
http://www.zhihu.com/people/xiao-47
http://www.zhihu.com/people/chai-yong-yan
http://www.zhihu.com/people/akirachang
http://www.zhihu.com/people/fredomy
http://www.zhihu.com/people/ai-lue-te-72
http://www.zhihu.com/people/lisedong
http://www.zhihu.com/people/andreayeah
http://www.zhihu.com/people/mu-yang-ren
http://www.zhihu.com/people/shen-xiao-hui-66
http://www.zhihu.com/people/chendayun
http://www.zhihu.com/people/000088
http://www.zhihu.com/people/fuller
http://www.zhihu.com/people/he-lin-80
http://www.zhihu.com/people/xu-da-li-60
http://www.zhihu.com/people/sun-zhe-dong
http://www.zhihu.com/people/xiao-sa-06-16
http://www.zhihu.com/people/sun-lin-9
http://www.zhihu.com/people/ma-zhen-28
http://www.zhihu.com/people/xie-jun-qing
http://www.zhihu.com/people/sayhi987
http://www.zhihu.com/people/oumu
http://www.zhihu.com/people/kevincf
http://www.zhihu.com/people/susanlee
http://www.zhihu.com/people/92588dudu
http://www.zhihu.com/people/zhaoshijie
http://www.zhihu.com/people/song-yan-1026
http://www.zhihu.com/people/lanslife
http://www.zhihu.com/people/wang-qian-qian-5-49
http://www.zhihu.com/people/huang-zuo-ming
http://www.zhihu.com/people/Fraecak_l
http://www.zhihu.com/people/ha-lu
http://www.zhihu.com/people/godisout
http://www.zhihu.com/people/tu-dou-53
http://www.zhihu.com/people/wang-sheng-43-24
http://www.zhihu.com/people/guozhena
http://www.zhihu.com/people/l3on
http://www.zhihu.com/people/song-chan-7
http://www.zhihu.com/people/liu-cheng-an
http://www.zhihu.com/people/zourui55
http://www.zhihu.com/people/Luo
http://www.zhihu.com/people/bi-hua-shao-nian-82
http://www.zhihu.com/people/guo-sheng-23
http://www.zhihu.com/people/hentl
http://www.zhihu.com/people/feng-xiao-hei
http://www.zhihu.com/people/han-jian-bin-69
http://www.zhihu.com/people/mai-di-er
http://www.zhihu.com/people/susus
http://www.zhihu.com/people/veann
http://www.zhihu.com/people/lin-hui-hao-5
http://www.zhihu.com/people/yuhui614
http://www.zhihu.com/people/liu-jun-yuan-85
http://www.zhihu.com/people/daisy-51-58
http://www.zhihu.com/people/wolf_wu
http://www.zhihu.com/people/li-xi-rui
http://www.zhihu.com/people/ling-hu-30
http://www.zhihu.com/people/wang-hai-ping
http://www.zhihu.com/people/chenxc
http://www.zhihu.com/people/Mag1na
http://www.zhihu.com/people/you-ren
http://www.zhihu.com/people/lin-hai-96
http://www.zhihu.com/people/amok-reen
http://www.zhihu.com/people/qu-peng-55
http://www.zhihu.com/people/lwjdev
http://www.zhihu.com/people/zuo-zhi
http://www.zhihu.com/people/lulu-zhang-72
http://www.zhihu.com/people/yan-li-24
http://www.zhihu.com/people/zhao-lei-6-77
http://www.zhihu.com/people/zhang-tian-94
http://www.zhihu.com/people/mingyi-5
http://www.zhihu.com/people/mo-gu-dian-dian
http://www.zhihu.com/people/airpigxl
http://www.zhihu.com/people/huangrong
http://www.zhihu.com/people/li-qiang-55
http://www.zhihu.com/people/jysm
http://www.zhihu.com/people/toylori
http://www.zhihu.com/people/wu-song-65
http://www.zhihu.com/people/Janmy
http://www.zhihu.com/people/su-zhou-yang
http://www.zhihu.com/people/liu-lin-24
http://www.zhihu.com/people/jing-xiao-liang
http://www.zhihu.com/people/ning-schue
http://www.zhihu.com/people/xiaoxingchange
http://www.zhihu.com/people/puff.moa
http://www.zhihu.com/people/applamoffy
http://www.zhihu.com/people/deng-qiao-96
http://www.zhihu.com/people/theseven
http://www.zhihu.com/people/xia-ri-yang-fan
http://www.zhihu.com/people/li-xiang-85
http://www.zhihu.com/people/maskn
http://www.zhihu.com/people/sunyifeng
http://www.zhihu.com/people/zhang-lei-79-38
http://www.zhihu.com/people/wzz-pku
http://www.zhihu.com/people/liang-24
http://www.zhihu.com/people/xfruiyy
http://www.zhihu.com/people/lyndonneu
http://www.zhihu.com/people/xu-fen-22
http://www.zhihu.com/people/leungma
http://www.zhihu.com/people/qiu-ling-66
http://www.zhihu.com/people/dao-dao-62
http://www.zhihu.com/people/tian-feng-lin
http://www.zhihu.com/people/wang-qiu-shi-76
http://www.zhihu.com/people/_zhao_xu_
http://www.zhihu.com/people/kenny-king
http://www.zhihu.com/people/deng-ya-sheng
http://www.zhihu.com/people/sun-meng-yu-34
http://www.zhihu.com/people/xiaojuan
http://www.zhihu.com/people/jeremeynull
http://www.zhihu.com/people/zhong-ye-zi-49
http://www.zhihu.com/people/szy095
http://www.zhihu.com/people/zhang-meng-meng-85
http://www.zhihu.com/people/li-chang-yan
http://www.zhihu.com/people/JimChen0
http://www.zhihu.com/people/arethusa
http://www.zhihu.com/people/mo-shen-94
http://www.zhihu.com/people/namiheike
http://www.zhihu.com/people/li-jun-58-42
http://www.zhihu.com/people/xie-yicheng
http://www.zhihu.com/people/xu-yong-jia
http://www.zhihu.com/people/zhao-wen-zhe-69
http://www.zhihu.com/people/feng-bo-zhao
http://www.zhihu.com/people/diao-yuan-yuan
http://www.zhihu.com/people/jia-wen-min
http://www.zhihu.com/people/yang-yi-lin-63
http://www.zhihu.com/people/muxiaogang
http://www.zhihu.com/people/wang-yu-20-70
http://www.zhihu.com/people/liao-liao-85
http://www.zhihu.com/people/li-dan-1020
http://www.zhihu.com/people/jason-j
http://www.zhihu.com/people/lin-zhe-96
http://www.zhihu.com/people/zi-xuan-44
http://www.zhihu.com/people/dio007
http://www.zhihu.com/people/phos
http://www.zhihu.com/people/pkpkppk3607
http://www.zhihu.com/people/wang-chao-38
http://www.zhihu.com/people/zhou-xin-59-6
http://www.zhihu.com/people/liu-wang-94
http://www.zhihu.com/people/shao-dong
http://www.zhihu.com/people/guhongguangju
http://www.zhihu.com/people/yetone
http://www.zhihu.com/people/ti-ti-68-21
http://www.zhihu.com/people/wang-yan-yu-64
http://www.zhihu.com/people/kaboslin
http://www.zhihu.com/people/godling
http://www.zhihu.com/people/zhou-zhen-81-42
http://www.zhihu.com/people/zhang-qi-can
http://www.zhihu.com/people/xiazhizhou
http://www.zhihu.com/people/lihao90
http://www.zhihu.com/people/demasquer
http://www.zhihu.com/people/hatemehateme
http://www.zhihu.com/people/lun-tai
http://www.zhihu.com/people/qucc
http://www.zhihu.com/people/rikiyaru
http://www.zhihu.com/people/zhaojun4084
http://www.zhihu.com/people/cui-xiao-er
http://www.zhihu.com/people/qia-qi-61
http://www.zhihu.com/people/lin-lin-98-23
http://www.zhihu.com/people/li-chen-8
http://www.zhihu.com/people/hkt48
http://www.zhihu.com/people/rancho-42
http://www.zhihu.com/people/ke-shui-31
http://www.zhihu.com/people/smallwillow
http://www.zhihu.com/people/laji2heiyi
http://www.zhihu.com/people/gino-23
http://www.zhihu.com/people/lu-yao-91-23
http://www.zhihu.com/people/kianhuang01
http://www.zhihu.com/people/zhang-xiao-fan-25-69
http://www.zhihu.com/people/leoqiindustry
http://www.zhihu.com/people/wang-guo-dong-34
http://www.zhihu.com/people/jiu-ling-43
http://www.zhihu.com/people/zhang-zhen-92-15
http://www.zhihu.com/people/xu-shao-hua
http://www.zhihu.com/people/cheng-yan-yan
http://www.zhihu.com/people/mu-ba-er
http://www.zhihu.com/people/nines
http://www.zhihu.com/people/xiao-sha-93
http://www.zhihu.com/people/lynnc
http://www.zhihu.com/people/candyyu
http://www.zhihu.com/people/duan-ya-juan-46
http://www.zhihu.com/people/yuyixia
http://www.zhihu.com/people/jerry-cen
http://www.zhihu.com/people/Evelyn0908
http://www.zhihu.com/people/meng-jia-54
http://www.zhihu.com/people/hola-59
http://www.zhihu.com/people/li-guo-qiang-57
http://www.zhihu.com/people/tangyupolice
http://www.zhihu.com/people/mo-qi-rui
http://www.zhihu.com/people/wu-yu-yu-18
http://www.zhihu.com/people/yang-tian-nan
http://www.zhihu.com/people/weixinsam
http://www.zhihu.com/people/xiong-wen-ting
http://www.zhihu.com/people/starcookie
http://www.zhihu.com/people/wang-ji-85
http://www.zhihu.com/people/aoimishi
http://www.zhihu.com/people/han-yan-hui
http://www.zhihu.com/people/HanedaNakayama
http://www.zhihu.com/people/joe
http://www.zhihu.com/people/caoyi-29
http://www.zhihu.com/people/Aztec
http://www.zhihu.com/people/han-de-sheng
http://www.zhihu.com/people/ying-zi
http://www.zhihu.com/people/gu-tong-17
http://www.zhihu.com/people/jessie-chia-34
http://www.zhihu.com/people/tirendushu
http://www.zhihu.com/people/guranzhi
http://www.zhihu.com/people/yi-zhong-wei
http://www.zhihu.com/people/zhang-zhi-81
http://www.zhihu.com/people/yxue
http://www.zhihu.com/people/shen-zhu-jun
http://www.zhihu.com/people/chen-xu-fan-17
http://www.zhihu.com/people/yu-he-fei
http://www.zhihu.com/people/li-long-tao
http://www.zhihu.com/people/david-geng
http://www.zhihu.com/people/macrochen
http://www.zhihu.com/people/lian-shan-yue
http://www.zhihu.com/people/likang
http://www.zhihu.com/people/yu-cheng-92
http://www.zhihu.com/people/li-xiao-48-87
http://www.zhihu.com/people/wu-ze-92
http://www.zhihu.com/people/liu-xiao-long-83
http://www.zhihu.com/people/tangsyau
http://www.zhihu.com/people/nuclearcarrot
http://www.zhihu.com/people/tian-lu-99
http://www.zhihu.com/people/lai-feng-77
http://www.zhihu.com/people/jzone
http://www.zhihu.com/people/coolcat
http://www.zhihu.com/people/cherrydcy
http://www.zhihu.com/people/han-chen-72
http://www.zhihu.com/people/aima
http://www.zhihu.com/people/jiang-pei-bao-55
http://www.zhihu.com/people/yu-san-geng
http://www.zhihu.com/people/han-bao-cai
http://www.zhihu.com/people/qiao-yu-61
http://www.zhihu.com/people/li-jia-ye
http://www.zhihu.com/people/yang-bei-65
http://www.zhihu.com/people/zheng-mu-rong
http://www.zhihu.com/people/tcstar
http://www.zhihu.com/people/huang-meng-80
http://www.zhihu.com/people/hui-se-64
http://www.zhihu.com/people/zi-mu-3
http://www.zhihu.com/people/kuangzhou
http://www.zhihu.com/people/thundercat
http://www.zhihu.com/people/qiu-shan
http://www.zhihu.com/people/janhnson
http://www.zhihu.com/people/zhan-ci
http://www.zhihu.com/people/gongxiaofei
http://www.zhihu.com/people/fajia
http://www.zhihu.com/people/jerrfy
http://www.zhihu.com/people/yehuai
http://www.zhihu.com/people/miza
http://www.zhihu.com/people/liu-yang-18-26-66
http://www.zhihu.com/people/shui-di-76
http://www.zhihu.com/people/Ricahrd.Light
http://www.zhihu.com/people/jin-ling-21
http://www.zhihu.com/people/ysy-9
http://www.zhihu.com/people/feng-xiong-89
http://www.zhihu.com/people/shan-young
http://www.zhihu.com/people/williamzhang
http://www.zhihu.com/people/yi-zhi-83
http://www.zhihu.com/people/wenwenerya
http://www.zhihu.com/people/yang-wei-jie-13
http://www.zhihu.com/people/cai-ming-gui
http://www.zhihu.com/people/hu-li-wen-2
http://www.zhihu.com/people/wangyongxin
http://www.zhihu.com/people/houxiyang
http://www.zhihu.com/people/liang-chuan-54
http://www.zhihu.com/people/ye-tao-rui
http://www.zhihu.com/people/peiyang1895
http://www.zhihu.com/people/shi-da-wan
http://www.zhihu.com/people/zhang-yong-hao
http://www.zhihu.com/people/yao-cheng-yu
http://www.zhihu.com/people/chen-ming-gui
http://www.zhihu.com/people/shadows
http://www.zhihu.com/people/sellsoda
http://www.zhihu.com/people/zheng-xin-56
http://www.zhihu.com/people/rene-zhu
http://www.zhihu.com/people/song-qian-88
http://www.zhihu.com/people/wang-xiao-chi
http://www.zhihu.com/people/tai-qing-28
http://www.zhihu.com/people/GionCat
http://www.zhihu.com/people/up-up-75
http://www.zhihu.com/people/zhang-da-hai-57
http://www.zhihu.com/people/fu-cheng-kai
http://www.zhihu.com/people/ban-ya-tu
http://www.zhihu.com/people/june-28-20
http://www.zhihu.com/people/yu-xing-en
http://www.zhihu.com/people/chen-bing-hong-73
http://www.zhihu.com/people/buadlh
http://www.zhihu.com/people/mmyww
http://www.zhihu.com/people/Ataraxia002
http://www.zhihu.com/people/zhang-xin-84-60
http://www.zhihu.com/people/chen-chun-chun-13
http://www.zhihu.com/people/li-mu-qing-521
http://www.zhihu.com/people/tang-hai-yang-4
http://www.zhihu.com/people/jonson-fang
http://www.zhihu.com/people/zhang-ju-xuan
http://www.zhihu.com/people/techoxygen
http://www.zhihu.com/people/RHRH
http://www.zhihu.com/people/tianpan
http://www.zhihu.com/people/wang-xiao-ya-18
http://www.zhihu.com/people/yao-xing-guang
http://www.zhihu.com/people/summer2flower
http://www.zhihu.com/people/zhang-hao-62-6
http://www.zhihu.com/people/zhang-shi-pu
http://www.zhihu.com/people/raymond-wang
http://www.zhihu.com/people/ding-zhu-73
http://www.zhihu.com/people/rao-sha-sha
http://www.zhihu.com/people/you-guo-59
http://www.zhihu.com/people/yanxiaojin
http://www.zhihu.com/people/jerryyu-86
http://www.zhihu.com/people/ge-shang-qi
http://www.zhihu.com/people/li-jian-73
http://www.zhihu.com/people/zhang-zhan-tu
http://www.zhihu.com/people/WellBoy
http://www.zhihu.com/people/you-shui-han
http://www.zhihu.com/people/airspuer
http://www.zhihu.com/people/feng-jian-sui
http://www.zhihu.com/people/yu-wen-qi
http://www.zhihu.com/people/er-shi-yi
http://www.zhihu.com/people/dake
http://www.zhihu.com/people/wan-wei-89
http://www.zhihu.com/people/shimengchen
http://www.zhihu.com/people/zhang-wen-lu-66
http://www.zhihu.com/people/lu-lao-si
http://www.zhihu.com/people/mei-mei-mei-mei-mei-pi-qi
http://www.zhihu.com/people/hexiaobing
http://www.zhihu.com/people/cytzrs
http://www.zhihu.com/people/meiyouzhuya
http://www.zhihu.com/people/li-xiao-zheng-52
http://www.zhihu.com/people/di-xiao-bin
http://www.zhihu.com/people/danialle
http://www.zhihu.com/people/bo-yi-42
http://www.zhihu.com/people/ou-yang-27
http://www.zhihu.com/people/flily
http://www.zhihu.com/people/eric-5
http://www.zhihu.com/people/hui-xiang
http://www.zhihu.com/people/jiu-bao
http://www.zhihu.com/people/chen-xin-76
http://www.zhihu.com/people/xuexue
http://www.zhihu.com/people/chen-yifei
http://www.zhihu.com/people/wang-jian-88-94
http://www.zhihu.com/people/snowlord
http://www.zhihu.com/people/chang-kai-xin-85
http://www.zhihu.com/people/ben-ben-guai-guai
http://www.zhihu.com/people/xiao-fan-55
http://www.zhihu.com/people/jin-jie-zi
http://www.zhihu.com/people/zhang-chun-34
http://www.zhihu.com/people/li-yang-89
http://www.zhihu.com/people/jing-zi
http://www.zhihu.com/people/anita-cheuk
http://www.zhihu.com/people/c4rp3nt3r
http://www.zhihu.com/people/renfeisong
http://www.zhihu.com/people/xu-xing
http://www.zhihu.com/people/tong-ming-hui
http://www.zhihu.com/people/umifam
http://www.zhihu.com/people/gang-zi-70
http://www.zhihu.com/people/shi-zhen-xiang
http://www.zhihu.com/people/yunlu
http://www.zhihu.com/people/caramelgrace
http://www.zhihu.com/people/guannan
http://www.zhihu.com/people/tang-fan-fan
http://www.zhihu.com/people/liuxing
http://www.zhihu.com/people/liang-ruo-bei-chen
http://www.zhihu.com/people/jin-jian-qiu
http://www.zhihu.com/people/feversun
http://www.zhihu.com/people/zheng-jin-tao
http://www.zhihu.com/people/jiang-xiao-yu-32-39
http://www.zhihu.com/people/du-xiao-yu-46
http://www.zhihu.com/people/bi-you-72
http://www.zhihu.com/people/hanwei...
http://www.zhihu.com/people/bighau
http://www.zhihu.com/people/zhanghangbo
http://www.zhihu.com/people/yuukyuu
http://www.zhihu.com/people/xia-jie-95
http://www.zhihu.com/people/kayken
http://www.zhihu.com/people/chriszhenzhen
http://www.zhihu.com/people/xia-xiao-qiu-34
http://www.zhihu.com/people/cheng-fang-hang
http://www.zhihu.com/people/sentimental_animal
http://www.zhihu.com/people/cumt
http://www.zhihu.com/people/imceobitch
http://www.zhihu.com/people/wang-___-lan
http://www.zhihu.com/people/zhao-dong-49
http://www.zhihu.com/people/leelooluu
http://www.zhihu.com/people/wang-lei-14-53
http://www.zhihu.com/people/wu-wen-kui
http://www.zhihu.com/people/be-with-lele
http://www.zhihu.com/people/wangcheng678
http://www.zhihu.com/people/zhang-chen-xi-52
http://www.zhihu.com/people/li-jun-eileen
http://www.zhihu.com/people/iceblues
http://www.zhihu.com/people/zhi42
http://www.zhihu.com/people/chai-pi-ma
http://www.zhihu.com/people/yuger.net
http://www.zhihu.com/people/zoooey
http://www.zhihu.com/people/anyi90
http://www.zhihu.com/people/hiworldofice
http://www.zhihu.com/people/zhang-hao-22
http://www.zhihu.com/people/li-ping-fan-39
http://www.zhihu.com/people/ye-tian
http://www.zhihu.com/people/stig-zhang
http://www.zhihu.com/people/ruih
http://www.zhihu.com/people/gao-cong-68
http://www.zhihu.com/people/huanghuihui1991
http://www.zhihu.com/people/sensenv
http://www.zhihu.com/people/gao-yin-pan
http://www.zhihu.com/people/meng-geng-sheng
http://www.zhihu.com/people/elichang
http://www.zhihu.com/people/zhao-qian-ni
http://www.zhihu.com/people/peng-zhi-ran
http://www.zhihu.com/people/hahnzhu
http://www.zhihu.com/people/zhuo-yu-zi
http://www.zhihu.com/people/gan-qiang
http://www.zhihu.com/people/z-wen-yong
http://www.zhihu.com/people/bo-wen-49
http://www.zhihu.com/people/dizzarz
http://www.zhihu.com/people/sun-xi-ting
http://www.zhihu.com/people/li-ai-86
http://www.zhihu.com/people/zhao-yan-bi-ri
http://www.zhihu.com/people/cove
http://www.zhihu.com/people/qwhe
http://www.zhihu.com/people/song-fei
http://www.zhihu.com/people/jian-zhu-61
http://www.zhihu.com/people/melon-ding
http://www.zhihu.com/people/he-jia-hong
http://www.zhihu.com/people/zaizaiyoxi
http://www.zhihu.com/people/a-du
http://www.zhihu.com/people/zhao-zi-chu
http://www.zhihu.com/people/jiang-zheng-58
http://www.zhihu.com/people/li-qiang-24-97
http://www.zhihu.com/people/camp
http://www.zhihu.com/people/li-cheng-gan
http://www.zhihu.com/people/junlele
http://www.zhihu.com/people/windan0901
http://www.zhihu.com/people/yang-kai-guang
http://www.zhihu.com/people/gong-shao-heng
http://www.zhihu.com/people/zhang-ming-21-51
http://www.zhihu.com/people/orzwind
http://www.zhihu.com/people/melo
http://www.zhihu.com/people/johnsonguo
http://www.zhihu.com/people/ni-chuang
http://www.zhihu.com/people/zhao-qi-wei
http://www.zhihu.com/people/zheng-liang-tian
http://www.zhihu.com/people/luoxr
http://www.zhihu.com/people/yu-bo-yu
http://www.zhihu.com/people/jacobevermore
http://www.zhihu.com/people/huma
http://www.zhihu.com/people/zhangdashe
http://www.zhihu.com/people/paul-shadow
http://www.zhihu.com/people/wu-ting-ting
http://www.zhihu.com/people/chi-li-jie
http://www.zhihu.com/people/positive52energy
http://www.zhihu.com/people/heloise
http://www.zhihu.com/people/an-xiao-xi
http://www.zhihu.com/people/haohaoxuexi
http://www.zhihu.com/people/gui-meng-yuan
http://www.zhihu.com/people/ma-xiao-jun-61
http://www.zhihu.com/people/qian-gui-shen
http://www.zhihu.com/people/yanghongyang
http://www.zhihu.com/people/jie-ying
http://www.zhihu.com/people/zhou-zhu-2
http://www.zhihu.com/people/an-zhi-25
http://www.zhihu.com/people/wang-yuan-66-5
http://www.zhihu.com/people/original
http://www.zhihu.com/people/tongjinghao
http://www.zhihu.com/people/zhu-wei-cheng-33
http://www.zhihu.com/people/tazx
http://www.zhihu.com/people/chenhongwei
http://www.zhihu.com/people/liang-yu
http://www.zhihu.com/people/qian-feng-27
http://www.zhihu.com/people/ma-bo-ping
http://www.zhihu.com/people/li-er-hao
http://www.zhihu.com/people/teng-xian-liang
http://www.zhihu.com/people/chenghan
http://www.zhihu.com/people/hao-ran-20
http://www.zhihu.com/people/zhibuzhi
http://www.zhihu.com/people/zou-dao-kou
http://www.zhihu.com/people/SkyWalkerAL
http://www.zhihu.com/people/jun-hua
http://www.zhihu.com/people/peterlu
http://www.zhihu.com/people/xiao-yang-tu-tu
http://www.zhihu.com/people/zhao-shu-chen-29
http://www.zhihu.com/people/toraj
http://www.zhihu.com/people/zhuxiaodong
http://www.zhihu.com/people/liuyang-37
http://www.zhihu.com/people/bai-da-bai
http://www.zhihu.com/people/heimao
http://www.zhihu.com/people/stayreal
http://www.zhihu.com/people/xu-yu-xiang-74
http://www.zhihu.com/people/chen-tian-li
http://www.zhihu.com/people/harold-chan
http://www.zhihu.com/people/fengyongzhi
http://www.zhihu.com/people/eilif
http://www.zhihu.com/people/wang-xu-dong-79
http://www.zhihu.com/people/roy-feng
http://www.zhihu.com/people/jiang-hua-8
http://www.zhihu.com/people/yshone
http://www.zhihu.com/people/Challenger800
http://www.zhihu.com/people/greyopps
http://www.zhihu.com/people/liu-shuang-yang
http://www.zhihu.com/people/liyadong
http://www.zhihu.com/people/xie-fen-36
http://www.zhihu.com/people/jin-xiao-jian-63
http://www.zhihu.com/people/xiaodaoren
http://www.zhihu.com/people/yang-wen-guang
http://www.zhihu.com/people/zhou-xing-73
http://www.zhihu.com/people/tang-wen-tao
http://www.zhihu.com/people/po-dai
http://www.zhihu.com/people/1750
http://www.zhihu.com/people/xi-yi-89
http://www.zhihu.com/people/helen-87
http://www.zhihu.com/people/marsorange
http://www.zhihu.com/people/pb612
http://www.zhihu.com/people/chouthen
http://www.zhihu.com/people/shawn-4-79
http://www.zhihu.com/people/hu-ming-qing
http://www.zhihu.com/people/huangchi
http://www.zhihu.com/people/luoyang
http://www.zhihu.com/people/seventeen
http://www.zhihu.com/people/wu-wei-96-47
http://www.zhihu.com/people/nian-83
http://www.zhihu.com/people/liu-kuang-xiang
http://www.zhihu.com/people/fang-m
http://www.zhihu.com/people/Dream_Young
http://www.zhihu.com/people/hongju-yang
http://www.zhihu.com/people/wei-yuan-20
http://www.zhihu.com/people/chen-peng-cheng-23
http://www.zhihu.com/people/wang-wen-ping
http://www.zhihu.com/people/bitrat
http://www.zhihu.com/people/parsley
http://www.zhihu.com/people/xia-fei-52
http://www.zhihu.com/people/ershun
http://www.zhihu.com/people/puyun
http://www.zhihu.com/people/kyle928
http://www.zhihu.com/people/cici
http://www.zhihu.com/people/a-le-21
http://www.zhihu.com/people/mo0o0fsjmf0icbi
http://www.zhihu.com/people/zhenqu
http://www.zhihu.com/people/zhao-yue-yu
http://www.zhihu.com/people/xylisten
http://www.zhihu.com/people/Hiro_yg
http://www.zhihu.com/people/c8h10n4o2
http://www.zhihu.com/people/chenshuo
http://www.zhihu.com/people/hahaheheha
http://www.zhihu.com/people/DDou
http://www.zhihu.com/people/eveloque
http://www.zhihu.com/people/peach
http://www.zhihu.com/people/jennifer
http://www.zhihu.com/people/huang-long-10
http://www.zhihu.com/people/yansisi
http://www.zhihu.com/people/zhang-ming-yu
http://www.zhihu.com/people/cy-51
http://www.zhihu.com/people/ruah
http://www.zhihu.com/people/wmichelle
http://www.zhihu.com/people/zhangteng
http://www.zhihu.com/people/zhu-feng-xiang
http://www.zhihu.com/people/song-yuan-jia-77
http://www.zhihu.com/people/beijinghuanyingshui
http://www.zhihu.com/people/lei-ze-89
http://www.zhihu.com/people/choq
http://www.zhihu.com/people/yi-xiao-fan
http://www.zhihu.com/people/0001
http://www.zhihu.com/people/secret
http://www.zhihu.com/people/xiao-xing-xing-61
http://www.zhihu.com/people/lohas-edu
http://www.zhihu.com/people/wangbohan
http://www.zhihu.com/people/littlesoda
http://www.zhihu.com/people/suncuss
http://www.zhihu.com/people/lilydjwg
http://www.zhihu.com/people/sun-zhen-hua
http://www.zhihu.com/people/cydleading
http://www.zhihu.com/people/zhu-jun-qiang
http://www.zhihu.com/people/mjl_zhihu
http://www.zhihu.com/people/Dian
http://www.zhihu.com/people/da-chang-gan-jun
http://www.zhihu.com/people/lai-ni
http://www.zhihu.com/people/li-mei-47
http://www.zhihu.com/people/muffinc
http://www.zhihu.com/people/osiris-wind
http://www.zhihu.com/people/lin-jiang-cheng
http://www.zhihu.com/people/chuan-zhu
http://www.zhihu.com/people/anyan
http://www.zhihu.com/people/ziofat
http://www.zhihu.com/people/billhan
http://www.zhihu.com/people/laura-2
http://www.zhihu.com/people/amuro1230
http://www.zhihu.com/people/howtimeflies
http://www.zhihu.com/people/JeOam
http://www.zhihu.com/people/zzyzxd
http://www.zhihu.com/people/wsph123
http://www.zhihu.com/people/dai-ren-zhi
http://www.zhihu.com/people/xuxing
http://www.zhihu.com/people/tao-rui-42-48
http://www.zhihu.com/people/yucca
http://www.zhihu.com/people/donhi
http://www.zhihu.com/people/robbins
http://www.zhihu.com/people/bangkok3
http://www.zhihu.com/people/gaohao
http://www.zhihu.com/people/happyleaf
http://www.zhihu.com/people/zhenghuiwen
http://www.zhihu.com/people/prxh
http://www.zhihu.com/people/vinciarts
http://www.zhihu.com/people/qian-chen-xin
http://www.zhihu.com/people/FLYY
http://www.zhihu.com/people/raven-gao
http://www.zhihu.com/people/104854
http://www.zhihu.com/people/rsr_7
http://www.zhihu.com/people/fan-cheng-da
http://www.zhihu.com/people/delphi
http://www.zhihu.com/people/aaron3206
http://www.zhihu.com/people/lan-feng-ming
http://www.zhihu.com/people/yan-tu-tu-67
http://www.zhihu.com/people/yangtianyin
http://www.zhihu.com/people/lujia
http://www.zhihu.com/people/inaxu
http://www.zhihu.com/people/moxi
http://www.zhihu.com/people/yan-hao
http://www.zhihu.com/people/yipkoonyui
http://www.zhihu.com/people/xvector
http://www.zhihu.com/people/lai-sheng
http://www.zhihu.com/people/steveren
http://www.zhihu.com/people/colorwill
http://www.zhihu.com/people/yu-ting
http://www.zhihu.com/people/lihua
http://www.zhihu.com/people/lai-shu-jian
http://www.zhihu.com/people/xinvi
http://www.zhihu.com/people/guxizhao
http://www.zhihu.com/people/HloveY
http://www.zhihu.com/people/Zhendong
http://www.zhihu.com/people/Robot-Yu
http://www.zhihu.com/people/tian-fu-rong
http://www.zhihu.com/people/india
http://www.zhihu.com/people/jing-lei
http://www.zhihu.com/people/whale
http://www.zhihu.com/people/boviyoung
http://www.zhihu.com/people/cklover
http://www.zhihu.com/people/haoren
http://www.zhihu.com/people/i0xbean
http://www.zhihu.com/people/yang-cong-quan-man-tou
http://www.zhihu.com/people/beishenjuangu
http://www.zhihu.com/people/zombie
http://www.zhihu.com/people/zei-xi-bao
http://www.zhihu.com/people/jixin
http://www.zhihu.com/people/linklion
http://www.zhihu.com/people/ren-qin-ming
http://www.zhihu.com/people/sun-wu
http://www.zhihu.com/people/tlxue
http://www.zhihu.com/people/suo-chao
http://www.zhihu.com/people/billion-7
http://www.zhihu.com/people/yangxi
http://www.zhihu.com/people/xia-xiao-mo
http://www.zhihu.com/people/ao-tu-kou-tian
http://www.zhihu.com/people/mei-dong-64
http://www.zhihu.com/people/shu-duan-duan
http://www.zhihu.com/people/jerry-hu
http://www.zhihu.com/people/gong-zhi-yang
http://www.zhihu.com/people/fei-jiao
http://www.zhihu.com/people/key4ever
http://www.zhihu.com/people/paicha
http://www.zhihu.com/people/1005gel
http://www.zhihu.com/people/huang-qi
http://www.zhihu.com/people/dgy125
http://www.zhihu.com/people/bao-zou
http://www.zhihu.com/people/awey
http://www.zhihu.com/people/yuanfang
http://www.zhihu.com/people/cai-tong
http://www.zhihu.com/people/timger
http://www.zhihu.com/people/zhang-lin-zhi007
http://www.zhihu.com/people/gino
http://www.zhihu.com/people/kevinli
http://www.zhihu.com/people/chenran
http://www.zhihu.com/people/buptguo
http://www.zhihu.com/people/jiyinyiyong
http://www.zhihu.com/people/ssstao
http://www.zhihu.com/people/nina-rong
http://www.zhihu.com/people/commando
http://www.zhihu.com/people/xie-miao-qing
http://www.zhihu.com/people/qichong
http://www.zhihu.com/people/zkaip
http://www.zhihu.com/people/zhaobo
http://www.zhihu.com/people/zhao-hao
