http://www.zhihu.com/people/cao-xiao-cong-91
http://www.zhihu.com/people/wang-hu-ya
http://www.zhihu.com/people/feng-hao-84
http://www.zhihu.com/people/sagasw
http://www.zhihu.com/people/ayr1
http://www.zhihu.com/people/liusihao
http://www.zhihu.com/people/zhuzike.com
http://www.zhihu.com/people/li-jia-jia-12
http://www.zhihu.com/people/xiao-chu
http://www.zhihu.com/people/iyucci
http://www.zhihu.com/people/gavenzhang
http://www.zhihu.com/people/arnold-pei
http://www.zhihu.com/people/terrylee
http://www.zhihu.com/people/jun-yi-14
http://www.zhihu.com/people/relly
http://www.zhihu.com/people/zhang-yi-fan-48
http://www.zhihu.com/people/he-ji-chong
http://www.zhihu.com/people/tonydeng
http://www.zhihu.com/people/cheung-tim
http://www.zhihu.com/people/mqingyn
http://www.zhihu.com/people/peng-yong-82
http://www.zhihu.com/people/hang-hang-7
http://www.zhihu.com/people/GilgameshK
http://www.zhihu.com/people/tan-ri-tian
http://www.zhihu.com/people/ni-ni-4
http://www.zhihu.com/people/iian
http://www.zhihu.com/people/xie-wei-you
http://www.zhihu.com/people/he-yuan-sheng
http://www.zhihu.com/people/joe-hero
http://www.zhihu.com/people/coldair
http://www.zhihu.com/people/reese717
http://www.zhihu.com/people/bonnyeah
http://www.zhihu.com/people/chang-jing-lu-11
http://www.zhihu.com/people/ke-le-eclipse
http://www.zhihu.com/people/yu-song-77
http://www.zhihu.com/people/me0mj
http://www.zhihu.com/people/lu-gui-chen-26
http://www.zhihu.com/people/patrick-gowers
http://www.zhihu.com/people/yi-cheng-58
http://www.zhihu.com/people/iseesea
http://www.zhihu.com/people/bxjboy
http://www.zhihu.com/people/nndnnd
http://www.zhihu.com/people/buhaoqiao
http://www.zhihu.com/people/djne
http://www.zhihu.com/people/noff
http://www.zhihu.com/people/susus
http://www.zhihu.com/people/andyfoolish
http://www.zhihu.com/people/smbt
http://www.zhihu.com/people/soolby
http://www.zhihu.com/people/xuzhihong
http://www.zhihu.com/people/qichong
http://www.zhihu.com/people/kang-wei
http://www.zhihu.com/people/justin-zeng
http://www.zhihu.com/people/sun-lin-9
http://www.zhihu.com/people/lu-ming-yin-7
http://www.zhihu.com/people/wang-ze-liang-42
http://www.zhihu.com/people/zhong-ye-zi-49
http://www.zhihu.com/people/wang-fei-24
http://www.zhihu.com/people/dai-wei-99
http://www.zhihu.com/people/yangshengli
http://www.zhihu.com/people/aguihwang
http://www.zhihu.com/people/techoxygen
http://www.zhihu.com/people/chougu
http://www.zhihu.com/people/zhu-qing
http://www.zhihu.com/people/huang-wen-6
http://www.zhihu.com/people/zhang-le-44-38
http://www.zhihu.com/people/daichu
http://www.zhihu.com/people/liu-teng-yuan
http://www.zhihu.com/people/ou-yang-27
http://www.zhihu.com/people/wang-wen-24
http://www.zhihu.com/people/yan-shi-51
http://www.zhihu.com/people/dennywww
http://www.zhihu.com/people/wang-xiao-juan-92-12
http://www.zhihu.com/people/yan-er-jane
http://www.zhihu.com/people/li-wei-si-303
http://www.zhihu.com/people/infoman
http://www.zhihu.com/people/lincoln-xie
http://www.zhihu.com/people/ilook
http://www.zhihu.com/people/qiaoxiansheng
http://www.zhihu.com/people/avenger
http://www.zhihu.com/people/hou-fang-bin
http://www.zhihu.com/people/notizz
http://www.zhihu.com/people/holybreeze
http://www.zhihu.com/people/geniousyin
http://www.zhihu.com/people/ge-ge-wu
http://www.zhihu.com/people/yu-bo-yu
http://www.zhihu.com/people/yanghongyang
http://www.zhihu.com/people/zahetang
http://www.zhihu.com/people/xvector
http://www.zhihu.com/people/po-dai
http://www.zhihu.com/people/zhang-jin-ye
http://www.zhihu.com/people/benmee
http://www.zhihu.com/people/yeluoguzhou
http://www.zhihu.com/people/huche
http://www.zhihu.com/people/jiang-xin-bei
http://www.zhihu.com/people/sun-ha-le
http://www.zhihu.com/people/wangshuo
http://www.zhihu.com/people/li-xiao-yu-zhou
http://www.zhihu.com/people/bnapp
http://www.zhihu.com/people/zoe-zhou-9
http://www.zhihu.com/people/tonicbupt
http://www.zhihu.com/people/wu-wei-96-47
http://www.zhihu.com/people/zhang-yi-yuan-37
http://www.zhihu.com/people/liu-jun-98
http://www.zhihu.com/people/shimengchen
http://www.zhihu.com/people/wang-jun-jun
http://www.zhihu.com/people/wangyuan270
http://www.zhihu.com/people/yang-zheng-yin
http://www.zhihu.com/people/nhsoft
http://www.zhihu.com/people/wang-heng-tong
http://www.zhihu.com/people/dongweiming
http://www.zhihu.com/people/wskakglswc
http://www.zhihu.com/people/arlmy
http://www.zhihu.com/people/vimo
http://www.zhihu.com/people/yuezhanren
http://www.zhihu.com/people/crazycreator
http://www.zhihu.com/people/liu-jian-92
http://www.zhihu.com/people/Leon.zh
http://www.zhihu.com/people/zhou-ze-ping
http://www.zhihu.com/people/lei-jun-57
http://www.zhihu.com/people/littlesoda
http://www.zhihu.com/people/xu-xin-96
http://www.zhihu.com/people/changfan
http://www.zhihu.com/people/longzhen
http://www.zhihu.com/people/sulongfei
http://www.zhihu.com/people/liu-hui-72
http://www.zhihu.com/people/samyhello
http://www.zhihu.com/people/laomao
http://www.zhihu.com/people/juelu
http://www.zhihu.com/people/sun-lei-41
http://www.zhihu.com/people/xiao-pi-56
http://www.zhihu.com/people/song_90
http://www.zhihu.com/people/hai-xing-86
http://www.zhihu.com/people/asamo
http://www.zhihu.com/people/shuangye
http://www.zhihu.com/people/erdanoo
http://www.zhihu.com/people/kunbrother
http://www.zhihu.com/people/nearly
http://www.zhihu.com/people/wang-zhi-70
http://www.zhihu.com/people/jiao-ye
http://www.zhihu.com/people/iyouth
http://www.zhihu.com/people/yidong-bu-dong
http://www.zhihu.com/people/sun-xu-12
http://www.zhihu.com/people/jiang-han-chi
http://www.zhihu.com/people/secret
http://www.zhihu.com/people/robbiejiang
http://www.zhihu.com/people/dang-zhi-ming
http://www.zhihu.com/people/fu-bao-83
http://www.zhihu.com/people/hensejz
http://www.zhihu.com/people/pan7an
http://www.zhihu.com/people/luckymao
http://www.zhihu.com/people/yue-bao-long
http://www.zhihu.com/people/feng-hao-85
http://www.zhihu.com/people/zhanglongfei
http://www.zhihu.com/people/fffsss
http://www.zhihu.com/people/carpking
http://www.zhihu.com/people/jiu-zhou-mu-yun
http://www.zhihu.com/people/Gorgonheart
http://www.zhihu.com/people/hongsen
http://www.zhihu.com/people/li-bo-82
http://www.zhihu.com/people/lian-chang-wang-jiang
http://www.zhihu.com/people/liu-xi-fei
http://www.zhihu.com/people/xu-zhe-heng
http://www.zhihu.com/people/wang-guan-jing
http://www.zhihu.com/people/yankee
http://www.zhihu.com/people/zhangyiland
http://www.zhihu.com/people/GavinQi
http://www.zhihu.com/people/anyan
http://www.zhihu.com/people/guo-liang-7
http://www.zhihu.com/people/zhou-lei
http://www.zhihu.com/people/miao-zhong-yu
http://www.zhihu.com/people/xiao-xie-zi-13
http://www.zhihu.com/people/lonelynight
http://www.zhihu.com/people/DannyWangX
http://www.zhihu.com/people/xie-jian-fen
http://www.zhihu.com/people/chen-xian-xian-28
http://www.zhihu.com/people/zxb888
http://www.zhihu.com/people/tiankeshan
http://www.zhihu.com/people/chenkai93
http://www.zhihu.com/people/magmawu
http://www.zhihu.com/people/deanlee
http://www.zhihu.com/people/allsaying
http://www.zhihu.com/people/xiu-yuan
http://www.zhihu.com/people/liuwei
http://www.zhihu.com/people/zhou-yong-liang
http://www.zhihu.com/people/ydtang
http://www.zhihu.com/people/chen-xian-qi
http://www.zhihu.com/people/xun-huan-li
http://www.zhihu.com/people/chenruihong
http://www.zhihu.com/people/ecseeker
http://www.zhihu.com/people/xu-zhe-42
http://www.zhihu.com/people/ecmoment
http://www.zhihu.com/people/serena-zhai
http://www.zhihu.com/people/chuwentao
http://www.zhihu.com/people/bian
http://www.zhihu.com/people/ClutchBear
http://www.zhihu.com/people/cuisaihu
http://www.zhihu.com/people/auntxue
http://www.zhihu.com/people/freemem
http://www.zhihu.com/people/chen-yuan
http://www.zhihu.com/people/wemarketing
http://www.zhihu.com/people/wang-cheng-he
http://www.zhihu.com/people/iamsdx
http://www.zhihu.com/people/notor
http://www.zhihu.com/people/yuba100
http://www.zhihu.com/people/yu-ming-gu-wen-chen-tao
http://www.zhihu.com/people/fanhu
http://www.zhihu.com/people/donsunny46664
http://www.zhihu.com/people/huzishu
http://www.zhihu.com/people/ni-nan
http://www.zhihu.com/people/wanghaihe
http://www.zhihu.com/people/kai-lukoff
http://www.zhihu.com/people/cherry
http://www.zhihu.com/people/flyingwater
http://www.zhihu.com/people/bu-ming-ze-yi
http://www.zhihu.com/people/Billyshi
http://www.zhihu.com/people/flyingfish
http://www.zhihu.com/people/suipengyu
http://www.zhihu.com/people/gu-jia-wei
http://www.zhihu.com/people/jammywang
http://www.zhihu.com/people/liuxing429
http://www.zhihu.com/people/zhang-yang-44-1
http://www.zhihu.com/people/zong-hua
http://www.zhihu.com/people/qin-ai-de-mo-gu-xiao-jie
http://www.zhihu.com/people/jiangweihang
http://www.zhihu.com/people/zhangleo
http://www.zhihu.com/people/ma-ke-14
http://www.zhihu.com/people/Fibonacci
http://www.zhihu.com/people/laji92454
http://www.zhihu.com/people/kevinlaw
http://www.zhihu.com/people/jing-17
http://www.zhihu.com/people/luffycheung
http://www.zhihu.com/people/li-miao-9
http://www.zhihu.com/people/shafreeck
http://www.zhihu.com/people/duanwenming
http://www.zhihu.com/people/moxin
http://www.zhihu.com/people/tong-shuai
http://www.zhihu.com/people/greenkit
http://www.zhihu.com/people/wu-shao-xu
http://www.zhihu.com/people/wang-yi-ru
http://www.zhihu.com/people/iamwill
http://www.zhihu.com/people/zhen-xi-yu
http://www.zhihu.com/people/hilson_mo
http://www.zhihu.com/people/chen-pan-5
http://www.zhihu.com/people/PMtoo
http://www.zhihu.com/people/chinetman
http://www.zhihu.com/people/zhengwuzhou
http://www.zhihu.com/people/qing-feng-ban-xiu
http://www.zhihu.com/people/zhu-jing-jie
http://www.zhihu.com/people/mu-rong-han
http://www.zhihu.com/people/woohorse
http://www.zhihu.com/people/li-yi-liang
http://www.zhihu.com/people/jiatingwang
http://www.zhihu.com/people/wang-jian-27-28
http://www.zhihu.com/people/dai-yu-jia
http://www.zhihu.com/people/pastbai
http://www.zhihu.com/people/yvonka
http://www.zhihu.com/people/houxiyang
http://www.zhihu.com/people/chiusx
http://www.zhihu.com/people/li-chun-lei-13
http://www.zhihu.com/people/laintheal
http://www.zhihu.com/people/li-feng-87
http://www.zhihu.com/people/dong-jing-jing
http://www.zhihu.com/people/shuanzi
http://www.zhihu.com/people/chenshuo
http://www.zhihu.com/people/zi-ming
http://www.zhihu.com/people/pony
http://www.zhihu.com/people/Mr31415927
http://www.zhihu.com/people/albertzmh
http://www.zhihu.com/people/guan-yi-89
http://www.zhihu.com/people/wellbug
http://www.zhihu.com/people/ztwto.com
http://www.zhihu.com/people/chang-peng-fei
http://www.zhihu.com/people/empty
http://www.zhihu.com/people/effanly
http://www.zhihu.com/people/zhou-chuan
http://www.zhihu.com/people/jackyvip
http://www.zhihu.com/people/zhu-da-chun
http://www.zhihu.com/people/dan-qiu
http://www.zhihu.com/people/lishuhang
http://www.zhihu.com/people/ming-meng
http://www.zhihu.com/people/yuening
http://www.zhihu.com/people/wang-kai-87
http://www.zhihu.com/people/yejun
http://www.zhihu.com/people/heglin
http://www.zhihu.com/people/tang-wei-jie
http://www.zhihu.com/people/keepallsimple
http://www.zhihu.com/people/dai-le-he
http://www.zhihu.com/people/li-wei-48
http://www.zhihu.com/people/know
http://www.zhihu.com/people/spam
http://www.zhihu.com/people/Zhidong.pro
http://www.zhihu.com/people/jiang-ming-hui
http://www.zhihu.com/people/sotime
http://www.zhihu.com/people/xia-mo
http://www.zhihu.com/people/bus930
http://www.zhihu.com/people/yanjunliu
http://www.zhihu.com/people/lu-guo-fu
http://www.zhihu.com/people/nuan10
http://www.zhihu.com/people/kao-pu
http://www.zhihu.com/people/li-ya-hui
http://www.zhihu.com/people/panqiaolin
http://www.zhihu.com/people/nan-jing-xiao-yang
http://www.zhihu.com/people/yipxiaobin
http://www.zhihu.com/people/qishimojun
http://www.zhihu.com/people/juleehwa
http://www.zhihu.com/people/chanmd
http://www.zhihu.com/people/li-wei-xun
http://www.zhihu.com/people/ranjiao
http://www.zhihu.com/people/James-F
http://www.zhihu.com/people/wzc1989
http://www.zhihu.com/people/2144
http://www.zhihu.com/people/a-lai
http://www.zhihu.com/people/yi-jia-xiao-lu
http://www.zhihu.com/people/hu-pan-pan
http://www.zhihu.com/people/mybian
http://www.zhihu.com/people/xianghaibing
http://www.zhihu.com/people/reconder
http://www.zhihu.com/people/camelwu
http://www.zhihu.com/people/li-fu-cheng
http://www.zhihu.com/people/www.malafang.com
http://www.zhihu.com/people/usiha
http://www.zhihu.com/people/bailetian
http://www.zhihu.com/people/kaka2
http://www.zhihu.com/people/dawnbreaks
http://www.zhihu.com/people/tukeping
http://www.zhihu.com/people/xiao-zhi-biao
http://www.zhihu.com/people/an-yu-chen
http://www.zhihu.com/people/yue-xiao-jun
http://www.zhihu.com/people/wujing998
http://www.zhihu.com/people/bicycling
http://www.zhihu.com/people/li-peng-yu
http://www.zhihu.com/people/torres
http://www.zhihu.com/people/nbjedi
http://www.zhihu.com/people/joele
http://www.zhihu.com/people/wenke
http://www.zhihu.com/people/x_yin
http://www.zhihu.com/people/pang-chong
http://www.zhihu.com/people/yang-zhe-nan
http://www.zhihu.com/people/wang-fu-bo
http://www.zhihu.com/people/kehuan
http://www.zhihu.com/people/eugene-hsueh
http://www.zhihu.com/people/li-chen-16
http://www.zhihu.com/people/li-hai-long
http://www.zhihu.com/people/li-hui-ming-88
http://www.zhihu.com/people/zhibai
http://www.zhihu.com/people/xiao-bai-lao-gong
http://www.zhihu.com/people/kou-dai
http://www.zhihu.com/people/chen-yong-6
http://www.zhihu.com/people/xumaoquan
http://www.zhihu.com/people/zhi-hu-fan
http://www.zhihu.com/people/sati
http://www.zhihu.com/people/cz-space
http://www.zhihu.com/people/zhong-guang-hua
http://www.zhihu.com/people/huai-dan
http://www.zhihu.com/people/suopang
http://www.zhihu.com/people/xi-yu-man-di
http://www.zhihu.com/people/yuze
http://www.zhihu.com/people/tang-tian-long
http://www.zhihu.com/people/fan-ya-jie
http://www.zhihu.com/people/leavingme
http://www.zhihu.com/people/hu-yue-zong
http://www.zhihu.com/people/zvicky
http://www.zhihu.com/people/zou-xren-gui
http://www.zhihu.com/people/hangliang
http://www.zhihu.com/people/Vaneyu
http://www.zhihu.com/people/dynamicstream
http://www.zhihu.com/people/czjchan
http://www.zhihu.com/people/carooooooline
http://www.zhihu.com/people/flybetty
http://www.zhihu.com/people/chen-li-neng
http://www.zhihu.com/people/ayon
http://www.zhihu.com/people/cloudy
http://www.zhihu.com/people/royrenwb
http://www.zhihu.com/people/jadexlaw
http://www.zhihu.com/people/yuan-li-qun
http://www.zhihu.com/people/huang-zheng-guan
http://www.zhihu.com/people/zhang-fu
http://www.zhihu.com/people/gan-qi-ruo
http://www.zhihu.com/people/xie-jin-hua
http://www.zhihu.com/people/guocheng
http://www.zhihu.com/people/huang-jia-jun-58
http://www.zhihu.com/people/aDaos
http://www.zhihu.com/people/qiu-hui
http://www.zhihu.com/people/renbinglin
http://www.zhihu.com/people/yanjiang
http://www.zhihu.com/people/xu-yun-long
http://www.zhihu.com/people/crazydiamond
http://www.zhihu.com/people/guo-shan-shan-26
http://www.zhihu.com/people/eason-73
http://www.zhihu.com/people/wu-heng-90
http://www.zhihu.com/people/wang-ming-long
http://www.zhihu.com/people/chai-ju
http://www.zhihu.com/people/fang-zi
http://www.zhihu.com/people/li-shan-hong
http://www.zhihu.com/people/kiawang
http://www.zhihu.com/people/liu-xiao-peng
http://www.zhihu.com/people/liuyuhuan
http://www.zhihu.com/people/chen-gen
http://www.zhihu.com/people/hooya
http://www.zhihu.com/people/huangyunbin
http://www.zhihu.com/people/ceng-ling-lin
http://www.zhihu.com/people/flagship
http://www.zhihu.com/people/sniper53
http://www.zhihu.com/people/zheng-jin-tao
http://www.zhihu.com/people/wang-hui-15
http://www.zhihu.com/people/li-fang-62
http://www.zhihu.com/people/chen-xiao-tu-66
http://www.zhihu.com/people/lovelu
http://www.zhihu.com/people/sang-ni
http://www.zhihu.com/people/guo-jian
http://www.zhihu.com/people/hanxu
http://www.zhihu.com/people/zhou-bing
http://www.zhihu.com/people/ahao
http://www.zhihu.com/people/yingzheng
http://www.zhihu.com/people/tangyu
http://www.zhihu.com/people/cj-yang
http://www.zhihu.com/people/lao-deng
http://www.zhihu.com/people/yyliuliang
http://www.zhihu.com/people/chen-wen-95
http://www.zhihu.com/people/guo-kai-38
http://www.zhihu.com/people/tang-mi-54
http://www.zhihu.com/people/tanyanguo
http://www.zhihu.com/people/xun1980
http://www.zhihu.com/people/zhaohanjie
http://www.zhihu.com/people/ruiwendeer
http://www.zhihu.com/people/a--j
http://www.zhihu.com/people/fatpa
http://www.zhihu.com/people/zengbin
http://www.zhihu.com/people/yanhongwei
http://www.zhihu.com/people/allstarter
http://www.zhihu.com/people/pangu
http://www.zhihu.com/people/Wang-lve
http://www.zhihu.com/people/wang-zuo
http://www.zhihu.com/people/zhutou
http://www.zhihu.com/people/weijiaqi
http://www.zhihu.com/people/morea
http://www.zhihu.com/people/hsia
http://www.zhihu.com/people/dongxi8
http://www.zhihu.com/people/glory_simba
http://www.zhihu.com/people/kirch
http://www.zhihu.com/people/kevin-liu-15
http://www.zhihu.com/people/cycss
http://www.zhihu.com/people/xinzhyu
http://www.zhihu.com/people/chang9260
http://www.zhihu.com/people/yao-da-shan
http://www.zhihu.com/people/zhi-hu-shi-tuo-shi
http://www.zhihu.com/people/sui-tong-jian
http://www.zhihu.com/people/jie-yun-hao
http://www.zhihu.com/people/tianwen
http://www.zhihu.com/people/henter
http://www.zhihu.com/people/guangyi-43
http://www.zhihu.com/people/a-li-bo-te
http://www.zhihu.com/people/herolaozhang
http://www.zhihu.com/people/zhouning
http://www.zhihu.com/people/var87
http://www.zhihu.com/people/sugerhunter
http://www.zhihu.com/people/hi3w
http://www.zhihu.com/people/li-ming-jin
http://www.zhihu.com/people/weiking
http://www.zhihu.com/people/aaron-lute
http://www.zhihu.com/people/myflos
http://www.zhihu.com/people/huang-jia-jia
http://www.zhihu.com/people/ruan-jian-tu-zhu
http://www.zhihu.com/people/JackyZhu
http://www.zhihu.com/people/huang-wan-gen
http://www.zhihu.com/people/betaer
http://www.zhihu.com/people/wang_meng
http://www.zhihu.com/people/luan-hai-peng-69
http://www.zhihu.com/people/twmm
http://www.zhihu.com/people/wu-you-tong
http://www.zhihu.com/people/tianze
http://www.zhihu.com/people/wanting-1111
http://www.zhihu.com/people/xiaogeng
http://www.zhihu.com/people/joeyoooooo
http://www.zhihu.com/people/wang-wen-zhong
http://www.zhihu.com/people/huaijin
http://www.zhihu.com/people/dakid
http://www.zhihu.com/people/qin-tong-7
http://www.zhihu.com/people/letian
http://www.zhihu.com/people/long-er
http://www.zhihu.com/people/nvjue
http://www.zhihu.com/people/obalma
http://www.zhihu.com/people/lei-ou
http://www.zhihu.com/people/jay_abraham
http://www.zhihu.com/people/feng-xing
http://www.zhihu.com/people/c8h10n4o2
http://www.zhihu.com/people/rubysister
http://www.zhihu.com/people/di-si
http://www.zhihu.com/people/li-hai-lu
http://www.zhihu.com/people/may-summer
http://www.zhihu.com/people/hong-yi-16
http://www.zhihu.com/people/leyar
http://www.zhihu.com/people/huang-guan-xi
http://www.zhihu.com/people/zoom1539
http://www.zhihu.com/people/guo-yan-da
http://www.zhihu.com/people/xiaozha
http://www.zhihu.com/people/canyu
http://www.zhihu.com/people/wanglai
http://www.zhihu.com/people/zhao-yang-21
http://www.zhihu.com/people/li-yan-36
http://www.zhihu.com/people/liushuang0607
http://www.zhihu.com/people/feiqiniqn
http://www.zhihu.com/people/su-chen-84
http://www.zhihu.com/people/mai-da-ling
http://www.zhihu.com/people/ma-qing
http://www.zhihu.com/people/daijunliang
http://www.zhihu.com/people/chen-hao-55
http://www.zhihu.com/people/fangxiaojian
http://www.zhihu.com/people/mao-zhu
http://www.zhihu.com/people/VisionLi
http://www.zhihu.com/people/lvqiuzilu
http://www.zhihu.com/people/tianwei
http://www.zhihu.com/people/wang-wei-feng
http://www.zhihu.com/people/zhizhihuhu
http://www.zhihu.com/people/jin-li-zhong
http://www.zhihu.com/people/nash13
http://www.zhihu.com/people/ericmin
http://www.zhihu.com/people/hua-kai
http://www.zhihu.com/people/wang-xi-zheng
http://www.zhihu.com/people/yue-jin
http://www.zhihu.com/people/he-yi-fan
http://www.zhihu.com/people/MISSSEXY
http://www.zhihu.com/people/Googler
http://www.zhihu.com/people/ringlover
http://www.zhihu.com/people/chai-zong-bo
http://www.zhihu.com/people/tian-yi-ran
http://www.zhihu.com/people/kennygirl
http://www.zhihu.com/people/guru
http://www.zhihu.com/people/virgil
http://www.zhihu.com/people/pengxiaoming
http://www.zhihu.com/people/cenbin
http://www.zhihu.com/people/zhou-wei-dong
http://www.zhihu.com/people/feng-hong-bing
http://www.zhihu.com/people/zhou-sheng-89
http://www.zhihu.com/people/song-jun-tao
http://www.zhihu.com/people/cross
http://www.zhihu.com/people/wang-chu
http://www.zhihu.com/people/xiong-meng-yue
http://www.zhihu.com/people/herkuang
http://www.zhihu.com/people/niu-xiao-nan
http://www.zhihu.com/people/linghucong
http://www.zhihu.com/people/castleyan
http://www.zhihu.com/people/diqidao
http://www.zhihu.com/people/cynthia
http://www.zhihu.com/people/di-ming-zhu
http://www.zhihu.com/people/gaobang
http://www.zhihu.com/people/westlinn
http://www.zhihu.com/people/onlyice
http://www.zhihu.com/people/yang-xiao-liang
http://www.zhihu.com/people/le-tao-tao-39
http://www.zhihu.com/people/kayaklee
http://www.zhihu.com/people/lessismoresimplexia
http://www.zhihu.com/people/weiweixia
http://www.zhihu.com/people/ablo
http://www.zhihu.com/people/digitxp
http://www.zhihu.com/people/momoirourou
http://www.zhihu.com/people/hehe
http://www.zhihu.com/people/tcl007
http://www.zhihu.com/people/tang-yu-chao
http://www.zhihu.com/people/mu-yi-73
http://www.zhihu.com/people/zhuxiong
http://www.zhihu.com/people/wujianbin
http://www.zhihu.com/people/mao-mao-chong-61
http://www.zhihu.com/people/lin-guang-hui
http://www.zhihu.com/people/Shadowqian
http://www.zhihu.com/people/davi-d
http://www.zhihu.com/people/igeekers
http://www.zhihu.com/people/wang-shui-89
http://www.zhihu.com/people/fang-qiang-qiang
http://www.zhihu.com/people/lu-zhi
http://www.zhihu.com/people/bennychia
http://www.zhihu.com/people/cluamsyboy
http://www.zhihu.com/people/gaolei
http://www.zhihu.com/people/ccg1212413
http://www.zhihu.com/people/staryCat
http://www.zhihu.com/people/whupengwei
http://www.zhihu.com/people/wangj
http://www.zhihu.com/people/guai-tan
http://www.zhihu.com/people/bruce147
http://www.zhihu.com/people/ceng-xiao-jiao
http://www.zhihu.com/people/zheng-shi-qian
http://www.zhihu.com/people/byane
http://www.zhihu.com/people/chi-chi
http://www.zhihu.com/people/longbide
http://www.zhihu.com/people/wang-feng-21
http://www.zhihu.com/people/baryeah
http://www.zhihu.com/people/ju-han
http://www.zhihu.com/people/sam-52-8
http://www.zhihu.com/people/zach-chen
http://www.zhihu.com/people/fiture
http://www.zhihu.com/people/mo-chun-xiao
http://www.zhihu.com/people/jlokys
http://www.zhihu.com/people/wei-xiao-mao
http://www.zhihu.com/people/pinke
http://www.zhihu.com/people/wei-yilan
http://www.zhihu.com/people/wu-di-zhou
http://www.zhihu.com/people/lin-wen-bin
http://www.zhihu.com/people/zhang-chen-ji
http://www.zhihu.com/people/jiaopen
http://www.zhihu.com/people/shi-bin
http://www.zhihu.com/people/chuxiai
http://www.zhihu.com/people/eyon
http://www.zhihu.com/people/Lohoboo
http://www.zhihu.com/people/boom-39
http://www.zhihu.com/people/darkhucx
http://www.zhihu.com/people/jiangbianwanghai
http://www.zhihu.com/people/zhang-hai-tao-33
http://www.zhihu.com/people/sunset-8
http://www.zhihu.com/people/kevinsan
http://www.zhihu.com/people/zhang-jun-12
http://www.zhihu.com/people/wang-yu-44
http://www.zhihu.com/people/id47
http://www.zhihu.com/people/paroca
http://www.zhihu.com/people/xdedmzyy
http://www.zhihu.com/people/zhangxiaoliang
http://www.zhihu.com/people/zhou-meng-ting
http://www.zhihu.com/people/lu-bin-95
http://www.zhihu.com/people/wang-guo-xin
http://www.zhihu.com/people/miaoxg
http://www.zhihu.com/people/cjay
http://www.zhihu.com/people/xinlinyang
http://www.zhihu.com/people/yiiran
http://www.zhihu.com/people/kooyi
http://www.zhihu.com/people/logo
http://www.zhihu.com/people/haibinpark
http://www.zhihu.com/people/zhu-xiao-ming
http://www.zhihu.com/people/metown
http://www.zhihu.com/people/helloworld-15
http://www.zhihu.com/people/lin-ying-yun
http://www.zhihu.com/people/WebThinker
http://www.zhihu.com/people/su-jun-wei
http://www.zhihu.com/people/kingshuang
http://www.zhihu.com/people/joe-lee-90
http://www.zhihu.com/people/baobao
http://www.zhihu.com/people/senlin
http://www.zhihu.com/people/yuri9doo
http://www.zhihu.com/people/masiqi
http://www.zhihu.com/people/dropblood.com
http://www.zhihu.com/people/hanmanna
http://www.zhihu.com/people/vinw
http://www.zhihu.com/people/qzwex2006
http://www.zhihu.com/people/zhao-hai-di
http://www.zhihu.com/people/chi-lie-qu-yang
http://www.zhihu.com/people/claireable
http://www.zhihu.com/people/shui-shui-yang
http://www.zhihu.com/people/guo-wei-wei
http://www.zhihu.com/people/zhang-le-yan
http://www.zhihu.com/people/wang-zu-shan
http://www.zhihu.com/people/teoking
http://www.zhihu.com/people/wang-jian-wei-36
http://www.zhihu.com/people/xue-xiao-jun
http://www.zhihu.com/people/xu-cheng-kun
http://www.zhihu.com/people/cox-73
http://www.zhihu.com/people/mao-qiang-55
http://www.zhihu.com/people/ssjylsg
http://www.zhihu.com/people/chen-yuan-chun
http://www.zhihu.com/people/youyizhifeimao
http://www.zhihu.com/people/zhang-feng-ming-28
http://www.zhihu.com/people/mu-tian-80
http://www.zhihu.com/people/kailun
http://www.zhihu.com/people/hu-zhi-nan
http://www.zhihu.com/people/liao-rui
http://www.zhihu.com/people/livermore
http://www.zhihu.com/people/sneakercn
http://www.zhihu.com/people/zhou-diao
http://www.zhihu.com/people/bianjunjie
http://www.zhihu.com/people/hu-yue
http://www.zhihu.com/people/xu-wei-38
http://www.zhihu.com/people/yao-chen
http://www.zhihu.com/people/lequal
http://www.zhihu.com/people/qiaoxiaoyu
http://www.zhihu.com/people/liu-lei-23
http://www.zhihu.com/people/veryflying
http://www.zhihu.com/people/liu-nian-62
http://www.zhihu.com/people/plusix
http://www.zhihu.com/people/linyuan101
http://www.zhihu.com/people/dayu
http://www.zhihu.com/people/xiaoyong
http://www.zhihu.com/people/shwen
http://www.zhihu.com/people/ethankang
http://www.zhihu.com/people/zhao-guang-22
http://www.zhihu.com/people/li-zi-ming
http://www.zhihu.com/people/jia-xi-bei
http://www.zhihu.com/people/yao-gun-ji-dan
http://www.zhihu.com/people/sanchuan
http://www.zhihu.com/people/huangrenqing
http://www.zhihu.com/people/guwei
http://www.zhihu.com/people/886688
http://www.zhihu.com/people/dan-chun
http://www.zhihu.com/people/zhen-wen-xing
http://www.zhihu.com/people/xian-yin-60
http://www.zhihu.com/people/lin-xiong-min
http://www.zhihu.com/people/tianyageren
http://www.zhihu.com/people/he-yilei
http://www.zhihu.com/people/kayi
http://www.zhihu.com/people/mai-an-le
http://www.zhihu.com/people/wu-qi-nuo
http://www.zhihu.com/people/mewing
http://www.zhihu.com/people/wang-wen-yuan
http://www.zhihu.com/people/zhang-ze-hao
http://www.zhihu.com/people/yang-yang-24
http://www.zhihu.com/people/gongkoumist
http://www.zhihu.com/people/Daodog
http://www.zhihu.com/people/cupoftea
http://www.zhihu.com/people/linwu
http://www.zhihu.com/people/nanju
http://www.zhihu.com/people/kaiwalks
http://www.zhihu.com/people/princewzy
http://www.zhihu.com/people/xianyujie
http://www.zhihu.com/people/kergee
http://www.zhihu.com/people/zoeng_ngai
http://www.zhihu.com/people/zhaohuis
http://www.zhihu.com/people/woween
http://www.zhihu.com/people/kiyowong
http://www.zhihu.com/people/tou-che
http://www.zhihu.com/people/yuan-xi-jie
http://www.zhihu.com/people/wallywang
http://www.zhihu.com/people/wen-liang-29
http://www.zhihu.com/people/ye-yu
http://www.zhihu.com/people/abemess
http://www.zhihu.com/people/xiaoxidong
http://www.zhihu.com/people/li-fei-26
http://www.zhihu.com/people/mian-xiao-mian
http://www.zhihu.com/people/guan.wang
http://www.zhihu.com/people/fa-jun
http://www.zhihu.com/people/losolee
http://www.zhihu.com/people/fireos
http://www.zhihu.com/people/shi-guang-ji
http://www.zhihu.com/people/terryyang
http://www.zhihu.com/people/yekki
http://www.zhihu.com/people/chentianmin
http://www.zhihu.com/people/baylor
http://www.zhihu.com/people/vtshajk
http://www.zhihu.com/people/mou-jia-bin
http://www.zhihu.com/people/ooxxooxx
http://www.zhihu.com/people/kyrinqi
http://www.zhihu.com/people/guo-ying
http://www.zhihu.com/people/tiim
http://www.zhihu.com/people/hopeless
http://www.zhihu.com/people/liuzhuang
http://www.zhihu.com/people/nborn
http://www.zhihu.com/people/bi-dian-feng
http://www.zhihu.com/people/R00T
http://www.zhihu.com/people/hr-summer
http://www.zhihu.com/people/tan-tan-
http://www.zhihu.com/people/snailgj
http://www.zhihu.com/people/chris-song
http://www.zhihu.com/people/zhangyuantao
http://www.zhihu.com/people/huang-zhong-qing
http://www.zhihu.com/people/deng-ping-yuan
http://www.zhihu.com/people/fu-qing-xiang
http://www.zhihu.com/people/he-ping
http://www.zhihu.com/people/frank-99
http://www.zhihu.com/people/zhao-jun-49
http://www.zhihu.com/people/zhao-wen-ting
http://www.zhihu.com/people/yaoshiyan
http://www.zhihu.com/people/wu-wei-fang
http://www.zhihu.com/people/ldzhouquan
http://www.zhihu.com/people/huahuo
http://www.zhihu.com/people/scandogs
http://www.zhihu.com/people/blaster
http://www.zhihu.com/people/ceng-zi-han
http://www.zhihu.com/people/alwen
http://www.zhihu.com/people/zt.freedom
http://www.zhihu.com/people/wule
http://www.zhihu.com/people/zhang-zhi-ye
http://www.zhihu.com/people/li-quan-wei
http://www.zhihu.com/people/zhlwish
http://www.zhihu.com/people/zhao-zong-hao
http://www.zhihu.com/people/li-zhi-peng
http://www.zhihu.com/people/4240249
http://www.zhihu.com/people/alanfei
http://www.zhihu.com/people/ding-min
http://www.zhihu.com/people/smile-wsy
http://www.zhihu.com/people/fen-zi
http://www.zhihu.com/people/iask360
http://www.zhihu.com/people/liyonghua
http://www.zhihu.com/people/xlcat
http://www.zhihu.com/people/wonderhouse
http://www.zhihu.com/people/fojiao
http://www.zhihu.com/people/ningxuechen
http://www.zhihu.com/people/kosmos
http://www.zhihu.com/people/cayman
http://www.zhihu.com/people/zhi-liao
http://www.zhihu.com/people/yisu
http://www.zhihu.com/people/fredshare
http://www.zhihu.com/people/zhaomeng
http://www.zhihu.com/people/xiang-shuai
http://www.zhihu.com/people/chen-biao-long
http://www.zhihu.com/people/he-yu
http://www.zhihu.com/people/pi-pi
http://www.zhihu.com/people/li-jia-50
http://www.zhihu.com/people/xu-kangli
http://www.zhihu.com/people/carola
http://www.zhihu.com/people/shirley00000001
http://www.zhihu.com/people/swaysun
http://www.zhihu.com/people/ccjingzheng
http://www.zhihu.com/people/liang-chen
http://www.zhihu.com/people/shiningray
http://www.zhihu.com/people/xiechenxing
http://www.zhihu.com/people/clyde_
http://www.zhihu.com/people/huang-chang
http://www.zhihu.com/people/fan-zhe-yu
http://www.zhihu.com/people/chence
http://www.zhihu.com/people/chen-xuan
http://www.zhihu.com/people/yangyanghong
http://www.zhihu.com/people/mj47204188
http://www.zhihu.com/people/lai-xu
http://www.zhihu.com/people/jia-lan
http://www.zhihu.com/people/gauzeehom
http://www.zhihu.com/people/shanfeng-xie
http://www.zhihu.com/people/xutaovan
http://www.zhihu.com/people/mu-mu-38
http://www.zhihu.com/people/chenhua-rong
http://www.zhihu.com/people/monkee
http://www.zhihu.com/people/zhang-zhong-jian
http://www.zhihu.com/people/yu-yun-bao
http://www.zhihu.com/people/zhaya
http://www.zhihu.com/people/alan_zhang
http://www.zhihu.com/people/zeng-xiang-jian
http://www.zhihu.com/people/ding-ding-10
http://www.zhihu.com/people/zhao-ya-dong
http://www.zhihu.com/people/vvwww
http://www.zhihu.com/people/find
http://www.zhihu.com/people/jiang-nan-64
http://www.zhihu.com/people/wesley-22
http://www.zhihu.com/people/baloyou
http://www.zhihu.com/people/zhang-dou-dou
http://www.zhihu.com/people/ZhangJian.me
http://www.zhihu.com/people/zyceeo
http://www.zhihu.com/people/pan-jie-21
http://www.zhihu.com/people/du-wen-xuan
http://www.zhihu.com/people/linhen
http://www.zhihu.com/people/cheng-yu-hang
http://www.zhihu.com/people/chen-jun-bao
http://www.zhihu.com/people/sgjf
http://www.zhihu.com/people/jeffrey927
http://www.zhihu.com/people/meng-tong
http://www.zhihu.com/people/jiangyf70
http://www.zhihu.com/people/han-he
http://www.zhihu.com/people/long-qi
http://www.zhihu.com/people/chen-bo-ke
http://www.zhihu.com/people/linan
http://www.zhihu.com/people/xie-peng-hui
http://www.zhihu.com/people/lee-8
http://www.zhihu.com/people/du-tu-su
http://www.zhihu.com/people/hexiaobo
http://www.zhihu.com/people/shi-jian-xing
http://www.zhihu.com/people/chico-lee
http://www.zhihu.com/people/chenliqian
http://www.zhihu.com/people/tomnancy
http://www.zhihu.com/people/sepsea
http://www.zhihu.com/people/wangguoyang
http://www.zhihu.com/people/zhu-sheng-fa
http://www.zhihu.com/people/liu-zhi-chao
http://www.zhihu.com/people/langchaozhidian
http://www.zhihu.com/people/husongme
http://www.zhihu.com/people/o3ean
http://www.zhihu.com/people/xie-zong-yu
http://www.zhihu.com/people/danzwl
http://www.zhihu.com/people/zhang-ding-93
http://www.zhihu.com/people/tricycle
http://www.zhihu.com/people/wang-qing-21
http://www.zhihu.com/people/sionyao
http://www.zhihu.com/people/xswy
http://www.zhihu.com/people/aqige
http://www.zhihu.com/people/hua-shao-88
http://www.zhihu.com/people/yao-yao-67
http://www.zhihu.com/people/ezzze
http://www.zhihu.com/people/li-qiao-84
http://www.zhihu.com/people/albertlee
http://www.zhihu.com/people/zclong
http://www.zhihu.com/people/liu-tian-yu
http://www.zhihu.com/people/guo-kun-vic
http://www.zhihu.com/people/kwong
http://www.zhihu.com/people/yangzaifeng
http://www.zhihu.com/people/wyzself
http://www.zhihu.com/people/orangejane
http://www.zhihu.com/people/zhuzhubaby
http://www.zhihu.com/people/ihunter
http://www.zhihu.com/people/ren-xie-jun
http://www.zhihu.com/people/hillman
http://www.zhihu.com/people/muchen
http://www.zhihu.com/people/lu-shan-shan
http://www.zhihu.com/people/ivy73
http://www.zhihu.com/people/zhufei
http://www.zhihu.com/people/mou-mou-ren
http://www.zhihu.com/people/wang-ban-xian
http://www.zhihu.com/people/hantang
http://www.zhihu.com/people/fsjx
http://www.zhihu.com/people/mindywang
http://www.zhihu.com/people/wasntme
http://www.zhihu.com/people/yang-xiao-cuo
http://www.zhihu.com/people/zhizhe
http://www.zhihu.com/people/shunfeng
http://www.zhihu.com/people/su-qi
http://www.zhihu.com/people/witsky
http://www.zhihu.com/people/chen-zhang
http://www.zhihu.com/people/zhengdian
http://www.zhihu.com/people/he-long
http://www.zhihu.com/people/tsinghug
http://www.zhihu.com/people/chemelly
http://www.zhihu.com/people/lifeifei
http://www.zhihu.com/people/qu-gan-xi
http://www.zhihu.com/people/zhang-chao-39
http://www.zhihu.com/people/zhangxingdong
http://www.zhihu.com/people/xia-hua-qiu-xie
http://www.zhihu.com/people/kaka2008
http://www.zhihu.com/people/juventus
http://www.zhihu.com/people/shang-zai-xing
http://www.zhihu.com/people/xu-gang-26
http://www.zhihu.com/people/jcnkyy_nk
http://www.zhihu.com/people/ma-yi-58
http://www.zhihu.com/people/chen-xiao-yu
http://www.zhihu.com/people/lin-shu-49
http://www.zhihu.com/people/zhongkn
http://www.zhihu.com/people/hubertzhou
http://www.zhihu.com/people/chen-wen-11
http://www.zhihu.com/people/qing-qiu
http://www.zhihu.com/people/zhu-zheng
http://www.zhihu.com/people/lin-qian-qian
http://www.zhihu.com/people/wanghuizeng
http://www.zhihu.com/people/li-zhi-tao
http://www.zhihu.com/people/shi-fang-fang
http://www.zhihu.com/people/liu-hui-71
http://www.zhihu.com/people/she-hui-chao
http://www.zhihu.com/people/xi-zi-dong
http://www.zhihu.com/people/lizhifeng
http://www.zhihu.com/people/zhang-heng-57
http://www.zhihu.com/people/bitshine
http://www.zhihu.com/people/zuo-xiao-man
http://www.zhihu.com/people/yi-ming-11
http://www.zhihu.com/people/mu-rong-yu-xi
http://www.zhihu.com/people/vrempire
http://www.zhihu.com/people/nonono
http://www.zhihu.com/people/yan-yan-21
http://www.zhihu.com/people/drwang86
http://www.zhihu.com/people/mail
http://www.zhihu.com/people/guo-jia-yu
http://www.zhihu.com/people/zhang-guo-jing-50
http://www.zhihu.com/people/xuweihua
http://www.zhihu.com/people/lazhu
http://www.zhihu.com/people/lifejourneysli
http://www.zhihu.com/people/zqstarmoon
http://www.zhihu.com/people/xu-chen-15
http://www.zhihu.com/people/tang-ben-yuan
http://www.zhihu.com/people/mylove
http://www.zhihu.com/people/kissy
http://www.zhihu.com/people/chhcuo
http://www.zhihu.com/people/xiangku
http://www.zhihu.com/people/hu-er
http://www.zhihu.com/people/shu-sheng-14
http://www.zhihu.com/people/lymz
http://www.zhihu.com/people/liang-kai-95
http://www.zhihu.com/people/xi-zhu-qing
http://www.zhihu.com/people/liu-wan-wei
http://www.zhihu.com/people/yangbinqi
http://www.zhihu.com/people/bingsen
http://www.zhihu.com/people/li-chuan-fei-59
http://www.zhihu.com/people/yiyeluwei
http://www.zhihu.com/people/luo-wei-wei
http://www.zhihu.com/people/liu-yun-zhou
http://www.zhihu.com/people/zhangwenliang
http://www.zhihu.com/people/wang-yang-88
http://www.zhihu.com/people/shenkuohao
http://www.zhihu.com/people/a-du
http://www.zhihu.com/people/songyuwen
http://www.zhihu.com/people/li-rong-bo
http://www.zhihu.com/people/.zhang
http://www.zhihu.com/people/alexkidulty
http://www.zhihu.com/people/bhpan
http://www.zhihu.com/people/windylcx
http://www.zhihu.com/people/zhang-chao-10
http://www.zhihu.com/people/wanggang1130
http://www.zhihu.com/people/hu-hao
http://www.zhihu.com/people/zheng-xin-47
http://www.zhihu.com/people/hogan
http://www.zhihu.com/people/zheng-jian-bo
http://www.zhihu.com/people/zhu-ming-xing
http://www.zhihu.com/people/blackbird
http://www.zhihu.com/people/lan-you-you-de-qian-xing
http://www.zhihu.com/people/bao-cheng-jie
http://www.zhihu.com/people/yang-zhi-yong
http://www.zhihu.com/people/sweetjean
http://www.zhihu.com/people/cnyuanquan
http://www.zhihu.com/people/yu-lei-yu
http://www.zhihu.com/people/dailixian
http://www.zhihu.com/people/sun-da-peng
http://www.zhihu.com/people/zhang-ming-yu
http://www.zhihu.com/people/bookcold
http://www.zhihu.com/people/qin-feng-91
http://www.zhihu.com/people/kiddlele
http://www.zhihu.com/people/stjojo
http://www.zhihu.com/people/ding-xi-ran
http://www.zhihu.com/people/chen-qiu-xuan
http://www.zhihu.com/people/xiao-min-26
http://www.zhihu.com/people/zheng-luo-wen
http://www.zhihu.com/people/wang-hui-69
http://www.zhihu.com/people/hweeken
http://www.zhihu.com/people/voldemort
http://www.zhihu.com/people/garthz
http://www.zhihu.com/people/yanandlu
http://www.zhihu.com/people/jerryzy
http://www.zhihu.com/people/wang-hai-ping
http://www.zhihu.com/people/zhang-xian-guo
http://www.zhihu.com/people/wang-sui-xi
http://www.zhihu.com/people/li-jing-da
http://www.zhihu.com/people/jing-si-ji
http://www.zhihu.com/people/jin-hui-76
http://www.zhihu.com/people/wang-qi-yuan
http://www.zhihu.com/people/totti
http://www.zhihu.com/people/jiuwanni
http://www.zhihu.com/people/wang-xuan-68
http://www.zhihu.com/people/puloon
http://www.zhihu.com/people/wang-tong-shu
http://www.zhihu.com/people/ming-zi-jian
http://www.zhihu.com/people/lyman87
http://www.zhihu.com/people/ontheroad
http://www.zhihu.com/people/sheldon-zhu
http://www.zhihu.com/people/binnng
http://www.zhihu.com/people/jinbo
http://www.zhihu.com/people/imqijun
http://www.zhihu.com/people/qu-zhi-chao
http://www.zhihu.com/people/sevenz
http://www.zhihu.com/people/jiang-74
http://www.zhihu.com/people/jessonchan
http://www.zhihu.com/people/wandee
http://www.zhihu.com/people/pang-guo
http://www.zhihu.com/people/bu-chen
http://www.zhihu.com/people/pang-kai
http://www.zhihu.com/people/filod
http://www.zhihu.com/people/yang-xiao-yang-3
http://www.zhihu.com/people/zhang-he-12
http://www.zhihu.com/people/xzjh
http://www.zhihu.com/people/feng-jia
http://www.zhihu.com/people/li-xing-feng
http://www.zhihu.com/people/li-yang-min
http://www.zhihu.com/people/gao-wen-chao
http://www.zhihu.com/people/simon-64-15
http://www.zhihu.com/people/rk37
http://www.zhihu.com/people/miaoliang
http://www.zhihu.com/people/zhang-guo-dong-94
http://www.zhihu.com/people/weizhiquan
http://www.zhihu.com/people/ddydd
http://www.zhihu.com/people/kong-ling-fei
http://www.zhihu.com/people/gongyin
http://www.zhihu.com/people/li-le-5
http://www.zhihu.com/people/koceanus
http://www.zhihu.com/people/ding-cong
http://www.zhihu.com/people/guo-dong
http://www.zhihu.com/people/mmyjona
http://www.zhihu.com/people/c2u234nxi
http://www.zhihu.com/people/umu618
http://www.zhihu.com/people/c-one
http://www.zhihu.com/people/qilin90
http://www.zhihu.com/people/huli
http://www.zhihu.com/people/lu-yi-ming
http://www.zhihu.com/people/wangqj
http://www.zhihu.com/people/bourne
http://www.zhihu.com/people/hou-jie-yao
http://www.zhihu.com/people/yi-meng-yue-liang
http://www.zhihu.com/people/wdgwgz
http://www.zhihu.com/people/veronica2865
http://www.zhihu.com/people/peng-chen-cheng
http://www.zhihu.com/people/anzu
http://www.zhihu.com/people/jamflying
http://www.zhihu.com/people/kevinsong
http://www.zhihu.com/people/chengxiao
http://www.zhihu.com/people/li_liang
http://www.zhihu.com/people/spidermanlhg
http://www.zhihu.com/people/zhang-guan-nan-12
http://www.zhihu.com/people/chenjinnan
http://www.zhihu.com/people/duanjia
http://www.zhihu.com/people/zhang-yin-8
http://www.zhihu.com/people/lu-kai-29
http://www.zhihu.com/people/zhengyang
http://www.zhihu.com/people/Zeng-hui-14
http://www.zhihu.com/people/bluebird-27
http://www.zhihu.com/people/li-kui
http://www.zhihu.com/people/wang-cheng-56
http://www.zhihu.com/people/wuzhez
http://www.zhihu.com/people/swok
http://www.zhihu.com/people/zhangshu
http://www.zhihu.com/people/zhhongbo
http://www.zhihu.com/people/imine
http://www.zhihu.com/people/zhang-xin-13
http://www.zhihu.com/people/li-mo
http://www.zhihu.com/people/oliver-16-81
http://www.zhihu.com/people/zhangxiaohu
http://www.zhihu.com/people/helloworld
http://www.zhihu.com/people/qingkui
http://www.zhihu.com/people/seacoastboy
http://www.zhihu.com/people/lin-li
http://www.zhihu.com/people/gao-dong-fang
http://www.zhihu.com/people/liqing
http://www.zhihu.com/people/vipdomain
http://www.zhihu.com/people/yuan-qian
http://www.zhihu.com/people/tutuyang
http://www.zhihu.com/people/chen-liang-84
http://www.zhihu.com/people/forxidian
http://www.zhihu.com/people/adam-zho
http://www.zhihu.com/people/wang-bin-xiao
http://www.zhihu.com/people/andy12530
http://www.zhihu.com/people/wang-zhen-bang
http://www.zhihu.com/people/abing2008
http://www.zhihu.com/people/alancaii
http://www.zhihu.com/people/acgl
http://www.zhihu.com/people/nearmo
http://www.zhihu.com/people/kong-shuai
http://www.zhihu.com/people/shi-xian-ming
http://www.zhihu.com/people/lululu
http://www.zhihu.com/people/li-wei-79
http://www.zhihu.com/people/dps123456
http://www.zhihu.com/people/bater
http://www.zhihu.com/people/wang-zai-jing
http://www.zhihu.com/people/wangjibin
http://www.zhihu.com/people/xu-jun-51
http://www.zhihu.com/people/lihaiyang
http://www.zhihu.com/people/linwang
http://www.zhihu.com/people/su-yu-qi
http://www.zhihu.com/people/stardust
http://www.zhihu.com/people/nffy
http://www.zhihu.com/people/wu-hai
http://www.zhihu.com/people/fandong
http://www.zhihu.com/people/mr-e-t
http://www.zhihu.com/people/chrisbo
http://www.zhihu.com/people/nanL
http://www.zhihu.com/people/gaoxue
http://www.zhihu.com/people/intuitive
http://www.zhihu.com/people/yang-hui-jiao
http://www.zhihu.com/people/wavepencil
http://www.zhihu.com/people/li-yu-zhe
http://www.zhihu.com/people/luckid
http://www.zhihu.com/people/song001
http://www.zhihu.com/people/nekor
http://www.zhihu.com/people/hu-xi
http://www.zhihu.com/people/vrolit
http://www.zhihu.com/people/ham-lee
http://www.zhihu.com/people/ming-tian-13
http://www.zhihu.com/people/wherenorth
http://www.zhihu.com/people/ooodong
http://www.zhihu.com/people/songchao
http://www.zhihu.com/people/he-hong-long
http://www.zhihu.com/people/nbdeman
http://www.zhihu.com/people/moston
http://www.zhihu.com/people/allkee
http://www.zhihu.com/people/caotougu
http://www.zhihu.com/people/rchu-jiang-nan
http://www.zhihu.com/people/zhangnr
http://www.zhihu.com/people/zhanghu
http://www.zhihu.com/people/huang-kun-95
http://www.zhihu.com/people/habenhe
http://www.zhihu.com/people/ferlysky
http://www.zhihu.com/people/musign
http://www.zhihu.com/people/pei-zhi-guo
http://www.zhihu.com/people/anan
http://www.zhihu.com/people/fengguozhu
http://www.zhihu.com/people/liumingyang
http://www.zhihu.com/people/huyourui
http://www.zhihu.com/people/mapleiny
http://www.zhihu.com/people/lian-shi-sheng
http://www.zhihu.com/people/lazytony
http://www.zhihu.com/people/amber.
http://www.zhihu.com/people/ma-jia-chen
http://www.zhihu.com/people/chen-liang-45
http://www.zhihu.com/people/yanyan
http://www.zhihu.com/people/sumblink
http://www.zhihu.com/people/ruidon
http://www.zhihu.com/people/yanbaoshen
http://www.zhihu.com/people/kool
http://www.zhihu.com/people/zhangzhiwei
http://www.zhihu.com/people/penpenwang
http://www.zhihu.com/people/chen-jing-shan
http://www.zhihu.com/people/liu-nan-nan
http://www.zhihu.com/people/ktxia
http://www.zhihu.com/people/liu-jia-ying
http://www.zhihu.com/people/chen-yimeng
http://www.zhihu.com/people/baidaxia
http://www.zhihu.com/people/hanliang
http://www.zhihu.com/people/llhfire
http://www.zhihu.com/people/ren-gui-chao
http://www.zhihu.com/people/huang-lang
http://www.zhihu.com/people/chen-xiao-nan
http://www.zhihu.com/people/liglig
http://www.zhihu.com/people/bjrbbb
http://www.zhihu.com/people/zhang-xin-xin
http://www.zhihu.com/people/liu-ting-ting
http://www.zhihu.com/people/lunabank
http://www.zhihu.com/people/sunzhengxin
http://www.zhihu.com/people/duan-xiao-mie
http://www.zhihu.com/people/eshen-5
http://www.zhihu.com/people/bao-zi
http://www.zhihu.com/people/zhu-sha
http://www.zhihu.com/people/magic-fish
http://www.zhihu.com/people/RegulusW
http://www.zhihu.com/people/yezhuo
http://www.zhihu.com/people/icebeta
http://www.zhihu.com/people/a-bu-da-ren
http://www.zhihu.com/people/twfx6
http://www.zhihu.com/people/james_ye
http://www.zhihu.com/people/juro0708
http://www.zhihu.com/people/hiokay
http://www.zhihu.com/people/shuiao
http://www.zhihu.com/people/krkaka
http://www.zhihu.com/people/colahome
http://www.zhihu.com/people/jiuxiao
http://www.zhihu.com/people/yishanhome
http://www.zhihu.com/people/xueming
http://www.zhihu.com/people/pippowu
http://www.zhihu.com/people/yuxianghong
http://www.zhihu.com/people/muxi-45
http://www.zhihu.com/people/kafeiyan
http://www.zhihu.com/people/a-fei-44-90
http://www.zhihu.com/people/qiu-fu-nan
http://www.zhihu.com/people/xu-yang-26
http://www.zhihu.com/people/heayon
http://www.zhihu.com/people/yinyiheng
http://www.zhihu.com/people/wu-yong-weedge
http://www.zhihu.com/people/kevin-520
http://www.zhihu.com/people/wang-kun-peng-61
http://www.zhihu.com/people/guo-yu-xing
http://www.zhihu.com/people/xiaohai
http://www.zhihu.com/people/yu-xing
http://www.zhihu.com/people/lin-chen-chen
http://www.zhihu.com/people/scapemars
http://www.zhihu.com/people/ijony
http://www.zhihu.com/people/chrischengzh
http://www.zhihu.com/people/shan-kui-zhang
http://www.zhihu.com/people/austin
http://www.zhihu.com/people/fffrankkk
http://www.zhihu.com/people/huzhm09
http://www.zhihu.com/people/zhang-bo-ming
http://www.zhihu.com/people/replayerwzr
http://www.zhihu.com/people/yves
http://www.zhihu.com/people/renrenkaixin
http://www.zhihu.com/people/leano
http://www.zhihu.com/people/hua-hua-61
http://www.zhihu.com/people/cuiqi
http://www.zhihu.com/people/dingge
http://www.zhihu.com/people/guo-da-ge
http://www.zhihu.com/people/shen-yang-ting
http://www.zhihu.com/people/zach
http://www.zhihu.com/people/angelia2041
http://www.zhihu.com/people/liu-jiang
http://www.zhihu.com/people/zong-zong
http://www.zhihu.com/people/supporter
http://www.zhihu.com/people/heke
http://www.zhihu.com/people/chriseven
http://www.zhihu.com/people/zhao-xiao-30
http://www.zhihu.com/people/vigorhust
http://www.zhihu.com/people/luowanjiang
http://www.zhihu.com/people/fanguohui
http://www.zhihu.com/people/hamm
http://www.zhihu.com/people/elaineliu56
http://www.zhihu.com/people/sunlm
http://www.zhihu.com/people/lsdreamer
http://www.zhihu.com/people/yandan
http://www.zhihu.com/people/fengye
http://www.zhihu.com/people/qianyong
http://www.zhihu.com/people/amigo
http://www.zhihu.com/people/cicyqian
http://www.zhihu.com/people/wu-di-96
http://www.zhihu.com/people/zhangqi2012
http://www.zhihu.com/people/michael-63
http://www.zhihu.com/people/wu-xiao-guang
http://www.zhihu.com/people/zernel
http://www.zhihu.com/people/fan-wen-hao-32
http://www.zhihu.com/people/tang-zhuo-xian
http://www.zhihu.com/people/yang-lin
http://www.zhihu.com/people/xia-shi-hua
http://www.zhihu.com/people/chen-yuan-16
http://www.zhihu.com/people/sanxingju
http://www.zhihu.com/people/chen-cai
http://www.zhihu.com/people/chen-sen
http://www.zhihu.com/people/dongqi
http://www.zhihu.com/people/imwoody
http://www.zhihu.com/people/sanjing
http://www.zhihu.com/people/pei-wen-bin
http://www.zhihu.com/people/wujinzhi
http://www.zhihu.com/people/x4bin
http://www.zhihu.com/people/ke-meng-nan
http://www.zhihu.com/people/yixingtianxia
http://www.zhihu.com/people/wu-xv-feng
http://www.zhihu.com/people/adobe
http://www.zhihu.com/people/wu-chi-yu
http://www.zhihu.com/people/hongchenghao
http://www.zhihu.com/people/duanbingnan
http://www.zhihu.com/people/lao-guo-yong-hao
http://www.zhihu.com/people/lailai
http://www.zhihu.com/people/ma-hui-nan
http://www.zhihu.com/people/tan-xu-long
http://www.zhihu.com/people/xiao-chui
http://www.zhihu.com/people/one_hi_phone
http://www.zhihu.com/people/caochao
http://www.zhihu.com/people/caowenyan
http://www.zhihu.com/people/daocaoit
http://www.zhihu.com/people/ManiacMike
http://www.zhihu.com/people/ziang8502
http://www.zhihu.com/people/wang7x
http://www.zhihu.com/people/elvis-hsuan
http://www.zhihu.com/people/tao-jing
http://www.zhihu.com/people/bc86
http://www.zhihu.com/people/kazaff
http://www.zhihu.com/people/29nn
http://www.zhihu.com/people/gongzilinghu
http://www.zhihu.com/people/korise
http://www.zhihu.com/people/leowyf
http://www.zhihu.com/people/weixiaodekui
http://www.zhihu.com/people/tangke
http://www.zhihu.com/people/3456
http://www.zhihu.com/people/wang-li-34
http://www.zhihu.com/people/Mr.Frank
http://www.zhihu.com/people/chefendou
http://www.zhihu.com/people/williamwhe
http://www.zhihu.com/people/gongxiaocong
http://www.zhihu.com/people/guoxuan
http://www.zhihu.com/people/leaplee
http://www.zhihu.com/people/zheng-wei-bo
http://www.zhihu.com/people/wu-xiao
http://www.zhihu.com/people/tian-zhu
http://www.zhihu.com/people/sagehappy
http://www.zhihu.com/people/han-lu.zhihu.com
http://www.zhihu.com/people/mrwong
http://www.zhihu.com/people/wagjie
http://www.zhihu.com/people/piscesning
http://www.zhihu.com/people/perrywang
http://www.zhihu.com/people/yaogun
http://www.zhihu.com/people/silu
http://www.zhihu.com/people/kungfupandada
http://www.zhihu.com/people/qiudk
http://www.zhihu.com/people/gao-lei
http://www.zhihu.com/people/coffiner
http://www.zhihu.com/people/ryan-9
http://www.zhihu.com/people/tianying
http://www.zhihu.com/people/zhu-qing-kai
http://www.zhihu.com/people/hanqing
http://www.zhihu.com/people/sinber
http://www.zhihu.com/people/Littlewey
http://www.zhihu.com/people/zhuo-mu
http://www.zhihu.com/people/bit_kevin
http://www.zhihu.com/people/volver
http://www.zhihu.com/people/rankjie
http://www.zhihu.com/people/yyxz007
http://www.zhihu.com/people/urdaddy
http://www.zhihu.com/people/cress
http://www.zhihu.com/people/zbqls
http://www.zhihu.com/people/wang-peng-fei
http://www.zhihu.com/people/han-yu-liang-17
http://www.zhihu.com/people/wang-yi-chun
http://www.zhihu.com/people/rollenholt
http://www.zhihu.com/people/justin-18
http://www.zhihu.com/people/claywong
http://www.zhihu.com/people/max-96
http://www.zhihu.com/people/fery
http://www.zhihu.com/people/du-yu-58
http://www.zhihu.com/people/liuyingm
http://www.zhihu.com/people/ya-fei-pm
http://www.zhihu.com/people/apin
http://www.zhihu.com/people/liu-yu-xuan
http://www.zhihu.com/people/bing-ling-16
http://www.zhihu.com/people/han-xiao-jun
http://www.zhihu.com/people/wu-rui-ze
http://www.zhihu.com/people/cmwl
http://www.zhihu.com/people/koko
http://www.zhihu.com/people/Mohu
http://www.zhihu.com/people/ifree0
http://www.zhihu.com/people/guanxiaoxiao
http://www.zhihu.com/people/shui-jing
http://www.zhihu.com/people/fan-en-ying
http://www.zhihu.com/people/zhanghao
http://www.zhihu.com/people/wengyuhan
http://www.zhihu.com/people/xuwen
http://www.zhihu.com/people/painjoy
http://www.zhihu.com/people/pijili
http://www.zhihu.com/people/ianzhou
http://www.zhihu.com/people/tong-nian-mo-ri
http://www.zhihu.com/people/gan-jiu-lu
http://www.zhihu.com/people/lotcup
http://www.zhihu.com/people/tan-xiu-hao
http://www.zhihu.com/people/mikegao
http://www.zhihu.com/people/wutianyao
http://www.zhihu.com/people/linyonghui
http://www.zhihu.com/people/zengchao
http://www.zhihu.com/people/li-kai-hua
http://www.zhihu.com/people/ibpg
http://www.zhihu.com/people/feilaoda
http://www.zhihu.com/people/hu-biao
http://www.zhihu.com/people/li-dong-dong
http://www.zhihu.com/people/niuyd
http://www.zhihu.com/people/coolsnow
http://www.zhihu.com/people/huang-lun
http://www.zhihu.com/people/huacheng
http://www.zhihu.com/people/hezhoutingyu
http://www.zhihu.com/people/c4pr1c3
http://www.zhihu.com/people/readme
http://www.zhihu.com/people/liyuance
http://www.zhihu.com/people/niao-tuo-bang
http://www.zhihu.com/people/mopig
http://www.zhihu.com/people/may5
http://www.zhihu.com/people/ku-le-long
http://www.zhihu.com/people/kalso
http://www.zhihu.com/people/5minwei
http://www.zhihu.com/people/davidwang
http://www.zhihu.com/people/roopher
http://www.zhihu.com/people/sdcxb
http://www.zhihu.com/people/candyrain
http://www.zhihu.com/people/lang-gou-da-ren
http://www.zhihu.com/people/wuqing517
http://www.zhihu.com/people/jiangf
http://www.zhihu.com/people/moles
http://www.zhihu.com/people/wanglu
http://www.zhihu.com/people/kekeyao
http://www.zhihu.com/people/li-tong-hao
http://www.zhihu.com/people/ayu-mi
http://www.zhihu.com/people/wang-mu-66
http://www.zhihu.com/people/springparker
http://www.zhihu.com/people/zhao-yun-xiao
http://www.zhihu.com/people/shun-jian
http://www.zhihu.com/people/ma-chuang-ye
http://www.zhihu.com/people/chen-dong-ming
http://www.zhihu.com/people/jin-chen-he
http://www.zhihu.com/people/li-yi-91
http://www.zhihu.com/people/wang-zeng-hui
http://www.zhihu.com/people/han-zhe-yuan-moshin
http://www.zhihu.com/people/li-feng-95
http://www.zhihu.com/people/jason-36-18
http://www.zhihu.com/people/zhujun
http://www.zhihu.com/people/zhang-wei-dong
http://www.zhihu.com/people/looking
http://www.zhihu.com/people/huangshaofeng
http://www.zhihu.com/people/qixin
http://www.zhihu.com/people/eddy
http://www.zhihu.com/people/myhello
http://www.zhihu.com/people/cao-ying-42
http://www.zhihu.com/people/aquar
http://www.zhihu.com/people/beigege
http://www.zhihu.com/people/yizhaofengyue
http://www.zhihu.com/people/folin
http://www.zhihu.com/people/memento-mori
http://www.zhihu.com/people/deepseep
http://www.zhihu.com/people/su-shan-47
http://www.zhihu.com/people/ding-jian-feng
http://www.zhihu.com/people/duan-meng-15
http://www.zhihu.com/people/nuby
http://www.zhihu.com/people/archerlin
http://www.zhihu.com/people/renning
http://www.zhihu.com/people/eric-33
http://www.zhihu.com/people/shi-zhen-xuan
http://www.zhihu.com/people/hayeen
http://www.zhihu.com/people/wu-yan-zan
http://www.zhihu.com/people/hemon
http://www.zhihu.com/people/hythyt9898
http://www.zhihu.com/people/jimbray
http://www.zhihu.com/people/ayse.l
http://www.zhihu.com/people/cao-mou-mou
http://www.zhihu.com/people/yang-lang
http://www.zhihu.com/people/luohao
http://www.zhihu.com/people/youwoshishui
http://www.zhihu.com/people/bobo-61
http://www.zhihu.com/people/zason
http://www.zhihu.com/people/xianglong-25
http://www.zhihu.com/people/handl
http://www.zhihu.com/people/imajeason
http://www.zhihu.com/people/quanqinle
http://www.zhihu.com/people/wei-guan-dong
http://www.zhihu.com/people/achil
http://www.zhihu.com/people/li-jia-ming
http://www.zhihu.com/people/lanqiu425
http://www.zhihu.com/people/wang-qing-37
http://www.zhihu.com/people/ice-8
http://www.zhihu.com/people/ansonling
http://www.zhihu.com/people/fuxiong
http://www.zhihu.com/people/xu-min-cong
http://www.zhihu.com/people/le-you
http://www.zhihu.com/people/jeke
http://www.zhihu.com/people/PatrickStar
http://www.zhihu.com/people/jinrilidong
http://www.zhihu.com/people/zhen-zai-xia
http://www.zhihu.com/people/feng-yuan
http://www.zhihu.com/people/up007
http://www.zhihu.com/people/bbiao
http://www.zhihu.com/people/imliuwenzhi
http://www.zhihu.com/people/dndx
http://www.zhihu.com/people/xuweikang
http://www.zhihu.com/people/aking
http://www.zhihu.com/people/liqiang18
http://www.zhihu.com/people/longlongge
http://www.zhihu.com/people/WenkaiXun
http://www.zhihu.com/people/Amom
http://www.zhihu.com/people/zhujia
http://www.zhihu.com/people/jiezo
http://www.zhihu.com/people/minor
http://www.zhihu.com/people/zhang-tan-tan
http://www.zhihu.com/people/shockcat
http://www.zhihu.com/people/zhou-en-gao
http://www.zhihu.com/people/yorkswang
http://www.zhihu.com/people/ihjk
http://www.zhihu.com/people/miao-si-ji
http://www.zhihu.com/people/wangchen515
http://www.zhihu.com/people/hai-tao
http://www.zhihu.com/people/aerotian
http://www.zhihu.com/people/chrome
http://www.zhihu.com/people/hexilou
http://www.zhihu.com/people/dai-wei
http://www.zhihu.com/people/angus
http://www.zhihu.com/people/daima
http://www.zhihu.com/people/gkool
http://www.zhihu.com/people/yantaocn
http://www.zhihu.com/people/xia-tian-33
http://www.zhihu.com/people/zhu-wen-qiu
http://www.zhihu.com/people/jackylee
http://www.zhihu.com/people/liu-fei-peng
http://www.zhihu.com/people/wangwei-charles
http://www.zhihu.com/people/zhou-chang-chang
http://www.zhihu.com/people/chen-yu-zhou
http://www.zhihu.com/people/liu-wen-yu-87
http://www.zhihu.com/people/jiang-zuo-chen
http://www.zhihu.com/people/nuomi
http://www.zhihu.com/people/alvin0530
http://www.zhihu.com/people/xie-shu-zhen
http://www.zhihu.com/people/rodin
http://www.zhihu.com/people/dancewiththesea
http://www.zhihu.com/people/han-jing-long
http://www.zhihu.com/people/chenglu123
http://www.zhihu.com/people/fireten
http://www.zhihu.com/people/y_ding
http://www.zhihu.com/people/peterzhang
http://www.zhihu.com/people/zhao-qi
http://www.zhihu.com/people/eva86
http://www.zhihu.com/people/AaronHsiun
http://www.zhihu.com/people/laosa
http://www.zhihu.com/people/yingzu
http://www.zhihu.com/people/xname
http://www.zhihu.com/people/baozhu
http://www.zhihu.com/people/poor
http://www.zhihu.com/people/wehappy
http://www.zhihu.com/people/yaohl
http://www.zhihu.com/people/lfzeng
http://www.zhihu.com/people/a-dou
http://www.zhihu.com/people/chen-yu-21
http://www.zhihu.com/people/tamama
http://www.zhihu.com/people/leinming
http://www.zhihu.com/people/tao-jin
http://www.zhihu.com/people/jiao-xiao-yi
http://www.zhihu.com/people/qin-dao-ping
http://www.zhihu.com/people/bucolic-35
http://www.zhihu.com/people/easn
http://www.zhihu.com/people/yichen
http://www.zhihu.com/people/bo-cai-zi
http://www.zhihu.com/people/yiplee
http://www.zhihu.com/people/dong-sheng
http://www.zhihu.com/people/cheng-tian-qi
http://www.zhihu.com/people/laoda
http://www.zhihu.com/people/yi-lu
http://www.zhihu.com/people/liaoyy
http://www.zhihu.com/people/zhang-bo-chen
http://www.zhihu.com/people/li-jia-shen
http://www.zhihu.com/people/andywu
http://www.zhihu.com/people/xuefeng
http://www.zhihu.com/people/wangfan
http://www.zhihu.com/people/zheng-xiao-ming
http://www.zhihu.com/people/christinaliu
http://www.zhihu.com/people/coledodo
http://www.zhihu.com/people/cindy-55
http://www.zhihu.com/people/zheng-li-zhi
http://www.zhihu.com/people/ericho
http://www.zhihu.com/people/xiaofeiyang
http://www.zhihu.com/people/lin-yuan
http://www.zhihu.com/people/yu-miao-ran
http://www.zhihu.com/people/yatung-hsi
http://www.zhihu.com/people/yu-chang-xiao
http://www.zhihu.com/people/yameizi
http://www.zhihu.com/people/chen-hao-46
http://www.zhihu.com/people/lulu
http://www.zhihu.com/people/bairui
http://www.zhihu.com/people/zhao-liang-80
http://www.zhihu.com/people/lonelist
http://www.zhihu.com/people/samding
http://www.zhihu.com/people/xu-hai-bao
http://www.zhihu.com/people/wang-ya-qiong
http://www.zhihu.com/people/jinglevol
http://www.zhihu.com/people/daosong
http://www.zhihu.com/people/hinadong
http://www.zhihu.com/people/playchao
http://www.zhihu.com/people/labfish
http://www.zhihu.com/people/pengzhongyi
http://www.zhihu.com/people/peng-hu
http://www.zhihu.com/people/aqzyty
http://www.zhihu.com/people/shao-jin-song
http://www.zhihu.com/people/zhou-yi-cheng
http://www.zhihu.com/people/melissarobin
http://www.zhihu.com/people/neverland
http://www.zhihu.com/people/li-tai-xian
http://www.zhihu.com/people/gkon
http://www.zhihu.com/people/chendongchen
http://www.zhihu.com/people/chenjinze
http://www.zhihu.com/people/changshuaiqiang
http://www.zhihu.com/people/hualis
http://www.zhihu.com/people/shadow1003
http://www.zhihu.com/people/ji-ou
http://www.zhihu.com/people/song-xiao-fan
http://www.zhihu.com/people/mo-xiao-bei
http://www.zhihu.com/people/yang-zhe-8
http://www.zhihu.com/people/cometruer
http://www.zhihu.com/people/nadianshi
http://www.zhihu.com/people/outman-76
http://www.zhihu.com/people/wels
http://www.zhihu.com/people/cai-can
http://www.zhihu.com/people/quqingtao
http://www.zhihu.com/people/appleetliupei
http://www.zhihu.com/people/liyonglin
http://www.zhihu.com/people/zhang-xiao-ming-40-32
http://www.zhihu.com/people/zhang-zhuo-xian
http://www.zhihu.com/people/yong-yi-68
http://www.zhihu.com/people/tang-hong-zhe
http://www.zhihu.com/people/haipeng
http://www.zhihu.com/people/0x1997
http://www.zhihu.com/people/lynnlin
http://www.zhihu.com/people/stonehoo
http://www.zhihu.com/people/guanjueyu
http://www.zhihu.com/people/feicien
http://www.zhihu.com/people/fanniu
http://www.zhihu.com/people/zckevin
http://www.zhihu.com/people/chen-wei-49
http://www.zhihu.com/people/zhang-jia-long
http://www.zhihu.com/people/hhua
http://www.zhihu.com/people/liu-fu-bing
http://www.zhihu.com/people/zhan-pei-de
http://www.zhihu.com/people/xu-yi-hong
http://www.zhihu.com/people/misterwang2
http://www.zhihu.com/people/keepcurious
http://www.zhihu.com/people/ajason
http://www.zhihu.com/people/yuanbo
http://www.zhihu.com/people/huai-mu
http://www.zhihu.com/people/xie-wei-89
http://www.zhihu.com/people/taojun
http://www.zhihu.com/people/song-yue-chen
http://www.zhihu.com/people/chilam10
http://www.zhihu.com/people/ottovon
http://www.zhihu.com/people/lei-ri-jin
http://www.zhihu.com/people/uniquelin
http://www.zhihu.com/people/yushuhong
http://www.zhihu.com/people/hudongyang
http://www.zhihu.com/people/2325
http://www.zhihu.com/people/leejia
http://www.zhihu.com/people/panxianlin
http://www.zhihu.com/people/susushimeinv
http://www.zhihu.com/people/yafeishi
http://www.zhihu.com/people/pretend
http://www.zhihu.com/people/bullay
http://www.zhihu.com/people/zhou-you-31
http://www.zhihu.com/people/cindyzhang
http://www.zhihu.com/people/xiongdan506
http://www.zhihu.com/people/bananamaomi
http://www.zhihu.com/people/chakwang
http://www.zhihu.com/people/kwg9751
http://www.zhihu.com/people/zhou-mi-53
http://www.zhihu.com/people/carlylerowe
http://www.zhihu.com/people/niyan
http://www.zhihu.com/people/littlethin
http://www.zhihu.com/people/neaton
http://www.zhihu.com/people/xiang-bi-bo
http://www.zhihu.com/people/dorje
http://www.zhihu.com/people/guitay
http://www.zhihu.com/people/skaiy
http://www.zhihu.com/people/yangzhaosu
http://www.zhihu.com/people/bqcar
http://www.zhihu.com/people/jianbo
http://www.zhihu.com/people/zhu-zuo-jun
http://www.zhihu.com/people/suntean
http://www.zhihu.com/people/chen-shao-juan
http://www.zhihu.com/people/reake
http://www.zhihu.com/people/langyanren
http://www.zhihu.com/people/villasy
http://www.zhihu.com/people/liu-yun-long
http://www.zhihu.com/people/paul
http://www.zhihu.com/people/tan-ke-20
http://www.zhihu.com/people/wang-jie-25
http://www.zhihu.com/people/ge-fei
http://www.zhihu.com/people/Charhom
http://www.zhihu.com/people/yu-yu-qing-feng
http://www.zhihu.com/people/nickywu
http://www.zhihu.com/people/superdog
http://www.zhihu.com/people/liu-feng-yun
http://www.zhihu.com/people/wang8118
http://www.zhihu.com/people/xiao-er-10
http://www.zhihu.com/people/qiu-qiu
http://www.zhihu.com/people/dongjie
http://www.zhihu.com/people/jing-peng
http://www.zhihu.com/people/jiaguoqing
http://www.zhihu.com/people/li-zhun
http://www.zhihu.com/people/sun-di
http://www.zhihu.com/people/smilenet
http://www.zhihu.com/people/zhao-jian-wen
http://www.zhihu.com/people/zhoumou
http://www.zhihu.com/people/luo-qing
http://www.zhihu.com/people/Annandale
http://www.zhihu.com/people/franklu
http://www.zhihu.com/people/hasty
http://www.zhihu.com/people/cong5
http://www.zhihu.com/people/chaozhao
http://www.zhihu.com/people/cdcchen
http://www.zhihu.com/people/leongao
http://www.zhihu.com/people/tangxi
http://www.zhihu.com/people/meixiaowu
http://www.zhihu.com/people/iceskysl
http://www.zhihu.com/people/zhouxingbin
http://www.zhihu.com/people/han-qiang
http://www.zhihu.com/people/qu-chong
http://www.zhihu.com/people/qwhe
http://www.zhihu.com/people/sun007002
http://www.zhihu.com/people/caiyang
http://www.zhihu.com/people/liuzuyang
http://www.zhihu.com/people/zhang-hui-ying
http://www.zhihu.com/people/adamshao
http://www.zhihu.com/people/liu-qi
http://www.zhihu.com/people/qihao
http://www.zhihu.com/people/li-zhou
http://www.zhihu.com/people/moyan
http://www.zhihu.com/people/zhouxiaoming
http://www.zhihu.com/people/lindage
http://www.zhihu.com/people/beidou
http://www.zhihu.com/people/bai-xing-yu
http://www.zhihu.com/people/liangpeng
http://www.zhihu.com/people/wu-bin-79
http://www.zhihu.com/people/jemmy
http://www.zhihu.com/people/qu-shu
http://www.zhihu.com/people/sanbai
http://www.zhihu.com/people/yanqi
http://www.zhihu.com/people/luoxiao
http://www.zhihu.com/people/sulizao
http://www.zhihu.com/people/fatalist
http://www.zhihu.com/people/TheChyi
http://www.zhihu.com/people/jiksn
http://www.zhihu.com/people/li-shao-hua-21
http://www.zhihu.com/people/tianzhuo
http://www.zhihu.com/people/liu-xiao-dong-48
http://www.zhihu.com/people/wang-zi-an
http://www.zhihu.com/people/gaoguojun
http://www.zhihu.com/people/liu-he
http://www.zhihu.com/people/sun-bo-chun
http://www.zhihu.com/people/wang-yu-kun
http://www.zhihu.com/people/We_Get
http://www.zhihu.com/people/Lambo
http://www.zhihu.com/people/li-you
http://www.zhihu.com/people/yutengfei
http://www.zhihu.com/people/fan-yu
http://www.zhihu.com/people/shapherd
http://www.zhihu.com/people/zhouyujiang
http://www.zhihu.com/people/yuan-erer
http://www.zhihu.com/people/xianlei
http://www.zhihu.com/people/shi-yang-qing
http://www.zhihu.com/people/zhong-yi
http://www.zhihu.com/people/heely
http://www.zhihu.com/people/iroo
http://www.zhihu.com/people/robin-54-34
http://www.zhihu.com/people/pengvv
http://www.zhihu.com/people/kens
http://www.zhihu.com/people/sushengs
http://www.zhihu.com/people/afeng
http://www.zhihu.com/people/orderly
http://www.zhihu.com/people/park
http://www.zhihu.com/people/feixiang
http://www.zhihu.com/people/wangjian
http://www.zhihu.com/people/anti
http://www.zhihu.com/people/1841
http://www.zhihu.com/people/liyanhao
http://www.zhihu.com/people/yanshaohua
http://www.zhihu.com/people/HansenHo
http://www.zhihu.com/people/zhou-zhou
http://www.zhihu.com/people/9527
http://www.zhihu.com/people/iming
http://www.zhihu.com/people/zzhuang
http://www.zhihu.com/people/dan-yi-jun
http://www.zhihu.com/people/jia-jia
http://www.zhihu.com/people/maqingxi
http://www.zhihu.com/people/chen-lin-jian
http://www.zhihu.com/people/xu-jia-liang
http://www.zhihu.com/people/xiao-su-da
http://www.zhihu.com/people/xun-zhao-a-da
http://www.zhihu.com/people/yang-lei
http://www.zhihu.com/people/joehsu
http://www.zhihu.com/people/hu-ming-hui
http://www.zhihu.com/people/netpiano
http://www.zhihu.com/people/1Peng
http://www.zhihu.com/people/ariaaways
http://www.zhihu.com/people/qing-jing-ping-deng-jue
http://www.zhihu.com/people/crazyman
http://www.zhihu.com/people/Xuejing
http://www.zhihu.com/people/flyfish
http://www.zhihu.com/people/onepiece1981
http://www.zhihu.com/people/yanyiwu
http://www.zhihu.com/people/liu-yi
http://www.zhihu.com/people/liuya802
http://www.zhihu.com/people/anzhuo
http://www.zhihu.com/people/su-xin
http://www.zhihu.com/people/seasalt
http://www.zhihu.com/people/wang-tian-fang
http://www.zhihu.com/people/hao-zi
http://www.zhihu.com/people/zhao-ru-peng
http://www.zhihu.com/people/bandeng
http://www.zhihu.com/people/zdolobz
http://www.zhihu.com/people/silencer
http://www.zhihu.com/people/towerjoo
http://www.zhihu.com/people/li-bao-ming-53
http://www.zhihu.com/people/li-jin-gang
http://www.zhihu.com/people/yuan-xin-dao
http://www.zhihu.com/people/su7ao
http://www.zhihu.com/people/wang-hao-cheng
http://www.zhihu.com/people/lesugar
http://www.zhihu.com/people/szliyh
http://www.zhihu.com/people/you-yu-xiang-dong
http://www.zhihu.com/people/aisin
http://www.zhihu.com/people/sarashen
http://www.zhihu.com/people/yang-xiao-bu
http://www.zhihu.com/people/huaxia
http://www.zhihu.com/people/kyle.kk
http://www.zhihu.com/people/yanyuan
http://www.zhihu.com/people/yu-kai-86
http://www.zhihu.com/people/xliberty
http://www.zhihu.com/people/realway
http://www.zhihu.com/people/beibei
http://www.zhihu.com/people/stranbird
http://www.zhihu.com/people/daxia
http://www.zhihu.com/people/liu-hao-53
http://www.zhihu.com/people/heng-li-11
http://www.zhihu.com/people/chen-wei-de
http://www.zhihu.com/people/mu-shao-ai-85
http://www.zhihu.com/people/wang-kai-81
http://www.zhihu.com/people/daoluandi
http://www.zhihu.com/people/a-river
http://www.zhihu.com/people/cnzhenyu
http://www.zhihu.com/people/ma-meng
http://www.zhihu.com/people/haro
http://www.zhihu.com/people/hu-cheng-long
http://www.zhihu.com/people/cheng-jiang-hai
http://www.zhihu.com/people/xiaozhili
http://www.zhihu.com/people/cici1223s
http://www.zhihu.com/people/fu-lun-li
http://www.zhihu.com/people/hannus
http://www.zhihu.com/people/hu-qian-qiu
http://www.zhihu.com/people/vincentskywalker
http://www.zhihu.com/people/dahuang
http://www.zhihu.com/people/gogozk
http://www.zhihu.com/people/fatuan
http://www.zhihu.com/people/shitouwk
http://www.zhihu.com/people/tinyyuan
http://www.zhihu.com/people/formula1
http://www.zhihu.com/people/chen-yibin-60
http://www.zhihu.com/people/buttonwoodor
http://www.zhihu.com/people/zhangjishan
http://www.zhihu.com/people/tang-feng
http://www.zhihu.com/people/zhangxiaodong
http://www.zhihu.com/people/illaby
http://www.zhihu.com/people/wong2
http://www.zhihu.com/people/zheather
http://www.zhihu.com/people/yang-jin
http://www.zhihu.com/people/fan-chen
http://www.zhihu.com/people/zohofc
http://www.zhihu.com/people/sepra
http://www.zhihu.com/people/zhang-jie-wei
http://www.zhihu.com/people/ou-yang-fang-zi
http://www.zhihu.com/people/migangel
http://www.zhihu.com/people/wang-ying-7
http://www.zhihu.com/people/jolestar
http://www.zhihu.com/people/suodi
http://www.zhihu.com/people/zhke
http://www.zhihu.com/people/oakmikeoak
http://www.zhihu.com/people/hongbingji
http://www.zhihu.com/people/mrock
http://www.zhihu.com/people/justinby
http://www.zhihu.com/people/youqianke
http://www.zhihu.com/people/zhang-hong-yfxl
http://www.zhihu.com/people/geontn
http://www.zhihu.com/people/yifang
http://www.zhihu.com/people/qianjin
http://www.zhihu.com/people/huang-ying-53
http://www.zhihu.com/people/zhao-yong-18
http://www.zhihu.com/people/quiver
http://www.zhihu.com/people/miyavirolling
http://www.zhihu.com/people/tangxin
http://www.zhihu.com/people/liu-zhen-wei
http://www.zhihu.com/people/dter
http://www.zhihu.com/people/renmin
http://www.zhihu.com/people/colliun
http://www.zhihu.com/people/situjun
http://www.zhihu.com/people/wujinliang
http://www.zhihu.com/people/zhao-jiu-ming
http://www.zhihu.com/people/gloom_sunday
http://www.zhihu.com/people/gaocheng
http://www.zhihu.com/people/pan-wei
http://www.zhihu.com/people/iGuang
http://www.zhihu.com/people/tian-shi-jie
http://www.zhihu.com/people/woniu
http://www.zhihu.com/people/marianzhang
http://www.zhihu.com/people/xiaohuai
http://www.zhihu.com/people/lichunping
http://www.zhihu.com/people/zhangbin
http://www.zhihu.com/people/huang-rong-sheng
http://www.zhihu.com/people/widegoose
http://www.zhihu.com/people/oxox
http://www.zhihu.com/people/xu-jiong
http://www.zhihu.com/people/caoguowei
http://www.zhihu.com/people/faytoday
http://www.zhihu.com/people/curt_liu
http://www.zhihu.com/people/tonychu
http://www.zhihu.com/people/wmmahy
http://www.zhihu.com/people/yaodis
http://www.zhihu.com/people/chesanqi
http://www.zhihu.com/people/goochin
http://www.zhihu.com/people/rocky
http://www.zhihu.com/people/xin-wu-77
http://www.zhihu.com/people/fan-xiao-an
http://www.zhihu.com/people/iamweb
http://www.zhihu.com/people/taoyouyou
http://www.zhihu.com/people/tswang
http://www.zhihu.com/people/zhang-zhao-wei
http://www.zhihu.com/people/heroic
http://www.zhihu.com/people/073Kingson
http://www.zhihu.com/people/hlxu
http://www.zhihu.com/people/tood
http://www.zhihu.com/people/leaderweb
http://www.zhihu.com/people/jdstone
http://www.zhihu.com/people/guangxin
http://www.zhihu.com/people/peter-shen
http://www.zhihu.com/people/jguang
http://www.zhihu.com/people/leon4u
http://www.zhihu.com/people/luokun
http://www.zhihu.com/people/zouyunpeng
http://www.zhihu.com/people/jiangfeng
http://www.zhihu.com/people/fendadoris
http://www.zhihu.com/people/lu-yi-68
http://www.zhihu.com/people/imzhangwei
http://www.zhihu.com/people/moon
http://www.zhihu.com/people/gong-jin-62
http://www.zhihu.com/people/froyoe
http://www.zhihu.com/people/liusinan
http://www.zhihu.com/people/miao-xing-qiu-pm
http://www.zhihu.com/people/chen-da-wei-39
http://www.zhihu.com/people/vanilla
http://www.zhihu.com/people/sun-zhong-zheng
http://www.zhihu.com/people/Ansonyi
http://www.zhihu.com/people/rightgenius
http://www.zhihu.com/people/loongson
http://www.zhihu.com/people/christsang
http://www.zhihu.com/people/dayulu
http://www.zhihu.com/people/xiang-zhao-song
http://www.zhihu.com/people/leesum
http://www.zhihu.com/people/hu-jing-jing
http://www.zhihu.com/people/ma-ye
http://www.zhihu.com/people/steve
http://www.zhihu.com/people/fu-quan-sheng
http://www.zhihu.com/people/wang-ya-fei
http://www.zhihu.com/people/gongbin
http://www.zhihu.com/people/hqlong
http://www.zhihu.com/people/franks
http://www.zhihu.com/people/dong-xiao-chuan
http://www.zhihu.com/people/guchen
http://www.zhihu.com/people/lu-jing-yu
http://www.zhihu.com/people/fenghaitao
http://www.zhihu.com/people/tangluyao
http://www.zhihu.com/people/miaoz
http://www.zhihu.com/people/hivan
http://www.zhihu.com/people/mcgeek
http://www.zhihu.com/people/tracyfu
http://www.zhihu.com/people/ma-zi
http://www.zhihu.com/people/lin-cui
http://www.zhihu.com/people/ninjazhang
http://www.zhihu.com/people/felixzheng
http://www.zhihu.com/people/cnhawkorg
http://www.zhihu.com/people/qian-jing
http://www.zhihu.com/people/liu-xiao-xue
http://www.zhihu.com/people/delogas
http://www.zhihu.com/people/leesoliloquy
http://www.zhihu.com/people/only-u
http://www.zhihu.com/people/liberty
http://www.zhihu.com/people/mylhei
http://www.zhihu.com/people/lihaoqiang
http://www.zhihu.com/people/wangshenglei
http://www.zhihu.com/people/wang-han-76
http://www.zhihu.com/people/sempr
http://www.zhihu.com/people/coding
http://www.zhihu.com/people/you-yang
http://www.zhihu.com/people/chon
http://www.zhihu.com/people/xidejia
http://www.zhihu.com/people/yuan-xing-yuan
http://www.zhihu.com/people/lidongdong
http://www.zhihu.com/people/sparkxxf
http://www.zhihu.com/people/yuguoyi
http://www.zhihu.com/people/mathilda-46
http://www.zhihu.com/people/herizhao
http://www.zhihu.com/people/zhumingzu
http://www.zhihu.com/people/ocde
http://www.zhihu.com/people/czs05
http://www.zhihu.com/people/liu-chao-44
http://www.zhihu.com/people/zhouyiping
http://www.zhihu.com/people/vision
http://www.zhihu.com/people/lujing1120
http://www.zhihu.com/people/chong
http://www.zhihu.com/people/tang-chen
http://www.zhihu.com/people/wenty
http://www.zhihu.com/people/amuwang
http://www.zhihu.com/people/wind
http://www.zhihu.com/people/wangping
http://www.zhihu.com/people/chengyuan
http://www.zhihu.com/people/shi-song
http://www.zhihu.com/people/jayzhou
http://www.zhihu.com/people/wangwei0401
http://www.zhihu.com/people/vvtomato
http://www.zhihu.com/people/miaocheng
http://www.zhihu.com/people/cuiguangbin
http://www.zhihu.com/people/chenglong
http://www.zhihu.com/people/laotao
http://www.zhihu.com/people/blue
http://www.zhihu.com/people/onlyswan
http://www.zhihu.com/people/hifly
http://www.zhihu.com/people/pu-xu-dong
http://www.zhihu.com/people/xdash
http://www.zhihu.com/people/li-kang
http://www.zhihu.com/people/gymitat
http://www.zhihu.com/people/fantasysoft
http://www.zhihu.com/people/perryhau
http://www.zhihu.com/people/tenhours
http://www.zhihu.com/people/mingshuo
http://www.zhihu.com/people/jamzo
http://www.zhihu.com/people/gchang
http://www.zhihu.com/people/molala
http://www.zhihu.com/people/mcbuder
http://www.zhihu.com/people/xiaopohen
http://www.zhihu.com/people/qusheng
http://www.zhihu.com/people/idingbao
http://www.zhihu.com/people/ikaws
http://www.zhihu.com/people/lubenyuan.com
http://www.zhihu.com/people/xiayang
http://www.zhihu.com/people/luzern
http://www.zhihu.com/people/delaynomore
http://www.zhihu.com/people/linhui
http://www.zhihu.com/people/licong
http://www.zhihu.com/people/shijianguo
http://www.zhihu.com/people/sunny
http://www.zhihu.com/people/zhangga
http://www.zhihu.com/people/kwoh
http://www.zhihu.com/people/mifan
http://www.zhihu.com/people/james-pang
http://www.zhihu.com/people/sun-xue-feng
http://www.zhihu.com/people/cooerson
http://www.zhihu.com/people/shijun
http://www.zhihu.com/people/keso
http://www.zhihu.com/people/cooL
http://www.zhihu.com/people/jixin
http://www.zhihu.com/people/sealon
http://www.zhihu.com/people/zhouyuan
