http://www.zhihu.com/people/aotian
http://www.zhihu.com/people/lulu-4-89
http://www.zhihu.com/people/ronronronron
http://www.zhihu.com/people/chenweizhen
http://www.zhihu.com/people/jishangjie
http://www.zhihu.com/people/lu-zhe-dong
http://www.zhihu.com/people/LH
http://www.zhihu.com/people/cen-he-ming
http://www.zhihu.com/people/meng-ze
http://www.zhihu.com/people/gong-zheng-xuan
http://www.zhihu.com/people/wangzhinan
http://www.zhihu.com/people/cfc4n
http://www.zhihu.com/people/li-zui-mei
http://www.zhihu.com/people/swec
http://www.zhihu.com/people/kfoxw
http://www.zhihu.com/people/jueljust
http://www.zhihu.com/people/zhangyang8605
http://www.zhihu.com/people/me521333
http://www.zhihu.com/people/sun-xiao-fan-30
http://www.zhihu.com/people/pseudocode
http://www.zhihu.com/people/zhoufoxcn
http://www.zhihu.com/people/cao-xing-zhi
http://www.zhihu.com/people/christophe
http://www.zhihu.com/people/Jalove
http://www.zhihu.com/people/zhao-cai-a-zhuo
http://www.zhihu.com/people/jie-lei-15
http://www.zhihu.com/people/fkysly
http://www.zhihu.com/people/shang-long
http://www.zhihu.com/people/amcatxy
http://www.zhihu.com/people/aabi
http://www.zhihu.com/people/cui-de-xing
http://www.zhihu.com/people/VimDong
http://www.zhihu.com/people/summar
http://www.zhihu.com/people/c447279704
http://www.zhihu.com/people/frinkhuang
http://www.zhihu.com/people/deutsch-99
http://www.zhihu.com/people/veightz
http://www.zhihu.com/people/zhang-ming-56-16
http://www.zhihu.com/people/dong-xin-bao
http://www.zhihu.com/people/wang-chang-gui
http://www.zhihu.com/people/wolf_wu
http://www.zhihu.com/people/imz3
http://www.zhihu.com/people/zhang-hao-peng-34
http://www.zhihu.com/people/bad-phi
http://www.zhihu.com/people/jie-ao-joy
http://www.zhihu.com/people/wainshine
http://www.zhihu.com/people/s5s5
http://www.zhihu.com/people/yangjie6020
http://www.zhihu.com/people/v0cx
http://www.zhihu.com/people/xiao-fei-30-39
http://www.zhihu.com/people/sichen-zhang
http://www.zhihu.com/people/qi-ji-83
http://www.zhihu.com/people/windson
http://www.zhihu.com/people/daoluan
http://www.zhihu.com/people/ashej
http://www.zhihu.com/people/lin-liang-jie
http://www.zhihu.com/people/chen-yao-8
http://www.zhihu.com/people/Dollrain
http://www.zhihu.com/people/lvlvbuaa
http://www.zhihu.com/people/yang-xin-1-82
http://www.zhihu.com/people/cgfr
http://www.zhihu.com/people/li-xu-yi
http://www.zhihu.com/people/ge-wei
http://www.zhihu.com/people/Super-Mahe
http://www.zhihu.com/people/zhangner
http://www.zhihu.com/people/baodaotiexiaohe
http://www.zhihu.com/people/chence
http://www.zhihu.com/people/ma-hui-52
http://www.zhihu.com/people/wu-yu-cong-26
http://www.zhihu.com/people/dolphin8534
http://www.zhihu.com/people/xiong-le-69
http://www.zhihu.com/people/han-li-50
http://www.zhihu.com/people/botaowei
http://www.zhihu.com/people/liminjun
http://www.zhihu.com/people/bai-jue-525
http://www.zhihu.com/people/zlangangerf
http://www.zhihu.com/people/chelylee
http://www.zhihu.com/people/gelosie
http://www.zhihu.com/people/xiao-bai-mu
http://www.zhihu.com/people/zhang-tao-26-35
http://www.zhihu.com/people/xiao-kun-72
http://www.zhihu.com/people/pi-zhao-qiang
http://www.zhihu.com/people/gu-yu-fei
http://www.zhihu.com/people/xie-yong-40
http://www.zhihu.com/people/jamesky907
http://www.zhihu.com/people/ren-jing-yao
http://www.zhihu.com/people/jia-lan
http://www.zhihu.com/people/seven7seven
http://www.zhihu.com/people/lin-shu-ping-45
http://www.zhihu.com/people/cong-cong-98-4
http://www.zhihu.com/people/ruan-jian-xiang
http://www.zhihu.com/people/xiangjiang
http://www.zhihu.com/people/yinghaofei
http://www.zhihu.com/people/du-tu-su
http://www.zhihu.com/people/xingdonghai
http://www.zhihu.com/people/peng-guo-xing
http://www.zhihu.com/people/hazard
http://www.zhihu.com/people/nuril
http://www.zhihu.com/people/napianziyou
http://www.zhihu.com/people/yu-wen-shu-xue-25
http://www.zhihu.com/people/bnomb3
http://www.zhihu.com/people/Said_Young
http://www.zhihu.com/people/zhang-yu-cheng-25
http://www.zhihu.com/people/xia-feng-88
http://www.zhihu.com/people/dixing-xu
http://www.zhihu.com/people/zhangqiang9876
http://www.zhihu.com/people/missyicky
http://www.zhihu.com/people/judy-L
http://www.zhihu.com/people/zongjie
http://www.zhihu.com/people/zhouzijian
http://www.zhihu.com/people/hangj
http://www.zhihu.com/people/a-gan-90
http://www.zhihu.com/people/xunbao
http://www.zhihu.com/people/li-bu-zhi-69-1
http://www.zhihu.com/people/Brian-Kwon
http://www.zhihu.com/people/xie-jin-5-89
http://www.zhihu.com/people/han_lao_liu
http://www.zhihu.com/people/vince67
http://www.zhihu.com/people/yanweinet
http://www.zhihu.com/people/zhang-yi-25-18
http://www.zhihu.com/people/ylnb91
http://www.zhihu.com/people/xu-yong-chang
http://www.zhihu.com/people/berlin-96
http://www.zhihu.com/people/wang-xin-1-35
http://www.zhihu.com/people/sunmingshen
http://www.zhihu.com/people/dawnray
http://www.zhihu.com/people/hanruis
http://www.zhihu.com/people/bzda
http://www.zhihu.com/people/huntMyL
http://www.zhihu.com/people/zhengcihang
http://www.zhihu.com/people/chenyan
http://www.zhihu.com/people/yuzhenbo
http://www.zhihu.com/people/du-yi-90-20
http://www.zhihu.com/people/waytwoxiao
http://www.zhihu.com/people/li-xing-feng
http://www.zhihu.com/people/lu-xiao-qi-34
http://www.zhihu.com/people/yang-da-xia-6
http://www.zhihu.com/people/adrian-yao
http://www.zhihu.com/people/wangxiaowang
http://www.zhihu.com/people/coutwang
http://www.zhihu.com/people/zhangjie-gooogle
http://www.zhihu.com/people/baryeah
http://www.zhihu.com/people/hahahahahahaha
http://www.zhihu.com/people/li-man
http://www.zhihu.com/people/caoxiongfeng
http://www.zhihu.com/people/qu-zhi-36
http://www.zhihu.com/people/pang-luan-luan
http://www.zhihu.com/people/leqinotes
http://www.zhihu.com/people/THFQ
http://www.zhihu.com/people/zhang-wei-85-62
http://www.zhihu.com/people/www.90iter.com
http://www.zhihu.com/people/yangtaishou
http://www.zhihu.com/people/liu-xi-ming-3
http://www.zhihu.com/people/jueshihaojian
http://www.zhihu.com/people/macrochen
http://www.zhihu.com/people/chen-long-2
http://www.zhihu.com/people/icyber
http://www.zhihu.com/people/liu-xiao-yu-15-35
http://www.zhihu.com/people/tian-jia-wei
http://www.zhihu.com/people/wang-zhen-chao
http://www.zhihu.com/people/kevzyu
http://www.zhihu.com/people/I5X3S4
http://www.zhihu.com/people/huang-xiao-yu-98
http://www.zhihu.com/people/beerdu
http://www.zhihu.com/people/riverking
http://www.zhihu.com/people/hu-nicholas
http://www.zhihu.com/people/xie-yu-zhong-37
http://www.zhihu.com/people/subdragon
http://www.zhihu.com/people/chris-chang-24
http://www.zhihu.com/people/zhou-jing-wei-12
http://www.zhihu.com/people/wan-chang-6
http://www.zhihu.com/people/hanwei59
http://www.zhihu.com/people/cumthx
http://www.zhihu.com/people/cao-wen-xuan
http://www.zhihu.com/people/kuang-wang-xu-52
http://www.zhihu.com/people/tigerinme
http://www.zhihu.com/people/deeppacket
http://www.zhihu.com/people/gu-jia-yu
http://www.zhihu.com/people/ye-bai-28
http://www.zhihu.com/people/leochin
http://www.zhihu.com/people/lan-bing-zha
http://www.zhihu.com/people/guang-qian-yuan
http://www.zhihu.com/people/xianhuawei
http://www.zhihu.com/people/sandtears
http://www.zhihu.com/people/li-nan-7-98
http://www.zhihu.com/people/lu-xin-88
http://www.zhihu.com/people/xuexiaozhe
http://www.zhihu.com/people/niu-bin
http://www.zhihu.com/people/jamesou
http://www.zhihu.com/people/deviceperk
http://www.zhihu.com/people/wangmingyang
http://www.zhihu.com/people/chexiangbei
http://www.zhihu.com/people/huanggengtao
http://www.zhihu.com/people/jimmyixy-ren
http://www.zhihu.com/people/wang-hao-70-66
http://www.zhihu.com/people/Jeremial
http://www.zhihu.com/people/zhao-bu-dao-45
http://www.zhihu.com/people/dan-ni-si-zhang
http://www.zhihu.com/people/hiehie
http://www.zhihu.com/people/luo-lin-43-63
http://www.zhihu.com/people/jian-chuan-ting
http://www.zhihu.com/people/lynx-17
http://www.zhihu.com/people/lanq
http://www.zhihu.com/people/zjhui
http://www.zhihu.com/people/xiaolongtangbao
http://www.zhihu.com/people/liang-wen-jian
http://www.zhihu.com/people/cage89
http://www.zhihu.com/people/hexcles
http://www.zhihu.com/people/lin-tao-50-16
http://www.zhihu.com/people/xia-zhuo-yan
http://www.zhihu.com/people/cai-sheng-lin
http://www.zhihu.com/people/tmacsky
http://www.zhihu.com/people/g0thic
http://www.zhihu.com/people/atearsan
http://www.zhihu.com/people/wang-li-ran
http://www.zhihu.com/people/madyangyi
http://www.zhihu.com/people/iyaozhen
http://www.zhihu.com/people/didu007
http://www.zhihu.com/people/chenruixuan
http://www.zhihu.com/people/wang-xiao-kan
http://www.zhihu.com/people/soldiermoving
http://www.zhihu.com/people/zhouzheng
http://www.zhihu.com/people/qing-shan-wei-te
http://www.zhihu.com/people/nicoleva
http://www.zhihu.com/people/wang-yu-qing-32
http://www.zhihu.com/people/sheng-zhi-qing
http://www.zhihu.com/people/redwall
http://www.zhihu.com/people/charles-19
http://www.zhihu.com/people/eastenluis
http://www.zhihu.com/people/gu-jia-ming-83
http://www.zhihu.com/people/jiang-dong-33
http://www.zhihu.com/people/E585885
http://www.zhihu.com/people/xingwudao
http://www.zhihu.com/people/toylori
http://www.zhihu.com/people/1e13445bc8ee
http://www.zhihu.com/people/jungledrum
http://www.zhihu.com/people/endlessroad
http://www.zhihu.com/people/gaosong
http://www.zhihu.com/people/hong-yi
http://www.zhihu.com/people/zhangdwei
http://www.zhihu.com/people/LukeGuo
http://www.zhihu.com/people/faint-faint
http://www.zhihu.com/people/marsorange
http://www.zhihu.com/people/wangxin
http://www.zhihu.com/people/zhang-yong-qiang-67
http://www.zhihu.com/people/peng-jia-cong
http://www.zhihu.com/people/yu-shi-52
http://www.zhihu.com/people/zhang-peng-lin
http://www.zhihu.com/people/cheng-xiao-ming-69
http://www.zhihu.com/people/wang-de-fu
http://www.zhihu.com/people/luo-ding-9
http://www.zhihu.com/people/zhang-fan-50-6
http://www.zhihu.com/people/rancho-42
http://www.zhihu.com/people/po-dai
http://www.zhihu.com/people/Dr-hao
http://www.zhihu.com/people/ti-la-mi-su
http://www.zhihu.com/people/xljroy
http://www.zhihu.com/people/garin
http://www.zhihu.com/people/sarlanori
http://www.zhihu.com/people/wangxizhi
http://www.zhihu.com/people/gembler
http://www.zhihu.com/people/chen-charles
http://www.zhihu.com/people/yefeng
http://www.zhihu.com/people/tonng
http://www.zhihu.com/people/xu-yong-31
http://www.zhihu.com/people/tanky-woo
http://www.zhihu.com/people/yanbin
http://www.zhihu.com/people/ayr1
http://www.zhihu.com/people/gai-shan-83
http://www.zhihu.com/people/ohwtf
http://www.zhihu.com/people/xie-jian-feng-18
http://www.zhihu.com/people/yang-yang-39-49
http://www.zhihu.com/people/starrrry
http://www.zhihu.com/people/zhu-yun-hao-68
http://www.zhihu.com/people/tempo
http://www.zhihu.com/people/chi-ya
http://www.zhihu.com/people/ai-xiao-69
http://www.zhihu.com/people/hu-shui-99
http://www.zhihu.com/people/chendeshen
http://www.zhihu.com/people/lixingqun
http://www.zhihu.com/people/zjsjknd
http://www.zhihu.com/people/dave-28
http://www.zhihu.com/people/ma-xiang-wen
http://www.zhihu.com/people/li-ke-di
http://www.zhihu.com/people/gao-gao-72
http://www.zhihu.com/people/zheng-luo-wen
http://www.zhihu.com/people/dylanninin
http://www.zhihu.com/people/li-xu-65-91
http://www.zhihu.com/people/ld-22
http://www.zhihu.com/people/chifangzhi
http://www.zhihu.com/people/ren-er-cheng
http://www.zhihu.com/people/zi-ran-se
http://www.zhihu.com/people/woundman
http://www.zhihu.com/people/shao-hua-guang
http://www.zhihu.com/people/aimanong
http://www.zhihu.com/people/pewu
http://www.zhihu.com/people/pang-guan-zi-pang-shuai
http://www.zhihu.com/people/chouthen
http://www.zhihu.com/people/ruo-gu-70
http://www.zhihu.com/people/zuimai
http://www.zhihu.com/people/lin-di-62
http://www.zhihu.com/people/shi-tao-2
http://www.zhihu.com/people/wade-12
http://www.zhihu.com/people/renbihuanghuashou
http://www.zhihu.com/people/huang-zi-xu
http://www.zhihu.com/people/feng-yan-61
http://www.zhihu.com/people/he-ren-qing-57
http://www.zhihu.com/people/lu-shuang-1993
http://www.zhihu.com/people/anxious
http://www.zhihu.com/people/ztcore
http://www.zhihu.com/people/shang-ke-15
http://www.zhihu.com/people/NowayZhou
http://www.zhihu.com/people/xi-leon
http://www.zhihu.com/people/wangeguo
http://www.zhihu.com/people/chao-sheng
http://www.zhihu.com/people/ysx15
http://www.zhihu.com/people/sssky
http://www.zhihu.com/people/shenyou354
http://www.zhihu.com/people/lu-pi-xiong
http://www.zhihu.com/people/zimingforever
http://www.zhihu.com/people/bin09
http://www.zhihu.com/people/fatelei
http://www.zhihu.com/people/letcy
http://www.zhihu.com/people/fanzy
http://www.zhihu.com/people/hou-ye-60
http://www.zhihu.com/people/fsev7n
http://www.zhihu.com/people/lu-jiang-wen
http://www.zhihu.com/people/alex-zhu-35
http://www.zhihu.com/people/B-Mao-liu
http://www.zhihu.com/people/vanny
http://www.zhihu.com/people/bfwzwzgl
http://www.zhihu.com/people/bao-lei-er
http://www.zhihu.com/people/neil-35-70
http://www.zhihu.com/people/bzEq
http://www.zhihu.com/people/dqw1990
http://www.zhihu.com/people/hu-hao-tian
http://www.zhihu.com/people/xcrossed
http://www.zhihu.com/people/hu-xia-95
http://www.zhihu.com/people/zava
http://www.zhihu.com/people/xiao-chu
http://www.zhihu.com/people/wangwang-90
http://www.zhihu.com/people/li-wei-a
http://www.zhihu.com/people/anytao
http://www.zhihu.com/people/lei-xiao-hua-16
http://www.zhihu.com/people/wan-pu
http://www.zhihu.com/people/javier
http://www.zhihu.com/people/yan-sheng-20-44
http://www.zhihu.com/people/timeface
http://www.zhihu.com/people/li-peng-fei-55
http://www.zhihu.com/people/nourlcn
http://www.zhihu.com/people/zhkzyth
http://www.zhihu.com/people/guozeqian
http://www.zhihu.com/people/archieyang
http://www.zhihu.com/people/rich-36
http://www.zhihu.com/people/wei-ta-bing
http://www.zhihu.com/people/sen-sheng
http://www.zhihu.com/people/Metamorphosis_Du
http://www.zhihu.com/people/shen-guan-zhuo
http://www.zhihu.com/people/wang-xi-chun
http://www.zhihu.com/people/feisky
http://www.zhihu.com/people/sui-xiang
http://www.zhihu.com/people/feng-hao-84
http://www.zhihu.com/people/xuan-xuan-12-43
http://www.zhihu.com/people/jasonxu-86
http://www.zhihu.com/people/zhyt1985
http://www.zhihu.com/people/zhang-lu-yao-53-79
http://www.zhihu.com/people/jueying-37-34
http://www.zhihu.com/people/vivi-7
http://www.zhihu.com/people/quyifan
http://www.zhihu.com/people/sunsimian
http://www.zhihu.com/people/li-jun-jun-67
http://www.zhihu.com/people/he-ran-48
http://www.zhihu.com/people/hongshu
http://www.zhihu.com/people/beryl-wanzi
http://www.zhihu.com/people/xiao-gou-yimei
http://www.zhihu.com/people/chen-geng-hui
http://www.zhihu.com/people/da-weng
http://www.zhihu.com/people/liang-han-bing-2
http://www.zhihu.com/people/lakecedarbog
http://www.zhihu.com/people/mu-zi-li-75-13
http://www.zhihu.com/people/ling-chun-yi
http://www.zhihu.com/people/chen-jia-xin-11-97
http://www.zhihu.com/people/tang-wen-qi
http://www.zhihu.com/people/subucuo
http://www.zhihu.com/people/po-xiao-19
http://www.zhihu.com/people/long-bao-19
http://www.zhihu.com/people/lordifeng
http://www.zhihu.com/people/ripper-65
http://www.zhihu.com/people/bao-ku-zi-huang
http://www.zhihu.com/people/hysic
http://www.zhihu.com/people/bo-bo-12
http://www.zhihu.com/people/twlkyao
http://www.zhihu.com/people/liuyue
http://www.zhihu.com/people/chen-li-ming-67
http://www.zhihu.com/people/benismeA
http://www.zhihu.com/people/dai-chen-long-31
http://www.zhihu.com/people/da-da-21-23
http://www.zhihu.com/people/yukimdom
http://www.zhihu.com/people/dr-satyr
http://www.zhihu.com/people/yu-gu-69
http://www.zhihu.com/people/JamesHsia
http://www.zhihu.com/people/zheng-xin-92
http://www.zhihu.com/people/everso
http://www.zhihu.com/people/li-hui-44-8
http://www.zhihu.com/people/li_lee
http://www.zhihu.com/people/jnlpc123
http://www.zhihu.com/people/lx36998
http://www.zhihu.com/people/life-bp
http://www.zhihu.com/people/hong-jun-kai
http://www.zhihu.com/people/heijiajia
http://www.zhihu.com/people/li-er-46
http://www.zhihu.com/people/bluedy
http://www.zhihu.com/people/zhang-qi-ming
http://www.zhihu.com/people/sosoloveslife
http://www.zhihu.com/people/yu-xiao-mao-30
http://www.zhihu.com/people/jian-nuo-7
http://www.zhihu.com/people/wang-ren-67-6
http://www.zhihu.com/people/yu-luo-suo
http://www.zhihu.com/people/fantasy-45
http://www.zhihu.com/people/debbbbie
http://www.zhihu.com/people/sin-nemo
http://www.zhihu.com/people/wang-che-48
http://www.zhihu.com/people/ivan-siu
http://www.zhihu.com/people/cao-yicong-50
http://www.zhihu.com/people/alex-huang-9
http://www.zhihu.com/people/wang-yuan-feng-52
http://www.zhihu.com/people/zhao-shuai-60
http://www.zhihu.com/people/hu-yong-9
http://www.zhihu.com/people/jadexlaw
http://www.zhihu.com/people/jia-jun-66
http://www.zhihu.com/people/huang-hong-zhi
http://www.zhihu.com/people/yangzhitong
http://www.zhihu.com/people/tian-jing-10
http://www.zhihu.com/people/Captain-Z
http://www.zhihu.com/people/zoulh
http://www.zhihu.com/people/twofox
http://www.zhihu.com/people/ta-yi-69
http://www.zhihu.com/people/wengshiwei
http://www.zhihu.com/people/ryanlaoliu
http://www.zhihu.com/people/ann-wu-5
http://www.zhihu.com/people/19951121
http://www.zhihu.com/people/guoduan
http://www.zhihu.com/people/zhang-lei-yang-47
http://www.zhihu.com/people/li-jia-cheng-71
http://www.zhihu.com/people/mie-xuan
http://www.zhihu.com/people/pauillac
http://www.zhihu.com/people/baitu
http://www.zhihu.com/people/jun-yi-14
http://www.zhihu.com/people/han-peng-qian
http://www.zhihu.com/people/reese717
http://www.zhihu.com/people/xiao-ye-yi-zhi
http://www.zhihu.com/people/hahnzhu
http://www.zhihu.com/people/logichao
http://www.zhihu.com/people/ojisanbelly
http://www.zhihu.com/people/ze-mu-qi-40
http://www.zhihu.com/people/ding-yuan-shun
http://www.zhihu.com/people/ptpgzr
http://www.zhihu.com/people/gao-bing-bing
http://www.zhihu.com/people/chiya
http://www.zhihu.com/people/luckyfish
http://www.zhihu.com/people/xibie
http://www.zhihu.com/people/dayelee
http://www.zhihu.com/people/jzone
http://www.zhihu.com/people/chen-lei-90
http://www.zhihu.com/people/linter
http://www.zhihu.com/people/pao-pao-8-42
http://www.zhihu.com/people/huche
http://www.zhihu.com/people/zai-yi-luo
http://www.zhihu.com/people/chen-xi-83-98
http://www.zhihu.com/people/hao-xiao-pang
http://www.zhihu.com/people/jiayizhen
http://www.zhihu.com/people/xiaoluxin
http://www.zhihu.com/people/miejiang
http://www.zhihu.com/people/kowu
http://www.zhihu.com/people/hyace
http://www.zhihu.com/people/wang-rui-96-39
http://www.zhihu.com/people/allen-ran
http://www.zhihu.com/people/huip
http://www.zhihu.com/people/evantre
http://www.zhihu.com/people/shaxjl
http://www.zhihu.com/people/ipony
http://www.zhihu.com/people/jiang-cheng-hao-94
http://www.zhihu.com/people/de-ma-66
http://www.zhihu.com/people/jing-xiao-liang
http://www.zhihu.com/people/curiozh
http://www.zhihu.com/people/long-hong-bo
http://www.zhihu.com/people/san-qian-piao
http://www.zhihu.com/people/feng-xiang-wang
http://www.zhihu.com/people/xiao-li-zi-69
http://www.zhihu.com/people/yvan-35
http://www.zhihu.com/people/shishan
http://www.zhihu.com/people/huang-bing
http://www.zhihu.com/people/aaaasfsfsf
http://www.zhihu.com/people/fa-ke-dou-you
http://www.zhihu.com/people/linkinmars
http://www.zhihu.com/people/pan-jia-qi-69
http://www.zhihu.com/people/xiao-mou-mou
http://www.zhihu.com/people/gilot
http://www.zhihu.com/people/yao-cheng-yu
http://www.zhihu.com/people/gordon-28
http://www.zhihu.com/people/bing-mez
http://www.zhihu.com/people/liu-hao-kun-37
http://www.zhihu.com/people/wei-dong-jian
http://www.zhihu.com/people/zhou-quan-18
http://www.zhihu.com/people/qichangxing
http://www.zhihu.com/people/sun-conrad
http://www.zhihu.com/people/wang-lao-mao
http://www.zhihu.com/people/turbokeem
http://www.zhihu.com/people/xidianlz
http://www.zhihu.com/people/liu-xiong-feng-93
http://www.zhihu.com/people/meng-jia-la
http://www.zhihu.com/people/li-jin-wu
http://www.zhihu.com/people/alohass
http://www.zhihu.com/people/qu-qi-46-53
http://www.zhihu.com/people/ThomasChan
http://www.zhihu.com/people/li-xiao-yue-85-73
http://www.zhihu.com/people/bu-ding-tang
http://www.zhihu.com/people/liu-da-na-18
http://www.zhihu.com/people/vancezhao
http://www.zhihu.com/people/mai-kou-yang
http://www.zhihu.com/people/hu-su-29
http://www.zhihu.com/people/bigeast
http://www.zhihu.com/people/yang-fang-34
http://www.zhihu.com/people/zi-liu-jing-37
http://www.zhihu.com/people/zhang-xiu-qi-21
http://www.zhihu.com/people/meng-yang-40-35
http://www.zhihu.com/people/chrispaulandy
http://www.zhihu.com/people/ma-jun-kai
http://www.zhihu.com/people/dingshilei
http://www.zhihu.com/people/pisco-30
http://www.zhihu.com/people/siton
http://www.zhihu.com/people/jiang-xiaokong
http://www.zhihu.com/people/ai-ling-sha-70
http://www.zhihu.com/people/xiao-sheng-8
http://www.zhihu.com/people/xu-qi-qiang-26
http://www.zhihu.com/people/sanqiangz
http://www.zhihu.com/people/leafxm
http://www.zhihu.com/people/ying-ye-78
http://www.zhihu.com/people/fu-cheng-yan
http://www.zhihu.com/people/tian-tian-16-5
http://www.zhihu.com/people/findmyway
http://www.zhihu.com/people/bearzx
http://www.zhihu.com/people/bighope
http://www.zhihu.com/people/sidney
http://www.zhihu.com/people/KerwinZhang
http://www.zhihu.com/people/hfitp
http://www.zhihu.com/people/gejia021
http://www.zhihu.com/people/zhao-lei-59-94
http://www.zhihu.com/people/tao-chui-zi
http://www.zhihu.com/people/shi-jian-xing
http://www.zhihu.com/people/longdeqidao
http://www.zhihu.com/people/wang-xiao-yu-68-93
http://www.zhihu.com/people/jake-young
http://www.zhihu.com/people/liu-zhiquan
http://www.zhihu.com/people/fan-ya-jie
http://www.zhihu.com/people/vicky-67-63
http://www.zhihu.com/people/li-ao-wen
http://www.zhihu.com/people/sker
http://www.zhihu.com/people/dina
http://www.zhihu.com/people/ma-yu-46
http://www.zhihu.com/people/jerryweiaaa
http://www.zhihu.com/people/hang-hang-7
http://www.zhihu.com/people/li-ran-57-13
http://www.zhihu.com/people/kianhuang01
http://www.zhihu.com/people/Chase
http://www.zhihu.com/people/cui-wei
http://www.zhihu.com/people/ai-zi-35
http://www.zhihu.com/people/AmoLoong
http://www.zhihu.com/people/wang-ba-a-gan
http://www.zhihu.com/people/zexiancui
http://www.zhihu.com/people/yan-ting-17
http://www.zhihu.com/people/zhang-san-niu
http://www.zhihu.com/people/Xieyiyao
http://www.zhihu.com/people/ying-gai-shi-velkan
http://www.zhihu.com/people/mapleray
http://www.zhihu.com/people/zhang-sen-37
http://www.zhihu.com/people/yang-zhao-41
http://www.zhihu.com/people/bhuztez
http://www.zhihu.com/people/zi-wan-ying
http://www.zhihu.com/people/li-yan-yi-91312
http://www.zhihu.com/people/owenne
http://www.zhihu.com/people/shi-bing-wen
http://www.zhihu.com/people/jiang-ke-zhong
http://www.zhihu.com/people/wujinzhi
http://www.zhihu.com/people/hai-tang-47
http://www.zhihu.com/people/zhou-chi-50
http://www.zhihu.com/people/aria
http://www.zhihu.com/people/joeyy
http://www.zhihu.com/people/lich
http://www.zhihu.com/people/chuyi-chen-29
http://www.zhihu.com/people/wang-yang-97-46
http://www.zhihu.com/people/xiao-wen-cong
http://www.zhihu.com/people/sujx
http://www.zhihu.com/people/tianpan
http://www.zhihu.com/people/chen-long-fei-84
http://www.zhihu.com/people/pafa
http://www.zhihu.com/people/jiang-tao-98
http://www.zhihu.com/people/aaron-91
http://www.zhihu.com/people/xing-yi-xun
http://www.zhihu.com/people/sun-lin-9
http://www.zhihu.com/people/shanda
http://www.zhihu.com/people/chen-yong-hui-1
http://www.zhihu.com/people/zzuieliyaoli
http://www.zhihu.com/people/tommyan
http://www.zhihu.com/people/zhang-wei-nan-99
http://www.zhihu.com/people/jungle23
http://www.zhihu.com/people/victoryan
http://www.zhihu.com/people/zhang-wei-68
http://www.zhihu.com/people/ming-hao-78
http://www.zhihu.com/people/uryeah
http://www.zhihu.com/people/a-li-an-nuo
http://www.zhihu.com/people/fang-wen-32
http://www.zhihu.com/people/nian-yu-7
http://www.zhihu.com/people/ling-tian-81
http://www.zhihu.com/people/jin-yiliang
http://www.zhihu.com/people/sui-xin-er-an
http://www.zhihu.com/people/zhong-guang-42
http://www.zhihu.com/people/explorar
http://www.zhihu.com/people/hai-yang
http://www.zhihu.com/people/chen-hao-15-1
http://www.zhihu.com/people/cui-wang
http://www.zhihu.com/people/yin-hao
http://www.zhihu.com/people/kuai_yu
http://www.zhihu.com/people/ga-ou
http://www.zhihu.com/people/cui-xiao-er
http://www.zhihu.com/people/liuchangmikk
http://www.zhihu.com/people/huanghaibo
http://www.zhihu.com/people/sleepingknight
http://www.zhihu.com/people/chen-chui-geng
http://www.zhihu.com/people/li-sheng-68-93
http://www.zhihu.com/people/zhang-en-wen
http://www.zhihu.com/people/xue-heng
http://www.zhihu.com/people/wu-yi-tian
http://www.zhihu.com/people/zuoanqiyue
http://www.zhihu.com/people/jonson-fang
http://www.zhihu.com/people/lion-heart-
http://www.zhihu.com/people/xiao-rang
http://www.zhihu.com/people/kong-ling-chen-9
http://www.zhihu.com/people/chengzhoukun
http://www.zhihu.com/people/shui-ci-wu-fang
http://www.zhihu.com/people/Jover
http://www.zhihu.com/people/wang-qun-9
http://www.zhihu.com/people/bian-xiang-wei
http://www.zhihu.com/people/lu-wen-bin-99
http://www.zhihu.com/people/fuckoff
http://www.zhihu.com/people/wee1
http://www.zhihu.com/people/xi-bei-san-vc
http://www.zhihu.com/people/hong-xiao-dou
http://www.zhihu.com/people/zhufengxiang
http://www.zhihu.com/people/leocc
http://www.zhihu.com/people/bin.c.chen
http://www.zhihu.com/people/x-sky
http://www.zhihu.com/people/zheng-tao
http://www.zhihu.com/people/liu-yier-91
http://www.zhihu.com/people/lu-gui-chen-26
http://www.zhihu.com/people/li-lv-21
http://www.zhihu.com/people/wang-lin-lin-98
http://www.zhihu.com/people/guo-da-lu-13-28
http://www.zhihu.com/people/zhan-hao-xun
http://www.zhihu.com/people/tian-zhi-hao
http://www.zhihu.com/people/ivanchou
http://www.zhihu.com/people/zhou-hui-shao
http://www.zhihu.com/people/anchor-94
http://www.zhihu.com/people/qu-peng-tao
http://www.zhihu.com/people/shang-guan-rui-61
http://www.zhihu.com/people/liu-er-gou-61
http://www.zhihu.com/people/zhou-zhi-hao-33
http://www.zhihu.com/people/yangzhen-93
http://www.zhihu.com/people/zhang-yi-peng
http://www.zhihu.com/people/little-lettuce
http://www.zhihu.com/people/qiuer
http://www.zhihu.com/people/zhao-de-zhu-17
http://www.zhihu.com/people/wang-san-huai
http://www.zhihu.com/people/lulujune
http://www.zhihu.com/people/zhu-jun-47
http://www.zhihu.com/people/holsety
http://www.zhihu.com/people/yucca
http://www.zhihu.com/people/17-Y
http://www.zhihu.com/people/pbronze
http://www.zhihu.com/people/vere-zhang
http://www.zhihu.com/people/mei-nan-scenery
http://www.zhihu.com/people/Garyching
http://www.zhihu.com/people/stephencheung
http://www.zhihu.com/people/cai-tong
http://www.zhihu.com/people/zhang-xu-dong-96
http://www.zhihu.com/people/zjuhpp
http://www.zhihu.com/people/julee
http://www.zhihu.com/people/viphuo
http://www.zhihu.com/people/evnma
http://www.zhihu.com/people/xie-qiu-94
http://www.zhihu.com/people/whitezhou
http://www.zhihu.com/people/ncwen8090
http://www.zhihu.com/people/duan-qian-90
http://www.zhihu.com/people/qiu-shuang-91
http://www.zhihu.com/people/fwgisbug
http://www.zhihu.com/people/tangzl
http://www.zhihu.com/people/hou-jia-kang
http://www.zhihu.com/people/hao-zi-12
http://www.zhihu.com/people/qian-zi-qiang
http://www.zhihu.com/people/howie1991
http://www.zhihu.com/people/matt-zhang
http://www.zhihu.com/people/hylan
http://www.zhihu.com/people/gu-xiao-xin
http://www.zhihu.com/people/zhou-ying-88-29
http://www.zhihu.com/people/eccman
http://www.zhihu.com/people/hunaox
http://www.zhihu.com/people/ni-yang
http://www.zhihu.com/people/chu-jiang-dong
http://www.zhihu.com/people/wangzhaome
http://www.zhihu.com/people/huan-le-yan
http://www.zhihu.com/people/soluna
http://www.zhihu.com/people/alplee
http://www.zhihu.com/people/chiesa
http://www.zhihu.com/people/jim-lu
http://www.zhihu.com/people/vx-prado
http://www.zhihu.com/people/wangxiaohu
http://www.zhihu.com/people/zhang-fan-1-1
http://www.zhihu.com/people/mo-bian-fa-wei
http://www.zhihu.com/people/njudongtao
http://www.zhihu.com/people/flymike
http://www.zhihu.com/people/baizhengming
http://www.zhihu.com/people/zhou-xing-xing-71-22
http://www.zhihu.com/people/song-jie-jk
http://www.zhihu.com/people/easyct
http://www.zhihu.com/people/peng-jian-90
http://www.zhihu.com/people/wang-dang-dang-39
http://www.zhihu.com/people/delogas
http://www.zhihu.com/people/guodalu008
http://www.zhihu.com/people/lizizheng
http://www.zhihu.com/people/xie-yu-zhu-92
http://www.zhihu.com/people/sunbaoru
http://www.zhihu.com/people/fireracer
http://www.zhihu.com/people/ding-wu
http://www.zhihu.com/people/zhang-lao-yi
http://www.zhihu.com/people/maplejan
http://www.zhihu.com/people/yuan-kai-96
http://www.zhihu.com/people/kiwee
http://www.zhihu.com/people/wen-zi-5-32
http://www.zhihu.com/people/dyno
http://www.zhihu.com/people/you-zi-38-79
http://www.zhihu.com/people/jin-xiao-hu-84
http://www.zhihu.com/people/yan-li-24
http://www.zhihu.com/people/wu-fan-76-99
http://www.zhihu.com/people/liu-hai-bo-99-41
http://www.zhihu.com/people/ivanlee
http://www.zhihu.com/people/hu-song-59
http://www.zhihu.com/people/liusihao
http://www.zhihu.com/people/zhu-yiming
http://www.zhihu.com/people/lastomato
http://www.zhihu.com/people/tuatara
http://www.zhihu.com/people/jianbo
http://www.zhihu.com/people/zhang-yu-39-54
http://www.zhihu.com/people/ssdcz
http://www.zhihu.com/people/windsgone
http://www.zhihu.com/people/xiao-ping-xiong
http://www.zhihu.com/people/song-you-you-10-11
http://www.zhihu.com/people/li-long-bai-88
http://www.zhihu.com/people/novostary
http://www.zhihu.com/people/freemanbai
http://www.zhihu.com/people/chen-yin-72
http://www.zhihu.com/people/qu-ya-jun
http://www.zhihu.com/people/gao-shi-bo
http://www.zhihu.com/people/cai-can
http://www.zhihu.com/people/zj618
http://www.zhihu.com/people/tlwu
http://www.zhihu.com/people/toddzhao
http://www.zhihu.com/people/xiaokang
http://www.zhihu.com/people/huang-guan-si
http://www.zhihu.com/people/xiao-feng-83-87
http://www.zhihu.com/people/ryukoutetsu
http://www.zhihu.com/people/zhu-he-82
http://www.zhihu.com/people/xiao-jin-wen-93
http://www.zhihu.com/people/zeayes
http://www.zhihu.com/people/shawn-91
http://www.zhihu.com/people/hong-3
http://www.zhihu.com/people/alancs23
http://www.zhihu.com/people/zhuan-bi-xiao-dao
http://www.zhihu.com/people/donknuth
http://www.zhihu.com/people/chi-shuai
http://www.zhihu.com/people/andy-5
http://www.zhihu.com/people/tong-fei-fan
http://www.zhihu.com/people/proNdev
http://www.zhihu.com/people/tang-shun-lei
http://www.zhihu.com/people/lang-gou-da-ren
http://www.zhihu.com/people/lulu2012
http://www.zhihu.com/people/dong-lai-48
http://www.zhihu.com/people/dianxiaoxian
http://www.zhihu.com/people/pan-shi-chen
http://www.zhihu.com/people/zhang-feng-68
http://www.zhihu.com/people/fan-wei-yu
http://www.zhihu.com/people/cai-jia-he
http://www.zhihu.com/people/xiao-xiao-64-62
http://www.zhihu.com/people/navigator-hsu
http://www.zhihu.com/people/luung
http://www.zhihu.com/people/allen-chen-57
http://www.zhihu.com/people/hu-hao-67
http://www.zhihu.com/people/vikinz
http://www.zhihu.com/people/fengdecong
http://www.zhihu.com/people/sxchenpeng
http://www.zhihu.com/people/squirrel20
http://www.zhihu.com/people/hehexiake
http://www.zhihu.com/people/liuyongjian
http://www.zhihu.com/people/blazingcd
http://www.zhihu.com/people/pigtwo
http://www.zhihu.com/people/smallnuo
http://www.zhihu.com/people/wangtengchuan
http://www.zhihu.com/people/liu-xiao-xiang
http://www.zhihu.com/people/felixyang
http://www.zhihu.com/people/juncus
http://www.zhihu.com/people/ranhou
http://www.zhihu.com/people/aimothene
http://www.zhihu.com/people/xqlee
http://www.zhihu.com/people/kang-kai
http://www.zhihu.com/people/furong
http://www.zhihu.com/people/fenng
http://www.zhihu.com/people/tan-ri-tian
http://www.zhihu.com/people/ba-xiao-qi
http://www.zhihu.com/people/zhu-yong-qian
http://www.zhihu.com/people/wang-ji-71
http://www.zhihu.com/people/tang-jing-yu-24
http://www.zhihu.com/people/lihongxing
http://www.zhihu.com/people/gui-zhuo
http://www.zhihu.com/people/thewei
http://www.zhihu.com/people/nicing
http://www.zhihu.com/people/zhao-hong-wu
http://www.zhihu.com/people/notsilly
http://www.zhihu.com/people/tao-tie-32
http://www.zhihu.com/people/huang-ye-mei-gui
http://www.zhihu.com/people/long-fei-25
http://www.zhihu.com/people/zuipinxuan
http://www.zhihu.com/people/ye-mu-zhen
http://www.zhihu.com/people/jiang-xiang-ling
http://www.zhihu.com/people/xu-yi-ke
http://www.zhihu.com/people/lilizong
http://www.zhihu.com/people/liu-jia-xu
http://www.zhihu.com/people/zhao-zi-mo-91
http://www.zhihu.com/people/dizhe
http://www.zhihu.com/people/woodawu
http://www.zhihu.com/people/yang-mi-34
http://www.zhihu.com/people/yu-sheng-qiao-qiao
http://www.zhihu.com/people/liu-xiao-hong-73
http://www.zhihu.com/people/chen-chen-38-78
http://www.zhihu.com/people/arfg
http://www.zhihu.com/people/yin-qi-dong
http://www.zhihu.com/people/mc-zone
http://www.zhihu.com/people/wang-ke-ke-20
http://www.zhihu.com/people/olives
http://www.zhihu.com/people/tsangint
http://www.zhihu.com/people/funinit
http://www.zhihu.com/people/cool.tea
http://www.zhihu.com/people/xie-zi-ang
http://www.zhihu.com/people/yancyho
http://www.zhihu.com/people/laura-2
http://www.zhihu.com/people/deffi
http://www.zhihu.com/people/fono
http://www.zhihu.com/people/xu-hao-tian-21
http://www.zhihu.com/people/tian-zi-22
http://www.zhihu.com/people/aihop
http://www.zhihu.com/people/joe-joe-84
http://www.zhihu.com/people/jordan-yu-40
http://www.zhihu.com/people/lin-fei-91
http://www.zhihu.com/people/liu-zhe-44
http://www.zhihu.com/people/bo-li-bobo
http://www.zhihu.com/people/wang-yi-lian-45
http://www.zhihu.com/people/damonchen
http://www.zhihu.com/people/oooz
http://www.zhihu.com/people/luoye2013
http://www.zhihu.com/people/feng-ming-chen
http://www.zhihu.com/people/aipipi
http://www.zhihu.com/people/su-xie-44
http://www.zhihu.com/people/jacl_amacoco
http://www.zhihu.com/people/etalkr
http://www.zhihu.com/people/gao-you-mou
http://www.zhihu.com/people/zengjiajun
http://www.zhihu.com/people/ding-xiao-bin
http://www.zhihu.com/people/xiao-long-chawu
http://www.zhihu.com/people/ba-si-sheng-jiang
http://www.zhihu.com/people/xia-duo-33-9
http://www.zhihu.com/people/hifever
http://www.zhihu.com/people/zhang-zong-xing
http://www.zhihu.com/people/cycyril
http://www.zhihu.com/people/ikindle
http://www.zhihu.com/people/mi-su
http://www.zhihu.com/people/lyooivan
http://www.zhihu.com/people/chenxinfeng
http://www.zhihu.com/people/shang-jin-13
http://www.zhihu.com/people/xie-wei-you
http://www.zhihu.com/people/xiao-hua-22
http://www.zhihu.com/people/zhu-li-juan-5
http://www.zhihu.com/people/he-yuan-sheng
http://www.zhihu.com/people/mu-tou-lbj
http://www.zhihu.com/people/xiaocccai
http://www.zhihu.com/people/liuzhi
http://www.zhihu.com/people/chen-yu-11-79
http://www.zhihu.com/people/BY5566
http://www.zhihu.com/people/kession
http://www.zhihu.com/people/mei-shi-jian
http://www.zhihu.com/people/riiiiiiico
http://www.zhihu.com/people/zykzh
http://www.zhihu.com/people/qi-peng-23
http://www.zhihu.com/people/lucas-18-13
http://www.zhihu.com/people/du-chao
http://www.zhihu.com/people/yeah-lee
http://www.zhihu.com/people/zhou-yan-jun
http://www.zhihu.com/people/bjchaodaye
http://www.zhihu.com/people/weng-xiao-cong
http://www.zhihu.com/people/li-hai-lin-19
http://www.zhihu.com/people/aehan-aehan
http://www.zhihu.com/people/liu-huan-wei
http://www.zhihu.com/people/star-guo
http://www.zhihu.com/people/gong-jue
http://www.zhihu.com/people/wang-sen-shine
http://www.zhihu.com/people/cao-dong-dong-36
http://www.zhihu.com/people/lan-gong-wen
http://www.zhihu.com/people/pangkunyi
http://www.zhihu.com/people/gui-sheng-74
http://www.zhihu.com/people/sandrock-chen
http://www.zhihu.com/people/zhao-wen-ze
http://www.zhihu.com/people/gengxichao
http://www.zhihu.com/people/lu-jie-12
http://www.zhihu.com/people/xiang-ru-75
http://www.zhihu.com/people/windstore
http://www.zhihu.com/people/shu-ba-ge
http://www.zhihu.com/people/zhiwei-cai
http://www.zhihu.com/people/chen-yiming-28
http://www.zhihu.com/people/zhengcy
http://www.zhihu.com/people/yolanda-75
http://www.zhihu.com/people/song-yun-di
http://www.zhihu.com/people/gui-dao
http://www.zhihu.com/people/davidlee-11
http://www.zhihu.com/people/cnhawkorg
http://www.zhihu.com/people/violynne
http://www.zhihu.com/people/merlin-47
http://www.zhihu.com/people/yan-er-jane
http://www.zhihu.com/people/feng-m
http://www.zhihu.com/people/juanyong
http://www.zhihu.com/people/wang-chen-yang-77
http://www.zhihu.com/people/wangqiang
http://www.zhihu.com/people/kingsmalltwo
http://www.zhihu.com/people/chen-chao-ming
http://www.zhihu.com/people/tottichen
http://www.zhihu.com/people/za-shi
http://www.zhihu.com/people/bing-yan-63
http://www.zhihu.com/people/Ringo.T
http://www.zhihu.com/people/abstract202
http://www.zhihu.com/people/wang-kun-69-12
http://www.zhihu.com/people/li-chao-ran-55
http://www.zhihu.com/people/Fenix
http://www.zhihu.com/people/li-xi-lie
http://www.zhihu.com/people/gust
http://www.zhihu.com/people/li-zi-wei-44
http://www.zhihu.com/people/tao-tao-98-71
http://www.zhihu.com/people/wangdafeng
http://www.zhihu.com/people/philsong
http://www.zhihu.com/people/shu-yun-36
http://www.zhihu.com/people/xushan
http://www.zhihu.com/people/netsos
http://www.zhihu.com/people/xia-huan-11
http://www.zhihu.com/people/jiong-xiao-ming
http://www.zhihu.com/people/kcwh
http://www.zhihu.com/people/egger
http://www.zhihu.com/people/rootphantomer
http://www.zhihu.com/people/su-xing-16
http://www.zhihu.com/people/hutushen222
http://www.zhihu.com/people/li-xiang-98-69
http://www.zhihu.com/people/tang-rong-xuan
http://www.zhihu.com/people/Irvine
http://www.zhihu.com/people/hu-er-pang
http://www.zhihu.com/people/chanhs
http://www.zhihu.com/people/ren-tao-90
http://www.zhihu.com/people/Crachman
http://www.zhihu.com/people/kedoo
http://www.zhihu.com/people/icysoul
http://www.zhihu.com/people/sun-wei-zhen
http://www.zhihu.com/people/zhang-zhi-yuan-54-84
http://www.zhihu.com/people/chansey
http://www.zhihu.com/people/hua-man-lou-17
http://www.zhihu.com/people/zhou-hao-ran
http://www.zhihu.com/people/sagacity
http://www.zhihu.com/people/zhuanghu
http://www.zhihu.com/people/cold-cold
http://www.zhihu.com/people/SYIU8
http://www.zhihu.com/people/chao-ji-da-sha
http://www.zhihu.com/people/wei-yang-90
http://www.zhihu.com/people/cui-cui-86
http://www.zhihu.com/people/zheng-jian-86-65
http://www.zhihu.com/people/luo-feng-86-44
http://www.zhihu.com/people/hao-zi-39
http://www.zhihu.com/people/xiao-da-da
http://www.zhihu.com/people/helium
http://www.zhihu.com/people/alber-chen
http://www.zhihu.com/people/zi-ming-91
http://www.zhihu.com/people/lgt945
http://www.zhihu.com/people/liaojunyuan.com
http://www.zhihu.com/people/chenna
http://www.zhihu.com/people/ma-ke-14
http://www.zhihu.com/people/yang-kai-guang
http://www.zhihu.com/people/xulaohan
http://www.zhihu.com/people/stark-46
http://www.zhihu.com/people/redwinam
http://www.zhihu.com/people/nanxing-li
http://www.zhihu.com/people/sevenmu
http://www.zhihu.com/people/juju
http://www.zhihu.com/people/peng-zheng-15
http://www.zhihu.com/people/Broadcast_channel
http://www.zhihu.com/people/helongke
http://www.zhihu.com/people/xiang-dang-dang-47
http://www.zhihu.com/people/zhang-qun-xiao
http://www.zhihu.com/people/su-fei-17
http://www.zhihu.com/people/zhang-xin-yu-11
http://www.zhihu.com/people/wang-chun-ze-44
http://www.zhihu.com/people/mo-wei-zhi-57
http://www.zhihu.com/people/du-hu-lu
http://www.zhihu.com/people/yi-lin515
http://www.zhihu.com/people/freedomwyb
http://www.zhihu.com/people/hunterxmoon
http://www.zhihu.com/people/zou-wen-tao
http://www.zhihu.com/people/cai-zan-xian
http://www.zhihu.com/people/barto
http://www.zhihu.com/people/yue-shi-jie
http://www.zhihu.com/people/shmilypeter
http://www.zhihu.com/people/silentmost
http://www.zhihu.com/people/buptguo
http://www.zhihu.com/people/zhao-jun-jie-14
http://www.zhihu.com/people/zhao-jia-long-16
http://www.zhihu.com/people/chalres
http://www.zhihu.com/people/freelancer
http://www.zhihu.com/people/hei-se-bo-luo
http://www.zhihu.com/people/xieyanwei
http://www.zhihu.com/people/peng-hui-32
http://www.zhihu.com/people/moxnet
http://www.zhihu.com/people/kehao
http://www.zhihu.com/people/yue-guang-41
http://www.zhihu.com/people/zeng-fei-fei
http://www.zhihu.com/people/yuan-shao-cheng
http://www.zhihu.com/people/cuizine233
http://www.zhihu.com/people/lin-ye-feng
http://www.zhihu.com/people/wen-sen-te-86
http://www.zhihu.com/people/backgroud-music
http://www.zhihu.com/people/caizhenghai
http://www.zhihu.com/people/bitrat
http://www.zhihu.com/people/anelva
http://www.zhihu.com/people/caizhaolun
http://www.zhihu.com/people/chen-jun-hao-94
http://www.zhihu.com/people/zhang-feng-52
http://www.zhihu.com/people/zhang-ya-chao
http://www.zhihu.com/people/impkt13
http://www.zhihu.com/people/ATMuu
http://www.zhihu.com/people/ling-hu-cong
http://www.zhihu.com/people/xiao-dao-uniq
http://www.zhihu.com/people/dong-jun-jie-85
http://www.zhihu.com/people/gifts
http://www.zhihu.com/people/dengpf1993
http://www.zhihu.com/people/wang-jing-xuan-94
http://www.zhihu.com/people/stevensunzh
http://www.zhihu.com/people/edyfox
http://www.zhihu.com/people/khowarizmi
http://www.zhihu.com/people/yangjiansky
http://www.zhihu.com/people/skyoojaafeng-chun-hou
http://www.zhihu.com/people/ma-bo-ping
http://www.zhihu.com/people/tang-wei-30
http://www.zhihu.com/people/zhang-yi-fan-48
http://www.zhihu.com/people/yu-cheng-31
http://www.zhihu.com/people/du-qing-feng
http://www.zhihu.com/people/twocucao
http://www.zhihu.com/people/happy10086
http://www.zhihu.com/people/tutu-zhang
http://www.zhihu.com/people/xingzhi
http://www.zhihu.com/people/haooyi
http://www.zhihu.com/people/sun-yu-hui-42
http://www.zhihu.com/people/ailogx
http://www.zhihu.com/people/xiang-chang-yu
http://www.zhihu.com/people/tong-ge-23
http://www.zhihu.com/people/kimmyzhu
http://www.zhihu.com/people/a_kai
http://www.zhihu.com/people/guo-yu-8
http://www.zhihu.com/people/truebit
http://www.zhihu.com/people/tu-gao-hui-ge
http://www.zhihu.com/people/yang-hang-min
http://www.zhihu.com/people/wl8861
http://www.zhihu.com/people/douglarek
http://www.zhihu.com/people/chen-yu-hao
http://www.zhihu.com/people/klingons
http://www.zhihu.com/people/yang-yu-58
http://www.zhihu.com/people/zhu-yixin-42
http://www.zhihu.com/people/chang-qing-wei
http://www.zhihu.com/people/ni-zai-cai
http://www.zhihu.com/people/guo-qing-tao
http://www.zhihu.com/people/antant
http://www.zhihu.com/people/jysperm
http://www.zhihu.com/people/shabingxuan
http://www.zhihu.com/people/fredcy
http://www.zhihu.com/people/li-yun-hao-47
http://www.zhihu.com/people/li-zheng-91-39
http://www.zhihu.com/people/feng-xiao-pei
http://www.zhihu.com/people/xu-xue-hen
http://www.zhihu.com/people/yang-xiao-yu-38
http://www.zhihu.com/people/fookwood
http://www.zhihu.com/people/undozen
http://www.zhihu.com/people/zhou-yang-19
http://www.zhihu.com/people/guisheng-w
http://www.zhihu.com/people/wei-lin-29
http://www.zhihu.com/people/stellazhang1994
http://www.zhihu.com/people/wang-rui-qi-94
http://www.zhihu.com/people/rotcod
http://www.zhihu.com/people/li-yang-yang
http://www.zhihu.com/people/bonesdaisy
http://www.zhihu.com/people/feng-shan-58
http://www.zhihu.com/people/lovefcb
http://www.zhihu.com/people/cha-men-hu-de-xiao-bei-xin
http://www.zhihu.com/people/lipei
http://www.zhihu.com/people/mutuyu
http://www.zhihu.com/people/zengzhaoling
http://www.zhihu.com/people/yueyuebo
http://www.zhihu.com/people/lenny-leng
http://www.zhihu.com/people/rambler1122
http://www.zhihu.com/people/lu-di-56
http://www.zhihu.com/people/10mi
http://www.zhihu.com/people/zhang-zi-qiang-36
http://www.zhihu.com/people/liu-xing-yu-53
http://www.zhihu.com/people/jia-he-liang-jie
http://www.zhihu.com/people/chou-chou-35
http://www.zhihu.com/people/icecreamer
http://www.zhihu.com/people/andywster
http://www.zhihu.com/people/liu-jun-you-99
http://www.zhihu.com/people/tooyoung
http://www.zhihu.com/people/slowtz
http://www.zhihu.com/people/youling
http://www.zhihu.com/people/mirra
http://www.zhihu.com/people/zuo-qi-57
http://www.zhihu.com/people/li-hao-yu
http://www.zhihu.com/people/fatpa
http://www.zhihu.com/people/bfjiaren
http://www.zhihu.com/people/artin7
http://www.zhihu.com/people/kenny_0922
http://www.zhihu.com/people/wei-dong-64-69
http://www.zhihu.com/people/li-ye-27-65
http://www.zhihu.com/people/song-song-99
http://www.zhihu.com/people/fan-he-40
http://www.zhihu.com/people/liu-lu
http://www.zhihu.com/people/zhao-yu-han
http://www.zhihu.com/people/phos
http://www.zhihu.com/people/lu-hao-17-49
http://www.zhihu.com/people/xiong-fei
http://www.zhihu.com/people/kongxiangyuan
http://www.zhihu.com/people/paprikaz
http://www.zhihu.com/people/li-ri-yue
http://www.zhihu.com/people/yang-yu-60
http://www.zhihu.com/people/denny-you
http://www.zhihu.com/people/dragoncd
http://www.zhihu.com/people/yang-wang-8
http://www.zhihu.com/people/zhou-liu-yu
http://www.zhihu.com/people/tian-min-cheng
http://www.zhihu.com/people/samuelma
http://www.zhihu.com/people/bxbxbai
http://www.zhihu.com/people/alucard
http://www.zhihu.com/people/liu-jun-wen-27
http://www.zhihu.com/people/gu-li-jun
http://www.zhihu.com/people/yfeng1226
http://www.zhihu.com/people/tan-xing-bang
http://www.zhihu.com/people/lvedie
http://www.zhihu.com/people/undoit
http://www.zhihu.com/people/gevin
http://www.zhihu.com/people/xiao-di-78
http://www.zhihu.com/people/yang-guang-xiao
http://www.zhihu.com/people/ichenxiaodao
http://www.zhihu.com/people/si-kong-si-ma
http://www.zhihu.com/people/qusisiba__36
http://www.zhihu.com/people/yang-qi-bin
http://www.zhihu.com/people/jooyi
http://www.zhihu.com/people/fangwenyang
http://www.zhihu.com/people/klingon
http://www.zhihu.com/people/wei.kong
http://www.zhihu.com/people/0vens
http://www.zhihu.com/people/huang-long-80
http://www.zhihu.com/people/cxh1314
http://www.zhihu.com/people/lu-ren
http://www.zhihu.com/people/mindseeker
http://www.zhihu.com/people/li-niu-er
http://www.zhihu.com/people/hong-huai-jiu
http://www.zhihu.com/people/wang-wen-ping-40
http://www.zhihu.com/people/duan-xiao-mie
http://www.zhihu.com/people/howl-16
http://www.zhihu.com/people/cai-xia-42
http://www.zhihu.com/people/zhang-shi-hua-25
http://www.zhihu.com/people/xiong-hai-xiao
http://www.zhihu.com/people/fwwdn
http://www.zhihu.com/people/chen-yu-25
http://www.zhihu.com/people/song-yan-feng
http://www.zhihu.com/people/chen-qing-54-11
http://www.zhihu.com/people/jia-kun-95
http://www.zhihu.com/people/loadin
http://www.zhihu.com/people/leobron
http://www.zhihu.com/people/yi-yun-yy
http://www.zhihu.com/people/dbor
http://www.zhihu.com/people/dapangzhi
http://www.zhihu.com/people/zx1986
http://www.zhihu.com/people/gazi
http://www.zhihu.com/people/chenran
http://www.zhihu.com/people/yang-a-niu
http://www.zhihu.com/people/iyucci
http://www.zhihu.com/people/Geoffreyzhang
http://www.zhihu.com/people/ma-que-10
http://www.zhihu.com/people/mei-yi-97
http://www.zhihu.com/people/sowhut
http://www.zhihu.com/people/zhang-shu-yuan-18
http://www.zhihu.com/people/mark-ge-45
http://www.zhihu.com/people/jession1989
http://www.zhihu.com/people/liu-quan-wei-39
http://www.zhihu.com/people/wiilen
http://www.zhihu.com/people/apeng332
http://www.zhihu.com/people/prooxy
http://www.zhihu.com/people/li-jing-yan-12
http://www.zhihu.com/people/wang-rong-gang
http://www.zhihu.com/people/yang-yu-25
http://www.zhihu.com/people/gotham-chen
http://www.zhihu.com/people/deathman
http://www.zhihu.com/people/nordom0x50
http://www.zhihu.com/people/zhang-1024
http://www.zhihu.com/people/bai-zhang-xuan
http://www.zhihu.com/people/caomidanwei
http://www.zhihu.com/people/lianyi
http://www.zhihu.com/people/vinjn
http://www.zhihu.com/people/roselle-ro
http://www.zhihu.com/people/un0s2
http://www.zhihu.com/people/wang-gong-20
http://www.zhihu.com/people/Amies-U
http://www.zhihu.com/people/metaphic
http://www.zhihu.com/people/shanicky
http://www.zhihu.com/people/shannon-yao
http://www.zhihu.com/people/kokomi
http://www.zhihu.com/people/li-po-han
http://www.zhihu.com/people/master-yan
http://www.zhihu.com/people/xuefu_zhang
http://www.zhihu.com/people/CampusTree
http://www.zhihu.com/people/peng-di
http://www.zhihu.com/people/qianyugang
http://www.zhihu.com/people/muziqi
http://www.zhihu.com/people/TheRooftop
http://www.zhihu.com/people/cai-xiao-gao
http://www.zhihu.com/people/ZhYW
http://www.zhihu.com/people/greysign
http://www.zhihu.com/people/liujj
http://www.zhihu.com/people/zui-weng-51
http://www.zhihu.com/people/duzou
http://www.zhihu.com/people/zed-89
http://www.zhihu.com/people/live-dong
http://www.zhihu.com/people/huyongzs
http://www.zhihu.com/people/wentasy
http://www.zhihu.com/people/mou-jun-feng
http://www.zhihu.com/people/zhang-yong-hui-717
http://www.zhihu.com/people/ricter-z
http://www.zhihu.com/people/channe
http://www.zhihu.com/people/zhangang
http://www.zhihu.com/people/dudu222
http://www.zhihu.com/people/_zhao_xu_
http://www.zhihu.com/people/iammutex
http://www.zhihu.com/people/song_yang
http://www.zhihu.com/people/timaobrother
http://www.zhihu.com/people/xi-han
http://www.zhihu.com/people/lizhineng
http://www.zhihu.com/people/xiongzhiming
http://www.zhihu.com/people/solo-29
http://www.zhihu.com/people/tvvocold
http://www.zhihu.com/people/imr3
http://www.zhihu.com/people/li-shou-yin-89
http://www.zhihu.com/people/ma-dan-39
http://www.zhihu.com/people/liu-xiao-yi-78
http://www.zhihu.com/people/igloo
http://www.zhihu.com/people/wadigua
http://www.zhihu.com/people/chen-shen-yuan
http://www.zhihu.com/people/evilcos
http://www.zhihu.com/people/fengyongzhi
http://www.zhihu.com/people/wang-jia-qi-75
http://www.zhihu.com/people/karaki
http://www.zhihu.com/people/jianleer.net
http://www.zhihu.com/people/li-bin-0718
http://www.zhihu.com/people/gao-fei-jun
http://www.zhihu.com/people/PeterK
http://www.zhihu.com/people/cljloves
http://www.zhihu.com/people/huang-jin-fa
http://www.zhihu.com/people/li-xinwei
http://www.zhihu.com/people/zrym
http://www.zhihu.com/people/CodeMonkey
http://www.zhihu.com/people/shan-kui-68
http://www.zhihu.com/people/yang-shu-lin
http://www.zhihu.com/people/bgsj
http://www.zhihu.com/people/yu-san-geng
http://www.zhihu.com/people/kong-rong-26
http://www.zhihu.com/people/xuyang93
http://www.zhihu.com/people/hei-ge-86
http://www.zhihu.com/people/omyhao
http://www.zhihu.com/people/huangpingwei
http://www.zhihu.com/people/jade-s
http://www.zhihu.com/people/li-qiu-heng
http://www.zhihu.com/people/guo-yu-11
http://www.zhihu.com/people/teng-dou-dou
http://www.zhihu.com/people/wengjie
http://www.zhihu.com/people/lixuejian
http://www.zhihu.com/people/ikeng
http://www.zhihu.com/people/daniel-gao-87
http://www.zhihu.com/people/eatpoc
http://www.zhihu.com/people/jie-shuang-93
http://www.zhihu.com/people/shafreeck
http://www.zhihu.com/people/mindseye
http://www.zhihu.com/people/li-xiao-wen-2
http://www.zhihu.com/people/JaxKing
http://www.zhihu.com/people/raymond-wang
http://www.zhihu.com/people/x5lcfd
http://www.zhihu.com/people/yang-zhi-qi
http://www.zhihu.com/people/renwang
http://www.zhihu.com/people/xiaoo
http://www.zhihu.com/people/blackswan
http://www.zhihu.com/people/sliuqin
http://www.zhihu.com/people/ceng-zhao-hao
http://www.zhihu.com/people/gaodongsheng
http://www.zhihu.com/people/cuitsl
http://www.zhihu.com/people/bellydark
http://www.zhihu.com/people/xin-hai-ju-feng
http://www.zhihu.com/people/wang-wen-qiang
http://www.zhihu.com/people/niunai
http://www.zhihu.com/people/jerry.yang
http://www.zhihu.com/people/wang7x
http://www.zhihu.com/people/chen-xi-78-89-66
http://www.zhihu.com/people/chairo
http://www.zhihu.com/people/fredshare
http://www.zhihu.com/people/ticyang
http://www.zhihu.com/people/shaozhengmao
http://www.zhihu.com/people/insofe
http://www.zhihu.com/people/coreywei
http://www.zhihu.com/people/alex-hou
http://www.zhihu.com/people/wang-le-heng
http://www.zhihu.com/people/chero
http://www.zhihu.com/people/zhao-bing-qiang
http://www.zhihu.com/people/zhao-hong-yi-62
http://www.zhihu.com/people/ma-guo-dong
http://www.zhihu.com/people/quiet-llin
http://www.zhihu.com/people/chendanqing
http://www.zhihu.com/people/hua-bo
http://www.zhihu.com/people/wangdake
http://www.zhihu.com/people/dylanvivi
http://www.zhihu.com/people/shi-can-rong
http://www.zhihu.com/people/shaodows
http://www.zhihu.com/people/wang-feng-85-24
http://www.zhihu.com/people/yvonyvonyvonne
http://www.zhihu.com/people/yang-liang-35
http://www.zhihu.com/people/benxu
http://www.zhihu.com/people/huang-yi-87-95
http://www.zhihu.com/people/caoguowei
http://www.zhihu.com/people/wang-tao-43-95
http://www.zhihu.com/people/coyote_chen
http://www.zhihu.com/people/CAODANIANG
http://www.zhihu.com/people/fayewu.sinaapp.com
http://www.zhihu.com/people/jeremymoo
http://www.zhihu.com/people/yaoshun
http://www.zhihu.com/people/xyfiredark
http://www.zhihu.com/people/funnyfan
http://www.zhihu.com/people/wen-tao-4
http://www.zhihu.com/people/zec-5
http://www.zhihu.com/people/ye-chun-jian
http://www.zhihu.com/people/tokwok
http://www.zhihu.com/people/iout.in
http://www.zhihu.com/people/flying5
http://www.zhihu.com/people/complete
http://www.zhihu.com/people/li-kai-64-64
http://www.zhihu.com/people/zhang-yue-ming-12
http://www.zhihu.com/people/feamung
http://www.zhihu.com/people/hu-ri-yang
http://www.zhihu.com/people/freeniu
http://www.zhihu.com/people/lichenghe
http://www.zhihu.com/people/zhengmingming
http://www.zhihu.com/people/psjay
http://www.zhihu.com/people/robster
http://www.zhihu.com/people/zhang-long-27-51
http://www.zhihu.com/people/guang-feng
http://www.zhihu.com/people/prolove90
http://www.zhihu.com/people/bi-chang-an
http://www.zhihu.com/people/yao-jin-hui
http://www.zhihu.com/people/InitialC
http://www.zhihu.com/people/zboz
http://www.zhihu.com/people/69devil
http://www.zhihu.com/people/yuehuTi
http://www.zhihu.com/people/ringzero
http://www.zhihu.com/people/krashna
http://www.zhihu.com/people/sun-shuai-40
http://www.zhihu.com/people/paperagain
http://www.zhihu.com/people/kaka2008
http://www.zhihu.com/people/tongjinghao
http://www.zhihu.com/people/rocgo
http://www.zhihu.com/people/huang-qi
http://www.zhihu.com/people/deng-xin-xian
http://www.zhihu.com/people/he-feng-21-67
http://www.zhihu.com/people/tyrion-chang
http://www.zhihu.com/people/rainy-23
http://www.zhihu.com/people/nathan-40
http://www.zhihu.com/people/feelfantasy
http://www.zhihu.com/people/teng-jin-guang
http://www.zhihu.com/people/huang-wan-qing-66
http://www.zhihu.com/people/ge-lin-95
http://www.zhihu.com/people/ch00709980
http://www.zhihu.com/people/chentu
http://www.zhihu.com/people/iamzhangchi
http://www.zhihu.com/people/catcoder
http://www.zhihu.com/people/cdma2000
http://www.zhihu.com/people/guokb
http://www.zhihu.com/people/dai-yu-xiu
http://www.zhihu.com/people/mao-mao-54-54
http://www.zhihu.com/people/liu-gao-yuan
http://www.zhihu.com/people/weifx
http://www.zhihu.com/people/jinzhu
http://www.zhihu.com/people/tonnydan
http://www.zhihu.com/people/game-web
http://www.zhihu.com/people/onestar
http://www.zhihu.com/people/chenjia404
http://www.zhihu.com/people/yang-an-qi-30
http://www.zhihu.com/people/lq611
http://www.zhihu.com/people/bitmirage
http://www.zhihu.com/people/zhou-pei-liang
http://www.zhihu.com/people/IwfWcf
http://www.zhihu.com/people/zhang-yi-33-21
http://www.zhihu.com/people/outlier
http://www.zhihu.com/people/redhobor
http://www.zhihu.com/people/iamet
http://www.zhihu.com/people/huang-chang-wu
http://www.zhihu.com/people/peng-si-jie
http://www.zhihu.com/people/cklover
http://www.zhihu.com/people/xxiu
http://www.zhihu.com/people/chen.xiao.mai
http://www.zhihu.com/people/wu-xu-dong-75-10
http://www.zhihu.com/people/fu-xiao-hei
http://www.zhihu.com/people/bingno
http://www.zhihu.com/people/rongyiren
http://www.zhihu.com/people/yangshizi
http://www.zhihu.com/people/jiang-nan-37-15
http://www.zhihu.com/people/fatalist
http://www.zhihu.com/people/shi-xia-xing
http://www.zhihu.com/people/tsynrong
http://www.zhihu.com/people/evenx86
http://www.zhihu.com/people/zhangjian
http://www.zhihu.com/people/jiang-chao-22
http://www.zhihu.com/people/chungtow
http://www.zhihu.com/people/prcjzw
http://www.zhihu.com/people/zfish
http://www.zhihu.com/people/zou-dao-kou
http://www.zhihu.com/people/casper
http://www.zhihu.com/people/lin-wang-wei
http://www.zhihu.com/people/vipjqy
http://www.zhihu.com/people/Lucius_Chen
http://www.zhihu.com/people/peng-xiao-tian
http://www.zhihu.com/people/sun-chang-he
http://www.zhihu.com/people/yu-lei-8
http://www.zhihu.com/people/chen-zong-su
http://www.zhihu.com/people/noxn
http://www.zhihu.com/people/li-lang
http://www.zhihu.com/people/themesimple
http://www.zhihu.com/people/suikaixin
http://www.zhihu.com/people/cailiao
http://www.zhihu.com/people/li-yun-1-93
http://www.zhihu.com/people/kaiwelo
http://www.zhihu.com/people/qiao-xin-qi
http://www.zhihu.com/people/byandong
http://www.zhihu.com/people/vagase
http://www.zhihu.com/people/geekylee
http://www.zhihu.com/people/alianpaul
http://www.zhihu.com/people/mythchee
http://www.zhihu.com/people/xu-meng-yang
http://www.zhihu.com/people/e_chen
http://www.zhihu.com/people/rio
http://www.zhihu.com/people/halfer53
http://www.zhihu.com/people/mvie
http://www.zhihu.com/people/daban
http://www.zhihu.com/people/li-dong-16-21
http://www.zhihu.com/people/garbo
http://www.zhihu.com/people/fxw945
http://www.zhihu.com/people/nofishleon
http://www.zhihu.com/people/xinhu
http://www.zhihu.com/people/pianran
http://www.zhihu.com/people/laixiaolai
http://www.zhihu.com/people/santiagohz
http://www.zhihu.com/people/yi-fei-xiang-51
http://www.zhihu.com/people/loujianwen
http://www.zhihu.com/people/newblue
http://www.zhihu.com/people/capbone
http://www.zhihu.com/people/ismylifestyle
http://www.zhihu.com/people/liu-jin-nan
http://www.zhihu.com/people/huacheng
http://www.zhihu.com/people/soyking
http://www.zhihu.com/people/long-xiao-feng
http://www.zhihu.com/people/zhang-zeyoung
http://www.zhihu.com/people/zopassionalambda
http://www.zhihu.com/people/deng-di-zhi
http://www.zhihu.com/people/lili-lili
http://www.zhihu.com/people/wu-han-bin
http://www.zhihu.com/people/chen-shuai-hua
http://www.zhihu.com/people/blackeagle
http://www.zhihu.com/people/wu-ming-93
http://www.zhihu.com/people/ma-xiao-niu-36
http://www.zhihu.com/people/weirdbird
http://www.zhihu.com/people/qingxp9
http://www.zhihu.com/people/xia-xiao-xiao
http://www.zhihu.com/people/xiao-lt
http://www.zhihu.com/people/mebeta
http://www.zhihu.com/people/eana-chan
http://www.zhihu.com/people/Dabbler
http://www.zhihu.com/people/leonpak
http://www.zhihu.com/people/luo-tao-31
http://www.zhihu.com/people/gao-xing-93
http://www.zhihu.com/people/xumingmingv
http://www.zhihu.com/people/yetone
http://www.zhihu.com/people/randyyet
http://www.zhihu.com/people/liu-sheng-30
http://www.zhihu.com/people/yukixz
http://www.zhihu.com/people/huangquanhj
http://www.zhihu.com/people/peng-zhi-ran
http://www.zhihu.com/people/xiangshou
http://www.zhihu.com/people/bai-xiao-fei
http://www.zhihu.com/people/chen-lionel
http://www.zhihu.com/people/p3n9
http://www.zhihu.com/people/fooling
http://www.zhihu.com/people/GionCat
http://www.zhihu.com/people/xsheng-13
http://www.zhihu.com/people/hanlinson
http://www.zhihu.com/people/feisuzhu
http://www.zhihu.com/people/rothcold
http://www.zhihu.com/people/chuangbo
http://www.zhihu.com/people/hu-xiao-bin-19
http://www.zhihu.com/people/zhangrongjie
http://www.zhihu.com/people/lin-xiao-liang-89
http://www.zhihu.com/people/jinxi
http://www.zhihu.com/people/ihuabing
http://www.zhihu.com/people/huangchi
http://www.zhihu.com/people/jiluo
http://www.zhihu.com/people/mysoko
http://www.zhihu.com/people/cnwinds
http://www.zhihu.com/people/noff
http://www.zhihu.com/people/li-ye-86
http://www.zhihu.com/people/franklu
http://www.zhihu.com/people/ponlee
http://www.zhihu.com/people/a-hun
http://www.zhihu.com/people/c4pr1c3
http://www.zhihu.com/people/wangorm
http://www.zhihu.com/people/zhan-jian-yu
http://www.zhihu.com/people/laughingjacky
http://www.zhihu.com/people/swgh
http://www.zhihu.com/people/wayfar
http://www.zhihu.com/people/qinmingyuan
http://www.zhihu.com/people/wei-meng-47
http://www.zhihu.com/people/orzbeta
http://www.zhihu.com/people/leegang
http://www.zhihu.com/people/wine-63
http://www.zhihu.com/people/s0s0
http://www.zhihu.com/people/fangyuanyzh
http://www.zhihu.com/people/dai-xiao-lan
http://www.zhihu.com/people/shu-zhi-34
http://www.zhihu.com/people/wonderflow.info
http://www.zhihu.com/people/shen
http://www.zhihu.com/people/gayscript
http://www.zhihu.com/people/wang-wen-ping-27
http://www.zhihu.com/people/yaomeishijianle
http://www.zhihu.com/people/peoplegxs
http://www.zhihu.com/people/pyinx
http://www.zhihu.com/people/g_will
http://www.zhihu.com/people/fang-chao-qun
http://www.zhihu.com/people/wheam
http://www.zhihu.com/people/Quieth
http://www.zhihu.com/people/shang-kan
http://www.zhihu.com/people/ruo-xue-san-qian
http://www.zhihu.com/people/liu-ying-chao-55
http://www.zhihu.com/people/zhu-bo-tao
http://www.zhihu.com/people/iceskysl
http://www.zhihu.com/people/chu-meng-meng
http://www.zhihu.com/people/holybao
http://www.zhihu.com/people/davidchang
http://www.zhihu.com/people/airsen
http://www.zhihu.com/people/wei-hua-69
http://www.zhihu.com/people/mu-rong-you-yue-65
http://www.zhihu.com/people/geekplux
http://www.zhihu.com/people/yibadasan
http://www.zhihu.com/people/Xiao_Liang
http://www.zhihu.com/people/sellsoda
http://www.zhihu.com/people/jiang-yuan-bo-81
http://www.zhihu.com/people/xgod-dogx
http://www.zhihu.com/people/guo-zhao-liang
http://www.zhihu.com/people/coke_
http://www.zhihu.com/people/zhang-zhi-yun-21
http://www.zhihu.com/people/guo-qi
http://www.zhihu.com/people/chen-dong-98-48
http://www.zhihu.com/people/zhou-an
http://www.zhihu.com/people/kid7st
http://www.zhihu.com/people/xu-yi-yu-71
http://www.zhihu.com/people/klicky
http://www.zhihu.com/people/yi-zhou-33
http://www.zhihu.com/people/youngson-black
http://www.zhihu.com/people/zer0black
http://www.zhihu.com/people/zhang-cong-72
http://www.zhihu.com/people/guigui69
http://www.zhihu.com/people/clan
http://www.zhihu.com/people/victor-lee-38
http://www.zhihu.com/people/xie-peng-97-69
http://www.zhihu.com/people/enzu
http://www.zhihu.com/people/wu-mu-fei
http://www.zhihu.com/people/ren-fa
http://www.zhihu.com/people/___-hui-11
http://www.zhihu.com/people/zhangbin
http://www.zhihu.com/people/a_xin
http://www.zhihu.com/people/000088
http://www.zhihu.com/people/tianzhou
http://www.zhihu.com/people/Mel0day
http://www.zhihu.com/people/godemo
http://www.zhihu.com/people/li-ming-dong-23
http://www.zhihu.com/people/loongson
http://www.zhihu.com/people/su-fei-mei
http://www.zhihu.com/people/shijianbin
http://www.zhihu.com/people/pwj1568
http://www.zhihu.com/people/bin-hua
http://www.zhihu.com/people/akirachang
http://www.zhihu.com/people/ic3evil
http://www.zhihu.com/people/inkelz7
http://www.zhihu.com/people/xietingwen
http://www.zhihu.com/people/dai-yong-xiang
http://www.zhihu.com/people/sun-jing-tian-jt
http://www.zhihu.com/people/Misaki
http://www.zhihu.com/people/cjfyuan
http://www.zhihu.com/people/atiao
http://www.zhihu.com/people/icaros
http://www.zhihu.com/people/shui-dao-qu-cheng-hai-na-bai-chuan
http://www.zhihu.com/people/lv-kun
http://www.zhihu.com/people/jonliu
http://www.zhihu.com/people/fusheng66
http://www.zhihu.com/people/gongjian65
http://www.zhihu.com/people/virusdefender
http://www.zhihu.com/people/du-shu-ren
http://www.zhihu.com/people/right-side
http://www.zhihu.com/people/justin-zhang-83
http://www.zhihu.com/people/guitay
http://www.zhihu.com/people/wen-peng
http://www.zhihu.com/people/pig-mad
http://www.zhihu.com/people/jasonross
http://www.zhihu.com/people/shizhou
http://www.zhihu.com/people/marlonlu
http://www.zhihu.com/people/gao-shuo-13
http://www.zhihu.com/people/zeroten-6
http://www.zhihu.com/people/geodream
http://www.zhihu.com/people/wang-zhi-cong
http://www.zhihu.com/people/jimmy-zhang-71
http://www.zhihu.com/people/zhang-kai-56-85
http://www.zhihu.com/people/moyan
http://www.zhihu.com/people/jackma
http://www.zhihu.com/people/matkiller
http://www.zhihu.com/people/yan-zhi-kun-6688
http://www.zhihu.com/people/han-bing-yun-41
http://www.zhihu.com/people/luoyou
http://www.zhihu.com/people/richieyan
http://www.zhihu.com/people/xiao-mi-15
http://www.zhihu.com/people/skywalkerji
http://www.zhihu.com/people/yang-hua-14-47
http://www.zhihu.com/people/chen-wei-yuan
http://www.zhihu.com/people/siasbill
http://www.zhihu.com/people/wang-jing-yun
http://www.zhihu.com/people/holys
http://www.zhihu.com/people/aiirii-wong
http://www.zhihu.com/people/fu-tian-yuan
http://www.zhihu.com/people/yong-sheng
http://www.zhihu.com/people/mu-zhi-41
http://www.zhihu.com/people/karl-lightman
http://www.zhihu.com/people/iian
http://www.zhihu.com/people/xuexue
http://www.zhihu.com/people/lonelynight
http://www.zhihu.com/people/li-xiang-lan
http://www.zhihu.com/people/zhaoxiaolinn
http://www.zhihu.com/people/ma-yun-zhao
http://www.zhihu.com/people/copper-friddle
http://www.zhihu.com/people/xiao-lan-bob
http://www.zhihu.com/people/kennyQi
http://www.zhihu.com/people/shenxian
http://www.zhihu.com/people/yhui02
http://www.zhihu.com/people/FengQY
http://www.zhihu.com/people/mo-fei-si
http://www.zhihu.com/people/yuanhang
http://www.zhihu.com/people/akb480
http://www.zhihu.com/people/fengxuewei
http://www.zhihu.com/people/lys.me
http://www.zhihu.com/people/longcat
http://www.zhihu.com/people/jiang-mix
http://www.zhihu.com/people/chen-zhen-hua
http://www.zhihu.com/people/chow1937
http://www.zhihu.com/people/Monodrama
http://www.zhihu.com/people/xuanjianfeng
http://www.zhihu.com/people/eastmoutain
http://www.zhihu.com/people/li-er-nei
http://www.zhihu.com/people/910316
http://www.zhihu.com/people/zhang-jin-ming-29
http://www.zhihu.com/people/nanj
http://www.zhihu.com/people/rhor
http://www.zhihu.com/people/wang-hao-90-95
http://www.zhihu.com/people/guo-hong-yu-42
http://www.zhihu.com/people/tang-yong-zhao
http://www.zhihu.com/people/zhao-yuan-jie
http://www.zhihu.com/people/luoxr
http://www.zhihu.com/people/yin-wen-jun-55
http://www.zhihu.com/people/sunny-34-22
http://www.zhihu.com/people/deng-chen-hua
http://www.zhihu.com/people/imior
http://www.zhihu.com/people/ideastorm
http://www.zhihu.com/people/bingoboy
http://www.zhihu.com/people/QiuNote
http://www.zhihu.com/people/cuicui777
http://www.zhihu.com/people/craftsman
http://www.zhihu.com/people/zhuye
http://www.zhihu.com/people/zhang-chao-34-65
http://www.zhihu.com/people/zhan-sheng-41
http://www.zhihu.com/people/heroin4
http://www.zhihu.com/people/13igcat
http://www.zhihu.com/people/gao-peng-fei-92
http://www.zhihu.com/people/qsmile
http://www.zhihu.com/people/coderx
http://www.zhihu.com/people/chenghan
http://www.zhihu.com/people/fengweizhou
http://www.zhihu.com/people/zhan-qi-61-39
http://www.zhihu.com/people/xuanniao
http://www.zhihu.com/people/chen-yun-17
http://www.zhihu.com/people/azhenge
http://www.zhihu.com/people/morgan-66
http://www.zhihu.com/people/li-zhao-22
http://www.zhihu.com/people/Akagi201
http://www.zhihu.com/people/dawson
http://www.zhihu.com/people/cugfeng
http://www.zhihu.com/people/Fraecak_l
http://www.zhihu.com/people/wu-jian-hua-82
http://www.zhihu.com/people/majia2
http://www.zhihu.com/people/soups
http://www.zhihu.com/people/yin-zhi-ming-66
http://www.zhihu.com/people/jing-yuan
http://www.zhihu.com/people/scse
http://www.zhihu.com/people/tony.wong.hk
http://www.zhihu.com/people/todayrocktodayroll
http://www.zhihu.com/people/pangkun
http://www.zhihu.com/people/su-xuan-26
http://www.zhihu.com/people/gnap
http://www.zhihu.com/people/skydiver
http://www.zhihu.com/people/LyonWong
http://www.zhihu.com/people/zhupengfei
http://www.zhihu.com/people/wuhan419
http://www.zhihu.com/people/behappy
http://www.zhihu.com/people/needrunning
http://www.zhihu.com/people/pei-chao-hai
http://www.zhihu.com/people/rosicky311
http://www.zhihu.com/people/xiegengcai
http://www.zhihu.com/people/tangjingxin
http://www.zhihu.com/people/mingsanchi
http://www.zhihu.com/people/bai-ye-48
http://www.zhihu.com/people/duecare
http://www.zhihu.com/people/zhihu_weekly
http://www.zhihu.com/people/ithinker
http://www.zhihu.com/people/jinh
http://www.zhihu.com/people/adadada
http://www.zhihu.com/people/flily
http://www.zhihu.com/people/Brick713
http://www.zhihu.com/people/fireos
http://www.zhihu.com/people/fengziwei
http://www.zhihu.com/people/zhang-yu-chen-21-43
http://www.zhihu.com/people/mousellee
http://www.zhihu.com/people/wei-yang-88
http://www.zhihu.com/people/jran
http://www.zhihu.com/people/chundonghu
http://www.zhihu.com/people/paulgu
http://www.zhihu.com/people/bu-xiao-long
http://www.zhihu.com/people/j-ion
http://www.zhihu.com/people/alsotang
http://www.zhihu.com/people/mo-tian-ming
http://www.zhihu.com/people/evanhan
http://www.zhihu.com/people/kevin-83-21
http://www.zhihu.com/people/zhang-zhuo-yue
http://www.zhihu.com/people/waynewu
http://www.zhihu.com/people/wanhu
http://www.zhihu.com/people/flyafly
http://www.zhihu.com/people/yin-you-jian
http://www.zhihu.com/people/wind_shadow
http://www.zhihu.com/people/joeyfung
http://www.zhihu.com/people/9889
http://www.zhihu.com/people/zhu-zuo-jun
http://www.zhihu.com/people/farseereye
http://www.zhihu.com/people/wang-jing-zheng
http://www.zhihu.com/people/lz-always
http://www.zhihu.com/people/sun-xi-ting
http://www.zhihu.com/people/mize
http://www.zhihu.com/people/cuisaihu
http://www.zhihu.com/people/zhao-fei-35-1
http://www.zhihu.com/people/li-gen-23
http://www.zhihu.com/people/ilinux
http://www.zhihu.com/people/redrain-root
http://www.zhihu.com/people/marsel
http://www.zhihu.com/people/wang-yang-70-13
http://www.zhihu.com/people/lin-shi-xiong-beat
http://www.zhihu.com/people/codepiano
http://www.zhihu.com/people/hunterdu
http://www.zhihu.com/people/jasongao180
http://www.zhihu.com/people/liu-xiao-yong-61
http://www.zhihu.com/people/faithskybelle
http://www.zhihu.com/people/qcbetter
http://www.zhihu.com/people/RichardZhang
http://www.zhihu.com/people/polyahu
http://www.zhihu.com/people/wei-qiu-jie
http://www.zhihu.com/people/bxs4ever
http://www.zhihu.com/people/jysm
http://www.zhihu.com/people/cai-xin-79
http://www.zhihu.com/people/cheng-ling-jian
http://www.zhihu.com/people/li-ting-peng
http://www.zhihu.com/people/feng.exe
http://www.zhihu.com/people/xinwangzai
http://www.zhihu.com/people/elvis-92
http://www.zhihu.com/people/shi-yilang-cai
http://www.zhihu.com/people/paul-14-93
http://www.zhihu.com/people/shao-shuai-36-28
http://www.zhihu.com/people/skiff
http://www.zhihu.com/people/william-king-44
http://www.zhihu.com/people/duhuan
http://www.zhihu.com/people/liu-chang-1
http://www.zhihu.com/people/arlmy
http://www.zhihu.com/people/cang-qi
http://www.zhihu.com/people/yang-yong-zhi
http://www.zhihu.com/people/albertyann
http://www.zhihu.com/people/advadr
http://www.zhihu.com/people/aboutleo
http://www.zhihu.com/people/houyizhong
http://www.zhihu.com/people/nihaozzb
http://www.zhihu.com/people/li-an-xia
http://www.zhihu.com/people/mattmonkey
http://www.zhihu.com/people/kondi
http://www.zhihu.com/people/yaba
http://www.zhihu.com/people/xiao-yu-zhi
http://www.zhihu.com/people/zombie
http://www.zhihu.com/people/wang-gang-52-25
http://www.zhihu.com/people/lupin
http://www.zhihu.com/people/ericbox
http://www.zhihu.com/people/sunorry
http://www.zhihu.com/people/fangwz
http://www.zhihu.com/people/zhong-ye-zi-49
http://www.zhihu.com/people/techoxygen
http://www.zhihu.com/people/jerry-cen
http://www.zhihu.com/people/si-xiang-hao-zuo-feng-ying-ji-zhu-jing
http://www.zhihu.com/people/mo-yi-54-58
http://www.zhihu.com/people/te-te-54
http://www.zhihu.com/people/jeff_lee
http://www.zhihu.com/people/maribai
http://www.zhihu.com/people/mu-lan-46
http://www.zhihu.com/people/dyygtfx
http://www.zhihu.com/people/elekchen
http://www.zhihu.com/people/du-gu-jian
http://www.zhihu.com/people/sharnodo
http://www.zhihu.com/people/stevezheng1989
http://www.zhihu.com/people/gao-fang-yu
http://www.zhihu.com/people/gaolaosong
http://www.zhihu.com/people/gao-yue-hua
http://www.zhihu.com/people/zhutingting
http://www.zhihu.com/people/guhongguangju
http://www.zhihu.com/people/xxg1413
http://www.zhihu.com/people/cuizhanya
http://www.zhihu.com/people/jin-hui-76
http://www.zhihu.com/people/ayqiu1984
http://www.zhihu.com/people/dai-wei-99
http://www.zhihu.com/people/xiaojiadu
http://www.zhihu.com/people/zhang-xu-12-34
http://www.zhihu.com/people/chen-shi-san-64
http://www.zhihu.com/people/shi-bao-xu
http://www.zhihu.com/people/an-cheng-jian
http://www.zhihu.com/people/zhou-li-xing-90
http://www.zhihu.com/people/sixty_nine
http://www.zhihu.com/people/haoo-71
http://www.zhihu.com/people/zhou-peng
http://www.zhihu.com/people/lgravity
http://www.zhihu.com/people/roy-li
http://www.zhihu.com/people/huangxiaoliang
http://www.zhihu.com/people/huang-pan-da
http://www.zhihu.com/people/kingkongli
http://www.zhihu.com/people/cheng-xing-ping
http://www.zhihu.com/people/andyfoolish
http://www.zhihu.com/people/wang-xiao-yue-86
http://www.zhihu.com/people/chen-bei-65
http://www.zhihu.com/people/yang-chen-70-99
http://www.zhihu.com/people/liao-liao-19-23
http://www.zhihu.com/people/li-te-33
http://www.zhihu.com/people/programtic
http://www.zhihu.com/people/livik
http://www.zhihu.com/people/wang-qi-rui-53
http://www.zhihu.com/people/luping
http://www.zhihu.com/people/gao-tian-jun-53
http://www.zhihu.com/people/CyL0NG
http://www.zhihu.com/people/wyndi
http://www.zhihu.com/people/feilanmars
http://www.zhihu.com/people/Samuel1112
http://www.zhihu.com/people/gu-zhi
http://www.zhihu.com/people/suziewong
http://www.zhihu.com/people/KingdomSpace
http://www.zhihu.com/people/sqrabs
http://www.zhihu.com/people/demos.hu
http://www.zhihu.com/people/tan-shi-wei
http://www.zhihu.com/people/free4537
http://www.zhihu.com/people/yang-huang-4
http://www.zhihu.com/people/groorg
http://www.zhihu.com/people/liaolinbo
http://www.zhihu.com/people/hzksh
http://www.zhihu.com/people/vincexie
http://www.zhihu.com/people/script-aw
http://www.zhihu.com/people/zhou-jia-peng-6
http://www.zhihu.com/people/xiaomixifan
http://www.zhihu.com/people/jack-li-61
http://www.zhihu.com/people/mo-fei-c
http://www.zhihu.com/people/bigbighill
http://www.zhihu.com/people/cao-wei-39
http://www.zhihu.com/people/cxcomi
http://www.zhihu.com/people/fangyi2046
http://www.zhihu.com/people/su-yao
http://www.zhihu.com/people/wangyibo
http://www.zhihu.com/people/tao-tie-72
http://www.zhihu.com/people/saviio
http://www.zhihu.com/people/ccst
http://www.zhihu.com/people/xiaoker
http://www.zhihu.com/people/cinderellaing
http://www.zhihu.com/people/mo-kao-wen
http://www.zhihu.com/people/mo-ke-huan
http://www.zhihu.com/people/tang-wen-ling
http://www.zhihu.com/people/sigmund
http://www.zhihu.com/people/Dominic_
http://www.zhihu.com/people/susus
http://www.zhihu.com/people/wushuang1222
http://www.zhihu.com/people/haiger-25
http://www.zhihu.com/people/codewalker
http://www.zhihu.com/people/liamchzh
http://www.zhihu.com/people/jiang-si-yu-65
http://www.zhihu.com/people/qiaoy
http://www.zhihu.com/people/liu-luo-min
http://www.zhihu.com/people/backtrack
http://www.zhihu.com/people/zhjanet
http://www.zhihu.com/people/ling-hong-32
http://www.zhihu.com/people/figo-von
http://www.zhihu.com/people/timeror
http://www.zhihu.com/people/9410
http://www.zhihu.com/people/czshens
http://www.zhihu.com/people/steven-shi-28
http://www.zhihu.com/people/hui-zi-28
http://www.zhihu.com/people/izzy-leung
http://www.zhihu.com/people/PeterDeng
http://www.zhihu.com/people/taloschen
http://www.zhihu.com/people/Ivan_Wu
http://www.zhihu.com/people/nooyo
http://www.zhihu.com/people/ha-li-lu-ya-58
http://www.zhihu.com/people/feixiang
http://www.zhihu.com/people/mattyy
http://www.zhihu.com/people/du-yu
http://www.zhihu.com/people/che-yan-che
http://www.zhihu.com/people/yangzheng1992
http://www.zhihu.com/people/imeet
http://www.zhihu.com/people/woqunianmailegebiao
http://www.zhihu.com/people/zhang-chao-91-77
http://www.zhihu.com/people/kevin_15010
http://www.zhihu.com/people/li-xiao-mu-45
http://www.zhihu.com/people/xiaozi
http://www.zhihu.com/people/zhang-zi-han
http://www.zhihu.com/people/zhang-shi-pu
http://www.zhihu.com/people/he-zhi-85
http://www.zhihu.com/people/wan-tu-xing
http://www.zhihu.com/people/clones1201
http://www.zhihu.com/people/newg
http://www.zhihu.com/people/chen-ning-feng
http://www.zhihu.com/people/wangweizhe
http://www.zhihu.com/people/sundayun
http://www.zhihu.com/people/decken
http://www.zhihu.com/people/fajia
http://www.zhihu.com/people/liu-guan-sheng
http://www.zhihu.com/people/chen-xi-1
http://www.zhihu.com/people/xu-chi-45
http://www.zhihu.com/people/li-de-can
http://www.zhihu.com/people/itnihao
http://www.zhihu.com/people/hao-shi-cong
http://www.zhihu.com/people/xxpamh
http://www.zhihu.com/people/GilgameshK
http://www.zhihu.com/people/mayitbe
http://www.zhihu.com/people/jia-lian-cheng
http://www.zhihu.com/people/ertiaobai
http://www.zhihu.com/people/Cyspber
http://www.zhihu.com/people/wu-wei-di
http://www.zhihu.com/people/shenbin
http://www.zhihu.com/people/sun-chen-83
http://www.zhihu.com/people/ke-shui-31
http://www.zhihu.com/people/iget
http://www.zhihu.com/people/imhanwu
http://www.zhihu.com/people/WellBoy
http://www.zhihu.com/people/hua-ming-rui
http://www.zhihu.com/people/DlOG
http://www.zhihu.com/people/li-liang-55
http://www.zhihu.com/people/mo-fan-34
http://www.zhihu.com/people/huxiaoyi
http://www.zhihu.com/people/strangebanman
http://www.zhihu.com/people/enab1e
http://www.zhihu.com/people/gai-yi-tian
http://www.zhihu.com/people/mozhu
http://www.zhihu.com/people/zhang-li-chao
http://www.zhihu.com/people/zhengziyang
http://www.zhihu.com/people/peter-85
http://www.zhihu.com/people/asdzheng
http://www.zhihu.com/people/olvo
http://www.zhihu.com/people/hou-zhi-55
http://www.zhihu.com/people/printfabcd
http://www.zhihu.com/people/k4shifz
http://www.zhihu.com/people/suniven
http://www.zhihu.com/people/yao-xiao-hui
http://www.zhihu.com/people/leungma
http://www.zhihu.com/people/rainystars
http://www.zhihu.com/people/hanguofeng
http://www.zhihu.com/people/wang-zi-an
http://www.zhihu.com/people/david_wang
http://www.zhihu.com/people/Mrclyy
http://www.zhihu.com/people/wang-kai-fei-81
http://www.zhihu.com/people/dennywww
http://www.zhihu.com/people/chen-wei-bin-40
http://www.zhihu.com/people/tang-ma-si
http://www.zhihu.com/people/wu-lei-75
http://www.zhihu.com/people/feng-kui-zhi
http://www.zhihu.com/people/yxjxx
http://www.zhihu.com/people/kinglon
http://www.zhihu.com/people/san-shao-san-shao
http://www.zhihu.com/people/universe
http://www.zhihu.com/people/wangfang
http://www.zhihu.com/people/liu-xu-dong-93-66
http://www.zhihu.com/people/xiya
http://www.zhihu.com/people/garfieldking
http://www.zhihu.com/people/wooding
http://www.zhihu.com/people/huma
http://www.zhihu.com/people/liu-bo-bo
http://www.zhihu.com/people/zedex
http://www.zhihu.com/people/yang-cong-quan-man-tou
http://www.zhihu.com/people/lin-yan-chao
http://www.zhihu.com/people/francisfung
http://www.zhihu.com/people/chai-rui-33
http://www.zhihu.com/people/danielfree
http://www.zhihu.com/people/zouhe
http://www.zhihu.com/people/pengvv
http://www.zhihu.com/people/zhou-xin-39
http://www.zhihu.com/people/linusg
http://www.zhihu.com/people/wenguang
http://www.zhihu.com/people/cokecoder
http://www.zhihu.com/people/name-dennis
http://www.zhihu.com/people/xiang-da-bai
http://www.zhihu.com/people/zhou-qing-chang
http://www.zhihu.com/people/li-hong-liang-99
http://www.zhihu.com/people/Giddens
http://www.zhihu.com/people/avskin
http://www.zhihu.com/people/liseau
http://www.zhihu.com/people/li-xiang-55
http://www.zhihu.com/people/pandadolphin
http://www.zhihu.com/people/zhuang-jun-ying
http://www.zhihu.com/people/ReSur
http://www.zhihu.com/people/huangqinmao
http://www.zhihu.com/people/eric-83
http://www.zhihu.com/people/jiacheo
http://www.zhihu.com/people/yueyao
http://www.zhihu.com/people/padawan
http://www.zhihu.com/people/Sn0wMan
http://www.zhihu.com/people/beefu
http://www.zhihu.com/people/steven-lu-30
http://www.zhihu.com/people/zhang-dong-jian-12
http://www.zhihu.com/people/elainty
http://www.zhihu.com/people/shao-hao-ming
http://www.zhihu.com/people/sega
http://www.zhihu.com/people/li-bing-shuai
http://www.zhihu.com/people/zhu-ao-te
http://www.zhihu.com/people/pandait
http://www.zhihu.com/people/crazytime
http://www.zhihu.com/people/zhang-guo-jian-3
http://www.zhihu.com/people/horse.bh
http://www.zhihu.com/people/li-zhen-huan
http://www.zhihu.com/people/cui-yu-58
http://www.zhihu.com/people/arronleung
http://www.zhihu.com/people/cheristorm
http://www.zhihu.com/people/gongxin
http://www.zhihu.com/people/geng-shao
http://www.zhihu.com/people/deletenehs
http://www.zhihu.com/people/wang-yang-62
http://www.zhihu.com/people/uiazoul
http://www.zhihu.com/people/lunch650
http://www.zhihu.com/people/li-kang-kang-72
http://www.zhihu.com/people/chang-jarod
http://www.zhihu.com/people/sun-jun-93
http://www.zhihu.com/people/chenchen88
http://www.zhihu.com/people/ahxxm
http://www.zhihu.com/people/zhao-yuan-mo
http://www.zhihu.com/people/pan-xi-ting
http://www.zhihu.com/people/ma-jia-nan
http://www.zhihu.com/people/mo-er-ben
http://www.zhihu.com/people/lu-zi-32
http://www.zhihu.com/people/uedtest
http://www.zhihu.com/people/guoyanxi
http://www.zhihu.com/people/sinsoul
http://www.zhihu.com/people/ceng-zhen-dong
http://www.zhihu.com/people/lu-ming-hao
http://www.zhihu.com/people/rougee
http://www.zhihu.com/people/melon-ding
http://www.zhihu.com/people/li-si-11-90-5
http://www.zhihu.com/people/seasar
http://www.zhihu.com/people/cart
http://www.zhihu.com/people/xu-shi-fu
http://www.zhihu.com/people/chihz
http://www.zhihu.com/people/reyn-pei
http://www.zhihu.com/people/yao-zu
http://www.zhihu.com/people/dwoo
http://www.zhihu.com/people/yao-ze-yuan
http://www.zhihu.com/people/wangtiancheng
http://www.zhihu.com/people/liao-chun-17
http://www.zhihu.com/people/sunnyweber
http://www.zhihu.com/people/doors
http://www.zhihu.com/people/koubixu
http://www.zhihu.com/people/chen-jian-33-39
http://www.zhihu.com/people/a-jian-74-21
http://www.zhihu.com/people/xiaodaoren
http://www.zhihu.com/people/aimesimon
http://www.zhihu.com/people/suyang123
http://www.zhihu.com/people/xuzhe1224
http://www.zhihu.com/people/abel_phyllis
http://www.zhihu.com/people/she-yong
http://www.zhihu.com/people/zhou-ye-cheng
http://www.zhihu.com/people/fiyang
http://www.zhihu.com/people/you-yong
http://www.zhihu.com/people/youyue
http://www.zhihu.com/people/lotcup
http://www.zhihu.com/people/loafer
http://www.zhihu.com/people/wu-yao-xin-65
http://www.zhihu.com/people/zhao-yue-35-24
http://www.zhihu.com/people/zhao-wen-bo
http://www.zhihu.com/people/liuxiaobao
http://www.zhihu.com/people/zhu-xiao-xing-32
http://www.zhihu.com/people/zhouyurui
http://www.zhihu.com/people/xiao-long-23-63
http://www.zhihu.com/people/salleeshi
http://www.zhihu.com/people/zhou-mo-14
http://www.zhihu.com/people/yun-peng-96
http://www.zhihu.com/people/huangxingxing
http://www.zhihu.com/people/wuhongyang
http://www.zhihu.com/people/eric18010
http://www.zhihu.com/people/zhang-hao
http://www.zhihu.com/people/feng-zhong-ke
http://www.zhihu.com/people/ni-xian-min
http://www.zhihu.com/people/bo-ye-44
http://www.zhihu.com/people/sun-yu-bo-78
http://www.zhihu.com/people/wang-xiao-feng-73-62
http://www.zhihu.com/people/Tevlev
http://www.zhihu.com/people/lunula
http://www.zhihu.com/people/hydra-10
http://www.zhihu.com/people/zhang_1987
http://www.zhihu.com/people/zelome
http://www.zhihu.com/people/zi-qing-90
http://www.zhihu.com/people/liu-jin-70
http://www.zhihu.com/people/olivierenroute
http://www.zhihu.com/people/tobeyouth
http://www.zhihu.com/people/hu-yiwei
http://www.zhihu.com/people/wa-xi-li
http://www.zhihu.com/people/vurcl
http://www.zhihu.com/people/nmdszyn
http://www.zhihu.com/people/greg-82
http://www.zhihu.com/people/madsnake
http://www.zhihu.com/people/tian-lu-99
http://www.zhihu.com/people/leoluo
http://www.zhihu.com/people/jarvis-92
http://www.zhihu.com/people/kookliu
http://www.zhihu.com/people/leilei-59
http://www.zhihu.com/people/zou-zhi-jie
http://www.zhihu.com/people/li-zhe-19
http://www.zhihu.com/people/Little_White
http://www.zhihu.com/people/x_gy
http://www.zhihu.com/people/tang-fan-ming
http://www.zhihu.com/people/xia-mei-qing
http://www.zhihu.com/people/solliuyang
http://www.zhihu.com/people/Morgoth
http://www.zhihu.com/people/xuzewei
http://www.zhihu.com/people/Mohu
http://www.zhihu.com/people/zhang-ting-yao-45
http://www.zhihu.com/people/xie-zong-yu
http://www.zhihu.com/people/clyde_
http://www.zhihu.com/people/li-chao-93
http://www.zhihu.com/people/namiheike
http://www.zhihu.com/people/dawn110110
http://www.zhihu.com/people/yao-peng-75
http://www.zhihu.com/people/guxizhao
http://www.zhihu.com/people/jixin
http://www.zhihu.com/people/chengyuan
http://www.zhihu.com/people/yijiu56
http://www.zhihu.com/people/nemofq
http://www.zhihu.com/people/shen-ma-wei-bo-ri-ji
http://www.zhihu.com/people/zhao-xu-86
http://www.zhihu.com/people/le-le-13
http://www.zhihu.com/people/ma-xin-lei-97
http://www.zhihu.com/people/gino
http://www.zhihu.com/people/zhang-yang-ming
http://www.zhihu.com/people/li-fei-lai
http://www.zhihu.com/people/li-xuan-xu
http://www.zhihu.com/people/nexklee
http://www.zhihu.com/people/xia-gu-lin
http://www.zhihu.com/people/jin4074
http://www.zhihu.com/people/jin-zheng
http://www.zhihu.com/people/hexiangyang
http://www.zhihu.com/people/xia-bo-45
http://www.zhihu.com/people/manan
http://www.zhihu.com/people/cnpmf
http://www.zhihu.com/people/qi-gang-65
http://www.zhihu.com/people/jackzhang2014
http://www.zhihu.com/people/qing-mang
http://www.zhihu.com/people/littlesenke
http://www.zhihu.com/people/luoyan9210
http://www.zhihu.com/people/tina-li-69
http://www.zhihu.com/people/ryekee
http://www.zhihu.com/people/andriylin
http://www.zhihu.com/people/lu-wen-long-28
http://www.zhihu.com/people/li-zhi-hua-98-40
http://www.zhihu.com/people/xie-sha-zi
http://www.zhihu.com/people/jiang-hai-tao-62
http://www.zhihu.com/people/dakewang
http://www.zhihu.com/people/funcman
http://www.zhihu.com/people/lindongming
http://www.zhihu.com/people/boyan
http://www.zhihu.com/people/chjlu
http://www.zhihu.com/people/shinji
http://www.zhihu.com/people/yangxi
http://www.zhihu.com/people/rosso
http://www.zhihu.com/people/sheldonwong
http://www.zhihu.com/people/ma-xiao-jun-61
http://www.zhihu.com/people/liu-ying-68-26
http://www.zhihu.com/people/mario1990
http://www.zhihu.com/people/yidijimao
http://www.zhihu.com/people/junesk
http://www.zhihu.com/people/yao-gang-qiang
http://www.zhihu.com/people/robermac
http://www.zhihu.com/people/lanslife
http://www.zhihu.com/people/zhihu_lxl
http://www.zhihu.com/people/jiang-xia-97
http://www.zhihu.com/people/lawdong
http://www.zhihu.com/people/whoami4444-13-24
http://www.zhihu.com/people/liuyong25
http://www.zhihu.com/people/beingeggache
http://www.zhihu.com/people/yang-bobo
http://www.zhihu.com/people/wang-lei-36-44
http://www.zhihu.com/people/ji-jia-quan
http://www.zhihu.com/people/li-chao-70-76
http://www.zhihu.com/people/jiang-feng-4
http://www.zhihu.com/people/sister
http://www.zhihu.com/people/tao
http://www.zhihu.com/people/shen-zhu-jun
http://www.zhihu.com/people/jackchess
http://www.zhihu.com/people/TrusBe
http://www.zhihu.com/people/dz_s
http://www.zhihu.com/people/iyan
http://www.zhihu.com/people/die-qi
http://www.zhihu.com/people/leiming
http://www.zhihu.com/people/fowse
http://www.zhihu.com/people/zhongxiaotu
http://www.zhihu.com/people/ma-zhe-chao
http://www.zhihu.com/people/marshalchen
http://www.zhihu.com/people/liu-ying-ge
http://www.zhihu.com/people/yudoushi
http://www.zhihu.com/people/ryblur
http://www.zhihu.com/people/xia-yu-bin
http://www.zhihu.com/people/wangofjian
http://www.zhihu.com/people/qingganwan
http://www.zhihu.com/people/chen-min-70-56
http://www.zhihu.com/people/10250
http://www.zhihu.com/people/websec
http://www.zhihu.com/people/sun-xiao-bin-89
http://www.zhihu.com/people/peng-yan-91-20
http://www.zhihu.com/people/liao-xiao-song
http://www.zhihu.com/people/hooopo
http://www.zhihu.com/people/wofeiwo
http://www.zhihu.com/people/scrat-94
http://www.zhihu.com/people/li-zheng-80-47
http://www.zhihu.com/people/zhaoyiyun77
http://www.zhihu.com/people/you-li-59
http://www.zhihu.com/people/scalers
http://www.zhihu.com/people/chen-xiao-ya
http://www.zhihu.com/people/flike
http://www.zhihu.com/people/yu-long-bin
http://www.zhihu.com/people/jxb8901
http://www.zhihu.com/people/zmage
http://www.zhihu.com/people/zsprain
http://www.zhihu.com/people/wang-wei-6-1
http://www.zhihu.com/people/toddmi
http://www.zhihu.com/people/peng-wei-cheng
http://www.zhihu.com/people/lanyusea
http://www.zhihu.com/people/adam-wen
http://www.zhihu.com/people/ou-jing-ge
http://www.zhihu.com/people/chang-kai-xin-85
http://www.zhihu.com/people/Metaphox
http://www.zhihu.com/people/zhang-chao-80
http://www.zhihu.com/people/wang-tian-jun-68
http://www.zhihu.com/people/qiaomu
http://www.zhihu.com/people/winiex
http://www.zhihu.com/people/yang-shen-rui
http://www.zhihu.com/people/li-jie-50
http://www.zhihu.com/people/shao
http://www.zhihu.com/people/xu-shuo-fei
http://www.zhihu.com/people/____
http://www.zhihu.com/people/wszf
http://www.zhihu.com/people/li-jun-55
http://www.zhihu.com/people/happyqq
http://www.zhihu.com/people/shengyincan
http://www.zhihu.com/people/kinvv
http://www.zhihu.com/people/linkgod
http://www.zhihu.com/people/qin-fan-26
http://www.zhihu.com/people/nanyi
http://www.zhihu.com/people/david.wang
http://www.zhihu.com/people/xiaogaozi
http://www.zhihu.com/people/zhong-zhao
http://www.zhihu.com/people/awang
http://www.zhihu.com/people/winsyk
http://www.zhihu.com/people/bei-zhi-cheng
http://www.zhihu.com/people/iceks
http://www.zhihu.com/people/song-rui
http://www.zhihu.com/people/Wabbor
http://www.zhihu.com/people/xie-zhi-zhi-60
http://www.zhihu.com/people/woodman
http://www.zhihu.com/people/yu-guang-44
http://www.zhihu.com/people/li-mo-ran-15-39
http://www.zhihu.com/people/yunshu
http://www.zhihu.com/people/kurtcobain
http://www.zhihu.com/people/hvvw
http://www.zhihu.com/people/jianpx
http://www.zhihu.com/people/lao-zhou-76
http://www.zhihu.com/people/rickyliu1989
http://www.zhihu.com/people/zi-lu-_hu-kai-_
http://www.zhihu.com/people/fuyou
http://www.zhihu.com/people/hzqian
http://www.zhihu.com/people/zhiyeqianqian
