http://www.zhihu.com/people/marchi
http://www.zhihu.com/people/chen-long-74-69
http://www.zhihu.com/people/whoisjesus
http://www.zhihu.com/people/he-ren-qing-57
http://www.zhihu.com/people/sun-wen-quan
http://www.zhihu.com/people/sunus
http://www.zhihu.com/people/mvj3
http://www.zhihu.com/people/chentao
http://www.zhihu.com/people/yangjun
http://www.zhihu.com/people/hlhl
http://www.zhihu.com/people/ma-chi
http://www.zhihu.com/people/song-xing-mao
http://www.zhihu.com/people/han-zheng
http://www.zhihu.com/people/aaaaaaaaaaa
http://www.zhihu.com/people/xiong-le-69
http://www.zhihu.com/people/lai-jun-long
http://www.zhihu.com/people/linkun-dong
http://www.zhihu.com/people/du-hao-70
http://www.zhihu.com/people/hu-dong-qing
http://www.zhihu.com/people/wang-ming-35-97
http://www.zhihu.com/people/shi-bing-wen
http://www.zhihu.com/people/xuanjianfeng
http://www.zhihu.com/people/onlyice
http://www.zhihu.com/people/wang-si-kuan
http://www.zhihu.com/people/liu-tao-44-15
http://www.zhihu.com/people/teekee
http://www.zhihu.com/people/feng-hao-84
http://www.zhihu.com/people/zhangxiaodong
http://www.zhihu.com/people/ayon
http://www.zhihu.com/people/joehsu
http://www.zhihu.com/people/Crachman
http://www.zhihu.com/people/sagasw
http://www.zhihu.com/people/li-yuan-chao-61
http://www.zhihu.com/people/miejiang
http://www.zhihu.com/people/mrkoo-40
http://www.zhihu.com/people/flyer103
http://www.zhihu.com/people/lao-lu-36
http://www.zhihu.com/people/yao-gang-qiang
http://www.zhihu.com/people/marshalchen
http://www.zhihu.com/people/zheng-xin-68
http://www.zhihu.com/people/wuvist
http://www.zhihu.com/people/5189808
http://www.zhihu.com/people/niunai
http://www.zhihu.com/people/ayr1
http://www.zhihu.com/people/hozi
http://www.zhihu.com/people/xie-jian-feng-18
http://www.zhihu.com/people/razzatazz
http://www.zhihu.com/people/wangding43ddde
http://www.zhihu.com/people/rurong
http://www.zhihu.com/people/chen-gang-3-1
http://www.zhihu.com/people/findmyway
http://www.zhihu.com/people/atx318
http://www.zhihu.com/people/terrylee
http://www.zhihu.com/people/g_will
http://www.zhihu.com/people/cydu
http://www.zhihu.com/people/chen-xi-78-89-66
http://www.zhihu.com/people/wolf_wu
http://www.zhihu.com/people/gui-sheng-74
http://www.zhihu.com/people/lili-lili
http://www.zhihu.com/people/wang-tong-22
http://www.zhihu.com/people/uranus-zhou
http://www.zhihu.com/people/taotao-45
http://www.zhihu.com/people/alancs23
http://www.zhihu.com/people/kula-71
http://www.zhihu.com/people/newblue
http://www.zhihu.com/people/zimingforever
http://www.zhihu.com/people/lord2014
http://www.zhihu.com/people/xia-er-36
http://www.zhihu.com/people/iLittleSheep
http://www.zhihu.com/people/dujinfang
http://www.zhihu.com/people/su-jing-qiao
http://www.zhihu.com/people/izouying
http://www.zhihu.com/people/lijin-58
http://www.zhihu.com/people/yang-dong-dong-22
http://www.zhihu.com/people/yksgj
http://www.zhihu.com/people/zhumo0.0
http://www.zhihu.com/people/na-po-chen-lun
http://www.zhihu.com/people/li-jia-cheng-71
http://www.zhihu.com/people/cheng-fang-32-92
http://www.zhihu.com/people/zhang-shao-long-12
http://www.zhihu.com/people/zhang-lu-yao-53-79
http://www.zhihu.com/people/hansun-lam
http://www.zhihu.com/people/zhang-ming-yun-97
http://www.zhihu.com/people/jia-ming-zi-40
http://www.zhihu.com/people/feikon
http://www.zhihu.com/people/allen-ran
http://www.zhihu.com/people/laixiaohang
http://www.zhihu.com/people/hydra-10
http://www.zhihu.com/people/tian-hua-68
http://www.zhihu.com/people/zhang-yi-60-68
http://www.zhihu.com/people/huang-jie-9527
http://www.zhihu.com/people/meng-you-87
http://www.zhihu.com/people/zhang-tian-cheng-55
http://www.zhihu.com/people/cerulean-45
http://www.zhihu.com/people/blog.songyy.me
http://www.zhihu.com/people/yang-wei-47-98
http://www.zhihu.com/people/fu-miao-rong
http://www.zhihu.com/people/liu-xiao-yi-78
http://www.zhihu.com/people/niyanshi
http://www.zhihu.com/people/lichenghe
http://www.zhihu.com/people/ma-zhong-58
http://www.zhihu.com/people/zhao-hai-tong
http://www.zhihu.com/people/dai-xiao-bin
http://www.zhihu.com/people/wen-qiang-77
http://www.zhihu.com/people/xiao-zhou-87
http://www.zhihu.com/people/po-xiao-19
http://www.zhihu.com/people/cong-cong-71-47
http://www.zhihu.com/people/taolu
http://www.zhihu.com/people/tan-xiao-yu-62
http://www.zhihu.com/people/solo-29
http://www.zhihu.com/people/he-shan-33
http://www.zhihu.com/people/mc-zone
http://www.zhihu.com/people/yang-yu-hao-96-33
http://www.zhihu.com/people/braite
http://www.zhihu.com/people/wu-lei-mu
http://www.zhihu.com/people/qi-gang-65
http://www.zhihu.com/people/cookieu
http://www.zhihu.com/people/wensisunny
http://www.zhihu.com/people/azhenge
http://www.zhihu.com/people/silentcat
http://www.zhihu.com/people/jueying-37-34
http://www.zhihu.com/people/zhengchouchou
http://www.zhihu.com/people/annodomini
http://www.zhihu.com/people/marklee-26
http://www.zhihu.com/people/gong-zan
http://www.zhihu.com/people/xie-yin-song-83
http://www.zhihu.com/people/qmzzn
http://www.zhihu.com/people/fengxuewei
http://www.zhihu.com/people/morlay
http://www.zhihu.com/people/dkjiaoyang
http://www.zhihu.com/people/wu-shi-xiong
http://www.zhihu.com/people/xiao-jian-ren-71
http://www.zhihu.com/people/goodbird
http://www.zhihu.com/people/baodaotiexiaohe
http://www.zhihu.com/people/bai-ru-bing-58
http://www.zhihu.com/people/mo-jie
http://www.zhihu.com/people/tangren088
http://www.zhihu.com/people/heng-xing-will
http://www.zhihu.com/people/zyterence
http://www.zhihu.com/people/alswl
http://www.zhihu.com/people/clark-guan
http://www.zhihu.com/people/vayn
http://www.zhihu.com/people/wang-xiao-feng-73-62
http://www.zhihu.com/people/cheung-tim
http://www.zhihu.com/people/Dr-hao
http://www.zhihu.com/people/zivxiaowei
http://www.zhihu.com/people/long-tan-49
http://www.zhihu.com/people/piikee
http://www.zhihu.com/people/yang-yong-54-36
http://www.zhihu.com/people/staniel
http://www.zhihu.com/people/kurtcobain
http://www.zhihu.com/people/dumeng
http://www.zhihu.com/people/mingxinglai.com
http://www.zhihu.com/people/ikindle
http://www.zhihu.com/people/wo-te
http://www.zhihu.com/people/bhuztez
http://www.zhihu.com/people/namiheike
http://www.zhihu.com/people/froooyo
http://www.zhihu.com/people/wang-ban-xian
http://www.zhihu.com/people/huang-liang-yi-69
http://www.zhihu.com/people/zhang-ya-nan-48
http://www.zhihu.com/people/han-qian-yi
http://www.zhihu.com/people/zhang-xiao-cong-17
http://www.zhihu.com/people/yuan-zhuo
http://www.zhihu.com/people/Bleaker
http://www.zhihu.com/people/dong-chao-19
http://www.zhihu.com/people/wang-rui-qi-94
http://www.zhihu.com/people/tlwu
http://www.zhihu.com/people/jonathan_liou
http://www.zhihu.com/people/wang-hui-yong-22
http://www.zhihu.com/people/iniwap
http://www.zhihu.com/people/mu-yang-8
http://www.zhihu.com/people/deepocean
http://www.zhihu.com/people/likang
http://www.zhihu.com/people/fajingt
http://www.zhihu.com/people/kimmking
http://www.zhihu.com/people/halfer53
http://www.zhihu.com/people/zhangyoudong
http://www.zhihu.com/people/pwq1989
http://www.zhihu.com/people/qian-zi-qiang
http://www.zhihu.com/people/cold-cold
http://www.zhihu.com/people/holys
http://www.zhihu.com/people/bai2gang1
http://www.zhihu.com/people/wang-dan-ni-51
http://www.zhihu.com/people/longdeqidao
http://www.zhihu.com/people/xu-song-52
http://www.zhihu.com/people/megan-zhou
http://www.zhihu.com/people/benlieben
http://www.zhihu.com/people/peng-fei-29
http://www.zhihu.com/people/bruce-sha
http://www.zhihu.com/people/tang-tian-67
http://www.zhihu.com/people/chen-ming-34-23
http://www.zhihu.com/people/geng
http://www.zhihu.com/people/outmemory
http://www.zhihu.com/people/chen-yu-11-79
http://www.zhihu.com/people/huang-hao-song
http://www.zhihu.com/people/livexmm
http://www.zhihu.com/people/yongxinge
http://www.zhihu.com/people/zhuang-biao-wei
http://www.zhihu.com/people/liaolinbo
http://www.zhihu.com/people/tao-le-si-29
http://www.zhihu.com/people/dombyangular
http://www.zhihu.com/people/manabout
http://www.zhihu.com/people/wangyanan.ahu
http://www.zhihu.com/people/woodman
http://www.zhihu.com/people/zheng-chuan-jun
http://www.zhihu.com/people/augustus-fengh
http://www.zhihu.com/people/lin-jun-36
http://www.zhihu.com/people/colorball
http://www.zhihu.com/people/richardhly
http://www.zhihu.com/people/KingdomSpace
http://www.zhihu.com/people/fumin
http://www.zhihu.com/people/behappy
http://www.zhihu.com/people/shawn-91
http://www.zhihu.com/people/mu-tou-lbj
http://www.zhihu.com/people/losingle
http://www.zhihu.com/people/liu-zhiquan
http://www.zhihu.com/people/zhang-rui-97
http://www.zhihu.com/people/zhang-feng-xian
http://www.zhihu.com/people/gengxichao
http://www.zhihu.com/people/Super-rain
http://www.zhihu.com/people/hydraphenix
http://www.zhihu.com/people/kernelhcy
http://www.zhihu.com/people/long-tang
http://www.zhihu.com/people/fengchao8829
http://www.zhihu.com/people/lu-xin-6
http://www.zhihu.com/people/tang-liang-44
http://www.zhihu.com/people/sparkle
http://www.zhihu.com/people/jiangming-chen
http://www.zhihu.com/people/lu-suo
http://www.zhihu.com/people/solar-17
http://www.zhihu.com/people/erhu
http://www.zhihu.com/people/chun-lei
http://www.zhihu.com/people/___-hui-11
http://www.zhihu.com/people/wang-han
http://www.zhihu.com/people/2375
http://www.zhihu.com/people/gui-zhuo
http://www.zhihu.com/people/cfc4n
http://www.zhihu.com/people/linkgod
http://www.zhihu.com/people/niu-xiao-zhai
http://www.zhihu.com/people/hu-er-pang
http://www.zhihu.com/people/helixzz
http://www.zhihu.com/people/xu-min-xing
http://www.zhihu.com/people/pan-xi-ting
http://www.zhihu.com/people/yofly
http://www.zhihu.com/people/iaisin
http://www.zhihu.com/people/willyout
http://www.zhihu.com/people/zhudl
http://www.zhihu.com/people/shevoner
http://www.zhihu.com/people/sun-jun-93
http://www.zhihu.com/people/ekzhu
http://www.zhihu.com/people/chengzhoukun
http://www.zhihu.com/people/mo-zhao-yue
http://www.zhihu.com/people/twowolf
http://www.zhihu.com/people/FengQY
http://www.zhihu.com/people/guranzhi
http://www.zhihu.com/people/liu-ya-zhong-73
http://www.zhihu.com/people/cnhawkorg
http://www.zhihu.com/people/guo-bin-30
http://www.zhihu.com/people/programtic
http://www.zhihu.com/people/xiao-ma-30
http://www.zhihu.com/people/xin-bi-1321
http://www.zhihu.com/people/I5X3S4
http://www.zhihu.com/people/kingcj
http://www.zhihu.com/people/haojin
http://www.zhihu.com/people/xu-chen-15
http://www.zhihu.com/people/ooxxooxx
http://www.zhihu.com/people/edwin7
http://www.zhihu.com/people/chinaxing
http://www.zhihu.com/people/listen-76
http://www.zhihu.com/people/yanfel
http://www.zhihu.com/people/e_chen
http://www.zhihu.com/people/wu-hai-bo
http://www.zhihu.com/people/fang-che-dan
http://www.zhihu.com/people/leunggamciu
http://www.zhihu.com/people/waynewu
http://www.zhihu.com/people/dai-jun-yi
http://www.zhihu.com/people/caiwensheng
http://www.zhihu.com/people/lntianda
http://www.zhihu.com/people/channe
http://www.zhihu.com/people/chen-jian-qing-41
http://www.zhihu.com/people/bingno
http://www.zhihu.com/people/chen-hai-peng-1
http://www.zhihu.com/people/simon.yang
http://www.zhihu.com/people/leobron
http://www.zhihu.com/people/adidiors
http://www.zhihu.com/people/li-bing-shuai
http://www.zhihu.com/people/li-dong-16-21
http://www.zhihu.com/people/sunchangqing
http://www.zhihu.com/people/bzEq
http://www.zhihu.com/people/zero001
http://www.zhihu.com/people/myuan
http://www.zhihu.com/people/fei-ying
http://www.zhihu.com/people/Luxiaohua
http://www.zhihu.com/people/xcodeman
http://www.zhihu.com/people/zhuang-wen-fu
http://www.zhihu.com/people/mousellee
http://www.zhihu.com/people/virusdefender
http://www.zhihu.com/people/zhou-dou-ya
http://www.zhihu.com/people/fwwdn
http://www.zhihu.com/people/li-hai-zhen
http://www.zhihu.com/people/daocaoren
http://www.zhihu.com/people/fancyblock
http://www.zhihu.com/people/secrain
http://www.zhihu.com/people/zhaoxiaolinn
http://www.zhihu.com/people/gao-san-shui
http://www.zhihu.com/people/xie-fan-25
http://www.zhihu.com/people/lirongjun
http://www.zhihu.com/people/an-xiao-xi
http://www.zhihu.com/people/zhaoyiyun77
http://www.zhihu.com/people/sunsimian
http://www.zhihu.com/people/xiaojielu
http://www.zhihu.com/people/feng-yan-61
http://www.zhihu.com/people/liaojunyuan.com
http://www.zhihu.com/people/wang-gao-yu
http://www.zhihu.com/people/liu-yu-han
http://www.zhihu.com/people/suniven
http://www.zhihu.com/people/hu-xiao-bin-19
http://www.zhihu.com/people/lakeGeek
http://www.zhihu.com/people/xudong
http://www.zhihu.com/people/jetz
http://www.zhihu.com/people/shen-li-bo
http://www.zhihu.com/people/li-xiang-lan
http://www.zhihu.com/people/qisez
http://www.zhihu.com/people/yang-min-81
http://www.zhihu.com/people/ba-xiao-qi
http://www.zhihu.com/people/maguowei
http://www.zhihu.com/people/xy_alan
http://www.zhihu.com/people/woooha
http://www.zhihu.com/people/wu-zhou-88
http://www.zhihu.com/people/mostlyharmful
http://www.zhihu.com/people/popomore
http://www.zhihu.com/people/wang-le-heng
http://www.zhihu.com/people/zhou-xiao-qing-52
http://www.zhihu.com/people/huang-zi-xuan
http://www.zhihu.com/people/malkavia
http://www.zhihu.com/people/shevchenko-57
http://www.zhihu.com/people/zopassionalambda
http://www.zhihu.com/people/A_Fish
http://www.zhihu.com/people/wei-yang-90
http://www.zhihu.com/people/cecwxf
http://www.zhihu.com/people/liu-jia-xu
http://www.zhihu.com/people/xia-bo-45
http://www.zhihu.com/people/tan-xu-long
http://www.zhihu.com/people/antestad
http://www.zhihu.com/people/v5liyang
http://www.zhihu.com/people/zi-liu
http://www.zhihu.com/people/hou-zhi-55
http://www.zhihu.com/people/chenjianwei
http://www.zhihu.com/people/judy-L
http://www.zhihu.com/people/loseyear
http://www.zhihu.com/people/nanj
http://www.zhihu.com/people/peon
http://www.zhihu.com/people/liusihao
http://www.zhihu.com/people/zhouyujiang
http://www.zhihu.com/people/jonas-yang
http://www.zhihu.com/people/CodeMonkey
http://www.zhihu.com/people/zhang-yang-ming
http://www.zhihu.com/people/wang-yan-yu-64
http://www.zhihu.com/people/fxw945
http://www.zhihu.com/people/yang-tao-69
http://www.zhihu.com/people/ichenxiaodao
http://www.zhihu.com/people/Misaki
http://www.zhihu.com/people/pengvv
http://www.zhihu.com/people/benxu
http://www.zhihu.com/people/mvie
http://www.zhihu.com/people/liu-ying-68-26
http://www.zhihu.com/people/gui-ming-yue
http://www.zhihu.com/people/kondi
http://www.zhihu.com/people/zhaoxiaowei
http://www.zhihu.com/people/rockygao
http://www.zhihu.com/people/Alan777
http://www.zhihu.com/people/sun-chen-83
http://www.zhihu.com/people/ai-bei-er
http://www.zhihu.com/people/mo-er-ben
http://www.zhihu.com/people/ChSail
http://www.zhihu.com/people/xu-peng-44-88
http://www.zhihu.com/people/wangfang
http://www.zhihu.com/people/li-mu-76
http://www.zhihu.com/people/jiang-shan-17
http://www.zhihu.com/people/asaka
http://www.zhihu.com/people/zhou-qiu-qiu-8
http://www.zhihu.com/people/cong-teng
http://www.zhihu.com/people/yang-san-shi-65
http://www.zhihu.com/people/xiaojiadu
http://www.zhihu.com/people/zeng-lu-yang
http://www.zhihu.com/people/shinyzhu
http://www.zhihu.com/people/kevin-21-5
http://www.zhihu.com/people/yetone
http://www.zhihu.com/people/fanxiaojie
http://www.zhihu.com/people/fang-yuan
http://www.zhihu.com/people/polyahu
http://www.zhihu.com/people/quantin-chen
http://www.zhihu.com/people/xu-meng-yang
http://www.zhihu.com/people/icloudfly
http://www.zhihu.com/people/zhang-shi-hua-25
http://www.zhihu.com/people/un0s2
http://www.zhihu.com/people/yi-sen-8
http://www.zhihu.com/people/holybao
http://www.zhihu.com/people/xianhuawei
http://www.zhihu.com/people/fu-jia-hui
http://www.zhihu.com/people/cz_zhihu
http://www.zhihu.com/people/zjxubinbin
http://www.zhihu.com/people/thenry
http://www.zhihu.com/people/wang-yang-75-46
http://www.zhihu.com/people/mu-lan-46
http://www.zhihu.com/people/evanhan
http://www.zhihu.com/people/jiang-zhi-wei-81
http://www.zhihu.com/people/miao-si-ji
http://www.zhihu.com/people/caoxudong
http://www.zhihu.com/people/tarwon
http://www.zhihu.com/people/Hola
http://www.zhihu.com/people/adam-peng
http://www.zhihu.com/people/robotdiy
http://www.zhihu.com/people/atomd
http://www.zhihu.com/people/ying-shan-hong
http://www.zhihu.com/people/flyafly
http://www.zhihu.com/people/xu-wen-ping
http://www.zhihu.com/people/luaer
http://www.zhihu.com/people/han-xiao-gang
http://www.zhihu.com/people/sapjax
http://www.zhihu.com/people/li-ting-peng
http://www.zhihu.com/people/shao-shuai-36-28
http://www.zhihu.com/people/ryan-chi
http://www.zhihu.com/people/THFQ
http://www.zhihu.com/people/zool
http://www.zhihu.com/people/zhong-ye-zi-49
http://www.zhihu.com/people/xiaocary
http://www.zhihu.com/people/an-ye-zhuo-liu
http://www.zhihu.com/people/lu-jian-82
http://www.zhihu.com/people/geekxiong
http://www.zhihu.com/people/www.tripshare.cc
http://www.zhihu.com/people/aCayF
http://www.zhihu.com/people/shawnbai
http://www.zhihu.com/people/chow1937
http://www.zhihu.com/people/archieyang
http://www.zhihu.com/people/lokizone
http://www.zhihu.com/people/akirachang
http://www.zhihu.com/people/yang
http://www.zhihu.com/people/fangwz
http://www.zhihu.com/people/wangxu612
http://www.zhihu.com/people/douzifly
http://www.zhihu.com/people/haiger-25
http://www.zhihu.com/people/shawnyu
http://www.zhihu.com/people/dylan-32
http://www.zhihu.com/people/mingchaoyan
http://www.zhihu.com/people/lirongwei
http://www.zhihu.com/people/zhang-er-gou-55
http://www.zhihu.com/people/techoxygen
http://www.zhihu.com/people/dan-wei
http://www.zhihu.com/people/xu-shi-fu
http://www.zhihu.com/people/chape
http://www.zhihu.com/people/ma-nong-64
http://www.zhihu.com/people/Firemky
http://www.zhihu.com/people/falood
http://www.zhihu.com/people/xie-jian-feng-42
http://www.zhihu.com/people/lijia5shao
http://www.zhihu.com/people/baoz
http://www.zhihu.com/people/zhu-qing
http://www.zhihu.com/people/zhang-chi-75
http://www.zhihu.com/people/feixiang
http://www.zhihu.com/people/oldsharp
http://www.zhihu.com/people/li-gao-ren
http://www.zhihu.com/people/qpatton
http://www.zhihu.com/people/evantre
http://www.zhihu.com/people/chen-yan-zhong
http://www.zhihu.com/people/zhu-wen
http://www.zhihu.com/people/hu-zhan-jun
http://www.zhihu.com/people/leiming
http://www.zhihu.com/people/chendanqing
http://www.zhihu.com/people/xung
http://www.zhihu.com/people/zhang-yi-fan-48
http://www.zhihu.com/people/zerg-duan
http://www.zhihu.com/people/kering
http://www.zhihu.com/people/kurt-liu
http://www.zhihu.com/people/chen-xi-1
http://www.zhihu.com/people/zhuangsirui
http://www.zhihu.com/people/guangyi-43
http://www.zhihu.com/people/wind_shadow
http://www.zhihu.com/people/morgan-66
http://www.zhihu.com/people/xu-heng-fei
http://www.zhihu.com/people/yaocoder
http://www.zhihu.com/people/snowsword
http://www.zhihu.com/people/kizer
http://www.zhihu.com/people/luchuan
http://www.zhihu.com/people/cenalulu
http://www.zhihu.com/people/wolf0403
http://www.zhihu.com/people/fang-bo-yu
http://www.zhihu.com/people/hiworldofice
http://www.zhihu.com/people/tianzhou
http://www.zhihu.com/people/li-xin-47-92
http://www.zhihu.com/people/zhang-yong-hui-717
http://www.zhihu.com/people/nuomihaochix
http://www.zhihu.com/people/10250
http://www.zhihu.com/people/liuyongjian
http://www.zhihu.com/people/xanpeng
http://www.zhihu.com/people/inext
http://www.zhihu.com/people/zhou-wei-xiang-25
http://www.zhihu.com/people/bo-wen-49
http://www.zhihu.com/people/zhang-xiao-jie-82
http://www.zhihu.com/people/myersguo
http://www.zhihu.com/people/zhuye
http://www.zhihu.com/people/pi1ot
http://www.zhihu.com/people/xu-yong-jia
http://www.zhihu.com/people/spirit-dongdong
http://www.zhihu.com/people/jiangzhongbo
http://www.zhihu.com/people/wang-ming-long
http://www.zhihu.com/people/ponlee
http://www.zhihu.com/people/ren-tao-90
http://www.zhihu.com/people/jesse_chen
http://www.zhihu.com/people/fleurer
http://www.zhihu.com/people/wonderhao
http://www.zhihu.com/people/liu-ying-ge
http://www.zhihu.com/people/lin-bi-mgal
http://www.zhihu.com/people/zisha360
http://www.zhihu.com/people/woodboy456
http://www.zhihu.com/people/wushuang1222
http://www.zhihu.com/people/wheat
http://www.zhihu.com/people/laixiaolai
http://www.zhihu.com/people/li-zhe-19
http://www.zhihu.com/people/yang-cong-quan-man-tou
http://www.zhihu.com/people/li-ke-bi
http://www.zhihu.com/people/a-hun
http://www.zhihu.com/people/natsujiang
http://www.zhihu.com/people/feisuzhu
http://www.zhihu.com/people/qcbetter
http://www.zhihu.com/people/liminjun
http://www.zhihu.com/people/pang-wei-wei
http://www.zhihu.com/people/dawn110110
http://www.zhihu.com/people/zhang-ming-hui-48
http://www.zhihu.com/people/shao-yu-lin
http://www.zhihu.com/people/mission-61
http://www.zhihu.com/people/shen-zhu-jun
http://www.zhihu.com/people/zhonglie
http://www.zhihu.com/people/chen-shen-yuan
http://www.zhihu.com/people/china_victory
http://www.zhihu.com/people/jeffrey-lv
http://www.zhihu.com/people/xu1ji
http://www.zhihu.com/people/mao-liang-5-77
http://www.zhihu.com/people/wu-di-75-72
http://www.zhihu.com/people/lingengbin
http://www.zhihu.com/people/peng-jian-90
http://www.zhihu.com/people/wen-jing-58
http://www.zhihu.com/people/vizhen-tan
http://www.zhihu.com/people/gnap
http://www.zhihu.com/people/yixingnan
http://www.zhihu.com/people/linshiyi
http://www.zhihu.com/people/zhengwuzhou
http://www.zhihu.com/people/shi-yi-min
http://www.zhihu.com/people/liu-wei-ye
http://www.zhihu.com/people/Quieth
http://www.zhihu.com/people/duke_zhang
http://www.zhihu.com/people/yang-huan-huan-94
http://www.zhihu.com/people/hoterran
http://www.zhihu.com/people/guo-feng-66-47
http://www.zhihu.com/people/ce-zhen-ren
http://www.zhihu.com/people/chen-shi-chao
http://www.zhihu.com/people/xiongharry
http://www.zhihu.com/people/kamuel
http://www.zhihu.com/people/zhangweizhong
http://www.zhihu.com/people/soulmachine
http://www.zhihu.com/people/lance-gu
http://www.zhihu.com/people/wang-ze-61
http://www.zhihu.com/people/li-chuang-46
http://www.zhihu.com/people/teng-jin-guang
http://www.zhihu.com/people/clcron
http://www.zhihu.com/people/chen-yu-25
http://www.zhihu.com/people/xumingmingv
http://www.zhihu.com/people/178518
http://www.zhihu.com/people/shi-li-87
http://www.zhihu.com/people/zhoupeng
http://www.zhihu.com/people/xu-yi-yu-71
http://www.zhihu.com/people/zhou-zi-yin
http://www.zhihu.com/people/su-yu-peng
http://www.zhihu.com/people/liuya802
http://www.zhihu.com/people/neaton
http://www.zhihu.com/people/wind
http://www.zhihu.com/people/liu-wei-59
