http://www.zhihu.com/people/nick-qi
http://www.zhihu.com/people/dcn01
http://www.zhihu.com/people/xi-wu-77
http://www.zhihu.com/people/wang-fan-si
http://www.zhihu.com/people/rachel-xu-cn
http://www.zhihu.com/people/jun-yi-14
http://www.zhihu.com/people/su-yihang
http://www.zhihu.com/people/sun-zi-xun
http://www.zhihu.com/people/tony.wong.hk
http://www.zhihu.com/people/li-si-yuan-30
http://www.zhihu.com/people/wujinzhi
http://www.zhihu.com/people/zhao-jing-yi-69
http://www.zhihu.com/people/chen-qiang-86-75
http://www.zhihu.com/people/okey-dokey
http://www.zhihu.com/people/stupident
http://www.zhihu.com/people/pinkatropine
http://www.zhihu.com/people/chen-zhi-zhi-85-63
http://www.zhihu.com/people/feinaiji
http://www.zhihu.com/people/li-yang-55-83
http://www.zhihu.com/people/li-jian-hao-26
http://www.zhihu.com/people/plee
http://www.zhihu.com/people/Changmingwei
http://www.zhihu.com/people/pan-yu-ting-37
http://www.zhihu.com/people/Knact
http://www.zhihu.com/people/luo-yu-han
http://www.zhihu.com/people/diver-lee
http://www.zhihu.com/people/by-morning
http://www.zhihu.com/people/huang-zi-chang-86
http://www.zhihu.com/people/zengmin
http://www.zhihu.com/people/cody-16
http://www.zhihu.com/people/gu-sui-xing-zou
http://www.zhihu.com/people/song-ye-zi
http://www.zhihu.com/people/tun-tan
http://www.zhihu.com/people/hai-mian-25
http://www.zhihu.com/people/lu-teng-fei-40
http://www.zhihu.com/people/li-ruo-yu-46
http://www.zhihu.com/people/li-chou-yi
http://www.zhihu.com/people/ziguang
http://www.zhihu.com/people/zhao-xiao-long-56
http://www.zhihu.com/people/cang-mang-6
http://www.zhihu.com/people/wen-sen-te-86
http://www.zhihu.com/people/alianpaul
http://www.zhihu.com/people/cui-jing-yuan-26
http://www.zhihu.com/people/wang-wang-39
http://www.zhihu.com/people/zhang-peng-59-48
http://www.zhihu.com/people/xu-si-wei
http://www.zhihu.com/people/shen-jing-9
http://www.zhihu.com/people/pei-qi-43
http://www.zhihu.com/people/ba-ge-35
http://www.zhihu.com/people/li-yang-52-15
http://www.zhihu.com/people/shang-shi-3
http://www.zhihu.com/people/carson-88
http://www.zhihu.com/people/zhang-chun-yue-19
http://www.zhihu.com/people/clairewang0326
http://www.zhihu.com/people/Marshallpku
http://www.zhihu.com/people/tai-wen-yuan
http://www.zhihu.com/people/ipore
http://www.zhihu.com/people/chen-yong-lin-25
http://www.zhihu.com/people/ryanhuang
http://www.zhihu.com/people/xiaowenwen
http://www.zhihu.com/people/yuan-qing-yu
http://www.zhihu.com/people/bfjiaren
http://www.zhihu.com/people/_zhao_xu_
http://www.zhihu.com/people/homssenger
http://www.zhihu.com/people/li-shou-yin-89
http://www.zhihu.com/people/lunvs
http://www.zhihu.com/people/nila-lee
http://www.zhihu.com/people/LaiJunwei
http://www.zhihu.com/people/xiang-hua-ma-xiang-hua-ma-23
http://www.zhihu.com/people/zhang-qun-21
http://www.zhihu.com/people/chen-qing-96-83
http://www.zhihu.com/people/nuonuolili
http://www.zhihu.com/people/hai-ye-liu-lang
http://www.zhihu.com/people/cui-huo-huo
http://www.zhihu.com/people/chen-mo-54-22
http://www.zhihu.com/people/shang-gu-38
http://www.zhihu.com/people/be-with-lele
http://www.zhihu.com/people/peoplegxs
http://www.zhihu.com/people/lian-ben
http://www.zhihu.com/people/niceboat
http://www.zhihu.com/people/cai-jia-he
http://www.zhihu.com/people/lu-mei-mei-44
http://www.zhihu.com/people/hellopbs
http://www.zhihu.com/people/yandc
http://www.zhihu.com/people/feng-shuo-3
http://www.zhihu.com/people/song-lao-mo
http://www.zhihu.com/people/hou-chu-qian
http://www.zhihu.com/people/gpz-73
http://www.zhihu.com/people/guo-kai-20
http://www.zhihu.com/people/fushi
http://www.zhihu.com/people/jian-jun-li
http://www.zhihu.com/people/ling-chen-22-62
http://www.zhihu.com/people/yi-zhen-fei
http://www.zhihu.com/people/xuzhihong
http://www.zhihu.com/people/liu-yan-nan-82
http://www.zhihu.com/people/qiu-guo-dong
http://www.zhihu.com/people/ji-ya-88
http://www.zhihu.com/people/xu-shao-zhi
http://www.zhihu.com/people/xiexiaopang
http://www.zhihu.com/people/liang-yu-fan
http://www.zhihu.com/people/Rusca
http://www.zhihu.com/people/alex-huang-9
http://www.zhihu.com/people/sun-xiao-lan-94
http://www.zhihu.com/people/chen-tan-zhi
http://www.zhihu.com/people/zhouwenrong
http://www.zhihu.com/people/hmzhou
http://www.zhihu.com/people/jin-le-98
http://www.zhihu.com/people/wang-dang-dang
http://www.zhihu.com/people/zhou-wen-shan
http://www.zhihu.com/people/zhangleo
http://www.zhihu.com/people/emlink
http://www.zhihu.com/people/xiao-lan-bob
http://www.zhihu.com/people/zaiyiqi
http://www.zhihu.com/people/lao-chang
http://www.zhihu.com/people/zhouxiaoqin
