http://www.zhihu.com/people/wangwang-90
http://www.zhihu.com/people/dong-fang-yun-84
http://www.zhihu.com/people/xingtao-shen
http://www.zhihu.com/people/chen-wen-hong-33
http://www.zhihu.com/people/zhu-ding-ya
http://www.zhihu.com/people/kaidi-guo
http://www.zhihu.com/people/lin-ji-mi
http://www.zhihu.com/people/CloseString
http://www.zhihu.com/people/chen-yu-11-79
http://www.zhihu.com/people/ruo-ai-17
http://www.zhihu.com/people/chen-chang-dong-77
http://www.zhihu.com/people/man-flame
http://www.zhihu.com/people/mudener
http://www.zhihu.com/people/liu-xiao-kang-8
http://www.zhihu.com/people/zhang-ding-chen-52
http://www.zhihu.com/people/DonQuixote
http://www.zhihu.com/people/lu-pao-pao-95
http://www.zhihu.com/people/chris-chang-24
http://www.zhihu.com/people/lalalalaa-a-a
http://www.zhihu.com/people/iduoshao
http://www.zhihu.com/people/feng-er-14
http://www.zhihu.com/people/zui-mo-58
http://www.zhihu.com/people/su-yu-67
http://www.zhihu.com/people/yan-ming-li-ge
http://www.zhihu.com/people/yang-xiao-yun-9
http://www.zhihu.com/people/rena-mua
http://www.zhihu.com/people/Captain-Z
http://www.zhihu.com/people/cloris-andy
http://www.zhihu.com/people/zhao-dian-34
http://www.zhihu.com/people/feng-hao-84
http://www.zhihu.com/people/netsos
http://www.zhihu.com/people/chen-hao-42-21
http://www.zhihu.com/people/robin-ren
http://www.zhihu.com/people/cheng-fang-hang
http://www.zhihu.com/people/dian-bo-9
http://www.zhihu.com/people/yue-yi-he
http://www.zhihu.com/people/zhang-hang-66
http://www.zhihu.com/people/ci-luo
http://www.zhihu.com/people/zou-jin-hua
http://www.zhihu.com/people/xu-cheng-kun
http://www.zhihu.com/people/chen-kai-30-73
http://www.zhihu.com/people/liu-chuan-feng-1
http://www.zhihu.com/people/peteryao
http://www.zhihu.com/people/liu-ya-kun-1
http://www.zhihu.com/people/li-mao-tian
http://www.zhihu.com/people/tian-tian-16-5
http://www.zhihu.com/people/moz-hyper
http://www.zhihu.com/people/gracelu
http://www.zhihu.com/people/liu-xiao-mai-21
http://www.zhihu.com/people/chenjianwei
http://www.zhihu.com/people/yao-long-74
http://www.zhihu.com/people/zhang-wei-85-62
http://www.zhihu.com/people/li-xiang-51-62
http://www.zhihu.com/people/zhang-mao-yu
http://www.zhihu.com/people/zi-jin-52
http://www.zhihu.com/people/ma-ying-yun
http://www.zhihu.com/people/pang-da-14
http://www.zhihu.com/people/zhang-shu-yan-98
http://www.zhihu.com/people/li-ke-71-71
http://www.zhihu.com/people/kissingfeng
http://www.zhihu.com/people/cai-zhen-91
http://www.zhihu.com/people/yang-han-34-31
http://www.zhihu.com/people/duan-daniel
http://www.zhihu.com/people/liu-wei-lin-56
http://www.zhihu.com/people/aboutleo
http://www.zhihu.com/people/da-lan-pang
http://www.zhihu.com/people/dongxiaochang
http://www.zhihu.com/people/wannian
http://www.zhihu.com/people/beebird
http://www.zhihu.com/people/yu-hong-hong
http://www.zhihu.com/people/linmahua
http://www.zhihu.com/people/hu-nicholas
http://www.zhihu.com/people/euyuil
http://www.zhihu.com/people/chancehuang
http://www.zhihu.com/people/li-cong-90
http://www.zhihu.com/people/su-jing-qiao
http://www.zhihu.com/people/chen-chen-41-83
http://www.zhihu.com/people/darasion
http://www.zhihu.com/people/tang-ming-yi
http://www.zhihu.com/people/psy920710
http://www.zhihu.com/people/wang-yu-ming-76
http://www.zhihu.com/people/sun-xi-fan
http://www.zhihu.com/people/cherrybomb
http://www.zhihu.com/people/halcyonall
http://www.zhihu.com/people/huangbo
http://www.zhihu.com/people/chriszhenzhen
http://www.zhihu.com/people/xiaolizhi
http://www.zhihu.com/people/zhao-gogo
http://www.zhihu.com/people/cong-cong-98-4
http://www.zhihu.com/people/zheng-ai-ai
http://www.zhihu.com/people/yang-ding-101
http://www.zhihu.com/people/liu-ruo-jiu
http://www.zhihu.com/people/gracieux.taobao.com
http://www.zhihu.com/people/wu-jian-75
http://www.zhihu.com/people/li-shang-jian
http://www.zhihu.com/people/wherekevin
http://www.zhihu.com/people/xu-dan-62
http://www.zhihu.com/people/jamesky907
http://www.zhihu.com/people/ran-de-hui
http://www.zhihu.com/people/changdi
http://www.zhihu.com/people/tang-xiao-45
http://www.zhihu.com/people/chambean-chen
http://www.zhihu.com/people/qing-mao-95
http://www.zhihu.com/people/yang-guang-11-55
http://www.zhihu.com/people/milkjun
http://www.zhihu.com/people/harriet
http://www.zhihu.com/people/nuit-la
http://www.zhihu.com/people/liu-meng-hua
http://www.zhihu.com/people/qingganwan
http://www.zhihu.com/people/0594
http://www.zhihu.com/people/du-gu-jian
http://www.zhihu.com/people/bloodyxu
http://www.zhihu.com/people/oldwolfnwf
http://www.zhihu.com/people/mei-lian-pi
http://www.zhihu.com/people/henryxyy
http://www.zhihu.com/people/xiao-jing-liang-46
http://www.zhihu.com/people/wong-miamia
http://www.zhihu.com/people/qi-xuan
http://www.zhihu.com/people/rui-la-tan
http://www.zhihu.com/people/li-xu-yi
http://www.zhihu.com/people/cai-gen-tan
http://www.zhihu.com/people/silentwindy
http://www.zhihu.com/people/three-18
http://www.zhihu.com/people/liu-ban-xian
http://www.zhihu.com/people/zhu-qi-dao
http://www.zhihu.com/people/alwenlu
http://www.zhihu.com/people/li-ao-wen
http://www.zhihu.com/people/wang-yu-yan-6
http://www.zhihu.com/people/sancha-su
http://www.zhihu.com/people/lzhjie
http://www.zhihu.com/people/zhang-su-franklin
http://www.zhihu.com/people/haozeng
http://www.zhihu.com/people/xavier-summer
http://www.zhihu.com/people/tang-duo-ling-91
http://www.zhihu.com/people/shevchenko-57
http://www.zhihu.com/people/echo-40-22
http://www.zhihu.com/people/zheng-lei-59
http://www.zhihu.com/people/wang-ruo-yu-21
http://www.zhihu.com/people/chun-san-ji
http://www.zhihu.com/people/mou-wei-56
http://www.zhihu.com/people/hushering
http://www.zhihu.com/people/shen-hao-34-35
http://www.zhihu.com/people/alvind
http://www.zhihu.com/people/MichaelW
http://www.zhihu.com/people/mustbe
http://www.zhihu.com/people/colinqing-feng
http://www.zhihu.com/people/meng-jue-99
http://www.zhihu.com/people/zha-si-ting
http://www.zhihu.com/people/bo-yi-42
http://www.zhihu.com/people/fang-yi-cheng-73
http://www.zhihu.com/people/rinc
http://www.zhihu.com/people/li-xiao-qi-91-35
http://www.zhihu.com/people/kenny.
http://www.zhihu.com/people/liu-hua-ming-8
http://www.zhihu.com/people/xiao-tian-51
http://www.zhihu.com/people/aehan-aehan
http://www.zhihu.com/people/lu-lu-xi-liao-ge-xi
http://www.zhihu.com/people/fang-wen-32
http://www.zhihu.com/people/tata1219
http://www.zhihu.com/people/mao-mao-81-74
http://www.zhihu.com/people/jueshihaojian
http://www.zhihu.com/people/xi-cheng-23-56
http://www.zhihu.com/people/dogoogles
http://www.zhihu.com/people/long-shuai
http://www.zhihu.com/people/tang-an-zhu
http://www.zhihu.com/people/wu-qi-88
http://www.zhihu.com/people/microsolid
http://www.zhihu.com/people/li-yue-40-16
http://www.zhihu.com/people/li-xin-91-42
http://www.zhihu.com/people/fu-lan-ke-lin
http://www.zhihu.com/people/xie-kai-wen-themisgu
http://www.zhihu.com/people/deviceperk
http://www.zhihu.com/people/zhang-heng-3
http://www.zhihu.com/people/qianz-ding
http://www.zhihu.com/people/cao-qing-yu
http://www.zhihu.com/people/lloyd_75
http://www.zhihu.com/people/quinn-wu-93
http://www.zhihu.com/people/xsclxin
http://www.zhihu.com/people/ainopara
http://www.zhihu.com/people/wang-qiu-shi-76
http://www.zhihu.com/people/promise-zhang
http://www.zhihu.com/people/bingle
http://www.zhihu.com/people/manhinling
http://www.zhihu.com/people/felix-libero
http://www.zhihu.com/people/hong-shi-huan-78
http://www.zhihu.com/people/bingyucas
http://www.zhihu.com/people/lys.me
http://www.zhihu.com/people/zhai-feng
http://www.zhihu.com/people/li-xing-4
http://www.zhihu.com/people/laurence
http://www.zhihu.com/people/deng-xin-xian
http://www.zhihu.com/people/qiu-ya
http://www.zhihu.com/people/snowsword
http://www.zhihu.com/people/zheng-tao-64
http://www.zhihu.com/people/ding-cheng-24-30
http://www.zhihu.com/people/tang-jing-yu-24
http://www.zhihu.com/people/xiao-li-ping-8
http://www.zhihu.com/people/zhang-yu-nie-68
http://www.zhihu.com/people/shen-zhu-jun
http://www.zhihu.com/people/chentianze
http://www.zhihu.com/people/cai-ti-ran
http://www.zhihu.com/people/jesse_chen
http://www.zhihu.com/people/siva
http://www.zhihu.com/people/heaven_000
http://www.zhihu.com/people/ma-rui-lei
http://www.zhihu.com/people/xidianlz
http://www.zhihu.com/people/li-yu-mei-hu
http://www.zhihu.com/people/tong-ting-nuo
http://www.zhihu.com/people/qiao-er-52
http://www.zhihu.com/people/you-yu-zhong-nan
http://www.zhihu.com/people/zhang-chi-cheng-67
http://www.zhihu.com/people/leocc
http://www.zhihu.com/people/muffin-yep
http://www.zhihu.com/people/fang-zhen-guo
http://www.zhihu.com/people/sunprin
http://www.zhihu.com/people/chen-charles
http://www.zhihu.com/people/forcube
http://www.zhihu.com/people/wang-xiao-jian-18-81
http://www.zhihu.com/people/han-chu-tian-56
http://www.zhihu.com/people/lunatic-61
http://www.zhihu.com/people/zhang-jun-feng-42
http://www.zhihu.com/people/yang-su-wen
http://www.zhihu.com/people/hai-yang
http://www.zhihu.com/people/chen-xi-8-72
http://www.zhihu.com/people/braveworld
http://www.zhihu.com/people/wang-biao-biao-18
http://www.zhihu.com/people/gong-zheng-68
http://www.zhihu.com/people/hynuza
http://www.zhihu.com/people/li-jin-yuan-53-18
http://www.zhihu.com/people/wu-wei-80-7
http://www.zhihu.com/people/mu-rong-song-xue
http://www.zhihu.com/people/kajiki
http://www.zhihu.com/people/shikaijie
http://www.zhihu.com/people/ji-wei-70
http://www.zhihu.com/people/zhongqing
http://www.zhihu.com/people/zhang-ji-li-mi
http://www.zhihu.com/people/ya-liang
http://www.zhihu.com/people/calibre-chow
http://www.zhihu.com/people/xudekai
http://www.zhihu.com/people/stanley-49
http://www.zhihu.com/people/ban-ma
http://www.zhihu.com/people/wolekuduo
http://www.zhihu.com/people/jia-zhi-84
http://www.zhihu.com/people/liruqi
http://www.zhihu.com/people/tony.wong.hk
http://www.zhihu.com/people/moonjin1979
http://www.zhihu.com/people/sun-xiao-39-3
http://www.zhihu.com/people/ai-li-si-laura
http://www.zhihu.com/people/zhu-shi-30
http://www.zhihu.com/people/huang-xiao-wu-93
http://www.zhihu.com/people/pan-jie-72
http://www.zhihu.com/people/shenyawei
http://www.zhihu.com/people/lin-yu-bin
http://www.zhihu.com/people/tai-zai-yan
http://www.zhihu.com/people/li-qiu-ku-33
http://www.zhihu.com/people/zhong717
http://www.zhihu.com/people/benjamin
http://www.zhihu.com/people/gong-xiao-mu
http://www.zhihu.com/people/li-zhe-54-7
http://www.zhihu.com/people/li-qing-hua-23
http://www.zhihu.com/people/myxydx
http://www.zhihu.com/people/heleiecho
http://www.zhihu.com/people/wang-ting-77-63
http://www.zhihu.com/people/zhang-qing-chuan
http://www.zhihu.com/people/ren-er-cheng
http://www.zhihu.com/people/yaochenhao
http://www.zhihu.com/people/marc-21
http://www.zhihu.com/people/rush
http://www.zhihu.com/people/jing-mo-88
http://www.zhihu.com/people/wang-duan-18
http://www.zhihu.com/people/mei-ming-tao
http://www.zhihu.com/people/redhobor
http://www.zhihu.com/people/zhan-peng-30
http://www.zhihu.com/people/wang-xiao-wei-50
http://www.zhihu.com/people/merrywater
http://www.zhihu.com/people/brooklynxiao-pen-you
http://www.zhihu.com/people/sheng-xi-men
http://www.zhihu.com/people/francisfang
http://www.zhihu.com/people/zhangkai_ch
http://www.zhihu.com/people/mao-wen-tong
http://www.zhihu.com/people/wang-ting-ting-28-65
http://www.zhihu.com/people/wan-pu
http://www.zhihu.com/people/yuoo
http://www.zhihu.com/people/lu-xiao-qi-34
http://www.zhihu.com/people/li-yang-35-42
http://www.zhihu.com/people/ai-li-si-46
http://www.zhihu.com/people/tian-lu-yi
http://www.zhihu.com/people/wade-12
http://www.zhihu.com/people/linzelong
http://www.zhihu.com/people/zhou-jun-45-74
http://www.zhihu.com/people/byron-lee-8
http://www.zhihu.com/people/liang-ya-cheng
http://www.zhihu.com/people/sakimarquis
http://www.zhihu.com/people/bai-bai-he-18
http://www.zhihu.com/people/yu-er-13
http://www.zhihu.com/people/pigletfly
http://www.zhihu.com/people/li-xiao-le-72
http://www.zhihu.com/people/kcwh
http://www.zhihu.com/people/yan-sheng-20-44
http://www.zhihu.com/people/kiddhe
http://www.zhihu.com/people/thom
http://www.zhihu.com/people/gymitat
http://www.zhihu.com/people/jazmin
http://www.zhihu.com/people/mayimayi
http://www.zhihu.com/people/ang.
http://www.zhihu.com/people/peascloud
http://www.zhihu.com/people/yeti-zhihu
http://www.zhihu.com/people/lei-xiao-hua-16
http://www.zhihu.com/people/myqqhero
http://www.zhihu.com/people/lufa
http://www.zhihu.com/people/dixing-xu
http://www.zhihu.com/people/RyanShang
http://www.zhihu.com/people/chen-wei-68-16
http://www.zhihu.com/people/li-yi-88-45
http://www.zhihu.com/people/wan-li-13-5
http://www.zhihu.com/people/ling-chun-yi
http://www.zhihu.com/people/zong-hua
http://www.zhihu.com/people/hfitp
http://www.zhihu.com/people/mila-zhu
http://www.zhihu.com/people/li-chuang-46
http://www.zhihu.com/people/lin-yu-5
http://www.zhihu.com/people/clare-zhu
http://www.zhihu.com/people/xie-wei-26
http://www.zhihu.com/people/chu-chen-36
http://www.zhihu.com/people/lin-xiao-jiong-jiong-jiong
http://www.zhihu.com/people/jasper-50
http://www.zhihu.com/people/chen-qiang-sheng-52
http://www.zhihu.com/people/pang-ding-wang
http://www.zhihu.com/people/liu-yang-64-3
http://www.zhihu.com/people/chi-xiao-ming
http://www.zhihu.com/people/liu-biao-70
http://www.zhihu.com/people/song-bao-qiang
http://www.zhihu.com/people/wang-li-peng-86
http://www.zhihu.com/people/jiong-xiao-ming
http://www.zhihu.com/people/GilgameshK
http://www.zhihu.com/people/henuwang-kai
http://www.zhihu.com/people/hvvw
http://www.zhihu.com/people/xingmo
http://www.zhihu.com/people/hao-yue-32
http://www.zhihu.com/people/guo-da-meng-45
http://www.zhihu.com/people/qing-cha-56
http://www.zhihu.com/people/mikezi
http://www.zhihu.com/people/chu-pei-rui
http://www.zhihu.com/people/chao-chen-19
http://www.zhihu.com/people/twlkyao
http://www.zhihu.com/people/max725
http://www.zhihu.com/people/daisy-51-58
http://www.zhihu.com/people/asea
http://www.zhihu.com/people/amadeuzou
http://www.zhihu.com/people/wang-tong-22
http://www.zhihu.com/people/jasonxu-86
http://www.zhihu.com/people/hrfreak
http://www.zhihu.com/people/hong-le-tian
http://www.zhihu.com/people/miao-li-yang
http://www.zhihu.com/people/jj-dong
http://www.zhihu.com/people/mandy-27
http://www.zhihu.com/people/a-jian-dj
http://www.zhihu.com/people/zao-shui-71
http://www.zhihu.com/people/zheng-bao-jian-kun-xia
http://www.zhihu.com/people/Bleaker
http://www.zhihu.com/people/wei-er-sen-9
http://www.zhihu.com/people/kang-jing-75
http://www.zhihu.com/people/yin-da-jie
http://www.zhihu.com/people/zhu-feng-93
http://www.zhihu.com/people/zhu-yixin-42
http://www.zhihu.com/people/live-dong
http://www.zhihu.com/people/zhou-chi-22
http://www.zhihu.com/people/Mr.guo
http://www.zhihu.com/people/thinKnight
http://www.zhihu.com/people/freedomwaitwei
http://www.zhihu.com/people/chen-hua-liang
http://www.zhihu.com/people/wang-jing-yu-18
http://www.zhihu.com/people/hong-men-men
http://www.zhihu.com/people/felixliao
http://www.zhihu.com/people/sun-jia-yi-8
http://www.zhihu.com/people/li-meng-jiao-51
http://www.zhihu.com/people/curiozh
http://www.zhihu.com/people/zhou-gang-64
http://www.zhihu.com/people/cao-zi-han-22
http://www.zhihu.com/people/davidqin
http://www.zhihu.com/people/liuzongqi
http://www.zhihu.com/people/wuzhebupt
http://www.zhihu.com/people/solar-17
http://www.zhihu.com/people/daydreamnation
http://www.zhihu.com/people/peng-yi-dou
http://www.zhihu.com/people/five
http://www.zhihu.com/people/ynyounuo
http://www.zhihu.com/people/ling-chen-xiao
http://www.zhihu.com/people/icanmakeit
http://www.zhihu.com/people/wang-ci-an
http://www.zhihu.com/people/rachel-xu-cn
http://www.zhihu.com/people/yuan-shao-cheng
http://www.zhihu.com/people/brucewang
http://www.zhihu.com/people/zhang-kai-xu-95
http://www.zhihu.com/people/leohxj
http://www.zhihu.com/people/mou-kang-ni
http://www.zhihu.com/people/yue-feng-46
http://www.zhihu.com/people/hao-cheng-35-43
http://www.zhihu.com/people/wu-jiang-4
http://www.zhihu.com/people/kong-rong-26
http://www.zhihu.com/people/xie-li-wei-53
http://www.zhihu.com/people/qing-lan-98
http://www.zhihu.com/people/lxyntz
http://www.zhihu.com/people/owenne
http://www.zhihu.com/people/will-11
http://www.zhihu.com/people/shmilypeter
http://www.zhihu.com/people/xia-xiao-piao
http://www.zhihu.com/people/huang-ming-liang
http://www.zhihu.com/people/zheng-ji-yue
http://www.zhihu.com/people/ding-ke-jia
http://www.zhihu.com/people/wang-chao-38
http://www.zhihu.com/people/du-gang-43
http://www.zhihu.com/people/supersadcat
http://www.zhihu.com/people/guhongguangju
http://www.zhihu.com/people/zhan-zhan-31
http://www.zhihu.com/people/niu-wen-ke
http://www.zhihu.com/people/hit9
http://www.zhihu.com/people/Metamorphosis_Du
http://www.zhihu.com/people/situjun
http://www.zhihu.com/people/chengzhoukun
http://www.zhihu.com/people/ni-chang-jun
http://www.zhihu.com/people/zhang-yi-fan-48
http://www.zhihu.com/people/yu-tou-tou-tou
http://www.zhihu.com/people/Ocean1991
http://www.zhihu.com/people/roboon
http://www.zhihu.com/people/zhang-qian-13-68
http://www.zhihu.com/people/huntershi
http://www.zhihu.com/people/jaconey
http://www.zhihu.com/people/wang-wen-han-Ted
http://www.zhihu.com/people/tan-ri-tian
http://www.zhihu.com/people/candice724
http://www.zhihu.com/people/zhou-jiang-85
http://www.zhihu.com/people/chen-jun-rong-25
http://www.zhihu.com/people/jacob-jefferson
http://www.zhihu.com/people/lin-pei-geng
http://www.zhihu.com/people/aista
http://www.zhihu.com/people/zhou-bo-70-71
http://www.zhihu.com/people/vagrant
http://www.zhihu.com/people/JohnLou
http://www.zhihu.com/people/wolfxl
http://www.zhihu.com/people/zrking
http://www.zhihu.com/people/shi-yan-cheng
http://www.zhihu.com/people/lordifeng
http://www.zhihu.com/people/lin-jia-16
http://www.zhihu.com/people/gagehero
http://www.zhihu.com/people/jobsyuan
http://www.zhihu.com/people/zhaoxiaominzi
http://www.zhihu.com/people/soniaxiao-tai-yang
http://www.zhihu.com/people/ceng-da-mo
http://www.zhihu.com/people/miaomagallanes
http://www.zhihu.com/people/evine-chen
http://www.zhihu.com/people/catmiaomiaodolphin
http://www.zhihu.com/people/rainvoo
http://www.zhihu.com/people/cai-xiao-gao
http://www.zhihu.com/people/mikemelon
http://www.zhihu.com/people/notsilly
http://www.zhihu.com/people/wu-song-65
http://www.zhihu.com/people/qi-wen-32
http://www.zhihu.com/people/Dominic_
http://www.zhihu.com/people/xi-xie-de-nan-wen-zi
http://www.zhihu.com/people/pimgeek
http://www.zhihu.com/people/lan-bing-zha
http://www.zhihu.com/people/liu-shuang-yang
http://www.zhihu.com/people/nyanzhang
http://www.zhihu.com/people/umikaM
http://www.zhihu.com/people/wang-xiao-min-86
http://www.zhihu.com/people/michael-swift
http://www.zhihu.com/people/feng-jian-qiu
http://www.zhihu.com/people/chu-tian-35
http://www.zhihu.com/people/zhao-ning-meng
http://www.zhihu.com/people/liu-pei-yao-3
http://www.zhihu.com/people/da-hui-hui-71
http://www.zhihu.com/people/aerospace-doggy
http://www.zhihu.com/people/yang-lei-59-1
http://www.zhihu.com/people/li-ao-si-qia
http://www.zhihu.com/people/rice-42
http://www.zhihu.com/people/jun-bu-yu-28
http://www.zhihu.com/people/sanyalander
http://www.zhihu.com/people/sun-an-nan
http://www.zhihu.com/people/fucheng-wang
http://www.zhihu.com/people/hiroluvmayday
http://www.zhihu.com/people/littlesenke
http://www.zhihu.com/people/cucjasonlee
http://www.zhihu.com/people/mi-ao-lan
http://www.zhihu.com/people/jeremy-53
http://www.zhihu.com/people/spciycandy
http://www.zhihu.com/people/zhu-li-juan-5
http://www.zhihu.com/people/liu-yi-50-57
http://www.zhihu.com/people/li-zi-wei-44
http://www.zhihu.com/people/mao-nuo-72
http://www.zhihu.com/people/reyn-pei
http://www.zhihu.com/people/vere-zhang
http://www.zhihu.com/people/zhasm
http://www.zhihu.com/people/xarcher
http://www.zhihu.com/people/shu-yun-36
http://www.zhihu.com/people/quiclink
http://www.zhihu.com/people/phillis-ma
http://www.zhihu.com/people/thoreau-84
http://www.zhihu.com/people/lawrence-80
http://www.zhihu.com/people/qu-chong-dong
http://www.zhihu.com/people/zhang-yi-yuan-37
http://www.zhihu.com/people/shen-ya-nan-44
http://www.zhihu.com/people/hu-xiao-hu-75
http://www.zhihu.com/people/rong-ma-ma-49
http://www.zhihu.com/people/hunterxmoon
http://www.zhihu.com/people/joe
http://www.zhihu.com/people/tai-di-xiong-97
http://www.zhihu.com/people/jokin
http://www.zhihu.com/people/cai-xiao-fan
http://www.zhihu.com/people/chen-tian-wei-76
http://www.zhihu.com/people/carola
http://www.zhihu.com/people/shang-linxuan
http://www.zhihu.com/people/maryer
http://www.zhihu.com/people/cao-yi-ke-47
http://www.zhihu.com/people/zheng-quan-quan-63
http://www.zhihu.com/people/niu-xiao-piao
http://www.zhihu.com/people/edward-yuan
http://www.zhihu.com/people/cai-wang-tian
http://www.zhihu.com/people/zetan-zzu
http://www.zhihu.com/people/zhang-tian-99-38
http://www.zhihu.com/people/jiangzishan
http://www.zhihu.com/people/jonson-fang
http://www.zhihu.com/people/yao-hao-dong
http://www.zhihu.com/people/xulaohan
http://www.zhihu.com/people/tudouparty
http://www.zhihu.com/people/ye-mu-zhen
http://www.zhihu.com/people/spencer-47
http://www.zhihu.com/people/li-yang-63-70
http://www.zhihu.com/people/han-su-yu
http://www.zhihu.com/people/liu-bing-yan-80
http://www.zhihu.com/people/NEYCO
http://www.zhihu.com/people/xue-wa-qia
http://www.zhihu.com/people/qi-yuan-yuan-52
http://www.zhihu.com/people/luobupo
http://www.zhihu.com/people/mockingjay
http://www.zhihu.com/people/sun-yi-23-15
http://www.zhihu.com/people/huo-shao-lin
http://www.zhihu.com/people/si-kong-si-ma
http://www.zhihu.com/people/yofa-huang
http://www.zhihu.com/people/haahahah
http://www.zhihu.com/people/xiao-chu
http://www.zhihu.com/people/stevie8t
http://www.zhihu.com/people/gu-bin-18
http://www.zhihu.com/people/angelwang
http://www.zhihu.com/people/lin-wen-mo
http://www.zhihu.com/people/shane106
http://www.zhihu.com/people/pwj1568
http://www.zhihu.com/people/yu-song-77
http://www.zhihu.com/people/ying-49
http://www.zhihu.com/people/li-diao-ya-11
http://www.zhihu.com/people/skywalkerhunter
http://www.zhihu.com/people/ma-san-jin-83
http://www.zhihu.com/people/gao-chong-14
http://www.zhihu.com/people/wang-yu-qing-32
http://www.zhihu.com/people/liuzhuang
http://www.zhihu.com/people/goocarlos
http://www.zhihu.com/people/yao-ze-yu
http://www.zhihu.com/people/alexis-37-71
http://www.zhihu.com/people/luo-kui-lin
http://www.zhihu.com/people/wee1
http://www.zhihu.com/people/cai-jia-xiong-72
http://www.zhihu.com/people/sha-de-xuan
http://www.zhihu.com/people/yu-qian-hui
http://www.zhihu.com/people/crossin
http://www.zhihu.com/people/popucui
http://www.zhihu.com/people/ling-hu-cong
http://www.zhihu.com/people/jxzhuge12
http://www.zhihu.com/people/wkp1517
http://www.zhihu.com/people/so_called
http://www.zhihu.com/people/wang-guo-yong-ne
http://www.zhihu.com/people/gao-gao-72
http://www.zhihu.com/people/wei-hao-33
http://www.zhihu.com/people/ya-tou-75
http://www.zhihu.com/people/xsnail
http://www.zhihu.com/people/iseesea
http://www.zhihu.com/people/zhang-jing-yi-48
http://www.zhihu.com/people/elot
http://www.zhihu.com/people/li-hui-ying-2
http://www.zhihu.com/people/li-yifan-27
http://www.zhihu.com/people/memento-mori
http://www.zhihu.com/people/MR.black
http://www.zhihu.com/people/da-da-da-xiong
http://www.zhihu.com/people/xu-xu-dan
http://www.zhihu.com/people/shang-neng-fan-fou
http://www.zhihu.com/people/meng-da-54
http://www.zhihu.com/people/wu-xiao-qing-58
http://www.zhihu.com/people/hu-di-57-16
http://www.zhihu.com/people/zhang-xiao-mai-ai-xiao-mai
http://www.zhihu.com/people/StevenTsao
http://www.zhihu.com/people/wu-hao-28-56
http://www.zhihu.com/people/lovecat1012
http://www.zhihu.com/people/jin-yu-kun
http://www.zhihu.com/people/chen-li-72-21
http://www.zhihu.com/people/jackxie
http://www.zhihu.com/people/wei-dou-23
http://www.zhihu.com/people/gao-you-mou
http://www.zhihu.com/people/zi-ji-qing-xi
http://www.zhihu.com/people/zhang-xiao-bu-15
http://www.zhihu.com/people/junjieliu
http://www.zhihu.com/people/wu-you-80-9
http://www.zhihu.com/people/qian-wen-bin
http://www.zhihu.com/people/yu-hong-zhou-91
http://www.zhihu.com/people/you-zi-li
http://www.zhihu.com/people/xie-xiao-wei-63
http://www.zhihu.com/people/tu-yang-guang
http://www.zhihu.com/people/wakit-lin
http://www.zhihu.com/people/liang-jin-yong
http://www.zhihu.com/people/jiang--jiang
http://www.zhihu.com/people/lin-mu-lue
http://www.zhihu.com/people/liang-chen-53
http://www.zhihu.com/people/cui-yi-xiao
http://www.zhihu.com/people/deng-yi-57-43
http://www.zhihu.com/people/guo-lin-feng
http://www.zhihu.com/people/tooyoung
http://www.zhihu.com/people/zhu-xing-yu-76
http://www.zhihu.com/people/oscartbag
http://www.zhihu.com/people/jimmy-zhou
http://www.zhihu.com/people/Shenyun
http://www.zhihu.com/people/wu-pei-ru
http://www.zhihu.com/people/miao-cheng-64
http://www.zhihu.com/people/gayscript
http://www.zhihu.com/people/hysic
http://www.zhihu.com/people/xie-ling-45
http://www.zhihu.com/people/rabbitxxx
http://www.zhihu.com/people/baijason
http://www.zhihu.com/people/mumo
http://www.zhihu.com/people/meiyouzhuya
http://www.zhihu.com/people/liu-kai-76
http://www.zhihu.com/people/hanzhentao
http://www.zhihu.com/people/zaizao
http://www.zhihu.com/people/mohuyang
http://www.zhihu.com/people/li-shi-35
http://www.zhihu.com/people/tong-ye-fei
http://www.zhihu.com/people/su-guang
http://www.zhihu.com/people/zhang-chi-47-87
http://www.zhihu.com/people/zhang-jin-shuo-11
http://www.zhihu.com/people/jonas-lu
http://www.zhihu.com/people/qian-mian
http://www.zhihu.com/people/zhou-peng-9
http://www.zhihu.com/people/ma-da-xian
http://www.zhihu.com/people/fu-jia-yi-62
http://www.zhihu.com/people/benlieben
http://www.zhihu.com/people/flyingray
http://www.zhihu.com/people/hellotank
http://www.zhihu.com/people/chen-xing-lan
http://www.zhihu.com/people/wu-shi-xiong
http://www.zhihu.com/people/jing-chen-92
http://www.zhihu.com/people/butcherv
http://www.zhihu.com/people/wqxcx
http://www.zhihu.com/people/george-giuseppe
http://www.zhihu.com/people/wang-fu-gui-7-89
http://www.zhihu.com/people/liuhai
http://www.zhihu.com/people/he-luo-64
http://www.zhihu.com/people/liang-hai-xiang
http://www.zhihu.com/people/a-jian-55
http://www.zhihu.com/people/hao-ya-bin-82
http://www.zhihu.com/people/15.10
http://www.zhihu.com/people/qiao-nan-97
http://www.zhihu.com/people/reese717
http://www.zhihu.com/people/Xieyiyao
http://www.zhihu.com/people/hoterran
http://www.zhihu.com/people/a-si-lan
http://www.zhihu.com/people/chen-ji-88
http://www.zhihu.com/people/B-Mao-liu
http://www.zhihu.com/people/2199
http://www.zhihu.com/people/llpslive
http://www.zhihu.com/people/xiao-shan-luo-mu
http://www.zhihu.com/people/hou-xiao-ping-30
http://www.zhihu.com/people/wang-shi-guan
http://www.zhihu.com/people/airui
http://www.zhihu.com/people/zhang-yang-85
http://www.zhihu.com/people/mu-qing-23
http://www.zhihu.com/people/moxhuis
http://www.zhihu.com/people/he-dan-23
http://www.zhihu.com/people/xtytt
http://www.zhihu.com/people/he-quan-zhao
http://www.zhihu.com/people/zhou-jia-qi-1
http://www.zhihu.com/people/fengchengqiang
http://www.zhihu.com/people/qian-lan-mei
http://www.zhihu.com/people/he-yuan-sheng
http://www.zhihu.com/people/xu-sheng-39-75
http://www.zhihu.com/people/gao-yuan-yuan-61
http://www.zhihu.com/people/qjc7480
http://www.zhihu.com/people/zan-xiao-xi
http://www.zhihu.com/people/song-dan-55
http://www.zhihu.com/people/yangtwotwo
http://www.zhihu.com/people/sun-yu-hui-42
http://www.zhihu.com/people/josh-77-60
http://www.zhihu.com/people/JiangTianZheng
http://www.zhihu.com/people/jiang-xiao-66
http://www.zhihu.com/people/liu-si-yi-4
http://www.zhihu.com/people/mvie
http://www.zhihu.com/people/shawnlin
http://www.zhihu.com/people/1750
http://www.zhihu.com/people/ma-bu-fan
http://www.zhihu.com/people/Amies-U
http://www.zhihu.com/people/TrongS
http://www.zhihu.com/people/sakuya-cao
http://www.zhihu.com/people/cactus-73
http://www.zhihu.com/people/li-yun-long-11
http://www.zhihu.com/people/feikon
http://www.zhihu.com/people/xsheng-13
http://www.zhihu.com/people/liu-wei-zhou
http://www.zhihu.com/people/wang-can-91
http://www.zhihu.com/people/celineyo
http://www.zhihu.com/people/potatoyu
http://www.zhihu.com/people/mo-huang-65
http://www.zhihu.com/people/lin-long-91
http://www.zhihu.com/people/yi-sen-8
http://www.zhihu.com/people/lai-feng-77
http://www.zhihu.com/people/chen-zheng-yu-12
http://www.zhihu.com/people/zhao-ze-ren-56
http://www.zhihu.com/people/wyndi
http://www.zhihu.com/people/behappy
http://www.zhihu.com/people/cecilia-fu
http://www.zhihu.com/people/gang-zi-70
http://www.zhihu.com/people/zao-hu
http://www.zhihu.com/people/zheshao-chang
http://www.zhihu.com/people/bruce-24
http://www.zhihu.com/people/wu-dan-ni-12
http://www.zhihu.com/people/mihua
http://www.zhihu.com/people/wang-chun-ze-44
http://www.zhihu.com/people/pan-zhong-peng
http://www.zhihu.com/people/liu-marvin
http://www.zhihu.com/people/pan-chen-xi
http://www.zhihu.com/people/Ladysanta
http://www.zhihu.com/people/xie-bing-qing
http://www.zhihu.com/people/li-he-liao
http://www.zhihu.com/people/smallwillow
http://www.zhihu.com/people/tong-min-64
http://www.zhihu.com/people/mo-shen-94
http://www.zhihu.com/people/acetylcholine
http://www.zhihu.com/people/feng-cai-chi-gu
http://www.zhihu.com/people/andyfoolish
http://www.zhihu.com/people/cai-jian-zheng-77
http://www.zhihu.com/people/zckevin
http://www.zhihu.com/people/merryjing
http://www.zhihu.com/people/xiyuan-chen
http://www.zhihu.com/people/jiahuiyu
http://www.zhihu.com/people/forcey
http://www.zhihu.com/people/yan-duo-37
http://www.zhihu.com/people/zhu-bo-tao
http://www.zhihu.com/people/n6athan
http://www.zhihu.com/people/happy10086
http://www.zhihu.com/people/kevinvesper
http://www.zhihu.com/people/xiaozhi123
http://www.zhihu.com/people/liu-xin-ji-4-92
http://www.zhihu.com/people/caizhenghai
http://www.zhihu.com/people/qdhei521
http://www.zhihu.com/people/mo-ke-huan
http://www.zhihu.com/people/cui-ruo-jie
http://www.zhihu.com/people/benjamin-shen
http://www.zhihu.com/people/zhaojian
http://www.zhihu.com/people/wu-wei-54-14
http://www.zhihu.com/people/jin-jin-95
http://www.zhihu.com/people/huang-xia-qing-48
http://www.zhihu.com/people/leemoispace
http://www.zhihu.com/people/tian-xiao-zhu-84
http://www.zhihu.com/people/xu-yu-xiang-74
http://www.zhihu.com/people/zhao-zhao-94-95
http://www.zhihu.com/people/weileng
http://www.zhihu.com/people/liu-gao-yuan
http://www.zhihu.com/people/tanglu
http://www.zhihu.com/people/luo-xu-bo
http://www.zhihu.com/people/hai-hao
http://www.zhihu.com/people/liang-liang-95-53
http://www.zhihu.com/people/Victorique
http://www.zhihu.com/people/bicycling
http://www.zhihu.com/people/lin-xiang-yu
http://www.zhihu.com/people/dreamer
http://www.zhihu.com/people/zeroyeung
http://www.zhihu.com/people/zhao-jian-53
http://www.zhihu.com/people/cuppacho
http://www.zhihu.com/people/mu-yang-ren
http://www.zhihu.com/people/fei-zhao
http://www.zhihu.com/people/eric-5
http://www.zhihu.com/people/yin-xiao-yu-6
http://www.zhihu.com/people/cao-yi-qi-yue
http://www.zhihu.com/people/_zhao_xu_
http://www.zhihu.com/people/kong-si
http://www.zhihu.com/people/rincolor
http://www.zhihu.com/people/zhang-zhong-qi
http://www.zhihu.com/people/sanqiangz
http://www.zhihu.com/people/simonsyoung
http://www.zhihu.com/people/jession1989
http://www.zhihu.com/people/guo-___-fan
http://www.zhihu.com/people/fu-heng
http://www.zhihu.com/people/bellydark
http://www.zhihu.com/people/well-fare-98
http://www.zhihu.com/people/wei-yang-88
http://www.zhihu.com/people/shi-ma-dao-69
http://www.zhihu.com/people/Chelsia_Cheung
http://www.zhihu.com/people/xu-ze-36-93
http://www.zhihu.com/people/wang-gong-64
http://www.zhihu.com/people/schanlin
http://www.zhihu.com/people/qi-jun-zhu
http://www.zhihu.com/people/cheng-jiang-hai
http://www.zhihu.com/people/wang-qiao-zhi
http://www.zhihu.com/people/xiaoo
http://www.zhihu.com/people/hong-guo-guo-79
http://www.zhihu.com/people/zhen-cheng-31
http://www.zhihu.com/people/wang-ze-heng
http://www.zhihu.com/people/aaronsu
http://www.zhihu.com/people/yuger.net
http://www.zhihu.com/people/tun-tan
http://www.zhihu.com/people/Mavin
http://www.zhihu.com/people/zhang-yuan-97-63
http://www.zhihu.com/people/ding-li-yuan
http://www.zhihu.com/people/love1980s
http://www.zhihu.com/people/sellsoda
http://www.zhihu.com/people/wusungchen
http://www.zhihu.com/people/zheng-xin-92
http://www.zhihu.com/people/tian-su-jun
http://www.zhihu.com/people/lieder
http://www.zhihu.com/people/wu-wei-86
http://www.zhihu.com/people/fifi-17
http://www.zhihu.com/people/asum
http://www.zhihu.com/people/j-ion
http://www.zhihu.com/people/cai-tian-yuan
http://www.zhihu.com/people/xiao-pi-56
http://www.zhihu.com/people/mao-yu-85
http://www.zhihu.com/people/zhu-zuo-jun
http://www.zhihu.com/people/feng-xiao-hei
http://www.zhihu.com/people/anheiyouxia
http://www.zhihu.com/people/zuiqiangyin
http://www.zhihu.com/people/hotell
http://www.zhihu.com/people/shui-dan
http://www.zhihu.com/people/young-69
http://www.zhihu.com/people/li-yiqi
http://www.zhihu.com/people/thoughtcook
http://www.zhihu.com/people/wen-xiao-bai-24
http://www.zhihu.com/people/chen-wen-shu
http://www.zhihu.com/people/li-shi-87-4
http://www.zhihu.com/people/dai-si-ran
http://www.zhihu.com/people/veronica-yang
http://www.zhihu.com/people/chundonghu
http://www.zhihu.com/people/onebird
http://www.zhihu.com/people/leesizhe
http://www.zhihu.com/people/zhang-xiao-yue-72
http://www.zhihu.com/people/lei-li-kun
http://www.zhihu.com/people/su-shi
http://www.zhihu.com/people/jiang-ya-nan
http://www.zhihu.com/people/chen-jun-feng-16
http://www.zhihu.com/people/yu-zhou-zhou-82
http://www.zhihu.com/people/Fly2Spring
http://www.zhihu.com/people/xia-qi-la
http://www.zhihu.com/people/cen-mei
http://www.zhihu.com/people/roy-lee
http://www.zhihu.com/people/ruan-yixiao
http://www.zhihu.com/people/pei-pei-tong
http://www.zhihu.com/people/lu-gui-chen-26
http://www.zhihu.com/people/pai-di-54
http://www.zhihu.com/people/yang-hua-ming
http://www.zhihu.com/people/xie-wei-74-75
http://www.zhihu.com/people/hu-jie-43
http://www.zhihu.com/people/zimingforever
http://www.zhihu.com/people/wang-yuan-66-5
http://www.zhihu.com/people/lizardxy
http://www.zhihu.com/people/zhang-peng-43-71
http://www.zhihu.com/people/cocoalee
http://www.zhihu.com/people/mu-ba-er
http://www.zhihu.com/people/cheng-sheng-68-38
http://www.zhihu.com/people/liang-mu-84
http://www.zhihu.com/people/jia-yi-hong
http://www.zhihu.com/people/huan-le-yan
http://www.zhihu.com/people/cherry-3-66
http://www.zhihu.com/people/kongdede
http://www.zhihu.com/people/qin-yu-48
http://www.zhihu.com/people/gong-zi-wen
http://www.zhihu.com/people/zhang-xu-4-1
http://www.zhihu.com/people/zhang-zhen-ye-ruby
http://www.zhihu.com/people/bluebird-27
http://www.zhihu.com/people/k0ngjkia
http://www.zhihu.com/people/david.dai
http://www.zhihu.com/people/liu-yang-03-31
http://www.zhihu.com/people/zhuang-xiao-yan-40
http://www.zhihu.com/people/wang-yang-97-46
http://www.zhihu.com/people/Fraecak_l
http://www.zhihu.com/people/lavazawinul
http://www.zhihu.com/people/pioneerjxf
http://www.zhihu.com/people/vvhatever
http://www.zhihu.com/people/fu-tian-yuan
http://www.zhihu.com/people/ren-fei-yan-82
http://www.zhihu.com/people/lu-xin-yan-75
http://www.zhihu.com/people/wenguang
http://www.zhihu.com/people/chen-kong-5
http://www.zhihu.com/people/heyuthere
http://www.zhihu.com/people/chouthen
http://www.zhihu.com/people/jren
http://www.zhihu.com/people/cindy-cui-4
http://www.zhihu.com/people/lu-cheng-zhang
http://www.zhihu.com/people/cardioio
http://www.zhihu.com/people/wang-chu
http://www.zhihu.com/people/niao-niao-54
http://www.zhihu.com/people/Dabbler
http://www.zhihu.com/people/liu-zhen-chuan-98
http://www.zhihu.com/people/zhang-ye-fang
http://www.zhihu.com/people/yu-xi-tuo-luo-ye-fu-si-ji
http://www.zhihu.com/people/shepherd
http://www.zhihu.com/people/shiyun-wong
http://www.zhihu.com/people/SANQIMANYU
http://www.zhihu.com/people/xie-ye-16
http://www.zhihu.com/people/wang-ming-long
http://www.zhihu.com/people/ning-schue
http://www.zhihu.com/people/ma6174
http://www.zhihu.com/people/tairan
http://www.zhihu.com/people/septimusx
http://www.zhihu.com/people/zhang-hu-pan
http://www.zhihu.com/people/mo-mo-de-ying
http://www.zhihu.com/people/fu-cheng-kai
http://www.zhihu.com/people/knightshady
http://www.zhihu.com/people/zhang-ke-ren-79
http://www.zhihu.com/people/tsau.liu
http://www.zhihu.com/people/xie-pao
http://www.zhihu.com/people/samoay
http://www.zhihu.com/people/yang-zhong-chuan
http://www.zhihu.com/people/zhou-jia-peng-6
http://www.zhihu.com/people/zhao-xin-yu-89
http://www.zhihu.com/people/guxiaoque
http://www.zhihu.com/people/cao-xing-zhi
http://www.zhihu.com/people/yu-si-xie
http://www.zhihu.com/people/yetone
http://www.zhihu.com/people/TrusBe
http://www.zhihu.com/people/jiang-ge
http://www.zhihu.com/people/adam-ye
http://www.zhihu.com/people/zhao-liang-35-3
http://www.zhihu.com/people/whoami4444-13-24
http://www.zhihu.com/people/peter-85
http://www.zhihu.com/people/ezio-lin
http://www.zhihu.com/people/keshaoqin
http://www.zhihu.com/people/tang-chao-84
http://www.zhihu.com/people/chen-yu-zhou-57
http://www.zhihu.com/people/su-dan-63-70
http://www.zhihu.com/people/grace-43
http://www.zhihu.com/people/zhou-zhen-81-42
http://www.zhihu.com/people/captain-wu
http://www.zhihu.com/people/zhou-xiao-hao
http://www.zhihu.com/people/THFQ
http://www.zhihu.com/people/pythonchina
http://www.zhihu.com/people/li-hua-45-34
http://www.zhihu.com/people/yan-er-jane
http://www.zhihu.com/people/gangeliaoluo
http://www.zhihu.com/people/oldwinter
http://www.zhihu.com/people/li-chen-8
http://www.zhihu.com/people/liu-xing-yu-53
http://www.zhihu.com/people/byonecry
http://www.zhihu.com/people/liang-wei-jin
http://www.zhihu.com/people/li-ruo-yu-46
http://www.zhihu.com/people/wangtengchuan
http://www.zhihu.com/people/zhou-xu-yang-23
http://www.zhihu.com/people/luolei
http://www.zhihu.com/people/GuLynda
http://www.zhihu.com/people/yibing
http://www.zhihu.com/people/nyachan-pray
http://www.zhihu.com/people/xie-jie-29
http://www.zhihu.com/people/ArnoldHall
http://www.zhihu.com/people/ceng-yi-sen
http://www.zhihu.com/people/jiangtaosui
http://www.zhihu.com/people/ma-que-10
http://www.zhihu.com/people/lu-suo
http://www.zhihu.com/people/ding-tian
http://www.zhihu.com/people/xinwangzai
http://www.zhihu.com/people/jessie-chen
http://www.zhihu.com/people/mency89
http://www.zhihu.com/people/holybreeze
http://www.zhihu.com/people/TheChyi
http://www.zhihu.com/people/zhang-tian-71
http://www.zhihu.com/people/ren-ren-73
http://www.zhihu.com/people/DavidChou
http://www.zhihu.com/people/kevtyle
http://www.zhihu.com/people/xiaoyujiang
http://www.zhihu.com/people/li-xiang-85
http://www.zhihu.com/people/braite
http://www.zhihu.com/people/thearthman
http://www.zhihu.com/people/li-yuan-may
http://www.zhihu.com/people/chen-meng-wen
http://www.zhihu.com/people/yang-kai-xin-98
http://www.zhihu.com/people/zhu-yu-han-6
http://www.zhihu.com/people/yummy-13
http://www.zhihu.com/people/jasonzou
http://www.zhihu.com/people/wolf_wu
http://www.zhihu.com/people/peoplegxs
http://www.zhihu.com/people/pjlily99
http://www.zhihu.com/people/limonzhou
http://www.zhihu.com/people/dai-yu-xiu
http://www.zhihu.com/people/b1yx
http://www.zhihu.com/people/zhang-jian-fei
http://www.zhihu.com/people/li-jia-ye
http://www.zhihu.com/people/teabag
http://www.zhihu.com/people/jun-clavin
http://www.zhihu.com/people/dai-xiao-lan
http://www.zhihu.com/people/mu-rong-bing
http://www.zhihu.com/people/var87
http://www.zhihu.com/people/December
http://www.zhihu.com/people/lin-zhe-96
http://www.zhihu.com/people/an-kang-75
http://www.zhihu.com/people/li-shou-yin-89
http://www.zhihu.com/people/qie-ge
http://www.zhihu.com/people/lmk0102
http://www.zhihu.com/people/ke_ling
http://www.zhihu.com/people/aji-52
http://www.zhihu.com/people/hemg
http://www.zhihu.com/people/li-xin-yi-8
http://www.zhihu.com/people/wu-ya-nan-2
http://www.zhihu.com/people/liuyang1991
http://www.zhihu.com/people/scrat-bai
http://www.zhihu.com/people/kermitc
http://www.zhihu.com/people/han-yan-hui
http://www.zhihu.com/people/gan-lin-59
http://www.zhihu.com/people/yao-she
http://www.zhihu.com/people/seanchen8981
http://www.zhihu.com/people/deng-ru-jing
http://www.zhihu.com/people/zhong-ye-zi-49
http://www.zhihu.com/people/zhangedison
http://www.zhihu.com/people/swjz
http://www.zhihu.com/people/zhang-wen-36
http://www.zhihu.com/people/fsfree
http://www.zhihu.com/people/zhang-lei-44-62
http://www.zhihu.com/people/shan-kui-zhang
http://www.zhihu.com/people/beok
http://www.zhihu.com/people/niu-xiao-li
http://www.zhihu.com/people/kong-lang
http://www.zhihu.com/people/li-ming-15
http://www.zhihu.com/people/hjz15k6
http://www.zhihu.com/people/lestat-chu
http://www.zhihu.com/people/yu-ye-54
http://www.zhihu.com/people/flyink
http://www.zhihu.com/people/lty2004008
http://www.zhihu.com/people/luoshuiyifang-fendou
http://www.zhihu.com/people/jiang-jiu-jiu-92
http://www.zhihu.com/people/ye-lei
http://www.zhihu.com/people/li-qiang-24-97
http://www.zhihu.com/people/ervin-37
http://www.zhihu.com/people/zhao-xiao-hang-9
http://www.zhihu.com/people/yiping-37
http://www.zhihu.com/people/wen-xi-79
http://www.zhihu.com/people/geekchn
http://www.zhihu.com/people/teng-dou-dou
http://www.zhihu.com/people/joeyzhouqian
http://www.zhihu.com/people/hong-lei-2
http://www.zhihu.com/people/sunbaoru
http://www.zhihu.com/people/zheng-xin-hang-13
http://www.zhihu.com/people/aoimishi
http://www.zhihu.com/people/chen-meng-fei
http://www.zhihu.com/people/julee
http://www.zhihu.com/people/ChineseWhisper
http://www.zhihu.com/people/zhang-dong-dong-23-46
http://www.zhihu.com/people/chen-yong-lin-25
http://www.zhihu.com/people/niu-amos
http://www.zhihu.com/people/liu-mao-jun
http://www.zhihu.com/people/shi-yong-shan
http://www.zhihu.com/people/huxiaoyi
http://www.zhihu.com/people/shi-tao-27
http://www.zhihu.com/people/secrain
http://www.zhihu.com/people/wwzcxqc
http://www.zhihu.com/people/jiapei
http://www.zhihu.com/people/cslss
http://www.zhihu.com/people/liu-hailin
http://www.zhihu.com/people/hangzhi
http://www.zhihu.com/people/richardhly
http://www.zhihu.com/people/long-ma-73
http://www.zhihu.com/people/ge-li-fen
http://www.zhihu.com/people/charlie-brown
http://www.zhihu.com/people/jeffen
http://www.zhihu.com/people/wernerli
http://www.zhihu.com/people/cao-yu-chen
http://www.zhihu.com/people/AirBlue
http://www.zhihu.com/people/johnnical
http://www.zhihu.com/people/shinrakueki
http://www.zhihu.com/people/niu-zhi-yi-fu
http://www.zhihu.com/people/xu-bei-1
http://www.zhihu.com/people/ge-wang-49
http://www.zhihu.com/people/fajia
http://www.zhihu.com/people/funiculy
http://www.zhihu.com/people/pan-shi-hong
http://www.zhihu.com/people/peng-zhi-ran
http://www.zhihu.com/people/wang-yuan-wei-82
http://www.zhihu.com/people/Roso
http://www.zhihu.com/people/qingfusanduan
http://www.zhihu.com/people/sb2b
http://www.zhihu.com/people/chen-chen-64-29
http://www.zhihu.com/people/wk633
http://www.zhihu.com/people/xiruo
http://www.zhihu.com/people/kevin2013
http://www.zhihu.com/people/zengchen
http://www.zhihu.com/people/henghua
http://www.zhihu.com/people/ark17
http://www.zhihu.com/people/fan-he-40
http://www.zhihu.com/people/tracert
http://www.zhihu.com/people/cheng-cheng
http://www.zhihu.com/people/raymond-wang
http://www.zhihu.com/people/coca-colour
http://www.zhihu.com/people/duxudong
http://www.zhihu.com/people/rockscai
http://www.zhihu.com/people/imhuyang
http://www.zhihu.com/people/li-xin-yu-25
http://www.zhihu.com/people/qixia
http://www.zhihu.com/people/hector-21
http://www.zhihu.com/people/wonchair
http://www.zhihu.com/people/yuke-fighting
http://www.zhihu.com/people/xun-xiao-she
http://www.zhihu.com/people/liu-zhe-52-82
http://www.zhihu.com/people/li-xin-38-88
http://www.zhihu.com/people/zenghuoli
http://www.zhihu.com/people/yi-da-sen
http://www.zhihu.com/people/aaron-60
http://www.zhihu.com/people/wu-yu-kun
http://www.zhihu.com/people/ma-ji-96
http://www.zhihu.com/people/linjunhalida
http://www.zhihu.com/people/ou-bao-bao
http://www.zhihu.com/people/zhang-hua-shan
http://www.zhihu.com/people/490237
http://www.zhihu.com/people/linjiahao
http://www.zhihu.com/people/zhu-nuo-28
http://www.zhihu.com/people/wen-cheng-hui
http://www.zhihu.com/people/iamwill
http://www.zhihu.com/people/xiao-xi-xi
http://www.zhihu.com/people/momo-83
http://www.zhihu.com/people/ma-han-di
http://www.zhihu.com/people/jin-bo-run
http://www.zhihu.com/people/bobblin
http://www.zhihu.com/people/yujingyi
http://www.zhihu.com/people/zhang-xun-71-6
http://www.zhihu.com/people/sun-xiao-mei-125
http://www.zhihu.com/people/li-da-li-58
http://www.zhihu.com/people/wang-qi-1217
http://www.zhihu.com/people/danielchen1995
http://www.zhihu.com/people/jiggersong
http://www.zhihu.com/people/mochen
http://www.zhihu.com/people/wang-ban-xian
http://www.zhihu.com/people/corsica
http://www.zhihu.com/people/gonw
http://www.zhihu.com/people/hu-hu-77-6
http://www.zhihu.com/people/jerry-cen
http://www.zhihu.com/people/luoxuan2379
http://www.zhihu.com/people/zhang-yihong
http://www.zhihu.com/people/chainchronicle
http://www.zhihu.com/people/ashnotes
http://www.zhihu.com/people/liu-ba-dao
http://www.zhihu.com/people/francheesebacon
http://www.zhihu.com/people/wen-yi-10
http://www.zhihu.com/people/guo-xiao-meng
http://www.zhihu.com/people/an-ran
http://www.zhihu.com/people/ftium4
http://www.zhihu.com/people/li-chang-84
http://www.zhihu.com/people/jasonyang
http://www.zhihu.com/people/goodknight
http://www.zhihu.com/people/feng-xue-12
http://www.zhihu.com/people/xqlee
http://www.zhihu.com/people/glen_luo
http://www.zhihu.com/people/lou-wei-22
http://www.zhihu.com/people/karryzhang
http://www.zhihu.com/people/xuelanbin
http://www.zhihu.com/people/hei-hey
http://www.zhihu.com/people/fffinc
http://www.zhihu.com/people/chen-jin-99
http://www.zhihu.com/people/wang-jun-chou
http://www.zhihu.com/people/mingda
http://www.zhihu.com/people/mysdes
http://www.zhihu.com/people/lily-leo
http://www.zhihu.com/people/rangerqu
http://www.zhihu.com/people/zhang-yi-xing
http://www.zhihu.com/people/elichang
http://www.zhihu.com/people/chu-ellen-43
http://www.zhihu.com/people/jin4074
http://www.zhihu.com/people/wang-ran-62
http://www.zhihu.com/people/xiang-zi-li
http://www.zhihu.com/people/li-ke-yan-25
http://www.zhihu.com/people/zheng-zao-li
http://www.zhihu.com/people/LisLove
http://www.zhihu.com/people/qi-fei-34
http://www.zhihu.com/people/xie-zong-yu
http://www.zhihu.com/people/chuangzi
http://www.zhihu.com/people/wei-ren-19
http://www.zhihu.com/people/lin-bi-mgal
http://www.zhihu.com/people/feng-rui-02-24
http://www.zhihu.com/people/li-gou-hai-12-23
http://www.zhihu.com/people/lu-xing-yu-42
http://www.zhihu.com/people/chen-qing-kai-11
http://www.zhihu.com/people/andriylin
http://www.zhihu.com/people/zhang-hao-22
http://www.zhihu.com/people/allan-qian
http://www.zhihu.com/people/luckystar
http://www.zhihu.com/people/coutwang
http://www.zhihu.com/people/yuan-ming-17
http://www.zhihu.com/people/linyufei
http://www.zhihu.com/people/jim-lu
http://www.zhihu.com/people/zhuang-xiao-meng
http://www.zhihu.com/people/celia-85
http://www.zhihu.com/people/zhenghuiwen
http://www.zhihu.com/people/xiazhizhou
http://www.zhihu.com/people/zipman
http://www.zhihu.com/people/chen-wei-bin-40
http://www.zhihu.com/people/liu-chang-94
http://www.zhihu.com/people/kermit
http://www.zhihu.com/people/jiu-ling-43
http://www.zhihu.com/people/chen-zong-shuai
http://www.zhihu.com/people/xiao-xi-xia
http://www.zhihu.com/people/jurand
http://www.zhihu.com/people/chb926
http://www.zhihu.com/people/liu-jian-kang-45
http://www.zhihu.com/people/chen-xin-jun
http://www.zhihu.com/people/o-jerry
http://www.zhihu.com/people/jizhong
http://www.zhihu.com/people/li-chen-44-28
http://www.zhihu.com/people/xiao-cymil
http://www.zhihu.com/people/mujia
http://www.zhihu.com/people/wenke
http://www.zhihu.com/people/niu-bei-bei
http://www.zhihu.com/people/yuan-jun-74
http://www.zhihu.com/people/zhang-yong-74
http://www.zhihu.com/people/techoxygen
http://www.zhihu.com/people/zheng-ji-yu
http://www.zhihu.com/people/A3R2012
http://www.zhihu.com/people/leochin
http://www.zhihu.com/people/chanlderbing
http://www.zhihu.com/people/nie-jun-3
http://www.zhihu.com/people/sun-shu-jian
http://www.zhihu.com/people/wei-liang-54
http://www.zhihu.com/people/smallrabbit
http://www.zhihu.com/people/bo-wen-49
http://www.zhihu.com/people/sanglei
http://www.zhihu.com/people/zhangang
http://www.zhihu.com/people/nicalac
http://www.zhihu.com/people/right-side
http://www.zhihu.com/people/qtmisewrxf
http://www.zhihu.com/people/tian-qi-98
http://www.zhihu.com/people/han-yixin
http://www.zhihu.com/people/kuangye
http://www.zhihu.com/people/guo-yu-8
http://www.zhihu.com/people/wang-ji-yuan-77
http://www.zhihu.com/people/chentong
http://www.zhihu.com/people/fan-yang-78
http://www.zhihu.com/people/liang-yu-fan
http://www.zhihu.com/people/rtuhbf
http://www.zhihu.com/people/zhang-jiang-10
http://www.zhihu.com/people/xliberty
http://www.zhihu.com/people/miloqian
http://www.zhihu.com/people/gao-shi-bo
http://www.zhihu.com/people/pan-xiao-25
http://www.zhihu.com/people/timger
http://www.zhihu.com/people/ca01ei
http://www.zhihu.com/people/liu-hu-lu-76
http://www.zhihu.com/people/chen-min-70-56
http://www.zhihu.com/people/qian-li-72
http://www.zhihu.com/people/zhufengxiang
http://www.zhihu.com/people/yi-lin515
http://www.zhihu.com/people/yang-yi-5-11
http://www.zhihu.com/people/ben-j
http://www.zhihu.com/people/wei-qing-min
http://www.zhihu.com/people/sophie-chen
http://www.zhihu.com/people/zuojun
http://www.zhihu.com/people/guo-dong-ming
http://www.zhihu.com/people/auspicesaint
http://www.zhihu.com/people/kinvy
http://www.zhihu.com/people/zhengyin
http://www.zhihu.com/people/peiyang1895
http://www.zhihu.com/people/yang-cong-quan-man-tou
http://www.zhihu.com/people/scalers
http://www.zhihu.com/people/leon-lee-37
http://www.zhihu.com/people/wang-dong-fang-74
http://www.zhihu.com/people/wu-wen-bo-26
http://www.zhihu.com/people/woodboy456
http://www.zhihu.com/people/chen-qian-99
http://www.zhihu.com/people/Johnsen
http://www.zhihu.com/people/adrian-wu-28
http://www.zhihu.com/people/die4live
http://www.zhihu.com/people/zhangkaikai
http://www.zhihu.com/people/yolanda-han
http://www.zhihu.com/people/youlingcn
http://www.zhihu.com/people/lipengbin
http://www.zhihu.com/people/ycziyou
http://www.zhihu.com/people/wang-han-76
http://www.zhihu.com/people/shuo-shuo-17
http://www.zhihu.com/people/explorar
http://www.zhihu.com/people/tianyue-jiang
http://www.zhihu.com/people/chen-yan-30-57
http://www.zhihu.com/people/zou-ming-51
http://www.zhihu.com/people/lolayoung
http://www.zhihu.com/people/emmaus3
http://www.zhihu.com/people/biantaishabi
http://www.zhihu.com/people/lin-chen-42
http://www.zhihu.com/people/arronleung
http://www.zhihu.com/people/henter
http://www.zhihu.com/people/maska
http://www.zhihu.com/people/sugarray34
http://www.zhihu.com/people/longway
http://www.zhihu.com/people/Zhendong
http://www.zhihu.com/people/phos
http://www.zhihu.com/people/mayday-88
http://www.zhihu.com/people/wang-dong-54
http://www.zhihu.com/people/niuston
http://www.zhihu.com/people/Felicity
http://www.zhihu.com/people/zhu-xiao-fan
http://www.zhihu.com/people/chen-yan-juan
http://www.zhihu.com/people/ji-de-wei
http://www.zhihu.com/people/babyfacer
http://www.zhihu.com/people/qiyongwong
http://www.zhihu.com/people/ericsun-71
http://www.zhihu.com/people/si-di
http://www.zhihu.com/people/wang-yi-ting-11
http://www.zhihu.com/people/yezhongli
http://www.zhihu.com/people/chen-liang-bing
http://www.zhihu.com/people/lpgray
http://www.zhihu.com/people/ye-tian
http://www.zhihu.com/people/li-wang-qia
http://www.zhihu.com/people/yang-tao-95
http://www.zhihu.com/people/an-de-lei
http://www.zhihu.com/people/huang-de-xu
http://www.zhihu.com/people/luo-ren
http://www.zhihu.com/people/du-mian-19
http://www.zhihu.com/people/hou-run-tian
http://www.zhihu.com/people/han-shui
http://www.zhihu.com/people/shishan
http://www.zhihu.com/people/man-qing
http://www.zhihu.com/people/jacobevermore
http://www.zhihu.com/people/yuan-rui-andreas
http://www.zhihu.com/people/lxyer
http://www.zhihu.com/people/erickchen
http://www.zhihu.com/people/boyan
http://www.zhihu.com/people/iamyukaiyang
http://www.zhihu.com/people/tcstar
http://www.zhihu.com/people/zhuang-biao-wei
http://www.zhihu.com/people/wang-long-14-42
http://www.zhihu.com/people/duan-yu-49
http://www.zhihu.com/people/shl3807
http://www.zhihu.com/people/huanghuihui1991
http://www.zhihu.com/people/vayn
http://www.zhihu.com/people/colorLee
http://www.zhihu.com/people/chong-er
http://www.zhihu.com/people/tian-peng-23-46
http://www.zhihu.com/people/ma-xiang-wen
http://www.zhihu.com/people/duanjunwei
http://www.zhihu.com/people/xujie
http://www.zhihu.com/people/peng-huo
http://www.zhihu.com/people/gong-zheng-xuan
http://www.zhihu.com/people/ding-zi-68
http://www.zhihu.com/people/jesor
http://www.zhihu.com/people/zhangyu0806
http://www.zhihu.com/people/susus
http://www.zhihu.com/people/yutian
http://www.zhihu.com/people/li-xiao-xuan-95
http://www.zhihu.com/people/wang-hai-long-64
http://www.zhihu.com/people/pengdwei
http://www.zhihu.com/people/wang-hui-yi-59
http://www.zhihu.com/people/huangquanhj
http://www.zhihu.com/people/li-sheng-yan
http://www.zhihu.com/people/zhang-zi-han
http://www.zhihu.com/people/summer2flower
http://www.zhihu.com/people/xiao-yu-long
http://www.zhihu.com/people/li-lei-32-21
http://www.zhihu.com/people/ji-guo-hui
http://www.zhihu.com/people/wang-wei-12-50
http://www.zhihu.com/people/ji-zhe
http://www.zhihu.com/people/weizheng0449
http://www.zhihu.com/people/larryqian-kan
http://www.zhihu.com/people/chensiyi
http://www.zhihu.com/people/ge-hui-tong
http://www.zhihu.com/people/wu-wei-7-41
http://www.zhihu.com/people/wu-zhong-bin
http://www.zhihu.com/people/yshone
http://www.zhihu.com/people/sunshineal
http://www.zhihu.com/people/gao-jian-34
http://www.zhihu.com/people/huai-biao
http://www.zhihu.com/people/taiyu
http://www.zhihu.com/people/ma-bin-wei
http://www.zhihu.com/people/zhang-qiu-qing
http://www.zhihu.com/people/huo-kan-kan
http://www.zhihu.com/people/lu-zhi-zhi
http://www.zhihu.com/people/jixin
http://www.zhihu.com/people/domire
http://www.zhihu.com/people/wang-lei-53-73
http://www.zhihu.com/people/29tee
http://www.zhihu.com/people/colin-64
http://www.zhihu.com/people/gmingming
http://www.zhihu.com/people/bai-er-shui
http://www.zhihu.com/people/jayson-92
http://www.zhihu.com/people/xiangyongkong
http://www.zhihu.com/people/bi-xuan
http://www.zhihu.com/people/chen-ying-08-94
http://www.zhihu.com/people/hu-di-44
http://www.zhihu.com/people/jackey-jiang
http://www.zhihu.com/people/bit649
http://www.zhihu.com/people/yu-guang-44
http://www.zhihu.com/people/nina227
http://www.zhihu.com/people/jin-xiao-guang
http://www.zhihu.com/people/ifree0
http://www.zhihu.com/people/icaiguobin
http://www.zhihu.com/people/yugao
http://www.zhihu.com/people/sun-yuanjing
http://www.zhihu.com/people/zhao-tian-87
http://www.zhihu.com/people/gui-meng-yuan
http://www.zhihu.com/people/lu-guo-a
http://www.zhihu.com/people/li-xiang-55
http://www.zhihu.com/people/blankyao
http://www.zhihu.com/people/lan-qiu-71
http://www.zhihu.com/people/albertyann
http://www.zhihu.com/people/shi-liang-90
http://www.zhihu.com/people/stefanie-chow
http://www.zhihu.com/people/adam-86
http://www.zhihu.com/people/c166
http://www.zhihu.com/people/hu-yi-dong
http://www.zhihu.com/people/zhupengfei
http://www.zhihu.com/people/zippera
http://www.zhihu.com/people/luoyang
http://www.zhihu.com/people/cheng-zeng-cun
http://www.zhihu.com/people/anbutu
http://www.zhihu.com/people/veajot
http://www.zhihu.com/people/zhang-yu-meng-74
http://www.zhihu.com/people/chen-zi-yao
http://www.zhihu.com/people/whocares
http://www.zhihu.com/people/kollinchu
http://www.zhihu.com/people/monicaguiji
http://www.zhihu.com/people/pan-gang
http://www.zhihu.com/people/waiwai
http://www.zhihu.com/people/chen-tian-li
http://www.zhihu.com/people/liang-peng-cheng-70
http://www.zhihu.com/people/you-xi-jun
http://www.zhihu.com/people/dewsong
http://www.zhihu.com/people/yao-xing-guang
http://www.zhihu.com/people/wen-da-zhuang
http://www.zhihu.com/people/wang-tao-43-95
http://www.zhihu.com/people/li-peng-yu
http://www.zhihu.com/people/yao-jun-57
http://www.zhihu.com/people/endlessturelove
http://www.zhihu.com/people/superwyh
http://www.zhihu.com/people/tong-xin-gang
http://www.zhihu.com/people/macong
http://www.zhihu.com/people/dosong
http://www.zhihu.com/people/sun-wu-neng
http://www.zhihu.com/people/zhang-wei-quan-80
http://www.zhihu.com/people/sophie-f
http://www.zhihu.com/people/wang-xiao-feng-73-62
http://www.zhihu.com/people/liu-chang-star
http://www.zhihu.com/people/luo-ying-hao
http://www.zhihu.com/people/naguoer
http://www.zhihu.com/people/seasons
http://www.zhihu.com/people/ique
http://www.zhihu.com/people/dusonglovewuqi
http://www.zhihu.com/people/cumt
http://www.zhihu.com/people/w1zard
http://www.zhihu.com/people/plzdonoevil
http://www.zhihu.com/people/wang-zhi-zhi-82
http://www.zhihu.com/people/chelsea-76
http://www.zhihu.com/people/xianjun
http://www.zhihu.com/people/wuxudong
http://www.zhihu.com/people/lin-zhuo-jie
http://www.zhihu.com/people/dou-xin
http://www.zhihu.com/people/xu-zi-chao
http://www.zhihu.com/people/willmok
http://www.zhihu.com/people/sakuyayc
http://www.zhihu.com/people/liliang13
http://www.zhihu.com/people/heixiong
http://www.zhihu.com/people/wang-xiao-yin
http://www.zhihu.com/people/wu-ying-27
http://www.zhihu.com/people/shiweisi
http://www.zhihu.com/people/zhao-yuan
http://www.zhihu.com/people/Alberta
http://www.zhihu.com/people/yangkaiguo
http://www.zhihu.com/people/lijigang.com
http://www.zhihu.com/people/grimpil
http://www.zhihu.com/people/golden
http://www.zhihu.com/people/shiyiping
http://www.zhihu.com/people/rocgo
http://www.zhihu.com/people/yan-hong-wei
http://www.zhihu.com/people/zhangga
http://www.zhihu.com/people/alswl
http://www.zhihu.com/people/nuo-fu
http://www.zhihu.com/people/luan-lai
http://www.zhihu.com/people/yang-yang-2
http://www.zhihu.com/people/overflow
http://www.zhihu.com/people/kafkafeng
http://www.zhihu.com/people/yongxinge
http://www.zhihu.com/people/gkrjquibbler
http://www.zhihu.com/people/zagfai
http://www.zhihu.com/people/qye001
http://www.zhihu.com/people/iiiweb
http://www.zhihu.com/people/zhang-shi-yue
http://www.zhihu.com/people/tian-zhi-lin
http://www.zhihu.com/people/ceng-peng-xuan
http://www.zhihu.com/people/wu-zhou-88
http://www.zhihu.com/people/xuechengxi
http://www.zhihu.com/people/lu-hao-17-49
http://www.zhihu.com/people/liu-liang-zhu
http://www.zhihu.com/people/lovebike
http://www.zhihu.com/people/wang-jun-18
http://www.zhihu.com/people/peng-di
http://www.zhihu.com/people/206562123
http://www.zhihu.com/people/guye
http://www.zhihu.com/people/eilif
http://www.zhihu.com/people/li-yao-64
http://www.zhihu.com/people/yue-shi-jie
http://www.zhihu.com/people/glowdan
http://www.zhihu.com/people/lihua
http://www.zhihu.com/people/zhenpeng
http://www.zhihu.com/people/fanlee
http://www.zhihu.com/people/xiao-xie-zi-13
http://www.zhihu.com/people/jiyang
http://www.zhihu.com/people/you-yu-wang-zi
http://www.zhihu.com/people/shiningray
http://www.zhihu.com/people/kx
http://www.zhihu.com/people/alexchan
http://www.zhihu.com/people/Gosin
http://www.zhihu.com/people/taihuxiaobaoyu
http://www.zhihu.com/people/hanoi
http://www.zhihu.com/people/LittleV
http://www.zhihu.com/people/xi-xi-28
http://www.zhihu.com/people/lin-jiang-heng
http://www.zhihu.com/people/rrandom
http://www.zhihu.com/people/sunchuo
http://www.zhihu.com/people/wang-hai-bo-45
http://www.zhihu.com/people/infoman
http://www.zhihu.com/people/yao-gang-qiang
http://www.zhihu.com/people/dijkstra
http://www.zhihu.com/people/aceli
http://www.zhihu.com/people/chen-qi-hang
http://www.zhihu.com/people/xiaojay
http://www.zhihu.com/people/linhui
http://www.zhihu.com/people/cklover
http://www.zhihu.com/people/deng-hao-34
http://www.zhihu.com/people/idongnou
http://www.zhihu.com/people/zhang-nan-71
http://www.zhihu.com/people/leiming
http://www.zhihu.com/people/ma-gang
http://www.zhihu.com/people/qlxiao520
http://www.zhihu.com/people/qian-yu
http://www.zhihu.com/people/xuedan
http://www.zhihu.com/people/hileon
http://www.zhihu.com/people/ji-kai
http://www.zhihu.com/people/zhangchanghao
http://www.zhihu.com/people/booui
http://www.zhihu.com/people/ding-zhi-qiang
http://www.zhihu.com/people/san-pi
http://www.zhihu.com/people/union
http://www.zhihu.com/people/li-jian-bang
