http://www.zhihu.com/people/shao-hua-zhong
http://www.zhihu.com/people/halfer53
http://www.zhihu.com/people/moonmonster
http://www.zhihu.com/people/there4
http://www.zhihu.com/people/chen-qi-xiao
http://www.zhihu.com/people/zhaozhiQ
http://www.zhihu.com/people/luo-na-er-duo-85
http://www.zhihu.com/people/mu-yan-wen
http://www.zhihu.com/people/endlessroad
http://www.zhihu.com/people/chen-kai-30-73
http://www.zhihu.com/people/hibin-37
http://www.zhihu.com/people/liu-xiao-chen-77
http://www.zhihu.com/people/gavin6liu
http://www.zhihu.com/people/cao-hui-96
http://www.zhihu.com/people/yu-xu-dong
http://www.zhihu.com/people/lanyy
http://www.zhihu.com/people/xu-jiang-78
http://www.zhihu.com/people/liu-yang-77-12
http://www.zhihu.com/people/rrxieke
http://www.zhihu.com/people/vwow
http://www.zhihu.com/people/wang-dong-54
http://www.zhihu.com/people/zheng-zhi-chao-8
http://www.zhihu.com/people/wang-chuang-31-70
http://www.zhihu.com/people/fantasy-45
http://www.zhihu.com/people/xianchen
http://www.zhihu.com/people/ju-zi-li
http://www.zhihu.com/people/xiao-na-mary
http://www.zhihu.com/people/loversyet
http://www.zhihu.com/people/xie-han-50-56
http://www.zhihu.com/people/xiao-ming-31
http://www.zhihu.com/people/yanghaoleng
http://www.zhihu.com/people/dong-xin-bao
http://www.zhihu.com/people/sum.com
http://www.zhihu.com/people/liugang-123
http://www.zhihu.com/people/elvis-hu
http://www.zhihu.com/people/wang-li-li-94
http://www.zhihu.com/people/wu-xuan-89-14
http://www.zhihu.com/people/lin-meng-64
http://www.zhihu.com/people/guishou
http://www.zhihu.com/people/xiong-le-69
http://www.zhihu.com/people/xu-ye-7-70
http://www.zhihu.com/people/navee
http://www.zhihu.com/people/gao-li-sha
http://www.zhihu.com/people/wwzcxqc
http://www.zhihu.com/people/cha-er-si-hai-han
http://www.zhihu.com/people/norsie
http://www.zhihu.com/people/li-da-wei-80
http://www.zhihu.com/people/wang-jing-32
http://www.zhihu.com/people/liu-hai-79-29
http://www.zhihu.com/people/lin-zhao-qin
http://www.zhihu.com/people/huang-yi-xuan
http://www.zhihu.com/people/zhang-xiao-min-97
http://www.zhihu.com/people/wang-hua-xin
http://www.zhihu.com/people/deng-hao-lin
http://www.zhihu.com/people/he-jun-zhi
http://www.zhihu.com/people/liujianlong
http://www.zhihu.com/people/niunai
http://www.zhihu.com/people/ge-hong-ming-86
http://www.zhihu.com/people/gaoliaoliao
http://www.zhihu.com/people/guo-yu-er
http://www.zhihu.com/people/changfan
http://www.zhihu.com/people/guyson
http://www.zhihu.com/people/jun-yi-14
http://www.zhihu.com/people/liu-lin-zhao
http://www.zhihu.com/people/been
http://www.zhihu.com/people/gavenzhang
http://www.zhihu.com/people/zhang-xiang-17
http://www.zhihu.com/people/liu-shao-peng
http://www.zhihu.com/people/yangzuoqi
http://www.zhihu.com/people/chen-yu-11-79
http://www.zhihu.com/people/joker-86
http://www.zhihu.com/people/de-chuan-liang
http://www.zhihu.com/people/alon-35
http://www.zhihu.com/people/liang-hao-46
http://www.zhihu.com/people/onlyice
http://www.zhihu.com/people/li-tripp
http://www.zhihu.com/people/andy-5
http://www.zhihu.com/people/ni-wei-27
http://www.zhihu.com/people/xusiduan
http://www.zhihu.com/people/cai-chai-chong
http://www.zhihu.com/people/xiao-zhe-31
http://www.zhihu.com/people/meilixinqing
http://www.zhihu.com/people/walter-snow
http://www.zhihu.com/people/halcyons
http://www.zhihu.com/people/fan-wen-ju
http://www.zhihu.com/people/pan-lan-qiang
http://www.zhihu.com/people/yuan-yuan-mua
http://www.zhihu.com/people/gao-fu-zhi
http://www.zhihu.com/people/he-hong-yang-2
http://www.zhihu.com/people/chen-xuan-17
http://www.zhihu.com/people/xiaobo-zhao
http://www.zhihu.com/people/liaojunyuan.com
http://www.zhihu.com/people/dingningsss
http://www.zhihu.com/people/dave-28
http://www.zhihu.com/people/chen-ji-wei-68
http://www.zhihu.com/people/zi-cheng-bo
http://www.zhihu.com/people/liu-yu-chen-22
http://www.zhihu.com/people/liu-xiao-wei-48-51
http://www.zhihu.com/people/wu-wu-48-86
http://www.zhihu.com/people/vincentsi
http://www.zhihu.com/people/WeIwEiMonKey
http://www.zhihu.com/people/wang-xiao-meng-60-9
http://www.zhihu.com/people/zivxiaowei
http://www.zhihu.com/people/boom-39
http://www.zhihu.com/people/ayr1
http://www.zhihu.com/people/qi-roy
http://www.zhihu.com/people/zuiniushadan
http://www.zhihu.com/people/pupa123
http://www.zhihu.com/people/xiao-shi-zi-88
http://www.zhihu.com/people/wujinzhi
http://www.zhihu.com/people/jiangminsh
http://www.zhihu.com/people/lisang
http://www.zhihu.com/people/lijianghua
http://www.zhihu.com/people/shanaz
http://www.zhihu.com/people/ifangcy
http://www.zhihu.com/people/cui-yi-ran
http://www.zhihu.com/people/lubinwei
http://www.zhihu.com/people/niu-shui-chao-huo-jack
http://www.zhihu.com/people/xymelove
http://www.zhihu.com/people/cui-wei-22
http://www.zhihu.com/people/evan
http://www.zhihu.com/people/qiuchao
http://www.zhihu.com/people/chowjl
http://www.zhihu.com/people/cheng-gong-fu
http://www.zhihu.com/people/ashley-6
http://www.zhihu.com/people/pingoflove
http://www.zhihu.com/people/yannispang
http://www.zhihu.com/people/felixsui-sui-nian
http://www.zhihu.com/people/wunichuzhi
http://www.zhihu.com/people/zheng-luo-wen
http://www.zhihu.com/people/li-lei-43
http://www.zhihu.com/people/yang-ming-49-83
http://www.zhihu.com/people/purpleli
http://www.zhihu.com/people/shou-wang-mai-tian-61
http://www.zhihu.com/people/li-hang-21
http://www.zhihu.com/people/zhou-jian-yang-44
http://www.zhihu.com/people/yeti-zhihu
http://www.zhihu.com/people/luo-bu-xian-ren
http://www.zhihu.com/people/ceng-jie-29
http://www.zhihu.com/people/monsterror
http://www.zhihu.com/people/rinehart
http://www.zhihu.com/people/huang-sheng-kun
http://www.zhihu.com/people/leonardoql
http://www.zhihu.com/people/dong-xiao-xue
http://www.zhihu.com/people/1siva
http://www.zhihu.com/people/xuexiaozhe
http://www.zhihu.com/people/suki-zhang-79
http://www.zhihu.com/people/huo-wan-ming
http://www.zhihu.com/people/chenruixuan
http://www.zhihu.com/people/feng-da-pao
http://www.zhihu.com/people/wang-zi-xiao-78
http://www.zhihu.com/people/bonihe
http://www.zhihu.com/people/yu-wen-70
http://www.zhihu.com/people/zhou-tao-31
http://www.zhihu.com/people/guo-zi-qing-1
http://www.zhihu.com/people/hang-hang-7
http://www.zhihu.com/people/ji-jia-shu
http://www.zhihu.com/people/zhangweijie
http://www.zhihu.com/people/zhu-ge-5
http://www.zhihu.com/people/dong-mu-43
http://www.zhihu.com/people/jin-cheng-liang
http://www.zhihu.com/people/liangpeng
http://www.zhihu.com/people/gong-huan-qi
http://www.zhihu.com/people/monster-lee-13
http://www.zhihu.com/people/ma-sheng-23
http://www.zhihu.com/people/iamet
http://www.zhihu.com/people/tian-rong-rong
http://www.zhihu.com/people/Charlieyue
http://www.zhihu.com/people/rhyn99
http://www.zhihu.com/people/zhang-mao-yu
http://www.zhihu.com/people/liu-wei-68
http://www.zhihu.com/people/Bryce_G
http://www.zhihu.com/people/guess-91
http://www.zhihu.com/people/anhulife
http://www.zhihu.com/people/jiang-zheng-58
http://www.zhihu.com/people/ji-qing-tian-96
http://www.zhihu.com/people/chen-da-shu-91
http://www.zhihu.com/people/yihuia
http://www.zhihu.com/people/nan-mo-fang
http://www.zhihu.com/people/2guitar
http://www.zhihu.com/people/zhouyurui
http://www.zhihu.com/people/wu-yan-20-3
http://www.zhihu.com/people/yu-xi-4-4
http://www.zhihu.com/people/abchello
http://www.zhihu.com/people/forkburn
http://www.zhihu.com/people/wang-yu-61-84
http://www.zhihu.com/people/xiaozi
http://www.zhihu.com/people/li-qi-19
http://www.zhihu.com/people/kai-wang-13
http://www.zhihu.com/people/wu-xu
http://www.zhihu.com/people/wei-sheng-79
http://www.zhihu.com/people/zhang-jian-32
http://www.zhihu.com/people/kcwh
http://www.zhihu.com/people/wu-zi-rong
http://www.zhihu.com/people/cong-ming-hui
http://www.zhihu.com/people/mr-quite
http://www.zhihu.com/people/yangyan
http://www.zhihu.com/people/wang-rui-qi-94
http://www.zhihu.com/people/messin
http://www.zhihu.com/people/wang-xiao-ming-85
http://www.zhihu.com/people/wei-tong-yun-60
http://www.zhihu.com/people/lilyneao
http://www.zhihu.com/people/zhao-yue-35-24
http://www.zhihu.com/people/love1980s
http://www.zhihu.com/people/tonypaopao
http://www.zhihu.com/people/mario1990
http://www.zhihu.com/people/hillson-11
http://www.zhihu.com/people/luzern
http://www.zhihu.com/people/qiu-miao-44
http://www.zhihu.com/people/liusihao
http://www.zhihu.com/people/xylisten
http://www.zhihu.com/people/wang-chuan-hong
http://www.zhihu.com/people/winsunchen
http://www.zhihu.com/people/wang-tai-cheng
http://www.zhihu.com/people/caizhaolun
http://www.zhihu.com/people/lin-an-61
http://www.zhihu.com/people/verojuice
http://www.zhihu.com/people/fishaye
http://www.zhihu.com/people/wang-zhou-85
http://www.zhihu.com/people/ma-ruo-han-96
http://www.zhihu.com/people/xu-liu-wei
http://www.zhihu.com/people/li-ye-27-65
http://www.zhihu.com/people/vele
http://www.zhihu.com/people/mazure
http://www.zhihu.com/people/yiloo
http://www.zhihu.com/people/tang-zhe-30
http://www.zhihu.com/people/chen-yu-40-50
http://www.zhihu.com/people/Dominic_
http://www.zhihu.com/people/javen
http://www.zhihu.com/people/coder2013
http://www.zhihu.com/people/huang-yu-yu-25
http://www.zhihu.com/people/kyrie-young
http://www.zhihu.com/people/boodorg
http://www.zhihu.com/people/bassclef
http://www.zhihu.com/people/web-hu
http://www.zhihu.com/people/png-86
http://www.zhihu.com/people/leaderweb
http://www.zhihu.com/people/marszal
http://www.zhihu.com/people/likang
http://www.zhihu.com/people/hu-yang-80-71
http://www.zhihu.com/people/fengchao8829
http://www.zhihu.com/people/heziliang
http://www.zhihu.com/people/lu-tian-yu-51
http://www.zhihu.com/people/li-pei-19
http://www.zhihu.com/people/ji-chen-37
http://www.zhihu.com/people/baijiahao
http://www.zhihu.com/people/fiona-85-40
http://www.zhihu.com/people/chentao
http://www.zhihu.com/people/fsev7n
http://www.zhihu.com/people/zhou-liu-yu
http://www.zhihu.com/people/zhang-zi-qiang-36
http://www.zhihu.com/people/lin-dang-eviloan
http://www.zhihu.com/people/ninjacn
http://www.zhihu.com/people/pirenmao
http://www.zhihu.com/people/linkgod
http://www.zhihu.com/people/luis
http://www.zhihu.com/people/francheesebacon
http://www.zhihu.com/people/ray-guo-23
http://www.zhihu.com/people/kenatsea
http://www.zhihu.com/people/yaocoder
http://www.zhihu.com/people/he-jian-bo-26
http://www.zhihu.com/people/chu-tong-xue-86
http://www.zhihu.com/people/mohuyang
http://www.zhihu.com/people/tingting-shieh
http://www.zhihu.com/people/zheling
http://www.zhihu.com/people/allenryb
http://www.zhihu.com/people/sansmile
http://www.zhihu.com/people/guodalu008
http://www.zhihu.com/people/imlang-qin
http://www.zhihu.com/people/lijia
http://www.zhihu.com/people/xu-yong-jia
http://www.zhihu.com/people/Justyl
http://www.zhihu.com/people/wu-lin-feng
http://www.zhihu.com/people/shuxiaowang
http://www.zhihu.com/people/wang-shao-cheng-106
http://www.zhihu.com/people/Focusnone
http://www.zhihu.com/people/ding-yuan-shun
http://www.zhihu.com/people/ji-yan-25-31
http://www.zhihu.com/people/qu-yuan-54
http://www.zhihu.com/people/zhou-wen-jun-73
http://www.zhihu.com/people/yang-li-wei-88
http://www.zhihu.com/people/hong-xue-ni
http://www.zhihu.com/people/gao-gao-gao-43
http://www.zhihu.com/people/wang-bin-26-89
http://www.zhihu.com/people/deng-yi-57-43
http://www.zhihu.com/people/zhang-qian-13-68
http://www.zhihu.com/people/harvey310
http://www.zhihu.com/people/helongke
http://www.zhihu.com/people/zu-ji-65
http://www.zhihu.com/people/gao-ji-wei
http://www.zhihu.com/people/xushan
http://www.zhihu.com/people/zheng-wei-86
http://www.zhihu.com/people/guohuanhuan
http://www.zhihu.com/people/zeayes
http://www.zhihu.com/people/GilgameshK
http://www.zhihu.com/people/sinixyang
http://www.zhihu.com/people/xiaolushiwo
http://www.zhihu.com/people/jesse_luo
http://www.zhihu.com/people/gazhi-liu
http://www.zhihu.com/people/fangsiryeah
http://www.zhihu.com/people/Aus_Lott
http://www.zhihu.com/people/chen-qing-18
http://www.zhihu.com/people/fyl00
http://www.zhihu.com/people/mian-bao-chao-ren
http://www.zhihu.com/people/dorothy-71
http://www.zhihu.com/people/freedomwyb
http://www.zhihu.com/people/catherine24k
http://www.zhihu.com/people/junoma
http://www.zhihu.com/people/zhu-jun-xi-68
http://www.zhihu.com/people/jiang-jian-2
http://www.zhihu.com/people/li-tai-xian
http://www.zhihu.com/people/caoxiongfeng
http://www.zhihu.com/people/zeng-zi-ying
http://www.zhihu.com/people/xuanjianfeng
http://www.zhihu.com/people/wanglewen
http://www.zhihu.com/people/hui-zhu
http://www.zhihu.com/people/benbackman
http://www.zhihu.com/people/elekchen
http://www.zhihu.com/people/satie
http://www.zhihu.com/people/boyan
http://www.zhihu.com/people/xiao-qiang-58-96
http://www.zhihu.com/people/he-yue-97
http://www.zhihu.com/people/liu-ya-kun-1
http://www.zhihu.com/people/rikaki
http://www.zhihu.com/people/xiaolegebai
http://www.zhihu.com/people/Jeight
http://www.zhihu.com/people/xia-nan-84
http://www.zhihu.com/people/littleVege
http://www.zhihu.com/people/jimdingyiming
http://www.zhihu.com/people/chen-bin-shu
http://www.zhihu.com/people/qing-cha-56
http://www.zhihu.com/people/quan-quan-35-32
http://www.zhihu.com/people/gushiyue
http://www.zhihu.com/people/arnold-pei
http://www.zhihu.com/people/fornane
http://www.zhihu.com/people/yangscar
http://www.zhihu.com/people/liu-wang-94
http://www.zhihu.com/people/yang-su-guan-57
http://www.zhihu.com/people/laughingjacky
http://www.zhihu.com/people/zhang-yin-20
http://www.zhihu.com/people/chen-wen-hong-33
http://www.zhihu.com/people/chengzhoukun
http://www.zhihu.com/people/zhang-kai-lei-29
http://www.zhihu.com/people/liu-wen-8-25
http://www.zhihu.com/people/luo-jia-mo-xie
http://www.zhihu.com/people/yaotong
http://www.zhihu.com/people/xqlee
http://www.zhihu.com/people/kee-zhang-7
http://www.zhihu.com/people/xiaohey
http://www.zhihu.com/people/leoc-o-cear
http://www.zhihu.com/people/mindseeker
http://www.zhihu.com/people/liu-si-jiang
http://www.zhihu.com/people/tortorse
http://www.zhihu.com/people/www.malafang.com
http://www.zhihu.com/people/charlie-ma
http://www.zhihu.com/people/chanmeng
http://www.zhihu.com/people/wangpengyu
http://www.zhihu.com/people/gou-xiao-bai-50
http://www.zhihu.com/people/yue-yi-he
http://www.zhihu.com/people/xiao-an-52
http://www.zhihu.com/people/geng-bo-8
http://www.zhihu.com/people/sodapig
http://www.zhihu.com/people/xu1ji
http://www.zhihu.com/people/chen-yang-xin-38
http://www.zhihu.com/people/shawnlin
http://www.zhihu.com/people/miao-xiao-cheng
http://www.zhihu.com/people/wang-long-97-62
http://www.zhihu.com/people/owl-43-79
http://www.zhihu.com/people/yang-zhi-qi
http://www.zhihu.com/people/chochosan
http://www.zhihu.com/people/chen-hui-tian
http://www.zhihu.com/people/IdZhang
http://www.zhihu.com/people/xiaqingran
http://www.zhihu.com/people/chen-feng-wang
http://www.zhihu.com/people/cao-yicong-50
http://www.zhihu.com/people/yinghaofei
http://www.zhihu.com/people/li-wei-78-25
http://www.zhihu.com/people/xie-xiao-qin-15
http://www.zhihu.com/people/yang-xiao-jing-ling
http://www.zhihu.com/people/zhhongbo
http://www.zhihu.com/people/xhacker
http://www.zhihu.com/people/Ninz
http://www.zhihu.com/people/xie-xiao-shui
http://www.zhihu.com/people/henry007
http://www.zhihu.com/people/sang-da-peng
http://www.zhihu.com/people/claire-90
http://www.zhihu.com/people/justin-46-26
http://www.zhihu.com/people/davidchang
http://www.zhihu.com/people/he-yuan-sheng
http://www.zhihu.com/people/hu-shun-feng
http://www.zhihu.com/people/be-with-lele
http://www.zhihu.com/people/oushixiaoxie
http://www.zhihu.com/people/CUHK-Steve
http://www.zhihu.com/people/yang-fan-60-8
http://www.zhihu.com/people/chen-xi-31-34
http://www.zhihu.com/people/kong-fan-xin
http://www.zhihu.com/people/qiao-chang-liang
http://www.zhihu.com/people/hu-da-xia-5
http://www.zhihu.com/people/bu-xiang
http://www.zhihu.com/people/0ceanq
http://www.zhihu.com/people/guan-ying-tian
http://www.zhihu.com/people/cvforl
http://www.zhihu.com/people/li-tian-yan-kunka
http://www.zhihu.com/people/shang-guan-yi-16
http://www.zhihu.com/people/jerry-76
http://www.zhihu.com/people/linjunjie1103
http://www.zhihu.com/people/ou-yang-jin-cheng
http://www.zhihu.com/people/riddlegodwang-wang
http://www.zhihu.com/people/li-bin-20-77
http://www.zhihu.com/people/ibezz
http://www.zhihu.com/people/mrwc
http://www.zhihu.com/people/lu-ge-93
http://www.zhihu.com/people/isaacliao
http://www.zhihu.com/people/xiao-chu
http://www.zhihu.com/people/cong-teng
http://www.zhihu.com/people/hukai12417
http://www.zhihu.com/people/li-mao-tian
http://www.zhihu.com/people/zhong-tao-27
http://www.zhihu.com/people/huang-miao-1
http://www.zhihu.com/people/xie-jing-yan
http://www.zhihu.com/people/sunny-69
http://www.zhihu.com/people/shui-niao-tu-zi-yu
http://www.zhihu.com/people/wang-li-peng-86
http://www.zhihu.com/people/lidw
http://www.zhihu.com/people/lgmcolin
http://www.zhihu.com/people/feng-min-qiang
http://www.zhihu.com/people/patrick-gowers
http://www.zhihu.com/people/rocker3
http://www.zhihu.com/people/yjw022yjw
http://www.zhihu.com/people/kangqian
http://www.zhihu.com/people/inkfish
http://www.zhihu.com/people/vencent-95
http://www.zhihu.com/people/zhengyin
http://www.zhihu.com/people/eleven171
http://www.zhihu.com/people/zhou-xiao-hu-60
http://www.zhihu.com/people/wei-chao-feng
http://www.zhihu.com/people/parke
http://www.zhihu.com/people/wu-yan-zhi
http://www.zhihu.com/people/xi-yang-98
http://www.zhihu.com/people/zhang-jun-yuan-98
http://www.zhihu.com/people/feng-zhi-cheng-11
http://www.zhihu.com/people/dang-yu-tao
http://www.zhihu.com/people/fonlan
http://www.zhihu.com/people/xianyu-76
http://www.zhihu.com/people/OnlyIndex
http://www.zhihu.com/people/chen-yu-46-5
http://www.zhihu.com/people/CathyWanqing
http://www.zhihu.com/people/ftium4
http://www.zhihu.com/people/chen-chui-geng
http://www.zhihu.com/people/huangduanduan
http://www.zhihu.com/people/yao-wu-99
http://www.zhihu.com/people/tan-jing-sheng
http://www.zhihu.com/people/chong-er-feng-zi-89
http://www.zhihu.com/people/kun-shou-dou
http://www.zhihu.com/people/duanwenming
http://www.zhihu.com/people/song-jin-chang
http://www.zhihu.com/people/wang-guo-dong-20
http://www.zhihu.com/people/merryjing
http://www.zhihu.com/people/xiong-neng
http://www.zhihu.com/people/fei-shi-ming
http://www.zhihu.com/people/henly-lu
http://www.zhihu.com/people/xsclxin
http://www.zhihu.com/people/howwedo
http://www.zhihu.com/people/cailiao
http://www.zhihu.com/people/zhu-yixin-42
http://www.zhihu.com/people/lin-tao-50-16
http://www.zhihu.com/people/wu-shi-xiong
http://www.zhihu.com/people/iamin
http://www.zhihu.com/people/hu-li-hong
http://www.zhihu.com/people/men-tian-nan
http://www.zhihu.com/people/xuzhihong
http://www.zhihu.com/people/tian-da-feng
http://www.zhihu.com/people/andycheng
http://www.zhihu.com/people/peoplegxs
http://www.zhihu.com/people/zhao-ze-ming-37
http://www.zhihu.com/people/leelooluu
http://www.zhihu.com/people/hu-zhang-wu
http://www.zhihu.com/people/CNOoo
http://www.zhihu.com/people/hzqedison
http://www.zhihu.com/people/lichzy
http://www.zhihu.com/people/wang-er-29-71
http://www.zhihu.com/people/yu-yang-87-79
http://www.zhihu.com/people/zhang-yan-74
http://www.zhihu.com/people/THFQ
http://www.zhihu.com/people/tangjingxin
http://www.zhihu.com/people/zheng-qi-11-98
http://www.zhihu.com/people/ye-tian-ya
http://www.zhihu.com/people/zhou-wen-45
http://www.zhihu.com/people/feng-li-6
http://www.zhihu.com/people/zhihu_weekly
http://www.zhihu.com/people/yue-guang-han
http://www.zhihu.com/people/takumiii
http://www.zhihu.com/people/lyndonneu
http://www.zhihu.com/people/zblshine1989
http://www.zhihu.com/people/acetylcholine
http://www.zhihu.com/people/wu-wei-86
http://www.zhihu.com/people/xiao-kun-82
http://www.zhihu.com/people/qin-gen
http://www.zhihu.com/people/zhangang
http://www.zhihu.com/people/okaj
http://www.zhihu.com/people/ByronAlexander
http://www.zhihu.com/people/zhang-xiao-bu-15
http://www.zhihu.com/people/feng-ming-peng
http://www.zhihu.com/people/yi-tian-kai-qiao
http://www.zhihu.com/people/chenxinfeng
http://www.zhihu.com/people/gongting
http://www.zhihu.com/people/jnad
http://www.zhihu.com/people/liu-ze-yu-88
http://www.zhihu.com/people/zhang-qi-84
http://www.zhihu.com/people/Driss
http://www.zhihu.com/people/zou-jia-jie
http://www.zhihu.com/people/zhang-jia-qun
http://www.zhihu.com/people/xenonflash
http://www.zhihu.com/people/tonywoo
http://www.zhihu.com/people/battle-lee
http://www.zhihu.com/people/a-bei-ban-leon
http://www.zhihu.com/people/cai-xin-79
http://www.zhihu.com/people/zhengziyang
http://www.zhihu.com/people/jiang-xiang-ling
http://www.zhihu.com/people/wang-shan-56
http://www.zhihu.com/people/zhong-ye-zi-49
http://www.zhihu.com/people/Misaki
http://www.zhihu.com/people/han-peng-qian
http://www.zhihu.com/people/jackzhang2014
http://www.zhihu.com/people/linan
http://www.zhihu.com/people/qiao-xin-qi
http://www.zhihu.com/people/zhao-er-68
http://www.zhihu.com/people/JunChou94
http://www.zhihu.com/people/sofring
http://www.zhihu.com/people/shimengchen
http://www.zhihu.com/people/li-xi-mi-1
http://www.zhihu.com/people/techoxygen
http://www.zhihu.com/people/wangshumou
http://www.zhihu.com/people/wu-xin-27-22
http://www.zhihu.com/people/wang-zheng-bin-20
http://www.zhihu.com/people/miao-zhen
http://www.zhihu.com/people/rocky
http://www.zhihu.com/people/UID-JasonLee
http://www.zhihu.com/people/lytous
http://www.zhihu.com/people/han-yan-hui
http://www.zhihu.com/people/da-van
http://www.zhihu.com/people/Ricahrd.Light
http://www.zhihu.com/people/chouthen
http://www.zhihu.com/people/xian-shen-37
http://www.zhihu.com/people/chen-xiao-mei
http://www.zhihu.com/people/programtic
http://www.zhihu.com/people/miao-de-ling
http://www.zhihu.com/people/lou-dan-86
http://www.zhihu.com/people/li-jian-80-85
http://www.zhihu.com/people/guo-jia-chen-67-64
http://www.zhihu.com/people/hou-xue-cun
http://www.zhihu.com/people/ding-zhun
http://www.zhihu.com/people/wang-wan-an
http://www.zhihu.com/people/yang-jie-64
http://www.zhihu.com/people/hou-peng-92
http://www.zhihu.com/people/rechyo
http://www.zhihu.com/people/zhong-jie-67
http://www.zhihu.com/people/dmyang
http://www.zhihu.com/people/wu-cheng-ran
http://www.zhihu.com/people/hsein
http://www.zhihu.com/people/laneyu-60
http://www.zhihu.com/people/dancerlee
http://www.zhihu.com/people/li-zi-zhu-47
http://www.zhihu.com/people/chen-jian-de
http://www.zhihu.com/people/hu-da-hong
http://www.zhihu.com/people/deng-tao-39
http://www.zhihu.com/people/jtang
http://www.zhihu.com/people/bearsiji417
http://www.zhihu.com/people/yao-lei-76
http://www.zhihu.com/people/xiekyu
http://www.zhihu.com/people/qian-cao-yu
http://www.zhihu.com/people/he-xiao-you-38
http://www.zhihu.com/people/yu2b
http://www.zhihu.com/people/sunyfan
http://www.zhihu.com/people/lin-xiao-min-86
http://www.zhihu.com/people/xie-ting-zhang
http://www.zhihu.com/people/henrychenchen
http://www.zhihu.com/people/xiao-ra
http://www.zhihu.com/people/kelso
http://www.zhihu.com/people/gao-bei
http://www.zhihu.com/people/rockscai
http://www.zhihu.com/people/wangtiancheng
http://www.zhihu.com/people/shi-yilang-cai
http://www.zhihu.com/people/penglu
http://www.zhihu.com/people/haemoes
http://www.zhihu.com/people/fengthn
http://www.zhihu.com/people/ruan-chao
http://www.zhihu.com/people/cui-fei
http://www.zhihu.com/people/xperience
http://www.zhihu.com/people/zhangxvliang
http://www.zhihu.com/people/danier
http://www.zhihu.com/people/wang-xun-91
http://www.zhihu.com/people/shijianbin
http://www.zhihu.com/people/bengirl
http://www.zhihu.com/people/rincolor
http://www.zhihu.com/people/zhaoyang
http://www.zhihu.com/people/du-yu-69-24
http://www.zhihu.com/people/yangqianliang
http://www.zhihu.com/people/2guniang
http://www.zhihu.com/people/ueding
http://www.zhihu.com/people/li-mo-18
http://www.zhihu.com/people/ideapress
http://www.zhihu.com/people/ooFate
http://www.zhihu.com/people/goforwardtheworld
http://www.zhihu.com/people/huxing0625
http://www.zhihu.com/people/becomedragon
http://www.zhihu.com/people/hyukming
http://www.zhihu.com/people/zhibuzhi
http://www.zhihu.com/people/shawn-ruan
http://www.zhihu.com/people/springbear
http://www.zhihu.com/people/liu-wei-56-66
http://www.zhihu.com/people/li-ya-fei-28
http://www.zhihu.com/people/chen-yi-neng
http://www.zhihu.com/people/chen-wei-yuan
http://www.zhihu.com/people/shui-di-76
http://www.zhihu.com/people/chenxc
http://www.zhihu.com/people/huangjunbuzaijia
http://www.zhihu.com/people/LindsayD
http://www.zhihu.com/people/rivers
http://www.zhihu.com/people/yning
http://www.zhihu.com/people/imnov
http://www.zhihu.com/people/li-da-li-58
http://www.zhihu.com/people/jing-xiao-liang
http://www.zhihu.com/people/detwin
http://www.zhihu.com/people/itpub
http://www.zhihu.com/people/Meteoric_cry
http://www.zhihu.com/people/myersguo
http://www.zhihu.com/people/shenyou354
http://www.zhihu.com/people/ideastorm
http://www.zhihu.com/people/hao-ze-xuan
http://www.zhihu.com/people/jessie-chia-34
http://www.zhihu.com/people/robert
http://www.zhihu.com/people/DYdongyi
http://www.zhihu.com/people/jiang-zhi-peng-91
http://www.zhihu.com/people/yang-chang-long
http://www.zhihu.com/people/jiang-jiu-bo
http://www.zhihu.com/people/gousheng
http://www.zhihu.com/people/mo-xiao-nian
http://www.zhihu.com/people/hu-hu-77-6
http://www.zhihu.com/people/qianyugang
http://www.zhihu.com/people/J-Lui
http://www.zhihu.com/people/iyan
http://www.zhihu.com/people/yipkoonyui
http://www.zhihu.com/people/guhongguangju
http://www.zhihu.com/people/evilx
http://www.zhihu.com/people/huang-ke-wang
http://www.zhihu.com/people/ru-sheng
http://www.zhihu.com/people/fa-jun
http://www.zhihu.com/people/meiyouzhuya
http://www.zhihu.com/people/candice217
http://www.zhihu.com/people/tangzl
http://www.zhihu.com/people/yang-ling-fei
http://www.zhihu.com/people/xoooowi
http://www.zhihu.com/people/liu-zi-rang
http://www.zhihu.com/people/targetkiller
http://www.zhihu.com/people/myisocn
http://www.zhihu.com/people/riiiiiiico
http://www.zhihu.com/people/imqianxun
http://www.zhihu.com/people/iyucci
http://www.zhihu.com/people/izaijin
http://www.zhihu.com/people/fireos
http://www.zhihu.com/people/cao-rui-xue
http://www.zhihu.com/people/creke
http://www.zhihu.com/people/wuminghao
http://www.zhihu.com/people/kira-24
http://www.zhihu.com/people/feng-zhi-ping
http://www.zhihu.com/people/uiazoul
http://www.zhihu.com/people/ylsn
http://www.zhihu.com/people/xiaoyu.tai
http://www.zhihu.com/people/li-wei-36-39
http://www.zhihu.com/people/central-park
http://www.zhihu.com/people/yami-86
http://www.zhihu.com/people/ggggg
http://www.zhihu.com/people/chen-jun-hui-65
http://www.zhihu.com/people/duan-zi-ma
http://www.zhihu.com/people/lyriclee
http://www.zhihu.com/people/zhang-heng-3
http://www.zhihu.com/people/rove
http://www.zhihu.com/people/zhang-yu-bo
http://www.zhihu.com/people/liu-xiao-hui-68
http://www.zhihu.com/people/Corey_Chan
http://www.zhihu.com/people/liu-da-chun-68
http://www.zhihu.com/people/jiang-ge
http://www.zhihu.com/people/xiaoo
http://www.zhihu.com/people/jazziris
http://www.zhihu.com/people/Scarpel
http://www.zhihu.com/people/liu-tong-77
http://www.zhihu.com/people/wang-xin-ge-98
http://www.zhihu.com/people/wang-bo-28
http://www.zhihu.com/people/qichengzx
http://www.zhihu.com/people/han-wei-11
http://www.zhihu.com/people/whui
http://www.zhihu.com/people/cheng-zhi-16
http://www.zhihu.com/people/lin-yiqian
http://www.zhihu.com/people/peng-zhi-ran
http://www.zhihu.com/people/whusong
http://www.zhihu.com/people/chaozhao
http://www.zhihu.com/people/sega
http://www.zhihu.com/people/yang-fan-45-57
http://www.zhihu.com/people/leona
http://www.zhihu.com/people/zhang-yong-hui-717
http://www.zhihu.com/people/Ataraxia002
http://www.zhihu.com/people/li-chuan-fei-59
http://www.zhihu.com/people/luping
http://www.zhihu.com/people/Johnicoo
http://www.zhihu.com/people/zhao-zi-yang-93
http://www.zhihu.com/people/jerry-cen
http://www.zhihu.com/people/li-zheng-91-39
http://www.zhihu.com/people/han-shui
http://www.zhihu.com/people/mouren
http://www.zhihu.com/people/xie-zong-yu
http://www.zhihu.com/people/wu-xin-45-25
http://www.zhihu.com/people/hong-ying-10
http://www.zhihu.com/people/gao-er-san-san
http://www.zhihu.com/people/liu-xuan-63
http://www.zhihu.com/people/chen-ji-yu
http://www.zhihu.com/people/ma-liang-22
http://www.zhihu.com/people/Jeioc
http://www.zhihu.com/people/cai-lin-zhi
http://www.zhihu.com/people/tang-wen-ling
http://www.zhihu.com/people/eggshell-0216
http://www.zhihu.com/people/yan-shi-51
http://www.zhihu.com/people/chenbing
http://www.zhihu.com/people/xiang-chang-yu
http://www.zhihu.com/people/jimsoupchen
http://www.zhihu.com/people/kevin_15010
http://www.zhihu.com/people/lu-ke-wang-xian-sheng
http://www.zhihu.com/people/frankd
http://www.zhihu.com/people/jeff.yao
http://www.zhihu.com/people/he-zhi-85
http://www.zhihu.com/people/su-fei-mei
http://www.zhihu.com/people/shakechan
http://www.zhihu.com/people/liujiayu
http://www.zhihu.com/people/liu-er-98
http://www.zhihu.com/people/cytzrs
http://www.zhihu.com/people/knightshady
http://www.zhihu.com/people/vahva
http://www.zhihu.com/people/lin-ai-24
http://www.zhihu.com/people/xinghui
http://www.zhihu.com/people/jixin
http://www.zhihu.com/people/sallyxu
http://www.zhihu.com/people/fabregas
http://www.zhihu.com/people/aullik5
http://www.zhihu.com/people/yang-guang-20
http://www.zhihu.com/people/yang-zi-92
http://www.zhihu.com/people/wu-tao-ru-tarous
http://www.zhihu.com/people/sui-xiang
http://www.zhihu.com/people/edword
http://www.zhihu.com/people/lynn-lee
http://www.zhihu.com/people/weifanmoo
http://www.zhihu.com/people/houwa
http://www.zhihu.com/people/tong-feng
http://www.zhihu.com/people/ihuabing
http://www.zhihu.com/people/bearcolin
http://www.zhihu.com/people/chen-qing-33
http://www.zhihu.com/people/loewe
http://www.zhihu.com/people/qi-hui-27
http://www.zhihu.com/people/guo-yu-8
http://www.zhihu.com/people/mzds
http://www.zhihu.com/people/shu-ming
http://www.zhihu.com/people/yang-cong-quan-man-tou
http://www.zhihu.com/people/zhu-xu-dong-82
http://www.zhihu.com/people/tongjinghao
http://www.zhihu.com/people/eccman
http://www.zhihu.com/people/kongkang
http://www.zhihu.com/people/cheng-chang
http://www.zhihu.com/people/ofzihan
http://www.zhihu.com/people/regulus-63
http://www.zhihu.com/people/yi-yan-cheng
http://www.zhihu.com/people/lin-min-quan
http://www.zhihu.com/people/mouji
http://www.zhihu.com/people/kesure
http://www.zhihu.com/people/braite
http://www.zhihu.com/people/feng-ye-6
http://www.zhihu.com/people/nemofq
http://www.zhihu.com/people/zi-jian-75
http://www.zhihu.com/people/shawnan
http://www.zhihu.com/people/mao-shi-lin-65
http://www.zhihu.com/people/fangke
http://www.zhihu.com/people/xu-fang-huo-gen
http://www.zhihu.com/people/weng-xiao-cong
http://www.zhihu.com/people/teng-xin
http://www.zhihu.com/people/oweninboston
http://www.zhihu.com/people/zhang-xian-feng
http://www.zhihu.com/people/shek
http://www.zhihu.com/people/appleetliupei
http://www.zhihu.com/people/S.M.L
http://www.zhihu.com/people/jiu-ling-43
http://www.zhihu.com/people/xie-sha-zi
http://www.zhihu.com/people/yi-shan-lan-fu
http://www.zhihu.com/people/mao-zhu-feng
http://www.zhihu.com/people/second-l
http://www.zhihu.com/people/tusiji
http://www.zhihu.com/people/xiao-su-27
http://www.zhihu.com/people/li-peng-yu
http://www.zhihu.com/people/xiaohei
http://www.zhihu.com/people/tang-da-48
http://www.zhihu.com/people/lin-jia-3
http://www.zhihu.com/people/zhang-ze-43
http://www.zhihu.com/people/foreal
http://www.zhihu.com/people/zhan-qing-feng
http://www.zhihu.com/people/qindamoni
http://www.zhihu.com/people/tangbin
http://www.zhihu.com/people/she-zhu-xiang
http://www.zhihu.com/people/juntaohu
http://www.zhihu.com/people/seasonqu
http://www.zhihu.com/people/liu-ying-ge
http://www.zhihu.com/people/mu-xiao-xia
http://www.zhihu.com/people/13igcat
http://www.zhihu.com/people/liu-xiao-yong-61
http://www.zhihu.com/people/chenruihong
http://www.zhihu.com/people/tian-qia
http://www.zhihu.com/people/liu-tao-2
http://www.zhihu.com/people/wang-yifan-30
http://www.zhihu.com/people/weifx
http://www.zhihu.com/people/hong-jie-hong
http://www.zhihu.com/people/hanlee
http://www.zhihu.com/people/majun
http://www.zhihu.com/people/vicliu
http://www.zhihu.com/people/zhang-ying-67-64
http://www.zhihu.com/people/chen-xiao-yu-21-5
http://www.zhihu.com/people/zhongwei
http://www.zhihu.com/people/cuizhanya
http://www.zhihu.com/people/xiao-jian-ren-71
http://www.zhihu.com/people/quan
http://www.zhihu.com/people/yu-wen-qi
http://www.zhihu.com/people/song-yang-bo
http://www.zhihu.com/people/xuzhe1224
http://www.zhihu.com/people/neoyoung-72
http://www.zhihu.com/people/dzl61717003
http://www.zhihu.com/people/chenran
http://www.zhihu.com/people/shinji
http://www.zhihu.com/people/deodou-dou
http://www.zhihu.com/people/henter
http://www.zhihu.com/people/aerofloyd
http://www.zhihu.com/people/li-wei-79
http://www.zhihu.com/people/xie-xin-72
http://www.zhihu.com/people/gxzc73
http://www.zhihu.com/people/Acmenyz
http://www.zhihu.com/people/K-none
http://www.zhihu.com/people/liu-yu-qi-55
http://www.zhihu.com/people/nobodyliang
http://www.zhihu.com/people/congmiao
http://www.zhihu.com/people/johnsonliu
http://www.zhihu.com/people/bloodyxu
http://www.zhihu.com/people/zaiyiqi
http://www.zhihu.com/people/PeterDeng
http://www.zhihu.com/people/grace
http://www.zhihu.com/people/su-xiao-___
http://www.zhihu.com/people/yu-ming-gu-wen-chen-tao
http://www.zhihu.com/people/neaton
http://www.zhihu.com/people/liuya802
http://www.zhihu.com/people/he-gui-ling
http://www.zhihu.com/people/tang-chen
http://www.zhihu.com/people/wind
http://www.zhihu.com/people/tbbt
http://www.zhihu.com/people/lincoln-8
http://www.zhihu.com/people/wangping
http://www.zhihu.com/people/tommy
http://www.zhihu.com/people/pooyi
http://www.zhihu.com/people/lihua
http://www.zhihu.com/people/zsonic
http://www.zhihu.com/people/quiver
