http://www.zhihu.com/people/annodomini
http://www.zhihu.com/people/monday
http://www.zhihu.com/people/kee-kue
http://www.zhihu.com/people/gracieux.taobao.com
http://www.zhihu.com/people/diercn
http://www.zhihu.com/people/pang-luan-luan
http://www.zhihu.com/people/deutsch-99
http://www.zhihu.com/people/dai-cheng-39
http://www.zhihu.com/people/jiang-zhui-meng
http://www.zhihu.com/people/felix-libero
http://www.zhihu.com/people/ma-xiao-bao-5
http://www.zhihu.com/people/cheng-hao-83
http://www.zhihu.com/people/samyhello
http://www.zhihu.com/people/jiang-bin-liang
http://www.zhihu.com/people/pan-liang-jie
http://www.zhihu.com/people/a-gu-43
http://www.zhihu.com/people/wang-hun-dan
http://www.zhihu.com/people/lin-wei-zhi-39
http://www.zhihu.com/people/hou-ye-60
http://www.zhihu.com/people/chen-bei-65
http://www.zhihu.com/people/wu-suo-wei-31-94
http://www.zhihu.com/people/deng-kang-er
http://www.zhihu.com/people/lan-xun
http://www.zhihu.com/people/ying-ge-lan-85
http://www.zhihu.com/people/zhousy
http://www.zhihu.com/people/holder-zhang
http://www.zhihu.com/people/mu-xia-47
http://www.zhihu.com/people/hysic
http://www.zhihu.com/people/zhou-xiao-xun-93
http://www.zhihu.com/people/yang-hong-lin-16
http://www.zhihu.com/people/_zhao_xu_
http://www.zhihu.com/people/shuang-sou
http://www.zhihu.com/people/zhou-hou-tian
http://www.zhihu.com/people/li-xu-bin-28
http://www.zhihu.com/people/MRRS
http://www.zhihu.com/people/bai-lang-67
http://www.zhihu.com/people/shen-hao-lang
http://www.zhihu.com/people/pewu
http://www.zhihu.com/people/yi-da-sen
http://www.zhihu.com/people/yang-xiao-yi-32-91
http://www.zhihu.com/people/ren-er-cheng
http://www.zhihu.com/people/tuo-jing-86
http://www.zhihu.com/people/changfan
http://www.zhihu.com/people/kang-wei-57
http://www.zhihu.com/people/wang-rui-89-73
http://www.zhihu.com/people/liu-yun-tao
http://www.zhihu.com/people/oogoo
http://www.zhihu.com/people/yu-cheng-cheng-34
http://www.zhihu.com/people/su-tong-45
http://www.zhihu.com/people/jia-min-zhu-22
http://www.zhihu.com/people/qiao-dou
http://www.zhihu.com/people/mu-mu-97-33
http://www.zhihu.com/people/su-wen-bo-89
http://www.zhihu.com/people/erzhu
http://www.zhihu.com/people/shi-lin-41
http://www.zhihu.com/people/yang-xiao-yu-58
http://www.zhihu.com/people/neil-35-70
http://www.zhihu.com/people/deng-shi-ze
http://www.zhihu.com/people/sakimarquis
http://www.zhihu.com/people/ma-que-10
http://www.zhihu.com/people/xiao-da-da-27
http://www.zhihu.com/people/li-wei-jie-73
http://www.zhihu.com/people/chen-qiao-79
http://www.zhihu.com/people/jackie-lee-12
http://www.zhihu.com/people/liu-zhen-dong-82
http://www.zhihu.com/people/gao-gao-72
http://www.zhihu.com/people/qing-jia-57
http://www.zhihu.com/people/shu-mi-63
http://www.zhihu.com/people/leoho001-42-41
http://www.zhihu.com/people/lian-chao-6
http://www.zhihu.com/people/li-shou-yin-89
http://www.zhihu.com/people/wang-yu-jue-90
http://www.zhihu.com/people/shan-shan-feng-60
http://www.zhihu.com/people/finchwu
http://www.zhihu.com/people/zec-5
http://www.zhihu.com/people/liu-hao-64-28
http://www.zhihu.com/people/dong-qi-59
http://www.zhihu.com/people/li-rui-qiang
http://www.zhihu.com/people/huang-han-40
http://www.zhihu.com/people/li-wan-6
http://www.zhihu.com/people/lowka
http://www.zhihu.com/people/lao-chuan-chang-51
http://www.zhihu.com/people/zhang-ze-min-72
http://www.zhihu.com/people/liu-er-san
http://www.zhihu.com/people/qiu-san-87
http://www.zhihu.com/people/zhang-xiao-tian-57-23
http://www.zhihu.com/people/yong-sheng
http://www.zhihu.com/people/yang-bo-5-56
http://www.zhihu.com/people/wang-jing-yu-18
http://www.zhihu.com/people/luo-wen-38
http://www.zhihu.com/people/huang-fu-gou-dan
http://www.zhihu.com/people/mang-guo-50
http://www.zhihu.com/people/qiaoerenwu
http://www.zhihu.com/people/little-beast
http://www.zhihu.com/people/li-qi-yue-20
http://www.zhihu.com/people/ayiyiye
http://www.zhihu.com/people/wang-zhe-4
http://www.zhihu.com/people/xiao-su-27
http://www.zhihu.com/people/lin-xfeng
http://www.zhihu.com/people/hu-yibing-83
http://www.zhihu.com/people/destiny-79
http://www.zhihu.com/people/dai-xiao-xi-70
http://www.zhihu.com/people/jht1018
http://www.zhihu.com/people/cnwinds
http://www.zhihu.com/people/zhou-zu-li
http://www.zhihu.com/people/freedomwyb
http://www.zhihu.com/people/tan-ri-tian
http://www.zhihu.com/people/zhang-huan-yu-10
http://www.zhihu.com/people/an-jing-19-19
http://www.zhihu.com/people/guhongguangju
http://www.zhihu.com/people/he-zhong-yu-87
http://www.zhihu.com/people/aurababy
http://www.zhihu.com/people/huang-da-gou
http://www.zhihu.com/people/ershun
http://www.zhihu.com/people/lu-jia-80-64
http://www.zhihu.com/people/chen-ji-88
http://www.zhihu.com/people/aries-lee-10
http://www.zhihu.com/people/kikiko
http://www.zhihu.com/people/feng-ting-ting
http://www.zhihu.com/people/zhang-xiao-er-10-69
http://www.zhihu.com/people/morea
http://www.zhihu.com/people/cocolee
http://www.zhihu.com/people/Cattt
http://www.zhihu.com/people/jiang-nu
http://www.zhihu.com/people/chen-lian-88
http://www.zhihu.com/people/thoreau-84
http://www.zhihu.com/people/li-xiang-85
http://www.zhihu.com/people/liu-bo-95
http://www.zhihu.com/people/viyguo
http://www.zhihu.com/people/hai-mian-25
http://www.zhihu.com/people/he-dong-17
http://www.zhihu.com/people/zhao-hong-yang-17
http://www.zhihu.com/people/jjguoxh
http://www.zhihu.com/people/zuo-jia-chu-qi-wen
http://www.zhihu.com/people/ding-ping-sheng
http://www.zhihu.com/people/Xieyiyao
http://www.zhihu.com/people/hongyi33
http://www.zhihu.com/people/wang-shang-77
http://www.zhihu.com/people/lin-shu-xin
http://www.zhihu.com/people/lee4fun
http://www.zhihu.com/people/pan-yilu-7
http://www.zhihu.com/people/xiao-xiao-meng-92
http://www.zhihu.com/people/lin-deng-wan-44
http://www.zhihu.com/people/Dominic_
http://www.zhihu.com/people/zheng-xi-jun
http://www.zhihu.com/people/zhong-ni-pei-er-di
http://www.zhihu.com/people/shi-xiao-hang-19
http://www.zhihu.com/people/vinn-sung
http://www.zhihu.com/people/xie-li-wei-53
http://www.zhihu.com/people/xu-ling-11
http://www.zhihu.com/people/zhang-shu-shu-49
http://www.zhihu.com/people/zhang-jing-ting-82
http://www.zhihu.com/people/deeppacket
http://www.zhihu.com/people/lin-feng-28-90
http://www.zhihu.com/people/oneyard
http://www.zhihu.com/people/xuzewei
http://www.zhihu.com/people/xu-ben-mao
http://www.zhihu.com/people/shiner-lau
http://www.zhihu.com/people/miao-cc-96
http://www.zhihu.com/people/suwenjiang
http://www.zhihu.com/people/xiao-chu
http://www.zhihu.com/people/orangetime
http://www.zhihu.com/people/max7m5s
http://www.zhihu.com/people/qiao-a-lang
http://www.zhihu.com/people/gu-xiao-jing-14
http://www.zhihu.com/people/viking-60
http://www.zhihu.com/people/tiedanpaopao
http://www.zhihu.com/people/dongbobo
http://www.zhihu.com/people/yang-xin-96
http://www.zhihu.com/people/brian-kenny
http://www.zhihu.com/people/hai-lun-44
http://www.zhihu.com/people/Ted-_-J
http://www.zhihu.com/people/pedx-satrol
http://www.zhihu.com/people/zhao-hang-50-6
http://www.zhihu.com/people/shu-yun-36
http://www.zhihu.com/people/yu-liang-37
http://www.zhihu.com/people/bfjiaren
http://www.zhihu.com/people/li-ping-yang-61
http://www.zhihu.com/people/portal-neop
http://www.zhihu.com/people/tsisrepo
http://www.zhihu.com/people/howiechou
http://www.zhihu.com/people/Palomar123
http://www.zhihu.com/people/fu-te-da-lao-ye
http://www.zhihu.com/people/iyucci
http://www.zhihu.com/people/zhou-min-61
http://www.zhihu.com/people/liziming_simon
http://www.zhihu.com/people/wang-yang-59-7
http://www.zhihu.com/people/zhang-bo-67-32
http://www.zhihu.com/people/yang-yu-60
http://www.zhihu.com/people/brett-37
http://www.zhihu.com/people/liu-jun-wen-27
http://www.zhihu.com/people/yang-yang-63-94
http://www.zhihu.com/people/mengzhang
http://www.zhihu.com/people/zhu-zi-di
http://www.zhihu.com/people/liu-xin-ji-4-92
http://www.zhihu.com/people/funkymonkey
http://www.zhihu.com/people/wei-hua-26
http://www.zhihu.com/people/dearxiwang
http://www.zhihu.com/people/zhang-gen-42
http://www.zhihu.com/people/lyndonneu
http://www.zhihu.com/people/Hsiun
http://www.zhihu.com/people/kittymao
http://www.zhihu.com/people/fu-wei-gen
http://www.zhihu.com/people/guo-da-lu-13
http://www.zhihu.com/people/gao-yang-3-69
http://www.zhihu.com/people/jackyue0906
http://www.zhihu.com/people/jason-chou-48
http://www.zhihu.com/people/cechuanshanbian
http://www.zhihu.com/people/haiwe
http://www.zhihu.com/people/wang-wen-ping-27
http://www.zhihu.com/people/wu-zhi-43-74
http://www.zhihu.com/people/jia-ya-rong-52
http://www.zhihu.com/people/nigel-shen
http://www.zhihu.com/people/bibo
http://www.zhihu.com/people/wu-hong-da-3
http://www.zhihu.com/people/yvonne-34
http://www.zhihu.com/people/zhang-li-88-88
http://www.zhihu.com/people/zhang-bo-31-53
http://www.zhihu.com/people/sa-dan-73
http://www.zhihu.com/people/liu-po-48
http://www.zhihu.com/people/xu-xue-hen
http://www.zhihu.com/people/zhang-jia-jing-20
http://www.zhihu.com/people/yang-chen-xi-49
http://www.zhihu.com/people/wang-lian-33
http://www.zhihu.com/people/sun-takizaw
http://www.zhihu.com/people/huang-yi-peng
http://www.zhihu.com/people/su-ri-na
http://www.zhihu.com/people/bai-fei-li
http://www.zhihu.com/people/you-qing-yu
http://www.zhihu.com/people/zhang-yi-fan-48
http://www.zhihu.com/people/d_q_g
http://www.zhihu.com/people/vincent-deng
http://www.zhihu.com/people/ji-kao-la
http://www.zhihu.com/people/tang-li-24
http://www.zhihu.com/people/liu-ji-hua-53
http://www.zhihu.com/people/liyy
http://www.zhihu.com/people/jenningsatlarge
http://www.zhihu.com/people/li-meng-33
http://www.zhihu.com/people/xian-fa-hui
http://www.zhihu.com/people/hu-xiao-39-86
http://www.zhihu.com/people/jia-min-yu
http://www.zhihu.com/people/han-chu-tian-56
http://www.zhihu.com/people/fu-you-cai-cai
http://www.zhihu.com/people/wang-yi-xi-8
http://www.zhihu.com/people/feng-yy-63
http://www.zhihu.com/people/he-yuan-sheng
http://www.zhihu.com/people/ssssubway
http://www.zhihu.com/people/huang-jia-cheng-21
http://www.zhihu.com/people/sanwei-tim
http://www.zhihu.com/people/houxiaogeng
http://www.zhihu.com/people/lu-yun-47-7
http://www.zhihu.com/people/li-xi-28-81
http://www.zhihu.com/people/ren-xian-zhong
http://www.zhihu.com/people/lemon12911
http://www.zhihu.com/people/balai
http://www.zhihu.com/people/THFQ
http://www.zhihu.com/people/zhang-biao-52-78
http://www.zhihu.com/people/wang-yi-han-45
http://www.zhihu.com/people/defuselightman
http://www.zhihu.com/people/li-niu-er
http://www.zhihu.com/people/ding-feng-52
http://www.zhihu.com/people/id-malong
http://www.zhihu.com/people/kay.x
http://www.zhihu.com/people/liuhao.alpp
http://www.zhihu.com/people/chrispaulandy
http://www.zhihu.com/people/ge-shi-yi
http://www.zhihu.com/people/cheng-xiao-dong-29
http://www.zhihu.com/people/lemolee
http://www.zhihu.com/people/lin-xin-47-14
http://www.zhihu.com/people/ma-xiao-niu-36
http://www.zhihu.com/people/zhao-yang-xin
http://www.zhihu.com/people/zhang-hao-81-78
http://www.zhihu.com/people/zheng-jia-li
http://www.zhihu.com/people/lily-cao
http://www.zhihu.com/people/zhao-shou-liang
http://www.zhihu.com/people/wu-shi-xiong
http://www.zhihu.com/people/joomlask.com
http://www.zhihu.com/people/chen-yan-jing-29
http://www.zhihu.com/people/zhu-lei-89
http://www.zhihu.com/people/zhou-shi-xing-81
http://www.zhihu.com/people/ai-you-tian
http://www.zhihu.com/people/ge-ming-xin
http://www.zhihu.com/people/zhang-zhen-92-64
http://www.zhihu.com/people/hsiang-kuo
http://www.zhihu.com/people/mi-xin-xin
http://www.zhihu.com/people/hou-dong-fang
http://www.zhihu.com/people/gary-46
http://www.zhihu.com/people/fu-peng-22
http://www.zhihu.com/people/archy-ringo
http://www.zhihu.com/people/Rusca
http://www.zhihu.com/people/jellen-wang
http://www.zhihu.com/people/zhong-ye-zi-49
http://www.zhihu.com/people/li-lv-21
http://www.zhihu.com/people/yofly
http://www.zhihu.com/people/william-shaw
http://www.zhihu.com/people/man-jiang-hong
http://www.zhihu.com/people/chero
http://www.zhihu.com/people/zoe-wing
http://www.zhihu.com/people/tintuo
http://www.zhihu.com/people/zhu-yi-70
http://www.zhihu.com/people/wang-zhi-guo-18
http://www.zhihu.com/people/marvin-46
http://www.zhihu.com/people/wkpars
http://www.zhihu.com/people/mrlixianrong
http://www.zhihu.com/people/yesudewanyan
http://www.zhihu.com/people/xiao-xiang-gu
http://www.zhihu.com/people/amok-reen
http://www.zhihu.com/people/Robot-Yu
http://www.zhihu.com/people/an-xiao-qiao
http://www.zhihu.com/people/ceng-zhen-xing-18
http://www.zhihu.com/people/lin-zhe-96
http://www.zhihu.com/people/chouthen
http://www.zhihu.com/people/wei-li-gan
http://www.zhihu.com/people/chu-meng-meng
http://www.zhihu.com/people/jiroas
http://www.zhihu.com/people/lin-chen-42
http://www.zhihu.com/people/liu-yu-65-29
http://www.zhihu.com/people/du-zhi-42
http://www.zhihu.com/people/cao-li-ming-32
http://www.zhihu.com/people/zhe-xue-jia-feng-ge
http://www.zhihu.com/people/mo-fei-c
http://www.zhihu.com/people/lao-chang
http://www.zhihu.com/people/li-song-46
http://www.zhihu.com/people/bing-bing-30-82
http://www.zhihu.com/people/hua-baby
http://www.zhihu.com/people/shan-young
http://www.zhihu.com/people/dong-yu-70-8
http://www.zhihu.com/people/liu-lai-ping
http://www.zhihu.com/people/Jeight
http://www.zhihu.com/people/lu-nian-95
http://www.zhihu.com/people/wang-run-lin-28
http://www.zhihu.com/people/sky-fall
http://www.zhihu.com/people/deereed
http://www.zhihu.com/people/sunyfan
http://www.zhihu.com/people/wu-hai-25
http://www.zhihu.com/people/hexilou
http://www.zhihu.com/people/cheng-fang-hang
http://www.zhihu.com/people/liu-xiao-ting-89
http://www.zhihu.com/people/xu-yun-fang-49
http://www.zhihu.com/people/mahak
http://www.zhihu.com/people/llllllllllll
http://www.zhihu.com/people/lu-yan-shou
http://www.zhihu.com/people/dong-jia-bin
http://www.zhihu.com/people/tan-wei-guo
http://www.zhihu.com/people/altrixe
http://www.zhihu.com/people/wang-peng-22-36
http://www.zhihu.com/people/berlin-96
http://www.zhihu.com/people/liu-chun-73
http://www.zhihu.com/people/mu-zi-nan
http://www.zhihu.com/people/huang-te-jin
http://www.zhihu.com/people/an-ran
http://www.zhihu.com/people/wang-yang-4-41
http://www.zhihu.com/people/zen
http://www.zhihu.com/people/liu-zhen-chuan-98
http://www.zhihu.com/people/Alex-Woo
http://www.zhihu.com/people/bin-xin-80
http://www.zhihu.com/people/unogzx
http://www.zhihu.com/people/kenny.
http://www.zhihu.com/people/shao-hao-ming
http://www.zhihu.com/people/dr-satyr
http://www.zhihu.com/people/lai-feng-77
http://www.zhihu.com/people/er-shao-ye-48
http://www.zhihu.com/people/ted-lim
http://www.zhihu.com/people/dimlau
http://www.zhihu.com/people/brad-16
http://www.zhihu.com/people/johnnical
http://www.zhihu.com/people/chen-qing-23
http://www.zhihu.com/people/shen-yu-bao
http://www.zhihu.com/people/xie-bei-ren
http://www.zhihu.com/people/sun-rui-11
http://www.zhihu.com/people/StarSayseve7ndays
http://www.zhihu.com/people/kendrick
http://www.zhihu.com/people/wang-yuan-66-5
http://www.zhihu.com/people/qing-feng-yi-zhu
http://www.zhihu.com/people/da-men-ya
http://www.zhihu.com/people/ni-da-ye-40-87
http://www.zhihu.com/people/z-ian
http://www.zhihu.com/people/clvur
http://www.zhihu.com/people/feng-zhe-7
http://www.zhihu.com/people/hoxton
http://www.zhihu.com/people/gao-ming-jun-3
http://www.zhihu.com/people/qin-kang-bao
http://www.zhihu.com/people/killaxe-jie
http://www.zhihu.com/people/han-liang-hanl
http://www.zhihu.com/people/icola
http://www.zhihu.com/people/lai-jun-yu-13
http://www.zhihu.com/people/song-lao-mo
http://www.zhihu.com/people/izhanzhen
http://www.zhihu.com/people/wang-ming-98-68
http://www.zhihu.com/people/faustus
http://www.zhihu.com/people/shao-xiao-bao-10
http://www.zhihu.com/people/liu-jian-3
http://www.zhihu.com/people/hu-zhe-43
http://www.zhihu.com/people/pian-wei-wan
http://www.zhihu.com/people/wang-jia-wei-45-85
http://www.zhihu.com/people/shi-xuan-yi
http://www.zhihu.com/people/rina-lee-90
http://www.zhihu.com/people/daizhiyang
http://www.zhihu.com/people/tang-yiming-24
http://www.zhihu.com/people/gao-bo-qiong
http://www.zhihu.com/people/wang-er-xiao-12
http://www.zhihu.com/people/ren-fang-fang
http://www.zhihu.com/people/rui-jiu-jiu
http://www.zhihu.com/people/lian-tea
http://www.zhihu.com/people/maiziman
http://www.zhihu.com/people/helen-lv
http://www.zhihu.com/people/xymark
http://www.zhihu.com/people/zhang-qing-fei
http://www.zhihu.com/people/pwj1568
http://www.zhihu.com/people/li-yan-zi-65
http://www.zhihu.com/people/wu-di-89-85
http://www.zhihu.com/people/zhang-hang-64
http://www.zhihu.com/people/zhang-xuan-wei
http://www.zhihu.com/people/chen-jia-xin-84
http://www.zhihu.com/people/RHRH
http://www.zhihu.com/people/jack-fan
http://www.zhihu.com/people/linyufei
http://www.zhihu.com/people/lu-dao-xiao-ye-qu
http://www.zhihu.com/people/calliope
http://www.zhihu.com/people/zhang-lei-53-83
http://www.zhihu.com/people/li-bin-81-29
http://www.zhihu.com/people/xie-yuan-peng
http://www.zhihu.com/people/meifei
http://www.zhihu.com/people/wang-shi-jun-10
http://www.zhihu.com/people/jack-hao
http://www.zhihu.com/people/yang-liu-17-78
http://www.zhihu.com/people/wang-xiang-gan
http://www.zhihu.com/people/fang-zhen-guo
http://www.zhihu.com/people/zhang-teng-fei-19
http://www.zhihu.com/people/gong-xiao-xue
http://www.zhihu.com/people/lee-bwin
http://www.zhihu.com/people/cocoalee
http://www.zhihu.com/people/definiter
http://www.zhihu.com/people/laoliumang-78
http://www.zhihu.com/people/liu-yi-62
http://www.zhihu.com/people/ddsherry18
http://www.zhihu.com/people/wu-zhong-jie
http://www.zhihu.com/people/chen-cong-cong-29
http://www.zhihu.com/people/li-hui-jie-10
http://www.zhihu.com/people/yang-qing-he-35
http://www.zhihu.com/people/www.quhuaxue.com
http://www.zhihu.com/people/zhao-zhao-94-95
http://www.zhihu.com/people/lei007
http://www.zhihu.com/people/wang-jie-38
http://www.zhihu.com/people/liu-hai-bo-99-41
http://www.zhihu.com/people/xian-yong-kang
http://www.zhihu.com/people/pan-deng-86
http://www.zhihu.com/people/yu-cheng-xiang
http://www.zhihu.com/people/liang-chong
http://www.zhihu.com/people/devin-w
http://www.zhihu.com/people/chen-jin-ying-72
http://www.zhihu.com/people/answer-19-40
http://www.zhihu.com/people/yu-yang-21-78
http://www.zhihu.com/people/su-xia-81
http://www.zhihu.com/people/xu-pei-87
http://www.zhihu.com/people/akirose
http://www.zhihu.com/people/zhang-dong-yang-91
http://www.zhihu.com/people/fu-jia-qi
http://www.zhihu.com/people/zhang-bo-2-57
http://www.zhihu.com/people/chen-xiao-tan
http://www.zhihu.com/people/qiuchibao
http://www.zhihu.com/people/ritue
http://www.zhihu.com/people/jiayizhen
http://www.zhihu.com/people/tu-dou-18
http://www.zhihu.com/people/joshuazhang
http://www.zhihu.com/people/miao-xiao-le
http://www.zhihu.com/people/hou-fang-bin
http://www.zhihu.com/people/tang-wei-47
http://www.zhihu.com/people/wang-fu-wen
http://www.zhihu.com/people/zuo-zhi-jian
http://www.zhihu.com/people/tao-zi-10
http://www.zhihu.com/people/keasyer
http://www.zhihu.com/people/king1990
http://www.zhihu.com/people/aprilm
http://www.zhihu.com/people/xia-lan-feng
http://www.zhihu.com/people/hebang
http://www.zhihu.com/people/zhang-li-60-43
http://www.zhihu.com/people/suzi-70
http://www.zhihu.com/people/hu-yu-hao
http://www.zhihu.com/people/chen-yan-zhong
http://www.zhihu.com/people/floydfeng
http://www.zhihu.com/people/zhang-po-ce
http://www.zhihu.com/people/jia-zhi-20
http://www.zhihu.com/people/luo-rui-10
http://www.zhihu.com/people/zheng-ze-wei
http://www.zhihu.com/people/yang-mao-lin
http://www.zhihu.com/people/bosschen
http://www.zhihu.com/people/meng-shui-yi-mou
http://www.zhihu.com/people/su-ke-29
http://www.zhihu.com/people/lin-ke-63
http://www.zhihu.com/people/zhang-hai-yang-62
http://www.zhihu.com/people/tang-xiao-wei-41
http://www.zhihu.com/people/xie-jia-87
http://www.zhihu.com/people/Tyraan
http://www.zhihu.com/people/qi-lei-55
http://www.zhihu.com/people/guo-feng-28
http://www.zhihu.com/people/song-96
http://www.zhihu.com/people/li-nai-xu
http://www.zhihu.com/people/liu-zhi-dan-63
http://www.zhihu.com/people/pan-jia-qi-69
http://www.zhihu.com/people/zhuo-yu-zi
http://www.zhihu.com/people/acezio
http://www.zhihu.com/people/cheng-jia-peng
http://www.zhihu.com/people/pan-yang-16
http://www.zhihu.com/people/alex-huang-9
http://www.zhihu.com/people/ichth
http://www.zhihu.com/people/li-jian-73
http://www.zhihu.com/people/li-jie-50
http://www.zhihu.com/people/fredli-39
http://www.zhihu.com/people/orzwind
http://www.zhihu.com/people/yu-bo-yu
http://www.zhihu.com/people/tu-gao-hui-ge
http://www.zhihu.com/people/kong-xiao-xiong
http://www.zhihu.com/people/hua-an-3
http://www.zhihu.com/people/jin-dong-mei
http://www.zhihu.com/people/zimingforever
http://www.zhihu.com/people/it-bee
http://www.zhihu.com/people/feng-qing-36
http://www.zhihu.com/people/zhou-yang-bo
http://www.zhihu.com/people/liu-jia-xin-11
http://www.zhihu.com/people/jiang-mo-cheng
http://www.zhihu.com/people/haohaoxuexi
http://www.zhihu.com/people/zj618
http://www.zhihu.com/people/runtion
http://www.zhihu.com/people/li-ji-heng
http://www.zhihu.com/people/qiutf
http://www.zhihu.com/people/hackertao
http://www.zhihu.com/people/tangxiaoxiong
http://www.zhihu.com/people/li-chang-feng-10
http://www.zhihu.com/people/wang-xiao-fu-46
http://www.zhihu.com/people/lin-lan-93
http://www.zhihu.com/people/xie-zhao-xiang
http://www.zhihu.com/people/ericl
http://www.zhihu.com/people/chen-yu-hua-93
http://www.zhihu.com/people/stan-wang
http://www.zhihu.com/people/gu-xiao-yi
http://www.zhihu.com/people/limi
http://www.zhihu.com/people/cao-meng-di
http://www.zhihu.com/people/simon-67-67
