http://www.zhihu.com/people/niubishanshan
http://www.zhihu.com/people/shao-nian-wei-te-9
http://www.zhihu.com/people/black-tomb
http://www.zhihu.com/people/michael-4
http://www.zhihu.com/people/cao-ji-er
http://www.zhihu.com/people/SYIU8
http://www.zhihu.com/people/hu-guo-hua
http://www.zhihu.com/people/song-xi-67
http://www.zhihu.com/people/jiu-ming-23
http://www.zhihu.com/people/nie-jie-31
http://www.zhihu.com/people/lin-zi-27-39
http://www.zhihu.com/people/li-mo-bai-27
http://www.zhihu.com/people/feng961218
http://www.zhihu.com/people/chen-da-wen-48
http://www.zhihu.com/people/yu-lei-8
http://www.zhihu.com/people/xie-kai-yu
http://www.zhihu.com/people/Alberti
http://www.zhihu.com/people/han-feng-84
http://www.zhihu.com/people/li-xiao-chuan-44-85
http://www.zhihu.com/people/kevin_yjl
http://www.zhihu.com/people/firstinout
http://www.zhihu.com/people/chenyitian1992
http://www.zhihu.com/people/takuma-zombie
http://www.zhihu.com/people/chen-hong-yu-96
http://www.zhihu.com/people/liu-hu-lu-76
http://www.zhihu.com/people/li-ke-71-71
http://www.zhihu.com/people/any0503
http://www.zhihu.com/people/derferiewille
http://www.zhihu.com/people/an-cheng-hai
http://www.zhihu.com/people/csoni
http://www.zhihu.com/people/xuan-ying-72
http://www.zhihu.com/people/song-rui-rui
http://www.zhihu.com/people/cheng-xiao-dong-29
http://www.zhihu.com/people/dong-su-hao
http://www.zhihu.com/people/xia-xia-moe
http://www.zhihu.com/people/zshan
http://www.zhihu.com/people/tao-yuan-59
http://www.zhihu.com/people/flygon
http://www.zhihu.com/people/toylori
http://www.zhihu.com/people/xie-wei-74-75
http://www.zhihu.com/people/yaochenhao
http://www.zhihu.com/people/yuyh
http://www.zhihu.com/people/lin-ying-yun
http://www.zhihu.com/people/fangcarrot
http://www.zhihu.com/people/bao-zhu-er-bao-zhu-er
http://www.zhihu.com/people/wei-ta-bing
http://www.zhihu.com/people/er-zi-30
http://www.zhihu.com/people/dongyanlong
http://www.zhihu.com/people/sebring
http://www.zhihu.com/people/hu-nicholas
http://www.zhihu.com/people/ding-xiao-han-31
http://www.zhihu.com/people/long-shuai
http://www.zhihu.com/people/jun-yi-14
http://www.zhihu.com/people/zai-yi-luo
http://www.zhihu.com/people/rahn
http://www.zhihu.com/people/jackzhang2014
http://www.zhihu.com/people/lan-qiao-81
http://www.zhihu.com/people/liukeyi
http://www.zhihu.com/people/guo-shan-zheng
http://www.zhihu.com/people/aspirinfox
http://www.zhihu.com/people/cao-xing-zhi
http://www.zhihu.com/people/yang-cheng-41-87
http://www.zhihu.com/people/zhao-ming-zhe-83
http://www.zhihu.com/people/xiao-feng-zhang
http://www.zhihu.com/people/zitaozile
http://www.zhihu.com/people/puremagnet
http://www.zhihu.com/people/xu-xue-hen
http://www.zhihu.com/people/yang-tian-91
http://www.zhihu.com/people/zhang-mie-mie-78
http://www.zhihu.com/people/rock-47
http://www.zhihu.com/people/zhang-zhuo-yue
http://www.zhihu.com/people/bo-lun-4
http://www.zhihu.com/people/wang-yuan-ting-17
http://www.zhihu.com/people/zhang-ting-24-31
http://www.zhihu.com/people/ming-feng-82
http://www.zhihu.com/people/dong-xing-pe
http://www.zhihu.com/people/hysic
http://www.zhihu.com/people/wang-zi-tong-78
http://www.zhihu.com/people/da-lian-mao-54
http://www.zhihu.com/people/huang-xu-guang
http://www.zhihu.com/people/han-xu-14-42
http://www.zhihu.com/people/fu-yun-xiao-jie
http://www.zhihu.com/people/wei-ran-leo
http://www.zhihu.com/people/xiepanda
http://www.zhihu.com/people/bazu
http://www.zhihu.com/people/chuyi-chen-29
http://www.zhihu.com/people/zhang-bo-67-32
http://www.zhihu.com/people/liu-xiong-feng-93
http://www.zhihu.com/people/wan-tian-22
http://www.zhihu.com/people/QiuNote
http://www.zhihu.com/people/chibole
http://www.zhihu.com/people/tan-ri-tian
http://www.zhihu.com/people/zhu-xiao-zha-26
http://www.zhihu.com/people/de-ge-ge
http://www.zhihu.com/people/geng-xin-lei
http://www.zhihu.com/people/yue-yi-he
http://www.zhihu.com/people/ni-mo-de-ye-ge
http://www.zhihu.com/people/zhang-chun-jiang-82
http://www.zhihu.com/people/bu-yi-jie
http://www.zhihu.com/people/zhou-xin-yi-2
http://www.zhihu.com/people/gu-xiang-30-66
http://www.zhihu.com/people/wang-dong-79
http://www.zhihu.com/people/zi-ji-qing-xi
http://www.zhihu.com/people/yan-da-xi
http://www.zhihu.com/people/lu-chi-8-61
http://www.zhihu.com/people/huceo
http://www.zhihu.com/people/yps-93
http://www.zhihu.com/people/wang-dou-sha-95
http://www.zhihu.com/people/abchello
http://www.zhihu.com/people/sora-62
http://www.zhihu.com/people/ray-pan
http://www.zhihu.com/people/cui-yi-xiao
http://www.zhihu.com/people/tian-zi-22
http://www.zhihu.com/people/fu-jun-73
http://www.zhihu.com/people/su-hai
http://www.zhihu.com/people/zhou-quan-29-44
http://www.zhihu.com/people/niu-xiao-piao
http://www.zhihu.com/people/calmu
http://www.zhihu.com/people/yang-guang-jin
http://www.zhihu.com/people/xulaohan
http://www.zhihu.com/people/yaodaosuiya
http://www.zhihu.com/people/hui-zhi-ai
http://www.zhihu.com/people/lou-henry
http://www.zhihu.com/people/wang-qin-yun
http://www.zhihu.com/people/xu-sen-lin
http://www.zhihu.com/people/yang-qiu-mei
http://www.zhihu.com/people/huo-xiao-ru
http://www.zhihu.com/people/lookgod
http://www.zhihu.com/people/xiao-bo-97-41
http://www.zhihu.com/people/wang-xiao-80-42
http://www.zhihu.com/people/jiejie_my_lover
http://www.zhihu.com/people/fuwocheng
http://www.zhihu.com/people/xiaolinsun
http://www.zhihu.com/people/Dominic_
http://www.zhihu.com/people/xuan-xuan-12-43
http://www.zhihu.com/people/shan-bu-yu
http://www.zhihu.com/people/mytifa
http://www.zhihu.com/people/jiaqixiao
http://www.zhihu.com/people/susan3
http://www.zhihu.com/people/mu-si-si-67
http://www.zhihu.com/people/wang-hua-20-18
http://www.zhihu.com/people/qu-zhan-ming
http://www.zhihu.com/people/cang-mang-6
http://www.zhihu.com/people/heyuthere
http://www.zhihu.com/people/qinyu-23
http://www.zhihu.com/people/chen-zi-long-30
http://www.zhihu.com/people/iseesea
http://www.zhihu.com/people/yong-62
http://www.zhihu.com/people/rickey-yue
http://www.zhihu.com/people/liu-xin-ji-4-92
http://www.zhihu.com/people/meng-jue-99
http://www.zhihu.com/people/liu-ming-ming-92
http://www.zhihu.com/people/yu-xiao-33-97
http://www.zhihu.com/people/wang-le-heng
http://www.zhihu.com/people/qiu-yi-xin
http://www.zhihu.com/people/gong-sun-xiao-bai
http://www.zhihu.com/people/jiang-cheng-hao-94
http://www.zhihu.com/people/dou-dou-42
http://www.zhihu.com/people/sometimes-61
http://www.zhihu.com/people/flusky
http://www.zhihu.com/people/seazhui
http://www.zhihu.com/people/cdtcai
http://www.zhihu.com/people/gymitat
http://www.zhihu.com/people/chen-jin-gen
http://www.zhihu.com/people/xiao-xiao-59-26
http://www.zhihu.com/people/li-lo
http://www.zhihu.com/people/he-de-wen
http://www.zhihu.com/people/wang-jing-14-29-65
http://www.zhihu.com/people/li-zhi-kun-35
http://www.zhihu.com/people/si-ma-an
http://www.zhihu.com/people/hope-wang
http://www.zhihu.com/people/li-mu-zi-67
http://www.zhihu.com/people/chen-hong-yi-94
http://www.zhihu.com/people/s85b50a
http://www.zhihu.com/people/zau-zing-jiu
http://www.zhihu.com/people/yang-di-27-20
http://www.zhihu.com/people/li-hang-21
http://www.zhihu.com/people/sleepingknight
http://www.zhihu.com/people/zhang-yi-fan-48
http://www.zhihu.com/people/tao-tao-xiao-mu
http://www.zhihu.com/people/li-fang-lei
http://www.zhihu.com/people/shi-xuan-yi
http://www.zhihu.com/people/wang-chen-58-1
http://www.zhihu.com/people/mo-mo-94-50
http://www.zhihu.com/people/han-jian-3
http://www.zhihu.com/people/zhang-lai-xu
http://www.zhihu.com/people/dong-xue-wen
http://www.zhihu.com/people/ivanlee
http://www.zhihu.com/people/sunnuan
http://www.zhihu.com/people/pan-xiao-25
http://www.zhihu.com/people/mi-ju
http://www.zhihu.com/people/situk
http://www.zhihu.com/people/li-jiu-zhe
http://www.zhihu.com/people/zhuo-xiao-cheng
http://www.zhihu.com/people/alone2007
http://www.zhihu.com/people/liu-jing-tong-58
http://www.zhihu.com/people/zhu-bo-tao
http://www.zhihu.com/people/dou-fu-nao-80dd
http://www.zhihu.com/people/meng-yang-40-35
http://www.zhihu.com/people/li-yong-81-76
http://www.zhihu.com/people/yao-lei-76
http://www.zhihu.com/people/wolekuduo
http://www.zhihu.com/people/xin-lin-51
http://www.zhihu.com/people/shi-ba-7
http://www.zhihu.com/people/jiangnanxi
http://www.zhihu.com/people/Leon.zh
http://www.zhihu.com/people/wei-si-yuan
http://www.zhihu.com/people/cherrypeach
http://www.zhihu.com/people/hanmingyao
http://www.zhihu.com/people/teng0213
http://www.zhihu.com/people/qiao-cui
http://www.zhihu.com/people/chang-yi-22
http://www.zhihu.com/people/realhanbing
http://www.zhihu.com/people/mo-dang-dang-7
http://www.zhihu.com/people/licaicai
http://www.zhihu.com/people/fangwenyang
http://www.zhihu.com/people/guan-jia-qi
http://www.zhihu.com/people/hu-hao-tian
http://www.zhihu.com/people/gao-jing-14
http://www.zhihu.com/people/chen-wen-xuan-82
http://www.zhihu.com/people/alice-miao-43
http://www.zhihu.com/people/easymoneysniper
http://www.zhihu.com/people/da-liang-47
http://www.zhihu.com/people/qi
http://www.zhihu.com/people/chenranran
http://www.zhihu.com/people/hua-wu-xin-25
http://www.zhihu.com/people/andy-tian-5
http://www.zhihu.com/people/emwu
http://www.zhihu.com/people/zhao-fa-cai-56
http://www.zhihu.com/people/chun-zhi-ting
http://www.zhihu.com/people/_zhao_xu_
http://www.zhihu.com/people/bihumanbu
http://www.zhihu.com/people/jia-ke-wei
http://www.zhihu.com/people/jieshao
http://www.zhihu.com/people/sy-chen
http://www.zhihu.com/people/279734816
http://www.zhihu.com/people/yang-fan-44-11-25
http://www.zhihu.com/people/vwow
http://www.zhihu.com/people/wang-long-men
http://www.zhihu.com/people/jin-yun-tao-tie
http://www.zhihu.com/people/lu-zi-jin-72
http://www.zhihu.com/people/llfilm
http://www.zhihu.com/people/gaoyu
http://www.zhihu.com/people/hong-guo-guo-79
http://www.zhihu.com/people/leocc
http://www.zhihu.com/people/cheng-nian
http://www.zhihu.com/people/li-zhen-huan-66
http://www.zhihu.com/people/luoshuiyifang-fendou
http://www.zhihu.com/people/yuan-zhe-53
http://www.zhihu.com/people/jing-xiao-liang
http://www.zhihu.com/people/fendy
http://www.zhihu.com/people/liu-huan-78
http://www.zhihu.com/people/li-cha-de-pa-ke
http://www.zhihu.com/people/geng-zhen-44
http://www.zhihu.com/people/wang-cun-97
http://www.zhihu.com/people/gao-yu-sen
http://www.zhihu.com/people/guxianbang
http://www.zhihu.com/people/diecxters
http://www.zhihu.com/people/shi-li-po-jian-shen
http://www.zhihu.com/people/xibie
http://www.zhihu.com/people/yu-qian-74
http://www.zhihu.com/people/sun-hao-dong-34
http://www.zhihu.com/people/li-hai-ting
http://www.zhihu.com/people/wang-lin-20-82
http://www.zhihu.com/people/drimdo
http://www.zhihu.com/people/chi-zhang-86
http://www.zhihu.com/people/yang-xiao-xiang-21
http://www.zhihu.com/people/eana-chan
http://www.zhihu.com/people/sang-tian-30
http://www.zhihu.com/people/byring
http://www.zhihu.com/people/weirdolion
http://www.zhihu.com/people/zheng-jing-ren-76
http://www.zhihu.com/people/zhang-shao-long-12
http://www.zhihu.com/people/xddxy
http://www.zhihu.com/people/wang-xiao-wang-94
http://www.zhihu.com/people/dong-xin-bao
http://www.zhihu.com/people/rong-er-37-65
http://www.zhihu.com/people/xuan-yu-27
http://www.zhihu.com/people/wang-han-zhi-8
http://www.zhihu.com/people/guxizhao
http://www.zhihu.com/people/jonson-fang
http://www.zhihu.com/people/liang-zhi-jian-91
http://www.zhihu.com/people/zuowencheng
http://www.zhihu.com/people/jiang-lei-12
http://www.zhihu.com/people/zhang-yao-55-85
http://www.zhihu.com/people/mao-xiao-xiao-94
http://www.zhihu.com/people/lin-lian-lian
http://www.zhihu.com/people/jimbozhang
http://www.zhihu.com/people/cheng-fang-hang
http://www.zhihu.com/people/xiong-chu-mo
http://www.zhihu.com/people/zhenjian
http://www.zhihu.com/people/shizhou
http://www.zhihu.com/people/zhou-xing-xing-71-22
http://www.zhihu.com/people/jiang-hai-tao-23
http://www.zhihu.com/people/chen-xiang-13-2
http://www.zhihu.com/people/zhou-zuo
http://www.zhihu.com/people/___-___-ma
http://www.zhihu.com/people/kevin-hu
http://www.zhihu.com/people/wuzhonghua91
http://www.zhihu.com/people/malcolmyu
http://www.zhihu.com/people/zhou-kai-43
http://www.zhihu.com/people/xi-bei-xin-he
http://www.zhihu.com/people/hao-xiao-xu
http://www.zhihu.com/people/mobile
http://www.zhihu.com/people/rina-lee-90
http://www.zhihu.com/people/zhang-chen-14-43
http://www.zhihu.com/people/xiao-su-27
http://www.zhihu.com/people/zhang-mu-yun
http://www.zhihu.com/people/wei-xue-cao
http://www.zhihu.com/people/hu-ding-ling
http://www.zhihu.com/people/doublehero
http://www.zhihu.com/people/zhuchongyang
http://www.zhihu.com/people/auspicesaint
http://www.zhihu.com/people/konglong
http://www.zhihu.com/people/ku-rong-ku-rong
http://www.zhihu.com/people/fang-tian-yu-65
http://www.zhihu.com/people/geng-shao
http://www.zhihu.com/people/xiao-jin-47
http://www.zhihu.com/people/chai-rui-33
http://www.zhihu.com/people/hu-meng-83
http://www.zhihu.com/people/wiki-wang-10
http://www.zhihu.com/people/zhang-zhen-ye-ruby
http://www.zhihu.com/people/karl-lightman
http://www.zhihu.com/people/liu-xing-yu-53
http://www.zhihu.com/people/itsir
http://www.zhihu.com/people/teng-xian-liang
http://www.zhihu.com/people/ze-xi
http://www.zhihu.com/people/wang-hua-58-57
http://www.zhihu.com/people/tan-tou-tan-nao-57
http://www.zhihu.com/people/freilaoxuepi
http://www.zhihu.com/people/KerwinZhang
http://www.zhihu.com/people/lu-gui-chen-26
http://www.zhihu.com/people/kennygirl
http://www.zhihu.com/people/yang-fan-5
http://www.zhihu.com/people/wen-tao-4
http://www.zhihu.com/people/tao-li-1-15
http://www.zhihu.com/people/li-hui-jie-10
http://www.zhihu.com/people/bu-jian-81
http://www.zhihu.com/people/wu-chi-96
http://www.zhihu.com/people/peiyang1895
http://www.zhihu.com/people/pan-you-kai
http://www.zhihu.com/people/parsley
http://www.zhihu.com/people/jerry-cen
http://www.zhihu.com/people/ebuluo
http://www.zhihu.com/people/xi-wu-di
http://www.zhihu.com/people/mu-zi-nan
http://www.zhihu.com/people/chu-pei-rui
http://www.zhihu.com/people/han_lao_liu
http://www.zhihu.com/people/he-jian-rui
http://www.zhihu.com/people/hola-59
http://www.zhihu.com/people/liucraft
http://www.zhihu.com/people/rong-hao-33
http://www.zhihu.com/people/xia-mi-3-82
http://www.zhihu.com/people/hu-ling-huan
http://www.zhihu.com/people/douchangjie
http://www.zhihu.com/people/xiaoyujiang
http://www.zhihu.com/people/kondi
http://www.zhihu.com/people/renee-83
http://www.zhihu.com/people/tao-tie-32
http://www.zhihu.com/people/firefighter
http://www.zhihu.com/people/eric-5
http://www.zhihu.com/people/xiao-sa-06-16
http://www.zhihu.com/people/bai-mao-monica
http://www.zhihu.com/people/Joey9094
http://www.zhihu.com/people/han-yixin
http://www.zhihu.com/people/guo-hong-cheng
http://www.zhihu.com/people/yuger.net
http://www.zhihu.com/people/cao-nan
http://www.zhihu.com/people/positive52energy
http://www.zhihu.com/people/de-ma-66
http://www.zhihu.com/people/shi-chen-xiao
http://www.zhihu.com/people/wan-qing-hui
http://www.zhihu.com/people/marlboroknight
http://www.zhihu.com/people/sabrina-lee
http://www.zhihu.com/people/wang-lao-mao
http://www.zhihu.com/people/tian-yan-ze
http://www.zhihu.com/people/gao-you-mou
http://www.zhihu.com/people/peng-ge-61-48
http://www.zhihu.com/people/nadaloveluna
http://www.zhihu.com/people/deppon
http://www.zhihu.com/people/chen-you-bing
http://www.zhihu.com/people/fu-tian-yuan
http://www.zhihu.com/people/pan-deng-86
http://www.zhihu.com/people/ling-yun-65
http://www.zhihu.com/people/li-jun-jun-67
http://www.zhihu.com/people/feng-jiao-yuan-65
http://www.zhihu.com/people/yetone
http://www.zhihu.com/people/well-fare-98
http://www.zhihu.com/people/shan-han
http://www.zhihu.com/people/tian-su-jun
http://www.zhihu.com/people/zhao-en-hua
http://www.zhihu.com/people/diercn
http://www.zhihu.com/people/xia-tian-31
http://www.zhihu.com/people/huang-xue-mei-83
http://www.zhihu.com/people/meng-tian-42
http://www.zhihu.com/people/su-chao-qun
http://www.zhihu.com/people/justin-zhang-83
http://www.zhihu.com/people/shimengchen
http://www.zhihu.com/people/jing-chen-92
http://www.zhihu.com/people/tian-chuan-88
http://www.zhihu.com/people/wang-zhu-54
http://www.zhihu.com/people/chouthen
http://www.zhihu.com/people/zhu-xiao-wu-77
http://www.zhihu.com/people/tang-yi-qun
http://www.zhihu.com/people/mu-xiao-xia
http://www.zhihu.com/people/jiang-xiaokong
http://www.zhihu.com/people/bowenbitch
http://www.zhihu.com/people/wang-xiao-qiang-92
http://www.zhihu.com/people/wang-dong-ming-37
http://www.zhihu.com/people/yu-zhi-yang
http://www.zhihu.com/people/jiang-tao-38
http://www.zhihu.com/people/zhouyurui
http://www.zhihu.com/people/lovefcb
http://www.zhihu.com/people/shang-long
http://www.zhihu.com/people/shinrakueki
http://www.zhihu.com/people/zhao-rui-yang
http://www.zhihu.com/people/perry-song
http://www.zhihu.com/people/DaniloShan
http://www.zhihu.com/people/luo-meng-jie
http://www.zhihu.com/people/zhang-cheng-yang
http://www.zhihu.com/people/shan-yue
http://www.zhihu.com/people/chen-dai-zhuo
http://www.zhihu.com/people/ding-jia-wei-37
http://www.zhihu.com/people/li-chen-8
http://www.zhihu.com/people/wei-hua-69
http://www.zhihu.com/people/fajia
http://www.zhihu.com/people/he-bu-ke
http://www.zhihu.com/people/du-yu-jing
http://www.zhihu.com/people/yang-qing-he-35
http://www.zhihu.com/people/ipcjs
http://www.zhihu.com/people/cao-hui-96
http://www.zhihu.com/people/cuanju
http://www.zhihu.com/people/zhuang-sheng-45
http://www.zhihu.com/people/guo-jin-5
http://www.zhihu.com/people/cai-zhu-xin
http://www.zhihu.com/people/chenna
http://www.zhihu.com/people/li-yan-71-77
http://www.zhihu.com/people/liu-da-chun-68
http://www.zhihu.com/people/landeros
http://www.zhihu.com/people/kikibin
http://www.zhihu.com/people/liu-chang-jie-94
http://www.zhihu.com/people/you-shu-60
http://www.zhihu.com/people/sun-zheng-yao
http://www.zhihu.com/people/wang-feng-gui
http://www.zhihu.com/people/chen-qiu-yu
http://www.zhihu.com/people/django-3
http://www.zhihu.com/people/zhang-zi-qiang-36
http://www.zhihu.com/people/huaixiansheng
http://www.zhihu.com/people/liao-jia-97
http://www.zhihu.com/people/suikaixin
http://www.zhihu.com/people/zhang-dong-sheng-1
http://www.zhihu.com/people/a-bei-ban-leon
http://www.zhihu.com/people/peng-da-dan
http://www.zhihu.com/people/guo-lu-50
http://www.zhihu.com/people/huayang100
http://www.zhihu.com/people/Yorunoinori
http://www.zhihu.com/people/yuan-xiao-31
http://www.zhihu.com/people/yi-zhong-wei
http://www.zhihu.com/people/shi-yao-30
http://www.zhihu.com/people/ark17
http://www.zhihu.com/people/kagami
http://www.zhihu.com/people/zorbas
http://www.zhihu.com/people/li-dian-dian-12
http://www.zhihu.com/people/su-lin-57
http://www.zhihu.com/people/mu-mu-91
http://www.zhihu.com/people/ge-wang-49
http://www.zhihu.com/people/zhang-yan-56
http://www.zhihu.com/people/818930
http://www.zhihu.com/people/youyiifentian
http://www.zhihu.com/people/ryoko1990
http://www.zhihu.com/people/jiang-yan-song
http://www.zhihu.com/people/qiu-zheng-chao
http://www.zhihu.com/people/shirleyshieh
http://www.zhihu.com/people/yin-xiao-yu-6
http://www.zhihu.com/people/pengjuncs
http://www.zhihu.com/people/qiu-teng-jiang
http://www.zhihu.com/people/cheng-wei-99
http://www.zhihu.com/people/yu-wan-di
http://www.zhihu.com/people/neolim
http://www.zhihu.com/people/manhinling
http://www.zhihu.com/people/shi-yu-tong-xue
http://www.zhihu.com/people/li-xiao-lin-68
http://www.zhihu.com/people/li-shuang-34
http://www.zhihu.com/people/linxy-24
http://www.zhihu.com/people/ning-schue
http://www.zhihu.com/people/zhang-qian-nan
http://www.zhihu.com/people/yiqi
http://www.zhihu.com/people/mi-mi-54
http://www.zhihu.com/people/hangaoyong
http://www.zhihu.com/people/luckyfish
http://www.zhihu.com/people/yu-gu-69
http://www.zhihu.com/people/arianan
http://www.zhihu.com/people/jiahu
http://www.zhihu.com/people/gjw88
http://www.zhihu.com/people/cao-meng-di
http://www.zhihu.com/people/wang-xiang-jian
http://www.zhihu.com/people/zheng-ji
http://www.zhihu.com/people/kagayapudding
http://www.zhihu.com/people/lu-jia-11
http://www.zhihu.com/people/alex-94-50
http://www.zhihu.com/people/yuanhang
http://www.zhihu.com/people/yang-xiao-hua-99
http://www.zhihu.com/people/wang-wen-ping
http://www.zhihu.com/people/jeffen
http://www.zhihu.com/people/walter-32
http://www.zhihu.com/people/zhu-lu-hang-46
http://www.zhihu.com/people/cao-hua-hua
http://www.zhihu.com/people/shenjingzhi
http://www.zhihu.com/people/flyingsky
http://www.zhihu.com/people/AirBlue
http://www.zhihu.com/people/zhong-ye-zi-49
http://www.zhihu.com/people/zhang-xiao-yue-72
http://www.zhihu.com/people/xiong-mao-chuan-ren
http://www.zhihu.com/people/diao-ke-48
http://www.zhihu.com/people/yuke-fighting
http://www.zhihu.com/people/natt
http://www.zhihu.com/people/mi-mi-15
http://www.zhihu.com/people/tiandaofei
http://www.zhihu.com/people/zhang-fu-wei-46
http://www.zhihu.com/people/sun-meng-yu-34
http://www.zhihu.com/people/mtoc
http://www.zhihu.com/people/williamho
http://www.zhihu.com/people/chen-feng-17
http://www.zhihu.com/people/cheng-pu-47
http://www.zhihu.com/people/lian-xiao-peng
http://www.zhihu.com/people/byewon
http://www.zhihu.com/people/fu-er
http://www.zhihu.com/people/changeself
http://www.zhihu.com/people/youliugui
http://www.zhihu.com/people/zhou-zhen-81-42
http://www.zhihu.com/people/zhou-yi-72-75
http://www.zhihu.com/people/guan-chuan-hao
http://www.zhihu.com/people/wei-hong-qian
http://www.zhihu.com/people/chen-shen-shen-69
http://www.zhihu.com/people/xu-yun-fang-49
http://www.zhihu.com/people/wang-lei-16
http://www.zhihu.com/people/bajie8
http://www.zhihu.com/people/wang-vivi-4
http://www.zhihu.com/people/chen-zhen-wei-77
http://www.zhihu.com/people/zhang-gao-hui
http://www.zhihu.com/people/miawen
http://www.zhihu.com/people/jin-zi-51
http://www.zhihu.com/people/jiggersong
http://www.zhihu.com/people/dai-yu-xiu
http://www.zhihu.com/people/li-jun-58-42
http://www.zhihu.com/people/guangyi-43
http://www.zhihu.com/people/lu-wen-20
http://www.zhihu.com/people/mu-mian-91
http://www.zhihu.com/people/peoplegxs
http://www.zhihu.com/people/sellsoda
http://www.zhihu.com/people/lu-nuo-20
http://www.zhihu.com/people/wu-wen-kui
http://www.zhihu.com/people/fornane
http://www.zhihu.com/people/tan-cong-14
http://www.zhihu.com/people/mo-zhao-yue
http://www.zhihu.com/people/bo-wen-49
http://www.zhihu.com/people/xiao-jian-ren-71
http://www.zhihu.com/people/jerrfy
http://www.zhihu.com/people/hanjiangxue
http://www.zhihu.com/people/cheng-xing-ping
http://www.zhihu.com/people/wangermazi
http://www.zhihu.com/people/wang-yuan-66-5
http://www.zhihu.com/people/liu-tian-90
http://www.zhihu.com/people/fine2231
http://www.zhihu.com/people/zheng-qian-73
http://www.zhihu.com/people/ahxxm
http://www.zhihu.com/people/cheng-jun-900
http://www.zhihu.com/people/longrenle
http://www.zhihu.com/people/xiao-xiao-80
http://www.zhihu.com/people/ao-li-ao-57
http://www.zhihu.com/people/kevin_15010
http://www.zhihu.com/people/wen-yu-88
http://www.zhihu.com/people/mudener
http://www.zhihu.com/people/tian-nan-gua
http://www.zhihu.com/people/caomidanwei
http://www.zhihu.com/people/wenwenerya
http://www.zhihu.com/people/chen-1-xuan-78
http://www.zhihu.com/people/wang-shang-77
http://www.zhihu.com/people/tracey-jiang
http://www.zhihu.com/people/vahva
http://www.zhihu.com/people/han-yu-98
http://www.zhihu.com/people/godisout
http://www.zhihu.com/people/logics12
http://www.zhihu.com/people/dong-mo-70
http://www.zhihu.com/people/he-er-84
http://www.zhihu.com/people/xiao-yang-er
http://www.zhihu.com/people/6milebridge
http://www.zhihu.com/people/superyu-mi-jiang
http://www.zhihu.com/people/su-guang
http://www.zhihu.com/people/linjiahao
http://www.zhihu.com/people/hu-fang-kun
http://www.zhihu.com/people/zhao-yang-xin
http://www.zhihu.com/people/tony-hong-43
http://www.zhihu.com/people/zhang-meng-meng-85
http://www.zhihu.com/people/fu-shu-shu-ying
http://www.zhihu.com/people/pi1ot
http://www.zhihu.com/people/susus
http://www.zhihu.com/people/lanenlai
http://www.zhihu.com/people/haothings
http://www.zhihu.com/people/tu-guo-qiang
http://www.zhihu.com/people/wang-fan-si
http://www.zhihu.com/people/meicoog
http://www.zhihu.com/people/lan-bo-71
http://www.zhihu.com/people/jessie-chia-34
http://www.zhihu.com/people/xiao-fei-79-14
http://www.zhihu.com/people/yu-xiao-yang-8
http://www.zhihu.com/people/zhou-zi-jian-96
http://www.zhihu.com/people/aria
http://www.zhihu.com/people/techoxygen
http://www.zhihu.com/people/chen-shao-wei
http://www.zhihu.com/people/huang-te-jin
http://www.zhihu.com/people/zhang-yan-hong-64
http://www.zhihu.com/people/cheng-wei
http://www.zhihu.com/people/ji-qing-tian-96
http://www.zhihu.com/people/hua-lin-79-37
http://www.zhihu.com/people/jin-jing-38
http://www.zhihu.com/people/miaomiaomiao
http://www.zhihu.com/people/tian-li-bin
http://www.zhihu.com/people/liu-zheng-xu
http://www.zhihu.com/people/wei-qing-min
http://www.zhihu.com/people/xie-yu-fan
http://www.zhihu.com/people/anyi90
http://www.zhihu.com/people/wu-er-duo
http://www.zhihu.com/people/yi-an-yan
http://www.zhihu.com/people/li-ying-54-70
http://www.zhihu.com/people/wwxs
http://www.zhihu.com/people/yu-bo-yu
http://www.zhihu.com/people/su-mu-lan
http://www.zhihu.com/people/huang-xin-20-97
