http://www.zhihu.com/people/e-zei
http://www.zhihu.com/people/olotm
http://www.zhihu.com/people/zipman
http://www.zhihu.com/people/berger
http://www.zhihu.com/people/zhang-fei-fei-fei
http://www.zhihu.com/people/ndw433
http://www.zhihu.com/people/jie-ao-joy
http://www.zhihu.com/people/woody-30
http://www.zhihu.com/people/john-woo-28
http://www.zhihu.com/people/zhang-tao-55-24
http://www.zhihu.com/people/xiao-bai-lao-gong
http://www.zhihu.com/people/Alexander-Shen
http://www.zhihu.com/people/meltedgold
http://www.zhihu.com/people/kaifeiji
http://www.zhihu.com/people/ying-gai-shi-velkan
http://www.zhihu.com/people/du-wei-21-41
http://www.zhihu.com/people/alfreda
http://www.zhihu.com/people/windson
http://www.zhihu.com/people/gong-xuan-59
http://www.zhihu.com/people/cui-kai-45
http://www.zhihu.com/people/tian-yu-93
http://www.zhihu.com/people/brucewang
http://www.zhihu.com/people/ou-ni-jiang
http://www.zhihu.com/people/cheng-wei-guo
http://www.zhihu.com/people/jiang-yixie
http://www.zhihu.com/people/gejia021
http://www.zhihu.com/people/peoplegxs
http://www.zhihu.com/people/cheng-fei
http://www.zhihu.com/people/dai-wei-99
http://www.zhihu.com/people/aveychoi
http://www.zhihu.com/people/uryeah
http://www.zhihu.com/people/tan-ri-tian
http://www.zhihu.com/people/lihongxing
http://www.zhihu.com/people/sun-da-peng-64
http://www.zhihu.com/people/deutsch-99
http://www.zhihu.com/people/yaoshunyu
http://www.zhihu.com/people/kikiko
http://www.zhihu.com/people/fenng
http://www.zhihu.com/people/chun-ye-19
http://www.zhihu.com/people/ji-wu-yang
http://www.zhihu.com/people/marklee-26
http://www.zhihu.com/people/jangho
http://www.zhihu.com/people/jing-meng-qi-shi
http://www.zhihu.com/people/kennethtse
http://www.zhihu.com/people/xiao-chu
http://www.zhihu.com/people/fang-yue-92
http://www.zhihu.com/people/mythchee
http://www.zhihu.com/people/Gyue
http://www.zhihu.com/people/huang-zhi-long-88
http://www.zhihu.com/people/liu-shuang-yang
http://www.zhihu.com/people/fajia
http://www.zhihu.com/people/yang-hou-ze
http://www.zhihu.com/people/li-quan-zhen
http://www.zhihu.com/people/sleepingknight
http://www.zhihu.com/people/vecho
http://www.zhihu.com/people/malcolmyu
http://www.zhihu.com/people/ge-chuan-xin
http://www.zhihu.com/people/tonychen-19
http://www.zhihu.com/people/mou-yang-73
http://www.zhihu.com/people/parke
http://www.zhihu.com/people/hiqz
http://www.zhihu.com/people/yetone
http://www.zhihu.com/people/000088
http://www.zhihu.com/people/balai
http://www.zhihu.com/people/zhu-bo-tao
http://www.zhihu.com/people/lu-gui-chen-26
http://www.zhihu.com/people/zhu-yixin-42
http://www.zhihu.com/people/jiang-dong-52
http://www.zhihu.com/people/yiping-37
http://www.zhihu.com/people/flitpend
http://www.zhihu.com/people/wanggaochen
http://www.zhihu.com/people/wang-tian-jun-68
http://www.zhihu.com/people/van-gogh
http://www.zhihu.com/people/hua-tian-95
http://www.zhihu.com/people/liang-de-jian
http://www.zhihu.com/people/shi-jia-hao-54
http://www.zhihu.com/people/caokun
http://www.zhihu.com/people/xiao-feng-zhang
http://www.zhihu.com/people/zkaiyu
http://www.zhihu.com/people/jession1989
http://www.zhihu.com/people/zhou-xiao-hao
http://www.zhihu.com/people/kevtyle
http://www.zhihu.com/people/helloben
http://www.zhihu.com/people/dudu222
http://www.zhihu.com/people/zi-jin-yi
http://www.zhihu.com/people/cao-wei-39
http://www.zhihu.com/people/HippoMatrix
http://www.zhihu.com/people/deng-pan-37
http://www.zhihu.com/people/jin-ke-42
http://www.zhihu.com/people/bu-lai-en-te-ke-bi-12
http://www.zhihu.com/people/baodaotiexiaohe
http://www.zhihu.com/people/wjwen
http://www.zhihu.com/people/mtoc
http://www.zhihu.com/people/puyun
http://www.zhihu.com/people/jiroas
http://www.zhihu.com/people/xu-wei-wen-55
http://www.zhihu.com/people/gai-lun-65
http://www.zhihu.com/people/raining
http://www.zhihu.com/people/warren-51
http://www.zhihu.com/people/maskn
http://www.zhihu.com/people/zhudi
http://www.zhihu.com/people/xiao-pan-pan-7
http://www.zhihu.com/people/dong-zhen-45
http://www.zhihu.com/people/sagerastar
http://www.zhihu.com/people/hans-31
http://www.zhihu.com/people/chen-sen-9
http://www.zhihu.com/people/hao-ze-xuan
http://www.zhihu.com/people/dao-xiang-87
http://www.zhihu.com/people/zhang-yan-36
http://www.zhihu.com/people/majinyun0802
http://www.zhihu.com/people/zhu-yong-qian
http://www.zhihu.com/people/du-xiao-wei-14
http://www.zhihu.com/people/youlili
http://www.zhihu.com/people/li-zhe-19
http://www.zhihu.com/people/alexpoo
http://www.zhihu.com/people/li-mu-qing-521
http://www.zhihu.com/people/hongshu
http://www.zhihu.com/people/techoxygen
http://www.zhihu.com/people/li-hui-jie-10
http://www.zhihu.com/people/he-wei-wei-78
http://www.zhihu.com/people/bachelor99
http://www.zhihu.com/people/zhaoyalong
http://www.zhihu.com/people/six66
http://www.zhihu.com/people/barry-59
http://www.zhihu.com/people/javaning
http://www.zhihu.com/people/yeluoguzhou
http://www.zhihu.com/people/hou-ye
http://www.zhihu.com/people/luochao
http://www.zhihu.com/people/iyucci
http://www.zhihu.com/people/vice-versa
http://www.zhihu.com/people/li-li-chi
http://www.zhihu.com/people/alxe
http://www.zhihu.com/people/colorLee
http://www.zhihu.com/people/lingyan
http://www.zhihu.com/people/tian-yu-chi
http://www.zhihu.com/people/folkyou
http://www.zhihu.com/people/bombless
http://www.zhihu.com/people/gao-qing-86
http://www.zhihu.com/people/bu-zhi-58
http://www.zhihu.com/people/xiao-zhi-69-4
http://www.zhihu.com/people/mauritz
http://www.zhihu.com/people/hao-tai-yang
http://www.zhihu.com/people/liaoqingping
http://www.zhihu.com/people/zhang-ru-hua-97
http://www.zhihu.com/people/termina1or
http://www.zhihu.com/people/duan-qian-90
http://www.zhihu.com/people/xu-xu-dan
http://www.zhihu.com/people/zhou-zhen-81-42
http://www.zhihu.com/people/biGpython
http://www.zhihu.com/people/xuexue
http://www.zhihu.com/people/chun-feng
http://www.zhihu.com/people/Keenor
http://www.zhihu.com/people/meng-fan
http://www.zhihu.com/people/chi-shuai
http://www.zhihu.com/people/maboo
http://www.zhihu.com/people/zec-5
http://www.zhihu.com/people/li-ping-fan-39
http://www.zhihu.com/people/bbsunchen
http://www.zhihu.com/people/eddie-66
http://www.zhihu.com/people/nie-jun-3
http://www.zhihu.com/people/wang-jian-88-94
http://www.zhihu.com/people/zheling
http://www.zhihu.com/people/VegasWang
http://www.zhihu.com/people/hu-yi-mi-li-nuo
http://www.zhihu.com/people/miaosjn
http://www.zhihu.com/people/kong-mu
http://www.zhihu.com/people/lanisle
http://www.zhihu.com/people/zhang-hao-yang-92
http://www.zhihu.com/people/wang-hui-60-74
http://www.zhihu.com/people/tcstar
http://www.zhihu.com/people/netsos
http://www.zhihu.com/people/he-shuai-92
http://www.zhihu.com/people/GavinQi
http://www.zhihu.com/people/cwjhot
http://www.zhihu.com/people/noblesseoblige
http://www.zhihu.com/people/mewo
http://www.zhihu.com/people/lipengbin
http://www.zhihu.com/people/wu-ming-93
http://www.zhihu.com/people/aaron-cao-20
http://www.zhihu.com/people/hehe-18
http://www.zhihu.com/people/myisocn
http://www.zhihu.com/people/cornelius
http://www.zhihu.com/people/lijie829
http://www.zhihu.com/people/threebodies
http://www.zhihu.com/people/xraccoon
http://www.zhihu.com/people/kimfly
http://www.zhihu.com/people/li-ling-ling-29
http://www.zhihu.com/people/yi-zhen-fei
http://www.zhihu.com/people/meng-gai-xing
http://www.zhihu.com/people/jiayizhen
http://www.zhihu.com/people/kissinger
http://www.zhihu.com/people/sven-40
http://www.zhihu.com/people/blackbeard
http://www.zhihu.com/people/sys52008
http://www.zhihu.com/people/kuvick
http://www.zhihu.com/people/wang-yuan-net
http://www.zhihu.com/people/lars-lu
http://www.zhihu.com/people/gao-liang-62
http://www.zhihu.com/people/BORTOF
http://www.zhihu.com/people/xu-jun-hua-28
http://www.zhihu.com/people/ranhou
http://www.zhihu.com/people/chenxc
http://www.zhihu.com/people/Vc1991
http://www.zhihu.com/people/deathman
http://www.zhihu.com/people/Paitanapilahmima
http://www.zhihu.com/people/airbai
http://www.zhihu.com/people/jiang-ge
http://www.zhihu.com/people/hanbing0102
http://www.zhihu.com/people/nowhereland
http://www.zhihu.com/people/da-dong-49
http://www.zhihu.com/people/umifam
http://www.zhihu.com/people/stilljk
http://www.zhihu.com/people/gao-yi-yuan
http://www.zhihu.com/people/platoo
http://www.zhihu.com/people/wang-wen-xi-45
http://www.zhihu.com/people/yang-jiang-he
http://www.zhihu.com/people/chen-nian-hui
http://www.zhihu.com/people/gemist
http://www.zhihu.com/people/youshihenben
http://www.zhihu.com/people/qxy-72
http://www.zhihu.com/people/yang-chun-31
http://www.zhihu.com/people/zi-you-de-feng
http://www.zhihu.com/people/cherry-3-66
http://www.zhihu.com/people/zhang-xiao-suan
http://www.zhihu.com/people/johnsonguo
http://www.zhihu.com/people/lwan160
http://www.zhihu.com/people/chenran
http://www.zhihu.com/people/p36288
http://www.zhihu.com/people/emily-26
http://www.zhihu.com/people/jin-ke-65
http://www.zhihu.com/people/lu-cha-58
http://www.zhihu.com/people/deng-xiao-chong
http://www.zhihu.com/people/jixin
http://www.zhihu.com/people/heayon
http://www.zhihu.com/people/andylee-29
http://www.zhihu.com/people/yehuai
http://www.zhihu.com/people/bigbod
http://www.zhihu.com/people/SailBoat
http://www.zhihu.com/people/jim-tan
http://www.zhihu.com/people/liu-chao-50
http://www.zhihu.com/people/imhanwu
http://www.zhihu.com/people/cao-hui-96
http://www.zhihu.com/people/wangchenyu-knight
http://www.zhihu.com/people/yao-xiao-tian
http://www.zhihu.com/people/jeff_lee
http://www.zhihu.com/people/san-pi-51
http://www.zhihu.com/people/chen-chao-9-71
http://www.zhihu.com/people/huang-yi-xuan
http://www.zhihu.com/people/wuhan419
http://www.zhihu.com/people/zhu-xiao-yan-72
http://www.zhihu.com/people/zahetang
http://www.zhihu.com/people/gao-yin-pan
http://www.zhihu.com/people/zhang-zhao-ming-53
http://www.zhihu.com/people/tongxiaotai
http://www.zhihu.com/people/yjfnmbj
http://www.zhihu.com/people/xiao-xiao-xu-nuo
http://www.zhihu.com/people/qiushi_gu
http://www.zhihu.com/people/lai-ya-qi
http://www.zhihu.com/people/feng-hong-liang
http://www.zhihu.com/people/lucker
http://www.zhihu.com/people/bai-wen-ming
http://www.zhihu.com/people/gu-ning-quan
http://www.zhihu.com/people/wu-si-26
http://www.zhihu.com/people/hao-shi-cong
http://www.zhihu.com/people/wu-qiong-11-59
http://www.zhihu.com/people/zhaozhemin
http://www.zhihu.com/people/zhenghuiwen
http://www.zhihu.com/people/limi
http://www.zhihu.com/people/die-qi
http://www.zhihu.com/people/ma-xiang-wen
http://www.zhihu.com/people/jutoy
http://www.zhihu.com/people/ChenZhangyu
http://www.zhihu.com/people/yi-teng
http://www.zhihu.com/people/zhang-ming-21-51
http://www.zhihu.com/people/onlyyou
http://www.zhihu.com/people/say-bye
http://www.zhihu.com/people/yan-wei-47
http://www.zhihu.com/people/xouyou
http://www.zhihu.com/people/cuizihao
http://www.zhihu.com/people/li-yang-89
http://www.zhihu.com/people/zhangdashe
http://www.zhihu.com/people/wang8118
http://www.zhihu.com/people/mzehuang
http://www.zhihu.com/people/yi-ming-72-8
http://www.zhihu.com/people/gerrardyang
http://www.zhihu.com/people/wang-___-lan
http://www.zhihu.com/people/zhao-bo-cheng
http://www.zhihu.com/people/kakasio
http://www.zhihu.com/people/bit649
http://www.zhihu.com/people/xia-xiao-qiu-34
http://www.zhihu.com/people/yang-min-81
http://www.zhihu.com/people/cheng-si-fan
http://www.zhihu.com/people/zhang-hao-22
http://www.zhihu.com/people/foreal
http://www.zhihu.com/people/zheng-tao-64
http://www.zhihu.com/people/stephenr
http://www.zhihu.com/people/zhao-yan-bi-ri
http://www.zhihu.com/people/zhang-hu-66-1
http://www.zhihu.com/people/zheng-ji
http://www.zhihu.com/people/hiworldofice
http://www.zhihu.com/people/climber
http://www.zhihu.com/people/he-he-30
http://www.zhihu.com/people/peng-fei-65
http://www.zhihu.com/people/w5pand
http://www.zhihu.com/people/tolivebetter
http://www.zhihu.com/people/zhihz
http://www.zhihu.com/people/xibie
http://www.zhihu.com/people/waynewu
http://www.zhihu.com/people/discoversources
http://www.zhihu.com/people/liujianwen
http://www.zhihu.com/people/gonw
http://www.zhihu.com/people/wei-tao-4
http://www.zhihu.com/people/ainihome
http://www.zhihu.com/people/tang-nai-hua
http://www.zhihu.com/people/wjbf
http://www.zhihu.com/people/kong-cheng-dong
http://www.zhihu.com/people/nan-bing
http://www.zhihu.com/people/Chorusist
http://www.zhihu.com/people/gao-cong-68
http://www.zhihu.com/people/xiaohey
http://www.zhihu.com/people/bo-wen-49
http://www.zhihu.com/people/liu-___-___
http://www.zhihu.com/people/yi-wen-63-87
http://www.zhihu.com/people/ye-tian
http://www.zhihu.com/people/walter-snow
http://www.zhihu.com/people/liu-guo-hui-24
http://www.zhihu.com/people/chen-wei-xiong
http://www.zhihu.com/people/jian-zhu-61
http://www.zhihu.com/people/sun-xiao-fang-48
http://www.zhihu.com/people/li-xin-38-88
http://www.zhihu.com/people/wangcheng678
http://www.zhihu.com/people/detwin
http://www.zhihu.com/people/shawnan
http://www.zhihu.com/people/supertramp-16
http://www.zhihu.com/people/zhang-wei-30-69
http://www.zhihu.com/people/constantine-47
http://www.zhihu.com/people/zuomomo
http://www.zhihu.com/people/beta1
http://www.zhihu.com/people/he-yu-26
http://www.zhihu.com/people/mituzhifan
http://www.zhihu.com/people/cinderellaing
http://www.zhihu.com/people/fan-ao-tao
http://www.zhihu.com/people/zi-bai
http://www.zhihu.com/people/lao-lu-36
http://www.zhihu.com/people/dio007
http://www.zhihu.com/people/peng-ge-61-48
http://www.zhihu.com/people/hou-run-tian
http://www.zhihu.com/people/zhang-yu-39-54
http://www.zhihu.com/people/everte
http://www.zhihu.com/people/mashicong
http://www.zhihu.com/people/han-song-50
http://www.zhihu.com/people/xiao-jian-ren-71
http://www.zhihu.com/people/awp33
http://www.zhihu.com/people/qiumeng
http://www.zhihu.com/people/dizzarz
http://www.zhihu.com/people/byewon
http://www.zhihu.com/people/zhang-zhan-tu
http://www.zhihu.com/people/zhou-li-qi-ricky
http://www.zhihu.com/people/10250
http://www.zhihu.com/people/xfirer
http://www.zhihu.com/people/qian-si-mao
http://www.zhihu.com/people/xxnotepad
http://www.zhihu.com/people/stephen-cheng
http://www.zhihu.com/people/renrenkaixin
http://www.zhihu.com/people/fang-che-dan
http://www.zhihu.com/people/perfmon
http://www.zhihu.com/people/cai-yuan-zi-48
http://www.zhihu.com/people/zhong-sheng-41
http://www.zhihu.com/people/longway
http://www.zhihu.com/people/ericbox
http://www.zhihu.com/people/luo-xiao-wei
http://www.zhihu.com/people/peng-hui-jian
http://www.zhihu.com/people/gui-dou
http://www.zhihu.com/people/song-yi-54
http://www.zhihu.com/people/segalou
http://www.zhihu.com/people/yang-cheng-wu-20
http://www.zhihu.com/people/shui-di-76
http://www.zhihu.com/people/hu-meng-83
http://www.zhihu.com/people/tian-peng-23-46
http://www.zhihu.com/people/wang-lin-20-82
http://www.zhihu.com/people/chen-mo-ling
http://www.zhihu.com/people/shu-zhan-38
http://www.zhihu.com/people/chang-kai-xin-85
http://www.zhihu.com/people/never-51
http://www.zhihu.com/people/sun-___-ming
http://www.zhihu.com/people/hong-shao-heng
http://www.zhihu.com/people/zhang-yihua
http://www.zhihu.com/people/eason-73
http://www.zhihu.com/people/du-peng-67-91
http://www.zhihu.com/people/zaojue
http://www.zhihu.com/people/Aces
http://www.zhihu.com/people/cui-nao-nao
http://www.zhihu.com/people/drimdo
http://www.zhihu.com/people/ma-dong-34
http://www.zhihu.com/people/rao-ji
http://www.zhihu.com/people/wu-ze-92
http://www.zhihu.com/people/gan-qiang
http://www.zhihu.com/people/gao-da-li
http://www.zhihu.com/people/liang-yu-fan
http://www.zhihu.com/people/a-long
http://www.zhihu.com/people/wangtengchuan
http://www.zhihu.com/people/shi-zhen-xiang
http://www.zhihu.com/people/yw1530
http://www.zhihu.com/people/dontbeevil
http://www.zhihu.com/people/fyl00
http://www.zhihu.com/people/gazi
http://www.zhihu.com/people/selbyyy
http://www.zhihu.com/people/Yunaaaaaaa
http://www.zhihu.com/people/loopool
http://www.zhihu.com/people/cheristorm
http://www.zhihu.com/people/ledlaohuo
http://www.zhihu.com/people/wang-yi-chun-01
http://www.zhihu.com/people/sunbaoru
http://www.zhihu.com/people/he-jia-hong
http://www.zhihu.com/people/whysowhat
http://www.zhihu.com/people/jia-hao-85
http://www.zhihu.com/people/bai-hang-yu
http://www.zhihu.com/people/ma-bo-ping
http://www.zhihu.com/people/lin-hui-hao-5
http://www.zhihu.com/people/cdzone
http://www.zhihu.com/people/luo-bin-85-31
http://www.zhihu.com/people/lao-k
http://www.zhihu.com/people/lin-yi-85
http://www.zhihu.com/people/kunzhdu
http://www.zhihu.com/people/zhyang-liu
http://www.zhihu.com/people/hu-lai-71
http://www.zhihu.com/people/mayimayi
http://www.zhihu.com/people/bug_ahoy
http://www.zhihu.com/people/CodeMonkey
http://www.zhihu.com/people/yi-sen-8
http://www.zhihu.com/people/xiao-mai-ya
http://www.zhihu.com/people/wu-zhi-peng-48
http://www.zhihu.com/people/wihoho
http://www.zhihu.com/people/TrusBe
http://www.zhihu.com/people/deng-yong-can
http://www.zhihu.com/people/c0in
http://www.zhihu.com/people/lu-xi-suo
http://www.zhihu.com/people/orzi
http://www.zhihu.com/people/dalizhaoxiang
http://www.zhihu.com/people/peng-zhi-ran
http://www.zhihu.com/people/neo-hee
http://www.zhihu.com/people/bingle
http://www.zhihu.com/people/wang-xiao-di-8
http://www.zhihu.com/people/li-fan-56-74
http://www.zhihu.com/people/zblc
http://www.zhihu.com/people/ma-jia-chen
http://www.zhihu.com/people/cps61m74ka
http://www.zhihu.com/people/xia-yu-88
http://www.zhihu.com/people/orzwind
http://www.zhihu.com/people/jin4074
http://www.zhihu.com/people/liang-yu-jing
http://www.zhihu.com/people/lu-xing-yu-42
http://www.zhihu.com/people/li-han-jia-11
http://www.zhihu.com/people/madouling
http://www.zhihu.com/people/li-yao-hua
http://www.zhihu.com/people/li-zhi-35-20
http://www.zhihu.com/people/oen1895
http://www.zhihu.com/people/li-gou-hai-12-23
http://www.zhihu.com/people/di-xiao-bin
http://www.zhihu.com/people/yu-qi-long
http://www.zhihu.com/people/wang-ji-85
http://www.zhihu.com/people/tooyoung
http://www.zhihu.com/people/damon-88
http://www.zhihu.com/people/yin-xiang-72
http://www.zhihu.com/people/lin-bo-84
http://www.zhihu.com/people/receo
http://www.zhihu.com/people/gao-cheng-han
http://www.zhihu.com/people/liang-zhen-hua
http://www.zhihu.com/people/kang-shu-yi
http://www.zhihu.com/people/W18Cr4V
http://www.zhihu.com/people/ruih
http://www.zhihu.com/people/li-yang-quan
http://www.zhihu.com/people/liang-qi-18
http://www.zhihu.com/people/xie-kai-66-61
http://www.zhihu.com/people/buke
http://www.zhihu.com/people/cazhang
http://www.zhihu.com/people/qian-qi-zheng
http://www.zhihu.com/people/subucuo
http://www.zhihu.com/people/shi-long-89
http://www.zhihu.com/people/lunatic
http://www.zhihu.com/people/manville
http://www.zhihu.com/people/shui-ci-wu-fang
http://www.zhihu.com/people/chen-xiao-tu-66
http://www.zhihu.com/people/popmaizi
http://www.zhihu.com/people/chen-wei-50-1
http://www.zhihu.com/people/tianyq
http://www.zhihu.com/people/chung
http://www.zhihu.com/people/bai-da-bai
http://www.zhihu.com/people/septdu
http://www.zhihu.com/people/zhou-kai-43
http://www.zhihu.com/people/cong-ming-hui
http://www.zhihu.com/people/kent-81
http://www.zhihu.com/people/mapengze
http://www.zhihu.com/people/huang-jian-73-70
http://www.zhihu.com/people/Weil03
http://www.zhihu.com/people/zhouyao
http://www.zhihu.com/people/shui-dan
http://www.zhihu.com/people/gu-zhi-wen
http://www.zhihu.com/people/zibuyu6
http://www.zhihu.com/people/lin-zhe-96
http://www.zhihu.com/people/wang-tao-43-95
http://www.zhihu.com/people/ueding
http://www.zhihu.com/people/huang-hao-lin
http://www.zhihu.com/people/li-ying-87
http://www.zhihu.com/people/paul-shadow
http://www.zhihu.com/people/li-cheng-gan
http://www.zhihu.com/people/zhang-li-35-21
http://www.zhihu.com/people/xhw024
http://www.zhihu.com/people/greyopps
http://www.zhihu.com/people/song-yang-bo
http://www.zhihu.com/people/chai-pi-ma
http://www.zhihu.com/people/an-zhi-25
http://www.zhihu.com/people/garhom
http://www.zhihu.com/people/chen-bin-78
http://www.zhihu.com/people/982693
http://www.zhihu.com/people/sun-chang-he
http://www.zhihu.com/people/jayson-92
http://www.zhihu.com/people/erickchen
http://www.zhihu.com/people/knightshady
http://www.zhihu.com/people/wincol
http://www.zhihu.com/people/wang-ya-bing
http://www.zhihu.com/people/Metaphox
http://www.zhihu.com/people/xuzhe1224
http://www.zhihu.com/people/ben-j
http://www.zhihu.com/people/liu-chao-64
http://www.zhihu.com/people/te-te-54
http://www.zhihu.com/people/lei-lei-89
http://www.zhihu.com/people/wu-wei-96-47
http://www.zhihu.com/people/Libertasss
http://www.zhihu.com/people/Canonvanc
http://www.zhihu.com/people/lostbenjamin
http://www.zhihu.com/people/mario1990
http://www.zhihu.com/people/yskin
http://www.zhihu.com/people/li-bo-tao-72
http://www.zhihu.com/people/xiaoxingchange
http://www.zhihu.com/people/zhang-jun-yan
http://www.zhihu.com/people/xu-zi-ang-27
http://www.zhihu.com/people/wang-xiao-er-84-12
http://www.zhihu.com/people/chen-lie-72
http://www.zhihu.com/people/blackswan
http://www.zhihu.com/people/laufy
http://www.zhihu.com/people/gaohan
http://www.zhihu.com/people/kingbox
http://www.zhihu.com/people/imceobitch
http://www.zhihu.com/people/jason-59-49
http://www.zhihu.com/people/chbkill
http://www.zhihu.com/people/huang-long-80
http://www.zhihu.com/people/taky
http://www.zhihu.com/people/tang-zhi-qian
http://www.zhihu.com/people/mayghost
http://www.zhihu.com/people/wang-feng-17
http://www.zhihu.com/people/shi-wei-56
http://www.zhihu.com/people/ma-xiao-jun-61
http://www.zhihu.com/people/zhu-dong-qiang
http://www.zhihu.com/people/zhang-___-chuan
http://www.zhihu.com/people/cao-meng-di
http://www.zhihu.com/people/jacobchan
http://www.zhihu.com/people/jonson-fang
http://www.zhihu.com/people/yang-xiao-lin-42-7
http://www.zhihu.com/people/leegang
http://www.zhihu.com/people/nicing
http://www.zhihu.com/people/le-jian-95
http://www.zhihu.com/people/implication
http://www.zhihu.com/people/rainstone
http://www.zhihu.com/people/tnt-94
http://www.zhihu.com/people/li-gen-78-90
http://www.zhihu.com/people/endlessturelove
http://www.zhihu.com/people/yangxi
http://www.zhihu.com/people/wuruipeng
http://www.zhihu.com/people/liu-bu-ming
http://www.zhihu.com/people/ma-xiao-tian-49
http://www.zhihu.com/people/stevens
http://www.zhihu.com/people/taresky
http://www.zhihu.com/people/india
http://www.zhihu.com/people/jixiaomo
http://www.zhihu.com/people/yiyibeta2
http://www.zhihu.com/people/shang-sui
http://www.zhihu.com/people/zhu-li-97
http://www.zhihu.com/people/peng_cheng
http://www.zhihu.com/people/adson
http://www.zhihu.com/people/cai-ti-ran
http://www.zhihu.com/people/wang-min-jun
http://www.zhihu.com/people/li-wen-long-77
http://www.zhihu.com/people/shu-zi-36
http://www.zhihu.com/people/lin-yu-an
http://www.zhihu.com/people/hei-yan-94
http://www.zhihu.com/people/yang-ming-1
http://www.zhihu.com/people/zuo-yu-hua
http://www.zhihu.com/people/xiang-huan-zhong
http://www.zhihu.com/people/lin-fan-63-96
http://www.zhihu.com/people/lin-ke-48
http://www.zhihu.com/people/czs05
http://www.zhihu.com/people/tinybir
http://www.zhihu.com/people/gua-cang-cale
http://www.zhihu.com/people/yang-hai-77
http://www.zhihu.com/people/mandymandy-wang
http://www.zhihu.com/people/zhen-hao
http://www.zhihu.com/people/kinvy
http://www.zhihu.com/people/martin-bi
http://www.zhihu.com/people/xie-fen-36
http://www.zhihu.com/people/ma-jia-33
http://www.zhihu.com/people/duan-xu-dong-54
http://www.zhihu.com/people/wen-wen-le
http://www.zhihu.com/people/cao-mou-mou
http://www.zhihu.com/people/wang-wen-ping
http://www.zhihu.com/people/zhang-wei-dong-59
http://www.zhihu.com/people/gymitat
http://www.zhihu.com/people/chengt03
http://www.zhihu.com/people/dereck
http://www.zhihu.com/people/babyfacer
http://www.zhihu.com/people/eric-13
http://www.zhihu.com/people/just7k
http://www.zhihu.com/people/chen-yong-welcome
http://www.zhihu.com/people/kidlg
http://www.zhihu.com/people/lilailiqu
http://www.zhihu.com/people/jing-xiao-liang
http://www.zhihu.com/people/zhu-feng-xiang
http://www.zhihu.com/people/huangchi
http://www.zhihu.com/people/da-tong
http://www.zhihu.com/people/lakujira
http://www.zhihu.com/people/sheenshuay
http://www.zhihu.com/people/zhu-jun-qiang
http://www.zhihu.com/people/chouthen
http://www.zhihu.com/people/wang-zhen-wei
http://www.zhihu.com/people/chen-luo-cheng
http://www.zhihu.com/people/tu-gao-hui-ge
http://www.zhihu.com/people/vance92
http://www.zhihu.com/people/peiwei
http://www.zhihu.com/people/gino-23
http://www.zhihu.com/people/goss
http://www.zhihu.com/people/li-yue-jing
http://www.zhihu.com/people/cruzer
http://www.zhihu.com/people/gu-yiyigu
http://www.zhihu.com/people/muliangyu
http://www.zhihu.com/people/tangjingxin
http://www.zhihu.com/people/jasonyang
http://www.zhihu.com/people/zuohao
http://www.zhihu.com/people/dai-ren-zhi
http://www.zhihu.com/people/huangpingwei
http://www.zhihu.com/people/sansmoi
http://www.zhihu.com/people/qin-xi-76-97
http://www.zhihu.com/people/byronyi
http://www.zhihu.com/people/mu-nian-he
http://www.zhihu.com/people/1750
http://www.zhihu.com/people/wang-er-71
http://www.zhihu.com/people/kingdom-73
http://www.zhihu.com/people/cai-xue-dan
http://www.zhihu.com/people/trai25
http://www.zhihu.com/people/randy1900
http://www.zhihu.com/people/su-xiao-___
http://www.zhihu.com/people/lu-yao-23-74
http://www.zhihu.com/people/wjazz
http://www.zhihu.com/people/gong-zi-xiao-bai-24
http://www.zhihu.com/people/weng-huo
http://www.zhihu.com/people/____
http://www.zhihu.com/people/ye-tao-rui
http://www.zhihu.com/people/wang-yan-yuan
http://www.zhihu.com/people/qcqw
http://www.zhihu.com/people/xulin365
http://www.zhihu.com/people/alfreding
http://www.zhihu.com/people/tang-wen-tao
http://www.zhihu.com/people/cody-16
http://www.zhihu.com/people/tazx
http://www.zhihu.com/people/luo-can-38
http://www.zhihu.com/people/goal_lawyer
http://www.zhihu.com/people/zaiyiqi
http://www.zhihu.com/people/Jessicaa
http://www.zhihu.com/people/lou-jing-jian
http://www.zhihu.com/people/wang-yuan-66-5
http://www.zhihu.com/people/Dj-Zhang
http://www.zhihu.com/people/fisch
http://www.zhihu.com/people/golbz
http://www.zhihu.com/people/liao-chun-17
http://www.zhihu.com/people/yupengming
http://www.zhihu.com/people/chen-lin-nan
http://www.zhihu.com/people/zhou-yi-fan-84
http://www.zhihu.com/people/MichaelL
http://www.zhihu.com/people/cici
http://www.zhihu.com/people/zhang-ge-84
http://www.zhihu.com/people/www.aidll.com
http://www.zhihu.com/people/momoczj
http://www.zhihu.com/people/liu-da-chun-68
http://www.zhihu.com/people/wangxiaofeng
http://www.zhihu.com/people/dong-kun
http://www.zhihu.com/people/fu-hao-35
http://www.zhihu.com/people/chen-xin-76
http://www.zhihu.com/people/Screamjeff
http://www.zhihu.com/people/chen-yuan-81
http://www.zhihu.com/people/mu-gu
http://www.zhihu.com/people/xiao-tu-avi
http://www.zhihu.com/people/highend
http://www.zhihu.com/people/yang-wen-guang
http://www.zhihu.com/people/sam-40
http://www.zhihu.com/people/hongju-yang
http://www.zhihu.com/people/lin-feng-26
http://www.zhihu.com/people/zshengqi
http://www.zhihu.com/people/lei-yu-han
http://www.zhihu.com/people/chenghan
