http://www.zhihu.com/people/zhu-cyrus-20
http://www.zhihu.com/people/he-hua-68-46
http://www.zhihu.com/people/chang-ge-zi-3
http://www.zhihu.com/people/ciel-by
http://www.zhihu.com/people/song-wu-xie
http://www.zhihu.com/people/chendeshen
http://www.zhihu.com/people/wangchen515
http://www.zhihu.com/people/joe
http://www.zhihu.com/people/cccesar
http://www.zhihu.com/people/ying-ge-lan-85
http://www.zhihu.com/people/zhang-ha-ha-31-79
http://www.zhihu.com/people/zhang-li-40-67
http://www.zhihu.com/people/ccchen-xiao-zhi
http://www.zhihu.com/people/xie-meng-67-17
http://www.zhihu.com/people/zhu-yong-qian
http://www.zhihu.com/people/leon-46
http://www.zhihu.com/people/wu-bei-47-18
http://www.zhihu.com/people/al-joseph
http://www.zhihu.com/people/wu-xie-ni-de-ke-ji
http://www.zhihu.com/people/feng-hao-84
http://www.zhihu.com/people/yesterising
http://www.zhihu.com/people/wang-zhen-ya-94
http://www.zhihu.com/people/sixunhuan
http://www.zhihu.com/people/dearxiwang
http://www.zhihu.com/people/li-yu-shan-89
http://www.zhihu.com/people/818930
http://www.zhihu.com/people/hu-you-ni
http://www.zhihu.com/people/lu-xiao-cang
http://www.zhihu.com/people/gao-gao-72
http://www.zhihu.com/people/JAlex
http://www.zhihu.com/people/mustbe
http://www.zhihu.com/people/ayr1
http://www.zhihu.com/people/wang-xiao-miao-45
http://www.zhihu.com/people/xu-xian-97
http://www.zhihu.com/people/twohrs
http://www.zhihu.com/people/tsuny
http://www.zhihu.com/people/chen-shao-zhi
http://www.zhihu.com/people/mark-ge-45
http://www.zhihu.com/people/henghengbaby
http://www.zhihu.com/people/ling-chao-93
http://www.zhihu.com/people/chang-yi-22
http://www.zhihu.com/people/man-flame
http://www.zhihu.com/people/xu-xin-1984
http://www.zhihu.com/people/wei-ta-bing
http://www.zhihu.com/people/cheng-xiao-dong-29
http://www.zhihu.com/people/zang-yu-40
http://www.zhihu.com/people/shi-teng-long
http://www.zhihu.com/people/zuimai
http://www.zhihu.com/people/li-yuan-56-20
http://www.zhihu.com/people/kimleo
http://www.zhihu.com/people/xu-xiao-zhu-34
http://www.zhihu.com/people/shawls
http://www.zhihu.com/people/vincent-tsai-66
http://www.zhihu.com/people/shevchenko-57
http://www.zhihu.com/people/yangjie6020
http://www.zhihu.com/people/sui-xiang
http://www.zhihu.com/people/soun-shin
http://www.zhihu.com/people/explorar
http://www.zhihu.com/people/dong-jia-ming-63
http://www.zhihu.com/people/Daringxun
http://www.zhihu.com/people/xia-duo-33-9
http://www.zhihu.com/people/zui-mo-50
http://www.zhihu.com/people/nickys
http://www.zhihu.com/people/xiexiaolong_pku
http://www.zhihu.com/people/lu-xie-65
http://www.zhihu.com/people/cang-zhu-xie
http://www.zhihu.com/people/tang-hua-an
http://www.zhihu.com/people/huang-yu-63-39
http://www.zhihu.com/people/brucewang
http://www.zhihu.com/people/kejinqian
http://www.zhihu.com/people/a-rong-14
http://www.zhihu.com/people/li-jun-jun-67
http://www.zhihu.com/people/zhang-tao-55-24
http://www.zhihu.com/people/chen-da-lang
http://www.zhihu.com/people/bao-you-li
http://www.zhihu.com/people/cui-wang
http://www.zhihu.com/people/zhang-mei-hua
http://www.zhihu.com/people/akirast
http://www.zhihu.com/people/gao-gao-gao-43
http://www.zhihu.com/people/yang-hou-ze
http://www.zhihu.com/people/zhong-ren-lei-35
http://www.zhihu.com/people/zhao-jing-yi-69
http://www.zhihu.com/people/li-lian-41
http://www.zhihu.com/people/cucjasonlee
http://www.zhihu.com/people/zhoufoxcn
http://www.zhihu.com/people/zhouzijian
http://www.zhihu.com/people/gao-bei
http://www.zhihu.com/people/seppun
http://www.zhihu.com/people/weilan_
http://www.zhihu.com/people/alice-45-16
http://www.zhihu.com/people/li-yan-2-24
http://www.zhihu.com/people/yu-da-ping
http://www.zhihu.com/people/zan-xiao-xi
http://www.zhihu.com/people/wang-kai-93-9
http://www.zhihu.com/people/nie-wei-88-36
http://www.zhihu.com/people/fan-jia-rui
http://www.zhihu.com/people/zhang-yang-19-89
http://www.zhihu.com/people/zan-jia-you-zhi-zhao-cai-mao
http://www.zhihu.com/people/pang-luan-luan
http://www.zhihu.com/people/thoreau-84
http://www.zhihu.com/people/yiliang_tang
http://www.zhihu.com/people/peng-hui-jian
http://www.zhihu.com/people/wu-wei-99-42
http://www.zhihu.com/people/li-xiao-niu-60
http://www.zhihu.com/people/lang-qian-yi
http://www.zhihu.com/people/wang-xiao-3-77
http://www.zhihu.com/people/tangliangliang
http://www.zhihu.com/people/xie-yong-yong
http://www.zhihu.com/people/feng-xiao-hei
http://www.zhihu.com/people/li-xin-62-26
http://www.zhihu.com/people/li-lei-43
http://www.zhihu.com/people/ruan-qi-chun
http://www.zhihu.com/people/pwj1568
http://www.zhihu.com/people/icebrook
http://www.zhihu.com/people/xiao-luo-54
http://www.zhihu.com/people/zhang-zhu-37-86
http://www.zhihu.com/people/407157831
http://www.zhihu.com/people/feng-xing-jian
http://www.zhihu.com/people/gao-jing-14
http://www.zhihu.com/people/liu-yi-45-69
http://www.zhihu.com/people/VerucaChan
http://www.zhihu.com/people/li-xiang-85
http://www.zhihu.com/people/xu_xu
http://www.zhihu.com/people/xie-yi-ran-87
http://www.zhihu.com/people/chen-shang-shang
http://www.zhihu.com/people/hanyitian
http://www.zhihu.com/people/dong-dong-94-47
http://www.zhihu.com/people/su-chen-chen
http://www.zhihu.com/people/wang-wei-wei-wei-10
http://www.zhihu.com/people/an-jia-jia
http://www.zhihu.com/people/li-li-han
http://www.zhihu.com/people/yi-hong-gong-zi
http://www.zhihu.com/people/liu-yu-41-88
http://www.zhihu.com/people/itecilife-ZR
http://www.zhihu.com/people/alfreda
http://www.zhihu.com/people/qi-jiu-jiu-33
http://www.zhihu.com/people/wu-run-bo
http://www.zhihu.com/people/iaisin
http://www.zhihu.com/people/lei-gang-21
http://www.zhihu.com/people/aaronsu
http://www.zhihu.com/people/ptpgzr
http://www.zhihu.com/people/du-yu-jing
http://www.zhihu.com/people/zoey-26-76
http://www.zhihu.com/people/miqilin
http://www.zhihu.com/people/hu-bu-wei
http://www.zhihu.com/people/carrie-chen-62
http://www.zhihu.com/people/mo-wei-zhi-57
http://www.zhihu.com/people/milo-67
http://www.zhihu.com/people/yutingnanxun
http://www.zhihu.com/people/snoola-tang
http://www.zhihu.com/people/guo-zhang-82
http://www.zhihu.com/people/yang-jie-96-50
http://www.zhihu.com/people/du-gang-43
http://www.zhihu.com/people/shi-ke-48-30
http://www.zhihu.com/people/suguo
http://www.zhihu.com/people/shu-yun-36
http://www.zhihu.com/people/feixiaofei
http://www.zhihu.com/people/lingzhi-zhao
http://www.zhihu.com/people/jiaoyaQQ
http://www.zhihu.com/people/dong-bao-zi
http://www.zhihu.com/people/wang-jing-84-61
http://www.zhihu.com/people/gift-power
http://www.zhihu.com/people/da-pang-51
http://www.zhihu.com/people/baike
http://www.zhihu.com/people/luo-bin-85-31
http://www.zhihu.com/people/hkyfeifei
http://www.zhihu.com/people/wu-yue-66
http://www.zhihu.com/people/dysalbert
http://www.zhihu.com/people/zhang-jun-yan
http://www.zhihu.com/people/wu-bin-94-94
http://www.zhihu.com/people/huang-shu-yi-10
http://www.zhihu.com/people/carls-kavin
http://www.zhihu.com/people/krong
http://www.zhihu.com/people/jia-jia-60
http://www.zhihu.com/people/ye-yu-xi-he
http://www.zhihu.com/people/fang-fang-19
http://www.zhihu.com/people/huang-xue-qun
http://www.zhihu.com/people/luo-tong-16
http://www.zhihu.com/people/jing-ren-67
http://www.zhihu.com/people/duffy
http://www.zhihu.com/people/zhao-bu-dao-45
http://www.zhihu.com/people/liu-pei-yao-3
http://www.zhihu.com/people/zhang-xiao-pao-73
http://www.zhihu.com/people/bela-6
http://www.zhihu.com/people/wu-lei-mu
http://www.zhihu.com/people/wangbohan
http://www.zhihu.com/people/fu-dou-jia
http://www.zhihu.com/people/artemis-chang
http://www.zhihu.com/people/sbest
http://www.zhihu.com/people/leng-er-28
http://www.zhihu.com/people/zai-yi-luo
http://www.zhihu.com/people/li-jian-hao-26
http://www.zhihu.com/people/lixiangyu25
http://www.zhihu.com/people/fangsiryeah
http://www.zhihu.com/people/weisiren
http://www.zhihu.com/people/wen-kun-guo
http://www.zhihu.com/people/ironsunny
http://www.zhihu.com/people/huhuaxiaoshuai
http://www.zhihu.com/people/ku-gua-76
http://www.zhihu.com/people/yang-jing-jing-623
http://www.zhihu.com/people/ai-ai-4
http://www.zhihu.com/people/he-yuan-sheng
http://www.zhihu.com/people/yuele
http://www.zhihu.com/people/sayes
http://www.zhihu.com/people/wan-pu
http://www.zhihu.com/people/dai-wei-99
http://www.zhihu.com/people/uryeah
http://www.zhihu.com/people/train1110
http://www.zhihu.com/people/li-yiqi
http://www.zhihu.com/people/tan-ri-tian
http://www.zhihu.com/people/bingyucas
http://www.zhihu.com/people/wang-ya-ming-5
http://www.zhihu.com/people/huoyan
http://www.zhihu.com/people/zheng-xia-ming
http://www.zhihu.com/people/lihongxing
http://www.zhihu.com/people/lu-gui-chen-26
http://www.zhihu.com/people/l-yi
http://www.zhihu.com/people/chun-ye-19
http://www.zhihu.com/people/Neo_Wu
http://www.zhihu.com/people/zhu-yuan-yu-run-40
http://www.zhihu.com/people/bitmirage
http://www.zhihu.com/people/dfl2pac
http://www.zhihu.com/people/zhaoyiyun77
http://www.zhihu.com/people/yan-ling-17
http://www.zhihu.com/people/fangqu
http://www.zhihu.com/people/zou-xiao-hei
http://www.zhihu.com/people/iseesea
http://www.zhihu.com/people/lee-ree
http://www.zhihu.com/people/fengzy
http://www.zhihu.com/people/hu-hao-wen
http://www.zhihu.com/people/marklee-26
http://www.zhihu.com/people/vahva
http://www.zhihu.com/people/xiao-duan
http://www.zhihu.com/people/tong-an-yi
http://www.zhihu.com/people/li-di-34
http://www.zhihu.com/people/jason911
http://www.zhihu.com/people/bicycling
http://www.zhihu.com/people/wangtengchuan
http://www.zhihu.com/people/sasdigg
http://www.zhihu.com/people/meng-jia-la
http://www.zhihu.com/people/pan-wei-51
http://www.zhihu.com/people/zhu-da-da-24
http://www.zhihu.com/people/pointfish
http://www.zhihu.com/people/qiu-maggie
http://www.zhihu.com/people/gu-jia-5
http://www.zhihu.com/people/gong-zheng-xuan
http://www.zhihu.com/people/zhou-ze-feng
http://www.zhihu.com/people/15.10
http://www.zhihu.com/people/xu-ling-11
http://www.zhihu.com/people/cheng-yi-92
http://www.zhihu.com/people/tan-li-9800
http://www.zhihu.com/people/chen-jia-lin-68
http://www.zhihu.com/people/bemo
http://www.zhihu.com/people/dasom
http://www.zhihu.com/people/xiao-chu
http://www.zhihu.com/people/nie-fei-0504
http://www.zhihu.com/people/fenng
http://www.zhihu.com/people/ma-xiao-jun-34
http://www.zhihu.com/people/xiao-da-da
http://www.zhihu.com/people/MichaelHsu
http://www.zhihu.com/people/mi-chou
http://www.zhihu.com/people/luobo16
http://www.zhihu.com/people/fan-wen-wen-61
http://www.zhihu.com/people/zi-ang-alex
http://www.zhihu.com/people/zhang-yi-fan-48
http://www.zhihu.com/people/dong-dong-dong-8
http://www.zhihu.com/people/sleepingknight
http://www.zhihu.com/people/fu-xin-hua-15
http://www.zhihu.com/people/tong-qiu-ben
http://www.zhihu.com/people/klingon
http://www.zhihu.com/people/zi-qing-90
http://www.zhihu.com/people/zshengqi
http://www.zhihu.com/people/qing-xiang-18
http://www.zhihu.com/people/shi-lin-37
http://www.zhihu.com/people/xsheng-13
http://www.zhihu.com/people/takole
http://www.zhihu.com/people/tan-jing-gui
http://www.zhihu.com/people/yi-da-sen
http://www.zhihu.com/people/flowolf
http://www.zhihu.com/people/zhang-lai-xu
http://www.zhihu.com/people/geng-yi-jie
http://www.zhihu.com/people/sellsoda
http://www.zhihu.com/people/dou-dou-42
http://www.zhihu.com/people/mou-jun-feng
http://www.zhihu.com/people/Geoffreyzhang
http://www.zhihu.com/people/turbo-lee
http://www.zhihu.com/people/chen-ming-gui
http://www.zhihu.com/people/gao-san-shui
http://www.zhihu.com/people/qi-qi-52-78
http://www.zhihu.com/people/gao-ming-2-44
http://www.zhihu.com/people/yang-ba-lang
http://www.zhihu.com/people/zhang-wei-zhong
http://www.zhihu.com/people/gui-bo-yang
http://www.zhihu.com/people/li-jia-jun-81-63
http://www.zhihu.com/people/mi-xiao-tong
http://www.zhihu.com/people/guan-xing-12
http://www.zhihu.com/people/labbp
http://www.zhihu.com/people/yu-gu-69
http://www.zhihu.com/people/jession1989
http://www.zhihu.com/people/shi-jia-ming-88
http://www.zhihu.com/people/zakchan
http://www.zhihu.com/people/baraba
http://www.zhihu.com/people/li-shou-yin-89
http://www.zhihu.com/people/zhang-wei-10-7
http://www.zhihu.com/people/ou-bao-bao
http://www.zhihu.com/people/dai-si-ran
http://www.zhihu.com/people/capbone
http://www.zhihu.com/people/wanggaochen
http://www.zhihu.com/people/xie-chang-ming
http://www.zhihu.com/people/dao-xiang-87
http://www.zhihu.com/people/gray-60
http://www.zhihu.com/people/zheng-jing-ren-76
http://www.zhihu.com/people/guan-an-shun
http://www.zhihu.com/people/ding-xiao-han-31
http://www.zhihu.com/people/nx
http://www.zhihu.com/people/tvvocold
http://www.zhihu.com/people/kay.x
http://www.zhihu.com/people/ma-zhen-28
http://www.zhihu.com/people/thiago
http://www.zhihu.com/people/cui-xiao-er
http://www.zhihu.com/people/liu-jin-long-44
http://www.zhihu.com/people/zhang-jerry-78
http://www.zhihu.com/people/guan-xuan
http://www.zhihu.com/people/liu-chao-64
http://www.zhihu.com/people/selangtao
http://www.zhihu.com/people/zhang-dong-sheng-1
http://www.zhihu.com/people/guang-feng
http://www.zhihu.com/people/wei-jia-wolffy-94
http://www.zhihu.com/people/liang-hai-xiang
http://www.zhihu.com/people/IcyAngel
http://www.zhihu.com/people/UID-JasonLee
http://www.zhihu.com/people/miao-de-ling
http://www.zhihu.com/people/antonia
http://www.zhihu.com/people/liandyy
http://www.zhihu.com/people/tang-nai-hua
http://www.zhihu.com/people/bai-ru-zi
http://www.zhihu.com/people/jiroas
http://www.zhihu.com/people/zhao-yun-ze
http://www.zhihu.com/people/chenxc
http://www.zhihu.com/people/chen-zi-long-30
http://www.zhihu.com/people/liang-ye-qi
http://www.zhihu.com/people/an-yi-74
http://www.zhihu.com/people/angrybaby
http://www.zhihu.com/people/xiangyongkong
http://www.zhihu.com/people/an-de-5
http://www.zhihu.com/people/shi-jia-zhuang-jian-sheng
http://www.zhihu.com/people/yuan-peng-87
http://www.zhihu.com/people/kennethtse
http://www.zhihu.com/people/ma-xiao-chuan-21
http://www.zhihu.com/people/HippoMatrix
http://www.zhihu.com/people/li-xuan-14-48
http://www.zhihu.com/people/pan-richard
http://www.zhihu.com/people/xiao-feng-zhang
http://www.zhihu.com/people/yi-si-qi
http://www.zhihu.com/people/wu-zheng-kang-38
http://www.zhihu.com/people/tian-nan-gua
http://www.zhihu.com/people/xu-ze-36-93
http://www.zhihu.com/people/zi-cao-34
http://www.zhihu.com/people/liu-cheng-an
http://www.zhihu.com/people/hengshuo
http://www.zhihu.com/people/dai-xiao-lan
http://www.zhihu.com/people/li-fei-er-13
http://www.zhihu.com/people/weijiaqi
http://www.zhihu.com/people/lin-fan-63-96
http://www.zhihu.com/people/najja
http://www.zhihu.com/people/zhang-lei-79-38
http://www.zhihu.com/people/wang-yuan-wei-82
http://www.zhihu.com/people/zhuo-zhi-ying
http://www.zhihu.com/people/RHRH
http://www.zhihu.com/people/hu-wen-hao-45
http://www.zhihu.com/people/c0in
http://www.zhihu.com/people/hellios-ban
http://www.zhihu.com/people/shi-liang-90
http://www.zhihu.com/people/diercn
http://www.zhihu.com/people/xie-jun-ting-53
http://www.zhihu.com/people/up-up-75
http://www.zhihu.com/people/zheling
http://www.zhihu.com/people/chen-jian-de
http://www.zhihu.com/people/iyucci
http://www.zhihu.com/people/luckyfish
http://www.zhihu.com/people/jysm
http://www.zhihu.com/people/peoplegxs
http://www.zhihu.com/people/sky-fall
http://www.zhihu.com/people/winglessbai
http://www.zhihu.com/people/zhao-xin-yu-89
http://www.zhihu.com/people/liu-tong-91
http://www.zhihu.com/people/fang-zi-mu-mu
http://www.zhihu.com/people/zhang-xuan-he-48
http://www.zhihu.com/people/zhu-ji-yu-93
http://www.zhihu.com/people/xiao-xi-xia
http://www.zhihu.com/people/bassmen
http://www.zhihu.com/people/techoxygen
http://www.zhihu.com/people/zhang-xun-71-6
http://www.zhihu.com/people/feng-jun-yuan
http://www.zhihu.com/people/linxiaogang
http://www.zhihu.com/people/chen-ping-49
http://www.zhihu.com/people/cody-16
http://www.zhihu.com/people/iamlisong
http://www.zhihu.com/people/Spinnist
http://www.zhihu.com/people/azorey
http://www.zhihu.com/people/qi-gang-65
http://www.zhihu.com/people/yemo
http://www.zhihu.com/people/kong-ling-___
http://www.zhihu.com/people/walker-54
http://www.zhihu.com/people/iphone5
http://www.zhihu.com/people/wei-jun-44
http://www.zhihu.com/people/ha-pi-bao
http://www.zhihu.com/people/chen-bing-hong-73
http://www.zhihu.com/people/arronleung
http://www.zhihu.com/people/li-chen-yang
http://www.zhihu.com/people/Ricahrd.Light
http://www.zhihu.com/people/xu-shao-hua
http://www.zhihu.com/people/huo-xing-jing
http://www.zhihu.com/people/li-cheng-gan
http://www.zhihu.com/people/graaaaacce
http://www.zhihu.com/people/yibubu2012
http://www.zhihu.com/people/miaomiaomiao
http://www.zhihu.com/people/backring
http://www.zhihu.com/people/liu-chen-15
http://www.zhihu.com/people/wen-chang-long
http://www.zhihu.com/people/susus
http://www.zhihu.com/people/xie-kai-66-61
http://www.zhihu.com/people/zhang-ze-kai-58
http://www.zhihu.com/people/zhang-hai-dong-25
http://www.zhihu.com/people/jin-yi-nuo
http://www.zhihu.com/people/zhang-jing-98-36
http://www.zhihu.com/people/wei-yue
http://www.zhihu.com/people/retsnom
http://www.zhihu.com/people/yichen
http://www.zhihu.com/people/zhang-lei-5-94
http://www.zhihu.com/people/li-dong-wei-47
http://www.zhihu.com/people/melo
http://www.zhihu.com/people/davy-w
http://www.zhihu.com/people/zhangweizhong
http://www.zhihu.com/people/cheng-fang-hang
http://www.zhihu.com/people/zhang-long-82
http://www.zhihu.com/people/vikinz
http://www.zhihu.com/people/hong-hei-xiao-kai
http://www.zhihu.com/people/wu-rui-rui
http://www.zhihu.com/people/sunmage
http://www.zhihu.com/people/lzsy
http://www.zhihu.com/people/li-ya-fei-28
http://www.zhihu.com/people/tang-fan-fan
http://www.zhihu.com/people/wuwwh
http://www.zhihu.com/people/sun-ming-ting
http://www.zhihu.com/people/yi-sen-8
http://www.zhihu.com/people/zhang-qi
http://www.zhihu.com/people/xiaovxia
http://www.zhihu.com/people/hu-yu-di
http://www.zhihu.com/people/liu-shuang-yang
http://www.zhihu.com/people/peterhu
http://www.zhihu.com/people/yu-si-yuan-35
http://www.zhihu.com/people/limonzhou
http://www.zhihu.com/people/1230
http://www.zhihu.com/people/scfd
http://www.zhihu.com/people/jin-ling-21
http://www.zhihu.com/people/jerryyu-86
http://www.zhihu.com/people/san-pi-ge
http://www.zhihu.com/people/luochao
http://www.zhihu.com/people/ou-yang-27
http://www.zhihu.com/people/yi-huan-yi-meng
http://www.zhihu.com/people/wei-ran-16
http://www.zhihu.com/people/zhu-yi-ge
http://www.zhihu.com/people/mao-zhu-feng
http://www.zhihu.com/people/wan-qing-hui
http://www.zhihu.com/people/bobblin
http://www.zhihu.com/people/li-mu-85-72
http://www.zhihu.com/people/tintuo
http://www.zhihu.com/people/gjvivina
http://www.zhihu.com/people/umifam
http://www.zhihu.com/people/kongxiangyuan
http://www.zhihu.com/people/Lambda
http://www.zhihu.com/people/guo-wei-hua
http://www.zhihu.com/people/Blue.Blue
http://www.zhihu.com/people/xuqixun
http://www.zhihu.com/people/anxious
http://www.zhihu.com/people/qiao-xin-qi
http://www.zhihu.com/people/damonsnow
http://www.zhihu.com/people/xu-yi-da
http://www.zhihu.com/people/li-dong-91-32
http://www.zhihu.com/people/meiyouzhuya
http://www.zhihu.com/people/caizhenghai
http://www.zhihu.com/people/xia-mi-3-82
http://www.zhihu.com/people/yushiying
http://www.zhihu.com/people/lipengbin
http://www.zhihu.com/people/davidqin
http://www.zhihu.com/people/alxe
http://www.zhihu.com/people/zhu-xiao-wu-77
http://www.zhihu.com/people/paisible
http://www.zhihu.com/people/song-song-99
http://www.zhihu.com/people/starcookie
http://www.zhihu.com/people/xnor
http://www.zhihu.com/people/archy-ringo
http://www.zhihu.com/people/cu-mu
http://www.zhihu.com/people/xu-shao-zhi
http://www.zhihu.com/people/zengyingjia
http://www.zhihu.com/people/kong-jiu-ping
http://www.zhihu.com/people/wantfu
http://www.zhihu.com/people/tao
http://www.zhihu.com/people/tian-peng-23-46
http://www.zhihu.com/people/shengzhiliang
http://www.zhihu.com/people/calmu
http://www.zhihu.com/people/cranew
http://www.zhihu.com/people/pan-lang-lang
http://www.zhihu.com/people/xu-jun-hua-28
http://www.zhihu.com/people/yan-le-peng
http://www.zhihu.com/people/yuger.net
http://www.zhihu.com/people/myisocn
http://www.zhihu.com/people/zec-5
http://www.zhihu.com/people/penpenwang
http://www.zhihu.com/people/zhang-wang-51
http://www.zhihu.com/people/chen-mo-ling
http://www.zhihu.com/people/sun-___-ming
http://www.zhihu.com/people/lou-wei-22
http://www.zhihu.com/people/zhao-zi-hua
http://www.zhihu.com/people/cwjhot
http://www.zhihu.com/people/zhang-hao-22
http://www.zhihu.com/people/madouling
http://www.zhihu.com/people/jing-22
http://www.zhihu.com/people/zoooey
http://www.zhihu.com/people/zhang-___-chuan
http://www.zhihu.com/people/fang-che-dan
http://www.zhihu.com/people/xiao-jian-ren-71
http://www.zhihu.com/people/Chorusist
http://www.zhihu.com/people/ledlaohuo
http://www.zhihu.com/people/ye-tian
http://www.zhihu.com/people/tinyala
http://www.zhihu.com/people/yi-ming-72-8
http://www.zhihu.com/people/peng-zhi-ran
http://www.zhihu.com/people/huanghuihui1991
http://www.zhihu.com/people/longway
http://www.zhihu.com/people/wang-yuan-66-5
http://www.zhihu.com/people/hou-run-tian
http://www.zhihu.com/people/tcstar
http://www.zhihu.com/people/li-you-19-65
http://www.zhihu.com/people/beta1
http://www.zhihu.com/people/liu-da-chun-68
http://www.zhihu.com/people/klingons
http://www.zhihu.com/people/chen-shao-qing-34
http://www.zhihu.com/people/ma-bo-ping
http://www.zhihu.com/people/yao-da-shan
http://www.zhihu.com/people/jing-xiao-liang
http://www.zhihu.com/people/kalon
http://www.zhihu.com/people/chouthen
http://www.zhihu.com/people/kevinzoro
http://www.zhihu.com/people/wen-tao-4
http://www.zhihu.com/people/han-yan-hui
http://www.zhihu.com/people/TrusBe
http://www.zhihu.com/people/max-shao
http://www.zhihu.com/people/qian-gui-shen
http://www.zhihu.com/people/dan-xian
http://www.zhihu.com/people/xiaoxingchange
http://www.zhihu.com/people/jinchen
http://www.zhihu.com/people/deng-yong-can
http://www.zhihu.com/people/cd147
http://www.zhihu.com/people/li-rui-74
http://www.zhihu.com/people/wang-xiao-di-8
http://www.zhihu.com/people/freakchen
http://www.zhihu.com/people/yao-ze-yuan
http://www.zhihu.com/people/poseidon-80
http://www.zhihu.com/people/chenyongren
http://www.zhihu.com/people/orzwind
http://www.zhihu.com/people/jiayizhen
http://www.zhihu.com/people/ding-yu-zhu
http://www.zhihu.com/people/zhouxiaoluo
http://www.zhihu.com/people/Zhendong
http://www.zhihu.com/people/suan-liao-ge-nai
http://www.zhihu.com/people/haohaoxuexi
http://www.zhihu.com/people/intellectual
http://www.zhihu.com/people/Geogory
http://www.zhihu.com/people/jia-jia-lin-87
http://www.zhihu.com/people/fiyang
http://www.zhihu.com/people/zheng-ji
http://www.zhihu.com/people/leo-51-32
http://www.zhihu.com/people/bing-zhen-niu-nai
http://www.zhihu.com/people/Challenger800
http://www.zhihu.com/people/lizardxy
http://www.zhihu.com/people/xu-yu-xiang-74
http://www.zhihu.com/people/tooyoung
http://www.zhihu.com/people/you-zhi-qing-nian-meng-hua-hua
http://www.zhihu.com/people/sammumumumu
http://www.zhihu.com/people/chen-jie-71
http://www.zhihu.com/people/hu-jing-jing-55
http://www.zhihu.com/people/su-bao-lin
http://www.zhihu.com/people/zhangzuliang
http://www.zhihu.com/people/dai-hou-shuang
http://www.zhihu.com/people/ikbear
http://www.zhihu.com/people/xinluo
http://www.zhihu.com/people/1940Day
http://www.zhihu.com/people/garhom
http://www.zhihu.com/people/imceobitch
http://www.zhihu.com/people/yshone
http://www.zhihu.com/people/xiaogaozi
http://www.zhihu.com/people/liu-ying-ge
http://www.zhihu.com/people/KingdomSpace
http://www.zhihu.com/people/greyopps
http://www.zhihu.com/people/wang-hai-long-64
http://www.zhihu.com/people/wooden
http://www.zhihu.com/people/xhw024
http://www.zhihu.com/people/yaocoder
http://www.zhihu.com/people/jack-35-66
http://www.zhihu.com/people/lan-zhang
http://www.zhihu.com/people/he-qing-feng
http://www.zhihu.com/people/lubinwei
http://www.zhihu.com/people/mapengze
http://www.zhihu.com/people/te-te-54
http://www.zhihu.com/people/an-zhi-25
http://www.zhihu.com/people/wang-ya-bing
http://www.zhihu.com/people/xiaohg
http://www.zhihu.com/people/liuxiaobao
http://www.zhihu.com/people/hu-zheng-93
http://www.zhihu.com/people/haoyue-xu-25
http://www.zhihu.com/people/zhenghaorocks
http://www.zhihu.com/people/xiahao
http://www.zhihu.com/people/wu-ting-ting
http://www.zhihu.com/people/dai-qi
http://www.zhihu.com/people/alldryc
http://www.zhihu.com/people/lijigang.com
http://www.zhihu.com/people/nan-yun
http://www.zhihu.com/people/yang-yi-70-69
http://www.zhihu.com/people/yang-hai-77
http://www.zhihu.com/people/twmm
http://www.zhihu.com/people/kuvick
http://www.zhihu.com/people/lin-ke-48
http://www.zhihu.com/people/wu-wei-96-47
http://www.zhihu.com/people/positive52energy
http://www.zhihu.com/people/wu-kai-lun
http://www.zhihu.com/people/cheng-li-12
http://www.zhihu.com/people/mingyang-84
http://www.zhihu.com/people/shu-ma-er
http://www.zhihu.com/people/li-jia-50
http://www.zhihu.com/people/jin-xiao-nan
http://www.zhihu.com/people/Mr31415927
http://www.zhihu.com/people/tang-wen-tao
http://www.zhihu.com/people/yuanbo
http://www.zhihu.com/people/wu-ding-hao
http://www.zhihu.com/people/yan-yi-19
http://www.zhihu.com/people/Haominshi
http://www.zhihu.com/people/eluv
http://www.zhihu.com/people/chen-peng-cheng-23
http://www.zhihu.com/people/shuai-ding-xin-real
http://www.zhihu.com/people/JamesHsia
http://www.zhihu.com/people/david-du
http://www.zhihu.com/people/hu-tian-yi
http://www.zhihu.com/people/tangjingxin
http://www.zhihu.com/people/huang-peng-xiao
http://www.zhihu.com/people/spirit-23
http://www.zhihu.com/people/guoyijia
http://www.zhihu.com/people/chunliu
http://www.zhihu.com/people/li-tian-ming-88
http://www.zhihu.com/people/yu-lei-yu
http://www.zhihu.com/people/eilif
http://www.zhihu.com/people/gao-da-li
http://www.zhihu.com/people/tongxiaotai
http://www.zhihu.com/people/jasonyang
http://www.zhihu.com/people/wen-wen-le
http://www.zhihu.com/people/benjamin
http://www.zhihu.com/people/jackyfeng
http://www.zhihu.com/people/yangkaiguo
http://www.zhihu.com/people/August_Zhou
http://www.zhihu.com/people/shuo-guo-xi-wen
http://www.zhihu.com/people/austinhuang
http://www.zhihu.com/people/qye001
http://www.zhihu.com/people/dong-fei-57
http://www.zhihu.com/people/zhoulianchi
http://www.zhihu.com/people/Evershine
http://www.zhihu.com/people/wang-qiang-4
http://www.zhihu.com/people/yan-dong-3-12
http://www.zhihu.com/people/xiongdanju
http://www.zhihu.com/people/li-chun-xiao-53
http://www.zhihu.com/people/zhuangmingren
http://www.zhihu.com/people/zhou-peng-peng
http://www.zhihu.com/people/rainpalazzo
http://www.zhihu.com/people/jianlongliu
http://www.zhihu.com/people/coldloving
http://www.zhihu.com/people/shawn-4-79
http://www.zhihu.com/people/bingle
http://www.zhihu.com/people/cai-yan-ting-81
http://www.zhihu.com/people/tang-wen-jia
http://www.zhihu.com/people/chengt03
http://www.zhihu.com/people/fang-bo-yu
http://www.zhihu.com/people/psjay
http://www.zhihu.com/people/dai-ren-zhi
http://www.zhihu.com/people/zhu-lu-te
http://www.zhihu.com/people/he-li-ying-13
http://www.zhihu.com/people/chen-zhe-53
http://www.zhihu.com/people/justit
http://www.zhihu.com/people/danielchen1995
http://www.zhihu.com/people/vagrant
http://www.zhihu.com/people/yameizi
http://www.zhihu.com/people/zhang-sheng-dong
http://www.zhihu.com/people/li-fei-lai
http://www.zhihu.com/people/xizhaoweiyang
http://www.zhihu.com/people/rabbitgod
http://www.zhihu.com/people/elynd
http://www.zhihu.com/people/zhang-jie-49
http://www.zhihu.com/people/sylovelp
http://www.zhihu.com/people/xingshuo
http://www.zhihu.com/people/junfeng-46
http://www.zhihu.com/people/my-god
http://www.zhihu.com/people/genio-crane
http://www.zhihu.com/people/mca007
http://www.zhihu.com/people/zhangga
http://www.zhihu.com/people/chen-yang-53
http://www.zhihu.com/people/yu-he-ping
http://www.zhihu.com/people/zhang-yihua
http://www.zhihu.com/people/tony-20
http://www.zhihu.com/people/wang-li-nuo-77-51
http://www.zhihu.com/people/bu-zhi-xian-sheng-78
http://www.zhihu.com/people/gui-zhuo
http://www.zhihu.com/people/songkun
http://www.zhihu.com/people/vict
http://www.zhihu.com/people/fengjinwei
http://www.zhihu.com/people/fang-bin-70
http://www.zhihu.com/people/su-dong-15
http://www.zhihu.com/people/heayon
http://www.zhihu.com/people/huangxiuchuan
http://www.zhihu.com/people/captain-65
http://www.zhihu.com/people/davidx
http://www.zhihu.com/people/gong-huan-qi
http://www.zhihu.com/people/kong-qi-26
http://www.zhihu.com/people/sunxiaoshuai
http://www.zhihu.com/people/knightshady
http://www.zhihu.com/people/cesclee-40
http://www.zhihu.com/people/flyingray
http://www.zhihu.com/people/timerecorder
http://www.zhihu.com/people/sha-juan
http://www.zhihu.com/people/zhang-xiao-hei
http://www.zhihu.com/people/hu-ya
http://www.zhihu.com/people/mazk
http://www.zhihu.com/people/yimuxia
http://www.zhihu.com/people/cao-mou-mou
http://www.zhihu.com/people/left3691
http://www.zhihu.com/people/clauz
http://www.zhihu.com/people/ban-xiao-zhuan
http://www.zhihu.com/people/lidongdong
http://www.zhihu.com/people/secret
http://www.zhihu.com/people/luo-rui-62
http://www.zhihu.com/people/zhang-wei-dong-59
http://www.zhihu.com/people/jixin
http://www.zhihu.com/people/huozb
http://www.zhihu.com/people/babyfacer
http://www.zhihu.com/people/shrioneko
http://www.zhihu.com/people/gigglie
http://www.zhihu.com/people/sim-1
http://www.zhihu.com/people/wang-yan-yuan
http://www.zhihu.com/people/wang-lei-52
http://www.zhihu.com/people/xuzuozuo
http://www.zhihu.com/people/lu-yi-lin
http://www.zhihu.com/people/wang-zhao-yang-1
http://www.zhihu.com/people/huang-chen-15
http://www.zhihu.com/people/oogoo
http://www.zhihu.com/people/yangzheng1992
http://www.zhihu.com/people/chang-kai-xin-85
http://www.zhihu.com/people/monicazi-you-xin
http://www.zhihu.com/people/qi-xiao-qikennyqi
http://www.zhihu.com/people/richardliu-55
http://www.zhihu.com/people/kkkkylin
http://www.zhihu.com/people/bao-zou
http://www.zhihu.com/people/li-xue-yu-30
http://www.zhihu.com/people/davi-d
http://www.zhihu.com/people/zhang-hu-66-1
http://www.zhihu.com/people/......
http://www.zhihu.com/people/zhou-wen-bin
http://www.zhihu.com/people/mapleiny
http://www.zhihu.com/people/ilva
http://www.zhihu.com/people/wang-xue-qing
http://www.zhihu.com/people/xingzhekui
http://www.zhihu.com/people/halu-98
http://www.zhihu.com/people/li-kai-49
http://www.zhihu.com/people/xu-qing-yang
http://www.zhihu.com/people/chung
http://www.zhihu.com/people/clyde_
http://www.zhihu.com/people/r-q-r
http://www.zhihu.com/people/Zind
http://www.zhihu.com/people/gaozongwen
http://www.zhihu.com/people/zjxubinbin
http://www.zhihu.com/people/ifreedom
http://www.zhihu.com/people/ruan-chang-feng
http://www.zhihu.com/people/songye
http://www.zhihu.com/people/imxiaofeng
http://www.zhihu.com/people/sky0051
http://www.zhihu.com/people/zisheng
http://www.zhihu.com/people/xxnotepad
http://www.zhihu.com/people/li-yi-wei-68
http://www.zhihu.com/people/joey-8
http://www.zhihu.com/people/sparkle
http://www.zhihu.com/people/zhang-chen-qing
http://www.zhihu.com/people/xiesheng-24
http://www.zhihu.com/people/hlhl
http://www.zhihu.com/people/chenqiufan
http://www.zhihu.com/people/cheristorm
http://www.zhihu.com/people/zhangleo
http://www.zhihu.com/people/tabris
http://www.zhihu.com/people/liu-da-pao
http://www.zhihu.com/people/kidlg
http://www.zhihu.com/people/lan-cong
http://www.zhihu.com/people/gaoshan
http://www.zhihu.com/people/jin-hai-lang
http://www.zhihu.com/people/samcn
http://www.zhihu.com/people/sasaki
http://www.zhihu.com/people/netsos
http://www.zhihu.com/people/qiu-hang-60
http://www.zhihu.com/people/wan-qiu-qiu-34
http://www.zhihu.com/people/neo-70
http://www.zhihu.com/people/qia-qia-tuo
http://www.zhihu.com/people/lei-jun-57
http://www.zhihu.com/people/endlessturelove
http://www.zhihu.com/people/hulihao
http://www.zhihu.com/people/yangshenme
http://www.zhihu.com/people/zhouxixi
http://www.zhihu.com/people/tencent
http://www.zhihu.com/people/bale
http://www.zhihu.com/people/donhi
http://www.zhihu.com/people/omell
http://www.zhihu.com/people/huangbo
http://www.zhihu.com/people/liu-yuan-shan
http://www.zhihu.com/people/lei-lei-89
http://www.zhihu.com/people/stephen-cheng
http://www.zhihu.com/people/vilkin
http://www.zhihu.com/people/lei.shi
http://www.zhihu.com/people/gymitat
http://www.zhihu.com/people/xiaolud
http://www.zhihu.com/people/wu-zhu-46
http://www.zhihu.com/people/liu-hui-72
http://www.zhihu.com/people/neo-21-87
http://www.zhihu.com/people/rare
http://www.zhihu.com/people/feng-jie-peng
http://www.zhihu.com/people/rekcon
http://www.zhihu.com/people/herolifan
http://www.zhihu.com/people/stardust
http://www.zhihu.com/people/chen-yun-tian
http://www.zhihu.com/people/wang-wen-ping
http://www.zhihu.com/people/yang-yang-2
http://www.zhihu.com/people/koogle
http://www.zhihu.com/people/chai-pi-ma
http://www.zhihu.com/people/laomian
http://www.zhihu.com/people/fu-er
http://www.zhihu.com/people/lakujira
http://www.zhihu.com/people/gaoan
http://www.zhihu.com/people/zhu-jia-zhuang
http://www.zhihu.com/people/zhongkun
http://www.zhihu.com/people/yang-lei-86
http://www.zhihu.com/people/nicolezhu
http://www.zhihu.com/people/47463737
http://www.zhihu.com/people/ronronronron
http://www.zhihu.com/people/Sam_Su
http://www.zhihu.com/people/liu-rui-bo
http://www.zhihu.com/people/zhihuun
http://www.zhihu.com/people/zhang-ge-84
http://www.zhihu.com/people/shi-ji-li
http://www.zhihu.com/people/wei-feng-bo
http://www.zhihu.com/people/zaiyiqi
http://www.zhihu.com/people/zhang-zhan-tu
http://www.zhihu.com/people/leoh
http://www.zhihu.com/people/marshallzhang
http://www.zhihu.com/people/chen-xin-76
http://www.zhihu.com/people/longcat
http://www.zhihu.com/people/huang-wei-jun-36
http://www.zhihu.com/people/fuyu89
http://www.zhihu.com/people/wolftankk
http://www.zhihu.com/people/hehaiyan
http://www.zhihu.com/people/xie-zhao-yuan-28
http://www.zhihu.com/people/bookcold
http://www.zhihu.com/people/feng-kui-zhi
http://www.zhihu.com/people/luckylichen
http://www.zhihu.com/people/ru-shi-wo-wen
http://www.zhihu.com/people/alexpoo
http://www.zhihu.com/people/vincentsi
http://www.zhihu.com/people/Lake7
http://www.zhihu.com/people/zhihu_lxl
http://www.zhihu.com/people/flitpend
http://www.zhihu.com/people/wangshuqiu
http://www.zhihu.com/people/spoontzc
http://www.zhihu.com/people/vance92
http://www.zhihu.com/people/lufo
http://www.zhihu.com/people/ao-tu-kou-tian
http://www.zhihu.com/people/wjazz
http://www.zhihu.com/people/yuan-erer
http://www.zhihu.com/people/sunjw
http://www.zhihu.com/people/1841
http://www.zhihu.com/people/blue
http://www.zhihu.com/people/ma-xiao-jun-61
http://www.zhihu.com/people/zhangminxing
http://www.zhihu.com/people/boxun
http://www.zhihu.com/people/zhu-jun-qiang
http://www.zhihu.com/people/zkaip
http://www.zhihu.com/people/zheng-quan
http://www.zhihu.com/people/noyaliu
http://www.zhihu.com/people/wlk-81
http://www.zhihu.com/people/butter
http://www.zhihu.com/people/zhang-jian-wei-1225
http://www.zhihu.com/people/huang-long-10
http://www.zhihu.com/people/paul-tung
http://www.zhihu.com/people/5oct11
http://www.zhihu.com/people/Jerk
http://www.zhihu.com/people/zhou-zheng-kun
http://www.zhihu.com/people/zhangteng
http://www.zhihu.com/people/wang-yan-xin-31
http://www.zhihu.com/people/duanlei
http://www.zhihu.com/people/Nephele
http://www.zhihu.com/people/nov13
http://www.zhihu.com/people/SOCO.SO
http://www.zhihu.com/people/veightz
http://www.zhihu.com/people/zhang-pei-long-99
http://www.zhihu.com/people/lianghuan
http://www.zhihu.com/people/loveyu
http://www.zhihu.com/people/amoyqun
http://www.zhihu.com/people/boviyoung
http://www.zhihu.com/people/Novamix
http://www.zhihu.com/people/yu-ming-gu-wen-chen-tao
http://www.zhihu.com/people/lovefcb
http://www.zhihu.com/people/liu-lu
http://www.zhihu.com/people/li-jun-55
http://www.zhihu.com/people/gao-sai-jie
http://www.zhihu.com/people/bachelor99
http://www.zhihu.com/people/puyun
http://www.zhihu.com/people/SailBoat
http://www.zhihu.com/people/jiang-xiang-ling
http://www.zhihu.com/people/lihua
http://www.zhihu.com/people/hei-se-bo-luo
http://www.zhihu.com/people/chengyuan
http://www.zhihu.com/people/gongpengjun
http://www.zhihu.com/people/982693
http://www.zhihu.com/people/Ansonyi
http://www.zhihu.com/people/yin-ya-nan
http://www.zhihu.com/people/gino
http://www.zhihu.com/people/annblue25
http://www.zhihu.com/people/billhan
http://www.zhihu.com/people/wangxiaofeng
http://www.zhihu.com/people/cklover
http://www.zhihu.com/people/wuyu0619
http://www.zhihu.com/people/ying-da-li-67
http://www.zhihu.com/people/hzksh
http://www.zhihu.com/people/pumpkinmage
http://www.zhihu.com/people/0001
http://www.zhihu.com/people/qiu-yi-xin
http://www.zhihu.com/people/K-none
http://www.zhihu.com/people/violor
http://www.zhihu.com/people/lei-ze-89
http://www.zhihu.com/people/oulove
http://www.zhihu.com/people/kaiyi
