http://www.zhihu.com/people/deutsch-99
http://www.zhihu.com/people/yu-xi-80
http://www.zhihu.com/people/ceng-niou
http://www.zhihu.com/people/zhang-qing-xiu
http://www.zhihu.com/people/cheng-xiao-dong-29
http://www.zhihu.com/people/neil-35-70
http://www.zhihu.com/people/shang-guan-jing-yu
http://www.zhihu.com/people/xiao-lang-4-61
http://www.zhihu.com/people/zhang-mu-yu-39
http://www.zhihu.com/people/gaotz
http://www.zhihu.com/people/yanz-4
http://www.zhihu.com/people/meilixinqing
http://www.zhihu.com/people/xi-yue-90
http://www.zhihu.com/people/yang-xue-chun
http://www.zhihu.com/people/chen-lei-142857
http://www.zhihu.com/people/li-rui-74
http://www.zhihu.com/people/SeanParker
http://www.zhihu.com/people/wang-gong-2
http://www.zhihu.com/people/qin-nan-55
http://www.zhihu.com/people/lachesis
http://www.zhihu.com/people/shu-yun-36
http://www.zhihu.com/people/xiao-chu
http://www.zhihu.com/people/jia-jun-66
http://www.zhihu.com/people/yang-zi-hui
http://www.zhihu.com/people/yang-hu-35
http://www.zhihu.com/people/yezhuang
http://www.zhihu.com/people/zhang-lai-xu
http://www.zhihu.com/people/wang-shi-jie-43
http://www.zhihu.com/people/Geoffreyzhang
http://www.zhihu.com/people/xu-chang-43
http://www.zhihu.com/people/li-shou-yin-89
http://www.zhihu.com/people/zhu-bo-tao
http://www.zhihu.com/people/Chen-Yaning
http://www.zhihu.com/people/wang-ce-53
http://www.zhihu.com/people/xiao-sa-06-16
http://www.zhihu.com/people/wang-liao-de
http://www.zhihu.com/people/mi-mi-54
http://www.zhihu.com/people/song-wen-ting-7
http://www.zhihu.com/people/lu-jia-11
http://www.zhihu.com/people/techoxygen
http://www.zhihu.com/people/sunzijie
http://www.zhihu.com/people/wang-sen-lin-84
http://www.zhihu.com/people/Dominic_
http://www.zhihu.com/people/zombie
http://www.zhihu.com/people/liu-ying-ge
http://www.zhihu.com/people/li-hai-lin-19
http://www.zhihu.com/people/dou-ke-qin
http://www.zhihu.com/people/chi-bing-ting
http://www.zhihu.com/people/du-zhi-hong
http://www.zhihu.com/people/zhongguotese
http://www.zhihu.com/people/xing-chen-91
http://www.zhihu.com/people/GilgameshK
http://www.zhihu.com/people/li-yao-hua
http://www.zhihu.com/people/allen-chen-57
http://www.zhihu.com/people/liu-ke-68-48
http://www.zhihu.com/people/jinchen
http://www.zhihu.com/people/surferosa
http://www.zhihu.com/people/dogherd
http://www.zhihu.com/people/haohaoxuexi
http://www.zhihu.com/people/qi-jian-xiong
http://www.zhihu.com/people/luruihai
http://www.zhihu.com/people/cao-meng-di
http://www.zhihu.com/people/damaoyizhi
http://www.zhihu.com/people/xiangyongkong
http://www.zhihu.com/people/wang-xiao-mei-35
http://www.zhihu.com/people/yshone
http://www.zhihu.com/people/edutainer
http://www.zhihu.com/people/wang-wei-yi-90
http://www.zhihu.com/people/wwsi
http://www.zhihu.com/people/xu-xiao-man-78
http://www.zhihu.com/people/kiwiit
http://www.zhihu.com/people/dong-ji-zai-hang-zhou
http://www.zhihu.com/people/zhang-qun-xiao
http://www.zhihu.com/people/nie-yu-23
http://www.zhihu.com/people/li-xin-30-42
http://www.zhihu.com/people/Ataraxia002
http://www.zhihu.com/people/netsos
http://www.zhihu.com/people/yang-zhi-da
http://www.zhihu.com/people/alexander-75
http://www.zhihu.com/people/ashely
http://www.zhihu.com/people/liu-xi-fei
http://www.zhihu.com/people/qun-zhi
http://www.zhihu.com/people/lakujira
http://www.zhihu.com/people/chen-xiao-mei
http://www.zhihu.com/people/cklover
http://www.zhihu.com/people/zk1818kid
http://www.zhihu.com/people/luo-xiao-ping
http://www.zhihu.com/people/yang-cong-quan-man-tou
http://www.zhihu.com/people/xing-zhuang-jie
http://www.zhihu.com/people/rare
http://www.zhihu.com/people/hahaheheha
http://www.zhihu.com/people/adam-86
http://www.zhihu.com/people/gao-da-li
http://www.zhihu.com/people/dingsheng
http://www.zhihu.com/people/mr-yizhi
http://www.zhihu.com/people/xuechengxi
http://www.zhihu.com/people/shuixianmunan
http://www.zhihu.com/people/wang-zu-shan
http://www.zhihu.com/people/hu-dian-69
http://www.zhihu.com/people/louisecheng
http://www.zhihu.com/people/wang-hong-ying
http://www.zhihu.com/people/wenwei
http://www.zhihu.com/people/anyan
http://www.zhihu.com/people/lovms
http://www.zhihu.com/people/song-he-44
http://www.zhihu.com/people/skywalkerji
http://www.zhihu.com/people/zhu-hui-lai
http://www.zhihu.com/people/zhao-dan-98
http://www.zhihu.com/people/han-ming-ke
http://www.zhihu.com/people/yuan-erer
http://www.zhihu.com/people/liu-hang-62
http://www.zhihu.com/people/zheng-xiao-fu
http://www.zhihu.com/people/yan-yan-66
http://www.zhihu.com/people/Felicity
http://www.zhihu.com/people/fa-jun
http://www.zhihu.com/people/cricket
http://www.zhihu.com/people/san-yang-68
http://www.zhihu.com/people/xiaofaye
http://www.zhihu.com/people/wei-yan-22
http://www.zhihu.com/people/lolocho
http://www.zhihu.com/people/helloben
http://www.zhihu.com/people/shucong
http://www.zhihu.com/people/wang-xiao-hui-58
http://www.zhihu.com/people/ivy-cheung
http://www.zhihu.com/people/yi-zhou-27
http://www.zhihu.com/people/hui-feng-hua
http://www.zhihu.com/people/mapwyj
http://www.zhihu.com/people/sunxiaolong
http://www.zhihu.com/people/huang-le-jun
http://www.zhihu.com/people/cong-rong-24
http://www.zhihu.com/people/lei-xue-yu
http://www.zhihu.com/people/she-zhao-zhuo
http://www.zhihu.com/people/amore721
http://www.zhihu.com/people/yanlee
http://www.zhihu.com/people/jiabengg
http://www.zhihu.com/people/bei-ji-yan-ou
http://www.zhihu.com/people/yang-ying-24
http://www.zhihu.com/people/zhang-yu-liang
http://www.zhihu.com/people/li-long-66
http://www.zhihu.com/people/li-xiao-you-29
http://www.zhihu.com/people/shi-dou
http://www.zhihu.com/people/yao-wei-ji
http://www.zhihu.com/people/lady-fifi
http://www.zhihu.com/people/wang-tian-gang
http://www.zhihu.com/people/ran-lang-lang
http://www.zhihu.com/people/yang-zheng-tian
http://www.zhihu.com/people/Imi100
http://www.zhihu.com/people/xu-zhe-42
http://www.zhihu.com/people/zelin
http://www.zhihu.com/people/banyou
http://www.zhihu.com/people/li-peng-8
http://www.zhihu.com/people/wang-ying-ying-52
http://www.zhihu.com/people/cinderella-41
http://www.zhihu.com/people/wang-dong-67
http://www.zhihu.com/people/he-jing-jing-azaaza
http://www.zhihu.com/people/xiao-lan-bob
http://www.zhihu.com/people/macrochen
http://www.zhihu.com/people/tang-mi-54
http://www.zhihu.com/people/huang-shao-tao
http://www.zhihu.com/people/xiong-min-ping
http://www.zhihu.com/people/augustus
http://www.zhihu.com/people/caozhen
http://www.zhihu.com/people/e-beetle
http://www.zhihu.com/people/wangjucheng
http://www.zhihu.com/people/zhao-chen-guang-95
http://www.zhihu.com/people/liang-ping-56
http://www.zhihu.com/people/aileen-74
http://www.zhihu.com/people/lu-xiao-mi
http://www.zhihu.com/people/explorar
http://www.zhihu.com/people/xi-yu-feng
http://www.zhihu.com/people/terrill
http://www.zhihu.com/people/tina-lee
http://www.zhihu.com/people/taozi000
http://www.zhihu.com/people/li-xuan-xu
http://www.zhihu.com/people/mai-xi-37
http://www.zhihu.com/people/niujiachen
http://www.zhihu.com/people/gao-yao-hui
http://www.zhihu.com/people/gao-yang-bo
http://www.zhihu.com/people/ziyuan423
http://www.zhihu.com/people/wang-li-zhuo-73
http://www.zhihu.com/people/timcheung
http://www.zhihu.com/people/jiang-jing-11
http://www.zhihu.com/people/wu-xin-wang
http://www.zhihu.com/people/henrylord
http://www.zhihu.com/people/tang-lin-8
http://www.zhihu.com/people/gan-lan-46
http://www.zhihu.com/people/zha5
http://www.zhihu.com/people/jin-ke-xin-emilie
http://www.zhihu.com/people/chen-yun-70
http://www.zhihu.com/people/huang-peng-xiao
http://www.zhihu.com/people/shao-zi-jun
http://www.zhihu.com/people/Goleo8
http://www.zhihu.com/people/emiledai
http://www.zhihu.com/people/mutuyu
http://www.zhihu.com/people/chen-wen-qin
http://www.zhihu.com/people/duan-xiao-bo
http://www.zhihu.com/people/anglia666
http://www.zhihu.com/people/zhou-san-zi
http://www.zhihu.com/people/song-peng-33
http://www.zhihu.com/people/pointo
http://www.zhihu.com/people/gong-yi-29
http://www.zhihu.com/people/chen-qing-33
http://www.zhihu.com/people/csmyzi
http://www.zhihu.com/people/yoyochen
http://www.zhihu.com/people/loadingxxxxx
http://www.zhihu.com/people/you-zou-wang
http://www.zhihu.com/people/zhizhiweizhizhi
http://www.zhihu.com/people/idealtimes
http://www.zhihu.com/people/wang-ping-35
http://www.zhihu.com/people/scissorking
http://www.zhihu.com/people/yao-jian-bo
http://www.zhihu.com/people/wei-wei-78
http://www.zhihu.com/people/yougang
http://www.zhihu.com/people/li-song-71
http://www.zhihu.com/people/zhu-jie-ming
http://www.zhihu.com/people/huang-zhang-xi
http://www.zhihu.com/people/zhou-yan-zhi
http://www.zhihu.com/people/wang-jie-92-52
http://www.zhihu.com/people/wang-juan-48
http://www.zhihu.com/people/wu-xiao-dong-6
http://www.zhihu.com/people/lad_login
http://www.zhihu.com/people/jia-jun-85
http://www.zhihu.com/people/laura-2
http://www.zhihu.com/people/sdqhlizhen
http://www.zhihu.com/people/gumyam
http://www.zhihu.com/people/wade-zheng
http://www.zhihu.com/people/chanpinjingli
http://www.zhihu.com/people/alfredC
http://www.zhihu.com/people/ruo-mu-5
http://www.zhihu.com/people/noe132
http://www.zhihu.com/people/meng-li-jun2012
http://www.zhihu.com/people/zhang-lian-jie
http://www.zhihu.com/people/hao-bing
http://www.zhihu.com/people/xiao-yao-20
http://www.zhihu.com/people/yoyoworks
http://www.zhihu.com/people/mu-ke-da
http://www.zhihu.com/people/li-shuang-jiang
http://www.zhihu.com/people/wuchedan
http://www.zhihu.com/people/li-yan-yan
http://www.zhihu.com/people/wang-jing-72
http://www.zhihu.com/people/wang-kun-cheng
http://www.zhihu.com/people/li-jun-xiang
http://www.zhihu.com/people/english
http://www.zhihu.com/people/dong-feng-cui
http://www.zhihu.com/people/gukr001
http://www.zhihu.com/people/dong-cai-hong
http://www.zhihu.com/people/li-nan-77
http://www.zhihu.com/people/xin-wei-50
http://www.zhihu.com/people/li-xiao-jing-50
http://www.zhihu.com/people/wang-hui-47-60
http://www.zhihu.com/people/dawenci
http://www.zhihu.com/people/shen-yue
http://www.zhihu.com/people/Scott.s
http://www.zhihu.com/people/zhong-xiao-wen
http://www.zhihu.com/people/AD-Vash
http://www.zhihu.com/people/jiayong
http://www.zhihu.com/people/masaki
http://www.zhihu.com/people/tang-yue
http://www.zhihu.com/people/ryokokoro
http://www.zhihu.com/people/lou-da-jing
http://www.zhihu.com/people/ylorn
http://www.zhihu.com/people/yang-jin-ming-37
http://www.zhihu.com/people/fu-xiao-yu
http://www.zhihu.com/people/shu-nong
http://www.zhihu.com/people/luo-chan
http://www.zhihu.com/people/liu-shou-ye
http://www.zhihu.com/people/houhuan1006
http://www.zhihu.com/people/gotham
http://www.zhihu.com/people/qiyizhi
http://www.zhihu.com/people/jian-jian-13
http://www.zhihu.com/people/fornane
http://www.zhihu.com/people/chen-chen-chen-27-14
http://www.zhihu.com/people/deanlee
http://www.zhihu.com/people/qin-chuan-92
http://www.zhihu.com/people/piza
http://www.zhihu.com/people/tao-zhu
http://www.zhihu.com/people/liu-bing-huang
http://www.zhihu.com/people/jedzhang
http://www.zhihu.com/people/mo-tian
http://www.zhihu.com/people/melinda34
http://www.zhihu.com/people/chen-dan-ni
http://www.zhihu.com/people/liu-di-91
http://www.zhihu.com/people/devilazy
http://www.zhihu.com/people/joker-lu
http://www.zhihu.com/people/yeung
http://www.zhihu.com/people/su-hui-54
http://www.zhihu.com/people/xie-jia-di
http://www.zhihu.com/people/tongeril
http://www.zhihu.com/people/li-pei-zhe
http://www.zhihu.com/people/zhang-peng-fei-95
http://www.zhihu.com/people/wang-zhi-feng-22
http://www.zhihu.com/people/hou-zhi-qiang
http://www.zhihu.com/people/pahu2000
http://www.zhihu.com/people/li-bao-hua
http://www.zhihu.com/people/wang-sheng-9
http://www.zhihu.com/people/yang-zhen-yu
http://www.zhihu.com/people/mollywu
http://www.zhihu.com/people/yangyuehao1616
http://www.zhihu.com/people/rong-yao
http://www.zhihu.com/people/coraline_tang
http://www.zhihu.com/people/vanvanyou
http://www.zhihu.com/people/sniper-jerrywang
http://www.zhihu.com/people/zhou-ying-47
http://www.zhihu.com/people/you-yang-guang-de-zao-chen
http://www.zhihu.com/people/fang-ge-10
http://www.zhihu.com/people/pengxing
http://www.zhihu.com/people/jacquesdon
http://www.zhihu.com/people/liuzhibin
http://www.zhihu.com/people/qu-zhuo
http://www.zhihu.com/people/jog-ui
http://www.zhihu.com/people/wang-tian-9
http://www.zhihu.com/people/yang-rui-an
http://www.zhihu.com/people/aurora-l
http://www.zhihu.com/people/zhang-yun-zhi
http://www.zhihu.com/people/chao-chao-67
http://www.zhihu.com/people/liu-alex
http://www.zhihu.com/people/zhou-ping-62
http://www.zhihu.com/people/huang-xiao-yue
http://www.zhihu.com/people/zhang-nian
http://www.zhihu.com/people/zheng-zhong
http://www.zhihu.com/people/aster
http://www.zhihu.com/people/li-chao-17
http://www.zhihu.com/people/smithing
http://www.zhihu.com/people/allan-sun
http://www.zhihu.com/people/li-yang0623
http://www.zhihu.com/people/ding-ding-zhang
http://www.zhihu.com/people/shaxiren
http://www.zhihu.com/people/qi-ying
http://www.zhihu.com/people/li-xian-qiang
http://www.zhihu.com/people/IrfanStyle
http://www.zhihu.com/people/wingzly
http://www.zhihu.com/people/yafei236
http://www.zhihu.com/people/shifu
http://www.zhihu.com/people/mcbob
http://www.zhihu.com/people/zhaoke
http://www.zhihu.com/people/judyzhu
http://www.zhihu.com/people/dqange
http://www.zhihu.com/people/shu-ye-8
http://www.zhihu.com/people/liu-chao-4
http://www.zhihu.com/people/daniel26
http://www.zhihu.com/people/li-zhan
http://www.zhihu.com/people/canon112
http://www.zhihu.com/people/zhao-fei-lin
http://www.zhihu.com/people/lebryant
http://www.zhihu.com/people/puruidong
http://www.zhihu.com/people/s-snow
http://www.zhihu.com/people/imwangshuai
http://www.zhihu.com/people/xu-su-7
http://www.zhihu.com/people/yangwen
http://www.zhihu.com/people/luo-dan-38
http://www.zhihu.com/people/cangjinshui
http://www.zhihu.com/people/ludeping
http://www.zhihu.com/people/zhouxiaoqin
http://www.zhihu.com/people/wang-da-yu
http://www.zhihu.com/people/fengxiao
http://www.zhihu.com/people/eliven
http://www.zhihu.com/people/worldsy
http://www.zhihu.com/people/niu-xiao-qiang-44
http://www.zhihu.com/people/huang-dong-xu-46
http://www.zhihu.com/people/idzhuang
http://www.zhihu.com/people/hangyu
http://www.zhihu.com/people/uranusb12
http://www.zhihu.com/people/zhengcy
http://www.zhihu.com/people/zhangjianbo
http://www.zhihu.com/people/zhou-li-peng
http://www.zhihu.com/people/ding-rui
http://www.zhihu.com/people/du-yong-long
http://www.zhihu.com/people/suckitup
http://www.zhihu.com/people/zhang-quan-14
http://www.zhihu.com/people/chen-xi-62
http://www.zhihu.com/people/zhang-cong-he-27
http://www.zhihu.com/people/404sos
http://www.zhihu.com/people/linsf
http://www.zhihu.com/people/tanxu
http://www.zhihu.com/people/luo-zhi-ren
http://www.zhihu.com/people/lzxiaoning
http://www.zhihu.com/people/xiao-mo-5
http://www.zhihu.com/people/sabrina-71
http://www.zhihu.com/people/junenana
http://www.zhihu.com/people/liuyetian
http://www.zhihu.com/people/li-yang-35
http://www.zhihu.com/people/fifthworld
http://www.zhihu.com/people/feng-yu-yi
http://www.zhihu.com/people/lvjjvl
http://www.zhihu.com/people/wang-wei-60-55
http://www.zhihu.com/people/wu-chuan-hua
http://www.zhihu.com/people/tang-xiao-feng
http://www.zhihu.com/people/desperado1987
http://www.zhihu.com/people/chen-feng-78
http://www.zhihu.com/people/ge-xuan
http://www.zhihu.com/people/pcfool
http://www.zhihu.com/people/chenyixun
http://www.zhihu.com/people/hou-jing-qian
http://www.zhihu.com/people/parseeci
http://www.zhihu.com/people/ho_hago
http://www.zhihu.com/people/wen-zi-qi
http://www.zhihu.com/people/zhou-wei-70
http://www.zhihu.com/people/xiao-ming-15
http://www.zhihu.com/people/li-yue-cheng
http://www.zhihu.com/people/peng-an-qi-48
http://www.zhihu.com/people/BizModel
http://www.zhihu.com/people/fusong
http://www.zhihu.com/people/ma-cen
http://www.zhihu.com/people/kingioooc
http://www.zhihu.com/people/qiu-feng
http://www.zhihu.com/people/Elizen
http://www.zhihu.com/people/jin-wei-37
http://www.zhihu.com/people/xiao-wei-65
http://www.zhihu.com/people/sun-ying-87
http://www.zhihu.com/people/fanyaohua
http://www.zhihu.com/people/goldjin1014
http://www.zhihu.com/people/diego1990
http://www.zhihu.com/people/ma-yun-zheng
http://www.zhihu.com/people/lu-jun-7-67
http://www.zhihu.com/people/cheng-zhen
http://www.zhihu.com/people/alex-wang-39
http://www.zhihu.com/people/luo-zhi-hu
http://www.zhihu.com/people/chougu
http://www.zhihu.com/people/bay2fun
http://www.zhihu.com/people/ji-xiao-le
http://www.zhihu.com/people/fanfeifan
http://www.zhihu.com/people/zhang-ming-huan
http://www.zhihu.com/people/rajowang
http://www.zhihu.com/people/fairy1009
http://www.zhihu.com/people/v_cky
http://www.zhihu.com/people/syhtayu
http://www.zhihu.com/people/jacob-52
http://www.zhihu.com/people/lomo90
http://www.zhihu.com/people/molica
http://www.zhihu.com/people/guopenghui
http://www.zhihu.com/people/he-jia-8
http://www.zhihu.com/people/tao
http://www.zhihu.com/people/tan-xia-yang
http://www.zhihu.com/people/zhang-yu-yang-32
http://www.zhihu.com/people/blackcat
http://www.zhihu.com/people/minohui
http://www.zhihu.com/people/tian-ru
http://www.zhihu.com/people/yun-qi-7
http://www.zhihu.com/people/etchenj
http://www.zhihu.com/people/intellectual
http://www.zhihu.com/people/zhang-xiao-xiao-qin
http://www.zhihu.com/people/shan-yang
http://www.zhihu.com/people/dxqtm
http://www.zhihu.com/people/wangge
http://www.zhihu.com/people/zhao-zhi-qing
http://www.zhihu.com/people/yangrongquan
http://www.zhihu.com/people/wolf_wu
http://www.zhihu.com/people/nutz
http://www.zhihu.com/people/hjling
http://www.zhihu.com/people/xie-da-xian
http://www.zhihu.com/people/wang-cheng-he
http://www.zhihu.com/people/zhao-bin-72
http://www.zhihu.com/people/huangbq
http://www.zhihu.com/people/li-yuan-30
http://www.zhihu.com/people/sun-jian-53
http://www.zhihu.com/people/cao-fei-42
http://www.zhihu.com/people/deng-tai-di
http://www.zhihu.com/people/244087104
http://www.zhihu.com/people/Akiyama
http://www.zhihu.com/people/huang-peng-38
http://www.zhihu.com/people/lao-shi-jing
http://www.zhihu.com/people/Irvine
http://www.zhihu.com/people/zhu-jian-ming
http://www.zhihu.com/people/uguy
http://www.zhihu.com/people/shi-tian
http://www.zhihu.com/people/skiff
http://www.zhihu.com/people/flfljh
http://www.zhihu.com/people/ringchou
http://www.zhihu.com/people/ag108lau
http://www.zhihu.com/people/li-gang-87
http://www.zhihu.com/people/wang-ai-ai
http://www.zhihu.com/people/luoshenyang
http://www.zhihu.com/people/xuyufeng
http://www.zhihu.com/people/liamhero
http://www.zhihu.com/people/mymiss
http://www.zhihu.com/people/KylinSoo
http://www.zhihu.com/people/leano-li
http://www.zhihu.com/people/pei-duo-fei
http://www.zhihu.com/people/hao-zhi-bing
http://www.zhihu.com/people/xiang-ye
http://www.zhihu.com/people/li-ying-zhen
http://www.zhihu.com/people/guo-zhe
http://www.zhihu.com/people/jing-shan
http://www.zhihu.com/people/atx318
http://www.zhihu.com/people/i-timo
http://www.zhihu.com/people/haminmars
http://www.zhihu.com/people/ambrosio
http://www.zhihu.com/people/dongfeng
http://www.zhihu.com/people/zhao-fei-long
http://www.zhihu.com/people/adongdong
http://www.zhihu.com/people/zec-5
http://www.zhihu.com/people/goal2scool
http://www.zhihu.com/people/sukisyao
http://www.zhihu.com/people/missjuno
http://www.zhihu.com/people/search4meaning
http://www.zhihu.com/people/jerry_lee
http://www.zhihu.com/people/receo
http://www.zhihu.com/people/chen-yan-zhao
http://www.zhihu.com/people/simplexer
http://www.zhihu.com/people/xi-de-78
http://www.zhihu.com/people/biansutao
http://www.zhihu.com/people/tongki
http://www.zhihu.com/people/zhang-hao-zheng-63
http://www.zhihu.com/people/mintfish101
http://www.zhihu.com/people/zhangxinxu
http://www.zhihu.com/people/ruo-shui
http://www.zhihu.com/people/siilence1408
http://www.zhihu.com/people/imnotceo
http://www.zhihu.com/people/xiaoqing80s
http://www.zhihu.com/people/guo-yue
http://www.zhihu.com/people/lu-sen
http://www.zhihu.com/people/xunan
http://www.zhihu.com/people/regulous
http://www.zhihu.com/people/cuijiqing
http://www.zhihu.com/people/dylan-han
http://www.zhihu.com/people/li-yang-7-27
http://www.zhihu.com/people/buou
http://www.zhihu.com/people/jjyu
http://www.zhihu.com/people/highend
http://www.zhihu.com/people/stonegate
http://www.zhihu.com/people/doordie
http://www.zhihu.com/people/suke-79
http://www.zhihu.com/people/ligong
http://www.zhihu.com/people/cheng-shi-91
http://www.zhihu.com/people/zan-dong
http://www.zhihu.com/people/royeegg
http://www.zhihu.com/people/tianyug
http://www.zhihu.com/people/wei-tao
http://www.zhihu.com/people/liu-hai-liang
http://www.zhihu.com/people/xing-hao-peng
http://www.zhihu.com/people/cai-tong
http://www.zhihu.com/people/mu-peng-36
http://www.zhihu.com/people/yang-zhao
http://www.zhihu.com/people/wang-meng-ran
http://www.zhihu.com/people/sky-deng
http://www.zhihu.com/people/pinkid
http://www.zhihu.com/people/StinkBC
http://www.zhihu.com/people/duanli
http://www.zhihu.com/people/wangze
http://www.zhihu.com/people/hexiaolong
http://www.zhihu.com/people/SheldonFan
http://www.zhihu.com/people/ryankaiwang
http://www.zhihu.com/people/argus
http://www.zhihu.com/people/gong-sun
http://www.zhihu.com/people/yan-guo-liang
http://www.zhihu.com/people/haopo
http://www.zhihu.com/people/wkpars
http://www.zhihu.com/people/a-lang
http://www.zhihu.com/people/cranks
http://www.zhihu.com/people/wangyoang
http://www.zhihu.com/people/ruan-wen-ping
http://www.zhihu.com/people/moioi
http://www.zhihu.com/people/woozhu
http://www.zhihu.com/people/lu-dou-dou
http://www.zhihu.com/people/yu2b
http://www.zhihu.com/people/kong-ke
http://www.zhihu.com/people/davexie
http://www.zhihu.com/people/ren-lin
http://www.zhihu.com/people/liu-luo-jun
http://www.zhihu.com/people/liu-zhen-chuan-98
http://www.zhihu.com/people/wang-shu-tan
http://www.zhihu.com/people/wei-sha-sha
http://www.zhihu.com/people/old_yule
http://www.zhihu.com/people/xie-an-26
http://www.zhihu.com/people/liu-ping-ping-32
http://www.zhihu.com/people/ziwei
http://www.zhihu.com/people/lao-xu-35
http://www.zhihu.com/people/chenqiangpan
http://www.zhihu.com/people/spekol
http://www.zhihu.com/people/liusihao
http://www.zhihu.com/people/lichengwu
http://www.zhihu.com/people/dong-zhen-lei
http://www.zhihu.com/people/zhang-kun-ming
http://www.zhihu.com/people/huanggengtao
http://www.zhihu.com/people/vanni
http://www.zhihu.com/people/CNRMB
http://www.zhihu.com/people/liu-lai-ping
http://www.zhihu.com/people/sh382
http://www.zhihu.com/people/gao-shi-bo
http://www.zhihu.com/people/coaku
http://www.zhihu.com/people/elylyly
http://www.zhihu.com/people/inclear
http://www.zhihu.com/people/manaoke
http://www.zhihu.com/people/mjl_zhihu
http://www.zhihu.com/people/luyi61
http://www.zhihu.com/people/wang-wan-ting
http://www.zhihu.com/people/dong-hua-liang
http://www.zhihu.com/people/laijianxin
http://www.zhihu.com/people/liu-shui-96
http://www.zhihu.com/people/wang-bo-wei-41
http://www.zhihu.com/people/blackgecko
http://www.zhihu.com/people/li-yong-lei
http://www.zhihu.com/people/huang-chen-lan
http://www.zhihu.com/people/xie-miao
http://www.zhihu.com/people/sunbaoru
http://www.zhihu.com/people/song-jian-56
http://www.zhihu.com/people/yi-xuan
http://www.zhihu.com/people/zhou-ming-76
http://www.zhihu.com/people/jackeyzdx
http://www.zhihu.com/people/zhuang-da-min
http://www.zhihu.com/people/liu-ying-ji-6
http://www.zhihu.com/people/zhou-ya-bing
http://www.zhihu.com/people/susus
http://www.zhihu.com/people/guo-xiao-chou
http://www.zhihu.com/people/esalive
http://www.zhihu.com/people/mrxs
http://www.zhihu.com/people/liu-hao-ran
http://www.zhihu.com/people/kenyang
http://www.zhihu.com/people/chang-yu-ge
http://www.zhihu.com/people/iamin
http://www.zhihu.com/people/simonaliu
http://www.zhihu.com/people/fu-er
http://www.zhihu.com/people/pray
http://www.zhihu.com/people/yzg2011
http://www.zhihu.com/people/yangqiangyq
http://www.zhihu.com/people/zhong-ling-jiao
http://www.zhihu.com/people/ck911
http://www.zhihu.com/people/zhang-fu-31
http://www.zhihu.com/people/vincent-deng
http://www.zhihu.com/people/zhou-chen-14
http://www.zhihu.com/people/bing-gun
http://www.zhihu.com/people/yami-86
http://www.zhihu.com/people/girlcoding
http://www.zhihu.com/people/longlong
http://www.zhihu.com/people/zoeydream
http://www.zhihu.com/people/su-ge-la-di-64
http://www.zhihu.com/people/demon9
http://www.zhihu.com/people/ck4ever
http://www.zhihu.com/people/timwen
http://www.zhihu.com/people/colorwill
http://www.zhihu.com/people/BaiSo
http://www.zhihu.com/people/CCAV1
http://www.zhihu.com/people/idwalker
http://www.zhihu.com/people/xu-yue-chen
http://www.zhihu.com/people/allenjtchen
http://www.zhihu.com/people/jaredchan
http://www.zhihu.com/people/midana
http://www.zhihu.com/people/qingjia
http://www.zhihu.com/people/xi-yun-77
http://www.zhihu.com/people/teng-teng
http://www.zhihu.com/people/tonyhead
http://www.zhihu.com/people/nie-dan
http://www.zhihu.com/people/lulushcn
http://www.zhihu.com/people/lao-bai-21
http://www.zhihu.com/people/s1026
http://www.zhihu.com/people/chongxu
http://www.zhihu.com/people/imaple
http://www.zhihu.com/people/guo-ruo
http://www.zhihu.com/people/vincentte
http://www.zhihu.com/people/li-de-zhi
http://www.zhihu.com/people/funthomas
http://www.zhihu.com/people/shi-lei-8
http://www.zhihu.com/people/yuzhuoran
http://www.zhihu.com/people/cdzone
http://www.zhihu.com/people/tianchen-wang
http://www.zhihu.com/people/wu-kong-47
http://www.zhihu.com/people/joshua-83
http://www.zhihu.com/people/zhi123
http://www.zhihu.com/people/yvette-liu
http://www.zhihu.com/people/wu-chun-miao
http://www.zhihu.com/people/phoenix-1917
http://www.zhihu.com/people/yuan-sai
http://www.zhihu.com/people/bi-shan-shan
http://www.zhihu.com/people/wishq
http://www.zhihu.com/people/jimmywang
http://www.zhihu.com/people/valenha
http://www.zhihu.com/people/yuip-qty
http://www.zhihu.com/people/kristy-85
http://www.zhihu.com/people/yang-qin-rong
http://www.zhihu.com/people/dai-le-he
http://www.zhihu.com/people/loveyu
http://www.zhihu.com/people/bus930
http://www.zhihu.com/people/chen-yu-han
http://www.zhihu.com/people/chen-chao-54
http://www.zhihu.com/people/liu-xiao-lei-56
http://www.zhihu.com/people/Jimmy-Z
http://www.zhihu.com/people/Fibonacci
http://www.zhihu.com/people/James-F
http://www.zhihu.com/people/chengyuan
http://www.zhihu.com/people/tigery
http://www.zhihu.com/people/yu-ming-gu-wen-chen-tao
http://www.zhihu.com/people/billhan
http://www.zhihu.com/people/cainiao
http://www.zhihu.com/people/chanmeiling
http://www.zhihu.com/people/zodiac207
http://www.zhihu.com/people/neaton
http://www.zhihu.com/people/liuya802
http://www.zhihu.com/people/wangping
http://www.zhihu.com/people/hu-qian-qiu
http://www.zhihu.com/people/tang-chen
http://www.zhihu.com/people/wind
http://www.zhihu.com/people/liuhk388
http://www.zhihu.com/people/kuqin
http://www.zhihu.com/people/rong-hao
http://www.zhihu.com/people/quiver
http://www.zhihu.com/people/orangemars
http://www.zhihu.com/people/jixin
http://www.zhihu.com/people/jiangweihang
http://www.zhihu.com/people/lihua
http://www.zhihu.com/people/mcbuder
http://www.zhihu.com/people/monica2013
http://www.zhihu.com/people/yuyiyouxia
http://www.zhihu.com/people/ikbear
