http://www.zhihu.com/people/zhihu_lxl
http://www.zhihu.com/people/bhuztez
http://www.zhihu.com/people/deeppacket
http://www.zhihu.com/people/yuweiz
http://www.zhihu.com/people/gong-zheng-xuan
http://www.zhihu.com/people/annodomini
http://www.zhihu.com/people/monday
http://www.zhihu.com/people/cu-mu
http://www.zhihu.com/people/margaret-ong
http://www.zhihu.com/people/kee-kue
http://www.zhihu.com/people/ye-mu-zhen
http://www.zhihu.com/people/liu-ruo-jiu
http://www.zhihu.com/people/halcyonall
http://www.zhihu.com/people/huang-jun-wen-15
http://www.zhihu.com/people/SYIU8
http://www.zhihu.com/people/vwow
http://www.zhihu.com/people/deutsch-99
http://www.zhihu.com/people/cao-yi-an
http://www.zhihu.com/people/xia-tian-29-79
http://www.zhihu.com/people/xie-fan-25
http://www.zhihu.com/people/starcookie
http://www.zhihu.com/people/luo-tong-16
http://www.zhihu.com/people/wang-wei-xiong
http://www.zhihu.com/people/jiu-jiu-33-53
http://www.zhihu.com/people/leondc
http://www.zhihu.com/people/felix-libero
http://www.zhihu.com/people/jing-xiao-liang
http://www.zhihu.com/people/ma-xiao-bao-5
http://www.zhihu.com/people/cheng-hao-83
http://www.zhihu.com/people/arikid
http://www.zhihu.com/people/samyhello
http://www.zhihu.com/people/chuangbo
http://www.zhihu.com/people/yang-liu-8-3
http://www.zhihu.com/people/xiao-shuang-leng
http://www.zhihu.com/people/xiao-xiao-me
http://www.zhihu.com/people/an-wei-liang
http://www.zhihu.com/people/hang-yang-1412
http://www.zhihu.com/people/young-ray
http://www.zhihu.com/people/zhang-xian-sen-72
http://www.zhihu.com/people/tian-jing-10
http://www.zhihu.com/people/wang-wen-han-Ted
http://www.zhihu.com/people/francisfang
http://www.zhihu.com/people/xiong-mao-jiu-jia
http://www.zhihu.com/people/a-gu-43
http://www.zhihu.com/people/zhang-xiao-yu-23-65
http://www.zhihu.com/people/he-ran-48
http://www.zhihu.com/people/zhang-ze-min-72
http://www.zhihu.com/people/7sarah
http://www.zhihu.com/people/chen-bei-65
http://www.zhihu.com/people/wu-suo-wei-31-94
http://www.zhihu.com/people/deng-kang-er
http://www.zhihu.com/people/feng-si-zheng
http://www.zhihu.com/people/lan-xun
http://www.zhihu.com/people/yang-qing-78
http://www.zhihu.com/people/ying-ge-lan-85
http://www.zhihu.com/people/holder-zhang
http://www.zhihu.com/people/luoxiaoju
http://www.zhihu.com/people/hysic
http://www.zhihu.com/people/lan-yi-90
http://www.zhihu.com/people/su-leng-lu
http://www.zhihu.com/people/wang-yi-qun-57
http://www.zhihu.com/people/liu-xiao-miao-m
http://www.zhihu.com/people/chang-ge-zi-3
http://www.zhihu.com/people/TronLiu
http://www.zhihu.com/people/liusihao
http://www.zhihu.com/people/zhu-chao-zhong
http://www.zhihu.com/people/yan-xing-80
http://www.zhihu.com/people/bai-lang-67
http://www.zhihu.com/people/padding
http://www.zhihu.com/people/pewu
http://www.zhihu.com/people/qu-zhi-36
http://www.zhihu.com/people/yang-xiao-yi-32-91
http://www.zhihu.com/people/zhang-shi-kui
http://www.zhihu.com/people/zhang-lu-67-28
http://www.zhihu.com/people/tuo-jing-86
http://www.zhihu.com/people/yuan-sui-33
http://www.zhihu.com/people/mu-mu-87-98-18
http://www.zhihu.com/people/zhang-jing-88-76
http://www.zhihu.com/people/kang-wei-57
http://www.zhihu.com/people/chen-mo-59-75
http://www.zhihu.com/people/wang-ada-1026
http://www.zhihu.com/people/gao-gao-72
http://www.zhihu.com/people/oogoo
http://www.zhihu.com/people/wang-fu-gui-7-89
http://www.zhihu.com/people/pwj1568
http://www.zhihu.com/people/hiha-ja
http://www.zhihu.com/people/su-tong-45
http://www.zhihu.com/people/jia-min-zhu-22
http://www.zhihu.com/people/li-cheng-zhi-68
http://www.zhihu.com/people/mu-mu-97-33
http://www.zhihu.com/people/su-wen-bo-89
http://www.zhihu.com/people/erzhu
http://www.zhihu.com/people/shi-lin-41
http://www.zhihu.com/people/yang-xiao-yu-58
http://www.zhihu.com/people/neil-35-70
http://www.zhihu.com/people/long-tan-49
http://www.zhihu.com/people/da-van
http://www.zhihu.com/people/jackie-lee-12
http://www.zhihu.com/people/liu-zhen-dong-82
http://www.zhihu.com/people/yue-zi-yun
http://www.zhihu.com/people/huang-xiao-55
http://www.zhihu.com/people/alex-huang-9
http://www.zhihu.com/people/li-hao-82-11
http://www.zhihu.com/people/hu-tu-hu-lu-bu-hu-tu
http://www.zhihu.com/people/qiang-zhong-yi
http://www.zhihu.com/people/miao-li-yang
http://www.zhihu.com/people/liu-da-wei-49
http://www.zhihu.com/people/wan-pu
http://www.zhihu.com/people/shu-mi-63
http://www.zhihu.com/people/jun-yi-14
http://www.zhihu.com/people/chen-yun-qi-88
http://www.zhihu.com/people/wang-yu-jue-90
http://www.zhihu.com/people/fu-you-cai-cai
http://www.zhihu.com/people/wang-sheng-80
http://www.zhihu.com/people/liu-nan-98
http://www.zhihu.com/people/zhuxiamuyue
http://www.zhihu.com/people/qinyun
http://www.zhihu.com/people/finchwu
http://www.zhihu.com/people/dogod
http://www.zhihu.com/people/zec-5
http://www.zhihu.com/people/yuan-chang-hao
http://www.zhihu.com/people/cai-jia-he
http://www.zhihu.com/people/zhu-yixin-42
http://www.zhihu.com/people/qingjia
http://www.zhihu.com/people/gu-lu-xin
http://www.zhihu.com/people/howiechou
http://www.zhihu.com/people/a-jian-dj
http://www.zhihu.com/people/dong-jia-bin
http://www.zhihu.com/people/ma-xiao-shuai-90
http://www.zhihu.com/people/qiu-ya-li-22
http://www.zhihu.com/people/lowka
http://www.zhihu.com/people/MichaelHsu
http://www.zhihu.com/people/li-peng-peng-18
http://www.zhihu.com/people/lao-chuan-chang-51
http://www.zhihu.com/people/zhang-xiao-ming-49-55
http://www.zhihu.com/people/li-cheng-shi
http://www.zhihu.com/people/bruce-66-86
http://www.zhihu.com/people/shan-ruo-yan
http://www.zhihu.com/people/myqqhero
http://www.zhihu.com/people/zhang-xiao-tian-57-23
http://www.zhihu.com/people/cha-guo-zi-hai
http://www.zhihu.com/people/tao-wen-bin-15
http://www.zhihu.com/people/hang-hang-7
http://www.zhihu.com/people/GionCat
http://www.zhihu.com/people/xinzhaobuxuan
http://www.zhihu.com/people/zhang-tian-qi-17
http://www.zhihu.com/people/hu-su-29
http://www.zhihu.com/people/shenmutong
http://www.zhihu.com/people/shi-bo-qing
http://www.zhihu.com/people/liang-han-bing-2
http://www.zhihu.com/people/zhang-pu-98
http://www.zhihu.com/people/awesome-song
http://www.zhihu.com/people/yong-sheng
http://www.zhihu.com/people/wang-jing-yu-18
http://www.zhihu.com/people/luo-wen-38
http://www.zhihu.com/people/li-zhuo-xin
http://www.zhihu.com/people/fang-wen-32
http://www.zhihu.com/people/chen-chen-57-53
http://www.zhihu.com/people/zhang-wen-xi-24
http://www.zhihu.com/people/sakin-poom
http://www.zhihu.com/people/Woman-day
http://www.zhihu.com/people/fu-ling-yu
http://www.zhihu.com/people/huang-fu-gou-dan
http://www.zhihu.com/people/ming-feng-82
http://www.zhihu.com/people/zexiancui
http://www.zhihu.com/people/xie-meng-meng-44
http://www.zhihu.com/people/leo-gao-72
http://www.zhihu.com/people/wu-li-42
http://www.zhihu.com/people/qdhei521
http://www.zhihu.com/people/li-jian-hao-26
http://www.zhihu.com/people/bbking
http://www.zhihu.com/people/li-qi-yue-20
http://www.zhihu.com/people/huang-xiao-pang-hou-er
http://www.zhihu.com/people/ayiyiye
http://www.zhihu.com/people/liu-xiao-ci
http://www.zhihu.com/people/wang-zhe-4
http://www.zhihu.com/people/wang-lin-1-45
http://www.zhihu.com/people/zhang-tian-cheng-55
http://www.zhihu.com/people/kong-rong-26
http://www.zhihu.com/people/icecream-57
http://www.zhihu.com/people/chen-jing-song-99
http://www.zhihu.com/people/feng-liang-62-13
http://www.zhihu.com/people/hua-bei-bei-90
http://www.zhihu.com/people/camille-siu
http://www.zhihu.com/people/chen-da-tou-42-26
http://www.zhihu.com/people/jenniejiang
http://www.zhihu.com/people/liao-wei-ming-3
http://www.zhihu.com/people/jht1018
http://www.zhihu.com/people/xu-zu-hao
http://www.zhihu.com/people/cnwinds
http://www.zhihu.com/people/tan-ri-tian
http://www.zhihu.com/people/guhongguangju
http://www.zhihu.com/people/kong-fan-yu-48
http://www.zhihu.com/people/han-zheng-kun
http://www.zhihu.com/people/wang-ke-ke-20
http://www.zhihu.com/people/rain-lee-66
http://www.zhihu.com/people/neuf
http://www.zhihu.com/people/hino
http://www.zhihu.com/people/lu-gui-chen-26
http://www.zhihu.com/people/shenym
http://www.zhihu.com/people/ou-bao-bao
http://www.zhihu.com/people/wang-yu-cheng-2
http://www.zhihu.com/people/fan-xin-5
http://www.zhihu.com/people/liu-kai-14
http://www.zhihu.com/people/xie-ne
http://www.zhihu.com/people/colae
http://www.zhihu.com/people/kikiko
http://www.zhihu.com/people/chenjianferrari
http://www.zhihu.com/people/yuan-yu-42
http://www.zhihu.com/people/kou-min
http://www.zhihu.com/people/viyguo
http://www.zhihu.com/people/hai-mian-25
http://www.zhihu.com/people/xxxxxxiaoming
http://www.zhihu.com/people/tai-di-xiong-97
http://www.zhihu.com/people/jeremy-53
http://www.zhihu.com/people/lihaoqiang
http://www.zhihu.com/people/ding-ping-sheng
http://www.zhihu.com/people/tang-xiao-wei-41
http://www.zhihu.com/people/chen-mu-ge-86
http://www.zhihu.com/people/chen-zhu-qian
http://www.zhihu.com/people/shi-xiao-hang-19
http://www.zhihu.com/people/rockinrobin
http://www.zhihu.com/people/zhe-ye-22-99
http://www.zhihu.com/people/umikaM
http://www.zhihu.com/people/xsheng-13
http://www.zhihu.com/people/meng-fei-59-13
http://www.zhihu.com/people/pan-richard
http://www.zhihu.com/people/huang-yan-40
http://www.zhihu.com/people/Askarhao
http://www.zhihu.com/people/xu-ling-11
http://www.zhihu.com/people/yi-sen-8
http://www.zhihu.com/people/lin-feng-28-90
http://www.zhihu.com/people/luke-liu-98
http://www.zhihu.com/people/liu-po-48
http://www.zhihu.com/people/he-guan-hua-72
http://www.zhihu.com/people/yu-song-77
http://www.zhihu.com/people/hu-zi-30
http://www.zhihu.com/people/xia-bu-ling
http://www.zhihu.com/people/oneyard
http://www.zhihu.com/people/chai-zhou-yue
http://www.zhihu.com/people/du-yi-90-20
http://www.zhihu.com/people/yang_1978
http://www.zhihu.com/people/shiner-lau
http://www.zhihu.com/people/960425
http://www.zhihu.com/people/nyako
http://www.zhihu.com/people/xiao-chu
http://www.zhihu.com/people/cai-xiao-gao
http://www.zhihu.com/people/hamg
http://www.zhihu.com/people/Dominic_
http://www.zhihu.com/people/ji-wei-70
http://www.zhihu.com/people/feng-qing-yu-luo
http://www.zhihu.com/people/han-peng-qian
http://www.zhihu.com/people/li-hui-46
http://www.zhihu.com/people/sleepingknight
http://www.zhihu.com/people/zhang-san-48-29
http://www.zhihu.com/people/yun-xiao-fei
http://www.zhihu.com/people/he-bu-ke
http://www.zhihu.com/people/knightshady
http://www.zhihu.com/people/mapengze
http://www.zhihu.com/people/gao-ye-xiang
http://www.zhihu.com/people/dongbobo
http://www.zhihu.com/people/cheng-zhao-yang-75
http://www.zhihu.com/people/xiaoli-wang
http://www.zhihu.com/people/zhou-zhou-38-91-82
http://www.zhihu.com/people/li-xiao-20-17
http://www.zhihu.com/people/pedx-satrol
http://www.zhihu.com/people/yu-liang-37
http://www.zhihu.com/people/xi-bei-san-vc
http://www.zhihu.com/people/liu-er-su
http://www.zhihu.com/people/xiao-guai-shou-catherine
http://www.zhihu.com/people/wang-fei-86-52
http://www.zhihu.com/people/jason-mei
http://www.zhihu.com/people/a-qiu-59
http://www.zhihu.com/people/zengxinyu
http://www.zhihu.com/people/xie-jia-peng-48
http://www.zhihu.com/people/chibole
http://www.zhihu.com/people/qiao-nan-97
http://www.zhihu.com/people/zhu-zi-di
http://www.zhihu.com/people/liu-jun-wen-27
http://www.zhihu.com/people/ling-long
http://www.zhihu.com/people/fengjuanchengfu
http://www.zhihu.com/people/jia-hao-85
http://www.zhihu.com/people/xie-guan
http://www.zhihu.com/people/Rheinhart
http://www.zhihu.com/people/chen-chu-chu-54
http://www.zhihu.com/people/zhang-jin-21
http://www.zhihu.com/people/huang-xue-mei-83
http://www.zhihu.com/people/lyndonneu
http://www.zhihu.com/people/xu-run-xin-79
http://www.zhihu.com/people/jackyue0906
http://www.zhihu.com/people/jiang-zhi-peng-91
http://www.zhihu.com/people/luoshui
http://www.zhihu.com/people/dou-tian-lun
http://www.zhihu.com/people/zhang-wei-10-7
http://www.zhihu.com/people/yu-fei-19
http://www.zhihu.com/people/andyfoolish
http://www.zhihu.com/people/_zhao_xu_
http://www.zhihu.com/people/a-du-82
http://www.zhihu.com/people/zhang-li-88-88
http://www.zhihu.com/people/zhu-xiao-dong-55
http://www.zhihu.com/people/buhaoqiao
http://www.zhihu.com/people/sa-dan-73
http://www.zhihu.com/people/jason-chou-48
http://www.zhihu.com/people/rahn
http://www.zhihu.com/people/zhang-yi-fan-48
http://www.zhihu.com/people/vincent-deng
http://www.zhihu.com/people/capbone
http://www.zhihu.com/people/li-shou-yin-89
http://www.zhihu.com/people/tang-li-24
http://www.zhihu.com/people/yan-wu-7
http://www.zhihu.com/people/neo4me
http://www.zhihu.com/people/tian-da-feng
http://www.zhihu.com/people/wang-chao-38
http://www.zhihu.com/people/lidayeh-abu
http://www.zhihu.com/people/susus
http://www.zhihu.com/people/shui-xiao-dao
http://www.zhihu.com/people/li-di-gua-83
http://www.zhihu.com/people/Jessica-joy5
http://www.zhihu.com/people/damon-tu
http://www.zhihu.com/people/mu-yang-ren
http://www.zhihu.com/people/wu-ya-dong-79
http://www.zhihu.com/people/wang-hu-27
http://www.zhihu.com/people/xian-fa-hui
http://www.zhihu.com/people/hu-xiao-39-86
http://www.zhihu.com/people/000088
http://www.zhihu.com/people/kay.x
http://www.zhihu.com/people/xulaohan
http://www.zhihu.com/people/mu-er-47-38
http://www.zhihu.com/people/echo-55-6
http://www.zhihu.com/people/xingtao-shen
http://www.zhihu.com/people/he-yuan-sheng
http://www.zhihu.com/people/huang-jia-cheng-21
http://www.zhihu.com/people/raulyyming
http://www.zhihu.com/people/wolf_wu
http://www.zhihu.com/people/SUNYATSEN
http://www.zhihu.com/people/tong-fan-wen
http://www.zhihu.com/people/yandeng
http://www.zhihu.com/people/wangcheng678
http://www.zhihu.com/people/firefighter
http://www.zhihu.com/people/jysm
http://www.zhihu.com/people/dingnash
http://www.zhihu.com/people/zhu-ming-liang-98
http://www.zhihu.com/people/balai
http://www.zhihu.com/people/susun
http://www.zhihu.com/people/tian-su-jun
http://www.zhihu.com/people/peng-hui-huang
http://www.zhihu.com/people/wangzhaowen
http://www.zhihu.com/people/jordan-yu-40
http://www.zhihu.com/people/be-with-lele
http://www.zhihu.com/people/wang-yi-han-45
http://www.zhihu.com/people/li-yi-fan-63
http://www.zhihu.com/people/air_matthew
http://www.zhihu.com/people/ding-feng-52
http://www.zhihu.com/people/ding-chen-49
http://www.zhihu.com/people/liangyingnicole
http://www.zhihu.com/people/jackxie
http://www.zhihu.com/people/pan-guang-xi
http://www.zhihu.com/people/xiao-ye-ye-90
http://www.zhihu.com/people/xiaoluxin
http://www.zhihu.com/people/le-wei-kimmy
http://www.zhihu.com/people/fu-shu-shu-ying
http://www.zhihu.com/people/zhao-yang-xin
http://www.zhihu.com/people/huang-xiao-yao-nu
http://www.zhihu.com/people/zheng-jia-li
http://www.zhihu.com/people/zhang-yu-29-52
http://www.zhihu.com/people/lydia-71
http://www.zhihu.com/people/guo-yu-dong
http://www.zhihu.com/people/cheng-xiao-dong-29
http://www.zhihu.com/people/aoimishi
http://www.zhihu.com/people/liuzhaowei
http://www.zhihu.com/people/zhu-lei-89
http://www.zhihu.com/people/hsiang-kuo
http://www.zhihu.com/people/xie-wen-di
http://www.zhihu.com/people/mi-xin-xin
http://www.zhihu.com/people/c-issie
http://www.zhihu.com/people/yu-bao-bao
http://www.zhihu.com/people/smallcase
http://www.zhihu.com/people/gary-46
http://www.zhihu.com/people/archy-ringo
http://www.zhihu.com/people/ji-bu-de-48
http://www.zhihu.com/people/bigben
http://www.zhihu.com/people/jiaoyaQQ
http://www.zhihu.com/people/wang-biao-99-71
http://www.zhihu.com/people/jellen-wang
http://www.zhihu.com/people/zhong-ye-zi-49
http://www.zhihu.com/people/man-jiang-hong
http://www.zhihu.com/people/kingwinbin
http://www.zhihu.com/people/long-yi-nan-90
http://www.zhihu.com/people/tian-nan-gua
http://www.zhihu.com/people/yuke-fighting
http://www.zhihu.com/people/deathman
http://www.zhihu.com/people/jiroas
http://www.zhihu.com/people/chenqi86
http://www.zhihu.com/people/shi-er-zai
http://www.zhihu.com/people/jiang-wei-qiang
http://www.zhihu.com/people/bai-su-74
http://www.zhihu.com/people/iblacksun
http://www.zhihu.com/people/zhuang-xiao-meng
http://www.zhihu.com/people/chu-meng-meng
http://www.zhihu.com/people/wang-xin-57-62
http://www.zhihu.com/people/untitledteresa
http://www.zhihu.com/people/llq6072
http://www.zhihu.com/people/butcherv
http://www.zhihu.com/people/hai-hua
http://www.zhihu.com/people/Evelyn0908
http://www.zhihu.com/people/er-gou-80
http://www.zhihu.com/people/zhuang-chu-qin-zhang-yu
http://www.zhihu.com/people/boodorg
http://www.zhihu.com/people/zhjiewithu
http://www.zhihu.com/people/liu-yu-65-29
http://www.zhihu.com/people/yarcy-yang
http://www.zhihu.com/people/zhe-xue-jia-feng-ge
http://www.zhihu.com/people/zhangcheng34
http://www.zhihu.com/people/mo-fei-c
http://www.zhihu.com/people/lao-chang
http://www.zhihu.com/people/wonderhao
http://www.zhihu.com/people/ma-xiao-dan-73
http://www.zhihu.com/people/wang-tian-yu-22
http://www.zhihu.com/people/hu-hu-77-6
http://www.zhihu.com/people/liu-lai-ping
http://www.zhihu.com/people/hua-er-9
http://www.zhihu.com/people/jiu-zhong
http://www.zhihu.com/people/li-yang-26-15
http://www.zhihu.com/people/wang-ran-ran-28
http://www.zhihu.com/people/wu-hai-25
http://www.zhihu.com/people/llllllllllll
http://www.zhihu.com/people/tai-guo-wen
http://www.zhihu.com/people/yu-sha-sha
http://www.zhihu.com/people/da-yixue-fa
http://www.zhihu.com/people/pan-liang-jie
http://www.zhihu.com/people/techoxygen
http://www.zhihu.com/people/danayue
http://www.zhihu.com/people/wang-yuan-66-5
http://www.zhihu.com/people/lan-xi-zhi
http://www.zhihu.com/people/bo-wen-49
http://www.zhihu.com/people/xiao1
http://www.zhihu.com/people/wang-chuan-lin
http://www.zhihu.com/people/chopsticks
http://www.zhihu.com/people/iyeyu
http://www.zhihu.com/people/katie.wang
http://www.zhihu.com/people/supernb
http://www.zhihu.com/people/lu-li-19
http://www.zhihu.com/people/sillybrother
http://www.zhihu.com/people/faustus
http://www.zhihu.com/people/friten
http://www.zhihu.com/people/sunlonely
http://www.zhihu.com/people/wang-teng-91
http://www.zhihu.com/people/quyifan
http://www.zhihu.com/people/su-zhou-yang
http://www.zhihu.com/people/zhongxiaotu
http://www.zhihu.com/people/foreveryoung-2
http://www.zhihu.com/people/li-jian-hao-31
http://www.zhihu.com/people/silencewan-ren-qiang
http://www.zhihu.com/people/daizhiyang
http://www.zhihu.com/people/yang-mi-34
http://www.zhihu.com/people/wu-di-chuan-chang
http://www.zhihu.com/people/rui-jiu-jiu
http://www.zhihu.com/people/lian-tea
http://www.zhihu.com/people/aileenshi
http://www.zhihu.com/people/mirisa
http://www.zhihu.com/people/maiziman
http://www.zhihu.com/people/helen-lv
http://www.zhihu.com/people/emptymalei
http://www.zhihu.com/people/frank-17
http://www.zhihu.com/people/yin-yao-yao
http://www.zhihu.com/people/petiteluo
http://www.zhihu.com/people/yueting-han
http://www.zhihu.com/people/qing-jia-57
http://www.zhihu.com/people/zhang-rui-kai
http://www.zhihu.com/people/chenwen
http://www.zhihu.com/people/you-guo-59
http://www.zhihu.com/people/niu-hao-42
http://www.zhihu.com/people/zheng-mu-rong
http://www.zhihu.com/people/ding-yi-kai
http://www.zhihu.com/people/bing-mez
http://www.zhihu.com/people/huang-chu-feng
http://www.zhihu.com/people/sellsoda
http://www.zhihu.com/people/yang-shuang-1
http://www.zhihu.com/people/ban-xiao-zhuan
http://www.zhihu.com/people/han-yan-hui
http://www.zhihu.com/people/kang-xi-58
http://www.zhihu.com/people/ding-sai-di
http://www.zhihu.com/people/xie-yuan-peng
http://www.zhihu.com/people/bbsunchen
http://www.zhihu.com/people/hong-le
http://www.zhihu.com/people/zhang-___-chuan
http://www.zhihu.com/people/wang-shi-jun-10
http://www.zhihu.com/people/ma-bo-ping
http://www.zhihu.com/people/cheng-mu-mu-23
http://www.zhihu.com/people/li-zan-64
http://www.zhihu.com/people/zhouyurui
http://www.zhihu.com/people/song-ming-yu
http://www.zhihu.com/people/li-xiang-66-68
http://www.zhihu.com/people/memento-mori
http://www.zhihu.com/people/mu-yu-72
http://www.zhihu.com/people/chen-wei-bin-40
http://www.zhihu.com/people/zhang-bo-31-53
http://www.zhihu.com/people/gong-xiao-xue
http://www.zhihu.com/people/li-ting-91-78
http://www.zhihu.com/people/shi-yu-9
http://www.zhihu.com/people/lee-bwin
http://www.zhihu.com/people/Mr.F
http://www.zhihu.com/people/li-gou-sheng-zi
http://www.zhihu.com/people/li-rou-xing
http://www.zhihu.com/people/zhao-meng-47
http://www.zhihu.com/people/tu-dou-li-sha
http://www.zhihu.com/people/wang-guo-dong-34
http://www.zhihu.com/people/laoliumang-78
http://www.zhihu.com/people/liu-yi-62
http://www.zhihu.com/people/he-he-30
http://www.zhihu.com/people/WANSX
http://www.zhihu.com/people/fabulousqi
http://www.zhihu.com/people/he-zhi-hong-31
http://www.zhihu.com/people/wang-ya-bing
http://www.zhihu.com/people/zhu-jing-66-53
http://www.zhihu.com/people/xiao-su-27
http://www.zhihu.com/people/li-ping-fan-39
http://www.zhihu.com/people/neo-hee
http://www.zhihu.com/people/rickyxl
http://www.zhihu.com/people/Yorunoinori
http://www.zhihu.com/people/tu-dou-18
http://www.zhihu.com/people/zhu-xiao-wu-77
http://www.zhihu.com/people/wang-zu-jian-89
http://www.zhihu.com/people/www.quhuaxue.com
http://www.zhihu.com/people/wei-qing-min
http://www.zhihu.com/people/zhou-hang-zheng-66
http://www.zhihu.com/people/sunny-yu-72
http://www.zhihu.com/people/Agnesa
http://www.zhihu.com/people/lei007
http://www.zhihu.com/people/wang-jie-38
http://www.zhihu.com/people/li-yong-hao
http://www.zhihu.com/people/tumbler-75
http://www.zhihu.com/people/Rusca
http://www.zhihu.com/people/xian-yong-kang
http://www.zhihu.com/people/pan-deng-86
http://www.zhihu.com/people/liang-chong
http://www.zhihu.com/people/rex-62
http://www.zhihu.com/people/devin-w
http://www.zhihu.com/people/cheng-fang-hang
http://www.zhihu.com/people/wu-xiao-di
http://www.zhihu.com/people/Aztec
http://www.zhihu.com/people/ai-jing-er
http://www.zhihu.com/people/danielchen1995
http://www.zhihu.com/people/definiter
http://www.zhihu.com/people/ritue
http://www.zhihu.com/people/jiayizhen
http://www.zhihu.com/people/jia-yi-30
http://www.zhihu.com/people/yong-zhe-30
http://www.zhihu.com/people/kong-xiao-xiong
http://www.zhihu.com/people/feng-bo-zhao
http://www.zhihu.com/people/qiao-zhi-nuo
http://www.zhihu.com/people/dake
http://www.zhihu.com/people/wang-yue-hua
http://www.zhihu.com/people/hou-fang-bin
http://www.zhihu.com/people/wang-fu-wen
http://www.zhihu.com/people/yuger.net
http://www.zhihu.com/people/Marshallpku
http://www.zhihu.com/people/cheng-jun-900
http://www.zhihu.com/people/tongjinghao
http://www.zhihu.com/people/king1990
http://www.zhihu.com/people/shui-di-76
http://www.zhihu.com/people/wang-yuan-net
http://www.zhihu.com/people/feng-jian-ren
http://www.zhihu.com/people/qiao-an-16
http://www.zhihu.com/people/zhangxinqiang
http://www.zhihu.com/people/xia-lan-feng
http://www.zhihu.com/people/disillusione
http://www.zhihu.com/people/lttxzmj
http://www.zhihu.com/people/zhang-lin-long
http://www.zhihu.com/people/foreal
http://www.zhihu.com/people/mao-di
http://www.zhihu.com/people/unogzx
http://www.zhihu.com/people/huanghuihui1991
http://www.zhihu.com/people/peter-85
http://www.zhihu.com/people/liu-peng-68-19
http://www.zhihu.com/people/nowhere-momo
http://www.zhihu.com/people/chen-yan-zhong
http://www.zhihu.com/people/zhang-hao-22
http://www.zhihu.com/people/luo-jing-song
http://www.zhihu.com/people/zhang-po-ce
http://www.zhihu.com/people/leelooluu
http://www.zhihu.com/people/zhao-yu-65
http://www.zhihu.com/people/hou-run-tian
http://www.zhihu.com/people/xu-wen-miao
http://www.zhihu.com/people/peng-zhi-ran
http://www.zhihu.com/people/meng-geng-sheng
http://www.zhihu.com/people/yi-da-sen
http://www.zhihu.com/people/zhang-hai-yang-62
http://www.zhihu.com/people/zhao-nan-zi
http://www.zhihu.com/people/wang-wu-hua
http://www.zhihu.com/people/zhong-dong-hong
http://www.zhihu.com/people/byewon
http://www.zhihu.com/people/fyl00
http://www.zhihu.com/people/wen-tao-4
http://www.zhihu.com/people/sonnetin
http://www.zhihu.com/people/wantfu
http://www.zhihu.com/people/liu-zhi-dan-63
http://www.zhihu.com/people/fredomy
http://www.zhihu.com/people/mondaylaugh
http://www.zhihu.com/people/zhuo-yu-zi
http://www.zhihu.com/people/liang-yu-fan
http://www.zhihu.com/people/fu-zi-yi
http://www.zhihu.com/people/vivixb
http://www.zhihu.com/people/jia_yi_et_al
http://www.zhihu.com/people/li-jie-50
http://www.zhihu.com/people/thousandsofsuns
http://www.zhihu.com/people/liu-jia-33-20
http://www.zhihu.com/people/liu-si-9
http://www.zhihu.com/people/noblesseoblige
http://www.zhihu.com/people/orzwind
http://www.zhihu.com/people/dizzarz
http://www.zhihu.com/people/StudentofRiemann
http://www.zhihu.com/people/zhang-bo-69
http://www.zhihu.com/people/yu-bo-yu
http://www.zhihu.com/people/mingda
http://www.zhihu.com/people/tu-gao-hui-ge
http://www.zhihu.com/people/shi-wei-89-73
http://www.zhihu.com/people/wang-qiong-13
http://www.zhihu.com/people/fan-he-40
http://www.zhihu.com/people/gao-shan-31
http://www.zhihu.com/people/da-shi-ren
http://www.zhihu.com/people/florence-wu
http://www.zhihu.com/people/PeterDeng
http://www.zhihu.com/people/zimingforever
http://www.zhihu.com/people/hanqixue
http://www.zhihu.com/people/zhu-wen
http://www.zhihu.com/people/xiepanda
http://www.zhihu.com/people/jiang-yi-xi
http://www.zhihu.com/people/peterlu
http://www.zhihu.com/people/yang-xu-7
http://www.zhihu.com/people/haohaoxuexi
http://www.zhihu.com/people/jonson-fang
http://www.zhihu.com/people/qiutf
http://www.zhihu.com/people/hackertao
http://www.zhihu.com/people/zuo-han-26
http://www.zhihu.com/people/an-zhi-25
http://www.zhihu.com/people/zhangyu-63
http://www.zhihu.com/people/boxun
http://www.zhihu.com/people/tangxiaoxiong
http://www.zhihu.com/people/zhang-ren-qing
http://www.zhihu.com/people/yutong-zhu
http://www.zhihu.com/people/mobiuschen
http://www.zhihu.com/people/xie-jun-qing
http://www.zhihu.com/people/luoxr
http://www.zhihu.com/people/jasonyan0214
http://www.zhihu.com/people/tang-li-49
http://www.zhihu.com/people/sophiazheng
http://www.zhihu.com/people/zhang-hu-66-1
http://www.zhihu.com/people/tang-rong-ze
http://www.zhihu.com/people/tianyq
http://www.zhihu.com/people/gu-xiao-yi
http://www.zhihu.com/people/elichang
http://www.zhihu.com/people/rojay
http://www.zhihu.com/people/callme314
http://www.zhihu.com/people/sheng-yu-82
http://www.zhihu.com/people/gu-ji
http://www.zhihu.com/people/zhang-zhu-74
http://www.zhihu.com/people/bai-jing-wen
http://www.zhihu.com/people/xuhaijian
http://www.zhihu.com/people/zhang-xiao-er-76
http://www.zhihu.com/people/vrin
http://www.zhihu.com/people/han-zhen-yu
http://www.zhihu.com/people/fu-jia-qi
http://www.zhihu.com/people/kevinzoro
http://www.zhihu.com/people/yshone
http://www.zhihu.com/people/Gosin
http://www.zhihu.com/people/bazu
http://www.zhihu.com/people/imclee
http://www.zhihu.com/people/jerry-zhang-34
http://www.zhihu.com/people/seule
http://www.zhihu.com/people/su-yun
http://www.zhihu.com/people/halfer53
http://www.zhihu.com/people/sentimental_animal
http://www.zhihu.com/people/shuai-ding-xin-real
http://www.zhihu.com/people/yang-cong-quan-man-tou
http://www.zhihu.com/people/chouthen
http://www.zhihu.com/people/youxy
http://www.zhihu.com/people/liu-yichun
http://www.zhihu.com/people/guo-guo-you
http://www.zhihu.com/people/yaolinj
http://www.zhihu.com/people/weng-huo
http://www.zhihu.com/people/lin-zhe-96
http://www.zhihu.com/people/su-fei-17
http://www.zhihu.com/people/lei-sheng-21
http://www.zhihu.com/people/jinzhucui
http://www.zhihu.com/people/luoyang
http://www.zhihu.com/people/xiao-lin-80
http://www.zhihu.com/people/LisLove
http://www.zhihu.com/people/mattyy
http://www.zhihu.com/people/yi-bo-88
http://www.zhihu.com/people/alohaschen
http://www.zhihu.com/people/alucard
http://www.zhihu.com/people/huma
http://www.zhihu.com/people/tang-feng-45
http://www.zhihu.com/people/chen-luo-cheng
http://www.zhihu.com/people/baodaotiexiaohe
http://www.zhihu.com/people/guohaipeng
http://www.zhihu.com/people/han-yi-yao
http://www.zhihu.com/people/Songx2013
http://www.zhihu.com/people/luo-de-79
http://www.zhihu.com/people/iSqt
http://www.zhihu.com/people/ceng-di-53
http://www.zhihu.com/people/ouzy
http://www.zhihu.com/people/dai-dai-93
http://www.zhihu.com/people/iplawyer
http://www.zhihu.com/people/sign-88
http://www.zhihu.com/people/bitrat
http://www.zhihu.com/people/zhcx
http://www.zhihu.com/people/hai-yang
http://www.zhihu.com/people/zhangbang
http://www.zhihu.com/people/zoutian
http://www.zhihu.com/people/wang-shi-gang
http://www.zhihu.com/people/wang-peng-fei
http://www.zhihu.com/people/xiaodaoren
http://www.zhihu.com/people/Ataraxia002
http://www.zhihu.com/people/OursLeya
http://www.zhihu.com/people/cyijun
http://www.zhihu.com/people/padawan
http://www.zhihu.com/people/wang-rong-yu-45
http://www.zhihu.com/people/cabinw
http://www.zhihu.com/people/lichzy
http://www.zhihu.com/people/gui-meng-yuan
http://www.zhihu.com/people/liang-peng-cheng-70
http://www.zhihu.com/people/dai-hou-shuang
http://www.zhihu.com/people/amuro1230
http://www.zhihu.com/people/sky-86-5
http://www.zhihu.com/people/zhu-jun-qiang
http://www.zhihu.com/people/chung
http://www.zhihu.com/people/lang-jin-huan
http://www.zhihu.com/people/zhou-xiao-long-7
http://www.zhihu.com/people/wu-zhi-peng-48
http://www.zhihu.com/people/id47
http://www.zhihu.com/people/zhangleo
http://www.zhihu.com/people/yuanshuaiemily
http://www.zhihu.com/people/wu-wei-96-47
http://www.zhihu.com/people/diamondtin
http://www.zhihu.com/people/julysuna
http://www.zhihu.com/people/tantpis
http://www.zhihu.com/people/xiao-yi-99
http://www.zhihu.com/people/liang-li-26
http://www.zhihu.com/people/dai-yu-jia
http://www.zhihu.com/people/shi-qian-qian
http://www.zhihu.com/people/nian-83
http://www.zhihu.com/people/yang-ba-lang
http://www.zhihu.com/people/littlecup
http://www.zhihu.com/people/yskin
http://www.zhihu.com/people/pansz
http://www.zhihu.com/people/omell
http://www.zhihu.com/people/endlessturelove
http://www.zhihu.com/people/wangyabnu
http://www.zhihu.com/people/jie-shuai-bing
http://www.zhihu.com/people/hmzhou
http://www.zhihu.com/people/yan-xiao-shou
http://www.zhihu.com/people/jixin
http://www.zhihu.com/people/gong-sheng-36
http://www.zhihu.com/people/zhang-ya-dong-9
http://www.zhihu.com/people/raymond-wang
http://www.zhihu.com/people/liu-xiang-long
http://www.zhihu.com/people/a-zhu-95
http://www.zhihu.com/people/wuweiyang
http://www.zhihu.com/people/frank-99
http://www.zhihu.com/people/lu-ming-hao
http://www.zhihu.com/people/xiao-pi-56
http://www.zhihu.com/people/gengu
http://www.zhihu.com/people/lihua
http://www.zhihu.com/people/wang-qiang-4
http://www.zhihu.com/people/monica2013
http://www.zhihu.com/people/yan-hui-8-82
http://www.zhihu.com/people/ziofat
http://www.zhihu.com/people/yang-heng-95
http://www.zhihu.com/people/luexiao12
http://www.zhihu.com/people/hao-yi-89
http://www.zhihu.com/people/cklover
http://www.zhihu.com/people/zhang-hua-shan
http://www.zhihu.com/people/robert-95
http://www.zhihu.com/people/a-wen-18
http://www.zhihu.com/people/lzxiaoning
http://www.zhihu.com/people/realluming
http://www.zhihu.com/people/flamingo
http://www.zhihu.com/people/hu-shuang-61
http://www.zhihu.com/people/nearly
http://www.zhihu.com/people/Rex.huang
http://www.zhihu.com/people/zaiyiqi
http://www.zhihu.com/people/xu-ding-li
http://www.zhihu.com/people/yimuxia
http://www.zhihu.com/people/Mumagag
http://www.zhihu.com/people/cao-kai-cheng
http://www.zhihu.com/people/Damon-Deng
http://www.zhihu.com/people/zhuangmingren
http://www.zhihu.com/people/ctlzhl
http://www.zhihu.com/people/puyun
http://www.zhihu.com/people/zhangxinxu
http://www.zhihu.com/people/xiao-da-da-27
