http://www.zhihu.com/people/liu-xiao-miao-m
http://www.zhihu.com/people/dou-dou-dou-dou-9
http://www.zhihu.com/people/gong-zheng-xuan
http://www.zhihu.com/people/li-xu-yi
http://www.zhihu.com/people/wang-you-jia-94
http://www.zhihu.com/people/luo-ge-95
http://www.zhihu.com/people/cheng-xiao-mo-90
http://www.zhihu.com/people/cheng-fang-hang
http://www.zhihu.com/people/wu-wen-kui
http://www.zhihu.com/people/clvur
http://www.zhihu.com/people/gracieux.taobao.com
http://www.zhihu.com/people/chen-wei-bin-40
http://www.zhihu.com/people/evaray
http://www.zhihu.com/people/diercn
http://www.zhihu.com/people/pang-luan-luan
http://www.zhihu.com/people/SYIU8
http://www.zhihu.com/people/jin-ke-65
http://www.zhihu.com/people/zhang-hui-44
http://www.zhihu.com/people/cao-yi-an
http://www.zhihu.com/people/wang-ke-xin-69-69
http://www.zhihu.com/people/arlmy
http://www.zhihu.com/people/alex-68-30
http://www.zhihu.com/people/baal
http://www.zhihu.com/people/ho-henry
http://www.zhihu.com/people/shi-lei-46
http://www.zhihu.com/people/lang-zhi-cheng
http://www.zhihu.com/people/benwin
http://www.zhihu.com/people/echo-40-22
http://www.zhihu.com/people/wang-ruo-yu-21
http://www.zhihu.com/people/sebastian-31-82
http://www.zhihu.com/people/ren-jing-yi
http://www.zhihu.com/people/wong-jostein
http://www.zhihu.com/people/jiang-bin-liang
http://www.zhihu.com/people/qiu-hong-sen
http://www.zhihu.com/people/xu-xue-hen
http://www.zhihu.com/people/mu-shu-53
http://www.zhihu.com/people/yi-teng
http://www.zhihu.com/people/qiang-hua-er
http://www.zhihu.com/people/fan-ye-86
http://www.zhihu.com/people/lu-jian-ping-62-88
http://www.zhihu.com/people/zhang-yihong
http://www.zhihu.com/people/five
http://www.zhihu.com/people/huo-da-81
http://www.zhihu.com/people/bai-bai-he-18
http://www.zhihu.com/people/soldiermoving
http://www.zhihu.com/people/nickys
http://www.zhihu.com/people/zhen-jian-piao-ling
http://www.zhihu.com/people/eve-wang-65
http://www.zhihu.com/people/wang-hun-dan
http://www.zhihu.com/people/wang-zhi-liao
http://www.zhihu.com/people/liujiayi
http://www.zhihu.com/people/SummerIndus
http://www.zhihu.com/people/ni-ni-xiao
http://www.zhihu.com/people/yang-liu-16
http://www.zhihu.com/people/mu-xia-47
http://www.zhihu.com/people/luckdavis
http://www.zhihu.com/people/chen-jun-jie-23-33
http://www.zhihu.com/people/fang-xing-nan-91
http://www.zhihu.com/people/chen-da-gou-18
http://www.zhihu.com/people/chang-yi-22
http://www.zhihu.com/people/yun-zhong-jun-46
http://www.zhihu.com/people/heaven_000
http://www.zhihu.com/people/acetylcholine
http://www.zhihu.com/people/pizei
http://www.zhihu.com/people/xiaoshi
http://www.zhihu.com/people/gong-chao-63
http://www.zhihu.com/people/qiu-xiao-zi
http://www.zhihu.com/people/ma-que-10
http://www.zhihu.com/people/pan-richard
http://www.zhihu.com/people/xiao-chu
http://www.zhihu.com/people/wang-ming-35-97
http://www.zhihu.com/people/liu-lao-san
http://www.zhihu.com/people/chan-31
http://www.zhihu.com/people/yu-cheng-cheng-34
http://www.zhihu.com/people/wang-yuan-ting-17
http://www.zhihu.com/people/zhang-cai-jin
http://www.zhihu.com/people/ren-er-cheng
http://www.zhihu.com/people/jian-nuo-7
http://www.zhihu.com/people/aiolos-12
http://www.zhihu.com/people/duanwenming
http://www.zhihu.com/people/she1scoy
http://www.zhihu.com/people/marlboroknight
http://www.zhihu.com/people/alex-huang-9
http://www.zhihu.com/people/sun-fei-96
http://www.zhihu.com/people/wolf_wu
http://www.zhihu.com/people/gao-gao-72
http://www.zhihu.com/people/yang-cheng-sen-29
http://www.zhihu.com/people/liu-quan-wei-39
http://www.zhihu.com/people/chai-pi-ma
http://www.zhihu.com/people/GionCat
http://www.zhihu.com/people/messi-ling
http://www.zhihu.com/people/baitu
http://www.zhihu.com/people/yang-kun-xun
http://www.zhihu.com/people/agmo
http://www.zhihu.com/people/jun-yi-14
http://www.zhihu.com/people/shi-bo-qing
http://www.zhihu.com/people/li-chen-19-75
http://www.zhihu.com/people/craftsman
http://www.zhihu.com/people/taihuxiaobaoyu
http://www.zhihu.com/people/li-ri-yue
http://www.zhihu.com/people/chang-ge-zi-3
http://www.zhihu.com/people/zhou-neng-44
http://www.zhihu.com/people/zhang-mei-hua
http://www.zhihu.com/people/immediate
http://www.zhihu.com/people/chen-fan-63
http://www.zhihu.com/people/zhu-yixin-42
http://www.zhihu.com/people/chen-qian-76-78
http://www.zhihu.com/people/chengyuan
http://www.zhihu.com/people/dong-qi-59
http://www.zhihu.com/people/lei-ming-shi
http://www.zhihu.com/people/ptpgzr
http://www.zhihu.com/people/lu-zi-75
http://www.zhihu.com/people/kellod
http://www.zhihu.com/people/ming-feng-82
http://www.zhihu.com/people/reese717
http://www.zhihu.com/people/lan-lan-85-40
http://www.zhihu.com/people/lawrencepiao
http://www.zhihu.com/people/bicycling
http://www.zhihu.com/people/dong-dong-94-47
http://www.zhihu.com/people/da-pi-dun
http://www.zhihu.com/people/shi-qiu-yan
http://www.zhihu.com/people/killua3000
http://www.zhihu.com/people/huo-jia-14
http://www.zhihu.com/people/zhang-wen-xi-24
http://www.zhihu.com/people/li-lian-41
http://www.zhihu.com/people/lin-fei-91
http://www.zhihu.com/people/xiepanda
http://www.zhihu.com/people/liu-yi-76-16-75
http://www.zhihu.com/people/shane106
http://www.zhihu.com/people/wang-xu-36-94
http://www.zhihu.com/people/feng-yuan-27
http://www.zhihu.com/people/chang-cheng-jiang
http://www.zhihu.com/people/shao-shuai-70
http://www.zhihu.com/people/zi-wan-ying
http://www.zhihu.com/people/wang-yi-se-mu
http://www.zhihu.com/people/bai-xiao-ying-39
http://www.zhihu.com/people/annodomini
http://www.zhihu.com/people/byewon
http://www.zhihu.com/people/yuhui614
http://www.zhihu.com/people/liu-he-mu-59
http://www.zhihu.com/people/kai-yue-97
http://www.zhihu.com/people/wang-da-wei-16
http://www.zhihu.com/people/alice-45-16
http://www.zhihu.com/people/hui-zi-51
http://www.zhihu.com/people/sun-conrad
http://www.zhihu.com/people/zhang-peng-zhen
http://www.zhihu.com/people/ling-long
http://www.zhihu.com/people/qiaoerenwu
http://www.zhihu.com/people/feng-yu-zai-xin
http://www.zhihu.com/people/gu-qi-57
http://www.zhihu.com/people/levi-lin
http://www.zhihu.com/people/yan-xin-qi
http://www.zhihu.com/people/lin-xiao-ning
http://www.zhihu.com/people/pandax
http://www.zhihu.com/people/hu-nicholas
http://www.zhihu.com/people/xiaoluyouming
http://www.zhihu.com/people/jiang-xing-tao-77
http://www.zhihu.com/people/chen-yin-dong
http://www.zhihu.com/people/ye-xue-57-12
http://www.zhihu.com/people/dina
http://www.zhihu.com/people/yizhou
http://www.zhihu.com/people/gaohy
http://www.zhihu.com/people/nine-ye
http://www.zhihu.com/people/kang-xi-58
http://www.zhihu.com/people/ttyy-99
http://www.zhihu.com/people/zhi-yang-ming
http://www.zhihu.com/people/Jellyomg
http://www.zhihu.com/people/qdhei521
http://www.zhihu.com/people/wang-yimian
http://www.zhihu.com/people/1980524
http://www.zhihu.com/people/duwulun
http://www.zhihu.com/people/yuan-wen-hua
http://www.zhihu.com/people/chen-ji-88
http://www.zhihu.com/people/zhqjuice
http://www.zhihu.com/people/cao-dong-dong-36
http://www.zhihu.com/people/sang-zi-88
http://www.zhihu.com/people/song-lulu
http://www.zhihu.com/people/mo-mo-37-61
http://www.zhihu.com/people/ou-er-cheng-wen
http://www.zhihu.com/people/li-yan-ge
http://www.zhihu.com/people/andreayeah
http://www.zhihu.com/people/zi-ang-alex
http://www.zhihu.com/people/long-yang-56
http://www.zhihu.com/people/he-xiang-36
http://www.zhihu.com/people/zheng-zha-22
http://www.zhihu.com/people/chieasura
http://www.zhihu.com/people/copper-friddle
http://www.zhihu.com/people/xu-xiao-ye-53
http://www.zhihu.com/people/happykaka
http://www.zhihu.com/people/hou-hui-si
http://www.zhihu.com/people/Mr.guo
http://www.zhihu.com/people/yang-guang-jin
http://www.zhihu.com/people/doubleuhy
http://www.zhihu.com/people/NeoLau
http://www.zhihu.com/people/breezeling
http://www.zhihu.com/people/zhu-yi-ge
http://www.zhihu.com/people/yanliusp
http://www.zhihu.com/people/wu-lei-mu
http://www.zhihu.com/people/guan-jia-qi
http://www.zhihu.com/people/pan-shi-chen
http://www.zhihu.com/people/yllyll
http://www.zhihu.com/people/miao-miao-50-16
http://www.zhihu.com/people/liu-tao-88
http://www.zhihu.com/people/pang-da-14
http://www.zhihu.com/people/chen-ke-bin-21
http://www.zhihu.com/people/wang-li-bing
http://www.zhihu.com/people/xie-bing-14
http://www.zhihu.com/people/winsunchen
http://www.zhihu.com/people/aleancare
http://www.zhihu.com/people/xuzhe1224
http://www.zhihu.com/people/minkwan
http://www.zhihu.com/people/zhang-sen-37
http://www.zhihu.com/people/sivona0524
http://www.zhihu.com/people/chen-peng-67-22
http://www.zhihu.com/people/wei-sha-sha
http://www.zhihu.com/people/GO0GLE
http://www.zhihu.com/people/jiang-nan-16
http://www.zhihu.com/people/liu-wang-94
http://www.zhihu.com/people/meng-geng-sheng
http://www.zhihu.com/people/keqi
http://www.zhihu.com/people/bowenbitch
http://www.zhihu.com/people/xia-mo-4-58
http://www.zhihu.com/people/morea
http://www.zhihu.com/people/dai-hong-tao-72
http://www.zhihu.com/people/chuan-bo-xue-gai-lun
http://www.zhihu.com/people/xie-charlie
http://www.zhihu.com/people/avanlanchion
http://www.zhihu.com/people/liu-qi-25
http://www.zhihu.com/people/uranus-zhou
http://www.zhihu.com/people/zhang-yu-jie-37
http://www.zhihu.com/people/tiezhu
http://www.zhihu.com/people/wu-yu-29
http://www.zhihu.com/people/jiang-yixie
http://www.zhihu.com/people/po-de-meng-54
http://www.zhihu.com/people/lizhanhui
http://www.zhihu.com/people/xiao-hui-58-30
http://www.zhihu.com/people/su-mo-xiao-yi
http://www.zhihu.com/people/talentlb
http://www.zhihu.com/people/wang-ci-an
http://www.zhihu.com/people/kong-ling-___
http://www.zhihu.com/people/zheng-xia-ming
http://www.zhihu.com/people/zhao-zheng-po
http://www.zhihu.com/people/chinamack
http://www.zhihu.com/people/jiggersong
http://www.zhihu.com/people/auspicesaint
http://www.zhihu.com/people/gooeyforms
http://www.zhihu.com/people/xia-zi-mi
http://www.zhihu.com/people/jiang-ge-61
http://www.zhihu.com/people/zuimai
http://www.zhihu.com/people/lio-snow
http://www.zhihu.com/people/zhongzhidao
http://www.zhihu.com/people/Art-Joker
http://www.zhihu.com/people/tan-ri-tian
http://www.zhihu.com/people/renpinge
http://www.zhihu.com/people/jin-ke-42
http://www.zhihu.com/people/zheng-xing-sheng
http://www.zhihu.com/people/bao-jian-long
http://www.zhihu.com/people/kairen
http://www.zhihu.com/people/luung
http://www.zhihu.com/people/lin-wang-wei
http://www.zhihu.com/people/jiang-bai-du
http://www.zhihu.com/people/qin-shang
http://www.zhihu.com/people/zhang-dong-sheng-1
http://www.zhihu.com/people/jin-meng-77
http://www.zhihu.com/people/wfill
http://www.zhihu.com/people/xiaotong-sun
http://www.zhihu.com/people/yu-qin-61
http://www.zhihu.com/people/wang-yu-61-84
http://www.zhihu.com/people/han-jian-3
http://www.zhihu.com/people/xiao-wei-11-19
http://www.zhihu.com/people/liu-ming-61
http://www.zhihu.com/people/he-yuan-sheng
http://www.zhihu.com/people/chenxc
http://www.zhihu.com/people/li-chao-17
http://www.zhihu.com/people/lunatic-61
http://www.zhihu.com/people/li-zheng-91-39
http://www.zhihu.com/people/rubia-38
http://www.zhihu.com/people/liu-zhi-guo-4
http://www.zhihu.com/people/li-an
http://www.zhihu.com/people/su-xiao-bei1911
http://www.zhihu.com/people/chen-xu-yang-45
http://www.zhihu.com/people/wu-wei-86
http://www.zhihu.com/people/paddy-37
http://www.zhihu.com/people/xue-wa-qia
http://www.zhihu.com/people/tianze
http://www.zhihu.com/people/shabby
http://www.zhihu.com/people/chen-qing-jun
http://www.zhihu.com/people/feixiaofei
http://www.zhihu.com/people/wang-jing-yun
http://www.zhihu.com/people/evine-chen
http://www.zhihu.com/people/zhu-jin-heng
http://www.zhihu.com/people/changleblog
http://www.zhihu.com/people/sunxinmadao
http://www.zhihu.com/people/zoezhong
http://www.zhihu.com/people/chen-chang-lei
http://www.zhihu.com/people/yeezi
http://www.zhihu.com/people/lailaiovo
http://www.zhihu.com/people/ericsun-71
http://www.zhihu.com/people/huang-zi-yao
http://www.zhihu.com/people/siva
http://www.zhihu.com/people/hua-yan-yang
http://www.zhihu.com/people/gu-kai-kai
http://www.zhihu.com/people/zhou-jia-peng-6
http://www.zhihu.com/people/liangkun
http://www.zhihu.com/people/junjiemao
http://www.zhihu.com/people/wu-yu-an
http://www.zhihu.com/people/hu-jian-ying
http://www.zhihu.com/people/yin-xiao-yu-6
http://www.zhihu.com/people/stellazhang1994
http://www.zhihu.com/people/wei-jun-yong
http://www.zhihu.com/people/chen-teng-fei-6-43
http://www.zhihu.com/people/wu-yao-xin-65
http://www.zhihu.com/people/ruan-qi-chun
http://www.zhihu.com/people/zhang-xin-61-39
http://www.zhihu.com/people/wonderflow.info
http://www.zhihu.com/people/zhu-tian-li
http://www.zhihu.com/people/yue-yi-he
http://www.zhihu.com/people/xia-fei-35
http://www.zhihu.com/people/fu-xiao-qing-59
http://www.zhihu.com/people/yang-guang-11-55
http://www.zhihu.com/people/chouthen
http://www.zhihu.com/people/wang-wu-bin
http://www.zhihu.com/people/yin-jing-can
http://www.zhihu.com/people/dai-xiao-lan
http://www.zhihu.com/people/wang-chuan-gu-fan
http://www.zhihu.com/people/joker-86
http://www.zhihu.com/people/liu-ya-kun-1
http://www.zhihu.com/people/qianz-ding
http://www.zhihu.com/people/stupident
http://www.zhihu.com/people/jiang-nu
http://www.zhihu.com/people/mo-chen-96-25
http://www.zhihu.com/people/li-ke-yan-25
http://www.zhihu.com/people/zlandys
http://www.zhihu.com/people/yue-xiao-liu
http://www.zhihu.com/people/zeng-lu-95
http://www.zhihu.com/people/zhang-bo-67-32
http://www.zhihu.com/people/zhang-yuan-xiang
http://www.zhihu.com/people/chendayun
http://www.zhihu.com/people/kevin-liu-15
http://www.zhihu.com/people/yolfilm
http://www.zhihu.com/people/tintuo
http://www.zhihu.com/people/lu-ming-hao
http://www.zhihu.com/people/teabag
http://www.zhihu.com/people/zhang-ba-11
http://www.zhihu.com/people/stone-63
http://www.zhihu.com/people/xie-wei-you
http://www.zhihu.com/people/zhou-an
http://www.zhihu.com/people/han-yi-34
http://www.zhihu.com/people/qianhouzuoyou
http://www.zhihu.com/people/zhao-yue-35-24
http://www.zhihu.com/people/dudu222
http://www.zhihu.com/people/scarlettliu
http://www.zhihu.com/people/dou-ya-mei-er
http://www.zhihu.com/people/peoplegxs
http://www.zhihu.com/people/hua-yin-85
http://www.zhihu.com/people/han-peng-qian
http://www.zhihu.com/people/terry-9
http://www.zhihu.com/people/jeremy-53
http://www.zhihu.com/people/shi-jun-88-5
http://www.zhihu.com/people/fan-he-40
http://www.zhihu.com/people/cuizine233
http://www.zhihu.com/people/polun-na
http://www.zhihu.com/people/wang-can-91
http://www.zhihu.com/people/timeror
http://www.zhihu.com/people/cai-ming-fu
http://www.zhihu.com/people/wang-sen-shine
http://www.zhihu.com/people/zhang-xiang-nan-20
http://www.zhihu.com/people/xianshideliliang12
http://www.zhihu.com/people/yin-gao-jie
http://www.zhihu.com/people/darkwindsd
http://www.zhihu.com/people/liu-xiao-yan-46
http://www.zhihu.com/people/hongyi33
http://www.zhihu.com/people/lin-shu-xin
http://www.zhihu.com/people/hai-tang-47
http://www.zhihu.com/people/tang-long-77
http://www.zhihu.com/people/pwj1568
http://www.zhihu.com/people/li-rui-min-64
http://www.zhihu.com/people/mi-tao
http://www.zhihu.com/people/LH
http://www.zhihu.com/people/sylvia-yang
http://www.zhihu.com/people/du-yi-90-20
http://www.zhihu.com/people/liu-yi-cheng-13
http://www.zhihu.com/people/feikon
http://www.zhihu.com/people/max7m5s
http://www.zhihu.com/people/bai-ye-48
http://www.zhihu.com/people/li-huai-jin
http://www.zhihu.com/people/wang-yu-dong-24
http://www.zhihu.com/people/nakutoki
http://www.zhihu.com/people/dhfl
http://www.zhihu.com/people/dai-wei-99
http://www.zhihu.com/people/zhang-yi-fan-48
http://www.zhihu.com/people/ye-zi-da-ren
http://www.zhihu.com/people/zhang-yi-fu
http://www.zhihu.com/people/tang-mu-chen
http://www.zhihu.com/people/velox
http://www.zhihu.com/people/liu-guo-hui-24
http://www.zhihu.com/people/wang-yi-lian-45
http://www.zhihu.com/people/iyucci
http://www.zhihu.com/people/zhou-min-61
http://www.zhihu.com/people/an-jia-men-yuan
http://www.zhihu.com/people/wang-du-du-63
http://www.zhihu.com/people/wen-tao-4
http://www.zhihu.com/people/qi-xiao-xi-62
http://www.zhihu.com/people/mo-ze-cheng
http://www.zhihu.com/people/dabai-fang
http://www.zhihu.com/people/liu-xin-xin-99
http://www.zhihu.com/people/zhang-wei-10-7
http://www.zhihu.com/people/li-mu-shu
http://www.zhihu.com/people/cui-da-wei
http://www.zhihu.com/people/ha-lu
http://www.zhihu.com/people/jenningsatlarge
http://www.zhihu.com/people/zhu-shi-jie-6
http://www.zhihu.com/people/van-gogh
http://www.zhihu.com/people/David_Ren
http://www.zhihu.com/people/bo-wen-49
http://www.zhihu.com/people/zhang-fan-85-97
http://www.zhihu.com/people/pi-kuo-de
http://www.zhihu.com/people/wang-yi-50-49
http://www.zhihu.com/people/xu-bei-1
http://www.zhihu.com/people/jiang-ge
http://www.zhihu.com/people/pan-xi-ting
http://www.zhihu.com/people/hint
http://www.zhihu.com/people/namnoc
http://www.zhihu.com/people/39sky
http://www.zhihu.com/people/lmlin
http://www.zhihu.com/people/han_lao_liu
http://www.zhihu.com/people/huang-jian-73-70
http://www.zhihu.com/people/susus
http://www.zhihu.com/people/lin1000
http://www.zhihu.com/people/han-yixin
http://www.zhihu.com/people/fengchang
http://www.zhihu.com/people/PeterK
http://www.zhihu.com/people/liu-yang-xue
http://www.zhihu.com/people/sionzone
http://www.zhihu.com/people/zuoyin
http://www.zhihu.com/people/tassandar
http://www.zhihu.com/people/li-fan-56-74
http://www.zhihu.com/people/_zhao_xu_
http://www.zhihu.com/people/wei-wei-87-88
http://www.zhihu.com/people/THFQ
http://www.zhihu.com/people/tian-su-jun
http://www.zhihu.com/people/jing-xiao-liang
http://www.zhihu.com/people/bei-ming-you-yu-95
http://www.zhihu.com/people/hyde.lovegood
http://www.zhihu.com/people/zhang-xu-4-1
http://www.zhihu.com/people/song-fei
http://www.zhihu.com/people/blog.songyy.me
http://www.zhihu.com/people/li-zi-zhu-47
http://www.zhihu.com/people/zhang-hao-81-78
http://www.zhihu.com/people/zhong-ye-zi-49
http://www.zhihu.com/people/yuke-fighting
http://www.zhihu.com/people/liu-yan-yu-80
http://www.zhihu.com/people/hou-xue-cun
http://www.zhihu.com/people/zou-dao-kou
http://www.zhihu.com/people/liqi
http://www.zhihu.com/people/limaocn
http://www.zhihu.com/people/ren-meng-yan
http://www.zhihu.com/people/phyee
http://www.zhihu.com/people/zhou-liu-yu
http://www.zhihu.com/people/sVicente
http://www.zhihu.com/people/wei-han-ying
http://www.zhihu.com/people/li-chen-chen-88
http://www.zhihu.com/people/liyali
http://www.zhihu.com/people/dannnnn
http://www.zhihu.com/people/han-yan-hui
http://www.zhihu.com/people/tang-yiming-24
http://www.zhihu.com/people/yang-cong-quan-man-tou
http://www.zhihu.com/people/yao-ze-yuan
http://www.zhihu.com/people/aileenshi
http://www.zhihu.com/people/huang-xiao-ni
http://www.zhihu.com/people/zhouyi619
http://www.zhihu.com/people/zhang-wei-zhong
http://www.zhihu.com/people/song-song-99
http://www.zhihu.com/people/chibole
http://www.zhihu.com/people/calliope
http://www.zhihu.com/people/xiao-su-27
http://www.zhihu.com/people/shi-jian-hua
http://www.zhihu.com/people/chen-xin-yan-65
http://www.zhihu.com/people/chi-xiao-ming
http://www.zhihu.com/people/lilizong
http://www.zhihu.com/people/wang-yuan-66-5
http://www.zhihu.com/people/9tail
http://www.zhihu.com/people/mi-fan-bu-tiao-shi
http://www.zhihu.com/people/champ-wong
http://www.zhihu.com/people/oogoo
http://www.zhihu.com/people/plus-10
http://www.zhihu.com/people/lu-xin-yan-75
http://www.zhihu.com/people/merlin-47
http://www.zhihu.com/people/up-up-75
http://www.zhihu.com/people/sofia-96
http://www.zhihu.com/people/emptymalei
http://www.zhihu.com/people/rubi-47
http://www.zhihu.com/people/pan-ke-ting
http://www.zhihu.com/people/li-yi-sha
http://www.zhihu.com/people/zhu-jun-qiang
http://www.zhihu.com/people/michi223
http://www.zhihu.com/people/mao-bo-jue
http://www.zhihu.com/people/abel_phyllis
