http://www.zhihu.com/people/wang-xiao-feng-73-62
http://www.zhihu.com/people/cong-cong-98-4
http://www.zhihu.com/people/cang-zhu-xie
http://www.zhihu.com/people/ying-49
http://www.zhihu.com/people/liu-jin-long-44
http://www.zhihu.com/people/lushnis
http://www.zhihu.com/people/lonelyfox
http://www.zhihu.com/people/feng-hao-84
http://www.zhihu.com/people/huluwahappy
http://www.zhihu.com/people/khowarizmi
http://www.zhihu.com/people/chen-wei-57
http://www.zhihu.com/people/wang-jing-27-65
http://www.zhihu.com/people/honeys
http://www.zhihu.com/people/chendeshen
http://www.zhihu.com/people/chen-si-yue-70
http://www.zhihu.com/people/liu-shi-kai-45
http://www.zhihu.com/people/jingshuai
http://www.zhihu.com/people/hong-men-men
http://www.zhihu.com/people/sssky
http://www.zhihu.com/people/neil-35-70
http://www.zhihu.com/people/rendy
http://www.zhihu.com/people/wang-zhen-ya-94
http://www.zhihu.com/people/xuexiao
http://www.zhihu.com/people/albertpkmn
http://www.zhihu.com/people/liang-yu-hao-7-10
http://www.zhihu.com/people/xuanjianfeng
http://www.zhihu.com/people/meng-xiang-jia-13
http://www.zhihu.com/people/gao-wei-67
http://www.zhihu.com/people/gui-sheng-74
http://www.zhihu.com/people/delogas
http://www.zhihu.com/people/spencer-song-6
http://www.zhihu.com/people/heaven_000
http://www.zhihu.com/people/seasons
http://www.zhihu.com/people/abchello
http://www.zhihu.com/people/liu-yu-hui-56
http://www.zhihu.com/people/sun-san-81
http://www.zhihu.com/people/liu-ze-18-75
http://www.zhihu.com/people/ding-ding-84-86
http://www.zhihu.com/people/dong-ya-ya-55
http://www.zhihu.com/people/li-yi-chen-17
http://www.zhihu.com/people/fan-fan-40-41
http://www.zhihu.com/people/cheng-heng
http://www.zhihu.com/people/lycheeorange
http://www.zhihu.com/people/yuan-you-tao-25
http://www.zhihu.com/people/jerry-cen
http://www.zhihu.com/people/niu-ji-ye
http://www.zhihu.com/people/qian-jing-wei
http://www.zhihu.com/people/guo-hua-qiao
http://www.zhihu.com/people/zhuziyi
http://www.zhihu.com/people/pingoflove
http://www.zhihu.com/people/dio-garland
http://www.zhihu.com/people/khaki-29
http://www.zhihu.com/people/ru-sheng
http://www.zhihu.com/people/pan-shi-yun
http://www.zhihu.com/people/mo-xu-you-20
http://www.zhihu.com/people/fan-xiao-fan-63-75
http://www.zhihu.com/people/zhang-yiyi-69
http://www.zhihu.com/people/li-ting-33
http://www.zhihu.com/people/deutsch-99
http://www.zhihu.com/people/zhao-xuan-18
http://www.zhihu.com/people/SeanParker
http://www.zhihu.com/people/zhu-fang-bei
http://www.zhihu.com/people/drwong
http://www.zhihu.com/people/bi-peng
http://www.zhihu.com/people/wen-da-ya-55
http://www.zhihu.com/people/ri-ye-qian-chi
http://www.zhihu.com/people/guo-xiao-yuan-7
http://www.zhihu.com/people/carmencissy
http://www.zhihu.com/people/liang-zhou-zhou
http://www.zhihu.com/people/xudekai
http://www.zhihu.com/people/jovanyang
http://www.zhihu.com/people/froyoe
http://www.zhihu.com/people/qi-shu-21
http://www.zhihu.com/people/li-bo-yu-85
http://www.zhihu.com/people/wang-xing-xing-16
http://www.zhihu.com/people/qqw-ssdd
http://www.zhihu.com/people/nan-yan-zi
http://www.zhihu.com/people/chen-wei-40-40
http://www.zhihu.com/people/li-lo
http://www.zhihu.com/people/megan-ma
http://www.zhihu.com/people/yang-tao-2013
http://www.zhihu.com/people/leongao
http://www.zhihu.com/people/jiang-dong-52
http://www.zhihu.com/people/davidchang
http://www.zhihu.com/people/yjw022yjw
http://www.zhihu.com/people/tong-an-yi
http://www.zhihu.com/people/aipsme
http://www.zhihu.com/people/wentommy
http://www.zhihu.com/people/michelleyan
http://www.zhihu.com/people/hei-qia-pu-li-ao
http://www.zhihu.com/people/feng-hao-zhe
http://www.zhihu.com/people/li-shou-yin-89
http://www.zhihu.com/people/zhang-peng-bo-7
http://www.zhihu.com/people/gao-tian-tian-79
http://www.zhihu.com/people/yao-hang
http://www.zhihu.com/people/fangke
http://www.zhihu.com/people/zhu-bo-tao
http://www.zhihu.com/people/tinyyuan
http://www.zhihu.com/people/chu-meng-meng
http://www.zhihu.com/people/chen-cheng-84-43
http://www.zhihu.com/people/shi-jia-jun-63
http://www.zhihu.com/people/000088
http://www.zhihu.com/people/kephi
http://www.zhihu.com/people/will-cosmos
http://www.zhihu.com/people/wen-tao-4
http://www.zhihu.com/people/xiao-sa-06-16
http://www.zhihu.com/people/fang-pei-yu
http://www.zhihu.com/people/corlation
http://www.zhihu.com/people/jk631233
http://www.zhihu.com/people/moeyanling
http://www.zhihu.com/people/zakchan
http://www.zhihu.com/people/cai-ming-fu
http://www.zhihu.com/people/liu-xiao-zhui
http://www.zhihu.com/people/pandaslow
http://www.zhihu.com/people/zhongwei
http://www.zhihu.com/people/zhuo-zhi-ying
http://www.zhihu.com/people/lu-jian-82
http://www.zhihu.com/people/tyler-z
http://www.zhihu.com/people/icojump
http://www.zhihu.com/people/forkburn
http://www.zhihu.com/people/hou-peng-92
http://www.zhihu.com/people/hu-lei-lei
http://www.zhihu.com/people/odeson
http://www.zhihu.com/people/yang-yang-35-30
http://www.zhihu.com/people/bob-yang
http://www.zhihu.com/people/reylen
http://www.zhihu.com/people/ma3jia
http://www.zhihu.com/people/leftrighthands
http://www.zhihu.com/people/UID-JasonLee
http://www.zhihu.com/people/mfanpig
http://www.zhihu.com/people/zhang-yi-xing
http://www.zhihu.com/people/techoxygen
http://www.zhihu.com/people/li-zhuang-17
http://www.zhihu.com/people/zhipei
http://www.zhihu.com/people/liu-xiao-ting-89
http://www.zhihu.com/people/liu-shao-peng
http://www.zhihu.com/people/zhufengxiang
http://www.zhihu.com/people/yang-su
http://www.zhihu.com/people/myersguo
http://www.zhihu.com/people/li-an
http://www.zhihu.com/people/zhengziyang
http://www.zhihu.com/people/iyucci
http://www.zhihu.com/people/ze-yan
http://www.zhihu.com/people/johnnical
http://www.zhihu.com/people/namiheike
http://www.zhihu.com/people/houxiyang
http://www.zhihu.com/people/williamzhang515
http://www.zhihu.com/people/ciciduff
http://www.zhihu.com/people/xiaoyu.tai
http://www.zhihu.com/people/li-han-74-46
http://www.zhihu.com/people/wu-jie-97
http://www.zhihu.com/people/asca
http://www.zhihu.com/people/awing-66
http://www.zhihu.com/people/skiff
http://www.zhihu.com/people/sabrina-lee
http://www.zhihu.com/people/jiang-lei-35-78
http://www.zhihu.com/people/jieqi11
http://www.zhihu.com/people/zhang-shi-pu
http://www.zhihu.com/people/huang-zhi-ping-14
http://www.zhihu.com/people/Samuel1112
http://www.zhihu.com/people/x_gy
http://www.zhihu.com/people/noff
http://www.zhihu.com/people/youyiyui
http://www.zhihu.com/people/leiming
http://www.zhihu.com/people/riki
http://www.zhihu.com/people/you-shui-han
http://www.zhihu.com/people/shu-xiong-69
http://www.zhihu.com/people/xinlinyang
http://www.zhihu.com/people/yu-yang-87-79
http://www.zhihu.com/people/vding
http://www.zhihu.com/people/he-shi-zheng
http://www.zhihu.com/people/qone
http://www.zhihu.com/people/caoxiongfeng
http://www.zhihu.com/people/heisn
http://www.zhihu.com/people/granndy
http://www.zhihu.com/people/zhong-chao
http://www.zhihu.com/people/yang-wei-wei-66
http://www.zhihu.com/people/setfree
http://www.zhihu.com/people/wang-jin-wei-28
http://www.zhihu.com/people/shitianxiao
http://www.zhihu.com/people/armo
http://www.zhihu.com/people/CCAV1
http://www.zhihu.com/people/youmeijiang
http://www.zhihu.com/people/dali-wang
http://www.zhihu.com/people/song-song-99
http://www.zhihu.com/people/zhou-tian-83
http://www.zhihu.com/people/chen-li-sui
http://www.zhihu.com/people/2guitar
http://www.zhihu.com/people/feversun
http://www.zhihu.com/people/lebanner
http://www.zhihu.com/people/kongkonger
http://www.zhihu.com/people/cssqt
http://www.zhihu.com/people/zhcx
http://www.zhihu.com/people/jin-duo-93
http://www.zhihu.com/people/yingwenlee
http://www.zhihu.com/people/edword
http://www.zhihu.com/people/henter
http://www.zhihu.com/people/yangshengli
http://www.zhihu.com/people/liutingji
http://www.zhihu.com/people/tt2012
http://www.zhihu.com/people/wen-qi-51
http://www.zhihu.com/people/jia-zhi-20
http://www.zhihu.com/people/fei-ye-55-58
http://www.zhihu.com/people/chen-fei-40
http://www.zhihu.com/people/yu-chuan-60
http://www.zhihu.com/people/roc3188
http://www.zhihu.com/people/lilele
http://www.zhihu.com/people/feng-kui-zhi
http://www.zhihu.com/people/GilgameshK
http://www.zhihu.com/people/lamueno
http://www.zhihu.com/people/wang-yu-hao-46
http://www.zhihu.com/people/zhang-ze-43
http://www.zhihu.com/people/albertyann
http://www.zhihu.com/people/jorel
http://www.zhihu.com/people/peter-85
http://www.zhihu.com/people/yi-yan-cheng
http://www.zhihu.com/people/miao-5
http://www.zhihu.com/people/zued
http://www.zhihu.com/people/joey-8
http://www.zhihu.com/people/Acmenyz
http://www.zhihu.com/people/zhou-yan-jun
http://www.zhihu.com/people/bbmm007
http://www.zhihu.com/people/oxygen
http://www.zhihu.com/people/zhang-yu-bo
http://www.zhihu.com/people/gorteng
http://www.zhihu.com/people/jiang-chao-22
http://www.zhihu.com/people/chen-hui
http://www.zhihu.com/people/huanghuihui1991
http://www.zhihu.com/people/li-zhi-jian-91
http://www.zhihu.com/people/zqstarmoon
http://www.zhihu.com/people/wangweizhe
http://www.zhihu.com/people/zongjie
http://www.zhihu.com/people/xiao-bo-81
http://www.zhihu.com/people/zhu-li-92
http://www.zhihu.com/people/kinvy
http://www.zhihu.com/people/luoxr
http://www.zhihu.com/people/baixiaoyin
http://www.zhihu.com/people/ren-jie-stronge
http://www.zhihu.com/people/yi-zhi-chong-zi
http://www.zhihu.com/people/li-jian-73
http://www.zhihu.com/people/wang-zhi-zhi-82
http://www.zhihu.com/people/haiger-25
http://www.zhihu.com/people/shimengchen
http://www.zhihu.com/people/mayimayi
http://www.zhihu.com/people/shipeiju
http://www.zhihu.com/people/zhouyurui
http://www.zhihu.com/people/sun4912
http://www.zhihu.com/people/Ataraxia002
http://www.zhihu.com/people/cuizhanya
http://www.zhihu.com/people/winsunchen
http://www.zhihu.com/people/chenruihong
http://www.zhihu.com/people/SailYang
http://www.zhihu.com/people/zblc
http://www.zhihu.com/people/caoyi-29
http://www.zhihu.com/people/alohaschen
http://www.zhihu.com/people/su-xiao-___
http://www.zhihu.com/people/liu-dan-90-65
http://www.zhihu.com/people/zhao-xiao-jing-20
http://www.zhihu.com/people/pei-le
http://www.zhihu.com/people/pan-jun-yu
http://www.zhihu.com/people/huo-xing-jing
http://www.zhihu.com/people/wildwilde
http://www.zhihu.com/people/dizzarz
http://www.zhihu.com/people/jing-chen-92
http://www.zhihu.com/people/huang-long-80
http://www.zhihu.com/people/wu-you-tong
http://www.zhihu.com/people/yi-sen-8
http://www.zhihu.com/people/chen-lie-72
http://www.zhihu.com/people/shrioneko
http://www.zhihu.com/people/jjying
http://www.zhihu.com/people/qiujing
http://www.zhihu.com/people/nixy
http://www.zhihu.com/people/burado
http://www.zhihu.com/people/jixin
http://www.zhihu.com/people/blankyao
http://www.zhihu.com/people/gaohy
http://www.zhihu.com/people/luzern
http://www.zhihu.com/people/cuniao
http://www.zhihu.com/people/fenng
http://www.zhihu.com/people/xuzhe1224
http://www.zhihu.com/people/keshaoqin
http://www.zhihu.com/people/da-bo-luo-20
http://www.zhihu.com/people/tian-min-cheng
http://www.zhihu.com/people/just-zhe
http://www.zhihu.com/people/Ansonyi
http://www.zhihu.com/people/yangjiansky
http://www.zhihu.com/people/rotate8
http://www.zhihu.com/people/keen
http://www.zhihu.com/people/liu-bo-yang-71
http://www.zhihu.com/people/zhang-xiao-huan-48
http://www.zhihu.com/people/zhao-xiao-bei
http://www.zhihu.com/people/nong-jun
http://www.zhihu.com/people/lava
http://www.zhihu.com/people/hui-zhu
http://www.zhihu.com/people/milkr
http://www.zhihu.com/people/tan-nan-gua
http://www.zhihu.com/people/zaiyiqi
http://www.zhihu.com/people/allsaying
http://www.zhihu.com/people/yu-ming-gu-wen-chen-tao
http://www.zhihu.com/people/westlinn
http://www.zhihu.com/people/HouLi
http://www.zhihu.com/people/jade1314ily
http://www.zhihu.com/people/visai
http://www.zhihu.com/people/eric-21-3
http://www.zhihu.com/people/ohjmy
http://www.zhihu.com/people/zhu-jun-qiang
http://www.zhihu.com/people/zhang-lin-zhi007
http://www.zhihu.com/people/zooeyme
http://www.zhihu.com/people/ni-quan
http://www.zhihu.com/people/qingxia
http://www.zhihu.com/people/danielxing
http://www.zhihu.com/people/su7ao
http://www.zhihu.com/people/lee-young
http://www.zhihu.com/people/jiang--jiang
http://www.zhihu.com/people/chen-qing-18
http://www.zhihu.com/people/pmzy
http://www.zhihu.com/people/Michal-Rain
http://www.zhihu.com/people/cai-tong
http://www.zhihu.com/people/sunny90
http://www.zhihu.com/people/aDaos
http://www.zhihu.com/people/solliuyang
http://www.zhihu.com/people/wangyuan1977
http://www.zhihu.com/people/yangzuoqi
http://www.zhihu.com/people/stone
http://www.zhihu.com/people/xiaokitty
http://www.zhihu.com/people/puloon
http://www.zhihu.com/people/dj1027
http://www.zhihu.com/people/hamm
http://www.zhihu.com/people/libaisan
http://www.zhihu.com/people/lijianghua
http://www.zhihu.com/people/shangfei
http://www.zhihu.com/people/niyan
http://www.zhihu.com/people/neaton
http://www.zhihu.com/people/tang-chen
http://www.zhihu.com/people/wangping
http://www.zhihu.com/people/wind
http://www.zhihu.com/people/dongwang
http://www.zhihu.com/people/jasonchang
http://www.zhihu.com/people/pu-xu-dong
http://www.zhihu.com/people/dongxiaowei
http://www.zhihu.com/people/gymitat
http://www.zhihu.com/people/lubenyuan.com
http://www.zhihu.com/people/uxworks
http://www.zhihu.com/people/shijun
http://www.zhihu.com/people/mcbuder
http://www.zhihu.com/people/musixboy
