http://www.zhihu.com/people/zhou-qi-yi
http://www.zhihu.com/people/lou-xin-yue-64
http://www.zhihu.com/people/zhang-jing-88-76
http://www.zhihu.com/people/zhu-li-juan-5
http://www.zhihu.com/people/li-shou-yin-89
http://www.zhihu.com/people/gao-jing-14
http://www.zhihu.com/people/chen-ke-5
http://www.zhihu.com/people/bai-lang-67
http://www.zhihu.com/people/meng-jue-99
http://www.zhihu.com/people/gracieux.taobao.com
http://www.zhihu.com/people/wannian
http://www.zhihu.com/people/zhuang-xiao-meng
http://www.zhihu.com/people/li-ru-guo-61
http://www.zhihu.com/people/diercn
http://www.zhihu.com/people/zi-meng-xiao-hu-li
http://www.zhihu.com/people/halcyonall
http://www.zhihu.com/people/pang-luan-luan
http://www.zhihu.com/people/scott-yang
http://www.zhihu.com/people/yokojanee
http://www.zhihu.com/people/wang-jing-57-49
http://www.zhihu.com/people/huang-yao-60
http://www.zhihu.com/people/svip
http://www.zhihu.com/people/zhu-hong-95
http://www.zhihu.com/people/LPWY
http://www.zhihu.com/people/xiao-mi-31-9
http://www.zhihu.com/people/li-shao-tang
http://www.zhihu.com/people/lu-shuang-1993
http://www.zhihu.com/people/liu-xiao-miao-m
http://www.zhihu.com/people/wang-hua-96
http://www.zhihu.com/people/jiang-bin-liang
http://www.zhihu.com/people/istari
http://www.zhihu.com/people/hu-ru-ting
http://www.zhihu.com/people/wang-wen-han-Ted
http://www.zhihu.com/people/an-kang-75
http://www.zhihu.com/people/naomi-n
http://www.zhihu.com/people/kokomi
http://www.zhihu.com/people/wang-hun-dan
http://www.zhihu.com/people/hou-zhi-55
http://www.zhihu.com/people/jerry-cen
http://www.zhihu.com/people/fa-lu-zha
http://www.zhihu.com/people/echo-40-22
http://www.zhihu.com/people/wangzhaome
http://www.zhihu.com/people/eric18010
http://www.zhihu.com/people/anxious
http://www.zhihu.com/people/liujiayi
http://www.zhihu.com/people/yeswjh
http://www.zhihu.com/people/mu-xia-47
http://www.zhihu.com/people/zhou-xiao-xun-93
http://www.zhihu.com/people/jun-yi-14
http://www.zhihu.com/people/zhang-ruofan-refine
http://www.zhihu.com/people/sun-zi-xun
http://www.zhihu.com/people/li-mie-mie-16
http://www.zhihu.com/people/shi-ke-48-30
http://www.zhihu.com/people/mi-xian-17
http://www.zhihu.com/people/pizei
http://www.zhihu.com/people/cheng-xiao-dong-29
http://www.zhihu.com/people/calibre-chow
http://www.zhihu.com/people/klex_rax
http://www.zhihu.com/people/wujinzhi
http://www.zhihu.com/people/reinhardtjin
http://www.zhihu.com/people/bang-xiao-hao
http://www.zhihu.com/people/lance-xi
http://www.zhihu.com/people/neil-35-70
http://www.zhihu.com/people/johnadam
http://www.zhihu.com/people/huang-yu-hui
http://www.zhihu.com/people/generalissimo
http://www.zhihu.com/people/huang-ha-ha-41
http://www.zhihu.com/people/superwyh
http://www.zhihu.com/people/liu-yi-39-44
http://www.zhihu.com/people/yu-cheng-cheng-34
http://www.zhihu.com/people/pwj1568
http://www.zhihu.com/people/li-lang
http://www.zhihu.com/people/zhao-dan-98
http://www.zhihu.com/people/yong-sheng
http://www.zhihu.com/people/pimgeek
http://www.zhihu.com/people/fuwocheng
http://www.zhihu.com/people/wu-hua-ma-8
http://www.zhihu.com/people/gao-gao-72
http://www.zhihu.com/people/dqange
http://www.zhihu.com/people/wu-quan-yin-68
http://www.zhihu.com/people/lys.me
http://www.zhihu.com/people/dong-jia-bin
http://www.zhihu.com/people/hu-a-niu-80
http://www.zhihu.com/people/xu-bi-de-19
http://www.zhihu.com/people/hibernation
http://www.zhihu.com/people/xiao-bai-yang-16
http://www.zhihu.com/people/wang-bi-zhuo
http://www.zhihu.com/people/tian-qi-61-77
http://www.zhihu.com/people/sean-hsu-2013
http://www.zhihu.com/people/chu-pei-rui
http://www.zhihu.com/people/lucybin
http://www.zhihu.com/people/chang-ge-zi-3
http://www.zhihu.com/people/xsheng-13
http://www.zhihu.com/people/jiayizhen
http://www.zhihu.com/people/zhangyingfeng
http://www.zhihu.com/people/shaxjl
http://www.zhihu.com/people/dong-qi-59
http://www.zhihu.com/people/gaohy
http://www.zhihu.com/people/bjchaodaye
http://www.zhihu.com/people/cui-wang
http://www.zhihu.com/people/su-zhan-14
http://www.zhihu.com/people/zhang-mei-hua
http://www.zhihu.com/people/xu-le-le-49
http://www.zhihu.com/people/yan-xing-80
http://www.zhihu.com/people/wei-han-ying
http://www.zhihu.com/people/mu-rong-bing
http://www.zhihu.com/people/qiaoerenwu
http://www.zhihu.com/people/hua-zi-71-75
http://www.zhihu.com/people/phonism
http://www.zhihu.com/people/zhu-huan-7
http://www.zhihu.com/people/busch
http://www.zhihu.com/people/xiao-su-27
http://www.zhihu.com/people/aspirinfox
http://www.zhihu.com/people/fang-wen-32
http://www.zhihu.com/people/zexiancui
http://www.zhihu.com/people/sillybrother
http://www.zhihu.com/people/marklee-26
http://www.zhihu.com/people/shi-bo-qing
http://www.zhihu.com/people/zhang-wei-77-82
http://www.zhihu.com/people/wee1
http://www.zhihu.com/people/zou-ji
http://www.zhihu.com/people/he-fly
http://www.zhihu.com/people/yu-tou-tou-tou
http://www.zhihu.com/people/huang-ji-pan-48
http://www.zhihu.com/people/lu-jie-12
http://www.zhihu.com/people/ruo-song-bai-ai
http://www.zhihu.com/people/ma-qing-ming
http://www.zhihu.com/people/na-po-chen-lun
http://www.zhihu.com/people/wang-dan-5-78
http://www.zhihu.com/people/laixiaohang
http://www.zhihu.com/people/wang-ruo-yu-21
http://www.zhihu.com/people/tan-ri-tian
http://www.zhihu.com/people/sanghai89110224
http://www.zhihu.com/people/imajin
http://www.zhihu.com/people/he-ji-chong
http://www.zhihu.com/people/wangzhe5509
http://www.zhihu.com/people/yesudewanyan
http://www.zhihu.com/people/chengzhoukun
http://www.zhihu.com/people/mirisa
http://www.zhihu.com/people/catcoder
http://www.zhihu.com/people/holybreeze
http://www.zhihu.com/people/li-zhi-peng-damon
http://www.zhihu.com/people/owenne
http://www.zhihu.com/people/san-pi
http://www.zhihu.com/people/yang-yong-54-36
http://www.zhihu.com/people/nuo-nuo-98
http://www.zhihu.com/people/virusdefender
http://www.zhihu.com/people/neuf
http://www.zhihu.com/people/yi-cheng-64
http://www.zhihu.com/people/xulaohan
http://www.zhihu.com/people/you-you-96-45
http://www.zhihu.com/people/zhou-gang-64
http://www.zhihu.com/people/winter-84
http://www.zhihu.com/people/min-bu-er
http://www.zhihu.com/people/tao-jun-50
http://www.zhihu.com/people/lordifeng
http://www.zhihu.com/people/weikang-li
http://www.zhihu.com/people/mo-hui-81
http://www.zhihu.com/people/lin-si-25
http://www.zhihu.com/people/zhqjuice
http://www.zhihu.com/people/aabi
http://www.zhihu.com/people/chen-ji-88
http://www.zhihu.com/people/liu-huan-78
http://www.zhihu.com/people/mandymandy-wang
http://www.zhihu.com/people/changlianghi
http://www.zhihu.com/people/li-yuan-99-3
http://www.zhihu.com/people/qi-hong-wei
http://www.zhihu.com/people/pan-chen-xi
http://www.zhihu.com/people/jackzhang2014
http://www.zhihu.com/people/hong-xiao-dou
http://www.zhihu.com/people/zedier
http://www.zhihu.com/people/qi-miao-75
http://www.zhihu.com/people/lu-chi-8-61
http://www.zhihu.com/people/zhougan
http://www.zhihu.com/people/he-yuan-sheng
http://www.zhihu.com/people/gao-xiao-tian-3
http://www.zhihu.com/people/li-ying-xiang
http://www.zhihu.com/people/inferiorlove
http://www.zhihu.com/people/zou-hui-lei
http://www.zhihu.com/people/ccat
http://www.zhihu.com/people/zhu-yi-ge
http://www.zhihu.com/people/jiang-nu
http://www.zhihu.com/people/goodgood208
http://www.zhihu.com/people/fei-ying
http://www.zhihu.com/people/morea
http://www.zhihu.com/people/zhang-lu-zheng
http://www.zhihu.com/people/liang-ying-cong
http://www.zhihu.com/people/thoreau-84
http://www.zhihu.com/people/zhou-wei-63
http://www.zhihu.com/people/lin-qian-hua
http://www.zhihu.com/people/atzhihu
http://www.zhihu.com/people/zhang-xiao-xi-82
http://www.zhihu.com/people/lu-jia-liang-37
http://www.zhihu.com/people/yang-wan-wan-12
http://www.zhihu.com/people/zhang-wei-zhong
http://www.zhihu.com/people/liu-marvin
http://www.zhihu.com/people/clairewang0326
http://www.zhihu.com/people/bai-ye-48
http://www.zhihu.com/people/wen-kun-guo
http://www.zhihu.com/people/xiao-xiao-meng-92
http://www.zhihu.com/people/y-u-e39
http://www.zhihu.com/people/zisijiang
http://www.zhihu.com/people/lin-songyin
http://www.zhihu.com/people/19951121
http://www.zhihu.com/people/sakula
http://www.zhihu.com/people/freedomwyb
http://www.zhihu.com/people/mei-ren-yao-skp
http://www.zhihu.com/people/xiaoxiao8877
http://www.zhihu.com/people/cao-dan-10
http://www.zhihu.com/people/xie-jing-76
http://www.zhihu.com/people/redhobor
http://www.zhihu.com/people/wang-yier-16
http://www.zhihu.com/people/swanheart
http://www.zhihu.com/people/wayne-tong
http://www.zhihu.com/people/jiang-zi-an
http://www.zhihu.com/people/stephen-cheng
http://www.zhihu.com/people/hongyi33
http://www.zhihu.com/people/lin-shu-xin
http://www.zhihu.com/people/duo-qi-52
http://www.zhihu.com/people/whchology
http://www.zhihu.com/people/rabacca
http://www.zhihu.com/people/Jellyomg
http://www.zhihu.com/people/zhang-bo-67-32
http://www.zhihu.com/people/tao-bai-bai-4
http://www.zhihu.com/people/hao-peng-cheng
http://www.zhihu.com/people/ma-que-10
http://www.zhihu.com/people/zilu
http://www.zhihu.com/people/will-lian
http://www.zhihu.com/people/bonnyeah
http://www.zhihu.com/people/xie-chang-ming
http://www.zhihu.com/people/dina
http://www.zhihu.com/people/li-li-fei
http://www.zhihu.com/people/ahxxm
http://www.zhihu.com/people/michael-57
http://www.zhihu.com/people/zhang-bo-22
http://www.zhihu.com/people/david.dai
http://www.zhihu.com/people/gui-zhuo
http://www.zhihu.com/people/li-hui-44-8
http://www.zhihu.com/people/tai-di-xiong-97
http://www.zhihu.com/people/guo-guo-99-90
http://www.zhihu.com/people/hong-qian-kun
http://www.zhihu.com/people/xiao-chu
http://www.zhihu.com/people/mi-tao
http://www.zhihu.com/people/jimmy-zhou
http://www.zhihu.com/people/jim-lu
http://www.zhihu.com/people/reese717
http://www.zhihu.com/people/9tail
http://www.zhihu.com/people/liu-zhi-da
http://www.zhihu.com/people/ling-hu-cong
http://www.zhihu.com/people/tu97
http://www.zhihu.com/people/qi-jun-zhu
http://www.zhihu.com/people/strike-18
http://www.zhihu.com/people/max7m5s
http://www.zhihu.com/people/gaoshichao
http://www.zhihu.com/people/hanz-chen
http://www.zhihu.com/people/shabingxuan
http://www.zhihu.com/people/rickey-yue
http://www.zhihu.com/people/hong-shi-huan-78
http://www.zhihu.com/people/lin-shi-yu-54
http://www.zhihu.com/people/liu-jing-chuang
http://www.zhihu.com/people/zhang-yi-fan-48
http://www.zhihu.com/people/solemn
http://www.zhihu.com/people/qdhei521
http://www.zhihu.com/people/shu-yun-36
http://www.zhihu.com/people/xiaoluxin
http://www.zhihu.com/people/wang-er-71
http://www.zhihu.com/people/miao-cheng-64
http://www.zhihu.com/people/fiysben
http://www.zhihu.com/people/Dial
http://www.zhihu.com/people/wang-long-7-71
http://www.zhihu.com/people/llq6072
http://www.zhihu.com/people/ze-di
http://www.zhihu.com/people/mengzhang
http://www.zhihu.com/people/zheng-xia-ming
http://www.zhihu.com/people/yan-ling-17
http://www.zhihu.com/people/mo-wei-zhi-57
http://www.zhihu.com/people/iyucci
http://www.zhihu.com/people/xu-xue-hen
http://www.zhihu.com/people/zhou-min-61
http://www.zhihu.com/people/ren-chang-feng
http://www.zhihu.com/people/ni-da-ye-40-87
http://www.zhihu.com/people/wang-yan-27-37
http://www.zhihu.com/people/mapengze
http://www.zhihu.com/people/gu-zhong-heng
http://www.zhihu.com/people/lingcod
http://www.zhihu.com/people/liu-zi-xuan-42
http://www.zhihu.com/people/lebron-58
http://www.zhihu.com/people/zhang-lai-xu
http://www.zhihu.com/people/xia-qi-la
http://www.zhihu.com/people/bai-bai-he-18
http://www.zhihu.com/people/lin-lin-98-23
http://www.zhihu.com/people/jack-li-61
http://www.zhihu.com/people/yang-cai-shuai
http://www.zhihu.com/people/guiyuplus
http://www.zhihu.com/people/zhang-tian-94
http://www.zhihu.com/people/lexie-han
http://www.zhihu.com/people/yang-xi-49-36
http://www.zhihu.com/people/wang-yi-cheng-77-69
http://www.zhihu.com/people/shanlinfeiniao
http://www.zhihu.com/people/chen-chi-9
http://www.zhihu.com/people/jonson-fang
http://www.zhihu.com/people/xingtao-shen
http://www.zhihu.com/people/virgil
http://www.zhihu.com/people/lin-hai-99
http://www.zhihu.com/people/AirBlue
http://www.zhihu.com/people/xu-fen-22
http://www.zhihu.com/people/zhang-ying-zhou-91
http://www.zhihu.com/people/shu-hai-meng
http://www.zhihu.com/people/lfzyx
http://www.zhihu.com/people/wen-tao-4
http://www.zhihu.com/people/zhao-xiao-long-56
http://www.zhihu.com/people/Woman-day
http://www.zhihu.com/people/jason-chou-48
http://www.zhihu.com/people/li-chang-jian-87
http://www.zhihu.com/people/tian-tian-82-87
http://www.zhihu.com/people/qian-zhen-53
http://www.zhihu.com/people/zhang-wei-10-7
http://www.zhihu.com/people/zhangleo
http://www.zhihu.com/people/Libertasss
http://www.zhihu.com/people/JoeyWzx
http://www.zhihu.com/people/chu-meng-meng
http://www.zhihu.com/people/sellsoda
http://www.zhihu.com/people/li-cheng-gan
http://www.zhihu.com/people/zhang-jia-xiang-85
http://www.zhihu.com/people/guangyi-43
http://www.zhihu.com/people/xudekai
http://www.zhihu.com/people/gnap
http://www.zhihu.com/people/li-si-87
http://www.zhihu.com/people/lobo-73
http://www.zhihu.com/people/giiNNN
http://www.zhihu.com/people/li-feng-54-67
http://www.zhihu.com/people/yi-shou-heng
http://www.zhihu.com/people/wu-yan-zi-14
http://www.zhihu.com/people/song-kai-51
http://www.zhihu.com/people/wang-chao-38
http://www.zhihu.com/people/zhong-guang-42
http://www.zhihu.com/people/liu-su-40
http://www.zhihu.com/people/zhao-xiao-she
http://www.zhihu.com/people/pydison
http://www.zhihu.com/people/jenningsatlarge
http://www.zhihu.com/people/natt
http://www.zhihu.com/people/wang-da-li-29
http://www.zhihu.com/people/geniusvczh
http://www.zhihu.com/people/000088
http://www.zhihu.com/people/damon-tu
http://www.zhihu.com/people/yshlmlr
http://www.zhihu.com/people/fajia
http://www.zhihu.com/people/shuoliu
http://www.zhihu.com/people/liu-jin-long-44
http://www.zhihu.com/people/wang-yue-72-49
http://www.zhihu.com/people/qinyun
http://www.zhihu.com/people/peoplegxs
http://www.zhihu.com/people/song-jing-ji-niao
http://www.zhihu.com/people/bwv988
http://www.zhihu.com/people/mi-mi-54
http://www.zhihu.com/people/sun-lin-9
http://www.zhihu.com/people/Xieyiyao
http://www.zhihu.com/people/liu-xin-xin-99
http://www.zhihu.com/people/HanedaNakayama
http://www.zhihu.com/people/Chorusist
http://www.zhihu.com/people/IcyAngel
http://www.zhihu.com/people/johndeep
http://www.zhihu.com/people/linkinmars
http://www.zhihu.com/people/wu-hai-25
http://www.zhihu.com/people/plntsmtphr
http://www.zhihu.com/people/chentu
http://www.zhihu.com/people/hai-hua
http://www.zhihu.com/people/hou-hui-si
http://www.zhihu.com/people/edward-lincoln
http://www.zhihu.com/people/jaywalker
http://www.zhihu.com/people/THFQ
http://www.zhihu.com/people/tian-su-jun
http://www.zhihu.com/people/acetylcholine
http://www.zhihu.com/people/puahome
http://www.zhihu.com/people/li-zhu-19
http://www.zhihu.com/people/wang-cong-20
http://www.zhihu.com/people/xixixixi
http://www.zhihu.com/people/ekd123
http://www.zhihu.com/people/mou-jun-feng
http://www.zhihu.com/people/li-xuan-14-48
http://www.zhihu.com/people/wu-ya-nan-2
http://www.zhihu.com/people/horace
http://www.zhihu.com/people/qiu-ling-66
http://www.zhihu.com/people/yu-yao-jie
http://www.zhihu.com/people/po-yiya
http://www.zhihu.com/people/happy10086
http://www.zhihu.com/people/xin-yan
http://www.zhihu.com/people/zhang-yan-36
http://www.zhihu.com/people/kermitc
http://www.zhihu.com/people/detwin
http://www.zhihu.com/people/qu-peng-55
http://www.zhihu.com/people/jme-28
http://www.zhihu.com/people/cai-jian-zheng-77
http://www.zhihu.com/people/shijianbin
http://www.zhihu.com/people/youyiifentian
http://www.zhihu.com/people/chen-qing-jun
http://www.zhihu.com/people/samyhello
http://www.zhihu.com/people/jie-qing-fang
http://www.zhihu.com/people/gong-zheng-xuan
http://www.zhihu.com/people/renbinglin
http://www.zhihu.com/people/sosoloveslife
http://www.zhihu.com/people/yang-tian-nan
http://www.zhihu.com/people/le-you-53
http://www.zhihu.com/people/sw-flu
http://www.zhihu.com/people/dai-an-yi
http://www.zhihu.com/people/shepherd
http://www.zhihu.com/people/zhou-xiao-yu-24
http://www.zhihu.com/people/qian-jing-wei
http://www.zhihu.com/people/huang-mu-chuan
http://www.zhihu.com/people/li-wen-24
http://www.zhihu.com/people/mavericks
http://www.zhihu.com/people/yuke-fighting
http://www.zhihu.com/people/wang-dong-ming-37
http://www.zhihu.com/people/caizhaolun
http://www.zhihu.com/people/xian-shen-37
http://www.zhihu.com/people/minny
http://www.zhihu.com/people/jing-22
http://www.zhihu.com/people/youngki
http://www.zhihu.com/people/cheng-xiao-mo-90
http://www.zhihu.com/people/wwzcxqc
http://www.zhihu.com/people/karaki
http://www.zhihu.com/people/zhuo-zhi-ying
http://www.zhihu.com/people/liu-jia-yuan-7
http://www.zhihu.com/people/yvancao
http://www.zhihu.com/people/leocc
http://www.zhihu.com/people/qiudengfeng
http://www.zhihu.com/people/lifeismusic
http://www.zhihu.com/people/wang-meng-bo-63
http://www.zhihu.com/people/cao-meng-di
http://www.zhihu.com/people/xin-qiu
http://www.zhihu.com/people/sotime
http://www.zhihu.com/people/zhu-yixin-42
http://www.zhihu.com/people/ma-yao-70
http://www.zhihu.com/people/littlered
http://www.zhihu.com/people/xie-meng-ru
http://www.zhihu.com/people/imwilsonxu
http://www.zhihu.com/people/bai-shi-qi
http://www.zhihu.com/people/bekeyed
http://www.zhihu.com/people/wang-zi-xiang
http://www.zhihu.com/people/yao-zu
http://www.zhihu.com/people/xpenryn
http://www.zhihu.com/people/suikaixin
http://www.zhihu.com/people/han-jun-shu
http://www.zhihu.com/people/rina-lee-90
http://www.zhihu.com/people/zhang-zu-ming
http://www.zhihu.com/people/ma-bei-bei-96
http://www.zhihu.com/people/tangren088
http://www.zhihu.com/people/huangdingben
http://www.zhihu.com/people/wang-shuo-77
http://www.zhihu.com/people/myshowlog
http://www.zhihu.com/people/rancho-42
http://www.zhihu.com/people/summer2flower
http://www.zhihu.com/people/moski-ivan
http://www.zhihu.com/people/gu-ai-bin-98
http://www.zhihu.com/people/feng-xue-12
http://www.zhihu.com/people/mylyu
http://www.zhihu.com/people/bai-jin-zhong
http://www.zhihu.com/people/tian-nan-gua
http://www.zhihu.com/people/wang-yao-84
http://www.zhihu.com/people/liang-xu-5
http://www.zhihu.com/people/joll
http://www.zhihu.com/people/leng-yue-53-60
http://www.zhihu.com/people/sobranie1984
http://www.zhihu.com/people/yetone
http://www.zhihu.com/people/cheng-fang-hang
http://www.zhihu.com/people/gina-guo
http://www.zhihu.com/people/cheng-bai-lao
http://www.zhihu.com/people/nuonuolili
http://www.zhihu.com/people/wang-ling-shan
http://www.zhihu.com/people/tao-bai-bai-93
http://www.zhihu.com/people/wan-liu
http://www.zhihu.com/people/bao-rui
http://www.zhihu.com/people/wang-li-45-35
http://www.zhihu.com/people/abelard
http://www.zhihu.com/people/saladin
http://www.zhihu.com/people/sky-fall
http://www.zhihu.com/people/heyuthere
http://www.zhihu.com/people/huang-te-jin
http://www.zhihu.com/people/asdfg123
http://www.zhihu.com/people/ying-zi
http://www.zhihu.com/people/liu-xiao-long-50-83
http://www.zhihu.com/people/wang-yi-45-85
http://www.zhihu.com/people/jian-zhu-61
http://www.zhihu.com/people/die-qi
http://www.zhihu.com/people/sayes
http://www.zhihu.com/people/yang-chen-70-99
http://www.zhihu.com/people/yskin
http://www.zhihu.com/people/lin-yi-85
http://www.zhihu.com/people/dereck
http://www.zhihu.com/people/azorey
http://www.zhihu.com/people/qi-da-guang
http://www.zhihu.com/people/oumu
http://www.zhihu.com/people/Dominic_
http://www.zhihu.com/people/liu-tong-91
http://www.zhihu.com/people/yxue
http://www.zhihu.com/people/InitialC
http://www.zhihu.com/people/tim-choo
http://www.zhihu.com/people/yu-san-geng
http://www.zhihu.com/people/yan-ting-17
http://www.zhihu.com/people/humphrey-chin
http://www.zhihu.com/people/mde-an-quan-ma-jia
http://www.zhihu.com/people/zi-qing-90
http://www.zhihu.com/people/edvardellery
http://www.zhihu.com/people/naausica
http://www.zhihu.com/people/susus
http://www.zhihu.com/people/shuang-wang
http://www.zhihu.com/people/li-yang-7-2
http://www.zhihu.com/people/xiao-li-zi-69
http://www.zhihu.com/people/red-fighter
http://www.zhihu.com/people/supernb
http://www.zhihu.com/people/hanlei
http://www.zhihu.com/people/zhao-xin-yu-89
http://www.zhihu.com/people/li-jia-jia-28
http://www.zhihu.com/people/chibole
http://www.zhihu.com/people/li-pei-54
http://www.zhihu.com/people/tang-yiming-24
http://www.zhihu.com/people/lvli
http://www.zhihu.com/people/meicoog
http://www.zhihu.com/people/pan-xiao-25
http://www.zhihu.com/people/Ricahrd.Light
http://www.zhihu.com/people/siwenxiaojie
http://www.zhihu.com/people/chi-xiao-ming
http://www.zhihu.com/people/eugenekinger
http://www.zhihu.com/people/li-li-34-58
http://www.zhihu.com/people/qing-jia-57
http://www.zhihu.com/people/duoduojiang
http://www.zhihu.com/people/anders.liu
http://www.zhihu.com/people/zhang-xiao-ting-78
http://www.zhihu.com/people/liu-xu-dong-93-66
http://www.zhihu.com/people/bian-yi-bin
http://www.zhihu.com/people/qiibeta
http://www.zhihu.com/people/bing-mez
http://www.zhihu.com/people/ssdcz
http://www.zhihu.com/people/jun-hua
http://www.zhihu.com/people/vividrose
http://www.zhihu.com/people/zhou-fang-30
http://www.zhihu.com/people/yuan-mu-xiong
http://www.zhihu.com/people/hua-jian-jiu
http://www.zhihu.com/people/pengvv
http://www.zhihu.com/people/xu-xing
http://www.zhihu.com/people/zhan-ci
http://www.zhihu.com/people/calliope
http://www.zhihu.com/people/techoxygen
http://www.zhihu.com/people/hao-ao-fu
http://www.zhihu.com/people/coldlife
http://www.zhihu.com/people/qian-yun-56
http://www.zhihu.com/people/xi-bei-san-vc
http://www.zhihu.com/people/yao-zhi-nan
http://www.zhihu.com/people/newlifechou
http://www.zhihu.com/people/guo-jin-5
http://www.zhihu.com/people/cao-lin-nuo
http://www.zhihu.com/people/libra_zeng
http://www.zhihu.com/people/sepsea
http://www.zhihu.com/people/dianxian
http://www.zhihu.com/people/zhu-xiao-wu-77
http://www.zhihu.com/people/li-mu-shu
http://www.zhihu.com/people/xiaocccai
http://www.zhihu.com/people/ge-bu-lin-28
http://www.zhihu.com/people/CHINA_MIN
http://www.zhihu.com/people/pan-hui-min-49
http://www.zhihu.com/people/kang-kai
http://www.zhihu.com/people/jaxical
http://www.zhihu.com/people/memento-mori
http://www.zhihu.com/people/geekplux
http://www.zhihu.com/people/feng-shao-jie-44
http://www.zhihu.com/people/butcherv
http://www.zhihu.com/people/zhao-ming-12-51
http://www.zhihu.com/people/wu-jie-97
http://www.zhihu.com/people/dong-tian-le
http://www.zhihu.com/people/xiang-yan-14
http://www.zhihu.com/people/hu-yu-di
http://www.zhihu.com/people/cheng-hao-81
http://www.zhihu.com/people/bing-deng-xing
http://www.zhihu.com/people/cakvfcwz
http://www.zhihu.com/people/shao-xiao-28
http://www.zhihu.com/people/shengtudou
http://www.zhihu.com/people/bo-wen-49
http://www.zhihu.com/people/da-bo-luo-20
http://www.zhihu.com/people/drimdo
http://www.zhihu.com/people/flike
http://www.zhihu.com/people/viviangel
http://www.zhihu.com/people/kopitejoe
http://www.zhihu.com/people/huoguo8ym
http://www.zhihu.com/people/chenyiyi
http://www.zhihu.com/people/you-guo-59
http://www.zhihu.com/people/zheng-hu-li
http://www.zhihu.com/people/mu-yu-72
http://www.zhihu.com/people/hanjinbao
http://www.zhihu.com/people/calmu
http://www.zhihu.com/people/qi-gang-65
http://www.zhihu.com/people/JiangTianZheng
http://www.zhihu.com/people/he-yao-56
http://www.zhihu.com/people/guo-yi-kang
http://www.zhihu.com/people/zhu-hong-jie
http://www.zhihu.com/people/smallme
http://www.zhihu.com/people/jiang-ge
http://www.zhihu.com/people/dai-xiao-lan
http://www.zhihu.com/people/wang-jia-wei-45-85
http://www.zhihu.com/people/neonyasushi
http://www.zhihu.com/people/ou-yang-27
http://www.zhihu.com/people/song-yi-54
http://www.zhihu.com/people/airhead
http://www.zhihu.com/people/altrixe
http://www.zhihu.com/people/zhang-tian-cheng-22
http://www.zhihu.com/people/xiaowenwen
http://www.zhihu.com/people/suo-chen-xi
http://www.zhihu.com/people/ichabod
http://www.zhihu.com/people/inaxu
http://www.zhihu.com/people/JoeyZhi
http://www.zhihu.com/people/yi-zhen-fei
http://www.zhihu.com/people/luzern
http://www.zhihu.com/people/sam-40
http://www.zhihu.com/people/li-xuan-xing
http://www.zhihu.com/people/xun-xiao-she
http://www.zhihu.com/people/shang-ze-yu
http://www.zhihu.com/people/Challenger800
http://www.zhihu.com/people/zhu-chen-ge
http://www.zhihu.com/people/cao-man-di
http://www.zhihu.com/people/qu-chong-dong
http://www.zhihu.com/people/gab-riel
http://www.zhihu.com/people/zhangrongjie
http://www.zhihu.com/people/tan-tuo
http://www.zhihu.com/people/gan-zeng
http://www.zhihu.com/people/ceng-jian-ming
http://www.zhihu.com/people/ti-ti-68-21
http://www.zhihu.com/people/wen-peng-ncolor
http://www.zhihu.com/people/cao-wei-66-97
http://www.zhihu.com/people/shi-liang-mu
http://www.zhihu.com/people/mocmoc
http://www.zhihu.com/people/xia-jie-95
http://www.zhihu.com/people/qie-ge
http://www.zhihu.com/people/an-ping-20-30
http://www.zhihu.com/people/song-ming-yu
http://www.zhihu.com/people/roguefz
http://www.zhihu.com/people/tongjinghao
http://www.zhihu.com/people/lei-tian-yu
http://www.zhihu.com/people/lan-xu-82
http://www.zhihu.com/people/yan-er-jane
http://www.zhihu.com/people/zhang-xian-zuo
http://www.zhihu.com/people/ling-hu-chou
http://www.zhihu.com/people/yuan-xiang-57
http://www.zhihu.com/people/lu-bei-er
http://www.zhihu.com/people/lilizong
http://www.zhihu.com/people/cui-zi-dong-56
http://www.zhihu.com/people/ni-qia
http://www.zhihu.com/people/zhang-jun-jia
http://www.zhihu.com/people/shFung_dee
http://www.zhihu.com/people/mo-bu-gu
http://www.zhihu.com/people/qiu-mu-zi
http://www.zhihu.com/people/yilu-dan-bo
http://www.zhihu.com/people/caisy
http://www.zhihu.com/people/zhang-peng-62
http://www.zhihu.com/people/winsunchen
http://www.zhihu.com/people/cu-mu
http://www.zhihu.com/people/wang-jie-shu
http://www.zhihu.com/people/wei-lei-32
http://www.zhihu.com/people/lich
http://www.zhihu.com/people/wang-jia-yue
http://www.zhihu.com/people/liu-yun-2-2
http://www.zhihu.com/people/yang-yuan-40
http://www.zhihu.com/people/Paitanapilahmima
http://www.zhihu.com/people/xiao-jian-ren-71
http://www.zhihu.com/people/yu.dan
http://www.zhihu.com/people/chaiweijia
http://www.zhihu.com/people/aruey
http://www.zhihu.com/people/dake
http://www.zhihu.com/people/ai-jia-yuan
http://www.zhihu.com/people/liuyang-37
http://www.zhihu.com/people/tu-guo-qiang
http://www.zhihu.com/people/yuger.net
http://www.zhihu.com/people/duan-qian-90
http://www.zhihu.com/people/lian-wen-long
http://www.zhihu.com/people/qcalex
http://www.zhihu.com/people/ledlaohuo
http://www.zhihu.com/people/hei-se-bo-luo
http://www.zhihu.com/people/zi-yu-62
http://www.zhihu.com/people/zhou-liu-yu
http://www.zhihu.com/people/jingya
http://www.zhihu.com/people/phos
http://www.zhihu.com/people/colorLee
http://www.zhihu.com/people/peibin
http://www.zhihu.com/people/li-jun-eileen
http://www.zhihu.com/people/chen-wei-51-51
http://www.zhihu.com/people/lunatic
http://www.zhihu.com/people/bill-bai
http://www.zhihu.com/people/my_lch
http://www.zhihu.com/people/loki-tang
http://www.zhihu.com/people/ye-tian
http://www.zhihu.com/people/qcbetter
http://www.zhihu.com/people/jing-xiao-liang
http://www.zhihu.com/people/wang-long-50-51
http://www.zhihu.com/people/huanghuihui1991
http://www.zhihu.com/people/gong-zi-wen
http://www.zhihu.com/people/man-qing
http://www.zhihu.com/people/shi-rui-49
http://www.zhihu.com/people/byewon
http://www.zhihu.com/people/TrusBe
http://www.zhihu.com/people/yang-le-zhi
http://www.zhihu.com/people/imceobitch
http://www.zhihu.com/people/zhang-li-ya
http://www.zhihu.com/people/wang-wei-6-1
http://www.zhihu.com/people/1230
http://www.zhihu.com/people/ju-zi-4
http://www.zhihu.com/people/ballan
http://www.zhihu.com/people/violor
http://www.zhihu.com/people/liu-zhe-52-82
http://www.zhihu.com/people/chen-xian-ke
http://www.zhihu.com/people/peng-xiao-long
http://www.zhihu.com/people/alex-94-50
http://www.zhihu.com/people/zaiyiqi
http://www.zhihu.com/people/godfrey-74
http://www.zhihu.com/people/wang-yuan-66-5
http://www.zhihu.com/people/liang-yu-fan
http://www.zhihu.com/people/huang-lei-si
http://www.zhihu.com/people/zhou-zi-han-17
http://www.zhihu.com/people/hong-jia-jun
http://www.zhihu.com/people/fono
http://www.zhihu.com/people/zhong-dong-hong
http://www.zhihu.com/people/mmyww
http://www.zhihu.com/people/wu-yu-ping-68
http://www.zhihu.com/people/windan0901
http://www.zhihu.com/people/caoyi-29
http://www.zhihu.com/people/guo-guo-78
http://www.zhihu.com/people/xu-xin-96
http://www.zhihu.com/people/loadin
http://www.zhihu.com/people/chloe666
http://www.zhihu.com/people/zhang-___-75
http://www.zhihu.com/people/ma3jia
http://www.zhihu.com/people/li-peng-yu
http://www.zhihu.com/people/xin-bi-1321
http://www.zhihu.com/people/lincoln
http://www.zhihu.com/people/william-16
http://www.zhihu.com/people/Vc1991
http://www.zhihu.com/people/luoxr
http://www.zhihu.com/people/huang-yi-xuan
http://www.zhihu.com/people/laufy
http://www.zhihu.com/people/han-yan-hui
http://www.zhihu.com/people/listen-76
http://www.zhihu.com/people/huang-zhi-93
http://www.zhihu.com/people/xiaozeng
http://www.zhihu.com/people/mi-sheng-qiang
http://www.zhihu.com/people/ren-xue-wu
http://www.zhihu.com/people/zhu-le-ming
http://www.zhihu.com/people/qiuyang413
http://www.zhihu.com/people/boxun
http://www.zhihu.com/people/wontufree
http://www.zhihu.com/people/frizen
http://www.zhihu.com/people/tassandar
http://www.zhihu.com/people/david-du
http://www.zhihu.com/people/liu-feng-18
http://www.zhihu.com/people/shuangye
http://www.zhihu.com/people/sys52008
http://www.zhihu.com/people/tu-gao-hui-ge
http://www.zhihu.com/people/fan-he-40
http://www.zhihu.com/people/knightshady
http://www.zhihu.com/people/SkyWalkerAL
http://www.zhihu.com/people/suithink
http://www.zhihu.com/people/zhang-wei-dong-59
http://www.zhihu.com/people/viv1an
http://www.zhihu.com/people/huang-xiao-55
http://www.zhihu.com/people/xiaodaoren
http://www.zhihu.com/people/lin-zhi-cheng
http://www.zhihu.com/people/di-chen-87
http://www.zhihu.com/people/haohaoxuexi
http://www.zhihu.com/people/jing-zi
http://www.zhihu.com/people/jinchen
http://www.zhihu.com/people/chouthen
http://www.zhihu.com/people/an-zhi-25
http://www.zhihu.com/people/zhang-fan-1-1
http://www.zhihu.com/people/jingyi
http://www.zhihu.com/people/cha-men-hu-de-xiao-bei-xin
http://www.zhihu.com/people/xiao-lin-80
http://www.zhihu.com/people/yang-cong-quan-man-tou
http://www.zhihu.com/people/zhaofengbin
http://www.zhihu.com/people/tang-li-49
http://www.zhihu.com/people/sky-86-5
http://www.zhihu.com/people/hans-archer
http://www.zhihu.com/people/zi-yue-26-22
http://www.zhihu.com/people/zhang-jun-94-52
http://www.zhihu.com/people/li-bei-qie
http://www.zhihu.com/people/tapir
http://www.zhihu.com/people/kennyshuai
http://www.zhihu.com/people/robster
http://www.zhihu.com/people/wang-xiao-mei-35
http://www.zhihu.com/people/avatarye
http://www.zhihu.com/people/dong-ji-zai-hang-zhou
http://www.zhihu.com/people/mu-gu
http://www.zhihu.com/people/elichang
http://www.zhihu.com/people/zhao-zi-chu
http://www.zhihu.com/people/zhang-xiao-er-76
http://www.zhihu.com/people/quiclink
http://www.zhihu.com/people/yang-ting-yu
http://www.zhihu.com/people/___-hui-11
http://www.zhihu.com/people/vipjqy
http://www.zhihu.com/people/yin-peng-cheng
http://www.zhihu.com/people/huangpingwei
http://www.zhihu.com/people/zheng-liang-tian
http://www.zhihu.com/people/xuzhihong
http://www.zhihu.com/people/198401
http://www.zhihu.com/people/dai-yao-rong
http://www.zhihu.com/people/qiu-hang-60
http://www.zhihu.com/people/li-jia-ming
http://www.zhihu.com/people/muliangyu
http://www.zhihu.com/people/zhengguoqiang
http://www.zhihu.com/people/hu-shou-bo
http://www.zhihu.com/people/tang-hai-yang-4
http://www.zhihu.com/people/Victorique
http://www.zhihu.com/people/1750
http://www.zhihu.com/people/aerofloyd
http://www.zhihu.com/people/changke
http://www.zhihu.com/people/Vane
http://www.zhihu.com/people/chongmu
http://www.zhihu.com/people/seanlmm
http://www.zhihu.com/people/wang-jin-xin-6
http://www.zhihu.com/people/dai-dai-93
http://www.zhihu.com/people/martin-bi
http://www.zhihu.com/people/zhou-xing-shi
http://www.zhihu.com/people/fu-jia-qi
http://www.zhihu.com/people/zhou-kai-43
http://www.zhihu.com/people/wang-ji-jun
http://www.zhihu.com/people/jasonyang
http://www.zhihu.com/people/bi-xuan
http://www.zhihu.com/people/cloudless
http://www.zhihu.com/people/namiheike
http://www.zhihu.com/people/liu-yi-xuan-59
http://www.zhihu.com/people/zhangdashe
http://www.zhihu.com/people/zuimai
http://www.zhihu.com/people/weng-huo
http://www.zhihu.com/people/wang-heng-tong
http://www.zhihu.com/people/dai-wei-99
http://www.zhihu.com/people/zhang-pei-cheng-0622
http://www.zhihu.com/people/luo-hen-wu-sheng
http://www.zhihu.com/people/zou-peng-0127
http://www.zhihu.com/people/chaoren0521
http://www.zhihu.com/people/bowenbitch
http://www.zhihu.com/people/jin-cheng-tan
http://www.zhihu.com/people/baifan82
http://www.zhihu.com/people/amuro1230
http://www.zhihu.com/people/su-yun
http://www.zhihu.com/people/fu-er
http://www.zhihu.com/people/zzyzxd
http://www.zhihu.com/people/yujingyi
http://www.zhihu.com/people/zhang-sui-bian-96
http://www.zhihu.com/people/shih
http://www.zhihu.com/people/gundam215
http://www.zhihu.com/people/wang-wen-ping
http://www.zhihu.com/people/xiao-he-38
http://www.zhihu.com/people/bryanchow
http://www.zhihu.com/people/orangestars
http://www.zhihu.com/people/hua-xia-17
http://www.zhihu.com/people/wang-yiming-1997
http://www.zhihu.com/people/noir
http://www.zhihu.com/people/yehan
http://www.zhihu.com/people/pang-wei
http://www.zhihu.com/people/hago
