http://www.zhihu.com/people/tang-gang-87
http://www.zhihu.com/people/xu-yu-zhou-46
http://www.zhihu.com/people/Super-Fish
http://www.zhihu.com/people/qi-bai-duo
http://www.zhihu.com/people/wushaohua2011
http://www.zhihu.com/people/lu-yang-67
http://www.zhihu.com/people/hopeless
http://www.zhihu.com/people/zhao-xuan-40-31
http://www.zhihu.com/people/konakona
http://www.zhihu.com/people/ye-tao
http://www.zhihu.com/people/zhang-jia-wei-90-10
http://www.zhihu.com/people/liu-bo-72-2
http://www.zhihu.com/people/chen-xiao-niang
http://www.zhihu.com/people/pandal-49
http://www.zhihu.com/people/teacherho
http://www.zhihu.com/people/zhang-ze-yu-44
http://www.zhihu.com/people/mi-mao-73
http://www.zhihu.com/people/labyrlnth
http://www.zhihu.com/people/linklinman
http://www.zhihu.com/people/huang-guan-si
http://www.zhihu.com/people/gao-wei-67
http://www.zhihu.com/people/li-chi-ming
http://www.zhihu.com/people/zhou-you-xing-hai
http://www.zhihu.com/people/tangzl
http://www.zhihu.com/people/xiao-qiang-58-96
http://www.zhihu.com/people/bei-er-si
http://www.zhihu.com/people/lynnhu
http://www.zhihu.com/people/wolflian
http://www.zhihu.com/people/shu-yan-73
http://www.zhihu.com/people/zhang-bei-li-er
http://www.zhihu.com/people/alice-lee-23
http://www.zhihu.com/people/loxeed
http://www.zhihu.com/people/jessica-ren-36
http://www.zhihu.com/people/qian-qian-jun-zi-81
http://www.zhihu.com/people/panqin
http://www.zhihu.com/people/weisibi
http://www.zhihu.com/people/liu-yu-feng-44
http://www.zhihu.com/people/knight-46
http://www.zhihu.com/people/san-pi
http://www.zhihu.com/people/xi-gua-tai-lang
http://www.zhihu.com/people/d-h-f
http://www.zhihu.com/people/jsttng
http://www.zhihu.com/people/woodman
http://www.zhihu.com/people/hansun-lam
http://www.zhihu.com/people/ccchen-xiao-zhi
http://www.zhihu.com/people/xi-men-chui-bao-zi
http://www.zhihu.com/people/ling-tian-81
http://www.zhihu.com/people/li-song-71
http://www.zhihu.com/people/peng-yu-winnie
http://www.zhihu.com/people/li-yun-yan
http://www.zhihu.com/people/assinyang
http://www.zhihu.com/people/yan-jing-25
http://www.zhihu.com/people/qin-tao-quentine
http://www.zhihu.com/people/xiaoyang-89
http://www.zhihu.com/people/shimengchen
http://www.zhihu.com/people/hu-song-59
http://www.zhihu.com/people/wang-yu-yan-6
http://www.zhihu.com/people/su-fei-mei
http://www.zhihu.com/people/Alberti
http://www.zhihu.com/people/gong-zi-wu-ji
http://www.zhihu.com/people/Jellyomg
http://www.zhihu.com/people/sherryyang
http://www.zhihu.com/people/hifever
http://www.zhihu.com/people/fina1e
http://www.zhihu.com/people/li-zheng-91-39
http://www.zhihu.com/people/wu-yan-de-22
http://www.zhihu.com/people/lu-shuang-1993
http://www.zhihu.com/people/jin-cheng-tan
http://www.zhihu.com/people/mai-dao
http://www.zhihu.com/people/ren-zhi-gang
http://www.zhihu.com/people/gu-xin-hua
http://www.zhihu.com/people/yang-yi-70-69
http://www.zhihu.com/people/tcdona
http://www.zhihu.com/people/wang-wei-49-53
http://www.zhihu.com/people/mu-tou-60
http://www.zhihu.com/people/imjackyu
http://www.zhihu.com/people/chu-hong-82
http://www.zhihu.com/people/yang-sheng-peng-2
http://www.zhihu.com/people/helongke
http://www.zhihu.com/people/guishou
http://www.zhihu.com/people/bai-zhi-bin
http://www.zhihu.com/people/liu-pei-26
http://www.zhihu.com/people/ichuan-xia
http://www.zhihu.com/people/karl-lightman
http://www.zhihu.com/people/kong-rong-26
http://www.zhihu.com/people/mrnoodles
http://www.zhihu.com/people/bu-xiang
http://www.zhihu.com/people/zou-shi-lin
http://www.zhihu.com/people/threebodies
http://www.zhihu.com/people/luo-ding-9
http://www.zhihu.com/people/caterchong
http://www.zhihu.com/people/cao-kai-cheng
http://www.zhihu.com/people/Dollrain
http://www.zhihu.com/people/jiang-hong-xi-28
http://www.zhihu.com/people/zhang-hao-yang-92
http://www.zhihu.com/people/manymingge
http://www.zhihu.com/people/biaotian
http://www.zhihu.com/people/gwbsword
http://www.zhihu.com/people/liu-zi-xuan-42
http://www.zhihu.com/people/SUNYATSEN
http://www.zhihu.com/people/yz-yang-69
http://www.zhihu.com/people/wang-jing-27-65
http://www.zhihu.com/people/kai-fen
http://www.zhihu.com/people/shuo-ke
http://www.zhihu.com/people/he-li-ming
http://www.zhihu.com/people/namedgod
http://www.zhihu.com/people/yang-xi-49-36
http://www.zhihu.com/people/huang-xiao-wu-93
http://www.zhihu.com/people/hysic
http://www.zhihu.com/people/lan-yu-cong
http://www.zhihu.com/people/abel_phyllis
http://www.zhihu.com/people/huang-ting-jiao
http://www.zhihu.com/people/brian-bravo
http://www.zhihu.com/people/bunnymay
http://www.zhihu.com/people/zheng-hao-74-37
http://www.zhihu.com/people/gui-sheng-74
http://www.zhihu.com/people/liang-hui-xi
http://www.zhihu.com/people/jueshihaojian
http://www.zhihu.com/people/mavericksu
http://www.zhihu.com/people/du-xin-xian
http://www.zhihu.com/people/he-bu-ke
http://www.zhihu.com/people/hu-yang-80-71
http://www.zhihu.com/people/shinetse
http://www.zhihu.com/people/cui-kai-95
http://www.zhihu.com/people/shengyincan
http://www.zhihu.com/people/rinc
http://www.zhihu.com/people/pang-luan-luan
http://www.zhihu.com/people/be-with-lele
http://www.zhihu.com/people/zou-tong
http://www.zhihu.com/people/wang-fan-42-64
http://www.zhihu.com/people/imchaos
http://www.zhihu.com/people/shen-meng
http://www.zhihu.com/people/chen-guang-41
http://www.zhihu.com/people/jianjiaodexiaolu
http://www.zhihu.com/people/stan-yang
http://www.zhihu.com/people/irene-gao-7
http://www.zhihu.com/people/chris
http://www.zhihu.com/people/hugoyuan
http://www.zhihu.com/people/barrywey
http://www.zhihu.com/people/liu-hua-55
http://www.zhihu.com/people/jiazhubin
http://www.zhihu.com/people/xiong-le-69
http://www.zhihu.com/people/biluo
http://www.zhihu.com/people/chen-wei-57
http://www.zhihu.com/people/laymanal
http://www.zhihu.com/people/wu-zi-xuan-8
http://www.zhihu.com/people/garrychen
http://www.zhihu.com/people/meng-feng-89
http://www.zhihu.com/people/zhang-feng-98-82
http://www.zhihu.com/people/sun-chen-56
http://www.zhihu.com/people/tank-23
http://www.zhihu.com/people/li-dong-16-21
http://www.zhihu.com/people/foxmuldery
http://www.zhihu.com/people/xudekai
http://www.zhihu.com/people/hu-xiao-41
http://www.zhihu.com/people/wang-san-huai
http://www.zhihu.com/people/li-xiang-39-48
http://www.zhihu.com/people/zhang-liang-98-91
http://www.zhihu.com/people/tanghaiyan
http://www.zhihu.com/people/june-24
http://www.zhihu.com/people/zhang-zhi-yuan-71
http://www.zhihu.com/people/claudegu
http://www.zhihu.com/people/heye5320
http://www.zhihu.com/people/GO0GLE
http://www.zhihu.com/people/luyin
http://www.zhihu.com/people/wu-quan-yin-68
http://www.zhihu.com/people/yu-long-cheng-tian
http://www.zhihu.com/people/hong-ze-xuan
http://www.zhihu.com/people/chen-jun-65
http://www.zhihu.com/people/ceng-niou
http://www.zhihu.com/people/any0503
http://www.zhihu.com/people/ren-er-cheng
http://www.zhihu.com/people/walter-32
http://www.zhihu.com/people/zhou-bo-70-71
http://www.zhihu.com/people/captain-bill
http://www.zhihu.com/people/wang-bao-an
http://www.zhihu.com/people/li-zi-yao
http://www.zhihu.com/people/cynthia
http://www.zhihu.com/people/srtlsh
http://www.zhihu.com/people/liang-han-bing-2
http://www.zhihu.com/people/gange
http://www.zhihu.com/people/hitnoah
http://www.zhihu.com/people/gao-lu-ji
http://www.zhihu.com/people/scofield-he
http://www.zhihu.com/people/silversliver
http://www.zhihu.com/people/dongxi8
http://www.zhihu.com/people/zuoanqiyue
http://www.zhihu.com/people/zhu-zheng-tao
http://www.zhihu.com/people/xiang-ru-75
http://www.zhihu.com/people/chen-qiang-sheng-52
http://www.zhihu.com/people/joetail
http://www.zhihu.com/people/TedQ
http://www.zhihu.com/people/yin-li-feng
http://www.zhihu.com/people/shen-yu-bao
http://www.zhihu.com/people/wei-sheng-79
http://www.zhihu.com/people/reasinwong
http://www.zhihu.com/people/liupu
http://www.zhihu.com/people/benphen
http://www.zhihu.com/people/zhang-tian-cheng-55
http://www.zhihu.com/people/GTK
http://www.zhihu.com/people/zhou-xiao-yu-36
http://www.zhihu.com/people/xie-fei-yang
http://www.zhihu.com/people/linkinmars
http://www.zhihu.com/people/ma-da-qi
http://www.zhihu.com/people/zhao-lu-yue
http://www.zhihu.com/people/dyno
http://www.zhihu.com/people/heaven_000
http://www.zhihu.com/people/pucca-liu
http://www.zhihu.com/people/rush
http://www.zhihu.com/people/zhu-qi-yue-58
http://www.zhihu.com/people/yin-ming-38
http://www.zhihu.com/people/li-si-qi-41
http://www.zhihu.com/people/JamesHsia
http://www.zhihu.com/people/sellsoda
http://www.zhihu.com/people/kang-kai
http://www.zhihu.com/people/jiang-shao-27
http://www.zhihu.com/people/chen-chen-chen-27-14
http://www.zhihu.com/people/qian-xue-jia
http://www.zhihu.com/people/zhu-xuan-54
http://www.zhihu.com/people/da-cheng-zi-98
http://www.zhihu.com/people/cui-jing-yuan-26
http://www.zhihu.com/people/sssky
http://www.zhihu.com/people/xia-li-li-11-66
http://www.zhihu.com/people/basaja
http://www.zhihu.com/people/li-yi-wei-68
http://www.zhihu.com/people/wei-jun-72-33
http://www.zhihu.com/people/liu-yue-bing
http://www.zhihu.com/people/esplendo
http://www.zhihu.com/people/cgfr
http://www.zhihu.com/people/bitterg
http://www.zhihu.com/people/StanleyMorgan
http://www.zhihu.com/people/ai-si-xi-er
http://www.zhihu.com/people/xmslient
http://www.zhihu.com/people/junwei
http://www.zhihu.com/people/huande
http://www.zhihu.com/people/nickyhu
http://www.zhihu.com/people/blueblood
http://www.zhihu.com/people/shaoxin-lian
http://www.zhihu.com/people/folkyou
http://www.zhihu.com/people/ge-jia-hui
http://www.zhihu.com/people/wanghaitao34
http://www.zhihu.com/people/bingoyao
http://www.zhihu.com/people/gong-lin-yuan
http://www.zhihu.com/people/peng-rui-11
http://www.zhihu.com/people/yu-yue-51
http://www.zhihu.com/people/zhao-zhi-xiong
http://www.zhihu.com/people/dyzle
http://www.zhihu.com/people/liu-yang-77-12
http://www.zhihu.com/people/starrrry
http://www.zhihu.com/people/mo-gu-8-10
http://www.zhihu.com/people/zheng-cheng
http://www.zhihu.com/people/mu-tian-80
http://www.zhihu.com/people/jeter_lin
http://www.zhihu.com/people/bai-yue-87
http://www.zhihu.com/people/xiao-tan-43
http://www.zhihu.com/people/liuxiaoxiao
http://www.zhihu.com/people/cerulean-45
http://www.zhihu.com/people/scholes-lennox
http://www.zhihu.com/people/liu-yu-71-27
http://www.zhihu.com/people/stein-11
http://www.zhihu.com/people/lisanke
http://www.zhihu.com/people/jaytags
http://www.zhihu.com/people/dong-fang-mo-an
http://www.zhihu.com/people/zhang-jing-yuan-16
http://www.zhihu.com/people/wade-12
http://www.zhihu.com/people/zheng-hui-1-5
http://www.zhihu.com/people/bruceming
http://www.zhihu.com/people/imy-j
http://www.zhihu.com/people/chen-er-guai
http://www.zhihu.com/people/jingshuai
http://www.zhihu.com/people/tu-tu-13
http://www.zhihu.com/people/liao-jing-rui
http://www.zhihu.com/people/zzpzhihu
http://www.zhihu.com/people/gao-gao-72
http://www.zhihu.com/people/soldiermoving
http://www.zhihu.com/people/chen-dong-dong-56
http://www.zhihu.com/people/fang-shi-yi-38
http://www.zhihu.com/people/braite
http://www.zhihu.com/people/xiaohua
http://www.zhihu.com/people/houtie
http://www.zhihu.com/people/wang-xiao-feng-73-62
http://www.zhihu.com/people/xiao-yu-long
http://www.zhihu.com/people/ma-heng-83
http://www.zhihu.com/people/newblue
http://www.zhihu.com/people/mylapland
http://www.zhihu.com/people/aoimishi
http://www.zhihu.com/people/deeppacket
http://www.zhihu.com/people/ni-ze-76
http://www.zhihu.com/people/li-jia-1-27
http://www.zhihu.com/people/vaxin
http://www.zhihu.com/people/hong-yiqing-quan
http://www.zhihu.com/people/windysuny
http://www.zhihu.com/people/zhou-zhi-yuan-56
http://www.zhihu.com/people/li-tai-xian
http://www.zhihu.com/people/cai-sheng-lin
http://www.zhihu.com/people/yhwang
http://www.zhihu.com/people/li-jun-58-42
http://www.zhihu.com/people/jiang-ge
http://www.zhihu.com/people/billhan
http://www.zhihu.com/people/sheng-qi
http://www.zhihu.com/people/ReSur
http://www.zhihu.com/people/yao-xiao-tian
http://www.zhihu.com/people/puyuping
http://www.zhihu.com/people/h_p_winston
http://www.zhihu.com/people/akujik
http://www.zhihu.com/people/xiao-chu
http://www.zhihu.com/people/sunjia-28
http://www.zhihu.com/people/ho-henry
http://www.zhihu.com/people/winterwithoutsnow
http://www.zhihu.com/people/zheng-cheng-85-32
http://www.zhihu.com/people/shi-yan-zhao
http://www.zhihu.com/people/xiao-meng-24
http://www.zhihu.com/people/qiao-er-52
http://www.zhihu.com/people/xiangku
http://www.zhihu.com/people/vincent-deng
http://www.zhihu.com/people/alex-68
http://www.zhihu.com/people/xu-huan-yan
http://www.zhihu.com/people/sai-er-kai-da
http://www.zhihu.com/people/da-van
http://www.zhihu.com/people/xie-mo-yan
http://www.zhihu.com/people/iammutex
http://www.zhihu.com/people/rancho-42
http://www.zhihu.com/people/ichenxiaodao
http://www.zhihu.com/people/ge-lan-60
http://www.zhihu.com/people/andriy-31
http://www.zhihu.com/people/xingshuo
http://www.zhihu.com/people/wen-peng
http://www.zhihu.com/people/xia-huan-11
http://www.zhihu.com/people/chenruihong
http://www.zhihu.com/people/henuwang-kai
http://www.zhihu.com/people/liu-yuyang
http://www.zhihu.com/people/he-zhong-yu-87
http://www.zhihu.com/people/huangya-95
http://www.zhihu.com/people/xiao-bao-29-95
http://www.zhihu.com/people/zhang-hua-chong
http://www.zhihu.com/people/hanabi
http://www.zhihu.com/people/wu-zhi-yong
http://www.zhihu.com/people/fang-tao-75-56
http://www.zhihu.com/people/liupc
http://www.zhihu.com/people/ceng-yi-yuan
http://www.zhihu.com/people/jiang-ke-zhong
http://www.zhihu.com/people/chinaxing
http://www.zhihu.com/people/yi-teng
http://www.zhihu.com/people/cai-ji-feng-19
http://www.zhihu.com/people/zhang-chao-81-24
http://www.zhihu.com/people/chen-xiao-tian
http://www.zhihu.com/people/xiaoli-wang
http://www.zhihu.com/people/xie-shun-yao
http://www.zhihu.com/people/jiangbinnju
http://www.zhihu.com/people/mcpoet
http://www.zhihu.com/people/GamerBun
http://www.zhihu.com/people/simbaask
http://www.zhihu.com/people/smudge
http://www.zhihu.com/people/NirNova
http://www.zhihu.com/people/penson
http://www.zhihu.com/people/guo-guo-27
http://www.zhihu.com/people/wen-huan-12
http://www.zhihu.com/people/zhao-fei-yi
http://www.zhihu.com/people/suchangmao
http://www.zhihu.com/people/kennykung
http://www.zhihu.com/people/nu-nu-46
http://www.zhihu.com/people/crazyguy
http://www.zhihu.com/people/zhou-kai-43
http://www.zhihu.com/people/muzhibus
http://www.zhihu.com/people/shoukaizhe
http://www.zhihu.com/people/batfree
http://www.zhihu.com/people/rakka
http://www.zhihu.com/people/shui-xiao-xian
http://www.zhihu.com/people/changfan
http://www.zhihu.com/people/ma-jun-kai
http://www.zhihu.com/people/li-yang-16-82-73
http://www.zhihu.com/people/yugizenki
http://www.zhihu.com/people/kang-yu-ying
http://www.zhihu.com/people/riveryan
http://www.zhihu.com/people/wherekevin
http://www.zhihu.com/people/mao-tao
http://www.zhihu.com/people/twlkyao
http://www.zhihu.com/people/yu-tou-tou-tou
http://www.zhihu.com/people/jasonxu-86
http://www.zhihu.com/people/dailixian
http://www.zhihu.com/people/liu-li-feng-91
http://www.zhihu.com/people/huo-jing-lun
http://www.zhihu.com/people/0226
http://www.zhihu.com/people/guhongguangju
http://www.zhihu.com/people/rui-feng-5
http://www.zhihu.com/people/liu-xin-24-54
http://www.zhihu.com/people/qi-hong-wei
http://www.zhihu.com/people/jaqea-shey
http://www.zhihu.com/people/meng-xiang-jia-13
http://www.zhihu.com/people/zhangyumeng
http://www.zhihu.com/people/miao-xiao-cheng
http://www.zhihu.com/people/niu-yu-60
http://www.zhihu.com/people/wang-xiao-xing-47
http://www.zhihu.com/people/caisy
http://www.zhihu.com/people/wu-wei-di-6
http://www.zhihu.com/people/shi-hong-46
http://www.zhihu.com/people/tksun
http://www.zhihu.com/people/jun-lin-29
http://www.zhihu.com/people/leedoo
http://www.zhihu.com/people/liu-xiao-hong-73
http://www.zhihu.com/people/shi-yu-67-29
http://www.zhihu.com/people/guxizhao
http://www.zhihu.com/people/wang-yin-91
http://www.zhihu.com/people/luo-ke-xian-sheng
http://www.zhihu.com/people/bai-ban
http://www.zhihu.com/people/qian-mo-jing-ran
http://www.zhihu.com/people/ayr1
http://www.zhihu.com/people/maidou
http://www.zhihu.com/people/dong-jia-ming-63
http://www.zhihu.com/people/freedomwyb
http://www.zhihu.com/people/wei-wang-20
http://www.zhihu.com/people/bing-lan-zhi-xie
http://www.zhihu.com/people/xie-yipeng-33
http://www.zhihu.com/people/nanxing-li
http://www.zhihu.com/people/liao-wei-90
http://www.zhihu.com/people/he-shan-33
http://www.zhihu.com/people/han-xiang-tong
http://www.zhihu.com/people/li-sen-39
http://www.zhihu.com/people/chen-bo-74
http://www.zhihu.com/people/ryanlaoliu
http://www.zhihu.com/people/ma-qian-li-80
http://www.zhihu.com/people/neozhang
http://www.zhihu.com/people/guan-yao-qu
http://www.zhihu.com/people/wang-peng-10
http://www.zhihu.com/people/christy-37
http://www.zhihu.com/people/tab_
http://www.zhihu.com/people/jun-yi-14
http://www.zhihu.com/people/lzz001
http://www.zhihu.com/people/niaogebiji
http://www.zhihu.com/people/yeriss
http://www.zhihu.com/people/weakdancer
http://www.zhihu.com/people/gao-xing-93
http://www.zhihu.com/people/wen-min-zhe
http://www.zhihu.com/people/mootii
http://www.zhihu.com/people/akara
http://www.zhihu.com/people/weimao
http://www.zhihu.com/people/lei-yu-shi
http://www.zhihu.com/people/zhou-gang-64
http://www.zhihu.com/people/imason
http://www.zhihu.com/people/xiong-hai-xiao
http://www.zhihu.com/people/li-chao-17
http://www.zhihu.com/people/la-la-ba-xi-lie
http://www.zhihu.com/people/zhang-zi-qiang-36
http://www.zhihu.com/people/long-cheng-31
http://www.zhihu.com/people/wang-hao-70-66
http://www.zhihu.com/people/wushuideyu
http://www.zhihu.com/people/zhang-mei-hua
http://www.zhihu.com/people/lyncle
http://www.zhihu.com/people/yin-wei-jie-94
http://www.zhihu.com/people/xiao-shi-zi-88
http://www.zhihu.com/people/gyy101081
http://www.zhihu.com/people/zhou-zi-yu
http://www.zhihu.com/people/zhengintoki
http://www.zhihu.com/people/rinehart
http://www.zhihu.com/people/cen-yan-19
http://www.zhihu.com/people/jiao-yang-si-wo-me
http://www.zhihu.com/people/li-wei-46-72
http://www.zhihu.com/people/dixing-xu
http://www.zhihu.com/people/zhou-xing-xing-73
http://www.zhihu.com/people/wei-xie-chuan
http://www.zhihu.com/people/fan-jia-rui
http://www.zhihu.com/people/li-ping-yang-61
http://www.zhihu.com/people/she-quan-quan
http://www.zhihu.com/people/zhaoxiaominzi
http://www.zhihu.com/people/y-peng
http://www.zhihu.com/people/lei-ming-shi
http://www.zhihu.com/people/wang-peng-fei-61
http://www.zhihu.com/people/ma-shuang-yang
http://www.zhihu.com/people/websec
http://www.zhihu.com/people/hu-xiang-78
http://www.zhihu.com/people/sunnyprince
http://www.zhihu.com/people/ziyang-jiang
http://www.zhihu.com/people/huang-ze-kai
http://www.zhihu.com/people/NowayZhou
http://www.zhihu.com/people/patrickluo
http://www.zhihu.com/people/rui-zhang-20
http://www.zhihu.com/people/lyzhihu
http://www.zhihu.com/people/wu-jian-zhao
http://www.zhihu.com/people/dai-cang-shu-29
http://www.zhihu.com/people/byears
http://www.zhihu.com/people/liu-wen-92
http://www.zhihu.com/people/rocketball
http://www.zhihu.com/people/wu-hao-41-56
http://www.zhihu.com/people/Erdnussoelbearbeiter
http://www.zhihu.com/people/mi-cang-70
http://www.zhihu.com/people/jojo-lin
http://www.zhihu.com/people/ma-ling-yi
http://www.zhihu.com/people/gc417893929
http://www.zhihu.com/people/tian-nan-gua
http://www.zhihu.com/people/plan
http://www.zhihu.com/people/yanfel
http://www.zhihu.com/people/ding-cheng-24-30
http://www.zhihu.com/people/iiha.axing
http://www.zhihu.com/people/mull
http://www.zhihu.com/people/justin-ma
http://www.zhihu.com/people/chenghan
http://www.zhihu.com/people/saintpeter
http://www.zhihu.com/people/yu-xing-fu
http://www.zhihu.com/people/Nora_Chan
http://www.zhihu.com/people/tonydeng
http://www.zhihu.com/people/arts
http://www.zhihu.com/people/cai-ti-ran
http://www.zhihu.com/people/liaofanwei
http://www.zhihu.com/people/kimxu
http://www.zhihu.com/people/yang-shuo-18-26
http://www.zhihu.com/people/qu-qi-46-53
http://www.zhihu.com/people/yang-yang-4-75
http://www.zhihu.com/people/programtic
http://www.zhihu.com/people/niu-ba-77
http://www.zhihu.com/people/boom-39
http://www.zhihu.com/people/xie-shao-76
http://www.zhihu.com/people/shu-zhu-64
http://www.zhihu.com/people/helium
http://www.zhihu.com/people/meng-chao-95
http://www.zhihu.com/people/S-He
http://www.zhihu.com/people/denganliang
http://www.zhihu.com/people/fan-he-40
http://www.zhihu.com/people/zhang-hong-sha
http://www.zhihu.com/people/wang-yi-tong-42
http://www.zhihu.com/people/xuexiaozhe
http://www.zhihu.com/people/sheyingshi
http://www.zhihu.com/people/feng-huang-yin
http://www.zhihu.com/people/leowyf
http://www.zhihu.com/people/mrkoo-40
http://www.zhihu.com/people/doors
http://www.zhihu.com/people/lord2014
http://www.zhihu.com/people/liu-xian-fei
http://www.zhihu.com/people/lei-zheng-34
http://www.zhihu.com/people/lingerliu
http://www.zhihu.com/people/yu-hai-rong
http://www.zhihu.com/people/st_louix
http://www.zhihu.com/people/cheng-cun-cao
http://www.zhihu.com/people/alon-35
http://www.zhihu.com/people/zhuo-xiao-cheng
http://www.zhihu.com/people/fu-jing-xiang-314
http://www.zhihu.com/people/liu-lin-zhao
http://www.zhihu.com/people/wang-xin-ge-98
http://www.zhihu.com/people/alohaschen
http://www.zhihu.com/people/aaron-chu
http://www.zhihu.com/people/ting-yin-97
http://www.zhihu.com/people/weboo
http://www.zhihu.com/people/orzcc
http://www.zhihu.com/people/xietingwen
http://www.zhihu.com/people/virgoss
http://www.zhihu.com/people/tang-jing-yu-24
http://www.zhihu.com/people/jiang-hao-10
http://www.zhihu.com/people/xiao-an-52
http://www.zhihu.com/people/mu-mu-94-17
http://www.zhihu.com/people/battle-lee
http://www.zhihu.com/people/zhang-yun-76
http://www.zhihu.com/people/fanxiaojie
http://www.zhihu.com/people/yun-xia-74
http://www.zhihu.com/people/zhangweizhong
http://www.zhihu.com/people/Whalers
http://www.zhihu.com/people/robingbing
http://www.zhihu.com/people/he-de-wen
http://www.zhihu.com/people/zou-ji
http://www.zhihu.com/people/xiaoo
http://www.zhihu.com/people/vincent-gao-99
http://www.zhihu.com/people/wang-jian-wen
http://www.zhihu.com/people/youngjaybang
http://www.zhihu.com/people/bentham
http://www.zhihu.com/people/shishan
http://www.zhihu.com/people/doknow
http://www.zhihu.com/people/coconutcookie
http://www.zhihu.com/people/li-jian-xiang
http://www.zhihu.com/people/zhenghuiwen
http://www.zhihu.com/people/yu-lei-96-90
http://www.zhihu.com/people/hang-hang-7
http://www.zhihu.com/people/beichen
http://www.zhihu.com/people/nicing
http://www.zhihu.com/people/wayne-tong
http://www.zhihu.com/people/zhou-li
http://www.zhihu.com/people/Changmingwei
http://www.zhihu.com/people/wangjiao
http://www.zhihu.com/people/sui-xiang
http://www.zhihu.com/people/takun
http://www.zhihu.com/people/5158
http://www.zhihu.com/people/diao-lin
http://www.zhihu.com/people/huang-yu-yu-25
http://www.zhihu.com/people/hangzhi
http://www.zhihu.com/people/rendy
http://www.zhihu.com/people/hao-ze-xuan
http://www.zhihu.com/people/li-da-ke-67
http://www.zhihu.com/people/xie-yang-ming
http://www.zhihu.com/people/guiyuplus
http://www.zhihu.com/people/zhou-zi-hao-39
http://www.zhihu.com/people/zhao-ze-liang
http://www.zhihu.com/people/feikon
http://www.zhihu.com/people/li-tuo-heng
http://www.zhihu.com/people/ohyesme
http://www.zhihu.com/people/yang-jun-hong
http://www.zhihu.com/people/gao-yuan-yuan-51-49
http://www.zhihu.com/people/wujinzhi
http://www.zhihu.com/people/yan-ke-71
http://www.zhihu.com/people/tao-chong-30
http://www.zhihu.com/people/chen-la-la-la-la
http://www.zhihu.com/people/joeyy
http://www.zhihu.com/people/njudongtao
http://www.zhihu.com/people/tangren088
http://www.zhihu.com/people/kinosleben
http://www.zhihu.com/people/chongmu
http://www.zhihu.com/people/wang-wu-bin
http://www.zhihu.com/people/seanlmm
http://www.zhihu.com/people/gengyunzhe
http://www.zhihu.com/people/chen-mu-hua-49
http://www.zhihu.com/people/xmerge
http://www.zhihu.com/people/cui-bai-wan
http://www.zhihu.com/people/wu-zhe-rui
http://www.zhihu.com/people/chen-wei-bin-40
http://www.zhihu.com/people/TanChing
http://www.zhihu.com/people/lu-qing-chun
http://www.zhihu.com/people/caiwensheng
http://www.zhihu.com/people/wang-tian-65-83
http://www.zhihu.com/people/tie-kuai
http://www.zhihu.com/people/padawan
http://www.zhihu.com/people/li-cheng-dice
http://www.zhihu.com/people/ge-xing-83
http://www.zhihu.com/people/laiyonghao
http://www.zhihu.com/people/noff
http://www.zhihu.com/people/zpyr
http://www.zhihu.com/people/gozly
http://www.zhihu.com/people/xiao-zhe-31
http://www.zhihu.com/people/homly
http://www.zhihu.com/people/bai-xiao-fei
http://www.zhihu.com/people/chen-ming-34-23
http://www.zhihu.com/people/HongfeiZ
http://www.zhihu.com/people/deng-liang-22
http://www.zhihu.com/people/xu-zi-mo
http://www.zhihu.com/people/dansong
http://www.zhihu.com/people/xing-xiao-cai
http://www.zhihu.com/people/zi-ming
http://www.zhihu.com/people/yang-dong-jie
http://www.zhihu.com/people/zhoung
http://www.zhihu.com/people/wang-xin-50
http://www.zhihu.com/people/bwv988
http://www.zhihu.com/people/jian-kai-52
http://www.zhihu.com/people/rodmanwu
http://www.zhihu.com/people/da-shu-ge-ge
http://www.zhihu.com/people/jiu-rui
http://www.zhihu.com/people/enqiangli
http://www.zhihu.com/people/_itu
http://www.zhihu.com/people/qiao-an-lan
http://www.zhihu.com/people/shi-dong-liang
http://www.zhihu.com/people/sunprin
http://www.zhihu.com/people/kyrie-young
http://www.zhihu.com/people/keel
http://www.zhihu.com/people/chen-chi-9
http://www.zhihu.com/people/huang-tao-89
http://www.zhihu.com/people/liu-shuai-83
http://www.zhihu.com/people/you-zi-38-79
http://www.zhihu.com/people/yang-yong-54-36
http://www.zhihu.com/people/wu-xian-he
http://www.zhihu.com/people/cheng-zeng-cun
http://www.zhihu.com/people/terryyang
http://www.zhihu.com/people/joving
http://www.zhihu.com/people/xie-xiao-keng
http://www.zhihu.com/people/cox-73
http://www.zhihu.com/people/deodou-dou
http://www.zhihu.com/people/chenjiajun
http://www.zhihu.com/people/liu-pei-jun-70
http://www.zhihu.com/people/li-zhao-22
http://www.zhihu.com/people/yang-jacob
http://www.zhihu.com/people/wang-ke-li-83
http://www.zhihu.com/people/Tom_Love_Jerry
http://www.zhihu.com/people/iSamurai
http://www.zhihu.com/people/robertding
http://www.zhihu.com/people/alonso-68
http://www.zhihu.com/people/justintseng
http://www.zhihu.com/people/cherry-ting
http://www.zhihu.com/people/zhang-zhong-qi
http://www.zhihu.com/people/ryan-32
http://www.zhihu.com/people/wu-shuang-shuang
http://www.zhihu.com/people/forkburn
http://www.zhihu.com/people/li-de-bao-32
http://www.zhihu.com/people/yi-sen-8
http://www.zhihu.com/people/wmyoung
http://www.zhihu.com/people/boodorg
http://www.zhihu.com/people/wen-si-xing
http://www.zhihu.com/people/kendrick
http://www.zhihu.com/people/kiwee
http://www.zhihu.com/people/wu-qian-35
http://www.zhihu.com/people/stevie8t
http://www.zhihu.com/people/allen-11-32
http://www.zhihu.com/people/linda-jiang
http://www.zhihu.com/people/glacierlee
http://www.zhihu.com/people/chi-xiao-ming
http://www.zhihu.com/people/GOUKI9999
http://www.zhihu.com/people/lala
http://www.zhihu.com/people/ceng-liang-zi
http://www.zhihu.com/people/yang-san-94
http://www.zhihu.com/people/zhao-can-91
http://www.zhihu.com/people/shenym
http://www.zhihu.com/people/li-shao-44
http://www.zhihu.com/people/gao-song-yun
http://www.zhihu.com/people/zer0black
http://www.zhihu.com/people/chen-wei-yuan
http://www.zhihu.com/people/zhaoxinlong
http://www.zhihu.com/people/daijunliang
http://www.zhihu.com/people/liu-zhi-xiang
http://www.zhihu.com/people/tangjingxin
http://www.zhihu.com/people/fang-yi-cheng-73
http://www.zhihu.com/people/chengzhoukun
http://www.zhihu.com/people/kai-jia
http://www.zhihu.com/people/meilin
http://www.zhihu.com/people/luo-kuan-40
http://www.zhihu.com/people/ding-yi-kai
http://www.zhihu.com/people/coderchen
http://www.zhihu.com/people/renpinge
http://www.zhihu.com/people/you-shu-60
http://www.zhihu.com/people/meyer-mitter
http://www.zhihu.com/people/chengdu
http://www.zhihu.com/people/zhan-xue-jian
http://www.zhihu.com/people/Maximilian2009
http://www.zhihu.com/people/nibiru.square
http://www.zhihu.com/people/wang-jing-yun
http://www.zhihu.com/people/BingnanW
http://www.zhihu.com/people/luo-sheng-88
http://www.zhihu.com/people/san-shi-niang
http://www.zhihu.com/people/peng-xiao-zhai
http://www.zhihu.com/people/odomzhen
http://www.zhihu.com/people/mingchaoyan
http://www.zhihu.com/people/flowerish
http://www.zhihu.com/people/qiao-ya-nan-59
http://www.zhihu.com/people/zombie
http://www.zhihu.com/people/hu-da-xia-5
http://www.zhihu.com/people/xue-wa-qia
http://www.zhihu.com/people/whale
http://www.zhihu.com/people/davidchang
http://www.zhihu.com/people/prinz
http://www.zhihu.com/people/madsnake
http://www.zhihu.com/people/zhao-hua-si
http://www.zhihu.com/people/wildtech
http://www.zhihu.com/people/xuzhe1224
http://www.zhihu.com/people/liu-heng-miao
http://www.zhihu.com/people/li-ji-ren
http://www.zhihu.com/people/chen-mo-27-91
http://www.zhihu.com/people/wu-rui-97-4
http://www.zhihu.com/people/mark-toi
http://www.zhihu.com/people/michael-45-70
http://www.zhihu.com/people/wang-can-91
http://www.zhihu.com/people/alexzr
http://www.zhihu.com/people/wang-tao-43-95
http://www.zhihu.com/people/li-jun-15-65
http://www.zhihu.com/people/mu-duo-10
http://www.zhihu.com/people/xiong-wei-10
http://www.zhihu.com/people/zhangqiang9876
http://www.zhihu.com/people/bo-sai-dong-21
http://www.zhihu.com/people/qiu-hong-yang
http://www.zhihu.com/people/elekchen
http://www.zhihu.com/people/HauntedDream-26
http://www.zhihu.com/people/liyonglin
http://www.zhihu.com/people/wei-tao-3-17
http://www.zhihu.com/people/kuang-92
http://www.zhihu.com/people/you-yu-85
http://www.zhihu.com/people/tian-tian-16-5
http://www.zhihu.com/people/wu-yan-di
http://www.zhihu.com/people/javokevic
http://www.zhihu.com/people/walkxi
http://www.zhihu.com/people/wu-tai-fu
http://www.zhihu.com/people/G-dragon
http://www.zhihu.com/people/zeng-jing-lin
http://www.zhihu.com/people/alexso
http://www.zhihu.com/people/li-di-34
http://www.zhihu.com/people/huang-xian-dong
http://www.zhihu.com/people/lanslife
http://www.zhihu.com/people/infsafe
http://www.zhihu.com/people/madyangyi
http://www.zhihu.com/people/felixpan
http://www.zhihu.com/people/lydreamer
http://www.zhihu.com/people/liumingyang
http://www.zhihu.com/people/guoguo2011
http://www.zhihu.com/people/bai-xuan
http://www.zhihu.com/people/han-wei-11
http://www.zhihu.com/people/qinfwu
http://www.zhihu.com/people/InitialC
http://www.zhihu.com/people/qone
http://www.zhihu.com/people/zhang-yu-chen-95
http://www.zhihu.com/people/gu-su-zhi-xia
http://www.zhihu.com/people/zou-wan-zi-16
http://www.zhihu.com/people/li-mu-shu
http://www.zhihu.com/people/hison
http://www.zhihu.com/people/lvsedanongchang
http://www.zhihu.com/people/jin-cheng-liang
http://www.zhihu.com/people/quan-quan-35-32
http://www.zhihu.com/people/Jacse
http://www.zhihu.com/people/AngryPowman
http://www.zhihu.com/people/wu-yu-an
http://www.zhihu.com/people/li-liang-bo
http://www.zhihu.com/people/qlxiao520
http://www.zhihu.com/people/guo-hong-jie-90
http://www.zhihu.com/people/antonini
http://www.zhihu.com/people/xiao-ling-19-63
http://www.zhihu.com/people/li-bo-hao
http://www.zhihu.com/people/wang-si-xun
http://www.zhihu.com/people/zhang-qiang-27
http://www.zhihu.com/people/liang-yu-fan
http://www.zhihu.com/people/yixian
http://www.zhihu.com/people/hei-yu-34
http://www.zhihu.com/people/hong-zi-19
http://www.zhihu.com/people/lyddite
http://www.zhihu.com/people/lacase
http://www.zhihu.com/people/jianzhang
http://www.zhihu.com/people/liu-huo-58
http://www.zhihu.com/people/wuwenthink
http://www.zhihu.com/people/chen-chen-64-29
http://www.zhihu.com/people/machuan
http://www.zhihu.com/people/chen-ming-can
http://www.zhihu.com/people/yan-hao-22
http://www.zhihu.com/people/liuxian
http://www.zhihu.com/people/chen-chang-lei
http://www.zhihu.com/people/ace-t
http://www.zhihu.com/people/shen-zhi-ying
http://www.zhihu.com/people/GilgameshK
http://www.zhihu.com/people/luo-kang-45
http://www.zhihu.com/people/an-ling-yi
http://www.zhihu.com/people/bi-luo
http://www.zhihu.com/people/liufengju
http://www.zhihu.com/people/an-long-zhao
http://www.zhihu.com/people/shouzi
http://www.zhihu.com/people/qu-liang-shan
http://www.zhihu.com/people/peng-xiao-jing
http://www.zhihu.com/people/wanwee
http://www.zhihu.com/people/zheng-qi-11-98
http://www.zhihu.com/people/zhong-xiao-wen
http://www.zhihu.com/people/she-zhu-xiang
http://www.zhihu.com/people/xuanjianfeng
http://www.zhihu.com/people/halfer53
http://www.zhihu.com/people/tian-min-cheng
http://www.zhihu.com/people/faker
http://www.zhihu.com/people/liu-xian-ming-57
http://www.zhihu.com/people/song-li-58
http://www.zhihu.com/people/yu-ke-li
http://www.zhihu.com/people/tai-di-xiong-97
http://www.zhihu.com/people/chengjian-85
http://www.zhihu.com/people/wangyang1990
http://www.zhihu.com/people/yang-cong-quan-man-tou
http://www.zhihu.com/people/lin-chuan-96
http://www.zhihu.com/people/wu-dan-dan-24
http://www.zhihu.com/people/jinbo
http://www.zhihu.com/people/taoyouyou
http://www.zhihu.com/people/rui670
http://www.zhihu.com/people/cycyril
http://www.zhihu.com/people/fang-bei-xin
http://www.zhihu.com/people/liu-ying-ge
http://www.zhihu.com/people/chen-xi-2-11
http://www.zhihu.com/people/xurenze
http://www.zhihu.com/people/xu-wu-hen
http://www.zhihu.com/people/xia-qi-la
http://www.zhihu.com/people/antares
http://www.zhihu.com/people/kichiku
http://www.zhihu.com/people/newleeli
http://www.zhihu.com/people/cuizihao
http://www.zhihu.com/people/lonfo
http://www.zhihu.com/people/gameboycolor
http://www.zhihu.com/people/guo-lin
http://www.zhihu.com/people/chen-niao-meng
http://www.zhihu.com/people/sun-mi-44
http://www.zhihu.com/people/mie-xuan
http://www.zhihu.com/people/miao-4
http://www.zhihu.com/people/iyaopeng
http://www.zhihu.com/people/mobiuschen
http://www.zhihu.com/people/david.dai
http://www.zhihu.com/people/wang-jing-70-13
http://www.zhihu.com/people/anyu-chen
http://www.zhihu.com/people/tian-qi-61-77
http://www.zhihu.com/people/bigface
http://www.zhihu.com/people/zhou-zi-han-17
http://www.zhihu.com/people/dai-xiao-lan
http://www.zhihu.com/people/zhang-cheng-yang
http://www.zhihu.com/people/huanmeng0805
http://www.zhihu.com/people/Svenzhu
http://www.zhihu.com/people/namiheike
http://www.zhihu.com/people/qian-gui-shen
http://www.zhihu.com/people/hanqing
http://www.zhihu.com/people/sorma
http://www.zhihu.com/people/mi-tao
http://www.zhihu.com/people/wang-zi-xiao-78
http://www.zhihu.com/people/zhu-ge-zhan
http://www.zhihu.com/people/yin-dong-xiu-31
http://www.zhihu.com/people/eilif
http://www.zhihu.com/people/zhu-yi-ge
http://www.zhihu.com/people/xy_alan
http://www.zhihu.com/people/zi-ming-91
http://www.zhihu.com/people/shi-songhua
http://www.zhihu.com/people/zhang-pi-shi
http://www.zhihu.com/people/gu-lei-84
http://www.zhihu.com/people/chen-lao-bing
http://www.zhihu.com/people/li-shuang-61-22
http://www.zhihu.com/people/canyangfeixue
http://www.zhihu.com/people/mou-jun-feng
http://www.zhihu.com/people/xiangyue
http://www.zhihu.com/people/pan-richard
http://www.zhihu.com/people/keys
http://www.zhihu.com/people/byewon
http://www.zhihu.com/people/rehearsal
http://www.zhihu.com/people/zhuchongyang
http://www.zhihu.com/people/liuyingbo
http://www.zhihu.com/people/wang-ze-heng
http://www.zhihu.com/people/zhang-bo-67-32
http://www.zhihu.com/people/tang-xiao-tian-22
http://www.zhihu.com/people/li-yi-fei-37-2
http://www.zhihu.com/people/xuanxx
http://www.zhihu.com/people/nan-xi-ren
http://www.zhihu.com/people/siperart
http://www.zhihu.com/people/zhang-guang-lei
http://www.zhihu.com/people/guo-chao-13
http://www.zhihu.com/people/shenjianb
http://www.zhihu.com/people/liu-chen-yu-84
http://www.zhihu.com/people/sun-xiu-long
http://www.zhihu.com/people/voyagerx
http://www.zhihu.com/people/RegulusW
http://www.zhihu.com/people/jonson-fang
http://www.zhihu.com/people/liu-jie-36-60
http://www.zhihu.com/people/bai-fan-66
http://www.zhihu.com/people/jedimaster
http://www.zhihu.com/people/wang-jing-xuan-94
http://www.zhihu.com/people/lava
http://www.zhihu.com/people/zhang-xian-feng
http://www.zhihu.com/people/xuzhuozhen
http://www.zhihu.com/people/quantin-chen
http://www.zhihu.com/people/nightraider
http://www.zhihu.com/people/MrPanda
http://www.zhihu.com/people/lin-deng-wan-44
http://www.zhihu.com/people/chen-lin-90
http://www.zhihu.com/people/wang-xun-91
http://www.zhihu.com/people/wang-xuan-yi-8
http://www.zhihu.com/people/le-bing
http://www.zhihu.com/people/aiviking
http://www.zhihu.com/people/jim-rao
http://www.zhihu.com/people/rambler1122
http://www.zhihu.com/people/hu-zhuo-yi
http://www.zhihu.com/people/sun-mu-qing
http://www.zhihu.com/people/pang-wei-wei
http://www.zhihu.com/people/chen-jia-13
http://www.zhihu.com/people/leojiang
http://www.zhihu.com/people/zool
http://www.zhihu.com/people/ting-yi-11
http://www.zhihu.com/people/peng-hao-6
http://www.zhihu.com/people/zhu-yixin-42
http://www.zhihu.com/people/hong-shi-huan-78
http://www.zhihu.com/people/kong-liang-11
http://www.zhihu.com/people/zheng-chi
http://www.zhihu.com/people/ray-guo-23
http://www.zhihu.com/people/chen-ming-06-07
http://www.zhihu.com/people/bonihe
http://www.zhihu.com/people/yilong
http://www.zhihu.com/people/wudi0111
http://www.zhihu.com/people/jimtlee
http://www.zhihu.com/people/xuweifeng
http://www.zhihu.com/people/chen-jun-jie-23-33
http://www.zhihu.com/people/josh-25
http://www.zhihu.com/people/ju-tao-46
http://www.zhihu.com/people/zhuang-xiao-meng
http://www.zhihu.com/people/zhang-wei-8-73
http://www.zhihu.com/people/cai-guo-hai
http://www.zhihu.com/people/daviddeng
http://www.zhihu.com/people/alone2007
http://www.zhihu.com/people/atry
http://www.zhihu.com/people/yu-qi-long
http://www.zhihu.com/people/li-yichi-82
http://www.zhihu.com/people/qingxia
http://www.zhihu.com/people/___-___-52
http://www.zhihu.com/people/Rome
http://www.zhihu.com/people/yetone
http://www.zhihu.com/people/zhangleo
http://www.zhihu.com/people/rosicky311
http://www.zhihu.com/people/lan-ni-luo-si-ai-ze-rui-er
http://www.zhihu.com/people/lailongmen
http://www.zhihu.com/people/hotspring
http://www.zhihu.com/people/jiang-dong-52
http://www.zhihu.com/people/guo-piao
http://www.zhihu.com/people/molly-26-54
http://www.zhihu.com/people/he-jian-57
http://www.zhihu.com/people/xie-wei-you
http://www.zhihu.com/people/puma
http://www.zhihu.com/people/wang-da-miao-41
http://www.zhihu.com/people/nonodevil
http://www.zhihu.com/people/wang-duan-duan
http://www.zhihu.com/people/chendianduo
http://www.zhihu.com/people/kokomi
http://www.zhihu.com/people/yi-yan-cheng
http://www.zhihu.com/people/bei-dan-xiao-wo
http://www.zhihu.com/people/linmowang
http://www.zhihu.com/people/lu-hao-83
http://www.zhihu.com/people/lizhihong
http://www.zhihu.com/people/yi-hui-zhong
http://www.zhihu.com/people/gu-zhong-heng
http://www.zhihu.com/people/zhang-yue-98-62
http://www.zhihu.com/people/tian-jia-jia
http://www.zhihu.com/people/seasalt
http://www.zhihu.com/people/xia-fei-35
http://www.zhihu.com/people/zhu-bo-tao
http://www.zhihu.com/people/imike
http://www.zhihu.com/people/zhang-yi-fan-48
http://www.zhihu.com/people/commando
http://www.zhihu.com/people/vtshajk
http://www.zhihu.com/people/wang-george-82
http://www.zhihu.com/people/zhuang-chang-kuan
http://www.zhihu.com/people/a-nan-13
http://www.zhihu.com/people/zirquez
http://www.zhihu.com/people/liuboting
http://www.zhihu.com/people/yang-yi-32-39
http://www.zhihu.com/people/zhang-yu-22
http://www.zhihu.com/people/karaki
http://www.zhihu.com/people/lu-gui-chen-26
http://www.zhihu.com/people/GionCat
http://www.zhihu.com/people/zhangkai_ch
http://www.zhihu.com/people/vicguo
http://www.zhihu.com/people/zhou-hao-yu-59
http://www.zhihu.com/people/jixin
http://www.zhihu.com/people/halfmile
http://www.zhihu.com/people/kubisoft
http://www.zhihu.com/people/guye
http://www.zhihu.com/people/chen-yi-10-4
http://www.zhihu.com/people/lai-zhu-43
http://www.zhihu.com/people/ji-yi-63
http://www.zhihu.com/people/liu-xin-ran-79
http://www.zhihu.com/people/wars
http://www.zhihu.com/people/zhu-yun-85
http://www.zhihu.com/people/li-shao-jie-52
http://www.zhihu.com/people/zhang-ze-43
http://www.zhihu.com/people/blackswan
http://www.zhihu.com/people/xian-fa-hui
http://www.zhihu.com/people/hehexiake
http://www.zhihu.com/people/liuyongjian
http://www.zhihu.com/people/taki-hsu
http://www.zhihu.com/people/shi-zhen-xiang
http://www.zhihu.com/people/realhanbing
http://www.zhihu.com/people/tianyq
http://www.zhihu.com/people/yipchi
http://www.zhihu.com/people/raymond-wang
http://www.zhihu.com/people/loveucd
http://www.zhihu.com/people/chen-ran-35-93
http://www.zhihu.com/people/just7k
http://www.zhihu.com/people/lazytony
http://www.zhihu.com/people/li-peng-yu
http://www.zhihu.com/people/qi-le
http://www.zhihu.com/people/stanleygao
http://www.zhihu.com/people/nihaiyu
http://www.zhihu.com/people/1jun
http://www.zhihu.com/people/jiaobo
http://www.zhihu.com/people/zhao-ke-qin
http://www.zhihu.com/people/zhang-yiwei
