http://www.zhihu.com/people/alex23
http://www.zhihu.com/people/suumaker
http://www.zhihu.com/people/ngxs
http://www.zhihu.com/people/who-will
http://www.zhihu.com/people/he-he-42-98
http://www.zhihu.com/people/gong-zheng-xuan
http://www.zhihu.com/people/shu-yun-36
http://www.zhihu.com/people/prince-jie
http://www.zhihu.com/people/wang-qi-shu
http://www.zhihu.com/people/diercn
http://www.zhihu.com/people/tian-shu-sang
http://www.zhihu.com/people/pang-luan-luan
http://www.zhihu.com/people/fengmoyan
http://www.zhihu.com/people/ai-li-si-46
http://www.zhihu.com/people/daily-71
http://www.zhihu.com/people/joe
http://www.zhihu.com/people/cheng-luo-72
http://www.zhihu.com/people/he-zhong-yu-87
http://www.zhihu.com/people/alice-chan-90
http://www.zhihu.com/people/xiao-xiao-ming-73
http://www.zhihu.com/people/emma-li-7
http://www.zhihu.com/people/cao-yi-an
http://www.zhihu.com/people/changhen
http://www.zhihu.com/people/mandy-wong-12
http://www.zhihu.com/people/xu-xin-yu-83
http://www.zhihu.com/people/gao-yiyan
http://www.zhihu.com/people/han-zi-74-7
http://www.zhihu.com/people/gan-lu-45-21
http://www.zhihu.com/people/ding-miao-miao-91
http://www.zhihu.com/people/jiang-bin-liang
http://www.zhihu.com/people/smile747
http://www.zhihu.com/people/gao-si-liang
http://www.zhihu.com/people/xiao-shuang-leng
http://www.zhihu.com/people/stephen-cheng
http://www.zhihu.com/people/qiao-___-feng
http://www.zhihu.com/people/echo-40-22
http://www.zhihu.com/people/zhou-zhen-81-42
http://www.zhihu.com/people/huangleping9334
http://www.zhihu.com/people/felix-libero
http://www.zhihu.com/people/wang-hun-dan
http://www.zhihu.com/people/lingwaiwai
http://www.zhihu.com/people/dcn01
http://www.zhihu.com/people/li-dong-34-52
http://www.zhihu.com/people/yang-mo-hui-yizhi-wu
http://www.zhihu.com/people/li-xu-yi
http://www.zhihu.com/people/qdhei521
http://www.zhihu.com/people/yue-yu-han
http://www.zhihu.com/people/yu-xiao-mao-58
http://www.zhihu.com/people/ding-ling-ling-29
http://www.zhihu.com/people/mu-xia-47
http://www.zhihu.com/people/harriet
http://www.zhihu.com/people/evenx86
http://www.zhihu.com/people/zhou-xiao-xun-93
http://www.zhihu.com/people/storymanliu
http://www.zhihu.com/people/qi-dao-peng
http://www.zhihu.com/people/lin-sir-64
http://www.zhihu.com/people/tan-xiao-lei
http://www.zhihu.com/people/ye-mi-qing
http://www.zhihu.com/people/wu-ze-92
http://www.zhihu.com/people/byron-26
http://www.zhihu.com/people/lu-bo-bing
http://www.zhihu.com/people/tao-zi-G
http://www.zhihu.com/people/li-zhong-nan
http://www.zhihu.com/people/linzelong
http://www.zhihu.com/people/liu-la-ma-32
http://www.zhihu.com/people/gaoshanliushui
http://www.zhihu.com/people/Hamburber
http://www.zhihu.com/people/zhang-cheng-3-17
http://www.zhihu.com/people/xiao-tan-43
http://www.zhihu.com/people/ling-chun-lee
http://www.zhihu.com/people/songhy
http://www.zhihu.com/people/10thousand
http://www.zhihu.com/people/ren-er-cheng
http://www.zhihu.com/people/never1994
http://www.zhihu.com/people/xiekyu
http://www.zhihu.com/people/mu-qing-23
http://www.zhihu.com/people/yu-nong-6
http://www.zhihu.com/people/woundman
http://www.zhihu.com/people/yu-hui-feng-24
http://www.zhihu.com/people/yan-yang-40
http://www.zhihu.com/people/ishenli
http://www.zhihu.com/people/wan-pu
http://www.zhihu.com/people/lin-fan-qing
http://www.zhihu.com/people/xie-ran-lan
http://www.zhihu.com/people/dai-wei-99
http://www.zhihu.com/people/wangshuangxi
http://www.zhihu.com/people/xin-dan-72
http://www.zhihu.com/people/guo-rui-yuan-84
http://www.zhihu.com/people/kong-rong-26
http://www.zhihu.com/people/kailun
http://www.zhihu.com/people/li-diu-diu
http://www.zhihu.com/people/yxhuang
http://www.zhihu.com/people/jia-he-liang-jie
http://www.zhihu.com/people/li-xiao-mu-45
http://www.zhihu.com/people/mu-zi-2-48
http://www.zhihu.com/people/carrie-chen-62
http://www.zhihu.com/people/zheng-helen
http://www.zhihu.com/people/retsnom
http://www.zhihu.com/people/jilingbhl
http://www.zhihu.com/people/wang-ting-ting-28-65
http://www.zhihu.com/people/3rdside
http://www.zhihu.com/people/cheng-xiao-dong-29
http://www.zhihu.com/people/niu-jing-cheng
http://www.zhihu.com/people/liuxiaoshi
http://www.zhihu.com/people/yuenshan-cheung
http://www.zhihu.com/people/yuan-chun-59
http://www.zhihu.com/people/spekol
http://www.zhihu.com/people/kuang-kuang-kuang-83
http://www.zhihu.com/people/george250
http://www.zhihu.com/people/hysic
http://www.zhihu.com/people/han-xu-14-42
http://www.zhihu.com/people/lovesha
http://www.zhihu.com/people/yi-lan-71
http://www.zhihu.com/people/ymjrcc
http://www.zhihu.com/people/daniel-lee-35
http://www.zhihu.com/people/wu-wei-80-7
http://www.zhihu.com/people/cold-cold
http://www.zhihu.com/people/xin-tom
http://www.zhihu.com/people/zhang-ji-li-mi
http://www.zhihu.com/people/pan-richard
http://www.zhihu.com/people/bhuztez
http://www.zhihu.com/people/liuheyang
http://www.zhihu.com/people/zhang-yin-20
http://www.zhihu.com/people/xiao-chu
http://www.zhihu.com/people/dong-bao-zi
http://www.zhihu.com/people/yu-cheng-cheng-34
http://www.zhihu.com/people/lanlingyeyu
http://www.zhihu.com/people/luke-lee-cn
http://www.zhihu.com/people/hu-hu-54-30
http://www.zhihu.com/people/qiu-zhe-96-48
http://www.zhihu.com/people/huang-shu-ting-31
http://www.zhihu.com/people/dong-chao-24
http://www.zhihu.com/people/bao-ying-28-56
http://www.zhihu.com/people/lin-yu-5
http://www.zhihu.com/people/afruca
http://www.zhihu.com/people/zhu-yixin-42
http://www.zhihu.com/people/qixia
http://www.zhihu.com/people/pewu
http://www.zhihu.com/people/song-lulu
http://www.zhihu.com/people/qin-ru-shi
http://www.zhihu.com/people/zhou-gang-64
http://www.zhihu.com/people/mou-kang-ni
http://www.zhihu.com/people/zhang-jun-ming-50
http://www.zhihu.com/people/kugooer
http://www.zhihu.com/people/tian-qia
http://www.zhihu.com/people/yan-er-jane
http://www.zhihu.com/people/Selerare
http://www.zhihu.com/people/zhao-yu-76
http://www.zhihu.com/people/lu-xie-65
http://www.zhihu.com/people/yuzhenbo
http://www.zhihu.com/people/wang-er-10-66
http://www.zhihu.com/people/cao-hui-jun
http://www.zhihu.com/people/lin-fei-91
http://www.zhihu.com/people/iian
http://www.zhihu.com/people/nehuo
http://www.zhihu.com/people/alex-huang-9
http://www.zhihu.com/people/lu-zi-lu-76
http://www.zhihu.com/people/ai-jia-yuan
http://www.zhihu.com/people/pizei
http://www.zhihu.com/people/deviceperk
http://www.zhihu.com/people/hu-hao-lei
http://www.zhihu.com/people/coldlife
http://www.zhihu.com/people/partly
http://www.zhihu.com/people/wang-yin-hui-44
http://www.zhihu.com/people/gao-gao-72
http://www.zhihu.com/people/alfreda
http://www.zhihu.com/people/younglexian
http://www.zhihu.com/people/bu-zhi-34-47
http://www.zhihu.com/people/jun-yi-14
http://www.zhihu.com/people/xsheng-13
http://www.zhihu.com/people/alice-45-16
http://www.zhihu.com/people/qing-jun-33
http://www.zhihu.com/people/dong-jia-bin
http://www.zhihu.com/people/zhang-nicolas
http://www.zhihu.com/people/faith-87
http://www.zhihu.com/people/niu-ji-ye
http://www.zhihu.com/people/shaxjl
http://www.zhihu.com/people/zzpzhihu
http://www.zhihu.com/people/dong-qi-59
http://www.zhihu.com/people/zacharyxsz
http://www.zhihu.com/people/chang-ge-zi-3
http://www.zhihu.com/people/dong-jia-ming-63
http://www.zhihu.com/people/cai-cheng-91
http://www.zhihu.com/people/huang-you-yuan
http://www.zhihu.com/people/fred-chen
http://www.zhihu.com/people/liu-ya-kun-1
http://www.zhihu.com/people/freya.zuo
http://www.zhihu.com/people/shi-tou-68-55
http://www.zhihu.com/people/chui-miss
http://www.zhihu.com/people/nicaihaoma
http://www.zhihu.com/people/THFQ
http://www.zhihu.com/people/liu-xuan-xuan-42
http://www.zhihu.com/people/du-tao-55
http://www.zhihu.com/people/tontonchuan-zhang
http://www.zhihu.com/people/lu-shuang-1993
http://www.zhihu.com/people/pla6
http://www.zhihu.com/people/zhao-xiao-jing-20
http://www.zhihu.com/people/qi-hong-wei
http://www.zhihu.com/people/ceng-zhen-xing-18
http://www.zhihu.com/people/li-zhen-yu-39
http://www.zhihu.com/people/sang-tian-30
http://www.zhihu.com/people/zheng-xiao-hang
http://www.zhihu.com/people/wen-ting-rui
http://www.zhihu.com/people/xu-bang-zheng
http://www.zhihu.com/people/leehom19919
http://www.zhihu.com/people/hurry-do
http://www.zhihu.com/people/dong-wen-di
http://www.zhihu.com/people/chen-jing-74-86
http://www.zhihu.com/people/young-ray
http://www.zhihu.com/people/shi-jie-jun
http://www.zhihu.com/people/shi-dian-73
http://www.zhihu.com/people/long-fei-25
http://www.zhihu.com/people/xu-shao-feng-20
http://www.zhihu.com/people/fay-wen
http://www.zhihu.com/people/kingli-li-hu
http://www.zhihu.com/people/shabby
http://www.zhihu.com/people/yuan-xin-22
http://www.zhihu.com/people/wo-luo
http://www.zhihu.com/people/bywong
http://www.zhihu.com/people/lu-mi-yang
http://www.zhihu.com/people/yang-hou-ze
http://www.zhihu.com/people/echo-d
http://www.zhihu.com/people/wei-xiao-bao-23-43
http://www.zhihu.com/people/xu-zhi-guan
http://www.zhihu.com/people/wolekuduo
http://www.zhihu.com/people/cao-yu-hao
http://www.zhihu.com/people/lu-hao-4
http://www.zhihu.com/people/tiandaofei
http://www.zhihu.com/people/bi-peng
http://www.zhihu.com/people/xiao-feng-83-87
http://www.zhihu.com/people/cai-jin-cheng
http://www.zhihu.com/people/xuexiaozhe
http://www.zhihu.com/people/zhu-yong-qian
http://www.zhihu.com/people/zhang-ba-11
http://www.zhihu.com/people/guoyunhao
http://www.zhihu.com/people/wang-pi-pi-56
http://www.zhihu.com/people/lao-zuo
http://www.zhihu.com/people/jiang-xiao-99-61
http://www.zhihu.com/people/leegang
http://www.zhihu.com/people/hang-hang-7
http://www.zhihu.com/people/tonydeng
http://www.zhihu.com/people/dai-xiao-xi-70
http://www.zhihu.com/people/mr62
http://www.zhihu.com/people/nanxing-li
http://www.zhihu.com/people/jeremy-53
http://www.zhihu.com/people/qiaoerenwu
http://www.zhihu.com/people/mi-fan-ting
http://www.zhihu.com/people/huang-cheng-cheng-26
http://www.zhihu.com/people/fa-luo
http://www.zhihu.com/people/xiao-su-27
http://www.zhihu.com/people/gracieux.taobao.com
http://www.zhihu.com/people/chen-da-xiong-97
http://www.zhihu.com/people/sui-xin-er-an
http://www.zhihu.com/people/huhuaxiaoshuai
http://www.zhihu.com/people/wang-meng-jun-98
http://www.zhihu.com/people/bao-er-11
http://www.zhihu.com/people/hedichunxiao
http://www.zhihu.com/people/hong-shi-huan-78
http://www.zhihu.com/people/cutiecute
http://www.zhihu.com/people/lu-pi-xiong
http://www.zhihu.com/people/jysm
http://www.zhihu.com/people/tian-zi-22
http://www.zhihu.com/people/wang-xiao-hui-58
http://www.zhihu.com/people/romy-w
http://www.zhihu.com/people/xia-tian-29-79
http://www.zhihu.com/people/tan-ri-tian
http://www.zhihu.com/people/liu-shu-peng
http://www.zhihu.com/people/mandymandy-wang
http://www.zhihu.com/people/wen-kun-guo
http://www.zhihu.com/people/Spinnist
http://www.zhihu.com/people/yang-cong-quan-man-tou
http://www.zhihu.com/people/zhangyang8605
http://www.zhihu.com/people/chen-su-44
http://www.zhihu.com/people/tzj
http://www.zhihu.com/people/zhang-heng-3
http://www.zhihu.com/people/li-xiao-qiang-24
http://www.zhihu.com/people/zhao-cai-a-zhuo
http://www.zhihu.com/people/alexpoo
http://www.zhihu.com/people/wwwwwhen
http://www.zhihu.com/people/chen-ji-88
http://www.zhihu.com/people/fan-qiong
http://www.zhihu.com/people/xu-liang-yong-44
http://www.zhihu.com/people/jiang-nu
http://www.zhihu.com/people/merlin-47
http://www.zhihu.com/people/xu-fen-22
http://www.zhihu.com/people/thoreau-84
http://www.zhihu.com/people/lu-jin-55
http://www.zhihu.com/people/shu-shu-31-82
http://www.zhihu.com/people/damao
http://www.zhihu.com/people/dorothy-du-32
http://www.zhihu.com/people/chun-ye-19
http://www.zhihu.com/people/zhou-xiao-hao
http://www.zhihu.com/people/pointfish
http://www.zhihu.com/people/zeng-lu-95
http://www.zhihu.com/people/fyl00
http://www.zhihu.com/people/zhang-jing-xin-62
http://www.zhihu.com/people/philbert
http://www.zhihu.com/people/daisy-51-58
http://www.zhihu.com/people/fang-jin-meng
http://www.zhihu.com/people/zhouxiaoluo
http://www.zhihu.com/people/yutong-zhu
http://www.zhihu.com/people/xie-xiao-shui
http://www.zhihu.com/people/cawen
http://www.zhihu.com/people/ke-qi-xi-43
http://www.zhihu.com/people/jing-ying-ying-crystal
http://www.zhihu.com/people/jonson-fang
http://www.zhihu.com/people/tracy-36-57
http://www.zhihu.com/people/mark-pax-37
http://www.zhihu.com/people/mo-shen-94
http://www.zhihu.com/people/hanjiangxue
http://www.zhihu.com/people/chen-ke-bin-21
http://www.zhihu.com/people/siwenxiaojie
http://www.zhihu.com/people/hongyi33
http://www.zhihu.com/people/shang-guan-yun-qing-10
http://www.zhihu.com/people/lin-shu-xin
http://www.zhihu.com/people/qiu-zhi-ling
http://www.zhihu.com/people/shannon-ji
http://www.zhihu.com/people/heng-ha-76
http://www.zhihu.com/people/MarsCaveman
http://www.zhihu.com/people/carterl
http://www.zhihu.com/people/liangsz
http://www.zhihu.com/people/marsokit
http://www.zhihu.com/people/sleepingknight
http://www.zhihu.com/people/delab
http://www.zhihu.com/people/huobazi
http://www.zhihu.com/people/findingnemo
http://www.zhihu.com/people/notsilly
http://www.zhihu.com/people/max7m5s
http://www.zhihu.com/people/tian-kong-63
http://www.zhihu.com/people/myhilily
http://www.zhihu.com/people/lu-xiao-jun-22
http://www.zhihu.com/people/yhaiyang
http://www.zhihu.com/people/ma-dan-39
http://www.zhihu.com/people/xing-hao-96
http://www.zhihu.com/people/zhang-yi-fan-48
http://www.zhihu.com/people/zhou-min-61
http://www.zhihu.com/people/zhang-bo-67-32
http://www.zhihu.com/people/hoposky
http://www.zhihu.com/people/pie-7
http://www.zhihu.com/people/guo-guo-guo-82
http://www.zhihu.com/people/jiayizhen
http://www.zhihu.com/people/liu-ran-49
http://www.zhihu.com/people/yi-jiu-yi-nuan
http://www.zhihu.com/people/shang-shang-qian-26
http://www.zhihu.com/people/wei-xue-ping
http://www.zhihu.com/people/ou-yang-yong
http://www.zhihu.com/people/lu-gui-chen-26
http://www.zhihu.com/people/bu-yu-xuan
http://www.zhihu.com/people/zhang-wei-10-7
http://www.zhihu.com/people/wen-jin-rong-28
http://www.zhihu.com/people/eric-5
http://www.zhihu.com/people/jenningsatlarge
http://www.zhihu.com/people/an-gu-gu
http://www.zhihu.com/people/mahak
http://www.zhihu.com/people/jiang-dong-52
http://www.zhihu.com/people/you-shu-60
http://www.zhihu.com/people/shabingxuan
http://www.zhihu.com/people/000088
http://www.zhihu.com/people/she-quan-quan
http://www.zhihu.com/people/yuanmu96
http://www.zhihu.com/people/shi-yun-24
http://www.zhihu.com/people/cocoalee
http://www.zhihu.com/people/sucaris
http://www.zhihu.com/people/lina-6
http://www.zhihu.com/people/wels
http://www.zhihu.com/people/a-cheng-82
http://www.zhihu.com/people/Fraecak_l
http://www.zhihu.com/people/xu-xiao-ye-53
http://www.zhihu.com/people/charlotte-78
http://www.zhihu.com/people/shang-kan
http://www.zhihu.com/people/yang-shuang-1
http://www.zhihu.com/people/zhang-hao-81-78
http://www.zhihu.com/people/happy10086
http://www.zhihu.com/people/xiao-xiao-xu-nuo
http://www.zhihu.com/people/li-ya-wei-36
http://www.zhihu.com/people/luoxiaohua
http://www.zhihu.com/people/wang-wen-ping
http://www.zhihu.com/people/richardhly
http://www.zhihu.com/people/alex-41-18
http://www.zhihu.com/people/yi-lin515
http://www.zhihu.com/people/chen-ke-jun-95
http://www.zhihu.com/people/yuke-fighting
http://www.zhihu.com/people/zou-dao-kou
http://www.zhihu.com/people/susus
http://www.zhihu.com/people/ding-kelly
http://www.zhihu.com/people/Agnesa
http://www.zhihu.com/people/darkwater
http://www.zhihu.com/people/ma-dong-34
http://www.zhihu.com/people/jason-j
http://www.zhihu.com/people/19951121
http://www.zhihu.com/people/cui-da-wei
http://www.zhihu.com/people/tian-yu-95-34
http://www.zhihu.com/people/zheng-hu-li
http://www.zhihu.com/people/xu-yong-jia
http://www.zhihu.com/people/qian-wen-bin
http://www.zhihu.com/people/wwzcxqc
http://www.zhihu.com/people/phos
http://www.zhihu.com/people/wu-ya-nan-2
http://www.zhihu.com/people/littlered
http://www.zhihu.com/people/shi-teng-long
http://www.zhihu.com/people/riche-wang
http://www.zhihu.com/people/momoko-tao
http://www.zhihu.com/people/you-chen-17
http://www.zhihu.com/people/zhi-xin-39
http://www.zhihu.com/people/manoe-liu
http://www.zhihu.com/people/llq6072
http://www.zhihu.com/people/LisLove
http://www.zhihu.com/people/newblue
http://www.zhihu.com/people/yuan-ming-49
http://www.zhihu.com/people/zhe-ye-54-38
http://www.zhihu.com/people/cheng-fang-hang
http://www.zhihu.com/people/zhang-bu-bu-85
http://www.zhihu.com/people/yin-gao-jie
http://www.zhihu.com/people/z-zeng
http://www.zhihu.com/people/wu-zhen-13
http://www.zhihu.com/people/dou-shuai-62
http://www.zhihu.com/people/mengxian
http://www.zhihu.com/people/magie
http://www.zhihu.com/people/hinspinky
http://www.zhihu.com/people/zhang-fan-32
http://www.zhihu.com/people/liu-yun-16
http://www.zhihu.com/people/calliope
http://www.zhihu.com/people/tian-nan-gua
http://www.zhihu.com/people/jiang-chang-49
http://www.zhihu.com/people/yu-san-geng
http://www.zhihu.com/people/david-geng
http://www.zhihu.com/people/golden
http://www.zhihu.com/people/qing-long-54
http://www.zhihu.com/people/de-fu-nu
http://www.zhihu.com/people/baimo
http://www.zhihu.com/people/sayes
http://www.zhihu.com/people/li-jia-lin-22
http://www.zhihu.com/people/backring
http://www.zhihu.com/people/li-qi-qi-24
http://www.zhihu.com/people/li-yao-hua
http://www.zhihu.com/people/cu-mu
http://www.zhihu.com/people/liu-si-jiang
http://www.zhihu.com/people/jiang-ge
http://www.zhihu.com/people/jing-chen-92
http://www.zhihu.com/people/techoxygen
http://www.zhihu.com/people/licht-81
http://www.zhihu.com/people/jessie-chia-34
http://www.zhihu.com/people/cai-miao-tian
http://www.zhihu.com/people/li-ying-lyly
http://www.zhihu.com/people/ahxsong
http://www.zhihu.com/people/cuizhanya
http://www.zhihu.com/people/tao-wan-jun
http://www.zhihu.com/people/saki
http://www.zhihu.com/people/hui-yao
http://www.zhihu.com/people/xu-jing-21
http://www.zhihu.com/people/hola-59
http://www.zhihu.com/people/kunzhdu
http://www.zhihu.com/people/eeyorezheng
http://www.zhihu.com/people/chen-ai-luo-ding-29
http://www.zhihu.com/people/wengbin
http://www.zhihu.com/people/tencrance
http://www.zhihu.com/people/danielchen1995
http://www.zhihu.com/people/true-the
http://www.zhihu.com/people/wtf
http://www.zhihu.com/people/liu-tong-91
http://www.zhihu.com/people/yi-zhong-wei
http://www.zhihu.com/people/wang-yuan-66-5
http://www.zhihu.com/people/shi-da-wan
http://www.zhihu.com/people/qichong
http://www.zhihu.com/people/xiaoker
http://www.zhihu.com/people/skycheng
http://www.zhihu.com/people/guo-lu-shi
http://www.zhihu.com/people/huang-jian-nan-64
http://www.zhihu.com/people/cheng-cheng
http://www.zhihu.com/people/ni-quan
http://www.zhihu.com/people/zhang-jia-jing-20
http://www.zhihu.com/people/goal_lawyer
http://www.zhihu.com/people/mikasang
http://www.zhihu.com/people/yoohoon
http://www.zhihu.com/people/linkinmars
http://www.zhihu.com/people/tongjinghao
http://www.zhihu.com/people/aumoney
http://www.zhihu.com/people/jia-ke-wei
http://www.zhihu.com/people/hong-hei-xiao-kai
http://www.zhihu.com/people/guang-mang-xing-huang
http://www.zhihu.com/people/li-yi-jia
http://www.zhihu.com/people/han-jian-3
http://www.zhihu.com/people/zhang-hu-66-1
http://www.zhihu.com/people/song-yang-bo
http://www.zhihu.com/people/xu-chong-bo
http://www.zhihu.com/people/iyucci
http://www.zhihu.com/people/lu-suo
http://www.zhihu.com/people/rao-ji
http://www.zhihu.com/people/lizzyo
http://www.zhihu.com/people/meng-lin-95
http://www.zhihu.com/people/daocaoit
http://www.zhihu.com/people/ylzhu
http://www.zhihu.com/people/xxxxxxiaoming
http://www.zhihu.com/people/cleo-5
http://www.zhihu.com/people/mei-you-ming-zi-51
http://www.zhihu.com/people/alright-74
http://www.zhihu.com/people/tang-yiming-24
http://www.zhihu.com/people/zhou-qing-chang
http://www.zhihu.com/people/liang-xiao-mi-44
http://www.zhihu.com/people/luoxr
http://www.zhihu.com/people/wang-liu-jiao
http://www.zhihu.com/people/wu-ya-54
http://www.zhihu.com/people/wang-guo-dong-34
http://www.zhihu.com/people/pianran
http://www.zhihu.com/people/xi-ou-li
http://www.zhihu.com/people/lie-bei
http://www.zhihu.com/people/alxe
http://www.zhihu.com/people/yibubu2012
http://www.zhihu.com/people/chen-yuan-81
http://www.zhihu.com/people/mu-xiao-xia
http://www.zhihu.com/people/zheng-mu-rong
http://www.zhihu.com/people/xiaomingdi
http://www.zhihu.com/people/enqiangli
http://www.zhihu.com/people/yangluhan1990
http://www.zhihu.com/people/zou-peng-0127
http://www.zhihu.com/people/wei-tong-yun-60
http://www.zhihu.com/people/yi-da-sen
http://www.zhihu.com/people/zhou-xing-73
http://www.zhihu.com/people/chung
http://www.zhihu.com/people/moxi
http://www.zhihu.com/people/chun-feng
http://www.zhihu.com/people/daguo
