http://www.zhihu.com/people/wang-tao-74-74
http://www.zhihu.com/people/xiang-pei
http://www.zhihu.com/people/li-zi-hao-31-76
http://www.zhihu.com/people/fu-wei-xiang
http://www.zhihu.com/people/khowarizmi
http://www.zhihu.com/people/bao-li-di-tie
http://www.zhihu.com/people/xiao-shan-78-50
http://www.zhihu.com/people/ayr1
http://www.zhihu.com/people/wang-jing-27-65
http://www.zhihu.com/people/liu-xiao-guai-89
http://www.zhihu.com/people/jiao-sha-ye
http://www.zhihu.com/people/zhao-yang-xin
http://www.zhihu.com/people/xiao-chu
http://www.zhihu.com/people/kkkkkira
http://www.zhihu.com/people/liang-yu-hao-7-10
http://www.zhihu.com/people/a-deng-3
http://www.zhihu.com/people/jia-shun-26
http://www.zhihu.com/people/e-tong
http://www.zhihu.com/people/jun-yi-14
http://www.zhihu.com/people/fan-fan-40-41
http://www.zhihu.com/people/zhang-ling-kang
http://www.zhihu.com/people/niu-ji-ye
http://www.zhihu.com/people/qian-jing-wei
http://www.zhihu.com/people/KinKanDesu
http://www.zhihu.com/people/ji-ran-ran-31
http://www.zhihu.com/people/pingoflove
http://www.zhihu.com/people/khaki-29
http://www.zhihu.com/people/yin-ni-ma
http://www.zhihu.com/people/li-da-dou-47
http://www.zhihu.com/people/pan-shi-yun
http://www.zhihu.com/people/qing-ji-57
http://www.zhihu.com/people/wang-ban-xian
http://www.zhihu.com/people/li-xiao-ge-1993
http://www.zhihu.com/people/wade-dwyane-13
http://www.zhihu.com/people/jiang-jia-yin-18
http://www.zhihu.com/people/yang-xiao-xie-60
http://www.zhihu.com/people/huma
http://www.zhihu.com/people/dong-xi-78-92
http://www.zhihu.com/people/cheng-jia-peng
http://www.zhihu.com/people/you-zi-1-15
http://www.zhihu.com/people/bi-peng
http://www.zhihu.com/people/wen-da-ya-55
http://www.zhihu.com/people/ri-ye-qian-chi
http://www.zhihu.com/people/yuan-lin-56-60
http://www.zhihu.com/people/YEESA
http://www.zhihu.com/people/xu-jie-65-87
http://www.zhihu.com/people/li-bo-yu-85
http://www.zhihu.com/people/tsingbo
http://www.zhihu.com/people/bowenbitch
http://www.zhihu.com/people/qqw-ssdd
http://www.zhihu.com/people/an-an-88-67
http://www.zhihu.com/people/yong-62
http://www.zhihu.com/people/yufei-han-42
http://www.zhihu.com/people/megan-ma
http://www.zhihu.com/people/hang-cha-cha
http://www.zhihu.com/people/xia-rui-1006
http://www.zhihu.com/people/bei-ji-yan-ou
http://www.zhihu.com/people/pan-richard
http://www.zhihu.com/people/ju-tao-46
http://www.zhihu.com/people/happy10086
http://www.zhihu.com/people/shi-liang-liang-27
http://www.zhihu.com/people/li-si-gu-niang
http://www.zhihu.com/people/chu-tian-shu-9
http://www.zhihu.com/people/hu-di-57-16
http://www.zhihu.com/people/gao-xiang-21
http://www.zhihu.com/people/shu-le-an-ding
http://www.zhihu.com/people/hei-qia-pu-li-ao
http://www.zhihu.com/people/chen-yi-zhu-11
http://www.zhihu.com/people/chen-jing-50-86
http://www.zhihu.com/people/liang-xiao-yi-27
http://www.zhihu.com/people/ke-xue-34
http://www.zhihu.com/people/zhazha1010
http://www.zhihu.com/people/wu-sean-58
http://www.zhihu.com/people/CloseString
http://www.zhihu.com/people/chen-chu-shi
http://www.zhihu.com/people/stephanie-73
http://www.zhihu.com/people/wang-chun-ze-44
http://www.zhihu.com/people/calmu
http://www.zhihu.com/people/deng-hao-34
http://www.zhihu.com/people/christophe
http://www.zhihu.com/people/ma-bo-ping
http://www.zhihu.com/people/lin-fan-63-96
http://www.zhihu.com/people/zhang-ren-qing
http://www.zhihu.com/people/firefighter
http://www.zhihu.com/people/yshone
http://www.zhihu.com/people/imike
http://www.zhihu.com/people/li-chao-93
http://www.zhihu.com/people/mo-gui
http://www.zhihu.com/people/hu-yin-40
http://www.zhihu.com/people/gao-da-li
http://www.zhihu.com/people/guxizhao
http://www.zhihu.com/people/liberty
http://www.zhihu.com/people/anyan
http://www.zhihu.com/people/tiziana
http://www.zhihu.com/people/peixiaolei
http://www.zhihu.com/people/chen-can
http://www.zhihu.com/people/wanglingyu
http://www.zhihu.com/people/ersuwei
http://www.zhihu.com/people/chen-shen
http://www.zhihu.com/people/mtbb
http://www.zhihu.com/people/Ataraxia002
http://www.zhihu.com/people/yuan-erer
http://www.zhihu.com/people/caozhiwei
http://www.zhihu.com/people/xiao-qing-nian
http://www.zhihu.com/people/weiweixia
http://www.zhihu.com/people/tang-mi-54
http://www.zhihu.com/people/lihongtao
http://www.zhihu.com/people/hao-hu-sheng
http://www.zhihu.com/people/oulove
http://www.zhihu.com/people/zei-xi-bao
http://www.zhihu.com/people/iceskysl
http://www.zhihu.com/people/xun-zhao-a-da
http://www.zhihu.com/people/xuming
http://www.zhihu.com/people/xi-li
http://www.zhihu.com/people/mimiqiao
http://www.zhihu.com/people/cress
http://www.zhihu.com/people/a-du
http://www.zhihu.com/people/duanwu
http://www.zhihu.com/people/hazelzhang
http://www.zhihu.com/people/neaton
http://www.zhihu.com/people/xiao-su-da
http://www.zhihu.com/people/hu-qian-qiu
http://www.zhihu.com/people/zhao-hao
http://www.zhihu.com/people/changfan
http://www.zhihu.com/people/chong
http://www.zhihu.com/people/tang-chen
http://www.zhihu.com/people/wind
http://www.zhihu.com/people/wangping
http://www.zhihu.com/people/guoming
http://www.zhihu.com/people/fu-er
http://www.zhihu.com/people/quiver
http://www.zhihu.com/people/oooz
http://www.zhihu.com/people/demx
http://www.zhihu.com/people/gymitat
http://www.zhihu.com/people/blue
http://www.zhihu.com/people/feir
http://www.zhihu.com/people/mcbuder
http://www.zhihu.com/people/modou
http://www.zhihu.com/people/lubenyuan.com
http://www.zhihu.com/people/whale
http://www.zhihu.com/people/meng-shuang-paula
http://www.zhihu.com/people/beta
http://www.zhihu.com/people/shijun
http://www.zhihu.com/people/cooerson
http://www.zhihu.com/people/kwoh
http://www.zhihu.com/people/jixin
http://www.zhihu.com/people/chengyuan
