http://www.zhihu.com/people/guo-yan-ming
http://www.zhihu.com/people/mai-zi-mz
http://www.zhihu.com/people/birdman
http://www.zhihu.com/people/lucas-water
http://www.zhihu.com/people/dave-28
http://www.zhihu.com/people/meng-da-shu-2
http://www.zhihu.com/people/wan-pu
http://www.zhihu.com/people/reccoon
http://www.zhihu.com/people/wang-er-shan
http://www.zhihu.com/people/zhuo-xiao-cheng
http://www.zhihu.com/people/li-hong-jing-72
http://www.zhihu.com/people/luo-feng-86-44
http://www.zhihu.com/people/zbqls
http://www.zhihu.com/people/zhang-xin-gang-40
http://www.zhihu.com/people/song-dan-yu-91
http://www.zhihu.com/people/bewho
http://www.zhihu.com/people/zhaoxiaolinn
http://www.zhihu.com/people/yag-58-19
http://www.zhihu.com/people/p3n9
http://www.zhihu.com/people/ta-yi-69
http://www.zhihu.com/people/xuan-yuan-lie-35
http://www.zhihu.com/people/liugang-123
http://www.zhihu.com/people/cao-hui-96
http://www.zhihu.com/people/eliton
http://www.zhihu.com/people/lei-ming-shi
http://www.zhihu.com/people/hxl0708
http://www.zhihu.com/people/shu-xin-54
http://www.zhihu.com/people/chen-xin-55-90
http://www.zhihu.com/people/xyloto
http://www.zhihu.com/people/zhao-pu-53
http://www.zhihu.com/people/shi_heng
http://www.zhihu.com/people/chris-chang-24
http://www.zhihu.com/people/li-ru-guo-61
http://www.zhihu.com/people/dai-jin-jiang
http://www.zhihu.com/people/mindseeker
http://www.zhihu.com/people/yzjh
http://www.zhihu.com/people/sun-zhang-84
http://www.zhihu.com/people/yan-feng-81
http://www.zhihu.com/people/xue-wa-qia
http://www.zhihu.com/people/yongkang-49
http://www.zhihu.com/people/guo-shan-zheng
http://www.zhihu.com/people/vdoe
http://www.zhihu.com/people/tan-hao-92
http://www.zhihu.com/people/yang-su-guan-57
http://www.zhihu.com/people/hao-shi-cong
http://www.zhihu.com/people/wangfang
http://www.zhihu.com/people/jia-chun
http://www.zhihu.com/people/mingscavalry
http://www.zhihu.com/people/lin-liang-yu
http://www.zhihu.com/people/li-de-bao-32
http://www.zhihu.com/people/sang-da-peng
http://www.zhihu.com/people/chen-mo-81-10
http://www.zhihu.com/people/su-xiao-bei1911
http://www.zhihu.com/people/wang-han-zheng
http://www.zhihu.com/people/xacmer
http://www.zhihu.com/people/xu-fei-7
http://www.zhihu.com/people/liang-kang
http://www.zhihu.com/people/li-jin-ke
http://www.zhihu.com/people/zuo-xiao-zai-35
http://www.zhihu.com/people/qingyu-zhao
http://www.zhihu.com/people/john-ma-83
http://www.zhihu.com/people/huangquanhj
http://www.zhihu.com/people/deng-hong-cai
http://www.zhihu.com/people/PolarisRhapsody
http://www.zhihu.com/people/lu_tea
http://www.zhihu.com/people/zhai-feng-guo
http://www.zhihu.com/people/anyan
http://www.zhihu.com/people/liuwenlong
http://www.zhihu.com/people/li-yong-hua-69
http://www.zhihu.com/people/li-zui-mei
http://www.zhihu.com/people/li-wei-nan-76
http://www.zhihu.com/people/gao-ji-kang
http://www.zhihu.com/people/mao-ting-ke
http://www.zhihu.com/people/sun-chen-83
http://www.zhihu.com/people/hhstore
http://www.zhihu.com/people/swec
http://www.zhihu.com/people/wan-yi-55
http://www.zhihu.com/people/euyuil
http://www.zhihu.com/people/huo-shao-lin
http://www.zhihu.com/people/chen-dong-dong-56
http://www.zhihu.com/people/misink
http://www.zhihu.com/people/fang-fei-28
http://www.zhihu.com/people/ju-wu
http://www.zhihu.com/people/TrusBe
http://www.zhihu.com/people/fang-wen-32
http://www.zhihu.com/people/annodomini
http://www.zhihu.com/people/tao-zhi
http://www.zhihu.com/people/heineiuo
http://www.zhihu.com/people/eric.chen
http://www.zhihu.com/people/farseereye
http://www.zhihu.com/people/me521333
http://www.zhihu.com/people/si-yi-qing-53
http://www.zhihu.com/people/geekgu
http://www.zhihu.com/people/zhang-bei-li-er
http://www.zhihu.com/people/zanecheney
http://www.zhihu.com/people/singularity
http://www.zhihu.com/people/gu-jia-ming-83
http://www.zhihu.com/people/cao-ji-er
http://www.zhihu.com/people/tutu-lux
http://www.zhihu.com/people/guoheng
http://www.zhihu.com/people/pao-cai-wu
http://www.zhihu.com/people/pseudocode
http://www.zhihu.com/people/zhoufoxcn
http://www.zhihu.com/people/codewalker
http://www.zhihu.com/people/hua-jie-yu
http://www.zhihu.com/people/lubinwei
http://www.zhihu.com/people/kula-71
http://www.zhihu.com/people/findix
http://www.zhihu.com/people/laixintao
http://www.zhihu.com/people/chan-chee
http://www.zhihu.com/people/zhu-wen
http://www.zhihu.com/people/wuzeming626
http://www.zhihu.com/people/Jalove
http://www.zhihu.com/people/issey-miyaki
http://www.zhihu.com/people/super1
http://www.zhihu.com/people/hao-xiao-pang
http://www.zhihu.com/people/hzksh
http://www.zhihu.com/people/mie-xuan
http://www.zhihu.com/people/darasion
http://www.zhihu.com/people/seabiscuit8
http://www.zhihu.com/people/airbai
http://www.zhihu.com/people/bai-yue-87
http://www.zhihu.com/people/neilnull
http://www.zhihu.com/people/dylan-32
http://www.zhihu.com/people/drown-grass
http://www.zhihu.com/people/cool.tea
http://www.zhihu.com/people/sun-jian-wei
http://www.zhihu.com/people/heaton-liang
http://www.zhihu.com/people/liuyong25
http://www.zhihu.com/people/fwwdn
http://www.zhihu.com/people/boyan
http://www.zhihu.com/people/fsdfervvbb
http://www.zhihu.com/people/fiyang
http://www.zhihu.com/people/joeyy
http://www.zhihu.com/people/cai-jian-zheng-77
http://www.zhihu.com/people/zheng-tao-64
http://www.zhihu.com/people/94lpp94
http://www.zhihu.com/people/bai-rui-de
http://www.zhihu.com/people/suyang123
http://www.zhihu.com/people/amcatxy
http://www.zhihu.com/people/begier-lern
http://www.zhihu.com/people/zhangguanjun
http://www.zhihu.com/people/zelome
http://www.zhihu.com/people/cui-de-xing
http://www.zhihu.com/people/wonglei
http://www.zhihu.com/people/yuan-cheng-long-66
http://www.zhihu.com/people/cuisaihu
http://www.zhihu.com/people/summar
http://www.zhihu.com/people/gembler
http://www.zhihu.com/people/c447279704
http://www.zhihu.com/people/huang-xian-dong
http://www.zhihu.com/people/sacowiw
http://www.zhihu.com/people/javalxw
http://www.zhihu.com/people/zhao-kang-bing
http://www.zhihu.com/people/haosong
http://www.zhihu.com/people/zhu-fang-bei
http://www.zhihu.com/people/hansun-lam
http://www.zhihu.com/people/yanbin
http://www.zhihu.com/people/dong-xin-bao
http://www.zhihu.com/people/wang-chang-gui
http://www.zhihu.com/people/rotate8
http://www.zhihu.com/people/jianleer.net
http://www.zhihu.com/people/zheng-jian-86-65
http://www.zhihu.com/people/imz3
http://www.zhihu.com/people/wolf_wu
http://www.zhihu.com/people/bu-zhi-34-47
http://www.zhihu.com/people/liu-xi-ming-3
http://www.zhihu.com/people/kongyifei
http://www.zhihu.com/people/sikaisikai
http://www.zhihu.com/people/scott-yang
http://www.zhihu.com/people/jie-ao-joy
http://www.zhihu.com/people/zhang-shao-long-12
http://www.zhihu.com/people/long904
http://www.zhihu.com/people/xie-ran-88-74
http://www.zhihu.com/people/zhou-kai-38-10
http://www.zhihu.com/people/liu4987
http://www.zhihu.com/people/li-yang-18-64
http://www.zhihu.com/people/LoveLBX
http://www.zhihu.com/people/zhang-ming-56-16
http://www.zhihu.com/people/le-le-13
http://www.zhihu.com/people/iduoshao
http://www.zhihu.com/people/zi-jin-52
http://www.zhihu.com/people/pan-zhou-jia
http://www.zhihu.com/people/nauy321
http://www.zhihu.com/people/qu-chong-dong
http://www.zhihu.com/people/imclee
http://www.zhihu.com/people/cao-tian-que
http://www.zhihu.com/people/tang-xiao-zhou-10
http://www.zhihu.com/people/chenxinfeng
http://www.zhihu.com/people/huang-yi-xuan
http://www.zhihu.com/people/kangod
http://www.zhihu.com/people/wuhan419
http://www.zhihu.com/people/tfoterye
http://www.zhihu.com/people/pei-di
http://www.zhihu.com/people/wang-geng-zhou
http://www.zhihu.com/people/luo-chang-18
http://www.zhihu.com/people/hong-shi-huan-78
http://www.zhihu.com/people/yue-yi-he
http://www.zhihu.com/people/zhyibin
http://www.zhihu.com/people/efemantr
http://www.zhihu.com/people/alohaschen
http://www.zhihu.com/people/wu-yi-yi
http://www.zhihu.com/people/zhangner
http://www.zhihu.com/people/ma-xiao-jun-46
http://www.zhihu.com/people/cratical
http://www.zhihu.com/people/liu-jun-54-86
http://www.zhihu.com/people/juin-wong
http://www.zhihu.com/people/lichenghe
http://www.zhihu.com/people/qi-ji-83
http://www.zhihu.com/people/you-yong
http://www.zhihu.com/people/zuoanqiyue
http://www.zhihu.com/people/yao-zhi-li
http://www.zhihu.com/people/ronnie-61
http://www.zhihu.com/people/tan-zhuo-ming
http://www.zhihu.com/people/chen-dong-98-48
http://www.zhihu.com/people/Super-Mahe
http://www.zhihu.com/people/chence
http://www.zhihu.com/people/nirnovo
http://www.zhihu.com/people/wu-yu-cong-26
http://www.zhihu.com/people/xiong-le-69
http://www.zhihu.com/people/han-li-50
http://www.zhihu.com/people/yi-ju-fox
http://www.zhihu.com/people/botaowei
http://www.zhihu.com/people/lobcn
http://www.zhihu.com/people/zxdesign
http://www.zhihu.com/people/bu-ji-dao
http://www.zhihu.com/people/who18
http://www.zhihu.com/people/sixty_nine
http://www.zhihu.com/people/zhu-jie-13
http://www.zhihu.com/people/liu-guo-hui-24
http://www.zhihu.com/people/zlangangerf
http://www.zhihu.com/people/chelylee
http://www.zhihu.com/people/wang-jing-yun
http://www.zhihu.com/people/kvoice
http://www.zhihu.com/people/hukunn
http://www.zhihu.com/people/fowse
http://www.zhihu.com/people/han-xue-bo
http://www.zhihu.com/people/yemo
http://www.zhihu.com/people/li-hao-30
http://www.zhihu.com/people/sheldonsun
http://www.zhihu.com/people/xiao-bai-mu
http://www.zhihu.com/people/zhang-tao-26-35
http://www.zhihu.com/people/xiao-kun-72
http://www.zhihu.com/people/pi-zhao-qiang
http://www.zhihu.com/people/wengshiwei
http://www.zhihu.com/people/Emmetzc
http://www.zhihu.com/people/gu-yu-fei
http://www.zhihu.com/people/hepes
http://www.zhihu.com/people/jamesky907
http://www.zhihu.com/people/liu-xc
http://www.zhihu.com/people/acsaga
http://www.zhihu.com/people/xiao-jin-wei-26
http://www.zhihu.com/people/sleepingknight
http://www.zhihu.com/people/shan-lu
http://www.zhihu.com/people/xian-liwei
http://www.zhihu.com/people/li-chun-lin-12
http://www.zhihu.com/people/cong-cong-98-4
http://www.zhihu.com/people/ainopara
http://www.zhihu.com/people/zheng-xin-68
http://www.zhihu.com/people/sediment-chen
http://www.zhihu.com/people/akuan
http://www.zhihu.com/people/yu-yuan-56
http://www.zhihu.com/people/lin-xiao-62-15
http://www.zhihu.com/people/dou-ke-qin
http://www.zhihu.com/people/fei-hua-luo-xue
http://www.zhihu.com/people/jack-li-61
http://www.zhihu.com/people/luo-ding-9
http://www.zhihu.com/people/guqiangqiang
http://www.zhihu.com/people/peoplegxs
http://www.zhihu.com/people/forkburn
http://www.zhihu.com/people/xingdonghai
http://www.zhihu.com/people/lupin
http://www.zhihu.com/people/boyarayophthal
http://www.zhihu.com/people/flily
http://www.zhihu.com/people/tiandaofei
http://www.zhihu.com/people/Amies-U
http://www.zhihu.com/people/zhouding
http://www.zhihu.com/people/li-yan-ze
http://www.zhihu.com/people/hu-xi-64
http://www.zhihu.com/people/piao-qiu
http://www.zhihu.com/people/WiseHou
http://www.zhihu.com/people/garfield777
http://www.zhihu.com/people/xie-han-50-56
http://www.zhihu.com/people/guodalu008
http://www.zhihu.com/people/mo_no
http://www.zhihu.com/people/yu-wen-shu-xue-25
http://www.zhihu.com/people/dwwwwwwwwwwww
http://www.zhihu.com/people/huangxisheng
http://www.zhihu.com/people/jhdxr
http://www.zhihu.com/people/napianziyou
http://www.zhihu.com/people/zhang-yu-cheng-25
http://www.zhihu.com/people/JoeyZhi
http://www.zhihu.com/people/bumz
http://www.zhihu.com/people/Said_Young
http://www.zhihu.com/people/han-zi-74-7
http://www.zhihu.com/people/xuan-likongyi
http://www.zhihu.com/people/qianwenbin
http://www.zhihu.com/people/liu-ping-92
http://www.zhihu.com/people/cugfeng
http://www.zhihu.com/people/zhangqiang9876
http://www.zhihu.com/people/mario1990
http://www.zhihu.com/people/conquer-you
http://www.zhihu.com/people/flow-12
http://www.zhihu.com/people/qiao-er-52
http://www.zhihu.com/people/LeoWilliam
http://www.zhihu.com/people/chenjia404
http://www.zhihu.com/people/lin-zi-cha
http://www.zhihu.com/people/song-kai-51
http://www.zhihu.com/people/wensisunny
http://www.zhihu.com/people/c0.0dsummer
http://www.zhihu.com/people/vesion
http://www.zhihu.com/people/zed-89
http://www.zhihu.com/people/chen-ruo-hui
http://www.zhihu.com/people/xiang-huan-zhong
http://www.zhihu.com/people/zongjie
http://www.zhihu.com/people/zjsjknd
http://www.zhihu.com/people/ikindle
http://www.zhihu.com/people/zhouzijian
http://www.zhihu.com/people/hei-ge-86
http://www.zhihu.com/people/guangyi-43
http://www.zhihu.com/people/qlxiao520
http://www.zhihu.com/people/jeremytchao
http://www.zhihu.com/people/ckever
http://www.zhihu.com/people/sprua
http://www.zhihu.com/people/liu-xiao-dao
http://www.zhihu.com/people/si-tan-73
http://www.zhihu.com/people/wangyunfei
http://www.zhihu.com/people/lixingqun
http://www.zhihu.com/people/ho-henry
http://www.zhihu.com/people/xunbao
http://www.zhihu.com/people/sanglei
http://www.zhihu.com/people/xu-li-27
http://www.zhihu.com/people/li-bu-zhi-69-1
http://www.zhihu.com/people/xiayu
http://www.zhihu.com/people/hint
http://www.zhihu.com/people/jiazhoulvke
http://www.zhihu.com/people/organize
http://www.zhihu.com/people/zhang-yue-79-46
http://www.zhihu.com/people/Brian-Kwon
http://www.zhihu.com/people/Arui
http://www.zhihu.com/people/yin-mai-zi
http://www.zhihu.com/people/xie-zhi-zhi-60
http://www.zhihu.com/people/xie-jin-5-89
http://www.zhihu.com/people/kowu
http://www.zhihu.com/people/xiaohaige
http://www.zhihu.com/people/vince67
http://www.zhihu.com/people/xiao-zhang-55
http://www.zhihu.com/people/gao-yue-hua
http://www.zhihu.com/people/feng-hua-92-92
http://www.zhihu.com/people/qutian
http://www.zhihu.com/people/wen-zhuo-67
http://www.zhihu.com/people/wang-wei-211-1220
http://www.zhihu.com/people/Radars-Capture
http://www.zhihu.com/people/gu-min-jie
http://www.zhihu.com/people/o-x-87
http://www.zhihu.com/people/wu-ao-88
http://www.zhihu.com/people/chen-qi-48
http://www.zhihu.com/people/bitmirage
http://www.zhihu.com/people/yang-ding-peng
http://www.zhihu.com/people/steven-liu-84
http://www.zhihu.com/people/Googlehacker
http://www.zhihu.com/people/mouxudong
http://www.zhihu.com/people/toddmi
http://www.zhihu.com/people/li-yan-yan-57-61
http://www.zhihu.com/people/gong-chao-63
http://www.zhihu.com/people/yi-teng
http://www.zhihu.com/people/yanweinet
http://www.zhihu.com/people/han-qian-yi
http://www.zhihu.com/people/funnyfan
http://www.zhihu.com/people/xiaxiaozheng
http://www.zhihu.com/people/kession
http://www.zhihu.com/people/fu-wen-jie
http://www.zhihu.com/people/ylnb91
http://www.zhihu.com/people/hugo2lee
http://www.zhihu.com/people/song-li-58
http://www.zhihu.com/people/craftsman
http://www.zhihu.com/people/sunmingshen
http://www.zhihu.com/people/lipq
http://www.zhihu.com/people/liu-en-yan
http://www.zhihu.com/people/zhuang-xiao-meng
http://www.zhihu.com/people/shawn-6
http://www.zhihu.com/people/bugbug
http://www.zhihu.com/people/dawnray
http://www.zhihu.com/people/wang-yang-70-13
http://www.zhihu.com/people/hanruis
http://www.zhihu.com/people/liamchzh
http://www.zhihu.com/people/xxiu
http://www.zhihu.com/people/yuanhang
http://www.zhihu.com/people/mu-yi
http://www.zhihu.com/people/sui-xiang
http://www.zhihu.com/people/xiong-hai-xiao
http://www.zhihu.com/people/li_lee
http://www.zhihu.com/people/bzda
http://www.zhihu.com/people/wang7x
http://www.zhihu.com/people/mmyww
http://www.zhihu.com/people/miaao
http://www.zhihu.com/people/cixinyu
http://www.zhihu.com/people/hxchai
http://www.zhihu.com/people/zhan-hao-xun
http://www.zhihu.com/people/zzuieliyaoli
http://www.zhihu.com/people/li-xing-feng
http://www.zhihu.com/people/alonso-68
http://www.zhihu.com/people/wang-li-ran
http://www.zhihu.com/people/zhuye
http://www.zhihu.com/people/zhang-hong-ge
http://www.zhihu.com/people/fanbin
http://www.zhihu.com/people/chenghan
http://www.zhihu.com/people/zhang-chao-34-65
http://www.zhihu.com/people/pang-kai
http://www.zhihu.com/people/imceobitch
http://www.zhihu.com/people/starrrry
http://www.zhihu.com/people/desperado1987
http://www.zhihu.com/people/guo-kai-38
http://www.zhihu.com/people/zhangjie-gooogle
http://www.zhihu.com/people/zheng-gui-ping
http://www.zhihu.com/people/zhang-fan-50-6
http://www.zhihu.com/people/hahahahahahaha
http://www.zhihu.com/people/623HS
http://www.zhihu.com/people/19951121
http://www.zhihu.com/people/pang-luan-luan
http://www.zhihu.com/people/yin-gao-jie
http://www.zhihu.com/people/jiang-ke-81-24
http://www.zhihu.com/people/THFQ
http://www.zhihu.com/people/zhang-wei-85-62
http://www.zhihu.com/people/han-yan-22
http://www.zhihu.com/people/luo-lin-37
http://www.zhihu.com/people/zhao-shuai-60
http://www.zhihu.com/people/edward-young
http://www.zhihu.com/people/yao-ze-yuan
http://www.zhihu.com/people/zckevin
http://www.zhihu.com/people/rooftop
http://www.zhihu.com/people/song-xi-67
http://www.zhihu.com/people/bian-chao
http://www.zhihu.com/people/hangj
http://www.zhihu.com/people/xy___ok
http://www.zhihu.com/people/wang-zhen-chao
http://www.zhihu.com/people/liu-sheng-30
http://www.zhihu.com/people/I5X3S4
http://www.zhihu.com/people/bakeham
http://www.zhihu.com/people/icyber
http://www.zhihu.com/people/huang-xiao-yu-98
http://www.zhihu.com/people/li-chao-ran-55
http://www.zhihu.com/people/bzEq
http://www.zhihu.com/people/jerry-cen
http://www.zhihu.com/people/tian-tian-16-5
http://www.zhihu.com/people/reject
http://www.zhihu.com/people/yunshu
http://www.zhihu.com/people/subdragon
http://www.zhihu.com/people/xiaoker
http://www.zhihu.com/people/lishuang
http://www.zhihu.com/people/surer
http://www.zhihu.com/people/feisky
http://www.zhihu.com/people/yan-pang
http://www.zhihu.com/people/mengsifan
http://www.zhihu.com/people/xie-yu-zhong-37
http://www.zhihu.com/people/ismylifestyle
http://www.zhihu.com/people/Kevin_Sung
http://www.zhihu.com/people/zhou-jing-wei-12
http://www.zhihu.com/people/phoenixzhu
http://www.zhihu.com/people/sui-xin-suo-yu-23
http://www.zhihu.com/people/kfoxw
http://www.zhihu.com/people/long-xiao-feng
http://www.zhihu.com/people/jasonross
http://www.zhihu.com/people/hylan
http://www.zhihu.com/people/zhang-yu-39-54
http://www.zhihu.com/people/shi-tao-2
http://www.zhihu.com/people/lanisle
http://www.zhihu.com/people/cumthx
http://www.zhihu.com/people/acetylcholine
http://www.zhihu.com/people/nmdszyn
http://www.zhihu.com/people/tang-jing-yu-24
http://www.zhihu.com/people/tigerinme
http://www.zhihu.com/people/kuang-wang-xu-52
http://www.zhihu.com/people/cao-wen-xuan
http://www.zhihu.com/people/henix
http://www.zhihu.com/people/deeppacket
http://www.zhihu.com/people/DavidXu126
http://www.zhihu.com/people/gu-jia-yu
http://www.zhihu.com/people/song-han-18
http://www.zhihu.com/people/ye-bai-28
http://www.zhihu.com/people/zhao-yuan-jie
http://www.zhihu.com/people/hunterdu
http://www.zhihu.com/people/han-peng-qian
http://www.zhihu.com/people/qie-ge
http://www.zhihu.com/people/an-kang-75
http://www.zhihu.com/people/dcn01
http://www.zhihu.com/people/neil-35-70
http://www.zhihu.com/people/zuofu
http://www.zhihu.com/people/Wabbor
http://www.zhihu.com/people/xiang-chang-yu
http://www.zhihu.com/people/xianhuawei
http://www.zhihu.com/people/li-nan-7-98
http://www.zhihu.com/people/Dominic_
http://www.zhihu.com/people/yu-guang-44
http://www.zhihu.com/people/yao-gang-qiang
http://www.zhihu.com/people/douglaskazi
http://www.zhihu.com/people/hou-ye-60
http://www.zhihu.com/people/evanhan
http://www.zhihu.com/people/CyL0NG
http://www.zhihu.com/people/deviceperk
http://www.zhihu.com/people/fxw945
http://www.zhihu.com/people/xuexiaozhe
http://www.zhihu.com/people/youling
http://www.zhihu.com/people/jamesou
http://www.zhihu.com/people/min9
http://www.zhihu.com/people/hezudao313
http://www.zhihu.com/people/ffeine-ca
http://www.zhihu.com/people/niu-bin
http://www.zhihu.com/people/3fun4
http://www.zhihu.com/people/wangmingyang
http://www.zhihu.com/people/simonyang2008
http://www.zhihu.com/people/xumingmingv
http://www.zhihu.com/people/ls2cd
http://www.zhihu.com/people/vernon13
http://www.zhihu.com/people/huanggengtao
http://www.zhihu.com/people/chexiangbei
http://www.zhihu.com/people/wang-hao-70-66
http://www.zhihu.com/people/mo-qing-xin
http://www.zhihu.com/people/kai-wang-13
http://www.zhihu.com/people/Tevlev
http://www.zhihu.com/people/guan-er-80
http://www.zhihu.com/people/Jeremial
http://www.zhihu.com/people/qiujun
http://www.zhihu.com/people/baiyunfei
http://www.zhihu.com/people/endlessroad
http://www.zhihu.com/people/peng-22
http://www.zhihu.com/people/lipei
http://www.zhihu.com/people/hiehie
http://www.zhihu.com/people/gengle
http://www.zhihu.com/people/jian-chuan-ting
http://www.zhihu.com/people/leo99
http://www.zhihu.com/people/shouzi
http://www.zhihu.com/people/an-cheng-jian
http://www.zhihu.com/people/xi-men-chui-bao-zi
http://www.zhihu.com/people/wang-chuan-zheng
http://www.zhihu.com/people/abel_phyllis
http://www.zhihu.com/people/asdzheng
http://www.zhihu.com/people/zi-lu-_hu-kai-_
http://www.zhihu.com/people/finalray
http://www.zhihu.com/people/Mel0day
http://www.zhihu.com/people/zjhui
http://www.zhihu.com/people/cui-honglin
http://www.zhihu.com/people/kingkongli
http://www.zhihu.com/people/liang-wen-jian
http://www.zhihu.com/people/xue-zhe
http://www.zhihu.com/people/findmyway
http://www.zhihu.com/people/yang-wei-47-98
http://www.zhihu.com/people/ji-wei-70
http://www.zhihu.com/people/journeyonmyway
http://www.zhihu.com/people/zhao-tian-ba
http://www.zhihu.com/people/yang-san-94
http://www.zhihu.com/people/lei-xiao-hua-16
http://www.zhihu.com/people/www.90iter.com
http://www.zhihu.com/people/zhao-xiao-cai
http://www.zhihu.com/people/caterchong
http://www.zhihu.com/people/chao-ji-da-sha
http://www.zhihu.com/people/chen-long-2
http://www.zhihu.com/people/linjiex
http://www.zhihu.com/people/xie-qiu-94
http://www.zhihu.com/people/hu-jian-47
http://www.zhihu.com/people/mu-yang-8
http://www.zhihu.com/people/-hex-
http://www.zhihu.com/people/vitovan
http://www.zhihu.com/people/jiang-hong-xi-28
http://www.zhihu.com/people/abstract202
http://www.zhihu.com/people/Ivan_Wu
http://www.zhihu.com/people/tanky-woo
http://www.zhihu.com/people/guo-yu-13
http://www.zhihu.com/people/ceng-xiao-ceng-53
http://www.zhihu.com/people/hu-jiang-ao
http://www.zhihu.com/people/wang-xiao-feng-73-62
http://www.zhihu.com/people/wangtiancheng
http://www.zhihu.com/people/coutwang
http://www.zhihu.com/people/gui-sheng-74
http://www.zhihu.com/people/Guangzhi-Tang
http://www.zhihu.com/people/luo-chen-xing
http://www.zhihu.com/people/huangdingben
http://www.zhihu.com/people/jill-vivi
http://www.zhihu.com/people/dodge
http://www.zhihu.com/people/lenny-leng
http://www.zhihu.com/people/a_xin
http://www.zhihu.com/people/ge-wei
http://www.zhihu.com/people/li-long-bai-88
http://www.zhihu.com/people/zhang-tao-9-22
http://www.zhihu.com/people/guang-qian-yuan
http://www.zhihu.com/people/yangtaishou
http://www.zhihu.com/people/ma-xiao-36
http://www.zhihu.com/people/laughingjacky
http://www.zhihu.com/people/heubme
http://www.zhihu.com/people/tang-rong-xuan
http://www.zhihu.com/people/wang-lin-64-27
http://www.zhihu.com/people/leixuming
http://www.zhihu.com/people/xianghao110
http://www.zhihu.com/people/feng-han
http://www.zhihu.com/people/zhang-kai-xu-95
http://www.zhihu.com/people/su-li-28
http://www.zhihu.com/people/ren-xin-yang
http://www.zhihu.com/people/chen-yi-chu-60
http://www.zhihu.com/people/he-ji-chong
http://www.zhihu.com/people/jiang-ke-zhong
http://www.zhihu.com/people/lin-yi-wen
http://www.zhihu.com/people/celery
http://www.zhihu.com/people/xhacker
http://www.zhihu.com/people/gelosie
http://www.zhihu.com/people/shevchenko-57
http://www.zhihu.com/people/tvvocold
http://www.zhihu.com/people/chen-zi-hao-95
http://www.zhihu.com/people/GaoYihao
http://www.zhihu.com/people/jin-ke-42
http://www.zhihu.com/people/liu-hao-79-24
http://www.zhihu.com/people/zhouji
http://www.zhihu.com/people/padawan
http://www.zhihu.com/people/ma-xiao-jun-61
http://www.zhihu.com/people/li-man
http://www.zhihu.com/people/liu-xiao-feng-50-67
http://www.zhihu.com/people/anven
http://www.zhihu.com/people/roooot
http://www.zhihu.com/people/shao-hao-ming
http://www.zhihu.com/people/xianweizhang
http://www.zhihu.com/people/jiang-chao-22
http://www.zhihu.com/people/SKYyu
http://www.zhihu.com/people/devenlu
http://www.zhihu.com/people/a-gan-90
http://www.zhihu.com/people/wang-xin-1-35
http://www.zhihu.com/people/dan-ni-si-zhang
http://www.zhihu.com/people/soun-shin
http://www.zhihu.com/people/wu-fan-78-75
http://www.zhihu.com/people/victorChou
http://www.zhihu.com/people/zhang-wen-jie-68
http://www.zhihu.com/people/gu-wei-41
http://www.zhihu.com/people/da-mao-miles
http://www.zhihu.com/people/qi-qi-qi-73
http://www.zhihu.com/people/qi-wei-heng
http://www.zhihu.com/people/i5tong
http://www.zhihu.com/people/ihappybear
http://www.zhihu.com/people/lu-nuo-18
http://www.zhihu.com/people/panhui
http://www.zhihu.com/people/greysign
http://www.zhihu.com/people/luo-lin-43-63
http://www.zhihu.com/people/zhan-peng-30
http://www.zhihu.com/people/http404notfound
http://www.zhihu.com/people/cao-yu-xiao
http://www.zhihu.com/people/xie-peng-97-69
http://www.zhihu.com/people/maribai
http://www.zhihu.com/people/chopinwong
http://www.zhihu.com/people/zhang-dong-yang-25
http://www.zhihu.com/people/hanwei59
http://www.zhihu.com/people/wangqiang
http://www.zhihu.com/people/zhang-dong-yang-91
http://www.zhihu.com/people/yang-xu-8
http://www.zhihu.com/people/Bleaker
http://www.zhihu.com/people/xiangshou
http://www.zhihu.com/people/zhang-tian-71
http://www.zhihu.com/people/blue1244
http://www.zhihu.com/people/jimmyixy-ren
http://www.zhihu.com/people/flymike
http://www.zhihu.com/people/wei-jin-shuai
http://www.zhihu.com/people/sasdigg
http://www.zhihu.com/people/chentu
http://www.zhihu.com/people/jiang-zhong-ya
http://www.zhihu.com/people/glance8
http://www.zhihu.com/people/ebuluo
http://www.zhihu.com/people/JiangTianZheng
http://www.zhihu.com/people/qingxp9
http://www.zhihu.com/people/linyxy
http://www.zhihu.com/people/yi-he-61
http://www.zhihu.com/people/dave-hu
http://www.zhihu.com/people/xiong-mao-78-57
http://www.zhihu.com/people/liu-hai-chan
http://www.zhihu.com/people/A_Fish
http://www.zhihu.com/people/chen-zhi-49-26
http://www.zhihu.com/people/yaohuan
http://www.zhihu.com/people/liuctic
http://www.zhihu.com/people/cheng-hai-bo
http://www.zhihu.com/people/tang-wu-92
http://www.zhihu.com/people/liu-ying-ge
http://www.zhihu.com/people/flyingray
http://www.zhihu.com/people/10011
http://www.zhihu.com/people/xie-yong-40
http://www.zhihu.com/people/yangfan7823
http://www.zhihu.com/people/Mohu
http://www.zhihu.com/people/tang-xiao-45
http://www.zhihu.com/people/linmahua
http://www.zhihu.com/people/zhangyang8605
http://www.zhihu.com/people/jackma
http://www.zhihu.com/people/wangci353
http://www.zhihu.com/people/mo-ke-huan
http://www.zhihu.com/people/halfer53
http://www.zhihu.com/people/xie-fan-25
http://www.zhihu.com/people/zhang-kai-56-85
http://www.zhihu.com/people/feamung
http://www.zhihu.com/people/song-rui-rui
http://www.zhihu.com/people/ruan-jian-xiang
http://www.zhihu.com/people/zhang-yuan-41-66
http://www.zhihu.com/people/niaogebiji
http://www.zhihu.com/people/zhao-liang-35-3
http://www.zhihu.com/people/zmage
http://www.zhihu.com/people/mu-mu-90-82
http://www.zhihu.com/people/sen-sheng
http://www.zhihu.com/people/bibo
http://www.zhihu.com/people/fei-46
http://www.zhihu.com/people/leochin
http://www.zhihu.com/people/yin-hu-22
http://www.zhihu.com/people/jueshihaojian
http://www.zhihu.com/people/huang-qi
http://www.zhihu.com/people/targetkiller
http://www.zhihu.com/people/onlyice
http://www.zhihu.com/people/fan-zhu-guo
http://www.zhihu.com/people/yang-zong-yuan-20
http://www.zhihu.com/people/haohaoxuexi
http://www.zhihu.com/people/ma-hui-52
http://www.zhihu.com/people/leocc
http://www.zhihu.com/people/chen-wen-hong-33
http://www.zhihu.com/people/tontonchuan-zhang
http://www.zhihu.com/people/BUFU
http://www.zhihu.com/people/lan-bing-zha
http://www.zhihu.com/people/garin
http://www.zhihu.com/people/sem-wa
http://www.zhihu.com/people/sun-chang-he
http://www.zhihu.com/people/starriv
http://www.zhihu.com/people/bo-ye-44
http://www.zhihu.com/people/bai-peng
http://www.zhihu.com/people/junesk
http://www.zhihu.com/people/zhan-jian-yu
http://www.zhihu.com/people/WhyLiam
http://www.zhihu.com/people/chenna
http://www.zhihu.com/people/feng-yan-61
http://www.zhihu.com/people/sun-conrad
http://www.zhihu.com/people/hexcles
http://www.zhihu.com/people/AngryPowman
http://www.zhihu.com/people/zhihu_lxl
http://www.zhihu.com/people/cnhawkorg
http://www.zhihu.com/people/gengxichao
http://www.zhihu.com/people/imlong-60
http://www.zhihu.com/people/zhang-wei-68
http://www.zhihu.com/people/zhujianjianli
http://www.zhihu.com/people/yang-yu-60
http://www.zhihu.com/people/wang-zhen-ya-94
http://www.zhihu.com/people/dqw1990
http://www.zhihu.com/people/lu-shuang-1993
http://www.zhihu.com/people/zhu-huan-jie
http://www.zhihu.com/people/po-xiao-19
http://www.zhihu.com/people/li-xu-guang
http://www.zhihu.com/people/yinghaofei
http://www.zhihu.com/people/lu-zi-80
http://www.zhihu.com/people/liu-xiao-miao-m
http://www.zhihu.com/people/unphenomenon
http://www.zhihu.com/people/atearsan
http://www.zhihu.com/people/kevin_15010
http://www.zhihu.com/people/jeter_lin
http://www.zhihu.com/people/wang-yu-97-23
http://www.zhihu.com/people/onestar
http://www.zhihu.com/people/chen-shuai-hua
http://www.zhihu.com/people/lili-lili
http://www.zhihu.com/people/zhang.hao
http://www.zhihu.com/people/lianyi
http://www.zhihu.com/people/E585885
http://www.zhihu.com/people/liqiang123
http://www.zhihu.com/people/minny
http://www.zhihu.com/people/toylori
http://www.zhihu.com/people/sarlanori
http://www.zhihu.com/people/wangxizhi
http://www.zhihu.com/people/chen-charles
http://www.zhihu.com/people/xidianlz
http://www.zhihu.com/people/leqinotes
http://www.zhihu.com/people/zer0black
http://www.zhihu.com/people/wu-bei-47-18
http://www.zhihu.com/people/yufan-tang
http://www.zhihu.com/people/guigui69
http://www.zhihu.com/people/ayr1
http://www.zhihu.com/people/leeker
http://www.zhihu.com/people/li-hao-yu
http://www.zhihu.com/people/richardhly
http://www.zhihu.com/people/ipony
http://www.zhihu.com/people/ccst
http://www.zhihu.com/people/sbilly
http://www.zhihu.com/people/fan-te-xi-34
http://www.zhihu.com/people/an-cheng-hai
http://www.zhihu.com/people/juju
http://www.zhihu.com/people/xiao-chu
http://www.zhihu.com/people/kennykung
http://www.zhihu.com/people/feng-hao-84
http://www.zhihu.com/people/guxizhao
http://www.zhihu.com/people/lakecedarbog
http://www.zhihu.com/people/chen-li-ming-67
http://www.zhihu.com/people/gang-zi-70
http://www.zhihu.com/people/li-wei-a
http://www.zhihu.com/people/blackeagle
http://www.zhihu.com/people/chen-wei-yuan
http://www.zhihu.com/people/chen-gang-3-1
http://www.zhihu.com/people/cheng-xiao-ming-69
http://www.zhihu.com/people/mapleray
http://www.zhihu.com/people/knowyourself
http://www.zhihu.com/people/calmwool
http://www.zhihu.com/people/firstinout
http://www.zhihu.com/people/zhu-xuan-54
http://www.zhihu.com/people/clickon
http://www.zhihu.com/people/moeka
http://www.zhihu.com/people/cai-yongjian
http://www.zhihu.com/people/jia-ming-zi-40
http://www.zhihu.com/people/zhang-ming-qing
http://www.zhihu.com/people/luo-kang-45
http://www.zhihu.com/people/JamesHsia
http://www.zhihu.com/people/wang-tu-yi
http://www.zhihu.com/people/sunnysun-39
http://www.zhihu.com/people/lytous
http://www.zhihu.com/people/ma-xin-lei-97
http://www.zhihu.com/people/cao-dong-dong-36
http://www.zhihu.com/people/laixiaolai
http://www.zhihu.com/people/lao-zhou-76
http://www.zhihu.com/people/nadaloveluna
http://www.zhihu.com/people/madyangyi
http://www.zhihu.com/people/alfreda
http://www.zhihu.com/people/xiao-ye-yi-zhi
http://www.zhihu.com/people/ye-mu-zhen
http://www.zhihu.com/people/zhougan
http://www.zhihu.com/people/yaochenhao
http://www.zhihu.com/people/s0s0
http://www.zhihu.com/people/hei-hey
http://www.zhihu.com/people/ruienzhang
http://www.zhihu.com/people/jmpotato
http://www.zhihu.com/people/ebenz
http://www.zhihu.com/people/xie-wei-you
http://www.zhihu.com/people/rayafjyblue
http://www.zhihu.com/people/rootphantomer
http://www.zhihu.com/people/gaolaosong
http://www.zhihu.com/people/william-king-44
http://www.zhihu.com/people/backtrack
http://www.zhihu.com/people/quiet-llin
http://www.zhihu.com/people/yeah-lee
http://www.zhihu.com/people/dai-yu-xiu
http://www.zhihu.com/people/adadada
http://www.zhihu.com/people/li-chao-70-76
http://www.zhihu.com/people/zengzhaoling
http://www.zhihu.com/people/liuis
http://www.zhihu.com/people/ricter-z
http://www.zhihu.com/people/sister
http://www.zhihu.com/people/tan-xing-bang
http://www.zhihu.com/people/jiang-cong-32
http://www.zhihu.com/people/wang-jia-qi-75
http://www.zhihu.com/people/berlin-96
http://www.zhihu.com/people/peng-wei-cheng
http://www.zhihu.com/people/everso
http://www.zhihu.com/people/star-guo
http://www.zhihu.com/people/renwang
http://www.zhihu.com/people/guo-da-lu-13-28
http://www.zhihu.com/people/duecare
http://www.zhihu.com/people/debbbbie
http://www.zhihu.com/people/pnig0s
http://www.zhihu.com/people/zhang-yang-ming
http://www.zhihu.com/people/SYIU8
http://www.zhihu.com/people/kuriyamamirai
http://www.zhihu.com/people/aehan-aehan
http://www.zhihu.com/people/k4shifz
http://www.zhihu.com/people/xingzhi
http://www.zhihu.com/people/wang-ren-67-6
http://www.zhihu.com/people/haiger-25
http://www.zhihu.com/people/chen-yao-8
http://www.zhihu.com/people/wei-hua-69
http://www.zhihu.com/people/pan-xi-ting
http://www.zhihu.com/people/gui-dao
http://www.zhihu.com/people/netsos
http://www.zhihu.com/people/0vens
http://www.zhihu.com/people/yfeng1226
http://www.zhihu.com/people/baijiahao
http://www.zhihu.com/people/tcdona
http://www.zhihu.com/people/bellapinger
http://www.zhihu.com/people/chendanqing
http://www.zhihu.com/people/virusdefender
http://www.zhihu.com/people/____
http://www.zhihu.com/people/cold-cold
http://www.zhihu.com/people/lgt945
http://www.zhihu.com/people/loongson
http://www.zhihu.com/people/feng-xiang-40
http://www.zhihu.com/people/li-shan-shan-92-5
http://www.zhihu.com/people/websec
http://www.zhihu.com/people/xxg1413
http://www.zhihu.com/people/lin-lin-lin-1
http://www.zhihu.com/people/gifts
http://www.zhihu.com/people/peng-si-jie
http://www.zhihu.com/people/g0thic
http://www.zhihu.com/people/anry-81
http://www.zhihu.com/people/redrain-root
http://www.zhihu.com/people/ic3evil
http://www.zhihu.com/people/TT-in_The-Wind
http://www.zhihu.com/people/cart
http://www.zhihu.com/people/wyndi
http://www.zhihu.com/people/stevezheng1989
http://www.zhihu.com/people/aullik5
http://www.zhihu.com/people/evilcos
http://www.zhihu.com/people/winsyk
http://www.zhihu.com/people/jia-kun-95
http://www.zhihu.com/people/jixin
http://www.zhihu.com/people/dbor
http://www.zhihu.com/people/cao-wei-39
http://www.zhihu.com/people/zhao-hong-yi-62
http://www.zhihu.com/people/ponlee
http://www.zhihu.com/people/missroc
http://www.zhihu.com/people/izzy-leung
http://www.zhihu.com/people/davidchang
http://www.zhihu.com/people/feisuzhu
http://www.zhihu.com/people/jysperm
http://www.zhihu.com/people/bei-zhi-cheng
http://www.zhihu.com/people/zhu-bo-tao
