http://www.zhihu.com/people/zhang-wei-85-62
http://www.zhihu.com/people/catpart
http://www.zhihu.com/people/cheetha
http://www.zhihu.com/people/yang-wei-47-98
http://www.zhihu.com/people/A3R2012
http://www.zhihu.com/people/xinhe-sun
http://www.zhihu.com/people/nan-yu-xuan
http://www.zhihu.com/people/soldiermoving
http://www.zhihu.com/people/yzjh
http://www.zhihu.com/people/zhang-jia-hui-55-15
http://www.zhihu.com/people/qi-cheng-17
http://www.zhihu.com/people/he-bu-ke
http://www.zhihu.com/people/happy10086
http://www.zhihu.com/people/han-han-73-6
http://www.zhihu.com/people/zhang-bei-li-er
http://www.zhihu.com/people/lidahai
http://www.zhihu.com/people/tian-rui-58
http://www.zhihu.com/people/rey-song
http://www.zhihu.com/people/xi-zao-18
http://www.zhihu.com/people/cai-yun-fan
http://www.zhihu.com/people/youyue
http://www.zhihu.com/people/yu-xi-hui
http://www.zhihu.com/people/java-mai
http://www.zhihu.com/people/anyu0705
http://www.zhihu.com/people/nokwiream
http://www.zhihu.com/people/liu-xu-becky
http://www.zhihu.com/people/liu-neng-neng-65
http://www.zhihu.com/people/arek
http://www.zhihu.com/people/auspicesaint
http://www.zhihu.com/people/chen-jing-yu-60
http://www.zhihu.com/people/lee-lee-90
http://www.zhihu.com/people/zhang-xiang-46-19
http://www.zhihu.com/people/xian-ji-xian-ce-59
http://www.zhihu.com/people/zhou-zhou-79-88
http://www.zhihu.com/people/zhongzhidao
http://www.zhihu.com/people/luo-guo-xiang
http://www.zhihu.com/people/chowhak
http://www.zhihu.com/people/wang-tao-90-52
http://www.zhihu.com/people/QiuNote
http://www.zhihu.com/people/echo-5-99
http://www.zhihu.com/people/li-yi-nan
http://www.zhihu.com/people/xiong-neng
http://www.zhihu.com/people/jeffrey-hsu
http://www.zhihu.com/people/gao-yun-fan
http://www.zhihu.com/people/kyle-pan
http://www.zhihu.com/people/ifangcy
http://www.zhihu.com/people/insofe
http://www.zhihu.com/people/xia-kong-dian-dian
http://www.zhihu.com/people/jingshuai
http://www.zhihu.com/people/kong-yang-13
http://www.zhihu.com/people/feng-hao-84
http://www.zhihu.com/people/yin-si-bu
http://www.zhihu.com/people/linxihao
http://www.zhihu.com/people/knight-46
http://www.zhihu.com/people/davidchang
http://www.zhihu.com/people/zhang-bo-sen-31
http://www.zhihu.com/people/holder-zhang
http://www.zhihu.com/people/zhang-yi-83-37
http://www.zhihu.com/people/wang-hua-xin
http://www.zhihu.com/people/gao-rui-31
http://www.zhihu.com/people/zhu-yixin-42
http://www.zhihu.com/people/EvaFlYs
http://www.zhihu.com/people/jiang-chun-bo
http://www.zhihu.com/people/dan-ni-si-zhang
http://www.zhihu.com/people/xyloto
http://www.zhihu.com/people/cong-jin-zheng
http://www.zhihu.com/people/fu-yun-wu-ji
http://www.zhihu.com/people/Dr-hao
http://www.zhihu.com/people/pang-da-14
http://www.zhihu.com/people/han-xian-dao
http://www.zhihu.com/people/fan-xin-yuan-80
http://www.zhihu.com/people/ess-null
http://www.zhihu.com/people/jackhamans
http://www.zhihu.com/people/nanoay
http://www.zhihu.com/people/liu-zhen-zhen-50
http://www.zhihu.com/people/yue-yi-63
http://www.zhihu.com/people/luo-da-yu
http://www.zhihu.com/people/chen-si-te
http://www.zhihu.com/people/wangorm
http://www.zhihu.com/people/rongyiren
http://www.zhihu.com/people/pang-tu-er
http://www.zhihu.com/people/ai-shang-90
http://www.zhihu.com/people/shen-connie
http://www.zhihu.com/people/wang-rui-wen-57
http://www.zhihu.com/people/gong-sun-xiao-bai
http://www.zhihu.com/people/wang-fang-zhou
http://www.zhihu.com/people/cloris-andy
http://www.zhihu.com/people/mu-yang-86-97
http://www.zhihu.com/people/pcload
http://www.zhihu.com/people/zhang-qi-40-68
http://www.zhihu.com/people/tian-bian-90
http://www.zhihu.com/people/chen-meng-26-77
http://www.zhihu.com/people/lys.me
http://www.zhihu.com/people/li-hong-li-39
http://www.zhihu.com/people/kingstontso
http://www.zhihu.com/people/cao-qing-yu
http://www.zhihu.com/people/wu-bin-95
http://www.zhihu.com/people/tian-nan-gua
http://www.zhihu.com/people/cao-chang
http://www.zhihu.com/people/chen-shang-shang
http://www.zhihu.com/people/wang-yi-86-58
http://www.zhihu.com/people/cai-zhi-xiang
http://www.zhihu.com/people/yao-zhi-li
http://www.zhihu.com/people/cheng-chang
http://www.zhihu.com/people/iamsuck
http://www.zhihu.com/people/lijigang.com
http://www.zhihu.com/people/anoxia
http://www.zhihu.com/people/hu-zi-qian
http://www.zhihu.com/people/hansun-lam
http://www.zhihu.com/people/liu-pi-pi-50
http://www.zhihu.com/people/kang-shu
http://www.zhihu.com/people/po-zi-56
http://www.zhihu.com/people/lei-di-ga-ga
http://www.zhihu.com/people/ai-chai
http://www.zhihu.com/people/hui-long-4
http://www.zhihu.com/people/fan-he-40
http://www.zhihu.com/people/zhengbuyuan
http://www.zhihu.com/people/li-yang-52-66-5
http://www.zhihu.com/people/su-jing-qiao
http://www.zhihu.com/people/liu-gao-yuan
http://www.zhihu.com/people/rayfee
http://www.zhihu.com/people/feng-da-pao
http://www.zhihu.com/people/acetylcholine
http://www.zhihu.com/people/abenshit
http://www.zhihu.com/people/yao-bao-zi
http://www.zhihu.com/people/wu-kai-18
http://www.zhihu.com/people/da-van
http://www.zhihu.com/people/chen-dong-35-62
http://www.zhihu.com/people/ben-j
http://www.zhihu.com/people/hsein
http://www.zhihu.com/people/zheng-luo-wen
http://www.zhihu.com/people/qingcomeon
http://www.zhihu.com/people/wee1
http://www.zhihu.com/people/liu-hai-chan
http://www.zhihu.com/people/shi-hong-46
http://www.zhihu.com/people/zhang-xiao-yi-85
http://www.zhihu.com/people/jerry8989
http://www.zhihu.com/people/jason_jie
http://www.zhihu.com/people/feng961218
http://www.zhihu.com/people/zheng-yi-shi
http://www.zhihu.com/people/cdma2000
http://www.zhihu.com/people/liu-ping-92
http://www.zhihu.com/people/ebuluo
http://www.zhihu.com/people/yongjoon-27
http://www.zhihu.com/people/yu-jia-21-47
http://www.zhihu.com/people/qi-wen-feng
http://www.zhihu.com/people/mr62
http://www.zhihu.com/people/wang-shu-shu-62
http://www.zhihu.com/people/ni-kang-78
http://www.zhihu.com/people/wenjie8873
http://www.zhihu.com/people/tie-chui
http://www.zhihu.com/people/wang-hao-cheng
http://www.zhihu.com/people/tu-ga
http://www.zhihu.com/people/cai-xin-79
http://www.zhihu.com/people/lookgod
http://www.zhihu.com/people/ding-ping-sheng
http://www.zhihu.com/people/jia-ke-le
http://www.zhihu.com/people/belphegor
http://www.zhihu.com/people/wan-pu
http://www.zhihu.com/people/chen-tian-biao
http://www.zhihu.com/people/zhang-tian-cheng-55
http://www.zhihu.com/people/zhou-jia-bin
http://www.zhihu.com/people/Jeioc
http://www.zhihu.com/people/cambridge
http://www.zhihu.com/people/luo-bo-wen-35
http://www.zhihu.com/people/zhou-xi-ying
http://www.zhihu.com/people/dajin
http://www.zhihu.com/people/houniao
http://www.zhihu.com/people/kong-er-er-10
http://www.zhihu.com/people/pan-ou-yuan
http://www.zhihu.com/people/zheng-zheng-16
http://www.zhihu.com/people/cui-xiao-lin-81
http://www.zhihu.com/people/baijason
http://www.zhihu.com/people/huang-yong-kang
http://www.zhihu.com/people/xy___ok
http://www.zhihu.com/people/zl1com
http://www.zhihu.com/people/jin-ke-yi
http://www.zhihu.com/people/ze-mu-qi-40
http://www.zhihu.com/people/desiree-xia
http://www.zhihu.com/people/lodgeko
http://www.zhihu.com/people/xiao-kai-yan-55
http://www.zhihu.com/people/fu-rui-67
http://www.zhihu.com/people/xiao-yang-yang-99
http://www.zhihu.com/people/li-luo-70
http://www.zhihu.com/people/Maximilian2009
http://www.zhihu.com/people/xiao-jiu-80
http://www.zhihu.com/people/chen-wei-62
http://www.zhihu.com/people/mu-er-47-38
http://www.zhihu.com/people/peng-xiao-long
http://www.zhihu.com/people/chen-fei-hong-29
http://www.zhihu.com/people/li-jian-bao-60
http://www.zhihu.com/people/bu-chen-ye
http://www.zhihu.com/people/cai-jia-15
http://www.zhihu.com/people/er-yue-tian
http://www.zhihu.com/people/yao-79
http://www.zhihu.com/people/wang-he-xiang-82
http://www.zhihu.com/people/tang-zhao-da-mao
http://www.zhihu.com/people/wen-tao-4
http://www.zhihu.com/people/xiao-pei-pei-3
http://www.zhihu.com/people/shi-di-fen-wang-84
http://www.zhihu.com/people/ci-luo
http://www.zhihu.com/people/lu-ling-cheng
http://www.zhihu.com/people/miaao
http://www.zhihu.com/people/ziyang-jiang
http://www.zhihu.com/people/zhao-yue-35-24
http://www.zhihu.com/people/hong-shi-huan-78
http://www.zhihu.com/people/brangelina
http://www.zhihu.com/people/loujianwen
http://www.zhihu.com/people/han-dong-30
http://www.zhihu.com/people/yaoyao520
http://www.zhihu.com/people/shi-dian-73
http://www.zhihu.com/people/tang-xiao-45
http://www.zhihu.com/people/guo-shu-wei
http://www.zhihu.com/people/lloyd_75
http://www.zhihu.com/people/shi-guai-bao-77
http://www.zhihu.com/people/yin-ni-ma
http://www.zhihu.com/people/xiaoyequ
http://www.zhihu.com/people/zhongyang
http://www.zhihu.com/people/bu-zhi-xian-sheng-78
http://www.zhihu.com/people/meng-da-shu-2
http://www.zhihu.com/people/wu-you-cai
http://www.zhihu.com/people/ai-li-si
http://www.zhihu.com/people/xing-ye-84-24
http://www.zhihu.com/people/ricky-45
http://www.zhihu.com/people/zengchao
http://www.zhihu.com/people/jonathanzhang
http://www.zhihu.com/people/xiang-huan-zhong
http://www.zhihu.com/people/bladem
http://www.zhihu.com/people/guo-yan-ming
http://www.zhihu.com/people/manabomb
http://www.zhihu.com/people/xiao-yi-47-49
http://www.zhihu.com/people/huhuaxiaoshuai
http://www.zhihu.com/people/guo-hai-feng-60
http://www.zhihu.com/people/JiangTianZheng
http://www.zhihu.com/people/dawn-27
http://www.zhihu.com/people/xiaoyu.tai
http://www.zhihu.com/people/li-zheng-91-39
http://www.zhihu.com/people/biheye
http://www.zhihu.com/people/nightraider
http://www.zhihu.com/people/wang-xiao-feng-73-62
http://www.zhihu.com/people/yin-yu-chen-26
http://www.zhihu.com/people/John.z
http://www.zhihu.com/people/ashej
http://www.zhihu.com/people/baiyoufei
http://www.zhihu.com/people/hai-yang
http://www.zhihu.com/people/niu-jing
http://www.zhihu.com/people/tc-liang-66
http://www.zhihu.com/people/fengmoyan
http://www.zhihu.com/people/zhan-peng-30
http://www.zhihu.com/people/chen-zhi-guang-74
http://www.zhihu.com/people/lu-dan-5
http://www.zhihu.com/people/sbisme
http://www.zhihu.com/people/yang-wa
http://www.zhihu.com/people/zi-liu-jing-37
http://www.zhihu.com/people/TT-in_The-Wind
http://www.zhihu.com/people/maibing
http://www.zhihu.com/people/ho-henry
http://www.zhihu.com/people/dai-chen-long-31
http://www.zhihu.com/people/sojournnyc
http://www.zhihu.com/people/Kaavield
http://www.zhihu.com/people/yao-da-shan
http://www.zhihu.com/people/hison
http://www.zhihu.com/people/teacherho
http://www.zhihu.com/people/echo-40-22
http://www.zhihu.com/people/wan-chang-6
http://www.zhihu.com/people/wuhongjian
http://www.zhihu.com/people/gao-yang-bo
http://www.zhihu.com/people/cloudong
http://www.zhihu.com/people/lionlee
http://www.zhihu.com/people/raylaw
http://www.zhihu.com/people/zhuo-xiao-nan-5-76
http://www.zhihu.com/people/liu-yu-62-51
http://www.zhihu.com/people/moziju
http://www.zhihu.com/people/wangxuezhong
http://www.zhihu.com/people/cccesar
http://www.zhihu.com/people/summer-63
http://www.zhihu.com/people/kevin-liu-15
http://www.zhihu.com/people/timeface
http://www.zhihu.com/people/leesiyn
http://www.zhihu.com/people/fu-fa-qiang
http://www.zhihu.com/people/rush
http://www.zhihu.com/people/kang-yi-kai
http://www.zhihu.com/people/chen-wei-yuan
http://www.zhihu.com/people/yang-cong-quan-man-tou
http://www.zhihu.com/people/ma-xiao-shun-26
http://www.zhihu.com/people/13igcat
http://www.zhihu.com/people/U-N-O
http://www.zhihu.com/people/li-ling-hao-52
http://www.zhihu.com/people/shuaige
http://www.zhihu.com/people/lin-jia-duo
http://www.zhihu.com/people/halfer53
http://www.zhihu.com/people/xia-cheng-8
http://www.zhihu.com/people/chen-wei-57
http://www.zhihu.com/people/zheng-jun-53
http://www.zhihu.com/people/rui-ge-48
http://www.zhihu.com/people/luo-er-96-32
http://www.zhihu.com/people/xiong-le-69
http://www.zhihu.com/people/yang-xiao-guo-93
http://www.zhihu.com/people/fred-xiao-48
http://www.zhihu.com/people/deng-xin-xian
http://www.zhihu.com/people/tian-min-cheng
http://www.zhihu.com/people/sun-kai-129
http://www.zhihu.com/people/cao-hui-96
http://www.zhihu.com/people/jimmyrui
http://www.zhihu.com/people/gong-sheng-36
http://www.zhihu.com/people/ma-que-10
http://www.zhihu.com/people/sen-feng
http://www.zhihu.com/people/rockace1
http://www.zhihu.com/people/chang-kai-xin-85
http://www.zhihu.com/people/pan-jun-yu
http://www.zhihu.com/people/da-da-50
http://www.zhihu.com/people/bai-peng
http://www.zhihu.com/people/xing-yi-xun
http://www.zhihu.com/people/liu-jin-nan
http://www.zhihu.com/people/cheng-jia-peng
http://www.zhihu.com/people/claire923
http://www.zhihu.com/people/xie-meng-meng-44
http://www.zhihu.com/people/sunnyfei
http://www.zhihu.com/people/jia-zhi-20
http://www.zhihu.com/people/jack-35-66
http://www.zhihu.com/people/gong-li-xi
http://www.zhihu.com/people/guaishushuV587
http://www.zhihu.com/people/brian-bravo
http://www.zhihu.com/people/wu-shi-xiong
http://www.zhihu.com/people/xia-hal-shi
http://www.zhihu.com/people/zhuang-xiao-meng
http://www.zhihu.com/people/wu-di-83
http://www.zhihu.com/people/apollochow
http://www.zhihu.com/people/hao-zi-xu
http://www.zhihu.com/people/noodles
http://www.zhihu.com/people/zheng-wen-long-89
http://www.zhihu.com/people/pan-wei-51
http://www.zhihu.com/people/jixin
http://www.zhihu.com/people/KongZ
http://www.zhihu.com/people/ndw433
http://www.zhihu.com/people/he-ran-48
http://www.zhihu.com/people/hanjunjie
http://www.zhihu.com/people/liu-lin-zhao
http://www.zhihu.com/people/egoddly
http://www.zhihu.com/people/lei-gang-21
http://www.zhihu.com/people/jun-pi
http://www.zhihu.com/people/lu-shuang-1993
http://www.zhihu.com/people/liu-xiao-guo-94
http://www.zhihu.com/people/luis
http://www.zhihu.com/people/tangzl
http://www.zhihu.com/people/li-zuo-hang
http://www.zhihu.com/people/lu-qia-fu
http://www.zhihu.com/people/swiftwind0405
http://www.zhihu.com/people/niunai
http://www.zhihu.com/people/zhu-jun-xi-68
http://www.zhihu.com/people/zwcheung
http://www.zhihu.com/people/shevchenko-57
http://www.zhihu.com/people/donhi
http://www.zhihu.com/people/yang-guang-11-55
http://www.zhihu.com/people/xaver-16
http://www.zhihu.com/people/ding-zhao-sai
http://www.zhihu.com/people/thx1104
http://www.zhihu.com/people/HadisYe
http://www.zhihu.com/people/wei-cheng-xing-h
http://www.zhihu.com/people/dong-dong-qiang-95
http://www.zhihu.com/people/kang-kai
http://www.zhihu.com/people/bai-bai-he-18
http://www.zhihu.com/people/hu-hao-tian
http://www.zhihu.com/people/qing-lan-98
http://www.zhihu.com/people/huang-wei-12-62
http://www.zhihu.com/people/mu-jian-xue
http://www.zhihu.com/people/niuye
http://www.zhihu.com/people/mao-shi-lin-65
http://www.zhihu.com/people/wang-gang-59-53
http://www.zhihu.com/people/liyicheng
http://www.zhihu.com/people/drwong
http://www.zhihu.com/people/guo-shan-zheng
http://www.zhihu.com/people/ma-kai-23
http://www.zhihu.com/people/chinamack
http://www.zhihu.com/people/littleant
http://www.zhihu.com/people/wu-wei-80-7
http://www.zhihu.com/people/wangpengyu
http://www.zhihu.com/people/lengqingru
http://www.zhihu.com/people/xiao-luo-54
http://www.zhihu.com/people/he-yu-26
http://www.zhihu.com/people/cui-pei-qi
http://www.zhihu.com/people/mikey-lee
http://www.zhihu.com/people/du-yue-song-42
http://www.zhihu.com/people/ma-bu-fan
http://www.zhihu.com/people/jiang-xiao-yang-58
http://www.zhihu.com/people/caomidanwei
http://www.zhihu.com/people/sen-sheng
http://www.zhihu.com/people/feng-xue-qing-lan
http://www.zhihu.com/people/li-ji-ze-12
http://www.zhihu.com/people/qingfusanduan
http://www.zhihu.com/people/meiguize
http://www.zhihu.com/people/li-ke-71-71
http://www.zhihu.com/people/gao-yu-long-5
http://www.zhihu.com/people/gu-jia-ming-83
http://www.zhihu.com/people/zhang-gong-35
http://www.zhihu.com/people/atx318
http://www.zhihu.com/people/xia-xia
http://www.zhihu.com/people/lutongwang
http://www.zhihu.com/people/zhang-hu-43
http://www.zhihu.com/people/chen-si-yue-70
http://www.zhihu.com/people/liu-yi-ran-62
http://www.zhihu.com/people/richard-56
http://www.zhihu.com/people/zeng-zhao-cheng
http://www.zhihu.com/people/wang-heng-tong
http://www.zhihu.com/people/tai-di-xiong-97
http://www.zhihu.com/people/zheng-cheng-85-32
http://www.zhihu.com/people/zhang-bo-67-32
http://www.zhihu.com/people/chen-qing-jun
http://www.zhihu.com/people/yue-yi-he
http://www.zhihu.com/people/cheng-bai-lao
http://www.zhihu.com/people/xini
