http://www.zhihu.com/people/tian-tian-16-5
http://www.zhihu.com/people/____
http://www.zhihu.com/people/SYIU8
http://www.zhihu.com/people/hu-nicholas
http://www.zhihu.com/people/cai-xiao-ming-85
http://www.zhihu.com/people/fan-xiao-ting
http://www.zhihu.com/people/easonwu-98
http://www.zhihu.com/people/liuniandate
http://www.zhihu.com/people/shaomm
http://www.zhihu.com/people/gengu
http://www.zhihu.com/people/wang-ba-a-gan
http://www.zhihu.com/people/xia-mu-46-69
http://www.zhihu.com/people/heaven_000
http://www.zhihu.com/people/zhang-san-feng-81-29
http://www.zhihu.com/people/su-leng-lu
http://www.zhihu.com/people/ayr1
http://www.zhihu.com/people/song-yan-66
http://www.zhihu.com/people/zhang-dong-hui-38
http://www.zhihu.com/people/ma-yuan-48
http://www.zhihu.com/people/zhangyingfeng
http://www.zhihu.com/people/zhang-tian-yu-31
http://www.zhihu.com/people/oogoo
http://www.zhihu.com/people/yao-jun-57
http://www.zhihu.com/people/meng-xiang-jia-13
http://www.zhihu.com/people/zhou-zhen-biao
http://www.zhihu.com/people/jiayizhen
http://www.zhihu.com/people/chang-yang-58
http://www.zhihu.com/people/zhang-bao-long
http://www.zhihu.com/people/xi-leon
http://www.zhihu.com/people/yang-yong-54-36
http://www.zhihu.com/people/shao-shuai-70
http://www.zhihu.com/people/ceng-jia-jia
http://www.zhihu.com/people/ke-er-jin
http://www.zhihu.com/people/li-yin-long-94
http://www.zhihu.com/people/liu-gao-yuan
http://www.zhihu.com/people/liu-hai-bo-99-41
http://www.zhihu.com/people/xie-yu-66
http://www.zhihu.com/people/barbarossa
http://www.zhihu.com/people/cang-mang-6
http://www.zhihu.com/people/isaac-zeng
http://www.zhihu.com/people/VerucaChan
http://www.zhihu.com/people/bjchaodaye
http://www.zhihu.com/people/chrispaulandy
http://www.zhihu.com/people/wang-yier-16
http://www.zhihu.com/people/li-li-51-53
http://www.zhihu.com/people/hou-ye-60
http://www.zhihu.com/people/bai-chen-43
http://www.zhihu.com/people/yibubu2012
http://www.zhihu.com/people/bat-johnny
http://www.zhihu.com/people/zhang-yi-fan-48
http://www.zhihu.com/people/pan-richard
http://www.zhihu.com/people/xinwangzai
http://www.zhihu.com/people/xing-hao-96
http://www.zhihu.com/people/lobo-73
http://www.zhihu.com/people/peoplegxs
http://www.zhihu.com/people/bfjiaren
http://www.zhihu.com/people/bai-ju-18
http://www.zhihu.com/people/sayhi987
http://www.zhihu.com/people/evaray
http://www.zhihu.com/people/xiaokang
http://www.zhihu.com/people/mi-tao
http://www.zhihu.com/people/zhu-bo-tao
http://www.zhihu.com/people/gong-jun
http://www.zhihu.com/people/ha-lu
http://www.zhihu.com/people/zhang-ying-zhou-91
http://www.zhihu.com/people/wang-xiao-man-13-91
http://www.zhihu.com/people/000088
http://www.zhihu.com/people/xie-xin-dong-12
http://www.zhihu.com/people/lan-qiu-71
http://www.zhihu.com/people/vicfre
http://www.zhihu.com/people/rosecrimson
http://www.zhihu.com/people/kevincf
http://www.zhihu.com/people/liang-ming-hao
http://www.zhihu.com/people/tian-su-jun
http://www.zhihu.com/people/zhihu_weekly
http://www.zhihu.com/people/langhaiwuya
http://www.zhihu.com/people/face-li
http://www.zhihu.com/people/mo-shen-94
http://www.zhihu.com/people/michael-45-70
http://www.zhihu.com/people/sun-xi-fan
http://www.zhihu.com/people/wangxuejiao
http://www.zhihu.com/people/lu-___-fei
http://www.zhihu.com/people/zhao-ang-72
http://www.zhihu.com/people/wang-yuan-66-5
http://www.zhihu.com/people/ceng-yi-can
http://www.zhihu.com/people/_zhao_xu_
http://www.zhihu.com/people/zihoo-lee
http://www.zhihu.com/people/tian-nan-gua
http://www.zhihu.com/people/xu-xiao-ye-53
http://www.zhihu.com/people/wei-li-gan
http://www.zhihu.com/people/bobblin
http://www.zhihu.com/people/zhang_lei
http://www.zhihu.com/people/luckyfish
http://www.zhihu.com/people/luoshuiyifang-fendou
http://www.zhihu.com/people/hxl0708
http://www.zhihu.com/people/lin-long-91
http://www.zhihu.com/people/wu-de-feng
http://www.zhihu.com/people/zhang-ya-fei-8
http://www.zhihu.com/people/wu-wen-kui
http://www.zhihu.com/people/qi-yu-wei
http://www.zhihu.com/people/lee_
http://www.zhihu.com/people/wang-wen-ping
http://www.zhihu.com/people/woshizhangya
http://www.zhihu.com/people/li-chen-chen-88
http://www.zhihu.com/people/rincolor
http://www.zhihu.com/people/xie-meng-meng-44
http://www.zhihu.com/people/zhao-yuan-mo
http://www.zhihu.com/people/cakvfcwz
http://www.zhihu.com/people/wang-ku-men-40
http://www.zhihu.com/people/techoxygen
http://www.zhihu.com/people/hou-meng-yao
http://www.zhihu.com/people/qin-kang-bao
http://www.zhihu.com/people/xiaojun
http://www.zhihu.com/people/zhuang-biao-wei
http://www.zhihu.com/people/qi-gang-65
http://www.zhihu.com/people/zhao-xiao-long-56
http://www.zhihu.com/people/li-hong-yang-99
http://www.zhihu.com/people/qixun
http://www.zhihu.com/people/zhou-xiao-jing-69
http://www.zhihu.com/people/er-dian-ling
http://www.zhihu.com/people/han-yixin
http://www.zhihu.com/people/shi-hui-qin-73
http://www.zhihu.com/people/chen-da-ming-42
http://www.zhihu.com/people/limonzhou
http://www.zhihu.com/people/wang-jing-26-12
http://www.zhihu.com/people/devilazy
http://www.zhihu.com/people/huang-hai-li
http://www.zhihu.com/people/dana
http://www.zhihu.com/people/peng-ming-ming-95
http://www.zhihu.com/people/hexiaobing
http://www.zhihu.com/people/haut
http://www.zhihu.com/people/ge-hui-tong
http://www.zhihu.com/people/wang-ya-bing
http://www.zhihu.com/people/eric-5
http://www.zhihu.com/people/guanxy
http://www.zhihu.com/people/mojous
http://www.zhihu.com/people/auspicesaint
http://www.zhihu.com/people/xiao-jian-ren-71
http://www.zhihu.com/people/lihaoqiang
http://www.zhihu.com/people/yu-ming-gu-wen-chen-tao
http://www.zhihu.com/people/qiu-mu-zi
http://www.zhihu.com/people/chen-jian-33-39
http://www.zhihu.com/people/willkong
http://www.zhihu.com/people/wu-su-hui
http://www.zhihu.com/people/wang-jia-yue
http://www.zhihu.com/people/sundayun
http://www.zhihu.com/people/kunzhdu
http://www.zhihu.com/people/han-yan-hui
http://www.zhihu.com/people/zhen-hao
http://www.zhihu.com/people/zhout
http://www.zhihu.com/people/xu-zhi-hai
http://www.zhihu.com/people/meng-geng-sheng
http://www.zhihu.com/people/emily-26
http://www.zhihu.com/people/shi-xu-jing
http://www.zhihu.com/people/BrandonWong
http://www.zhihu.com/people/zao-hu
http://www.zhihu.com/people/imike
http://www.zhihu.com/people/merlin-47
http://www.zhihu.com/people/allen-sea
http://www.zhihu.com/people/li-jun-eileen
http://www.zhihu.com/people/luoxr
http://www.zhihu.com/people/boxun
http://www.zhihu.com/people/Tan_
http://www.zhihu.com/people/yskin
http://www.zhihu.com/people/cen-cheng
http://www.zhihu.com/people/pydison
http://www.zhihu.com/people/Challenger800
http://www.zhihu.com/people/cshhao
http://www.zhihu.com/people/songkun
http://www.zhihu.com/people/twozero
http://www.zhihu.com/people/shirui
http://www.zhihu.com/people/jia-hao-85
http://www.zhihu.com/people/chouthen
http://www.zhihu.com/people/song-li-58
http://www.zhihu.com/people/bing-deng-xing
http://www.zhihu.com/people/yang-cheng-wu-20
http://www.zhihu.com/people/liu-li-ping-41
http://www.zhihu.com/people/li-xin-92-29
http://www.zhihu.com/people/meng-bin-jian
http://www.zhihu.com/people/cherry-3-66
http://www.zhihu.com/people/liu-xiao-ai
http://www.zhihu.com/people/fleurwong
http://www.zhihu.com/people/cheng-bai-lao
http://www.zhihu.com/people/asplin
http://www.zhihu.com/people/wang-rui-ray
http://www.zhihu.com/people/baixia
http://www.zhihu.com/people/wang-zhong-tao
http://www.zhihu.com/people/kevinzoro
http://www.zhihu.com/people/lunatic
http://www.zhihu.com/people/mvie
http://www.zhihu.com/people/chen-chen-48-57
http://www.zhihu.com/people/omell
http://www.zhihu.com/people/zhao-chuan
http://www.zhihu.com/people/yi-dan
http://www.zhihu.com/people/zhangbula
http://www.zhihu.com/people/zheng-qi-zhou
http://www.zhihu.com/people/an-dong-65
http://www.zhihu.com/people/zhou-yu-hang-40
http://www.zhihu.com/people/shui-di-76
http://www.zhihu.com/people/shi-tou-83-15
http://www.zhihu.com/people/112233
http://www.zhihu.com/people/yue-xiao-liu
http://www.zhihu.com/people/thrego
http://www.zhihu.com/people/huang-wei-12-62
http://www.zhihu.com/people/byewon
http://www.zhihu.com/people/ma3jia
http://www.zhihu.com/people/tu-gao-hui-ge
http://www.zhihu.com/people/Terryxiao
http://www.zhihu.com/people/yan-lao-si
http://www.zhihu.com/people/umifam
http://www.zhihu.com/people/gao-shan-31
http://www.zhihu.com/people/wang-yifan-30
http://www.zhihu.com/people/zhou-yi-fan-84
http://www.zhihu.com/people/jiangbianwanghai
http://www.zhihu.com/people/vitogao
http://www.zhihu.com/people/orzwind
http://www.zhihu.com/people/yu-bo-yu
http://www.zhihu.com/people/wu-wei-96-47
http://www.zhihu.com/people/zi-liu
http://www.zhihu.com/people/sayes
http://www.zhihu.com/people/fang-yi-xing
http://www.zhihu.com/people/tian-wei-7
http://www.zhihu.com/people/Yolo
http://www.zhihu.com/people/wei-bing-hao
http://www.zhihu.com/people/zhang-yang-60-19
http://www.zhihu.com/people/haohaoxuexi
http://www.zhihu.com/people/imeet
http://www.zhihu.com/people/xiaodaoren
http://www.zhihu.com/people/wang-er-71
http://www.zhihu.com/people/fan-zeng
http://www.zhihu.com/people/david-du
http://www.zhihu.com/people/zaiyiqi
http://www.zhihu.com/people/loadin
http://www.zhihu.com/people/hoosin
http://www.zhihu.com/people/ctlzhl
http://www.zhihu.com/people/yang-cong-quan-man-tou
http://www.zhihu.com/people/PeterDeng
http://www.zhihu.com/people/xiepanda
http://www.zhihu.com/people/young47121
http://www.zhihu.com/people/li-lin-18-12
http://www.zhihu.com/people/vipjqy
http://www.zhihu.com/people/kaso-67
http://www.zhihu.com/people/eatpoc
http://www.zhihu.com/people/cklover
