http://www.zhihu.com/people/ian-tsie
http://www.zhihu.com/people/hu-xiao-4-81
http://www.zhihu.com/people/ding-tao-30
http://www.zhihu.com/people/chen-wei-bin-40
http://www.zhihu.com/people/lei-wei-92
http://www.zhihu.com/people/liu-jin-long-44
http://www.zhihu.com/people/su-su-76-34
http://www.zhihu.com/people/xiang-pei
http://www.zhihu.com/people/zhou-yu-19-84
http://www.zhihu.com/people/mian-zuo
http://www.zhihu.com/people/zhou-xi-ying
http://www.zhihu.com/people/bao-tuo-88
http://www.zhihu.com/people/li-zi-hao-31-76
http://www.zhihu.com/people/yong-yi-68
http://www.zhihu.com/people/echo-40-22
http://www.zhihu.com/people/li-shu-zhu
http://www.zhihu.com/people/a-yu-mi
http://www.zhihu.com/people/toylori
http://www.zhihu.com/people/a-wu-luan-31
http://www.zhihu.com/people/lu-wei-6-46
http://www.zhihu.com/people/wang-jing-27-65
http://www.zhihu.com/people/lao-da-ge-53
http://www.zhihu.com/people/emma1123
http://www.zhihu.com/people/liu-xiao-guai-89
http://www.zhihu.com/people/zuimai
http://www.zhihu.com/people/mu-xi-wen
http://www.zhihu.com/people/gu-xian-nian
http://www.zhihu.com/people/ptpgzr
http://www.zhihu.com/people/buhaoqiao
http://www.zhihu.com/people/lulu-43
http://www.zhihu.com/people/liang-kai-zhe-huo-49
http://www.zhihu.com/people/gao-gao-72
http://www.zhihu.com/people/yao-di-zhou
http://www.zhihu.com/people/kkkkkira
http://www.zhihu.com/people/a-bu-nu
http://www.zhihu.com/people/zhang-qian-13-76
http://www.zhihu.com/people/han-liang-hanl
http://www.zhihu.com/people/yao-mao-3
http://www.zhihu.com/people/alice-jean
http://www.zhihu.com/people/liu-ze-18-75
http://www.zhihu.com/people/ding-ding-84-86
http://www.zhihu.com/people/ma-bo-ping
http://www.zhihu.com/people/xiao-zhe-31
http://www.zhihu.com/people/jiggersong
http://www.zhihu.com/people/yang-chang-jie-86
http://www.zhihu.com/people/da-long-mao-61
http://www.zhihu.com/people/niu-ji-ye
http://www.zhihu.com/people/wei-chao-feng
http://www.zhihu.com/people/qian-jing-wei
http://www.zhihu.com/people/zhang-xiao-ming-49-55
http://www.zhihu.com/people/tian-bu-tang
http://www.zhihu.com/people/sun-kao-pu
http://www.zhihu.com/people/zhang-zi-yu-23
http://www.zhihu.com/people/khaki-29
http://www.zhihu.com/people/ji-wen-yong
http://www.zhihu.com/people/yin-ni-ma
http://www.zhihu.com/people/pan-shi-yun
http://www.zhihu.com/people/stupident
http://www.zhihu.com/people/mo-xu-you-20
http://www.zhihu.com/people/fan-xiao-fan-63-75
http://www.zhihu.com/people/li-xiao-ge-1993
http://www.zhihu.com/people/mazimin
http://www.zhihu.com/people/mandyma-58
http://www.zhihu.com/people/long-bu-tiao
http://www.zhihu.com/people/shi-stone-9
http://www.zhihu.com/people/liangelina
http://www.zhihu.com/people/cheng-yi-98-76
http://www.zhihu.com/people/zheng-helen
http://www.zhihu.com/people/xi-tang-75
http://www.zhihu.com/people/shui-shui-11-53
http://www.zhihu.com/people/TrusBe
http://www.zhihu.com/people/wang-shuo-38-7
http://www.zhihu.com/people/jing-sa-li
http://www.zhihu.com/people/xiong-yun-feng-47
http://www.zhihu.com/people/shu-yun-36
http://www.zhihu.com/people/li-xue-ba
http://www.zhihu.com/people/yang-xiao-xie-60
http://www.zhihu.com/people/dong-xi-78-92
http://www.zhihu.com/people/cooper-ye
http://www.zhihu.com/people/jem-wong
http://www.zhihu.com/people/fu-dou-jia
http://www.zhihu.com/people/bi-peng
http://www.zhihu.com/people/morea
http://www.zhihu.com/people/liu-shuai-55-43
http://www.zhihu.com/people/ri-ye-qian-chi
http://www.zhihu.com/people/ba-zong
http://www.zhihu.com/people/wa-ye-41
http://www.zhihu.com/people/yan-yan-41-19
http://www.zhihu.com/people/yuan-lin-56-60
http://www.zhihu.com/people/ling-chun-lee
http://www.zhihu.com/people/li-lin-luo
http://www.zhihu.com/people/chengxiaoyi
http://www.zhihu.com/people/thoreau-84
http://www.zhihu.com/people/qian-mao-mao-84
http://www.zhihu.com/people/ji-jie-66
http://www.zhihu.com/people/luo-yan-fang-19
http://www.zhihu.com/people/gnaggnoyil
http://www.zhihu.com/people/he-zi-lu
http://www.zhihu.com/people/jia-sheng-89
http://www.zhihu.com/people/li-bo-yu-85
http://www.zhihu.com/people/xu-ting-70
http://www.zhihu.com/people/yu-zhe-32-34
http://www.zhihu.com/people/xu-xiao-tu-65
http://www.zhihu.com/people/li-zhi-qiang-69-73
http://www.zhihu.com/people/xiao-chou-bo-shi
http://www.zhihu.com/people/wang-xiao-guai-69
http://www.zhihu.com/people/su-lu-79
http://www.zhihu.com/people/zhang-mu-zu
http://www.zhihu.com/people/wang-he-he-55-54
http://www.zhihu.com/people/xiao-fan-90
http://www.zhihu.com/people/yufei-han-42
http://www.zhihu.com/people/li-si-gu-niang
http://www.zhihu.com/people/marlboroknight
http://www.zhihu.com/people/tanyiadan
http://www.zhihu.com/people/zhang-hao-21-64
http://www.zhihu.com/people/megan-ma
http://www.zhihu.com/people/hua-tun
http://www.zhihu.com/people/liu-liang-86
http://www.zhihu.com/people/chen-zhong-yi-16
http://www.zhihu.com/people/he-xin-yu-3
http://www.zhihu.com/people/capbone
http://www.zhihu.com/people/xxaghost
http://www.zhihu.com/people/zhu-dong-hui-53
http://www.zhihu.com/people/chen-jia-daisy
http://www.zhihu.com/people/qiu-gu-shi
http://www.zhihu.com/people/hu-di-57-16
http://www.zhihu.com/people/heng-si-meng
http://www.zhihu.com/people/li-yan-58-57
http://www.zhihu.com/people/deng-cen
http://www.zhihu.com/people/wang-xiao-qi-46
http://www.zhihu.com/people/mo-mo-65-26
http://www.zhihu.com/people/underhuker
http://www.zhihu.com/people/ayres-yann
http://www.zhihu.com/people/hans-99
http://www.zhihu.com/people/yang-hua-90
http://www.zhihu.com/people/shen-hui-zhong
http://www.zhihu.com/people/zuo-ming-67
http://www.zhihu.com/people/xiang-dang-dang-47
http://www.zhihu.com/people/jimmy1016
http://www.zhihu.com/people/wei-jia-cheng-20
http://www.zhihu.com/people/li-rui-ting
http://www.zhihu.com/people/chu-meng-meng
http://www.zhihu.com/people/zhong-hao-78
http://www.zhihu.com/people/huang-li-79
http://www.zhihu.com/people/000088
http://www.zhihu.com/people/rtuhbf
http://www.zhihu.com/people/atx318
http://www.zhihu.com/people/anerun
http://www.zhihu.com/people/Xieyiyao
http://www.zhihu.com/people/ding-li-yuan
http://www.zhihu.com/people/zheng-jing-ren-76
http://www.zhihu.com/people/Dabbler
http://www.zhihu.com/people/raymond-1
http://www.zhihu.com/people/chen-dan-75-75
http://www.zhihu.com/people/qiu-zhi-shi-58
http://www.zhihu.com/people/zhang-min-yi-38
http://www.zhihu.com/people/boodorg
http://www.zhihu.com/people/liu-san-bao-35
http://www.zhihu.com/people/vintagepeanut
http://www.zhihu.com/people/chen-bei-25
http://www.zhihu.com/people/bu-yuan-71
http://www.zhihu.com/people/tirendushu
http://www.zhihu.com/people/sellsoda
http://www.zhihu.com/people/wang-xiao-yue-86
http://www.zhihu.com/people/wang-fu-kang
http://www.zhihu.com/people/zhong-ye-zi-49
http://www.zhihu.com/people/sVicente
http://www.zhihu.com/people/fensilemon
http://www.zhihu.com/people/tautcony
http://www.zhihu.com/people/susus
http://www.zhihu.com/people/zhou-hui-shao
http://www.zhihu.com/people/mu-mu-ju
http://www.zhihu.com/people/ma-bei-bei-96
http://www.zhihu.com/people/lynnc
http://www.zhihu.com/people/liu-yu-chang-38
http://www.zhihu.com/people/liu-ze-cheng
http://www.zhihu.com/people/joey-82
http://www.zhihu.com/people/gregory
http://www.zhihu.com/people/ma-luo-ding
http://www.zhihu.com/people/dongdongqiang
http://www.zhihu.com/people/xin-yue-2
http://www.zhihu.com/people/fu-ji-zi
http://www.zhihu.com/people/han-peng-qian
http://www.zhihu.com/people/luthien
http://www.zhihu.com/people/chen-jie-43-67
http://www.zhihu.com/people/huanghuihui1991
http://www.zhihu.com/people/Weil03
http://www.zhihu.com/people/chen-qi-yang
http://www.zhihu.com/people/zhan-zhu-5
http://www.zhihu.com/people/ren-xue-wu
http://www.zhihu.com/people/shitianxiao
http://www.zhihu.com/people/shi-zhen-xiang
http://www.zhihu.com/people/qiutf
http://www.zhihu.com/people/AmoLoong
http://www.zhihu.com/people/jia-hao-85
http://www.zhihu.com/people/jixin
http://www.zhihu.com/people/wu-yang-81-28
http://www.zhihu.com/people/iamyukaiyang
http://www.zhihu.com/people/shenwan
http://www.zhihu.com/people/namiheike
http://www.zhihu.com/people/cao-meng-di
http://www.zhihu.com/people/chen-xin-wei-90
http://www.zhihu.com/people/luoxr
http://www.zhihu.com/people/zhang-fuguang
http://www.zhihu.com/people/neaton
http://www.zhihu.com/people/wayde
http://www.zhihu.com/people/szlianch
http://www.zhihu.com/people/qianjin
http://www.zhihu.com/people/applenate
http://www.zhihu.com/people/wind
http://www.zhihu.com/people/li-dong-dong
