http://www.zhihu.com/people/Super-Fish
http://www.zhihu.com/people/xieyanwei
http://www.zhihu.com/people/boomop
http://www.zhihu.com/people/zhang-xuan-cheng-94
http://www.zhihu.com/people/ya-yu-51
http://www.zhihu.com/people/wu-shi-zhi
http://www.zhihu.com/people/ma-jing-62-53
http://www.zhihu.com/people/yuxinlie
http://www.zhihu.com/people/dong-dong-qiang-95
http://www.zhihu.com/people/eyuan
http://www.zhihu.com/people/huang-xin-55-58
http://www.zhihu.com/people/da-lian-wang-jue
http://www.zhihu.com/people/ma-mi-ma-mi-hong-10
http://www.zhihu.com/people/yang-wen-zhi
http://www.zhihu.com/people/jia-chun
http://www.zhihu.com/people/sun-jian-peng-90
http://www.zhihu.com/people/madsnake
http://www.zhihu.com/people/ma-wen-24-33
http://www.zhihu.com/people/tian-su-jun
http://www.zhihu.com/people/lidezhe
http://www.zhihu.com/people/zhang_lei
http://www.zhihu.com/people/tonydeng
http://www.zhihu.com/people/guo-zhang-82
http://www.zhihu.com/people/yi-teng
http://www.zhihu.com/people/zhang-mei-hua
http://www.zhihu.com/people/yun-huang
http://www.zhihu.com/people/luo-ke-xian-sheng
http://www.zhihu.com/people/sheng-zhi-qing
http://www.zhihu.com/people/bai-yao-yang
http://www.zhihu.com/people/zhang-bo-67-32
http://www.zhihu.com/people/yang-yong-54-36
http://www.zhihu.com/people/yu-ban-mei-qin-34
http://www.zhihu.com/people/xia-xia-moe
http://www.zhihu.com/people/liu-feng-90-71
http://www.zhihu.com/people/wang-jing-xiang-22
http://www.zhihu.com/people/zexiancui
http://www.zhihu.com/people/tianxingyouchang
http://www.zhihu.com/people/leowyf
http://www.zhihu.com/people/TracyMa
http://www.zhihu.com/people/elvis-wang-83
http://www.zhihu.com/people/zheng-zha-22
http://www.zhihu.com/people/drifter-16
http://www.zhihu.com/people/qin-yang-fan
http://www.zhihu.com/people/he-chang-89
http://www.zhihu.com/people/wujinzhi
http://www.zhihu.com/people/liaofanwei
http://www.zhihu.com/people/chen-yi-10-4
http://www.zhihu.com/people/hang-hang-7
http://www.zhihu.com/people/kong-de-ting
http://www.zhihu.com/people/tang-an-di
http://www.zhihu.com/people/yang-san-94
http://www.zhihu.com/people/xia-bai-jin
http://www.zhihu.com/people/gao-qi-31-44
http://www.zhihu.com/people/zhu-bing-yi-90
http://www.zhihu.com/people/dai-si-ran
http://www.zhihu.com/people/hong-xiao-dou
http://www.zhihu.com/people/chew-keith
http://www.zhihu.com/people/sunprin
http://www.zhihu.com/people/deng-fei-57
http://www.zhihu.com/people/HZAU
http://www.zhihu.com/people/mai-dao
http://www.zhihu.com/people/zhu-zhi-bai
http://www.zhihu.com/people/wang-dan-ni-51
http://www.zhihu.com/people/wang-jing-57-49
http://www.zhihu.com/people/liu-xuan-xuan-42
http://www.zhihu.com/people/fu-cun-zhi
http://www.zhihu.com/people/xiao-xian-nu-60
http://www.zhihu.com/people/nen-cao
http://www.zhihu.com/people/wu-hen-64-77
http://www.zhihu.com/people/mark-toi
http://www.zhihu.com/people/xiao-ling-19-63
http://www.zhihu.com/people/liu-xian-ming-57
http://www.zhihu.com/people/jon-2
http://www.zhihu.com/people/fei-yang-48
http://www.zhihu.com/people/tong-fan-wen
http://www.zhihu.com/people/fan-zhen-xing
http://www.zhihu.com/people/wang-ren-hao
http://www.zhihu.com/people/chen-niao-meng
http://www.zhihu.com/people/cheng-yu-44
http://www.zhihu.com/people/yu-yu-yu-yu-77
http://www.zhihu.com/people/san-bu-zhi-98
http://www.zhihu.com/people/xin-wang-40
http://www.zhihu.com/people/tian-min-cheng
http://www.zhihu.com/people/yu-ke-li
http://www.zhihu.com/people/chris-chi
http://www.zhihu.com/people/train1110
http://www.zhihu.com/people/bai-chen-43
http://www.zhihu.com/people/pan-richard
http://www.zhihu.com/people/ruozhiertong
http://www.zhihu.com/people/gu-zhong-heng
http://www.zhihu.com/people/kong-liang-11
http://www.zhihu.com/people/circe_ashes
http://www.zhihu.com/people/bfjiaren
http://www.zhihu.com/people/deodou-dou
http://www.zhihu.com/people/chang-cheng-44
http://www.zhihu.com/people/feng-ming-chen
http://www.zhihu.com/people/qian-yan-ji-zhe
http://www.zhihu.com/people/liu-yun-70-19
http://www.zhihu.com/people/wang-wei-cun
http://www.zhihu.com/people/gao-kong-zhui-wu
http://www.zhihu.com/people/Geoffreyzhang
http://www.zhihu.com/people/wu-sean-58
http://www.zhihu.com/people/chen-xiao-xi-71
http://www.zhihu.com/people/zhou-xiang-hua-22
http://www.zhihu.com/people/zhu-bo-tao
http://www.zhihu.com/people/saradush
http://www.zhihu.com/people/chen-li-68-10
http://www.zhihu.com/people/zhang-xin-qwer34
http://www.zhihu.com/people/Xiao_Liang
http://www.zhihu.com/people/jiang-yuan-bo-81
http://www.zhihu.com/people/yi-sen-8
http://www.zhihu.com/people/cheng-kou-yang
http://www.zhihu.com/people/liu-gao-yuan
http://www.zhihu.com/people/chen-feng-67-99
http://www.zhihu.com/people/wang-zi-cheng-60
http://www.zhihu.com/people/li-bai-50
http://www.zhihu.com/people/teng-xin
http://www.zhihu.com/people/zhang-yu-chen-95
http://www.zhihu.com/people/li-er-dan-57
http://www.zhihu.com/people/li-bo-68-59
http://www.zhihu.com/people/damon-tu
http://www.zhihu.com/people/zhang-xiao-lei-98
http://www.zhihu.com/people/dadao
http://www.zhihu.com/people/zhang-lei-12-60
http://www.zhihu.com/people/liu-hai-bo-99-41
http://www.zhihu.com/people/he-peng-peng
http://www.zhihu.com/people/zykdbd
http://www.zhihu.com/people/jerixqualo
http://www.zhihu.com/people/myshowlog
http://www.zhihu.com/people/wang-shuo-40-35
http://www.zhihu.com/people/kiaee
http://www.zhihu.com/people/yuger.net
http://www.zhihu.com/people/ping-heng
http://www.zhihu.com/people/THFQ
http://www.zhihu.com/people/be-with-lele
http://www.zhihu.com/people/tun-tun-32
http://www.zhihu.com/people/liuxin
http://www.zhihu.com/people/fang-fang-er
http://www.zhihu.com/people/qi-ke-xiu-35
http://www.zhihu.com/people/liu-xiang-yu-62
http://www.zhihu.com/people/he-bu-ke
http://www.zhihu.com/people/wei-li-ya-55
http://www.zhihu.com/people/xu-yong-jia
http://www.zhihu.com/people/qianyugang
http://www.zhihu.com/people/zhang-xiao-qian-30-10
http://www.zhihu.com/people/peter-85
http://www.zhihu.com/people/stephanie-73
http://www.zhihu.com/people/lu-zhao-jie
http://www.zhihu.com/people/erik
http://www.zhihu.com/people/ma-ying-yun
http://www.zhihu.com/people/linmowang
http://www.zhihu.com/people/groorg
http://www.zhihu.com/people/zhong-ye-zi-49
http://www.zhihu.com/people/yu-chuan-yi-59
http://www.zhihu.com/people/chenjingwei1994
http://www.zhihu.com/people/ma-tian-yu-76
http://www.zhihu.com/people/shang-wei-63
http://www.zhihu.com/people/ByronAlexander
http://www.zhihu.com/people/maidou
http://www.zhihu.com/people/revo-li
http://www.zhihu.com/people/li-peng-yu
http://www.zhihu.com/people/axelwong
http://www.zhihu.com/people/will-tam
http://www.zhihu.com/people/fei-du-du-58
http://www.zhihu.com/people/yu-long-cheng-tian
http://www.zhihu.com/people/liu-shu-chen-10
http://www.zhihu.com/people/hydraphenix
http://www.zhihu.com/people/xinlinyang
http://www.zhihu.com/people/qiu-liang-71
http://www.zhihu.com/people/zhang-zi-qiang-36
http://www.zhihu.com/people/vincent-17
http://www.zhihu.com/people/zhang-yi-fan-48
http://www.zhihu.com/people/liu-jia-wei-16
http://www.zhihu.com/people/Jeight
http://www.zhihu.com/people/shou-yu-ding
http://www.zhihu.com/people/yi-zhong-wei
http://www.zhihu.com/people/AtLast
http://www.zhihu.com/people/ye-zi-qing
http://www.zhihu.com/people/shi-yilang-cai
http://www.zhihu.com/people/chi-gong-xun
http://www.zhihu.com/people/wang-xuan-yi-8
http://www.zhihu.com/people/woshizhangya
http://www.zhihu.com/people/qin-zheng-fan
http://www.zhihu.com/people/yao-wei-79
http://www.zhihu.com/people/hexilou
http://www.zhihu.com/people/cai-shui-xin
http://www.zhihu.com/people/xian-fa-hui
http://www.zhihu.com/people/lydreamer
http://www.zhihu.com/people/luo-shi-92-63
http://www.zhihu.com/people/qie-ting-feng-yin-71
http://www.zhihu.com/people/wjbf
http://www.zhihu.com/people/qing-teng-yi-pin
http://www.zhihu.com/people/bin-xin-80
http://www.zhihu.com/people/wang-ran-ran-28
http://www.zhihu.com/people/killaxe-jie
http://www.zhihu.com/people/techoxygen
http://www.zhihu.com/people/pan-chao-57
http://www.zhihu.com/people/qing-feng-yi-zhu
http://www.zhihu.com/people/dong-yi-lin-hugh-10
http://www.zhihu.com/people/ceng-yi-yuan
http://www.zhihu.com/people/ni-da-ye-40-87
http://www.zhihu.com/people/z-ian
http://www.zhihu.com/people/zheng-hu-li
http://www.zhihu.com/people/ri-ben-da-cong
http://www.zhihu.com/people/shi-songhua
http://www.zhihu.com/people/wuyuanye
http://www.zhihu.com/people/mou-jun-feng
http://www.zhihu.com/people/detwin
http://www.zhihu.com/people/cao-di-40
http://www.zhihu.com/people/li-yichi-82
http://www.zhihu.com/people/qin-kang-bao
http://www.zhihu.com/people/li-da-ding
http://www.zhihu.com/people/yu-jin-guo-41
http://www.zhihu.com/people/li-zhao-ran
http://www.zhihu.com/people/li-xiao-tian-53-81
http://www.zhihu.com/people/huang-guan-si
http://www.zhihu.com/people/liu-sha-22
http://www.zhihu.com/people/chen-xin-76-57
http://www.zhihu.com/people/rui670
http://www.zhihu.com/people/yong-heng-talmud
http://www.zhihu.com/people/wang-yuan-66-5
http://www.zhihu.com/people/zhao-bo-min
http://www.zhihu.com/people/susus
http://www.zhihu.com/people/bo-wen-49
http://www.zhihu.com/people/soapie
http://www.zhihu.com/people/phineas
http://www.zhihu.com/people/xu-mo-han-29
http://www.zhihu.com/people/leon0304
http://www.zhihu.com/people/qian-mo-jing-ran
http://www.zhihu.com/people/tai-yi-65
http://www.zhihu.com/people/wang-xun-91
http://www.zhihu.com/people/wu-fang-lue-29
http://www.zhihu.com/people/chen-xu-quan
http://www.zhihu.com/people/ceng-yu-10
http://www.zhihu.com/people/WymanY
http://www.zhihu.com/people/wang-wei-71-98
http://www.zhihu.com/people/zhu-ge-5
http://www.zhihu.com/people/jackwei-ai-er-sheng
http://www.zhihu.com/people/duan-mou-yuan
http://www.zhihu.com/people/chen-ming-can
http://www.zhihu.com/people/liu-joel-41
http://www.zhihu.com/people/caizm
http://www.zhihu.com/people/li-curt
http://www.zhihu.com/people/li-qing-hua-18
http://www.zhihu.com/people/ma-jia-nan
http://www.zhihu.com/people/zhang-yue-hua-74
http://www.zhihu.com/people/yu-mao-38
http://www.zhihu.com/people/zhu-meng-qi
http://www.zhihu.com/people/cang-ying-du-tu-liao
http://www.zhihu.com/people/xiao-hao-23
http://www.zhihu.com/people/yuan-dong-11
http://www.zhihu.com/people/wen-jian-hua-25
http://www.zhihu.com/people/chen-jin-lei
http://www.zhihu.com/people/xiao-ma-guo-he
http://www.zhihu.com/people/cui-zi-peng
http://www.zhihu.com/people/yi-zhen-fei
http://www.zhihu.com/people/sam-40
http://www.zhihu.com/people/robingbing
http://www.zhihu.com/people/xi-pei-jun
http://www.zhihu.com/people/li-xiao-ng
http://www.zhihu.com/people/li-jin-ke
http://www.zhihu.com/people/sun-wen-ting-97
http://www.zhihu.com/people/guo-jiang-21
http://www.zhihu.com/people/li-xia-69-28
http://www.zhihu.com/people/tao-ye-82
http://www.zhihu.com/people/xu-hai-hang-47
http://www.zhihu.com/people/guo-yan-ling
http://www.zhihu.com/people/oobleck
http://www.zhihu.com/people/JeOam
http://www.zhihu.com/people/sorma
http://www.zhihu.com/people/ji-wen-xiu-44
http://www.zhihu.com/people/wang-peng-56
http://www.zhihu.com/people/Paitanapilahmima
http://www.zhihu.com/people/linkst
http://www.zhihu.com/people/jeky
http://www.zhihu.com/people/lu-xiao-90
http://www.zhihu.com/people/bi-luo
http://www.zhihu.com/people/mo-jing
http://www.zhihu.com/people/rao-zhong-wei
http://www.zhihu.com/people/xie-yuan-peng
http://www.zhihu.com/people/yuan-jun-74
http://www.zhihu.com/people/a_kai
http://www.zhihu.com/people/he-guan-hua-72
http://www.zhihu.com/people/lu-jian-31-91
http://www.zhihu.com/people/li-yue-bing
http://www.zhihu.com/people/zxy0105
http://www.zhihu.com/people/HUANGGGUO
http://www.zhihu.com/people/eric-5
http://www.zhihu.com/people/lijingquan74
http://www.zhihu.com/people/ji-jie-yang
http://www.zhihu.com/people/chen-xia163
http://www.zhihu.com/people/karaki
http://www.zhihu.com/people/mistyblue
http://www.zhihu.com/people/yin-mu-tao
http://www.zhihu.com/people/liu-wen-92
http://www.zhihu.com/people/michaely
http://www.zhihu.com/people/SunXiaolin
http://www.zhihu.com/people/su-ming-jun
http://www.zhihu.com/people/butcherv
http://www.zhihu.com/people/shen-jing-9
http://www.zhihu.com/people/wang-ze-liang-42
http://www.zhihu.com/people/tang-wei-71
http://www.zhihu.com/people/zhao-ze-ren-56
http://www.zhihu.com/people/zhang-lu-2
http://www.zhihu.com/people/wang-yang-13-76
http://www.zhihu.com/people/ian-sun
http://www.zhihu.com/people/auspicesaint
http://www.zhihu.com/people/xiao-jian-ren-71
http://www.zhihu.com/people/moonreader
http://www.zhihu.com/people/wu-xian-7
http://www.zhihu.com/people/lovewhowho
http://www.zhihu.com/people/shu-hang
http://www.zhihu.com/people/zhang-yin-20
http://www.zhihu.com/people/chen-bo-49
http://www.zhihu.com/people/zhang-hai-dong-25
http://www.zhihu.com/people/jiang-wen-qian-11
http://www.zhihu.com/people/zhang-zi-han-61
http://www.zhihu.com/people/missicelove
http://www.zhihu.com/people/ritmiiller
http://www.zhihu.com/people/rachel-32-98
http://www.zhihu.com/people/tosch-zhang
http://www.zhihu.com/people/zhou-man-31
http://www.zhihu.com/people/hua-qing-75
http://www.zhihu.com/people/cheng-fang-hang
http://www.zhihu.com/people/outmemory
http://www.zhihu.com/people/flyingfish
http://www.zhihu.com/people/zou-jia-cai
http://www.zhihu.com/people/du-yu-69-24
http://www.zhihu.com/people/chen-zi-guang
http://www.zhihu.com/people/baijiahao
http://www.zhihu.com/people/lu-feng-54-25
http://www.zhihu.com/people/pang-bo-61-77
http://www.zhihu.com/people/nie-jun-3
http://www.zhihu.com/people/tang-hong-liang-38
http://www.zhihu.com/people/chen-da-ke-81
http://www.zhihu.com/people/dong-guo-57
http://www.zhihu.com/people/coyliu
http://www.zhihu.com/people/riveryan
http://www.zhihu.com/people/wang-jia-shu-88
http://www.zhihu.com/people/kendrick
http://www.zhihu.com/people/zipu
http://www.zhihu.com/people/yang-xiao-er-72
http://www.zhihu.com/people/dylan-53
http://www.zhihu.com/people/mikey-65
http://www.zhihu.com/people/sean-huang
http://www.zhihu.com/people/zhang-er-37-39
http://www.zhihu.com/people/wang-wen-shu-39
http://www.zhihu.com/people/diao-li
http://www.zhihu.com/people/wu-er-duo
http://www.zhihu.com/people/cui-hong-84
http://www.zhihu.com/people/wang-yu-65-31
http://www.zhihu.com/people/yan-shi-yu-yuan
http://www.zhihu.com/people/chen-yu-liang-40
http://www.zhihu.com/people/ifreedom
http://www.zhihu.com/people/sphinx0128
http://www.zhihu.com/people/leelooluu
http://www.zhihu.com/people/chen-jian-92
http://www.zhihu.com/people/jiangkaizhihu
http://www.zhihu.com/people/kimberly-chan
http://www.zhihu.com/people/mu-xiao-xia
http://www.zhihu.com/people/chen-rui-3-85
http://www.zhihu.com/people/xie-wei-min
http://www.zhihu.com/people/he-jian-57
http://www.zhihu.com/people/gh-guang
http://www.zhihu.com/people/yhwang
http://www.zhihu.com/people/huanghuihui1991
http://www.zhihu.com/people/shi-zhen-xiang
http://www.zhihu.com/people/chen-zhuo-17
http://www.zhihu.com/people/lhx_xin
http://www.zhihu.com/people/zhang-yue-45-44
http://www.zhihu.com/people/kang-xi-58
http://www.zhihu.com/people/yang-xi-69-54
http://www.zhihu.com/people/yang-jiang-he
http://www.zhihu.com/people/zhang-xiao-lan-89
http://www.zhihu.com/people/luo-fei-yu
http://www.zhihu.com/people/ma-qian-han
http://www.zhihu.com/people/he-hui-wen
http://www.zhihu.com/people/zhou-sheng-89
http://www.zhihu.com/people/xiong-ya-li
http://www.zhihu.com/people/cox-73
http://www.zhihu.com/people/raynne
http://www.zhihu.com/people/yi-ta-mi
http://www.zhihu.com/people/Fliu2
http://www.zhihu.com/people/ding-guo-feng
http://www.zhihu.com/people/liu-hong-cai
http://www.zhihu.com/people/lailongmen
http://www.zhihu.com/people/xiaosun
http://www.zhihu.com/people/solo91
http://www.zhihu.com/people/fu-lan-qian
http://www.zhihu.com/people/zhuang-biao-wei
http://www.zhihu.com/people/li-meng-93-89
http://www.zhihu.com/people/zhu-hui-lai
http://www.zhihu.com/people/xraccoon
http://www.zhihu.com/people/hu-jin-43
http://www.zhihu.com/people/wang-jing-72-87-39
http://www.zhihu.com/people/huang-94
http://www.zhihu.com/people/RioWong-98
http://www.zhihu.com/people/qin-shan
http://www.zhihu.com/people/loveucd
http://www.zhihu.com/people/li-xiao-tong-3
http://www.zhihu.com/people/zhang-guang-yuan-29
http://www.zhihu.com/people/cai-___-fan
http://www.zhihu.com/people/wangxiaoting
http://www.zhihu.com/people/qiu-ting
http://www.zhihu.com/people/cupid
http://www.zhihu.com/people/zheng-zhi-min
http://www.zhihu.com/people/yu-ling-tai
http://www.zhihu.com/people/zhuyunsheng
http://www.zhihu.com/people/airwolf2026
http://www.zhihu.com/people/wang-cheng-gang-35
http://www.zhihu.com/people/kang-yu-ying
http://www.zhihu.com/people/bo-zi-47
http://www.zhihu.com/people/leechang
http://www.zhihu.com/people/jiang-jing-qiu-68
http://www.zhihu.com/people/jixin
http://www.zhihu.com/people/wangjiao
http://www.zhihu.com/people/zhang-cheng-yang
http://www.zhihu.com/people/chen-yi-82-44
http://www.zhihu.com/people/yang-yi-32-39
http://www.zhihu.com/people/jtang
http://www.zhihu.com/people/leizhang
http://www.zhihu.com/people/yang-cong-quan-man-tou
http://www.zhihu.com/people/shinetse
http://www.zhihu.com/people/maple
http://www.zhihu.com/people/luo-wei-37
http://www.zhihu.com/people/hu-shuang-61
http://www.zhihu.com/people/liang-zhao-xin-81
http://www.zhihu.com/people/qiao-sheng-joe-48
http://www.zhihu.com/people/ou-zhu
http://www.zhihu.com/people/bcstyle
http://www.zhihu.com/people/zengfanqin
http://www.zhihu.com/people/katiie
http://www.zhihu.com/people/whale
http://www.zhihu.com/people/yaozhaoyz
http://www.zhihu.com/people/just-zhe
http://www.zhihu.com/people/wang-qing-xiang
http://www.zhihu.com/people/blackswan
http://www.zhihu.com/people/liang-qin-4
http://www.zhihu.com/people/livik
http://www.zhihu.com/people/han-yan-hui
http://www.zhihu.com/people/shi-lei-33
http://www.zhihu.com/people/sha-zhu-zhu
http://www.zhihu.com/people/jie-ying
http://www.zhihu.com/people/imhanwu
http://www.zhihu.com/people/hai-yang
http://www.zhihu.com/people/halfmile
http://www.zhihu.com/people/hmzhou
http://www.zhihu.com/people/madyangyi
http://www.zhihu.com/people/xie-jia-di-29
http://www.zhihu.com/people/zhao-ke-qin
http://www.zhihu.com/people/luo-zhi-ren
http://www.zhihu.com/people/ceng-yi-84
http://www.zhihu.com/people/wang-ke-yang
http://www.zhihu.com/people/xufei
http://www.zhihu.com/people/shui-di-76
http://www.zhihu.com/people/li-chuang-46
http://www.zhihu.com/people/bao-luo
http://www.zhihu.com/people/zhang-ren-qing
http://www.zhihu.com/people/funthomas
http://www.zhihu.com/people/zhibuzhi
http://www.zhihu.com/people/easier
http://www.zhihu.com/people/chang-kai-xin-85
http://www.zhihu.com/people/xu-chong-bo
http://www.zhihu.com/people/xrbing
http://www.zhihu.com/people/fu-jia-qi
http://www.zhihu.com/people/dizzarz
http://www.zhihu.com/people/zhouyuan
http://www.zhihu.com/people/li-chao-93
http://www.zhihu.com/people/dai-xi-si
http://www.zhihu.com/people/wu-wei-96-47
http://www.zhihu.com/people/wang-liang-rong
http://www.zhihu.com/people/keaini
http://www.zhihu.com/people/man-tong
http://www.zhihu.com/people/pan-liang-5
http://www.zhihu.com/people/imike
http://www.zhihu.com/people/xin-xiao-feng
http://www.zhihu.com/people/hotspring
