http://www.zhihu.com/people/kong-rong-26
http://www.zhihu.com/people/zai-yi-luo
http://www.zhihu.com/people/chutzpah-29
http://www.zhihu.com/people/si-kong-si-ma
http://www.zhihu.com/people/zuoanqiyue
http://www.zhihu.com/people/SnakeKong
http://www.zhihu.com/people/gui-sheng-74
http://www.zhihu.com/people/zi-meng-xiao-hu-li
http://www.zhihu.com/people/guo-yu-er
http://www.zhihu.com/people/dai-kan
http://www.zhihu.com/people/wildtech
http://www.zhihu.com/people/yong-yi-68
http://www.zhihu.com/people/bowenbitch
http://www.zhihu.com/people/xuan-yuan-lie-35
http://www.zhihu.com/people/cheng-kun-35
http://www.zhihu.com/people/zhang-lei-79-38
http://www.zhihu.com/people/SYIU8
http://www.zhihu.com/people/ding-tao-30
http://www.zhihu.com/people/nonodevil
http://www.zhihu.com/people/ying-49
http://www.zhihu.com/people/chen-fei-hong-29
http://www.zhihu.com/people/liu-jin-long-44
http://www.zhihu.com/people/pang-luan-luan
http://www.zhihu.com/people/brian-bravo
http://www.zhihu.com/people/zhang-yu-jie-20
http://www.zhihu.com/people/hxl0708
http://www.zhihu.com/people/gao-san-shui
http://www.zhihu.com/people/cong-cong-98-4
http://www.zhihu.com/people/xu-jun-hua-28
http://www.zhihu.com/people/xiao-ye-qiao
http://www.zhihu.com/people/ylzhu
http://www.zhihu.com/people/wang-wen-han-Ted
http://www.zhihu.com/people/zhao-yu-dong-83
http://www.zhihu.com/people/jiang-shan-pao
http://www.zhihu.com/people/ma-hui-52
http://www.zhihu.com/people/xiang-pei
http://www.zhihu.com/people/meng-tai
http://www.zhihu.com/people/ren-xing-qian-li
http://www.zhihu.com/people/deeppacket
http://www.zhihu.com/people/kong-qing-xun
http://www.zhihu.com/people/qiu-chang-sa-er
http://www.zhihu.com/people/wzzw
http://www.zhihu.com/people/zhou-xi-ying
http://www.zhihu.com/people/mrchanic-eilot
http://www.zhihu.com/people/liu-shu-liang
http://www.zhihu.com/people/tan-bin-91
http://www.zhihu.com/people/zhang-xiao-chen
http://www.zhihu.com/people/xiao-shan-78-50
http://www.zhihu.com/people/deng-kang-er
http://www.zhihu.com/people/felix-libero
http://www.zhihu.com/people/yao-zu
http://www.zhihu.com/people/gao-gao-72
http://www.zhihu.com/people/echo-40-22
http://www.zhihu.com/people/vwow
http://www.zhihu.com/people/woundman
http://www.zhihu.com/people/chang-ge-zi-3
http://www.zhihu.com/people/liu-wei-36-38
http://www.zhihu.com/people/neil-35-70
http://www.zhihu.com/people/ayr1
http://www.zhihu.com/people/wang-jing-27-65
http://www.zhihu.com/people/zhang-ruofan-refine
http://www.zhihu.com/people/zhu-yixin-42
http://www.zhihu.com/people/xiao-tan-43
http://www.zhihu.com/people/xia-zhen-46
http://www.zhihu.com/people/liu-xiao-guai-89
http://www.zhihu.com/people/jin-cheng-tan
http://www.zhihu.com/people/cheng-xiao-dong-29
http://www.zhihu.com/people/pandakun
http://www.zhihu.com/people/leiszhangcaac
http://www.zhihu.com/people/jiao-sha-ye
http://www.zhihu.com/people/han-jian-3
http://www.zhihu.com/people/liu-si-yu-23
http://www.zhihu.com/people/bai-bai-he-18
http://www.zhihu.com/people/wu-si-ren-76
http://www.zhihu.com/people/joe
http://www.zhihu.com/people/zheng-gui-ping
http://www.zhihu.com/people/kuang-92
http://www.zhihu.com/people/xu-xue-hen
http://www.zhihu.com/people/jiangminsh
http://www.zhihu.com/people/chenruixuan
http://www.zhihu.com/people/kkkkkira
http://www.zhihu.com/people/zui-mo-50
http://www.zhihu.com/people/cecegege
http://www.zhihu.com/people/xiao-lang-4-61
http://www.zhihu.com/people/yan-sheng-20-44
http://www.zhihu.com/people/kehao
http://www.zhihu.com/people/albus-liber
http://www.zhihu.com/people/xiao-chu
http://www.zhihu.com/people/peng-yi-dou
http://www.zhihu.com/people/jiu-shi-yong-cha
http://www.zhihu.com/people/qian-qian-jun-zi-81
http://www.zhihu.com/people/virideao
http://www.zhihu.com/people/CNOoo
http://www.zhihu.com/people/tao-yuan-yuan-38
http://www.zhihu.com/people/jia-shuai-long
http://www.zhihu.com/people/zhao-da-su-eric
http://www.zhihu.com/people/zhang-mu-zu
http://www.zhihu.com/people/alex-huang-9
http://www.zhihu.com/people/zrong
http://www.zhihu.com/people/ryekee
http://www.zhihu.com/people/e-tong
http://www.zhihu.com/people/rickey-yue
http://www.zhihu.com/people/si-tu-lu
http://www.zhihu.com/people/zhang-yue-90-33
http://www.zhihu.com/people/tian-jing-10
http://www.zhihu.com/people/Metamorphosis_Du
http://www.zhihu.com/people/freya.zuo
http://www.zhihu.com/people/mao-wen-tong
http://www.zhihu.com/people/ding-ding-84-86
http://www.zhihu.com/people/jun-yi-14
http://www.zhihu.com/people/zhqjuice
http://www.zhihu.com/people/xuexiaozhe
http://www.zhihu.com/people/li-yan-58-57
http://www.zhihu.com/people/huang-zi-94
http://www.zhihu.com/people/dong-ya-ya-55
http://www.zhihu.com/people/zhou-qing-chang
http://www.zhihu.com/people/li-si-yuan-30
http://www.zhihu.com/people/gao-jing-song-95
http://www.zhihu.com/people/xiaotian
http://www.zhihu.com/people/aoi-tao
http://www.zhihu.com/people/zhang-mei-hua
http://www.zhihu.com/people/zhang-wei-biao
http://www.zhihu.com/people/zhu-eric
http://www.zhihu.com/people/9tail
http://www.zhihu.com/people/lun-tai
http://www.zhihu.com/people/xia-tian-29-79
http://www.zhihu.com/people/xia-xia-moe
http://www.zhihu.com/people/han-dong-30
http://www.zhihu.com/people/xiahao
http://www.zhihu.com/people/xishi
http://www.zhihu.com/people/pSyk
http://www.zhihu.com/people/EdwardZXZ
http://www.zhihu.com/people/lin-xi-xi-96
http://www.zhihu.com/people/zhang-qian-13-68
http://www.zhihu.com/people/feng-yu-27
http://www.zhihu.com/people/wang-hu-ya
http://www.zhihu.com/people/lich
http://www.zhihu.com/people/fang-wen-32
http://www.zhihu.com/people/khaki-29
http://www.zhihu.com/people/qing-jun-33
http://www.zhihu.com/people/3rdside
http://www.zhihu.com/people/abc-abc-64
http://www.zhihu.com/people/dvcam
http://www.zhihu.com/people/zhou-zi-han-17
http://www.zhihu.com/people/alone2007
http://www.zhihu.com/people/fice
http://www.zhihu.com/people/le-du-52
http://www.zhihu.com/people/sunprin
http://www.zhihu.com/people/alice-lee-23
http://www.zhihu.com/people/Yakinrossa
http://www.zhihu.com/people/zeus23
http://www.zhihu.com/people/chowjl
http://www.zhihu.com/people/li-ji-ren
http://www.zhihu.com/people/tcstar
http://www.zhihu.com/people/wentommy
http://www.zhihu.com/people/pan-shi-yun
http://www.zhihu.com/people/hunterxmoon
http://www.zhihu.com/people/li-hang-nan
http://www.zhihu.com/people/li-xiao-ge-1993
http://www.zhihu.com/people/aka-ivan
http://www.zhihu.com/people/wendao01
http://www.zhihu.com/people/yirang
http://www.zhihu.com/people/hou-qi-wen
http://www.zhihu.com/people/wayne-tong
http://www.zhihu.com/people/dz_s
http://www.zhihu.com/people/zhang-en-wen
http://www.zhihu.com/people/LoveLBX
http://www.zhihu.com/people/rosso
http://www.zhihu.com/people/wu-le-27
http://www.zhihu.com/people/zheng-xiao-he
http://www.zhihu.com/people/everso
http://www.zhihu.com/people/zhou-zi-qin
http://www.zhihu.com/people/wu-yi-yang-64
http://www.zhihu.com/people/wang-ke-li-83
http://www.zhihu.com/people/lin-a-a-98
http://www.zhihu.com/people/helongke
http://www.zhihu.com/people/chan-31
http://www.zhihu.com/people/xperience
http://www.zhihu.com/people/zheng-xiao-beng
http://www.zhihu.com/people/mileo
http://www.zhihu.com/people/dai-yizhu
http://www.zhihu.com/people/jiang-jia-yin-18
http://www.zhihu.com/people/tan-ri-tian
http://www.zhihu.com/people/blueone
http://www.zhihu.com/people/cui-wang
http://www.zhihu.com/people/yinghaofei
http://www.zhihu.com/people/beefu
http://www.zhihu.com/people/wei-li-gan
http://www.zhihu.com/people/yan-dong-41
http://www.zhihu.com/people/loadin
http://www.zhihu.com/people/lefeng-liu
http://www.zhihu.com/people/yang-yuan-yuan-83
http://www.zhihu.com/people/li-xiang-85
http://www.zhihu.com/people/wang-cong-59-65
http://www.zhihu.com/people/dongyanlong
http://www.zhihu.com/people/hu-rou
http://www.zhihu.com/people/zheng-xia-ming
http://www.zhihu.com/people/zhutingting
http://www.zhihu.com/people/he-yuan-sheng
http://www.zhihu.com/people/cheng-jia-peng
http://www.zhihu.com/people/jiang-ge
http://www.zhihu.com/people/yun-tao-tao
http://www.zhihu.com/people/bi-peng
http://www.zhihu.com/people/zhouxianglh
http://www.zhihu.com/people/he-shang-72
http://www.zhihu.com/people/wen-da-ya-55
http://www.zhihu.com/people/morea
http://www.zhihu.com/people/joe-joe-84
http://www.zhihu.com/people/yuan-wai-wai-18
http://www.zhihu.com/people/bitmirage
http://www.zhihu.com/people/ri-ye-qian-chi
http://www.zhihu.com/people/lu-huai-zhang
http://www.zhihu.com/people/yang-xi-49-36
http://www.zhihu.com/people/wee1
http://www.zhihu.com/people/he-zhang-chao
http://www.zhihu.com/people/buhaoqiao
http://www.zhihu.com/people/ji-mian
http://www.zhihu.com/people/shen-li-bo
http://www.zhihu.com/people/guo-sheng-23
http://www.zhihu.com/people/liu-heng-71
http://www.zhihu.com/people/steven-80
http://www.zhihu.com/people/yue-yi-he
http://www.zhihu.com/people/li-zhu-19
http://www.zhihu.com/people/lee-ree
http://www.zhihu.com/people/sonic-16
http://www.zhihu.com/people/zhougan
http://www.zhihu.com/people/achilles-bob
http://www.zhihu.com/people/wooji
http://www.zhihu.com/people/rayhwang
http://www.zhihu.com/people/xsheng-13
http://www.zhihu.com/people/sakula
http://www.zhihu.com/people/_itu
http://www.zhihu.com/people/zhang-san-ji-28
http://www.zhihu.com/people/be-with-lele
http://www.zhihu.com/people/yan-da-xi
http://www.zhihu.com/people/ichenxiaodao
http://www.zhihu.com/people/chen-si-yue-70
http://www.zhihu.com/people/xixixixi
http://www.zhihu.com/people/wang-yier-16
http://www.zhihu.com/people/andy-56-41
http://www.zhihu.com/people/chengxiaoyi
http://www.zhihu.com/people/BlueOcasr
http://www.zhihu.com/people/luo-xiao-yin-28
http://www.zhihu.com/people/li-zi-wei-44
http://www.zhihu.com/people/wang-ting-ting-28-65
http://www.zhihu.com/people/Mr-Guchy
http://www.zhihu.com/people/yandeng
http://www.zhihu.com/people/shu-yun-36
http://www.zhihu.com/people/xu-liang-yong-44
http://www.zhihu.com/people/chen-bo-89
http://www.zhihu.com/people/dinner-5
http://www.zhihu.com/people/wuwenthink
http://www.zhihu.com/people/li-bo-yu-85
http://www.zhihu.com/people/young-young-2
http://www.zhihu.com/people/liu-yuan-19-37
http://www.zhihu.com/people/yuan-ye-51-81
http://www.zhihu.com/people/anio
http://www.zhihu.com/people/bjchaodaye
http://www.zhihu.com/people/muyoocun
http://www.zhihu.com/people/stark-46
http://www.zhihu.com/people/ying-seven
http://www.zhihu.com/people/qweasdzxc
http://www.zhihu.com/people/yu-zhe-32-34
http://www.zhihu.com/people/yi-de-xiao-chao-ren
http://www.zhihu.com/people/wei-hao-33
http://www.zhihu.com/people/xi-men-chui-bao-zi
http://www.zhihu.com/people/xiexiaobin
http://www.zhihu.com/people/vrolit
http://www.zhihu.com/people/whuliuyu
http://www.zhihu.com/people/nijing
http://www.zhihu.com/people/die-die-mao
http://www.zhihu.com/people/moya
http://www.zhihu.com/people/zhang-bo-67-32
http://www.zhihu.com/people/whoRobert
http://www.zhihu.com/people/kang-xi-58
http://www.zhihu.com/people/haahahah
http://www.zhihu.com/people/clairewang0326
http://www.zhihu.com/people/zhang-kai-lei-29
http://www.zhihu.com/people/wu-zhu-4
http://www.zhihu.com/people/jiang-dong-52
http://www.zhihu.com/people/xu-wen-liang-83
http://www.zhihu.com/people/wei-bu-zhi
http://www.zhihu.com/people/lawhosum
http://www.zhihu.com/people/snoola-tang
http://www.zhihu.com/people/sylvia-yang
http://www.zhihu.com/people/xia-qi-la
http://www.zhihu.com/people/mikami
http://www.zhihu.com/people/forcube
http://www.zhihu.com/people/li-si-gu-niang
http://www.zhihu.com/people/M02E
http://www.zhihu.com/people/dui-dui-22
http://www.zhihu.com/people/gao-yun-8
http://www.zhihu.com/people/shi-yi-xin-62
http://www.zhihu.com/people/chen-fei-peng
http://www.zhihu.com/people/hanz-chen
http://www.zhihu.com/people/ding-er-ding
http://www.zhihu.com/people/li-cheng-min
http://www.zhihu.com/people/Edward_Wang
http://www.zhihu.com/people/yuan-yuan-75-42
http://www.zhihu.com/people/iyucci
http://www.zhihu.com/people/lackar
http://www.zhihu.com/people/yi-lin515
http://www.zhihu.com/people/happy10086
http://www.zhihu.com/people/li-yun-yun-76
http://www.zhihu.com/people/suithink
http://www.zhihu.com/people/zhang-yi-fan-48
http://www.zhihu.com/people/bai-lu-12
http://www.zhihu.com/people/xy_alan
http://www.zhihu.com/people/hu-di-57-16
http://www.zhihu.com/people/lin-yiqian
http://www.zhihu.com/people/sato-16
http://www.zhihu.com/people/qin-sang-15
http://www.zhihu.com/people/kokomi
http://www.zhihu.com/people/bfjiaren
http://www.zhihu.com/people/chen-da-gou-18
http://www.zhihu.com/people/chang-cheng-44
http://www.zhihu.com/people/chen-yi-zhu-11
http://www.zhihu.com/people/liu-charlie
http://www.zhihu.com/people/wei-yu-luo
http://www.zhihu.com/people/mario-yeung
http://www.zhihu.com/people/brucechang
http://www.zhihu.com/people/hvvw
http://www.zhihu.com/people/xianghaibing
http://www.zhihu.com/people/chen-xiao-fei-fei
http://www.zhihu.com/people/mvie
http://www.zhihu.com/people/simplex
http://www.zhihu.com/people/huang-long-80
http://www.zhihu.com/people/zhang-lai-xu
http://www.zhihu.com/people/zhang-yu-nie-68
http://www.zhihu.com/people/li-shou-yin-89
http://www.zhihu.com/people/mi-mao-73
http://www.zhihu.com/people/yang-zhong-chuan
http://www.zhihu.com/people/ChSail
http://www.zhihu.com/people/gayscript
http://www.zhihu.com/people/san-fwang
http://www.zhihu.com/people/just7k
http://www.zhihu.com/people/li-tian-yan-kunka
http://www.zhihu.com/people/feng-pei-ran
http://www.zhihu.com/people/laoliumang-78
http://www.zhihu.com/people/wangchongyang
http://www.zhihu.com/people/chen-lu-er
http://www.zhihu.com/people/lu-chen-lu-4
http://www.zhihu.com/people/Rome
http://www.zhihu.com/people/biaobiao
http://www.zhihu.com/people/huang-hua-hua-21
http://www.zhihu.com/people/owenne
http://www.zhihu.com/people/yu-meng-xin
http://www.zhihu.com/people/xeroxray
http://www.zhihu.com/people/li-bai-50
http://www.zhihu.com/people/zhengchouchou
http://www.zhihu.com/people/gu-zhong-heng
http://www.zhihu.com/people/forkburn
http://www.zhihu.com/people/merryjing
http://www.zhihu.com/people/zhu-bo-tao
http://www.zhihu.com/people/firas
http://www.zhihu.com/people/chu-meng-meng
http://www.zhihu.com/people/feikon
http://www.zhihu.com/people/xiao-huo-ji-4
http://www.zhihu.com/people/iceing
http://www.zhihu.com/people/wang-zhong-tao
http://www.zhihu.com/people/lu-gui-chen-26
http://www.zhihu.com/people/54c3
http://www.zhihu.com/people/liu-jing-tong-58
http://www.zhihu.com/people/tan-xin-19
http://www.zhihu.com/people/shi-songhua
http://www.zhihu.com/people/pedronji
http://www.zhihu.com/people/tiotao
http://www.zhihu.com/people/sun-hao-dong-34
http://www.zhihu.com/people/lineara
http://www.zhihu.com/people/avskin
http://www.zhihu.com/people/roguefz
http://www.zhihu.com/people/rao-ruo-xi
http://www.zhihu.com/people/mindom
http://www.zhihu.com/people/luoxr
http://www.zhihu.com/people/tang-yi-95
http://www.zhihu.com/people/hu-xiao-41
http://www.zhihu.com/people/zhang-wei-10-7
http://www.zhihu.com/people/Xieyiyao
http://www.zhihu.com/people/davidchang
http://www.zhihu.com/people/liu-shuo-78
http://www.zhihu.com/people/ma-yun-zhao
http://www.zhihu.com/people/zheng-xiao-wu
http://www.zhihu.com/people/shi-jia-jun-63
http://www.zhihu.com/people/wu-wei-80-7
http://www.zhihu.com/people/zombie
http://www.zhihu.com/people/li-er-dan-57
http://www.zhihu.com/people/blackswan
http://www.zhihu.com/people/zhu-chao-zhong
http://www.zhihu.com/people/dick9494
http://www.zhihu.com/people/weijiaqi
http://www.zhihu.com/people/liang-billy
http://www.zhihu.com/people/anitavivi
http://www.zhihu.com/people/mo-fan-34
http://www.zhihu.com/people/zhang-dong-yang-91
http://www.zhihu.com/people/li-guan-chao-60
http://www.zhihu.com/people/lin-lin-98-23
http://www.zhihu.com/people/sebastian-31
http://www.zhihu.com/people/xuan-yuan-tang-su
http://www.zhihu.com/people/li-jin-long-76
http://www.zhihu.com/people/xie-xin-dong-12
http://www.zhihu.com/people/zhang-xiao-lei-98
http://www.zhihu.com/people/gengyixiong
http://www.zhihu.com/people/ji-huan-jia
http://www.zhihu.com/people/wang-yue-89-19
http://www.zhihu.com/people/llfilm
http://www.zhihu.com/people/zhou-jia-peng-6
http://www.zhihu.com/people/suikaixin
http://www.zhihu.com/people/graphic
http://www.zhihu.com/people/linjiahao
http://www.zhihu.com/people/CloseString
http://www.zhihu.com/people/john-galt
http://www.zhihu.com/people/fancyblock
http://www.zhihu.com/people/timecoins
http://www.zhihu.com/people/zeng-jing-lin
http://www.zhihu.com/people/pandasoft
http://www.zhihu.com/people/iSamurai
http://www.zhihu.com/people/chen-cheng-cheng-46
http://www.zhihu.com/people/limaocn
http://www.zhihu.com/people/jeromek
http://www.zhihu.com/people/mojiaxiaoju
http://www.zhihu.com/people/zhang-lei-83-53
http://www.zhihu.com/people/pan-chen-xi
http://www.zhihu.com/people/yang-chao-30-88
http://www.zhihu.com/people/blackfeather
http://www.zhihu.com/people/sandrock-chen
http://www.zhihu.com/people/zhong-mei-fang
http://www.zhihu.com/people/zhengziyang
http://www.zhihu.com/people/guan-xuan
http://www.zhihu.com/people/zhao-en-hua
http://www.zhihu.com/people/Q-Wu
http://www.zhihu.com/people/hyukming
http://www.zhihu.com/people/qiao-yu-61
http://www.zhihu.com/people/whale-watching
http://www.zhihu.com/people/zhou-shu-jia
http://www.zhihu.com/people/geng-mu-di
http://www.zhihu.com/people/xhinking
http://www.zhihu.com/people/firenze-lu
http://www.zhihu.com/people/xiangyiqian
http://www.zhihu.com/people/zhang-cai-lu
http://www.zhihu.com/people/jia-ke-wei
http://www.zhihu.com/people/aspirinfox
http://www.zhihu.com/people/wang-qiang-4
http://www.zhihu.com/people/windson-33
http://www.zhihu.com/people/mao-zhu-feng
http://www.zhihu.com/people/zhang-hu-66-1
http://www.zhihu.com/people/funnybones
http://www.zhihu.com/people/skywalkerhunter
http://www.zhihu.com/people/yang-yong-kang-60
http://www.zhihu.com/people/zhengjintiao
http://www.zhihu.com/people/liang-hui-guang
http://www.zhihu.com/people/liu-zhen-chuan-98
http://www.zhihu.com/people/xiaoo
http://www.zhihu.com/people/ding-kelly
http://www.zhihu.com/people/xiao-jian-ren-71
http://www.zhihu.com/people/Mavin
http://www.zhihu.com/people/lu-yun-47-7
http://www.zhihu.com/people/zhang-jing-yi-48
http://www.zhihu.com/people/zheng-qi-11-98
http://www.zhihu.com/people/chen-shao-ming-98
http://www.zhihu.com/people/chen-ai-dao
http://www.zhihu.com/people/balai
http://www.zhihu.com/people/cai-zhe-51
http://www.zhihu.com/people/saki
http://www.zhihu.com/people/limi
http://www.zhihu.com/people/jiang-yan-song
http://www.zhihu.com/people/liu-yi-62
http://www.zhihu.com/people/chang-yun-hua
http://www.zhihu.com/people/iduskyline
http://www.zhihu.com/people/pang-bai-19
http://www.zhihu.com/people/qiu-ling-66
http://www.zhihu.com/people/wu-ao-88
http://www.zhihu.com/people/yan-er-jane
http://www.zhihu.com/people/face-li
http://www.zhihu.com/people/mu-hua
http://www.zhihu.com/people/yuan-shao-cheng
http://www.zhihu.com/people/muxiaogang
http://www.zhihu.com/people/yang-tian-nan
http://www.zhihu.com/people/ChineseWhisper
http://www.zhihu.com/people/luckyfish
http://www.zhihu.com/people/wuzhonghua91
http://www.zhihu.com/people/shi-nan
http://www.zhihu.com/people/Luo
http://www.zhihu.com/people/deng-shen
http://www.zhihu.com/people/xie-ran-21
http://www.zhihu.com/people/deng-xin-xian
http://www.zhihu.com/people/zhang-peng-lin
http://www.zhihu.com/people/jacobevermore
http://www.zhihu.com/people/stephen-cheng
http://www.zhihu.com/people/lin-xi-suo
http://www.zhihu.com/people/deng-pan-37
http://www.zhihu.com/people/merlin-47
http://www.zhihu.com/people/dong-tian-le
http://www.zhihu.com/people/zhang-zi-qiang-36
http://www.zhihu.com/people/dao-dao-62
http://www.zhihu.com/people/yu-jian-28-34
http://www.zhihu.com/people/wu-mian-zhi-shan
http://www.zhihu.com/people/huang-ting-jiao
http://www.zhihu.com/people/li-ai-86
http://www.zhihu.com/people/stephanie-73
http://www.zhihu.com/people/tang-zi-qi-10
http://www.zhihu.com/people/yu-bo-yu
http://www.zhihu.com/people/lu-zhao-jie
http://www.zhihu.com/people/karaki
http://www.zhihu.com/people/meicoog
http://www.zhihu.com/people/youyiifentian
http://www.zhihu.com/people/www.6djoy.com
http://www.zhihu.com/people/zhao-jia-long-16
http://www.zhihu.com/people/zhang-jiao-nan
http://www.zhihu.com/people/xiao-bai-yang-16
http://www.zhihu.com/people/dio007
http://www.zhihu.com/people/zhudi
http://www.zhihu.com/people/yu-yang-87-79
http://www.zhihu.com/people/danielchen1995
http://www.zhihu.com/people/will-cosmos
http://www.zhihu.com/people/well-fare-98
http://www.zhihu.com/people/ye-lei
http://www.zhihu.com/people/bygc
http://www.zhihu.com/people/huang-ran-20
http://www.zhihu.com/people/yanxiaojin
http://www.zhihu.com/people/xiao-yao-81
http://www.zhihu.com/people/sanjing
http://www.zhihu.com/people/wu-ya-54
http://www.zhihu.com/people/ma-bo-ping
http://www.zhihu.com/people/19951121
http://www.zhihu.com/people/elecscript
http://www.zhihu.com/people/zhong-ye-zi-49
http://www.zhihu.com/people/winiex
http://www.zhihu.com/people/neo-hee
http://www.zhihu.com/people/teng-dou-dou
http://www.zhihu.com/people/lias
http://www.zhihu.com/people/qinchuhah
http://www.zhihu.com/people/shi-yong-shan
http://www.zhihu.com/people/wen-li-69
http://www.zhihu.com/people/mashicong
http://www.zhihu.com/people/richardhly
http://www.zhihu.com/people/liu-bo-bo
http://www.zhihu.com/people/guxizhao
http://www.zhihu.com/people/geekplux
http://www.zhihu.com/people/tai-wen-yuan
http://www.zhihu.com/people/bi-jun-cheng
http://www.zhihu.com/people/zhuo-zhi-ying
http://www.zhihu.com/people/yuke-fighting
http://www.zhihu.com/people/kurttlin
http://www.zhihu.com/people/dizzarz
http://www.zhihu.com/people/peng-jing-yuan
http://www.zhihu.com/people/shen-shen-514
http://www.zhihu.com/people/littlecup
http://www.zhihu.com/people/felixliao
http://www.zhihu.com/people/lu-tian-88
http://www.zhihu.com/people/shijn
http://www.zhihu.com/people/lin-hai-99
http://www.zhihu.com/people/care
http://www.zhihu.com/people/jiroas
http://www.zhihu.com/people/dong-ming-xuan
http://www.zhihu.com/people/tksun
http://www.zhihu.com/people/luo-cheng-xiang
http://www.zhihu.com/people/reccoon
http://www.zhihu.com/people/mtoc
http://www.zhihu.com/people/xing-chen-31
http://www.zhihu.com/people/liu-chang-xian
http://www.zhihu.com/people/lava
http://www.zhihu.com/people/capbone
http://www.zhihu.com/people/yi-zhong-wei
http://www.zhihu.com/people/Svenzhu
http://www.zhihu.com/people/long-chen-74
http://www.zhihu.com/people/ba-qi-95
http://www.zhihu.com/people/lyu.l
http://www.zhihu.com/people/zhang-meng-meng-85
http://www.zhihu.com/people/yue-yiming
http://www.zhihu.com/people/liu-bei-er
http://www.zhihu.com/people/li-jian-80-85
http://www.zhihu.com/people/nadaloveluna
http://www.zhihu.com/people/zhenpeng
http://www.zhihu.com/people/guhongguangju
http://www.zhihu.com/people/zhao-zi-cheng-53
http://www.zhihu.com/people/minny
http://www.zhihu.com/people/long-yi-nan-90
http://www.zhihu.com/people/guranzhi
http://www.zhihu.com/people/waiwyh
http://www.zhihu.com/people/mrlixianrong
http://www.zhihu.com/people/kondi
http://www.zhihu.com/people/jiangzhongbo
http://www.zhihu.com/people/yetone
http://www.zhihu.com/people/ni-shun-qing
http://www.zhihu.com/people/chen-bei-65
http://www.zhihu.com/people/niu-jing
http://www.zhihu.com/people/jeremeynull
http://www.zhihu.com/people/iluili
http://www.zhihu.com/people/jerry-cen
http://www.zhihu.com/people/zheng-ye-15
http://www.zhihu.com/people/dong-li-dong-li
http://www.zhihu.com/people/fang-cheng-78-32
http://www.zhihu.com/people/cdtcai
http://www.zhihu.com/people/tian-nan-gua
http://www.zhihu.com/people/han-yixin
http://www.zhihu.com/people/xiao-feng-zhang
http://www.zhihu.com/people/eracq
http://www.zhihu.com/people/tony-hong-43
http://www.zhihu.com/people/S-He
http://www.zhihu.com/people/zhaoqingguo
http://www.zhihu.com/people/yuyixia
http://www.zhihu.com/people/yang-jiang-he
http://www.zhihu.com/people/liu-da-chun-68
http://www.zhihu.com/people/brian-ch
http://www.zhihu.com/people/xtony
http://www.zhihu.com/people/sheng-zhi-qing
http://www.zhihu.com/people/yi-sen-8
http://www.zhihu.com/people/tangren088
http://www.zhihu.com/people/ge-yang
http://www.zhihu.com/people/que-xing-lasia
http://www.zhihu.com/people/ran-quan
http://www.zhihu.com/people/felix-28
http://www.zhihu.com/people/ashbei-er
http://www.zhihu.com/people/wkonline94o
http://www.zhihu.com/people/tao-wan-jun
http://www.zhihu.com/people/errrrrrr
http://www.zhihu.com/people/wang-peng-48
http://www.zhihu.com/people/bin-xin-80
http://www.zhihu.com/people/er-shao-ye-48
http://www.zhihu.com/people/xu-wei-63-80
http://www.zhihu.com/people/chen-mo-59-75
http://www.zhihu.com/people/havemoney.zhang
http://www.zhihu.com/people/long-bao-19
http://www.zhihu.com/people/chen-qing-23
http://www.zhihu.com/people/killaxe-jie
http://www.zhihu.com/people/huang-dong-cheng
http://www.zhihu.com/people/zhan-ling
http://www.zhihu.com/people/wangzhaowen
http://www.zhihu.com/people/qtmisewrxf
http://www.zhihu.com/people/id-malong
http://www.zhihu.com/people/xie-ting-wei
http://www.zhihu.com/people/cocoalee
http://www.zhihu.com/people/qingpei
http://www.zhihu.com/people/djean
http://www.zhihu.com/people/sorma
http://www.zhihu.com/people/tian-hua-68
http://www.zhihu.com/people/lijie829
http://www.zhihu.com/people/lynnc
http://www.zhihu.com/people/chai-pi-ma
http://www.zhihu.com/people/qin-kang-bao
http://www.zhihu.com/people/yan-qi-qi
http://www.zhihu.com/people/yan6000
http://www.zhihu.com/people/chenyan
http://www.zhihu.com/people/zhang-wei-zhong
http://www.zhihu.com/people/han-liang-hanl
http://www.zhihu.com/people/icola
http://www.zhihu.com/people/jenningsatlarge
http://www.zhihu.com/people/spsftshuma
http://www.zhihu.com/people/xie-tian-26
http://www.zhihu.com/people/wang-jia-wei-45-85
http://www.zhihu.com/people/rui-tang-tang
http://www.zhihu.com/people/wbsanfeng
http://www.zhihu.com/people/wang-hao-yuan-44
http://www.zhihu.com/people/york-cheung
http://www.zhihu.com/people/salleeshi
http://www.zhihu.com/people/lin-yi-85
http://www.zhihu.com/people/aboakiss
http://www.zhihu.com/people/cakvfcwz
http://www.zhihu.com/people/su-chao-qun
http://www.zhihu.com/people/jackey-jiang
http://www.zhihu.com/people/yu-xian-cosine
http://www.zhihu.com/people/immediate
http://www.zhihu.com/people/cnbeining
http://www.zhihu.com/people/guxianbang
http://www.zhihu.com/people/dubhe
http://www.zhihu.com/people/wu-wen-kui
http://www.zhihu.com/people/susus
http://www.zhihu.com/people/wang-bin-26-89
http://www.zhihu.com/people/he-xiang-3
http://www.zhihu.com/people/wang-chao-5
http://www.zhihu.com/people/Ricahrd.Light
http://www.zhihu.com/people/kelso
http://www.zhihu.com/people/chendayun
http://www.zhihu.com/people/zhong-jie-67
http://www.zhihu.com/people/he-zhi-85
http://www.zhihu.com/people/shan-young
http://www.zhihu.com/people/zhang-zi-chuan-84
http://www.zhihu.com/people/techoxygen
http://www.zhihu.com/people/fajia
http://www.zhihu.com/people/cheng-jie-21
http://www.zhihu.com/people/Dominic_
http://www.zhihu.com/people/sellsoda
http://www.zhihu.com/people/colorLee
http://www.zhihu.com/people/peng-zhi-ran
http://www.zhihu.com/people/liu-xiao-dao
http://www.zhihu.com/people/tian-jia-jia
http://www.zhihu.com/people/wang-lu-4-86
http://www.zhihu.com/people/deng-qiao-78
http://www.zhihu.com/people/wu-yao-xin-65
http://www.zhihu.com/people/stupident
http://www.zhihu.com/people/niu-hao-42
http://www.zhihu.com/people/wang-xiao-94
http://www.zhihu.com/people/huang-ying-45
http://www.zhihu.com/people/liu-chun-73
http://www.zhihu.com/people/zhang-xiao-qing-88
http://www.zhihu.com/people/zhang-yiliu
http://www.zhihu.com/people/ledlaohuo
http://www.zhihu.com/people/zhao-zhi-jing
http://www.zhihu.com/people/yang-zhen-8
http://www.zhihu.com/people/han-qi-zhao
http://www.zhihu.com/people/passerbycrk
http://www.zhihu.com/people/zhouyurui
http://www.zhihu.com/people/dtmql
http://www.zhihu.com/people/wang-rui-13
http://www.zhihu.com/people/___-duo-er
http://www.zhihu.com/people/up-up-75
http://www.zhihu.com/people/zhang-yue-hua-74
http://www.zhihu.com/people/liu-yan-feng-22
http://www.zhihu.com/people/liu-xiao-yong-61
http://www.zhihu.com/people/zhang-shi-kui
http://www.zhihu.com/people/zhao-zhao-94-95
http://www.zhihu.com/people/pan-jun-yi
http://www.zhihu.com/people/imqoop
http://www.zhihu.com/people/liu-zhong-kui
http://www.zhihu.com/people/cang-ying-du-tu-liao
http://www.zhihu.com/people/li-dong-wei-47
http://www.zhihu.com/people/li-han-jia-11
http://www.zhihu.com/people/lunula
http://www.zhihu.com/people/huang-lei-83
http://www.zhihu.com/people/liu-fang-72-7
http://www.zhihu.com/people/chen-lang-xxx
http://www.zhihu.com/people/zhu-huan-jie
http://www.zhihu.com/people/namiheike
http://www.zhihu.com/people/zhang-xin-84-60
http://www.zhihu.com/people/tongjinghao
http://www.zhihu.com/people/ReVanTis
http://www.zhihu.com/people/qmqy
http://www.zhihu.com/people/bo-wen-49
http://www.zhihu.com/people/insofe
http://www.zhihu.com/people/eana-chan
http://www.zhihu.com/people/li-si-tong
http://www.zhihu.com/people/li-cheng-gan
http://www.zhihu.com/people/you-guo-59
http://www.zhihu.com/people/amelie5211
http://www.zhihu.com/people/tao-ye-82
http://www.zhihu.com/people/InitialC
http://www.zhihu.com/people/mei-mei-mei-mei-mei-pi-qi
http://www.zhihu.com/people/chen-ruo-shui
http://www.zhihu.com/people/seanwong
http://www.zhihu.com/people/xu-meng-yin
http://www.zhihu.com/people/liu-ying-ge
http://www.zhihu.com/people/carrie-is-on
http://www.zhihu.com/people/yuan-quan
http://www.zhihu.com/people/wang-xin-ge-98
http://www.zhihu.com/people/znicdust
http://www.zhihu.com/people/wensisunny
http://www.zhihu.com/people/ou-yang-27
http://www.zhihu.com/people/dragoncd
http://www.zhihu.com/people/renfeisong
http://www.zhihu.com/people/san-pi-ge
http://www.zhihu.com/people/yuan-jun-74
http://www.zhihu.com/people/shi-wei-shu
http://www.zhihu.com/people/bi-you-72
http://www.zhihu.com/people/york-liu
http://www.zhihu.com/people/liu-kai-luo-cairo
http://www.zhihu.com/people/wu-rui-rui
http://www.zhihu.com/people/tan-hao-92
http://www.zhihu.com/people/hou-zhi-55
http://www.zhihu.com/people/zhang-___-chuan
http://www.zhihu.com/people/live-i
http://www.zhihu.com/people/liang-yu-fan
http://www.zhihu.com/people/lotcup
http://www.zhihu.com/people/qiyongwong
http://www.zhihu.com/people/liu-peng-68-19
http://www.zhihu.com/people/bai-yan-shang-guan
http://www.zhihu.com/people/yan-xiao-ni
http://www.zhihu.com/people/tao-tie-32
http://www.zhihu.com/people/wang-xiao-mei-35
http://www.zhihu.com/people/mario_qiu
http://www.zhihu.com/people/song-song-99
http://www.zhihu.com/people/cheng-bai-lao
http://www.zhihu.com/people/cheng-fang-hang
http://www.zhihu.com/people/zhou-peng-92
http://www.zhihu.com/people/ryan-32
http://www.zhihu.com/people/taotao-45
http://www.zhihu.com/people/han-yan-hui
http://www.zhihu.com/people/nordom0x50
http://www.zhihu.com/people/han-shun-hua
http://www.zhihu.com/people/peng-tu-fei
http://www.zhihu.com/people/sunbaoru
http://www.zhihu.com/people/tom-j
http://www.zhihu.com/people/tonng
http://www.zhihu.com/people/yuger.net
http://www.zhihu.com/people/wang-yuan-66-5
http://www.zhihu.com/people/zhang-xian-zuo
http://www.zhihu.com/people/umifam
http://www.zhihu.com/people/youshihenben
http://www.zhihu.com/people/emily-26
http://www.zhihu.com/people/zhanxin
http://www.zhihu.com/people/MAGENTA
http://www.zhihu.com/people/liu-xiao-huan-81
http://www.zhihu.com/people/climber
http://www.zhihu.com/people/jia-hao-85
http://www.zhihu.com/people/madouling
http://www.zhihu.com/people/gavingao
http://www.zhihu.com/people/seule
http://www.zhihu.com/people/she-zhao-zhuo
http://www.zhihu.com/people/elichang
http://www.zhihu.com/people/hydelee109
http://www.zhihu.com/people/zhu-wen
http://www.zhihu.com/people/wen-tao-4
http://www.zhihu.com/people/ifreedom
http://www.zhihu.com/people/mao-bo-jue
http://www.zhihu.com/people/wang-long-50-51
http://www.zhihu.com/people/wang-jian-88-94
http://www.zhihu.com/people/lee-16
http://www.zhihu.com/people/Robot-Yu
http://www.zhihu.com/people/qian-mo-jing-ran
http://www.zhihu.com/people/seethinks
http://www.zhihu.com/people/TrusBe
http://www.zhihu.com/people/ruan-chao
http://www.zhihu.com/people/zhang-bo-han-56
http://www.zhihu.com/people/sunlee89
http://www.zhihu.com/people/faithma
http://www.zhihu.com/people/jasontang501
http://www.zhihu.com/people/zhao-xiao-jing-20
http://www.zhihu.com/people/wang-zheng-31-59
http://www.zhihu.com/people/superwyh
http://www.zhihu.com/people/luoyang
http://www.zhihu.com/people/wu-qian-35
http://www.zhihu.com/people/zhou-xing-39
http://www.zhihu.com/people/huanghuihui1991
http://www.zhihu.com/people/Novamix
http://www.zhihu.com/people/itbuzz
http://www.zhihu.com/people/zzyzxd
http://www.zhihu.com/people/guo-rui-chao
http://www.zhihu.com/people/junius_lou
http://www.zhihu.com/people/zhu-xiao-wu-77
http://www.zhihu.com/people/SkyWalkerAL
http://www.zhihu.com/people/qian-gui-shen
http://www.zhihu.com/people/yan-qing-34
http://www.zhihu.com/people/teng-jin-guang
http://www.zhihu.com/people/duanqichao
http://www.zhihu.com/people/never-51
http://www.zhihu.com/people/lu-yao-38-28
http://www.zhihu.com/people/liu-hong-cai
http://www.zhihu.com/people/hao-ran-20
http://www.zhihu.com/people/wang-tao-43-38
http://www.zhihu.com/people/hanqixue
http://www.zhihu.com/people/xiepanda
http://www.zhihu.com/people/sun-xing-lai
http://www.zhihu.com/people/lian-chun-lin
http://www.zhihu.com/people/matthew-chen
http://www.zhihu.com/people/haohaoxuexi
http://www.zhihu.com/people/zheng-hao-hauson
http://www.zhihu.com/people/dropby
http://www.zhihu.com/people/zheng-ji
http://www.zhihu.com/people/sosoloveslife
http://www.zhihu.com/people/cycalee
http://www.zhihu.com/people/guo-gui-jun
http://www.zhihu.com/people/li-yue-jing
http://www.zhihu.com/people/lichzy
http://www.zhihu.com/people/yang-kai-guang
http://www.zhihu.com/people/zhujiaqi
http://www.zhihu.com/people/qu-chong-dong
http://www.zhihu.com/people/vera-wei
http://www.zhihu.com/people/jixiaomo
http://www.zhihu.com/people/zhang-ze-43
http://www.zhihu.com/people/haoyeye
http://www.zhihu.com/people/binkliu
http://www.zhihu.com/people/heimao
http://www.zhihu.com/people/michael-54
http://www.zhihu.com/people/nihaiyu
http://www.zhihu.com/people/tooyoung
http://www.zhihu.com/people/huachend
http://www.zhihu.com/people/robster
http://www.zhihu.com/people/xian_qing
http://www.zhihu.com/people/zhenghao365
http://www.zhihu.com/people/tota
http://www.zhihu.com/people/liyonghua
http://www.zhihu.com/people/fisch
http://www.zhihu.com/people/dai-dai-93
http://www.zhihu.com/people/liang-yuan-76
http://www.zhihu.com/people/whale
http://www.zhihu.com/people/jiao-mu-jiao
http://www.zhihu.com/people/fu-shui-liu
http://www.zhihu.com/people/trai25
http://www.zhihu.com/people/amos
http://www.zhihu.com/people/dai-hou-shuang
http://www.zhihu.com/people/huangchi
http://www.zhihu.com/people/cheng-zeng-cun
http://www.zhihu.com/people/xrbing
http://www.zhihu.com/people/po-dai
http://www.zhihu.com/people/hweeken
http://www.zhihu.com/people/yong-sheng
http://www.zhihu.com/people/zuimai
http://www.zhihu.com/people/gu-qing-11
http://www.zhihu.com/people/jixin
http://www.zhihu.com/people/treebeliever
http://www.zhihu.com/people/xlfb
http://www.zhihu.com/people/gu-si-bi-54
http://www.zhihu.com/people/qiao-pan
http://www.zhihu.com/people/xiao-jin-wen-93
http://www.zhihu.com/people/fu-er
http://www.zhihu.com/people/wang-qi-rui-53
http://www.zhihu.com/people/looking
http://www.zhihu.com/people/an-zhi-25
http://www.zhihu.com/people/li-rui
http://www.zhihu.com/people/imxiaobo
http://www.zhihu.com/people/zhenghaorocks
http://www.zhihu.com/people/kaifeiji
http://www.zhihu.com/people/wan-wan-95
http://www.zhihu.com/people/cherrydcy
http://www.zhihu.com/people/gao-da-li
http://www.zhihu.com/people/MiniBear
http://www.zhihu.com/people/kevin-73
http://www.zhihu.com/people/lokizone
http://www.zhihu.com/people/wang-xiang-89
http://www.zhihu.com/people/yuan-jiang
http://www.zhihu.com/people/wang-yu-dong-15
http://www.zhihu.com/people/die-qi
http://www.zhihu.com/people/smuh
http://www.zhihu.com/people/ai-jing-yi
http://www.zhihu.com/people/chouthen
http://www.zhihu.com/people/kangfei
http://www.zhihu.com/people/liu-yu-zhou
http://www.zhihu.com/people/hlhl
http://www.zhihu.com/people/will-37
http://www.zhihu.com/people/suckitup
http://www.zhihu.com/people/sgzhan
http://www.zhihu.com/people/wu-wei-96-47
http://www.zhihu.com/people/wang-yi-ke-7
http://www.zhihu.com/people/cici
http://www.zhihu.com/people/stevenlordiam
http://www.zhihu.com/people/www.quhuaxue.com
http://www.zhihu.com/people/shan-dian-jun
http://www.zhihu.com/people/wang-hao-1-11
http://www.zhihu.com/people/qwhe
http://www.zhihu.com/people/chen-yuan-81
http://www.zhihu.com/people/issuoow
http://www.zhihu.com/people/huma
http://www.zhihu.com/people/wu-sheng-ming
http://www.zhihu.com/people/memento-mori
http://www.zhihu.com/people/liulubin
http://www.zhihu.com/people/shijuns
http://www.zhihu.com/people/zhang-miao-lin
http://www.zhihu.com/people/evepig
http://www.zhihu.com/people/ReSur
http://www.zhihu.com/people/GavinQi
http://www.zhihu.com/people/guang-feng
http://www.zhihu.com/people/akirachang
http://www.zhihu.com/people/maopei
http://www.zhihu.com/people/hong-shao-heng
http://www.zhihu.com/people/leecm
http://www.zhihu.com/people/deletenehs
http://www.zhihu.com/people/kidding
http://www.zhihu.com/people/twocucao
http://www.zhihu.com/people/walter-32
http://www.zhihu.com/people/eiyafi
http://www.zhihu.com/people/lkaiesr
http://www.zhihu.com/people/luliang
http://www.zhihu.com/people/multiple1902
http://www.zhihu.com/people/yu-ju
http://www.zhihu.com/people/laoyoung
http://www.zhihu.com/people/there4
http://www.zhihu.com/people/cycyril
http://www.zhihu.com/people/wang-hui-jie
http://www.zhihu.com/people/starknight
http://www.zhihu.com/people/missd
http://www.zhihu.com/people/li-peng-yu
http://www.zhihu.com/people/fang-ye-frank
http://www.zhihu.com/people/shi-tao-27
http://www.zhihu.com/people/wang-si-qiang
http://www.zhihu.com/people/davidgeshaohua
http://www.zhihu.com/people/shuai-ding-xin-real
http://www.zhihu.com/people/yu-wen-ming
http://www.zhihu.com/people/sokoonwah
http://www.zhihu.com/people/zhao-yan-80
http://www.zhihu.com/people/wu-song-lei
http://www.zhihu.com/people/hsowaq
http://www.zhihu.com/people/gao-lei-2
http://www.zhihu.com/people/jasonl
http://www.zhihu.com/people/wei-lei-32
http://www.zhihu.com/people/lovetree
http://www.zhihu.com/people/heayon
http://www.zhihu.com/people/paradisor
http://www.zhihu.com/people/yskin
http://www.zhihu.com/people/molica
http://www.zhihu.com/people/jonson-fang
http://www.zhihu.com/people/cvforl
http://www.zhihu.com/people/mr.monkey
http://www.zhihu.com/people/zhang-rui-xin-49
http://www.zhihu.com/people/wuzhuang
http://www.zhihu.com/people/chen-pu-rong
http://www.zhihu.com/people/shi-ying-18
http://www.zhihu.com/people/rona
http://www.zhihu.com/people/dingtianran
http://www.zhihu.com/people/wang-wen-ping
http://www.zhihu.com/people/ji-ling-feng
http://www.zhihu.com/people/ywzgb
http://www.zhihu.com/people/zhenqu
http://www.zhihu.com/people/lemal
http://www.zhihu.com/people/jnduan
http://www.zhihu.com/people/kang-wei
http://www.zhihu.com/people/endlessturelove
http://www.zhihu.com/people/liaoqingping
http://www.zhihu.com/people/relex
http://www.zhihu.com/people/puyun
http://www.zhihu.com/people/liu-hui-72
http://www.zhihu.com/people/ding-qi-50
http://www.zhihu.com/people/gaoan
http://www.zhihu.com/people/lao-chang
http://www.zhihu.com/people/sara-38
http://www.zhihu.com/people/euphie
http://www.zhihu.com/people/c8h10n4o2
http://www.zhihu.com/people/zhiqiang.niu
http://www.zhihu.com/people/fu-xiao-dong
http://www.zhihu.com/people/yang-cong-quan-man-tou
http://www.zhihu.com/people/xiaodaoren
http://www.zhihu.com/people/VegasWang
http://www.zhihu.com/people/ngc6543
http://www.zhihu.com/people/plzdonoevil
http://www.zhihu.com/people/Littlewey
http://www.zhihu.com/people/zhang-xiao-su-96
http://www.zhihu.com/people/karenkaren
http://www.zhihu.com/people/98tbcom
http://www.zhihu.com/people/wan-qing
http://www.zhihu.com/people/zaiyiqi
http://www.zhihu.com/people/ohjmy
http://www.zhihu.com/people/zhu-jun-qiang
http://www.zhihu.com/people/boxun
http://www.zhihu.com/people/hou-xiao-xu
http://www.zhihu.com/people/unogzx
http://www.zhihu.com/people/tang-chao-27
http://www.zhihu.com/people/kevinli
http://www.zhihu.com/people/alison-80
http://www.zhihu.com/people/wu-yu-chi
http://www.zhihu.com/people/yue-shi-jie
http://www.zhihu.com/people/meng-shuang-paula
http://www.zhihu.com/people/fouai
http://www.zhihu.com/people/zephiruz
http://www.zhihu.com/people/yanggaofeng
http://www.zhihu.com/people/nuannuanju
http://www.zhihu.com/people/li-xin-49-78
http://www.zhihu.com/people/yanghaoleng
http://www.zhihu.com/people/rexor
http://www.zhihu.com/people/wei-sheng-79
http://www.zhihu.com/people/lu-cheng-36
http://www.zhihu.com/people/baodaotiexiaohe
http://www.zhihu.com/people/abigroybot
http://www.zhihu.com/people/tonyseek
http://www.zhihu.com/people/qu-tao-zi
http://www.zhihu.com/people/li-si-yi
http://www.zhihu.com/people/panchito
http://www.zhihu.com/people/dai-ren-zhi
http://www.zhihu.com/people/gu-che-dan
http://www.zhihu.com/people/zhu-jun-56
http://www.zhihu.com/people/ewushichu
http://www.zhihu.com/people/jacychen
http://www.zhihu.com/people/zhong-nan-40
http://www.zhihu.com/people/hai-yang
http://www.zhihu.com/people/lvfei
http://www.zhihu.com/people/knightshady
http://www.zhihu.com/people/isdada
http://www.zhihu.com/people/ge-fei
http://www.zhihu.com/people/zhu-hui-lai
http://www.zhihu.com/people/iwangke
http://www.zhihu.com/people/xinvi
http://www.zhihu.com/people/a-lo
http://www.zhihu.com/people/yxshawn
http://www.zhihu.com/people/randy1900
http://www.zhihu.com/people/xin-qi
http://www.zhihu.com/people/intuitive
http://www.zhihu.com/people/csryan
http://www.zhihu.com/people/jing-xiang-zheng
http://www.zhihu.com/people/paicha
http://www.zhihu.com/people/qiu-yi-xin
http://www.zhihu.com/people/tencent
http://www.zhihu.com/people/anyan
http://www.zhihu.com/people/cklover
http://www.zhihu.com/people/lihua
http://www.zhihu.com/people/hiokay
http://www.zhihu.com/people/delaynomore
http://www.zhihu.com/people/123q
http://www.zhihu.com/people/linmengyin
http://www.zhihu.com/people/deanlee
http://www.zhihu.com/people/lingyan
http://www.zhihu.com/people/mochaz
http://www.zhihu.com/people/sun-zhen-hua
http://www.zhihu.com/people/ZengLei
http://www.zhihu.com/people/mikemelon
http://www.zhihu.com/people/zhang-yi-gang
http://www.zhihu.com/people/xiao-yi-45-71
http://www.zhihu.com/people/Xcode
http://www.zhihu.com/people/zwm0426
http://www.zhihu.com/people/hzshen
http://www.zhihu.com/people/linusg
http://www.zhihu.com/people/zhao-ke-qin
http://www.zhihu.com/people/yopz
http://www.zhihu.com/people/lipq
http://www.zhihu.com/people/wang-han-76
http://www.zhihu.com/people/peixiaolei
http://www.zhihu.com/people/Zhidong.pro
http://www.zhihu.com/people/_cxa
http://www.zhihu.com/people/hehaiyan
http://www.zhihu.com/people/renrenkaixin
http://www.zhihu.com/people/yuba100
http://www.zhihu.com/people/wang-zhi-hong-2
http://www.zhihu.com/people/liu-chun-lei
http://www.zhihu.com/people/xiaomasong
http://www.zhihu.com/people/yu-ye
http://www.zhihu.com/people/jiang--jiang
http://www.zhihu.com/people/hanxuesong
http://www.zhihu.com/people/22net
http://www.zhihu.com/people/liu-wei-59
http://www.zhihu.com/people/zhaoyang
http://www.zhihu.com/people/suke-79
http://www.zhihu.com/people/wei-tao
http://www.zhihu.com/people/yu-ming-gu-wen-chen-tao
http://www.zhihu.com/people/r-q-r
http://www.zhihu.com/people/mao-zhu
http://www.zhihu.com/people/detwin
http://www.zhihu.com/people/frank-99
http://www.zhihu.com/people/Yunaaaaaaa
http://www.zhihu.com/people/zhao-hao
http://www.zhihu.com/people/guo-jian
http://www.zhihu.com/people/duo2du
http://www.zhihu.com/people/you-mi
http://www.zhihu.com/people/chengyuan
http://www.zhihu.com/people/mercurybeijing
http://www.zhihu.com/people/veryindown
http://www.zhihu.com/people/liuyuhuan
http://www.zhihu.com/people/rukhwill
http://www.zhihu.com/people/ligexiao
http://www.zhihu.com/people/qichu
http://www.zhihu.com/people/geekdada
http://www.zhihu.com/people/krkaka
http://www.zhihu.com/people/sunny90
http://www.zhihu.com/people/laofung
http://www.zhihu.com/people/qing-cheng
http://www.zhihu.com/people/bloodyxu
http://www.zhihu.com/people/su-pei-qi
http://www.zhihu.com/people/liaoyy
http://www.zhihu.com/people/JackyZhu
http://www.zhihu.com/people/ashwu
http://www.zhihu.com/people/xiao-xiao-95
http://www.zhihu.com/people/feelyou
http://www.zhihu.com/people/qiu-yu
http://www.zhihu.com/people/xian
http://www.zhihu.com/people/plusix
http://www.zhihu.com/people/ashes2
http://www.zhihu.com/people/realway
http://www.zhihu.com/people/Arile
http://www.zhihu.com/people/xuzhihong
http://www.zhihu.com/people/puloon
http://www.zhihu.com/people/fang-kun-87
http://www.zhihu.com/people/xie-lin-jun-35
http://www.zhihu.com/people/cha-men-hu-de-xiao-bei-xin
http://www.zhihu.com/people/zhong-wan-tong
http://www.zhihu.com/people/ningwu
http://www.zhihu.com/people/mazesoul
http://www.zhihu.com/people/eloise
http://www.zhihu.com/people/chenjinnan
http://www.zhihu.com/people/nell
http://www.zhihu.com/people/qianjin
http://www.zhihu.com/people/livevol
http://www.zhihu.com/people/jeff
http://www.zhihu.com/people/mikiexu
http://www.zhihu.com/people/chen-jiu-ling
http://www.zhihu.com/people/xiao-qi
http://www.zhihu.com/people/onlyswan
http://www.zhihu.com/people/fan-xiao-an
http://www.zhihu.com/people/liuya802
http://www.zhihu.com/people/zhao-min-94
http://www.zhihu.com/people/neaton
http://www.zhihu.com/people/quiver
http://www.zhihu.com/people/magua
http://www.zhihu.com/people/liu-xiao-xue
http://www.zhihu.com/people/yuchunlin
http://www.zhihu.com/people/chong
http://www.zhihu.com/people/tang-chen
http://www.zhihu.com/people/wind
http://www.zhihu.com/people/baifeng
