http://www.zhihu.com/people/amytal
http://www.zhihu.com/people/log1234
http://www.zhihu.com/people/cheng-si-zhou
http://www.zhihu.com/people/fengsp
http://www.zhihu.com/people/zhaoyiyun77
http://www.zhihu.com/people/zheng-jian-bo
http://www.zhihu.com/people/sun-wen-74
http://www.zhihu.com/people/mebeta
http://www.zhihu.com/people/simpleapples
http://www.zhihu.com/people/cui-jin-12
http://www.zhihu.com/people/li-mie-mie-16
http://www.zhihu.com/people/drinking-63
http://www.zhihu.com/people/jie-qi
http://www.zhihu.com/people/baiyichu
http://www.zhihu.com/people/ha-xu
http://www.zhihu.com/people/cui-yi-ran
http://www.zhihu.com/people/li-xiao-1-80
http://www.zhihu.com/people/lin-xin-hao-40
http://www.zhihu.com/people/gui-ming-yue
http://www.zhihu.com/people/qian-zi-qiang
http://www.zhihu.com/people/hkbarton
http://www.zhihu.com/people/kula-71
http://www.zhihu.com/people/rove
http://www.zhihu.com/people/wang-hao-70-66
http://www.zhihu.com/people/qie-ge
http://www.zhihu.com/people/guo-xian-cheng
http://www.zhihu.com/people/redswallow
http://www.zhihu.com/people/dong-chao-19
http://www.zhihu.com/people/bboymao
http://www.zhihu.com/people/jaywalker
http://www.zhihu.com/people/liuzihua
http://www.zhihu.com/people/khsing
http://www.zhihu.com/people/pass
http://www.zhihu.com/people/xia-dan
http://www.zhihu.com/people/mirrorking
http://www.zhihu.com/people/mu-yang-8
http://www.zhihu.com/people/cheng-tong
http://www.zhihu.com/people/mai-wei-78
http://www.zhihu.com/people/zhao-hong-yi-62
http://www.zhihu.com/people/gonghao
http://www.zhihu.com/people/undozen
http://www.zhihu.com/people/tclh123
http://www.zhihu.com/people/leixiao
http://www.zhihu.com/people/cold-cold
http://www.zhihu.com/people/li-nuo-26
http://www.zhihu.com/people/mika-15
http://www.zhihu.com/people/jiao-jiao-38
http://www.zhihu.com/people/tigerinme
http://www.zhihu.com/people/yuan-zi-yuan-22
http://www.zhihu.com/people/fkysly
http://www.zhihu.com/people/yang-yuan-yuan-83
http://www.zhihu.com/people/yujingye
http://www.zhihu.com/people/chengzhoukun
http://www.zhihu.com/people/xueyichen
http://www.zhihu.com/people/chen-zhu-yu
http://www.zhihu.com/people/ReSur
http://www.zhihu.com/people/er-mao-43
http://www.zhihu.com/people/Donutshu
http://www.zhihu.com/people/Bleaker
http://www.zhihu.com/people/sunxiaoshuai
http://www.zhihu.com/people/caaatlv
http://www.zhihu.com/people/chen-da-ben
http://www.zhihu.com/people/wangyuchen
http://www.zhihu.com/people/adam-wen
http://www.zhihu.com/people/ke_ming
http://www.zhihu.com/people/tcsun
http://www.zhihu.com/people/yongxinge
http://www.zhihu.com/people/mi-mi-15
http://www.zhihu.com/people/yjw022yjw
http://www.zhihu.com/people/jovelang
http://www.zhihu.com/people/hbprotoss
http://www.zhihu.com/people/archerzz
http://www.zhihu.com/people/xiao-chu
http://www.zhihu.com/people/tonydeng
http://www.zhihu.com/people/echo-19-14
http://www.zhihu.com/people/sheep9275
http://www.zhihu.com/people/ventlam
http://www.zhihu.com/people/hinotan
http://www.zhihu.com/people/lu-gui-chen-26
http://www.zhihu.com/people/zmoumou
http://www.zhihu.com/people/liveme
http://www.zhihu.com/people/keepmovingzxw
http://www.zhihu.com/people/lidaobing
http://www.zhihu.com/people/zhang-yi-fan-48
http://www.zhihu.com/people/liu-chu-san
http://www.zhihu.com/people/vajra
http://www.zhihu.com/people/cheng-cheng-70-50
http://www.zhihu.com/people/youed
http://www.zhihu.com/people/xy_alan
http://www.zhihu.com/people/simplex
http://www.zhihu.com/people/yi-bo-20
http://www.zhihu.com/people/asaka
http://www.zhihu.com/people/mostlyharmful
http://www.zhihu.com/people/ddydd
http://www.zhihu.com/people/zhou-yi-long-39
http://www.zhihu.com/people/perfmon
http://www.zhihu.com/people/tomnancy
http://www.zhihu.com/people/darasion
http://www.zhihu.com/people/maple-91
http://www.zhihu.com/people/fishinlake
http://www.zhihu.com/people/ladon
http://www.zhihu.com/people/ryan-wang-79
http://www.zhihu.com/people/zhu-bo-tao
http://www.zhihu.com/people/jia-he-liang-jie
http://www.zhihu.com/people/shujuan-tian
http://www.zhihu.com/people/wang-rui-qi-94
http://www.zhihu.com/people/he-qi-41
http://www.zhihu.com/people/29nn
http://www.zhihu.com/people/ximingcheng
http://www.zhihu.com/people/twisted-python
http://www.zhihu.com/people/peng-fei-29
http://www.zhihu.com/people/mu-tou-ma-wei
http://www.zhihu.com/people/Kevinspider
http://www.zhihu.com/people/lz-always
http://www.zhihu.com/people/youngleeasks
http://www.zhihu.com/people/xjiangxjxjxjx
http://www.zhihu.com/people/guo-wei-86
http://www.zhihu.com/people/jiang-ge
http://www.zhihu.com/people/jackzhang2014
http://www.zhihu.com/people/yu-yong-54
http://www.zhihu.com/people/wu-mu-yun-46
http://www.zhihu.com/people/zhaohuis
http://www.zhihu.com/people/huyibuct
http://www.zhihu.com/people/williamho
http://www.zhihu.com/people/sun-peng-chong
http://www.zhihu.com/people/yujingyi
http://www.zhihu.com/people/chendanqing
http://www.zhihu.com/people/xuzuozuo
http://www.zhihu.com/people/tobezyc
http://www.zhihu.com/people/antestad
http://www.zhihu.com/people/qiong-lin
http://www.zhihu.com/people/augustd
http://www.zhihu.com/people/xiao-lin-ling
http://www.zhihu.com/people/wind_shadow
http://www.zhihu.com/people/iyucci
http://www.zhihu.com/people/zhougan
http://www.zhihu.com/people/Evelyn0908
http://www.zhihu.com/people/alpha-yin
http://www.zhihu.com/people/gazi
http://www.zhihu.com/people/jia-yan-ni
http://www.zhihu.com/people/leunggamciu
http://www.zhihu.com/people/douzifly
http://www.zhihu.com/people/joegh
http://www.zhihu.com/people/zhang-zhuo-95-66
http://www.zhihu.com/people/tigerscott
http://www.zhihu.com/people/jmp0xf
http://www.zhihu.com/people/tannyhjl
http://www.zhihu.com/people/aisensiy
http://www.zhihu.com/people/pavarotti17
http://www.zhihu.com/people/liamchzh
http://www.zhihu.com/people/chen-xi-1
http://www.zhihu.com/people/xiaoyou-liu
http://www.zhihu.com/people/zhou-yan-jun
http://www.zhihu.com/people/cyrusin
http://www.zhihu.com/people/znicdust
http://www.zhihu.com/people/ayiyiye
http://www.zhihu.com/people/li-xiao-pei-23
http://www.zhihu.com/people/deng-yong-gang
http://www.zhihu.com/people/li-peng-yu
http://www.zhihu.com/people/liupc
http://www.zhihu.com/people/buynow
http://www.zhihu.com/people/subrays
http://www.zhihu.com/people/almondmilk
http://www.zhihu.com/people/molikto
http://www.zhihu.com/people/zhongqi
http://www.zhihu.com/people/li-chen-44-28
http://www.zhihu.com/people/xie-zhi-wei-8
http://www.zhihu.com/people/li-xiao-mu-45
http://www.zhihu.com/people/SailBoat
http://www.zhihu.com/people/IwfWcf
http://www.zhihu.com/people/techoxygen
http://www.zhihu.com/people/susus
http://www.zhihu.com/people/chandlersu
http://www.zhihu.com/people/misink
http://www.zhihu.com/people/mayitbe
http://www.zhihu.com/people/zhao-shuai-60
http://www.zhihu.com/people/guo-zhao-liang
http://www.zhihu.com/people/qinhuai
http://www.zhihu.com/people/xi-men-yu
http://www.zhihu.com/people/zeayes
http://www.zhihu.com/people/gongxin
http://www.zhihu.com/people/apprentice1989
http://www.zhihu.com/people/wang-yin-shu
http://www.zhihu.com/people/ruan-wei-ting
http://www.zhihu.com/people/hu-jian-ming-13
http://www.zhihu.com/people/liao-shi-chuan
http://www.zhihu.com/people/jing-se
http://www.zhihu.com/people/zblshine1989
http://www.zhihu.com/people/hit9
http://www.zhihu.com/people/i0xbean
http://www.zhihu.com/people/holys
http://www.zhihu.com/people/yaolinj
http://www.zhihu.com/people/manymingge
http://www.zhihu.com/people/jamalyn
http://www.zhihu.com/people/sun-guang-sheng
http://www.zhihu.com/people/li-yao-xing
http://www.zhihu.com/people/CCAV1
http://www.zhihu.com/people/taotao
http://www.zhihu.com/people/linxizeng
http://www.zhihu.com/people/han-peng-qian
http://www.zhihu.com/people/badbye
http://www.zhihu.com/people/xiongya
http://www.zhihu.com/people/swizar
http://www.zhihu.com/people/matthewxiang
http://www.zhihu.com/people/yetone
http://www.zhihu.com/people/fanziye
http://www.zhihu.com/people/phos
http://www.zhihu.com/people/fuxinyi
http://www.zhihu.com/people/xiaozhibo
http://www.zhihu.com/people/woodboy456
http://www.zhihu.com/people/yan-huan-82
http://www.zhihu.com/people/teng-jin-guang
http://www.zhihu.com/people/lebanner
http://www.zhihu.com/people/he-jun-jia
http://www.zhihu.com/people/mayiwei
http://www.zhihu.com/people/zhou-peng
http://www.zhihu.com/people/wangpengyu
http://www.zhihu.com/people/lijianjian
http://www.zhihu.com/people/zhangbin
http://www.zhihu.com/people/luchuan
http://www.zhihu.com/people/sagasw
http://www.zhihu.com/people/andy-dong
http://www.zhihu.com/people/cloudyli
http://www.zhihu.com/people/yinhao
http://www.zhihu.com/people/xu-xiao-jing-29
http://www.zhihu.com/people/melaozhu
http://www.zhihu.com/people/huanghuihui1991
http://www.zhihu.com/people/zhang-yong-74
http://www.zhihu.com/people/fishbubble
http://www.zhihu.com/people/funnyfan
http://www.zhihu.com/people/safawo
http://www.zhihu.com/people/li-xiao-wen-2
http://www.zhihu.com/people/mattmonkey
http://www.zhihu.com/people/loafer
http://www.zhihu.com/people/jin-tong-bao
http://www.zhihu.com/people/hectorguo
http://www.zhihu.com/people/jollychang
http://www.zhihu.com/people/shi-bing-wen
http://www.zhihu.com/people/fei-yu-67-58
http://www.zhihu.com/people/youngoo
http://www.zhihu.com/people/fredpata
http://www.zhihu.com/people/tian-long-20
http://www.zhihu.com/people/tang-li-xing
http://www.zhihu.com/people/stig-zhang
http://www.zhihu.com/people/zhao-si-cong
http://www.zhihu.com/people/ichabod
http://www.zhihu.com/people/wang-ya-ping-92
http://www.zhihu.com/people/liu-jiang-69
http://www.zhihu.com/people/mu-yi-dan
http://www.zhihu.com/people/jian-yu-46
http://www.zhihu.com/people/lemal
http://www.zhihu.com/people/zhouc-64
http://www.zhihu.com/people/alohaschen
http://www.zhihu.com/people/lu-chen-86
http://www.zhihu.com/people/hu-yi-dong
http://www.zhihu.com/people/woooha
http://www.zhihu.com/people/nhsoft
http://www.zhihu.com/people/caulfield
http://www.zhihu.com/people/zhu-zhao-long-3
http://www.zhihu.com/people/yshone
http://www.zhihu.com/people/tianwei
http://www.zhihu.com/people/wmichelle
http://www.zhihu.com/people/xuzhe1224
http://www.zhihu.com/people/yu-long
http://www.zhihu.com/people/xie-wei-89
http://www.zhihu.com/people/wu-hai
http://www.zhihu.com/people/gu-si-bi-54
http://www.zhihu.com/people/g_will
http://www.zhihu.com/people/heimao
http://www.zhihu.com/people/cai-yong-hang
http://www.zhihu.com/people/zhou-li-xing-90
http://www.zhihu.com/people/laiyonghao
http://www.zhihu.com/people/shao-qi-kai
http://www.zhihu.com/people/juelu
http://www.zhihu.com/people/chenruihong
http://www.zhihu.com/people/xin-nuan
http://www.zhihu.com/people/bennychia
http://www.zhihu.com/people/xiaogaozi
http://www.zhihu.com/people/M02E
http://www.zhihu.com/people/nitrohsu
http://www.zhihu.com/people/hanwei59
http://www.zhihu.com/people/yousri
http://www.zhihu.com/people/imceobitch
http://www.zhihu.com/people/xuanjianfeng
http://www.zhihu.com/people/zhang-ben-qi
http://www.zhihu.com/people/bohemian
http://www.zhihu.com/people/tualatrix
http://www.zhihu.com/people/kte-37
http://www.zhihu.com/people/lingeng
http://www.zhihu.com/people/hu-jiang-ao
http://www.zhihu.com/people/lou2chen
http://www.zhihu.com/people/daawa
http://www.zhihu.com/people/Iori
http://www.zhihu.com/people/jasonyan
http://www.zhihu.com/people/yangzhe1991
http://www.zhihu.com/people/qiibeta
http://www.zhihu.com/people/wu-wei-96-47
http://www.zhihu.com/people/jiang-tian-yi
http://www.zhihu.com/people/jumbu
http://www.zhihu.com/people/yang-hai-77
http://www.zhihu.com/people/verycb
http://www.zhihu.com/people/netsos
http://www.zhihu.com/people/linxiangyang
http://www.zhihu.com/people/hezhenjie
http://www.zhihu.com/people/freestyle21.cn
http://www.zhihu.com/people/chentao
http://www.zhihu.com/people/soasme
http://www.zhihu.com/people/neutrinozeng
http://www.zhihu.com/people/haiger-25
http://www.zhihu.com/people/lu-hao-58
http://www.zhihu.com/people/monoFish
http://www.zhihu.com/people/feixiang
http://www.zhihu.com/people/subucuo
http://www.zhihu.com/people/chen-zhe-53
http://www.zhihu.com/people/junlele
http://www.zhihu.com/people/dyno
http://www.zhihu.com/people/tianzhidao
http://www.zhihu.com/people/fishvan
http://www.zhihu.com/people/mrlinan
http://www.zhihu.com/people/northtree
http://www.zhihu.com/people/cheewu
http://www.zhihu.com/people/pigletfly
http://www.zhihu.com/people/royeegg
http://www.zhihu.com/people/hong-3
http://www.zhihu.com/people/dongweiming
http://www.zhihu.com/people/gnap
http://www.zhihu.com/people/yao-gang-qiang
http://www.zhihu.com/people/yangjiansky
http://www.zhihu.com/people/plzdonoevil
http://www.zhihu.com/people/erhu
http://www.zhihu.com/people/jungledrum
http://www.zhihu.com/people/tonyseek
http://www.zhihu.com/people/meng-shuang-paula
http://www.zhihu.com/people/zhang-ye-85
http://www.zhihu.com/people/zhouduo
http://www.zhihu.com/people/outlier
http://www.zhihu.com/people/huangdawei
http://www.zhihu.com/people/larrytt
http://www.zhihu.com/people/tlwu
http://www.zhihu.com/people/sun-da-zuo
http://www.zhihu.com/people/foo-xu
http://www.zhihu.com/people/guxizhao
http://www.zhihu.com/people/wang-ke-ke-20
http://www.zhihu.com/people/gao-yang-bo
http://www.zhihu.com/people/cheng-zeng-cun
http://www.zhihu.com/people/jollylui
http://www.zhihu.com/people/qixia
http://www.zhihu.com/people/ryanhust
http://www.zhihu.com/people/longwosion
http://www.zhihu.com/people/bai-rui
http://www.zhihu.com/people/hlhl
http://www.zhihu.com/people/Dian
http://www.zhihu.com/people/Sam_Su
http://www.zhihu.com/people/clan
http://www.zhihu.com/people/robbin
http://www.zhihu.com/people/airspuer
http://www.zhihu.com/people/xsnail
http://www.zhihu.com/people/mayue
http://www.zhihu.com/people/feng-xiao-pei
http://www.zhihu.com/people/chenxinfeng
http://www.zhihu.com/people/lightory
http://www.zhihu.com/people/ren-long-wei
http://www.zhihu.com/people/sdxiaoding
http://www.zhihu.com/people/magicshui
http://www.zhihu.com/people/tobeyouth
http://www.zhihu.com/people/paulhandle
http://www.zhihu.com/people/88sir
http://www.zhihu.com/people/observer8
http://www.zhihu.com/people/freeyoung
http://www.zhihu.com/people/chen-xiao-mei
http://www.zhihu.com/people/chen-jia-liang-009
http://www.zhihu.com/people/ma-ke-14
http://www.zhihu.com/people/0xygen
http://www.zhihu.com/people/zhu-zheng-tao
http://www.zhihu.com/people/xianglifei
http://www.zhihu.com/people/javier
http://www.zhihu.com/people/haipeng
http://www.zhihu.com/people/meyow
http://www.zhihu.com/people/olives
http://www.zhihu.com/people/chen-jian-long-67
http://www.zhihu.com/people/chen-yu-quan
http://www.zhihu.com/people/rothcold
http://www.zhihu.com/people/pjhades
http://www.zhihu.com/people/mescoda
http://www.zhihu.com/people/shadows
http://www.zhihu.com/people/j1anb1n
http://www.zhihu.com/people/chuangbo
http://www.zhihu.com/people/lee-52
http://www.zhihu.com/people/william-16
http://www.zhihu.com/people/liuqian6k
http://www.zhihu.com/people/uitony
http://www.zhihu.com/people/coolxing
http://www.zhihu.com/people/wenx
http://www.zhihu.com/people/zhang-pei-feng
http://www.zhihu.com/people/flyafly
http://www.zhihu.com/people/subdragon
http://www.zhihu.com/people/beichen
http://www.zhihu.com/people/tiankeshan
http://www.zhihu.com/people/star
http://www.zhihu.com/people/weifx
http://www.zhihu.com/people/yu-xiao-yu-91
http://www.zhihu.com/people/breeze
http://www.zhihu.com/people/mokala
http://www.zhihu.com/people/migangel
http://www.zhihu.com/people/hweeken
http://www.zhihu.com/people/JRose
http://www.zhihu.com/people/3fun4
http://www.zhihu.com/people/justin-la-jiang
http://www.zhihu.com/people/candyrain
http://www.zhihu.com/people/seansay
http://www.zhihu.com/people/du-yang-yu
http://www.zhihu.com/people/anyan
http://www.zhihu.com/people/chuyu
http://www.zhihu.com/people/phinome
http://www.zhihu.com/people/chanpinjingli
http://www.zhihu.com/people/cuisaihu
http://www.zhihu.com/people/siasbill
http://www.zhihu.com/people/liangbing
http://www.zhihu.com/people/tao-rui-42-48
http://www.zhihu.com/people/chen-si-yuan-58
http://www.zhihu.com/people/issuoow
http://www.zhihu.com/people/tabris
http://www.zhihu.com/people/wang-jia-33
http://www.zhihu.com/people/guolin
http://www.zhihu.com/people/jiangezhuren
http://www.zhihu.com/people/kabi
http://www.zhihu.com/people/jian-sheng-29
http://www.zhihu.com/people/iandyh
http://www.zhihu.com/people/notor
http://www.zhihu.com/people/chengyuan
http://www.zhihu.com/people/orpheus
http://www.zhihu.com/people/liu-su-yuan
http://www.zhihu.com/people/nanamint
http://www.zhihu.com/people/fffsss
http://www.zhihu.com/people/hao-wei-guang
http://www.zhihu.com/people/neo00000
http://www.zhihu.com/people/zhengqinyu
http://www.zhihu.com/people/udonmai
http://www.zhihu.com/people/phoenixlee
http://www.zhihu.com/people/ningwu
http://www.zhihu.com/people/zhang-yan-74
http://www.zhihu.com/people/yang-guang-ming
http://www.zhihu.com/people/zhoushimeng
http://www.zhihu.com/people/sunset
http://www.zhihu.com/people/zhang-feng-68
http://www.zhihu.com/people/fc1987
http://www.zhihu.com/people/ryans
http://www.zhihu.com/people/hao-howard
http://www.zhihu.com/people/doustars
http://www.zhihu.com/people/hetaojun
http://www.zhihu.com/people/ayuu
http://www.zhihu.com/people/lijigang.com
http://www.zhihu.com/people/fang-ming-zi
http://www.zhihu.com/people/vcent
http://www.zhihu.com/people/Lingcoo
http://www.zhihu.com/people/qisee
http://www.zhihu.com/people/hxddh
http://www.zhihu.com/people/flying-soft-rock
http://www.zhihu.com/people/he-jia-chun
http://www.zhihu.com/people/liamhero
http://www.zhihu.com/people/yuan-erer
http://www.zhihu.com/people/zhu-hui-lai
http://www.zhihu.com/people/yang-jun-yu-54
http://www.zhihu.com/people/zxb888
http://www.zhihu.com/people/safaring
http://www.zhihu.com/people/xiao-mao
http://www.zhihu.com/people/tang-yi-31
http://www.zhihu.com/people/andy12530
http://www.zhihu.com/people/su27
http://www.zhihu.com/people/dcer
http://www.zhihu.com/people/gino
http://www.zhihu.com/people/deanlee
http://www.zhihu.com/people/songzhibai
http://www.zhihu.com/people/dynamicstream
http://www.zhihu.com/people/wenwei
http://www.zhihu.com/people/alina2150
http://www.zhihu.com/people/fanxiaojie
http://www.zhihu.com/people/oyeoye
http://www.zhihu.com/people/peixiaolei
http://www.zhihu.com/people/cai-shu-xue-qian-yima-nong
http://www.zhihu.com/people/wang-si-hai-62
http://www.zhihu.com/people/niu-he-qing
http://www.zhihu.com/people/mu-gu
http://www.zhihu.com/people/inext
http://www.zhihu.com/people/yvette
http://www.zhihu.com/people/song-xing-mao
http://www.zhihu.com/people/zhongkun
http://www.zhihu.com/people/huang-kun-95
http://www.zhihu.com/people/yan-liu
http://www.zhihu.com/people/liyonghua
http://www.zhihu.com/people/1siva
http://www.zhihu.com/people/greengnn
http://www.zhihu.com/people/shitianxiao
http://www.zhihu.com/people/bassclef
http://www.zhihu.com/people/xzhan121
http://www.zhihu.com/people/su-chen-84
http://www.zhihu.com/people/garthz
http://www.zhihu.com/people/sqrabs
http://www.zhihu.com/people/laofung
http://www.zhihu.com/people/jing-lei
http://www.zhihu.com/people/nontin
http://www.zhihu.com/people/lugongzi
http://www.zhihu.com/people/hexiaobo
http://www.zhihu.com/people/bewho
http://www.zhihu.com/people/tangweijun
http://www.zhihu.com/people/Zoge
http://www.zhihu.com/people/psjay
http://www.zhihu.com/people/beiyuu
http://www.zhihu.com/people/heroin4
http://www.zhihu.com/people/vance
http://www.zhihu.com/people/Zhidong.pro
http://www.zhihu.com/people/RichardZhang
http://www.zhihu.com/people/lu-zhen-yu-_alon
http://www.zhihu.com/people/li-yang
http://www.zhihu.com/people/henter
http://www.zhihu.com/people/tianchunfeng
http://www.zhihu.com/people/zong-hua
http://www.zhihu.com/people/yiiran
http://www.zhihu.com/people/chenhua-rong
http://www.zhihu.com/people/CMGS
http://www.zhihu.com/people/tangqiao
http://www.zhihu.com/people/sun-yun-xiao
http://www.zhihu.com/people/zclong
http://www.zhihu.com/people/liu-qi
http://www.zhihu.com/people/lu-shi-si
http://www.zhihu.com/people/jurtaxia
http://www.zhihu.com/people/zhuxiaoyan
http://www.zhihu.com/people/hexin
http://www.zhihu.com/people/dddpppbox
http://www.zhihu.com/people/hong-liang
http://www.zhihu.com/people/skylovemm
http://www.zhihu.com/people/puloon
http://www.zhihu.com/people/ycflame
http://www.zhihu.com/people/cao-ting-ting
http://www.zhihu.com/people/kejun
http://www.zhihu.com/people/mvj3
http://www.zhihu.com/people/hxchai
http://www.zhihu.com/people/burado
http://www.zhihu.com/people/austin
http://www.zhihu.com/people/hu-xiao-dan
http://www.zhihu.com/people/tao-fu-min
http://www.zhihu.com/people/magmawu
http://www.zhihu.com/people/icaiguobin
http://www.zhihu.com/people/guanxiaoxiao
http://www.zhihu.com/people/springbear
http://www.zhihu.com/people/hooopo
http://www.zhihu.com/people/amelie5211
http://www.zhihu.com/people/djvu
http://www.zhihu.com/people/gong-jin-62
http://www.zhihu.com/people/rachelyun
http://www.zhihu.com/people/tutuyang
http://www.zhihu.com/people/houniao
http://www.zhihu.com/people/dirty-monkey
http://www.zhihu.com/people/think
http://www.zhihu.com/people/dilfish
http://www.zhihu.com/people/zhao-chen-xu
http://www.zhihu.com/people/dongwang
http://www.zhihu.com/people/sprhawk
http://www.zhihu.com/people/supporter
http://www.zhihu.com/people/neaton
http://www.zhihu.com/people/menghan
http://www.zhihu.com/people/zebra
http://www.zhihu.com/people/liulixiang
http://www.zhihu.com/people/kollinchu
http://www.zhihu.com/people/yaofur
http://www.zhihu.com/people/he-yan-87
http://www.zhihu.com/people/JeOam
http://www.zhihu.com/people/luoluo
http://www.zhihu.com/people/liuyiding
http://www.zhihu.com/people/liuya802
http://www.zhihu.com/people/HaoranZhang
http://www.zhihu.com/people/tood
http://www.zhihu.com/people/hu-qian-qiu
http://www.zhihu.com/people/meck
http://www.zhihu.com/people/yaoxu
http://www.zhihu.com/people/loujianwen
http://www.zhihu.com/people/fabulousqi
http://www.zhihu.com/people/qianjin
http://www.zhihu.com/people/yu-ming-gu-wen-chen-tao
http://www.zhihu.com/people/grep
http://www.zhihu.com/people/hivan
http://www.zhihu.com/people/wangping
http://www.zhihu.com/people/jesse_luo
http://www.zhihu.com/people/rong-hao
http://www.zhihu.com/people/ikbear
http://www.zhihu.com/people/monkzq
http://www.zhihu.com/people/freemem
http://www.zhihu.com/people/liu-wen-tao
http://www.zhihu.com/people/fu-quan-sheng
http://www.zhihu.com/people/guowenxin
http://www.zhihu.com/people/sparkxxf
http://www.zhihu.com/people/xiangge
http://www.zhihu.com/people/gaochunzy
http://www.zhihu.com/people/chong
http://www.zhihu.com/people/tang-chen
http://www.zhihu.com/people/dai-xiao-hua
http://www.zhihu.com/people/wind
http://www.zhihu.com/people/miya
http://www.zhihu.com/people/hackdata
http://www.zhihu.com/people/alang
http://www.zhihu.com/people/linux
http://www.zhihu.com/people/kings
http://www.zhihu.com/people/dreamcog
http://www.zhihu.com/people/wu-da
http://www.zhihu.com/people/jiyinyiyong
http://www.zhihu.com/people/qiuchao
http://www.zhihu.com/people/weishibo
http://www.zhihu.com/people/su-fei
http://www.zhihu.com/people/roychou
http://www.zhihu.com/people/xizhaoweiyang
http://www.zhihu.com/people/JoeyZhi
http://www.zhihu.com/people/chenglong
http://www.zhihu.com/people/laotao
http://www.zhihu.com/people/xiaoquan
http://www.zhihu.com/people/mountain
http://www.zhihu.com/people/loon
http://www.zhihu.com/people/yanglu
http://www.zhihu.com/people/AnswerUE
http://www.zhihu.com/people/changyang
http://www.zhihu.com/people/quiver
http://www.zhihu.com/people/patto
http://www.zhihu.com/people/xu-jia-ming
http://www.zhihu.com/people/naoyeye
http://www.zhihu.com/people/felixyang
http://www.zhihu.com/people/longhao
http://www.zhihu.com/people/pu-xu-dong
http://www.zhihu.com/people/li-kang
http://www.zhihu.com/people/vanemu
http://www.zhihu.com/people/ryankung
http://www.zhihu.com/people/gymitat
http://www.zhihu.com/people/smartweb
http://www.zhihu.com/people/peizheng
http://www.zhihu.com/people/luoyundeng
http://www.zhihu.com/people/pwmm
http://www.zhihu.com/people/qingfeng
http://www.zhihu.com/people/cun-zhi
http://www.zhihu.com/people/douban
http://www.zhihu.com/people/suave
http://www.zhihu.com/people/zhangdongying
http://www.zhihu.com/people/maidou
http://www.zhihu.com/people/xiongharry
http://www.zhihu.com/people/mazesoul
http://www.zhihu.com/people/cici
http://www.zhihu.com/people/blue
http://www.zhihu.com/people/mobiuschen
http://www.zhihu.com/people/qintao
http://www.zhihu.com/people/linsk
http://www.zhihu.com/people/granguo
http://www.zhihu.com/people/mcbuder
http://www.zhihu.com/people/jiajiao
http://www.zhihu.com/people/gui-jun-hong
http://www.zhihu.com/people/Xiamo-w3iq7
http://www.zhihu.com/people/laixian
http://www.zhihu.com/people/whale
http://www.zhihu.com/people/dongyi
http://www.zhihu.com/people/javor
http://www.zhihu.com/people/irachex
http://www.zhihu.com/people/whshang
http://www.zhihu.com/people/bighead
http://www.zhihu.com/people/lubenyuan.com
http://www.zhihu.com/people/keso
http://www.zhihu.com/people/noyy
http://www.zhihu.com/people/liang
http://www.zhihu.com/people/napolen86
http://www.zhihu.com/people/cooerson
http://www.zhihu.com/people/skyxqc
http://www.zhihu.com/people/zhangga
http://www.zhihu.com/people/lixiangmin
http://www.zhihu.com/people/junwei
http://www.zhihu.com/people/pengyu
http://www.zhihu.com/people/abjkl
http://www.zhihu.com/people/oxygen
http://www.zhihu.com/people/makestory
http://www.zhihu.com/people/changsheng
http://www.zhihu.com/people/hongqn
http://www.zhihu.com/people/jixin
http://www.zhihu.com/people/yang
http://www.zhihu.com/people/shijun
http://www.zhihu.com/people/datouma
http://www.zhihu.com/people/alex
