http://www.zhihu.com/people/zai-yi-luo
http://www.zhihu.com/people/liu-xu-becky
http://www.zhihu.com/people/zhou-jing-kai
http://www.zhihu.com/people/zhu-rui-xiang
http://www.zhihu.com/people/zhou-qi-yi
http://www.zhihu.com/people/liu-xiao-yang-86
http://www.zhihu.com/people/yech
http://www.zhihu.com/people/zhang-bei-li-er
http://www.zhihu.com/people/j-zhang-27
http://www.zhihu.com/people/luo-da-shao-73
http://www.zhihu.com/people/xue-wa-qia
http://www.zhihu.com/people/MrBar
http://www.zhihu.com/people/ni-ming-yong-hu-18-44
http://www.zhihu.com/people/tvvocold
http://www.zhihu.com/people/duan-lei-4
http://www.zhihu.com/people/deutsch-99
http://www.zhihu.com/people/fantasy-45
http://www.zhihu.com/people/nan-zhou
http://www.zhihu.com/people/he-zhong-yu-87
http://www.zhihu.com/people/jing-xiao-liang
http://www.zhihu.com/people/la-la-liu
http://www.zhihu.com/people/echo-5-99
http://www.zhihu.com/people/xiao-jian-76-23
http://www.zhihu.com/people/monlulu
http://www.zhihu.com/people/an-kang-75
http://www.zhihu.com/people/lang-zhi-cheng
http://www.zhihu.com/people/de-er-ba
http://www.zhihu.com/people/temperanyy
http://www.zhihu.com/people/li-chen-68
http://www.zhihu.com/people/ma-xiao-zhong
http://www.zhihu.com/people/doctorqq
http://www.zhihu.com/people/toto-23
http://www.zhihu.com/people/silentwindy
http://www.zhihu.com/people/toylori
http://www.zhihu.com/people/rush
http://www.zhihu.com/people/wei-a-yi
http://www.zhihu.com/people/mo-shang-sang-27
http://www.zhihu.com/people/zhang-en-wen
http://www.zhihu.com/people/lou-xin-yue-64
http://www.zhihu.com/people/scholes-lennox
http://www.zhihu.com/people/lining
http://www.zhihu.com/people/niunai
http://www.zhihu.com/people/zhu-jing-85
http://www.zhihu.com/people/lifanxi
http://www.zhihu.com/people/zhang-ting-24-31
http://www.zhihu.com/people/neil-35-70
http://www.zhihu.com/people/fang-xing-nan-91
http://www.zhihu.com/people/ayr1
http://www.zhihu.com/people/cai-an-yu
http://www.zhihu.com/people/dong-jia-ming-63
http://www.zhihu.com/people/xu-nan-xi
http://www.zhihu.com/people/leano
http://www.zhihu.com/people/liuuze
http://www.zhihu.com/people/bang-xiao-hao
http://www.zhihu.com/people/wang-dou-sha-95
http://www.zhihu.com/people/MrHo
http://www.zhihu.com/people/Ponder
http://www.zhihu.com/people/bai-zhu-shui-99
http://www.zhihu.com/people/wan-pu
http://www.zhihu.com/people/xin-yang-15
http://www.zhihu.com/people/lin-mu-mu-90-30
http://www.zhihu.com/people/fan-xiao-xuan-41
http://www.zhihu.com/people/yu-si-yue-65
http://www.zhihu.com/people/xia-zhen-46
http://www.zhihu.com/people/long-li-hong
http://www.zhihu.com/people/chang-kai-xin-85
http://www.zhihu.com/people/yang-bo-5-56
http://www.zhihu.com/people/pandacc
http://www.zhihu.com/people/bryan-wang-48
http://www.zhihu.com/people/du-ying-jie
http://www.zhihu.com/people/huang-ming-liang
http://www.zhihu.com/people/yuan-chun-59
http://www.zhihu.com/people/evenx86
http://www.zhihu.com/people/sheng-xi-men
http://www.zhihu.com/people/zhou-diao
http://www.zhihu.com/people/yoyo-zhao-58
http://www.zhihu.com/people/wu-ruo-xi-39
http://www.zhihu.com/people/lonsdale-allison
http://www.zhihu.com/people/yao-zu
http://www.zhihu.com/people/shen-lan-hai
http://www.zhihu.com/people/xulaohan
http://www.zhihu.com/people/wei-ai-you-lan
http://www.zhihu.com/people/EvaFlYs
http://www.zhihu.com/people/xiao-chu
http://www.zhihu.com/people/huang-ji-pan-48
http://www.zhihu.com/people/heaven_000
http://www.zhihu.com/people/linaoshi
http://www.zhihu.com/people/NowayZhou
http://www.zhihu.com/people/shi-chen-xiao
http://www.zhihu.com/people/li-xiao-20-17
http://www.zhihu.com/people/yan-sheng-20-44
http://www.zhihu.com/people/li-xin-29-64
http://www.zhihu.com/people/ming-yue-70
http://www.zhihu.com/people/aria-31
http://www.zhihu.com/people/kennykung
http://www.zhihu.com/people/xia-mu-46-69
http://www.zhihu.com/people/yang-fan-60-8
http://www.zhihu.com/people/xudekai
http://www.zhihu.com/people/qing-song-lu
http://www.zhihu.com/people/jaqea-shey
http://www.zhihu.com/people/Selerare
http://www.zhihu.com/people/LH
http://www.zhihu.com/people/bruce-66-86
http://www.zhihu.com/people/zheng-nan-0527
http://www.zhihu.com/people/chang-yi-22
http://www.zhihu.com/people/tang-lian-rong
http://www.zhihu.com/people/calmu
http://www.zhihu.com/people/zhui-yi-xun-lu
http://www.zhihu.com/people/jun-yi-14
http://www.zhihu.com/people/wang-yu-jue-90
http://www.zhihu.com/people/hou-xue-cun
http://www.zhihu.com/people/xxc-shuichong
http://www.zhihu.com/people/wang-ying-97-70
http://www.zhihu.com/people/tang-xiong-fei
http://www.zhihu.com/people/zhang-wei-dong-59
http://www.zhihu.com/people/wang-zhen-xing-69
http://www.zhihu.com/people/sfesly
http://www.zhihu.com/people/pwj1568
http://www.zhihu.com/people/ai-dang
http://www.zhihu.com/people/frymeat-deng
http://www.zhihu.com/people/ren-jie-77-31
http://www.zhihu.com/people/zhang-san-feng-81-29
http://www.zhihu.com/people/liu-bai-lu-16
http://www.zhihu.com/people/gu-ai-bin-98
http://www.zhihu.com/people/guhongguangju
http://www.zhihu.com/people/guiyuplus
http://www.zhihu.com/people/myqqhero
http://www.zhihu.com/people/shane106
http://www.zhihu.com/people/kong-rong-26
http://www.zhihu.com/people/riddlegodwang-wang
http://www.zhihu.com/people/yin-hu-22
http://www.zhihu.com/people/han-jiang-xue-48
http://www.zhihu.com/people/bhuztez
http://www.zhihu.com/people/zhou-yang-yang-93
http://www.zhihu.com/people/fsdfervvbb
http://www.zhihu.com/people/liu-gang-ya
http://www.zhihu.com/people/bu-zhi-hu
http://www.zhihu.com/people/guo-zi-1
http://www.zhihu.com/people/ByronAlexander
http://www.zhihu.com/people/tera
http://www.zhihu.com/people/tumbler
http://www.zhihu.com/people/he-ran-48
http://www.zhihu.com/people/da-shang-shang
http://www.zhihu.com/people/wang-han-6
http://www.zhihu.com/people/bai-yun-3
http://www.zhihu.com/people/felania-liu
http://www.zhihu.com/people/aspirinfox
http://www.zhihu.com/people/zhu-yixin-42
http://www.zhihu.com/people/sun-xi-gua
http://www.zhihu.com/people/liaofanwei
http://www.zhihu.com/people/frank-17
http://www.zhihu.com/people/clarkyu-39
http://www.zhihu.com/people/zhu-si-xiang
http://www.zhihu.com/people/wang-san-shui-shou
http://www.zhihu.com/people/shenpp
http://www.zhihu.com/people/iaisin
http://www.zhihu.com/people/alice-45-16
http://www.zhihu.com/people/linguangfu
http://www.zhihu.com/people/zou-yun-jia
http://www.zhihu.com/people/kyouma
http://www.zhihu.com/people/Leslie0910
http://www.zhihu.com/people/di-di-44
http://www.zhihu.com/people/shi-yong-shan
http://www.zhihu.com/people/he-bu-ke
http://www.zhihu.com/people/liu-xiao-hong-73
http://www.zhihu.com/people/LyRa07
http://www.zhihu.com/people/chen-chen-78-1
http://www.zhihu.com/people/chen-chang-dong-77
http://www.zhihu.com/people/guaishushuV587
http://www.zhihu.com/people/mulin
http://www.zhihu.com/people/hu-han-22
http://www.zhihu.com/people/xinzhaobuxuan
http://www.zhihu.com/people/hxl0708
http://www.zhihu.com/people/yao-miao-yan
http://www.zhihu.com/people/ran-fang-67
http://www.zhihu.com/people/chen-shao-peng-14
http://www.zhihu.com/people/shu-yun-36
http://www.zhihu.com/people/yang-sen-24
http://www.zhihu.com/people/xia-tian-29-79
http://www.zhihu.com/people/jason-pu
http://www.zhihu.com/people/little-summer
http://www.zhihu.com/people/iseesea
http://www.zhihu.com/people/situchuifeng
http://www.zhihu.com/people/jixin
http://www.zhihu.com/people/hynguyen
http://www.zhihu.com/people/mark-ge-45
http://www.zhihu.com/people/liu-xiao-miao-m
http://www.zhihu.com/people/zheng-cheng-37
http://www.zhihu.com/people/feng-xue-12
http://www.zhihu.com/people/maskn
http://www.zhihu.com/people/di-lu-mu-duo
http://www.zhihu.com/people/li-fei-yang-75
http://www.zhihu.com/people/li-huan-16
http://www.zhihu.com/people/duan-yi-lin
http://www.zhihu.com/people/lin-lin-lin-1
http://www.zhihu.com/people/a-miao-59
http://www.zhihu.com/people/zhong-ren-lei-35
http://www.zhihu.com/people/g-pro
http://www.zhihu.com/people/ying-ying-lau
http://www.zhihu.com/people/jiang-xiao-jun-51
http://www.zhihu.com/people/zhang-dong-sheng-1
http://www.zhihu.com/people/geng-shao
http://www.zhihu.com/people/lu-yuan-bao
http://www.zhihu.com/people/liu-xiong-feng-93
http://www.zhihu.com/people/sun-ji-gao
http://www.zhihu.com/people/amberain
http://www.zhihu.com/people/yu-liang-37
http://www.zhihu.com/people/anna-zhang-89
http://www.zhihu.com/people/shen-shui-13-13
http://www.zhihu.com/people/cao-yu-88-27
http://www.zhihu.com/people/mo-shen-94
http://www.zhihu.com/people/iyan
http://www.zhihu.com/people/apm200
http://www.zhihu.com/people/chouthen
http://www.zhihu.com/people/tan-yin-10
http://www.zhihu.com/people/lunarbud
http://www.zhihu.com/people/dong-chao-19
http://www.zhihu.com/people/yang-xin-53
http://www.zhihu.com/people/li-ruo-yu-46
http://www.zhihu.com/people/zhang-pu-98
http://www.zhihu.com/people/huang-guo-qing-60
http://www.zhihu.com/people/sen-lin-lu
http://www.zhihu.com/people/safawo
http://www.zhihu.com/people/di-sheng-4
http://www.zhihu.com/people/rongyiren
http://www.zhihu.com/people/david.dai
http://www.zhihu.com/people/un0s2
http://www.zhihu.com/people/jun-shao-55
http://www.zhihu.com/people/caozhihu
http://www.zhihu.com/people/xu-xue-hen
http://www.zhihu.com/people/yang-hui-yang
http://www.zhihu.com/people/wang-liao-de
http://www.zhihu.com/people/evelyn10
http://www.zhihu.com/people/freesyf
http://www.zhihu.com/people/cutiecute
http://www.zhihu.com/people/xie-wei-74-75
http://www.zhihu.com/people/fang-wen-32
http://www.zhihu.com/people/yang-yan-1
http://www.zhihu.com/people/asurali
http://www.zhihu.com/people/sun-er-88
http://www.zhihu.com/people/wang-bin-bin-78
http://www.zhihu.com/people/zhang-yi-fan-48
http://www.zhihu.com/people/xu-xing
http://www.zhihu.com/people/wang-long-biao
http://www.zhihu.com/people/xdting
http://www.zhihu.com/people/li-xu-chu-85
http://www.zhihu.com/people/ba-tong-15
http://www.zhihu.com/people/sun-conrad
http://www.zhihu.com/people/gu-yue-10-2
http://www.zhihu.com/people/ReCaLl.Zzc
http://www.zhihu.com/people/liu-jian-ming-61-25
http://www.zhihu.com/people/qu-peng-55
http://www.zhihu.com/people/jiang-da-pang
http://www.zhihu.com/people/chen-lei-142857
http://www.zhihu.com/people/magicmonk
http://www.zhihu.com/people/xy.ting
http://www.zhihu.com/people/qiao-dou
http://www.zhihu.com/people/qiu-hai-tang-51
http://www.zhihu.com/people/chen-ru-yi-49
http://www.zhihu.com/people/alvin-50
http://www.zhihu.com/people/xiangjiang
http://www.zhihu.com/people/huang-jun-93-19
http://www.zhihu.com/people/liu-he-mu-59
http://www.zhihu.com/people/li-hui-44-8
http://www.zhihu.com/people/yanzifeiwula
http://www.zhihu.com/people/penson
http://www.zhihu.com/people/mi-lan
http://www.zhihu.com/people/joyann
http://www.zhihu.com/people/yin-yue-61
http://www.zhihu.com/people/shangfly
http://www.zhihu.com/people/jiang-yang-23
http://www.zhihu.com/people/wu-song-65
http://www.zhihu.com/people/wang-zi-tong-78
http://www.zhihu.com/people/fkysly
http://www.zhihu.com/people/thinkinnight
http://www.zhihu.com/people/chen-kun-lun-47
http://www.zhihu.com/people/yllyll
http://www.zhihu.com/people/yao-79
http://www.zhihu.com/people/LoveLBX
http://www.zhihu.com/people/long-lu-92
http://www.zhihu.com/people/tan-ri-tian
http://www.zhihu.com/people/codesunday
http://www.zhihu.com/people/zorrot-ui
http://www.zhihu.com/people/owenne
http://www.zhihu.com/people/guo-da-lu-13-28
http://www.zhihu.com/people/wee1
http://www.zhihu.com/people/lin-si-25
http://www.zhihu.com/people/wen-kun-guo
http://www.zhihu.com/people/zhang-wei-biao
http://www.zhihu.com/people/cheng-fang-45
http://www.zhihu.com/people/wu-zi-da
http://www.zhihu.com/people/cheng-yuan-97
http://www.zhihu.com/people/da-yang-ge
http://www.zhihu.com/people/wang-kai-2-82
http://www.zhihu.com/people/zhangzheng10
http://www.zhihu.com/people/huang-di-xiao-sheng
http://www.zhihu.com/people/chiang-cyrus
http://www.zhihu.com/people/laito
http://www.zhihu.com/people/shi-wei-hu-bu-gui
http://www.zhihu.com/people/xsheng-13
http://www.zhihu.com/people/dai-da-bei
http://www.zhihu.com/people/jason-chou-48
http://www.zhihu.com/people/stupident
http://www.zhihu.com/people/npbool
http://www.zhihu.com/people/tao-lin-27-63
http://www.zhihu.com/people/xiao-yu-long
http://www.zhihu.com/people/xu-yi-yu-71
http://www.zhihu.com/people/ma-li-lian-67
http://www.zhihu.com/people/li-he-78-75
http://www.zhihu.com/people/huang-yao-peng
http://www.zhihu.com/people/huxiaoyi
http://www.zhihu.com/people/yang-xiao-yu-40-82
http://www.zhihu.com/people/script-aw
http://www.zhihu.com/people/lyqabc
http://www.zhihu.com/people/lin-mu-lue
http://www.zhihu.com/people/xu-zhe-42
http://www.zhihu.com/people/soifu-muystr
http://www.zhihu.com/people/cheng-chang
http://www.zhihu.com/people/lou-chao-qi
http://www.zhihu.com/people/Andreas-LIU
http://www.zhihu.com/people/muliangyu
http://www.zhihu.com/people/zhang-bo-67-32
http://www.zhihu.com/people/zhang-yan-lei-69
http://www.zhihu.com/people/li-cheng-gan
http://www.zhihu.com/people/changeself
http://www.zhihu.com/people/xietingwen
http://www.zhihu.com/people/chengzhoukun
http://www.zhihu.com/people/gaohy
http://www.zhihu.com/people/shmilypeter
http://www.zhihu.com/people/ding-yi-28-40
http://www.zhihu.com/people/wang-geng-2
http://www.zhihu.com/people/chen-yu-69-14
http://www.zhihu.com/people/peng-peng-peng-97
http://www.zhihu.com/people/he-yuan-sheng
http://www.zhihu.com/people/shi-ba-7
http://www.zhihu.com/people/freedomwyb
http://www.zhihu.com/people/hugo2lee
http://www.zhihu.com/people/jueying-37-34
http://www.zhihu.com/people/john-leon
http://www.zhihu.com/people/cheng-xiao-dong-29
http://www.zhihu.com/people/lu-chen-hong
http://www.zhihu.com/people/zhang-xu-yang-63
http://www.zhihu.com/people/littlecup
http://www.zhihu.com/people/susanlee
http://www.zhihu.com/people/liangsz
http://www.zhihu.com/people/neolim
http://www.zhihu.com/people/wang-yue-89-19
http://www.zhihu.com/people/long-yun-88-6
http://www.zhihu.com/people/marlboroknight
http://www.zhihu.com/people/wen-si-xing
http://www.zhihu.com/people/bao-biao
http://www.zhihu.com/people/zhao-chong-38
http://www.zhihu.com/people/gong-yu-9111
http://www.zhihu.com/people/guo-jia-chen-67-64
http://www.zhihu.com/people/yu-xing-fu
http://www.zhihu.com/people/liao-ze-hao-41
http://www.zhihu.com/people/yeezi
http://www.zhihu.com/people/zhang-jin-shan-38
http://www.zhihu.com/people/morea
http://www.zhihu.com/people/zhouyurui
http://www.zhihu.com/people/acetylcholine
http://www.zhihu.com/people/xu-jing-21
http://www.zhihu.com/people/byring
http://www.zhihu.com/people/wangqingxuan
http://www.zhihu.com/people/tian-han-ze
http://www.zhihu.com/people/zhangjianbo
http://www.zhihu.com/people/wen-yue-yu-19
http://www.zhihu.com/people/na-na-44
http://www.zhihu.com/people/lu-jin-55
http://www.zhihu.com/people/fengxuewei
http://www.zhihu.com/people/chu-yang-40
http://www.zhihu.com/people/yang-yu-qi-71
http://www.zhihu.com/people/dong-xue-wen
http://www.zhihu.com/people/gao-jing-song-37
http://www.zhihu.com/people/hao-peng-cheng
http://www.zhihu.com/people/yi-ya-xi
http://www.zhihu.com/people/li-xiao-wen-82
http://www.zhihu.com/people/lan-kai-si-te-li
http://www.zhihu.com/people/Iuuengo
http://www.zhihu.com/people/qiu-liang-71
http://www.zhihu.com/people/yi-an-69
http://www.zhihu.com/people/kou-min
http://www.zhihu.com/people/locnlee
http://www.zhihu.com/people/fucheng-wang
http://www.zhihu.com/people/wenwenerya
http://www.zhihu.com/people/peoplegxs
http://www.zhihu.com/people/song-hang-yu
http://www.zhihu.com/people/cucjasonlee
http://www.zhihu.com/people/gaoxiaoman
http://www.zhihu.com/people/noiplee
http://www.zhihu.com/people/lee-ree
http://www.zhihu.com/people/qiang-zhong-yi
http://www.zhihu.com/people/si-yuan-18
http://www.zhihu.com/people/neuf
http://www.zhihu.com/people/Ysis
http://www.zhihu.com/people/chen-qiong-yu
http://www.zhihu.com/people/jacob-li
http://www.zhihu.com/people/liang-yu-fan
http://www.zhihu.com/people/aaronsu
http://www.zhihu.com/people/djean
http://www.zhihu.com/people/xuzewei
http://www.zhihu.com/people/shao-xiong-64
http://www.zhihu.com/people/yarkb
http://www.zhihu.com/people/yu-jia-21-47
http://www.zhihu.com/people/bo-wen-49
http://www.zhihu.com/people/zhuang-xiao-meng
http://www.zhihu.com/people/zhao-xiao-long-56
http://www.zhihu.com/people/dina
http://www.zhihu.com/people/yu-yang-41
http://www.zhihu.com/people/zhao-xuan-62
http://www.zhihu.com/people/liu-gao-yuan
http://www.zhihu.com/people/withparadox2
http://www.zhihu.com/people/gu-yao-zong
http://www.zhihu.com/people/han-yan-hui
http://www.zhihu.com/people/myxydx
http://www.zhihu.com/people/li-zi-wei-44
http://www.zhihu.com/people/iamloje
http://www.zhihu.com/people/kaidi-guo
http://www.zhihu.com/people/chen-chen-38-78
http://www.zhihu.com/people/zhang-xiao-dong-71
http://www.zhihu.com/people/lanke-30
http://www.zhihu.com/people/shi-xiu-feng
http://www.zhihu.com/people/huangdingben
http://www.zhihu.com/people/chang-cheng-jiang
http://www.zhihu.com/people/huang-xiao-55
http://www.zhihu.com/people/fangcarrot
http://www.zhihu.com/people/nakutoki
http://www.zhihu.com/people/kevin-liu-15
http://www.zhihu.com/people/yskin
http://www.zhihu.com/people/si-nian-1
http://www.zhihu.com/people/li-fan-95
http://www.zhihu.com/people/ruppy
http://www.zhihu.com/people/xiao-ming-31
http://www.zhihu.com/people/lilizong
http://www.zhihu.com/people/chen-feng-wang
http://www.zhihu.com/people/yang-guang-11-55
http://www.zhihu.com/people/zhu-ge-5
http://www.zhihu.com/people/zhuang-jia-85
http://www.zhihu.com/people/wengjie
http://www.zhihu.com/people/gwmwhu
http://www.zhihu.com/people/qi-ge-ge-24
http://www.zhihu.com/people/marklee-26
http://www.zhihu.com/people/malcolmyu
http://www.zhihu.com/people/maxzsc
http://www.zhihu.com/people/mo-hui-81
http://www.zhihu.com/people/long-bao-19
http://www.zhihu.com/people/Mohu
http://www.zhihu.com/people/wibile
http://www.zhihu.com/people/li-hai-bo-78-69
http://www.zhihu.com/people/jiang-xia-97
http://www.zhihu.com/people/wei-wei-87-88
http://www.zhihu.com/people/jing-xiao-zhu-60
http://www.zhihu.com/people/cang-mang-6
http://www.zhihu.com/people/oldplusnew
http://www.zhihu.com/people/liaojunyuan.com
http://www.zhihu.com/people/ni-hao-58-99
http://www.zhihu.com/people/halfmile
http://www.zhihu.com/people/jiangshaoliu
http://www.zhihu.com/people/qi-gang-65
http://www.zhihu.com/people/miao-5
http://www.zhihu.com/people/feichai_dashu
http://www.zhihu.com/people/xie-wei-you
http://www.zhihu.com/people/geekylee
http://www.zhihu.com/people/ha-xiao-gang
http://www.zhihu.com/people/cold-cold
http://www.zhihu.com/people/wang-ting-ting-28-65
http://www.zhihu.com/people/pang-ding-wang
http://www.zhihu.com/people/phonism
http://www.zhihu.com/people/guo-shu-jian
http://www.zhihu.com/people/bingoloveyou
http://www.zhihu.com/people/jindl
http://www.zhihu.com/people/guo-nuo-wei
http://www.zhihu.com/people/zhong717
http://www.zhihu.com/people/mu-yi-40-73
http://www.zhihu.com/people/ge-lin-95
http://www.zhihu.com/people/clairewang0326
http://www.zhihu.com/people/buhaoqiao
http://www.zhihu.com/people/viry
http://www.zhihu.com/people/cindiemercy
http://www.zhihu.com/people/liu-guo-hui-24
http://www.zhihu.com/people/chieasura
http://www.zhihu.com/people/ding-er-ding
http://www.zhihu.com/people/cai-liang-mo-70
http://www.zhihu.com/people/yue-yi-he
http://www.zhihu.com/people/jarvis327
http://www.zhihu.com/people/zhou-gang-64
http://www.zhihu.com/people/zhongxiaotu
http://www.zhihu.com/people/yi-jiu-yi-nuan
http://www.zhihu.com/people/kookliu
http://www.zhihu.com/people/whchology
http://www.zhihu.com/people/li-zheng-91-39
http://www.zhihu.com/people/xu-zhi-ling-96
http://www.zhihu.com/people/zhou-jia-peng-6
http://www.zhihu.com/people/zhao-mo-er
http://www.zhihu.com/people/ximeir
http://www.zhihu.com/people/liu-xing-yu-53
http://www.zhihu.com/people/ri-ye-huang-bo
http://www.zhihu.com/people/neonyasushi
http://www.zhihu.com/people/jolllllly
http://www.zhihu.com/people/liu-liang-86
http://www.zhihu.com/people/guo-guo-99-90
http://www.zhihu.com/people/tan-hao-92
http://www.zhihu.com/people/qi-qi-52-78
http://www.zhihu.com/people/bai-shui-94-21
http://www.zhihu.com/people/wei-li-gan
http://www.zhihu.com/people/xiao-yao-81
http://www.zhihu.com/people/huang-zan-26
http://www.zhihu.com/people/fu-yiyi-24
http://www.zhihu.com/people/jilingbhl
http://www.zhihu.com/people/chengyuan
http://www.zhihu.com/people/zer0black
http://www.zhihu.com/people/cang-qi
http://www.zhihu.com/people/delab
http://www.zhihu.com/people/phineas
http://www.zhihu.com/people/ying-49
http://www.zhihu.com/people/li-diao-ya-11
http://www.zhihu.com/people/wayne-tong
http://www.zhihu.com/people/hong-tou-tou
http://www.zhihu.com/people/kang-storn
http://www.zhihu.com/people/mileo
http://www.zhihu.com/people/mi-tao
http://www.zhihu.com/people/lina22222
http://www.zhihu.com/people/yuanlili
http://www.zhihu.com/people/han-su-yu
http://www.zhihu.com/people/ray-guo-23
http://www.zhihu.com/people/guo-xiao-yang-18
http://www.zhihu.com/people/thuleye
http://www.zhihu.com/people/sherrybecks
http://www.zhihu.com/people/yimuxia
http://www.zhihu.com/people/liu-zhi-da
http://www.zhihu.com/people/ling-hu-cong
http://www.zhihu.com/people/jiang-yu-qiao
http://www.zhihu.com/people/zhou-fu-you
http://www.zhihu.com/people/han-jing-79
http://www.zhihu.com/people/leenkwun
http://www.zhihu.com/people/zhang-zi-xian-4
http://www.zhihu.com/people/lubinwei
http://www.zhihu.com/people/luobo16
http://www.zhihu.com/people/a-kun-71
http://www.zhihu.com/people/hou-ye-60
http://www.zhihu.com/people/qie-ge
http://www.zhihu.com/people/zhang-pi-shi
http://www.zhihu.com/people/fan-chen
http://www.zhihu.com/people/MR.black
http://www.zhihu.com/people/wei-dou-23
http://www.zhihu.com/people/li-di-34
http://www.zhihu.com/people/yang-wei-47-98
http://www.zhihu.com/people/winter-84
http://www.zhihu.com/people/gayscript
http://www.zhihu.com/people/li-ping-yang-61
http://www.zhihu.com/people/angelrian-s
http://www.zhihu.com/people/ma-que-10
http://www.zhihu.com/people/yang-xiao-ye-49
http://www.zhihu.com/people/icecreamer
http://www.zhihu.com/people/kokomi
http://www.zhihu.com/people/zhou-ying-61
http://www.zhihu.com/people/haytoo
http://www.zhihu.com/people/wei-han-ying
http://www.zhihu.com/people/chu-pei-rui
http://www.zhihu.com/people/wang-can-91
http://www.zhihu.com/people/cheng-wei-99
http://www.zhihu.com/people/cao-gang-46
http://www.zhihu.com/people/wywang
http://www.zhihu.com/people/liu-an-38
http://www.zhihu.com/people/tang-jing-yu-24
http://www.zhihu.com/people/zhang-san-niu
http://www.zhihu.com/people/qing-teng-5
http://www.zhihu.com/people/alexzhangwhu
http://www.zhihu.com/people/liu-ze-yu-88
http://www.zhihu.com/people/zheng-hao-74-37
http://www.zhihu.com/people/lin-zi-27-39
http://www.zhihu.com/people/zhan-shi-han
http://www.zhihu.com/people/wang-xu-46-66
http://www.zhihu.com/people/kimmking
http://www.zhihu.com/people/napoli-76
http://www.zhihu.com/people/You_Xingjie
http://www.zhihu.com/people/liu-huan-78
http://www.zhihu.com/people/bingyucas
http://www.zhihu.com/people/wang-meng-jun-98
http://www.zhihu.com/people/luoshui
http://www.zhihu.com/people/MEFISTO
http://www.zhihu.com/people/joyneop
http://www.zhihu.com/people/mtoc
http://www.zhihu.com/people/hanjiang
http://www.zhihu.com/people/huang-sen-jing
http://www.zhihu.com/people/jarod
http://www.zhihu.com/people/Haandlei
http://www.zhihu.com/people/han-wa-sai
http://www.zhihu.com/people/liu-xin-xin-99
http://www.zhihu.com/people/xu-xiao-dao-11
http://www.zhihu.com/people/chen-cheng-cheng-3-45
http://www.zhihu.com/people/ironsunny
http://www.zhihu.com/people/ma-wen-24-33
http://www.zhihu.com/people/zhu-huan-jie
http://www.zhihu.com/people/dhfl
http://www.zhihu.com/people/xiang-jun-31
http://www.zhihu.com/people/anyi90
http://www.zhihu.com/people/copper-friddle
http://www.zhihu.com/people/xiexiaopang
http://www.zhihu.com/people/li-gou-hai-12-23
http://www.zhihu.com/people/zhao-hong-yu-50
http://www.zhihu.com/people/ai-zi-35
http://www.zhihu.com/people/liu-ming-28-50
http://www.zhihu.com/people/hfitp
http://www.zhihu.com/people/gan-gan-23
http://www.zhihu.com/people/luo-yu-8
http://www.zhihu.com/people/meiyouzhuya
http://www.zhihu.com/people/lin-hai-96
http://www.zhihu.com/people/nan-qu-xiong-mao
http://www.zhihu.com/people/bu-yu-xuan
http://www.zhihu.com/people/zhang-da-dou
http://www.zhihu.com/people/dai-xiao-lan
http://www.zhihu.com/people/pydison
http://www.zhihu.com/people/solocut
http://www.zhihu.com/people/kay.x
http://www.zhihu.com/people/zhou-xiao-diao-50
http://www.zhihu.com/people/tcstar
http://www.zhihu.com/people/gu-si-qi
http://www.zhihu.com/people/li-xiang-66-51
http://www.zhihu.com/people/zhang-yan-36
http://www.zhihu.com/people/li-fang-ji
http://www.zhihu.com/people/_zhao_xu_
http://www.zhihu.com/people/yandy0725
http://www.zhihu.com/people/xu-dong-9-73
http://www.zhihu.com/people/celine-53
http://www.zhihu.com/people/lin-xiao-shu-83
http://www.zhihu.com/people/rickyxl
http://www.zhihu.com/people/wu-ke-er-87
http://www.zhihu.com/people/li-zi-zhu-47
http://www.zhihu.com/people/lu-zhao-jie
http://www.zhihu.com/people/marissa-14
http://www.zhihu.com/people/sellsoda
http://www.zhihu.com/people/zhao-jin-yuan
http://www.zhihu.com/people/caizhaolun
http://www.zhihu.com/people/xyuanchen
http://www.zhihu.com/people/teekee
http://www.zhihu.com/people/zhang_lei
http://www.zhihu.com/people/yuke-fighting
http://www.zhihu.com/people/yu-lu-83
http://www.zhihu.com/people/suikaixin
http://www.zhihu.com/people/yi-zhong-wei
http://www.zhihu.com/people/tian-min-6
http://www.zhihu.com/people/li-xiao-meng-85
http://www.zhihu.com/people/xu-shuang-8
http://www.zhihu.com/people/bei-ming-46
http://www.zhihu.com/people/qiu-mu-zi
http://www.zhihu.com/people/hong-xiao-dou
http://www.zhihu.com/people/wsyw
http://www.zhihu.com/people/li-fang-shuo
http://www.zhihu.com/people/sVicente
http://www.zhihu.com/people/zhang-zi-qiang-36
http://www.zhihu.com/people/yetone
http://www.zhihu.com/people/HanedaNakayama
http://www.zhihu.com/people/huangxisheng
http://www.zhihu.com/people/mei-ru-gu
http://www.zhihu.com/people/wang-yuan-66-5
http://www.zhihu.com/people/Robot-Yu
http://www.zhihu.com/people/dohu
http://www.zhihu.com/people/wang-en-bo
http://www.zhihu.com/people/jonathan_tian
http://www.zhihu.com/people/yang-yilei-18
http://www.zhihu.com/people/pan-xiao-25
http://www.zhihu.com/people/yangluhan1990
http://www.zhihu.com/people/Big2BMan
http://www.zhihu.com/people/xiao-xing-xing-er
http://www.zhihu.com/people/liu-zhu-3
http://www.zhihu.com/people/xie-xun-11
http://www.zhihu.com/people/song-jia-50
http://www.zhihu.com/people/bu-de-bud
http://www.zhihu.com/people/jin-shui
http://www.zhihu.com/people/TrusBe
http://www.zhihu.com/people/han-song-50
http://www.zhihu.com/people/zhang-ya-dong-9
http://www.zhihu.com/people/alswl
