http://www.zhihu.com/people/anchor
http://www.zhihu.com/people/ren-cheng-kai-82
http://www.zhihu.com/people/ferrysoon
http://www.zhihu.com/people/xiaolizhi
http://www.zhihu.com/people/ghyang
http://www.zhihu.com/people/a-du
http://www.zhihu.com/people/lihongtao
http://www.zhihu.com/people/xu-liu-97
http://www.zhihu.com/people/marszal
http://www.zhihu.com/people/zhou-jin-song
http://www.zhihu.com/people/timss-wu
http://www.zhihu.com/people/li-xiao-ge-1993
http://www.zhihu.com/people/twfsj
http://www.zhihu.com/people/senps
http://www.zhihu.com/people/wang-jin-68-91
http://www.zhihu.com/people/li-xuan-53
http://www.zhihu.com/people/ling-tian-81
http://www.zhihu.com/people/zhu-bo-tao
http://www.zhihu.com/people/victor-lee-38
http://www.zhihu.com/people/keasy
http://www.zhihu.com/people/leizhisheng
http://www.zhihu.com/people/li-ze-hang
http://www.zhihu.com/people/zhou-jun-xing
http://www.zhihu.com/people/Quibbler
http://www.zhihu.com/people/jin-hui-76
http://www.zhihu.com/people/wang-qi-57
http://www.zhihu.com/people/guan-ren-jie
http://www.zhihu.com/people/sun-tao-chong
http://www.zhihu.com/people/sunpov
http://www.zhihu.com/people/wang-xiao-gang-30-38
http://www.zhihu.com/people/vicareicaros
http://www.zhihu.com/people/zhang-lei-32-52
http://www.zhihu.com/people/jason-who
http://www.zhihu.com/people/yu-yue-35
http://www.zhihu.com/people/yeeer
http://www.zhihu.com/people/shirley00000001
http://www.zhihu.com/people/qing-feng-wu-ying-93
http://www.zhihu.com/people/guaiss
http://www.zhihu.com/people/larry-94
http://www.zhihu.com/people/wang-yang-13-76
http://www.zhihu.com/people/lei-ou-1
http://www.zhihu.com/people/andy-dong
http://www.zhihu.com/people/huyichuan
http://www.zhihu.com/people/he-zhi-gang-90
http://www.zhihu.com/people/boodorg
http://www.zhihu.com/people/lao-xiao-nie
http://www.zhihu.com/people/huanghuihui1991
http://www.zhihu.com/people/liu-li-ping-41
http://www.zhihu.com/people/qu-yu-miao
http://www.zhihu.com/people/xu-de-de-37
http://www.zhihu.com/people/mrwc
http://www.zhihu.com/people/jerry8989
http://www.zhihu.com/people/zhenglaiyi
http://www.zhihu.com/people/zhu-yi-ge
http://www.zhihu.com/people/ran-ye
http://www.zhihu.com/people/yshone
http://www.zhihu.com/people/hu-shi-yuan-38
http://www.zhihu.com/people/wang-xyu
http://www.zhihu.com/people/liuqi927
http://www.zhihu.com/people/kennedy
http://www.zhihu.com/people/gu-wei-41
http://www.zhihu.com/people/zhou-yi-long-39
http://www.zhihu.com/people/rodmanwu
http://www.zhihu.com/people/zi-yan-52
http://www.zhihu.com/people/guo-yan-ling
http://www.zhihu.com/people/li-wei-9-83
http://www.zhihu.com/people/huang-wei-bin-17
http://www.zhihu.com/people/wang-yong-89-45
http://www.zhihu.com/people/colorfulfeel
http://www.zhihu.com/people/lang-ya-ping
http://www.zhihu.com/people/zion-17
http://www.zhihu.com/people/zheng-wei-liang
http://www.zhihu.com/people/liang-xiao-yun-9
http://www.zhihu.com/people/huang-bin-4
http://www.zhihu.com/people/geyifan
http://www.zhihu.com/people/zheng-xin-long
http://www.zhihu.com/people/leafgay
http://www.zhihu.com/people/peng-hong-ji
http://www.zhihu.com/people/chun-lei
http://www.zhihu.com/people/drwang86
http://www.zhihu.com/people/liu-yu-sheng
http://www.zhihu.com/people/jixin
http://www.zhihu.com/people/positive52energy
http://www.zhihu.com/people/chen-jia-lin
