http://www.zhihu.com/people/wen-kun-guo
http://www.zhihu.com/people/shao-hao-ming
http://www.zhihu.com/people/gong-zheng-xuan
http://www.zhihu.com/people/wolfxl
http://www.zhihu.com/people/SYIU8
http://www.zhihu.com/people/deutsch-99
http://www.zhihu.com/people/train1110
http://www.zhihu.com/people/cosmia
http://www.zhihu.com/people/li-ming-13-19
http://www.zhihu.com/people/wang-ting-ting-28-65
http://www.zhihu.com/people/neonyasushi
http://www.zhihu.com/people/niunai
http://www.zhihu.com/people/aileenshi
http://www.zhihu.com/people/zhao-han-86
http://www.zhihu.com/people/sun-wei-ni
http://www.zhihu.com/people/chengzhoukun
http://www.zhihu.com/people/neil-35-70
http://www.zhihu.com/people/su-tong-45
http://www.zhihu.com/people/xiao-chu
http://www.zhihu.com/people/fuwocheng
http://www.zhihu.com/people/vincent-wang-20
http://www.zhihu.com/people/zhu-yixin-42
http://www.zhihu.com/people/liaojunyuan.com
http://www.zhihu.com/people/drifter-16
http://www.zhihu.com/people/xiaoxuisaac
http://www.zhihu.com/people/pan-richard
http://www.zhihu.com/people/li-xiao-bo-91-34
http://www.zhihu.com/people/wang-yu-97-23
http://www.zhihu.com/people/zao-shui-71
http://www.zhihu.com/people/lai-qi-hao
http://www.zhihu.com/people/stephenhky
http://www.zhihu.com/people/chanping
http://www.zhihu.com/people/ishanghai
http://www.zhihu.com/people/riccinei
http://www.zhihu.com/people/zhuang-xiao-meng
http://www.zhihu.com/people/lu-pi-xiong
http://www.zhihu.com/people/bao-biao
http://www.zhihu.com/people/yang-yong-54-36
http://www.zhihu.com/people/zheng-xiao-peng-70
http://www.zhihu.com/people/deng-zi-yu
http://www.zhihu.com/people/xiao-ming-38
http://www.zhihu.com/people/hu-zi-23
http://www.zhihu.com/people/yuanshaoxia
http://www.zhihu.com/people/lin-bi-mgal
http://www.zhihu.com/people/he-yue-97
http://www.zhihu.com/people/annodomini
http://www.zhihu.com/people/nina-wu-54
http://www.zhihu.com/people/yuanyuan-lee
http://www.zhihu.com/people/milkjun
http://www.zhihu.com/people/tan-ri-tian
http://www.zhihu.com/people/cai-cai-80-13
http://www.zhihu.com/people/deng-jin-42
http://www.zhihu.com/people/weng-lin-qing
http://www.zhihu.com/people/zhou-gang-64
http://www.zhihu.com/people/shi-bo-qing
http://www.zhihu.com/people/shu-yun-36
http://www.zhihu.com/people/SeanParker
http://www.zhihu.com/people/viayue
http://www.zhihu.com/people/thoreau-84
http://www.zhihu.com/people/su-an-an-68
http://www.zhihu.com/people/alexis-37-71
http://www.zhihu.com/people/mu-duo-10
http://www.zhihu.com/people/THFQ
http://www.zhihu.com/people/cheryl-75
http://www.zhihu.com/people/liu-tian-tian-35
http://www.zhihu.com/people/sihuiwang
http://www.zhihu.com/people/zigzagly
http://www.zhihu.com/people/qing-ting-82
http://www.zhihu.com/people/xtytt
http://www.zhihu.com/people/wang-bo-jie
http://www.zhihu.com/people/erein-yaung
http://www.zhihu.com/people/lin-hai-99
http://www.zhihu.com/people/cao-xing-zhi
http://www.zhihu.com/people/wang-de-lin-95
http://www.zhihu.com/people/shang-linxuan
http://www.zhihu.com/people/lan-gisele
http://www.zhihu.com/people/li-lin-70
http://www.zhihu.com/people/er-dian-ling
http://www.zhihu.com/people/Dominic_
http://www.zhihu.com/people/zhang-jin-shan-38
http://www.zhihu.com/people/gnamnew
http://www.zhihu.com/people/dan-feng-29
http://www.zhihu.com/people/x_i_a_o_h_a_i
http://www.zhihu.com/people/liu-yi-39-44
http://www.zhihu.com/people/sun-wen-74
http://www.zhihu.com/people/enersto-huang
http://www.zhihu.com/people/chen-yu-xiu-8
http://www.zhihu.com/people/sang-tian-30
http://www.zhihu.com/people/zhu-bo-tao
http://www.zhihu.com/people/chu-meng-meng
http://www.zhihu.com/people/li-cheng-gan
http://www.zhihu.com/people/li-nan-18-9
http://www.zhihu.com/people/jiang-yuan-bo-81
http://www.zhihu.com/people/lu-gui-chen-26
http://www.zhihu.com/people/ding-zhu-73
http://www.zhihu.com/people/astridz
http://www.zhihu.com/people/tomzhang-61
http://www.zhihu.com/people/li-shou-yin-89
http://www.zhihu.com/people/yawninghan
http://www.zhihu.com/people/li-li-86-60
http://www.zhihu.com/people/pan-pan-88-64
http://www.zhihu.com/people/wang-yu-li-45
http://www.zhihu.com/people/liu-he-he-86
http://www.zhihu.com/people/zhang-ying-zhou-91
http://www.zhihu.com/people/he-yu-hao
http://www.zhihu.com/people/hzwang
http://www.zhihu.com/people/Korvin
http://www.zhihu.com/people/tian-chun-yao
http://www.zhihu.com/people/evonne-zhao-16
http://www.zhihu.com/people/zhjuchjun-cheng
http://www.zhihu.com/people/qiao-san-shi
http://www.zhihu.com/people/lifejourneysli
http://www.zhihu.com/people/bei-ming-46
http://www.zhihu.com/people/xiao-sa-06-16
http://www.zhihu.com/people/mao-qi
http://www.zhihu.com/people/li-bo-fan
http://www.zhihu.com/people/wen-zong-cheng
http://www.zhihu.com/people/jackey-jiang
http://www.zhihu.com/people/mongtuan
http://www.zhihu.com/people/rocky-71
http://www.zhihu.com/people/023025021
http://www.zhihu.com/people/psychiatry
http://www.zhihu.com/people/li-hui-32
http://www.zhihu.com/people/brilliant-polaris
http://www.zhihu.com/people/li-niu-er
http://www.zhihu.com/people/zhou-jia-qi-55
http://www.zhihu.com/people/face-li
http://www.zhihu.com/people/lin-ji-xin
http://www.zhihu.com/people/shang-shi-3
http://www.zhihu.com/people/yu-xing-en
http://www.zhihu.com/people/since1619
http://www.zhihu.com/people/bo-wen-49
http://www.zhihu.com/people/zhao-yang-xin
http://www.zhihu.com/people/tang-zi-qi-10
http://www.zhihu.com/people/xu-mei-dong
http://www.zhihu.com/people/fan-xu-51
http://www.zhihu.com/people/nan-nan-82
http://www.zhihu.com/people/zhang-xiao-fei-79
http://www.zhihu.com/people/grace-43
http://www.zhihu.com/people/yong-yi-68
http://www.zhihu.com/people/zhu-yi-ge
http://www.zhihu.com/people/juice-wong
http://www.zhihu.com/people/jiroas
http://www.zhihu.com/people/ruan-xin-31-70
http://www.zhihu.com/people/hu-jacky
http://www.zhihu.com/people/will-tam
http://www.zhihu.com/people/wang-shu-ji
http://www.zhihu.com/people/xing-chen-31
http://www.zhihu.com/people/eric-30-75
http://www.zhihu.com/people/jian-dan-4
http://www.zhihu.com/people/xqlee
http://www.zhihu.com/people/techoxygen
http://www.zhihu.com/people/ben-xiang-84
http://www.zhihu.com/people/wen-ge-ge
http://www.zhihu.com/people/yun-ji-37
http://www.zhihu.com/people/shao-yi-61
http://www.zhihu.com/people/hu-xin-yao
http://www.zhihu.com/people/zhang-yao-55-85
http://www.zhihu.com/people/lancedu-nan-ban
http://www.zhihu.com/people/jenningsatlarge
http://www.zhihu.com/people/pan-jia-qi-69
http://www.zhihu.com/people/yang-yang-35-50-68
http://www.zhihu.com/people/kokoar
http://www.zhihu.com/people/eric-5
http://www.zhihu.com/people/rtuhbf
http://www.zhihu.com/people/gong-jia-kan
http://www.zhihu.com/people/tao-ye-82
http://www.zhihu.com/people/yu-shi-san
http://www.zhihu.com/people/wei-yang-88
http://www.zhihu.com/people/wang-zi-qing-20
http://www.zhihu.com/people/stephanie-73
http://www.zhihu.com/people/Blue.Blue
http://www.zhihu.com/people/allan-xu
http://www.zhihu.com/people/cyanday
http://www.zhihu.com/people/song-qian-88
http://www.zhihu.com/people/tang-xi-fan
http://www.zhihu.com/people/jill-52
http://www.zhihu.com/people/yang-jiang-he
http://www.zhihu.com/people/zou-ming-51
http://www.zhihu.com/people/xiao_li
http://www.zhihu.com/people/zhang-tian-qi-32
http://www.zhihu.com/people/yaya-34
http://www.zhihu.com/people/li-da-ding
http://www.zhihu.com/people/namiheike
http://www.zhihu.com/people/li-mu-shu
http://www.zhihu.com/people/feng-chu-zhu
http://www.zhihu.com/people/cherry-3-66
http://www.zhihu.com/people/zao-hu
http://www.zhihu.com/people/ilook
http://www.zhihu.com/people/dxqtm
http://www.zhihu.com/people/sharonlin
http://www.zhihu.com/people/fabregas
http://www.zhihu.com/people/byring
http://www.zhihu.com/people/wu-yue-wei
http://www.zhihu.com/people/eversonic
http://www.zhihu.com/people/qian-yi-11
http://www.zhihu.com/people/huanghuihui1991
http://www.zhihu.com/people/ran-ye
http://www.zhihu.com/people/wang-jian-88-94
http://www.zhihu.com/people/disillusione
http://www.zhihu.com/people/jiang-xiao-xian-94
http://www.zhihu.com/people/GilgameshK
http://www.zhihu.com/people/an-dong-65
http://www.zhihu.com/people/xi-yi-89
http://www.zhihu.com/people/li-gou-hai-12-23
http://www.zhihu.com/people/zisha360
http://www.zhihu.com/people/ClutchBear
http://www.zhihu.com/people/yaoshun
http://www.zhihu.com/people/vivixb
http://www.zhihu.com/people/wang-xiao-di-8
http://www.zhihu.com/people/shuang-zhi
http://www.zhihu.com/people/gui-meng-yuan
http://www.zhihu.com/people/guanxy
http://www.zhihu.com/people/zengmin
http://www.zhihu.com/people/xiepanda
http://www.zhihu.com/people/ke-su-tong
http://www.zhihu.com/people/zhao-zi-chu
http://www.zhihu.com/people/su-he-12
http://www.zhihu.com/people/Jeffsun
http://www.zhihu.com/people/px5000
http://www.zhihu.com/people/xu-yu-xiang-74
http://www.zhihu.com/people/wangzhizhou
http://www.zhihu.com/people/winjoy1990
http://www.zhihu.com/people/lu-lao-si
http://www.zhihu.com/people/luo-huan-06
http://www.zhihu.com/people/shi-lei-18
http://www.zhihu.com/people/kong-xiao-xiong
http://www.zhihu.com/people/wang-jin-92
http://www.zhihu.com/people/sun-yang-57
http://www.zhihu.com/people/zhang-jia-wei-72
http://www.zhihu.com/people/gao-shuai-21
http://www.zhihu.com/people/du-xiao-wei-14
http://www.zhihu.com/people/rexchen
http://www.zhihu.com/people/yang-yu-ting-98
http://www.zhihu.com/people/chen-xiao-mei
http://www.zhihu.com/people/hai-yang
http://www.zhihu.com/people/yeyi
http://www.zhihu.com/people/erbility
http://www.zhihu.com/people/yshone
http://www.zhihu.com/people/edutainer
http://www.zhihu.com/people/colorLee
http://www.zhihu.com/people/li-qing-fei-29
http://www.zhihu.com/people/fu-shan-68-49
http://www.zhihu.com/people/fu-jia-qi
http://www.zhihu.com/people/cheng-yi-nan
http://www.zhihu.com/people/cambridge
http://www.zhihu.com/people/fanting
http://www.zhihu.com/people/shuang-wang
http://www.zhihu.com/people/huang-di-85
http://www.zhihu.com/people/zhao-yifang
http://www.zhihu.com/people/positive52energy
http://www.zhihu.com/people/sokoonwah
http://www.zhihu.com/people/vivian-sue-91
http://www.zhihu.com/people/shuoliu
http://www.zhihu.com/people/li-ming-fei
http://www.zhihu.com/people/yu-ming-gu-wen-chen-tao
http://www.zhihu.com/people/cici
http://www.zhihu.com/people/wang-yan-yuan
http://www.zhihu.com/people/wang-wu-bin
http://www.zhihu.com/people/xn3104
http://www.zhihu.com/people/steveren
http://www.zhihu.com/people/lu-cheng-zhang
http://www.zhihu.com/people/liu-hua-song
http://www.zhihu.com/people/yin-hao
http://www.zhihu.com/people/wang-shi-tao-7
http://www.zhihu.com/people/cody-16
http://www.zhihu.com/people/gao-ya-xin
http://www.zhihu.com/people/mixt
http://www.zhihu.com/people/liuxm
http://www.zhihu.com/people/PeterDeng
http://www.zhihu.com/people/hu-hao-35
http://www.zhihu.com/people/fiona751
http://www.zhihu.com/people/satanzhangdi
http://www.zhihu.com/people/flycondor
http://www.zhihu.com/people/sheng-yue-han
http://www.zhihu.com/people/s0s0
http://www.zhihu.com/people/dandelion_clock
http://www.zhihu.com/people/xu-ming-xi
http://www.zhihu.com/people/feng_gao
http://www.zhihu.com/people/su-yu-54-35
http://www.zhihu.com/people/lifetune
http://www.zhihu.com/people/ywzgb
http://www.zhihu.com/people/AmoLoong
http://www.zhihu.com/people/chun-lei
http://www.zhihu.com/people/dong-ji-zai-hang-zhou
http://www.zhihu.com/people/perry-song
http://www.zhihu.com/people/cai-tong
http://www.zhihu.com/people/jixin
http://www.zhihu.com/people/raymond-wang
http://www.zhihu.com/people/chung
http://www.zhihu.com/people/cranew
http://www.zhihu.com/people/wang-er-71
