http://www.zhihu.com/people/li-lu-xi-53
http://www.zhihu.com/people/saigke
http://www.zhihu.com/people/zhang-wei-nan-57
http://www.zhihu.com/people/SYIU8
http://www.zhihu.com/people/xuexue
http://www.zhihu.com/people/bi-hua-shao-nian-82
http://www.zhihu.com/people/deutsch-99
http://www.zhihu.com/people/yu-gong-cheng
http://www.zhihu.com/people/wang-zi-ya
http://www.zhihu.com/people/joe
http://www.zhihu.com/people/tangqi
http://www.zhihu.com/people/xie-nan-53
http://www.zhihu.com/people/niu-niu-6-1
http://www.zhihu.com/people/wzzw
http://www.zhihu.com/people/nick-ooo
http://www.zhihu.com/people/iduoshao
http://www.zhihu.com/people/J899M
http://www.zhihu.com/people/chen-hong-hong-33
http://www.zhihu.com/people/alice-chan-90
http://www.zhihu.com/people/li-jun-58-42
http://www.zhihu.com/people/vincent-93-88
http://www.zhihu.com/people/guo-xun-16
http://www.zhihu.com/people/reasinwong
http://www.zhihu.com/people/tangYY
http://www.zhihu.com/people/penson
http://www.zhihu.com/people/liu-ai-mei
http://www.zhihu.com/people/Mr.guo
http://www.zhihu.com/people/hysic
http://www.zhihu.com/people/wang-ke-li-83
http://www.zhihu.com/people/zhou-gang-64
http://www.zhihu.com/people/ayr1
http://www.zhihu.com/people/wa-xi-li
http://www.zhihu.com/people/lu-xing-yu-42
http://www.zhihu.com/people/kong-rong-26
http://www.zhihu.com/people/fan-jin-cheng
http://www.zhihu.com/people/dong-jia-ming-63
http://www.zhihu.com/people/yuxinlie
http://www.zhihu.com/people/yun-jin-hu
http://www.zhihu.com/people/gao-gao-72
http://www.zhihu.com/people/zuimai
http://www.zhihu.com/people/qiyongwong
http://www.zhihu.com/people/cheng-xiao-dong-29
http://www.zhihu.com/people/mou-kang-ni
http://www.zhihu.com/people/phos
http://www.zhihu.com/people/liang-xiong
http://www.zhihu.com/people/train1110
http://www.zhihu.com/people/neil-35-70
http://www.zhihu.com/people/wang-ting-ting-28-65
http://www.zhihu.com/people/zhao-fei-lin
http://www.zhihu.com/people/li-chen-68
http://www.zhihu.com/people/jiejie_my_lover
http://www.zhihu.com/people/zheng-da-qian-30
http://www.zhihu.com/people/zzpzhihu
http://www.zhihu.com/people/e_chen
http://www.zhihu.com/people/xiao-chu
http://www.zhihu.com/people/li-wei-26-4-95
http://www.zhihu.com/people/zhang-mo-17
http://www.zhihu.com/people/qu-yuan-54
http://www.zhihu.com/people/sun-fei-96
http://www.zhihu.com/people/liu-yi-ran-62
http://www.zhihu.com/people/allen-d-chen
http://www.zhihu.com/people/jonson-fang
http://www.zhihu.com/people/ding-yuan-shun
http://www.zhihu.com/people/zhu-ruo-yu-6
http://www.zhihu.com/people/jiayizhen
http://www.zhihu.com/people/wang-vivi-4
http://www.zhihu.com/people/wang-biao-99-71
http://www.zhihu.com/people/portal-neop
http://www.zhihu.com/people/yang-jing-51-9
http://www.zhihu.com/people/tony-lang
http://www.zhihu.com/people/liu-da-bao-51
http://www.zhihu.com/people/zhang-mei-hua
http://www.zhihu.com/people/zhang-san-niu
http://www.zhihu.com/people/cao-zi-han-22
http://www.zhihu.com/people/wu-yue-43
http://www.zhihu.com/people/yang-bao-12
http://www.zhihu.com/people/mo-er-ben
http://www.zhihu.com/people/shi-yu-42
http://www.zhihu.com/people/li-dong-rao
http://www.zhihu.com/people/peng-yi-dou
http://www.zhihu.com/people/silar
http://www.zhihu.com/people/oldwolfnwf
http://www.zhihu.com/people/lao-li-32
http://www.zhihu.com/people/yan-da-xi
http://www.zhihu.com/people/huang-scott
http://www.zhihu.com/people/feizan
http://www.zhihu.com/people/aloysha
http://www.zhihu.com/people/zhao-wen-jie
http://www.zhihu.com/people/guodalu008
http://www.zhihu.com/people/yan-yi-82
http://www.zhihu.com/people/huang-zi-94
http://www.zhihu.com/people/linkgod
http://www.zhihu.com/people/blackanger
http://www.zhihu.com/people/junqingchou
http://www.zhihu.com/people/regulus-63
http://www.zhihu.com/people/songxuesong
http://www.zhihu.com/people/zhang-zhuo-ran-11
http://www.zhihu.com/people/ni-qia
http://www.zhihu.com/people/sun-jun-feng
http://www.zhihu.com/people/lle-ade
http://www.zhihu.com/people/hu-kf
http://www.zhihu.com/people/wang-mo-qin
http://www.zhihu.com/people/zheng-zhi-chao-8
http://www.zhihu.com/people/pig33
http://www.zhihu.com/people/zhang-kai-60
http://www.zhihu.com/people/zhang-jin-hong
http://www.zhihu.com/people/gerrardyang
http://www.zhihu.com/people/claire923
http://www.zhihu.com/people/meng-ya-kai
http://www.zhihu.com/people/bo-cai-zi
http://www.zhihu.com/people/hao-jian-zong
http://www.zhihu.com/people/wangpengyu
http://www.zhihu.com/people/bai-shu-qi-ya
http://www.zhihu.com/people/Jellyomg
http://www.zhihu.com/people/kz-joey
http://www.zhihu.com/people/ren-alan
http://www.zhihu.com/people/queen-ann-54
http://www.zhihu.com/people/yu-lei-ming
http://www.zhihu.com/people/yi-teng
http://www.zhihu.com/people/feng-ji-xu-chui-andy
http://www.zhihu.com/people/Lambda
http://www.zhihu.com/people/henuwang-kai
http://www.zhihu.com/people/Vincenty
http://www.zhihu.com/people/xietingwen
http://www.zhihu.com/people/xu-xue-hen
http://www.zhihu.com/people/dcuy
http://www.zhihu.com/people/wu-ding-xiang
http://www.zhihu.com/people/zhao-peng-jie
http://www.zhihu.com/people/chen-qun-12
http://www.zhihu.com/people/sun-lyrin
http://www.zhihu.com/people/wang-ba-a-gan
http://www.zhihu.com/people/chen-ru-yi-49
http://www.zhihu.com/people/yangjie6020
http://www.zhihu.com/people/xie-wei-24
http://www.zhihu.com/people/eees
http://www.zhihu.com/people/zheng-tao-64
http://www.zhihu.com/people/VegasWang
http://www.zhihu.com/people/huan-xiao-yun
http://www.zhihu.com/people/wang-xin-57-27
http://www.zhihu.com/people/wu-shuai
http://www.zhihu.com/people/ze-xi
http://www.zhihu.com/people/song-he-44
http://www.zhihu.com/people/backring
http://www.zhihu.com/people/luo-kang-45
http://www.zhihu.com/people/youyue
http://www.zhihu.com/people/LeoWilliam
http://www.zhihu.com/people/malcolmyu
http://www.zhihu.com/people/kyrie-young
http://www.zhihu.com/people/xuefu_zhang
http://www.zhihu.com/people/xuexiaozhe
http://www.zhihu.com/people/wang-zu-73
http://www.zhihu.com/people/hoposky
http://www.zhihu.com/people/chengzhoukun
http://www.zhihu.com/people/bao-ku-zi-huang
http://www.zhihu.com/people/shevchenhe
http://www.zhihu.com/people/zheng-xiao-xi-9
http://www.zhihu.com/people/xiaokang
http://www.zhihu.com/people/joyann
http://www.zhihu.com/people/liao-jing-rui
http://www.zhihu.com/people/leongao
http://www.zhihu.com/people/stephen-cheng
http://www.zhihu.com/people/ai-mi-kai
http://www.zhihu.com/people/chen-yu-11-79
http://www.zhihu.com/people/19951121
http://www.zhihu.com/people/qi-gang-65
http://www.zhihu.com/people/xiangyue
http://www.zhihu.com/people/jht1018
http://www.zhihu.com/people/ou-yang-zhi-jie
http://www.zhihu.com/people/li-lu-69
http://www.zhihu.com/people/fang-yi-cheng-73
http://www.zhihu.com/people/liuyi-48
http://www.zhihu.com/people/bruce-66-86
http://www.zhihu.com/people/shuxiaowang
http://www.zhihu.com/people/lin-zi-27-39
http://www.zhihu.com/people/tao-zhi-60
http://www.zhihu.com/people/xiao-yu-long
http://www.zhihu.com/people/chen-lei-90
http://www.zhihu.com/people/shenzehao
http://www.zhihu.com/people/qin-wei-72
http://www.zhihu.com/people/marklee-26
http://www.zhihu.com/people/song-li-58
http://www.zhihu.com/people/lowka
http://www.zhihu.com/people/dian-bo-9
http://www.zhihu.com/people/zao-hu
http://www.zhihu.com/people/zhang-hao-62-6
http://www.zhihu.com/people/chen-jun-jie-23-33
http://www.zhihu.com/people/hu-nicholas
http://www.zhihu.com/people/jiangzhongbo
http://www.zhihu.com/people/shu-juan-11
http://www.zhihu.com/people/imxiaofeng
http://www.zhihu.com/people/cai-jin-cheng
http://www.zhihu.com/people/chenjianferrari
http://www.zhihu.com/people/jiang-yuan-bo-81
http://www.zhihu.com/people/menthollin
http://www.zhihu.com/people/huanqiumaib
http://www.zhihu.com/people/yang-lin-64-51
http://www.zhihu.com/people/davi-d
http://www.zhihu.com/people/doors
http://www.zhihu.com/people/zhang-run
http://www.zhihu.com/people/hynguyen
http://www.zhihu.com/people/solo-29
http://www.zhihu.com/people/zhang-wei-zhong
http://www.zhihu.com/people/wujinzhi
http://www.zhihu.com/people/chen-ying-34
http://www.zhihu.com/people/zexiancui
http://www.zhihu.com/people/coldair
http://www.zhihu.com/people/li-rui-qi-96
http://www.zhihu.com/people/braite
http://www.zhihu.com/people/chen-shu-83
http://www.zhihu.com/people/cai-cai-87-99
http://www.zhihu.com/people/ga-ou
http://www.zhihu.com/people/tan-ri-tian
http://www.zhihu.com/people/deng-ying-zhi
http://www.zhihu.com/people/windson-33
http://www.zhihu.com/people/shu-yun-36
http://www.zhihu.com/people/SeanParker
http://www.zhihu.com/people/qi-hong-wei
http://www.zhihu.com/people/wang-dan-ni-51
http://www.zhihu.com/people/tai-di-xiong-97
http://www.zhihu.com/people/xie-wei-you
http://www.zhihu.com/people/morea
http://www.zhihu.com/people/cao-zhi-hai
http://www.zhihu.com/people/luo-lan-peng
http://www.zhihu.com/people/luckeeee
http://www.zhihu.com/people/he-yuan-sheng
http://www.zhihu.com/people/tobyzhong
http://www.zhihu.com/people/chen-yi-10-4
http://www.zhihu.com/people/zhang-mo-li-35
http://www.zhihu.com/people/n-emo
http://www.zhihu.com/people/xuan-xuan-12-43
http://www.zhihu.com/people/he-jun-sheng
http://www.zhihu.com/people/seasonqu
http://www.zhihu.com/people/qi-yuan-yuan-52
http://www.zhihu.com/people/gapa-83
http://www.zhihu.com/people/yizhaofengyue
http://www.zhihu.com/people/yauld_zebra
http://www.zhihu.com/people/nyanzhang
http://www.zhihu.com/people/lining
http://www.zhihu.com/people/meng-bin-jian
http://www.zhihu.com/people/lucifer-shen
http://www.zhihu.com/people/possibilities
http://www.zhihu.com/people/wu-jin-han
http://www.zhihu.com/people/chengt03
http://www.zhihu.com/people/guo-hong-yu-42
http://www.zhihu.com/people/chen-meng-30
http://www.zhihu.com/people/lee-ree
http://www.zhihu.com/people/yaochenhao
http://www.zhihu.com/people/jiang-jun-21-40
http://www.zhihu.com/people/sam-future
http://www.zhihu.com/people/elliot-79
http://www.zhihu.com/people/veron
http://www.zhihu.com/people/dannyhuang
http://www.zhihu.com/people/goldenchen
http://www.zhihu.com/people/rexor
http://www.zhihu.com/people/she-shi-hao
http://www.zhihu.com/people/huang-xiao-xi-30
http://www.zhihu.com/people/zhang-yi-fan-48
http://www.zhihu.com/people/wa-li-76
http://www.zhihu.com/people/floatingheart
http://www.zhihu.com/people/tian-nan-gua
http://www.zhihu.com/people/fei-sheng-xuan
http://www.zhihu.com/people/luziang
http://www.zhihu.com/people/chouthen
http://www.zhihu.com/people/ma-kai-47
http://www.zhihu.com/people/zhang-lai-xu
http://www.zhihu.com/people/meng-juan
http://www.zhihu.com/people/wanger51227
http://www.zhihu.com/people/ada-wang-24
http://www.zhihu.com/people/miao-cc-96
http://www.zhihu.com/people/heyuthere
http://www.zhihu.com/people/li-shou-yin-89
http://www.zhihu.com/people/han-jian-3
http://www.zhihu.com/people/wn1986
http://www.zhihu.com/people/prealvin
http://www.zhihu.com/people/Woman-day
http://www.zhihu.com/people/ding-hong-yuan-28
http://www.zhihu.com/people/zhou-xiao-long-23
http://www.zhihu.com/people/gao-yang-30
http://www.zhihu.com/people/yan-wu-7
http://www.zhihu.com/people/zhu-bo-tao
http://www.zhihu.com/people/weijiaqi
http://www.zhihu.com/people/mark-ge-45
http://www.zhihu.com/people/hxl0708
http://www.zhihu.com/people/zheng-zha-22
http://www.zhihu.com/people/chu-meng-meng
http://www.zhihu.com/people/shi-rui-49
http://www.zhihu.com/people/weeanthony
http://www.zhihu.com/people/dizhe
http://www.zhihu.com/people/zhanghaichuan
http://www.zhihu.com/people/chang-yi-22
http://www.zhihu.com/people/yi-cheng-58
http://www.zhihu.com/people/lawrence-80
http://www.zhihu.com/people/huxiaoyi
http://www.zhihu.com/people/zhang-ying-zhou-91
http://www.zhihu.com/people/liu-xin-ji-4-92
http://www.zhihu.com/people/xiao-rui-rui-16
http://www.zhihu.com/people/zhou-hao-yu-59
http://www.zhihu.com/people/a-di-20
http://www.zhihu.com/people/shi-jia-jun-63
http://www.zhihu.com/people/haiming-ge
http://www.zhihu.com/people/zhu-dong-hui-53
http://www.zhihu.com/people/gan-summer
http://www.zhihu.com/people/gong-huan-qi
http://www.zhihu.com/people/hweining
http://www.zhihu.com/people/xu-ze-36-93
http://www.zhihu.com/people/000088
http://www.zhihu.com/people/peng-hao-6
http://www.zhihu.com/people/quan-quan-35-32
http://www.zhihu.com/people/deng-xi-83
http://www.zhihu.com/people/xiao-sa-06-16
http://www.zhihu.com/people/wang-ze-heng
http://www.zhihu.com/people/lytous
http://www.zhihu.com/people/damon-tu
http://www.zhihu.com/people/zhihu_weekly
http://www.zhihu.com/people/llq6072
http://www.zhihu.com/people/jeromek
http://www.zhihu.com/people/rokr-cui
http://www.zhihu.com/people/william.
http://www.zhihu.com/people/guangxin
http://www.zhihu.com/people/Fraecak_l
http://www.zhihu.com/people/zi-zi-68
http://www.zhihu.com/people/da-weng
http://www.zhihu.com/people/li-yang-26-15
http://www.zhihu.com/people/cui-yong-fang
http://www.zhihu.com/people/zhang-yao-55-85
http://www.zhihu.com/people/wangyang
http://www.zhihu.com/people/positive52energy
http://www.zhihu.com/people/wang-sheng-shan
http://www.zhihu.com/people/philip-mo
http://www.zhihu.com/people/teng-dou-dou
http://www.zhihu.com/people/amok-reen
http://www.zhihu.com/people/face-li
http://www.zhihu.com/people/warf
http://www.zhihu.com/people/heidfled
http://www.zhihu.com/people/sdflysha
http://www.zhihu.com/people/huang-guan-si
http://www.zhihu.com/people/dai-xiao-lan
http://www.zhihu.com/people/a-kua
http://www.zhihu.com/people/kevin-hu
http://www.zhihu.com/people/w-peng
http://www.zhihu.com/people/yang-shuang-1
http://www.zhihu.com/people/wang-long-14-42
http://www.zhihu.com/people/dai-si-ran
http://www.zhihu.com/people/han-yu-xiang-34
http://www.zhihu.com/people/bboymao
http://www.zhihu.com/people/gao-jie-54
http://www.zhihu.com/people/he-sir-47
http://www.zhihu.com/people/han-yong-biao-61
http://www.zhihu.com/people/yang-xiao-er-72
http://www.zhihu.com/people/stephanie-73
http://www.zhihu.com/people/fan-xu-51
http://www.zhihu.com/people/rey-jing
http://www.zhihu.com/people/dan-ni-si-zhang
http://www.zhihu.com/people/wang-xiao-yue-86
http://www.zhihu.com/people/wang-fu-kang
http://www.zhihu.com/people/zhong-ye-zi-49
http://www.zhihu.com/people/qiao-han-99
http://www.zhihu.com/people/nuan-nuan-84
http://www.zhihu.com/people/jiang-jin-jiu-bei-mo-ting
http://www.zhihu.com/people/sunbelife
http://www.zhihu.com/people/zhan-bo-wen-42
http://www.zhihu.com/people/fang-yong-bo
http://www.zhihu.com/people/iyucci
http://www.zhihu.com/people/zhao-tian-ba
http://www.zhihu.com/people/sun-cheng-cheng
http://www.zhihu.com/people/li-huang-he-78
http://www.zhihu.com/people/liang-de-jian
http://www.zhihu.com/people/qing-yoqing
http://www.zhihu.com/people/zhao-xiao-tao-56
http://www.zhihu.com/people/virgoss
http://www.zhihu.com/people/hei-bing
http://www.zhihu.com/people/juice-wong
http://www.zhihu.com/people/wang-yuan-66-5
http://www.zhihu.com/people/weiziyi
http://www.zhihu.com/people/jery-weung
http://www.zhihu.com/people/lun-tai
http://www.zhihu.com/people/wangtengchuan
http://www.zhihu.com/people/lin-gui-kai
http://www.zhihu.com/people/liou-anata
http://www.zhihu.com/people/490237
http://www.zhihu.com/people/niu-han-han
http://www.zhihu.com/people/leng-mou-mou
http://www.zhihu.com/people/linjiahao
http://www.zhihu.com/people/liang-yu-fan
http://www.zhihu.com/people/qia-qi-61
http://www.zhihu.com/people/li-li-8-21
http://www.zhihu.com/people/rivers
http://www.zhihu.com/people/tiankuoci
http://www.zhihu.com/people/safawo
http://www.zhihu.com/people/wulowjay
http://www.zhihu.com/people/zhang-zi-qiang-36
http://www.zhihu.com/people/xie-yi-liang
http://www.zhihu.com/people/guhongguangju
http://www.zhihu.com/people/shi-an
http://www.zhihu.com/people/ke-bo-wen
http://www.zhihu.com/people/chen-mo-59-75
http://www.zhihu.com/people/fa-ge
http://www.zhihu.com/people/zhou-yu-hang-40
http://www.zhihu.com/people/geekplux
http://www.zhihu.com/people/fredma-
http://www.zhihu.com/people/kong495
http://www.zhihu.com/people/bai-si-mo
http://www.zhihu.com/people/jackdinner
http://www.zhihu.com/people/mondaylaugh
http://www.zhihu.com/people/jin-yi-88
http://www.zhihu.com/people/shi-da-shu
http://www.zhihu.com/people/li-xiang-ling-91
http://www.zhihu.com/people/tang-yiming-24
http://www.zhihu.com/people/ri-ben-da-cong
http://www.zhihu.com/people/su-li-zhen-36
http://www.zhihu.com/people/han-yixin
http://www.zhihu.com/people/eric-liu-88
http://www.zhihu.com/people/carina-32
http://www.zhihu.com/people/treewan
http://www.zhihu.com/people/zhang-hu-66-1
http://www.zhihu.com/people/hfitp
http://www.zhihu.com/people/dong-tian-le
http://www.zhihu.com/people/sunny-69
http://www.zhihu.com/people/zhao-lei-6-77
http://www.zhihu.com/people/techoxygen
http://www.zhihu.com/people/iphone5
http://www.zhihu.com/people/Dominic_
http://www.zhihu.com/people/qiu-yue-15-97
http://www.zhihu.com/people/han-wei-na
http://www.zhihu.com/people/zhang-shi-pu
http://www.zhihu.com/people/stupident
http://www.zhihu.com/people/zhang-xiao-qing-88
http://www.zhihu.com/people/li-jiu-long
http://www.zhihu.com/people/zhang-yiliu
http://www.zhihu.com/people/pb612
http://www.zhihu.com/people/madsnake
http://www.zhihu.com/people/shou-yu-6
http://www.zhihu.com/people/shi-jun-15
http://www.zhihu.com/people/xonlongmeng
http://www.zhihu.com/people/li-yao-hua
http://www.zhihu.com/people/frank-17
http://www.zhihu.com/people/hu-li-hua
http://www.zhihu.com/people/zhou-xin-ran
http://www.zhihu.com/people/jin-ze-ming
http://www.zhihu.com/people/deng-qiao-78
http://www.zhihu.com/people/wang-wei-long-6
http://www.zhihu.com/people/gazi
http://www.zhihu.com/people/li-dong-66
http://www.zhihu.com/people/li-dong-wei-47
http://www.zhihu.com/people/jwang-62
http://www.zhihu.com/people/ma-jia-29
http://www.zhihu.com/people/xu-yong-jia
http://www.zhihu.com/people/memento-mori
http://www.zhihu.com/people/czs05
http://www.zhihu.com/people/surui24
http://www.zhihu.com/people/fan-he-40
http://www.zhihu.com/people/lessen
http://www.zhihu.com/people/gs.ux
http://www.zhihu.com/people/mu-yu-72
http://www.zhihu.com/people/du-sen-30
http://www.zhihu.com/people/zhou-yi-long-39
http://www.zhihu.com/people/sam-40
http://www.zhihu.com/people/ingqi
http://www.zhihu.com/people/tao-ye-82
http://www.zhihu.com/people/bo-wen-49
http://www.zhihu.com/people/dreaming-78
http://www.zhihu.com/people/nuomihaochix
http://www.zhihu.com/people/wang-jin-bo-87
http://www.zhihu.com/people/jacobevermore
http://www.zhihu.com/people/jiejing
http://www.zhihu.com/people/ou-yang-27
http://www.zhihu.com/people/cheng-cheng
http://www.zhihu.com/people/liu-cheng-jie-44
http://www.zhihu.com/people/li-jia-sheng
http://www.zhihu.com/people/gdxgyp
http://www.zhihu.com/people/ambar
http://www.zhihu.com/people/namiheike
http://www.zhihu.com/people/zheng-hu-li
http://www.zhihu.com/people/wang-jia-wei-45-85
http://www.zhihu.com/people/feng-xi-21
http://www.zhihu.com/people/anxious
http://www.zhihu.com/people/jingz
http://www.zhihu.com/people/xiang-zhi-83
http://www.zhihu.com/people/Dabbler
http://www.zhihu.com/people/wu-wen-kui
http://www.zhihu.com/people/timecoins
http://www.zhihu.com/people/jiang-xia-97
http://www.zhihu.com/people/guo-quan-qing
http://www.zhihu.com/people/kwongsek
http://www.zhihu.com/people/lanson
http://www.zhihu.com/people/tigerinme
http://www.zhihu.com/people/li-gou-hai-12-23
http://www.zhihu.com/people/chendayun
http://www.zhihu.com/people/liao-xiao-liang
http://www.zhihu.com/people/hua-qing-75
http://www.zhihu.com/people/zhu-jun-qiang
http://www.zhihu.com/people/liu-zhi-43
http://www.zhihu.com/people/bi-you-72
http://www.zhihu.com/people/zheng-zao-li
http://www.zhihu.com/people/oogoo
http://www.zhihu.com/people/wei-qing-min
http://www.zhihu.com/people/linkinmars
http://www.zhihu.com/people/iyan
http://www.zhihu.com/people/SUNYATSEN
http://www.zhihu.com/people/zheng-rui-wei
http://www.zhihu.com/people/lu-jing-yu
http://www.zhihu.com/people/free1978
http://www.zhihu.com/people/zi-ran-se
http://www.zhihu.com/people/yutong-zhu
http://www.zhihu.com/people/jackfeng
http://www.zhihu.com/people/anqi001
http://www.zhihu.com/people/guang-feng
http://www.zhihu.com/people/li-ping-fan-39
http://www.zhihu.com/people/chen-hao-yu
http://www.zhihu.com/people/yang-a-niu
http://www.zhihu.com/people/llll
http://www.zhihu.com/people/song-song-99
http://www.zhihu.com/people/zhang-le-yuan
http://www.zhihu.com/people/hanz-chen
http://www.zhihu.com/people/lizardxy
http://www.zhihu.com/people/willkong
http://www.zhihu.com/people/mo-qi-rui
http://www.zhihu.com/people/huang-xiao-55
http://www.zhihu.com/people/lu-dou-dou
http://www.zhihu.com/people/lee-64-57
http://www.zhihu.com/people/tao-dong-90
http://www.zhihu.com/people/liu-yan-feng-6
http://www.zhihu.com/people/niruochengfeng
http://www.zhihu.com/people/yuger.net
http://www.zhihu.com/people/9noon
http://www.zhihu.com/people/himeters
http://www.zhihu.com/people/hua-tong
http://www.zhihu.com/people/wraithhero
http://www.zhihu.com/people/luliang
http://www.zhihu.com/people/li-cheng-gan
http://www.zhihu.com/people/feversun
http://www.zhihu.com/people/lao-xiao-nie
http://www.zhihu.com/people/yang-jiang-he
http://www.zhihu.com/people/ba-qi-95
http://www.zhihu.com/people/zhou-jia-peng-6
http://www.zhihu.com/people/huanghuihui1991
http://www.zhihu.com/people/drimdo
http://www.zhihu.com/people/shui-di-76
http://www.zhihu.com/people/byewon
http://www.zhihu.com/people/tcstar
http://www.zhihu.com/people/an-zhi-25
http://www.zhihu.com/people/GilgameshK
http://www.zhihu.com/people/xiao-xiao-80
http://www.zhihu.com/people/ilook
http://www.zhihu.com/people/bywwss
http://www.zhihu.com/people/jia-ming-65
http://www.zhihu.com/people/yu-hua-70
http://www.zhihu.com/people/chen-zi-yao
http://www.zhihu.com/people/bai-da-bai
http://www.zhihu.com/people/lu-hai-bin
http://www.zhihu.com/people/chang-kai-xin-85
http://www.zhihu.com/people/zhu-xiao-wu-77
http://www.zhihu.com/people/cao-wei-yu
http://www.zhihu.com/people/gena
http://www.zhihu.com/people/wantfu
http://www.zhihu.com/people/Luo
http://www.zhihu.com/people/ivankoki
http://www.zhihu.com/people/flynntsc
http://www.zhihu.com/people/knightshady
http://www.zhihu.com/people/shenbin
http://www.zhihu.com/people/liu-yun-xuan
http://www.zhihu.com/people/chen-feng-95
http://www.zhihu.com/people/1750
http://www.zhihu.com/people/euroking
http://www.zhihu.com/people/kevinzoro
http://www.zhihu.com/people/cd147
http://www.zhihu.com/people/jia-ke-wei
http://www.zhihu.com/people/zuo-dun-feng
http://www.zhihu.com/people/wang-ya-ping-92
http://www.zhihu.com/people/hanwei...
http://www.zhihu.com/people/cao-nan-62
http://www.zhihu.com/people/yao-cheng-46
http://www.zhihu.com/people/chen-lie-72
http://www.zhihu.com/people/lian-lu-ting
http://www.zhihu.com/people/liu-hong-cai
http://www.zhihu.com/people/littlekok
http://www.zhihu.com/people/cherrydcy
http://www.zhihu.com/people/katiie
http://www.zhihu.com/people/li-rui-74
http://www.zhihu.com/people/zheng-ji
http://www.zhihu.com/people/wjynnn
http://www.zhihu.com/people/li-xin-92-29
http://www.zhihu.com/people/gao-cong-68
http://www.zhihu.com/people/peterlu
http://www.zhihu.com/people/titantse
http://www.zhihu.com/people/david-du
http://www.zhihu.com/people/zhu-jin-xuan
http://www.zhihu.com/people/luoxr
http://www.zhihu.com/people/haohaoxuexi
http://www.zhihu.com/people/ge-hui
http://www.zhihu.com/people/wang-xiao-mei-35
http://www.zhihu.com/people/wen-cheng-hui
http://www.zhihu.com/people/xrbing
http://www.zhihu.com/people/receo
http://www.zhihu.com/people/han-yan-hui
http://www.zhihu.com/people/chen-guang-61
http://www.zhihu.com/people/nekor
http://www.zhihu.com/people/shuang-zhi
http://www.zhihu.com/people/xiepanda
http://www.zhihu.com/people/harry-32
http://www.zhihu.com/people/supernb
http://www.zhihu.com/people/zhang-ren-qing
http://www.zhihu.com/people/qian-gui-shen
http://www.zhihu.com/people/jin-le-98
http://www.zhihu.com/people/danielwu89
http://www.zhihu.com/people/chen-tian-li
http://www.zhihu.com/people/wang-cong-20
http://www.zhihu.com/people/coofly
http://www.zhihu.com/people/s1798
http://www.zhihu.com/people/kan-ou-li
http://www.zhihu.com/people/jxzhumin
http://www.zhihu.com/people/paprika-73
http://www.zhihu.com/people/xiao-nuo-79
http://www.zhihu.com/people/huai-biao
http://www.zhihu.com/people/yuanxinnan
http://www.zhihu.com/people/cheng-fang-hang
http://www.zhihu.com/people/liu-da-chun-68
http://www.zhihu.com/people/yan-er-jane
http://www.zhihu.com/people/li-bai-he-62
http://www.zhihu.com/people/huang-yu-jing-43
http://www.zhihu.com/people/jackma
http://www.zhihu.com/people/di-guan-xun
http://www.zhihu.com/people/li-hua-ting
http://www.zhihu.com/people/sype
http://www.zhihu.com/people/kong-xiao-xiong
http://www.zhihu.com/people/wang-lin-47
http://www.zhihu.com/people/li-ye-61
http://www.zhihu.com/people/joshua-96
http://www.zhihu.com/people/janed
http://www.zhihu.com/people/callme314
http://www.zhihu.com/people/hsiaofan
http://www.zhihu.com/people/mrsunli
http://www.zhihu.com/people/halfer53
http://www.zhihu.com/people/liang-zhen-hua
http://www.zhihu.com/people/just-zhe
http://www.zhihu.com/people/zhou-xing-73
http://www.zhihu.com/people/garhom
http://www.zhihu.com/people/addice
http://www.zhihu.com/people/wang-xin-qiao
http://www.zhihu.com/people/yang-kai-guang
http://www.zhihu.com/people/14208051
http://www.zhihu.com/people/z-wang
http://www.zhihu.com/people/zhang-ge-84
http://www.zhihu.com/people/chenghan
http://www.zhihu.com/people/tang-hai-yang-4
http://www.zhihu.com/people/lijigang.com
http://www.zhihu.com/people/yshone
http://www.zhihu.com/people/wang-hao-1-11
http://www.zhihu.com/people/weng-huo
http://www.zhihu.com/people/guo-dan-dan-7
http://www.zhihu.com/people/li-qing-fei-29
http://www.zhihu.com/people/austinhuang
http://www.zhihu.com/people/loveye
http://www.zhihu.com/people/asdzheng
http://www.zhihu.com/people/imceobitch
http://www.zhihu.com/people/li-xi-rui
http://www.zhihu.com/people/wu-wei-96-47
http://www.zhihu.com/people/xiaodaoren
http://www.zhihu.com/people/xiong-lu-ming
http://www.zhihu.com/people/chen-chen-48-57
http://www.zhihu.com/people/wangming
http://www.zhihu.com/people/noel-84
http://www.zhihu.com/people/ruan-chen-51
http://www.zhihu.com/people/yang-hai-77
http://www.zhihu.com/people/charmgene
http://www.zhihu.com/people/copper-friddle
http://www.zhihu.com/people/lockeman
http://www.zhihu.com/people/eleven
http://www.zhihu.com/people/lin-zhe-96
http://www.zhihu.com/people/lin-zheng-hui
http://www.zhihu.com/people/steveren
http://www.zhihu.com/people/chunk-40
http://www.zhihu.com/people/oweninboston
http://www.zhihu.com/people/mei-mo-58
http://www.zhihu.com/people/xiahao
http://www.zhihu.com/people/yang-ou
http://www.zhihu.com/people/guo-chao-13
http://www.zhihu.com/people/chuangzi
http://www.zhihu.com/people/zhangkai_ch
http://www.zhihu.com/people/huande
http://www.zhihu.com/people/linwang
http://www.zhihu.com/people/qi-xiao-qikennyqi
http://www.zhihu.com/people/zhao-wei
http://www.zhihu.com/people/imwilsonxu
http://www.zhihu.com/people/lan-qiu-71
http://www.zhihu.com/people/su-xiao-___
http://www.zhihu.com/people/zhongzhuqiang
http://www.zhihu.com/people/PeterDeng
http://www.zhihu.com/people/zhibaishouhei-43
http://www.zhihu.com/people/pu-qiu
http://www.zhihu.com/people/ma-xiao-jun-61
http://www.zhihu.com/people/wang-yi-ke-7
http://www.zhihu.com/people/jerryweiaaa
http://www.zhihu.com/people/kanbian
http://www.zhihu.com/people/Screamjeff
http://www.zhihu.com/people/schweigen
http://www.zhihu.com/people/derekliu
http://www.zhihu.com/people/li-fang-ji
http://www.zhihu.com/people/zhang-ya-dong-9
http://www.zhihu.com/people/gao-da-li
http://www.zhihu.com/people/chen-wei-bin-40
http://www.zhihu.com/people/lang-qian-yi
http://www.zhihu.com/people/he-bo-4
http://www.zhihu.com/people/xu-qing-yang
http://www.zhihu.com/people/ladygrass
http://www.zhihu.com/people/zhang-wei-dong-59
http://www.zhihu.com/people/fuzhi
http://www.zhihu.com/people/imike
http://www.zhihu.com/people/zhang-xiao-er-76
http://www.zhihu.com/people/Tristan
http://www.zhihu.com/people/liu-xi-fei
http://www.zhihu.com/people/lynnling-yun
http://www.zhihu.com/people/lubinwei
http://www.zhihu.com/people/tong-qian
http://www.zhihu.com/people/xiao-bo-81
http://www.zhihu.com/people/wang-wen-ping
http://www.zhihu.com/people/amuro1230
http://www.zhihu.com/people/peng-wei-com
http://www.zhihu.com/people/zhiqiang.niu
http://www.zhihu.com/people/yang-min-jun
http://www.zhihu.com/people/fanhu
http://www.zhihu.com/people/linhui
http://www.zhihu.com/people/shen-yin
http://www.zhihu.com/people/shawn-4-79
http://www.zhihu.com/people/daguo
http://www.zhihu.com/people/shanfeng-xie
http://www.zhihu.com/people/jerry_lee
http://www.zhihu.com/people/lilaba
http://www.zhihu.com/people/laoyoung
http://www.zhihu.com/people/dong-ling-yu
http://www.zhihu.com/people/tlxue
http://www.zhihu.com/people/fang-kun-87
http://www.zhihu.com/people/pan-qian-hua
http://www.zhihu.com/people/suparni
http://www.zhihu.com/people/ihansey
http://www.zhihu.com/people/chun-lei
http://www.zhihu.com/people/shishan
http://www.zhihu.com/people/zhu-jia-zhuang
http://www.zhihu.com/people/rare
http://www.zhihu.com/people/lyisice
http://www.zhihu.com/people/airbai
http://www.zhihu.com/people/chen-xiao-lin-46
http://www.zhihu.com/people/zhangxvliang
http://www.zhihu.com/people/anchengqun
http://www.zhihu.com/people/elias
http://www.zhihu.com/people/jin-cheng-tan
http://www.zhihu.com/people/da-ming-ming
http://www.zhihu.com/people/lu-de-zhang
http://www.zhihu.com/people/liu-li-yan
http://www.zhihu.com/people/li-xin-wei-12
http://www.zhihu.com/people/maxiaodong
http://www.zhihu.com/people/plzdonoevil
http://www.zhihu.com/people/heisn
http://www.zhihu.com/people/gu-ke-fan
http://www.zhihu.com/people/liu.jianfeng
http://www.zhihu.com/people/xu-ming-xi
http://www.zhihu.com/people/chen-shan-wei
http://www.zhihu.com/people/chougu
http://www.zhihu.com/people/song_90
http://www.zhihu.com/people/huang-wei-jun-36
http://www.zhihu.com/people/wu-zhi-peng-48
http://www.zhihu.com/people/felixpan
http://www.zhihu.com/people/suncuss
http://www.zhihu.com/people/ancle
http://www.zhihu.com/people/bighope
http://www.zhihu.com/people/lichengdongdong
http://www.zhihu.com/people/lanhan
http://www.zhihu.com/people/jason-63
http://www.zhihu.com/people/ramon-chang
http://www.zhihu.com/people/zhang-jian-wei-1225
http://www.zhihu.com/people/paprikaz
http://www.zhihu.com/people/Huining-Lee
http://www.zhihu.com/people/yansisi
http://www.zhihu.com/people/cai-ya-nan
http://www.zhihu.com/people/has23
http://www.zhihu.com/people/louisecheng
http://www.zhihu.com/people/yeskk
http://www.zhihu.com/people/jia-wei-73
http://www.zhihu.com/people/wang-jun-jun
http://www.zhihu.com/people/qingxia
http://www.zhihu.com/people/puyun
http://www.zhihu.com/people/superwyh
http://www.zhihu.com/people/dan-bu-dan-ding
http://www.zhihu.com/people/situjun
http://www.zhihu.com/people/tiezhen
http://www.zhihu.com/people/yue-shi-jie
http://www.zhihu.com/people/mobile
http://www.zhihu.com/people/chunge
http://www.zhihu.com/people/yanghaoleng
http://www.zhihu.com/people/idemon
http://www.zhihu.com/people/dukeli
http://www.zhihu.com/people/hzksh
http://www.zhihu.com/people/DannyWangX
http://www.zhihu.com/people/justin-la-jiang
http://www.zhihu.com/people/yao-xing-guang
http://www.zhihu.com/people/leonwang
http://www.zhihu.com/people/leonpak
http://www.zhihu.com/people/viperchaos
http://www.zhihu.com/people/0001
http://www.zhihu.com/people/huangpingwei
http://www.zhihu.com/people/wojo
http://www.zhihu.com/people/shanelau
http://www.zhihu.com/people/cui-kai-45
http://www.zhihu.com/people/zhenpeng
http://www.zhihu.com/people/ruan-chang-feng
http://www.zhihu.com/people/aotian
http://www.zhihu.com/people/highend
http://www.zhihu.com/people/duchao
http://www.zhihu.com/people/yu-ya-tao
http://www.zhihu.com/people/982693
http://www.zhihu.com/people/wang-hui-99-17
http://www.zhihu.com/people/wayfind
http://www.zhihu.com/people/jianglaoban
http://www.zhihu.com/people/rickysu
http://www.zhihu.com/people/solar-17
http://www.zhihu.com/people/zaiyiqi
http://www.zhihu.com/people/yesliwen
http://www.zhihu.com/people/w1zard
http://www.zhihu.com/people/ronronronron
http://www.zhihu.com/people/tinyyuan
http://www.zhihu.com/people/myxydx
http://www.zhihu.com/people/isam
http://www.zhihu.com/people/wang-peng-fei
http://www.zhihu.com/people/orzcc
http://www.zhihu.com/people/mi-suo
http://www.zhihu.com/people/denofiend
http://www.zhihu.com/people/yaoxu
http://www.zhihu.com/people/ztwto.com
http://www.zhihu.com/people/chengyuan
http://www.zhihu.com/people/laoqian
http://www.zhihu.com/people/river-10
http://www.zhihu.com/people/zongtong
http://www.zhihu.com/people/anderson-lo
http://www.zhihu.com/people/darrenest
http://www.zhihu.com/people/wangyunfei
http://www.zhihu.com/people/du-mian-19
http://www.zhihu.com/people/xiao-yi-99
http://www.zhihu.com/people/fu-er
http://www.zhihu.com/people/senflyboy
http://www.zhihu.com/people/li-sheng-liang
http://www.zhihu.com/people/JeOam
http://www.zhihu.com/people/kang-kai
http://www.zhihu.com/people/demo-20
http://www.zhihu.com/people/loujianwen
http://www.zhihu.com/people/xu-jia-ming
http://www.zhihu.com/people/panbin
http://www.zhihu.com/people/dter
http://www.zhihu.com/people/thinkind
http://www.zhihu.com/people/K-none
http://www.zhihu.com/people/fooling
http://www.zhihu.com/people/walkingreal
http://www.zhihu.com/people/perfect007
http://www.zhihu.com/people/ashwu
http://www.zhihu.com/people/winsunchen
http://www.zhihu.com/people/zheng-wei-86
http://www.zhihu.com/people/zi-tao
http://www.zhihu.com/people/guo-wen-long
http://www.zhihu.com/people/anyan
http://www.zhihu.com/people/lijiping
http://www.zhihu.com/people/li-pei-lin-79
http://www.zhihu.com/people/sunyuhan
http://www.zhihu.com/people/yuekun
http://www.zhihu.com/people/guolin
http://www.zhihu.com/people/edsimon
http://www.zhihu.com/people/jin-na-na
http://www.zhihu.com/people/beique
http://www.zhihu.com/people/wyfusky
http://www.zhihu.com/people/feng-hao-85
http://www.zhihu.com/people/unogzx
http://www.zhihu.com/people/wei-li-si
http://www.zhihu.com/people/liujing
http://www.zhihu.com/people/lianghuan
http://www.zhihu.com/people/li-zhen-jie
http://www.zhihu.com/people/jiang-hong-chang
http://www.zhihu.com/people/Robot-Yu
http://www.zhihu.com/people/linsen
http://www.zhihu.com/people/xiao-zhang-28
http://www.zhihu.com/people/flamingo
http://www.zhihu.com/people/zhouyuan
http://www.zhihu.com/people/chenruihong
http://www.zhihu.com/people/inaxu
http://www.zhihu.com/people/xiongyifang
http://www.zhihu.com/people/sunqingxin
http://www.zhihu.com/people/forever
http://www.zhihu.com/people/zhu-hui-lai
http://www.zhihu.com/people/Yunaaaaaaa
http://www.zhihu.com/people/yaoyuan
http://www.zhihu.com/people/zhou-jie-45
http://www.zhihu.com/people/wang-zhen-dong-3
http://www.zhihu.com/people/keshaoqin
http://www.zhihu.com/people/hong-liang
http://www.zhihu.com/people/lian-chang-wang-jiang
http://www.zhihu.com/people/lu-yi-68
http://www.zhihu.com/people/cklover
http://www.zhihu.com/people/ooohay
http://www.zhihu.com/people/hannus
http://www.zhihu.com/people/wu-da
http://www.zhihu.com/people/Jmax
http://www.zhihu.com/people/caiyuhui
http://www.zhihu.com/people/fa-jun
http://www.zhihu.com/people/applenate
http://www.zhihu.com/people/xinranmsn
http://www.zhihu.com/people/tu-tu-dian-xia
http://www.zhihu.com/people/gino
http://www.zhihu.com/people/kkkkylin
http://www.zhihu.com/people/a-du
http://www.zhihu.com/people/wmichelle
http://www.zhihu.com/people/notor
http://www.zhihu.com/people/chino-25
http://www.zhihu.com/people/hxddh
http://www.zhihu.com/people/Ataraxia002
http://www.zhihu.com/people/mycakebox
http://www.zhihu.com/people/allsaying
http://www.zhihu.com/people/zhou-li
http://www.zhihu.com/people/he-xu-sheng
http://www.zhihu.com/people/zhou-yong-liang
http://www.zhihu.com/people/LittleV
http://www.zhihu.com/people/lu-ming-hao
http://www.zhihu.com/people/yahuo
http://www.zhihu.com/people/jixin
http://www.zhihu.com/people/f.hugh
http://www.zhihu.com/people/yang-mou-peng
http://www.zhihu.com/people/he-yang-72
http://www.zhihu.com/people/essaye
http://www.zhihu.com/people/wang-hai-hao
http://www.zhihu.com/people/rancho-fang
http://www.zhihu.com/people/xiaoxuan
http://www.zhihu.com/people/weiyaqian
http://www.zhihu.com/people/yuze
http://www.zhihu.com/people/voldemort
http://www.zhihu.com/people/san-pi
http://www.zhihu.com/people/shifu
http://www.zhihu.com/people/tai-shan
http://www.zhihu.com/people/luo-gu-shu
http://www.zhihu.com/people/hackwriter
http://www.zhihu.com/people/fanfeifan
http://www.zhihu.com/people/jia-cong-cong
http://www.zhihu.com/people/zhangdongya
http://www.zhihu.com/people/dizhu
http://www.zhihu.com/people/enqiangli
http://www.zhihu.com/people/aprillyw
http://www.zhihu.com/people/zhao-ke-qin
http://www.zhihu.com/people/wangge
http://www.zhihu.com/people/fang-fang-85-6
http://www.zhihu.com/people/llian-jie
http://www.zhihu.com/people/ecmoment
http://www.zhihu.com/people/shek
http://www.zhihu.com/people/quan
http://www.zhihu.com/people/hzshen
http://www.zhihu.com/people/jiang-han-chi
http://www.zhihu.com/people/midori
http://www.zhihu.com/people/handey
http://www.zhihu.com/people/addren
http://www.zhihu.com/people/peixiaolei
http://www.zhihu.com/people/hi-id
http://www.zhihu.com/people/yuba100
http://www.zhihu.com/people/shenhaihuai
http://www.zhihu.com/people/xu-zi-xin
http://www.zhihu.com/people/Lake7
http://www.zhihu.com/people/JAYXHJ
http://www.zhihu.com/people/li-zi-jian
http://www.zhihu.com/people/linxiangyang
http://www.zhihu.com/people/luoyundeng
http://www.zhihu.com/people/qu-ding-ding
http://www.zhihu.com/people/cai-tong
http://www.zhihu.com/people/yanguang
http://www.zhihu.com/people/huang-wei-cai
http://www.zhihu.com/people/mobiuschen
http://www.zhihu.com/people/wangmingming
http://www.zhihu.com/people/yu-ming-gu-wen-chen-tao
http://www.zhihu.com/people/JoeyZhi
http://www.zhihu.com/people/leoluo
http://www.zhihu.com/people/liu_xin
http://www.zhihu.com/people/1028
http://www.zhihu.com/people/cai-wen-hua
http://www.zhihu.com/people/leele111
http://www.zhihu.com/people/MichaelYang
http://www.zhihu.com/people/shijun
http://www.zhihu.com/people/tiankeshan
http://www.zhihu.com/people/spam
http://www.zhihu.com/people/yaozhaoyz
http://www.zhihu.com/people/yanxue0207
http://www.zhihu.com/people/mali
http://www.zhihu.com/people/uxdavid
http://www.zhihu.com/people/icondoctor
http://www.zhihu.com/people/heixiong
http://www.zhihu.com/people/neaton
http://www.zhihu.com/people/yingwenlee
http://www.zhihu.com/people/nu-xi-feng
http://www.zhihu.com/people/oxygen
http://www.zhihu.com/people/chenfangyi
http://www.zhihu.com/people/wind
http://www.zhihu.com/people/fiona-65
