http://www.zhihu.com/people/ou-yang-liu-song
http://www.zhihu.com/people/henry-36
http://www.zhihu.com/people/srm_lj
http://www.zhihu.com/people/ren-yao-jie
http://www.zhihu.com/people/spuch
http://www.zhihu.com/people/xie-xiao-tuan
http://www.zhihu.com/people/byerancy
http://www.zhihu.com/people/zhou-xin-45
http://www.zhihu.com/people/wang-jiang-87
http://www.zhihu.com/people/liu-si-yi-4
http://www.zhihu.com/people/mei-kai-54
http://www.zhihu.com/people/peoplegxs
http://www.zhihu.com/people/zhang-pin-ming
http://www.zhihu.com/people/dong-ming-xuan
http://www.zhihu.com/people/shen-ya-nan-44
http://www.zhihu.com/people/sen-sheng
http://www.zhihu.com/people/bai-bai-he-18
http://www.zhihu.com/people/chang-ge-96
http://www.zhihu.com/people/wang-shao-cheng-106
http://www.zhihu.com/people/gan-lu-45-21
http://www.zhihu.com/people/yin-hu-22
http://www.zhihu.com/people/li-si-yang-63
http://www.zhihu.com/people/lin-lin-89-79-4
http://www.zhihu.com/people/wei-ran-leo
http://www.zhihu.com/people/pang-luan-luan
http://www.zhihu.com/people/LoveLBX
http://www.zhihu.com/people/zong-kai-21
http://www.zhihu.com/people/cai-gen-tan
http://www.zhihu.com/people/hushering
http://www.zhihu.com/people/qiao-mo-er-44
http://www.zhihu.com/people/wang-wen-han-Ted
http://www.zhihu.com/people/ci-ke-41
http://www.zhihu.com/people/ni-ni-4
http://www.zhihu.com/people/ding-ling-ling-29
http://www.zhihu.com/people/huang-xiao-mi-88
http://www.zhihu.com/people/cdlilin
http://www.zhihu.com/people/chen-fei-di
http://www.zhihu.com/people/liu-chen-15
http://www.zhihu.com/people/zhang-qun-21
http://www.zhihu.com/people/huang-hai-zhou-64
http://www.zhihu.com/people/Daniel_Lu
http://www.zhihu.com/people/qing-shu-63-15
http://www.zhihu.com/people/wu-wei-76-79
http://www.zhihu.com/people/neofdy
http://www.zhihu.com/people/she-quan-quan
http://www.zhihu.com/people/wang-ting-ting-28-65
http://www.zhihu.com/people/liu-qing-11-35
http://www.zhihu.com/people/ho-lli
http://www.zhihu.com/people/GionCat
http://www.zhihu.com/people/pizei
http://www.zhihu.com/people/dizhe
http://www.zhihu.com/people/ma-hui-hui-
http://www.zhihu.com/people/zhao-ming-zhe-83
http://www.zhihu.com/people/yin-ming-38
http://www.zhihu.com/people/zhang-tian-cheng-55
http://www.zhihu.com/people/dong-magic-10
http://www.zhihu.com/people/ni-shi-81
http://www.zhihu.com/people/fantasy-45
http://www.zhihu.com/people/shi-kai-81
http://www.zhihu.com/people/yang-momo1993
http://www.zhihu.com/people/tang-qie-70
http://www.zhihu.com/people/yu-nong-6
http://www.zhihu.com/people/li-ya-biao
http://www.zhihu.com/people/chen-lei-142857
http://www.zhihu.com/people/fang-wen-32
http://www.zhihu.com/people/doors
http://www.zhihu.com/people/zhao-chen-hao-39
http://www.zhihu.com/people/promise-zhang
http://www.zhihu.com/people/zhang-yu-31
http://www.zhihu.com/people/wang-wei-chen-41
http://www.zhihu.com/people/liu-wang-94
http://www.zhihu.com/people/tie-zhu-52
http://www.zhihu.com/people/menthollin
http://www.zhihu.com/people/lordifeng
http://www.zhihu.com/people/wei-wei-10-88
http://www.zhihu.com/people/zexiancui
http://www.zhihu.com/people/feng-liang-62-13
http://www.zhihu.com/people/yang-guang-11-55
http://www.zhihu.com/people/xieyanwei
http://www.zhihu.com/people/cp-yang-56
http://www.zhihu.com/people/shu-yun-36
http://www.zhihu.com/people/aria-y
http://www.zhihu.com/people/wang-qi-75-56
http://www.zhihu.com/people/SeanParker
http://www.zhihu.com/people/zhou-lin-yan-77
http://www.zhihu.com/people/rs-simple
http://www.zhihu.com/people/jianwei-wang-6
http://www.zhihu.com/people/bourne-5
http://www.zhihu.com/people/yin-yue-61
http://www.zhihu.com/people/kan-nm
http://www.zhihu.com/people/qi-qi-52-78
http://www.zhihu.com/people/cao-zhi-hai
http://www.zhihu.com/people/cang-mang-6
http://www.zhihu.com/people/tian-jing-10
http://www.zhihu.com/people/freedomwyb
http://www.zhihu.com/people/tang-cheng-yuan-25
http://www.zhihu.com/people/xiong-ti-ti
http://www.zhihu.com/people/jackyue0906
http://www.zhihu.com/people/long-lu-92
http://www.zhihu.com/people/chuyi-chen-29
http://www.zhihu.com/people/possibilities
http://www.zhihu.com/people/xiang-ru-75
http://www.zhihu.com/people/hu-zi-30
http://www.zhihu.com/people/xi-wei-10
http://www.zhihu.com/people/huang-xiao-ting-55
http://www.zhihu.com/people/yangluhan1990
http://www.zhihu.com/people/dong-xin-yi-24
http://www.zhihu.com/people/huang-ming-liang
http://www.zhihu.com/people/paprikaz
http://www.zhihu.com/people/chen-xiang-44-81
http://www.zhihu.com/people/reese717
http://www.zhihu.com/people/AmoLoong
http://www.zhihu.com/people/qiao-yu-61
http://www.zhihu.com/people/chen-wei-bin-40
http://www.zhihu.com/people/fono
http://www.zhihu.com/people/zou-hui-lei
http://www.zhihu.com/people/shanhuying
http://www.zhihu.com/people/THFQ
http://www.zhihu.com/people/ray-guo-23
http://www.zhihu.com/people/li-xiao-lin-68
http://www.zhihu.com/people/lanstonpeng
http://www.zhihu.com/people/li-gou-hai-12-23
http://www.zhihu.com/people/li-shou-yin-89
http://www.zhihu.com/people/vahva
http://www.zhihu.com/people/liang-cu-cu
http://www.zhihu.com/people/li-jiu-zhe
http://www.zhihu.com/people/zhu-bo-tao
http://www.zhihu.com/people/shan-kui-zhang
http://www.zhihu.com/people/li-dai-hui
http://www.zhihu.com/people/guxianbang
http://www.zhihu.com/people/chu-meng-meng
http://www.zhihu.com/people/wang-lin-tao-92
http://www.zhihu.com/people/henly-lu
http://www.zhihu.com/people/linjiahao
http://www.zhihu.com/people/lu-gui-chen-26
http://www.zhihu.com/people/icaros
http://www.zhihu.com/people/shu-xiao-93
http://www.zhihu.com/people/liu-jing-tong-58
http://www.zhihu.com/people/qixia
http://www.zhihu.com/people/tian-da-feng
http://www.zhihu.com/people/shipeiju
http://www.zhihu.com/people/mu-qing-23
http://www.zhihu.com/people/ann-chan-91
http://www.zhihu.com/people/lie-bei
http://www.zhihu.com/people/lihaoqiang
http://www.zhihu.com/people/he-yu-hao
http://www.zhihu.com/people/sellsoda
http://www.zhihu.com/people/Driss
http://www.zhihu.com/people/fang-dan-88
http://www.zhihu.com/people/peng-si-jie
http://www.zhihu.com/people/bo-wen-49
http://www.zhihu.com/people/universe
http://www.zhihu.com/people/li-cheng-gan
http://www.zhihu.com/people/shi-jia-hao-54
http://www.zhihu.com/people/long-fei-25
http://www.zhihu.com/people/zhang-yuan-41-66
http://www.zhihu.com/people/rockrationality
http://www.zhihu.com/people/sun-meng-yu-34
http://www.zhihu.com/people/miao-zhen
http://www.zhihu.com/people/ma-xiao-xin-79
http://www.zhihu.com/people/chen-di-pu
http://www.zhihu.com/people/alfred-87
http://www.zhihu.com/people/xiao-sa-06-16
http://www.zhihu.com/people/qi-huan-jia
http://www.zhihu.com/people/tun-tan
http://www.zhihu.com/people/IcyAngel
http://www.zhihu.com/people/matkiller
http://www.zhihu.com/people/deng-xin-52
http://www.zhihu.com/people/zhushaoyue
http://www.zhihu.com/people/li-jin-feng-84
http://www.zhihu.com/people/shi-sheng-15
http://www.zhihu.com/people/be-with-lele
http://www.zhihu.com/people/huang-shuai-87
http://www.zhihu.com/people/huang-guo-qing-60
http://www.zhihu.com/people/li-xin-95-9
http://www.zhihu.com/people/chen-ze-feng-52
http://www.zhihu.com/people/gui-yiming
http://www.zhihu.com/people/strangebanman
http://www.zhihu.com/people/cui-xiao-er
http://www.zhihu.com/people/ostiary
http://www.zhihu.com/people/jeremeynull
http://www.zhihu.com/people/loopool
http://www.zhihu.com/people/paisible
http://www.zhihu.com/people/zhong-ye-zi-49
http://www.zhihu.com/people/hong-qing-zhu
http://www.zhihu.com/people/ying-zhang-51
http://www.zhihu.com/people/edward-31-35
http://www.zhihu.com/people/zhang-yang-wei-31
http://www.zhihu.com/people/ulaveo
http://www.zhihu.com/people/Tmacy
http://www.zhihu.com/people/yeyu-67
http://www.zhihu.com/people/huang-hua-hua-21
http://www.zhihu.com/people/weiyaopeng
http://www.zhihu.com/people/mi-mi-54
http://www.zhihu.com/people/zhang-xin-zhu-53
http://www.zhihu.com/people/zhang-min-42
http://www.zhihu.com/people/wjsleep
http://www.zhihu.com/people/bai-leo
http://www.zhihu.com/people/jabi
http://www.zhihu.com/people/mo-da
http://www.zhihu.com/people/meicoog
http://www.zhihu.com/people/detwin
http://www.zhihu.com/people/hueidou163
http://www.zhihu.com/people/xiao-liang-moon
http://www.zhihu.com/people/li-xian-qiang
http://www.zhihu.com/people/fengthn
http://www.zhihu.com/people/Xieyiyao
http://www.zhihu.com/people/wu-ke-fei
http://www.zhihu.com/people/huang-te-jin
http://www.zhihu.com/people/tu-bi-zi-gu
http://www.zhihu.com/people/funnybones
http://www.zhihu.com/people/sheng-qi
http://www.zhihu.com/people/mzxxgs
http://www.zhihu.com/people/faith-87
http://www.zhihu.com/people/kexin-zhou
http://www.zhihu.com/people/zheng-xin-56
http://www.zhihu.com/people/wang-ke-li-83
http://www.zhihu.com/people/_zhao_xu_
http://www.zhihu.com/people/wang-xing-han-62
http://www.zhihu.com/people/owyang
http://www.zhihu.com/people/luo-wei-37
http://www.zhihu.com/people/yandeng
http://www.zhihu.com/people/fajia
http://www.zhihu.com/people/tang-qi-ge-63
http://www.zhihu.com/people/lily-leo
http://www.zhihu.com/people/meng-fan-lei
http://www.zhihu.com/people/loem
http://www.zhihu.com/people/anyi90
http://www.zhihu.com/people/fu-cheng-kai
http://www.zhihu.com/people/lu-jia-11
http://www.zhihu.com/people/chang-cheng-jiang
http://www.zhihu.com/people/li-quan-zhen
http://www.zhihu.com/people/yong-yi-68
http://www.zhihu.com/people/li-hui-44-8
http://www.zhihu.com/people/kimfly
http://www.zhihu.com/people/xie-wei-48
http://www.zhihu.com/people/646351
http://www.zhihu.com/people/wei-te-23
http://www.zhihu.com/people/jian-dan-4
http://www.zhihu.com/people/li-li-8-21
http://www.zhihu.com/people/zhizhiweizhizhi
http://www.zhihu.com/people/techoxygen
http://www.zhihu.com/people/qiao-xin-qi
http://www.zhihu.com/people/katie.wang
http://www.zhihu.com/people/cooL
http://www.zhihu.com/people/zhu-xiao-wu-77
http://www.zhihu.com/people/diao-yuan-yuan
http://www.zhihu.com/people/wang-lei-78-56
http://www.zhihu.com/people/chang-kai-xin-85
http://www.zhihu.com/people/yi-shu-94
http://www.zhihu.com/people/liang-xiao-mi-44
http://www.zhihu.com/people/InitialC
http://www.zhihu.com/people/pan-jia-qi-69
http://www.zhihu.com/people/yang-yang-35-50-68
http://www.zhihu.com/people/tang-tang-40-20
http://www.zhihu.com/people/10thousand
http://www.zhihu.com/people/mi-xin
http://www.zhihu.com/people/tongjinghao
http://www.zhihu.com/people/momo-ivy
http://www.zhihu.com/people/zeaker
http://www.zhihu.com/people/jin-xi-56
http://www.zhihu.com/people/boomop
http://www.zhihu.com/people/ryan-42-5
http://www.zhihu.com/people/sara-ding
http://www.zhihu.com/people/gu-zhong-heng
http://www.zhihu.com/people/li-ruo-ruo
http://www.zhihu.com/people/laoliumang-78
http://www.zhihu.com/people/dong-lei-25
http://www.zhihu.com/people/namiheike
http://www.zhihu.com/people/yang-chun-17
http://www.zhihu.com/people/lai-xiao-an
http://www.zhihu.com/people/lu-fei-yao
http://www.zhihu.com/people/george-lau
http://www.zhihu.com/people/ebay
http://www.zhihu.com/people/qiao-xiao-yue
http://www.zhihu.com/people/li-pei-45
http://www.zhihu.com/people/olivierenroute
http://www.zhihu.com/people/tianshanglansedetian
http://www.zhihu.com/people/zhang-kai-wen-64
http://www.zhihu.com/people/an-ran-15
http://www.zhihu.com/people/guo-zi-yun-33
http://www.zhihu.com/people/shimengchen
http://www.zhihu.com/people/zhaorong
http://www.zhihu.com/people/liu-yi-cheng-13
http://www.zhihu.com/people/an-zhi-25
http://www.zhihu.com/people/biantaishabi
http://www.zhihu.com/people/zhang-jian-20-22
http://www.zhihu.com/people/pian
http://www.zhihu.com/people/lu-cong-jin-ye-bai
http://www.zhihu.com/people/choy
http://www.zhihu.com/people/GilgameshK
http://www.zhihu.com/people/zhao-zi-chu
http://www.zhihu.com/people/chen-hua-liang
http://www.zhihu.com/people/lin-bao-47
http://www.zhihu.com/people/merlin-47
http://www.zhihu.com/people/yuger.net
http://www.zhihu.com/people/super-l
http://www.zhihu.com/people/han-song-50
http://www.zhihu.com/people/tian-min-cheng
http://www.zhihu.com/people/wang-qiao-zhi
http://www.zhihu.com/people/li-jing-yan-12
http://www.zhihu.com/people/chen-qing-kai-11
http://www.zhihu.com/people/zhaigege
http://www.zhihu.com/people/hu-xing-zhi
http://www.zhihu.com/people/zorbas
http://www.zhihu.com/people/wei-piao
http://www.zhihu.com/people/pan-rong-rong
http://www.zhihu.com/people/harry-cheng
http://www.zhihu.com/people/zhang-jia-wei-10
http://www.zhihu.com/people/liu-kai-luo-cairo
http://www.zhihu.com/people/wu-zhi-peng-48
http://www.zhihu.com/people/wang-zhi-xian-98
http://www.zhihu.com/people/zhang-hai-dong-25
http://www.zhihu.com/people/wangyongxin
http://www.zhihu.com/people/ding-rui-12
http://www.zhihu.com/people/fu-miao-rong
http://www.zhihu.com/people/klingons
http://www.zhihu.com/people/puke
http://www.zhihu.com/people/liang-yu-fan
http://www.zhihu.com/people/an-xiao-xi
http://www.zhihu.com/people/melody-song
http://www.zhihu.com/people/wang-ji-85
http://www.zhihu.com/people/jian-zhu-61
http://www.zhihu.com/people/huanghuihui1991
http://www.zhihu.com/people/liu-zhe-52-82
http://www.zhihu.com/people/zhao-xiao-jing-20
http://www.zhihu.com/people/ahxxm
http://www.zhihu.com/people/cao-lin-nuo
http://www.zhihu.com/people/tao
http://www.zhihu.com/people/jiahu
http://www.zhihu.com/people/wu-dan-59
http://www.zhihu.com/people/jonliu
http://www.zhihu.com/people/han-yan-hui
http://www.zhihu.com/people/SailYang
http://www.zhihu.com/people/wu-xiao-bin-71
http://www.zhihu.com/people/wspring
http://www.zhihu.com/people/nan-xi-ren
http://www.zhihu.com/people/qu-yiming
http://www.zhihu.com/people/xi-hui-hui
http://www.zhihu.com/people/chouthen
http://www.zhihu.com/people/oliverxu
http://www.zhihu.com/people/leemoispace
http://www.zhihu.com/people/lanslife
http://www.zhihu.com/people/matrix-trueman-2
http://www.zhihu.com/people/xiahao
http://www.zhihu.com/people/rocky-17
http://www.zhihu.com/people/wang-si-heng-gino
http://www.zhihu.com/people/wangtengchuan
http://www.zhihu.com/people/tian-xue-hao
http://www.zhihu.com/people/dake
http://www.zhihu.com/people/hanwei...
http://www.zhihu.com/people/ji-ming-chao
http://www.zhihu.com/people/liberty
http://www.zhihu.com/people/ammmie
http://www.zhihu.com/people/wen-yi-10
http://www.zhihu.com/people/jixin
http://www.zhihu.com/people/sunrise-30
http://www.zhihu.com/people/linyangjames
http://www.zhihu.com/people/asdfghjkl
http://www.zhihu.com/people/zheng-jun-53
http://www.zhihu.com/people/jay-louis
http://www.zhihu.com/people/kuang-yu-88
http://www.zhihu.com/people/wang-yue-long
http://www.zhihu.com/people/vera-wei
http://www.zhihu.com/people/zhihur
http://www.zhihu.com/people/qwhe
http://www.zhihu.com/people/chenran
http://www.zhihu.com/people/lvfei
http://www.zhihu.com/people/chen-yan-huan-94
http://www.zhihu.com/people/wu-qin-bei-68
http://www.zhihu.com/people/sun-huan-ding
http://www.zhihu.com/people/lv-miao-94
http://www.zhihu.com/people/fireos
http://www.zhihu.com/people/chu-zhao-sheng
http://www.zhihu.com/people/cheng-fang-hang
http://www.zhihu.com/people/guo-chun-long-45
http://www.zhihu.com/people/lieder
http://www.zhihu.com/people/alexon
http://www.zhihu.com/people/alexcu
http://www.zhihu.com/people/li-bing-shuai
http://www.zhihu.com/people/lu-bu-wan
http://www.zhihu.com/people/liuyang-37
http://www.zhihu.com/people/wei-jun-72-33
http://www.zhihu.com/people/virgil
http://www.zhihu.com/people/zhou-wen-shan
http://www.zhihu.com/people/zong-lu-feng
http://www.zhihu.com/people/yuanzheng
http://www.zhihu.com/people/paul-shadow
http://www.zhihu.com/people/wang-yuan-66-5
http://www.zhihu.com/people/joshua-96
http://www.zhihu.com/people/c0in
http://www.zhihu.com/people/lin-songyin
http://www.zhihu.com/people/fuckzhihu
http://www.zhihu.com/people/zhangdashe
http://www.zhihu.com/people/zengyingjia
http://www.zhihu.com/people/li-fei-46
http://www.zhihu.com/people/hsiaofan
http://www.zhihu.com/people/yangyuan
http://www.zhihu.com/people/cai-tao-34
http://www.zhihu.com/people/zhou-jian-rui
http://www.zhihu.com/people/fuxiaofeng
http://www.zhihu.com/people/wang-kai-59-11
http://www.zhihu.com/people/lobo-73
http://www.zhihu.com/people/sun-xiao-fan-30
http://www.zhihu.com/people/checkking
http://www.zhihu.com/people/bxbxbai
http://www.zhihu.com/people/yan-yan-66
http://www.zhihu.com/people/just-zhe
http://www.zhihu.com/people/luoyang
http://www.zhihu.com/people/shui-xiao-xian
http://www.zhihu.com/people/dan-feng-29
http://www.zhihu.com/people/victor-chen-79
http://www.zhihu.com/people/wang-tao-25-75
http://www.zhihu.com/people/jiang-zheng-58
http://www.zhihu.com/people/peterlu
http://www.zhihu.com/people/liu-xiang-long
http://www.zhihu.com/people/shuqian
http://www.zhihu.com/people/limi
http://www.zhihu.com/people/zuimai
http://www.zhihu.com/people/sun-lu-zhu
http://www.zhihu.com/people/huma
http://www.zhihu.com/people/xianguangyang
http://www.zhihu.com/people/domire
http://www.zhihu.com/people/jonson-fang
http://www.zhihu.com/people/wang-wei-49-53
http://www.zhihu.com/people/su-min-39
http://www.zhihu.com/people/ricky11
http://www.zhihu.com/people/yan-hui-8-82
http://www.zhihu.com/people/chen-jun-jie-98
http://www.zhihu.com/people/K-none
http://www.zhihu.com/people/chen-lin-hang
http://www.zhihu.com/people/ddtou
http://www.zhihu.com/people/huang-hui-94
http://www.zhihu.com/people/chentao
http://www.zhihu.com/people/alfred-95
http://www.zhihu.com/people/newlife
http://www.zhihu.com/people/hu-shuang-61
http://www.zhihu.com/people/ma-___-___
http://www.zhihu.com/people/jiang-wen-zhen
http://www.zhihu.com/people/yansucl
http://www.zhihu.com/people/dai-jiao-85
http://www.zhihu.com/people/mindseeker
http://www.zhihu.com/people/wu-wei-96-47
http://www.zhihu.com/people/shi-yue-jie
http://www.zhihu.com/people/Victorique
http://www.zhihu.com/people/tooyoung
http://www.zhihu.com/people/imceobitch
http://www.zhihu.com/people/lycanlancelot
http://www.zhihu.com/people/charles-liu-50
http://www.zhihu.com/people/youjoinit
http://www.zhihu.com/people/guo-hong-yu-27
http://www.zhihu.com/people/lu-zou-qi
http://www.zhihu.com/people/Screamjeff
http://www.zhihu.com/people/lyqabc
http://www.zhihu.com/people/shen-li-85
http://www.zhihu.com/people/wtzyhl
http://www.zhihu.com/people/duchao
http://www.zhihu.com/people/niceday
http://www.zhihu.com/people/curiosity
http://www.zhihu.com/people/bing-mez
http://www.zhihu.com/people/wang-qiang-4
http://www.zhihu.com/people/cvforl
http://www.zhihu.com/people/eatpoc
http://www.zhihu.com/people/liu-gei-li
http://www.zhihu.com/people/huang-peng-xiao
http://www.zhihu.com/people/ban-xiao-zhuan
http://www.zhihu.com/people/qiu-fu-nan
http://www.zhihu.com/people/zhu-xing-qiang
http://www.zhihu.com/people/nicolecc
http://www.zhihu.com/people/jia-ke-wei
http://www.zhihu.com/people/zhang-xiao-lu-77
http://www.zhihu.com/people/shui-di-76
http://www.zhihu.com/people/xu-lei-19-50
http://www.zhihu.com/people/liu-xi-fei
http://www.zhihu.com/people/zhu-fan-25
http://www.zhihu.com/people/zhou-xiao-nong
http://www.zhihu.com/people/imlucern
http://www.zhihu.com/people/puyun
http://www.zhihu.com/people/hu-xin-chun
http://www.zhihu.com/people/jamiyzeger
http://www.zhihu.com/people/shi-guo-rui
http://www.zhihu.com/people/cklover
http://www.zhihu.com/people/city-wandering
http://www.zhihu.com/people/adam-86
http://www.zhihu.com/people/88sir
http://www.zhihu.com/people/chengyuan
http://www.zhihu.com/people/zaiyiqi
http://www.zhihu.com/people/aaajia
http://www.zhihu.com/people/a-kai-99
http://www.zhihu.com/people/li-shu-shu
http://www.zhihu.com/people/LiuDong
http://www.zhihu.com/people/MichaelPhi
http://www.zhihu.com/people/tutuyang
http://www.zhihu.com/people/zhu-jia-zhuang
http://www.zhihu.com/people/amuro1230
http://www.zhihu.com/people/wei-nuo-4
http://www.zhihu.com/people/li-xue-yu-30
http://www.zhihu.com/people/quan-yun-feng
http://www.zhihu.com/people/dgcz
http://www.zhihu.com/people/medicimedici
http://www.zhihu.com/people/yi-yang-30
http://www.zhihu.com/people/qi-xiao-qikennyqi
http://www.zhihu.com/people/zfish
http://www.zhihu.com/people/liang-xiao-dong-99
http://www.zhihu.com/people/sjhstone
