http://www.zhihu.com/people/heatonless
http://www.zhihu.com/people/peiyang1895
http://www.zhihu.com/people/du-mei
http://www.zhihu.com/people/____
http://www.zhihu.com/people/goodbird
http://www.zhihu.com/people/wu-wei-99-42
http://www.zhihu.com/people/harpfield
http://www.zhihu.com/people/qin-shu-jian
http://www.zhihu.com/people/li-yu-ting-sunny
http://www.zhihu.com/people/zhao-bu-dao-45
http://www.zhihu.com/people/zhang-da-yao
http://www.zhihu.com/people/sofia-96
http://www.zhihu.com/people/ma-ming-zhi
http://www.zhihu.com/people/misery-luo
http://www.zhihu.com/people/endlessroad
http://www.zhihu.com/people/wang-ruo-yu-21
http://www.zhihu.com/people/zhang-hai-fu
http://www.zhihu.com/people/lin-lin-89-79-4
http://www.zhihu.com/people/ren-er-cheng
http://www.zhihu.com/people/niu-ben-18
http://www.zhihu.com/people/dong-rong-hua
http://www.zhihu.com/people/alfreda
http://www.zhihu.com/people/niunai
http://www.zhihu.com/people/xu-wen-liang-83
http://www.zhihu.com/people/su-mi-fan
http://www.zhihu.com/people/xiong-hou-hou
http://www.zhihu.com/people/bourneren
http://www.zhihu.com/people/yu-xiao-yang-8
http://www.zhihu.com/people/soldiermoving
http://www.zhihu.com/people/xiao-luo-54
http://www.zhihu.com/people/noah-yuan
http://www.zhihu.com/people/shi-chao-qun
http://www.zhihu.com/people/da-yu-he-tang
http://www.zhihu.com/people/woodawu
http://www.zhihu.com/people/huang-jun-feng-15
http://www.zhihu.com/people/zhao-xiao-jun-70
http://www.zhihu.com/people/haorui
http://www.zhihu.com/people/wu-quan-yin-68
http://www.zhihu.com/people/cheng-zhong-you
http://www.zhihu.com/people/zhao-xing-sheng-17
http://www.zhihu.com/people/tao-tian-lun
http://www.zhihu.com/people/zhao-fei-82
http://www.zhihu.com/people/SUNYATSEN
http://www.zhihu.com/people/iseesea
http://www.zhihu.com/people/miao-li-yang
http://www.zhihu.com/people/liu-yi-65-90
http://www.zhihu.com/people/jokernl
http://www.zhihu.com/people/chen-wen-16
http://www.zhihu.com/people/wei-zhao-yang-59
http://www.zhihu.com/people/fu-zhe-61
http://www.zhihu.com/people/0903010209
http://www.zhihu.com/people/nakutoki
http://www.zhihu.com/people/tangYY
http://www.zhihu.com/people/kugooer
http://www.zhihu.com/people/guo-guo-42-70
http://www.zhihu.com/people/guo-zhen-an
http://www.zhihu.com/people/ma-heng-81
http://www.zhihu.com/people/forkburn
http://www.zhihu.com/people/wei-bo-huai
http://www.zhihu.com/people/cui-wang
http://www.zhihu.com/people/wang-yier-16
http://www.zhihu.com/people/la-la-ba-xi-lie
http://www.zhihu.com/people/dong-jia-bin
http://www.zhihu.com/people/yang-song-xiao
http://www.zhihu.com/people/wen-kun-guo
http://www.zhihu.com/people/he-ran-48
http://www.zhihu.com/people/qin-yi-97
http://www.zhihu.com/people/vvloving
http://www.zhihu.com/people/liaojunyuan.com
http://www.zhihu.com/people/liu-xiao-hong-73
http://www.zhihu.com/people/imajin
http://www.zhihu.com/people/youyue
http://www.zhihu.com/people/cheung-tim
http://www.zhihu.com/people/jessezhang-xu-qin
http://www.zhihu.com/people/fabulousqi
http://www.zhihu.com/people/qiao-cui
http://www.zhihu.com/people/jin-rui-zhu
http://www.zhihu.com/people/zhu-xing-yu-76
http://www.zhihu.com/people/jesse-wang-53
http://www.zhihu.com/people/he-bu-ke
http://www.zhihu.com/people/fang-wen-32
http://www.zhihu.com/people/medges-11
http://www.zhihu.com/people/han-xu-14-42
http://www.zhihu.com/people/yao-ban-nong
http://www.zhihu.com/people/andy-tian-5
http://www.zhihu.com/people/polun-na
http://www.zhihu.com/people/hu-bo-wen-62
http://www.zhihu.com/people/howard-lee-9
http://www.zhihu.com/people/bingyucas
http://www.zhihu.com/people/wang-zhe-4
http://www.zhihu.com/people/lu-di-56
http://www.zhihu.com/people/wayne-tong
http://www.zhihu.com/people/liang-wei-ran
http://www.zhihu.com/people/ceng-li-zi-15
http://www.zhihu.com/people/luo-hao-5
http://www.zhihu.com/people/lordifeng
http://www.zhihu.com/people/wang-er-xiao-229
http://www.zhihu.com/people/sun-xiao-fan-30
http://www.zhihu.com/people/guo-zhang-82
http://www.zhihu.com/people/di-ai-fu
http://www.zhihu.com/people/hong-guo-guo-79
http://www.zhihu.com/people/dai-xiao-bin
http://www.zhihu.com/people/geleven
http://www.zhihu.com/people/wang-kun-69-12
http://www.zhihu.com/people/zhai-feng
http://www.zhihu.com/people/sdusjp
http://www.zhihu.com/people/zi-ming-91
http://www.zhihu.com/people/luo-xiao-yin-28
http://www.zhihu.com/people/tang-rong-ze
http://www.zhihu.com/people/ark17
http://www.zhihu.com/people/backgroud-music
http://www.zhihu.com/people/li-lang
http://www.zhihu.com/people/haiming-ge
http://www.zhihu.com/people/wennyyuan
http://www.zhihu.com/people/rivers-zhang
http://www.zhihu.com/people/you-qi-bing-76
http://www.zhihu.com/people/wu-shi-xiong
http://www.zhihu.com/people/zhou-ying-61
http://www.zhihu.com/people/hou-ye-60
http://www.zhihu.com/people/jiachen-du
http://www.zhihu.com/people/hare001
http://www.zhihu.com/people/HanedaNakayama
http://www.zhihu.com/people/jeff-wang-62
http://www.zhihu.com/people/yang-wei-li-19
http://www.zhihu.com/people/rickey-yue
http://www.zhihu.com/people/di-di-qi
http://www.zhihu.com/people/sleepingknight
http://www.zhihu.com/people/chen-geng-45
http://www.zhihu.com/people/liu-bing-15
http://www.zhihu.com/people/xie-jia-peng-48
http://www.zhihu.com/people/li-hao-jie-73-20
http://www.zhihu.com/people/zhang-xiao-fan-25-69
http://www.zhihu.com/people/miao-cheng-64
http://www.zhihu.com/people/ma-wen-chao-58
http://www.zhihu.com/people/zhang-lao-yi
http://www.zhihu.com/people/wangzhaowen
http://www.zhihu.com/people/zhao-yi-yi-84
http://www.zhihu.com/people/zhao-yun-ze
http://www.zhihu.com/people/MEFISTO
http://www.zhihu.com/people/cai-yuan-pei
http://www.zhihu.com/people/sheng-yu-58
http://www.zhihu.com/people/zec-5
http://www.zhihu.com/people/ariel920429
http://www.zhihu.com/people/wu-zhi-kai
http://www.zhihu.com/people/jiang-jun-21-40
http://www.zhihu.com/people/huangdingben
http://www.zhihu.com/people/robertding
http://www.zhihu.com/people/maoyongqing
http://www.zhihu.com/people/luoshui
http://www.zhihu.com/people/li-mu-zi-22
http://www.zhihu.com/people/dong-xue-wen
http://www.zhihu.com/people/hou-fan-liao
http://www.zhihu.com/people/2zhuang
http://www.zhihu.com/people/kkbenxiaokang
http://www.zhihu.com/people/feng-shao-jie-44
http://www.zhihu.com/people/baraba
http://www.zhihu.com/people/zhu-yu-wei-45
http://www.zhihu.com/people/daqiwancheng
http://www.zhihu.com/people/matkiller
http://www.zhihu.com/people/juice-wong
http://www.zhihu.com/people/wang-wen-ping-27
http://www.zhihu.com/people/peoplegxs
http://www.zhihu.com/people/halmi
http://www.zhihu.com/people/lin-deng-wan-44
http://www.zhihu.com/people/wyfusky
http://www.zhihu.com/people/chen-ting-68
http://www.zhihu.com/people/geniusvczh
http://www.zhihu.com/people/shi-tou-34-18
http://www.zhihu.com/people/bao-biao
http://www.zhihu.com/people/fa-ke-dou-you
http://www.zhihu.com/people/zuowencheng
http://www.zhihu.com/people/zhang-wei-10-7
http://www.zhihu.com/people/chou-zhi-24
http://www.zhihu.com/people/yu-bo-yu
http://www.zhihu.com/people/wang-lin-tao-92
http://www.zhihu.com/people/yang-chun-17
http://www.zhihu.com/people/ha-lu
http://www.zhihu.com/people/wang-geng-2
http://www.zhihu.com/people/mo-fan-34
http://www.zhihu.com/people/tine20091004
http://www.zhihu.com/people/luo-na-er-duo-85
http://www.zhihu.com/people/zheng-jing-ren-76
http://www.zhihu.com/people/lengqingru
http://www.zhihu.com/people/newlife
http://www.zhihu.com/people/cai-jian-xiao
http://www.zhihu.com/people/richardhly
http://www.zhihu.com/people/cang-hong
http://www.zhihu.com/people/han-yixin
http://www.zhihu.com/people/yuanshuaiemily
http://www.zhihu.com/people/mengshuai
http://www.zhihu.com/people/jf0812
http://www.zhihu.com/people/_zhao_xu_
http://www.zhihu.com/people/mtoc
http://www.zhihu.com/people/aaron-chu
http://www.zhihu.com/people/tu-dou-53
http://www.zhihu.com/people/xiaopu
http://www.zhihu.com/people/shimengchen
http://www.zhihu.com/people/lisa-lee-55
http://www.zhihu.com/people/li-jin-long-58
http://www.zhihu.com/people/han_lao_liu
http://www.zhihu.com/people/tian-su-jun
http://www.zhihu.com/people/kevincf
http://www.zhihu.com/people/constantine-47
http://www.zhihu.com/people/tian-xue-hao
http://www.zhihu.com/people/ueding
http://www.zhihu.com/people/bai-ju-18
http://www.zhihu.com/people/wu-shan-53-53
http://www.zhihu.com/people/nadaloveluna
http://www.zhihu.com/people/ma6174
http://www.zhihu.com/people/lin-dong-wu-61
http://www.zhihu.com/people/huang-te-jin
http://www.zhihu.com/people/susus
http://www.zhihu.com/people/xulunyao
http://www.zhihu.com/people/pydison
http://www.zhihu.com/people/chen-qing-jun
http://www.zhihu.com/people/xu-peng-fei-47
http://www.zhihu.com/people/zhong-ye-zi-49
http://www.zhihu.com/people/Atlanta
http://www.zhihu.com/people/dongdoufu
http://www.zhihu.com/people/sosoloveslife
http://www.zhihu.com/people/llq6072
http://www.zhihu.com/people/marshall-s
http://www.zhihu.com/people/liangzai626
http://www.zhihu.com/people/huhuhang
http://www.zhihu.com/people/xiao-feng-zhang
http://www.zhihu.com/people/zhang-lin-8
http://www.zhihu.com/people/flyingray
http://www.zhihu.com/people/gao-ming-2-44
http://www.zhihu.com/people/tygoonray
http://www.zhihu.com/people/cong-jin-zheng
http://www.zhihu.com/people/chang-cheng-jiang
http://www.zhihu.com/people/wang-yan-bo-91
http://www.zhihu.com/people/diligentwhq
http://www.zhihu.com/people/leocc
http://www.zhihu.com/people/kay.x
http://www.zhihu.com/people/wangzhixiao
http://www.zhihu.com/people/zhang_lei
http://www.zhihu.com/people/dai-yu-xiu
http://www.zhihu.com/people/yaozhicheng
http://www.zhihu.com/people/chouthen
http://www.zhihu.com/people/san-qiu-mu
http://www.zhihu.com/people/gao-yang-bo
http://www.zhihu.com/people/morra
http://www.zhihu.com/people/qi-gang-65
http://www.zhihu.com/people/sayes
http://www.zhihu.com/people/ma-bei-bei-96
http://www.zhihu.com/people/wang-wei-long-6
http://www.zhihu.com/people/cakvfcwz
http://www.zhihu.com/people/ostiary
http://www.zhihu.com/people/lai-yao
http://www.zhihu.com/people/handong1986
http://www.zhihu.com/people/Dominic_
http://www.zhihu.com/people/zhqjuice
http://www.zhihu.com/people/meilixinqing
http://www.zhihu.com/people/halcyonall
http://www.zhihu.com/people/zhang-bo-yuan
http://www.zhihu.com/people/su-zi-xiong
http://www.zhihu.com/people/dreamy-34
http://www.zhihu.com/people/wu-ya-54
http://www.zhihu.com/people/Mrclyy
http://www.zhihu.com/people/cong-cong-71-47
http://www.zhihu.com/people/yetone
http://www.zhihu.com/people/si-yuan-18
http://www.zhihu.com/people/tan-tan-46
http://www.zhihu.com/people/happy-life
http://www.zhihu.com/people/jeter_lin
http://www.zhihu.com/people/yskin
http://www.zhihu.com/people/zhang-peng-lin
http://www.zhihu.com/people/lan-bo-71
http://www.zhihu.com/people/wang-da-pao
http://www.zhihu.com/people/zheng-xin-56
http://www.zhihu.com/people/CUHK-Steve
http://www.zhihu.com/people/zhan-sheng-41
http://www.zhihu.com/people/zhongxiaotu
http://www.zhihu.com/people/ziyunyun
http://www.zhihu.com/people/meng-jia-la
http://www.zhihu.com/people/guhongguangju
http://www.zhihu.com/people/zhang-jian-wei-1225
http://www.zhihu.com/people/li-san-feng-7
http://www.zhihu.com/people/sun-___-mo
http://www.zhihu.com/people/wan-cheng-wen-jie
http://www.zhihu.com/people/xu-zhi-jia
http://www.zhihu.com/people/jack-li-61
http://www.zhihu.com/people/laoliumang-78
http://www.zhihu.com/people/dectinc
http://www.zhihu.com/people/aiyohu
http://www.zhihu.com/people/zhang-qun-xiao
http://www.zhihu.com/people/iaisin
http://www.zhihu.com/people/liu-you-zhi-1
http://www.zhihu.com/people/li-you-ming
http://www.zhihu.com/people/qin-kang-bao
http://www.zhihu.com/people/azorey
http://www.zhihu.com/people/ashej
http://www.zhihu.com/people/a-hun
http://www.zhihu.com/people/xu-wen-da-3
http://www.zhihu.com/people/techoxygen
http://www.zhihu.com/people/chen-yuan-chun
http://www.zhihu.com/people/cheng-fang-hang
http://www.zhihu.com/people/lucybin
http://www.zhihu.com/people/sellsoda
http://www.zhihu.com/people/yu-ming-gu-wen-chen-tao
http://www.zhihu.com/people/ren-dong-hu
http://www.zhihu.com/people/cheng-bai-lao
http://www.zhihu.com/people/tang-qi-ge-63
http://www.zhihu.com/people/tang-yiming-24
http://www.zhihu.com/people/fang-yu-xuan-39
http://www.zhihu.com/people/xiong-mao-chuan-ren
http://www.zhihu.com/people/g-pro
http://www.zhihu.com/people/yi-yang-30
http://www.zhihu.com/people/kondi
http://www.zhihu.com/people/wang-yao-84
http://www.zhihu.com/people/yangluhan1990
http://www.zhihu.com/people/rui-jiu-jiu
http://www.zhihu.com/people/chewan
http://www.zhihu.com/people/chang-hong-jia
http://www.zhihu.com/people/eric-5
http://www.zhihu.com/people/xu-ming-yi
http://www.zhihu.com/people/jing-chen-92
http://www.zhihu.com/people/die-qi
http://www.zhihu.com/people/LeoYan
http://www.zhihu.com/people/sigmund
http://www.zhihu.com/people/xiefaner
http://www.zhihu.com/people/yvancao
http://www.zhihu.com/people/su-zhe-16
http://www.zhihu.com/people/jysm
http://www.zhihu.com/people/af37
http://www.zhihu.com/people/lu-zi-lu-76
http://www.zhihu.com/people/zhuang-xiao-meng
http://www.zhihu.com/people/ymjrcc
http://www.zhihu.com/people/ianzhao
http://www.zhihu.com/people/xie-jia-yong-24
http://www.zhihu.com/people/bushi
http://www.zhihu.com/people/bo-wen-49
http://www.zhihu.com/people/jacky-2
http://www.zhihu.com/people/jayyyc
http://www.zhihu.com/people/li-chuan-4
http://www.zhihu.com/people/flike
http://www.zhihu.com/people/elvi
http://www.zhihu.com/people/marsel
http://www.zhihu.com/people/ge-xing-83
http://www.zhihu.com/people/martin-lee
http://www.zhihu.com/people/wjch
http://www.zhihu.com/people/leecm
http://www.zhihu.com/people/aslan
http://www.zhihu.com/people/xi-ning
http://www.zhihu.com/people/lihexin
http://www.zhihu.com/people/zhang-___-chuan
http://www.zhihu.com/people/yin-da-jie
http://www.zhihu.com/people/juntaohu
http://www.zhihu.com/people/fu-peng-47
http://www.zhihu.com/people/maxrain
http://www.zhihu.com/people/hu-hao-35
http://www.zhihu.com/people/jun-ya
http://www.zhihu.com/people/lai-qi-hao
http://www.zhihu.com/people/li-yao-hua
http://www.zhihu.com/people/byewon
http://www.zhihu.com/people/jacomo
http://www.zhihu.com/people/faithma
http://www.zhihu.com/people/zeal-3
http://www.zhihu.com/people/wen-yun-ya
http://www.zhihu.com/people/lin-bo-84
http://www.zhihu.com/people/zhu-huan-jie
http://www.zhihu.com/people/copper-friddle
http://www.zhihu.com/people/taoky
http://www.zhihu.com/people/liu-shao-peng
http://www.zhihu.com/people/yimuxia
http://www.zhihu.com/people/liu-xi-fei
http://www.zhihu.com/people/kevin-21-5
http://www.zhihu.com/people/hong-dan-dan
http://www.zhihu.com/people/xuxun
http://www.zhihu.com/people/feng-hao-yan
http://www.zhihu.com/people/dyipin
http://www.zhihu.com/people/tianzhidao
http://www.zhihu.com/people/xini
http://www.zhihu.com/people/chenran
http://www.zhihu.com/people/juner
http://www.zhihu.com/people/zhang-zheng-hao
http://www.zhihu.com/people/wind
http://www.zhihu.com/people/zkaip
http://www.zhihu.com/people/anegie
http://www.zhihu.com/people/twoheart
http://www.zhihu.com/people/cao-ting-ting
http://www.zhihu.com/people/liuya802
http://www.zhihu.com/people/nssb
