http://www.zhihu.com/people/sunprin
http://www.zhihu.com/people/lie-kong
http://www.zhihu.com/people/zhao-jing-29
http://www.zhihu.com/people/heaven_000
http://www.zhihu.com/people/luo-ding-9
http://www.zhihu.com/people/liu-qi-26
http://www.zhihu.com/people/zhuang-xiao-meng
http://www.zhihu.com/people/jaychang-34
http://www.zhihu.com/people/ma-jing-62-53
http://www.zhihu.com/people/jeremyju
http://www.zhihu.com/people/leobron
http://www.zhihu.com/people/li-ji-ze-12
http://www.zhihu.com/people/he-hui-87
http://www.zhihu.com/people/ai-lan-1
http://www.zhihu.com/people/ke-yu-hang
http://www.zhihu.com/people/gui-sheng-74
http://www.zhihu.com/people/mull
http://www.zhihu.com/people/huo-guo-22
http://www.zhihu.com/people/wang-yimian
http://www.zhihu.com/people/hubei
http://www.zhihu.com/people/liu-chuan-feng-1
http://www.zhihu.com/people/yun-zhong-jun-46
http://www.zhihu.com/people/dong-chao-24
http://www.zhihu.com/people/kang-xi-58
http://www.zhihu.com/people/xiao-hua-sheng-63
http://www.zhihu.com/people/han-xiao-wen-96
http://www.zhihu.com/people/pan-wen-bo-45
http://www.zhihu.com/people/hei-yu-34
http://www.zhihu.com/people/yi-jiu-yi-nuan
http://www.zhihu.com/people/lei-ming-shi
http://www.zhihu.com/people/zuimai
http://www.zhihu.com/people/jiayizhen
http://www.zhihu.com/people/bjchaodaye
http://www.zhihu.com/people/chen-yu-82
http://www.zhihu.com/people/tang-lian-rong
http://www.zhihu.com/people/qing-jia-4
http://www.zhihu.com/people/ling-long
http://www.zhihu.com/people/hang-hang-7
http://www.zhihu.com/people/mark-toi
http://www.zhihu.com/people/shey
http://www.zhihu.com/people/ping-wang
http://www.zhihu.com/people/baraba
http://www.zhihu.com/people/wujinzhi
http://www.zhihu.com/people/han-peng-qian
http://www.zhihu.com/people/Rome
http://www.zhihu.com/people/singaporeapple
http://www.zhihu.com/people/suboxuan
http://www.zhihu.com/people/arts
http://www.zhihu.com/people/ivanhoforever
http://www.zhihu.com/people/guo-da-lu-13-28
http://www.zhihu.com/people/tan-ri-tian
http://www.zhihu.com/people/tan-li-9800
http://www.zhihu.com/people/luo-sheng-88
http://www.zhihu.com/people/xie-wei-you
http://www.zhihu.com/people/ding-yi-28-40
http://www.zhihu.com/people/ziyang-jiang
http://www.zhihu.com/people/jin-tong-bao
http://www.zhihu.com/people/ray-guo-23
http://www.zhihu.com/people/solocut
http://www.zhihu.com/people/meyer-mitter
http://www.zhihu.com/people/gao-yuan-yuan-51-49
http://www.zhihu.com/people/zhang-jing-78-26
http://www.zhihu.com/people/xulaohan
http://www.zhihu.com/people/yang-san-94
http://www.zhihu.com/people/he-yuan-sheng
http://www.zhihu.com/people/violin_18
http://www.zhihu.com/people/he-bu-ke
http://www.zhihu.com/people/yuan-peng-87
http://www.zhihu.com/people/zhang-san-ji-28
http://www.zhihu.com/people/samyhello
http://www.zhihu.com/people/chen-lao-bing
http://www.zhihu.com/people/lei-zheng-34
http://www.zhihu.com/people/wuwenthink
http://www.zhihu.com/people/fan-zhen-xing
http://www.zhihu.com/people/liu-yuan-19-37
http://www.zhihu.com/people/GO0GLE
http://www.zhihu.com/people/xiao-chu
http://www.zhihu.com/people/liu-zhi-guo-4
http://www.zhihu.com/people/mtoc
http://www.zhihu.com/people/chen-dong-dong-56
http://www.zhihu.com/people/shi-nai-bai
http://www.zhihu.com/people/guo-piao
http://www.zhihu.com/people/a-white
http://www.zhihu.com/people/zhang-cheng-yang
http://www.zhihu.com/people/leoluo
http://www.zhihu.com/people/bu-frank
http://www.zhihu.com/people/portal-neop
http://www.zhihu.com/people/tony-hong-43
http://www.zhihu.com/people/kissingfeng
http://www.zhihu.com/people/iSamurai
http://www.zhihu.com/people/vicguo
http://www.zhihu.com/people/wwzcxqc
http://www.zhihu.com/people/GilgameshK
http://www.zhihu.com/people/wang-yu-li-45
http://www.zhihu.com/people/wu-nuo-nuo-75
http://www.zhihu.com/people/wang-bin-37-9
http://www.zhihu.com/people/mu-xiao-xia
http://www.zhihu.com/people/supertaiji
http://www.zhihu.com/people/wang-xuan-yi-8
http://www.zhihu.com/people/liu-da-95
http://www.zhihu.com/people/OnlyIndex
http://www.zhihu.com/people/laoniu2014
http://www.zhihu.com/people/yao-jin-hui
http://www.zhihu.com/people/owenne
http://www.zhihu.com/people/wang-wen-ping-27
http://www.zhihu.com/people/gu-zhong-heng
http://www.zhihu.com/people/chen-lei-zhe
http://www.zhihu.com/people/Dominic_
http://www.zhihu.com/people/lin-chuan-96
http://www.zhihu.com/people/zhu-bo-tao
http://www.zhihu.com/people/koofrank
http://www.zhihu.com/people/chu-meng-meng
http://www.zhihu.com/people/GionCat
http://www.zhihu.com/people/linkinmars
http://www.zhihu.com/people/victorChou
http://www.zhihu.com/people/suga
http://www.zhihu.com/people/jiang-dong-52
http://www.zhihu.com/people/zzllss
http://www.zhihu.com/people/haydan-tse
http://www.zhihu.com/people/li-wu-yi-70
http://www.zhihu.com/people/he-jian-57
http://www.zhihu.com/people/iyucci
http://www.zhihu.com/people/lan-ni-luo-si-ai-ze-rui-er
http://www.zhihu.com/people/davidchang
http://www.zhihu.com/people/tian-nan-gua
http://www.zhihu.com/people/zheng-zha-22
http://www.zhihu.com/people/li-yu-ting-sunny
http://www.zhihu.com/people/jiang-yuan-bo-81
http://www.zhihu.com/people/shi-songhua
http://www.zhihu.com/people/G-dragon
http://www.zhihu.com/people/mie-xuan
http://www.zhihu.com/people/zheshao-chang
http://www.zhihu.com/people/zhang-wei-8-73
http://www.zhihu.com/people/liuboting
http://www.zhihu.com/people/suhui
http://www.zhihu.com/people/tang-li-24
http://www.zhihu.com/people/mo-ke-huan
http://www.zhihu.com/people/li-bo-68-59
http://www.zhihu.com/people/huangdamao
http://www.zhihu.com/people/000088
http://www.zhihu.com/people/just7k
http://www.zhihu.com/people/xingtao-shen
http://www.zhihu.com/people/hyukming
http://www.zhihu.com/people/tian-su-jun
http://www.zhihu.com/people/pan-shi-chen
http://www.zhihu.com/people/yan-gan-mu
http://www.zhihu.com/people/madsnake
http://www.zhihu.com/people/guo-yu-chen-29
http://www.zhihu.com/people/gui-zhuo
http://www.zhihu.com/people/wjbf
http://www.zhihu.com/people/qu-peng-55
http://www.zhihu.com/people/li-cheng-gan
http://www.zhihu.com/people/xia-zi-mu
http://www.zhihu.com/people/wu-lei-mu
http://www.zhihu.com/people/hama
http://www.zhihu.com/people/yetone
http://www.zhihu.com/people/chang-an-nan
http://www.zhihu.com/people/UID-JasonLee
http://www.zhihu.com/people/liu-joel-41
http://www.zhihu.com/people/fang-fang-er
http://www.zhihu.com/people/zhang-wei-yi-77
http://www.zhihu.com/people/chen-yu-87-96
http://www.zhihu.com/people/coreyguo
http://www.zhihu.com/people/aoimishi
http://www.zhihu.com/people/jimtlee
http://www.zhihu.com/people/wen-tao-4
http://www.zhihu.com/people/tian-jia-jia
http://www.zhihu.com/people/huang-se-qian-shui-ting
http://www.zhihu.com/people/qquan
http://www.zhihu.com/people/chen-ming-can
http://www.zhihu.com/people/wang-hao-ming-94-57
http://www.zhihu.com/people/xu-yin-zhou
http://www.zhihu.com/people/braite
http://www.zhihu.com/people/liang-yu-fan
http://www.zhihu.com/people/ganyi
http://www.zhihu.com/people/liu-ying-ying-81
http://www.zhihu.com/people/liu-yi-62
http://www.zhihu.com/people/yuke-fighting
http://www.zhihu.com/people/s5856338
http://www.zhihu.com/people/tang-yi-qun
http://www.zhihu.com/people/zi-wang-52
http://www.zhihu.com/people/CodeMonkey
http://www.zhihu.com/people/karaki
http://www.zhihu.com/people/qian-wen-bin
http://www.zhihu.com/people/liu-xin-24-54
http://www.zhihu.com/people/liang-wei-jin
http://www.zhihu.com/people/yu.liang
http://www.zhihu.com/people/minny
http://www.zhihu.com/people/dreamandpoets
http://www.zhihu.com/people/xia-tian-85-25
http://www.zhihu.com/people/susus
http://www.zhihu.com/people/julie-lin
http://www.zhihu.com/people/trip49
http://www.zhihu.com/people/zhao-jia-long-16
http://www.zhihu.com/people/tanfengyi
http://www.zhihu.com/people/andy0704
http://www.zhihu.com/people/thinKnight
http://www.zhihu.com/people/nicolas-micheal
http://www.zhihu.com/people/gu-xiang-74
http://www.zhihu.com/people/chen-li-68-10
http://www.zhihu.com/people/luoxiaohuifuti
http://www.zhihu.com/people/luckyfish
http://www.zhihu.com/people/wang-yi-fan-40
http://www.zhihu.com/people/xia-jia-jun
http://www.zhihu.com/people/keith-2
http://www.zhihu.com/people/pang-ding-wang
http://www.zhihu.com/people/www.cloudtopo.com
http://www.zhihu.com/people/guhongguangju
http://www.zhihu.com/people/liang-feng-75
http://www.zhihu.com/people/zhou-yan-jun
http://www.zhihu.com/people/jin-hui-76
http://www.zhihu.com/people/huyibuct
http://www.zhihu.com/people/newblue
http://www.zhihu.com/people/peiyang
http://www.zhihu.com/people/buadlh
http://www.zhihu.com/people/zhang-ze-43
http://www.zhihu.com/people/chen-qing-23
http://www.zhihu.com/people/hxl0708
http://www.zhihu.com/people/xiaofengfu
http://www.zhihu.com/people/yang-yi-32-39
http://www.zhihu.com/people/xuweifeng
http://www.zhihu.com/people/ixiao
http://www.zhihu.com/people/yan-lan-xi-yue
http://www.zhihu.com/people/wu-wen-kui
http://www.zhihu.com/people/xiao-du-sysu
http://www.zhihu.com/people/nokenshin
http://www.zhihu.com/people/jianhua
http://www.zhihu.com/people/celine-53
http://www.zhihu.com/people/woodman
http://www.zhihu.com/people/luo-li-mi
http://www.zhihu.com/people/Acmenyz
http://www.zhihu.com/people/wang-lei-78-56
http://www.zhihu.com/people/fang-che-dan
http://www.zhihu.com/people/javokevic
http://www.zhihu.com/people/aricsun
http://www.zhihu.com/people/Svenzhu
http://www.zhihu.com/people/riveryan
http://www.zhihu.com/people/he-bi-17
http://www.zhihu.com/people/Robot-Yu
http://www.zhihu.com/people/techoxygen
http://www.zhihu.com/people/ying-chao-jun
http://www.zhihu.com/people/madyangyi
http://www.zhihu.com/people/wang-xun-91
http://www.zhihu.com/people/junased
http://www.zhihu.com/people/mirrorking
http://www.zhihu.com/people/huang-guan-si
http://www.zhihu.com/people/machuan
http://www.zhihu.com/people/guo-jia-32
http://www.zhihu.com/people/yin-ming-38
http://www.zhihu.com/people/zhou-qiu-qiu-8
http://www.zhihu.com/people/zhang-bo-6-75
http://www.zhihu.com/people/hezhenjie
http://www.zhihu.com/people/liu-xiao-ting-89
http://www.zhihu.com/people/rinm
http://www.zhihu.com/people/zhengziyang
http://www.zhihu.com/people/bbsunchen
http://www.zhihu.com/people/fang-bei-xin
http://www.zhihu.com/people/wu-shuang-68
http://www.zhihu.com/people/care
http://www.zhihu.com/people/wu-qian-35
http://www.zhihu.com/people/chen-chen-chen-27-14
http://www.zhihu.com/people/wang-yuan-66-5
http://www.zhihu.com/people/li-si-fan-84
http://www.zhihu.com/people/rui670
http://www.zhihu.com/people/torres
http://www.zhihu.com/people/wang-zhi-zhi-82
http://www.zhihu.com/people/hai-yang
http://www.zhihu.com/people/zhong-jin-23
http://www.zhihu.com/people/fangwenyang
http://www.zhihu.com/people/wu-xin-45-25
http://www.zhihu.com/people/su-suo-tan
http://www.zhihu.com/people/shao-yi-61
http://www.zhihu.com/people/he-xiang-3
http://www.zhihu.com/people/ananproduct
http://www.zhihu.com/people/query
http://www.zhihu.com/people/stupident
http://www.zhihu.com/people/duan-yong-ming
http://www.zhihu.com/people/boogiefer
http://www.zhihu.com/people/chin
http://www.zhihu.com/people/shan-kui-zhang
http://www.zhihu.com/people/you-guo-59
http://www.zhihu.com/people/zhang-shi-pu
http://www.zhihu.com/people/song-song-99
http://www.zhihu.com/people/fajia
http://www.zhihu.com/people/kooyi
http://www.zhihu.com/people/qmqy
http://www.zhihu.com/people/yang-jia-ting
http://www.zhihu.com/people/fengjuanchengfu
http://www.zhihu.com/people/wang-wen-24
http://www.zhihu.com/people/TheChyi
http://www.zhihu.com/people/shenzehao
http://www.zhihu.com/people/bluewhite
http://www.zhihu.com/people/summer2flower
http://www.zhihu.com/people/wangtiancheng
http://www.zhihu.com/people/lilizong
http://www.zhihu.com/people/fireracer
http://www.zhihu.com/people/namiheike
http://www.zhihu.com/people/paiyuen
http://www.zhihu.com/people/robingbing
http://www.zhihu.com/people/su-fei-mei
http://www.zhihu.com/people/tao-ye-82
http://www.zhihu.com/people/detwin
http://www.zhihu.com/people/fabulousqi
http://www.zhihu.com/people/yuanhang
http://www.zhihu.com/people/yongxinge
http://www.zhihu.com/people/gang-zi-70
http://www.zhihu.com/people/cai-chai-chong
http://www.zhihu.com/people/chen-kang-sheng
http://www.zhihu.com/people/wang-jia-wei-45-85
http://www.zhihu.com/people/mi-mi-15
http://www.zhihu.com/people/qin-qing-shun
http://www.zhihu.com/people/xie-xun-11
http://www.zhihu.com/people/chen-tian-hua-97
http://www.zhihu.com/people/xiao-jian-ren-71
http://www.zhihu.com/people/chuyunfan
http://www.zhihu.com/people/wang-wei-6-1
http://www.zhihu.com/people/sorma
http://www.zhihu.com/people/di-gu
http://www.zhihu.com/people/neo-hee
http://www.zhihu.com/people/ban-ju
http://www.zhihu.com/people/realtim
http://www.zhihu.com/people/bi-you-72
http://www.zhihu.com/people/liu-zhi-14
http://www.zhihu.com/people/CNOoo
http://www.zhihu.com/people/hfitp
http://www.zhihu.com/people/sun-peng-chong
http://www.zhihu.com/people/wu-wei-96-47
http://www.zhihu.com/people/luoxr
http://www.zhihu.com/people/bgsj
http://www.zhihu.com/people/you-wei-16
http://www.zhihu.com/people/xuzhe1224
http://www.zhihu.com/people/bai-yan-shang-guan
http://www.zhihu.com/people/ji-ya-88
http://www.zhihu.com/people/zhao-xin-yu-27
http://www.zhihu.com/people/sun-jun-feng
http://www.zhihu.com/people/zhang-wen-qiang
http://www.zhihu.com/people/long-bao-19
http://www.zhihu.com/people/chouthen
http://www.zhihu.com/people/an-zhi-25
http://www.zhihu.com/people/ichabod
http://www.zhihu.com/people/elliboy
http://www.zhihu.com/people/tao-tie-32
http://www.zhihu.com/people/salleeshi
http://www.zhihu.com/people/xiang-qi-shi
http://www.zhihu.com/people/a-hua-63
http://www.zhihu.com/people/su7ao
http://www.zhihu.com/people/yehuai
http://www.zhihu.com/people/feng-bo-zhao
http://www.zhihu.com/people/xie-wei-min
http://www.zhihu.com/people/wicket-gate
http://www.zhihu.com/people/li-zhi-sheng-66
http://www.zhihu.com/people/guanlingyu
http://www.zhihu.com/people/xiaodaoren
http://www.zhihu.com/people/dengxianlin
http://www.zhihu.com/people/yuger.net
http://www.zhihu.com/people/jacobevermore
http://www.zhihu.com/people/qie-ge
http://www.zhihu.com/people/Paitanapilahmima
http://www.zhihu.com/people/jiang-xue-qian
http://www.zhihu.com/people/liu-xiao-huan-81
http://www.zhihu.com/people/rita-14-47
http://www.zhihu.com/people/10250
http://www.zhihu.com/people/teng-xin
http://www.zhihu.com/people/wu-hai-25
http://www.zhihu.com/people/xia-nan-84
http://www.zhihu.com/people/logichao
http://www.zhihu.com/people/peng-zhi-ran
http://www.zhihu.com/people/halfmile
http://www.zhihu.com/people/peter-85
http://www.zhihu.com/people/lailongmen
http://www.zhihu.com/people/August_Zhou
http://www.zhihu.com/people/zhong-dong-hong
http://www.zhihu.com/people/jasonchang
http://www.zhihu.com/people/liufugui
http://www.zhihu.com/people/chenruihong
http://www.zhihu.com/people/li-qing-hua-42
http://www.zhihu.com/people/li-mu-31
http://www.zhihu.com/people/cherry-3-66
http://www.zhihu.com/people/huanghuihui1991
http://www.zhihu.com/people/hackertao
http://www.zhihu.com/people/li-xiao-yu-zhou
http://www.zhihu.com/people/casper
http://www.zhihu.com/people/zya-ran
http://www.zhihu.com/people/li-peng-yu
http://www.zhihu.com/people/sosoloveslife
http://www.zhihu.com/people/felixpan
http://www.zhihu.com/people/cwjhot
http://www.zhihu.com/people/qdxgwh
http://www.zhihu.com/people/wang-qiong-13
http://www.zhihu.com/people/cui-hui-50
http://www.zhihu.com/people/xrbing
http://www.zhihu.com/people/cytzrs
http://www.zhihu.com/people/cinderellaing
http://www.zhihu.com/people/bo-wen-49
http://www.zhihu.com/people/mituzhifan
http://www.zhihu.com/people/yin-yuan-xing
http://www.zhihu.com/people/han-yan-hui
http://www.zhihu.com/people/xie-xin-72
http://www.zhihu.com/people/da-bo-luo-20
http://www.zhihu.com/people/zhengwuzhou
http://www.zhihu.com/people/patrick-gowers
http://www.zhihu.com/people/ding-you-qian
http://www.zhihu.com/people/qian-gui-shen
http://www.zhihu.com/people/nibalu
http://www.zhihu.com/people/chang-kai-xin-85
http://www.zhihu.com/people/SkyWalkerAL
http://www.zhihu.com/people/li-lin-quan
http://www.zhihu.com/people/hao-jing-55
http://www.zhihu.com/people/huang-de-xu
http://www.zhihu.com/people/fatianxia
http://www.zhihu.com/people/madouling
http://www.zhihu.com/people/wang-tian
http://www.zhihu.com/people/wang-bing-qing-14
http://www.zhihu.com/people/wu-zhi-peng-48
http://www.zhihu.com/people/traveleaf
http://www.zhihu.com/people/tongjinghao
http://www.zhihu.com/people/lou2chen
http://www.zhihu.com/people/realhanbing
http://www.zhihu.com/people/kuang-ni
http://www.zhihu.com/people/songpengzhan
http://www.zhihu.com/people/damon-94
http://www.zhihu.com/people/liu-wen-yue
http://www.zhihu.com/people/jie-ying
http://www.zhihu.com/people/zheng-jinli
http://www.zhihu.com/people/livevol
http://www.zhihu.com/people/bo-zi-47
http://www.zhihu.com/people/xfight
http://www.zhihu.com/people/sheenshuay
http://www.zhihu.com/people/csryan
http://www.zhihu.com/people/caozhi
http://www.zhihu.com/people/zhang-er-hong
http://www.zhihu.com/people/zhao-ran-70
http://www.zhihu.com/people/haiger-25
http://www.zhihu.com/people/tangjingxin
http://www.zhihu.com/people/danielwu89
http://www.zhihu.com/people/dijkstra
http://www.zhihu.com/people/li-chao-93
http://www.zhihu.com/people/sun-hai-hua
http://www.zhihu.com/people/xu-chong-bo
http://www.zhihu.com/people/yu-zhen-41
http://www.zhihu.com/people/wei-xin-37
http://www.zhihu.com/people/li-yong-94
http://www.zhihu.com/people/xuyihong
http://www.zhihu.com/people/qling
http://www.zhihu.com/people/jiang-jian-le
http://www.zhihu.com/people/qian-hui-hui
http://www.zhihu.com/people/viki-zhang
http://www.zhihu.com/people/jin-wei-61
http://www.zhihu.com/people/wang-fei-37-32
http://www.zhihu.com/people/MichaelW
http://www.zhihu.com/people/shiqi
http://www.zhihu.com/people/lu-fang-fang
http://www.zhihu.com/people/zhi-xiao-yong
http://www.zhihu.com/people/yi-da-sen
http://www.zhihu.com/people/bupt
http://www.zhihu.com/people/luo-yu-han
http://www.zhihu.com/people/wang-tao-43-38
http://www.zhihu.com/people/feng-qin-yuan
http://www.zhihu.com/people/kurt-liu
http://www.zhihu.com/people/zhang-kai-60
http://www.zhihu.com/people/lu-bu-si
http://www.zhihu.com/people/whoami4444-13-24
http://www.zhihu.com/people/wang-hong-ying-27
http://www.zhihu.com/people/zhouyuan
http://www.zhihu.com/people/liu-xiao-hui-68
http://www.zhihu.com/people/song-zong-mei
http://www.zhihu.com/people/rockxie
http://www.zhihu.com/people/wildwilde
http://www.zhihu.com/people/kuang-yu-88
http://www.zhihu.com/people/jackyzjx
http://www.zhihu.com/people/copper-friddle
http://www.zhihu.com/people/kang-shu-yi
http://www.zhihu.com/people/he-kai-52
http://www.zhihu.com/people/bai-ju-18
http://www.zhihu.com/people/lu-shao-hua
http://www.zhihu.com/people/gao-shuai-21
http://www.zhihu.com/people/du-xiao-wei-14
http://www.zhihu.com/people/yang-yu-ting-98
http://www.zhihu.com/people/liang-xiao-ju
http://www.zhihu.com/people/bonihe
http://www.zhihu.com/people/xiong-fei-fei
http://www.zhihu.com/people/ikbear
http://www.zhihu.com/people/juelu
http://www.zhihu.com/people/yshone
http://www.zhihu.com/people/su-fei-17
http://www.zhihu.com/people/li-jun-jian-52
http://www.zhihu.com/people/hu-zhan-jun
http://www.zhihu.com/people/jude-27-34
http://www.zhihu.com/people/eacon
http://www.zhihu.com/people/huachend
http://www.zhihu.com/people/a-kai-99
http://www.zhihu.com/people/zhou-wang-17
http://www.zhihu.com/people/wang-zheng-31-59
http://www.zhihu.com/people/dusonglovewuqi
http://www.zhihu.com/people/san-ju-meng-niu
http://www.zhihu.com/people/guohaipeng
http://www.zhihu.com/people/huo-kan-kan
http://www.zhihu.com/people/he-wei-wei-78
http://www.zhihu.com/people/ou-yang-yong
http://www.zhihu.com/people/medicimedici
http://www.zhihu.com/people/checkking
http://www.zhihu.com/people/liu-yu-qi-55
http://www.zhihu.com/people/icysoul
http://www.zhihu.com/people/james-young
http://www.zhihu.com/people/adson
http://www.zhihu.com/people/etsir
http://www.zhihu.com/people/vsking
http://www.zhihu.com/people/hu-shuang-61
http://www.zhihu.com/people/tooyoung
http://www.zhihu.com/people/cheng-fang-hang
http://www.zhihu.com/people/nicing
http://www.zhihu.com/people/tong-xin-3
http://www.zhihu.com/people/lewn
http://www.zhihu.com/people/jixin
http://www.zhihu.com/people/fsfree
http://www.zhihu.com/people/wugr
http://www.zhihu.com/people/lu-tian-shi
http://www.zhihu.com/people/shepherd
http://www.zhihu.com/people/jiang-wen-zhen
http://www.zhihu.com/people/xu-chu-yun
http://www.zhihu.com/people/guo-wan-peng
http://www.zhihu.com/people/puyun
http://www.zhihu.com/people/chen-ying-08-94
http://www.zhihu.com/people/kovin
http://www.zhihu.com/people/qiu-er-dong
http://www.zhihu.com/people/avskin
http://www.zhihu.com/people/chen-wei-han
http://www.zhihu.com/people/emlink
http://www.zhihu.com/people/er-jun-jing
http://www.zhihu.com/people/zhou-wen-jun-73
http://www.zhihu.com/people/zhou-wei-9
http://www.zhihu.com/people/xiao-ai-92
http://www.zhihu.com/people/zhibuzhi
http://www.zhihu.com/people/fu-jia-qi
http://www.zhihu.com/people/cao-meng-di
http://www.zhihu.com/people/prowang
http://www.zhihu.com/people/skycheng
http://www.zhihu.com/people/lin-fan-63-96
http://www.zhihu.com/people/Anly
http://www.zhihu.com/people/guo-chao-94
http://www.zhihu.com/people/kevinzoro
http://www.zhihu.com/people/cuiliang
http://www.zhihu.com/people/potm
http://www.zhihu.com/people/mrsunli
http://www.zhihu.com/people/wei-tao-3-17
http://www.zhihu.com/people/guannan
http://www.zhihu.com/people/wenqiang
http://www.zhihu.com/people/ilook
http://www.zhihu.com/people/sun-ju-hao
http://www.zhihu.com/people/xuanjianfeng
http://www.zhihu.com/people/mei-lin-33
http://www.zhihu.com/people/ma-wen-pei
http://www.zhihu.com/people/M02E
http://www.zhihu.com/people/xi-zhu-qing
http://www.zhihu.com/people/RichardZhang
http://www.zhihu.com/people/li-gang-87
http://www.zhihu.com/people/shu-zi-36
http://www.zhihu.com/people/chen-xiang-ni
http://www.zhihu.com/people/4ier
http://www.zhihu.com/people/li-qiu
http://www.zhihu.com/people/jonson-fang
http://www.zhihu.com/people/lu-xian-ning
http://www.zhihu.com/people/zhang-hao-14
http://www.zhihu.com/people/guo-yan-ling
http://www.zhihu.com/people/madonion
http://www.zhihu.com/people/tuo-er
http://www.zhihu.com/people/zhang-xiang-dong
http://www.zhihu.com/people/hui-zhu-zi
http://www.zhihu.com/people/ftium4
http://www.zhihu.com/people/wang-peng-peng-50
http://www.zhihu.com/people/zhou-ze-ping
http://www.zhihu.com/people/netsos
http://www.zhihu.com/people/qing-si
http://www.zhihu.com/people/kanbian
http://www.zhihu.com/people/dayulu
http://www.zhihu.com/people/yu-ming-gu-wen-chen-tao
http://www.zhihu.com/people/luluying
http://www.zhihu.com/people/ge-wei-sheng
http://www.zhihu.com/people/bai-he-8
http://www.zhihu.com/people/zuojiwang
http://www.zhihu.com/people/li-jing-qiu
