http://www.zhihu.com/people/ciweibuhuifei
http://www.zhihu.com/people/gong-zheng-xuan
http://www.zhihu.com/people/wiloveank
http://www.zhihu.com/people/zhao-min-95
http://www.zhihu.com/people/shabby
http://www.zhihu.com/people/nina-wu-54
http://www.zhihu.com/people/yang-xi-73
http://www.zhihu.com/people/wu-shuang-66-93
http://www.zhihu.com/people/liu-shu-peng
http://www.zhihu.com/people/cao-yi-an
http://www.zhihu.com/people/jiejie_my_lover
http://www.zhihu.com/people/mumu-wang-70
http://www.zhihu.com/people/tangYY
http://www.zhihu.com/people/huang-guan-si
http://www.zhihu.com/people/VegasWang
http://www.zhihu.com/people/WEAINE
http://www.zhihu.com/people/chen-ru-yi-49
http://www.zhihu.com/people/avicihu
http://www.zhihu.com/people/su-mou-chen
http://www.zhihu.com/people/mu-mu-34-44
http://www.zhihu.com/people/feng-wei-ma
http://www.zhihu.com/people/naso-pan
http://www.zhihu.com/people/Fly2Spring
http://www.zhihu.com/people/zai-yi-luo
http://www.zhihu.com/people/yun-jin-hu
http://www.zhihu.com/people/liu-ma-ke
http://www.zhihu.com/people/zhang-mei-hua
http://www.zhihu.com/people/ba-hai-shan
http://www.zhihu.com/people/wangsnano
http://www.zhihu.com/people/he-er-76
http://www.zhihu.com/people/lian-jian-60
http://www.zhihu.com/people/ding-zhao-sai
http://www.zhihu.com/people/huang-miao-miao-55
http://www.zhihu.com/people/musena
http://www.zhihu.com/people/yu-shui-78
http://www.zhihu.com/people/tian-xin-8-76
http://www.zhihu.com/people/bai-bai-he-18
http://www.zhihu.com/people/lu-xiao-qi-34
http://www.zhihu.com/people/louisa-66
http://www.zhihu.com/people/an-kang-75
http://www.zhihu.com/people/mi-mao-73
http://www.zhihu.com/people/qing-jun-33
http://www.zhihu.com/people/___-hui-11
http://www.zhihu.com/people/zhang-lei-80-10
http://www.zhihu.com/people/zhang-xiao-guo-83
http://www.zhihu.com/people/jiang-ge-58
http://www.zhihu.com/people/lu-meng-shi
http://www.zhihu.com/people/gaohy
http://www.zhihu.com/people/heaven_000
http://www.zhihu.com/people/luo-jia-xi
http://www.zhihu.com/people/lee_from_oak
http://www.zhihu.com/people/dong-chao-24
http://www.zhihu.com/people/liu-gao-yuan
http://www.zhihu.com/people/cao-wen-xuan
http://www.zhihu.com/people/banxiaogen
http://www.zhihu.com/people/yishuihan
http://www.zhihu.com/people/Akagi201
http://www.zhihu.com/people/tao-zi-G
http://www.zhihu.com/people/piao-piao-81-96
http://www.zhihu.com/people/ke-qi-xi-43
http://www.zhihu.com/people/mai-ge-52
http://www.zhihu.com/people/liu-zhi-da
http://www.zhihu.com/people/shan-kui-zhang
http://www.zhihu.com/people/meng-wu-8
http://www.zhihu.com/people/bai-wen-ming
http://www.zhihu.com/people/zhao-teng-yue
http://www.zhihu.com/people/ren-jie-77-31
http://www.zhihu.com/people/xiang-jun-31
http://www.zhihu.com/people/NGC2392
http://www.zhihu.com/people/chamouren
http://www.zhihu.com/people/firstinout
http://www.zhihu.com/people/chenruixuan
http://www.zhihu.com/people/gao-lai-52
http://www.zhihu.com/people/zhao-xiao-yu-28
http://www.zhihu.com/people/zhang-en-wen
http://www.zhihu.com/people/lan-nian-75
http://www.zhihu.com/people/tang-xiao-45
http://www.zhihu.com/people/chen-zhi-zhi-85-63
http://www.zhihu.com/people/yining_inei
http://www.zhihu.com/people/wang-ke-xin-69-69
http://www.zhihu.com/people/liuniandate
http://www.zhihu.com/people/HadisYe
http://www.zhihu.com/people/huang-gan-jie
http://www.zhihu.com/people/jun-yi-14
http://www.zhihu.com/people/ren-er-cheng
http://www.zhihu.com/people/danielchen1995
http://www.zhihu.com/people/lu-hai-18
http://www.zhihu.com/people/li-yan-liang-63
http://www.zhihu.com/people/xu-yong-chang
http://www.zhihu.com/people/pan-chen-xi
http://www.zhihu.com/people/shi-jia-jun-63
http://www.zhihu.com/people/wang-rong-peng-14
http://www.zhihu.com/people/shenmutong
http://www.zhihu.com/people/ding-zhen-si-80
http://www.zhihu.com/people/zhou-zi-jian-96
http://www.zhihu.com/people/hou-ye-60
http://www.zhihu.com/people/shan-mu-gu
http://www.zhihu.com/people/jiangweichuan
http://www.zhihu.com/people/lin-jia-16
http://www.zhihu.com/people/tangxionly
http://www.zhihu.com/people/zhou-jiu-61
http://www.zhihu.com/people/zhong-guang-42
http://www.zhihu.com/people/yan-sheng-20-44
http://www.zhihu.com/people/cycyril
http://www.zhihu.com/people/changdi
http://www.zhihu.com/people/suoyuxiaoxiao
http://www.zhihu.com/people/feng-hao-84
http://www.zhihu.com/people/xxin-zyx
http://www.zhihu.com/people/wan-er-lily
http://www.zhihu.com/people/xiao-du-sysu
http://www.zhihu.com/people/chu-chen-36
http://www.zhihu.com/people/lei-ming-shi
http://www.zhihu.com/people/xiao-qiang-58-96
http://www.zhihu.com/people/xiao-luo-54
http://www.zhihu.com/people/alex-huang-9
http://www.zhihu.com/people/ben-xiang-84
http://www.zhihu.com/people/gao-gao-72
http://www.zhihu.com/people/zhou-xiao-ling-54
http://www.zhihu.com/people/nutnut
http://www.zhihu.com/people/yang-bin-bin-52
http://www.zhihu.com/people/zhang-qian-21-96
http://www.zhihu.com/people/xiemuyang
http://www.zhihu.com/people/taotao-45
http://www.zhihu.com/people/owenne
http://www.zhihu.com/people/yu-gu-14
http://www.zhihu.com/people/xiong-hai-xiao
http://www.zhihu.com/people/zhu-mo-27
http://www.zhihu.com/people/wu-yu-ting-66
http://www.zhihu.com/people/xie-zi-11-70
http://www.zhihu.com/people/bai-yuan-14
http://www.zhihu.com/people/jiang-jing-yu-76
http://www.zhihu.com/people/zhao-xiao-shu-43
http://www.zhihu.com/people/zhu-lin-yi-yun
http://www.zhihu.com/people/yang-guang-11-55
http://www.zhihu.com/people/leng-peng-yu
http://www.zhihu.com/people/hu-a-niu-80
http://www.zhihu.com/people/zhongxiaotu
http://www.zhihu.com/people/shi-xiao-jie-83
http://www.zhihu.com/people/mie-xuan
http://www.zhihu.com/people/li-sen-39
http://www.zhihu.com/people/jun-jun927
http://www.zhihu.com/people/michael-4
http://www.zhihu.com/people/fan-qie-tu-dou-ding
http://www.zhihu.com/people/yaochenhao
http://www.zhihu.com/people/kuang-luwen
http://www.zhihu.com/people/gaolaosong
http://www.zhihu.com/people/chang-ge-96
http://www.zhihu.com/people/Tomcity
http://www.zhihu.com/people/yue-yu-han
http://www.zhihu.com/people/wang-yue-72-49
http://www.zhihu.com/people/wolf_wu
http://www.zhihu.com/people/chu-chu-19-70
http://www.zhihu.com/people/kongdede
http://www.zhihu.com/people/a-rui-46
http://www.zhihu.com/people/jing-chen-92
http://www.zhihu.com/people/ji-wei-70
http://www.zhihu.com/people/fuwocheng
http://www.zhihu.com/people/bingyucas
http://www.zhihu.com/people/shao-xiong-64
http://www.zhihu.com/people/wei-sheng-79
http://www.zhihu.com/people/alice-45-16
http://www.zhihu.com/people/cheng-zong-yang
http://www.zhihu.com/people/shaxjl
http://www.zhihu.com/people/liu-biao-70
http://www.zhihu.com/people/myqqhero
http://www.zhihu.com/people/tang-xiong-fei
http://www.zhihu.com/people/wen-kun-guo
http://www.zhihu.com/people/liu-xiao-yang-86
http://www.zhihu.com/people/hanjiangxue
http://www.zhihu.com/people/xu-yong-jia
http://www.zhihu.com/people/stupident
http://www.zhihu.com/people/chouthen
http://www.zhihu.com/people/he-bu-ke
http://www.zhihu.com/people/yu-hui-feng-24
http://www.zhihu.com/people/wang-long-59
http://www.zhihu.com/people/zhu-xiao-wu-77
http://www.zhihu.com/people/du-xiao-yue-711
http://www.zhihu.com/people/xue-wa-qia
http://www.zhihu.com/people/wu-shi-xiong
http://www.zhihu.com/people/sun-fei-96
http://www.zhihu.com/people/ling-zi-29
http://www.zhihu.com/people/yan-xing-80
http://www.zhihu.com/people/wynn-80
http://www.zhihu.com/people/tao-yao-15
http://www.zhihu.com/people/wang-deng
http://www.zhihu.com/people/bajie8
http://www.zhihu.com/people/mia-7
http://www.zhihu.com/people/jession1989
http://www.zhihu.com/people/hui-mei-86
http://www.zhihu.com/people/jiahuan
http://www.zhihu.com/people/john-luo
http://www.zhihu.com/people/xzwxz
http://www.zhihu.com/people/setfree
http://www.zhihu.com/people/liu-si-qi-89
http://www.zhihu.com/people/bruce-66-86
http://www.zhihu.com/people/deng-xin-xian
http://www.zhihu.com/people/jin-yuan-wai
http://www.zhihu.com/people/andy-5
http://www.zhihu.com/people/da-jun-da-jun
http://www.zhihu.com/people/wei-wei-87-88
http://www.zhihu.com/people/buhaoqiao
http://www.zhihu.com/people/zhang-xiao-ming-49-55
http://www.zhihu.com/people/jia-da-mi-28
http://www.zhihu.com/people/liu-___-ming-82
http://www.zhihu.com/people/mo-chen-96-25
http://www.zhihu.com/people/gu-zi-mo-30
http://www.zhihu.com/people/lu_yang
http://www.zhihu.com/people/namiheike
http://www.zhihu.com/people/jackzhang2014
http://www.zhihu.com/people/tian-qi-74
http://www.zhihu.com/people/zhang-wen-xi-24
http://www.zhihu.com/people/dong-jia-bin
http://www.zhihu.com/people/ray-guo-23
http://www.zhihu.com/people/sakin-poom
http://www.zhihu.com/people/zhuang-shan-shan
http://www.zhihu.com/people/lu-wen-kai-17
http://www.zhihu.com/people/lun-tai
http://www.zhihu.com/people/_zhao_xu_
http://www.zhihu.com/people/nakutoki
http://www.zhihu.com/people/qinghuan1211
http://www.zhihu.com/people/yu-ye-54
http://www.zhihu.com/people/peoplegxs
http://www.zhihu.com/people/du-yu-jing
http://www.zhihu.com/people/yang-cong-quan-man-tou
http://www.zhihu.com/people/yu-long-cheng-tian
http://www.zhihu.com/people/zhang-yi-fan-48
http://www.zhihu.com/people/liu-heng-13-41
http://www.zhihu.com/people/wang-er-10-66
http://www.zhihu.com/people/yue-yi-he
http://www.zhihu.com/people/inclear
http://www.zhihu.com/people/be-with-lele
http://www.zhihu.com/people/ai-xiao-69
http://www.zhihu.com/people/fan-ye-86
http://www.zhihu.com/people/ni-qian-yun
http://www.zhihu.com/people/tiandaofei
http://www.zhihu.com/people/lao-chai-40
http://www.zhihu.com/people/li-xiao-le-72
http://www.zhihu.com/people/li-da-li-58
http://www.zhihu.com/people/ding-ling-ling-29
http://www.zhihu.com/people/tang-jing-yu-24
http://www.zhihu.com/people/wang-xiao-80-42
http://www.zhihu.com/people/jiang-cong-32
http://www.zhihu.com/people/zhang-xiao-qing-88
http://www.zhihu.com/people/dallaslu
http://www.zhihu.com/people/yetone
http://www.zhihu.com/people/xie-jia-hong-20
http://www.zhihu.com/people/Ted-_-J
http://www.zhihu.com/people/tikin
http://www.zhihu.com/people/xiao-fei-10
http://www.zhihu.com/people/fan-rui-xi
http://www.zhihu.com/people/lordifeng
http://www.zhihu.com/people/li-ming-82
http://www.zhihu.com/people/tian-su-jun
http://www.zhihu.com/people/tautcony
http://www.zhihu.com/people/wang-kun-69-12
http://www.zhihu.com/people/ivanlee
http://www.zhihu.com/people/tang-ming-yi
http://www.zhihu.com/people/he-de-wen
http://www.zhihu.com/people/merlin-47
http://www.zhihu.com/people/yan-da-xi
http://www.zhihu.com/people/wang-zhen-xing-69
http://www.zhihu.com/people/Roy0205816
http://www.zhihu.com/people/train1110
http://www.zhihu.com/people/nauy321
http://www.zhihu.com/people/Steveneo
http://www.zhihu.com/people/mei-yu-71
http://www.zhihu.com/people/zhang-bo-67-32
http://www.zhihu.com/people/andyfoolish
http://www.zhihu.com/people/deng-lin-07-15
http://www.zhihu.com/people/yao-ling-si
http://www.zhihu.com/people/nyokerr
http://www.zhihu.com/people/su-ze-bei
http://www.zhihu.com/people/pydison
http://www.zhihu.com/people/rickey-yue
http://www.zhihu.com/people/yu-shao-yuan
http://www.zhihu.com/people/foncion
http://www.zhihu.com/people/li-zi-wei-44
http://www.zhihu.com/people/yang-lin-59
http://www.zhihu.com/people/qian-li-72
http://www.zhihu.com/people/bossling
http://www.zhihu.com/people/zhang-xiao-fei-79
http://www.zhihu.com/people/shi-xiu-feng
http://www.zhihu.com/people/constantine-47
http://www.zhihu.com/people/posebear1990
http://www.zhihu.com/people/wang-yier-16
http://www.zhihu.com/people/zhang-zi-xian-4
http://www.zhihu.com/people/lichtqi
http://www.zhihu.com/people/sheji
http://www.zhihu.com/people/summer2flower
http://www.zhihu.com/people/dan-wang-69
http://www.zhihu.com/people/ha-mi-55
http://www.zhihu.com/people/bobmcmxciv
http://www.zhihu.com/people/ling-hu-cong
http://www.zhihu.com/people/lee-ree
http://www.zhihu.com/people/ai-xiao-yang-91
http://www.zhihu.com/people/zhang-zi-qiang-36
http://www.zhihu.com/people/rao-shun
http://www.zhihu.com/people/2zhuang
http://www.zhihu.com/people/yu-san-geng
http://www.zhihu.com/people/ruo-ruo-79
http://www.zhihu.com/people/rotate8
http://www.zhihu.com/people/callmeyan
http://www.zhihu.com/people/abel_phyllis
http://www.zhihu.com/people/scott-ge
http://www.zhihu.com/people/feng-hong-liang
http://www.zhihu.com/people/zhang-zhan-mian
http://www.zhihu.com/people/yang-ben-fang
http://www.zhihu.com/people/Ladysanta
http://www.zhihu.com/people/zhang-hankui
http://www.zhihu.com/people/dou-ya-mei-er
http://www.zhihu.com/people/wangtengchuan
http://www.zhihu.com/people/liu-ze-yu-88
http://www.zhihu.com/people/jiu-ling-43
http://www.zhihu.com/people/jason-chou-48
http://www.zhihu.com/people/flyingray
http://www.zhihu.com/people/chultid
http://www.zhihu.com/people/cheng-xiao-xiao-15
http://www.zhihu.com/people/dong-jiu-yue
http://www.zhihu.com/people/yang-a-niu
http://www.zhihu.com/people/tessa
http://www.zhihu.com/people/zhang-jin-shuo-11
http://www.zhihu.com/people/limaocn
http://www.zhihu.com/people/jonson-fang
http://www.zhihu.com/people/zhu-shi-hao-11
http://www.zhihu.com/people/wei-qing-qing
http://www.zhihu.com/people/xy___ok
http://www.zhihu.com/people/hua-man-lou-17
http://www.zhihu.com/people/shi-jun-88-5
http://www.zhihu.com/people/gl-chono
http://www.zhihu.com/people/jme-28
http://www.zhihu.com/people/wan-pu
http://www.zhihu.com/people/wang-gui-zhen-95
http://www.zhihu.com/people/ary-shinko
http://www.zhihu.com/people/wu-yue-wei
http://www.zhihu.com/people/wang-xiao-chi
http://www.zhihu.com/people/linyuzhou
http://www.zhihu.com/people/miao-miao-wang-wang
http://www.zhihu.com/people/lina22222
http://www.zhihu.com/people/haothings
http://www.zhihu.com/people/ping-heng
http://www.zhihu.com/people/kisstiger
http://www.zhihu.com/people/cao-tong-yu
http://www.zhihu.com/people/ma-que-10
http://www.zhihu.com/people/yu-lei-8
http://www.zhihu.com/people/ddsherry18
http://www.zhihu.com/people/ran-duo
http://www.zhihu.com/people/zhou-gang-64
http://www.zhihu.com/people/tiffany-chen-6
http://www.zhihu.com/people/xiao-wu-kong-17
http://www.zhihu.com/people/meng-jue-99
http://www.zhihu.com/people/xddxy
http://www.zhihu.com/people/gayscript
http://www.zhihu.com/people/xunbao
http://www.zhihu.com/people/dbdb
http://www.zhihu.com/people/eric-5
http://www.zhihu.com/people/rainticket
http://www.zhihu.com/people/duanwenming
http://www.zhihu.com/people/chen-dong-54-38
http://www.zhihu.com/people/linyangjames
http://www.zhihu.com/people/xie-wei-48
http://www.zhihu.com/people/wu-song-65
http://www.zhihu.com/people/cainiao
http://www.zhihu.com/people/mmyww
http://www.zhihu.com/people/xiaoke
http://www.zhihu.com/people/zhou-fang-30
http://www.zhihu.com/people/hua-se
http://www.zhihu.com/people/cindy0424
http://www.zhihu.com/people/lin-lin-98-23
http://www.zhihu.com/people/mo-dang-dang-7
http://www.zhihu.com/people/zhang-wei-la
http://www.zhihu.com/people/zhang-wei-10-7
http://www.zhihu.com/people/jysm
http://www.zhihu.com/people/aaronsu
http://www.zhihu.com/people/lin-xi-suo
http://www.zhihu.com/people/rene-zhu
http://www.zhihu.com/people/yang-yong-37
http://www.zhihu.com/people/lan-yun-85
http://www.zhihu.com/people/baozecheng
http://www.zhihu.com/people/luoxr
http://www.zhihu.com/people/feng-xue-12
http://www.zhihu.com/people/hao-cun
http://www.zhihu.com/people/wang-da-li-29
http://www.zhihu.com/people/wang-ying-80
http://www.zhihu.com/people/liu-yuan-13-26
http://www.zhihu.com/people/hu-xin-yao
http://www.zhihu.com/people/zyqmorefree
http://www.zhihu.com/people/itfk
http://www.zhihu.com/people/moski-ivan
http://www.zhihu.com/people/shaoxiaoyu
http://www.zhihu.com/people/zhang-cong-72
http://www.zhihu.com/people/nitianhou
http://www.zhihu.com/people/Beliger-Castle
http://www.zhihu.com/people/tian-fu-rong
http://www.zhihu.com/people/jing-xiao-liang
http://www.zhihu.com/people/purpleli
http://www.zhihu.com/people/meng-jia-54
http://www.zhihu.com/people/yin-ming-38
http://www.zhihu.com/people/xiao-sa-06-16
http://www.zhihu.com/people/ai-jian
http://www.zhihu.com/people/zhou-xiao-hao
http://www.zhihu.com/people/pwj1568
http://www.zhihu.com/people/guo-sheng-23
http://www.zhihu.com/people/mi-xiao-li-10
http://www.zhihu.com/people/RichardZhang
http://www.zhihu.com/people/wang-pan-91
http://www.zhihu.com/people/Fraecak_l
http://www.zhihu.com/people/yu-bo-yu
http://www.zhihu.com/people/qi-xuan
http://www.zhihu.com/people/yu-qi-12
http://www.zhihu.com/people/wu-ao-88
http://www.zhihu.com/people/Felicity
http://www.zhihu.com/people/zhong-ye-zi-49
http://www.zhihu.com/people/photoxu
http://www.zhihu.com/people/xun-xiao-she
http://www.zhihu.com/people/shi-yong-shan
http://www.zhihu.com/people/ma-yao-70
http://www.zhihu.com/people/jixiaomo
http://www.zhihu.com/people/mtoc
http://www.zhihu.com/people/dong-zhen-45
http://www.zhihu.com/people/siwenxiaojie
http://www.zhihu.com/people/liu-shu-10
http://www.zhihu.com/people/Acmenyz
http://www.zhihu.com/people/zhang-xuan-39
http://www.zhihu.com/people/susus
http://www.zhihu.com/people/di-xiao-bin
http://www.zhihu.com/people/10250
http://www.zhihu.com/people/sellsoda
http://www.zhihu.com/people/peter-yuen
http://www.zhihu.com/people/liang-kang
http://www.zhihu.com/people/autoloop
http://www.zhihu.com/people/tian-nan-gua
http://www.zhihu.com/people/zheng-hu-li
http://www.zhihu.com/people/nicolas-micheal
http://www.zhihu.com/people/Zoe
http://www.zhihu.com/people/nadaloveluna
http://www.zhihu.com/people/jian-zhu-61
http://www.zhihu.com/people/dong-jin-ge
http://www.zhihu.com/people/li-qi-wen-52
http://www.zhihu.com/people/xiao-yu-shi-ge-wei-guan-di
http://www.zhihu.com/people/pang-ding-wang
http://www.zhihu.com/people/peter-85
http://www.zhihu.com/people/wang-shi-jie-74
http://www.zhihu.com/people/Zhendong
http://www.zhihu.com/people/chopsticks
http://www.zhihu.com/people/hou-run-tian
http://www.zhihu.com/people/zhu-yixin-42
http://www.zhihu.com/people/Robot-Yu
http://www.zhihu.com/people/zoooey
http://www.zhihu.com/people/liu-xiao-ting-89
http://www.zhihu.com/people/qiutf
http://www.zhihu.com/people/guang-feng
http://www.zhihu.com/people/Eski147
http://www.zhihu.com/people/hola-59
http://www.zhihu.com/people/wu-de-feng
http://www.zhihu.com/people/xsheng-13
http://www.zhihu.com/people/li-jun-jun-67
http://www.zhihu.com/people/dizzarz
http://www.zhihu.com/people/techoxygen
http://www.zhihu.com/people/yuan-ying-69
http://www.zhihu.com/people/wang-yuan-66-5
http://www.zhihu.com/people/wang-bo-chang
http://www.zhihu.com/people/zhong-hui-99
http://www.zhihu.com/people/li-xiang-66-68
http://www.zhihu.com/people/zhengxingwei
http://www.zhihu.com/people/cheng-bai-lao
http://www.zhihu.com/people/liu-yong-heng-9
http://www.zhihu.com/people/wang-ban-xian-4
http://www.zhihu.com/people/diao-ke-48
http://www.zhihu.com/people/xi-dong-xu
