http://www.zhihu.com/people/xu-zhe-42
http://www.zhihu.com/people/kequan
http://www.zhihu.com/people/liuyang1991
http://www.zhihu.com/people/will-tam
http://www.zhihu.com/people/neil-35-70
http://www.zhihu.com/people/danny-ni
http://www.zhihu.com/people/li-yi-nan
http://www.zhihu.com/people/jun-lyn
http://www.zhihu.com/people/hu-xie-tao
http://www.zhihu.com/people/flike
http://www.zhihu.com/people/alan-pu
http://www.zhihu.com/people/pengjust
http://www.zhihu.com/people/woody-30
http://www.zhihu.com/people/yao-chen-55
http://www.zhihu.com/people/xiao-chu
http://www.zhihu.com/people/banana-maksim
http://www.zhihu.com/people/chen-shao-qing-34
http://www.zhihu.com/people/zhang-mei-hua
http://www.zhihu.com/people/xiao-sa-06-16
http://www.zhihu.com/people/wang-xiao-wei-68-64
http://www.zhihu.com/people/li-fang-zhou-45
http://www.zhihu.com/people/clml198700
http://www.zhihu.com/people/zhang-shu-jie-7
http://www.zhihu.com/people/hu-shi-shi
http://www.zhihu.com/people/zhang-lin-14
http://www.zhihu.com/people/jin-pang-zi-15
http://www.zhihu.com/people/chen-liu-zi-94
http://www.zhihu.com/people/just7k
http://www.zhihu.com/people/jack9527
http://www.zhihu.com/people/cao-tian-71
http://www.zhihu.com/people/SkyForeverKing
http://www.zhihu.com/people/yang-fan-59-67
http://www.zhihu.com/people/lzghome
http://www.zhihu.com/people/otde-feng-xing-zhe
http://www.zhihu.com/people/wang-dong-79
http://www.zhihu.com/people/zhibai
http://www.zhihu.com/people/chen-bo-wen-63
http://www.zhihu.com/people/wu-yan-10
http://www.zhihu.com/people/li-jiu-35-47
http://www.zhihu.com/people/sun-mi-44
http://www.zhihu.com/people/guo-ren-jie-82
http://www.zhihu.com/people/daniel-hou
http://www.zhihu.com/people/zhou-heng-43
http://www.zhihu.com/people/gu-zhong-heng
http://www.zhihu.com/people/qie-wen
http://www.zhihu.com/people/raining-80
http://www.zhihu.com/people/neng4
http://www.zhihu.com/people/lin-chen-34-38
http://www.zhihu.com/people/liu-wei-34-93
http://www.zhihu.com/people/zhang-yi-fan-48
http://www.zhihu.com/people/chen-bo-30
http://www.zhihu.com/people/zhutingting
http://www.zhihu.com/people/guangyi-43
http://www.zhihu.com/people/xia-mei-qing
http://www.zhihu.com/people/leojiang
http://www.zhihu.com/people/Vc1991
http://www.zhihu.com/people/chen-ran-35-93
http://www.zhihu.com/people/kekxili
http://www.zhihu.com/people/eilif
http://www.zhihu.com/people/vipjqy
http://www.zhihu.com/people/tongjinghao
http://www.zhihu.com/people/microcosm
http://www.zhihu.com/people/bowenbitch
http://www.zhihu.com/people/zombie
http://www.zhihu.com/people/lu-yun-82-83
http://www.zhihu.com/people/jie-mo
http://www.zhihu.com/people/tiyee
http://www.zhihu.com/people/zyqmorefree
http://www.zhihu.com/people/jiang-willy
http://www.zhihu.com/people/haust
http://www.zhihu.com/people/yang-michael-91
http://www.zhihu.com/people/liu-tao-87
http://www.zhihu.com/people/du-chen-75-57
http://www.zhihu.com/people/CarrotCesca
http://www.zhihu.com/people/feng-hun-long
http://www.zhihu.com/people/alonso-68
http://www.zhihu.com/people/lin-wen-jie-51
http://www.zhihu.com/people/shi-bo-wen-57
http://www.zhihu.com/people/xiao-hang-4
http://www.zhihu.com/people/nov13
http://www.zhihu.com/people/tomorrow
http://www.zhihu.com/people/metalchrist
http://www.zhihu.com/people/charlie-ma
http://www.zhihu.com/people/reborn-73
http://www.zhihu.com/people/zhao-bai-wan
http://www.zhihu.com/people/boring-do
http://www.zhihu.com/people/mo-zhi-ye
http://www.zhihu.com/people/kou-dai
http://www.zhihu.com/people/ru-mei
http://www.zhihu.com/people/wu-lei-8
http://www.zhihu.com/people/chen-zhou-ce
http://www.zhihu.com/people/ferch
http://www.zhihu.com/people/lazy_yeah
http://www.zhihu.com/people/wsivoky
http://www.zhihu.com/people/tine20091004
http://www.zhihu.com/people/dolphinwang
http://www.zhihu.com/people/pangruo-shi
http://www.zhihu.com/people/partyspy
http://www.zhihu.com/people/gu-yue-yue-15
http://www.zhihu.com/people/gu-xiao-zong
http://www.zhihu.com/people/psjay
http://www.zhihu.com/people/gou-gou-89-58
http://www.zhihu.com/people/yang-liu-17-78
http://www.zhihu.com/people/wang-jing-32
http://www.zhihu.com/people/cao-yun-qing-50
http://www.zhihu.com/people/ruirong_xie
http://www.zhihu.com/people/minerchow
http://www.zhihu.com/people/liu-yuan-kai
http://www.zhihu.com/people/gaoguojun
http://www.zhihu.com/people/di-xin
http://www.zhihu.com/people/yu-yang-7-99
http://www.zhihu.com/people/xing-huo-huo
http://www.zhihu.com/people/chen-jia-hao-22
http://www.zhihu.com/people/jiang-cheng-yu-25
http://www.zhihu.com/people/genggeng
http://www.zhihu.com/people/yong-yue-chuan
http://www.zhihu.com/people/li-sen-39
http://www.zhihu.com/people/lakujira
http://www.zhihu.com/people/zhao-sheng-di
http://www.zhihu.com/people/sang-luo-93
http://www.zhihu.com/people/lixiafei
http://www.zhihu.com/people/ly000
http://www.zhihu.com/people/xie-meng-72
http://www.zhihu.com/people/wang-zhe-91-15
http://www.zhihu.com/people/hai-feng-54
http://www.zhihu.com/people/zhanghexiangcn
http://www.zhihu.com/people/tian-long-20
http://www.zhihu.com/people/feimaotui
http://www.zhihu.com/people/oscarcool
http://www.zhihu.com/people/werra
http://www.zhihu.com/people/zhang-da-biao-ke
http://www.zhihu.com/people/huang-jian-ke
http://www.zhihu.com/people/li-chuan-99
http://www.zhihu.com/people/qian-jing-17
http://www.zhihu.com/people/a-fei-52
http://www.zhihu.com/people/fwgisbug
http://www.zhihu.com/people/liu-yan-feng-6
http://www.zhihu.com/people/xiong-wei-ye
http://www.zhihu.com/people/li-xu-dong-59
http://www.zhihu.com/people/wangchen515
http://www.zhihu.com/people/nibalu
http://www.zhihu.com/people/alan07
http://www.zhihu.com/people/rancoo
http://www.zhihu.com/people/asplin
http://www.zhihu.com/people/cun-zhi
