http://www.zhihu.com/people/chang-ge-zi-3
http://www.zhihu.com/people/an-fang-xi-zi
http://www.zhihu.com/people/jonson-fang
http://www.zhihu.com/people/zuimai
http://www.zhihu.com/people/jia-ying-80
http://www.zhihu.com/people/xi-xi-42-7
http://www.zhihu.com/people/gong-zheng-xuan
http://www.zhihu.com/people/song-qian-88
http://www.zhihu.com/people/ashej
http://www.zhihu.com/people/gao-gao-72
http://www.zhihu.com/people/ren-er-cheng
http://www.zhihu.com/people/da-long-mao-61
http://www.zhihu.com/people/zhang-yi-48-37
http://www.zhihu.com/people/alice-19-54
http://www.zhihu.com/people/xiao-luo-54
http://www.zhihu.com/people/pang-luan-luan
http://www.zhihu.com/people/lin-xiao-cha-68
http://www.zhihu.com/people/lian-yang
http://www.zhihu.com/people/virideao
http://www.zhihu.com/people/he-yi-jia
http://www.zhihu.com/people/braveworld
http://www.zhihu.com/people/ba-tong-15
http://www.zhihu.com/people/jackie0403
http://www.zhihu.com/people/hong-shi-huan-78
http://www.zhihu.com/people/deng-kang-er
http://www.zhihu.com/people/bai-zhu-shui-99
http://www.zhihu.com/people/liang-han-bing-2
http://www.zhihu.com/people/yirang
http://www.zhihu.com/people/ayr1
http://www.zhihu.com/people/cocolee
http://www.zhihu.com/people/Niliy
http://www.zhihu.com/people/su-ma-li-31
http://www.zhihu.com/people/dao-da-96
http://www.zhihu.com/people/chendayun
http://www.zhihu.com/people/yunfanpan
http://www.zhihu.com/people/olivira154
http://www.zhihu.com/people/byerancy
http://www.zhihu.com/people/dui-dui-22
http://www.zhihu.com/people/chuanhou
http://www.zhihu.com/people/vina-lu
http://www.zhihu.com/people/wujinzhi
http://www.zhihu.com/people/fiona-chan
http://www.zhihu.com/people/samyhello
http://www.zhihu.com/people/tao-zi-G
http://www.zhihu.com/people/li-you-75-86
http://www.zhihu.com/people/chang-yi-22
http://www.zhihu.com/people/shui-rong-80
http://www.zhihu.com/people/li-dong-34-52
http://www.zhihu.com/people/hee-erving
http://www.zhihu.com/people/wang-peng-fei-61
http://www.zhihu.com/people/xuexiaozhe
http://www.zhihu.com/people/pu-ti-wang-sheng
http://www.zhihu.com/people/huang-ran-20
http://www.zhihu.com/people/saintknight
http://www.zhihu.com/people/yan-sheng-20-44
http://www.zhihu.com/people/chen-xiao-tu-61
http://www.zhihu.com/people/zhong-huo-huo
http://www.zhihu.com/people/zhu-ti-chen-90
http://www.zhihu.com/people/aaronsu
http://www.zhihu.com/people/williamzhang515
http://www.zhihu.com/people/liu-a-a-74-20
http://www.zhihu.com/people/chang-ge-96
http://www.zhihu.com/people/baitu
http://www.zhihu.com/people/jun-yi-14
http://www.zhihu.com/people/chen-ye-wen-53
http://www.zhihu.com/people/liu-xiao-chen-77
http://www.zhihu.com/people/weisibi
http://www.zhihu.com/people/li-zi-37-34
http://www.zhihu.com/people/TrusBe
http://www.zhihu.com/people/cen-cen-68
http://www.zhihu.com/people/xin-chen-8
http://www.zhihu.com/people/chenyitian1992
http://www.zhihu.com/people/liu-feng-ling-82
http://www.zhihu.com/people/GionCat
http://www.zhihu.com/people/zengyingjia
http://www.zhihu.com/people/dereck
http://www.zhihu.com/people/liu-li-41
http://www.zhihu.com/people/zhou-zhi-yuan-56
http://www.zhihu.com/people/timaobrother
http://www.zhihu.com/people/chou-xiao-zi-39
http://www.zhihu.com/people/shi-xiao-dao
http://www.zhihu.com/people/wang-ci-an
http://www.zhihu.com/people/zhang-mei-hua
http://www.zhihu.com/people/wu-yu-50-63
http://www.zhihu.com/people/dai-an-yi
http://www.zhihu.com/people/smith-finger
http://www.zhihu.com/people/fay-wen
http://www.zhihu.com/people/doors
http://www.zhihu.com/people/booooooook
http://www.zhihu.com/people/huan-xiao-yun
http://www.zhihu.com/people/Xieyiyao
http://www.zhihu.com/people/leng-dong-xue
http://www.zhihu.com/people/streetfox
http://www.zhihu.com/people/taihuxiaobaoyu
http://www.zhihu.com/people/tu-gao-hui-ge
http://www.zhihu.com/people/yue-yi-he
http://www.zhihu.com/people/zhu-yixin-42
http://www.zhihu.com/people/aima
http://www.zhihu.com/people/qi-hong-wei
http://www.zhihu.com/people/lyzxd1114
http://www.zhihu.com/people/huang-jun-93-19
http://www.zhihu.com/people/cheng-xiao-mo-90
http://www.zhihu.com/people/jackzhang2014
http://www.zhihu.com/people/guang-xun
http://www.zhihu.com/people/xStars
http://www.zhihu.com/people/guo-___-mu
http://www.zhihu.com/people/xiaoluxin
http://www.zhihu.com/people/gray-z
http://www.zhihu.com/people/guxianbang
http://www.zhihu.com/people/bai-xuan-63
http://www.zhihu.com/people/zi-bi
http://www.zhihu.com/people/Cardio_zhang
http://www.zhihu.com/people/lordifeng
http://www.zhihu.com/people/dong-su-hao
http://www.zhihu.com/people/ao-wu-30
http://www.zhihu.com/people/eliton
http://www.zhihu.com/people/daisyxiao-xiao-3
http://www.zhihu.com/people/mo-an-10
http://www.zhihu.com/people/eudaemonia
http://www.zhihu.com/people/dizhe
http://www.zhihu.com/people/hao-zi-xu
http://www.zhihu.com/people/punkvic
http://www.zhihu.com/people/mo-hui-81
http://www.zhihu.com/people/li-yan-58-57
http://www.zhihu.com/people/liu-ya-kun-1
http://www.zhihu.com/people/xia-chong-55-46
http://www.zhihu.com/people/guo-da-lu-13-28
http://www.zhihu.com/people/weboo
http://www.zhihu.com/people/zheng-ting-yu-48
http://www.zhihu.com/people/Mohu
http://www.zhihu.com/people/rong-ma-ma-49
http://www.zhihu.com/people/florence-wu
http://www.zhihu.com/people/li-mi-qia-85
http://www.zhihu.com/people/huqingyan
http://www.zhihu.com/people/moxiaofeigedou1129
http://www.zhihu.com/people/halim-din
http://www.zhihu.com/people/kong-ling-___
http://www.zhihu.com/people/wang-er-10-66
http://www.zhihu.com/people/davehong
http://www.zhihu.com/people/liu-xiao-yang-86
http://www.zhihu.com/people/liu-xing-zhi-ban
http://www.zhihu.com/people/chen-fan-63
http://www.zhihu.com/people/cheng-ming-zhen
http://www.zhihu.com/people/tangaoxue
http://www.zhihu.com/people/wen-sen-te-86
http://www.zhihu.com/people/fang-wen-32
http://www.zhihu.com/people/liang-yun-ni
http://www.zhihu.com/people/zhang-yi-fan-48
http://www.zhihu.com/people/chen-yu-han
http://www.zhihu.com/people/-Cake
http://www.zhihu.com/people/zhao-ke-min
http://www.zhihu.com/people/tan-ri-tian
http://www.zhihu.com/people/pinkatropine
http://www.zhihu.com/people/mou-yang-73
http://www.zhihu.com/people/huang-cheng-cheng-26
http://www.zhihu.com/people/yan-da-xi
http://www.zhihu.com/people/glacierlee
http://www.zhihu.com/people/yang-fan-44-11-25
http://www.zhihu.com/people/chen-mo-62-77
http://www.zhihu.com/people/bai-zhi-long
http://www.zhihu.com/people/tony-chen-53
http://www.zhihu.com/people/meiguihuakai
http://www.zhihu.com/people/qiyanzhibai
http://www.zhihu.com/people/xi-wei-10
http://www.zhihu.com/people/li-li-31-33
http://www.zhihu.com/people/zhang-wei-zhong
http://www.zhihu.com/people/zhou-xing-xing-73
http://www.zhihu.com/people/lu-xiao-jun-22
http://www.zhihu.com/people/xu-sen-lin
http://www.zhihu.com/people/xiao-san
http://www.zhihu.com/people/marlin-31
http://www.zhihu.com/people/qi-gang-65
http://www.zhihu.com/people/cu-mu
http://www.zhihu.com/people/xulaohan
http://www.zhihu.com/people/dai-xiao-xi-70
http://www.zhihu.com/people/yun-jin-hu
http://www.zhihu.com/people/xu-sheng-nan-7
http://www.zhihu.com/people/livsinging
http://www.zhihu.com/people/appler
http://www.zhihu.com/people/bai-hao-73
http://www.zhihu.com/people/yqqyzy
http://www.zhihu.com/people/guoqiaotudou
http://www.zhihu.com/people/li-zi-wei-44
http://www.zhihu.com/people/zhou-yu-mo
http://www.zhihu.com/people/ye-zi-zi-9
http://www.zhihu.com/people/zuohao
http://www.zhihu.com/people/zhao-xiao-long-56
http://www.zhihu.com/people/lichtqi
http://www.zhihu.com/people/gris-griffith
http://www.zhihu.com/people/nie-qi-qi-79
http://www.zhihu.com/people/cold-cold
http://www.zhihu.com/people/kong-wei-yi-2
http://www.zhihu.com/people/tao-yan-xi
http://www.zhihu.com/people/llax
http://www.zhihu.com/people/shi-xiu-feng
http://www.zhihu.com/people/li-min-80-13
http://www.zhihu.com/people/lu-gui-chen-26
http://www.zhihu.com/people/yuanlili
http://www.zhihu.com/people/zheng-yi-jun-12
http://www.zhihu.com/people/lu-tai-sheng
http://www.zhihu.com/people/vera-94
http://www.zhihu.com/people/mrawesome
http://www.zhihu.com/people/chuyi-chen-29
http://www.zhihu.com/people/xia-xing-yu-hua
http://www.zhihu.com/people/song-jing-wen
http://www.zhihu.com/people/gao-you-mou
http://www.zhihu.com/people/yu-tou-tou-tou
http://www.zhihu.com/people/an-ling-yi
http://www.zhihu.com/people/guo-shu-nu
http://www.zhihu.com/people/zhou-gang-64
http://www.zhihu.com/people/huichou
http://www.zhihu.com/people/moanqi
http://www.zhihu.com/people/huang-yang-97-15
http://www.zhihu.com/people/li-er-bing
http://www.zhihu.com/people/zau-zing-jiu
http://www.zhihu.com/people/tontonchuan-zhang
http://www.zhihu.com/people/jobsyuan
http://www.zhihu.com/people/chen-jia-lin-68
http://www.zhihu.com/people/Dominic_
http://www.zhihu.com/people/chieasura
http://www.zhihu.com/people/dong-xue-wen
http://www.zhihu.com/people/xiao-chu
http://www.zhihu.com/people/du-yi-90-20
http://www.zhihu.com/people/shu-yun-36
http://www.zhihu.com/people/zhang-xiao-dong-71
http://www.zhihu.com/people/zheng-cheng-37
http://www.zhihu.com/people/ling-hu-cong
http://www.zhihu.com/people/young-young-2
http://www.zhihu.com/people/zhou-bai-bai-7
http://www.zhihu.com/people/he-er-76
http://www.zhihu.com/people/jingchao
http://www.zhihu.com/people/neoyoung-72
http://www.zhihu.com/people/li-xiao-lin-68
http://www.zhihu.com/people/shabingxuan
http://www.zhihu.com/people/deng-xin-xian
http://www.zhihu.com/people/tang-jing-yu-24
http://www.zhihu.com/people/qing-ting-82
http://www.zhihu.com/people/wei-guo-guo-65
http://www.zhihu.com/people/Sujo
http://www.zhihu.com/people/feng-xue-12
http://www.zhihu.com/people/zhu-shi-hao-11
http://www.zhihu.com/people/xu-sheng-39-75
http://www.zhihu.com/people/zhang-wei-10-7
http://www.zhihu.com/people/Roy0205816
http://www.zhihu.com/people/ruan-qi-34
http://www.zhihu.com/people/chengt03
http://www.zhihu.com/people/cai-yuan-zi-48
http://www.zhihu.com/people/zhu-shi-jie-6
http://www.zhihu.com/people/chen-yong-lin-25
http://www.zhihu.com/people/tian-fu-rong
http://www.zhihu.com/people/kang-xi-58
http://www.zhihu.com/people/emma-liu-46
http://www.zhihu.com/people/wang-shi-gang
http://www.zhihu.com/people/sui-shao-qi
http://www.zhihu.com/people/cawen
http://www.zhihu.com/people/lengqingru
http://www.zhihu.com/people/chervun
http://www.zhihu.com/people/sjhstone
http://www.zhihu.com/people/anson-37
http://www.zhihu.com/people/song-96
http://www.zhihu.com/people/chu-meng-meng
http://www.zhihu.com/people/want-then
http://www.zhihu.com/people/javier
http://www.zhihu.com/people/zhang-lang-fei
http://www.zhihu.com/people/hfitp
http://www.zhihu.com/people/liu-xin-ji-4-92
http://www.zhihu.com/people/gao-qing-yan
http://www.zhihu.com/people/jackyue0906
http://www.zhihu.com/people/yu-bo-yu
http://www.zhihu.com/people/xiong-fei-fei
http://www.zhihu.com/people/kimleo
http://www.zhihu.com/people/li-yang-64-32
http://www.zhihu.com/people/suikaixin
http://www.zhihu.com/people/llfilm
http://www.zhihu.com/people/starrrry
http://www.zhihu.com/people/wwzcxqc
http://www.zhihu.com/people/LPWY
http://www.zhihu.com/people/tcstar
http://www.zhihu.com/people/aishahchen
http://www.zhihu.com/people/liu-jin-long-44
http://www.zhihu.com/people/mtoc
http://www.zhihu.com/people/lobo-73
http://www.zhihu.com/people/iamloje
http://www.zhihu.com/people/shi-rui-49
http://www.zhihu.com/people/fu-ru-san
http://www.zhihu.com/people/wu-jia-55
http://www.zhihu.com/people/vokcmid
http://www.zhihu.com/people/zhu-da-da-24
http://www.zhihu.com/people/gayscript
http://www.zhihu.com/people/Fraecak_l
http://www.zhihu.com/people/zhang-zi-qiang-36
http://www.zhihu.com/people/wuwenwen
http://www.zhihu.com/people/ling-hu-30
http://www.zhihu.com/people/elvis-92
http://www.zhihu.com/people/diaosi
http://www.zhihu.com/people/han-jian-bin-69
http://www.zhihu.com/people/lisa-lee-55
http://www.zhihu.com/people/violynne
http://www.zhihu.com/people/tian-xiao-ye-52
http://www.zhihu.com/people/lexie-han
http://www.zhihu.com/people/huceo
http://www.zhihu.com/people/owen-22
http://www.zhihu.com/people/mu-mu-mu-2
http://www.zhihu.com/people/yuki-furukawa
http://www.zhihu.com/people/sophie-f
http://www.zhihu.com/people/dai-xiao-lan
http://www.zhihu.com/people/wolekuduo
http://www.zhihu.com/people/id-malong
http://www.zhihu.com/people/aejalee
http://www.zhihu.com/people/zhang-wen-huai
http://www.zhihu.com/people/fang-fang-er
http://www.zhihu.com/people/zhong-ye-zi-49
http://www.zhihu.com/people/pang-yan
http://www.zhihu.com/people/sosoloveslife
http://www.zhihu.com/people/jin-nuo-75
http://www.zhihu.com/people/wang-liu-jiao
http://www.zhihu.com/people/aoimishi
http://www.zhihu.com/people/yi-rong-53-47
http://www.zhihu.com/people/hanjiangxue
http://www.zhihu.com/people/xu-yun-fang-49
http://www.zhihu.com/people/signtopic
http://www.zhihu.com/people/ByronAlexander
http://www.zhihu.com/people/xiong-wei-10
http://www.zhihu.com/people/erseyang
http://www.zhihu.com/people/wu-hu
http://www.zhihu.com/people/zhu-rui-8
http://www.zhihu.com/people/lin-fiona
http://www.zhihu.com/people/cheristorm
http://www.zhihu.com/people/coldmoutain
http://www.zhihu.com/people/gao-jing-mo
http://www.zhihu.com/people/lengleng
http://www.zhihu.com/people/toochio
http://www.zhihu.com/people/wangxuezhong
http://www.zhihu.com/people/zhangrongjie
http://www.zhihu.com/people/liuxm
http://www.zhihu.com/people/zhqjuice
http://www.zhihu.com/people/hu-xiao-ying-94
http://www.zhihu.com/people/shuyancxq
http://www.zhihu.com/people/toylori
http://www.zhihu.com/people/liang-de-zhu
http://www.zhihu.com/people/zuo-er-richad
http://www.zhihu.com/people/wang-ling-shan
http://www.zhihu.com/people/zhangteman
http://www.zhihu.com/people/abel_phyllis
http://www.zhihu.com/people/zhang-yuan-97-63
http://www.zhihu.com/people/cai-zhe-51
http://www.zhihu.com/people/wang-yi-ting-11
http://www.zhihu.com/people/waiwai322
http://www.zhihu.com/people/zhu-xiao-yan-72
http://www.zhihu.com/people/stupy
http://www.zhihu.com/people/definiter
http://www.zhihu.com/people/iian
http://www.zhihu.com/people/wang-chong-guan
http://www.zhihu.com/people/wjbf
http://www.zhihu.com/people/lucker
http://www.zhihu.com/people/lin-wang-wei
http://www.zhihu.com/people/Charlieyue
http://www.zhihu.com/people/fuzhu
http://www.zhihu.com/people/lulu-4-89
http://www.zhihu.com/people/cheng-ni
http://www.zhihu.com/people/xavierwu
http://www.zhihu.com/people/zhang-bavol
http://www.zhihu.com/people/wu-dan-dan-24
http://www.zhihu.com/people/luo-meng-jie
http://www.zhihu.com/people/richardhly
http://www.zhihu.com/people/licht-81
http://www.zhihu.com/people/wang-biao-99-71
http://www.zhihu.com/people/jin-guan
http://www.zhihu.com/people/lailaiovo
http://www.zhihu.com/people/zhongxiaotu
http://www.zhihu.com/people/adrianren
http://www.zhihu.com/people/tsau.liu
http://www.zhihu.com/people/mou-chen-65
http://www.zhihu.com/people/qinchuhah
http://www.zhihu.com/people/he-chang-peng-77
http://www.zhihu.com/people/chen-jian-wen-75
http://www.zhihu.com/people/dtcool
http://www.zhihu.com/people/xxxxxxiaoming
http://www.zhihu.com/people/will-wu
http://www.zhihu.com/people/tang-wen-tao
http://www.zhihu.com/people/raoy2010
http://www.zhihu.com/people/guo-script
http://www.zhihu.com/people/xiong-mo-mo
http://www.zhihu.com/people/lovechao712
http://www.zhihu.com/people/liu-jia-yuan-7
http://www.zhihu.com/people/wu-ya-dong-79
http://www.zhihu.com/people/huang-xue-dan
http://www.zhihu.com/people/jinnan527
http://www.zhihu.com/people/peoplegxs
http://www.zhihu.com/people/ai-lue-te-72
http://www.zhihu.com/people/younggko
http://www.zhihu.com/people/qian-lu-ze
http://www.zhihu.com/people/qingfusanduan
http://www.zhihu.com/people/llq6072
http://www.zhihu.com/people/zhuo-zhi-ying
http://www.zhihu.com/people/kingljx
http://www.zhihu.com/people/peng-hui-32
http://www.zhihu.com/people/pkpkppk3607
http://www.zhihu.com/people/cherrydcy
http://www.zhihu.com/people/wang-zi-xiang
http://www.zhihu.com/people/pian-wei-wan
http://www.zhihu.com/people/mull
http://www.zhihu.com/people/zhou-ceng-hao
http://www.zhihu.com/people/yue-ban-he
http://www.zhihu.com/people/bxjboy
http://www.zhihu.com/people/chou-chong-ke-le11
http://www.zhihu.com/people/yuke-fighting
http://www.zhihu.com/people/san-qiu-mu
http://www.zhihu.com/people/bai-ju-18
http://www.zhihu.com/people/joe
http://www.zhihu.com/people/immediate
http://www.zhihu.com/people/wei-mao-zeng
http://www.zhihu.com/people/su-guang
http://www.zhihu.com/people/sky-fall
http://www.zhihu.com/people/kyonkoo
http://www.zhihu.com/people/umifam
http://www.zhihu.com/people/ning-schue
http://www.zhihu.com/people/S-He
http://www.zhihu.com/people/limonzhou
http://www.zhihu.com/people/judging-woo
http://www.zhihu.com/people/Keenor
http://www.zhihu.com/people/linearrr
http://www.zhihu.com/people/wang-xue-ni
http://www.zhihu.com/people/wang-rong-85
http://www.zhihu.com/people/li-jian-hao-31
http://www.zhihu.com/people/wang-wen-ping
http://www.zhihu.com/people/li-yao-fu
http://www.zhihu.com/people/dong-jin-ge
http://www.zhihu.com/people/myisocn
http://www.zhihu.com/people/hu-shi-hong
http://www.zhihu.com/people/jessie-chia-34
http://www.zhihu.com/people/xie-yan-52
http://www.zhihu.com/people/yao-jie-52
http://www.zhihu.com/people/liu-you-fei
http://www.zhihu.com/people/dao-mu
http://www.zhihu.com/people/renee-83
http://www.zhihu.com/people/cong-jin-zheng
http://www.zhihu.com/people/techoxygen
http://www.zhihu.com/people/neal-83
http://www.zhihu.com/people/yvonne-92
http://www.zhihu.com/people/xymark
http://www.zhihu.com/people/xiao-fei-79-14
http://www.zhihu.com/people/aria
http://www.zhihu.com/people/cooL
http://www.zhihu.com/people/youliugui
http://www.zhihu.com/people/eddiebao
http://www.zhihu.com/people/qian-yu
http://www.zhihu.com/people/sellsoda
http://www.zhihu.com/people/eana-chan
http://www.zhihu.com/people/li-xiang-66-68
http://www.zhihu.com/people/kong-yu-chen
http://www.zhihu.com/people/liu-ying-16
http://www.zhihu.com/people/tang-yiming-24
http://www.zhihu.com/people/ocde
http://www.zhihu.com/people/li-yu-chen
http://www.zhihu.com/people/abee
http://www.zhihu.com/people/RenAdotcom
http://www.zhihu.com/people/liu-min-58-2
http://www.zhihu.com/people/wang-yuan-66-5
http://www.zhihu.com/people/zi-xiao-chun
http://www.zhihu.com/people/bywwss
http://www.zhihu.com/people/bai-ye-51
http://www.zhihu.com/people/que-xing-lasia
http://www.zhihu.com/people/duoduojiang
http://www.zhihu.com/people/kevinvesper
http://www.zhihu.com/people/li-hong-yang-99
http://www.zhihu.com/people/srnart
http://www.zhihu.com/people/zhang-le-44-38
http://www.zhihu.com/people/pan-xiao-25
http://www.zhihu.com/people/liang-yu-fan
http://www.zhihu.com/people/Ricahrd.Light
http://www.zhihu.com/people/yang-fan-17-40
http://www.zhihu.com/people/oumu
http://www.zhihu.com/people/wangtengchuan
http://www.zhihu.com/people/Yuliyapeach
http://www.zhihu.com/people/stupident
http://www.zhihu.com/people/looli23
http://www.zhihu.com/people/jia-shuai-long
http://www.zhihu.com/people/su-de-7
http://www.zhihu.com/people/tang-he-jun
http://www.zhihu.com/people/li-hao-68
http://www.zhihu.com/people/ba-qi-95
http://www.zhihu.com/people/sun-chuan-wu
http://www.zhihu.com/people/geekplux
http://www.zhihu.com/people/hehe-18
http://www.zhihu.com/people/crystald
http://www.zhihu.com/people/zhang-yu-chen-95
http://www.zhihu.com/people/zhan-xuan-11
http://www.zhihu.com/people/wei-qiu-jie
http://www.zhihu.com/people/hedichunxiao
http://www.zhihu.com/people/zi-qing-90
http://www.zhihu.com/people/kuangzhou
http://www.zhihu.com/people/lvli
http://www.zhihu.com/people/acacia100
http://www.zhihu.com/people/wang-er-1
http://www.zhihu.com/people/joeh
http://www.zhihu.com/people/sha-xiao-chuan
http://www.zhihu.com/people/mapengze
http://www.zhihu.com/people/chuan-bu-xi
http://www.zhihu.com/people/alexcu
http://www.zhihu.com/people/xu-da-jun-51
http://www.zhihu.com/people/zaotang
http://www.zhihu.com/people/gazi
http://www.zhihu.com/people/horizons
http://www.zhihu.com/people/zhou-gan-gan
http://www.zhihu.com/people/melody-chang
http://www.zhihu.com/people/ellen-wong
http://www.zhihu.com/people/yetone
http://www.zhihu.com/people/zhu-xiao-wu-77
http://www.zhihu.com/people/walking-x
http://www.zhihu.com/people/Robot-Yu
http://www.zhihu.com/people/zhang-zhen-ye-ruby
http://www.zhihu.com/people/zhengxingwei
http://www.zhihu.com/people/chopsticks
http://www.zhihu.com/people/zeng-zi-ying
http://www.zhihu.com/people/ben-j
http://www.zhihu.com/people/po-yiya
http://www.zhihu.com/people/hou-run-tian
http://www.zhihu.com/people/lilizong
http://www.zhihu.com/people/di-di-qi
http://www.zhihu.com/people/chang-hong-jia
http://www.zhihu.com/people/zhang-xiao-xian-77
http://www.zhihu.com/people/bai-xiao-yu-93
http://www.zhihu.com/people/zhang-bo-han-56
http://www.zhihu.com/people/fanguofeng
http://www.zhihu.com/people/HanedaNakayama
http://www.zhihu.com/people/Ho_Beelzebu
http://www.zhihu.com/people/wang-ban-xian-4
http://www.zhihu.com/people/lin-zhe-96
http://www.zhihu.com/people/chen-yu-xin-29
http://www.zhihu.com/people/davidqin
http://www.zhihu.com/people/tianchen-wang
http://www.zhihu.com/people/cotion
http://www.zhihu.com/people/chouthen
http://www.zhihu.com/people/markcheung
http://www.zhihu.com/people/ji-bu-de-48
http://www.zhihu.com/people/wen-tao-4
http://www.zhihu.com/people/ding-er-ding
http://www.zhihu.com/people/jiang-bai-du
http://www.zhihu.com/people/qi-fan
http://www.zhihu.com/people/phible
http://www.zhihu.com/people/jay-55
http://www.zhihu.com/people/hei-tao
http://www.zhihu.com/people/yan-zi-sheng
http://www.zhihu.com/people/shi-yong-shan
http://www.zhihu.com/people/chen-bo-li
http://www.zhihu.com/people/keleduibing
http://www.zhihu.com/people/yang-jian-li
http://www.zhihu.com/people/mi-mi-zhou
http://www.zhihu.com/people/xie-zi-wei-70
http://www.zhihu.com/people/kissinger
http://www.zhihu.com/people/li-jun-13-31
http://www.zhihu.com/people/fajia
http://www.zhihu.com/people/huang-hai-li
http://www.zhihu.com/people/goal2scool
http://www.zhihu.com/people/ywzgb
http://www.zhihu.com/people/ymjrcc
http://www.zhihu.com/people/li-dong-wei-47
http://www.zhihu.com/people/benwalking
http://www.zhihu.com/people/yskin
http://www.zhihu.com/people/lu-li-li
http://www.zhihu.com/people/lin-li-xuan
http://www.zhihu.com/people/sheng-yu-58
http://www.zhihu.com/people/DannyWangX
http://www.zhihu.com/people/sai-lan-de
http://www.zhihu.com/people/SummerIndus
http://www.zhihu.com/people/wei-nan-99
http://www.zhihu.com/people/xu-jing-21
http://www.zhihu.com/people/ma-___-___
http://www.zhihu.com/people/jimmy-zhou
http://www.zhihu.com/people/shen-jing-9
http://www.zhihu.com/people/zhang-hai-dong-25
http://www.zhihu.com/people/zhaoxing
http://www.zhihu.com/people/yin-xue-ying
http://www.zhihu.com/people/hexiaobing
http://www.zhihu.com/people/feizan
http://www.zhihu.com/people/kelso
http://www.zhihu.com/people/cui-wang
http://www.zhihu.com/people/zengwish
http://www.zhihu.com/people/zhang-lei-5-94
http://www.zhihu.com/people/xiaowenwen
http://www.zhihu.com/people/growingyears
http://www.zhihu.com/people/taotao
http://www.zhihu.com/people/dream-33
http://www.zhihu.com/people/geebaozi
http://www.zhihu.com/people/fengjuanchengfu
http://www.zhihu.com/people/dongganxiaochaoren
http://www.zhihu.com/people/dunduncat
http://www.zhihu.com/people/renyh
http://www.zhihu.com/people/cdjohn
http://www.zhihu.com/people/lu-yi-zhao
http://www.zhihu.com/people/wu-jie-97
http://www.zhihu.com/people/pass-by
http://www.zhihu.com/people/die-qi
http://www.zhihu.com/people/ftium4
http://www.zhihu.com/people/xiao-jing-69-6
http://www.zhihu.com/people/mmyww
http://www.zhihu.com/people/xiang-yan-14
http://www.zhihu.com/people/herolaozhang
http://www.zhihu.com/people/da-shi-1
http://www.zhihu.com/people/lan-huo-huo
http://www.zhihu.com/people/huang-teng-3
http://www.zhihu.com/people/up-up-75
http://www.zhihu.com/people/cheng-jun-900
http://www.zhihu.com/people/viviangel
http://www.zhihu.com/people/spsftshuma
http://www.zhihu.com/people/cakvfcwz
http://www.zhihu.com/people/du-yu-64
http://www.zhihu.com/people/altrixe
http://www.zhihu.com/people/xiao-zhi-69-4
http://www.zhihu.com/people/zhang-ke-ren-79
http://www.zhihu.com/people/yellowsabrina
http://www.zhihu.com/people/light-47
http://www.zhihu.com/people/bao-ding-wei-qi
http://www.zhihu.com/people/yuan-shao-cheng
http://www.zhihu.com/people/gong-zi-wen
http://www.zhihu.com/people/yuger.net
http://www.zhihu.com/people/linkinmars
http://www.zhihu.com/people/cheng-fang-hang
http://www.zhihu.com/people/shi-chuan-43
http://www.zhihu.com/people/bbsunchen
http://www.zhihu.com/people/bai-qiao-wei-c
http://www.zhihu.com/people/han-yixin
http://www.zhihu.com/people/eastenluis
http://www.zhihu.com/people/wang-meng-yi
http://www.zhihu.com/people/uchusan
http://www.zhihu.com/people/luan-hong-yin
http://www.zhihu.com/people/yang-shuang-1
http://www.zhihu.com/people/wen-nuan-23
http://www.zhihu.com/people/sayes
http://www.zhihu.com/people/goodbird
http://www.zhihu.com/people/deserts-22
http://www.zhihu.com/people/mondrian-chau
http://www.zhihu.com/people/wuchao
http://www.zhihu.com/people/bai-ying-er
http://www.zhihu.com/people/chen-hao-jie-60
http://www.zhihu.com/people/james-26
http://www.zhihu.com/people/lu-qing-26
http://www.zhihu.com/people/loadin
http://www.zhihu.com/people/tian-min-cheng
http://www.zhihu.com/people/dizzarz
http://www.zhihu.com/people/chenyi-79
http://www.zhihu.com/people/qianpx
http://www.zhihu.com/people/jzone
http://www.zhihu.com/people/azorey
http://www.zhihu.com/people/ou-yang-yong
http://www.zhihu.com/people/chen-tan-yue-61
http://www.zhihu.com/people/huang-wei-yun
http://www.zhihu.com/people/yan-er-jane
http://www.zhihu.com/people/flike
http://www.zhihu.com/people/sometimes-61
http://www.zhihu.com/people/pang-tu-er
http://www.zhihu.com/people/han-qian-yi
http://www.zhihu.com/people/chen-rong-tai
http://www.zhihu.com/people/xi-dong-xu
http://www.zhihu.com/people/jing-xiao-liang
http://www.zhihu.com/people/yun-wu-yi
http://www.zhihu.com/people/psyhelen
http://www.zhihu.com/people/yoyo-77
http://www.zhihu.com/people/wengbin
http://www.zhihu.com/people/hydra-10
http://www.zhihu.com/people/hua-tong
http://www.zhihu.com/people/fu-tian-yuan
http://www.zhihu.com/people/yogo
http://www.zhihu.com/people/feng-bo-zhao
http://www.zhihu.com/people/liu-hong-yi
http://www.zhihu.com/people/li-cheng-gan
http://www.zhihu.com/people/qu-yiming
http://www.zhihu.com/people/weevil
http://www.zhihu.com/people/iris-chen-97
http://www.zhihu.com/people/zhuang-chang-kuan
http://www.zhihu.com/people/gaoan
http://www.zhihu.com/people/monicazi-you-xin
http://www.zhihu.com/people/Paitanapilahmima
http://www.zhihu.com/people/laprily.X
http://www.zhihu.com/people/linglingfa
http://www.zhihu.com/people/you-guo-59
http://www.zhihu.com/people/shuang-wang
http://www.zhihu.com/people/tongjinghao
http://www.zhihu.com/people/yizhu-9
http://www.zhihu.com/people/paiyuen
http://www.zhihu.com/people/wu-ting-ting
http://www.zhihu.com/people/shilh
http://www.zhihu.com/people/ma-ying-zhi
http://www.zhihu.com/people/dion
http://www.zhihu.com/people/jiu-shi-yong-cha
http://www.zhihu.com/people/wu-kai-lun
http://www.zhihu.com/people/polimoda
http://www.zhihu.com/people/tao-ye-82
http://www.zhihu.com/people/ma-dan-39
http://www.zhihu.com/people/wei-te-23
http://www.zhihu.com/people/ying-49
http://www.zhihu.com/people/rancoo
http://www.zhihu.com/people/yi-sha-22
http://www.zhihu.com/people/suifeng
http://www.zhihu.com/people/lai-xiao-an
http://www.zhihu.com/people/shui-hou-yi
http://www.zhihu.com/people/kong-xin-xian-sen-justin
http://www.zhihu.com/people/iyucci
http://www.zhihu.com/people/li-rou-xing
http://www.zhihu.com/people/wang-yi-chun-01
http://www.zhihu.com/people/susummer
http://www.zhihu.com/people/feng-lei-96
http://www.zhihu.com/people/coldlife
http://www.zhihu.com/people/liu-yi-cheng-13
http://www.zhihu.com/people/bo-yi-42
http://www.zhihu.com/people/xue-wa-qia
http://www.zhihu.com/people/hou-meng-yao
http://www.zhihu.com/people/vincent-91
http://www.zhihu.com/people/shFung_dee
http://www.zhihu.com/people/zou-dao-kou
http://www.zhihu.com/people/he-yao-56
http://www.zhihu.com/people/chentao
http://www.zhihu.com/people/cai-cheng-yi
http://www.zhihu.com/people/zhengguoqiang
http://www.zhihu.com/people/zhang-xiang-yun
http://www.zhihu.com/people/hou-mao-mao
http://www.zhihu.com/people/qingjia
http://www.zhihu.com/people/wang-xiao-qiang-92
http://www.zhihu.com/people/zedier
http://www.zhihu.com/people/xuchuqw
http://www.zhihu.com/people/so-so-21
http://www.zhihu.com/people/brangelina
http://www.zhihu.com/people/shi-ji-li
http://www.zhihu.com/people/larry_L
http://www.zhihu.com/people/dreaker
http://www.zhihu.com/people/wang-ji-65
http://www.zhihu.com/people/ranyon
http://www.zhihu.com/people/su-wan-79
http://www.zhihu.com/people/zhou-yi-72-70
http://www.zhihu.com/people/tan-yao-80
http://www.zhihu.com/people/bingyucas
http://www.zhihu.com/people/wangxiaozhu
http://www.zhihu.com/people/wang-le-gao
http://www.zhihu.com/people/moheng-esther
http://www.zhihu.com/people/han-yan-hui
http://www.zhihu.com/people/huo-teng
http://www.zhihu.com/people/bai-wen-ming
http://www.zhihu.com/people/calmu
http://www.zhihu.com/people/ou-yang-27
http://www.zhihu.com/people/zhang-ming-21-51
http://www.zhihu.com/people/danco
http://www.zhihu.com/people/cherry-3-66
http://www.zhihu.com/people/chen-zhen-65
http://www.zhihu.com/people/findingnemo
http://www.zhihu.com/people/qian-mian
http://www.zhihu.com/people/stilljk
http://www.zhihu.com/people/THFQ
http://www.zhihu.com/people/anyi90
http://www.zhihu.com/people/jamalyn
http://www.zhihu.com/people/lee-bwin
http://www.zhihu.com/people/hu-xing-zhi
http://www.zhihu.com/people/red-fighter
http://www.zhihu.com/people/chenran
http://www.zhihu.com/people/hao-ao-fu
http://www.zhihu.com/people/jiu-bao
http://www.zhihu.com/people/tintuo
http://www.zhihu.com/people/jian-zhu-61
http://www.zhihu.com/people/Challenger800
http://www.zhihu.com/people/wang-jian-88-94
http://www.zhihu.com/people/jack-35-66
http://www.zhihu.com/people/liu-jun-zhou-44
http://www.zhihu.com/people/NormanTsan
http://www.zhihu.com/people/David_Ren
http://www.zhihu.com/people/hu-lai-71
http://www.zhihu.com/people/R00T
http://www.zhihu.com/people/guan-chuan-hao
http://www.zhihu.com/people/eric-5
http://www.zhihu.com/people/timger
http://www.zhihu.com/people/liu-bin-15-3
http://www.zhihu.com/people/wang-jia-yue
http://www.zhihu.com/people/da-jia-di-fu
http://www.zhihu.com/people/cherrybomb
http://www.zhihu.com/people/memento-mori
http://www.zhihu.com/people/zhuang-biao-wei
http://www.zhihu.com/people/wu-ying-48
http://www.zhihu.com/people/557486
http://www.zhihu.com/people/xiao-li-zi-69
http://www.zhihu.com/people/tian-peng-23-46
http://www.zhihu.com/people/fang-m
http://www.zhihu.com/people/mrfant
http://www.zhihu.com/people/shui-cheng-ming
http://www.zhihu.com/people/frances-14
http://www.zhihu.com/people/jiao-tu-dou
http://www.zhihu.com/people/namiheike
http://www.zhihu.com/people/vidaai-chi-pao-fu
http://www.zhihu.com/people/wshiadai
http://www.zhihu.com/people/yang-xiao-14
http://www.zhihu.com/people/ruan-zhong-er
http://www.zhihu.com/people/yi-da-sen
http://www.zhihu.com/people/nickys
http://www.zhihu.com/people/unogzx
http://www.zhihu.com/people/Misaki
http://www.zhihu.com/people/liu-hong-cai
http://www.zhihu.com/people/shu-zi-36
http://www.zhihu.com/people/jingya
http://www.zhihu.com/people/wang-yuan-net
http://www.zhihu.com/people/rincolor
http://www.zhihu.com/people/tao-yuan-59
http://www.zhihu.com/people/si-ma-luo-xing
http://www.zhihu.com/people/onetwo
http://www.zhihu.com/people/zhong-hui-99
http://www.zhihu.com/people/vseca
http://www.zhihu.com/people/daguo
http://www.zhihu.com/people/li-qiang-24-97
http://www.zhihu.com/people/vingia
http://www.zhihu.com/people/lei-dan-dan
http://www.zhihu.com/people/cao-meng-di
http://www.zhihu.com/people/xiao-jian-ren-71
http://www.zhihu.com/people/zhan-ci
http://www.zhihu.com/people/jiang-xiao-yu-32-39
http://www.zhihu.com/people/eatpoc
http://www.zhihu.com/people/liltree
http://www.zhihu.com/people/choy
http://www.zhihu.com/people/chen-yu-feng-18
http://www.zhihu.com/people/wa-tiao
http://www.zhihu.com/people/lydia-7
http://www.zhihu.com/people/pan-chen-xi
http://www.zhihu.com/people/wei-qing-min
http://www.zhihu.com/people/xing-meng-xue
http://www.zhihu.com/people/william-27-65
http://www.zhihu.com/people/oogoo
http://www.zhihu.com/people/zhou-yu-zhang-72
http://www.zhihu.com/people/littlecup
http://www.zhihu.com/people/qi-bo-kai
http://www.zhihu.com/people/elichang
http://www.zhihu.com/people/weng-xiao-cong
http://www.zhihu.com/people/callmeyan
http://www.zhihu.com/people/tao-xiao-bai
http://www.zhihu.com/people/xun-xun-17
http://www.zhihu.com/people/huang-hao-zhe
http://www.zhihu.com/people/tang-chao-84
http://www.zhihu.com/people/liu-yan-feng-6
http://www.zhihu.com/people/tianyug
http://www.zhihu.com/people/dianxiaoxian
http://www.zhihu.com/people/rina-lee-90
http://www.zhihu.com/people/lu-hai-18
http://www.zhihu.com/people/da-bo-luo-20
http://www.zhihu.com/people/paanree
http://www.zhihu.com/people/sheng-yu-82
http://www.zhihu.com/people/cha-men-hu-de-xiao-bei-xin
http://www.zhihu.com/people/jiu-ling-43
http://www.zhihu.com/people/fisheep
http://www.zhihu.com/people/di-xiao-bin
http://www.zhihu.com/people/Smartnale
http://www.zhihu.com/people/dxqtm
http://www.zhihu.com/people/zhu-jiang-tao
http://www.zhihu.com/people/lijunliang
http://www.zhihu.com/people/tessa
http://www.zhihu.com/people/huiyuanpi
http://www.zhihu.com/people/lawrencelry
http://www.zhihu.com/people/liqineva
http://www.zhihu.com/people/wei-tong-yun-60
