http://www.zhihu.com/people/hu-nicholas
http://www.zhihu.com/people/anna-5-88
http://www.zhihu.com/people/wan-pu
http://www.zhihu.com/people/echo-40-22
http://www.zhihu.com/people/ceng-yi-sen
http://www.zhihu.com/people/shao-hao-ming
http://www.zhihu.com/people/zhang-zhi-feng-45
http://www.zhihu.com/people/saigke
http://www.zhihu.com/people/pang-luan-luan
http://www.zhihu.com/people/lewei
http://www.zhihu.com/people/conyran
http://www.zhihu.com/people/zhouzihao
http://www.zhihu.com/people/dolphin8534
http://www.zhihu.com/people/jamesky907
http://www.zhihu.com/people/liu-chuan-feng-1
http://www.zhihu.com/people/zhao-si-jia
http://www.zhihu.com/people/xia-qing1919
http://www.zhihu.com/people/bai-bai-he-18
http://www.zhihu.com/people/sen-feng
http://www.zhihu.com/people/yang-guang-11-55
http://www.zhihu.com/people/yang-qing-78
http://www.zhihu.com/people/vicky-li-17
http://www.zhihu.com/people/wujinzhi
http://www.zhihu.com/people/marshall-34
http://www.zhihu.com/people/liu-ren-yu-19
http://www.zhihu.com/people/song-song-76
http://www.zhihu.com/people/xiao-yu-long
http://www.zhihu.com/people/yuenshan-cheung
http://www.zhihu.com/people/zhou-hao-yu-59
http://www.zhihu.com/people/U-N-O
http://www.zhihu.com/people/jj-dong
http://www.zhihu.com/people/zhang-mei-hua
http://www.zhihu.com/people/wu-yu-50-63
http://www.zhihu.com/people/wherekevin
http://www.zhihu.com/people/stepahnie-zhou
http://www.zhihu.com/people/fang-wen-32
http://www.zhihu.com/people/carlzai
http://www.zhihu.com/people/gao-er-ji
http://www.zhihu.com/people/zhangzx09
http://www.zhihu.com/people/xia-tian-29-79
http://www.zhihu.com/people/will_rain
http://www.zhihu.com/people/lookgod
http://www.zhihu.com/people/tan-ri-tian
http://www.zhihu.com/people/hint
http://www.zhihu.com/people/huang-zi-chang-86
http://www.zhihu.com/people/yu-xi-49-74
http://www.zhihu.com/people/wang-ling-xiao-97
http://www.zhihu.com/people/lu-gui-chen-26
http://www.zhihu.com/people/yang-yang-69-37
http://www.zhihu.com/people/zhang-tian-cheng-55
http://www.zhihu.com/people/ai-li-si-46
http://www.zhihu.com/people/jianchijianchi
http://www.zhihu.com/people/Maximilian2009
http://www.zhihu.com/people/chou-zhi-lin
http://www.zhihu.com/people/langzhasq
http://www.zhihu.com/people/ma-chao-43-10
http://www.zhihu.com/people/guren
http://www.zhihu.com/people/wang-shui-89
http://www.zhihu.com/people/Felicity
http://www.zhihu.com/people/lee-ree
http://www.zhihu.com/people/haydan-tse
http://www.zhihu.com/people/bairimenglan
http://www.zhihu.com/people/xiao-chu
http://www.zhihu.com/people/storm-spirit
http://www.zhihu.com/people/hu-zi-30
http://www.zhihu.com/people/cai-xiao-gao
http://www.zhihu.com/people/sleepingknight
http://www.zhihu.com/people/huluwahappy
http://www.zhihu.com/people/chan-31
http://www.zhihu.com/people/jordan-yu-40
http://www.zhihu.com/people/woichengc
http://www.zhihu.com/people/wu-qing-gui-28
http://www.zhihu.com/people/yan-le-peng
http://www.zhihu.com/people/liu-yan-yan-29
http://www.zhihu.com/people/zhang-bei-hai-52
http://www.zhihu.com/people/zhao-ming-he
http://www.zhihu.com/people/wang-li-5-20
http://www.zhihu.com/people/zhan-zan-shi
http://www.zhihu.com/people/PanChuan
http://www.zhihu.com/people/pan-richard
http://www.zhihu.com/people/feng-wen-can
http://www.zhihu.com/people/Yang-Kwong
http://www.zhihu.com/people/zi-mo-qi
http://www.zhihu.com/people/xuhuafeng
http://www.zhihu.com/people/shangxinyu
http://www.zhihu.com/people/cheng-zi-11
http://www.zhihu.com/people/shi-qiang-74
http://www.zhihu.com/people/suo-xiao-die
http://www.zhihu.com/people/zhu-yixin-42
http://www.zhihu.com/people/penson
http://www.zhihu.com/people/xia-qi-la
http://www.zhihu.com/people/chi-lin
http://www.zhihu.com/people/er-gou-80
http://www.zhihu.com/people/rose-61
http://www.zhihu.com/people/cheneyshi
http://www.zhihu.com/people/xiaoyujiang
http://www.zhihu.com/people/fireracer
http://www.zhihu.com/people/liu-yan-feng-6
http://www.zhihu.com/people/leeys
http://www.zhihu.com/people/firecat
http://www.zhihu.com/people/lylcrespo
http://www.zhihu.com/people/geng-shao
http://www.zhihu.com/people/zhou-dao-fei
http://www.zhihu.com/people/he-shuai-92
http://www.zhihu.com/people/you-shui-han
http://www.zhihu.com/people/zhao-jin-yuan
http://www.zhihu.com/people/wang-yao-jian
http://www.zhihu.com/people/derivev
http://www.zhihu.com/people/iyucci
http://www.zhihu.com/people/ryanhuang
http://www.zhihu.com/people/bai-shu-qi-ya
http://www.zhihu.com/people/hu-ha-ha-78
http://www.zhihu.com/people/wei-cheng-xing-h
http://www.zhihu.com/people/zhuang-chu-qin-zhang-yu
http://www.zhihu.com/people/weijiang
http://www.zhihu.com/people/li-wen-2
http://www.zhihu.com/people/wei-qiang-35
http://www.zhihu.com/people/jiao-xiao-fan
http://www.zhihu.com/people/jin-yi-88
http://www.zhihu.com/people/zuo-yu-78
http://www.zhihu.com/people/yang-yang-35-30
http://www.zhihu.com/people/wyatt-59
http://www.zhihu.com/people/songjiayue
http://www.zhihu.com/people/chen-chang-dong-77
http://www.zhihu.com/people/furuo-mo
http://www.zhihu.com/people/yao-yao-32-7
http://www.zhihu.com/people/techoxygen
http://www.zhihu.com/people/yang-shuang-1
http://www.zhihu.com/people/bo-wen-49
http://www.zhihu.com/people/james-liang
http://www.zhihu.com/people/zhang-lei-83-53
http://www.zhihu.com/people/zhangkai_ch
http://www.zhihu.com/people/vivien-kaku
http://www.zhihu.com/people/xu-xiao-tian-55
http://www.zhihu.com/people/jing-cai-33
http://www.zhihu.com/people/yu-hua-70
http://www.zhihu.com/people/summerinsummer
http://www.zhihu.com/people/dannichen
http://www.zhihu.com/people/yang-di-sheng
http://www.zhihu.com/people/Royec
http://www.zhihu.com/people/guo-zhi-yuan-8
http://www.zhihu.com/people/Ricahrd.Light
http://www.zhihu.com/people/limonzhou
http://www.zhihu.com/people/jenningsatlarge
http://www.zhihu.com/people/zhu-wei-cheng-33
http://www.zhihu.com/people/wang-qi-qi-86
http://www.zhihu.com/people/li-kang-kang-72
http://www.zhihu.com/people/de-mu
http://www.zhihu.com/people/zhang-le-yin-laurene
http://www.zhihu.com/people/lai-xiao-an
http://www.zhihu.com/people/shen-ma-wei-bo-ri-ji
http://www.zhihu.com/people/resistencejack
http://www.zhihu.com/people/katie.wang
http://www.zhihu.com/people/hengzhi
http://www.zhihu.com/people/fansang
http://www.zhihu.com/people/xie_yang
http://www.zhihu.com/people/fajia
http://www.zhihu.com/people/zi-fei-23
http://www.zhihu.com/people/jade-22
http://www.zhihu.com/people/ren-jing-71
http://www.zhihu.com/people/c166
http://www.zhihu.com/people/wang-bo-jie
http://www.zhihu.com/people/baiyanhuang
http://www.zhihu.com/people/xu-jing-21
http://www.zhihu.com/people/mayghost
http://www.zhihu.com/people/jerry-lu-6
http://www.zhihu.com/people/sodawon
http://www.zhihu.com/people/lebron-58
http://www.zhihu.com/people/pan-lang-lang
http://www.zhihu.com/people/yuan-ming-17
http://www.zhihu.com/people/bai-meng-bo
http://www.zhihu.com/people/neuf
http://www.zhihu.com/people/hao-ao-fu
http://www.zhihu.com/people/ellen-wong
http://www.zhihu.com/people/muyili
http://www.zhihu.com/people/sun-jing-74
http://www.zhihu.com/people/cai-zhu-xin
http://www.zhihu.com/people/wu-wen-kui
http://www.zhihu.com/people/Robot-Yu
http://www.zhihu.com/people/gu-zhong-heng
http://www.zhihu.com/people/ruooumeng
http://www.zhihu.com/people/liu-kai-luo-cairo
http://www.zhihu.com/people/zhang-zhen-jing
http://www.zhihu.com/people/LisLove
http://www.zhihu.com/people/eric-5
http://www.zhihu.com/people/peng-jian-qiao
http://www.zhihu.com/people/jia-bin-38
http://www.zhihu.com/people/duan-xiang-yu
http://www.zhihu.com/people/lin-wang-wei
http://www.zhihu.com/people/wei-te-23
http://www.zhihu.com/people/chang-kai-xin-85
http://www.zhihu.com/people/kang-kai-10
http://www.zhihu.com/people/xin-yan-arturus
http://www.zhihu.com/people/diane
http://www.zhihu.com/people/stark-46
http://www.zhihu.com/people/suomali
http://www.zhihu.com/people/bihumanbu
http://www.zhihu.com/people/liu-wen-jie
http://www.zhihu.com/people/kexin-zhou
http://www.zhihu.com/people/zhu-xu-dong-82
http://www.zhihu.com/people/susuk
http://www.zhihu.com/people/wu-hao-ze-11
http://www.zhihu.com/people/lzl-10
http://www.zhihu.com/people/tan-hao-92
http://www.zhihu.com/people/lipengbin
http://www.zhihu.com/people/stupident
http://www.zhihu.com/people/smokefire
http://www.zhihu.com/people/liao-chang-kong
http://www.zhihu.com/people/meiyouzhuya
http://www.zhihu.com/people/liu-guan-de
http://www.zhihu.com/people/lin-zheng-32
http://www.zhihu.com/people/di-xiao-bin
http://www.zhihu.com/people/lu-hai-dong
http://www.zhihu.com/people/fuyuanp
http://www.zhihu.com/people/dong-mo-70
http://www.zhihu.com/people/tsau.liu
http://www.zhihu.com/people/wang-xiao-xiao-71
http://www.zhihu.com/people/zhang-xiao-mo-41
http://www.zhihu.com/people/janec
http://www.zhihu.com/people/wanhoo
http://www.zhihu.com/people/ai-bao-er-21
http://www.zhihu.com/people/cai-shao-jun-6
http://www.zhihu.com/people/eziopan22
http://www.zhihu.com/people/yehuai
http://www.zhihu.com/people/feng-chu-zhu
http://www.zhihu.com/people/yaya-34
http://www.zhihu.com/people/newcomer
http://www.zhihu.com/people/dqgetstuck
http://www.zhihu.com/people/yang-qian-27
http://www.zhihu.com/people/artsy
http://www.zhihu.com/people/yu-er-13
http://www.zhihu.com/people/feng-ding-xing
http://www.zhihu.com/people/cao-man-di
http://www.zhihu.com/people/kakarottoc
http://www.zhihu.com/people/wang-long-pu
http://www.zhihu.com/people/chen-qing-kai-11
http://www.zhihu.com/people/yang-jun-he
http://www.zhihu.com/people/Zhendong
http://www.zhihu.com/people/wang-fan-si
http://www.zhihu.com/people/lgravity
http://www.zhihu.com/people/fanhu
http://www.zhihu.com/people/zhenghuiwen
http://www.zhihu.com/people/cao-lin-nuo
http://www.zhihu.com/people/chen-xiang-72
http://www.zhihu.com/people/cyanday
http://www.zhihu.com/people/jiang-xue-qian
http://www.zhihu.com/people/zhou-xiao-ming-93
http://www.zhihu.com/people/ilook
http://www.zhihu.com/people/susiechan
http://www.zhihu.com/people/tang-rong-ze
http://www.zhihu.com/people/ai-jing-er
http://www.zhihu.com/people/ryan-42-5
http://www.zhihu.com/people/allenzhangkai
http://www.zhihu.com/people/jia-xiao-tai
http://www.zhihu.com/people/Taylorchina2000
http://www.zhihu.com/people/han-song-50
http://www.zhihu.com/people/huang-yu-hao-83
http://www.zhihu.com/people/qu-yiming
http://www.zhihu.com/people/zheng-zao-li
http://www.zhihu.com/people/karenkaren
http://www.zhihu.com/people/longway
http://www.zhihu.com/people/chen-yi-huan
http://www.zhihu.com/people/cheng-jun-900
http://www.zhihu.com/people/leelooluu
http://www.zhihu.com/people/chen-shao-qing-34
http://www.zhihu.com/people/hui-zhu-zi
http://www.zhihu.com/people/aeonwang
http://www.zhihu.com/people/yandeng
http://www.zhihu.com/people/mao-dou-70-72
http://www.zhihu.com/people/tatad
http://www.zhihu.com/people/tcstar
http://www.zhihu.com/people/zisha360
http://www.zhihu.com/people/hsiuling
http://www.zhihu.com/people/chen-chen-48-57
http://www.zhihu.com/people/A3R2012
http://www.zhihu.com/people/qincunchao
http://www.zhihu.com/people/charles.zhang
http://www.zhihu.com/people/chen-hua-liang
http://www.zhihu.com/people/jiang-zhen-peng
http://www.zhihu.com/people/xiao-bai-yang-16
http://www.zhihu.com/people/kong-yan-li
http://www.zhihu.com/people/dant
http://www.zhihu.com/people/wei-zu-tuo
http://www.zhihu.com/people/wang-ya-hui-_april_
http://www.zhihu.com/people/zhou-jie-47
http://www.zhihu.com/people/GilgameshK
http://www.zhihu.com/people/zhou-jia-peng-6
http://www.zhihu.com/people/jonaslu
http://www.zhihu.com/people/baijason
http://www.zhihu.com/people/xnzhang
http://www.zhihu.com/people/jocelyn-57
http://www.zhihu.com/people/li-zi-zhou
http://www.zhihu.com/people/wendy-wang-4
http://www.zhihu.com/people/moo-87
http://www.zhihu.com/people/tutu-71
http://www.zhihu.com/people/he-zhi-hong-31
http://www.zhihu.com/people/ahxxm
http://www.zhihu.com/people/meng-gai-xing
http://www.zhihu.com/people/tian-xue-hao
http://www.zhihu.com/people/liang-yu-fan
http://www.zhihu.com/people/nowhere-momo
http://www.zhihu.com/people/vivixb
http://www.zhihu.com/people/ma-liang-38-11
http://www.zhihu.com/people/zblc
http://www.zhihu.com/people/thefjc
http://www.zhihu.com/people/shi-qing-53
http://www.zhihu.com/people/tth901022
http://www.zhihu.com/people/654321
http://www.zhihu.com/people/cheng-fang-hang
http://www.zhihu.com/people/lihongchao
http://www.zhihu.com/people/ceng-di-53
http://www.zhihu.com/people/george-lau
http://www.zhihu.com/people/zhu-wen
http://www.zhihu.com/people/long-gong
http://www.zhihu.com/people/monk-22
http://www.zhihu.com/people/bo-zi-96
http://www.zhihu.com/people/wen-qiang-77
http://www.zhihu.com/people/Nora_Chan
http://www.zhihu.com/people/liu-hong-cai
http://www.zhihu.com/people/sun-peng-chong
http://www.zhihu.com/people/kimfly
http://www.zhihu.com/people/mu-tian-80
http://www.zhihu.com/people/sun-he-li
http://www.zhihu.com/people/pan-jia-ni
http://www.zhihu.com/people/xiao-yi-99
http://www.zhihu.com/people/li-jun-eileen
http://www.zhihu.com/people/moimoi
http://www.zhihu.com/people/notvip
http://www.zhihu.com/people/rotcod
http://www.zhihu.com/people/lu-yao-38-28
http://www.zhihu.com/people/chentianle
http://www.zhihu.com/people/wang-xuan-29-25
http://www.zhihu.com/people/zuoxinchi
http://www.zhihu.com/people/sang-ni-zhu
http://www.zhihu.com/people/peterlu
http://www.zhihu.com/people/ary-shinko
http://www.zhihu.com/people/halfer53
http://www.zhihu.com/people/xiehe
http://www.zhihu.com/people/yshone
http://www.zhihu.com/people/linyangjames
http://www.zhihu.com/people/yang-cong-quan-man-tou
http://www.zhihu.com/people/wu-zhi-peng-48
http://www.zhihu.com/people/xu-xu-dan
http://www.zhihu.com/people/li-qi-yi
http://www.zhihu.com/people/damon-88
http://www.zhihu.com/people/mvie
http://www.zhihu.com/people/gao-yang-3-69
http://www.zhihu.com/people/pan-zhi-hao
http://www.zhihu.com/people/disillusione
http://www.zhihu.com/people/cheng-jing-43
http://www.zhihu.com/people/xu-yu-xiang-74
http://www.zhihu.com/people/zuo-han-26
http://www.zhihu.com/people/liu-xin-7
http://www.zhihu.com/people/feng-xi-21
http://www.zhihu.com/people/yu-jie-82
http://www.zhihu.com/people/a-xiang-70
http://www.zhihu.com/people/gong-shi-kai
http://www.zhihu.com/people/sunjiafeng
http://www.zhihu.com/people/ramon-chang
http://www.zhihu.com/people/henryxyy
http://www.zhihu.com/people/lu-xie-61
http://www.zhihu.com/people/zhoulin
http://www.zhihu.com/people/zhang-wan-tao-24
http://www.zhihu.com/people/chen-xin-hong-85
http://www.zhihu.com/people/tiny-ming
http://www.zhihu.com/people/chouthen
http://www.zhihu.com/people/feng-si-zheng
http://www.zhihu.com/people/jiang-wen-xia
http://www.zhihu.com/people/lin-zhe-96
http://www.zhihu.com/people/qiao-hui
http://www.zhihu.com/people/jabi
http://www.zhihu.com/people/jeremylei
http://www.zhihu.com/people/chengzi_2013
http://www.zhihu.com/people/tang-mi-54
http://www.zhihu.com/people/zhao-an
http://www.zhihu.com/people/xie-jia-xin
http://www.zhihu.com/people/Jeffsun
http://www.zhihu.com/people/wang-heng-tong
http://www.zhihu.com/people/xianguangyang
http://www.zhihu.com/people/huang-guo-qing-60
http://www.zhihu.com/people/xiahao
http://www.zhihu.com/people/wang-lei-52
http://www.zhihu.com/people/Victorique
http://www.zhihu.com/people/han-yi-yao
http://www.zhihu.com/people/phoebusxu
http://www.zhihu.com/people/zhang-zheng-66
http://www.zhihu.com/people/weng-huo
http://www.zhihu.com/people/steven-shi-28
http://www.zhihu.com/people/r-q-r
http://www.zhihu.com/people/zhu-zi-13-51
http://www.zhihu.com/people/homtaul
http://www.zhihu.com/people/huo-xing-jing
http://www.zhihu.com/people/xu-li-cheng
http://www.zhihu.com/people/ma-hao-kun
http://www.zhihu.com/people/hans-99
http://www.zhihu.com/people/wang-jun-18
http://www.zhihu.com/people/zhushiyu
http://www.zhihu.com/people/jiu-mu-67
http://www.zhihu.com/people/lin-fan-63-96
http://www.zhihu.com/people/rongzhe
http://www.zhihu.com/people/tan-yong-xue
http://www.zhihu.com/people/zhao-hong-yu-50
http://www.zhihu.com/people/xiaowenwen
http://www.zhihu.com/people/StudentofRiemann
http://www.zhihu.com/people/bai-zhe
http://www.zhihu.com/people/yu-xiang-58
http://www.zhihu.com/people/wang-li-73-75
http://www.zhihu.com/people/peibin
http://www.zhihu.com/people/garhom
http://www.zhihu.com/people/yyiiyy
http://www.zhihu.com/people/liu-xing-yu-53
http://www.zhihu.com/people/yeyi
http://www.zhihu.com/people/nie-yu-23
http://www.zhihu.com/people/skywen
http://www.zhihu.com/people/zhang-qian-yue
http://www.zhihu.com/people/sun-qing-shuo
http://www.zhihu.com/people/wang8118
http://www.zhihu.com/people/suoyuxiaoxiao
http://www.zhihu.com/people/zhou-rui-jin
http://www.zhihu.com/people/jiu-hao-xian-yu
http://www.zhihu.com/people/hou-wen-pei
http://www.zhihu.com/people/liyuqiang
http://www.zhihu.com/people/jia-si-ding
http://www.zhihu.com/people/wu-wei-96-47
http://www.zhihu.com/people/zhihuclub
http://www.zhihu.com/people/dqange
http://www.zhihu.com/people/donkeeeeey
http://www.zhihu.com/people/afra1026
http://www.zhihu.com/people/julysuna
http://www.zhihu.com/people/hu-rong-ting
http://www.zhihu.com/people/nian-83
http://www.zhihu.com/people/wtzyhl
http://www.zhihu.com/people/xi-zao-18
http://www.zhihu.com/people/wei-li-si
http://www.zhihu.com/people/sai-lan-de
http://www.zhihu.com/people/dyno
http://www.zhihu.com/people/ceng-sai-86
http://www.zhihu.com/people/suckitup
http://www.zhihu.com/people/su-nan
http://www.zhihu.com/people/yuanzheng
http://www.zhihu.com/people/zhang-xiang-52-47
http://www.zhihu.com/people/chen-lei-30-97
http://www.zhihu.com/people/BrotherDragon
http://www.zhihu.com/people/wei-ran-leo
http://www.zhihu.com/people/yan-dong-3-12
http://www.zhihu.com/people/gu-han-zhen
http://www.zhihu.com/people/zhangjishan
http://www.zhihu.com/people/Gabriella11
http://www.zhihu.com/people/wang-li-nuo-77-51
http://www.zhihu.com/people/dan-feng-29
http://www.zhihu.com/people/chen-yuan-hang
http://www.zhihu.com/people/hmzhou
http://www.zhihu.com/people/gundam215
http://www.zhihu.com/people/tonys
http://www.zhihu.com/people/zaiyiqi
http://www.zhihu.com/people/wangchao821
http://www.zhihu.com/people/wuweiyang
http://www.zhihu.com/people/yang-chen-96
http://www.zhihu.com/people/jason-63
http://www.zhihu.com/people/wei-li-94
http://www.zhihu.com/people/rexchen
http://www.zhihu.com/people/wang-zheng-32-71
http://www.zhihu.com/people/tong-wen-jing
http://www.zhihu.com/people/angel0610
http://www.zhihu.com/people/liu-kai-peng
http://www.zhihu.com/people/li-chen-zhou-68
http://www.zhihu.com/people/chen-xiao-xi-71
http://www.zhihu.com/people/melancholica
http://www.zhihu.com/people/ke-li-47
http://www.zhihu.com/people/sissilver
http://www.zhihu.com/people/xue-dong-yuan
http://www.zhihu.com/people/he-pei
http://www.zhihu.com/people/kevind
http://www.zhihu.com/people/liuyang-37
http://www.zhihu.com/people/taky
http://www.zhihu.com/people/bai-ban
http://www.zhihu.com/people/ou-fei-ao
http://www.zhihu.com/people/lei-ze-89
http://www.zhihu.com/people/z-wang
http://www.zhihu.com/people/cai-xue-dan
http://www.zhihu.com/people/oyster-bingqian
http://www.zhihu.com/people/yidaidiaosi
http://www.zhihu.com/people/wu-hao-43
http://www.zhihu.com/people/chenran
http://www.zhihu.com/people/lotcup
http://www.zhihu.com/people/buzhidaozhang
http://www.zhihu.com/people/aaronchao
http://www.zhihu.com/people/kurt-liu
http://www.zhihu.com/people/violor
http://www.zhihu.com/people/wang-jie-66-34
http://www.zhihu.com/people/jack_xu
http://www.zhihu.com/people/qiu-fu-nan
http://www.zhihu.com/people/ban-xiao-zhuan
http://www.zhihu.com/people/ying-jiang-hong
http://www.zhihu.com/people/wu-nan-80
http://www.zhihu.com/people/brucefeng
http://www.zhihu.com/people/wang-yan-yuan
http://www.zhihu.com/people/abourne
http://www.zhihu.com/people/trace-lin
http://www.zhihu.com/people/fang-zi-hao
http://www.zhihu.com/people/imwoody
http://www.zhihu.com/people/vokcmid
http://www.zhihu.com/people/yinyiheng
http://www.zhihu.com/people/jia-ke-wei
http://www.zhihu.com/people/tutuyang
http://www.zhihu.com/people/jiang-bing-gang
http://www.zhihu.com/people/davidydw
http://www.zhihu.com/people/endlessturelove
http://www.zhihu.com/people/JoyceYuuu
http://www.zhihu.com/people/yeva
http://www.zhihu.com/people/song-si-yuan
http://www.zhihu.com/people/yuanyue
http://www.zhihu.com/people/jerryzy
http://www.zhihu.com/people/he-li-zhou
http://www.zhihu.com/people/cheng-zeng-cun
http://www.zhihu.com/people/JamesHsia
http://www.zhihu.com/people/123412
http://www.zhihu.com/people/gao-yang-bo
http://www.zhihu.com/people/williamw
http://www.zhihu.com/people/peterwang-86
http://www.zhihu.com/people/paul-shadow
http://www.zhihu.com/people/li-zhi-70-88
http://www.zhihu.com/people/sgsheg
http://www.zhihu.com/people/davi-d
http://www.zhihu.com/people/elementx
http://www.zhihu.com/people/cody-16
http://www.zhihu.com/people/whitekatana
http://www.zhihu.com/people/puyun
http://www.zhihu.com/people/huangquanhj
http://www.zhihu.com/people/whale
http://www.zhihu.com/people/zhang-xiao-bing-7
http://www.zhihu.com/people/wang-jing-18
http://www.zhihu.com/people/tiezhen
http://www.zhihu.com/people/jonson-fang
http://www.zhihu.com/people/regulus-63
http://www.zhihu.com/people/chang-gong
http://www.zhihu.com/people/wayneshun
http://www.zhihu.com/people/wu-hai-ming-9
http://www.zhihu.com/people/tfan
http://www.zhihu.com/people/gogo530
http://www.zhihu.com/people/liu-fei-21-75
http://www.zhihu.com/people/robbins
http://www.zhihu.com/people/VegasWang
http://www.zhihu.com/people/jin-cheng-tan
http://www.zhihu.com/people/guo-da-lu-13
http://www.zhihu.com/people/liu-zhi-43
http://www.zhihu.com/people/cary.fan
http://www.zhihu.com/people/sky0051
http://www.zhihu.com/people/xiyang
http://www.zhihu.com/people/jarod-zhang
http://www.zhihu.com/people/huang-cheng-wei
http://www.zhihu.com/people/wuzhengxing
http://www.zhihu.com/people/dbmelody99
http://www.zhihu.com/people/jason911
http://www.zhihu.com/people/liaoshangyou
http://www.zhihu.com/people/dongweiming
http://www.zhihu.com/people/zhang-xiao-60-51
http://www.zhihu.com/people/gongting
http://www.zhihu.com/people/emilyz
http://www.zhihu.com/people/feng-ma
http://www.zhihu.com/people/nicolezhu
http://www.zhihu.com/people/wei-tong-ming
http://www.zhihu.com/people/mcbill
http://www.zhihu.com/people/sam-xiang
http://www.zhihu.com/people/leonwang
http://www.zhihu.com/people/licoco
http://www.zhihu.com/people/taozw
http://www.zhihu.com/people/gao-da-li
http://www.zhihu.com/people/hei-se-bo-luo
http://www.zhihu.com/people/lilizong
http://www.zhihu.com/people/wu-da
http://www.zhihu.com/people/zheng-ming-feng
http://www.zhihu.com/people/littlesoda
http://www.zhihu.com/people/csryan
http://www.zhihu.com/people/hei-se-xiao-li-hua
http://www.zhihu.com/people/zi-wei-61
http://www.zhihu.com/people/RichardZhang
http://www.zhihu.com/people/jim-wang
http://www.zhihu.com/people/xuechengxi
http://www.zhihu.com/people/bei-ming-you-yu-95
http://www.zhihu.com/people/wei-sheng-79
http://www.zhihu.com/people/zhao-rui-64
http://www.zhihu.com/people/location
http://www.zhihu.com/people/yin-le
http://www.zhihu.com/people/sophiazheng
http://www.zhihu.com/people/ekzhu
http://www.zhihu.com/people/lang-zi-tian-ya
http://www.zhihu.com/people/wuyisi
http://www.zhihu.com/people/cy-51
http://www.zhihu.com/people/Kimsoohyun
http://www.zhihu.com/people/long-qun-bi-kong
http://www.zhihu.com/people/li-run-56-10
http://www.zhihu.com/people/victo
http://www.zhihu.com/people/liu-hong-cheng
http://www.zhihu.com/people/leiming
http://www.zhihu.com/people/zhu-jun-qiang
http://www.zhihu.com/people/li-shu-heng
http://www.zhihu.com/people/li-xiao-ming-71
http://www.zhihu.com/people/hydeyuan
http://www.zhihu.com/people/li-xue-yu-30
http://www.zhihu.com/people/tohato
http://www.zhihu.com/people/Marshallpku
http://www.zhihu.com/people/rio
http://www.zhihu.com/people/alexinverse
http://www.zhihu.com/people/chengyuan
http://www.zhihu.com/people/cklover
http://www.zhihu.com/people/laomian
http://www.zhihu.com/people/luckystar
http://www.zhihu.com/people/zhou-zheng-kun
http://www.zhihu.com/people/huang-xin-99
http://www.zhihu.com/people/salleeshi
http://www.zhihu.com/people/memotown
http://www.zhihu.com/people/merrycat
http://www.zhihu.com/people/wangqi-41
http://www.zhihu.com/people/gu-chong-lun
http://www.zhihu.com/people/raymond-wang
http://www.zhihu.com/people/dong-ming-xuan
http://www.zhihu.com/people/LPraYer
http://www.zhihu.com/people/stanleysong
