http://www.zhihu.com/people/air00dd
http://www.zhihu.com/people/jishangjie
http://www.zhihu.com/people/onlyice
http://www.zhihu.com/people/camellia-5
http://www.zhihu.com/people/pang-nian-wei
http://www.zhihu.com/people/yan-ling-59
http://www.zhihu.com/people/chenna
http://www.zhihu.com/people/jaeger
http://www.zhihu.com/people/gong-zheng-xuan
http://www.zhihu.com/people/feng-cai-chi-gu
http://www.zhihu.com/people/zhang-zi-yu-53
http://www.zhihu.com/people/yun-yun-26
http://www.zhihu.com/people/s1026
http://www.zhihu.com/people/hu-xiao-4-81
http://www.zhihu.com/people/liu-xiao-miao-m
http://www.zhihu.com/people/summer-45-65
http://www.zhihu.com/people/zhang-yang-23-96
http://www.zhihu.com/people/wen-yue-45
http://www.zhihu.com/people/ke-yu-91
http://www.zhihu.com/people/zhang-yi-fan-48
http://www.zhihu.com/people/wangxuejiao
http://www.zhihu.com/people/SYIU8
http://www.zhihu.com/people/xing-kong-76
http://www.zhihu.com/people/dorawang-71
http://www.zhihu.com/people/knight-46
http://www.zhihu.com/people/cao-yi-an
http://www.zhihu.com/people/wang-tao-74-74
http://www.zhihu.com/people/wu-you-dong
http://www.zhihu.com/people/miao-zhen
http://www.zhihu.com/people/xiao-hui-jiu-jiao-isa
http://www.zhihu.com/people/niubishanshan
http://www.zhihu.com/people/kofee
http://www.zhihu.com/people/fang-jia-ming-99
http://www.zhihu.com/people/li-ao-wen
http://www.zhihu.com/people/yi-he-61
http://www.zhihu.com/people/qiubaipet
http://www.zhihu.com/people/lin-lin-89-79-4
http://www.zhihu.com/people/lu-jia-liang-37
http://www.zhihu.com/people/lunmico
http://www.zhihu.com/people/818930
http://www.zhihu.com/people/swxstarry
http://www.zhihu.com/people/qian-mao-mao-84
http://www.zhihu.com/people/yan-xin-qi
http://www.zhihu.com/people/kingwinbin
http://www.zhihu.com/people/bai-lang-67
http://www.zhihu.com/people/xiang-jun-31
http://www.zhihu.com/people/wym572
http://www.zhihu.com/people/cai-zi-cheng-42
http://www.zhihu.com/people/xie-pei-li
http://www.zhihu.com/people/costa-chang
http://www.zhihu.com/people/fu-cun-zhi
http://www.zhihu.com/people/jerry-cen
http://www.zhihu.com/people/owenne
http://www.zhihu.com/people/helongke
http://www.zhihu.com/people/weixin
http://www.zhihu.com/people/bao-li-di-tie
http://www.zhihu.com/people/fffff
http://www.zhihu.com/people/yang-yang-43-80
http://www.zhihu.com/people/wu-ci-qiong
http://www.zhihu.com/people/a-yu-mi
http://www.zhihu.com/people/geng-jun-20
http://www.zhihu.com/people/Tevlev
http://www.zhihu.com/people/xiao-shan-78-50
http://www.zhihu.com/people/huang-xiao-mi-88
http://www.zhihu.com/people/zhao-su-han-11
http://www.zhihu.com/people/kool-kiki
http://www.zhihu.com/people/gao-gao-72
http://www.zhihu.com/people/lu-xiao-cang
http://www.zhihu.com/people/vahva
http://www.zhihu.com/people/man-shu-95
http://www.zhihu.com/people/nan-zhou
http://www.zhihu.com/people/chen-liang-19
http://www.zhihu.com/people/wang-jing-27-65
http://www.zhihu.com/people/liu-ping-92
http://www.zhihu.com/people/zheng-xin-68
http://www.zhihu.com/people/tingting-shieh
http://www.zhihu.com/people/wang-xiao-xuan-74
http://www.zhihu.com/people/terry-9
http://www.zhihu.com/people/stanley-49
http://www.zhihu.com/people/wentommy
http://www.zhihu.com/people/zhou-xiao-xun-93
http://www.zhihu.com/people/liu-xiao-guai-89
http://www.zhihu.com/people/jun-yi-14
http://www.zhihu.com/people/huang-duo-duo-50
http://www.zhihu.com/people/luoyang
http://www.zhihu.com/people/yuan-jun-86
http://www.zhihu.com/people/huang-li-84-38
http://www.zhihu.com/people/hui-pan-67
http://www.zhihu.com/people/you-chen
http://www.zhihu.com/people/liu-bo-93-08
http://www.zhihu.com/people/wang-zhen-ya-94
http://www.zhihu.com/people/ma-xiao-chuan-21
http://www.zhihu.com/people/wisteria
http://www.zhihu.com/people/kkkkkira
http://www.zhihu.com/people/zhao-shi-nu-wang
http://www.zhihu.com/people/zhao-xiao-jun-70
http://www.zhihu.com/people/Think_Fish
http://www.zhihu.com/people/zhao-de-zhu-17
http://www.zhihu.com/people/yan-sheng-20-44
http://www.zhihu.com/people/lastingmissi
http://www.zhihu.com/people/yang-mi-34
http://www.zhihu.com/people/cheng-fang-hang
http://www.zhihu.com/people/liang-yu-hao-7-10
http://www.zhihu.com/people/mu-mian-91
http://www.zhihu.com/people/qu-zhao-liang
http://www.zhihu.com/people/gaoliaoliao
http://www.zhihu.com/people/chen-mo-44-13
http://www.zhihu.com/people/ye-tian-ya
http://www.zhihu.com/people/tao-fei-fei-3
http://www.zhihu.com/people/lawliet-88
http://www.zhihu.com/people/chen-si-te
http://www.zhihu.com/people/a-deng-3
http://www.zhihu.com/people/wan-yu-dan-10
http://www.zhihu.com/people/cutiecute
http://www.zhihu.com/people/tao-yuan-yuan-38
http://www.zhihu.com/people/jia-shun-26
http://www.zhihu.com/people/miao-66
http://www.zhihu.com/people/sun-da-mi
http://www.zhihu.com/people/yao-mao-3
http://www.zhihu.com/people/alex-huang-9
http://www.zhihu.com/people/sadiee
http://www.zhihu.com/people/liu-da-yang-84
http://www.zhihu.com/people/mo-ran-72
http://www.zhihu.com/people/e-tong
http://www.zhihu.com/people/khowarizmi
http://www.zhihu.com/people/sun-san-81
http://www.zhihu.com/people/yamingshi
http://www.zhihu.com/people/changdi
http://www.zhihu.com/people/ma-yue-76
http://www.zhihu.com/people/zhang-hai-bin-23
http://www.zhihu.com/people/liu-ze-18-75
http://www.zhihu.com/people/ding-ding-84-86
http://www.zhihu.com/people/wang-yu-jue-90
http://www.zhihu.com/people/la-la-ba-xi-lie
http://www.zhihu.com/people/dong-jia-bin
http://www.zhihu.com/people/shenpp
http://www.zhihu.com/people/yang-qian-27
http://www.zhihu.com/people/fan-fan-40-41
http://www.zhihu.com/people/ni-shun-qing
http://www.zhihu.com/people/kuang-kuang-15
http://www.zhihu.com/people/wang-zhen-min
http://www.zhihu.com/people/tcstar
http://www.zhihu.com/people/cao-xing-zhi
http://www.zhihu.com/people/cheung-tim
http://www.zhihu.com/people/chen-lei-69-3
http://www.zhihu.com/people/zhang-ling-kang
http://www.zhihu.com/people/pai-da-xing-6-28
http://www.zhihu.com/people/niu-ji-ye
http://www.zhihu.com/people/yu-hui-feng-24
http://www.zhihu.com/people/jin-xiao-nan
http://www.zhihu.com/people/sunnynini
http://www.zhihu.com/people/qian-mian
http://www.zhihu.com/people/langzhasq
http://www.zhihu.com/people/ming-feng-82
http://www.zhihu.com/people/qian-jing-wei
http://www.zhihu.com/people/liu-ya-kun-1
http://www.zhihu.com/people/liu-lei-2-79
http://www.zhihu.com/people/xie-zhen-1
http://www.zhihu.com/people/guo-hua-qiao
http://www.zhihu.com/people/KinKanDesu
http://www.zhihu.com/people/iamloje
http://www.zhihu.com/people/jin-se-58
http://www.zhihu.com/people/ji-ran-ran-31
http://www.zhihu.com/people/zahetang
http://www.zhihu.com/people/orangel
http://www.zhihu.com/people/pingoflove
http://www.zhihu.com/people/wang-xiao-miao-45
http://www.zhihu.com/people/allison-wei
http://www.zhihu.com/people/hynguyen
http://www.zhihu.com/people/phonism
http://www.zhihu.com/people/qing-jun-33
http://www.zhihu.com/people/khaki-29
http://www.zhihu.com/people/yin-ni-ma
http://www.zhihu.com/people/zhang-wen-xi-24
http://www.zhihu.com/people/peng-yi-dou
http://www.zhihu.com/people/emmaclover
http://www.zhihu.com/people/orzcc
http://www.zhihu.com/people/sakin-poom
http://www.zhihu.com/people/xiepanda
http://www.zhihu.com/people/wei-ran-leo
http://www.zhihu.com/people/pan-shi-yun
http://www.zhihu.com/people/zexiancui
http://www.zhihu.com/people/VerucaChan
http://www.zhihu.com/people/qing-ji-57
http://www.zhihu.com/people/tang-men-52
http://www.zhihu.com/people/mo-xu-you-20
http://www.zhihu.com/people/wang-ban-xian
http://www.zhihu.com/people/jiong-ni-jiang
http://www.zhihu.com/people/li-xiao-ge-1993
http://www.zhihu.com/people/zhao-jin-ling
http://www.zhihu.com/people/xiao-luo-54
http://www.zhihu.com/people/xfd1048576
http://www.zhihu.com/people/qing-qing-23-59
http://www.zhihu.com/people/fang-wen-32
http://www.zhihu.com/people/wolf_wu
http://www.zhihu.com/people/xm-wd-51
http://www.zhihu.com/people/kong-rong-26
http://www.zhihu.com/people/wu-___-fu
http://www.zhihu.com/people/jiang-jia-yin-18
http://www.zhihu.com/people/tan-ri-tian
http://www.zhihu.com/people/yandeng
http://www.zhihu.com/people/will_rain
http://www.zhihu.com/people/wang-lin-tao-92
http://www.zhihu.com/people/morea
http://www.zhihu.com/people/imajin
http://www.zhihu.com/people/qiyongwong
http://www.zhihu.com/people/xiong-yun-feng-47
http://www.zhihu.com/people/zhang-xiao-zei-47
http://www.zhihu.com/people/si-qi-stig
http://www.zhihu.com/people/mu-gu
http://www.zhihu.com/people/deutsch-99
http://www.zhihu.com/people/bobshamrock
http://www.zhihu.com/people/dong-xi-78-92
http://www.zhihu.com/people/elvelyhsu
http://www.zhihu.com/people/yi-yu-54-48
http://www.zhihu.com/people/andy-tian-5
http://www.zhihu.com/people/zhang-bang-yi-97
http://www.zhihu.com/people/cxbw
http://www.zhihu.com/people/wu-xiao-qing-58
http://www.zhihu.com/people/lihua
http://www.zhihu.com/people/zheng-xia-ming
http://www.zhihu.com/people/Maximilian2009
http://www.zhihu.com/people/cheng-jia-peng
http://www.zhihu.com/people/wang-er-10-66
http://www.zhihu.com/people/zhu-fang-bei
http://www.zhihu.com/people/luna-2013
http://www.zhihu.com/people/kennytruth
http://www.zhihu.com/people/gracelu
http://www.zhihu.com/people/bi-peng
http://www.zhihu.com/people/li-lu-92
http://www.zhihu.com/people/ding-yi-28-40
http://www.zhihu.com/people/joe-joe-84
http://www.zhihu.com/people/lai-de-se-34
http://www.zhihu.com/people/ri-ye-qian-chi
http://www.zhihu.com/people/thoreau-84
http://www.zhihu.com/people/wee1
http://www.zhihu.com/people/starchen060
http://www.zhihu.com/people/dan-xi-lei
http://www.zhihu.com/people/wang-meng-37
http://www.zhihu.com/people/li-long-66
http://www.zhihu.com/people/sun-wei-64-43
http://www.zhihu.com/people/li-xiang-85
http://www.zhihu.com/people/bitmirage
http://www.zhihu.com/people/yuan-lin-56-60
http://www.zhihu.com/people/tie-xie-chu
http://www.zhihu.com/people/villa-41
http://www.zhihu.com/people/lordifeng
http://www.zhihu.com/people/Xieyiyao
http://www.zhihu.com/people/max-payne
http://www.zhihu.com/people/wu-hai-25
http://www.zhihu.com/people/miaomiaomiao
http://www.zhihu.com/people/chen-yun-feng-80
http://www.zhihu.com/people/timss-wu
http://www.zhihu.com/people/zhou-xiao-ling-54
http://www.zhihu.com/people/tai-di-xiong-97
http://www.zhihu.com/people/liu-jun-jie-96
http://www.zhihu.com/people/YEESA
http://www.zhihu.com/people/jimmy-zhou
http://www.zhihu.com/people/koki-9
http://www.zhihu.com/people/shu-shu-31-82
http://www.zhihu.com/people/ling-bo
http://www.zhihu.com/people/lobcn
http://www.zhihu.com/people/mi-xian-17
http://www.zhihu.com/people/sean-hsu-2013
http://www.zhihu.com/people/xu-jie-65-87
http://www.zhihu.com/people/li-zi-wei-44
http://www.zhihu.com/people/xu-xiao-dao-11
http://www.zhihu.com/people/wang-can-91
http://www.zhihu.com/people/bei-bei-28-50
http://www.zhihu.com/people/shu-yun-36
http://www.zhihu.com/people/xie-jia-peng-48
http://www.zhihu.com/people/xulaohan
http://www.zhihu.com/people/zhu-li-juan-5
http://www.zhihu.com/people/zhang-bo-67-32
http://www.zhihu.com/people/liu-xiao-ci
http://www.zhihu.com/people/yuan-xiao-mei
http://www.zhihu.com/people/lycheeorange
http://www.zhihu.com/people/li-bo-yu-85
http://www.zhihu.com/people/tsingbo
http://www.zhihu.com/people/feikon
http://www.zhihu.com/people/lin-liu-17
http://www.zhihu.com/people/cold-cold
http://www.zhihu.com/people/pwj1568
http://www.zhihu.com/people/qqw-ssdd
http://www.zhihu.com/people/zhou-yu-mo
http://www.zhihu.com/people/quyifan
http://www.zhihu.com/people/qiu-maggie
http://www.zhihu.com/people/light-18
http://www.zhihu.com/people/enfantchen
http://www.zhihu.com/people/wo-kan-you-si
http://www.zhihu.com/people/wicket-gate
http://www.zhihu.com/people/nie-xiao-xi
http://www.zhihu.com/people/feifan-jin
http://www.zhihu.com/people/nuonuolili
http://www.zhihu.com/people/liang-lu-3
http://www.zhihu.com/people/shan-xiao-jing
http://www.zhihu.com/people/ri-zhao-qing-yuan
http://www.zhihu.com/people/an-an-88-67
http://www.zhihu.com/people/qin-di-3
http://www.zhihu.com/people/zeroyeung
http://www.zhihu.com/people/wang-xiao-guai-69
http://www.zhihu.com/people/xiao-chu
http://www.zhihu.com/people/zhang-han-56
http://www.zhihu.com/people/opinion
http://www.zhihu.com/people/xi-bei-san-vc
http://www.zhihu.com/people/yan-xiao-xi-49
http://www.zhihu.com/people/april-huang
http://www.zhihu.com/people/yong-62
http://www.zhihu.com/people/leo-ashileo
http://www.zhihu.com/people/liu-yang-43-53
http://www.zhihu.com/people/bao-cai-jun
http://www.zhihu.com/people/yufei-han-42
http://www.zhihu.com/people/xiao-ming-31
http://www.zhihu.com/people/jackyue0906
http://www.zhihu.com/people/kang-yi-kai
http://www.zhihu.com/people/feng-shu-tong
http://www.zhihu.com/people/Dabbler
http://www.zhihu.com/people/yue-yi-he
http://www.zhihu.com/people/xsheng-13
http://www.zhihu.com/people/sleepingknight
http://www.zhihu.com/people/gu-dan-bu-ding
http://www.zhihu.com/people/megan-ma
http://www.zhihu.com/people/li-yuan-99-3
http://www.zhihu.com/people/sunbeautiful
http://www.zhihu.com/people/fox-king
http://www.zhihu.com/people/celiacheng
http://www.zhihu.com/people/chen-jun-rong-25
http://www.zhihu.com/people/andyfoolish
http://www.zhihu.com/people/wennyyuan
http://www.zhihu.com/people/yan-meng-ying
http://www.zhihu.com/people/guo-zhang-82
http://www.zhihu.com/people/wei-ci-62
http://www.zhihu.com/people/yan-a-se
http://www.zhihu.com/people/happy10086
http://www.zhihu.com/people/li-si-gu-niang
http://www.zhihu.com/people/veann
http://www.zhihu.com/people/chu-tian-shu-9
http://www.zhihu.com/people/hu-di-57-16
http://www.zhihu.com/people/michelleyan
http://www.zhihu.com/people/hei-qia-pu-li-ao
http://www.zhihu.com/people/guhongguangju
http://www.zhihu.com/people/lobo-73
http://www.zhihu.com/people/chen-yi-zhu-11
http://www.zhihu.com/people/shu-xiao-93
http://www.zhihu.com/people/chen-jing-50-86
http://www.zhihu.com/people/he-yuan-sheng
http://www.zhihu.com/people/taoqun
http://www.zhihu.com/people/master-yan
http://www.zhihu.com/people/li-lei-30-29
http://www.zhihu.com/people/ray-guo-23
http://www.zhihu.com/people/qi-qi-52-78
http://www.zhihu.com/people/hong-xiao-dou
http://www.zhihu.com/people/wbsanfeng
http://www.zhihu.com/people/xiang-dang-dang-47
http://www.zhihu.com/people/sunlau
http://www.zhihu.com/people/dai-wei-99
http://www.zhihu.com/people/lee-jj
http://www.zhihu.com/people/matkiller
http://www.zhihu.com/people/wangchongyang
http://www.zhihu.com/people/cui-wu
http://www.zhihu.com/people/iyucci
http://www.zhihu.com/people/ma-li-fang
http://www.zhihu.com/people/wangtengchuan
http://www.zhihu.com/people/gao-san-shui
http://www.zhihu.com/people/Te_cakam
http://www.zhihu.com/people/wshiadai
http://www.zhihu.com/people/zhang-qun-21
http://www.zhihu.com/people/zhang-wei-59-54
http://www.zhihu.com/people/biu507
http://www.zhihu.com/people/yangluhan1990
http://www.zhihu.com/people/tian-rui-58
http://www.zhihu.com/people/siasbill
http://www.zhihu.com/people/KerwinZhang
http://www.zhihu.com/people/zhangleo
http://www.zhihu.com/people/sui-shao-qi
http://www.zhihu.com/people/zai-jian-ding-er-mu
http://www.zhihu.com/people/mu-zi-nan
http://www.zhihu.com/people/lu-gui-chen-26
http://www.zhihu.com/people/zzllss
http://www.zhihu.com/people/lu-peng-22-66
http://www.zhihu.com/people/cui-xiao-er
http://www.zhihu.com/people/cnwinds
http://www.zhihu.com/people/zheng-zha-22
http://www.zhihu.com/people/yiqiedouhao
http://www.zhihu.com/people/jiang-yuan-bo-81
http://www.zhihu.com/people/peng-xiao-jing
http://www.zhihu.com/people/huang-zuo-ming
http://www.zhihu.com/people/49-52
http://www.zhihu.com/people/StevenTsao
http://www.zhihu.com/people/xingtao-shen
http://www.zhihu.com/people/GionCat
http://www.zhihu.com/people/andylee-29
http://www.zhihu.com/people/newraina
http://www.zhihu.com/people/angelwang
http://www.zhihu.com/people/zhou-wei-9
http://www.zhihu.com/people/snapdragon
http://www.zhihu.com/people/alexzeng
http://www.zhihu.com/people/chen-kong-5
http://www.zhihu.com/people/yao-lan-78
http://www.zhihu.com/people/MrPanda
http://www.zhihu.com/people/xiao-lu-16
http://www.zhihu.com/people/zhu-shi-jie-6
http://www.zhihu.com/people/richardhly
http://www.zhihu.com/people/wu-lai-64
http://www.zhihu.com/people/xiao-ying-liu
http://www.zhihu.com/people/zou-si-lang
http://www.zhihu.com/people/xsclxin
http://www.zhihu.com/people/yin-wen-jun-55
http://www.zhihu.com/people/hanjiangxue
http://www.zhihu.com/people/qianyugang
http://www.zhihu.com/people/reyn-pei
http://www.zhihu.com/people/lovechao712
http://www.zhihu.com/people/zhao-zhao-94-95
http://www.zhihu.com/people/wu-zhen-13
http://www.zhihu.com/people/liu-xin-xin-99
http://www.zhihu.com/people/zhang-wei-10-7
http://www.zhihu.com/people/napoli-76
http://www.zhihu.com/people/kashinging
http://www.zhihu.com/people/xia-qi-la
http://www.zhihu.com/people/fajia
http://www.zhihu.com/people/li-ping-fan-39
http://www.zhihu.com/people/wang-hui-yi-59
http://www.zhihu.com/people/li-run-56-10
http://www.zhihu.com/people/fan-he-40
http://www.zhihu.com/people/luo-na-er-duo-85
http://www.zhihu.com/people/tang-li-24
http://www.zhihu.com/people/genggeng
http://www.zhihu.com/people/yixing-36
http://www.zhihu.com/people/ba-tong-15
http://www.zhihu.com/people/chen-jia-49-69
http://www.zhihu.com/people/xie-chang-ming
http://www.zhihu.com/people/jing-xiao-liang
http://www.zhihu.com/people/peoplegxs
http://www.zhihu.com/people/kevincf
http://www.zhihu.com/people/li-mu-qing-521
http://www.zhihu.com/people/liu-chun-73
http://www.zhihu.com/people/000088
http://www.zhihu.com/people/lumpora
http://www.zhihu.com/people/yi-jun-65
http://www.zhihu.com/people/yin-chen-run
http://www.zhihu.com/people/yeka
http://www.zhihu.com/people/li-dong-yi-51
http://www.zhihu.com/people/blackswan
http://www.zhihu.com/people/jayliu
http://www.zhihu.com/people/wu-shan-53-53
http://www.zhihu.com/people/lin-yin-feng
http://www.zhihu.com/people/zhou-hao-00
http://www.zhihu.com/people/mtoc
http://www.zhihu.com/people/zhang-xiao-mo-41
http://www.zhihu.com/people/yskin
http://www.zhihu.com/people/shi-sheng-15
http://www.zhihu.com/people/jiang-ge
http://www.zhihu.com/people/yuemingist
http://www.zhihu.com/people/ling-xi-27
http://www.zhihu.com/people/bo-wen-49
http://www.zhihu.com/people/teng-dou-dou
http://www.zhihu.com/people/sacowiw
http://www.zhihu.com/people/tinaqi
http://www.zhihu.com/people/face-li
http://www.zhihu.com/people/ma-bo-ping
http://www.zhihu.com/people/tiandaofei
http://www.zhihu.com/people/ling-hu-30
http://www.zhihu.com/people/sellsoda
http://www.zhihu.com/people/gong-jia-kan
http://www.zhihu.com/people/nadaloveluna
http://www.zhihu.com/people/hsiang-kuo
http://www.zhihu.com/people/funnybones
http://www.zhihu.com/people/zhang-jia-jing-20
http://www.zhihu.com/people/echo-55-6
http://www.zhihu.com/people/yarkb
http://www.zhihu.com/people/spsftshuma
http://www.zhihu.com/people/li-gan-83
http://www.zhihu.com/people/yang-er-long
http://www.zhihu.com/people/wyman
http://www.zhihu.com/people/zhao-yang-xin
http://www.zhihu.com/people/kay.x
http://www.zhihu.com/people/dong-lei-25
http://www.zhihu.com/people/sVicente
http://www.zhihu.com/people/bit649
http://www.zhihu.com/people/fengjuanchengfu
http://www.zhihu.com/people/yi-da-1
http://www.zhihu.com/people/yin-yu-chen-26
http://www.zhihu.com/people/stephanie-73
http://www.zhihu.com/people/etterding
http://www.zhihu.com/people/Monodrama
http://www.zhihu.com/people/wang-fu-kang
http://www.zhihu.com/people/zhong-ye-zi-49
http://www.zhihu.com/people/jiang-lu-20
http://www.zhihu.com/people/busfool
http://www.zhihu.com/people/shuang-li-yu
http://www.zhihu.com/people/liu-xiao-zhui
http://www.zhihu.com/people/cheng-chun-xiao
http://www.zhihu.com/people/liu-xiang-yu-62
http://www.zhihu.com/people/QiuNote
http://www.zhihu.com/people/evercr8
http://www.zhihu.com/people/xie-xuan-xuan
http://www.zhihu.com/people/li-hao-ran-2-46
http://www.zhihu.com/people/zhang-tai-xin
http://www.zhihu.com/people/hei-bing
http://www.zhihu.com/people/juice-wong
http://www.zhihu.com/people/jiroas
http://www.zhihu.com/people/zhizhiweizhizhi
http://www.zhihu.com/people/suikaixin
http://www.zhihu.com/people/mengying0960
http://www.zhihu.com/people/shang-bin-53
http://www.zhihu.com/people/tian-shun
http://www.zhihu.com/people/alexpoo
http://www.zhihu.com/people/baimo
http://www.zhihu.com/people/leocc
http://www.zhihu.com/people/fuckzhihu
http://www.zhihu.com/people/miao-li-42
http://www.zhihu.com/people/samyhello
http://www.zhihu.com/people/rui-jiu-jiu
http://www.zhihu.com/people/wang-ran-66-45
http://www.zhihu.com/people/glacierlee
http://www.zhihu.com/people/jenniejiang
http://www.zhihu.com/people/nian-mu
http://www.zhihu.com/people/lu-xiao-qian
http://www.zhihu.com/people/yi-zhong-wei
http://www.zhihu.com/people/zhang-lei-5-94
http://www.zhihu.com/people/lily-leo
http://www.zhihu.com/people/yin-li-feng
http://www.zhihu.com/people/xiao-xi-xia
http://www.zhihu.com/people/eddie-66
http://www.zhihu.com/people/xiao-sa-06-16
http://www.zhihu.com/people/yxd-78
http://www.zhihu.com/people/chopsticks
http://www.zhihu.com/people/liu-ying-ying-81
http://www.zhihu.com/people/tong-ming-hui
http://www.zhihu.com/people/yi-sen-8
http://www.zhihu.com/people/xie-zong-yu
http://www.zhihu.com/people/zhou-ji-39-27
http://www.zhihu.com/people/shu-zhan-38
http://www.zhihu.com/people/jin-yi-nuo
http://www.zhihu.com/people/mei-ru-gu
http://www.zhihu.com/people/ymjrcc
http://www.zhihu.com/people/1988
http://www.zhihu.com/people/cakvfcwz
http://www.zhihu.com/people/zhang-hai-dong-25
http://www.zhihu.com/people/di-xiao-bin
http://www.zhihu.com/people/abeann
http://www.zhihu.com/people/guo-ji-feng
http://www.zhihu.com/people/dropby
http://www.zhihu.com/people/themesimple
http://www.zhihu.com/people/helterskelter
http://www.zhihu.com/people/dalizhaoxiang
http://www.zhihu.com/people/zhao-di-zhen
http://www.zhihu.com/people/huang-ji-sheng
http://www.zhihu.com/people/tonyseek
http://www.zhihu.com/people/cheng-jie-21
http://www.zhihu.com/people/techoxygen
http://www.zhihu.com/people/zhang-yiliu
http://www.zhihu.com/people/tang-nai-hua
http://www.zhihu.com/people/wu-zhi-peng-48
http://www.zhihu.com/people/wang-lu-4-86
http://www.zhihu.com/people/zhang-yue-ming-12
http://www.zhihu.com/people/guo-lu-shi
http://www.zhihu.com/people/memento-mori
http://www.zhihu.com/people/maiziman
http://www.zhihu.com/people/tuo-zi
http://www.zhihu.com/people/gayscript
http://www.zhihu.com/people/bale
http://www.zhihu.com/people/fu-lan-qian
http://www.zhihu.com/people/279734816
http://www.zhihu.com/people/wang-rong-85
http://www.zhihu.com/people/zhao-liang-35-3
http://www.zhihu.com/people/zi-yan-52
http://www.zhihu.com/people/li-si-han-
http://www.zhihu.com/people/zhu-xiao-wu-77
http://www.zhihu.com/people/han-yan-hui
http://www.zhihu.com/people/yan-er-jane
http://www.zhihu.com/people/jason-j
http://www.zhihu.com/people/teekee
http://www.zhihu.com/people/ju-zi-4
http://www.zhihu.com/people/xu-zeng-kai
http://www.zhihu.com/people/li-ke-yong-70
http://www.zhihu.com/people/limonzhou
http://www.zhihu.com/people/mu-yu-72
http://www.zhihu.com/people/yang-yi-lin-63
http://www.zhihu.com/people/wang-jia-wei-45-85
http://www.zhihu.com/people/altrixe
http://www.zhihu.com/people/cnblue.squirrel
http://www.zhihu.com/people/cui-xiao-fan
http://www.zhihu.com/people/super-l
http://www.zhihu.com/people/nitianhou
http://www.zhihu.com/people/shilh
http://www.zhihu.com/people/xu-ke-50
http://www.zhihu.com/people/yimuxia
http://www.zhihu.com/people/gao-yue-76
http://www.zhihu.com/people/omell
http://www.zhihu.com/people/chen-xin-hua-83
http://www.zhihu.com/people/almondmilk
http://www.zhihu.com/people/zou-dao-kou
http://www.zhihu.com/people/qian-gui-shen
http://www.zhihu.com/people/florence-wu
http://www.zhihu.com/people/xia-jie-95
http://www.zhihu.com/people/danielwu89
http://www.zhihu.com/people/zhou-xiao-nong
http://www.zhihu.com/people/wangbohan
http://www.zhihu.com/people/han-peng-qian
http://www.zhihu.com/people/colorLee
http://www.zhihu.com/people/monsterzhang
http://www.zhihu.com/people/zhang-___-chuan
http://www.zhihu.com/people/medges-11
http://www.zhihu.com/people/an-zhi-25
http://www.zhihu.com/people/jeanne-liu
http://www.zhihu.com/people/yumeka
http://www.zhihu.com/people/phos
http://www.zhihu.com/people/mumu2017
http://www.zhihu.com/people/wan-lin-feng
http://www.zhihu.com/people/du-xiao-wei-14
http://www.zhihu.com/people/li-er-hao
http://www.zhihu.com/people/li-gao-ren
http://www.zhihu.com/people/birdsfollower
http://www.zhihu.com/people/dong-yi-qi
http://www.zhihu.com/people/zheng-ji
http://www.zhihu.com/people/guo-gui-jun
http://www.zhihu.com/people/asdfghjkl
http://www.zhihu.com/people/boxun
http://www.zhihu.com/people/li-gou-hai-12-23
http://www.zhihu.com/people/lixiaoxun
http://www.zhihu.com/people/wei-jun-72-33
http://www.zhihu.com/people/wang-xiao-mei-35
http://www.zhihu.com/people/zhang-lin-long
http://www.zhihu.com/people/yao-ze-yuan
http://www.zhihu.com/people/peng-xin-xin
http://www.zhihu.com/people/gao-gang
http://www.zhihu.com/people/Challenger800
http://www.zhihu.com/people/lin-zhe-96
http://www.zhihu.com/people/shi-qian-qian
http://www.zhihu.com/people/duan-lei-4
http://www.zhihu.com/people/liqite
http://www.zhihu.com/people/yu-hai-86
http://www.zhihu.com/people/wooden
http://www.zhihu.com/people/misreading
http://www.zhihu.com/people/Victorique
http://www.zhihu.com/people/jiang-wen-zhen
http://www.zhihu.com/people/guang-feng
http://www.zhihu.com/people/bi-jun-cheng
http://www.zhihu.com/people/zhang-wei-zhong
http://www.zhihu.com/people/lisa-49
http://www.zhihu.com/people/sosoloveslife
http://www.zhihu.com/people/imlucern
http://www.zhihu.com/people/laserzhang
http://www.zhihu.com/people/fanting
http://www.zhihu.com/people/su-fei-17
http://www.zhihu.com/people/a-rui-46
http://www.zhihu.com/people/fu-pan-7
http://www.zhihu.com/people/highend
http://www.zhihu.com/people/mayghost
http://www.zhihu.com/people/hou-yan-yu
http://www.zhihu.com/people/patron
http://www.zhihu.com/people/wei-xiao-53
http://www.zhihu.com/people/chouthen
http://www.zhihu.com/people/williamzhang
http://www.zhihu.com/people/indream
http://www.zhihu.com/people/4ier
http://www.zhihu.com/people/ywzgb
http://www.zhihu.com/people/tangjingxin
http://www.zhihu.com/people/jun-hua
http://www.zhihu.com/people/owen-56
http://www.zhihu.com/people/andy-2-79
http://www.zhihu.com/people/yang-xing-kai
http://www.zhihu.com/people/sheenshuay
http://www.zhihu.com/people/xu-meng-yang
http://www.zhihu.com/people/masterpiece
http://www.zhihu.com/people/yaokaige
http://www.zhihu.com/people/luoxr
http://www.zhihu.com/people/que-xing-lasia
http://www.zhihu.com/people/xiaodaoren
http://www.zhihu.com/people/bai-ju-18
http://www.zhihu.com/people/muliangyu
http://www.zhihu.com/people/goal_lawyer
http://www.zhihu.com/people/vance92
http://www.zhihu.com/people/wu-wei-96-47
http://www.zhihu.com/people/hangzhi
http://www.zhihu.com/people/wei-wan-biao-60
http://www.zhihu.com/people/cang-jie-30
http://www.zhihu.com/people/moxi
http://www.zhihu.com/people/li-jia-sheng
http://www.zhihu.com/people/ppphoenixhai-peng-x
http://www.zhihu.com/people/xuqixun
http://www.zhihu.com/people/lulucky
http://www.zhihu.com/people/teatien
http://www.zhihu.com/people/xianglifei
http://www.zhihu.com/people/yechang
http://www.zhihu.com/people/zheng-ling-ling-28
http://www.zhihu.com/people/horun
http://www.zhihu.com/people/lin-fan-63-96
http://www.zhihu.com/people/zhihuclub
http://www.zhihu.com/people/wu-sheng-ming
http://www.zhihu.com/people/zaiyiqi
http://www.zhihu.com/people/danielchen1995
http://www.zhihu.com/people/hsmwm
http://www.zhihu.com/people/lyisice
http://www.zhihu.com/people/jishui-83
http://www.zhihu.com/people/zhang-yuan-79-23
http://www.zhihu.com/people/yu-he-ping
http://www.zhihu.com/people/fan-hai-tao-6
http://www.zhihu.com/people/zhang-xu-86-29
http://www.zhihu.com/people/xiao-bian-jiao
http://www.zhihu.com/people/John.z
http://www.zhihu.com/people/amuro1230
http://www.zhihu.com/people/loo2k
http://www.zhihu.com/people/cao-lin-nuo
http://www.zhihu.com/people/ge-hai-hai
http://www.zhihu.com/people/chengyuan
http://www.zhihu.com/people/handsommm
http://www.zhihu.com/people/chen-peng-cheng-23
http://www.zhihu.com/people/mmyww
http://www.zhihu.com/people/puyun
http://www.zhihu.com/people/xiao-yu-shi-ge-wei-guan-di
http://www.zhihu.com/people/chongmu
http://www.zhihu.com/people/cklover
http://www.zhihu.com/people/HouLi
http://www.zhihu.com/people/gina-guo
http://www.zhihu.com/people/qi-qi-84
http://www.zhihu.com/people/alice0429
http://www.zhihu.com/people/yu-ming-gu-wen-chen-tao
http://www.zhihu.com/people/viking-76
http://www.zhihu.com/people/wang-wen-ping
http://www.zhihu.com/people/tian-guang-lin
http://www.zhihu.com/people/lina-sheng
http://www.zhihu.com/people/lakujira
http://www.zhihu.com/people/chinahxiang
http://www.zhihu.com/people/K-none
http://www.zhihu.com/people/paul-tung
