http://www.zhihu.com/people/guo-wan-er
http://www.zhihu.com/people/li-bing-78
http://www.zhihu.com/people/johndeep
http://www.zhihu.com/people/zheng-jun-53
http://www.zhihu.com/people/qi-ke-12
http://www.zhihu.com/people/fantasyxiao-xi
http://www.zhihu.com/people/gong-zheng-xuan
http://www.zhihu.com/people/equator
http://www.zhihu.com/people/shilh
http://www.zhihu.com/people/wen-an-11
http://www.zhihu.com/people/yao-tian-shuai
http://www.zhihu.com/people/xia-mo-46
http://www.zhihu.com/people/li-lin-65
http://www.zhihu.com/people/cheng-hai-bo
http://www.zhihu.com/people/zhang-yi-hui-20
http://www.zhihu.com/people/bigbod99
http://www.zhihu.com/people/wen-tao-4
http://www.zhihu.com/people/li-pei-zhe
http://www.zhihu.com/people/jay1803
http://www.zhihu.com/people/zhu-fang-yuan
http://www.zhihu.com/people/wherekevin
http://www.zhihu.com/people/tjulbj
http://www.zhihu.com/people/li-ling-hao-52
http://www.zhihu.com/people/gu-yue-dong-shan
http://www.zhihu.com/people/odinlai
http://www.zhihu.com/people/eric-30-75
http://www.zhihu.com/people/song-ling-yun-90
http://www.zhihu.com/people/yang-ding-101
http://www.zhihu.com/people/rush
http://www.zhihu.com/people/yang-ting-zhi
http://www.zhihu.com/people/qiu-xu-10
http://www.zhihu.com/people/namedgod
http://www.zhihu.com/people/wang-jia-ji-79
http://www.zhihu.com/people/zhang-shuai-bing-73
http://www.zhihu.com/people/wang-hu-ya
http://www.zhihu.com/people/anniean
http://www.zhihu.com/people/la-la
http://www.zhihu.com/people/duyubin
http://www.zhihu.com/people/feng-hao-84
http://www.zhihu.com/people/alwenlu
http://www.zhihu.com/people/ding-sai-di
http://www.zhihu.com/people/chen-dan-ni
http://www.zhihu.com/people/an-kang-75
http://www.zhihu.com/people/yu-shan-shan-66
http://www.zhihu.com/people/lankeren
http://www.zhihu.com/people/yzx0727
http://www.zhihu.com/people/sherrius
http://www.zhihu.com/people/he-xiang-36
http://www.zhihu.com/people/jonolee
http://www.zhihu.com/people/zhang-yu-cheng-25
http://www.zhihu.com/people/yong-yi-68
http://www.zhihu.com/people/xu-jia-ming
http://www.zhihu.com/people/wucheryl
http://www.zhihu.com/people/yu-zhe-bin
http://www.zhihu.com/people/cuzhuwebhome
http://www.zhihu.com/people/GFFFFFF
http://www.zhihu.com/people/xia-yu-tian-3-49
http://www.zhihu.com/people/3ears
http://www.zhihu.com/people/cai-qi-shan
http://www.zhihu.com/people/lin-shu-xin
http://www.zhihu.com/people/rinn-lynn
http://www.zhihu.com/people/zhao-peng-jie
http://www.zhihu.com/people/zhou-zhi-min-87
http://www.zhihu.com/people/masterofwild
http://www.zhihu.com/people/gao-gao-72
http://www.zhihu.com/people/ye-frank
http://www.zhihu.com/people/mu-gui-dou
http://www.zhihu.com/people/tian-xin-8-76
http://www.zhihu.com/people/marcus-leng
http://www.zhihu.com/people/xu-wei-han
http://www.zhihu.com/people/joll
http://www.zhihu.com/people/mei-duo
http://www.zhihu.com/people/chen-xu-28-71
http://www.zhihu.com/people/jason-ding-28
http://www.zhihu.com/people/wybaby
http://www.zhihu.com/people/tong-ren-dong
http://www.zhihu.com/people/colinqing-feng
http://www.zhihu.com/people/hu-li-ao-90
http://www.zhihu.com/people/zhang-cao-pi
http://www.zhihu.com/people/yuan-hao-han-jwhh
http://www.zhihu.com/people/wang-tian-chang-86
http://www.zhihu.com/people/cai-jian-xiao
http://www.zhihu.com/people/ji-wang-hao
http://www.zhihu.com/people/sun-pu-19
http://www.zhihu.com/people/Boomerzc
http://www.zhihu.com/people/thinkdeeply
http://www.zhihu.com/people/jia-shuai-long
http://www.zhihu.com/people/hitbastank
http://www.zhihu.com/people/xiao-luo-54
http://www.zhihu.com/people/nickwong
http://www.zhihu.com/people/xiaohulei
http://www.zhihu.com/people/huangchaoqiong
http://www.zhihu.com/people/guo-er-gu-niang
http://www.zhihu.com/people/miawei-wei
http://www.zhihu.com/people/shang-shi-3
http://www.zhihu.com/people/999Shaco
http://www.zhihu.com/people/zisha360
http://www.zhihu.com/people/jessezhang-xu-qin
http://www.zhihu.com/people/tang-xiao-kai-31
http://www.zhihu.com/people/nu-nu-46
http://www.zhihu.com/people/byron-lee-8
http://www.zhihu.com/people/wenrongbing
http://www.zhihu.com/people/qiang-cheng
http://www.zhihu.com/people/jin-fei
http://www.zhihu.com/people/mingda
http://www.zhihu.com/people/hu-rui-15
http://www.zhihu.com/people/fred-xiao-48
http://www.zhihu.com/people/yun-zhong-jun-46
http://www.zhihu.com/people/nicholezhou
http://www.zhihu.com/people/song-ming-yu
http://www.zhihu.com/people/wang-meng-1990
http://www.zhihu.com/people/kkdog
http://www.zhihu.com/people/wei-sheng-79
http://www.zhihu.com/people/hai-mian-25
http://www.zhihu.com/people/in-sky
http://www.zhihu.com/people/johnny-chen
http://www.zhihu.com/people/xiao-chu
http://www.zhihu.com/people/maitiano
http://www.zhihu.com/people/boodorg
http://www.zhihu.com/people/supermian
http://www.zhihu.com/people/xieyangxin
http://www.zhihu.com/people/shen-ya-nan-44
http://www.zhihu.com/people/kong495
http://www.zhihu.com/people/ou-yang-kang-87
http://www.zhihu.com/people/kan-ou-li
http://www.zhihu.com/people/yan-sheng-20-44
http://www.zhihu.com/people/luo-er-96-32
http://www.zhihu.com/people/hua-xian-45
http://www.zhihu.com/people/abiaofans-zhang
http://www.zhihu.com/people/chowjl
http://www.zhihu.com/people/jin-liang-yi
http://www.zhihu.com/people/ma-que-10
http://www.zhihu.com/people/ma-jun-59-71
http://www.zhihu.com/people/xu-jian-hua
http://www.zhihu.com/people/siva
http://www.zhihu.com/people/xichuang
http://www.zhihu.com/people/peng-yu-xin-10
http://www.zhihu.com/people/wei-ci-62
http://www.zhihu.com/people/gu-xiao-cheng-49
http://www.zhihu.com/people/halu-98
http://www.zhihu.com/people/dong-fang-yun-84
http://www.zhihu.com/people/xie-xiao-dong-78
http://www.zhihu.com/people/abchello
http://www.zhihu.com/people/guxizhao
http://www.zhihu.com/people/knight-46
http://www.zhihu.com/people/graceybear
http://www.zhihu.com/people/cnyuanquan
http://www.zhihu.com/people/liu-si-ming-73
http://www.zhihu.com/people/huluwahappy
http://www.zhihu.com/people/jiang-xiao-jun-51
http://www.zhihu.com/people/zhang-wei-zhong
http://www.zhihu.com/people/wei-mao-zeng
http://www.zhihu.com/people/samesame
http://www.zhihu.com/people/yukun797
http://www.zhihu.com/people/ilook
http://www.zhihu.com/people/tobeme
http://www.zhihu.com/people/sjtucfz
http://www.zhihu.com/people/chen-bu-zhuang
http://www.zhihu.com/people/wennyyuan
http://www.zhihu.com/people/zhao-jin-yuan
http://www.zhihu.com/people/syin
http://www.zhihu.com/people/ma-jun-kai
http://www.zhihu.com/people/feidoudou
http://www.zhihu.com/people/xiao-da-da-27
http://www.zhihu.com/people/zuo-quan-51
http://www.zhihu.com/people/ann-wu-5
http://www.zhihu.com/people/mr_pink
http://www.zhihu.com/people/cumthx
http://www.zhihu.com/people/sui-xiang
http://www.zhihu.com/people/Judge
http://www.zhihu.com/people/dica
http://www.zhihu.com/people/chenxinfeng
http://www.zhihu.com/people/fuckzhihu
http://www.zhihu.com/people/mostlyharmful
http://www.zhihu.com/people/xusiduan
http://www.zhihu.com/people/will-37
http://www.zhihu.com/people/xiao-qiang-58-96
http://www.zhihu.com/people/chen-gen
http://www.zhihu.com/people/linmahua
http://www.zhihu.com/people/yuan-zhe-53
http://www.zhihu.com/people/yu-bo-yu
http://www.zhihu.com/people/qi-hong-wei
http://www.zhihu.com/people/zhu-cheng-xi
http://www.zhihu.com/people/zhang-chen-14-43
http://www.zhihu.com/people/yang-qing-he-35
http://www.zhihu.com/people/ai-jing-er-50
http://www.zhihu.com/people/eranlife
http://www.zhihu.com/people/noah-yuan
http://www.zhihu.com/people/vieplivee
http://www.zhihu.com/people/na-lan-xue-ye-72
http://www.zhihu.com/people/jun-yi-14
http://www.zhihu.com/people/jerry_lee
http://www.zhihu.com/people/lian-xun
http://www.zhihu.com/people/eric-39-19
http://www.zhihu.com/people/lao-ma-65
http://www.zhihu.com/people/liu-tao-77-61
http://www.zhihu.com/people/all-indie
http://www.zhihu.com/people/oasishockist
http://www.zhihu.com/people/zhang-mei-hua
http://www.zhihu.com/people/shevchenko-57
http://www.zhihu.com/people/whale
http://www.zhihu.com/people/lu-xi-47
http://www.zhihu.com/people/shan-yue
http://www.zhihu.com/people/liz-lyn
http://www.zhihu.com/people/ling-xi-96
http://www.zhihu.com/people/euphie
http://www.zhihu.com/people/yanzij
http://www.zhihu.com/people/oooops
http://www.zhihu.com/people/lu-lang-8
http://www.zhihu.com/people/jeff_nie
http://www.zhihu.com/people/vivianshuai
http://www.zhihu.com/people/lao-shi-fu-53
http://www.zhihu.com/people/jing-xiao-liang
http://www.zhihu.com/people/shi-wei-shu
http://www.zhihu.com/people/twlkyao
http://www.zhihu.com/people/li-yang-52-66-5
http://www.zhihu.com/people/yxue
http://www.zhihu.com/people/powertan
http://www.zhihu.com/people/xun-wen-jun
http://www.zhihu.com/people/zheng-da-qian-30
http://www.zhihu.com/people/tcstar
http://www.zhihu.com/people/amazingtime
http://www.zhihu.com/people/chutzpah-29
http://www.zhihu.com/people/hysic
http://www.zhihu.com/people/water-five
http://www.zhihu.com/people/kuangzhou
http://www.zhihu.com/people/li-wan-fu
http://www.zhihu.com/people/gejia021
http://www.zhihu.com/people/wang-chuan-hong
http://www.zhihu.com/people/cheneyshi
http://www.zhihu.com/people/Woman-day
http://www.zhihu.com/people/zhu-qin-yan
http://www.zhihu.com/people/su-mu-73-67
http://www.zhihu.com/people/zou-ji
http://www.zhihu.com/people/dai-jiao-85
http://www.zhihu.com/people/hi-henry
http://www.zhihu.com/people/mu-zi-you
http://www.zhihu.com/people/lu-jia-jing
http://www.zhihu.com/people/fan-xiao-xuan-41
http://www.zhihu.com/people/dai-an-yi
http://www.zhihu.com/people/itshui
http://www.zhihu.com/people/wang-long-97-62
http://www.zhihu.com/people/jia-zhi-84
http://www.zhihu.com/people/sun-lin-9
http://www.zhihu.com/people/sun-wen-39
http://www.zhihu.com/people/uryeah
http://www.zhihu.com/people/nicing
http://www.zhihu.com/people/lu-jia-liang-37
http://www.zhihu.com/people/fang-wen-32
http://www.zhihu.com/people/fan-tang-zi
http://www.zhihu.com/people/yong-sheng
http://www.zhihu.com/people/kuangye
http://www.zhihu.com/people/mark-wang-7
http://www.zhihu.com/people/chilly-67
http://www.zhihu.com/people/zhang-yu-nie-68
http://www.zhihu.com/people/zhang-yi-fan-48
http://www.zhihu.com/people/guo-yun-he
http://www.zhihu.com/people/namiheike
http://www.zhihu.com/people/yeti-zhihu
http://www.zhihu.com/people/li-chen-ming-54
http://www.zhihu.com/people/e-xiu-ping
http://www.zhihu.com/people/tan-ri-tian
http://www.zhihu.com/people/li-jin-yuan-53-18
http://www.zhihu.com/people/dalelee
http://www.zhihu.com/people/mu-ke-liu-fang
http://www.zhihu.com/people/pin-liao
http://www.zhihu.com/people/zhu-ming-liang-98
http://www.zhihu.com/people/lan-bing-89
http://www.zhihu.com/people/lu-tian-88
http://www.zhihu.com/people/chouthen
http://www.zhihu.com/people/caramelgrace
http://www.zhihu.com/people/lin-nen-99
http://www.zhihu.com/people/chen-xiao-qi-38
http://www.zhihu.com/people/li-mo-ji-70
http://www.zhihu.com/people/jiang-ge-58
http://www.zhihu.com/people/lu-di-56
http://www.zhihu.com/people/liu-ze-yu-88
http://www.zhihu.com/people/liu-hong-zuo
http://www.zhihu.com/people/tu-liao-liao
http://www.zhihu.com/people/marsxiang
http://www.zhihu.com/people/gao-long-long
http://www.zhihu.com/people/forkburn
http://www.zhihu.com/people/kong-rong-26
http://www.zhihu.com/people/deng-wen
http://www.zhihu.com/people/dai-dai-7
http://www.zhihu.com/people/zhang-wei-9-95
http://www.zhihu.com/people/gao-ying-ju
http://www.zhihu.com/people/hugsystem
http://www.zhihu.com/people/dan-xi-lei
http://www.zhihu.com/people/du-yan-chao
http://www.zhihu.com/people/liu-xiao-ming-31
http://www.zhihu.com/people/Gyue
http://www.zhihu.com/people/wang-zhi-liang-46
http://www.zhihu.com/people/shyn
http://www.zhihu.com/people/zzuieliyaoli
http://www.zhihu.com/people/uitony
http://www.zhihu.com/people/lai-feng-77
http://www.zhihu.com/people/yang-sheng-hao-85
http://www.zhihu.com/people/hiuwahhh
http://www.zhihu.com/people/zi-dao-58
http://www.zhihu.com/people/ling-chen-bian-e
http://www.zhihu.com/people/daisydeng-93
http://www.zhihu.com/people/geng-xin-lei
http://www.zhihu.com/people/yang-wei-jie-13
http://www.zhihu.com/people/s5856338
http://www.zhihu.com/people/mo-ce
http://www.zhihu.com/people/lobo-73
http://www.zhihu.com/people/li-ruo-yu-46
http://www.zhihu.com/people/jaskni
http://www.zhihu.com/people/xue-yao-37
http://www.zhihu.com/people/zhou-you-23
http://www.zhihu.com/people/qi-shu-fei
http://www.zhihu.com/people/ryan-he
http://www.zhihu.com/people/lishuyuan
http://www.zhihu.com/people/xiao-qiao-5
http://www.zhihu.com/people/lizao
http://www.zhihu.com/people/lin-zhe-96
http://www.zhihu.com/people/gracelu
http://www.zhihu.com/people/CNOoo
http://www.zhihu.com/people/hu-qi-zheng
http://www.zhihu.com/people/shao-hao-ming
http://www.zhihu.com/people/qin-nan-55
http://www.zhihu.com/people/nan-xiao-nie
http://www.zhihu.com/people/wangqian0707
http://www.zhihu.com/people/xia-mi-3-82
http://www.zhihu.com/people/lan-yi-90
http://www.zhihu.com/people/andyfoolish
http://www.zhihu.com/people/blus
http://www.zhihu.com/people/ning-meng-32
http://www.zhihu.com/people/bai-zi-ping
http://www.zhihu.com/people/ljatom
http://www.zhihu.com/people/rainvoo
http://www.zhihu.com/people/gkrjquibbler
http://www.zhihu.com/people/jin-zhou-23
http://www.zhihu.com/people/xie-he-10
http://www.zhihu.com/people/liu-dong-27-31
http://www.zhihu.com/people/eva-xu-25
http://www.zhihu.com/people/yu-yang-41
http://www.zhihu.com/people/lu-wen-kai-17
http://www.zhihu.com/people/an-xiao-xi
http://www.zhihu.com/people/golter
http://www.zhihu.com/people/yezhuang
http://www.zhihu.com/people/zhangyang8605
http://www.zhihu.com/people/pang-bai-19
http://www.zhihu.com/people/hao-zi-wathur
http://www.zhihu.com/people/MelllLactee
http://www.zhihu.com/people/feng-ming-peng
http://www.zhihu.com/people/rong-yu-97
http://www.zhihu.com/people/jiaqixiao
http://www.zhihu.com/people/meng-jue-99
http://www.zhihu.com/people/ling-xi-66
http://www.zhihu.com/people/xia-zhu-68
http://www.zhihu.com/people/ymxhz
http://www.zhihu.com/people/hhb-hg
http://www.zhihu.com/people/lu-yi-lin
http://www.zhihu.com/people/tan-yin-10
http://www.zhihu.com/people/han-peng-qian
http://www.zhihu.com/people/nickys
http://www.zhihu.com/people/kyouma
http://www.zhihu.com/people/liu-peng-38-70
http://www.zhihu.com/people/huang-hai-yu-72
http://www.zhihu.com/people/wu-you-cai
http://www.zhihu.com/people/liu-fang-yu-64
http://www.zhihu.com/people/wang-ruo-zhou-86
http://www.zhihu.com/people/xie-qiu-68
http://www.zhihu.com/people/li-yan-58-57
http://www.zhihu.com/people/loserrebecca
http://www.zhihu.com/people/duan-qian-90
http://www.zhihu.com/people/zhen-jia
http://www.zhihu.com/people/xie-clown
http://www.zhihu.com/people/guanchajia
http://www.zhihu.com/people/sun--ran
http://www.zhihu.com/people/iian
http://www.zhihu.com/people/livingdivani
http://www.zhihu.com/people/yu-ming-gu-wen-chen-tao
http://www.zhihu.com/people/zhaoxiaominzi
http://www.zhihu.com/people/leiluo
http://www.zhihu.com/people/zhang-yu-cui-9
http://www.zhihu.com/people/wang-pin-86
http://www.zhihu.com/people/seneca
http://www.zhihu.com/people/hiddentrack
http://www.zhihu.com/people/lao-bai-79
http://www.zhihu.com/people/chu-yang-trueyoung
http://www.zhihu.com/people/sun-yifan-23
http://www.zhihu.com/people/ma-bei-bei-96
http://www.zhihu.com/people/lili-lili
http://www.zhihu.com/people/yongxinge
http://www.zhihu.com/people/wen-lei-7
http://www.zhihu.com/people/xiao-feng-83-87
http://www.zhihu.com/people/a-long
http://www.zhihu.com/people/sotime
http://www.zhihu.com/people/lin-ke-51
http://www.zhihu.com/people/guan-de-lei
http://www.zhihu.com/people/jin-cheng-tan
http://www.zhihu.com/people/li-ao-wen
http://www.zhihu.com/people/kcwh
http://www.zhihu.com/people/xu-huang-40
http://www.zhihu.com/people/kong-si
http://www.zhihu.com/people/xiao-xiao-80
http://www.zhihu.com/people/dianxiaoxian
http://www.zhihu.com/people/guo-jin-li-42
http://www.zhihu.com/people/liang-gaogao
http://www.zhihu.com/people/feixiaofei
http://www.zhihu.com/people/chingai-fan
http://www.zhihu.com/people/wu-chuan
http://www.zhihu.com/people/troyding
http://www.zhihu.com/people/he-kuan
http://www.zhihu.com/people/deng-zi-yu
http://www.zhihu.com/people/leo99
http://www.zhihu.com/people/lordifeng
http://www.zhihu.com/people/guanyadi
http://www.zhihu.com/people/ru-zhu-94
http://www.zhihu.com/people/frfr
http://www.zhihu.com/people/pie-wei
http://www.zhihu.com/people/cheng-cheng-70-50
http://www.zhihu.com/people/nibiru.square
http://www.zhihu.com/people/robert
http://www.zhihu.com/people/yanzhong
http://www.zhihu.com/people/zacharyxsz
http://www.zhihu.com/people/li-xing-84-17
http://www.zhihu.com/people/cocacole
http://www.zhihu.com/people/carls-kavin
http://www.zhihu.com/people/tin1016
http://www.zhihu.com/people/fengmoyan
http://www.zhihu.com/people/elxy
http://www.zhihu.com/people/zheng-xia-ming
http://www.zhihu.com/people/hu-nicholas
http://www.zhihu.com/people/akatsuki-98
http://www.zhihu.com/people/gu-xin-62-68
http://www.zhihu.com/people/huma
http://www.zhihu.com/people/wang-yan-yuan
http://www.zhihu.com/people/Xia-Feng-27
http://www.zhihu.com/people/wu-ming-84-78
http://www.zhihu.com/people/du-yu-hui
http://www.zhihu.com/people/caoyuchen
http://www.zhihu.com/people/gavin-50-94
http://www.zhihu.com/people/dallaslu
http://www.zhihu.com/people/heng-13
http://www.zhihu.com/people/jason-59-49
http://www.zhihu.com/people/wu-zhen-13
http://www.zhihu.com/people/hong-shi-huan-78
http://www.zhihu.com/people/wen-jia-18
http://www.zhihu.com/people/guo-yu-8
http://www.zhihu.com/people/qu-yiming
http://www.zhihu.com/people/zhao-chong-38
http://www.zhihu.com/people/chen-wei-57
http://www.zhihu.com/people/wang-yizhu
http://www.zhihu.com/people/ao-tu-chui
http://www.zhihu.com/people/yu-tou-tou-tou
http://www.zhihu.com/people/qian-mian
http://www.zhihu.com/people/wang-xiao-jian-20
http://www.zhihu.com/people/Alex-Woo
http://www.zhihu.com/people/novae
http://www.zhihu.com/people/aliceleeeee
http://www.zhihu.com/people/ai-chi-de-man-jin-yu
http://www.zhihu.com/people/waner
http://www.zhihu.com/people/wang-yu-jie-63
http://www.zhihu.com/people/raymond-wang
http://www.zhihu.com/people/jilingbhl
http://www.zhihu.com/people/zheng-han-yang
http://www.zhihu.com/people/yang-an-qi-30
http://www.zhihu.com/people/windfuture
http://www.zhihu.com/people/zizaixiaoxiong
http://www.zhihu.com/people/zhou-zuo
http://www.zhihu.com/people/kissone
http://www.zhihu.com/people/gayscript
http://www.zhihu.com/people/ji-pang
http://www.zhihu.com/people/liao-kan-kan
http://www.zhihu.com/people/liqing
http://www.zhihu.com/people/cao-dan-10
http://www.zhihu.com/people/yuziduo
http://www.zhihu.com/people/he-yuan-sheng
http://www.zhihu.com/people/ma-jia-chen
http://www.zhihu.com/people/lin-wang-wei
http://www.zhihu.com/people/luna-2013
http://www.zhihu.com/people/stupident
http://www.zhihu.com/people/laura-2
http://www.zhihu.com/people/wang-ci-an
http://www.zhihu.com/people/li-xiang-85
http://www.zhihu.com/people/qingzi
http://www.zhihu.com/people/jin-yu-kun
http://www.zhihu.com/people/zhang-xiao-ai-34
http://www.zhihu.com/people/silentmost
http://www.zhihu.com/people/kai-da
http://www.zhihu.com/people/michael-swift
http://www.zhihu.com/people/tintuo
http://www.zhihu.com/people/zhang-jia-jing-20
http://www.zhihu.com/people/zao-hu
http://www.zhihu.com/people/zjuguxi
http://www.zhihu.com/people/cifeng
http://www.zhihu.com/people/zhu-li-juan-5
http://www.zhihu.com/people/huang-tun
http://www.zhihu.com/people/leesiyn
http://www.zhihu.com/people/greycard
http://www.zhihu.com/people/huang-shan-2
http://www.zhihu.com/people/ning-schue
http://www.zhihu.com/people/xulaohan
http://www.zhihu.com/people/wang-xin-qiao
http://www.zhihu.com/people/stelladingding
http://www.zhihu.com/people/sun-zhao-90
http://www.zhihu.com/people/chun-wei-rui
http://www.zhihu.com/people/guo-xiao-xian
http://www.zhihu.com/people/ma-li-lian-67
http://www.zhihu.com/people/zhang-ruo-xu
http://www.zhihu.com/people/li-ji-ze-12
http://www.zhihu.com/people/li-yang-89-33
http://www.zhihu.com/people/alvin-h
http://www.zhihu.com/people/jun-hua
http://www.zhihu.com/people/li-bo-yang-89
http://www.zhihu.com/people/mei-xiao-mao
http://www.zhihu.com/people/tony.wong.hk
http://www.zhihu.com/people/gao-cong-68
http://www.zhihu.com/people/perry-song
http://www.zhihu.com/people/chichiu-lee
http://www.zhihu.com/people/victor-shen-91
http://www.zhihu.com/people/du-mian-19
http://www.zhihu.com/people/zhang-zong-xing
http://www.zhihu.com/people/li-er-40
http://www.zhihu.com/people/Kaavield
http://www.zhihu.com/people/qu-chong-dong
http://www.zhihu.com/people/zinglee
http://www.zhihu.com/people/liu-kai-luo-cairo
http://www.zhihu.com/people/xiaobei
http://www.zhihu.com/people/wang-tian-jun-68
http://www.zhihu.com/people/doc-young
http://www.zhihu.com/people/django-3
http://www.zhihu.com/people/wang-dan-ni-51
http://www.zhihu.com/people/robberphex
http://www.zhihu.com/people/sunprin
http://www.zhihu.com/people/yezhongli
http://www.zhihu.com/people/wu-ke-fei
http://www.zhihu.com/people/jiu-zhua-xiao-xie
http://www.zhihu.com/people/fenng
http://www.zhihu.com/people/aspirinfox
http://www.zhihu.com/people/li-da-shi-34
http://www.zhihu.com/people/humphrey-69
http://www.zhihu.com/people/zhu-jun-qiang
http://www.zhihu.com/people/li-jun-tuan
http://www.zhihu.com/people/zhou-zhou-70-90
http://www.zhihu.com/people/dongfangzhi
http://www.zhihu.com/people/luo-shu-ran
http://www.zhihu.com/people/Jellzone
http://www.zhihu.com/people/michelleyan
http://www.zhihu.com/people/liaoyy
http://www.zhihu.com/people/freya.zuo
http://www.zhihu.com/people/liangguan
http://www.zhihu.com/people/zhou-song-9-42
http://www.zhihu.com/people/xiao-da-da
http://www.zhihu.com/people/Roy0205816
http://www.zhihu.com/people/sellsoda
http://www.zhihu.com/people/benye
http://www.zhihu.com/people/tang-san-70
http://www.zhihu.com/people/zhu-he-82
http://www.zhihu.com/people/lycheeorange
http://www.zhihu.com/people/fang-cai
http://www.zhihu.com/people/zheng-li-51
http://www.zhihu.com/people/liu-jing-97-8
http://www.zhihu.com/people/cheng-chang
http://www.zhihu.com/people/CCTV01
http://www.zhihu.com/people/wu-di-83
http://www.zhihu.com/people/chen-ti-mo
http://www.zhihu.com/people/yu-xiao-yang-8
http://www.zhihu.com/people/hu-kai-dong
http://www.zhihu.com/people/Chelsia_Cheung
http://www.zhihu.com/people/Mr_mac
http://www.zhihu.com/people/huang-zi-gui
http://www.zhihu.com/people/li-chao-94-31
http://www.zhihu.com/people/zhong-nan-77
http://www.zhihu.com/people/LPWY
http://www.zhihu.com/people/lu-ma-gui
http://www.zhihu.com/people/du-shu-ren
http://www.zhihu.com/people/wang-ya-hui-_april_
http://www.zhihu.com/people/guan-jia-qi
http://www.zhihu.com/people/luo-luo-li-xiao-man
http://www.zhihu.com/people/littlesenke
http://www.zhihu.com/people/wang-yang-ming-59
http://www.zhihu.com/people/donkey-rider
http://www.zhihu.com/people/peach
http://www.zhihu.com/people/jonson-fang
http://www.zhihu.com/people/nan-qu-xiong-mao
http://www.zhihu.com/people/liu-kai-14
http://www.zhihu.com/people/slobber
http://www.zhihu.com/people/yomoo
http://www.zhihu.com/people/braite
http://www.zhihu.com/people/liveyee
http://www.zhihu.com/people/qone
http://www.zhihu.com/people/han-yan-hui
http://www.zhihu.com/people/wu-li-42
http://www.zhihu.com/people/zhou-tian-83
http://www.zhihu.com/people/mo-yuan-48
http://www.zhihu.com/people/holycow
http://www.zhihu.com/people/sid-77
http://www.zhihu.com/people/patron
http://www.zhihu.com/people/yu-zhi-1
http://www.zhihu.com/people/long-fei-25
http://www.zhihu.com/people/CloseString
http://www.zhihu.com/people/wang-zhi-xian-98
http://www.zhihu.com/people/TT-in_The-Wind
http://www.zhihu.com/people/kovski
http://www.zhihu.com/people/maoxinyu
http://www.zhihu.com/people/veron
http://www.zhihu.com/people/mazk
http://www.zhihu.com/people/cang-ke
http://www.zhihu.com/people/yang-yang-24
http://www.zhihu.com/people/tian-shui-25
http://www.zhihu.com/people/tata-ciara
http://www.zhihu.com/people/wu-kai-18
http://www.zhihu.com/people/toylori
http://www.zhihu.com/people/qin-a-run
http://www.zhihu.com/people/yin-xia-80
http://www.zhihu.com/people/ma-rui-ming
http://www.zhihu.com/people/jayce
http://www.zhihu.com/people/jin-meng-77
http://www.zhihu.com/people/Knightvip
http://www.zhihu.com/people/dai-wei-99
http://www.zhihu.com/people/yang-xun-62
http://www.zhihu.com/people/Sensation
http://www.zhihu.com/people/xiao-jian-ren-71
http://www.zhihu.com/people/rayer
http://www.zhihu.com/people/drifter-16
http://www.zhihu.com/people/mi-ao-lan
http://www.zhihu.com/people/xia-qi-la
http://www.zhihu.com/people/ran-ye
http://www.zhihu.com/people/anio
http://www.zhihu.com/people/soloist
http://www.zhihu.com/people/kuang-xue-ting
http://www.zhihu.com/people/yuan-jing-zhu
http://www.zhihu.com/people/longyinleung
http://www.zhihu.com/people/fontanesia
http://www.zhihu.com/people/zhu-yixin-42
http://www.zhihu.com/people/su-hang-47-66
http://www.zhihu.com/people/Peric
http://www.zhihu.com/people/xu-zhi-xiong-22
http://www.zhihu.com/people/kingdomling
http://www.zhihu.com/people/rendy
http://www.zhihu.com/people/tian-chuan-88
http://www.zhihu.com/people/tangjingxin
http://www.zhihu.com/people/purpleli
http://www.zhihu.com/people/lukas-84
http://www.zhihu.com/people/gao-shao-bo
http://www.zhihu.com/people/ruan-ruan-97
http://www.zhihu.com/people/wang-chong-guan
http://www.zhihu.com/people/unkown
http://www.zhihu.com/people/song-long-fei-1
http://www.zhihu.com/people/lavi
http://www.zhihu.com/people/ayse.l
http://www.zhihu.com/people/talina
http://www.zhihu.com/people/liu-shao-peng
http://www.zhihu.com/people/yue-hua-shi-se
http://www.zhihu.com/people/harvey
http://www.zhihu.com/people/wang-xiao-xing-47
http://www.zhihu.com/people/who-will
http://www.zhihu.com/people/sunday
http://www.zhihu.com/people/york-cheung
http://www.zhihu.com/people/kwokchihang
http://www.zhihu.com/people/hu-zhuo-yi
http://www.zhihu.com/people/deng-xin-xian
http://www.zhihu.com/people/myxydx
http://www.zhihu.com/people/topsecret
http://www.zhihu.com/people/wang-bei-jing
http://www.zhihu.com/people/zhang-ya-fei-8
http://www.zhihu.com/people/jasonfu
http://www.zhihu.com/people/newzero
http://www.zhihu.com/people/yan-jiang-tao
http://www.zhihu.com/people/yang-yu-qi-64
http://www.zhihu.com/people/yue-yi-he
http://www.zhihu.com/people/yin-tao-42
http://www.zhihu.com/people/Dabbler
http://www.zhihu.com/people/yu-dong-87-80
http://www.zhihu.com/people/mobozhi
http://www.zhihu.com/people/vanny
http://www.zhihu.com/people/zheng-helen
http://www.zhihu.com/people/han-shun-hua
http://www.zhihu.com/people/coneboy
http://www.zhihu.com/people/luoxiaoju
http://www.zhihu.com/people/niu-hao-42
http://www.zhihu.com/people/qiu-chen-17
http://www.zhihu.com/people/lee-ree
http://www.zhihu.com/people/zou-tong
http://www.zhihu.com/people/joeyyu
http://www.zhihu.com/people/li-hai-yuan
http://www.zhihu.com/people/xin-yan
http://www.zhihu.com/people/zhengqinyu
http://www.zhihu.com/people/skywalkerhunter
http://www.zhihu.com/people/nyanzhang
http://www.zhihu.com/people/hong-yi
http://www.zhihu.com/people/costi
http://www.zhihu.com/people/guo-shu-jian
http://www.zhihu.com/people/x5lcfd
http://www.zhihu.com/people/li-ping-fan-39
http://www.zhihu.com/people/yirizhiji
http://www.zhihu.com/people/rui-tang-tang
http://www.zhihu.com/people/howardsu
http://www.zhihu.com/people/bingyucas
http://www.zhihu.com/people/bing-mez
http://www.zhihu.com/people/wang-xiao-kan
http://www.zhihu.com/people/mindseeker
http://www.zhihu.com/people/yang-gui-gui-21
http://www.zhihu.com/people/biaobiao
http://www.zhihu.com/people/frank-17
http://www.zhihu.com/people/su-fei-mei
http://www.zhihu.com/people/huang-yang-97-15
http://www.zhihu.com/people/liu-lu
http://www.zhihu.com/people/duxudong
http://www.zhihu.com/people/sulayman-79
http://www.zhihu.com/people/wangwei
http://www.zhihu.com/people/pandacc
http://www.zhihu.com/people/magicmonk
http://www.zhihu.com/people/kookoo
http://www.zhihu.com/people/yanjj
http://www.zhihu.com/people/gu-gu-73
http://www.zhihu.com/people/THFQ
http://www.zhihu.com/people/cao-jun-kai
http://www.zhihu.com/people/delab
http://www.zhihu.com/people/conniehuang
http://www.zhihu.com/people/castleyan
http://www.zhihu.com/people/be-with-lele
http://www.zhihu.com/people/zhang-xiao-guo-83
http://www.zhihu.com/people/charles.zhang
http://www.zhihu.com/people/hollyly
http://www.zhihu.com/people/kang-wu-ming
http://www.zhihu.com/people/fang-yuan-jing
http://www.zhihu.com/people/retsnom
http://www.zhihu.com/people/ding-yu-18
http://www.zhihu.com/people/zhou-su-ren
http://www.zhihu.com/people/yi-lin515
http://www.zhihu.com/people/chen-si-yu-74
http://www.zhihu.com/people/ooodong
http://www.zhihu.com/people/kevin.lu
http://www.zhihu.com/people/c_chow
http://www.zhihu.com/people/agassihou
http://www.zhihu.com/people/kokomi
http://www.zhihu.com/people/leeys
http://www.zhihu.com/people/meng-fan-sheng
http://www.zhihu.com/people/peoplegxs
http://www.zhihu.com/people/hertz
http://www.zhihu.com/people/fan-xiao-ting
http://www.zhihu.com/people/mai-qia-te-ni
http://www.zhihu.com/people/yangyue
http://www.zhihu.com/people/noff
http://www.zhihu.com/people/li-yi-fei-37-2
http://www.zhihu.com/people/zhang-hankui
http://www.zhihu.com/people/ping-heng
http://www.zhihu.com/people/MartinESC
http://www.zhihu.com/people/misink
http://www.zhihu.com/people/emwu
http://www.zhihu.com/people/cuikai-wh
http://www.zhihu.com/people/caisy
http://www.zhihu.com/people/owenne
http://www.zhihu.com/people/zhao-yan-dao
http://www.zhihu.com/people/whd.thu
http://www.zhihu.com/people/yushiying
http://www.zhihu.com/people/superjiajiajia
http://www.zhihu.com/people/zhong-zhao-rong
http://www.zhihu.com/people/zhou-yu
http://www.zhihu.com/people/tian-nan-gua
http://www.zhihu.com/people/leo822
http://www.zhihu.com/people/you-shu-60
http://www.zhihu.com/people/dong-dong-74
http://www.zhihu.com/people/PeterK
http://www.zhihu.com/people/zes1109
http://www.zhihu.com/people/lanbeixiong
http://www.zhihu.com/people/liu-bai-ren
http://www.zhihu.com/people/smallnuo
http://www.zhihu.com/people/herolaozhang
http://www.zhihu.com/people/wu-song-lei
http://www.zhihu.com/people/northup
http://www.zhihu.com/people/peng-zhi-ran
http://www.zhihu.com/people/su-chao-qun
http://www.zhihu.com/people/kamal
http://www.zhihu.com/people/xie-wei-you
http://www.zhihu.com/people/big_caaat
http://www.zhihu.com/people/willmok
http://www.zhihu.com/people/codexiao
http://www.zhihu.com/people/zhao-xun-jie
http://www.zhihu.com/people/tianyi-xu
http://www.zhihu.com/people/jin-xiao-nan
http://www.zhihu.com/people/byring
http://www.zhihu.com/people/suga
http://www.zhihu.com/people/jiang-ge
http://www.zhihu.com/people/pan-richard
http://www.zhihu.com/people/jin-du-jiang
http://www.zhihu.com/people/mo-chen-96-25
http://www.zhihu.com/people/zhan-hao-xun
http://www.zhihu.com/people/amazingxiaoyuan
http://www.zhihu.com/people/chen-le-yi-20
http://www.zhihu.com/people/folkyou
http://www.zhihu.com/people/chen-ying-08-94
http://www.zhihu.com/people/orchardguru
http://www.zhihu.com/people/joshua-96
http://www.zhihu.com/people/bewho
http://www.zhihu.com/people/yang-cong-quan-man-tou
http://www.zhihu.com/people/mrfant
http://www.zhihu.com/people/zhang00
http://www.zhihu.com/people/wang-yue-72-49
http://www.zhihu.com/people/linkinmars
http://www.zhihu.com/people/lackar
http://www.zhihu.com/people/xiaoshuai-63
http://www.zhihu.com/people/fu-fa-qiang
http://www.zhihu.com/people/xiaohanscorpio
http://www.zhihu.com/people/an-he-nian
http://www.zhihu.com/people/sunlongold
http://www.zhihu.com/people/wang-wu-bin
http://www.zhihu.com/people/coaku
http://www.zhihu.com/people/xuanjianfeng
http://www.zhihu.com/people/breeze
http://www.zhihu.com/people/ahxxm
http://www.zhihu.com/people/li-jia-ming
http://www.zhihu.com/people/tooyoung
http://www.zhihu.com/people/LindsayD
http://www.zhihu.com/people/wen-liang-93
http://www.zhihu.com/people/bowenbitch
http://www.zhihu.com/people/ming-wei
http://www.zhihu.com/people/meng-fei-59-13
http://www.zhihu.com/people/jackey-jiang
http://www.zhihu.com/people/xiang-lu-en
http://www.zhihu.com/people/leixiao
http://www.zhihu.com/people/kelso
http://www.zhihu.com/people/icarian
http://www.zhihu.com/people/lleiou
http://www.zhihu.com/people/josephine0624
http://www.zhihu.com/people/lionegun
http://www.zhihu.com/people/kinvy
http://www.zhihu.com/people/longway
http://www.zhihu.com/people/feversun
http://www.zhihu.com/people/yu-xiao-miao
http://www.zhihu.com/people/LeonardC
http://www.zhihu.com/people/tdwill
http://www.zhihu.com/people/honorpro
http://www.zhihu.com/people/ant313
http://www.zhihu.com/people/yshone
http://www.zhihu.com/people/yancheer
http://www.zhihu.com/people/huang-wei-cai
http://www.zhihu.com/people/zhang-shi-zhi
http://www.zhihu.com/people/xia-qing-60
http://www.zhihu.com/people/cranew
http://www.zhihu.com/people/peng-hao-74
http://www.zhihu.com/people/zachzhou
http://www.zhihu.com/people/trai25
http://www.zhihu.com/people/zaiyiqi
http://www.zhihu.com/people/zhangzhongke
http://www.zhihu.com/people/tan-jun-39
http://www.zhihu.com/people/liu-si-xu
http://www.zhihu.com/people/xrayray
http://www.zhihu.com/people/mi-xi-81
http://www.zhihu.com/people/joancheng
http://www.zhihu.com/people/bianleijie
http://www.zhihu.com/people/eccman
http://www.zhihu.com/people/pan-da-mo
http://www.zhihu.com/people/ReSur
http://www.zhihu.com/people/pi-te-zha-ke
http://www.zhihu.com/people/yaozhaohua
http://www.zhihu.com/people/youyancanbei
http://www.zhihu.com/people/yucaice
http://www.zhihu.com/people/lai-ni
http://www.zhihu.com/people/heroin4
http://www.zhihu.com/people/sunny90
http://www.zhihu.com/people/rice3
http://www.zhihu.com/people/zhou-zhou
http://www.zhihu.com/people/austin
http://www.zhihu.com/people/liu-ran
http://www.zhihu.com/people/a-wai
http://www.zhihu.com/people/neaton
http://www.zhihu.com/people/interjc
http://www.zhihu.com/people/liuya802
http://www.zhihu.com/people/li-bao-ming-53
http://www.zhihu.com/people/demx
http://www.zhihu.com/people/fxzeng
http://www.zhihu.com/people/paul_lin
http://www.zhihu.com/people/hackdata
http://www.zhihu.com/people/wangping
http://www.zhihu.com/people/azhu
http://www.zhihu.com/people/shechjk
http://www.zhihu.com/people/chong
http://www.zhihu.com/people/tang-chen
http://www.zhihu.com/people/kidult
http://www.zhihu.com/people/wind
http://www.zhihu.com/people/quiver
http://www.zhihu.com/people/blue
http://www.zhihu.com/people/gong-le-tian
http://www.zhihu.com/people/wangziqiao
http://www.zhihu.com/people/mali
http://www.zhihu.com/people/zxygentoo
