http://www.zhihu.com/people/jiedushi
http://www.zhihu.com/people/li-shou-yin-89
http://www.zhihu.com/people/BeansTang
http://www.zhihu.com/people/cat-bless
http://www.zhihu.com/people/li-an-hong-59
http://www.zhihu.com/people/lu-yu-56-98
http://www.zhihu.com/people/sun-hai-xin
http://www.zhihu.com/people/ying-49
http://www.zhihu.com/people/ri-nian
http://www.zhihu.com/people/liu-yuan-19-37
http://www.zhihu.com/people/jsttng
http://www.zhihu.com/people/liu-jin-long-44
http://www.zhihu.com/people/li-fan-fan-1
http://www.zhihu.com/people/luo-zhe-33
http://www.zhihu.com/people/aboutleo
http://www.zhihu.com/people/mu-dian-yan-ma
http://www.zhihu.com/people/riverking
http://www.zhihu.com/people/gua-niu-jia
http://www.zhihu.com/people/mouji
http://www.zhihu.com/people/iamlyleung
http://www.zhihu.com/people/yier-3-96
http://www.zhihu.com/people/zhang-di-zhi
http://www.zhihu.com/people/xing-kong-11-78
http://www.zhihu.com/people/di_strategy
http://www.zhihu.com/people/xiang-pei
http://www.zhihu.com/people/liyu1990
http://www.zhihu.com/people/jasondstar
http://www.zhihu.com/people/aboutdream
http://www.zhihu.com/people/chen-zhen-hui
http://www.zhihu.com/people/huang-zi-xu
http://www.zhihu.com/people/shizhao
http://www.zhihu.com/people/cui-yi-ran
http://www.zhihu.com/people/qiu-chang-sa-er
http://www.zhihu.com/people/neo-ke
http://www.zhihu.com/people/khowarizmi
http://www.zhihu.com/people/xiang-jiang
http://www.zhihu.com/people/ci-ke-41
http://www.zhihu.com/people/mu-you-cun-65
http://www.zhihu.com/people/kongkang
http://www.zhihu.com/people/gao-gao-72
http://www.zhihu.com/people/wang-peng-79-81
http://www.zhihu.com/people/HadisYe
http://www.zhihu.com/people/hfcorriez
http://www.zhihu.com/people/wu-zhi-mi
http://www.zhihu.com/people/charles-gonzalez
http://www.zhihu.com/people/jin-xin-8-96
http://www.zhihu.com/people/su-xiao-ke-33
http://www.zhihu.com/people/han-dong-89
http://www.zhihu.com/people/seenzhao
http://www.zhihu.com/people/vincent-gui
http://www.zhihu.com/people/zhang-wei-85-62
http://www.zhihu.com/people/yang-ding-peng
http://www.zhihu.com/people/mu-qing-73-75
http://www.zhihu.com/people/ayr1
http://www.zhihu.com/people/pan-ling-15-1
http://www.zhihu.com/people/siva
http://www.zhihu.com/people/nicai-sui
http://www.zhihu.com/people/tonydeng
http://www.zhihu.com/people/ye-frank
http://www.zhihu.com/people/mymiss
http://www.zhihu.com/people/foreverbeing
http://www.zhihu.com/people/byerancy
http://www.zhihu.com/people/su-liang-liang
http://www.zhihu.com/people/gui-sheng-74
http://www.zhihu.com/people/liu-xiao-guai-89
http://www.zhihu.com/people/c447279704
http://www.zhihu.com/people/li-gou-dan-66-93
http://www.zhihu.com/people/cheng-jun-87
http://www.zhihu.com/people/nulltao
http://www.zhihu.com/people/deepering
http://www.zhihu.com/people/xu-zhi-chao-18
http://www.zhihu.com/people/tian-lin-95
http://www.zhihu.com/people/desperatecat
http://www.zhihu.com/people/sherry-yu-95
http://www.zhihu.com/people/song-rui-84
http://www.zhihu.com/people/feng-hao-84
http://www.zhihu.com/people/tang-jing-yu-24
http://www.zhihu.com/people/jnyh
http://www.zhihu.com/people/reese717
http://www.zhihu.com/people/xie-wei-you
http://www.zhihu.com/people/xie-da-xia
http://www.zhihu.com/people/geyuntian
http://www.zhihu.com/people/hou-yu-ping
http://www.zhihu.com/people/kkkkkira
http://www.zhihu.com/people/haoyuantan
http://www.zhihu.com/people/lichengrant
http://www.zhihu.com/people/zhykate
http://www.zhihu.com/people/mo_no
http://www.zhihu.com/people/duan-cheng-jia
http://www.zhihu.com/people/gavenzhang
http://www.zhihu.com/people/chen-shao-zhi
http://www.zhihu.com/people/tang-jue-42
http://www.zhihu.com/people/ebbl
http://www.zhihu.com/people/xiao-chu
http://www.zhihu.com/people/yslove
http://www.zhihu.com/people/chuang-ye-95
http://www.zhihu.com/people/neil-35-70
http://www.zhihu.com/people/xuexiao
http://www.zhihu.com/people/tata-zhu
http://www.zhihu.com/people/ho-henry
http://www.zhihu.com/people/yang-guang-31-63
http://www.zhihu.com/people/e-tong
http://www.zhihu.com/people/losing
http://www.zhihu.com/people/sun-da-peng-64
http://www.zhihu.com/people/yeah619
http://www.zhihu.com/people/jude-27-34
http://www.zhihu.com/people/wei-yuan-zhe
http://www.zhihu.com/people/liu-ze-18-75
http://www.zhihu.com/people/hu-long-84
http://www.zhihu.com/people/ding-ding-84-86
http://www.zhihu.com/people/liu-wei-83
http://www.zhihu.com/people/jun-yi-14
http://www.zhihu.com/people/laura-2
http://www.zhihu.com/people/jingshuai
http://www.zhihu.com/people/xiao-yi-21
http://www.zhihu.com/people/noyy
http://www.zhihu.com/people/xiao-zhe-31
http://www.zhihu.com/people/VerucaChan
http://www.zhihu.com/people/OnlyIndex
http://www.zhihu.com/people/wang-bao-an
http://www.zhihu.com/people/aplus-lee
http://www.zhihu.com/people/lovechao712
http://www.zhihu.com/people/yyisgod
http://www.zhihu.com/people/itmutong
http://www.zhihu.com/people/nosuns
http://www.zhihu.com/people/shaxjl
http://www.zhihu.com/people/niu-ji-ye
http://www.zhihu.com/people/su-pei-ran-85
http://www.zhihu.com/people/meng-tao-50
http://www.zhihu.com/people/shenpp
http://www.zhihu.com/people/qian-jing-wei
http://www.zhihu.com/people/chen-qing-zhi-79-39
http://www.zhihu.com/people/mu-rong-hua-81
http://www.zhihu.com/people/li-si-shen-79
http://www.zhihu.com/people/jiu-ke
http://www.zhihu.com/people/jony-chang
http://www.zhihu.com/people/KinKanDesu
http://www.zhihu.com/people/uitony
http://www.zhihu.com/people/zheng-yuan-shan
http://www.zhihu.com/people/kenny_0922
http://www.zhihu.com/people/timaobrother
http://www.zhihu.com/people/zhou-xiao-hua-86
http://www.zhihu.com/people/jin-dan
http://www.zhihu.com/people/zhao-li-ji-53
http://www.zhihu.com/people/jun-lin-29
http://www.zhihu.com/people/microsoft-.net
http://www.zhihu.com/people/golden
http://www.zhihu.com/people/li-yan-58-57
http://www.zhihu.com/people/JoeyZhi
http://www.zhihu.com/people/ting-liu-55
http://www.zhihu.com/people/khaki-29
http://www.zhihu.com/people/wangyue
http://www.zhihu.com/people/lin-hui-huang-12
http://www.zhihu.com/people/wang-mu-66
http://www.zhihu.com/people/x_gy
http://www.zhihu.com/people/jeromek
http://www.zhihu.com/people/du-mian-19
http://www.zhihu.com/people/cheng-zeng-cun
http://www.zhihu.com/people/ivane
http://www.zhihu.com/people/qichangxing
http://www.zhihu.com/people/deng_bibi
http://www.zhihu.com/people/zhu-chao-73
http://www.zhihu.com/people/yuan-zhi-15
http://www.zhihu.com/people/jin-ze-32
http://www.zhihu.com/people/tianshanglansedetian
http://www.zhihu.com/people/pan-shi-yun
http://www.zhihu.com/people/wujinzhi
http://www.zhihu.com/people/chen900225
http://www.zhihu.com/people/zheng-helen
http://www.zhihu.com/people/luo-bu-xian-ren
http://www.zhihu.com/people/wang-xiao-yu-68-93
http://www.zhihu.com/people/meng-xiang-jia-13
http://www.zhihu.com/people/sanqiangz
http://www.zhihu.com/people/todayrocktodayroll
http://www.zhihu.com/people/phos
http://www.zhihu.com/people/blake-jin
http://www.zhihu.com/people/mazimin
http://www.zhihu.com/people/gfreezy
http://www.zhihu.com/people/sun-jian-qing
http://www.zhihu.com/people/rui-cheng-44
http://www.zhihu.com/people/qu-peng-tao
http://www.zhihu.com/people/standingwall
http://www.zhihu.com/people/jjchen519
http://www.zhihu.com/people/fei-yu-67-58
http://www.zhihu.com/people/Lynn-chai
http://www.zhihu.com/people/huang-ke-wang
http://www.zhihu.com/people/li-hui-72
http://www.zhihu.com/people/zhou-tao-31
http://www.zhihu.com/people/laughingjacky
http://www.zhihu.com/people/dai-xiao-lan
http://www.zhihu.com/people/Menonge
http://www.zhihu.com/people/jackie-69
http://www.zhihu.com/people/shawn1943
http://www.zhihu.com/people/bingege
http://www.zhihu.com/people/qinhuai
http://www.zhihu.com/people/walkxi
http://www.zhihu.com/people/GilgameshK
http://www.zhihu.com/people/bai-ye-51
http://www.zhihu.com/people/chen-chang-gen-30
http://www.zhihu.com/people/lin-liu-89-97
http://www.zhihu.com/people/tan-ri-tian
http://www.zhihu.com/people/jiang-jia-yin-18
http://www.zhihu.com/people/yun-tu-42
http://www.zhihu.com/people/yan-ming-li-ge
http://www.zhihu.com/people/andy-5
http://www.zhihu.com/people/mina-fan
http://www.zhihu.com/people/alone2007
http://www.zhihu.com/people/dan-hei
http://www.zhihu.com/people/a-hun
http://www.zhihu.com/people/er-fei-fei
http://www.zhihu.com/people/dongyanlong
http://www.zhihu.com/people/luo-hao-20
http://www.zhihu.com/people/ding-gui-jiang
http://www.zhihu.com/people/deutsch-99
http://www.zhihu.com/people/pan-si-gou
http://www.zhihu.com/people/guo-da-lu-13-28
http://www.zhihu.com/people/feng-ming-chen
http://www.zhihu.com/people/hu-rou
http://www.zhihu.com/people/xia-yang-hong
http://www.zhihu.com/people/cheng-jia-peng
http://www.zhihu.com/people/peng-jian-90
http://www.zhihu.com/people/chenjianferrari
http://www.zhihu.com/people/zheng-xin-56
http://www.zhihu.com/people/ong-iao-ong-96
http://www.zhihu.com/people/jiachong
http://www.zhihu.com/people/liang-zhou-zhou
http://www.zhihu.com/people/wang-dan-ni-51
http://www.zhihu.com/people/situchuifeng
http://www.zhihu.com/people/song-ye-zi
http://www.zhihu.com/people/wu-hai-25
http://www.zhihu.com/people/wu-xu-75
http://www.zhihu.com/people/bi-peng
http://www.zhihu.com/people/wen-da-ya-55
http://www.zhihu.com/people/xiao-shuang-72-85
http://www.zhihu.com/people/huang-cheng-cheng-26
http://www.zhihu.com/people/dou-ke-qin
http://www.zhihu.com/people/ri-ye-qian-chi
http://www.zhihu.com/people/jun-mo-xiao-47
http://www.zhihu.com/people/genggeng
http://www.zhihu.com/people/guo-jia-63-58
http://www.zhihu.com/people/he-yuan-sheng
http://www.zhihu.com/people/zhu-li-juan-5
http://www.zhihu.com/people/ge-lin-29
http://www.zhihu.com/people/joe-hero
http://www.zhihu.com/people/zhang-peng-38-62
http://www.zhihu.com/people/deng-zhi-fan
http://www.zhihu.com/people/liu-bo-34
http://www.zhihu.com/people/du-xing-zhi
http://www.zhihu.com/people/tu-yang-guang
http://www.zhihu.com/people/cjunhong
http://www.zhihu.com/people/wen-chao-85-83
http://www.zhihu.com/people/wang-lu-6
http://www.zhihu.com/people/chen-qing-wen-14
http://www.zhihu.com/people/wang-yier-16
http://www.zhihu.com/people/black-edna
http://www.zhihu.com/people/zong-qiang-73
http://www.zhihu.com/people/froyoe
http://www.zhihu.com/people/tang-xiao-wei-41
http://www.zhihu.com/people/junjunxiao
http://www.zhihu.com/people/daban
http://www.zhihu.com/people/jackyxiong
http://www.zhihu.com/people/wucongcong
http://www.zhihu.com/people/fay-wen
http://www.zhihu.com/people/shanyongming
http://www.zhihu.com/people/wang-tian-xiao
http://www.zhihu.com/people/li-bo-yu-85
http://www.zhihu.com/people/du-yu-jing
http://www.zhihu.com/people/lawkingchina
http://www.zhihu.com/people/CastielLin
http://www.zhihu.com/people/da-xia-76
http://www.zhihu.com/people/bitmirage
http://www.zhihu.com/people/qqw-ssdd
http://www.zhihu.com/people/li-zi-ding-1
http://www.zhihu.com/people/yu-zhe-32-34
http://www.zhihu.com/people/flygon
http://www.zhihu.com/people/nyanzhang
http://www.zhihu.com/people/huang-hai-tao-23
http://www.zhihu.com/people/liao-tian-___-lang
http://www.zhihu.com/people/pan-wen-bo-45
http://www.zhihu.com/people/yueshizhoupu
http://www.zhihu.com/people/tangren088
http://www.zhihu.com/people/xiao-yu-92-24
http://www.zhihu.com/people/chundonghu
http://www.zhihu.com/people/iblacksun
http://www.zhihu.com/people/yu-tou-tou-tou
http://www.zhihu.com/people/mo-xiao-mai
http://www.zhihu.com/people/xie-jun-91
http://www.zhihu.com/people/qsthink
http://www.zhihu.com/people/jiang-quan-85
http://www.zhihu.com/people/guanchajia
http://www.zhihu.com/people/Dominic_
http://www.zhihu.com/people/liu-shao-peng
http://www.zhihu.com/people/zhang-zhuo-ran-11
http://www.zhihu.com/people/zhang-zhao-hui-83
http://www.zhihu.com/people/sbilly
http://www.zhihu.com/people/zhu-salicean
http://www.zhihu.com/people/feng-xiao-yan-17
http://www.zhihu.com/people/wayne-97
http://www.zhihu.com/people/zhou-zi-lin-39
http://www.zhihu.com/people/susan-su-47
http://www.zhihu.com/people/felixyan
http://www.zhihu.com/people/ceng-zi-yu-51
http://www.zhihu.com/people/xiao-dao-uniq
http://www.zhihu.com/people/megan-ma
http://www.zhihu.com/people/zhao-jing-yi-69
http://www.zhihu.com/people/zhang-zi-shu
http://www.zhihu.com/people/chao-yi-8
http://www.zhihu.com/people/KnottedRain
http://www.zhihu.com/people/iseesea
http://www.zhihu.com/people/shu-yun-36
http://www.zhihu.com/people/zuo-you-57-88
http://www.zhihu.com/people/sr-lee
http://www.zhihu.com/people/xiao-feng-83-87
http://www.zhihu.com/people/happy10086
http://www.zhihu.com/people/hipartner.cn
http://www.zhihu.com/people/zhao-ming-he
http://www.zhihu.com/people/zozoh
http://www.zhihu.com/people/liu-liu-su
http://www.zhihu.com/people/zhihu_weekly
http://www.zhihu.com/people/wangj
http://www.zhihu.com/people/wang-zu-73
http://www.zhihu.com/people/wang-jun-59-77
http://www.zhihu.com/people/liang-le-le
http://www.zhihu.com/people/she-hua
http://www.zhihu.com/people/wu-di-40-50
http://www.zhihu.com/people/tina-chris-28
http://www.zhihu.com/people/chen-jian-4-46
http://www.zhihu.com/people/shi-tao-2
http://www.zhihu.com/people/ferrysoon
http://www.zhihu.com/people/yang-shu-rui
http://www.zhihu.com/people/yan-feng-27-47
http://www.zhihu.com/people/zhang-yi-ping-84
http://www.zhihu.com/people/huangya-95
http://www.zhihu.com/people/bfjiaren
http://www.zhihu.com/people/aoki-10
http://www.zhihu.com/people/afeng
http://www.zhihu.com/people/chen-yi-zhu-11
http://www.zhihu.com/people/yujinfeng
http://www.zhihu.com/people/si-yi-qing-53
http://www.zhihu.com/people/xiao-kun-82
http://www.zhihu.com/people/vince-wen
http://www.zhihu.com/people/air_matthew
http://www.zhihu.com/people/xi-bei-xin-he
http://www.zhihu.com/people/guo-li-wei-22
http://www.zhihu.com/people/huluwahappy
http://www.zhihu.com/people/qing-lian
http://www.zhihu.com/people/wangrun
http://www.zhihu.com/people/iyucci
http://www.zhihu.com/people/kidding-just-42
http://www.zhihu.com/people/zhao-xuan-62
http://www.zhihu.com/people/nndnnd
http://www.zhihu.com/people/mvie
http://www.zhihu.com/people/crnlaimo-xiao-nian
http://www.zhihu.com/people/fangwenyang
http://www.zhihu.com/people/zhao-kang-37-99
http://www.zhihu.com/people/yang-yang-43-80
http://www.zhihu.com/people/freeedman
http://www.zhihu.com/people/chu-pei-rui
http://www.zhihu.com/people/mei-qi-lin-9
http://www.zhihu.com/people/shao-xin-yi-78
http://www.zhihu.com/people/wang-wen-ping-27
http://www.zhihu.com/people/zhang-heng-81
http://www.zhihu.com/people/drifter-16
http://www.zhihu.com/people/butcherv
http://www.zhihu.com/people/rcing
http://www.zhihu.com/people/zhang-li-61-98
http://www.zhihu.com/people/imtoby
http://www.zhihu.com/people/chen-jun-jie-23-33
http://www.zhihu.com/people/yi-kai-62
http://www.zhihu.com/people/fanbao
http://www.zhihu.com/people/lin-xin-ming-34
http://www.zhihu.com/people/Chen-Yaning
http://www.zhihu.com/people/xi-bei-she-tian-lang
http://www.zhihu.com/people/mo-ni-qia-93
http://www.zhihu.com/people/vincent-deng
http://www.zhihu.com/people/yu-qiu-31
http://www.zhihu.com/people/huang-pan-85
http://www.zhihu.com/people/whoomin
http://www.zhihu.com/people/hu-xiao-41
http://www.zhihu.com/people/maxyz
http://www.zhihu.com/people/qi-qi-52-78
http://www.zhihu.com/people/shi-jia-jun-63
http://www.zhihu.com/people/xie-kang-25-72
http://www.zhihu.com/people/lei-lei-2-99
http://www.zhihu.com/people/zou-xren-gui
http://www.zhihu.com/people/tian-tu-shu-shu
http://www.zhihu.com/people/yu-xin-kai-64
http://www.zhihu.com/people/noff
http://www.zhihu.com/people/mi-xiang-chong
http://www.zhihu.com/people/zhang-zhi-jun-12
http://www.zhihu.com/people/sun-rui-25
http://www.zhihu.com/people/duoluoyuan
http://www.zhihu.com/people/cindy-cui-9
http://www.zhihu.com/people/000088
http://www.zhihu.com/people/joycelaujia
http://www.zhihu.com/people/dongziw
http://www.zhihu.com/people/gaotz
http://www.zhihu.com/people/IamLpan
http://www.zhihu.com/people/leng-dong-xue
http://www.zhihu.com/people/W18Cr4V
http://www.zhihu.com/people/wangshuo
http://www.zhihu.com/people/beasum
http://www.zhihu.com/people/will-cosmos
http://www.zhihu.com/people/lexie-han
http://www.zhihu.com/people/resistencejack
http://www.zhihu.com/people/yu-qi-qian
http://www.zhihu.com/people/lostfly
http://www.zhihu.com/people/reagan-su
http://www.zhihu.com/people/xiangyiqian
http://www.zhihu.com/people/mengshuai
http://www.zhihu.com/people/mo-jie-46
http://www.zhihu.com/people/wbdun
http://www.zhihu.com/people/scorpio-fly
http://www.zhihu.com/people/dan-da-fan
http://www.zhihu.com/people/ai-you-tian
http://www.zhihu.com/people/lin-dong-50
http://www.zhihu.com/people/yang-zhuo-ran-14
http://www.zhihu.com/people/bai-ye-48
http://www.zhihu.com/people/ni-qiang-64
http://www.zhihu.com/people/xi-yu-man-di
http://www.zhihu.com/people/jaywalker
http://www.zhihu.com/people/wang-shuo-40-35
http://www.zhihu.com/people/ren-xue-peng
http://www.zhihu.com/people/yang-fan-run
http://www.zhihu.com/people/ming-feng-82
http://www.zhihu.com/people/ariel-liu
http://www.zhihu.com/people/chentu
http://www.zhihu.com/people/zhu-shi-jie-6
http://www.zhihu.com/people/THFQ
http://www.zhihu.com/people/jie-li-70
http://www.zhihu.com/people/dapangzhi
http://www.zhihu.com/people/gao-shan-75
http://www.zhihu.com/people/fang-fang-er
http://www.zhihu.com/people/sirsir-law
http://www.zhihu.com/people/su-xiao-mi-34
http://www.zhihu.com/people/maoyaozi
http://www.zhihu.com/people/wangtengchuan
http://www.zhihu.com/people/kermitc
http://www.zhihu.com/people/xu-ray
http://www.zhihu.com/people/sunny-34-22
http://www.zhihu.com/people/oceandeep
http://www.zhihu.com/people/yang-er-long
http://www.zhihu.com/people/lizy-31
http://www.zhihu.com/people/wang-hao-ming-94-57
http://www.zhihu.com/people/zhao-yang-xin
http://www.zhihu.com/people/ma-que-10
http://www.zhihu.com/people/lchongbo
http://www.zhihu.com/people/wang-guo-jian
http://www.zhihu.com/people/ifangcy
http://www.zhihu.com/people/jun-li-73-97
http://www.zhihu.com/people/yi-ran-fan-90
http://www.zhihu.com/people/stephanie-73
http://www.zhihu.com/people/chen-chen-78-1
http://www.zhihu.com/people/pao-mian-53
http://www.zhihu.com/people/peoplegxs
http://www.zhihu.com/people/greenblue-11
http://www.zhihu.com/people/wang-xiao-feng-73-62
http://www.zhihu.com/people/nen-cao
http://www.zhihu.com/people/yangyue
http://www.zhihu.com/people/zhong-ye-zi-49
http://www.zhihu.com/people/Stormyy
http://www.zhihu.com/people/wang-biao-99-71
http://www.zhihu.com/people/okevin
http://www.zhihu.com/people/suhaixin
http://www.zhihu.com/people/mark-wang-7
http://www.zhihu.com/people/feng-kai-26
http://www.zhihu.com/people/yuan-mu-xiong-59
http://www.zhihu.com/people/chiu-steven
http://www.zhihu.com/people/zhi-ye-88
http://www.zhihu.com/people/chen-ze-yu-28
http://www.zhihu.com/people/lin-lindsey
http://www.zhihu.com/people/sky-fall
http://www.zhihu.com/people/mi-tang-19
http://www.zhihu.com/people/huang-bu-zheng
http://www.zhihu.com/people/findmyway
http://www.zhihu.com/people/can-zhao
http://www.zhihu.com/people/xiaoxiao8877
http://www.zhihu.com/people/yukimdom
http://www.zhihu.com/people/blueryu
http://www.zhihu.com/people/hu-cheng-yi-56
http://www.zhihu.com/people/li-hui-58-74
http://www.zhihu.com/people/wei-li-gan
http://www.zhihu.com/people/wang-ji-85
http://www.zhihu.com/people/ma-bei-bei-96
http://www.zhihu.com/people/shao-peng-75
http://www.zhihu.com/people/tiaoge
http://www.zhihu.com/people/man-jiang-hong
http://www.zhihu.com/people/yiwei-55
http://www.zhihu.com/people/jie-yu-gan
http://www.zhihu.com/people/jackdu
http://www.zhihu.com/people/liu-shu-chen-10
http://www.zhihu.com/people/zhang-xiao-xian-26
http://www.zhihu.com/people/su-zhi-yi
http://www.zhihu.com/people/shishan
http://www.zhihu.com/people/wen-mo-2-3
http://www.zhihu.com/people/zhang-zhi-qiang-28-28
http://www.zhihu.com/people/xu-yi-94
http://www.zhihu.com/people/wu-yu-yang-63
http://www.zhihu.com/people/li-xiao-wen-82
http://www.zhihu.com/people/wang-xiao-yue-86
http://www.zhihu.com/people/xiao-min-66
http://www.zhihu.com/people/auto-shutten
http://www.zhihu.com/people/gao-hang-97
http://www.zhihu.com/people/zhenghaorocks
http://www.zhihu.com/people/xie-zhi-qiang-91
http://www.zhihu.com/people/bai-ju-18
http://www.zhihu.com/people/wang-hai-bo-44
http://www.zhihu.com/people/gao-dei
http://www.zhihu.com/people/yitong-huang
http://www.zhihu.com/people/liusiyu
http://www.zhihu.com/people/strike-18
http://www.zhihu.com/people/heyuthere
http://www.zhihu.com/people/shi-yilang-cai
http://www.zhihu.com/people/Lost_missing
http://www.zhihu.com/people/hu-zhi-3
http://www.zhihu.com/people/gu-nian-nian
http://www.zhihu.com/people/qianyugang
http://www.zhihu.com/people/wang-dou-ya
http://www.zhihu.com/people/liu-wen-ding
http://www.zhihu.com/people/tounitony
http://www.zhihu.com/people/chen-xiao-chun
http://www.zhihu.com/people/welight
http://www.zhihu.com/people/yao-hao-dong
http://www.zhihu.com/people/JerryWHU
http://www.zhihu.com/people/kongdede
http://www.zhihu.com/people/ding-ya-guang
http://www.zhihu.com/people/zhan-lan-34
http://www.zhihu.com/people/hu-guan-ming
http://www.zhihu.com/people/zhu-yong-36
http://www.zhihu.com/people/hei-hey
http://www.zhihu.com/people/du-zha-zha
http://www.zhihu.com/people/yuanfei0304
http://www.zhihu.com/people/ferch
http://www.zhihu.com/people/chafon
http://www.zhihu.com/people/zinglee
http://www.zhihu.com/people/jason-34-47
http://www.zhihu.com/people/maclapton
http://www.zhihu.com/people/sdra
http://www.zhihu.com/people/he-zhi-85
http://www.zhihu.com/people/zhihuun
http://www.zhihu.com/people/yang-yao-hui
http://www.zhihu.com/people/wang-wei-yi-90
http://www.zhihu.com/people/hydra-10
http://www.zhihu.com/people/hfitp
http://www.zhihu.com/people/liang-yu-fan
http://www.zhihu.com/people/yi-sen-8
http://www.zhihu.com/people/iamfbh
http://www.zhihu.com/people/xiaofengfu
http://www.zhihu.com/people/pan-liang-jie
http://www.zhihu.com/people/chen-li-68-10
http://www.zhihu.com/people/xu-ren-fei-68
http://www.zhihu.com/people/imnov
http://www.zhihu.com/people/shorttime
http://www.zhihu.com/people/yuan-jun-74
http://www.zhihu.com/people/techoxygen
http://www.zhihu.com/people/jian-zi-42
http://www.zhihu.com/people/chaji
http://www.zhihu.com/people/qin-kang-bao
http://www.zhihu.com/people/min-wang-87
http://www.zhihu.com/people/cherrydcy
http://www.zhihu.com/people/yang-gang-10
http://www.zhihu.com/people/yu-san-geng
http://www.zhihu.com/people/hectorguo
http://www.zhihu.com/people/regen-fan
http://www.zhihu.com/people/guo-mian-mian
http://www.zhihu.com/people/a-ding-30
http://www.zhihu.com/people/loseyear
http://www.zhihu.com/people/xiao-ji-chao
http://www.zhihu.com/people/zhengziyang
http://www.zhihu.com/people/hufutoto.com
http://www.zhihu.com/people/zhang-chao-91-77
http://www.zhihu.com/people/jiu-si-72
http://www.zhihu.com/people/pan-xi-ting
http://www.zhihu.com/people/kevin_15010
http://www.zhihu.com/people/wang-bin-26-89
http://www.zhihu.com/people/deng-yuan-66
http://www.zhihu.com/people/lloveu
http://www.zhihu.com/people/aullik5
http://www.zhihu.com/people/ji-peng-cheng-66
http://www.zhihu.com/people/apin
http://www.zhihu.com/people/you-ran-69
http://www.zhihu.com/people/zhang-chun-jiang-82
http://www.zhihu.com/people/melodybusy
http://www.zhihu.com/people/TheChyi
http://www.zhihu.com/people/li-lin-6-89
http://www.zhihu.com/people/chang-cheng-jiang
http://www.zhihu.com/people/chen-ying-xia
http://www.zhihu.com/people/wheel-time
http://www.zhihu.com/people/wang-jiang-87
http://www.zhihu.com/people/jackzhang2014
http://www.zhihu.com/people/zhang-hang-70
http://www.zhihu.com/people/wangweizhe
http://www.zhihu.com/people/zhu-ge-5
http://www.zhihu.com/people/ji-ji-99
http://www.zhihu.com/people/bailob
http://www.zhihu.com/people/huyibuct
http://www.zhihu.com/people/lin-bai-su
http://www.zhihu.com/people/liu-teng-yuan
http://www.zhihu.com/people/qethan
http://www.zhihu.com/people/logichao
http://www.zhihu.com/people/983521
http://www.zhihu.com/people/chen-peng-67-22
http://www.zhihu.com/people/du-hui-sen
http://www.zhihu.com/people/han-yixin
http://www.zhihu.com/people/guo-yi-jiang-85
http://www.zhihu.com/people/wensisunny
http://www.zhihu.com/people/glen_luo
http://www.zhihu.com/people/nie-ya-jie
http://www.zhihu.com/people/ZhangJianForV
http://www.zhihu.com/people/yuele
http://www.zhihu.com/people/li-xiang-29-5
http://www.zhihu.com/people/zhang-zheng-michael
http://www.zhihu.com/people/meiguize
http://www.zhihu.com/people/konny-st
http://www.zhihu.com/people/sun-xiao-shan-19
http://www.zhihu.com/people/jackie-wang
http://www.zhihu.com/people/qin-bo-kun
http://www.zhihu.com/people/bianchun
http://www.zhihu.com/people/li-dong-16-21
http://www.zhihu.com/people/luoxr
http://www.zhihu.com/people/SUNYATSEN
http://www.zhihu.com/people/wang-wei-84-47
http://www.zhihu.com/people/su7ao
http://www.zhihu.com/people/yang-qiong-61
http://www.zhihu.com/people/ceng-zhao-hao
http://www.zhihu.com/people/wang-shi-guan
http://www.zhihu.com/people/Derek-Mei
http://www.zhihu.com/people/chen-xi-78-20
http://www.zhihu.com/people/chen-lin-22
http://www.zhihu.com/people/liu-de-47
http://www.zhihu.com/people/yuger.net
http://www.zhihu.com/people/zhu-xing-zhou
http://www.zhihu.com/people/zhangfeiadts
http://www.zhihu.com/people/zhang-yi-fan-48
http://www.zhihu.com/people/EvaFlYs
http://www.zhihu.com/people/zhao-jiang-fan
http://www.zhihu.com/people/zhou-zhi-qing-13
http://www.zhihu.com/people/wan-ying-zi
http://www.zhihu.com/people/zhuanghu
http://www.zhihu.com/people/xoxo-1160
http://www.zhihu.com/people/xia-xiao-qi-15
http://www.zhihu.com/people/fu-fa-qiang
http://www.zhihu.com/people/jeffrey-lv
http://www.zhihu.com/people/xie-yu-4
http://www.zhihu.com/people/lu-xiang-89
http://www.zhihu.com/people/jwang-62
http://www.zhihu.com/people/zou-dao-kou
http://www.zhihu.com/people/wu-lin-yi
http://www.zhihu.com/people/liang-shuang-15
http://www.zhihu.com/people/thewei
http://www.zhihu.com/people/Paitanapilahmima
http://www.zhihu.com/people/jin-cheng-tan
http://www.zhihu.com/people/bombay
http://www.zhihu.com/people/xiaoxiao_4399
http://www.zhihu.com/people/wang-xiao-qi-53
http://www.zhihu.com/people/chen-hao-81
http://www.zhihu.com/people/susus
http://www.zhihu.com/people/ma-wen-mei-76
http://www.zhihu.com/people/dingshilei
http://www.zhihu.com/people/zjuzhangchi
http://www.zhihu.com/people/zhang-quan-lei
http://www.zhihu.com/people/huceo
http://www.zhihu.com/people/wang-jia-wei-45-85
http://www.zhihu.com/people/treyC
http://www.zhihu.com/people/zhangrongjie
http://www.zhihu.com/people/dong-hai-fei
http://www.zhihu.com/people/wang-yue-kun-66
http://www.zhihu.com/people/wen-lue-gan
http://www.zhihu.com/people/cui-bo-kai
http://www.zhihu.com/people/linco-39
http://www.zhihu.com/people/moyibei
http://www.zhihu.com/people/steven-lu-30
http://www.zhihu.com/people/liu-hai-bo-99-41
http://www.zhihu.com/people/marshalchen
http://www.zhihu.com/people/yin-zhong-lin
http://www.zhihu.com/people/airwolf2026
http://www.zhihu.com/people/gaoyuhao
http://www.zhihu.com/people/jiang-hu-14-65
http://www.zhihu.com/people/arnold-shen
http://www.zhihu.com/people/zhang-xiao-9-88
http://www.zhihu.com/people/wang-yan-chao-6
http://www.zhihu.com/people/wei-chen-hao
http://www.zhihu.com/people/tianpan
http://www.zhihu.com/people/yan-er-jane
http://www.zhihu.com/people/liu-cong-er
http://www.zhihu.com/people/zhou-wang-le
http://www.zhihu.com/people/wang-qing-38
http://www.zhihu.com/people/kong-wei-yi-2
http://www.zhihu.com/people/farseereye
http://www.zhihu.com/people/shen-chuang-yu
http://www.zhihu.com/people/duan-fei-65
http://www.zhihu.com/people/zhang-hai-tao-84
http://www.zhihu.com/people/fan-jiang-yong
http://www.zhihu.com/people/dragonkill
http://www.zhihu.com/people/tao-tao-990
http://www.zhihu.com/people/li-wei-si-303
http://www.zhihu.com/people/zhi-yan-50
http://www.zhihu.com/people/n-emo
http://www.zhihu.com/people/shen-jing-9
http://www.zhihu.com/people/lydia-7
http://www.zhihu.com/people/xm726
http://www.zhihu.com/people/li-xiao-peng-45-18
http://www.zhihu.com/people/yutong1111
http://www.zhihu.com/people/qi-jia-bin
http://www.zhihu.com/people/maxzhang
http://www.zhihu.com/people/azureway
http://www.zhihu.com/people/tequila-3
http://www.zhihu.com/people/zhang-di-88
http://www.zhihu.com/people/liu-ze-hao-1
http://www.zhihu.com/people/jie-lei-15
http://www.zhihu.com/people/bigbowl
http://www.zhihu.com/people/xibin
http://www.zhihu.com/people/sagerastar
http://www.zhihu.com/people/ren-shi-xi
http://www.zhihu.com/people/xia-jie-95
http://www.zhihu.com/people/lazyzeng
http://www.zhihu.com/people/cnpmf
http://www.zhihu.com/people/lu-xiao-long-25
http://www.zhihu.com/people/su-yan-53
http://www.zhihu.com/people/beerdu
http://www.zhihu.com/people/su-de-7
http://www.zhihu.com/people/xi-men-yao-xue
http://www.zhihu.com/people/xuelanbin
http://www.zhihu.com/people/sun-qi-90
http://www.zhihu.com/people/bai-yan-shang-guan
http://www.zhihu.com/people/ixupeng
http://www.zhihu.com/people/chen-xiao-fei-10
http://www.zhihu.com/people/tang-xi-75
http://www.zhihu.com/people/ilook
http://www.zhihu.com/people/qiaoxiansheng
http://www.zhihu.com/people/lian-xiao-duo
http://www.zhihu.com/people/zhuyawen
http://www.zhihu.com/people/du-li-cheng-48
http://www.zhihu.com/people/zu-kai
http://www.zhihu.com/people/viki-zhang
http://www.zhihu.com/people/zhengran
http://www.zhihu.com/people/song-jia-yi
http://www.zhihu.com/people/yang-si-yan
http://www.zhihu.com/people/zhouyuan
http://www.zhihu.com/people/zhang-xiao-zhu-65
http://www.zhihu.com/people/yang-liu-6-54
http://www.zhihu.com/people/li-chang-yan
http://www.zhihu.com/people/yao-pei-sen
http://www.zhihu.com/people/LAOGUDONG
http://www.zhihu.com/people/John.z
http://www.zhihu.com/people/qiaoxiaodu
http://www.zhihu.com/people/gao-yin-pan
http://www.zhihu.com/people/lin-da-jun
http://www.zhihu.com/people/carterl
http://www.zhihu.com/people/an-bo-56
http://www.zhihu.com/people/mao-bin-5
http://www.zhihu.com/people/mao-rong-rong-38
http://www.zhihu.com/people/shi-xu-jing
http://www.zhihu.com/people/soonhuisky
http://www.zhihu.com/people/shi-kai-54
http://www.zhihu.com/people/yang-yu-hao-90
http://www.zhihu.com/people/bo-wen-88
http://www.zhihu.com/people/suanbing
http://www.zhihu.com/people/beiluoshimen
http://www.zhihu.com/people/meng-qing-biao
http://www.zhihu.com/people/yetone
http://www.zhihu.com/people/tong-min-64
http://www.zhihu.com/people/peng-yu-xin-10
http://www.zhihu.com/people/zhang-wei-5-23
http://www.zhihu.com/people/xiao-xie-23
http://www.zhihu.com/people/chun-sheng-9
http://www.zhihu.com/people/jie-yuan-32
http://www.zhihu.com/people/yang-wa
http://www.zhihu.com/people/liu-jia-ge
http://www.zhihu.com/people/forfun-71
http://www.zhihu.com/people/zzpro
http://www.zhihu.com/people/wei-xiao-mao
http://www.zhihu.com/people/mo-da
http://www.zhihu.com/people/zhao-dong-49
http://www.zhihu.com/people/fan-li-41
http://www.zhihu.com/people/t-fuego
http://www.zhihu.com/people/minmemory
http://www.zhihu.com/people/zhang-yu-sen
http://www.zhihu.com/people/hangzhi
http://www.zhihu.com/people/guo-wang
http://www.zhihu.com/people/stanlee
http://www.zhihu.com/people/konakona
http://www.zhihu.com/people/roarhan
http://www.zhihu.com/people/su-hang-47-66
http://www.zhihu.com/people/peng-wan-san
http://www.zhihu.com/people/yao-fan-75
http://www.zhihu.com/people/huiyuanpi
http://www.zhihu.com/people/zhang-yang-60-19
http://www.zhihu.com/people/svincent151586
http://www.zhihu.com/people/xie-yun-long-49
http://www.zhihu.com/people/bo-cai-28-7
http://www.zhihu.com/people/lichsatan
http://www.zhihu.com/people/peng-hui-jian
http://www.zhihu.com/people/hillman
http://www.zhihu.com/people/li-yun-1-93
http://www.zhihu.com/people/qiweipeng
http://www.zhihu.com/people/xu-yi-hong
http://www.zhihu.com/people/miho
http://www.zhihu.com/people/li-yu-min
http://www.zhihu.com/people/wei-jia-li
http://www.zhihu.com/people/myrt
http://www.zhihu.com/people/www.tongtianshun.com
http://www.zhihu.com/people/scalarize
http://www.zhihu.com/people/GJYuan
http://www.zhihu.com/people/slax
http://www.zhihu.com/people/shipeiju
http://www.zhihu.com/people/keepmovingzxw
http://www.zhihu.com/people/wang-xiao-xiao-71
http://www.zhihu.com/people/redwall
http://www.zhihu.com/people/ayiyiye
http://www.zhihu.com/people/guo-bao-xing
http://www.zhihu.com/people/ye-tao-rui
http://www.zhihu.com/people/ganjinzhong
http://www.zhihu.com/people/everte
http://www.zhihu.com/people/chen-zhi-hui-51
http://www.zhihu.com/people/waylybaye
http://www.zhihu.com/people/wang-wei-23-6
http://www.zhihu.com/people/miaosjn
http://www.zhihu.com/people/zhao-ming-hui
http://www.zhihu.com/people/chen-zhi-yuan-57
http://www.zhihu.com/people/chen-yang-28
http://www.zhihu.com/people/wei-rui-23-82
http://www.zhihu.com/people/chen-ningjing-jing
http://www.zhihu.com/people/lin-zhi-hua-39
http://www.zhihu.com/people/xiong-wei-73
http://www.zhihu.com/people/li-xi-ang
http://www.zhihu.com/people/www.zhihushi.com
http://www.zhihu.com/people/zhang-nan-5-5
http://www.zhihu.com/people/zhang-yong-heng
http://www.zhihu.com/people/damtrick
http://www.zhihu.com/people/leelooluu
http://www.zhihu.com/people/liu-yue-bing
http://www.zhihu.com/people/iyan
http://www.zhihu.com/people/lu-peng-wei
http://www.zhihu.com/people/victorxc
http://www.zhihu.com/people/robin-w
http://www.zhihu.com/people/bu-zhi-58
http://www.zhihu.com/people/jran
http://www.zhihu.com/people/guo-shao
http://www.zhihu.com/people/fajia
http://www.zhihu.com/people/gorkyming
http://www.zhihu.com/people/tu-yun-he
http://www.zhihu.com/people/zach
http://www.zhihu.com/people/maskn
http://www.zhihu.com/people/fu-xiao-bei
http://www.zhihu.com/people/zhangxiaoliang
http://www.zhihu.com/people/shen-min-lei
http://www.zhihu.com/people/miao-sen-90
http://www.zhihu.com/people/duan-qian-90
http://www.zhihu.com/people/wang-min-jun
http://www.zhihu.com/people/tian-min-cheng
http://www.zhihu.com/people/ava-25
http://www.zhihu.com/people/meng-you-87
http://www.zhihu.com/people/bu-lan-yuan-yuanyuan
http://www.zhihu.com/people/qian-qi-zheng
http://www.zhihu.com/people/xie-xin-72
http://www.zhihu.com/people/chen-jin-gen
http://www.zhihu.com/people/xu-zhi-hai
http://www.zhihu.com/people/gino
http://www.zhihu.com/people/lingyan
http://www.zhihu.com/people/yuanhang
http://www.zhihu.com/people/zhangtao168
http://www.zhihu.com/people/since1987
http://www.zhihu.com/people/ye-tian
http://www.zhihu.com/people/ying-ze-sheng
http://www.zhihu.com/people/hai-hua
http://www.zhihu.com/people/wu-ke-11
http://www.zhihu.com/people/qie-ge
http://www.zhihu.com/people/wnngcn
http://www.zhihu.com/people/zhu-xiao-qing-98
http://www.zhihu.com/people/xu-ru-cun
http://www.zhihu.com/people/airui
http://www.zhihu.com/people/huang-zhu-82
http://www.zhihu.com/people/cheng-ling-jian
http://www.zhihu.com/people/li-xi-40
http://www.zhihu.com/people/vanemu
http://www.zhihu.com/people/junjiemao
http://www.zhihu.com/people/icong
http://www.zhihu.com/people/tian-mu-kkk
http://www.zhihu.com/people/lin-ye-zhang
http://www.zhihu.com/people/wuweibo
http://www.zhihu.com/people/bingno
http://www.zhihu.com/people/whoRobert
http://www.zhihu.com/people/lamueno
http://www.zhihu.com/people/han-wei-peng
http://www.zhihu.com/people/jin-yu-12-7
http://www.zhihu.com/people/li-you-19-65
http://www.zhihu.com/people/xie-jian-jun-2
http://www.zhihu.com/people/luoyan9210
http://www.zhihu.com/people/ran-ye
http://www.zhihu.com/people/mondaylaugh
http://www.zhihu.com/people/zan-sen-sen
http://www.zhihu.com/people/elekchen
http://www.zhihu.com/people/youyue
http://www.zhihu.com/people/huangjunbuzaijia
http://www.zhihu.com/people/zhang-qiang-17
http://www.zhihu.com/people/rehmet
http://www.zhihu.com/people/haoyeye
http://www.zhihu.com/people/fan-he-40
http://www.zhihu.com/people/liu-dan-yang-64
http://www.zhihu.com/people/aaron-zhang-40
http://www.zhihu.com/people/zheng-li-51
http://www.zhihu.com/people/iyouth
http://www.zhihu.com/people/song-hai-gen
http://www.zhihu.com/people/zhang-yong-5-55
http://www.zhihu.com/people/echooooo
http://www.zhihu.com/people/harbuzi
http://www.zhihu.com/people/biantaishabi
http://www.zhihu.com/people/kinglon
http://www.zhihu.com/people/zuomomo
http://www.zhihu.com/people/hoosun
http://www.zhihu.com/people/xiao-xiao-54
http://www.zhihu.com/people/alex-huang-9
http://www.zhihu.com/people/fireos
http://www.zhihu.com/people/yi-zhi-chong-zi
http://www.zhihu.com/people/wjbf
http://www.zhihu.com/people/qingxia
http://www.zhihu.com/people/Billyshi
http://www.zhihu.com/people/glowdan
http://www.zhihu.com/people/sun-peng-chong
http://www.zhihu.com/people/zhu-xiao-wu-77
http://www.zhihu.com/people/matthew-chen
http://www.zhihu.com/people/ding-fan-70
http://www.zhihu.com/people/jinwei536
http://www.zhihu.com/people/mia-7
http://www.zhihu.com/people/liuweidong
http://www.zhihu.com/people/hao-shuai-peng
http://www.zhihu.com/people/wang-shou-dong-51
http://www.zhihu.com/people/guren
http://www.zhihu.com/people/eunice-80
http://www.zhihu.com/people/sayes
http://www.zhihu.com/people/mu-kun
http://www.zhihu.com/people/chen-guan-jun-9
http://www.zhihu.com/people/shi-qing-53
http://www.zhihu.com/people/SailYang
http://www.zhihu.com/people/llchat
http://www.zhihu.com/people/liu-wei-94-79
http://www.zhihu.com/people/luo-yong-qiang
http://www.zhihu.com/people/yu-bo-yu
http://www.zhihu.com/people/yan-tou
http://www.zhihu.com/people/xi-zi-61
http://www.zhihu.com/people/terryyang
http://www.zhihu.com/people/huang-chao-qiang
http://www.zhihu.com/people/sixunhuan
http://www.zhihu.com/people/duchao
http://www.zhihu.com/people/chen-chang-dong-77
http://www.zhihu.com/people/he-shun-jian
http://www.zhihu.com/people/li-xiao-1-80
http://www.zhihu.com/people/yaoshi
http://www.zhihu.com/people/lin-jia-jun-28
http://www.zhihu.com/people/zhou-jia-peng-6
http://www.zhihu.com/people/zhou-xiao-ye
http://www.zhihu.com/people/sophia-30
http://www.zhihu.com/people/liu-hong-cai
http://www.zhihu.com/people/ding-guo-feng
http://www.zhihu.com/people/chang-cheng-53
http://www.zhihu.com/people/sasiky
http://www.zhihu.com/people/shi-ling-jiao
http://www.zhihu.com/people/fan-xiao-11
http://www.zhihu.com/people/wen-jun-47
http://www.zhihu.com/people/yu-ming-ming-28
http://www.zhihu.com/people/xing-cheng-39
http://www.zhihu.com/people/monk-22
http://www.zhihu.com/people/ianv
http://www.zhihu.com/people/zhouc-64
http://www.zhihu.com/people/qcalex
http://www.zhihu.com/people/zydaniel
http://www.zhihu.com/people/guo-wei-36
http://www.zhihu.com/people/miao-rui-yuan
http://www.zhihu.com/people/zhang-yu-bao-52
http://www.zhihu.com/people/loafer
http://www.zhihu.com/people/li-zhen-huan
http://www.zhihu.com/people/xi-hui-hui
http://www.zhihu.com/people/zhujiyu
http://www.zhihu.com/people/han-yan-hui
http://www.zhihu.com/people/sanders
http://www.zhihu.com/people/unouou
http://www.zhihu.com/people/zhujiahui
http://www.zhihu.com/people/li-luo-70
http://www.zhihu.com/people/zhang-da-qing
http://www.zhihu.com/people/zhaochunqi
http://www.zhihu.com/people/zhang-chen-36
http://www.zhihu.com/people/he-si-wei
http://www.zhihu.com/people/mazure
http://www.zhihu.com/people/huang-xiao-mao
http://www.zhihu.com/people/zheng-wen-hui
http://www.zhihu.com/people/ifreedom
http://www.zhihu.com/people/yang-xin-53
http://www.zhihu.com/people/linkinmars
http://www.zhihu.com/people/hanhanhan
http://www.zhihu.com/people/he-chuan-37
http://www.zhihu.com/people/acmilanprince
http://www.zhihu.com/people/walken
http://www.zhihu.com/people/zhang-ting-46-7
http://www.zhihu.com/people/zhao-zi-yue
http://www.zhihu.com/people/a-chun-59
http://www.zhihu.com/people/zheng-min-59
http://www.zhihu.com/people/he-song-wei
http://www.zhihu.com/people/cai-jun-0911
http://www.zhihu.com/people/hao-da-dao
http://www.zhihu.com/people/haohaoxuexi
http://www.zhihu.com/people/chen-cong-98
http://www.zhihu.com/people/zhang-xian-feng
http://www.zhihu.com/people/huang-le-zi
http://www.zhihu.com/people/bai-xiao-yu-93
http://www.zhihu.com/people/wang-yu-hao-46
http://www.zhihu.com/people/wu-wen-qin
http://www.zhihu.com/people/wo-luo
http://www.zhihu.com/people/molimu
http://www.zhihu.com/people/luckycoffee
http://www.zhihu.com/people/lu-lu-73
http://www.zhihu.com/people/li-beng
http://www.zhihu.com/people/zhang-yi-43
http://www.zhihu.com/people/zhang-bo-tong
http://www.zhihu.com/people/gao-xin-50
http://www.zhihu.com/people/nan-chu
http://www.zhihu.com/people/cypbkd
http://www.zhihu.com/people/wei-he-ren
http://www.zhihu.com/people/xu-yong-jia
http://www.zhihu.com/people/chrispher
http://www.zhihu.com/people/shimengchen
http://www.zhihu.com/people/s1798
http://www.zhihu.com/people/dawn-13
http://www.zhihu.com/people/zheng-ji
http://www.zhihu.com/people/sanxingju
http://www.zhihu.com/people/chen-huai-bei
http://www.zhihu.com/people/you-le-ming
http://www.zhihu.com/people/vince-69
http://www.zhihu.com/people/yuan-bo-33
http://www.zhihu.com/people/lin-wei-24-70
http://www.zhihu.com/people/songlili
http://www.zhihu.com/people/cheng-hua-92
http://www.zhihu.com/people/lu-xu-hui-39
http://www.zhihu.com/people/zhang-er-hong
http://www.zhihu.com/people/marswen
http://www.zhihu.com/people/xiao-jia-33
http://www.zhihu.com/people/liu-yun-78-77
http://www.zhihu.com/people/yuan-kai-jing-63
http://www.zhihu.com/people/air00dd
http://www.zhihu.com/people/ma-liang-22
http://www.zhihu.com/people/wang-jin-bo-87
http://www.zhihu.com/people/huang-jia-dong-49
http://www.zhihu.com/people/zhang-he-jun
http://www.zhihu.com/people/chu-zhao-sheng
http://www.zhihu.com/people/zhang-jia-wen-4
http://www.zhihu.com/people/cao-li-yun
http://www.zhihu.com/people/feng-shuang
http://www.zhihu.com/people/wang-tao-92-69
http://www.zhihu.com/people/zhou-mo-14
http://www.zhihu.com/people/tang-yu-74
http://www.zhihu.com/people/liu-ming-qian
http://www.zhihu.com/people/huang-yu-jing-43
http://www.zhihu.com/people/hua-bo
http://www.zhihu.com/people/ma-hong-4
http://www.zhihu.com/people/wang-ting-66
http://www.zhihu.com/people/wu-zhi-xiang-46
http://www.zhihu.com/people/zengjiajun
http://www.zhihu.com/people/meng-er
http://www.zhihu.com/people/yang-xiao-kun
http://www.zhihu.com/people/chen-jie-62-59
http://www.zhihu.com/people/tian-xin-71
http://www.zhihu.com/people/liang-yao-bin
http://www.zhihu.com/people/myersguo
http://www.zhihu.com/people/zhu-jie-qian
http://www.zhihu.com/people/li-cheng-13-92
http://www.zhihu.com/people/peng-xiao-long
http://www.zhihu.com/people/half-31
http://www.zhihu.com/people/zhu-jun-56
http://www.zhihu.com/people/erzhu
http://www.zhihu.com/people/qin-jie-14
http://www.zhihu.com/people/aldous
http://www.zhihu.com/people/martin-55
http://www.zhihu.com/people/wang-yi-qun-57
http://www.zhihu.com/people/yu-jia-qi-71
http://www.zhihu.com/people/awguo
http://www.zhihu.com/people/zhang-fan-31
http://www.zhihu.com/people/shi-di-wen-57
http://www.zhihu.com/people/chi-shuai
http://www.zhihu.com/people/chang-wei-49
http://www.zhihu.com/people/wang-xiao-diao
http://www.zhihu.com/people/mily
http://www.zhihu.com/people/sunprin
http://www.zhihu.com/people/li-rui-74
http://www.zhihu.com/people/li-chao-93
http://www.zhihu.com/people/zhang-wan-tao-24
http://www.zhihu.com/people/lin-kang-51
http://www.zhihu.com/people/wang-shao-hui-74
http://www.zhihu.com/people/huan-tao
http://www.zhihu.com/people/zhang-wei-59-54
http://www.zhihu.com/people/zhang-hua-chong
http://www.zhihu.com/people/etaobao
http://www.zhihu.com/people/huo-di-xiang
http://www.zhihu.com/people/bai-wan-song
http://www.zhihu.com/people/bai-jin-zhong
http://www.zhihu.com/people/duyib
http://www.zhihu.com/people/tooyoung
http://www.zhihu.com/people/cong-qian-you-zhi-yang
http://www.zhihu.com/people/starryxue
http://www.zhihu.com/people/cyishere
http://www.zhihu.com/people/maibing
http://www.zhihu.com/people/david-du
http://www.zhihu.com/people/cheng-fang-hang
http://www.zhihu.com/people/wu-hao-zi
http://www.zhihu.com/people/wang-ru-heng
http://www.zhihu.com/people/Mark_liuhc
http://www.zhihu.com/people/fang-tao-90
http://www.zhihu.com/people/bywwss
http://www.zhihu.com/people/luo-xiao-luo-5
http://www.zhihu.com/people/wang-jian-wen
http://www.zhihu.com/people/liu-fei-77-45
http://www.zhihu.com/people/xiao-zhiA-31
http://www.zhihu.com/people/xianglifei
http://www.zhihu.com/people/xu-shao-hua-48
http://www.zhihu.com/people/zhilishu
http://www.zhihu.com/people/li-xi-rui
http://www.zhihu.com/people/liu-yu-qi-55
http://www.zhihu.com/people/tan-wei-guo
http://www.zhihu.com/people/zhu-ni
http://www.zhihu.com/people/wu-wen-dong
http://www.zhihu.com/people/zuimai
http://www.zhihu.com/people/zhang-hui-58-26
http://www.zhihu.com/people/charles-11
http://www.zhihu.com/people/chen-yan-ming-94
http://www.zhihu.com/people/tu-xing-tao
http://www.zhihu.com/people/yang-bin-bin-52
http://www.zhihu.com/people/xu-wen-yi-50
http://www.zhihu.com/people/qiu-jie-57
http://www.zhihu.com/people/akujik
http://www.zhihu.com/people/vincent-50-35
http://www.zhihu.com/people/sem-wa
http://www.zhihu.com/people/lynx-17
http://www.zhihu.com/people/situjun
http://www.zhihu.com/people/li-han-jia-11
http://www.zhihu.com/people/catl
http://www.zhihu.com/people/lion-9
http://www.zhihu.com/people/triky
http://www.zhihu.com/people/xu-shu-xian
http://www.zhihu.com/people/meng-bin-jian
http://www.zhihu.com/people/ke-xue-jia-chong-tai-yang
http://www.zhihu.com/people/wohaobeia
http://www.zhihu.com/people/hzyrz
http://www.zhihu.com/people/hitr
http://www.zhihu.com/people/zhang-shuo-27
http://www.zhihu.com/people/Haandlei
http://www.zhihu.com/people/wei-lian-williamen
http://www.zhihu.com/people/harrison-24
http://www.zhihu.com/people/zhu-lu-hang-46
http://www.zhihu.com/people/hu-zhan-jun
http://www.zhihu.com/people/lin-zi-chen-15
http://www.zhihu.com/people/wang-ying-le
http://www.zhihu.com/people/kong-meng-14
http://www.zhihu.com/people/CrazyKoo
http://www.zhihu.com/people/elephi
http://www.zhihu.com/people/foggy-lin
http://www.zhihu.com/people/wang-xiang-kang
http://www.zhihu.com/people/zhouxiaoqin
http://www.zhihu.com/people/rocandroll
http://www.zhihu.com/people/bigli
http://www.zhihu.com/people/leegang
http://www.zhihu.com/people/qiao-sheng-joe-48
http://www.zhihu.com/people/nicing
http://www.zhihu.com/people/daviddeng
http://www.zhihu.com/people/lin-fan-63-96
http://www.zhihu.com/people/chen-yuan-chun
http://www.zhihu.com/people/wu-jing-tian-1
http://www.zhihu.com/people/zhang-wei-dong-59
http://www.zhihu.com/people/yexr
http://www.zhihu.com/people/leechael
http://www.zhihu.com/people/hui-gui-zhe
http://www.zhihu.com/people/chen-zi-yao
http://www.zhihu.com/people/gui-zhuo
http://www.zhihu.com/people/loopool
http://www.zhihu.com/people/zouhe
http://www.zhihu.com/people/li-yong-liang
http://www.zhihu.com/people/blackswan
http://www.zhihu.com/people/lan-pi-shu
http://www.zhihu.com/people/ikbear
http://www.zhihu.com/people/wang-sheng-shuang
http://www.zhihu.com/people/nobodyliang
http://www.zhihu.com/people/leondc
http://www.zhihu.com/people/wang-feng-85
http://www.zhihu.com/people/qian-bing-yi
http://www.zhihu.com/people/chenwentao5
http://www.zhihu.com/people/sam-85
http://www.zhihu.com/people/cta-b
http://www.zhihu.com/people/qcbetter
http://www.zhihu.com/people/springparker
http://www.zhihu.com/people/huang-xiao-yue
http://www.zhihu.com/people/mu-nian-he
http://www.zhihu.com/people/qingshui365
http://www.zhihu.com/people/yaron
http://www.zhihu.com/people/mingzhuoyi
http://www.zhihu.com/people/su-yi-sheng
http://www.zhihu.com/people/qiu-dai-yi
http://www.zhihu.com/people/andy-2-79
http://www.zhihu.com/people/ma-san-xing
http://www.zhihu.com/people/------
http://www.zhihu.com/people/cbsheng
http://www.zhihu.com/people/Jim90
http://www.zhihu.com/people/donnydong
http://www.zhihu.com/people/yanglifei
http://www.zhihu.com/people/thexihexi0
http://www.zhihu.com/people/kyle-5
http://www.zhihu.com/people/zaiyiqi
http://www.zhihu.com/people/9tail
http://www.zhihu.com/people/chenglu
http://www.zhihu.com/people/kollinchu
http://www.zhihu.com/people/fengqiyue
http://www.zhihu.com/people/zheather
http://www.zhihu.com/people/dexterchung
http://www.zhihu.com/people/zhihuzhe
http://www.zhihu.com/people/guo-ying-97
http://www.zhihu.com/people/m2lou
http://www.zhihu.com/people/bearcolin
http://www.zhihu.com/people/li-xiang-9-33
http://www.zhihu.com/people/gao-da-li
http://www.zhihu.com/people/mtbb
http://www.zhihu.com/people/bao-zi
http://www.zhihu.com/people/lan-hai-1
http://www.zhihu.com/people/bonihe
http://www.zhihu.com/people/stacy-52
http://www.zhihu.com/people/ban-ma
http://www.zhihu.com/people/zirquez
http://www.zhihu.com/people/ma-ke-14
http://www.zhihu.com/people/dogod
http://www.zhihu.com/people/granguo
http://www.zhihu.com/people/wu-wei-86
http://www.zhihu.com/people/liang-peng-cheng-70
http://www.zhihu.com/people/li-qing-81
http://www.zhihu.com/people/chen-xiao-mei
http://www.zhihu.com/people/terrysnake
http://www.zhihu.com/people/dahuang
http://www.zhihu.com/people/gaoshaoxing
http://www.zhihu.com/people/fu-jia-qi
http://www.zhihu.com/people/linxiaolong
http://www.zhihu.com/people/bi-shan-shan
http://www.zhihu.com/people/jokewoo
http://www.zhihu.com/people/orzzhang
http://www.zhihu.com/people/linktalk
http://www.zhihu.com/people/key4ever
http://www.zhihu.com/people/justin-46-26
http://www.zhihu.com/people/guoyan1983
http://www.zhihu.com/people/gaolei
http://www.zhihu.com/people/hh0571
http://www.zhihu.com/people/ceng-ya
http://www.zhihu.com/people/positive52energy
http://www.zhihu.com/people/michaely
http://www.zhihu.com/people/dai-hou-shuang
http://www.zhihu.com/people/chenran
http://www.zhihu.com/people/kiki-81
http://www.zhihu.com/people/scetus
http://www.zhihu.com/people/walter-32
http://www.zhihu.com/people/violet
http://www.zhihu.com/people/lin-qian-qian
http://www.zhihu.com/people/huche
http://www.zhihu.com/people/xmonkey
http://www.zhihu.com/people/henter
http://www.zhihu.com/people/zhao-fa-cai-56
http://www.zhihu.com/people/miao-5
http://www.zhihu.com/people/zhang-zong-yi-73
http://www.zhihu.com/people/guoqi
http://www.zhihu.com/people/fanxiaohe
http://www.zhihu.com/people/shi-liang-90
http://www.zhihu.com/people/song-min-16
http://www.zhihu.com/people/shaoyaoz
http://www.zhihu.com/people/huang-peng-xiao
http://www.zhihu.com/people/mrsunli
http://www.zhihu.com/people/rightgenius
http://www.zhihu.com/people/rinco
http://www.zhihu.com/people/yning
http://www.zhihu.com/people/shang-xin-59
http://www.zhihu.com/people/1yen
http://www.zhihu.com/people/nofishleon
http://www.zhihu.com/people/Spinnist
http://www.zhihu.com/people/lv-dou-jing
http://www.zhihu.com/people/chen-mo-20
http://www.zhihu.com/people/arts
http://www.zhihu.com/people/trai25
http://www.zhihu.com/people/coletree
http://www.zhihu.com/people/san-pi
http://www.zhihu.com/people/zhaoxiaojun
http://www.zhihu.com/people/jeremymoo
http://www.zhihu.com/people/cuizhanya
http://www.zhihu.com/people/yang-yi-70-69
http://www.zhihu.com/people/tiankeshan
http://www.zhihu.com/people/ya-tou-jun-r
http://www.zhihu.com/people/imwoody
http://www.zhihu.com/people/bi-wen-zhi-26
http://www.zhihu.com/people/yun-hua-zi
http://www.zhihu.com/people/kunee
http://www.zhihu.com/people/li-peng-yu
http://www.zhihu.com/people/chentao
http://www.zhihu.com/people/wavechen
http://www.zhihu.com/people/helen-87
http://www.zhihu.com/people/exef
http://www.zhihu.com/people/zhang-you-quan
http://www.zhihu.com/people/filmbear
http://www.zhihu.com/people/wang-tao-43-95
http://www.zhihu.com/people/lq611
http://www.zhihu.com/people/lixing
http://www.zhihu.com/people/kikoyang
http://www.zhihu.com/people/guo-wei-86
http://www.zhihu.com/people/laser
http://www.zhihu.com/people/haiger-25
http://www.zhihu.com/people/alley-13
http://www.zhihu.com/people/haibinpark
http://www.zhihu.com/people/liutingji
http://www.zhihu.com/people/xu-chu-yun
http://www.zhihu.com/people/ideastorm
http://www.zhihu.com/people/alogaga
http://www.zhihu.com/people/kidding
http://www.zhihu.com/people/ma-chi
http://www.zhihu.com/people/ji-qiang-22
http://www.zhihu.com/people/shuaige
http://www.zhihu.com/people/wang-fei-90
http://www.zhihu.com/people/airspuer
http://www.zhihu.com/people/hengly
http://www.zhihu.com/people/whocares
http://www.zhihu.com/people/kang-kai
http://www.zhihu.com/people/rincolor
http://www.zhihu.com/people/wang-xiang-89
http://www.zhihu.com/people/wu-wei-96-47
http://www.zhihu.com/people/zhou-peng-peng
http://www.zhihu.com/people/kanbian
http://www.zhihu.com/people/meng-wei-dong
http://www.zhihu.com/people/liu-hui-72
http://www.zhihu.com/people/xin-xin-44
http://www.zhihu.com/people/lu-ye-shu-huai
http://www.zhihu.com/people/Sam_Su
http://www.zhihu.com/people/shuan-zhu-56
http://www.zhihu.com/people/shenshen
http://www.zhihu.com/people/caoxiongfeng
http://www.zhihu.com/people/oratis
http://www.zhihu.com/people/chen-bo-ren
http://www.zhihu.com/people/yang-xing-gang
http://www.zhihu.com/people/neozhang
http://www.zhihu.com/people/2bzhihu
http://www.zhihu.com/people/gao-yu-qing-ray
http://www.zhihu.com/people/wang-jun-18
http://www.zhihu.com/people/nearly
http://www.zhihu.com/people/bumian
http://www.zhihu.com/people/anyan
http://www.zhihu.com/people/vvwww
http://www.zhihu.com/people/ge-jin-74
http://www.zhihu.com/people/yhying
http://www.zhihu.com/people/chenvii
http://www.zhihu.com/people/s5s5
http://www.zhihu.com/people/ai-kai-fa
http://www.zhihu.com/people/ooyor
http://www.zhihu.com/people/xie-qiang
http://www.zhihu.com/people/coco
http://www.zhihu.com/people/miao-de-ling
http://www.zhihu.com/people/hzshen
http://www.zhihu.com/people/jin-tong-bao
http://www.zhihu.com/people/zxb888
http://www.zhihu.com/people/Kevin071
http://www.zhihu.com/people/baros
http://www.zhihu.com/people/li-qiang
http://www.zhihu.com/people/bobsue
http://www.zhihu.com/people/ztwto.com
http://www.zhihu.com/people/xu-si-wei
http://www.zhihu.com/people/ourdearamy
http://www.zhihu.com/people/qu-ding-ding
http://www.zhihu.com/people/du-fang-ming
http://www.zhihu.com/people/WangYangSky
http://www.zhihu.com/people/han-wei-na
http://www.zhihu.com/people/zhang-wen-xuan-58
http://www.zhihu.com/people/earthson
http://www.zhihu.com/people/lgn21st
http://www.zhihu.com/people/nings
http://www.zhihu.com/people/alexmajy
http://www.zhihu.com/people/flyingfish
http://www.zhihu.com/people/walkbug
http://www.zhihu.com/people/qiu-huan-deng
http://www.zhihu.com/people/donsunny46664
http://www.zhihu.com/people/guo-jian
http://www.zhihu.com/people/zzxadi
http://www.zhihu.com/people/chuliao
http://www.zhihu.com/people/moyaya
http://www.zhihu.com/people/lleo
http://www.zhihu.com/people/freemem
http://www.zhihu.com/people/yang-tian-ying
http://www.zhihu.com/people/eva-11
http://www.zhihu.com/people/livehao
http://www.zhihu.com/people/pu-ti-82
http://www.zhihu.com/people/shunfeng
http://www.zhihu.com/people/kaola
http://www.zhihu.com/people/puloon
http://www.zhihu.com/people/veronica2865
http://www.zhihu.com/people/sunzhengxin
http://www.zhihu.com/people/li-bing-14-21
http://www.zhihu.com/people/pmdeng
http://www.zhihu.com/people/karma77
http://www.zhihu.com/people/kekxili
http://www.zhihu.com/people/supporter
http://www.zhihu.com/people/neaton
http://www.zhihu.com/people/burado
http://www.zhihu.com/people/liuya802
http://www.zhihu.com/people/enyu
http://www.zhihu.com/people/qianjin
http://www.zhihu.com/people/calon
http://www.zhihu.com/people/yongxinge
http://www.zhihu.com/people/hu-qian-qiu
http://www.zhihu.com/people/chong
http://www.zhihu.com/people/tang-chen
http://www.zhihu.com/people/roamlog
http://www.zhihu.com/people/wind
http://www.zhihu.com/people/sagacity
http://www.zhihu.com/people/digitalboy
http://www.zhihu.com/people/yuanqz
http://www.zhihu.com/people/hukai
http://www.zhihu.com/people/riku
http://www.zhihu.com/people/alonzotang
http://www.zhihu.com/people/xuzhe
http://www.zhihu.com/people/wintbros
http://www.zhihu.com/people/plidezus
http://www.zhihu.com/people/chenglong
http://www.zhihu.com/people/laotao
http://www.zhihu.com/people/jason2be
http://www.zhihu.com/people/zhao-chen-xu
http://www.zhihu.com/people/94smart
http://www.zhihu.com/people/mountain
http://www.zhihu.com/people/liu-shu
http://www.zhihu.com/people/ceshi
http://www.zhihu.com/people/imzxd
http://www.zhihu.com/people/quiver
http://www.zhihu.com/people/thinkind
http://www.zhihu.com/people/pu-xu-dong
http://www.zhihu.com/people/xuzhihong
http://www.zhihu.com/people/sunbo
http://www.zhihu.com/people/cranew
http://www.zhihu.com/people/scavin
http://www.zhihu.com/people/liumiao
http://www.zhihu.com/people/zola
http://www.zhihu.com/people/isaac
http://www.zhihu.com/people/henryhuang
http://www.zhihu.com/people/azhu
http://www.zhihu.com/people/gymitat
http://www.zhihu.com/people/yupf
http://www.zhihu.com/people/oliverding
http://www.zhihu.com/people/kenyth
http://www.zhihu.com/people/dongxiaowei
http://www.zhihu.com/people/IwfWcf
http://www.zhihu.com/people/lebanner
http://www.zhihu.com/people/psyduck
http://www.zhihu.com/people/blazingcd
http://www.zhihu.com/people/lala-wu
http://www.zhihu.com/people/douban
http://www.zhihu.com/people/blue
http://www.zhihu.com/people/tinyfool
http://www.zhihu.com/people/jadexlaw
http://www.zhihu.com/people/nishuang
http://www.zhihu.com/people/hhalloyy
http://www.zhihu.com/people/roys
http://www.zhihu.com/people/pan-yue
http://www.zhihu.com/people/ifire
http://www.zhihu.com/people/riojiang
http://www.zhihu.com/people/mooqii
http://www.zhihu.com/people/fanhu
http://www.zhihu.com/people/walter
http://www.zhihu.com/people/patrick-gowers
http://www.zhihu.com/people/hexybaby
http://www.zhihu.com/people/zhangweifang
http://www.zhihu.com/people/xingshuo
http://www.zhihu.com/people/jeanchen
http://www.zhihu.com/people/zhenkai
http://www.zhihu.com/people/molala
http://www.zhihu.com/people/mcbuder
http://www.zhihu.com/people/gnap
http://www.zhihu.com/people/rock
http://www.zhihu.com/people/weiwuhui
http://www.zhihu.com/people/shubin
http://www.zhihu.com/people/maitian
http://www.zhihu.com/people/wang-zi-yuan
http://www.zhihu.com/people/Alice
http://www.zhihu.com/people/romoo
http://www.zhihu.com/people/localhost
http://www.zhihu.com/people/laiwei
http://www.zhihu.com/people/qusheng
http://www.zhihu.com/people/chouti
http://www.zhihu.com/people/wangyi
http://www.zhihu.com/people/lubenyuan.com
http://www.zhihu.com/people/gofeeling
http://www.zhihu.com/people/lemoned
http://www.zhihu.com/people/mrlinan
http://www.zhihu.com/people/alvin
http://www.zhihu.com/people/delaynomore
http://www.zhihu.com/people/evilape
http://www.zhihu.com/people/pengyu
http://www.zhihu.com/people/mali
http://www.zhihu.com/people/zhutou
http://www.zhihu.com/people/beta
http://www.zhihu.com/people/tracycui
http://www.zhihu.com/people/glif
http://www.zhihu.com/people/kwoh
http://www.zhihu.com/people/keepwalking
http://www.zhihu.com/people/Zhang_Jian
http://www.zhihu.com/people/lianghai
http://www.zhihu.com/people/linklion
http://www.zhihu.com/people/lazylorna
http://www.zhihu.com/people/cooL
http://www.zhihu.com/people/chengyuan
http://www.zhihu.com/people/gongjun
http://www.zhihu.com/people/zhangga
http://www.zhihu.com/people/dreamwords
http://www.zhihu.com/people/daodao
http://www.zhihu.com/people/yoyicue
http://www.zhihu.com/people/makestory
http://www.zhihu.com/people/smile
http://www.zhihu.com/people/baiya
http://www.zhihu.com/people/chen-xi
http://www.zhihu.com/people/cooerson
http://www.zhihu.com/people/xiongjiezeng
http://www.zhihu.com/people/erikcoming
http://www.zhihu.com/people/milkr
http://www.zhihu.com/people/orzcc
http://www.zhihu.com/people/qiu-hui
http://www.zhihu.com/people/katrina
http://www.zhihu.com/people/lu-xin-xin
http://www.zhihu.com/people/vista
http://www.zhihu.com/people/oxygen
http://www.zhihu.com/people/andrewyu
http://www.zhihu.com/people/fantasysoft
http://www.zhihu.com/people/tangos
http://www.zhihu.com/people/quzheng
http://www.zhihu.com/people/aJacobs
http://www.zhihu.com/people/mizzzhou
http://www.zhihu.com/people/_cxa
http://www.zhihu.com/people/sealon
http://www.zhihu.com/people/mu-li-sen
http://www.zhihu.com/people/webleon
http://www.zhihu.com/people/hexiaobo
http://www.zhihu.com/people/junyu
http://www.zhihu.com/people/whyya
http://www.zhihu.com/people/keso
http://www.zhihu.com/people/shen
http://www.zhihu.com/people/jinzhihui
http://www.zhihu.com/people/shijun
http://www.zhihu.com/people/jixin
http://www.zhihu.com/people/whale
http://www.zhihu.com/people/imike
