http://www.zhihu.com/people/yuan-fang-fang-87
http://www.zhihu.com/people/zhang-yu-nie-68
http://www.zhihu.com/people/pang-hui-38
http://www.zhihu.com/people/xiyuan-chen
http://www.zhihu.com/people/leehom19919
http://www.zhihu.com/people/pi-lan-de-wu-ya
http://www.zhihu.com/people/weixixiao
http://www.zhihu.com/people/hao-wen-hui
http://www.zhihu.com/people/nior
http://www.zhihu.com/people/xiao-sa-06-16
http://www.zhihu.com/people/bai-yuan-yuan-73
http://www.zhihu.com/people/si-ma-mu
http://www.zhihu.com/people/net-neo
http://www.zhihu.com/people/zhong-jiu-80
http://www.zhihu.com/people/wang-yu-yan-6
http://www.zhihu.com/people/dzhang
http://www.zhihu.com/people/yin-yan-97
http://www.zhihu.com/people/ke-qi-xi-43
http://www.zhihu.com/people/wang-xiao-mei-35
http://www.zhihu.com/people/bnhsx
http://www.zhihu.com/people/CloseString
http://www.zhihu.com/people/guo-yan-cheng-57
http://www.zhihu.com/people/stanchion
http://www.zhihu.com/people/huang-chu-shu-58
http://www.zhihu.com/people/shao-xiong-64
http://www.zhihu.com/people/fan123199
http://www.zhihu.com/people/liu-yu-62-51
http://www.zhihu.com/people/liu-yang-11-98
http://www.zhihu.com/people/mu-shu-53
http://www.zhihu.com/people/xiao-shi-zi-88
http://www.zhihu.com/people/hao-zi-xu
http://www.zhihu.com/people/ran-lan-20
http://www.zhihu.com/people/zhang-zhe-94-28-69
http://www.zhihu.com/people/jason-ding-28
http://www.zhihu.com/people/zhangteman
http://www.zhihu.com/people/an-xiao-dou
http://www.zhihu.com/people/ni-ni-xiao
http://www.zhihu.com/people/ceng-gong-tao
http://www.zhihu.com/people/enjao
http://www.zhihu.com/people/chu-ren-82
http://www.zhihu.com/people/catie-zhao
http://www.zhihu.com/people/yama-luo
http://www.zhihu.com/people/nekoso
http://www.zhihu.com/people/Gyue
http://www.zhihu.com/people/yu-qing-di
http://www.zhihu.com/people/byerancy
http://www.zhihu.com/people/yang-hao-xuan-61
http://www.zhihu.com/people/jie-qing-fang
http://www.zhihu.com/people/gou-zi-yi
http://www.zhihu.com/people/zhaojun4084
http://www.zhihu.com/people/da-dao-mason
http://www.zhihu.com/people/pang-jeffrey
http://www.zhihu.com/people/fh200
http://www.zhihu.com/people/jerry-cen
http://www.zhihu.com/people/jie-shuang-93
http://www.zhihu.com/people/jing-xiao-liang
http://www.zhihu.com/people/wang-ting-ting-28-65
http://www.zhihu.com/people/wang-xin-an-8
http://www.zhihu.com/people/marlin-31
http://www.zhihu.com/people/upsidedown
http://www.zhihu.com/people/llnpst
http://www.zhihu.com/people/xiao-meng-24
http://www.zhihu.com/people/AlliMM
http://www.zhihu.com/people/lxdream
http://www.zhihu.com/people/zedier
http://www.zhihu.com/people/yun-jin-hu
http://www.zhihu.com/people/fang-shi-yi-38
http://www.zhihu.com/people/richel
http://www.zhihu.com/people/J.Lee
http://www.zhihu.com/people/mark-ge-45
http://www.zhihu.com/people/ShellingfordHolmes
http://www.zhihu.com/people/yang-tian-qing
http://www.zhihu.com/people/michael-62
http://www.zhihu.com/people/pimgeek
http://www.zhihu.com/people/vaxin
http://www.zhihu.com/people/zhang-san-san-51-39
http://www.zhihu.com/people/xiao-chu
http://www.zhihu.com/people/song-da-dao-6
http://www.zhihu.com/people/li-hui-min-23
http://www.zhihu.com/people/burke-juliet
http://www.zhihu.com/people/jimmy-zhou
http://www.zhihu.com/people/gengyunzhe
http://www.zhihu.com/people/xiao-ma-30
http://www.zhihu.com/people/huang-xiao-55
http://www.zhihu.com/people/li-chuan-4
http://www.zhihu.com/people/da-li-46
http://www.zhihu.com/people/hysic
http://www.zhihu.com/people/tang-xiong-fei
http://www.zhihu.com/people/zephyrzhng
http://www.zhihu.com/people/peng-liang-mei
http://www.zhihu.com/people/ren-er-cheng
http://www.zhihu.com/people/probe
http://www.zhihu.com/people/sui-xiang
http://www.zhihu.com/people/xing-guang-28-3
http://www.zhihu.com/people/you-yu-zhong-nan
http://www.zhihu.com/people/dragonkill
http://www.zhihu.com/people/xulaohan
http://www.zhihu.com/people/xiao-lang-4-61
http://www.zhihu.com/people/qing-ting-82
http://www.zhihu.com/people/su-yihang
http://www.zhihu.com/people/wen-quan-yu
http://www.zhihu.com/people/yan-sheng-20-44
http://www.zhihu.com/people/ijyao-yao
http://www.zhihu.com/people/wang-ming-xin-42-57
http://www.zhihu.com/people/justin-87
http://www.zhihu.com/people/lin-yu-han-5
http://www.zhihu.com/people/VerMoriarty
http://www.zhihu.com/people/jaqea-shey
http://www.zhihu.com/people/lu-zi-75
http://www.zhihu.com/people/reese717
http://www.zhihu.com/people/VonRohan
http://www.zhihu.com/people/bhuztez
http://www.zhihu.com/people/yu-han-qing-55
http://www.zhihu.com/people/du-yi-90-20
http://www.zhihu.com/people/lin-jia-16
http://www.zhihu.com/people/sheep9275
http://www.zhihu.com/people/zhu-li-juan-5
http://www.zhihu.com/people/ou-yang-yan-nan
http://www.zhihu.com/people/chen-li-ming-67
http://www.zhihu.com/people/zhao-shuai-60
http://www.zhihu.com/people/wang-yu-74-39
http://www.zhihu.com/people/zhu-xing-yu-76
http://www.zhihu.com/people/ren-xin-yang
http://www.zhihu.com/people/tintuo
http://www.zhihu.com/people/halim-din
http://www.zhihu.com/people/wu-xiao-rui-54
http://www.zhihu.com/people/xia-bing-47-65
http://www.zhihu.com/people/zhang-yi-73-93
http://www.zhihu.com/people/pwj1568
http://www.zhihu.com/people/bixing-yan
http://www.zhihu.com/people/li-da-ming-10
http://www.zhihu.com/people/jun-yi-14
http://www.zhihu.com/people/cheng-heng
http://www.zhihu.com/people/dongyanlong
http://www.zhihu.com/people/IsolationEggplant
http://www.zhihu.com/people/mu-gu
http://www.zhihu.com/people/zhang-mei-hua
http://www.zhihu.com/people/suodi
http://www.zhihu.com/people/29tee
http://www.zhihu.com/people/jiayizhen
http://www.zhihu.com/people/qi-cheng-17
http://www.zhihu.com/people/nie-cheng-kun-45
http://www.zhihu.com/people/yan-yong-80
http://www.zhihu.com/people/tian-qi-61-77
http://www.zhihu.com/people/yang-meng-
http://www.zhihu.com/people/yue-yi-he
http://www.zhihu.com/people/zhihu_lxl
http://www.zhihu.com/people/chen-zhi-mo-da
http://www.zhihu.com/people/impkt13
http://www.zhihu.com/people/xiong-zhuang-44
http://www.zhihu.com/people/whitezhou
http://www.zhihu.com/people/wang-dong-ming-37
http://www.zhihu.com/people/stevie8t
http://www.zhihu.com/people/miaomrow
http://www.zhihu.com/people/shi-bo-qing
http://www.zhihu.com/people/bing-mez
http://www.zhihu.com/people/erein-yaung
http://www.zhihu.com/people/19951121
http://www.zhihu.com/people/zhang-yiduo-10
http://www.zhihu.com/people/shaxjl
http://www.zhihu.com/people/huang-wei-12-62
http://www.zhihu.com/people/inextime
http://www.zhihu.com/people/alice-45-16
http://www.zhihu.com/people/chen-fan-63
http://www.zhihu.com/people/chen-xi-8-72
http://www.zhihu.com/people/cheng-luo-luo
http://www.zhihu.com/people/fakingstats
http://www.zhihu.com/people/ayr1
http://www.zhihu.com/people/xu-jin-cheng-99
http://www.zhihu.com/people/cao-lin-nuo
http://www.zhihu.com/people/feng-yu-27
http://www.zhihu.com/people/wang-qiu-qiu-5
http://www.zhihu.com/people/suan-zi
http://www.zhihu.com/people/GuLynda
http://www.zhihu.com/people/huang-yao-peng
http://www.zhihu.com/people/hussey-64
http://www.zhihu.com/people/li-xu-yi
http://www.zhihu.com/people/dai-di-ni
http://www.zhihu.com/people/foiu-ikii
http://www.zhihu.com/people/elichang
http://www.zhihu.com/people/yuhang-liu-34
http://www.zhihu.com/people/myqqhero
http://www.zhihu.com/people/fei-yan-67
http://www.zhihu.com/people/pan-deng-86
http://www.zhihu.com/people/hu-yang-zhen
http://www.zhihu.com/people/xing-zhuang-jie
http://www.zhihu.com/people/muriel-x
http://www.zhihu.com/people/zhu-ze-yuan
http://www.zhihu.com/people/xmerge
http://www.zhihu.com/people/guo-guo-99-90
http://www.zhihu.com/people/zhang-yi-fan-48
http://www.zhihu.com/people/sunshinestyle
http://www.zhihu.com/people/kent-zeng
http://www.zhihu.com/people/dai-si-ran
http://www.zhihu.com/people/mo-guai-shou
http://www.zhihu.com/people/chen-ru-yi-49
http://www.zhihu.com/people/wang-___-fan-45
http://www.zhihu.com/people/rs-simple
http://www.zhihu.com/people/benlieben
http://www.zhihu.com/people/matkiller
http://www.zhihu.com/people/joe-joe-84
http://www.zhihu.com/people/tclh123
http://www.zhihu.com/people/zhou-gang-64
http://www.zhihu.com/people/yu-er-13
http://www.zhihu.com/people/ning-schue
http://www.zhihu.com/people/wang-ren-kai-3
http://www.zhihu.com/people/lulu-zhang-72
http://www.zhihu.com/people/meiyouzhuya
http://www.zhihu.com/people/wang-ding-chang
http://www.zhihu.com/people/huang-zhuo-ju
http://www.zhihu.com/people/zhang-tian-cheng-55
http://www.zhihu.com/people/wu-hai-25
http://www.zhihu.com/people/li-meng-meng-10
http://www.zhihu.com/people/BeansTang
http://www.zhihu.com/people/ihuabing
http://www.zhihu.com/people/joseph-yuan
http://www.zhihu.com/people/mu-mu-47-76
http://www.zhihu.com/people/_2_d_
http://www.zhihu.com/people/Frankenstein110
http://www.zhihu.com/people/mastertian
http://www.zhihu.com/people/shubo909
http://www.zhihu.com/people/hu-li-rong
http://www.zhihu.com/people/wzz-pku
http://www.zhihu.com/people/shenjiebuliwo
http://www.zhihu.com/people/li-zi-wei-44
http://www.zhihu.com/people/wen-kun-guo
http://www.zhihu.com/people/phos
http://www.zhihu.com/people/zhang-yan-lei-69
http://www.zhihu.com/people/ma-wen-24-33
http://www.zhihu.com/people/xy___ok
http://www.zhihu.com/people/li-wei-46-72
http://www.zhihu.com/people/wangjinxiang
http://www.zhihu.com/people/cao-zhi-hai
http://www.zhihu.com/people/you-you-96-45
http://www.zhihu.com/people/zhu-yixin-42
http://www.zhihu.com/people/li-min-hao-37
http://www.zhihu.com/people/chuer
http://www.zhihu.com/people/yuluo
http://www.zhihu.com/people/alone2007
http://www.zhihu.com/people/jin-chen-yu
http://www.zhihu.com/people/lu-hong-hong
http://www.zhihu.com/people/x-sky
http://www.zhihu.com/people/linjiex
http://www.zhihu.com/people/calibre-chow
http://www.zhihu.com/people/ling-hu-cong
http://www.zhihu.com/people/train1110
http://www.zhihu.com/people/lu-gui-chen-26
http://www.zhihu.com/people/zhang-zi-qiang-36
http://www.zhihu.com/people/xu-ke-yi-17
http://www.zhihu.com/people/cyijun
http://www.zhihu.com/people/woodboy456
http://www.zhihu.com/people/li-gua-37
http://www.zhihu.com/people/xulei-92
http://www.zhihu.com/people/sellsoda
http://www.zhihu.com/people/feng-rui-02-24
http://www.zhihu.com/people/alex-yu-62
http://www.zhihu.com/people/miao-cheng-64
http://www.zhihu.com/people/li-song-46
http://www.zhihu.com/people/jonson-fang
http://www.zhihu.com/people/chang-cheng-44
http://www.zhihu.com/people/liziming_simon
http://www.zhihu.com/people/luo-luo-li-xiao-man
http://www.zhihu.com/people/chentong
http://www.zhihu.com/people/ma-zhen-28
http://www.zhihu.com/people/fanzaiup
http://www.zhihu.com/people/GionCat
http://www.zhihu.com/people/yi-lin515
http://www.zhihu.com/people/liang-bo-wen
http://www.zhihu.com/people/fangwenyang
http://www.zhihu.com/people/zhang-bing-yu-70
http://www.zhihu.com/people/gayscript
http://www.zhihu.com/people/maxleaf
http://www.zhihu.com/people/ha-shu-23-2
http://www.zhihu.com/people/hong-guo-guo-79
http://www.zhihu.com/people/mauricemao
http://www.zhihu.com/people/petercai
http://www.zhihu.com/people/wang-zi-86-86
http://www.zhihu.com/people/li-shou-yin-89
http://www.zhihu.com/people/wildjuly
http://www.zhihu.com/people/chu-meng-meng
http://www.zhihu.com/people/zopassionalambda
http://www.zhihu.com/people/bigeast
http://www.zhihu.com/people/chi-tang
http://www.zhihu.com/people/pojunxiao
http://www.zhihu.com/people/lin-songyin
http://www.zhihu.com/people/qu-jing-tong
http://www.zhihu.com/people/rockrationality
http://www.zhihu.com/people/wang-kun-7-73
http://www.zhihu.com/people/linchange
http://www.zhihu.com/people/wangcheng678
http://www.zhihu.com/people/000088
http://www.zhihu.com/people/maleon
http://www.zhihu.com/people/xingtao-shen
http://www.zhihu.com/people/yang-rui-21
http://www.zhihu.com/people/zhang-jiao-16
http://www.zhihu.com/people/androidream
http://www.zhihu.com/people/hu-ling-huan
http://www.zhihu.com/people/wen-tao-4
http://www.zhihu.com/people/liu-zhen-chuan-98
http://www.zhihu.com/people/loongyoung
http://www.zhihu.com/people/li-yan-liang-63
http://www.zhihu.com/people/liu-lu-41-38
http://www.zhihu.com/people/gao-yu-sen
http://www.zhihu.com/people/xie-zhi-qiu-41
http://www.zhihu.com/people/dudu222
http://www.zhihu.com/people/ma-bo-ping
http://www.zhihu.com/people/zhong-ye-zi-49
http://www.zhihu.com/people/kuai_yu
http://www.zhihu.com/people/li-zhen-huan-66
http://www.zhihu.com/people/wang-ke-li-83
http://www.zhihu.com/people/lyqabc
http://www.zhihu.com/people/hu-jian-ming-13
http://www.zhihu.com/people/luoyang
http://www.zhihu.com/people/jephie
http://www.zhihu.com/people/yxd-78
http://www.zhihu.com/people/jiang-han-bing
http://www.zhihu.com/people/wu-wen-kui
http://www.zhihu.com/people/buliao
http://www.zhihu.com/people/zhi-tian
http://www.zhihu.com/people/yuke-fighting
http://www.zhihu.com/people/feng-yu-yao
http://www.zhihu.com/people/liao-zhi-yuan
http://www.zhihu.com/people/yuan-min-jun
http://www.zhihu.com/people/maigo
http://www.zhihu.com/people/hiemsruls
http://www.zhihu.com/people/jiang-bai-du
http://www.zhihu.com/people/tencrance
http://www.zhihu.com/people/spectrum
http://www.zhihu.com/people/li-chuang-46
http://www.zhihu.com/people/liuyao12
http://www.zhihu.com/people/pei-wei-52
http://www.zhihu.com/people/sodapig
http://www.zhihu.com/people/chang-xu-jian
http://www.zhihu.com/people/blackspot
http://www.zhihu.com/people/folkyou
http://www.zhihu.com/people/sakimarquis
http://www.zhihu.com/people/li-song-64
http://www.zhihu.com/people/gao-wei-wei-44
http://www.zhihu.com/people/xiaoshi
http://www.zhihu.com/people/lleiou
http://www.zhihu.com/people/tautcony
http://www.zhihu.com/people/li-li-fei
http://www.zhihu.com/people/liull0627
http://www.zhihu.com/people/confeture
http://www.zhihu.com/people/nan-xun-58
http://www.zhihu.com/people/dr-satyr
http://www.zhihu.com/people/an-dong-5-94
http://www.zhihu.com/people/pan-xiao-25
http://www.zhihu.com/people/justcodeit
http://www.zhihu.com/people/feng-jun-yuan
http://www.zhihu.com/people/hong-yijia
http://www.zhihu.com/people/begier-lern
http://www.zhihu.com/people/InitialC
http://www.zhihu.com/people/techoxygen
http://www.zhihu.com/people/cheng-wei-99
http://www.zhihu.com/people/wanjunhao
http://www.zhihu.com/people/fei-46
http://www.zhihu.com/people/dahaka
http://www.zhihu.com/people/leo-jixiang
http://www.zhihu.com/people/zhang-xin-wei
http://www.zhihu.com/people/sedgewick
http://www.zhihu.com/people/Ricahrd.Light
http://www.zhihu.com/people/sun-wen-quan
http://www.zhihu.com/people/chen-ning-feng
http://www.zhihu.com/people/xsheng-13
http://www.zhihu.com/people/guo-xiao-30
http://www.zhihu.com/people/jenningsatlarge
http://www.zhihu.com/people/astrum
http://www.zhihu.com/people/han-zhu-dan
http://www.zhihu.com/people/stupident
http://www.zhihu.com/people/yu-wei-8
http://www.zhihu.com/people/weijiali
http://www.zhihu.com/people/hu-zhe-kai
http://www.zhihu.com/people/bo-wen-49
http://www.zhihu.com/people/li-shi-han-lee
http://www.zhihu.com/people/zhou-xin-59-6
http://www.zhihu.com/people/chen-mu-26
http://www.zhihu.com/people/li-xiao-wen-82
http://www.zhihu.com/people/fengjuanchengfu
http://www.zhihu.com/people/zelin
http://www.zhihu.com/people/zhu-jin-xuan
http://www.zhihu.com/people/steveren
http://www.zhihu.com/people/zhao-liang-35-3
http://www.zhihu.com/people/neonyasushi
http://www.zhihu.com/people/cherrydcy
http://www.zhihu.com/people/liu-yu-chen-28
http://www.zhihu.com/people/henry-25
http://www.zhihu.com/people/jiang-yuan-song
http://www.zhihu.com/people/xiaogaozi
http://www.zhihu.com/people/chen-fei-37-45
http://www.zhihu.com/people/lin-yi-85
http://www.zhihu.com/people/rtuhbf
http://www.zhihu.com/people/THFQ
http://www.zhihu.com/people/peng-xiao-han
http://www.zhihu.com/people/mcwzy
http://www.zhihu.com/people/tao-ye-82
http://www.zhihu.com/people/zhang-tian-94
http://www.zhihu.com/people/yu-shi-san
http://www.zhihu.com/people/joker-86
http://www.zhihu.com/people/xinizhi-zhi
http://www.zhihu.com/people/definiter
http://www.zhihu.com/people/zhang-zi-quan
http://www.zhihu.com/people/lin-bi-mgal
http://www.zhihu.com/people/suifeng
http://www.zhihu.com/people/chouthen
http://www.zhihu.com/people/Paitanapilahmima
http://www.zhihu.com/people/zhang-rui-22-93
http://www.zhihu.com/people/tu-tu-92
http://www.zhihu.com/people/ou-yang-27
http://www.zhihu.com/people/liang-yu-fan
http://www.zhihu.com/people/xiao-jin-wen-93
http://www.zhihu.com/people/jia-ming-65
http://www.zhihu.com/people/iamlinchang
http://www.zhihu.com/people/yaya-34
http://www.zhihu.com/people/hydra
http://www.zhihu.com/people/chen-xue-han
http://www.zhihu.com/people/ai-zhi-15
http://www.zhihu.com/people/zhang-dai-xin
http://www.zhihu.com/people/secrain
http://www.zhihu.com/people/mikemelon
http://www.zhihu.com/people/biqtocn
http://www.zhihu.com/people/lin-bao-47
http://www.zhihu.com/people/ren-meng-xin
http://www.zhihu.com/people/realfish
http://www.zhihu.com/people/ran-35
http://www.zhihu.com/people/causu
http://www.zhihu.com/people/chenran
http://www.zhihu.com/people/chen-yuan-jun
http://www.zhihu.com/people/miaosjn
http://www.zhihu.com/people/an-zhi-25
http://www.zhihu.com/people/huang-yu-ming
http://www.zhihu.com/people/waypig
http://www.zhihu.com/people/wang-wen-xi-45
http://www.zhihu.com/people/liu-chang-1
http://www.zhihu.com/people/IrfanStyle
http://www.zhihu.com/people/yu-san-geng
http://www.zhihu.com/people/jiyinyiyong
http://www.zhihu.com/people/cheng-hai-bo
http://www.zhihu.com/people/ledlaohuo
http://www.zhihu.com/people/yolanda-11-80
http://www.zhihu.com/people/chen-jian-33-39
http://www.zhihu.com/people/leelooluu
http://www.zhihu.com/people/qiao-feng-xue
http://www.zhihu.com/people/longway
http://www.zhihu.com/people/mo-xiao-nian
http://www.zhihu.com/people/duqun
http://www.zhihu.com/people/qu-chong-dong
http://www.zhihu.com/people/keshaoqin
http://www.zhihu.com/people/yuzhuoran
http://www.zhihu.com/people/zhihuclub
http://www.zhihu.com/people/fuwocheng
http://www.zhihu.com/people/wang-da-zhong-86
http://www.zhihu.com/people/ahxxm
http://www.zhihu.com/people/mzehuang
http://www.zhihu.com/people/shi-yu-nong
http://www.zhihu.com/people/xinyu-chen
http://www.zhihu.com/people/wang-rui-yang
http://www.zhihu.com/people/bit649
http://www.zhihu.com/people/xu-yong-jia
http://www.zhihu.com/people/zhang-lin-yuan-54
http://www.zhihu.com/people/zhou-yi-qiang
http://www.zhihu.com/people/say-bye
http://www.zhihu.com/people/lijianjian
http://www.zhihu.com/people/mei-yu-xuan-afk
http://www.zhihu.com/people/huanghuihui1991
http://www.zhihu.com/people/ni-chuang
http://www.zhihu.com/people/wang-yi-chun-01
http://www.zhihu.com/people/tcstar
http://www.zhihu.com/people/wen-qiang-77
http://www.zhihu.com/people/zombie
http://www.zhihu.com/people/missyicky
http://www.zhihu.com/people/solib
http://www.zhihu.com/people/qian-feng-27
http://www.zhihu.com/people/kalon
http://www.zhihu.com/people/zhang-yi-chi-12
http://www.zhihu.com/people/Alvin-Too
http://www.zhihu.com/people/zheng-yi-lin-57
http://www.zhihu.com/people/central-park
http://www.zhihu.com/people/ttmot
http://www.zhihu.com/people/ma-qing-ming
http://www.zhihu.com/people/liu-ya-dong-86
http://www.zhihu.com/people/zhu-wen
http://www.zhihu.com/people/luoxr
http://www.zhihu.com/people/yu-ming-gu-wen-chen-tao
http://www.zhihu.com/people/liu-li-ya-57
http://www.zhihu.com/people/tomhall
http://www.zhihu.com/people/David_Ren
http://www.zhihu.com/people/jiang-lei-12
http://www.zhihu.com/people/chen-nan-77
http://www.zhihu.com/people/fan-wen-rong
http://www.zhihu.com/people/folin
http://www.zhihu.com/people/tazx
http://www.zhihu.com/people/linyangjames
http://www.zhihu.com/people/zhanghaichuan
http://www.zhihu.com/people/saintkerry
http://www.zhihu.com/people/she-zhao-zhuo
http://www.zhihu.com/people/namiheike
http://www.zhihu.com/people/yi-you-16
http://www.zhihu.com/people/huang-yong-kang
http://www.zhihu.com/people/yang-hua-90
http://www.zhihu.com/people/sotime
http://www.zhihu.com/people/jixin
http://www.zhihu.com/people/eversonic
http://www.zhihu.com/people/man-tong
http://www.zhihu.com/people/zlotus
http://www.zhihu.com/people/nordenbox
http://www.zhihu.com/people/hu-xiao-ying-94
http://www.zhihu.com/people/tinybir
http://www.zhihu.com/people/chinalinbin
http://www.zhihu.com/people/shao-chun-lin
http://www.zhihu.com/people/maphycs
http://www.zhihu.com/people/jia-jia-21
http://www.zhihu.com/people/zheng-he-72
http://www.zhihu.com/people/A3R2012
http://www.zhihu.com/people/flily
http://www.zhihu.com/people/zaiyiqi
http://www.zhihu.com/people/xu-yu-xiang-74
http://www.zhihu.com/people/lian-wen-long
http://www.zhihu.com/people/peng-xin-xin
http://www.zhihu.com/people/shui-zhu-zi
http://www.zhihu.com/people/poet
http://www.zhihu.com/people/chen-wei-50-1
http://www.zhihu.com/people/florence-wu
http://www.zhihu.com/people/wang-hui-yi-59
http://www.zhihu.com/people/sansmoi
http://www.zhihu.com/people/duchao
http://www.zhihu.com/people/wang-fei-37-32
http://www.zhihu.com/people/zhang-yang-60-19
http://www.zhihu.com/people/xian-yin-60
http://www.zhihu.com/people/Metaphox
http://www.zhihu.com/people/luo-tian-rui
http://www.zhihu.com/people/dizzarz
http://www.zhihu.com/people/chen-hao-84
http://www.zhihu.com/people/liuyang-37
http://www.zhihu.com/people/chen-wei-ting-90
http://www.zhihu.com/people/liu-yi-xuan-59
http://www.zhihu.com/people/wei-mu
http://www.zhihu.com/people/Eli4ph
http://www.zhihu.com/people/fu-jia-qi
http://www.zhihu.com/people/paradisor
http://www.zhihu.com/people/zuimai
http://www.zhihu.com/people/jin-cheng-tan
http://www.zhihu.com/people/xhacker
http://www.zhihu.com/people/chenghehe321
http://www.zhihu.com/people/xiaodaoren
http://www.zhihu.com/people/gui-meng-yuan
http://www.zhihu.com/people/lianghai
http://www.zhihu.com/people/hangzhi
http://www.zhihu.com/people/jia-ke-wei
http://www.zhihu.com/people/Robot-Yu
http://www.zhihu.com/people/wu-sheng-ming
http://www.zhihu.com/people/koogle
http://www.zhihu.com/people/superroubaozi
http://www.zhihu.com/people/patrickluo
http://www.zhihu.com/people/cao-meng-di
http://www.zhihu.com/people/herolifan
http://www.zhihu.com/people/acacia100
http://www.zhihu.com/people/tonyseek
