http://www.zhihu.com/people/Luo
http://www.zhihu.com/people/feng-deng
http://www.zhihu.com/people/jiang-lei-90-28
http://www.zhihu.com/people/zhang-li-dong-5
http://www.zhihu.com/people/djean
http://www.zhihu.com/people/shi-ke-48-30
http://www.zhihu.com/people/zhang-chao-xun
http://www.zhihu.com/people/loyalman1314
http://www.zhihu.com/people/donganwangshi
http://www.zhihu.com/people/zhang-mei-hua
http://www.zhihu.com/people/liujiayu
http://www.zhihu.com/people/li-ning-meng
http://www.zhihu.com/people/xu-jia-ming
http://www.zhihu.com/people/mcbob
http://www.zhihu.com/people/wang-dong-ming-37
http://www.zhihu.com/people/cshhao
http://www.zhihu.com/people/zhaoshijie
http://www.zhihu.com/people/boyarayophthal
http://www.zhihu.com/people/qiu-jia-cheng
http://www.zhihu.com/people/su-ming-58
http://www.zhihu.com/people/yeswjh
http://www.zhihu.com/people/wang-yan-bo-91
http://www.zhihu.com/people/gaosong
http://www.zhihu.com/people/maple
http://www.zhihu.com/people/zhang-qiang-20
http://www.zhihu.com/people/liu-yi-76-16-75
http://www.zhihu.com/people/tang-hao-yu
http://www.zhihu.com/people/akirachang
http://www.zhihu.com/people/xia-yu-88
http://www.zhihu.com/people/mu-yun-99
http://www.zhihu.com/people/nazar
http://www.zhihu.com/people/huang-shao-hua-84
http://www.zhihu.com/people/wolfxl
http://www.zhihu.com/people/yang-guang-83
http://www.zhihu.com/people/wong-j-6
http://www.zhihu.com/people/zi-cheng-bo
http://www.zhihu.com/people/chang-an-mou
http://www.zhihu.com/people/kuang-cui-yong
http://www.zhihu.com/people/allenryb
http://www.zhihu.com/people/zhou-zi-qin
http://www.zhihu.com/people/wang-yue-44-40
http://www.zhihu.com/people/zhougan
http://www.zhihu.com/people/wanghou
http://www.zhihu.com/people/ge-hong-ming-86
http://www.zhihu.com/people/mu-dao-57
http://www.zhihu.com/people/liyucai
http://www.zhihu.com/people/lu-shuang-1993
http://www.zhihu.com/people/xi-bei-4-97
http://www.zhihu.com/people/yoghour
http://www.zhihu.com/people/echo-40-22
http://www.zhihu.com/people/wu-shuai
http://www.zhihu.com/people/ma-hui-nan
http://www.zhihu.com/people/nan-yu-xuan
http://www.zhihu.com/people/chen-jia-xin-11-97
http://www.zhihu.com/people/xuan-yuan-lie-35
http://www.zhihu.com/people/chen-yang-zhu
http://www.zhihu.com/people/dcn-liu
http://www.zhihu.com/people/wang-li-nuo-15
http://www.zhihu.com/people/georgec
http://www.zhihu.com/people/zhou-gang-64
http://www.zhihu.com/people/du-xing-zhi
http://www.zhihu.com/people/yang-zhi-qi
http://www.zhihu.com/people/chen-yan-kun-62
http://www.zhihu.com/people/frankjiang
http://www.zhihu.com/people/pao-cai-wu
http://www.zhihu.com/people/yan-ming-li-ge
http://www.zhihu.com/people/zhongkn
http://www.zhihu.com/people/gong-ze-long
http://www.zhihu.com/people/sean-7-51
http://www.zhihu.com/people/Rome
http://www.zhihu.com/people/coee
http://www.zhihu.com/people/xu-jia-qi-22
http://www.zhihu.com/people/xie-wei-you
http://www.zhihu.com/people/chenyan
http://www.zhihu.com/people/cloudxiaoka
http://www.zhihu.com/people/chen-yong-lin-25
http://www.zhihu.com/people/wang-li-li-94
http://www.zhihu.com/people/chuangbo
http://www.zhihu.com/people/mayitbe
http://www.zhihu.com/people/sun-liang-29
http://www.zhihu.com/people/zheng-zha-22
http://www.zhihu.com/people/chen-jun-cheng-19
http://www.zhihu.com/people/24kxiao-mi-mi
http://www.zhihu.com/people/lucker
http://www.zhihu.com/people/abel_phyllis
http://www.zhihu.com/people/si-fang-shan-ren
http://www.zhihu.com/people/fan-xiao-xuan-41
http://www.zhihu.com/people/winiex
http://www.zhihu.com/people/ghyang
http://www.zhihu.com/people/wangmufeng
http://www.zhihu.com/people/gao-yang-12
http://www.zhihu.com/people/zhang-zi-yang-25-10
http://www.zhihu.com/people/woodman
http://www.zhihu.com/people/alex-yan-16
http://www.zhihu.com/people/wu-wei-80-7
http://www.zhihu.com/people/messin
http://www.zhihu.com/people/scofield-he
http://www.zhihu.com/people/wei-ta-bing
http://www.zhihu.com/people/zi-yi
http://www.zhihu.com/people/realmalu
http://www.zhihu.com/people/xy___ok
http://www.zhihu.com/people/lin-tu-43
http://www.zhihu.com/people/x_gy
http://www.zhihu.com/people/kong-rong-26
http://www.zhihu.com/people/alonzotang
http://www.zhihu.com/people/zhu-shi-30
http://www.zhihu.com/people/xia-mi-3-82
http://www.zhihu.com/people/cao-hui-96
http://www.zhihu.com/people/imzxd
http://www.zhihu.com/people/CNZD
http://www.zhihu.com/people/ray-chin
http://www.zhihu.com/people/walkxi
http://www.zhihu.com/people/zhang-en-wen
http://www.zhihu.com/people/lin-zi-cha
http://www.zhihu.com/people/cui-wei-dong
http://www.zhihu.com/people/zhao-xin-weng
http://www.zhihu.com/people/quan-quan-35-32
http://www.zhihu.com/people/huang-zi-xu
http://www.zhihu.com/people/guo-rui-chun
http://www.zhihu.com/people/liu-ya-kun-1
http://www.zhihu.com/people/qing-feng-ban-xiu
http://www.zhihu.com/people/frwts
http://www.zhihu.com/people/huiyang
http://www.zhihu.com/people/mu-yan-wen
http://www.zhihu.com/people/abstract202
http://www.zhihu.com/people/aipipi
http://www.zhihu.com/people/iduoshao
http://www.zhihu.com/people/marcus930
http://www.zhihu.com/people/niunai
http://www.zhihu.com/people/guo-ming-yang-49
http://www.zhihu.com/people/lu-qia-fu
http://www.zhihu.com/people/dyno
http://www.zhihu.com/people/lin-deng-wan-44
http://www.zhihu.com/people/heaven_000
http://www.zhihu.com/people/wu-da
http://www.zhihu.com/people/Vico24
http://www.zhihu.com/people/chewan
http://www.zhihu.com/people/riverkang
http://www.zhihu.com/people/teen
http://www.zhihu.com/people/yang-guang-11-55
http://www.zhihu.com/people/liang-zhen-hua
http://www.zhihu.com/people/liu-hai-79-29
http://www.zhihu.com/people/wang-sheng-43-24
http://www.zhihu.com/people/liu-ping-92
http://www.zhihu.com/people/tian-xiao-zhu-84
http://www.zhihu.com/people/Xavier_TM
http://www.zhihu.com/people/zhang-bei-hai-52
http://www.zhihu.com/people/li-xiao-qiang-25
http://www.zhihu.com/people/chen-rui-25-74
http://www.zhihu.com/people/wujinzhi
http://www.zhihu.com/people/du-de-chao
http://www.zhihu.com/people/wangweizhe
http://www.zhihu.com/people/lin-zi-27-39
http://www.zhihu.com/people/li-xu-55-49
http://www.zhihu.com/people/han-fei-1-48
http://www.zhihu.com/people/wang-xiao-tian-67
http://www.zhihu.com/people/huo-kan-kan
http://www.zhihu.com/people/lu-zi-75
http://www.zhihu.com/people/joker-86
http://www.zhihu.com/people/meng-fei-59-13
http://www.zhihu.com/people/ying-gai-shi-velkan
http://www.zhihu.com/people/xoooowi
http://www.zhihu.com/people/liao-li-ao
http://www.zhihu.com/people/wu-suo-wei-97-89
http://www.zhihu.com/people/neozhang
http://www.zhihu.com/people/daniel-gao-41
http://www.zhihu.com/people/liu-shen-96
http://www.zhihu.com/people/lanyy
http://www.zhihu.com/people/zzpzhihu
http://www.zhihu.com/people/lei-gang-21
http://www.zhihu.com/people/arnold-shen
http://www.zhihu.com/people/X-ci
http://www.zhihu.com/people/po-dai
http://www.zhihu.com/people/liang-jun-feng-2
http://www.zhihu.com/people/lu-zhi
http://www.zhihu.com/people/li-ke-71-71
http://www.zhihu.com/people/cai-lin-zhi
http://www.zhihu.com/people/jersey-54
http://www.zhihu.com/people/xqlee
http://www.zhihu.com/people/huaixiansheng
http://www.zhihu.com/people/liu-ren-jie-84
http://www.zhihu.com/people/fc-Z
http://www.zhihu.com/people/mr-cc
http://www.zhihu.com/people/shuo-guo-xi-wen
http://www.zhihu.com/people/xu-xiao-bo-46
http://www.zhihu.com/people/xjacks
http://www.zhihu.com/people/sun-cheng-bo
http://www.zhihu.com/people/zhangwei0736
http://www.zhihu.com/people/fan-yisong
http://www.zhihu.com/people/zhang-xiao-min-97
http://www.zhihu.com/people/zhang-ling-qi-64
http://www.zhihu.com/people/tian-qi-yuan-34
http://www.zhihu.com/people/guan-yao-65
http://www.zhihu.com/people/xu-meng-yang
http://www.zhihu.com/people/wang-tong-36-37
http://www.zhihu.com/people/Justyl
http://www.zhihu.com/people/Adam.W
http://www.zhihu.com/people/liu-pi-zi
http://www.zhihu.com/people/xuzhe1224
http://www.zhihu.com/people/houtie
http://www.zhihu.com/people/luomoshiguang
http://www.zhihu.com/people/yangshenme
http://www.zhihu.com/people/victor-shaw
http://www.zhihu.com/people/lu-kan-hua
http://www.zhihu.com/people/robin-98
http://www.zhihu.com/people/wang-rui-qi-94
http://www.zhihu.com/people/fan-ya-jie
http://www.zhihu.com/people/badbye
http://www.zhihu.com/people/andyguoxiao
http://www.zhihu.com/people/shan-n
http://www.zhihu.com/people/golden
http://www.zhihu.com/people/wins
http://www.zhihu.com/people/lun-shao-guang
http://www.zhihu.com/people/hugehead
http://www.zhihu.com/people/ge-bi-lao-wang
http://www.zhihu.com/people/caozhihu
http://www.zhihu.com/people/zhang-yuan-21
http://www.zhihu.com/people/a-kun-71
http://www.zhihu.com/people/li-bu-ren
http://www.zhihu.com/people/shi-lin-37
http://www.zhihu.com/people/leo-lee-41-59
http://www.zhihu.com/people/hu-bin-jian
http://www.zhihu.com/people/yetone
http://www.zhihu.com/people/morgan-66
http://www.zhihu.com/people/kong-xiang-zhe
http://www.zhihu.com/people/zhang-ming-qing
http://www.zhihu.com/people/hi-yz
http://www.zhihu.com/people/chen-yang-xin-38
http://www.zhihu.com/people/wang-xiao-yu
http://www.zhihu.com/people/huang-hao-zhu
http://www.zhihu.com/people/an-jie-13
http://www.zhihu.com/people/liu-wen-8-25
http://www.zhihu.com/people/wu-xing-chi
http://www.zhihu.com/people/fei-shao-yu
http://www.zhihu.com/people/sun-yu-hui-42
http://www.zhihu.com/people/long-li-hong
http://www.zhihu.com/people/liu-de-kun
http://www.zhihu.com/people/czs05
http://www.zhihu.com/people/zhi-yang-7
http://www.zhihu.com/people/mugee
http://www.zhihu.com/people/sunmingshen
http://www.zhihu.com/people/cong-jin-zheng
http://www.zhihu.com/people/wang-li-peng-86
http://www.zhihu.com/people/sangxiamu
http://www.zhihu.com/people/liu-jun-98
http://www.zhihu.com/people/hao-jing-chen
http://www.zhihu.com/people/benyuh
http://www.zhihu.com/people/francisfang
http://www.zhihu.com/people/zhou-chen-14
http://www.zhihu.com/people/chendeshen
http://www.zhihu.com/people/hou-ling-xiao
http://www.zhihu.com/people/fan-hong-wei
http://www.zhihu.com/people/RyomaKal
http://www.zhihu.com/people/yue-ban-he
http://www.zhihu.com/people/dai-ke-24
http://www.zhihu.com/people/anthonysama
http://www.zhihu.com/people/twofox
http://www.zhihu.com/people/qing-jun-33
http://www.zhihu.com/people/di-kai-36
http://www.zhihu.com/people/ling-hu-30
http://www.zhihu.com/people/IvanID
http://www.zhihu.com/people/Tubie_Feng
http://www.zhihu.com/people/li-xing-chen-59
http://www.zhihu.com/people/Forgoo
http://www.zhihu.com/people/bourne-jason-36
http://www.zhihu.com/people/halu-98
http://www.zhihu.com/people/will-wang-69
http://www.zhihu.com/people/zhou-ze-feng
http://www.zhihu.com/people/zengjiajun
http://www.zhihu.com/people/chen-xiao-yang-58-21
http://www.zhihu.com/people/ledlaohuo
http://www.zhihu.com/people/wang-zi-teng-lantkin
http://www.zhihu.com/people/jian
http://www.zhihu.com/people/marsnofear
http://www.zhihu.com/people/li-ke
http://www.zhihu.com/people/ericauditore
http://www.zhihu.com/people/peter-4
http://www.zhihu.com/people/xylisten
http://www.zhihu.com/people/scorpio-fly
http://www.zhihu.com/people/yl-zhang-21
http://www.zhihu.com/people/jiang-bing-19-70
http://www.zhihu.com/people/lin-zhi-cheng-huiyi
http://www.zhihu.com/people/luo-wei-37
http://www.zhihu.com/people/song-bing-65
http://www.zhihu.com/people/sun-jie-83
http://www.zhihu.com/people/zhang-lei-87-23
http://www.zhihu.com/people/yang-yang-37-94
http://www.zhihu.com/people/acatinthebox
http://www.zhihu.com/people/j.lian
http://www.zhihu.com/people/yi-feng-shan
http://www.zhihu.com/people/zhou-wen-45
http://www.zhihu.com/people/michael-4
http://www.zhihu.com/people/dong-yun-peng-25
http://www.zhihu.com/people/dai-si-ran
http://www.zhihu.com/people/liu-yang-77-12
http://www.zhihu.com/people/luo-xi-he
http://www.zhihu.com/people/zhang-tian-cheng-55
http://www.zhihu.com/people/bearsiji417
http://www.zhihu.com/people/niu-niu-6-1
http://www.zhihu.com/people/xu-nuo-365
http://www.zhihu.com/people/lin-zhao-qin
http://www.zhihu.com/people/jianzhang
http://www.zhihu.com/people/chinamack
http://www.zhihu.com/people/dai-yizhu
http://www.zhihu.com/people/zheng-xin-92
http://www.zhihu.com/people/s85b50a
http://www.zhihu.com/people/deng_bibi
http://www.zhihu.com/people/cao-hui-jun
http://www.zhihu.com/people/sun-wu-jing-4
http://www.zhihu.com/people/caoxiongfeng
http://www.zhihu.com/people/zhuxiaosha
http://www.zhihu.com/people/fang-xiao-fan-23
http://www.zhihu.com/people/lynn-xu
http://www.zhihu.com/people/liu-zhe-44
http://www.zhihu.com/people/elvis-hu
http://www.zhihu.com/people/liang-de-zhu
http://www.zhihu.com/people/li-san-fan
http://www.zhihu.com/people/dizhe
http://www.zhihu.com/people/chen-qiang-sheng-52
http://www.zhihu.com/people/jie-ao-joy
http://www.zhihu.com/people/zhang-yuan-41-66
http://www.zhihu.com/people/jerry-cen
http://www.zhihu.com/people/feng-li-6
http://www.zhihu.com/people/meilixinqing
http://www.zhihu.com/people/bemo
http://www.zhihu.com/people/Aru20
http://www.zhihu.com/people/daniel-lee-35
http://www.zhihu.com/people/niu-shui-chao-huo-jack
http://www.zhihu.com/people/hezhangxa
http://www.zhihu.com/people/ArnoldHall
http://www.zhihu.com/people/Mr.guo
http://www.zhihu.com/people/mac-young
http://www.zhihu.com/people/liu-jia-ming
http://www.zhihu.com/people/a-hun
http://www.zhihu.com/people/li-chao-93
http://www.zhihu.com/people/heytao
http://www.zhihu.com/people/ma-xiang-wen
http://www.zhihu.com/people/xiao-na-mary
http://www.zhihu.com/people/sanghai89110224
http://www.zhihu.com/people/fu-cheng-kai
http://www.zhihu.com/people/yutian
http://www.zhihu.com/people/ronter
http://www.zhihu.com/people/nikeychan
http://www.zhihu.com/people/luo-guo-xiang
http://www.zhihu.com/people/blackbeard
http://www.zhihu.com/people/wei-xue-cao
http://www.zhihu.com/people/liupengfei0808
http://www.zhihu.com/people/tan-jia-jun-56
http://www.zhihu.com/people/vytas
http://www.zhihu.com/people/yangtaishou
http://www.zhihu.com/people/nightcoffee
http://www.zhihu.com/people/K2-YOUNG
http://www.zhihu.com/people/zhhongbo
http://www.zhihu.com/people/fengdecong
http://www.zhihu.com/people/yongxinge
http://www.zhihu.com/people/niu-chang-50
http://www.zhihu.com/people/shenwan
http://www.zhihu.com/people/fa-jun
http://www.zhihu.com/people/victor24yo
http://www.zhihu.com/people/isla
http://www.zhihu.com/people/wu-jie-qi-72
http://www.zhihu.com/people/cu-mu
http://www.zhihu.com/people/lu-da-da-48
http://www.zhihu.com/people/ruan-yixiao
http://www.zhihu.com/people/zheng-qi-11-98
http://www.zhihu.com/people/xiahao
http://www.zhihu.com/people/mai-xiao-mai-78
http://www.zhihu.com/people/luo-bo-wen-35
http://www.zhihu.com/people/owl-43-79
http://www.zhihu.com/people/wen-dao-73
http://www.zhihu.com/people/vwow
http://www.zhihu.com/people/ssenkrad
http://www.zhihu.com/people/shuxiaowang
http://www.zhihu.com/people/thx1104
http://www.zhihu.com/people/wushuideyu
http://www.zhihu.com/people/li-jia-kang
http://www.zhihu.com/people/ren-hong-59
http://www.zhihu.com/people/MSimple
http://www.zhihu.com/people/zisheng
http://www.zhihu.com/people/yimuxia
http://www.zhihu.com/people/panxiaofeng
http://www.zhihu.com/people/cui-yu-58
http://www.zhihu.com/people/xu-jiang-78
http://www.zhihu.com/people/ji-wei-70
http://www.zhihu.com/people/000088
http://www.zhihu.com/people/folkyou
http://www.zhihu.com/people/freedomwyb
http://www.zhihu.com/people/zhangweijie
http://www.zhihu.com/people/minitown
http://www.zhihu.com/people/wang-hun-dan
http://www.zhihu.com/people/xuexiaozhe
http://www.zhihu.com/people/wu-cheng-en
http://www.zhihu.com/people/dudu222
http://www.zhihu.com/people/chen-ji-88
http://www.zhihu.com/people/wang-xiao-kan
http://www.zhihu.com/people/zhou-lao-dao
http://www.zhihu.com/people/itecilife-ZR
http://www.zhihu.com/people/yu-xu-dong
http://www.zhihu.com/people/endlessroad
http://www.zhihu.com/people/kevin3650
http://www.zhihu.com/people/fu-tao-67
http://www.zhihu.com/people/seuzhaoam
http://www.zhihu.com/people/ma-wen-24-33
http://www.zhihu.com/people/fay-wang-1
http://www.zhihu.com/people/zhou-xiao-82
http://www.zhihu.com/people/lendll
http://www.zhihu.com/people/rockchokemy
http://www.zhihu.com/people/wei-jin-shuai
http://www.zhihu.com/people/anson-37
http://www.zhihu.com/people/gong-guan-ming
http://www.zhihu.com/people/www.malafang.com
http://www.zhihu.com/people/mi-xiang-chong
http://www.zhihu.com/people/GilgameshK
http://www.zhihu.com/people/yannn
http://www.zhihu.com/people/cheng-chang-87-12
http://www.zhihu.com/people/you-bao-52
http://www.zhihu.com/people/ba-ta-fei-lai
http://www.zhihu.com/people/sodapig
http://www.zhihu.com/people/jason_jie
http://www.zhihu.com/people/huang-sheng-kun
http://www.zhihu.com/people/chen-shu-yi-21
http://www.zhihu.com/people/leon-liao
http://www.zhihu.com/people/xie-kang-25-72
http://www.zhihu.com/people/chizai
http://www.zhihu.com/people/roboon
http://www.zhihu.com/people/lin-xiao-bin-26
http://www.zhihu.com/people/lu-gui-chen-26
http://www.zhihu.com/people/gong-yu-9111
http://www.zhihu.com/people/wang-shang-77
http://www.zhihu.com/people/rongyiren
http://www.zhihu.com/people/zhang-mao-yu
http://www.zhihu.com/people/li-tai-xian
http://www.zhihu.com/people/just1n
http://www.zhihu.com/people/swiftwind0405
http://www.zhihu.com/people/ysht_k
http://www.zhihu.com/people/powertan
http://www.zhihu.com/people/xi-xi-fu
http://www.zhihu.com/people/dong-dong-94-47
http://www.zhihu.com/people/zheng-hao-74-37
http://www.zhihu.com/people/mzds
http://www.zhihu.com/people/sun-hao-tian
http://www.zhihu.com/people/leofang
http://www.zhihu.com/people/wansho
http://www.zhihu.com/people/zwcheung
http://www.zhihu.com/people/fan-wen-ju
http://www.zhihu.com/people/shi-hong-46
http://www.zhihu.com/people/meng-jue-99
http://www.zhihu.com/people/92KG
http://www.zhihu.com/people/chen-kai-30-73
http://www.zhihu.com/people/yllyll
http://www.zhihu.com/people/zhang-xian-feng
http://www.zhihu.com/people/liu-yi-ran-62
http://www.zhihu.com/people/bearzx
http://www.zhihu.com/people/xu-yong-jia
http://www.zhihu.com/people/liaojunyuan.com
http://www.zhihu.com/people/suqin
http://www.zhihu.com/people/samyhello
http://www.zhihu.com/people/deng-xin-xian
http://www.zhihu.com/people/he-zhe-xin
http://www.zhihu.com/people/cerulean-45
http://www.zhihu.com/people/wu-wu-48-86
http://www.zhihu.com/people/zhu-xue-tong-81
http://www.zhihu.com/people/liu-xue-feng-7
http://www.zhihu.com/people/live-dong
http://www.zhihu.com/people/ma-de-li-56
http://www.zhihu.com/people/su-yi-97-71
http://www.zhihu.com/people/gao-cong-68
http://www.zhihu.com/people/yeti-zhihu
http://www.zhihu.com/people/crishua-lun-jun
http://www.zhihu.com/people/rendy
http://www.zhihu.com/people/junesk
http://www.zhihu.com/people/goge-yao
http://www.zhihu.com/people/jeffrey-26
http://www.zhihu.com/people/zhuang-xiao-meng
http://www.zhihu.com/people/li-yi-nan
http://www.zhihu.com/people/wangtengchuan
http://www.zhihu.com/people/luo-meng-jie
http://www.zhihu.com/people/lanjian
http://www.zhihu.com/people/wen-tao-4
http://www.zhihu.com/people/zhao-da-pao-42
http://www.zhihu.com/people/wang-xia-8-88
http://www.zhihu.com/people/huang-teng-fei-96
http://www.zhihu.com/people/zhang-xiao-xian-77
http://www.zhihu.com/people/gushiyue
http://www.zhihu.com/people/li-ye-27-65
http://www.zhihu.com/people/ding-yi-kai
http://www.zhihu.com/people/atuskong
http://www.zhihu.com/people/xymelove
http://www.zhihu.com/people/air00dd
http://www.zhihu.com/people/sherlock-w
http://www.zhihu.com/people/wang-yun-peng-92
http://www.zhihu.com/people/rrxieke
http://www.zhihu.com/people/ru-sheng
http://www.zhihu.com/people/zhu-jun-xi-68
http://www.zhihu.com/people/wang-xiao-meng-60-9
http://www.zhihu.com/people/mu-xi-75
http://www.zhihu.com/people/mie-xuan
http://www.zhihu.com/people/Leslie0910
http://www.zhihu.com/people/chuckwang94
http://www.zhihu.com/people/chenruihong
http://www.zhihu.com/people/Focusnone
http://www.zhihu.com/people/natt
http://www.zhihu.com/people/han-peng-qian
http://www.zhihu.com/people/chen-bo-39
http://www.zhihu.com/people/sun-zhu-68-81
http://www.zhihu.com/people/myron2013
http://www.zhihu.com/people/mei-you-96
http://www.zhihu.com/people/zhang-chen-57
http://www.zhihu.com/people/hu-nicholas
http://www.zhihu.com/people/xjpp
http://www.zhihu.com/people/SkyForeverKing
http://www.zhihu.com/people/cui-wang
http://www.zhihu.com/people/wanglewen
http://www.zhihu.com/people/sunny-69
http://www.zhihu.com/people/lai-qiang-sheng
http://www.zhihu.com/people/wrcf
http://www.zhihu.com/people/tang-zhe-30
http://www.zhihu.com/people/liu-lin-zhao
http://www.zhihu.com/people/stela
http://www.zhihu.com/people/zhang-yue-ming-12
http://www.zhihu.com/people/puremagnet
http://www.zhihu.com/people/xu-peng-peng-63
http://www.zhihu.com/people/suodi
http://www.zhihu.com/people/zonyitoo
http://www.zhihu.com/people/0ceanq
http://www.zhihu.com/people/zhou-xin-45
http://www.zhihu.com/people/yao-wu-99
http://www.zhihu.com/people/yaokang-peng
http://www.zhihu.com/people/zheng-dong-94
http://www.zhihu.com/people/JoeyZhi
http://www.zhihu.com/people/long-yang-56
http://www.zhihu.com/people/kong-fan-xin
http://www.zhihu.com/people/gao-fu-zhi
http://www.zhihu.com/people/jiangminsh
http://www.zhihu.com/people/zhang-le-44-38
http://www.zhihu.com/people/huangduanduan
http://www.zhihu.com/people/cai-jin-cheng
http://www.zhihu.com/people/jerry-76
http://www.zhihu.com/people/leesizhe
http://www.zhihu.com/people/lin-min-quan
http://www.zhihu.com/people/vencent-95
http://www.zhihu.com/people/zhu-yixin-42
http://www.zhihu.com/people/parke
http://www.zhihu.com/people/zhao-wen-jie
http://www.zhihu.com/people/liu-xiao-chen-77
http://www.zhihu.com/people/he-zi-ang
http://www.zhihu.com/people/flusky
http://www.zhihu.com/people/she-shi-hao
http://www.zhihu.com/people/wangpengyu
http://www.zhihu.com/people/geng-bo-8
http://www.zhihu.com/people/gao-gao-54
http://www.zhihu.com/people/yao-ban-nong
http://www.zhihu.com/people/19951121
http://www.zhihu.com/people/vincewong
http://www.zhihu.com/people/oooz
http://www.zhihu.com/people/wannian
http://www.zhihu.com/people/sugarray34
http://www.zhihu.com/people/arnold-pei
http://www.zhihu.com/people/lonelynight
http://www.zhihu.com/people/debbbbie
http://www.zhihu.com/people/zhou-bin-74
http://www.zhihu.com/people/zhang-zheng-37
http://www.zhihu.com/people/bjchaodaye
http://www.zhihu.com/people/liu-xiao-lu-20
http://www.zhihu.com/people/wang-er-71
http://www.zhihu.com/people/changzhihu
http://www.zhihu.com/people/dong-shen
http://www.zhihu.com/people/xu-lu-yang
http://www.zhihu.com/people/long-yun-88-6
http://www.zhihu.com/people/taylor-95
http://www.zhihu.com/people/galant
http://www.zhihu.com/people/chengyuwen
http://www.zhihu.com/people/xhacker
http://www.zhihu.com/people/zhou-yu-zhen-85
http://www.zhihu.com/people/zhangsimon
http://www.zhihu.com/people/wang-kai-12-21
http://www.zhihu.com/people/zhounan
http://www.zhihu.com/people/mamy
http://www.zhihu.com/people/locnlee
http://www.zhihu.com/people/zhang-hu-pan
http://www.zhihu.com/people/Sn0wMan
http://www.zhihu.com/people/youshihenben
http://www.zhihu.com/people/oushixiaoxie
http://www.zhihu.com/people/buluka
http://www.zhihu.com/people/xiao-hai-74-93
http://www.zhihu.com/people/cosmo-dark
http://www.zhihu.com/people/yue-yi-he
http://www.zhihu.com/people/xdting
http://www.zhihu.com/people/rong-sir
http://www.zhihu.com/people/tan-zhi-jian-50
http://www.zhihu.com/people/she-quan-quan
http://www.zhihu.com/people/gary-46
http://www.zhihu.com/people/merryjing
http://www.zhihu.com/people/zhu-bo-tao
http://www.zhihu.com/people/song-yang-74
http://www.zhihu.com/people/mu-he
http://www.zhihu.com/people/lin-wen-mo
http://www.zhihu.com/people/gavenzhang
http://www.zhihu.com/people/zombie
http://www.zhihu.com/people/xin-yan
http://www.zhihu.com/people/jeff-21
http://www.zhihu.com/people/shengxinhu
http://www.zhihu.com/people/xiaoo
http://www.zhihu.com/people/linglingfa
http://www.zhihu.com/people/feng-jun-yuan
http://www.zhihu.com/people/songpengzhan
http://www.zhihu.com/people/cheng-bai-lao
http://www.zhihu.com/people/fu-shu-shu-ying
http://www.zhihu.com/people/kissingfeng
http://www.zhihu.com/people/qiyongwong
http://www.zhihu.com/people/chu-pei-rui
http://www.zhihu.com/people/haut
http://www.zhihu.com/people/xtytt
http://www.zhihu.com/people/hu-xin-yao
http://www.zhihu.com/people/ma-que-10
http://www.zhihu.com/people/li-bei-ni
http://www.zhihu.com/people/zheng-xin-hang-13
http://www.zhihu.com/people/ceng-yu-10
http://www.zhihu.com/people/liu-jun-54-86
http://www.zhihu.com/people/elena-ma
http://www.zhihu.com/people/ying-jiang-hong
http://www.zhihu.com/people/jiroas
http://www.zhihu.com/people/he-le-yi
http://www.zhihu.com/people/laiguanghong
http://www.zhihu.com/people/li-zi-zhu-47
http://www.zhihu.com/people/zhong-ye-zi-49
http://www.zhihu.com/people/kang-xi-58
http://www.zhihu.com/people/findmyway
http://www.zhihu.com/people/zhang-shun-99
http://www.zhihu.com/people/cui-da-49
http://www.zhihu.com/people/liuyang1991
http://www.zhihu.com/people/jellen-wang
http://www.zhihu.com/people/wang-xiao-mo-27
http://www.zhihu.com/people/li-ying-lyly
http://www.zhihu.com/people/song-da-dao-6
http://www.zhihu.com/people/changfan
http://www.zhihu.com/people/susus
http://www.zhihu.com/people/huang-min-peng
http://www.zhihu.com/people/huma
http://www.zhihu.com/people/jackzhang2014
http://www.zhihu.com/people/wangchaowen
http://www.zhihu.com/people/zheng-jiu-di-qiu
http://www.zhihu.com/people/qi-fei-34
http://www.zhihu.com/people/han-de-sheng
http://www.zhihu.com/people/techoxygen
http://www.zhihu.com/people/zhang-jia-ju-81
http://www.zhihu.com/people/yu-he-fei
http://www.zhihu.com/people/guhongguangju
http://www.zhihu.com/people/muse-liu
http://www.zhihu.com/people/tautcony
http://www.zhihu.com/people/hu-da-28
http://www.zhihu.com/people/pan-xi-ting
http://www.zhihu.com/people/han-yan-hui
http://www.zhihu.com/people/ding-jia-tao
http://www.zhihu.com/people/ren-meng-yan
http://www.zhihu.com/people/holsety
http://www.zhihu.com/people/ge-zheng-rong
http://www.zhihu.com/people/fang-yuan-jing
http://www.zhihu.com/people/yuprince
http://www.zhihu.com/people/wang-yao-84
http://www.zhihu.com/people/liu-wei-29
http://www.zhihu.com/people/thomasluo
http://www.zhihu.com/people/guxizhao
http://www.zhihu.com/people/wuzhejun
http://www.zhihu.com/people/peixiaolei
http://www.zhihu.com/people/yu-ming-gu-wen-chen-tao
http://www.zhihu.com/people/w1dd
http://www.zhihu.com/people/shinji
http://www.zhihu.com/people/kings-90
http://www.zhihu.com/people/tongjinghao
http://www.zhihu.com/people/erickchen
http://www.zhihu.com/people/jie-shuai-bing
http://www.zhihu.com/people/dizzarz
http://www.zhihu.com/people/pingguohei
http://www.zhihu.com/people/zhouwenrong
http://www.zhihu.com/people/yu-bo-yu
http://www.zhihu.com/people/raymond-wang
http://www.zhihu.com/people/qiao-pan
http://www.zhihu.com/people/zhangdashe
http://www.zhihu.com/people/rene-zhu
http://www.zhihu.com/people/guanxy
http://www.zhihu.com/people/kennyshuai
http://www.zhihu.com/people/zaiyiqi
http://www.zhihu.com/people/qun-zhi
http://www.zhihu.com/people/shi-ye-qiao
http://www.zhihu.com/people/zhang-hua-shan
http://www.zhihu.com/people/nicholezhou
http://www.zhihu.com/people/duxudong
http://www.zhihu.com/people/yang-jin-mei
http://www.zhihu.com/people/cklover
http://www.zhihu.com/people/bu-xiang
http://www.zhihu.com/people/wu-kai-lun
http://www.zhihu.com/people/xiao-bing-25
http://www.zhihu.com/people/Zhendong
http://www.zhihu.com/people/Robot-Yu
http://www.zhihu.com/people/candyrain
http://www.zhihu.com/people/Gorgonheart
http://www.zhihu.com/people/infoman
http://www.zhihu.com/people/neaton
http://www.zhihu.com/people/liuya802
http://www.zhihu.com/people/lanhan
http://www.zhihu.com/people/wind
