http://www.zhihu.com/people/ye-tao
http://www.zhihu.com/people/ameng
http://www.zhihu.com/people/gao-gao-72
http://www.zhihu.com/people/braveworld
http://www.zhihu.com/people/equator
http://www.zhihu.com/people/waiwai
http://www.zhihu.com/people/ayr1
http://www.zhihu.com/people/joeyy
http://www.zhihu.com/people/neil-35-70
http://www.zhihu.com/people/gavenzhang
http://www.zhihu.com/people/arnold-pei
http://www.zhihu.com/people/sun-yu-bo-78
http://www.zhihu.com/people/liu-xiang-46-53
http://www.zhihu.com/people/lzz001
http://www.zhihu.com/people/S-He
http://www.zhihu.com/people/li-jian-hao-26
http://www.zhihu.com/people/niu-ba-77
http://www.zhihu.com/people/streetfox
http://www.zhihu.com/people/sachiko
http://www.zhihu.com/people/xu-sheng-nan-7
http://www.zhihu.com/people/tan-ri-tian
http://www.zhihu.com/people/you-xiao-mo-79
http://www.zhihu.com/people/shu-yun-36
http://www.zhihu.com/people/SeanParker
http://www.zhihu.com/people/chenjianferrari
http://www.zhihu.com/people/zhang-bo-67-32
http://www.zhihu.com/people/sun-yao-dong-17
http://www.zhihu.com/people/joe-hero
http://www.zhihu.com/people/lattelatte
http://www.zhihu.com/people/shen-xiao-miao-85
http://www.zhihu.com/people/Kevinspider
http://www.zhihu.com/people/Chen-Yaning
http://www.zhihu.com/people/Duke13
http://www.zhihu.com/people/he-yuan-sheng
http://www.zhihu.com/people/nyanzhang
http://www.zhihu.com/people/liu-feng-li
http://www.zhihu.com/people/xiao-chu
http://www.zhihu.com/people/iseesea
http://www.zhihu.com/people/chen-xiao-mei-0725
http://www.zhihu.com/people/iyucci
http://www.zhihu.com/people/nndnnd
http://www.zhihu.com/people/li-shou-yin-89
http://www.zhihu.com/people/teng-xin
http://www.zhihu.com/people/xiangshou
http://www.zhihu.com/people/vachlan
http://www.zhihu.com/people/chu-meng-meng
http://www.zhihu.com/people/zhang-xin-qwer34
http://www.zhihu.com/people/liu-shao-peng
http://www.zhihu.com/people/dongfangyu
http://www.zhihu.com/people/073Kingson
http://www.zhihu.com/people/davidzdh
http://www.zhihu.com/people/alanolory
http://www.zhihu.com/people/xiao-sa-06-16
http://www.zhihu.com/people/liu-qi-79-12
http://www.zhihu.com/people/hans
http://www.zhihu.com/people/he-li-ying-13
http://www.zhihu.com/people/wang-qing-83
http://www.zhihu.com/people/stephanieyu
http://www.zhihu.com/people/lian-ben
http://www.zhihu.com/people/noodle
http://www.zhihu.com/people/wei-li-gan
http://www.zhihu.com/people/gao-hang-97
http://www.zhihu.com/people/siva
http://www.zhihu.com/people/su-peng-hang
http://www.zhihu.com/people/wenabby
http://www.zhihu.com/people/tu-guo-qiang
http://www.zhihu.com/people/zhushaoyue
http://www.zhihu.com/people/jiang-nan-39
http://www.zhihu.com/people/wu-yan-zhi
http://www.zhihu.com/people/li-jian-hao-31
http://www.zhihu.com/people/techoxygen
http://www.zhihu.com/people/pan-liang-jie
http://www.zhihu.com/people/michael-buble
http://www.zhihu.com/people/cong-jin-zheng
http://www.zhihu.com/people/li-yan-yu-25
http://www.zhihu.com/people/qmqy
http://www.zhihu.com/people/gu-tong-17
http://www.zhihu.com/people/baidoudou
http://www.zhihu.com/people/wang-jia-lu-82
http://www.zhihu.com/people/songweibiao
http://www.zhihu.com/people/wmichelle
http://www.zhihu.com/people/hangzhi
http://www.zhihu.com/people/li-dao-wen-95
http://www.zhihu.com/people/tian-chun-yao
http://www.zhihu.com/people/yang-shuang-1
http://www.zhihu.com/people/liu-teng-yuan
http://www.zhihu.com/people/li-ha-ha-leo
http://www.zhihu.com/people/hei-tao
http://www.zhihu.com/people/zhangyinhan
http://www.zhihu.com/people/liu-ying-79
http://www.zhihu.com/people/xiao-ze-70
http://www.zhihu.com/people/chen-jia-liang-009
http://www.zhihu.com/people/cang-ying-du-tu-liao
http://www.zhihu.com/people/wei-qiu-jie
http://www.zhihu.com/people/namiheike
http://www.zhihu.com/people/caoheyan
http://www.zhihu.com/people/wang-xiao-juan-92-12
http://www.zhihu.com/people/sun-wen-ting-97
http://www.zhihu.com/people/skymountain
http://www.zhihu.com/people/tian-feng-ji
http://www.zhihu.com/people/changeself
http://www.zhihu.com/people/thunder-kong
http://www.zhihu.com/people/ywspace
http://www.zhihu.com/people/cbeeq98
http://www.zhihu.com/people/cranks
http://www.zhihu.com/people/zhou-yi-33
http://www.zhihu.com/people/liu-yi-62
http://www.zhihu.com/people/wen-yan-hui
http://www.zhihu.com/people/xiao-jian-ren-71
http://www.zhihu.com/people/yan-er-jane
http://www.zhihu.com/people/liu-cong-er
http://www.zhihu.com/people/wang-li-ju
http://www.zhihu.com/people/ETON
http://www.zhihu.com/people/li-wei-si-303
http://www.zhihu.com/people/kan-yang
http://www.zhihu.com/people/yi-bo-20
http://www.zhihu.com/people/ianks
http://www.zhihu.com/people/zheng-dong-jie
http://www.zhihu.com/people/ian-sun
http://www.zhihu.com/people/lincoln-xie
http://www.zhihu.com/people/bonnie-liu
http://www.zhihu.com/people/ilook
http://www.zhihu.com/people/qiaoxiansheng
http://www.zhihu.com/people/feversun
http://www.zhihu.com/people/chi-tang
http://www.zhihu.com/people/ji-deng-gao
http://www.zhihu.com/people/an-ran-15
http://www.zhihu.com/people/lu-li-li
http://www.zhihu.com/people/zhao-heng-55
http://www.zhihu.com/people/liu-hong-cai
http://www.zhihu.com/people/liangzi
http://www.zhihu.com/people/gao-tian-jun-53
http://www.zhihu.com/people/xiang-zhun-64
http://www.zhihu.com/people/yang-lei-39
http://www.zhihu.com/people/alex12121212
http://www.zhihu.com/people/zhu-jing-yi-34
http://www.zhihu.com/people/li-xiang-86-64
http://www.zhihu.com/people/xu-shang-yuan
http://www.zhihu.com/people/zhang-yong-heng
http://www.zhihu.com/people/lizhiwei
http://www.zhihu.com/people/sparkle
http://www.zhihu.com/people/1000
http://www.zhihu.com/people/hu-xiao-can-95
http://www.zhihu.com/people/chang-ze-67
http://www.zhihu.com/people/he-yuan-42
http://www.zhihu.com/people/qin-zi-long
http://www.zhihu.com/people/james-bright
http://www.zhihu.com/people/zhang-li-jie-7
http://www.zhihu.com/people/GilgameshK
http://www.zhihu.com/people/PeterDeng
http://www.zhihu.com/people/aoi-tao
http://www.zhihu.com/people/strangebanman
http://www.zhihu.com/people/hu-jian-ming-13
http://www.zhihu.com/people/uxdavid
http://www.zhihu.com/people/starose
http://www.zhihu.com/people/li-mu-qing-521
http://www.zhihu.com/people/chen-shao-qing-34
http://www.zhihu.com/people/vivixb
http://www.zhihu.com/people/yskin
http://www.zhihu.com/people/liu-min-9-11
http://www.zhihu.com/people/LeoAlvin
http://www.zhihu.com/people/zhao-zi-hua
http://www.zhihu.com/people/fan-xiang-67
http://www.zhihu.com/people/liu-yu-18-92
http://www.zhihu.com/people/wei-piao
http://www.zhihu.com/people/yu-wen-hui-27
http://www.zhihu.com/people/zhu-jing-wen
http://www.zhihu.com/people/chen-yuan-42-67
http://www.zhihu.com/people/zhu-xiao-qi-41
http://www.zhihu.com/people/kite
http://www.zhihu.com/people/nonodevil
http://www.zhihu.com/people/ctwhb
http://www.zhihu.com/people/zhoulin
http://www.zhihu.com/people/jin-ming-yu
http://www.zhihu.com/people/danielwu89
http://www.zhihu.com/people/ren-meng-yan
http://www.zhihu.com/people/po-dai
http://www.zhihu.com/people/chen-yang-17
http://www.zhihu.com/people/hweeken
http://www.zhihu.com/people/wooden
http://www.zhihu.com/people/shui-xiao-xian
http://www.zhihu.com/people/guo-zi-rui-75
http://www.zhihu.com/people/wu-wei-96-47
http://www.zhihu.com/people/lin-wen-fei
http://www.zhihu.com/people/zhang-de-rong
http://www.zhihu.com/people/zhouts-chen
http://www.zhihu.com/people/su-ling-90
http://www.zhihu.com/people/fan-shao-rui
http://www.zhihu.com/people/wang-jun-jun-75
http://www.zhihu.com/people/chuwentao
http://www.zhihu.com/people/li-xing-yu-71
http://www.zhihu.com/people/lu-yao-38-28
http://www.zhihu.com/people/zhang-hui-yu
http://www.zhihu.com/people/wen-wen-ri
http://www.zhihu.com/people/ma-___-___
http://www.zhihu.com/people/chen-li-cong
http://www.zhihu.com/people/adp-23
http://www.zhihu.com/people/huang-yang-24
http://www.zhihu.com/people/jiaweikang
http://www.zhihu.com/people/li-wei-9-83
http://www.zhihu.com/people/zkyo
http://www.zhihu.com/people/liang-peng-cheng-70
http://www.zhihu.com/people/liu-chen-nan
http://www.zhihu.com/people/liu-hua-song
http://www.zhihu.com/people/li-du-jun
http://www.zhihu.com/people/deng-hong-ji
http://www.zhihu.com/people/ping-zi-18
http://www.zhihu.com/people/liu-li-hua-49
http://www.zhihu.com/people/xu-ze-tian
http://www.zhihu.com/people/li-peng-yu
http://www.zhihu.com/people/zhao-qing-liang-58
http://www.zhihu.com/people/he-yue-97
http://www.zhihu.com/people/su-xiao-yun
http://www.zhihu.com/people/wu-jun-2
http://www.zhihu.com/people/yangwhust
http://www.zhihu.com/people/kuang-kuang-35
http://www.zhihu.com/people/qing-si
http://www.zhihu.com/people/htt-99
http://www.zhihu.com/people/cheng-fei
http://www.zhihu.com/people/xu-fang-59
http://www.zhihu.com/people/zhounan
http://www.zhihu.com/people/jia-ke-wei
http://www.zhihu.com/people/wu-wen-tao-24
http://www.zhihu.com/people/molica
http://www.zhihu.com/people/deng-hao-34
http://www.zhihu.com/people/lina-lee
http://www.zhihu.com/people/xu-sheng-can-39
http://www.zhihu.com/people/zaiyiqi
http://www.zhihu.com/people/Gunner1997
http://www.zhihu.com/people/spsftshuma
http://www.zhihu.com/people/rare
http://www.zhihu.com/people/eyeplum
http://www.zhihu.com/people/zhao-yun-6
http://www.zhihu.com/people/wanting-1111
http://www.zhihu.com/people/liang-yuan-76
http://www.zhihu.com/people/icharliesu
http://www.zhihu.com/people/xie-qi-song
http://www.zhihu.com/people/chanpinjingli
http://www.zhihu.com/people/kekxili
http://www.zhihu.com/people/hmfox
http://www.zhihu.com/people/moxi
http://www.zhihu.com/people/itbuzz
http://www.zhihu.com/people/qingxia
http://www.zhihu.com/people/demo-20
http://www.zhihu.com/people/anyan
http://www.zhihu.com/people/luo-qing
http://www.zhihu.com/people/aprillyw
http://www.zhihu.com/people/dang-zhi-ming
http://www.zhihu.com/people/fanquanquan
http://www.zhihu.com/people/chen-ming-can
http://www.zhihu.com/people/gapa-83
http://www.zhihu.com/people/xbin999
http://www.zhihu.com/people/sun-dian-yu
http://www.zhihu.com/people/san-yang-68
http://www.zhihu.com/people/xiaozhezi
http://www.zhihu.com/people/shenxiaochun
http://www.zhihu.com/people/zhangdongqing
http://www.zhihu.com/people/lolocho
http://www.zhihu.com/people/wang-hai-long-64
http://www.zhihu.com/people/edmundzw
http://www.zhihu.com/people/jasonshoong
http://www.zhihu.com/people/liu-ya-fei
http://www.zhihu.com/people/Seven_cx
http://www.zhihu.com/people/zhang-zhi-lin
http://www.zhihu.com/people/lizitony
http://www.zhihu.com/people/zhao-hao
http://www.zhihu.com/people/Imi100
http://www.zhihu.com/people/zhang-lei-hao
http://www.zhihu.com/people/peanut
http://www.zhihu.com/people/delete252
http://www.zhihu.com/people/xiaojinchen
http://www.zhihu.com/people/xia-qing-71
http://www.zhihu.com/people/huang-shao-tao
http://www.zhihu.com/people/caozhen
http://www.zhihu.com/people/neil-22
http://www.zhihu.com/people/hejinchi
http://www.zhihu.com/people/zxb888
http://www.zhihu.com/people/rwing
http://www.zhihu.com/people/yang-lin-jie
http://www.zhihu.com/people/sun-zhong-hao
http://www.zhihu.com/people/wzss
http://www.zhihu.com/people/jack_xu
http://www.zhihu.com/people/niujiachen
http://www.zhihu.com/people/qu-qiang-19
http://www.zhihu.com/people/oigs
http://www.zhihu.com/people/wang-li-zhuo-73
http://www.zhihu.com/people/brandon-wu
http://www.zhihu.com/people/xu-yi-song
http://www.zhihu.com/people/zha5
http://www.zhihu.com/people/tian-ya-80
http://www.zhihu.com/people/chen-yun-70
http://www.zhihu.com/people/zhibin
http://www.zhihu.com/people/Spinnist
http://www.zhihu.com/people/emiledai
http://www.zhihu.com/people/fan-wen-64
http://www.zhihu.com/people/jiang-jun-65
http://www.zhihu.com/people/loadingxxxxx
http://www.zhihu.com/people/leges
http://www.zhihu.com/people/bluedrum
http://www.zhihu.com/people/andy-jin
http://www.zhihu.com/people/zhu-jie-ming
http://www.zhihu.com/people/jia-jun-85
http://www.zhihu.com/people/sdqhlizhen
http://www.zhihu.com/people/jin-yuan-wai
http://www.zhihu.com/people/gumyam
http://www.zhihu.com/people/noe132
http://www.zhihu.com/people/xiao-yao-20
http://www.zhihu.com/people/1860
http://www.zhihu.com/people/hp2011
http://www.zhihu.com/people/zhang-zhong-hui
http://www.zhihu.com/people/sisterkids
http://www.zhihu.com/people/gukr001
http://www.zhihu.com/people/yankee
http://www.zhihu.com/people/lao-meng
http://www.zhihu.com/people/shenjianb
http://www.zhihu.com/people/yonzhang
http://www.zhihu.com/people/ryokokoro
http://www.zhihu.com/people/guan-wei-hao
http://www.zhihu.com/people/hebo
http://www.zhihu.com/people/houhuan1006
http://www.zhihu.com/people/xiao-jin-wen-93
http://www.zhihu.com/people/lidzh
http://www.zhihu.com/people/jiang-meng-jie
http://www.zhihu.com/people/zheng-liang-xiong
http://www.zhihu.com/people/cai-qi-75
http://www.zhihu.com/people/yeung
http://www.zhihu.com/people/su-hui-54
http://www.zhihu.com/people/li-xiao-yi-64
http://www.zhihu.com/people/riolococo
http://www.zhihu.com/people/wang-zhi-feng-22
http://www.zhihu.com/people/hou-zhi-qiang
http://www.zhihu.com/people/fitjia
http://www.zhihu.com/people/li-bao-hua
http://www.zhihu.com/people/li-yong-liang
http://www.zhihu.com/people/liuchy
http://www.zhihu.com/people/wang-sheng-9
http://www.zhihu.com/people/zhang-ji-airforce
http://www.zhihu.com/people/rong-yao
http://www.zhihu.com/people/xu-yuan-62-62
http://www.zhihu.com/people/you-yang-guang-de-zao-chen
http://www.zhihu.com/people/liuzhibin
http://www.zhihu.com/people/qu-zhuo
http://www.zhihu.com/people/jog-ui
http://www.zhihu.com/people/zhou-ping-62
http://www.zhihu.com/people/wan-qing-56
http://www.zhihu.com/people/sceneryx
http://www.zhihu.com/people/allan-sun
http://www.zhihu.com/people/tu-mo-zi
http://www.zhihu.com/people/doginwind
http://www.zhihu.com/people/jession1989
http://www.zhihu.com/people/string-75
http://www.zhihu.com/people/wang-wan-peng
http://www.zhihu.com/people/li-tao-55
http://www.zhihu.com/people/dqange
http://www.zhihu.com/people/liu-chao-4
http://www.zhihu.com/people/zhibuzhi
http://www.zhihu.com/people/zhao-fei-lin
http://www.zhihu.com/people/zhang-ming-ming-47
http://www.zhihu.com/people/wangyihong
http://www.zhihu.com/people/leonlee
http://www.zhihu.com/people/shifu
http://www.zhihu.com/people/var87
http://www.zhihu.com/people/wang-jin-tai
http://www.zhihu.com/people/tan-zheng-zhong
http://www.zhihu.com/people/liu-hao-7
http://www.zhihu.com/people/hangyu
http://www.zhihu.com/people/zhao-wen-bo-99
http://www.zhihu.com/people/liuyuchao
http://www.zhihu.com/people/zhengcy
http://www.zhihu.com/people/zhangjianbo
http://www.zhihu.com/people/liu-chao-79
http://www.zhihu.com/people/ma-zhuang
http://www.zhihu.com/people/mency89
http://www.zhihu.com/people/zong-hua
http://www.zhihu.com/people/zhou-li-peng
http://www.zhihu.com/people/zhuchaoing
http://www.zhihu.com/people/liu-ji-chang
http://www.zhihu.com/people/zhang-quan-14
http://www.zhihu.com/people/yang-hong-kai
http://www.zhihu.com/people/linsf
http://www.zhihu.com/people/tanxu
http://www.zhihu.com/people/outsider728
http://www.zhihu.com/people/zhang-you-quan
http://www.zhihu.com/people/lzxiaoning
http://www.zhihu.com/people/linmowang
http://www.zhihu.com/people/liuyetian
http://www.zhihu.com/people/fifthworld
http://www.zhihu.com/people/feng-yu-yi
http://www.zhihu.com/people/xuyi2011
http://www.zhihu.com/people/wang-wei-60-55
http://www.zhihu.com/people/shao-chun-lei
http://www.zhihu.com/people/pyhaohao
http://www.zhihu.com/people/pcfool
http://www.zhihu.com/people/zhou-wei-70
http://www.zhihu.com/people/chen-huai-long
http://www.zhihu.com/people/BizModel
http://www.zhihu.com/people/guqin
http://www.zhihu.com/people/Elizen
http://www.zhihu.com/people/sunqian
http://www.zhihu.com/people/fanyaohua
http://www.zhihu.com/people/diego1990
http://www.zhihu.com/people/ma-yun-zheng
http://www.zhihu.com/people/klzjz
http://www.zhihu.com/people/yuan-qing
http://www.zhihu.com/people/li-bo-82
http://www.zhihu.com/people/zourui55
http://www.zhihu.com/people/rajowang
http://www.zhihu.com/people/fairy1009
http://www.zhihu.com/people/wangweison
http://www.zhihu.com/people/lomo90
http://www.zhihu.com/people/xianpengliu
http://www.zhihu.com/people/shen-yang
http://www.zhihu.com/people/zhang-yu-yang-32
http://www.zhihu.com/people/li-zhang-quan
http://www.zhihu.com/people/goldegg
http://www.zhihu.com/people/minohui
http://www.zhihu.com/people/yun-qi-7
http://www.zhihu.com/people/qian-yuan-xin
http://www.zhihu.com/people/sexy
http://www.zhihu.com/people/intellectual
http://www.zhihu.com/people/honeys
http://www.zhihu.com/people/sem-wa
http://www.zhihu.com/people/suger9
http://www.zhihu.com/people/xuwh1984
http://www.zhihu.com/people/guo-bing
http://www.zhihu.com/people/chen-yu-68
http://www.zhihu.com/people/huang-wei-1gb
http://www.zhihu.com/people/wang-cheng-he
http://www.zhihu.com/people/chen-guang-mai
http://www.zhihu.com/people/Irvine
http://www.zhihu.com/people/Yangff
http://www.zhihu.com/people/chen-long-fei-84
http://www.zhihu.com/people/shi-tian
http://www.zhihu.com/people/li-jin-gang
http://www.zhihu.com/people/ma-hua-40
http://www.zhihu.com/people/li-gang-87
http://www.zhihu.com/people/wang-ai-ai
http://www.zhihu.com/people/zhang-wei-18
http://www.zhihu.com/people/liamhero
http://www.zhihu.com/people/mymiss
http://www.zhihu.com/people/chen-xiao-jie
http://www.zhihu.com/people/chen-qing-18
http://www.zhihu.com/people/hao-zhi-bing
http://www.zhihu.com/people/xu-niu
http://www.zhihu.com/people/li-ying-zhen
http://www.zhihu.com/people/guoq
http://www.zhihu.com/people/wang-meng-yan
http://www.zhihu.com/people/jiang--jiang
http://www.zhihu.com/people/gao-ming-ming
http://www.zhihu.com/people/nie-fei
http://www.zhihu.com/people/terryzhang
http://www.zhihu.com/people/receo
http://www.zhihu.com/people/robert-95
http://www.zhihu.com/people/gongliyi
http://www.zhihu.com/people/goolke
http://www.zhihu.com/people/xi-de-78
http://www.zhihu.com/people/zhao-jie-73
http://www.zhihu.com/people/zhangqinglai
http://www.zhihu.com/people/rambowu
http://www.zhihu.com/people/takeyouoneto
http://www.zhihu.com/people/zhangxinxu
http://www.zhihu.com/people/simonmuse
http://www.zhihu.com/people/liu-ao-yu
http://www.zhihu.com/people/siilence1408
http://www.zhihu.com/people/ma-dong-sheng
http://www.zhihu.com/people/guo-yue
http://www.zhihu.com/people/we1700
http://www.zhihu.com/people/huangyihe
http://www.zhihu.com/people/cao-li-xiang
http://www.zhihu.com/people/luyin
http://www.zhihu.com/people/regulous
http://www.zhihu.com/people/duwulun
http://www.zhihu.com/people/yang-zhi-guo
http://www.zhihu.com/people/SeeYOu
http://www.zhihu.com/people/sandoo-liang
http://www.zhihu.com/people/carcar
http://www.zhihu.com/people/LEAVESLWS
http://www.zhihu.com/people/soy_ho
http://www.zhihu.com/people/ligong
http://www.zhihu.com/people/royeegg
http://www.zhihu.com/people/vall
http://www.zhihu.com/people/iam6uem
http://www.zhihu.com/people/derek-guo
http://www.zhihu.com/people/li-ang-92
http://www.zhihu.com/people/wei-tao
http://www.zhihu.com/people/liu-xing-91
http://www.zhihu.com/people/liu-hai-liang
http://www.zhihu.com/people/cheng-hu
http://www.zhihu.com/people/xing-hao-peng
http://www.zhihu.com/people/kiddhe
http://www.zhihu.com/people/wang-meng-ran
http://www.zhihu.com/people/adee
http://www.zhihu.com/people/shi-qiang-13
http://www.zhihu.com/people/zhang-jie-22
http://www.zhihu.com/people/wangze
http://www.zhihu.com/people/faintacous
http://www.zhihu.com/people/SheldonFan
http://www.zhihu.com/people/argus
http://www.zhihu.com/people/gong-sun
http://www.zhihu.com/people/wangy1ng
http://www.zhihu.com/people/andy0704
http://www.zhihu.com/people/zhang-han-35
http://www.zhihu.com/people/ruan-wen-ping
http://www.zhihu.com/people/moioi
http://www.zhihu.com/people/wuxianseng
http://www.zhihu.com/people/ren-lin
http://www.zhihu.com/people/chen87
http://www.zhihu.com/people/feng_gao
http://www.zhihu.com/people/dobetter
http://www.zhihu.com/people/daviestang
http://www.zhihu.com/people/spekol
http://www.zhihu.com/people/gao-shi-bo
http://www.zhihu.com/people/coaku
http://www.zhihu.com/people/huzishu
http://www.zhihu.com/people/shushuhao
http://www.zhihu.com/people/xin266
http://www.zhihu.com/people/pkqiang49
http://www.zhihu.com/people/timeror
http://www.zhihu.com/people/cai-tong
http://www.zhihu.com/people/zhang-duo-si
http://www.zhihu.com/people/veryindown
http://www.zhihu.com/people/zhang-quan
http://www.zhihu.com/people/song-jian-56
http://www.zhihu.com/people/gaochen
http://www.zhihu.com/people/zhou-ming-76
http://www.zhihu.com/people/liutaihua
http://www.zhihu.com/people/tesla1
http://www.zhihu.com/people/tu-zi-31-55
http://www.zhihu.com/people/guo-xiao-chou
http://www.zhihu.com/people/vkrc
http://www.zhihu.com/people/chang-yu-ge
http://www.zhihu.com/people/pray
http://www.zhihu.com/people/ck911
http://www.zhihu.com/people/xujinyu
http://www.zhihu.com/people/vincent-deng
http://www.zhihu.com/people/cong-yang
http://www.zhihu.com/people/hongliang
http://www.zhihu.com/people/guo-jin-lei
http://www.zhihu.com/people/ideamonger
http://www.zhihu.com/people/chen-heng-51
http://www.zhihu.com/people/wang-shuai-49
http://www.zhihu.com/people/jason-fang
http://www.zhihu.com/people/ck4ever
http://www.zhihu.com/people/timwen
http://www.zhihu.com/people/CCAV1
http://www.zhihu.com/people/xie-zi-74
http://www.zhihu.com/people/midana
http://www.zhihu.com/people/teng-teng
http://www.zhihu.com/people/tonyhead
http://www.zhihu.com/people/lu-shui-shui
http://www.zhihu.com/people/funthomas
http://www.zhihu.com/people/yuzhuoran
http://www.zhihu.com/people/yan-cheng-wang
http://www.zhihu.com/people/shek
http://www.zhihu.com/people/wu-kong-47
http://www.zhihu.com/people/Goldstein
http://www.zhihu.com/people/wang-heng-chong
http://www.zhihu.com/people/sunlet
http://www.zhihu.com/people/know
http://www.zhihu.com/people/liaoyy
http://www.zhihu.com/people/bus930
http://www.zhihu.com/people/li-ya-hui
http://www.zhihu.com/people/guofei
http://www.zhihu.com/people/reconder
http://www.zhihu.com/people/ganlu
http://www.zhihu.com/people/dynamicstream
http://www.zhihu.com/people/yuan-li-qun
http://www.zhihu.com/people/renbinglin
http://www.zhihu.com/people/lastfuture
http://www.zhihu.com/people/caisimin1994
http://www.zhihu.com/people/pangu
http://www.zhihu.com/people/weijiaqi
http://www.zhihu.com/people/yao-da-shan
http://www.zhihu.com/people/chen-xin-62-86
http://www.zhihu.com/people/dakid
http://www.zhihu.com/people/zool
http://www.zhihu.com/people/xiatao
http://www.zhihu.com/people/tianwei
http://www.zhihu.com/people/tian-yi-ran
http://www.zhihu.com/people/kabi
http://www.zhihu.com/people/pi-qia-er
http://www.zhihu.com/people/zhang-yu-22
http://www.zhihu.com/people/mrtori
http://www.zhihu.com/people/smbt
http://www.zhihu.com/people/peng-kuan
http://www.zhihu.com/people/wang-shui-89
http://www.zhihu.com/people/le-you-53
http://www.zhihu.com/people/fxw945
http://www.zhihu.com/people/zheng-shi-qian
http://www.zhihu.com/people/byane
http://www.zhihu.com/people/jiangxiaolei
http://www.zhihu.com/people/eva-11
http://www.zhihu.com/people/clarxzhu
http://www.zhihu.com/people/chuxiai
http://www.zhihu.com/people/Lohoboo
http://www.zhihu.com/people/dong-chun-peng
http://www.zhihu.com/people/xinlinyang
http://www.zhihu.com/people/ztwto.com
http://www.zhihu.com/people/kingshuang
http://www.zhihu.com/people/he-zi-38
http://www.zhihu.com/people/shicheng
http://www.zhihu.com/people/wang-jian-wei-36
http://www.zhihu.com/people/jia-xi-bei
http://www.zhihu.com/people/huangrenqing
http://www.zhihu.com/people/shi-xiang-ying
http://www.zhihu.com/people/xianyujie
http://www.zhihu.com/people/abemess
http://www.zhihu.com/people/yechunjun
http://www.zhihu.com/people/vtshajk
http://www.zhihu.com/people/shunfeng
http://www.zhihu.com/people/liang-chen
http://www.zhihu.com/people/baloyou
http://www.zhihu.com/people/ZhangJian.me
http://www.zhihu.com/people/cheng-yu-hang
http://www.zhihu.com/people/o3ean
http://www.zhihu.com/people/ihunter
http://www.zhihu.com/people/he-long
http://www.zhihu.com/people/tsinghug
http://www.zhihu.com/people/srtlsh
http://www.zhihu.com/people/tang-ben-yuan
http://www.zhihu.com/people/chen-xiao-tu-66
http://www.zhihu.com/people/a-du
http://www.zhihu.com/people/kaimai
http://www.zhihu.com/people/zhang-ming-yu
http://www.zhihu.com/people/b1yx
http://www.zhihu.com/people/hang-lei
http://www.zhihu.com/people/puloon
http://www.zhihu.com/people/yang-lin-shan
http://www.zhihu.com/people/ding-cong
http://www.zhihu.com/people/guo-dong
http://www.zhihu.com/people/anchor
http://www.zhihu.com/people/lin-li
http://www.zhihu.com/people/yuan-qian
http://www.zhihu.com/people/wang-zhen-bang
http://www.zhihu.com/people/jerryweiaaa
http://www.zhihu.com/people/bater
http://www.zhihu.com/people/stardust
http://www.zhihu.com/people/yezhuo
http://www.zhihu.com/people/lazytony
http://www.zhihu.com/people/afio
http://www.zhihu.com/people/hanliang
http://www.zhihu.com/people/pippowu
http://www.zhihu.com/people/imsilentfish
http://www.zhihu.com/people/ai-wen
http://www.zhihu.com/people/he-yi-chen
http://www.zhihu.com/people/scapemars
http://www.zhihu.com/people/tesla1984
http://www.zhihu.com/people/sunlm
http://www.zhihu.com/people/michael-63
http://www.zhihu.com/people/chen-cheng-long
http://www.zhihu.com/people/jackylee
http://www.zhihu.com/people/wu-rui-ze
http://www.zhihu.com/people/ianzhou
http://www.zhihu.com/people/hu-biao
http://www.zhihu.com/people/niao-tuo-bang
http://www.zhihu.com/people/hemon
http://www.zhihu.com/people/niyan
http://www.zhihu.com/people/peterlu
http://www.zhihu.com/people/liqiang18
http://www.zhihu.com/people/gock
http://www.zhihu.com/people/zhangkai_ch
http://www.zhihu.com/people/glowdan
http://www.zhihu.com/people/zhang-xiao-ming-40-32
http://www.zhihu.com/people/guo-qing-tao
http://www.zhihu.com/people/ottovon
http://www.zhihu.com/people/skaiy
http://www.zhihu.com/people/fatalist
http://www.zhihu.com/people/gaoguojun
http://www.zhihu.com/people/blackorwhite
http://www.zhihu.com/people/robin-54-34
http://www.zhihu.com/people/gong-jin-62
http://www.zhihu.com/people/zhou-zhou
http://www.zhihu.com/people/liuya802
http://www.zhihu.com/people/filmbear
http://www.zhihu.com/people/li-bao-ming-53
http://www.zhihu.com/people/azhu
http://www.zhihu.com/people/a-river
http://www.zhihu.com/people/zohofc
http://www.zhihu.com/people/wang-ying-7
http://www.zhihu.com/people/ishine
http://www.zhihu.com/people/qianjin
http://www.zhihu.com/people/linklion
http://www.zhihu.com/people/gloom_sunday
http://www.zhihu.com/people/chenvii
http://www.zhihu.com/people/chesanqi
http://www.zhihu.com/people/tood
http://www.zhihu.com/people/chen-yu-quan
http://www.zhihu.com/people/zhang-kui
http://www.zhihu.com/people/xiang-zhao-song
http://www.zhihu.com/people/chen-jia-lin
http://www.zhihu.com/people/binzhifly
http://www.zhihu.com/people/zengliang
http://www.zhihu.com/people/huangyongtao
http://www.zhihu.com/people/xlxlx
http://www.zhihu.com/people/zhumingzu
http://www.zhihu.com/people/hu-qian-qiu
http://www.zhihu.com/people/liuou
http://www.zhihu.com/people/dowell
http://www.zhihu.com/people/chong
http://www.zhihu.com/people/tang-chen
http://www.zhihu.com/people/zhao-yi-jia
http://www.zhihu.com/people/showpower
http://www.zhihu.com/people/xiao-bai-43
http://www.zhihu.com/people/rui670
http://www.zhihu.com/people/chengyixiao
http://www.zhihu.com/people/chriszhang01
http://www.zhihu.com/people/zhang-jin-jiang
http://www.zhihu.com/people/leo822
http://www.zhihu.com/people/xie-xiao-yao
http://www.zhihu.com/people/interjc
http://www.zhihu.com/people/wshuobin
http://www.zhihu.com/people/wind
http://www.zhihu.com/people/chenqi
http://www.zhihu.com/people/benye
http://www.zhihu.com/people/xiao-jian
http://www.zhihu.com/people/jokry
http://www.zhihu.com/people/wanghaihe
http://www.zhihu.com/people/qian-bi
http://www.zhihu.com/people/osmn00
http://www.zhihu.com/people/shechjk
http://www.zhihu.com/people/wu-bin-bin
http://www.zhihu.com/people/ma-jia-sang
http://www.zhihu.com/people/gong-le-tian
http://www.zhihu.com/people/lao-hu
http://www.zhihu.com/people/neaton
http://www.zhihu.com/people/xie-su
http://www.zhihu.com/people/yang-cong-quan-man-tou
http://www.zhihu.com/people/windstore
http://www.zhihu.com/people/xielaokuang
http://www.zhihu.com/people/yuanqz
http://www.zhihu.com/people/gymitat
http://www.zhihu.com/people/tian-xiang
http://www.zhihu.com/people/9999
http://www.zhihu.com/people/atlivebox
http://www.zhihu.com/people/gnap
http://www.zhihu.com/people/flyang
http://www.zhihu.com/people/wanggnag
http://www.zhihu.com/people/yu-zheng
http://www.zhihu.com/people/shyandsy
http://www.zhihu.com/people/zhang-a-hu
http://www.zhihu.com/people/qqjrchang
http://www.zhihu.com/people/forevershiki
http://www.zhihu.com/people/xie-si-ming
http://www.zhihu.com/people/meng-shuang-paula
http://www.zhihu.com/people/gofeeling
http://www.zhihu.com/people/kidonly
http://www.zhihu.com/people/izhidao
http://www.zhihu.com/people/Freshmedia
http://www.zhihu.com/people/qiu-shui
http://www.zhihu.com/people/huang-hong-yu
http://www.zhihu.com/people/quiver
http://www.zhihu.com/people/zhu-xiao-hua
http://www.zhihu.com/people/lishuhang
http://www.zhihu.com/people/liyingjun
http://www.zhihu.com/people/djjian
http://www.zhihu.com/people/zuroc
http://www.zhihu.com/people/imkter
http://www.zhihu.com/people/plaskys
http://www.zhihu.com/people/yin-yong
http://www.zhihu.com/people/omi1985
http://www.zhihu.com/people/verloth
http://www.zhihu.com/people/candy
http://www.zhihu.com/people/mu-yi-43-58
http://www.zhihu.com/people/ycflame
http://www.zhihu.com/people/linchangqing
http://www.zhihu.com/people/pu-xu-dong
http://www.zhihu.com/people/yesliwen
http://www.zhihu.com/people/allenz
http://www.zhihu.com/people/ou-yang-dan
http://www.zhihu.com/people/dongxiaowei
http://www.zhihu.com/people/tota
http://www.zhihu.com/people/laoya
http://www.zhihu.com/people/gonghao
http://www.zhihu.com/people/littleben
http://www.zhihu.com/people/imqy
http://www.zhihu.com/people/kanjie
http://www.zhihu.com/people/keepwalking
http://www.zhihu.com/people/pinxue
http://www.zhihu.com/people/keenkang
http://www.zhihu.com/people/wuxiangrui
http://www.zhihu.com/people/yu-ming-gu-wen-chen-tao
http://www.zhihu.com/people/williamwoo
http://www.zhihu.com/people/blue
http://www.zhihu.com/people/duoduo
http://www.zhihu.com/people/hinz
http://www.zhihu.com/people/mooqii
http://www.zhihu.com/people/qichong
http://www.zhihu.com/people/telemedia
http://www.zhihu.com/people/hezi
http://www.zhihu.com/people/imyutao
http://www.zhihu.com/people/liu-qing
http://www.zhihu.com/people/g_will
http://www.zhihu.com/people/tiankeshan
http://www.zhihu.com/people/mcbuder
http://www.zhihu.com/people/liuyiang
http://www.zhihu.com/people/cherry
http://www.zhihu.com/people/water
http://www.zhihu.com/people/ruanlong
http://www.zhihu.com/people/dingchen
http://www.zhihu.com/people/rock
http://www.zhihu.com/people/yu.ku
http://www.zhihu.com/people/cao-xiao
http://www.zhihu.com/people/jorlei
http://www.zhihu.com/people/zhi42
http://www.zhihu.com/people/qusheng
http://www.zhihu.com/people/ALDH2
http://www.zhihu.com/people/shao
http://www.zhihu.com/people/hujie
http://www.zhihu.com/people/lubenyuan.com
http://www.zhihu.com/people/leonyau
http://www.zhihu.com/people/jieo
http://www.zhihu.com/people/liuxiaobao
http://www.zhihu.com/people/junwei
http://www.zhihu.com/people/penghaitao
http://www.zhihu.com/people/san-pi
http://www.zhihu.com/people/applenate
http://www.zhihu.com/people/titan
http://www.zhihu.com/people/liu-jun-tao
http://www.zhihu.com/people/zhang-fu
http://www.zhihu.com/people/liuchuang
http://www.zhihu.com/people/a-wei
http://www.zhihu.com/people/zerone
http://www.zhihu.com/people/jophie
http://www.zhihu.com/people/traceyxiang
http://www.zhihu.com/people/orzcc
http://www.zhihu.com/people/teng-wei
http://www.zhihu.com/people/yangpeng
http://www.zhihu.com/people/sylvieluk
http://www.zhihu.com/people/zhao-zhi-xiong
http://www.zhihu.com/people/idingbao
http://www.zhihu.com/people/lizhihong
http://www.zhihu.com/people/mali
http://www.zhihu.com/people/sun-xue-feng
http://www.zhihu.com/people/kwoh
http://www.zhihu.com/people/gongjun
http://www.zhihu.com/people/zhangga
http://www.zhihu.com/people/summer
http://www.zhihu.com/people/boshfish
http://www.zhihu.com/people/qiu-hui
http://www.zhihu.com/people/zhang-chen-hui
http://www.zhihu.com/people/stone
http://www.zhihu.com/people/cooerson
http://www.zhihu.com/people/dong-ming-xuan
http://www.zhihu.com/people/tangos
http://www.zhihu.com/people/zhang-ding
http://www.zhihu.com/people/compass
http://www.zhihu.com/people/milkr
http://www.zhihu.com/people/sealon
http://www.zhihu.com/people/wang-chun-hui
http://www.zhihu.com/people/huqingyan
http://www.zhihu.com/people/zhaoyuanyuan
http://www.zhihu.com/people/vinciarts
http://www.zhihu.com/people/chen-xi
http://www.zhihu.com/people/shijianguo
http://www.zhihu.com/people/delphi
http://www.zhihu.com/people/1111
http://www.zhihu.com/people/liyong03
http://www.zhihu.com/people/suave
http://www.zhihu.com/people/lawrencelry
http://www.zhihu.com/people/mijia
http://www.zhihu.com/people/zhang-li-nan
http://www.zhihu.com/people/yuan-liang-ping
http://www.zhihu.com/people/yang
http://www.zhihu.com/people/shen
http://www.zhihu.com/people/shijun
http://www.zhihu.com/people/jeff
http://www.zhihu.com/people/chengyuan
http://www.zhihu.com/people/woody
http://www.zhihu.com/people/zhang-rui-79
http://www.zhihu.com/people/aaronshen
http://www.zhihu.com/people/jason5ng32
http://www.zhihu.com/people/bian
http://www.zhihu.com/people/amonjok
http://www.zhihu.com/people/jinzhihui
http://www.zhihu.com/people/zhao-wei
http://www.zhihu.com/people/linan
http://www.zhihu.com/people/jixin
http://www.zhihu.com/people/Dian
http://www.zhihu.com/people/imike
http://www.zhihu.com/people/whale
http://www.zhihu.com/people/zhouyuan
