http://www.zhihu.com/people/ian-tsie
http://www.zhihu.com/people/cocoalee
http://www.zhihu.com/people/hezudao313
http://www.zhihu.com/people/xia-tian-29-79
http://www.zhihu.com/people/enjolrad
http://www.zhihu.com/people/ma-jiang-18
http://www.zhihu.com/people/uniwoong
http://www.zhihu.com/people/wang-shuo-77
http://www.zhihu.com/people/li-dong-qi
http://www.zhihu.com/people/wu-wei-80-7
http://www.zhihu.com/people/wan-zi-jun-54
http://www.zhihu.com/people/shang-xiao-hua-69
http://www.zhihu.com/people/gu-qing-90
http://www.zhihu.com/people/zha-si-ting
http://www.zhihu.com/people/cheng-ming-zhen
http://www.zhihu.com/people/stevenliuyi
http://www.zhihu.com/people/linaoshi
http://www.zhihu.com/people/pwxtom
http://www.zhihu.com/people/zionr
http://www.zhihu.com/people/huang-shan-jing
http://www.zhihu.com/people/huangxiaohu
http://www.zhihu.com/people/zhou-xiao-xun-93
http://www.zhihu.com/people/chen-xi-ang
http://www.zhihu.com/people/dongdongqiang
http://www.zhihu.com/people/sleepy-baby
http://www.zhihu.com/people/carlgilbert
http://www.zhihu.com/people/hu-bu-wei
http://www.zhihu.com/people/zhao-chen-92
http://www.zhihu.com/people/du-ying-jie
http://www.zhihu.com/people/yao-xiao-hui-619
http://www.zhihu.com/people/ayr1
http://www.zhihu.com/people/stein-11
http://www.zhihu.com/people/huang-mao-70
http://www.zhihu.com/people/jing-hu-76
http://www.zhihu.com/people/alexz-95
http://www.zhihu.com/people/tian-tianchi
http://www.zhihu.com/people/l-hellen
http://www.zhihu.com/people/olivia-hua
http://www.zhihu.com/people/captainwwx
http://www.zhihu.com/people/joyceulysses
http://www.zhihu.com/people/todware
http://www.zhihu.com/people/huang-gu-10
http://www.zhihu.com/people/wang-wen-han-Ted
http://www.zhihu.com/people/yan-shuo-84
http://www.zhihu.com/people/wang-xue-zhu
http://www.zhihu.com/people/luanxiaoyong
http://www.zhihu.com/people/wang-feng-sen-86
http://www.zhihu.com/people/funnybones
http://www.zhihu.com/people/hu-xue-chun
http://www.zhihu.com/people/qdhei521
http://www.zhihu.com/people/gong-chen-29
http://www.zhihu.com/people/wee1
http://www.zhihu.com/people/bai-lian
http://www.zhihu.com/people/bluestone-85
http://www.zhihu.com/people/jason911
http://www.zhihu.com/people/winnie-su
http://www.zhihu.com/people/sun-garry
http://www.zhihu.com/people/chen-tian-biao
http://www.zhihu.com/people/yi-ta-mi
http://www.zhihu.com/people/zhang-zhan-tu
http://www.zhihu.com/people/dqin
http://www.zhihu.com/people/yang-zou-cha
http://www.zhihu.com/people/yu-pa-pa-71
http://www.zhihu.com/people/wsivoky
http://www.zhihu.com/people/zhao-yu-76
http://www.zhihu.com/people/cao-wen-xuan
http://www.zhihu.com/people/qu-sheng
http://www.zhihu.com/people/liu-shu-le
http://www.zhihu.com/people/jordan-yu-40
http://www.zhihu.com/people/a-qiu-bu-da-pen-ti
http://www.zhihu.com/people/inkelz7
http://www.zhihu.com/people/jiang-ge-74
http://www.zhihu.com/people/kashinging
http://www.zhihu.com/people/nyanzhang
http://www.zhihu.com/people/aadps
http://www.zhihu.com/people/samesame
http://www.zhihu.com/people/pang-luan-luan
http://www.zhihu.com/people/liu-hong-zuo
http://www.zhihu.com/people/gavin-50-94
http://www.zhihu.com/people/xu-chen-15
http://www.zhihu.com/people/chen-cheng-6-65
http://www.zhihu.com/people/li-yang-87-35
http://www.zhihu.com/people/lysine
http://www.zhihu.com/people/yang-li-kang
http://www.zhihu.com/people/jonz
http://www.zhihu.com/people/yanhanyu
http://www.zhihu.com/people/201312
http://www.zhihu.com/people/shi-du-64
http://www.zhihu.com/people/xiaole1218
http://www.zhihu.com/people/liulinhai
http://www.zhihu.com/people/chan-31
http://www.zhihu.com/people/lu-kan-hua
http://www.zhihu.com/people/nian-jia-gan
http://www.zhihu.com/people/li-ming-89-5
http://www.zhihu.com/people/gao-yang-ze
http://www.zhihu.com/people/zhao-jing-sheng
http://www.zhihu.com/people/lxw0102
http://www.zhihu.com/people/King-of-ConquestAZ
http://www.zhihu.com/people/atzhihu
http://www.zhihu.com/people/zhao-jeway
http://www.zhihu.com/people/cheng-xiao-chui
http://www.zhihu.com/people/zhong-ya-sha-lou
http://www.zhihu.com/people/mouvant
http://www.zhihu.com/people/herolifan
http://www.zhihu.com/people/sun-tai-ming-10
http://www.zhihu.com/people/Ningziyu95
http://www.zhihu.com/people/wang-meng-yang
http://www.zhihu.com/people/zhang-zheng-37
http://www.zhihu.com/people/zhangedison
http://www.zhihu.com/people/tian-wu-79
http://www.zhihu.com/people/yan-zhi-wang
http://www.zhihu.com/people/lei-di-ga-ga
http://www.zhihu.com/people/yu-yong-jian
http://www.zhihu.com/people/cao-yi-ke-47
http://www.zhihu.com/people/qing-lan-98
http://www.zhihu.com/people/chen-zhi-zhi-85-63
http://www.zhihu.com/people/yuan-you-tao-25
http://www.zhihu.com/people/nan-qiang-20
http://www.zhihu.com/people/wang-yu-xiang-99
http://www.zhihu.com/people/ihairuo
http://www.zhihu.com/people/zyterence
http://www.zhihu.com/people/zhihu_lxl
http://www.zhihu.com/people/Felicity
http://www.zhihu.com/people/stillwalkin
http://www.zhihu.com/people/tang-nai-hua
http://www.zhihu.com/people/huang-zhong-bin
http://www.zhihu.com/people/li-cong-11
http://www.zhihu.com/people/tcstar
http://www.zhihu.com/people/lu-guo-a
http://www.zhihu.com/people/fan-wen-hao-32
http://www.zhihu.com/people/zheng-guang-97
http://www.zhihu.com/people/zhou-yi-qiang
http://www.zhihu.com/people/wenwu
http://www.zhihu.com/people/tukomi
http://www.zhihu.com/people/shen-an-83
http://www.zhihu.com/people/ban-ha-zhi-shu
http://www.zhihu.com/people/zoyidee
http://www.zhihu.com/people/Steppenwolf
http://www.zhihu.com/people/qin-chen-pu
http://www.zhihu.com/people/hydra
http://www.zhihu.com/people/jia-mu-67
http://www.zhihu.com/people/dryear
http://www.zhihu.com/people/marco-basti-20
http://www.zhihu.com/people/lu-xiu-53
http://www.zhihu.com/people/lougleceng-hui-24
http://www.zhihu.com/people/zhu-ge-chen-yi
http://www.zhihu.com/people/xu-min-jun-61
http://www.zhihu.com/people/zhuang-jun-ying
http://www.zhihu.com/people/yue-shui
http://www.zhihu.com/people/zhu-huan-jie
http://www.zhihu.com/people/lin-lin-98-23
http://www.zhihu.com/people/scattbr
http://www.zhihu.com/people/zhou-si-jia-23
http://www.zhihu.com/people/just-zhe
http://www.zhihu.com/people/marino
http://www.zhihu.com/people/aria-y
http://www.zhihu.com/people/anyu
http://www.zhihu.com/people/Dominic_
http://www.zhihu.com/people/cta-b
http://www.zhihu.com/people/twowolf
http://www.zhihu.com/people/zil-93
http://www.zhihu.com/people/fayeluo89
http://www.zhihu.com/people/zwcheung
http://www.zhihu.com/people/kang-di-99
http://www.zhihu.com/people/xia-mo-17-92
http://www.zhihu.com/people/Maximilian2009
http://www.zhihu.com/people/sinnnn
http://www.zhihu.com/people/blant
http://www.zhihu.com/people/kuangzhou
http://www.zhihu.com/people/nan-qu-xiong-mao
http://www.zhihu.com/people/zhengrong
http://www.zhihu.com/people/magelite
http://www.zhihu.com/people/wu-shi-xiong
http://www.zhihu.com/people/zi-ming-91
http://www.zhihu.com/people/fu-zhi-yang
http://www.zhihu.com/people/hu-hu-54-30
http://www.zhihu.com/people/zhang-lin-zhi007
http://www.zhihu.com/people/wu-ying-hao-91
http://www.zhihu.com/people/zhu-yixin-42
http://www.zhihu.com/people/nightsover
http://www.zhihu.com/people/li-zhao-zhao-65
http://www.zhihu.com/people/li-ying-87
http://www.zhihu.com/people/shu-shu-33
http://www.zhihu.com/people/guxizhao
http://www.zhihu.com/people/yue-ya
http://www.zhihu.com/people/wei-qi-5
http://www.zhihu.com/people/yannispang
http://www.zhihu.com/people/yin-fang-fang-90
http://www.zhihu.com/people/yu-wen-bo-he
http://www.zhihu.com/people/yang-liu-50-63
http://www.zhihu.com/people/zhuang-xiao-meng
http://www.zhihu.com/people/wu-wen-kui
http://www.zhihu.com/people/sdontsay
http://www.zhihu.com/people/booooooook
http://www.zhihu.com/people/forcube
http://www.zhihu.com/people/lian-ming-11
http://www.zhihu.com/people/francisfung
http://www.zhihu.com/people/liu-xiao-yang-86
http://www.zhihu.com/people/Yang-Kwong
http://www.zhihu.com/people/zheng-zha-22
http://www.zhihu.com/people/xie-xiao-zhu-43
http://www.zhihu.com/people/wang-he-xiang-82
http://www.zhihu.com/people/hu-liang-79
http://www.zhihu.com/people/luo-yi-ming
http://www.zhihu.com/people/tingting-shieh
http://www.zhihu.com/people/betterme
http://www.zhihu.com/people/huang-ang
http://www.zhihu.com/people/wang-fa-71
http://www.zhihu.com/people/stone-wong
http://www.zhihu.com/people/leafgay
http://www.zhihu.com/people/farrell
http://www.zhihu.com/people/andy-5
http://www.zhihu.com/people/findmusic
http://www.zhihu.com/people/xubihang
http://www.zhihu.com/people/chen-xi-85-76
http://www.zhihu.com/people/si-tu-lu
http://www.zhihu.com/people/li-sleepyn
http://www.zhihu.com/people/wang-dou-ya
http://www.zhihu.com/people/jaqea-shey
http://www.zhihu.com/people/long-ma-73
http://www.zhihu.com/people/zhong-zhun
http://www.zhihu.com/people/zhao-jing-65-57
http://www.zhihu.com/people/ge-ni-9
http://www.zhihu.com/people/tianchen-wang
http://www.zhihu.com/people/qiaol618
http://www.zhihu.com/people/larryqian-kan
http://www.zhihu.com/people/li-da-li-58
http://www.zhihu.com/people/NGC2392
http://www.zhihu.com/people/halfmile
http://www.zhihu.com/people/akunamatata
http://www.zhihu.com/people/li-ya-jing-83
http://www.zhihu.com/people/pan-shi-yun
http://www.zhihu.com/people/zhangdashe
http://www.zhihu.com/people/wangyonghaoabraham
http://www.zhihu.com/people/ilaria
http://www.zhihu.com/people/muyili
http://www.zhihu.com/people/chouthen
http://www.zhihu.com/people/chen-ying-34
http://www.zhihu.com/people/lordifeng
http://www.zhihu.com/people/wu-lei-mu
http://www.zhihu.com/people/xie-guo-he
http://www.zhihu.com/people/stupident
http://www.zhihu.com/people/xuexiaozhe
http://www.zhihu.com/people/lvzhu
http://www.zhihu.com/people/wang-yizhu
http://www.zhihu.com/people/fridawang
http://www.zhihu.com/people/jacobhu
http://www.zhihu.com/people/fan-yu-han
http://www.zhihu.com/people/yang-xun-62
http://www.zhihu.com/people/zhang-pu-98
http://www.zhihu.com/people/ofzihan
http://www.zhihu.com/people/ding-er-ding
http://www.zhihu.com/people/mo-gu-feng
http://www.zhihu.com/people/zhang-chen-57
http://www.zhihu.com/people/shi-cai-meng
http://www.zhihu.com/people/zhang-chao-peng-83
http://www.zhihu.com/people/pingshanlanjian
http://www.zhihu.com/people/tera
http://www.zhihu.com/people/peng-xiao-yong-74
http://www.zhihu.com/people/pan-shi-hong
http://www.zhihu.com/people/zhang-su-franklin
http://www.zhihu.com/people/shi-bo-qing
http://www.zhihu.com/people/wang-xiao-jian-18-81
http://www.zhihu.com/people/bourneren
http://www.zhihu.com/people/lu-shuang-1993
http://www.zhihu.com/people/yan-zhao-jun
http://www.zhihu.com/people/liu-zhi-song
http://www.zhihu.com/people/dizhe
http://www.zhihu.com/people/yu-wen-68-22
http://www.zhihu.com/people/xi-xi-91
http://www.zhihu.com/people/liu-xin-ji-4-92
http://www.zhihu.com/people/zexiancui
http://www.zhihu.com/people/chen-tian-wei-76
http://www.zhihu.com/people/herb222
http://www.zhihu.com/people/burke-juliet
http://www.zhihu.com/people/zhang-jing-yi-48
http://www.zhihu.com/people/davidwebber
http://www.zhihu.com/people/cao-cao-ym
http://www.zhihu.com/people/uly-22
http://www.zhihu.com/people/peteryao
http://www.zhihu.com/people/dong-bao-zi
http://www.zhihu.com/people/chanping
http://www.zhihu.com/people/jia-ming-zhi-5
http://www.zhihu.com/people/regucalcin
http://www.zhihu.com/people/Evelyn0908
http://www.zhihu.com/people/wang-bao-34
http://www.zhihu.com/people/fang-wen-32
http://www.zhihu.com/people/1cent
http://www.zhihu.com/people/yang-yang-69-37
http://www.zhihu.com/people/muriel-x
http://www.zhihu.com/people/liu-___-___
http://www.zhihu.com/people/jin-rui-ge
http://www.zhihu.com/people/tao-tie-xiu
http://www.zhihu.com/people/song-gan-gan
http://www.zhihu.com/people/delwong
http://www.zhihu.com/people/chou-jin-xia-hs
http://www.zhihu.com/people/gong-jue
http://www.zhihu.com/people/zao-shui-71
http://www.zhihu.com/people/xie-kai-wen-themisgu
http://www.zhihu.com/people/wang-xin-qiao
http://www.zhihu.com/people/kitty-chan
http://www.zhihu.com/people/caobaiyun
http://www.zhihu.com/people/an-zhi-25
http://www.zhihu.com/people/wang-yu-kang
http://www.zhihu.com/people/mg-o-93
http://www.zhihu.com/people/li-ming-15
http://www.zhihu.com/people/willow1214
http://www.zhihu.com/people/hong-xiao-qing-10
http://www.zhihu.com/people/clare-zhu
http://www.zhihu.com/people/fan-tang-zi
http://www.zhihu.com/people/allen-sea
http://www.zhihu.com/people/liu-xiao-ming-31
http://www.zhihu.com/people/truthpierce
http://www.zhihu.com/people/kong-yang-13
http://www.zhihu.com/people/jerry-zhang-72
http://www.zhihu.com/people/hou-anne
http://www.zhihu.com/people/lyonlyonlyon
http://www.zhihu.com/people/meijingliangchen
http://www.zhihu.com/people/tian-yu-74-75
http://www.zhihu.com/people/jacobevermore
http://www.zhihu.com/people/liu-yuyang
http://www.zhihu.com/people/luoshuiyifang-fendou
http://www.zhihu.com/people/chen-jia-an
http://www.zhihu.com/people/dennywww
http://www.zhihu.com/people/zhang-shi-kun
http://www.zhihu.com/people/sakula
http://www.zhihu.com/people/li-tian-yan-kunka
http://www.zhihu.com/people/li-lo
http://www.zhihu.com/people/zhang-yi-fan-48
http://www.zhihu.com/people/crystald
http://www.zhihu.com/people/carlxia
http://www.zhihu.com/people/iamyukaiyang
http://www.zhihu.com/people/originalx
http://www.zhihu.com/people/icat
http://www.zhihu.com/people/cai-ji-16
http://www.zhihu.com/people/he-xian-jie-41
http://www.zhihu.com/people/zhang-gua-lou
http://www.zhihu.com/people/huang-feng-23
http://www.zhihu.com/people/fredomy
http://www.zhihu.com/people/chen-ke-5
http://www.zhihu.com/people/cao-yu-chen
http://www.zhihu.com/people/you-yu-zhong-nan
http://www.zhihu.com/people/xia-xiao-tu
http://www.zhihu.com/people/lolayoung
http://www.zhihu.com/people/you-you-96-45
http://www.zhihu.com/people/lin-zhe-96
http://www.zhihu.com/people/hyacinth-45
http://www.zhihu.com/people/beikagai
http://www.zhihu.com/people/qian-cang-nan
http://www.zhihu.com/people/chen-lu-ke
http://www.zhihu.com/people/lin-tu-tu-68
http://www.zhihu.com/people/shu-xiao-93
http://www.zhihu.com/people/wu-han-52
http://www.zhihu.com/people/sleepingknight
http://www.zhihu.com/people/wang-yier-16
http://www.zhihu.com/people/chengxin
http://www.zhihu.com/people/blufox
http://www.zhihu.com/people/smile-re
http://www.zhihu.com/people/rotcod
http://www.zhihu.com/people/cherry-guan-83
http://www.zhihu.com/people/du-zhi-hong
http://www.zhihu.com/people/xxxxxxiaoming
http://www.zhihu.com/people/suimoxiwei
http://www.zhihu.com/people/cheng-zi-hua
http://www.zhihu.com/people/zhang-jin-shan-38
http://www.zhihu.com/people/xiejunhui
http://www.zhihu.com/people/ethan-li-28
http://www.zhihu.com/people/forgetthisuser
http://www.zhihu.com/people/hippie-99
http://www.zhihu.com/people/andyfoolish
http://www.zhihu.com/people/benwalking
http://www.zhihu.com/people/13igcat
http://www.zhihu.com/people/xiao-gu-74
http://www.zhihu.com/people/wen-fei-64
http://www.zhihu.com/people/Bananonina
http://www.zhihu.com/people/zhu-jie-28
http://www.zhihu.com/people/jack-song
http://www.zhihu.com/people/sun-chen-363
http://www.zhihu.com/people/chang-cheng-jiang
http://www.zhihu.com/people/he-xiang-36
http://www.zhihu.com/people/gringoire1984
http://www.zhihu.com/people/kiki-70
http://www.zhihu.com/people/lai-xiao-ming
http://www.zhihu.com/people/youngjiahui
http://www.zhihu.com/people/zhou-a-nan
http://www.zhihu.com/people/wang-ce-9
http://www.zhihu.com/people/song-li-28
http://www.zhihu.com/people/liu-huan-78
http://www.zhihu.com/people/zhang-ming-89
http://www.zhihu.com/people/cao-meng-di
http://www.zhihu.com/people/qian-mian
http://www.zhihu.com/people/jian-zhi-fang
http://www.zhihu.com/people/982693
http://www.zhihu.com/people/oobayouzou
http://www.zhihu.com/people/tokillthelights
http://www.zhihu.com/people/lesus
http://www.zhihu.com/people/gu-cao-cao
http://www.zhihu.com/people/samuelma
http://www.zhihu.com/people/mo-jie-61
http://www.zhihu.com/people/ming-ji-44
http://www.zhihu.com/people/zhang-bo-sen-31
http://www.zhihu.com/people/allan-qian
http://www.zhihu.com/people/chen-yu-11-79
http://www.zhihu.com/people/Selerare
http://www.zhihu.com/people/tudouparty
http://www.zhihu.com/people/qiu-miao-44
http://www.zhihu.com/people/jclaire
http://www.zhihu.com/people/rabitv
http://www.zhihu.com/people/yang-tian-han
http://www.zhihu.com/people/zhang-hang-55-99
http://www.zhihu.com/people/ethanbest
http://www.zhihu.com/people/hjlee
http://www.zhihu.com/people/zhong-sheng-41
http://www.zhihu.com/people/jiong-xiao-ming
http://www.zhihu.com/people/BeansTang
http://www.zhihu.com/people/zhu-xiao-fan
http://www.zhihu.com/people/xiao-xiao-80
http://www.zhihu.com/people/linjiex
http://www.zhihu.com/people/lin-ji-mi
http://www.zhihu.com/people/changbaishan
http://www.zhihu.com/people/yangshizi
http://www.zhihu.com/people/williamho
http://www.zhihu.com/people/ridgway
http://www.zhihu.com/people/jinchen
http://www.zhihu.com/people/XXXCLX
http://www.zhihu.com/people/nopeopele
http://www.zhihu.com/people/gu-zhuo-zi
http://www.zhihu.com/people/hugo2lee
http://www.zhihu.com/people/xiongyong
http://www.zhihu.com/people/huoguo8ym
http://www.zhihu.com/people/ning-meng-32
http://www.zhihu.com/people/Roy0205816
http://www.zhihu.com/people/li-jin-yuan-53-18
http://www.zhihu.com/people/Xieyiyao
http://www.zhihu.com/people/li-mu-qing-521
http://www.zhihu.com/people/anjianghong
http://www.zhihu.com/people/yang-ya-4
http://www.zhihu.com/people/codewalker
http://www.zhihu.com/people/fangcarrot
http://www.zhihu.com/people/zhou-yi-72-70
http://www.zhihu.com/people/yu-hong-zhou-91
http://www.zhihu.com/people/liang-xiao-yang-8
http://www.zhihu.com/people/ntxtzr
http://www.zhihu.com/people/zhao-hang-50-6
http://www.zhihu.com/people/dong-jia-bin
http://www.zhihu.com/people/windfuture
http://www.zhihu.com/people/que-xing-lasia
http://www.zhihu.com/people/jackxie
http://www.zhihu.com/people/he-lei-qiang
http://www.zhihu.com/people/hynuza
http://www.zhihu.com/people/Marshallpku
http://www.zhihu.com/people/dai-di-ni
http://www.zhihu.com/people/cuso4
http://www.zhihu.com/people/zhang-xiao-lin-0711
http://www.zhihu.com/people/shi-duo-pi-li-yuan-wu-qu
http://www.zhihu.com/people/zhang-fan-22
http://www.zhihu.com/people/xie-mao-88
http://www.zhihu.com/people/tan-li-9800
http://www.zhihu.com/people/kyle
http://www.zhihu.com/people/lu-gui-chen-26
http://www.zhihu.com/people/chen-bu-mian
http://www.zhihu.com/people/wan-neng-a-man
http://www.zhihu.com/people/zeng-fei-fei
http://www.zhihu.com/people/song-rui-64
http://www.zhihu.com/people/mo-chen-96-25
http://www.zhihu.com/people/ho-sylvie
http://www.zhihu.com/people/xiao-chu
http://www.zhihu.com/people/Namateipu
http://www.zhihu.com/people/di-wan-si
http://www.zhihu.com/people/wang-xiao-qi-46
http://www.zhihu.com/people/lumi
http://www.zhihu.com/people/higgins-l
http://www.zhihu.com/people/ma-que-10
http://www.zhihu.com/people/zhang-yi-chi-78-24
http://www.zhihu.com/people/guo-rui-15
http://www.zhihu.com/people/tracy-gao
http://www.zhihu.com/people/da-hui-hui-71
http://www.zhihu.com/people/zheng-hai-yang-22
http://www.zhihu.com/people/wei-shao-hui
http://www.zhihu.com/people/nettrotter
http://www.zhihu.com/people/B-Mao-liu
http://www.zhihu.com/people/zhen-jia
http://www.zhihu.com/people/lang-mou-hi
http://www.zhihu.com/people/kyouma
http://www.zhihu.com/people/xue-ruo-72
http://www.zhihu.com/people/wujiadong
http://www.zhihu.com/people/xsheng-13
http://www.zhihu.com/people/xastle
http://www.zhihu.com/people/kaerxifa
http://www.zhihu.com/people/wan-yu-fei
http://www.zhihu.com/people/shi-wei-chu-ke
http://www.zhihu.com/people/zhao-xuan-62
http://www.zhihu.com/people/chen-yan-pei
http://www.zhihu.com/people/leelooluu
http://www.zhihu.com/people/cao-mou-mou
http://www.zhihu.com/people/rainticket
http://www.zhihu.com/people/will-du
http://www.zhihu.com/people/icy-jia
http://www.zhihu.com/people/jia-zi-lee
http://www.zhihu.com/people/li-shou-yin-89
http://www.zhihu.com/people/zhang-yin-20
http://www.zhihu.com/people/li-cheng-xu-67
http://www.zhihu.com/people/mrerdong
http://www.zhihu.com/people/zhang-meng-49-57
http://www.zhihu.com/people/qrokjae
http://www.zhihu.com/people/septimusx
http://www.zhihu.com/people/dajiashashu-42
http://www.zhihu.com/people/giiNNN
http://www.zhihu.com/people/ohamoy
http://www.zhihu.com/people/avanty
http://www.zhihu.com/people/luo-jun-long
http://www.zhihu.com/people/fuwocheng
http://www.zhihu.com/people/laura-2
http://www.zhihu.com/people/edwardqu
http://www.zhihu.com/people/alan-17
http://www.zhihu.com/people/owenne
http://www.zhihu.com/people/su-fang-65
http://www.zhihu.com/people/liang-zhong-cheng-48
http://www.zhihu.com/people/ling-tian-81
http://www.zhihu.com/people/wang-kai-94-51
http://www.zhihu.com/people/jason-xu-20
http://www.zhihu.com/people/ri-ye-huang-bo
http://www.zhihu.com/people/fan-feng-kai
http://www.zhihu.com/people/asker-51
http://www.zhihu.com/people/cheng-san-de-long-mao
http://www.zhihu.com/people/Paaaam
http://www.zhihu.com/people/dingding235711
http://www.zhihu.com/people/shirui
http://www.zhihu.com/people/EagletJhang
http://www.zhihu.com/people/liang-mo-zhi
http://www.zhihu.com/people/yu-ban-yu-ban-shu
http://www.zhihu.com/people/chen-yong-lin-25
http://www.zhihu.com/people/michael-li
http://www.zhihu.com/people/you-ya-63
http://www.zhihu.com/people/huma
http://www.zhihu.com/people/wang-yin-lue
http://www.zhihu.com/people/KatzenBach
http://www.zhihu.com/people/zhu-jin-xuan
http://www.zhihu.com/people/hedichunxiao
http://www.zhihu.com/people/zuluatom
http://www.zhihu.com/people/maggie-zhao
http://www.zhihu.com/people/sisi05
http://www.zhihu.com/people/wu-mu-yun-46
http://www.zhihu.com/people/Aspire
http://www.zhihu.com/people/boydliu
http://www.zhihu.com/people/clairewang0326
http://www.zhihu.com/people/terrance-wang
http://www.zhihu.com/people/shi-xian-sheng-14
http://www.zhihu.com/people/SalvadorLucky
http://www.zhihu.com/people/li-zheng-1
http://www.zhihu.com/people/hua-xiao-34
http://www.zhihu.com/people/onlyveo
http://www.zhihu.com/people/mo-luo-62
http://www.zhihu.com/people/chen-shen-89-46
http://www.zhihu.com/people/liaoyy
http://www.zhihu.com/people/akiwalnut
http://www.zhihu.com/people/marlboroknight
http://www.zhihu.com/people/wang-shu-huan
http://www.zhihu.com/people/li-xin-yi-8
http://www.zhihu.com/people/chen-ji-34
http://www.zhihu.com/people/csoni
http://www.zhihu.com/people/ryan-fong
http://www.zhihu.com/people/shao-jia-yu
http://www.zhihu.com/people/yf-chen
http://www.zhihu.com/people/marcel-fan
http://www.zhihu.com/people/ni-er-shao-ye-wo
http://www.zhihu.com/people/animalpark
http://www.zhihu.com/people/cai-jun-tao
http://www.zhihu.com/people/star-folding
