http://www.zhihu.com/people/zhan-peng-30
http://www.zhihu.com/people/qiubaipet
http://www.zhihu.com/people/bhuztez
http://www.zhihu.com/people/fan-he-40
http://www.zhihu.com/people/holding-ie
http://www.zhihu.com/people/rock-yu-7
http://www.zhihu.com/people/dayanjingman
http://www.zhihu.com/people/zhang-peng-38-62
http://www.zhihu.com/people/wang-yiyi-21
http://www.zhihu.com/people/qiu-maggie
http://www.zhihu.com/people/dai-da-bei
http://www.zhihu.com/people/song-xiao-yi-35
http://www.zhihu.com/people/zhang-bo-67-32
http://www.zhihu.com/people/sisi05
http://www.zhihu.com/people/alexz-95
http://www.zhihu.com/people/liu-xian-yu-70
http://www.zhihu.com/people/wang-heng-tong
http://www.zhihu.com/people/weijiali
http://www.zhihu.com/people/wang-xiao-jian-20
http://www.zhihu.com/people/moxiaoyan
http://www.zhihu.com/people/xie-xiao-qin-15
http://www.zhihu.com/people/johnsonfree
http://www.zhihu.com/people/li-yi-nan
http://www.zhihu.com/people/wang-feng-yu-11
http://www.zhihu.com/people/huanggengtao
http://www.zhihu.com/people/chen-feng-28
http://www.zhihu.com/people/z6522814
http://www.zhihu.com/people/li-jun-jun-67
http://www.zhihu.com/people/tian-su-jun
http://www.zhihu.com/people/bai-bai-he-18
http://www.zhihu.com/people/chibole
http://www.zhihu.com/people/su-xiao-lin-99
http://www.zhihu.com/people/zhu-dong-hui-53
http://www.zhihu.com/people/ruo-shui-23
http://www.zhihu.com/people/chen-rou-shi
http://www.zhihu.com/people/ai-shang-mai-cai-nu
http://www.zhihu.com/people/sleepingknight
http://www.zhihu.com/people/chai-yong-yan
http://www.zhihu.com/people/cheng-zi-11
http://www.zhihu.com/people/imxz.me
http://www.zhihu.com/people/tong-min-64
http://www.zhihu.com/people/wang-jun-40-72
http://www.zhihu.com/people/yin-wei-35-36
http://www.zhihu.com/people/marcher233
http://www.zhihu.com/people/lu-suo
http://www.zhihu.com/people/wang-xiao-xing-47
http://www.zhihu.com/people/zec-5
http://www.zhihu.com/people/angelrian-s
http://www.zhihu.com/people/shinrakueki
http://www.zhihu.com/people/he-shao-yan
http://www.zhihu.com/people/johnnical
http://www.zhihu.com/people/mo-shen-94
http://www.zhihu.com/people/wangfang
http://www.zhihu.com/people/liu-xiao-ci
http://www.zhihu.com/people/x_i_a_o_h_a_i
http://www.zhihu.com/people/dai-wei-99
http://www.zhihu.com/people/xue-heng
http://www.zhihu.com/people/jin-xiao-nan
http://www.zhihu.com/people/wwzcxqc
http://www.zhihu.com/people/lin-zhe-96
http://www.zhihu.com/people/feng-shao-jie-44
http://www.zhihu.com/people/zhang-lei-79-38
http://www.zhihu.com/people/deng-xin-xian
http://www.zhihu.com/people/fffff
http://www.zhihu.com/people/ixupeng
http://www.zhihu.com/people/williamwong
http://www.zhihu.com/people/xie-wei-you
http://www.zhihu.com/people/zhong-cun-bruce
http://www.zhihu.com/people/liyali
http://www.zhihu.com/people/erickchen
http://www.zhihu.com/people/daniel975
http://www.zhihu.com/people/shaneguo
http://www.zhihu.com/people/liu-jing-tong-58
http://www.zhihu.com/people/a-qiu-94
http://www.zhihu.com/people/evaray
http://www.zhihu.com/people/hanjiangxue
http://www.zhihu.com/people/shi-chen-xiao
http://www.zhihu.com/people/huang-xue-dan
http://www.zhihu.com/people/jia-ya-rong-52
http://www.zhihu.com/people/zhang-ming-yuan-82
http://www.zhihu.com/people/mystery-36
http://www.zhihu.com/people/zhang-wei-zhong
http://www.zhihu.com/people/zhang-yi-fan-48
http://www.zhihu.com/people/kingljx
http://www.zhihu.com/people/li-feng-54-67
http://www.zhihu.com/people/zhu-shi-jie-6
http://www.zhihu.com/people/qixia
http://www.zhihu.com/people/zhang-qun-21
http://www.zhihu.com/people/zhu-bo-tao
http://www.zhihu.com/people/_zhao_xu_
http://www.zhihu.com/people/sickberry
http://www.zhihu.com/people/juice-wong
http://www.zhihu.com/people/liangbing
http://www.zhihu.com/people/yang-si-yan
http://www.zhihu.com/people/tian-nan-gua
http://www.zhihu.com/people/Art-Joker
http://www.zhihu.com/people/a-meng-ai-jian-guo-65
http://www.zhihu.com/people/gao-shan-liu-jiong
http://www.zhihu.com/people/andrew-16-88
http://www.zhihu.com/people/kokomi
http://www.zhihu.com/people/kevinvesper
http://www.zhihu.com/people/wang-yan-yu-64
http://www.zhihu.com/people/qi-qi-52-78
http://www.zhihu.com/people/momobaobao
http://www.zhihu.com/people/fan-cheng-da
http://www.zhihu.com/people/xu-xiao-dao-11
http://www.zhihu.com/people/zengyingjia
http://www.zhihu.com/people/li-cheng-gan
http://www.zhihu.com/people/achilles-bob
http://www.zhihu.com/people/limonzhou
http://www.zhihu.com/people/chen-cheng-82-21
http://www.zhihu.com/people/rosecrimson
http://www.zhihu.com/people/wang-zhuo-xiang
http://www.zhihu.com/people/fang-xiang-77
http://www.zhihu.com/people/zhang-tian-cheng-55
http://www.zhihu.com/people/gao-da-li
http://www.zhihu.com/people/mi-tao
http://www.zhihu.com/people/jiao-lin-95
http://www.zhihu.com/people/richardliu
http://www.zhihu.com/people/shi-qi-chan
http://www.zhihu.com/people/fu-peng-47
http://www.zhihu.com/people/jin-zhi-1987
http://www.zhihu.com/people/wang-xiao-he-50
http://www.zhihu.com/people/cai-dong-018
http://www.zhihu.com/people/shi-bo-qing
http://www.zhihu.com/people/young-69
http://www.zhihu.com/people/ma-qian-li-77
http://www.zhihu.com/people/supertramp-16
http://www.zhihu.com/people/ryan-42-5
http://www.zhihu.com/people/malcolmyu
http://www.zhihu.com/people/li-chen-8
http://www.zhihu.com/people/weijiaqi
http://www.zhihu.com/people/auspicesaint
http://www.zhihu.com/people/umifam
http://www.zhihu.com/people/sherry-li-4
http://www.zhihu.com/people/ma-sheng-23
http://www.zhihu.com/people/xiaozi
http://www.zhihu.com/people/ning-fei-niang-niang
http://www.zhihu.com/people/yu-gu-69
http://www.zhihu.com/people/sun-da-wei-4
http://www.zhihu.com/people/leoyang
http://www.zhihu.com/people/blackswan
http://www.zhihu.com/people/wei-wei-87-88
http://www.zhihu.com/people/tygoonray
http://www.zhihu.com/people/zhong-ye-zi-49
http://www.zhihu.com/people/zhang-jing-lin
http://www.zhihu.com/people/wang-wen-ping
http://www.zhihu.com/people/yxue
http://www.zhihu.com/people/wu-ci-jun
http://www.zhihu.com/people/liu-teng-yu
http://www.zhihu.com/people/sun-de-zhong-24
http://www.zhihu.com/people/li-xiao-wen-82
http://www.zhihu.com/people/yskin
http://www.zhihu.com/people/jackxie
http://www.zhihu.com/people/susus
http://www.zhihu.com/people/dong-ming-xuan
http://www.zhihu.com/people/li-jing-yan-12
http://www.zhihu.com/people/bo-wen-49
http://www.zhihu.com/people/zhang-di-40
http://www.zhihu.com/people/jessica-lau
http://www.zhihu.com/people/pan-richard
http://www.zhihu.com/people/wbsanfeng
http://www.zhihu.com/people/li-yi-fan-6
http://www.zhihu.com/people/ernst-zermelo
http://www.zhihu.com/people/liu-xin-xin-99
http://www.zhihu.com/people/techoxygen
http://www.zhihu.com/people/yang-xiao-guo-93
http://www.zhihu.com/people/wu-qian-35
http://www.zhihu.com/people/iphone5
http://www.zhihu.com/people/Ricahrd.Light
http://www.zhihu.com/people/li-min-xiang-9
http://www.zhihu.com/people/ni-zai-cai
http://www.zhihu.com/people/dhfl
http://www.zhihu.com/people/xuzhihong
http://www.zhihu.com/people/wu-wei-96-47
http://www.zhihu.com/people/lai-yao
http://www.zhihu.com/people/tumbler-75
http://www.zhihu.com/people/shang-chang-hua
http://www.zhihu.com/people/zhou-yu-de
http://www.zhihu.com/people/wildwilde
http://www.zhihu.com/people/wang-yuan-66-5
http://www.zhihu.com/people/harry-cheng
http://www.zhihu.com/people/zi-you-de-feng
http://www.zhihu.com/people/sun-ming-ting
http://www.zhihu.com/people/penpenwang
http://www.zhihu.com/people/ahlex
http://www.zhihu.com/people/3DCG
http://www.zhihu.com/people/ji-zhi-48
http://www.zhihu.com/people/an-de-6
http://www.zhihu.com/people/qiu-xiao-qi-7
http://www.zhihu.com/people/GilgameshK
http://www.zhihu.com/people/zhuang-yuan-wen
http://www.zhihu.com/people/huanghuihui1991
http://www.zhihu.com/people/liang-yu-fan
http://www.zhihu.com/people/lili
http://www.zhihu.com/people/caijinxin
http://www.zhihu.com/people/baixiaoyin
http://www.zhihu.com/people/cao-meng-di
http://www.zhihu.com/people/lu-wen-kai-17
http://www.zhihu.com/people/zhen-hao
http://www.zhihu.com/people/shimengchen
http://www.zhihu.com/people/li-jie-50
http://www.zhihu.com/people/GamerBun
http://www.zhihu.com/people/chang-kai-xin-85
http://www.zhihu.com/people/looking
http://www.zhihu.com/people/huang-wei-12-62
http://www.zhihu.com/people/mei-xiao-mao
http://www.zhihu.com/people/xie-jia-di-29
http://www.zhihu.com/people/mmyww
http://www.zhihu.com/people/xu-guo-hui
http://www.zhihu.com/people/chengyuan
http://www.zhihu.com/people/chang-si-jie
http://www.zhihu.com/people/zhu-yong-qian
http://www.zhihu.com/people/yin-hao
http://www.zhihu.com/people/etsir
http://www.zhihu.com/people/mu-tian-80
http://www.zhihu.com/people/amuro1230
http://www.zhihu.com/people/jksun
http://www.zhihu.com/people/wobushuo
http://www.zhihu.com/people/zhao-zi-chu
http://www.zhihu.com/people/mo-zhu-18
http://www.zhihu.com/people/patrick-gowers
http://www.zhihu.com/people/qia-fang
http://www.zhihu.com/people/matthew-chen
http://www.zhihu.com/people/wang-long-79
http://www.zhihu.com/people/VasBrandon
http://www.zhihu.com/people/xu-olivia-46
http://www.zhihu.com/people/wang-wei-yi-90
http://www.zhihu.com/people/jixin
http://www.zhihu.com/people/zaiyiqi
http://www.zhihu.com/people/choy
http://www.zhihu.com/people/joker-27
http://www.zhihu.com/people/teabag
http://www.zhihu.com/people/jocelyn-57
http://www.zhihu.com/people/danielchen1995
http://www.zhihu.com/people/weng-xiao-cong
http://www.zhihu.com/people/kalon
http://www.zhihu.com/people/he-de-wen
http://www.zhihu.com/people/zhouwenrong
http://www.zhihu.com/people/liu-xi-fei
http://www.zhihu.com/people/meng-ya-kai
http://www.zhihu.com/people/haohaoxuexi
