http://www.zhihu.com/people/guishou
http://www.zhihu.com/people/braveworld
http://www.zhihu.com/people/zhang-ze-min-72
http://www.zhihu.com/people/toylori
http://www.zhihu.com/people/felix-libero
http://www.zhihu.com/people/zhou-neng-44
http://www.zhihu.com/people/zheng-xia-ming
http://www.zhihu.com/people/ni-jin-hua
http://www.zhihu.com/people/ayr1
http://www.zhihu.com/people/duan-wen-jie-94
http://www.zhihu.com/people/mao-wen-tong
http://www.zhihu.com/people/caliven
http://www.zhihu.com/people/huang-hui-94
http://www.zhihu.com/people/yan-da-hai-919
http://www.zhihu.com/people/zhang-gan-47
http://www.zhihu.com/people/shaxjl
http://www.zhihu.com/people/bourne-chen
http://www.zhihu.com/people/sun-er-88
http://www.zhihu.com/people/luobupo
http://www.zhihu.com/people/chen-qi-xiao
http://www.zhihu.com/people/streetfox
http://www.zhihu.com/people/kingofworld
http://www.zhihu.com/people/zhou-guan-yu-5
http://www.zhihu.com/people/SkyForeverKing
http://www.zhihu.com/people/tfcer
http://www.zhihu.com/people/liang-24
http://www.zhihu.com/people/chenjianferrari
http://www.zhihu.com/people/zhou-ceng-hao
http://www.zhihu.com/people/iblacksun
http://www.zhihu.com/people/TrusBe
http://www.zhihu.com/people/jyun-cheung
http://www.zhihu.com/people/huang-jia-ren
http://www.zhihu.com/people/li-bin-20-77
http://www.zhihu.com/people/zi-ming-91
http://www.zhihu.com/people/zionr
http://www.zhihu.com/people/zhuyujun
http://www.zhihu.com/people/xiao-chu
http://www.zhihu.com/people/zhang-ke-32
http://www.zhihu.com/people/wang-li-li-94
http://www.zhihu.com/people/lin-you-san
http://www.zhihu.com/people/li-yifan-27
http://www.zhihu.com/people/wang-jun-59-77
http://www.zhihu.com/people/ren-xi-jun
http://www.zhihu.com/people/suithink
http://www.zhihu.com/people/li-fu
http://www.zhihu.com/people/buhao-wo
http://www.zhihu.com/people/miao-cc-96
http://www.zhihu.com/people/wangchongyang
http://www.zhihu.com/people/wang-kun-69-12
http://www.zhihu.com/people/Woman-day
http://www.zhihu.com/people/yi-yun-yy
http://www.zhihu.com/people/wu-sean-58
http://www.zhihu.com/people/zhu-bo-tao
http://www.zhihu.com/people/chen-heng-74
http://www.zhihu.com/people/qichong
http://www.zhihu.com/people/zhao-he-jia
http://www.zhihu.com/people/ma-xiao-qiang-25
http://www.zhihu.com/people/jiang-yuan-bo-81
http://www.zhihu.com/people/yu-tou-tou-tou
http://www.zhihu.com/people/dai-jia-hang
http://www.zhihu.com/people/henghengbaby
http://www.zhihu.com/people/jin-nian-75
http://www.zhihu.com/people/AirBlue
http://www.zhihu.com/people/000088
http://www.zhihu.com/people/zhang-yu-jie-20
http://www.zhihu.com/people/qin-da-mou
http://www.zhihu.com/people/mason-36
http://www.zhihu.com/people/li-song-46
http://www.zhihu.com/people/beasum
http://www.zhihu.com/people/zhihu_weekly
http://www.zhihu.com/people/li-yifan-42
http://www.zhihu.com/people/sqlqiuyu
http://www.zhihu.com/people/tangjingxin
http://www.zhihu.com/people/liu-sha-ccs
http://www.zhihu.com/people/laoba
http://www.zhihu.com/people/you-guo-59
http://www.zhihu.com/people/li-hao-wei-69
http://www.zhihu.com/people/lu-wei-94-22
http://www.zhihu.com/people/zhao-yang-xin
http://www.zhihu.com/people/sun-chang-he
http://www.zhihu.com/people/stephanie-73
http://www.zhihu.com/people/xie-yong-chang
http://www.zhihu.com/people/wang-xiao-yue-86
http://www.zhihu.com/people/li-xi-mi-1
http://www.zhihu.com/people/ji-jia-shu
http://www.zhihu.com/people/lei-hao-yi
http://www.zhihu.com/people/zhong-ye-zi-49
http://www.zhihu.com/people/qiu-bing-yang
http://www.zhihu.com/people/zheng-ying-hao-9
http://www.zhihu.com/people/renbinglin
http://www.zhihu.com/people/han-yan-hui
http://www.zhihu.com/people/wang-yan-98-4
http://www.zhihu.com/people/lau-musen
http://www.zhihu.com/people/hei-bing
http://www.zhihu.com/people/liu-shu-10
http://www.zhihu.com/people/zhaojun4084
http://www.zhihu.com/people/liu-kai-93-77
http://www.zhihu.com/people/shao-teng
http://www.zhihu.com/people/chen-jing-wei-66
http://www.zhihu.com/people/zhuo-shao-fei
http://www.zhihu.com/people/yuan-wei-jie-27
http://www.zhihu.com/people/lou-jun-ting
http://www.zhihu.com/people/ibezz
http://www.zhihu.com/people/zimingforever
http://www.zhihu.com/people/zeng-zi-ying
http://www.zhihu.com/people/myersguo
http://www.zhihu.com/people/chen-jian-de
http://www.zhihu.com/people/techoxygen
http://www.zhihu.com/people/tautcony
http://www.zhihu.com/people/shi-yilang-cai
http://www.zhihu.com/people/hexilou
http://www.zhihu.com/people/Acmenyz
http://www.zhihu.com/people/zhu-xin-92
http://www.zhihu.com/people/xian-fa-hui
http://www.zhihu.com/people/xiao-bao-75-91
http://www.zhihu.com/people/squidszyd
http://www.zhihu.com/people/mo-tian-ming-7
http://www.zhihu.com/people/bornre
http://www.zhihu.com/people/xia-tian-76-62
http://www.zhihu.com/people/sky-fall
http://www.zhihu.com/people/li-jian-hao-31
http://www.zhihu.com/people/jerry_lee
http://www.zhihu.com/people/lu-yin-shuo
http://www.zhihu.com/people/zhu-dong-hui-53
http://www.zhihu.com/people/lin-geng-rui-58
http://www.zhihu.com/people/ashbei-er
http://www.zhihu.com/people/zhang-yiliu
http://www.zhihu.com/people/bin-xin-80
http://www.zhihu.com/people/xu-xiao-ye-53
http://www.zhihu.com/people/huang-ri-chen
http://www.zhihu.com/people/he-bo-bo
http://www.zhihu.com/people/lynn-xu
http://www.zhihu.com/people/qing-feng-yi-zhu
http://www.zhihu.com/people/luo-hao-26
http://www.zhihu.com/people/liufatiao
http://www.zhihu.com/people/bu-kao-pu-83
http://www.zhihu.com/people/MonaZhang
http://www.zhihu.com/people/ni-da-ye-40-87
http://www.zhihu.com/people/canon-14
http://www.zhihu.com/people/z-ian
http://www.zhihu.com/people/lys.me
http://www.zhihu.com/people/cong-jin-zheng
http://www.zhihu.com/people/zhou-xiao-qiang-13
http://www.zhihu.com/people/qin-kang-bao
http://www.zhihu.com/people/chars
http://www.zhihu.com/people/goal2scool
http://www.zhihu.com/people/nai-liang-liang-zi-97
http://www.zhihu.com/people/han-liang-hanl
http://www.zhihu.com/people/zui-shi-xiong
http://www.zhihu.com/people/yvonne-92
http://www.zhihu.com/people/whitekatana
http://www.zhihu.com/people/blake-jin
http://www.zhihu.com/people/shi-liu-18
http://www.zhihu.com/people/zhao-zhe-8
http://www.zhihu.com/people/yin-tao-42
http://www.zhihu.com/people/joycelaujia
http://www.zhihu.com/people/killaxe-jie
http://www.zhihu.com/people/song-yan-1026
http://www.zhihu.com/people/chen-xin-76-57
http://www.zhihu.com/people/immediate
http://www.zhihu.com/people/wang-jian-89-45
http://www.zhihu.com/people/chen-ze-yu-69-36
http://www.zhihu.com/people/nooyo
http://www.zhihu.com/people/qu-guan-jun
http://www.zhihu.com/people/stanyang
http://www.zhihu.com/people/ri-ben-da-cong
http://www.zhihu.com/people/shao-yi-61
http://www.zhihu.com/people/ling-hu-xiao-yu-er
http://www.zhihu.com/people/spencer-47
http://www.zhihu.com/people/wu-dan-ni-12
http://www.zhihu.com/people/hou-dong-bo
http://www.zhihu.com/people/skhs
http://www.zhihu.com/people/qiu-qin-9
http://www.zhihu.com/people/baichichan
http://www.zhihu.com/people/cheng-jie-21
http://www.zhihu.com/people/haiyuk
http://www.zhihu.com/people/huang-jia-wei
http://www.zhihu.com/people/liu-er-98
http://www.zhihu.com/people/weiyaopeng
http://www.zhihu.com/people/zhang-yihong
http://www.zhihu.com/people/shui-xi-bing-he
http://www.zhihu.com/people/spsftshuma
http://www.zhihu.com/people/wang-jia-wei-45-85
http://www.zhihu.com/people/li-xiang-69
http://www.zhihu.com/people/yang-cong-quan-man-tou
http://www.zhihu.com/people/j_nan
http://www.zhihu.com/people/Samuel1112
http://www.zhihu.com/people/Canonvanc
http://www.zhihu.com/people/wangyingjie1993
http://www.zhihu.com/people/li-chen-ming-54
http://www.zhihu.com/people/twph
http://www.zhihu.com/people/li-feng-fan
http://www.zhihu.com/people/luo-jia-xi
http://www.zhihu.com/people/wang-ya-ying
http://www.zhihu.com/people/changxiaotian
http://www.zhihu.com/people/matthew-chen
http://www.zhihu.com/people/ming-lang-79
http://www.zhihu.com/people/xing-xiao-cai
http://www.zhihu.com/people/su-mai-zi
http://www.zhihu.com/people/dai-wei-99
http://www.zhihu.com/people/yan-shi-51
http://www.zhihu.com/people/xia-mi-3-82
http://www.zhihu.com/people/bei-ming-46
http://www.zhihu.com/people/michaellllll
http://www.zhihu.com/people/misink
http://www.zhihu.com/people/xia-gu-lin
http://www.zhihu.com/people/zheng-wei-86
http://www.zhihu.com/people/liu-lu-61-80
http://www.zhihu.com/people/zhu-wan
http://www.zhihu.com/people/li-ha-ha-leo
http://www.zhihu.com/people/fu-tian-yuan
http://www.zhihu.com/people/rockydd
http://www.zhihu.com/people/imjiaxin
http://www.zhihu.com/people/mingda
http://www.zhihu.com/people/ruirong_xie
http://www.zhihu.com/people/apple
http://www.zhihu.com/people/zhou-fu-you
http://www.zhihu.com/people/hi-yz
http://www.zhihu.com/people/helongke
http://www.zhihu.com/people/zhang-shi-yi-87
http://www.zhihu.com/people/arnold-shen
http://www.zhihu.com/people/shimengchen
http://www.zhihu.com/people/IcyLisle
http://www.zhihu.com/people/xiong-yong-xin
http://www.zhihu.com/people/colorwill
http://www.zhihu.com/people/kang-hong-bo
http://www.zhihu.com/people/hibin-37
http://www.zhihu.com/people/zhang-ying-da-88
http://www.zhihu.com/people/skyxqc
http://www.zhihu.com/people/zhao-ying-jian
http://www.zhihu.com/people/wang-wen-ping-40
http://www.zhihu.com/people/TXWang
http://www.zhihu.com/people/fireos
http://www.zhihu.com/people/long-li-hong
http://www.zhihu.com/people/zhang-bi-ya-22
http://www.zhihu.com/people/hanz-chen
http://www.zhihu.com/people/zhao-peng-jie
http://www.zhihu.com/people/Bryce_G
http://www.zhihu.com/people/xiao-jian-ren-71
http://www.zhihu.com/people/xutosca
http://www.zhihu.com/people/linnx
http://www.zhihu.com/people/ithink
http://www.zhihu.com/people/regulus-63
http://www.zhihu.com/people/bi-you-72
http://www.zhihu.com/people/googlesky
http://www.zhihu.com/people/a-lun-93
http://www.zhihu.com/people/hu-cheng-zhen
http://www.zhihu.com/people/jessicaqian-xiao-wan
http://www.zhihu.com/people/hu-hui
http://www.zhihu.com/people/zhu-fang-yuan
http://www.zhihu.com/people/zhu-xiao-wu-77
http://www.zhihu.com/people/edword
http://www.zhihu.com/people/zhang-guo-yu
http://www.zhihu.com/people/zhou-zhao-ling
http://www.zhihu.com/people/shen-yu-bao
http://www.zhihu.com/people/xu-hui-10
http://www.zhihu.com/people/luo-wa-li
http://www.zhihu.com/people/yao-jian-wen
http://www.zhihu.com/people/nphs
http://www.zhihu.com/people/zheng-jun-53
http://www.zhihu.com/people/rexor
http://www.zhihu.com/people/weifanmoo
http://www.zhihu.com/people/travismeng
http://www.zhihu.com/people/liutingji
http://www.zhihu.com/people/gao-yin-pan
http://www.zhihu.com/people/shi-zhan-xin
http://www.zhihu.com/people/giiNNN
http://www.zhihu.com/people/liu-hu-lu-76
http://www.zhihu.com/people/li-hui-jie-10
http://www.zhihu.com/people/nicing
http://www.zhihu.com/people/wang-zu-jian-89
http://www.zhihu.com/people/kang-yu-ying
http://www.zhihu.com/people/hheedat
http://www.zhihu.com/people/bin-han
http://www.zhihu.com/people/tengdazhao
http://www.zhihu.com/people/jeffen
http://www.zhihu.com/people/nian-yu-7
http://www.zhihu.com/people/patrick-gowers
http://www.zhihu.com/people/yang-yi-qiao
http://www.zhihu.com/people/madwithu
http://www.zhihu.com/people/bai-ge
http://www.zhihu.com/people/dr-satyr
http://www.zhihu.com/people/eric-liu
http://www.zhihu.com/people/maple
http://www.zhihu.com/people/hirophy
http://www.zhihu.com/people/wei-qing-min
http://www.zhihu.com/people/li-ye-61
http://www.zhihu.com/people/tristain-43
http://www.zhihu.com/people/ricky-73
http://www.zhihu.com/people/quan-28
http://www.zhihu.com/people/lu-___-fei
http://www.zhihu.com/people/april-huang
http://www.zhihu.com/people/ivankoki
http://www.zhihu.com/people/tian-feng-lin
http://www.zhihu.com/people/MichaelW
http://www.zhihu.com/people/xiaoyu.tai
http://www.zhihu.com/people/i-first
http://www.zhihu.com/people/zhu-yong-qian
http://www.zhihu.com/people/Yolo
http://www.zhihu.com/people/wang-xiao-xiao-71
http://www.zhihu.com/people/wang-jian-88-94
http://www.zhihu.com/people/lmchn
http://www.zhihu.com/people/kunbrother
http://www.zhihu.com/people/hai-yang
http://www.zhihu.com/people/mobiuschen
http://www.zhihu.com/people/cbvivi
http://www.zhihu.com/people/silkisland
http://www.zhihu.com/people/zhang-yi-lun-40
http://www.zhihu.com/people/rabitv
http://www.zhihu.com/people/zhang-jin-zhu
http://www.zhihu.com/people/wei-dong-jian
http://www.zhihu.com/people/iceblues
http://www.zhihu.com/people/yi-zhi-83
http://www.zhihu.com/people/michaelinspired
http://www.zhihu.com/people/Vincenty
http://www.zhihu.com/people/zou-chang-li
http://www.zhihu.com/people/thkroc
http://www.zhihu.com/people/lawrencelry
http://www.zhihu.com/people/su-an
http://www.zhihu.com/people/tansuo19
http://www.zhihu.com/people/jiang-shan-62
http://www.zhihu.com/people/albertpkmn
http://www.zhihu.com/people/A3R2012
http://www.zhihu.com/people/seasons
http://www.zhihu.com/people/jing-lei
http://www.zhihu.com/people/melon-ding
http://www.zhihu.com/people/selbyyy
http://www.zhihu.com/people/vance-74
http://www.zhihu.com/people/liuyu9045
http://www.zhihu.com/people/zhou-kai-43
http://www.zhihu.com/people/yu-qian-74
http://www.zhihu.com/people/chen-jia-wei-77
http://www.zhihu.com/people/hi-id
http://www.zhihu.com/people/braite
http://www.zhihu.com/people/fei-shi-ming
http://www.zhihu.com/people/wang-tao-43-95
http://www.zhihu.com/people/jiu-ling-43
http://www.zhihu.com/people/simonmuse
http://www.zhihu.com/people/mamy
http://www.zhihu.com/people/wu-qiong-11-59
http://www.zhihu.com/people/yu-san-geng
http://www.zhihu.com/people/mayue
http://www.zhihu.com/people/zhu-jun-qiang
http://www.zhihu.com/people/suo-chen-xi
http://www.zhihu.com/people/kandaoliu
http://www.zhihu.com/people/liu-guang-hui-60
http://www.zhihu.com/people/donhi
http://www.zhihu.com/people/chjlu
http://www.zhihu.com/people/call-me-danny
http://www.zhihu.com/people/bowenbitch
http://www.zhihu.com/people/sun-qi-bin
http://www.zhihu.com/people/cranks
http://www.zhihu.com/people/viuviu
http://www.zhihu.com/people/Mattwang11
http://www.zhihu.com/people/cheng-zhang-55
http://www.zhihu.com/people/jixin
http://www.zhihu.com/people/feversun
http://www.zhihu.com/people/shek
http://www.zhihu.com/people/xddxy
http://www.zhihu.com/people/sunlee89
http://www.zhihu.com/people/eyhl
http://www.zhihu.com/people/yangzheng1992
