http://www.zhihu.com/people/tang-shun-lei
http://www.zhihu.com/people/wang-jie-51
http://www.zhihu.com/people/na-po-chen-lun
http://www.zhihu.com/people/a-zheng-89
http://www.zhihu.com/people/yzcc
http://www.zhihu.com/people/liu-lao-san
http://www.zhihu.com/people/chou-joe
http://www.zhihu.com/people/dai-yu-xiu
http://www.zhihu.com/people/blog.songyy.me
http://www.zhihu.com/people/yangtaishou
http://www.zhihu.com/people/a-mu-1
http://www.zhihu.com/people/liu-jun-54-86
http://www.zhihu.com/people/ke-hao-33
http://www.zhihu.com/people/snowwaft
http://www.zhihu.com/people/yuzhi-xu-62
http://www.zhihu.com/people/guqiangqiang
http://www.zhihu.com/people/jackyxiong
http://www.zhihu.com/people/zhang-jian-fei
http://www.zhihu.com/people/portal-neop
http://www.zhihu.com/people/wu-da-bei
http://www.zhihu.com/people/liu-jia-wei-31-71
http://www.zhihu.com/people/leobron
http://www.zhihu.com/people/dcil
http://www.zhihu.com/people/Zind
http://www.zhihu.com/people/chang-jiu-long
http://www.zhihu.com/people/li-xu-yi
http://www.zhihu.com/people/cui-de-xing
http://www.zhihu.com/people/be5invis
http://www.zhihu.com/people/feng-shan-58
http://www.zhihu.com/people/tclh123
http://www.zhihu.com/people/yang-cong
http://www.zhihu.com/people/apprentice1989
http://www.zhihu.com/people/ikindle
http://www.zhihu.com/people/joseph-holy
http://www.zhihu.com/people/zhu-huan-jie
http://www.zhihu.com/people/shupeng
http://www.zhihu.com/people/endlessroad
http://www.zhihu.com/people/yanfel
http://www.zhihu.com/people/ddtou
http://www.zhihu.com/people/zhang-ke-89-56
http://www.zhihu.com/people/tencrance
http://www.zhihu.com/people/snow9312
http://www.zhihu.com/people/li-bai-38
http://www.zhihu.com/people/zhang-zi-qiang-36
http://www.zhihu.com/people/long-xiao-feng
http://www.zhihu.com/people/miao-xiao-cheng
http://www.zhihu.com/people/lu-ban-li
http://www.zhihu.com/people/xiangfeng.li
http://www.zhihu.com/people/twowolf
http://www.zhihu.com/people/lin-xing-jian-87
http://www.zhihu.com/people/ifangcy
http://www.zhihu.com/people/jaeger
http://www.zhihu.com/people/bellydark
http://www.zhihu.com/people/gong-yu-9111
http://www.zhihu.com/people/linxihao
http://www.zhihu.com/people/jerry-cen
http://www.zhihu.com/people/Eli1994
http://www.zhihu.com/people/qiao-wen
http://www.zhihu.com/people/cumthx
http://www.zhihu.com/people/kookliu
http://www.zhihu.com/people/wang-ke-luo
http://www.zhihu.com/people/john-fg
http://www.zhihu.com/people/huangleping9334
http://www.zhihu.com/people/maiziman
http://www.zhihu.com/people/sun-wen-quan
http://www.zhihu.com/people/li-zhan-liang
http://www.zhihu.com/people/tang-zhao-da-mao
http://www.zhihu.com/people/Asimov
http://www.zhihu.com/people/julie-lin
http://www.zhihu.com/people/kaiser-li-44315
http://www.zhihu.com/people/shenshaoyuan
http://www.zhihu.com/people/erhandsome
http://www.zhihu.com/people/lawkingchina
http://www.zhihu.com/people/cen-he-ming
http://www.zhihu.com/people/zhang-long-29
http://www.zhihu.com/people/alexandre-38
http://www.zhihu.com/people/vven
http://www.zhihu.com/people/zhou-gang-64
http://www.zhihu.com/people/zhu-ji-fang
http://www.zhihu.com/people/kimleo
http://www.zhihu.com/people/chen-kan-12
http://www.zhihu.com/people/yangscar
http://www.zhihu.com/people/zhao-zhe-45
http://www.zhihu.com/people/xdays
http://www.zhihu.com/people/jia-kang-wen
http://www.zhihu.com/people/calibre-chow
http://www.zhihu.com/people/lin-xiao-xiao-44-44
http://www.zhihu.com/people/clyde_
http://www.zhihu.com/people/hanjunjie
http://www.zhihu.com/people/lchad
http://www.zhihu.com/people/lxyntz
http://www.zhihu.com/people/chouthen
http://www.zhihu.com/people/li-fan-95
http://www.zhihu.com/people/xu-ke-78
http://www.zhihu.com/people/zhang-yan-42-90
http://www.zhihu.com/people/fara
http://www.zhihu.com/people/wu-hao-28-56
http://www.zhihu.com/people/zhaoyiyun77
http://www.zhihu.com/people/mmzhi
http://www.zhihu.com/people/chen-yun-50-59
http://www.zhihu.com/people/BY5566
http://www.zhihu.com/people/nobsu
http://www.zhihu.com/people/ji-yuan-36
http://www.zhihu.com/people/liu-jun-wen-27
http://www.zhihu.com/people/peiyang1895
http://www.zhihu.com/people/johnadam
http://www.zhihu.com/people/liu-zi-shen-53
http://www.zhihu.com/people/zhang-li-dong-5
http://www.zhihu.com/people/zhu-wu-xin-71
http://www.zhihu.com/people/chen-kun-ting
http://www.zhihu.com/people/luo-shang
http://www.zhihu.com/people/huang-jie-9527
http://www.zhihu.com/people/peng-gen-yong
http://www.zhihu.com/people/taozw
http://www.zhihu.com/people/Bingchean
http://www.zhihu.com/people/VerucaChan
http://www.zhihu.com/people/wavelet-14
http://www.zhihu.com/people/zheng-qi-mu
http://www.zhihu.com/people/kai-xiao-36
http://www.zhihu.com/people/eziopan22
http://www.zhihu.com/people/andiechu
http://www.zhihu.com/people/ryanyao
http://www.zhihu.com/people/shan-zhu-yi-16
http://www.zhihu.com/people/shen-mi-94
http://www.zhihu.com/people/gao-da-li
http://www.zhihu.com/people/bitmirage
http://www.zhihu.com/people/liang-feng-92
http://www.zhihu.com/people/xiaokang
http://www.zhihu.com/people/yang-jing-51-9
http://www.zhihu.com/people/jiang-shan-17
http://www.zhihu.com/people/lin-zi-27-39
http://www.zhihu.com/people/xie-peng-97-69
http://www.zhihu.com/people/skydiver
http://www.zhihu.com/people/zhang-xiao-60
http://www.zhihu.com/people/hao-peng-cheng
http://www.zhihu.com/people/feng-xiang-40
http://www.zhihu.com/people/wang-yu-dong-15
http://www.zhihu.com/people/shu-zhi-34
http://www.zhihu.com/people/hazzark
http://www.zhihu.com/people/fishbubble
http://www.zhihu.com/people/liang-zi-10-52
http://www.zhihu.com/people/lorita
http://www.zhihu.com/people/missginger
http://www.zhihu.com/people/itooka-li-fan
http://www.zhihu.com/people/lu-ming-ze-75-2
http://www.zhihu.com/people/ma-ding-71-92
http://www.zhihu.com/people/yang-cong-quan-man-tou
http://www.zhihu.com/people/xyloto
http://www.zhihu.com/people/zhang-jing-chao-25
http://www.zhihu.com/people/cheng-kun-35
http://www.zhihu.com/people/zheng-wen-long-89
http://www.zhihu.com/people/zhang-hao-peng-34
http://www.zhihu.com/people/gelosie
http://www.zhihu.com/people/sendzc
http://www.zhihu.com/people/nai-fu-fu
http://www.zhihu.com/people/pansz
http://www.zhihu.com/people/kylescript
http://www.zhihu.com/people/he-lei-qiang
http://www.zhihu.com/people/lin-zhi-xiang
http://www.zhihu.com/people/sun-jia-xuan-84
http://www.zhihu.com/people/peng-di
http://www.zhihu.com/people/song-han-18
http://www.zhihu.com/people/feng-xiao-bo-93
http://www.zhihu.com/people/zhuxiangxiao
http://www.zhihu.com/people/yandeng
http://www.zhihu.com/people/zhu-wen-zhen-15
http://www.zhihu.com/people/cotion
http://www.zhihu.com/people/huacheng
http://www.zhihu.com/people/he-shi-yu-46
http://www.zhihu.com/people/he-xu-kun
http://www.zhihu.com/people/JinL
http://www.zhihu.com/people/EvanDy
http://www.zhihu.com/people/lin-yk
http://www.zhihu.com/people/li-zhi-yuan-30
http://www.zhihu.com/people/chen-ji-93-30
http://www.zhihu.com/people/moran-79
http://www.zhihu.com/people/wangtengchuan
http://www.zhihu.com/people/chenna
http://www.zhihu.com/people/suo-rui
http://www.zhihu.com/people/zheng-nan-0527
http://www.zhihu.com/people/mu-yifan-89
http://www.zhihu.com/people/mu-zi-nan
http://www.zhihu.com/people/david-wang-76
http://www.zhihu.com/people/zhongxu
http://www.zhihu.com/people/zhuijizhe
http://www.zhihu.com/people/ji-dong-ze
http://www.zhihu.com/people/zhao-zi-yi-94
http://www.zhihu.com/people/xiao-yu-long
http://www.zhihu.com/people/abeljiang
http://www.zhihu.com/people/zzuieliyaoli
http://www.zhihu.com/people/tang-jian-sen
http://www.zhihu.com/people/li-bo-yang-41
http://www.zhihu.com/people/elgoog
http://www.zhihu.com/people/jwbin
http://www.zhihu.com/people/mr-dos
http://www.zhihu.com/people/amcatxy
http://www.zhihu.com/people/shimzomoe
http://www.zhihu.com/people/zou-yun-jia
http://www.zhihu.com/people/lu-rui-ming-2
http://www.zhihu.com/people/sandtears
http://www.zhihu.com/people/luo-chen-xing
http://www.zhihu.com/people/gengxichao
http://www.zhihu.com/people/chen-yu-69-14
http://www.zhihu.com/people/never1994
http://www.zhihu.com/people/yksgj
http://www.zhihu.com/people/li-yi-40-23
http://www.zhihu.com/people/cao-wen-xuan
http://www.zhihu.com/people/ticyang
http://www.zhihu.com/people/xie-mang-qi-78
http://www.zhihu.com/people/yueyao
http://www.zhihu.com/people/ToLSH
http://www.zhihu.com/people/mmyww
http://www.zhihu.com/people/chen-yao-hui
http://www.zhihu.com/people/xu-wen-yi-50
http://www.zhihu.com/people/bethanyzhao
http://www.zhihu.com/people/sixty_nine
http://www.zhihu.com/people/froooyo
http://www.zhihu.com/people/gao-han-62-96
http://www.zhihu.com/people/liu-jian-ming-61-25
http://www.zhihu.com/people/pan-xi-ting
http://www.zhihu.com/people/onion
http://www.zhihu.com/people/lojunren
http://www.zhihu.com/people/wang-shao-nan
http://www.zhihu.com/people/andyfoolish
http://www.zhihu.com/people/94lpp94
http://www.zhihu.com/people/wang-ting-ting-28-65
http://www.zhihu.com/people/hdczsf
http://www.zhihu.com/people/lgt945
http://www.zhihu.com/people/lin-wang-zhe
http://www.zhihu.com/people/xue-zhe
http://www.zhihu.com/people/feng-hao-84
http://www.zhihu.com/people/adadada
http://www.zhihu.com/people/airbai
http://www.zhihu.com/people/hyde.lovegood
http://www.zhihu.com/people/e-mo-de-nai-ba
http://www.zhihu.com/people/xiao-xiong-96
http://www.zhihu.com/people/diguage
http://www.zhihu.com/people/wolf_wu
http://www.zhihu.com/people/yhben
http://www.zhihu.com/people/wan-chang-6
http://www.zhihu.com/people/zhu-jie-13
http://www.zhihu.com/people/lin-yi-ou
http://www.zhihu.com/people/xu-shi-fu
http://www.zhihu.com/people/minimalism
http://www.zhihu.com/people/kneadtime
http://www.zhihu.com/people/bai-cai-42
http://www.zhihu.com/people/zhang-ri-fei
http://www.zhihu.com/people/xi-men-chui-bao-zi
http://www.zhihu.com/people/zhangmingbo
http://www.zhihu.com/people/mu-zi-qing-47
http://www.zhihu.com/people/imxiaobo
http://www.zhihu.com/people/poison_up
http://www.zhihu.com/people/paradisor
http://www.zhihu.com/people/lingengbin
http://www.zhihu.com/people/fwwdn
http://www.zhihu.com/people/cbsheng
http://www.zhihu.com/people/wang-xiao-lang-24
http://www.zhihu.com/people/rurong
http://www.zhihu.com/people/liu-tao-76
http://www.zhihu.com/people/homepage
http://www.zhihu.com/people/kimmking
http://www.zhihu.com/people/zhuqe
http://www.zhihu.com/people/dongweiming
http://www.zhihu.com/people/xiulin
http://www.zhihu.com/people/djean
http://www.zhihu.com/people/xhacker
http://www.zhihu.com/people/wu-chao-65
http://www.zhihu.com/people/chunqing
http://www.zhihu.com/people/singjimu
http://www.zhihu.com/people/zhasm
http://www.zhihu.com/people/M02E
http://www.zhihu.com/people/fang-ting-10
http://www.zhihu.com/people/HeyJo
http://www.zhihu.com/people/tannyhjl
http://www.zhihu.com/people/Silent_Rosie
http://www.zhihu.com/people/A_Fish
http://www.zhihu.com/people/tigerinme
http://www.zhihu.com/people/yanjj
http://www.zhihu.com/people/plzdonoevil
http://www.zhihu.com/people/wang-george-82
http://www.zhihu.com/people/zhou-zheng-han
http://www.zhihu.com/people/jiao-en-wei
http://www.zhihu.com/people/oldsharp
http://www.zhihu.com/people/wang-xing-you
http://www.zhihu.com/people/wang-yun-xiang-67
http://www.zhihu.com/people/cyeam
http://www.zhihu.com/people/liu-hai-bo-99-41
http://www.zhihu.com/people/zhang-yao-12-30
http://www.zhihu.com/people/he-xin-6-69
http://www.zhihu.com/people/tao-green
http://www.zhihu.com/people/yan-yu-kun-11
http://www.zhihu.com/people/li-dian-dian-12
http://www.zhihu.com/people/ling-xia-31
http://www.zhihu.com/people/he-lin-80
http://www.zhihu.com/people/qiu-ba-qi
http://www.zhihu.com/people/fkysly
http://www.zhihu.com/people/yanglitsing
http://www.zhihu.com/people/zhou-shu-wen-13
http://www.zhihu.com/people/Voyager2718
http://www.zhihu.com/people/mao-ding-92
http://www.zhihu.com/people/lu-xiang-89
http://www.zhihu.com/people/angel0610
http://www.zhihu.com/people/chen-biao-long
http://www.zhihu.com/people/rancho-42
http://www.zhihu.com/people/chen-wen-hong-33
http://www.zhihu.com/people/evenstar
http://www.zhihu.com/people/whoever
http://www.zhihu.com/people/clauz
http://www.zhihu.com/people/ireul.guo
http://www.zhihu.com/people/li-lang
http://www.zhihu.com/people/cydu
http://www.zhihu.com/people/juncus
http://www.zhihu.com/people/alexcu
http://www.zhihu.com/people/butcherv
http://www.zhihu.com/people/fang-liang
http://www.zhihu.com/people/li-xiao-yi-64
http://www.zhihu.com/people/guo-bao-zhu
http://www.zhihu.com/people/wei-xue-cao
http://www.zhihu.com/people/sunyuhang
http://www.zhihu.com/people/Fraecak_l
http://www.zhihu.com/people/xiao-ji-chao
http://www.zhihu.com/people/tao-wen-bin-15
http://www.zhihu.com/people/jin-ke-65
http://www.zhihu.com/people/zhangdashe
http://www.zhihu.com/people/jing-yuan
http://www.zhihu.com/people/ebuluo
http://www.zhihu.com/people/rinc
http://www.zhihu.com/people/chen-bo-39
http://www.zhihu.com/people/chen-tao-68-95
http://www.zhihu.com/people/web-3
http://www.zhihu.com/people/wu-lei-75
http://www.zhihu.com/people/li-cheng-gan
http://www.zhihu.com/people/wihoho
http://www.zhihu.com/people/you-ren-yuan
http://www.zhihu.com/people/intuitive
http://www.zhihu.com/people/enzu
http://www.zhihu.com/people/zhao-ze-38
http://www.zhihu.com/people/da-lan-pang
http://www.zhihu.com/people/wang-dong-jie
http://www.zhihu.com/people/tonyq0802
http://www.zhihu.com/people/xie-han-50-56
http://www.zhihu.com/people/leenkwun
http://www.zhihu.com/people/zou-si-lang
http://www.zhihu.com/people/chen-xin-55-90
http://www.zhihu.com/people/lijianjian
http://www.zhihu.com/people/mrkoo-40
http://www.zhihu.com/people/9tail
http://www.zhihu.com/people/wtr1213
http://www.zhihu.com/people/dakongLee
http://www.zhihu.com/people/deng-xin-xian
http://www.zhihu.com/people/yangxq
http://www.zhihu.com/people/freya-15
http://www.zhihu.com/people/wu-yi-xin
http://www.zhihu.com/people/zhan-peng-30
http://www.zhihu.com/people/dreamevil
http://www.zhihu.com/people/xiang-chang-yu
http://www.zhihu.com/people/spuch
http://www.zhihu.com/people/yun-jie-89
http://www.zhihu.com/people/vwow
http://www.zhihu.com/people/JunChou94
http://www.zhihu.com/people/c4rp3nt3r
http://www.zhihu.com/people/xu-qian-78
http://www.zhihu.com/people/shuxin1988
http://www.zhihu.com/people/an-dong-65
http://www.zhihu.com/people/luoxr
http://www.zhihu.com/people/leunggamciu
http://www.zhihu.com/people/wan-cheng-wen-jie
http://www.zhihu.com/people/guo-xun-16
http://www.zhihu.com/people/hansun-lam
http://www.zhihu.com/people/NextMe
http://www.zhihu.com/people/xiong-hai-xiao
http://www.zhihu.com/people/zhuang-xiao-meng
http://www.zhihu.com/people/congzhao
http://www.zhihu.com/people/wibile
http://www.zhihu.com/people/yue-yi-he
http://www.zhihu.com/people/conquer-you
http://www.zhihu.com/people/luckyfish
http://www.zhihu.com/people/mark-pax-37
http://www.zhihu.com/people/pancakesay
http://www.zhihu.com/people/zhou-jia-sheng
http://www.zhihu.com/people/guoduan
http://www.zhihu.com/people/rubick
http://www.zhihu.com/people/jiang-yi-xing-25
http://www.zhihu.com/people/he-zhong-yu-87
http://www.zhihu.com/people/echo-40-22
http://www.zhihu.com/people/xuan-eason
http://www.zhihu.com/people/InitialC
http://www.zhihu.com/people/drifter-16
http://www.zhihu.com/people/------
http://www.zhihu.com/people/ingqi
http://www.zhihu.com/people/dou-ru-xin
http://www.zhihu.com/people/jackzhang2014
http://www.zhihu.com/people/wen-liang-zuo
http://www.zhihu.com/people/xue-wa-qia
http://www.zhihu.com/people/hanjiang
http://www.zhihu.com/people/zi-meng-xiao-hu-li
http://www.zhihu.com/people/leemoispace
http://www.zhihu.com/people/zhong-jiu-80
http://www.zhihu.com/people/zhao-ya-xiong-87
http://www.zhihu.com/people/morphinum
http://www.zhihu.com/people/shijn
http://www.zhihu.com/people/zhang-ju-zheng-54
http://www.zhihu.com/people/chen-bo-li
http://www.zhihu.com/people/zhuan-sun-xiao-tong
http://www.zhihu.com/people/zhong-cun-bruce
http://www.zhihu.com/people/heaven_000
http://www.zhihu.com/people/tony-jang
http://www.zhihu.com/people/ifreedom
http://www.zhihu.com/people/mu-zi-jun-79
http://www.zhihu.com/people/egoddly
http://www.zhihu.com/people/gu-yue-10-2
http://www.zhihu.com/people/wade-12
http://www.zhihu.com/people/ji-ran-ran-31
http://www.zhihu.com/people/zhang-san-15-93
http://www.zhihu.com/people/liu-si-jiang
http://www.zhihu.com/people/zhao-lin-fei
http://www.zhihu.com/people/zai-l
http://www.zhihu.com/people/xing-yi-xun
http://www.zhihu.com/people/gui-sheng-74
http://www.zhihu.com/people/richarddru
http://www.zhihu.com/people/lai-xuan-23
http://www.zhihu.com/people/S.M.L
http://www.zhihu.com/people/zyterence
http://www.zhihu.com/people/vin-wong
http://www.zhihu.com/people/fieldsone
http://www.zhihu.com/people/feixiang
http://www.zhihu.com/people/guo-chao-15-39
http://www.zhihu.com/people/kitty-hello-2
http://www.zhihu.com/people/wang-li-nuo-15
http://www.zhihu.com/people/xanahopper
http://www.zhihu.com/people/wsivoky
http://www.zhihu.com/people/zhang-tian-cheng-55
http://www.zhihu.com/people/liu-meko
http://www.zhihu.com/people/wang-dan-ni-51
http://www.zhihu.com/people/xiao-ming-31
http://www.zhihu.com/people/zhai-tao
http://www.zhihu.com/people/sun-chen-56
http://www.zhihu.com/people/he-yuan-sheng
http://www.zhihu.com/people/index.htm
http://www.zhihu.com/people/jueshihaojian
http://www.zhihu.com/people/fan123199
http://www.zhihu.com/people/liujj
http://www.zhihu.com/people/lu-shuang-1993
http://www.zhihu.com/people/locnlee
http://www.zhihu.com/people/imdzhihu
http://www.zhihu.com/people/yang-qi-bin
http://www.zhihu.com/people/cheng-guo-67
http://www.zhihu.com/people/xia-fei-35
http://www.zhihu.com/people/-hex-
http://www.zhihu.com/people/tian-han-ze
http://www.zhihu.com/people/kevin2013
http://www.zhihu.com/people/zhang-lin-zhou
http://www.zhihu.com/people/mu-peng-36
http://www.zhihu.com/people/thkroc
http://www.zhihu.com/people/marklee-26
http://www.zhihu.com/people/chen-jia-wei-97-53
http://www.zhihu.com/people/liu-zhi-yu-38
http://www.zhihu.com/people/wang-xiao-feng-73-62
http://www.zhihu.com/people/zhu-ze-yuan
http://www.zhihu.com/people/luaer
http://www.zhihu.com/people/zhujiyu
http://www.zhihu.com/people/airspuer
http://www.zhihu.com/people/strike-18
http://www.zhihu.com/people/chengzhoukun
http://www.zhihu.com/people/qing-yu-99
http://www.zhihu.com/people/xu-xian-xin-41
http://www.zhihu.com/people/gklifg
http://www.zhihu.com/people/wang-kai-jian
http://www.zhihu.com/people/xu-xin-hao-5
http://www.zhihu.com/people/lanisle
http://www.zhihu.com/people/zhang-qiang-1-85
http://www.zhihu.com/people/kevin29
http://www.zhihu.com/people/austinchou
http://www.zhihu.com/people/freemarker
http://www.zhihu.com/people/shinyzhu
http://www.zhihu.com/people/ai-kai-fa
http://www.zhihu.com/people/chen-huan-xin
http://www.zhihu.com/people/wang-tao-74-74
http://www.zhihu.com/people/sunnyfei
http://www.zhihu.com/people/duwulun
http://www.zhihu.com/people/yinghaofei
http://www.zhihu.com/people/wang-xin-ge-98
http://www.zhihu.com/people/xie-kai-90
http://www.zhihu.com/people/wang-zhi-guo-18
http://www.zhihu.com/people/justin-ma
http://www.zhihu.com/people/cart
http://www.zhihu.com/people/dawson
http://www.zhihu.com/people/li-yifan-27
http://www.zhihu.com/people/zhaoxiaolinn
http://www.zhihu.com/people/doors
http://www.zhihu.com/people/yao-ze-yuan
http://www.zhihu.com/people/cookieu
http://www.zhihu.com/people/chinaxing
http://www.zhihu.com/people/ju-wu
http://www.zhihu.com/people/yan-lun-67
http://www.zhihu.com/people/tanruoqiao
http://www.zhihu.com/people/chen-shen-shen-69
http://www.zhihu.com/people/wang-gong-2
http://www.zhihu.com/people/guo-zi-jun-14
http://www.zhihu.com/people/guo-shan-zheng
http://www.zhihu.com/people/bingoboy
http://www.zhihu.com/people/sagerastar
http://www.zhihu.com/people/nsxser
http://www.zhihu.com/people/shawnwu007
http://www.zhihu.com/people/lu-chao-67
http://www.zhihu.com/people/davidchang
http://www.zhihu.com/people/everso
http://www.zhihu.com/people/eleanor1
http://www.zhihu.com/people/david-chen-rocks
http://www.zhihu.com/people/meng-lin-95
http://www.zhihu.com/people/zhangshijian
http://www.zhihu.com/people/JiangTianZheng
http://www.zhihu.com/people/luoji
http://www.zhihu.com/people/fuwocheng
http://www.zhihu.com/people/da-wei-zi
http://www.zhihu.com/people/tonydeng
http://www.zhihu.com/people/zhqjuice
http://www.zhihu.com/people/guan-bin-rui
http://www.zhihu.com/people/yang-chi-73
http://www.zhihu.com/people/chen-hao-15-1
http://www.zhihu.com/people/jiangyiming
http://www.zhihu.com/people/loadin
http://www.zhihu.com/people/wang-xuan-68
http://www.zhihu.com/people/deepocean
http://www.zhihu.com/people/detwin
http://www.zhihu.com/people/li-shou-yin-89
http://www.zhihu.com/people/dai-wei-99
http://www.zhihu.com/people/hysic
http://www.zhihu.com/people/guxizhao
http://www.zhihu.com/people/proNdev
http://www.zhihu.com/people/GilgameshK
http://www.zhihu.com/people/wen-chong-76
http://www.zhihu.com/people/kevin-21-5
http://www.zhihu.com/people/freedom_sui
http://www.zhihu.com/people/cai-xiao-gao
http://www.zhihu.com/people/lishi
http://www.zhihu.com/people/sunprin
http://www.zhihu.com/people/ayanlei
http://www.zhihu.com/people/mi-hu-yi
http://www.zhihu.com/people/zhujiyang
http://www.zhihu.com/people/innernight
http://www.zhihu.com/people/huobazi
http://www.zhihu.com/people/programtic
http://www.zhihu.com/people/guo-shao
http://www.zhihu.com/people/fengzee-me
http://www.zhihu.com/people/changeself
http://www.zhihu.com/people/chaolei-wang
http://www.zhihu.com/people/li-tu-77
http://www.zhihu.com/people/patrickluo
http://www.zhihu.com/people/kevin-liu-15
http://www.zhihu.com/people/wiswood
http://www.zhihu.com/people/yuxiangheping
http://www.zhihu.com/people/liang-hai-xiang
http://www.zhihu.com/people/wang-zi-86-86
http://www.zhihu.com/people/yaodaosuiya
http://www.zhihu.com/people/shevchenko-57
http://www.zhihu.com/people/lein87
http://www.zhihu.com/people/cheng-hai-bo
http://www.zhihu.com/people/coderchen
http://www.zhihu.com/people/javascript
http://www.zhihu.com/people/dropin
http://www.zhihu.com/people/xin-nian
http://www.zhihu.com/people/liu-zhi-kai-21
http://www.zhihu.com/people/yetone
http://www.zhihu.com/people/huzhengquan
http://www.zhihu.com/people/ClutchBear
http://www.zhihu.com/people/lexi-q
http://www.zhihu.com/people/zhang-bo-58
http://www.zhihu.com/people/wu-xin-45-25
http://www.zhihu.com/people/ou-yang-kang-87
http://www.zhihu.com/people/zelin
http://www.zhihu.com/people/bluebird-27
http://www.zhihu.com/people/yu-cheng-92
http://www.zhihu.com/people/lizhen56
http://www.zhihu.com/people/tangxiaoxiong
http://www.zhihu.com/people/haohaoxuexi
http://www.zhihu.com/people/zhengwuzhou
http://www.zhihu.com/people/gnap
http://www.zhihu.com/people/zhang-lin-long
http://www.zhihu.com/people/tooyoung
http://www.zhihu.com/people/ou-jing-ge
http://www.zhihu.com/people/chinalinbin
http://www.zhihu.com/people/huma
http://www.zhihu.com/people/kuangzhou
http://www.zhihu.com/people/chenran
http://www.zhihu.com/people/namiheike
http://www.zhihu.com/people/wolf0403
http://www.zhihu.com/people/han-xiao-guang
http://www.zhihu.com/people/liang-zhao-feng
http://www.zhihu.com/people/yps-93
http://www.zhihu.com/people/jerry-hu
http://www.zhihu.com/people/andyliu
http://www.zhihu.com/people/ginqi7
