http://www.zhihu.com/people/cao-jing-hao-84
http://www.zhihu.com/people/freeyiyi1993
http://www.zhihu.com/people/lieu
http://www.zhihu.com/people/zhang-zhi-feng-45
http://www.zhihu.com/people/mo-zhu-51
http://www.zhihu.com/people/zhang-bei-li-er
http://www.zhihu.com/people/popwho
http://www.zhihu.com/people/cocoalee
http://www.zhihu.com/people/yuanyuan-lee
http://www.zhihu.com/people/kequan
http://www.zhihu.com/people/langslike
http://www.zhihu.com/people/IsolationEggplant
http://www.zhihu.com/people/zao-zi
http://www.zhihu.com/people/ren-zong-qing
http://www.zhihu.com/people/JAYchou
http://www.zhihu.com/people/jiahua
http://www.zhihu.com/people/zhan-ying
http://www.zhihu.com/people/lei-zhang-50
http://www.zhihu.com/people/xia-mo-46
http://www.zhihu.com/people/du-jing-62
http://www.zhihu.com/people/j_nan
http://www.zhihu.com/people/youngseveen
http://www.zhihu.com/people/summer-zhou-36
http://www.zhihu.com/people/lu-ming-yin-7
http://www.zhihu.com/people/Garyching
http://www.zhihu.com/people/joeyzhouqian
http://www.zhihu.com/people/kangzhiwei
http://www.zhihu.com/people/jun-yi-14
http://www.zhihu.com/people/wang-ming-xin-42-57
http://www.zhihu.com/people/bu-bu-lei
http://www.zhihu.com/people/yang-wu-shuang
http://www.zhihu.com/people/xiaoxie-lin
http://www.zhihu.com/people/stanley-49
http://www.zhihu.com/people/tian-lin-95
http://www.zhihu.com/people/gao-gao-72
http://www.zhihu.com/people/richard.g
http://www.zhihu.com/people/xiao-chu
http://www.zhihu.com/people/zhu-yixin-42
http://www.zhihu.com/people/kennykung
http://www.zhihu.com/people/hao-zhe-36
http://www.zhihu.com/people/sun-mu-mu-9
http://www.zhihu.com/people/sue-1
http://www.zhihu.com/people/alex-huang-9
http://www.zhihu.com/people/jaqea-shey
http://www.zhihu.com/people/zhang-yi-fan-48
http://www.zhihu.com/people/luo-yun-58
http://www.zhihu.com/people/yutingnanxun
http://www.zhihu.com/people/zhang-ming-18-93
http://www.zhihu.com/people/lijincheng
http://www.zhihu.com/people/xiaxiangqi
http://www.zhihu.com/people/may-baileys
http://www.zhihu.com/people/zhang-shi-liang-22
http://www.zhihu.com/people/zhu-feng-93
http://www.zhihu.com/people/jasmine-lee
http://www.zhihu.com/people/cloudong
http://www.zhihu.com/people/pang-ao
http://www.zhihu.com/people/michelle-zhang-75
http://www.zhihu.com/people/qiu-ya
http://www.zhihu.com/people/hong-yiqing-quan
http://www.zhihu.com/people/rannieren
http://www.zhihu.com/people/cheng-wei-jie-66
http://www.zhihu.com/people/chen-shao-peng-14
http://www.zhihu.com/people/ma-zhu-65-91
http://www.zhihu.com/people/zengmin
http://www.zhihu.com/people/lu-ke-wang-xian-sheng
http://www.zhihu.com/people/lun-yi-84
http://www.zhihu.com/people/xingtao-shen
http://www.zhihu.com/people/jiang-nan-16-78
http://www.zhihu.com/people/hang-er
http://www.zhihu.com/people/cui-nao-nao
http://www.zhihu.com/people/laopopo
http://www.zhihu.com/people/cheng-wang-50
http://www.zhihu.com/people/qinxiaoru
http://www.zhihu.com/people/monica-ren
http://www.zhihu.com/people/yuan-jun-86
http://www.zhihu.com/people/jin-zhen-zhen
http://www.zhihu.com/people/sun-lin-9
http://www.zhihu.com/people/loadin
http://www.zhihu.com/people/huang-wen-long-62
http://www.zhihu.com/people/yang-yang-69-37
http://www.zhihu.com/people/padawan
http://www.zhihu.com/people/xi-na-yu
http://www.zhihu.com/people/xiao-lun-zi
http://www.zhihu.com/people/qinyiyu
http://www.zhihu.com/people/yang-mie-mie-78
http://www.zhihu.com/people/diu-diu-49
http://www.zhihu.com/people/wang-sen-shine
http://www.zhihu.com/people/wanted-53
http://www.zhihu.com/people/cody-16
http://www.zhihu.com/people/huang-shu-yi-10
http://www.zhihu.com/people/caobaiyun
http://www.zhihu.com/people/wudeqi
http://www.zhihu.com/people/eow-m
http://www.zhihu.com/people/yu-xi-yu-xi
http://www.zhihu.com/people/cocolee
http://www.zhihu.com/people/deutsch-99
http://www.zhihu.com/people/eliza-wang
http://www.zhihu.com/people/ruan-jian-xiang
http://www.zhihu.com/people/lazing
http://www.zhihu.com/people/zhou-wei-45-34
http://www.zhihu.com/people/wei-wei-an-57
http://www.zhihu.com/people/lu-gui-chen-26
http://www.zhihu.com/people/zhou-zhao-93
http://www.zhihu.com/people/yang-jiang-33
http://www.zhihu.com/people/drwong
http://www.zhihu.com/people/zhang-sen-37
http://www.zhihu.com/people/lilgrey
http://www.zhihu.com/people/jy-han
http://www.zhihu.com/people/morea
http://www.zhihu.com/people/khalil-chen
http://www.zhihu.com/people/Tyraan
http://www.zhihu.com/people/oweninboston
http://www.zhihu.com/people/xiang-mie-mie
http://www.zhihu.com/people/he-mu-78
http://www.zhihu.com/people/cao-yin-56
http://www.zhihu.com/people/danblue
http://www.zhihu.com/people/li-elitsai
http://www.zhihu.com/people/Ning-wu-tong
http://www.zhihu.com/people/zi-nan-15
http://www.zhihu.com/people/cuizhanya
http://www.zhihu.com/people/zhang-ming-yuan-82
http://www.zhihu.com/people/jerrytalk
http://www.zhihu.com/people/xie-kai-wen-themisgu
http://www.zhihu.com/people/li-da-shu-12
http://www.zhihu.com/people/peng-xu-34
http://www.zhihu.com/people/li-lin-luo
http://www.zhihu.com/people/jiu-dian-tui-fang-9am
http://www.zhihu.com/people/raymond-wang
http://www.zhihu.com/people/wang-xiao-yang-39
http://www.zhihu.com/people/xiong-mao-49-5
http://www.zhihu.com/people/virgoss
http://www.zhihu.com/people/jiao-jiao-tong-xue
http://www.zhihu.com/people/hua-hua-15-6
http://www.zhihu.com/people/xie-xie-nong-73
http://www.zhihu.com/people/missginger
http://www.zhihu.com/people/mu-ta
http://www.zhihu.com/people/li-xiao-ge-1993
http://www.zhihu.com/people/Libertasss
http://www.zhihu.com/people/Bryanzhao
http://www.zhihu.com/people/hugh-lee-31
http://www.zhihu.com/people/kevin-zhang-84
http://www.zhihu.com/people/bao-gu-di-zhu
http://www.zhihu.com/people/NIQI
http://www.zhihu.com/people/xia-wu-23
http://www.zhihu.com/people/ma-shen-83
http://www.zhihu.com/people/zhang-yi-chi-78-24
http://www.zhihu.com/people/cecilia-lu-94-75
http://www.zhihu.com/people/yao-yu-54
http://www.zhihu.com/people/pao-hui-pm
http://www.zhihu.com/people/zheng-hai-yang-22
http://www.zhihu.com/people/Mr_mac
http://www.zhihu.com/people/bai-xiao-jing
http://www.zhihu.com/people/delnk
http://www.zhihu.com/people/lei-yu-53-95
http://www.zhihu.com/people/lizhihong
http://www.zhihu.com/people/zhang-jun-49-76
http://www.zhihu.com/people/zhu-nuo-ya
http://www.zhihu.com/people/cai-si-luo
http://www.zhihu.com/people/rosecoral
http://www.zhihu.com/people/wei-ci-62
http://www.zhihu.com/people/su-yuan-12
http://www.zhihu.com/people/liyue100684
http://www.zhihu.com/people/bella-liu-69
http://www.zhihu.com/people/tu-tu-99-7
http://www.zhihu.com/people/merlynz
http://www.zhihu.com/people/zhang-sheng-jie-77
http://www.zhihu.com/people/huang-guo-qing-60
http://www.zhihu.com/people/chen-ying-48
http://www.zhihu.com/people/liu-dong-yi
http://www.zhihu.com/people/niorl.hu
http://www.zhihu.com/people/ming210
http://www.zhihu.com/people/artemis-50
http://www.zhihu.com/people/cici-55
http://www.zhihu.com/people/wang-yi-28-83
http://www.zhihu.com/people/han-yan-55
http://www.zhihu.com/people/zhang-sheng-jie-25
http://www.zhihu.com/people/wang-long-7-71
http://www.zhihu.com/people/miao-qiang
http://www.zhihu.com/people/yu-zheng-77
http://www.zhihu.com/people/huang-yang-97-15
http://www.zhihu.com/people/knightshady
http://www.zhihu.com/people/mandymandy-wang
http://www.zhihu.com/people/ren-yi-ming
http://www.zhihu.com/people/xiong-fei
http://www.zhihu.com/people/andrea6699
http://www.zhihu.com/people/tracylwp
http://www.zhihu.com/people/xie-wei-you
http://www.zhihu.com/people/lin-yan-chao
http://www.zhihu.com/people/kongxiangyuan
http://www.zhihu.com/people/baijason
http://www.zhihu.com/people/bai-ge-63
http://www.zhihu.com/people/originalx
http://www.zhihu.com/people/ceng-zhao-hao
http://www.zhihu.com/people/Dominic_
http://www.zhihu.com/people/xuzewei
http://www.zhihu.com/people/jixin
http://www.zhihu.com/people/wang-wei-peng-62
http://www.zhihu.com/people/lareina630
http://www.zhihu.com/people/hsiaofan
http://www.zhihu.com/people/iyucci
http://www.zhihu.com/people/yabaobao-ma
http://www.zhihu.com/people/arthur-wu-12
http://www.zhihu.com/people/yu-shu-wen-91
http://www.zhihu.com/people/jianwei-wang-6
http://www.zhihu.com/people/yyceuhan
http://www.zhihu.com/people/rachel-xu-cn
http://www.zhihu.com/people/ma-pony-27
http://www.zhihu.com/people/xinbo-bian
http://www.zhihu.com/people/ligangdang
http://www.zhihu.com/people/li-min-42-69
http://www.zhihu.com/people/xiao-te-82
http://www.zhihu.com/people/zzz-matt
http://www.zhihu.com/people/weilanzhuyi
http://www.zhihu.com/people/lu-xi-fei-er-82
http://www.zhihu.com/people/tianyi-xu
http://www.zhihu.com/people/kimomo
http://www.zhihu.com/people/ti-jie-jie
http://www.zhihu.com/people/shi-xian-sheng-14
http://www.zhihu.com/people/xianjing-yang
http://www.zhihu.com/people/feng-chen-98
http://www.zhihu.com/people/ya-liang
http://www.zhihu.com/people/zhou-xiang-nan-42
http://www.zhihu.com/people/pang-di-bao
http://www.zhihu.com/people/sherry-wang-10
http://www.zhihu.com/people/wang-hu-27
http://www.zhihu.com/people/dan-chun
http://www.zhihu.com/people/allen-yu-4
http://www.zhihu.com/people/wang-jie-2-15
http://www.zhihu.com/people/wen-zong-cheng
http://www.zhihu.com/people/lin-lin-lin-1
http://www.zhihu.com/people/tomzhang-61
http://www.zhihu.com/people/volcano.yao
http://www.zhihu.com/people/ren-jia-wei
http://www.zhihu.com/people/ni-er-shao-ye-wo
http://www.zhihu.com/people/yi_yang
http://www.zhihu.com/people/xu-la-la-16
http://www.zhihu.com/people/chen-mo-37-25
http://www.zhihu.com/people/charlotte-78
http://www.zhihu.com/people/chen-chun-hua-43
http://www.zhihu.com/people/reconder
http://www.zhihu.com/people/zhang-yu-21-46
http://www.zhihu.com/people/li-cai-wei
http://www.zhihu.com/people/song-wen-nuan-11
http://www.zhihu.com/people/ma-zai-yun
http://www.zhihu.com/people/hipara
http://www.zhihu.com/people/tonnychow
http://www.zhihu.com/people/li-xiang-20-92
http://www.zhihu.com/people/pan-duo-la-78
http://www.zhihu.com/people/qing-lan-98
http://www.zhihu.com/people/zblshine1989
http://www.zhihu.com/people/qi-si-36
http://www.zhihu.com/people/su-rui-85
http://www.zhihu.com/people/xia-huan-11
http://www.zhihu.com/people/StudentofRiemann
http://www.zhihu.com/people/Ricahrd.Light
http://www.zhihu.com/people/angel0610
http://www.zhihu.com/people/alpha-yin
http://www.zhihu.com/people/ruan-wen-jun
http://www.zhihu.com/people/oznyang
http://www.zhihu.com/people/yan-xi-28-96
http://www.zhihu.com/people/BillyHe
http://www.zhihu.com/people/yang-feng-kai-61
http://www.zhihu.com/people/xulx
http://www.zhihu.com/people/drdouya
http://www.zhihu.com/people/justine-zou
http://www.zhihu.com/people/lee-patrick-61
http://www.zhihu.com/people/wu-zhi-xiang-98
http://www.zhihu.com/people/lan-san-shi-yi
http://www.zhihu.com/people/xingchueng
http://www.zhihu.com/people/tanfengyi
http://www.zhihu.com/people/zhang-liang-98-91
http://www.zhihu.com/people/zhang-yu-qi-13
http://www.zhihu.com/people/ilook
