http://www.zhihu.com/people/zhi-zun-bao-4
http://www.zhihu.com/people/huang-xue-qun
http://www.zhihu.com/people/jun-zi
http://www.zhihu.com/people/ding-tao-30
http://www.zhihu.com/people/cai-jian-zheng-77
http://www.zhihu.com/people/ouyangli
http://www.zhihu.com/people/liu-jin-long-44
http://www.zhihu.com/people/li-zhi-yu-74
http://www.zhihu.com/people/jun-hu-97
http://www.zhihu.com/people/li-fan-fan-1
http://www.zhihu.com/people/li-tuo-heng
http://www.zhihu.com/people/jamesky907
http://www.zhihu.com/people/yang-ding-101
http://www.zhihu.com/people/wooden
http://www.zhihu.com/people/bucktoothsir
http://www.zhihu.com/people/yang-xi-73
http://www.zhihu.com/people/deng-liang-hua-lq
http://www.zhihu.com/people/feng-hao-84
http://www.zhihu.com/people/xu-sherry-1
http://www.zhihu.com/people/ju-zi-jing
http://www.zhihu.com/people/HadisYe
http://www.zhihu.com/people/song-jia-yu-77
http://www.zhihu.com/people/he-chuan-chuan-43
http://www.zhihu.com/people/liu-yier-91
http://www.zhihu.com/people/Justyl
http://www.zhihu.com/people/clare-zhu
http://www.zhihu.com/people/l-hellen
http://www.zhihu.com/people/kan-hua-ren
http://www.zhihu.com/people/li-shi-tou-48
http://www.zhihu.com/people/xiong-ba-ya
http://www.zhihu.com/people/brian-bravo
http://www.zhihu.com/people/zhao-hai-di
http://www.zhihu.com/people/annodomini
http://www.zhihu.com/people/liu-yan-yu-80
http://www.zhihu.com/people/wu-kong-15
http://www.zhihu.com/people/xiao-da-gang
http://www.zhihu.com/people/moz-hyper
http://www.zhihu.com/people/zhu-shi-30
http://www.zhihu.com/people/frank-17
http://www.zhihu.com/people/liu-hui-95-58
http://www.zhihu.com/people/mu-da-74
http://www.zhihu.com/people/tian-jing-10
http://www.zhihu.com/people/dai-lang
http://www.zhihu.com/people/ba-tong-15
http://www.zhihu.com/people/stein-11
http://www.zhihu.com/people/roxannepan
http://www.zhihu.com/people/han-xu-14-42
http://www.zhihu.com/people/wang-ba-a-gan
http://www.zhihu.com/people/liu-ping-92
http://www.zhihu.com/people/garfieldking
http://www.zhihu.com/people/linklinman
http://www.zhihu.com/people/ding-ze-yu-97
http://www.zhihu.com/people/su-de-7
http://www.zhihu.com/people/wang-deng-hui
http://www.zhihu.com/people/williamho
http://www.zhihu.com/people/terryxu
http://www.zhihu.com/people/zhou-gang-64
http://www.zhihu.com/people/pewu
http://www.zhihu.com/people/qianhouzuoyou
http://www.zhihu.com/people/MichaelW
http://www.zhihu.com/people/emily-37-4
http://www.zhihu.com/people/zhu-yong-qian
http://www.zhihu.com/people/rui-feng-lan-yi
http://www.zhihu.com/people/shi-er-22-54
http://www.zhihu.com/people/shi-jia-jun-63
http://www.zhihu.com/people/wang-vivi-4
http://www.zhihu.com/people/songhy
http://www.zhihu.com/people/neil-35-70
http://www.zhihu.com/people/pengqi
http://www.zhihu.com/people/ge-ni-9
http://www.zhihu.com/people/fan-ye-86
http://www.zhihu.com/people/kkkkkira
http://www.zhihu.com/people/yaqu
http://www.zhihu.com/people/pan-jie-72
http://www.zhihu.com/people/zhen-yu-tong
http://www.zhihu.com/people/tvvocold
http://www.zhihu.com/people/wu-yue-qian-tang
http://www.zhihu.com/people/daisyly007
http://www.zhihu.com/people/ya-gong-zi
http://www.zhihu.com/people/han-liang-hanl
http://www.zhihu.com/people/wu-wu-48-86
http://www.zhihu.com/people/yao-mao-3
http://www.zhihu.com/people/myqqhero
http://www.zhihu.com/people/alex-huang-9
http://www.zhihu.com/people/shao-hao-nan
http://www.zhihu.com/people/khowarizmi
http://www.zhihu.com/people/sun-san-81
http://www.zhihu.com/people/lcsanssavoir
http://www.zhihu.com/people/liu-ze-18-75
http://www.zhihu.com/people/ding-ding-84-86
http://www.zhihu.com/people/la-la-ba-xi-lie
http://www.zhihu.com/people/pang-luan-luan
http://www.zhihu.com/people/dong-jia-bin
http://www.zhihu.com/people/wu-min-jie-32
http://www.zhihu.com/people/xiemuyang
http://www.zhihu.com/people/dong-ya-ya-55
http://www.zhihu.com/people/ismylifestyle
http://www.zhihu.com/people/anranx95
http://www.zhihu.com/people/fan-fan-40-41
http://www.zhihu.com/people/yu-zhe-32-34
http://www.zhihu.com/people/xu-shuo-fei
http://www.zhihu.com/people/yuan-you-tao-25
http://www.zhihu.com/people/wang-zhen-min
http://www.zhihu.com/people/wherenorth
http://www.zhihu.com/people/zhang-ling-kang
http://www.zhihu.com/people/han-ke-50
http://www.zhihu.com/people/lu-zi-75
http://www.zhihu.com/people/qian-jing-wei
http://www.zhihu.com/people/EdwardZXZ
http://www.zhihu.com/people/VonRohan
http://www.zhihu.com/people/axiacz
http://www.zhihu.com/people/huang-zhi-jie-885
http://www.zhihu.com/people/wang-dan-yang-18
http://www.zhihu.com/people/cheng-zhong-you
http://www.zhihu.com/people/mu-rong-qi-95
http://www.zhihu.com/people/khaki-29
http://www.zhihu.com/people/yang-ba-lang
http://www.zhihu.com/people/hang-hang-7
http://www.zhihu.com/people/ruppy
http://www.zhihu.com/people/dong-dong-94-47
http://www.zhihu.com/people/zhang17
http://www.zhihu.com/people/liu-xu-jun-24
http://www.zhihu.com/people/acetylcholine
http://www.zhihu.com/people/bingyucas
http://www.zhihu.com/people/alice-45-16
http://www.zhihu.com/people/Mohu
http://www.zhihu.com/people/liu-ting-ting-64
http://www.zhihu.com/people/pan-shi-yun
http://www.zhihu.com/people/ivywang
http://www.zhihu.com/people/max-hua
http://www.zhihu.com/people/allenzhangkai
http://www.zhihu.com/people/li-ruo-yu-46
http://www.zhihu.com/people/jack-hao
http://www.zhihu.com/people/fu-peng-22
http://www.zhihu.com/people/nuiger
http://www.zhihu.com/people/gao-qing-86
http://www.zhihu.com/people/liu-min-9-11
http://www.zhihu.com/people/jiang-xiang-ling
http://www.zhihu.com/people/HanedaNakayama
http://www.zhihu.com/people/majinyun0802
http://www.zhihu.com/people/nuo-nuo-82-97
http://www.zhihu.com/people/yan-ran-55
http://www.zhihu.com/people/li-jun-jun-67
http://www.zhihu.com/people/wei-wei-87-88
http://www.zhihu.com/people/zgjie
http://www.zhihu.com/people/cui-wang
http://www.zhihu.com/people/qiyanzhibai
http://www.zhihu.com/people/leiyuAndrea
http://www.zhihu.com/people/limaocn
http://www.zhihu.com/people/wang-chong-62-55
http://www.zhihu.com/people/yaochenhao
http://www.zhihu.com/people/hjlee
http://www.zhihu.com/people/xie-xiao-jie-4
http://www.zhihu.com/people/di-sheng-4
http://www.zhihu.com/people/xyzxyz
http://www.zhihu.com/people/geekv5
http://www.zhihu.com/people/jaljalguo
http://www.zhihu.com/people/cheng-xiao-dong-29
http://www.zhihu.com/people/xue-nan-rachel
http://www.zhihu.com/people/298097917
http://www.zhihu.com/people/bi-peng
http://www.zhihu.com/people/wen-da-ya-55
http://www.zhihu.com/people/bjchaodaye
http://www.zhihu.com/people/ri-ye-qian-chi
http://www.zhihu.com/people/bao-bao-59-66
http://www.zhihu.com/people/yi-lin515
http://www.zhihu.com/people/SailBoat
http://www.zhihu.com/people/imajin
http://www.zhihu.com/people/ercia
http://www.zhihu.com/people/jackyue0906
http://www.zhihu.com/people/qian-yu
http://www.zhihu.com/people/gui-zhuo
http://www.zhihu.com/people/jin-yiliang
http://www.zhihu.com/people/xxxxxxiaoming
http://www.zhihu.com/people/jia-yi-hong
http://www.zhihu.com/people/ishibo-ya-52
http://www.zhihu.com/people/lin-shu-xin
http://www.zhihu.com/people/li-xiang-51-62
http://www.zhihu.com/people/jovial
http://www.zhihu.com/people/mo-huang-65
http://www.zhihu.com/people/xie-xiao-wei-63
http://www.zhihu.com/people/dbdb
http://www.zhihu.com/people/yuan-xiao-mei
http://www.zhihu.com/people/ZhangYifei2012
http://www.zhihu.com/people/xie-zun-zun
http://www.zhihu.com/people/ceng-xiao-min
http://www.zhihu.com/people/tian-peng-23-46
http://www.zhihu.com/people/liu-chun-73
http://www.zhihu.com/people/zhu-bao-5
http://www.zhihu.com/people/ba-ge-35
http://www.zhihu.com/people/zhizhiweizhizhi
http://www.zhihu.com/people/jueying-37-34
http://www.zhihu.com/people/locnlee
http://www.zhihu.com/people/li-bo-yu-85
http://www.zhihu.com/people/finalray
http://www.zhihu.com/people/darasion
http://www.zhihu.com/people/cindy-cui-4
http://www.zhihu.com/people/Willam-SLY
http://www.zhihu.com/people/fusu
http://www.zhihu.com/people/kong-rong-26
http://www.zhihu.com/people/zhang-bo-67-32
http://www.zhihu.com/people/caizhaolun
http://www.zhihu.com/people/chen-xiao-lan-64
http://www.zhihu.com/people/fan-wen-wen-61
http://www.zhihu.com/people/wosunsun
http://www.zhihu.com/people/evenstar
http://www.zhihu.com/people/zou-jin-hua
http://www.zhihu.com/people/liu-ming-ming-92
http://www.zhihu.com/people/Dominic_
http://www.zhihu.com/people/zhu-yixin-42
http://www.zhihu.com/people/susus
http://www.zhihu.com/people/yue-yi-he
http://www.zhihu.com/people/happy10086
http://www.zhihu.com/people/michelleyan
http://www.zhihu.com/people/cao-zi-han-22
http://www.zhihu.com/people/xian-jing-phenix
http://www.zhihu.com/people/wei-yan-4
http://www.zhihu.com/people/yin-gao-jie
http://www.zhihu.com/people/megan-ma
http://www.zhihu.com/people/lina22222
http://www.zhihu.com/people/zhang-yi-fan-48
http://www.zhihu.com/people/cui-xiao-er
http://www.zhihu.com/people/chouthen
http://www.zhihu.com/people/wan-zi-12-41
http://www.zhihu.com/people/tong-an-yi
http://www.zhihu.com/people/wu-ya-dong-79
http://www.zhihu.com/people/tang-jian
http://www.zhihu.com/people/chen-da-gou-18
http://www.zhihu.com/people/suo-mu
http://www.zhihu.com/people/deng-ya-sheng
http://www.zhihu.com/people/xu-hong-yuan-53
http://www.zhihu.com/people/marc-21
http://www.zhihu.com/people/chen-jing-50-86
http://www.zhihu.com/people/xiang-dang-dang-47
http://www.zhihu.com/people/a-bian-36-99
http://www.zhihu.com/people/1750
http://www.zhihu.com/people/zhang-lai-xu
http://www.zhihu.com/people/yuan-xiao-zong
http://www.zhihu.com/people/mapwyj
http://www.zhihu.com/people/Rome
http://www.zhihu.com/people/zhang-qian-yi-91
http://www.zhihu.com/people/he-er-76
http://www.zhihu.com/people/yun-yi-12
http://www.zhihu.com/people/wang-wen-ping-27
http://www.zhihu.com/people/zhu-bo-tao
http://www.zhihu.com/people/shi-bing-lan
http://www.zhihu.com/people/li-ye-27-65
http://www.zhihu.com/people/quan-bao-er-6
http://www.zhihu.com/people/shi-xiao-yuan-3
http://www.zhihu.com/people/jiang-ge
http://www.zhihu.com/people/xiong-xiong-93
http://www.zhihu.com/people/sun-huai-yu
http://www.zhihu.com/people/tian-a-hu
http://www.zhihu.com/people/zheng-zha-22
http://www.zhihu.com/people/sumcard
http://www.zhihu.com/people/jysm
http://www.zhihu.com/people/ri-nian
http://www.zhihu.com/people/tiezhen
http://www.zhihu.com/people/zhao-zi-cheng-53
http://www.zhihu.com/people/wang-min-jiao
http://www.zhihu.com/people/DDou
http://www.zhihu.com/people/yao-yao-28-52
http://www.zhihu.com/people/_zhao_xu_
http://www.zhihu.com/people/kelso
http://www.zhihu.com/people/LindsayD
http://www.zhihu.com/people/pai-di-54
http://www.zhihu.com/people/shu-ming-zi
http://www.zhihu.com/people/Luo
http://www.zhihu.com/people/zhang-ying-zhou-91
http://www.zhihu.com/people/gu-gu-73
http://www.zhihu.com/people/chu-yi-chen-59
http://www.zhihu.com/people/zhang-yiliu
http://www.zhihu.com/people/wu-di-83
http://www.zhihu.com/people/danieldai123
http://www.zhihu.com/people/liuboting
http://www.zhihu.com/people/face-li
http://www.zhihu.com/people/walter-32
http://www.zhihu.com/people/song-min-16
http://www.zhihu.com/people/pan-richard
http://www.zhihu.com/people/zhong-ye-zi-49
http://www.zhihu.com/people/byewon
http://www.zhihu.com/people/smilenet
http://www.zhihu.com/people/wei-piao
http://www.zhihu.com/people/cainiao
http://www.zhihu.com/people/zhang-wei-82-63
http://www.zhihu.com/people/dentist_dayan
http://www.zhihu.com/people/tai-qing-28
http://www.zhihu.com/people/zheng-dong-94
http://www.zhihu.com/people/da-chang-gan-jun
http://www.zhihu.com/people/zhuo-zhi-ying
http://www.zhihu.com/people/fang-yong-bo
http://www.zhihu.com/people/song-da-dao-6
http://www.zhihu.com/people/lichtqi
http://www.zhihu.com/people/he-yang-27-87
http://www.zhihu.com/people/juice-wong
http://www.zhihu.com/people/mar-98
http://www.zhihu.com/people/an-he-nian
http://www.zhihu.com/people/zhoushengyue
http://www.zhihu.com/people/tong-qian
http://www.zhihu.com/people/pkpkppk3607
http://www.zhihu.com/people/shui-di-76
http://www.zhihu.com/people/S-He
http://www.zhihu.com/people/yu-hua-70
http://www.zhihu.com/people/du-ming-99
http://www.zhihu.com/people/ji-ming-chun
http://www.zhihu.com/people/zhang-dou-dou-6
http://www.zhihu.com/people/wang-chong-guan
http://www.zhihu.com/people/yin-li-feng
http://www.zhihu.com/people/xiao-jian-ren-71
http://www.zhihu.com/people/li-jun-58-42
http://www.zhihu.com/people/lovefcb
http://www.zhihu.com/people/clauz
http://www.zhihu.com/people/dirs
http://www.zhihu.com/people/bushwalker
http://www.zhihu.com/people/chuck-83
http://www.zhihu.com/people/zhu-xiao-wu-77
http://www.zhihu.com/people/zhang-jia-qiang-21-10
http://www.zhihu.com/people/cheng-fang-hang
http://www.zhihu.com/people/qian-wan-dan
http://www.zhihu.com/people/dakewang
http://www.zhihu.com/people/gu-ke-12
http://www.zhihu.com/people/hu-xx-10
http://www.zhihu.com/people/lin-ying-14
http://www.zhihu.com/people/mengying0960
http://www.zhihu.com/people/yuke-fighting
http://www.zhihu.com/people/smartist
http://www.zhihu.com/people/qu-wei-jiang
http://www.zhihu.com/people/wang-xiao-he-50
http://www.zhihu.com/people/he-xu-wen
http://www.zhihu.com/people/sayes
http://www.zhihu.com/people/veronica-yang
http://www.zhihu.com/people/li-qiang-24-97
http://www.zhihu.com/people/yu-wen-ci
http://www.zhihu.com/people/lanson
http://www.zhihu.com/people/baimo
http://www.zhihu.com/people/su-yao
http://www.zhihu.com/people/yilu-xiang-bei
http://www.zhihu.com/people/he-er-84
http://www.zhihu.com/people/kianhuang01
http://www.zhihu.com/people/a-bei-ban-leon
http://www.zhihu.com/people/frozenkey
http://www.zhihu.com/people/fiyang
http://www.zhihu.com/people/li-jin-peng-50
http://www.zhihu.com/people/li-yao-37
http://www.zhihu.com/people/xu-jing-21
http://www.zhihu.com/people/xu-da-hai-85
http://www.zhihu.com/people/sillyivy
http://www.zhihu.com/people/woodman
http://www.zhihu.com/people/jerry-cen
http://www.zhihu.com/people/ning-schue
http://www.zhihu.com/people/sharnodo
http://www.zhihu.com/people/techoxygen
http://www.zhihu.com/people/phible
http://www.zhihu.com/people/lin-di-4
http://www.zhihu.com/people/czs05
http://www.zhihu.com/people/yang-shuang-1
http://www.zhihu.com/people/cai-hou-yue
http://www.zhihu.com/people/alex-41-18
http://www.zhihu.com/people/jessie-chia-34
http://www.zhihu.com/people/chai-pi-ma
http://www.zhihu.com/people/zheng-ru-he
http://www.zhihu.com/people/qi-xiao-dui
http://www.zhihu.com/people/feng-xue-qing-lan
http://www.zhihu.com/people/jiong-cong
http://www.zhihu.com/people/kan-xin
http://www.zhihu.com/people/you-yong
http://www.zhihu.com/people/huang-zhang-xi
http://www.zhihu.com/people/frankd
http://www.zhihu.com/people/ri-ben-da-cong
http://www.zhihu.com/people/qingpei
http://www.zhihu.com/people/ruan-zhong-er
http://www.zhihu.com/people/li-chen-44-28
http://www.zhihu.com/people/chen-ruo-shui
http://www.zhihu.com/people/whitezhou
http://www.zhihu.com/people/bright0574
http://www.zhihu.com/people/Rising_Z
http://www.zhihu.com/people/guisheng-w
http://www.zhihu.com/people/huang-xing-chen-1
http://www.zhihu.com/people/tontonchuan-zhang
http://www.zhihu.com/people/zhi-hu-75-20
http://www.zhihu.com/people/newlifechou
http://www.zhihu.com/people/sellsoda
http://www.zhihu.com/people/wang-chu-cheng
http://www.zhihu.com/people/ssspark
http://www.zhihu.com/people/wang-xiao-tong-1
http://www.zhihu.com/people/gang-zi-70
http://www.zhihu.com/people/mu-yu-72
http://www.zhihu.com/people/zhi-xing-87
http://www.zhihu.com/people/benson-chen
http://www.zhihu.com/people/isla
http://www.zhihu.com/people/qiantty
http://www.zhihu.com/people/wang-yi-cheng-77-69
http://www.zhihu.com/people/AkonWu
http://www.zhihu.com/people/foxling
http://www.zhihu.com/people/daniel975
http://www.zhihu.com/people/cheng-cheng
http://www.zhihu.com/people/sphinx0128
http://www.zhihu.com/people/echo-55-6
http://www.zhihu.com/people/bi-you-72
http://www.zhihu.com/people/jia-hao-85
http://www.zhihu.com/people/yi-qiu-40
http://www.zhihu.com/people/zhang-bo-wen
http://www.zhihu.com/people/lydia-7
http://www.zhihu.com/people/liu-guang-hua-97
http://www.zhihu.com/people/wei-qing-min
http://www.zhihu.com/people/wjbf
http://www.zhihu.com/people/april-huang
http://www.zhihu.com/people/cheristorm
http://www.zhihu.com/people/fenng
http://www.zhihu.com/people/zhengziyang
http://www.zhihu.com/people/tongjinghao
http://www.zhihu.com/people/rio
http://www.zhihu.com/people/ceng-di-53
http://www.zhihu.com/people/miao-li-42
http://www.zhihu.com/people/mayday-88
http://www.zhihu.com/people/zhang-rui-01
http://www.zhihu.com/people/ai-ya-xiao-qiu
http://www.zhihu.com/people/frances-14
http://www.zhihu.com/people/mmyww
http://www.zhihu.com/people/JiangTianZheng
http://www.zhihu.com/people/fu-er
http://www.zhihu.com/people/chen-xiao-mei
http://www.zhihu.com/people/yongxinge
http://www.zhihu.com/people/xiao-yu-zhou
http://www.zhihu.com/people/zijunch
http://www.zhihu.com/people/epkings
http://www.zhihu.com/people/jia-pi-ren
http://www.zhihu.com/people/edie
http://www.zhihu.com/people/lihaoacm
http://www.zhihu.com/people/zhuyawen
http://www.zhihu.com/people/zengfanqin
http://www.zhihu.com/people/song-yuan-jia-77
http://www.zhihu.com/people/xueyan-98
http://www.zhihu.com/people/suodi
http://www.zhihu.com/people/bi-ya
http://www.zhihu.com/people/steveren
http://www.zhihu.com/people/liu-si-qi-58
http://www.zhihu.com/people/cui-bo-tong
http://www.zhihu.com/people/danielchen1995
http://www.zhihu.com/people/wu-wen-bo-26
http://www.zhihu.com/people/ding-guo-min
http://www.zhihu.com/people/kiyawong
http://www.zhihu.com/people/yuwufu
http://www.zhihu.com/people/liumin
http://www.zhihu.com/people/lu-dou-dou
http://www.zhihu.com/people/ai-jia-yuan
http://www.zhihu.com/people/p36288
http://www.zhihu.com/people/luobiying
http://www.zhihu.com/people/huanghuihui1991
http://www.zhihu.com/people/zhang-xue-76
http://www.zhihu.com/people/busch
http://www.zhihu.com/people/yshone
http://www.zhihu.com/people/liu-jingxing
http://www.zhihu.com/people/yuan-xiaoqi
http://www.zhihu.com/people/zhu-bei-ying
http://www.zhihu.com/people/zinph
http://www.zhihu.com/people/li-xin-92-29
http://www.zhihu.com/people/yang-cong-quan-man-tou
http://www.zhihu.com/people/wang-guo-dong-20
http://www.zhihu.com/people/ma-qing-ming
http://www.zhihu.com/people/xian-yin-60
http://www.zhihu.com/people/beique
http://www.zhihu.com/people/ban-xiao-zhuan
http://www.zhihu.com/people/lincoln
http://www.zhihu.com/people/liu-di-91
http://www.zhihu.com/people/gao-da-li
http://www.zhihu.com/people/artist_woods
http://www.zhihu.com/people/yao-wei-ji
http://www.zhihu.com/people/yanglu
http://www.zhihu.com/people/medicimedici
http://www.zhihu.com/people/gaoan
http://www.zhihu.com/people/yxue
http://www.zhihu.com/people/hui-zhu
http://www.zhihu.com/people/atscu
http://www.zhihu.com/people/luzern
http://www.zhihu.com/people/zombie
http://www.zhihu.com/people/zong-zhao-dun
http://www.zhihu.com/people/louisecheng
http://www.zhihu.com/people/derekzxh
http://www.zhihu.com/people/tota
http://www.zhihu.com/people/jixin
http://www.zhihu.com/people/liangwen
