http://www.zhihu.com/people/ding-tao-30
http://www.zhihu.com/people/liu-neng-neng-65
http://www.zhihu.com/people/lin-xiao-62-15
http://www.zhihu.com/people/minimalism
http://www.zhihu.com/people/ji-wei-70
http://www.zhihu.com/people/yang-han-63-26
http://www.zhihu.com/people/boodorg
http://www.zhihu.com/people/hison
http://www.zhihu.com/people/zha-si-ting
http://www.zhihu.com/people/pang-luan-luan
http://www.zhihu.com/people/qu-zhi-36
http://www.zhihu.com/people/xiang-pei
http://www.zhihu.com/people/xuwai
http://www.zhihu.com/people/qiu-chang-sa-er
http://www.zhihu.com/people/hu-wei-13
http://www.zhihu.com/people/zheng-hao-74-37
http://www.zhihu.com/people/bao-li-di-tie
http://www.zhihu.com/people/chen-liu-zi-94
http://www.zhihu.com/people/deng-kang-er
http://www.zhihu.com/people/lao-lu-36
http://www.zhihu.com/people/mao-nao-dai
http://www.zhihu.com/people/ke-qi-xi-43
http://www.zhihu.com/people/echo-40-22
http://www.zhihu.com/people/zhang-wei-96-23
http://www.zhihu.com/people/brian-bravo
http://www.zhihu.com/people/wang-jing-27-65
http://www.zhihu.com/people/lin-jia-qi-79
http://www.zhihu.com/people/liu-xiao-guai-89
http://www.zhihu.com/people/liu-yu-chen-22
http://www.zhihu.com/people/stevenqian
http://www.zhihu.com/people/zhengbuyuan
http://www.zhihu.com/people/xiao-chu
http://www.zhihu.com/people/heng-jin
http://www.zhihu.com/people/kkkkkira
http://www.zhihu.com/people/dong-wen-di
http://www.zhihu.com/people/yan-xin-qi
http://www.zhihu.com/people/chen-xiao-miao-98
http://www.zhihu.com/people/zhong-nan-40
http://www.zhihu.com/people/jia-zhi-84
http://www.zhihu.com/people/wangxxxin
http://www.zhihu.com/people/tong-lin-feng
http://www.zhihu.com/people/e-tong
http://www.zhihu.com/people/ding-ding-84-86
http://www.zhihu.com/people/michex
http://www.zhihu.com/people/yufan-tang
http://www.zhihu.com/people/dong-ya-ya-55
http://www.zhihu.com/people/zhou-yu-xuan
http://www.zhihu.com/people/tan-ding-shan
http://www.zhihu.com/people/niu-ji-ye
http://www.zhihu.com/people/sanadakeng
http://www.zhihu.com/people/qian-jing-wei
http://www.zhihu.com/people/hu-qi-song
http://www.zhihu.com/people/ma-zhong-58
http://www.zhihu.com/people/liu-yi-ran-62
http://www.zhihu.com/people/wan-pu
http://www.zhihu.com/people/han-sha-luo-yan
http://www.zhihu.com/people/peng-yong-82
http://www.zhihu.com/people/zhang-zi-yang-25-10
http://www.zhihu.com/people/kevin.lu
http://www.zhihu.com/people/jun-lin-29
http://www.zhihu.com/people/zhang-xiao-ming-49-55
http://www.zhihu.com/people/khaki-29
http://www.zhihu.com/people/mao-mi-mi-40
http://www.zhihu.com/people/pan-shi-yun
http://www.zhihu.com/people/wang-zi-tong-78
http://www.zhihu.com/people/guan-xiao-31
http://www.zhihu.com/people/li-xiao-ge-1993
http://www.zhihu.com/people/shao-shuai-70
http://www.zhihu.com/people/mazimin
http://www.zhihu.com/people/zhang-nic-86
http://www.zhihu.com/people/bao-zi-20-83
http://www.zhihu.com/people/arfg
http://www.zhihu.com/people/clairewang0326
http://www.zhihu.com/people/xu-fen-22
http://www.zhihu.com/people/yang-xiao-xie-60
http://www.zhihu.com/people/li-xiang-85
http://www.zhihu.com/people/dong-xi-78-92
http://www.zhihu.com/people/rui-feng-lan-yi
http://www.zhihu.com/people/bi-peng
http://www.zhihu.com/people/wen-da-ya-55
http://www.zhihu.com/people/liu-shuai-55-43
http://www.zhihu.com/people/yue-yi-he
http://www.zhihu.com/people/ri-ye-qian-chi
http://www.zhihu.com/people/zuo-zhi
http://www.zhihu.com/people/YEESA
http://www.zhihu.com/people/weng-xiao-cong
http://www.zhihu.com/people/li-li-31-33
http://www.zhihu.com/people/chengxiaoyi
http://www.zhihu.com/people/su-xing-16
http://www.zhihu.com/people/nakutoki
http://www.zhihu.com/people/li-ao-si-qia
http://www.zhihu.com/people/li-bo-yu-85
http://www.zhihu.com/people/chen-chang-lei
http://www.zhihu.com/people/mc-zone
http://www.zhihu.com/people/CopeCheung
http://www.zhihu.com/people/yu-zhe-32-34
http://www.zhihu.com/people/ri-zhao-qing-yuan
http://www.zhihu.com/people/Lichee_wang
http://www.zhihu.com/people/wang-wei-43
http://www.zhihu.com/people/hong-xiao-dou
http://www.zhihu.com/people/ohlife
http://www.zhihu.com/people/yang-tan-te
http://www.zhihu.com/people/li-si-gu-niang
http://www.zhihu.com/people/wu-hai-25
http://www.zhihu.com/people/megan-ma
http://www.zhihu.com/people/wayne-tong
http://www.zhihu.com/people/yi-lin515
http://www.zhihu.com/people/fanliner
http://www.zhihu.com/people/wei-ci-62
http://www.zhihu.com/people/lovechao712
http://www.zhihu.com/people/cao-yi-feng-77
http://www.zhihu.com/people/mannia
http://www.zhihu.com/people/li-yifan-27
http://www.zhihu.com/people/chu-tian-shu-9
http://www.zhihu.com/people/hu-di-57-16
http://www.zhihu.com/people/chen-yi-zhu-11
http://www.zhihu.com/people/jon-leon
http://www.zhihu.com/people/liu-gao-yuan
http://www.zhihu.com/people/xiang-dang-dang-47
http://www.zhihu.com/people/changeself
http://www.zhihu.com/people/wei-jia-cheng-20
http://www.zhihu.com/people/a-hun
http://www.zhihu.com/people/idiot-32
http://www.zhihu.com/people/wu-yan-zan
http://www.zhihu.com/people/pan-richard
http://www.zhihu.com/people/miao-cc-96
http://www.zhihu.com/people/mi-tao
http://www.zhihu.com/people/zhang-wei-10-7
http://www.zhihu.com/people/liveme
http://www.zhihu.com/people/zhang-xiao-fan-25-69
http://www.zhihu.com/people/yi-kai-62
http://www.zhihu.com/people/he-bu-ke
http://www.zhihu.com/people/xiao-yao-50-5
http://www.zhihu.com/people/zheshao-chang
http://www.zhihu.com/people/Xiao_Liang
http://www.zhihu.com/people/jiang-yuan-bo-81
http://www.zhihu.com/people/mu-xiao-xia
http://www.zhihu.com/people/du-yin-yin
http://www.zhihu.com/people/li-li-86-60
http://www.zhihu.com/people/duoluoyuan
http://www.zhihu.com/people/deng-lin-07-15
http://www.zhihu.com/people/e-dai-er
http://www.zhihu.com/people/wang-yi-fan-40
http://www.zhihu.com/people/lan-cui-ming
http://www.zhihu.com/people/li-zhi-kun-35
http://www.zhihu.com/people/yu-yang-87-79
http://www.zhihu.com/people/detwin
http://www.zhihu.com/people/qiu-teng-jiang
http://www.zhihu.com/people/lang.li
http://www.zhihu.com/people/zhu-zhu-48-6
http://www.zhihu.com/people/yaochenhao
http://www.zhihu.com/people/zhao-xiao-long-56
http://www.zhihu.com/people/sun-cheng-liang
http://www.zhihu.com/people/dannyhuang
http://www.zhihu.com/people/fang-pei-yu
http://www.zhihu.com/people/zhihu_weekly
http://www.zhihu.com/people/zhao-xuan-18
http://www.zhihu.com/people/tian-shi-jie
http://www.zhihu.com/people/Tmacy
http://www.zhihu.com/people/face-li
http://www.zhihu.com/people/eana-chan
http://www.zhihu.com/people/wen-song-lin
http://www.zhihu.com/people/fu-shu-shu-ying
http://www.zhihu.com/people/gao-da-li
http://www.zhihu.com/people/sean-hsu-2013
http://www.zhihu.com/people/OneCoffee
http://www.zhihu.com/people/lovexueyueyue
http://www.zhihu.com/people/zhao-yang-xin
http://www.zhihu.com/people/tang-zi-qi-10
http://www.zhihu.com/people/ai-zi-35
http://www.zhihu.com/people/yuger.net
http://www.zhihu.com/people/liang-xiao-peng-36
http://www.zhihu.com/people/stephanie-73
http://www.zhihu.com/people/linaishu
http://www.zhihu.com/people/ichabod
http://www.zhihu.com/people/han-yan-hui
http://www.zhihu.com/people/xuedingedemiao
http://www.zhihu.com/people/luo-sen-41-53
http://www.zhihu.com/people/yu-wen-88
http://www.zhihu.com/people/wang-fu-kang
http://www.zhihu.com/people/zhong-ye-zi-49
http://www.zhihu.com/people/ge-bi-lao-wang
http://www.zhihu.com/people/tudouparty
http://www.zhihu.com/people/geng-xin-lei
http://www.zhihu.com/people/wei-li-gan
http://www.zhihu.com/people/zheng-ying-hao-9
http://www.zhihu.com/people/yin-yu-wu
http://www.zhihu.com/people/cheng-jun-900
http://www.zhihu.com/people/llq6072
http://www.zhihu.com/people/liu-fei-hua
http://www.zhihu.com/people/YingZiYuan
http://www.zhihu.com/people/kang-yu-ying
http://www.zhihu.com/people/joshua-96
http://www.zhihu.com/people/cheng-chang
http://www.zhihu.com/people/dan-ni-si-zhang
http://www.zhihu.com/people/hong-xiu-71
http://www.zhihu.com/people/qian-wen-bin
http://www.zhihu.com/people/sunbaoru
http://www.zhihu.com/people/wen-juan
http://www.zhihu.com/people/hydra-10
http://www.zhihu.com/people/jiang-lei-12
http://www.zhihu.com/people/psr0071
http://www.zhihu.com/people/zhou-xi-56
http://www.zhihu.com/people/wentzgao
http://www.zhihu.com/people/mason-36
http://www.zhihu.com/people/an-dong-5-94
http://www.zhihu.com/people/meng-fan-lei
http://www.zhihu.com/people/yan-zhi-guang
http://www.zhihu.com/people/yuke-fighting
http://www.zhihu.com/people/juice-wong
http://www.zhihu.com/people/meng-shuang-paula
http://www.zhihu.com/people/erik
http://www.zhihu.com/people/ba-qi-95
http://www.zhihu.com/people/ernst-zermelo
http://www.zhihu.com/people/susus
http://www.zhihu.com/people/zhao-jia-long-16
http://www.zhihu.com/people/yin-yu-chen-26
http://www.zhihu.com/people/zhang_lei
http://www.zhihu.com/people/eracq
http://www.zhihu.com/people/lun2u
http://www.zhihu.com/people/wuzhidong
http://www.zhihu.com/people/Pon9
http://www.zhihu.com/people/Jeight
http://www.zhihu.com/people/Rogge
http://www.zhihu.com/people/huakaibuyu
http://www.zhihu.com/people/cd147
http://www.zhihu.com/people/sky-fall
http://www.zhihu.com/people/shi-yilang-cai
http://www.zhihu.com/people/zhang-zhi-yue
http://www.zhihu.com/people/wei-ren-19
http://www.zhihu.com/people/fangcarrot
http://www.zhihu.com/people/xian-fa-hui
http://www.zhihu.com/people/netsos
http://www.zhihu.com/people/cshhao
http://www.zhihu.com/people/crystal06
http://www.zhihu.com/people/thundercat
http://www.zhihu.com/people/wang-peng-22-36
http://www.zhihu.com/people/ashbei-er
http://www.zhihu.com/people/a-bei-ban-leon
http://www.zhihu.com/people/neonyasushi
http://www.zhihu.com/people/zhang-yiliu
http://www.zhihu.com/people/bin-xin-80
http://www.zhihu.com/people/er-shao-ye-48
http://www.zhihu.com/people/smilenet
http://www.zhihu.com/people/chen-qing-23
http://www.zhihu.com/people/pan-chao-57
http://www.zhihu.com/people/T_T_T
http://www.zhihu.com/people/zhan-sheng-41
http://www.zhihu.com/people/lan-lan-85-40
http://www.zhihu.com/people/ren-xing-qian-li
http://www.zhihu.com/people/techoxygen
http://www.zhihu.com/people/jiang-wen-zhen
http://www.zhihu.com/people/wang-yan-yuan
http://www.zhihu.com/people/zhu-xiao-wu-77
http://www.zhihu.com/people/qin-kang-bao
http://www.zhihu.com/people/han-liang-hanl
http://www.zhihu.com/people/tao-ye-82
http://www.zhihu.com/people/guang-feng
http://www.zhihu.com/people/wang-xiao-xiao-71
http://www.zhihu.com/people/bu-qianwen
http://www.zhihu.com/people/mei-chen-zi
http://www.zhihu.com/people/ri-ben-da-cong
http://www.zhihu.com/people/he-she-she
http://www.zhihu.com/people/chingsang
http://www.zhihu.com/people/wang-yuan-66-5
http://www.zhihu.com/people/wang-jia-wei-45-85
http://www.zhihu.com/people/zhong-di-xi
http://www.zhihu.com/people/jiang-ze-nan-48
http://www.zhihu.com/people/InitialC
http://www.zhihu.com/people/maiziman
http://www.zhihu.com/people/zhi-hu-75-20
http://www.zhihu.com/people/lilaba
http://www.zhihu.com/people/zhang-lei-84-71
http://www.zhihu.com/people/gui-you-guang
http://www.zhihu.com/people/jollylui
http://www.zhihu.com/people/pydison
http://www.zhihu.com/people/ivanlee
http://www.zhihu.com/people/cheng-jie-21
http://www.zhihu.com/people/wang-xun-91
http://www.zhihu.com/people/unogzx
http://www.zhihu.com/people/lee_
http://www.zhihu.com/people/xing-gu-yue-ya
http://www.zhihu.com/people/mi-xiang-chong
http://www.zhihu.com/people/huangqinmao
http://www.zhihu.com/people/cytzrs
http://www.zhihu.com/people/jessie228
http://www.zhihu.com/people/CloseString
http://www.zhihu.com/people/chen-kang-sheng
http://www.zhihu.com/people/xie-wei-74-75
http://www.zhihu.com/people/ran-xiao-bin
http://www.zhihu.com/people/bing-mez
http://www.zhihu.com/people/huang-jia-wei
http://www.zhihu.com/people/starcookie
http://www.zhihu.com/people/godling
http://www.zhihu.com/people/mojous
http://www.zhihu.com/people/yi-mi-47
http://www.zhihu.com/people/xu-meng-yang
http://www.zhihu.com/people/chuangzi
http://www.zhihu.com/people/bai-qiao-wei-c
http://www.zhihu.com/people/niu-jing
http://www.zhihu.com/people/miao-jiang-43
http://www.zhihu.com/people/zhang-mu-zhi-71
http://www.zhihu.com/people/nicing
http://www.zhihu.com/people/fajia
http://www.zhihu.com/people/qiao-yu-61
http://www.zhihu.com/people/wer5lcy
http://www.zhihu.com/people/yang-shuang-1
http://www.zhihu.com/people/cheng-yan-yan
http://www.zhihu.com/people/boxiaotu
http://www.zhihu.com/people/cydu
http://www.zhihu.com/people/WANSX
http://www.zhihu.com/people/kopitejoe
http://www.zhihu.com/people/wei-qing-min
http://www.zhihu.com/people/wang-wen-ping
http://www.zhihu.com/people/li-ke-6
http://www.zhihu.com/people/yang-cong-quan-man-tou
http://www.zhihu.com/people/hong-qian
http://www.zhihu.com/people/dake
http://www.zhihu.com/people/yehuai
http://www.zhihu.com/people/wei-pin-pin
http://www.zhihu.com/people/le-you-53
http://www.zhihu.com/people/dong-xin-bo
http://www.zhihu.com/people/SkyWalkerAL
http://www.zhihu.com/people/junyang
http://www.zhihu.com/people/zhang-yu-34
http://www.zhihu.com/people/li-jing-qiu
http://www.zhihu.com/people/li-gou-hai-12-23
http://www.zhihu.com/people/kanbian
http://www.zhihu.com/people/wu-sheng-ming
http://www.zhihu.com/people/kingla
http://www.zhihu.com/people/ctlzhl
http://www.zhihu.com/people/luexiao12
http://www.zhihu.com/people/winsunchen
http://www.zhihu.com/people/qiu520
http://www.zhihu.com/people/xin-xiao-feng
