http://www.zhihu.com/people/sojournnyc
http://www.zhihu.com/people/Super-Fish
http://www.zhihu.com/people/iamwangjunjie
http://www.zhihu.com/people/amytal
http://www.zhihu.com/people/mu-you-cun-65
http://www.zhihu.com/people/fa-jun
http://www.zhihu.com/people/aboutleo
http://www.zhihu.com/people/chen-ningjing-jing
http://www.zhihu.com/people/li-an-hong-59
http://www.zhihu.com/people/chuan-lu-20
http://www.zhihu.com/people/joving
http://www.zhihu.com/people/jsttng
http://www.zhihu.com/people/stepahnie-zhou
http://www.zhihu.com/people/jin-chun-hao
http://www.zhihu.com/people/tutu62
http://www.zhihu.com/people/sgzhan
http://www.zhihu.com/people/maitiano
http://www.zhihu.com/people/jia-hou-zi
http://www.zhihu.com/people/houniao
http://www.zhihu.com/people/comfish
http://www.zhihu.com/people/huaerheima
http://www.zhihu.com/people/yuxinlie
http://www.zhihu.com/people/zhykate
http://www.zhihu.com/people/ning
http://www.zhihu.com/people/gao-gao-72
http://www.zhihu.com/people/E585885
http://www.zhihu.com/people/wang-zhe-87
http://www.zhihu.com/people/cuizhaoyang
http://www.zhihu.com/people/wei-sheng-79
http://www.zhihu.com/people/li-da-zhi-64
http://www.zhihu.com/people/ma-jing-66
http://www.zhihu.com/people/longniao
http://www.zhihu.com/people/neil-35-70
http://www.zhihu.com/people/zuimai
http://www.zhihu.com/people/ayr1
http://www.zhihu.com/people/desperatecat
http://www.zhihu.com/people/tian-jia-jia
http://www.zhihu.com/people/lisanke
http://www.zhihu.com/people/yang-chun-17
http://www.zhihu.com/people/gui-da-nao
http://www.zhihu.com/people/tu-tu-13
http://www.zhihu.com/people/iqnelson961
http://www.zhihu.com/people/basaja
http://www.zhihu.com/people/xiao-chu
http://www.zhihu.com/people/feng-xing-jian
http://www.zhihu.com/people/websec
http://www.zhihu.com/people/zhang-en-wen
http://www.zhihu.com/people/lichengrant
http://www.zhihu.com/people/zhan-tian-43
http://www.zhihu.com/people/yan-sheng-20-44
http://www.zhihu.com/people/huang-yang-zi
http://www.zhihu.com/people/junoma
http://www.zhihu.com/people/ruienzhang
http://www.zhihu.com/people/zhu-yong-qian
http://www.zhihu.com/people/deng-ruo-xu
http://www.zhihu.com/people/zhi-shi-20
http://www.zhihu.com/people/wangxin
http://www.zhihu.com/people/zhihu_weekly
http://www.zhihu.com/people/chong-er-feng-zi-89
http://www.zhihu.com/people/kael-10
http://www.zhihu.com/people/lu-pi-xiong
http://www.zhihu.com/people/ruanzhengzhi
http://www.zhihu.com/people/zengjuchen
http://www.zhihu.com/people/zhu-xiao-dong-55
http://www.zhihu.com/people/david-73
http://www.zhihu.com/people/detwin
http://www.zhihu.com/people/linmahua
http://www.zhihu.com/people/Mr_James
http://www.zhihu.com/people/shi-lei-71
http://www.zhihu.com/people/miao-yuan-4
http://www.zhihu.com/people/elecscript
http://www.zhihu.com/people/xing-guo-dong
http://www.zhihu.com/people/zhang-qiang-27
http://www.zhihu.com/people/jia-chun
http://www.zhihu.com/people/wu-da-bei
http://www.zhihu.com/people/zhangweilai
http://www.zhihu.com/people/John.z
http://www.zhihu.com/people/twowolf
http://www.zhihu.com/people/rosicky311
http://www.zhihu.com/people/liuyue
http://www.zhihu.com/people/mr-cc
http://www.zhihu.com/people/zhang-jin-zhu
http://www.zhihu.com/people/pizilele
http://www.zhihu.com/people/zhang-li-hang-48
http://www.zhihu.com/people/cheng-si-wei
http://www.zhihu.com/people/kidult
http://www.zhihu.com/people/huang-jia-yang
http://www.zhihu.com/people/meng-shuang-paula
http://www.zhihu.com/people/yu-lei-ming
http://www.zhihu.com/people/zhang-chun-jiang-82
http://www.zhihu.com/people/hu-di-57-16
http://www.zhihu.com/people/williamho
http://www.zhihu.com/people/imxiaofeng
http://www.zhihu.com/people/jeremy-53
http://www.zhihu.com/people/yuquan
http://www.zhihu.com/people/chaim
http://www.zhihu.com/people/delogas
http://www.zhihu.com/people/Bleaker
http://www.zhihu.com/people/chenhao-light
http://www.zhihu.com/people/zhihu_lxl
http://www.zhihu.com/people/cai-xin-79
http://www.zhihu.com/people/bingno
http://www.zhihu.com/people/wen-cong
http://www.zhihu.com/people/liu-jun-63
http://www.zhihu.com/people/jaxical
http://www.zhihu.com/people/jackyxiong
http://www.zhihu.com/people/tangzl
http://www.zhihu.com/people/12turbo
http://www.zhihu.com/people/lysine
http://www.zhihu.com/people/baizhengming
http://www.zhihu.com/people/zhong-yi-fei
http://www.zhihu.com/people/luo-ke-xian-sheng
http://www.zhihu.com/people/chougu
http://www.zhihu.com/people/singrain
http://www.zhihu.com/people/guiyuplus
http://www.zhihu.com/people/imlaputa
http://www.zhihu.com/people/muyili
http://www.zhihu.com/people/wei-xue-cao
http://www.zhihu.com/people/nothinggg
http://www.zhihu.com/people/xiao-mi-tu
http://www.zhihu.com/people/zhang-yi-67-91
http://www.zhihu.com/people/cai-jin-cheng
http://www.zhihu.com/people/hanabi
http://www.zhihu.com/people/xiao-bei-51
http://www.zhihu.com/people/hu-zhuo-yi
http://www.zhihu.com/people/jullian.us
http://www.zhihu.com/people/webber
http://www.zhihu.com/people/TT-in_The-Wind
http://www.zhihu.com/people/ye-yu-xi-he
http://www.zhihu.com/people/xie-wei-you
http://www.zhihu.com/people/mugee
http://www.zhihu.com/people/chun-lei
http://www.zhihu.com/people/xerwanderer
http://www.zhihu.com/people/pkjiao
http://www.zhihu.com/people/gengyunzhe
http://www.zhihu.com/people/KingdomSpace
http://www.zhihu.com/people/zheng-zhi-chao-8
http://www.zhihu.com/people/newzero
http://www.zhihu.com/people/Charlieyue
http://www.zhihu.com/people/Focusnone
http://www.zhihu.com/people/tencent
http://www.zhihu.com/people/dizhe
http://www.zhihu.com/people/quiclink
http://www.zhihu.com/people/zhang-zi-yu-43
http://www.zhihu.com/people/tang-jing-yu-24
http://www.zhihu.com/people/madsnake
http://www.zhihu.com/people/ylsn
http://www.zhihu.com/people/jie-qi
http://www.zhihu.com/people/alitedesign
http://www.zhihu.com/people/lin-xiao-bin-26
http://www.zhihu.com/people/lys.me
http://www.zhihu.com/people/KatHex
http://www.zhihu.com/people/yi-sen-8
http://www.zhihu.com/people/ahlon
http://www.zhihu.com/people/sheep9275
http://www.zhihu.com/people/wangtiancheng
http://www.zhihu.com/people/peoplegxs
http://www.zhihu.com/people/zhang-mei-hua
http://www.zhihu.com/people/zhao-jia-hui-33
http://www.zhihu.com/people/angelia2041
http://www.zhihu.com/people/cheng-tao-35
http://www.zhihu.com/people/outlier
http://www.zhihu.com/people/zhao-xiao-fang-15
http://www.zhihu.com/people/lanisle
http://www.zhihu.com/people/memo_phil
http://www.zhihu.com/people/changfan
http://www.zhihu.com/people/liu-chen-ji
http://www.zhihu.com/people/c0in
http://www.zhihu.com/people/zydaniel
http://www.zhihu.com/people/SUNYATSEN
http://www.zhihu.com/people/jingwaizhiwa
http://www.zhihu.com/people/li-fan-23-9
http://www.zhihu.com/people/liu-xiao-miao-m
http://www.zhihu.com/people/star-guo
http://www.zhihu.com/people/li-xing-hua-79
http://www.zhihu.com/people/wan-pu
http://www.zhihu.com/people/liu-shao-peng
http://www.zhihu.com/people/luo-peng-fei-78
http://www.zhihu.com/people/znicdust
http://www.zhihu.com/people/chen-jun-65
http://www.zhihu.com/people/zj618
http://www.zhihu.com/people/yybat
http://www.zhihu.com/people/simonkain
http://www.zhihu.com/people/chen-tian-yi-60
http://www.zhihu.com/people/meteor
http://www.zhihu.com/people/ma-wen-24-33
http://www.zhihu.com/people/zhang-xiu-qi-21
http://www.zhihu.com/people/xiao-47
http://www.zhihu.com/people/zhang-jia-jing-20
http://www.zhihu.com/people/feamung
http://www.zhihu.com/people/lord2014
http://www.zhihu.com/people/guo-yao-29
http://www.zhihu.com/people/zhengzhi
http://www.zhihu.com/people/qin-shang-3
http://www.zhihu.com/people/liu-hai-bo-99-41
http://www.zhihu.com/people/a_jian
http://www.zhihu.com/people/zhang-shi-zheng
http://www.zhihu.com/people/cao-cao-ym
http://www.zhihu.com/people/wu-bin-94-94
http://www.zhihu.com/people/doubleuhy
http://www.zhihu.com/people/vicissitudes
http://www.zhihu.com/people/wang-chuan-hong
http://www.zhihu.com/people/wang-hao-ran-51
http://www.zhihu.com/people/hongqn
http://www.zhihu.com/people/henry-tom
http://www.zhihu.com/people/li-bu-ren
http://www.zhihu.com/people/xu-fu-sheng
http://www.zhihu.com/people/mirrorking
http://www.zhihu.com/people/kwg9751
http://www.zhihu.com/people/lucas-18-13
http://www.zhihu.com/people/hu-xiang-78
http://www.zhihu.com/people/liubey
http://www.zhihu.com/people/Mr.guo
http://www.zhihu.com/people/peng-geng-geng
http://www.zhihu.com/people/rinc
http://www.zhihu.com/people/zhang-zi-qiang-36
http://www.zhihu.com/people/wujinzhi
http://www.zhihu.com/people/lxXXXxl
http://www.zhihu.com/people/bairimenglan
http://www.zhihu.com/people/yuechen-
http://www.zhihu.com/people/zhang-jian-32
http://www.zhihu.com/people/zi-long-16
http://www.zhihu.com/people/kyrie-young
http://www.zhihu.com/people/view2future
http://www.zhihu.com/people/ooFate
http://www.zhihu.com/people/vele
http://www.zhihu.com/people/sliuqin
http://www.zhihu.com/people/jude-27-34
http://www.zhihu.com/people/yuzhenbo
http://www.zhihu.com/people/jade1314ily
http://www.zhihu.com/people/dong-jing-jing
http://www.zhihu.com/people/fancy-34
http://www.zhihu.com/people/han-peng-qian
http://www.zhihu.com/people/dingyan
http://www.zhihu.com/people/GilgameshK
http://www.zhihu.com/people/ocde
http://www.zhihu.com/people/zhang-yi-fan-48
http://www.zhihu.com/people/gonghao
http://www.zhihu.com/people/zhaoyaojing
http://www.zhihu.com/people/kcwh
http://www.zhihu.com/people/elementx
http://www.zhihu.com/people/kpaladin
http://www.zhihu.com/people/qiu-zhi-qiang-52
http://www.zhihu.com/people/zhu-xiao-wu-77
http://www.zhihu.com/people/huhuiquan
http://www.zhihu.com/people/xie-sha-zi
http://www.zhihu.com/people/shaimer
http://www.zhihu.com/people/wangtengchuan
http://www.zhihu.com/people/jiapu
http://www.zhihu.com/people/David_Ren
http://www.zhihu.com/people/halfmile
http://www.zhihu.com/people/huo-wan-ming
http://www.zhihu.com/people/ohlife
http://www.zhihu.com/people/zhydss
http://www.zhihu.com/people/zhao-peng-jie
http://www.zhihu.com/people/liu-peng-fei-10
http://www.zhihu.com/people/elsabaicai
http://www.zhihu.com/people/wee1
http://www.zhihu.com/people/yueguang
http://www.zhihu.com/people/tan-ri-tian
http://www.zhihu.com/people/tan-xiao-yu-62
http://www.zhihu.com/people/bunnyvan
http://www.zhihu.com/people/wang-shou-kun
http://www.zhihu.com/people/mylove
http://www.zhihu.com/people/shepherd
http://www.zhihu.com/people/timeror
http://www.zhihu.com/people/golter
http://www.zhihu.com/people/menghan
http://www.zhihu.com/people/star
http://www.zhihu.com/people/gapa-83
http://www.zhihu.com/people/zhangjoshua
http://www.zhihu.com/people/xie-zheng-bj
http://www.zhihu.com/people/JeOam
http://www.zhihu.com/people/su27
http://www.zhihu.com/people/jiao-jiao-38
http://www.zhihu.com/people/www.malafang.com
http://www.zhihu.com/people/diecxters
http://www.zhihu.com/people/li-chen-yang
http://www.zhihu.com/people/hang-hang-7
http://www.zhihu.com/people/chen-mu-hua-49
http://www.zhihu.com/people/feelingchu
http://www.zhihu.com/people/jiang-nan-77
http://www.zhihu.com/people/zhu-jun-xi-68
http://www.zhihu.com/people/hu-yu-ji
http://www.zhihu.com/people/chenjianferrari
http://www.zhihu.com/people/beta1
http://www.zhihu.com/people/guohezu
http://www.zhihu.com/people/gao-wei-54
http://www.zhihu.com/people/ilook
http://www.zhihu.com/people/cheng-hao-83
http://www.zhihu.com/people/peng-ming-ming-95
http://www.zhihu.com/people/xu-xing
http://www.zhihu.com/people/xulaohan
http://www.zhihu.com/people/aizhubao
http://www.zhihu.com/people/ucgwang-wei
http://www.zhihu.com/people/zhou-pu
http://www.zhihu.com/people/jiang-nan-39
http://www.zhihu.com/people/yifan-73-40
http://www.zhihu.com/people/sasiky
http://www.zhihu.com/people/guoyong
http://www.zhihu.com/people/mie-xuan
http://www.zhihu.com/people/tao-lin-27-63
http://www.zhihu.com/people/chiliqu
http://www.zhihu.com/people/sunprin
http://www.zhihu.com/people/lu-su
http://www.zhihu.com/people/eleanor1
http://www.zhihu.com/people/jiangnanxi
http://www.zhihu.com/people/@look
http://www.zhihu.com/people/yan-hai-ming
http://www.zhihu.com/people/li-xin-38-88
http://www.zhihu.com/people/lu-shao-hua
http://www.zhihu.com/people/xielei
http://www.zhihu.com/people/venrens
http://www.zhihu.com/people/xiao-xiao-76-7
http://www.zhihu.com/people/wmyoung
http://www.zhihu.com/people/chen-jia-bin-46
http://www.zhihu.com/people/qu-peng-55
http://www.zhihu.com/people/li-tai-xian
http://www.zhihu.com/people/peterlu
http://www.zhihu.com/people/zisha360
http://www.zhihu.com/people/mavericksu
http://www.zhihu.com/people/ca-xiang-pi
http://www.zhihu.com/people/Ninz
http://www.zhihu.com/people/cai-sheng-lin
http://www.zhihu.com/people/bian-xiao-wei
http://www.zhihu.com/people/itonyzhu
http://www.zhihu.com/people/da-xiang-69-30
http://www.zhihu.com/people/cksloth
http://www.zhihu.com/people/jiang-hong-chang
http://www.zhihu.com/people/icyber
http://www.zhihu.com/people/tclh123
http://www.zhihu.com/people/pei-yun-fei
http://www.zhihu.com/people/ceng-xin
http://www.zhihu.com/people/si-shui-liu-nian-jian
http://www.zhihu.com/people/gao-ya-feng
http://www.zhihu.com/people/he-jian-57
http://www.zhihu.com/people/sun-ru-jia
http://www.zhihu.com/people/liulu-code
http://www.zhihu.com/people/sisely
http://www.zhihu.com/people/li-jiong-67
http://www.zhihu.com/people/pei-fei-28
http://www.zhihu.com/people/du-yan-chao
http://www.zhihu.com/people/rancho-42
http://www.zhihu.com/people/february
http://www.zhihu.com/people/kong-yang-13
http://www.zhihu.com/people/chen-wei-yuan
http://www.zhihu.com/people/everwood
http://www.zhihu.com/people/BillyHe
http://www.zhihu.com/people/zheng-bo-wen
http://www.zhihu.com/people/tan-li-9800
http://www.zhihu.com/people/zhao-yuan-jie
http://www.zhihu.com/people/zou-chang-li
http://www.zhihu.com/people/pawaluopei
http://www.zhihu.com/people/henuwang-kai
http://www.zhihu.com/people/r-t-iserlohn
http://www.zhihu.com/people/songxin
http://www.zhihu.com/people/tan-yimo
http://www.zhihu.com/people/weisiren
http://www.zhihu.com/people/aullik5
http://www.zhihu.com/people/lin-min-quan
http://www.zhihu.com/people/jonson-fang
http://www.zhihu.com/people/liu-hai-bao-58
http://www.zhihu.com/people/li-yu-min
http://www.zhihu.com/people/czshens
http://www.zhihu.com/people/joy-lee-36
http://www.zhihu.com/people/kingwindang
http://www.zhihu.com/people/gauin
http://www.zhihu.com/people/freemanbai
http://www.zhihu.com/people/meng-ya-kai
http://www.zhihu.com/people/shi-song
http://www.zhihu.com/people/3DCG
http://www.zhihu.com/people/wang-yizhi-66
http://www.zhihu.com/people/qin-a-run
http://www.zhihu.com/people/iaisin
http://www.zhihu.com/people/chen-ti-mo
http://www.zhihu.com/people/xie-ling-cheng
http://www.zhihu.com/people/zhang-feng-98-82
http://www.zhihu.com/people/susie1991
http://www.zhihu.com/people/bonihe
http://www.zhihu.com/people/wyck
http://www.zhihu.com/people/hiuwahhh
http://www.zhihu.com/people/jun-du
http://www.zhihu.com/people/loufq
http://www.zhihu.com/people/nietzsche-50
http://www.zhihu.com/people/listyluo
http://www.zhihu.com/people/zhongkun
http://www.zhihu.com/people/deng-xin-69
http://www.zhihu.com/people/zckevin
http://www.zhihu.com/people/chenxinfeng
http://www.zhihu.com/people/chen-zhe-53
http://www.zhihu.com/people/frabbit
http://www.zhihu.com/people/li-de-bao-32
http://www.zhihu.com/people/baifan82
http://www.zhihu.com/people/wang-feng-85-24
http://www.zhihu.com/people/liuwenkai
http://www.zhihu.com/people/Knightvip
http://www.zhihu.com/people/huang-hai-long-85
http://www.zhihu.com/people/lunaeidolon
http://www.zhihu.com/people/li-wei-tong
http://www.zhihu.com/people/zhou-a-nan
http://www.zhihu.com/people/bbkinlin
http://www.zhihu.com/people/aloysha
http://www.zhihu.com/people/fengai0915
http://www.zhihu.com/people/assinyang
http://www.zhihu.com/people/chen-yu-zhou-57
http://www.zhihu.com/people/wu-wei-80-7
http://www.zhihu.com/people/aresan
http://www.zhihu.com/people/li-yang-16-82-73
http://www.zhihu.com/people/magicboy
http://www.zhihu.com/people/hu-xi-37
http://www.zhihu.com/people/ithinker
http://www.zhihu.com/people/whshang
http://www.zhihu.com/people/shen-yu-bao
http://www.zhihu.com/people/mai-xiao-mai-78
http://www.zhihu.com/people/winsunchen
http://www.zhihu.com/people/xiong-wei-10
http://www.zhihu.com/people/gerrardyang
http://www.zhihu.com/people/xiang-zhi-83
http://www.zhihu.com/people/luckyfish
http://www.zhihu.com/people/qi-xiao-qikennyqi
http://www.zhihu.com/people/feelfantasy
http://www.zhihu.com/people/piginflying
http://www.zhihu.com/people/kondi
http://www.zhihu.com/people/airspuer
http://www.zhihu.com/people/sunpeng
http://www.zhihu.com/people/chen-chui-geng
http://www.zhihu.com/people/zhang-bo-31-53
http://www.zhihu.com/people/cao-lu-chong-59
http://www.zhihu.com/people/chuyi-chen-29
http://www.zhihu.com/people/guo-shan-zheng
http://www.zhihu.com/people/dr-satyr
http://www.zhihu.com/people/un0s2
http://www.zhihu.com/people/fang-zi-rui
http://www.zhihu.com/people/ren-jie-77-31
http://www.zhihu.com/people/maple
http://www.zhihu.com/people/bao-wen-dao
http://www.zhihu.com/people/ivaneve
http://www.zhihu.com/people/wayne007
http://www.zhihu.com/people/guo-zi-yun-33
http://www.zhihu.com/people/zhezhebb
http://www.zhihu.com/people/ddnionio
http://www.zhihu.com/people/lynn_cc
http://www.zhihu.com/people/qiu-ba-qi
http://www.zhihu.com/people/dongsun
http://www.zhihu.com/people/golden
http://www.zhihu.com/people/li-jian-bo
http://www.zhihu.com/people/Leslie0910
http://www.zhihu.com/people/suuyang
http://www.zhihu.com/people/bonesdaisy
http://www.zhihu.com/people/Maximilian2009
http://www.zhihu.com/people/cuizihao
http://www.zhihu.com/people/owl-43-79
http://www.zhihu.com/people/lai-qi-hao
http://www.zhihu.com/people/chen-da-shu-91
http://www.zhihu.com/people/find-66
http://www.zhihu.com/people/xian-yong-kang
http://www.zhihu.com/people/a-du
http://www.zhihu.com/people/li-gua-37
http://www.zhihu.com/people/wu-qian-jun
http://www.zhihu.com/people/kang-wei
http://www.zhihu.com/people/xu-tian-yi
http://www.zhihu.com/people/cocolelexixi
http://www.zhihu.com/people/guang-qian-yuan
http://www.zhihu.com/people/fan-he-40
http://www.zhihu.com/people/x_gy
http://www.zhihu.com/people/klose
http://www.zhihu.com/people/waner
http://www.zhihu.com/people/lin-zi-27-39
http://www.zhihu.com/people/ma-bo-ping
http://www.zhihu.com/people/MrBar
http://www.zhihu.com/people/lin-wei-lan
http://www.zhihu.com/people/lixiao-qiang
http://www.zhihu.com/people/gayscript
http://www.zhihu.com/people/chenjiajun
http://www.zhihu.com/people/cherrybomb
http://www.zhihu.com/people/xunger
http://www.zhihu.com/people/liu-yidao-58
http://www.zhihu.com/people/lionel-si
http://www.zhihu.com/people/gui-sheng-74
http://www.zhihu.com/people/sui-shao-qi
http://www.zhihu.com/people/cai-sheng-chuan
http://www.zhihu.com/people/cycyril
http://www.zhihu.com/people/sunsimian
http://www.zhihu.com/people/cai-guo-hai
http://www.zhihu.com/people/huma
http://www.zhihu.com/people/zhou-qi-70-61
http://www.zhihu.com/people/huangduanduan
http://www.zhihu.com/people/cheng-fang-hang
http://www.zhihu.com/people/yaoguof
http://www.zhihu.com/people/liu-yi-cheng-13
http://www.zhihu.com/people/U-N-O
http://www.zhihu.com/people/wu-xiao-qing-58
http://www.zhihu.com/people/xiao-da-da-27
http://www.zhihu.com/people/wang-fei-ji
http://www.zhihu.com/people/zhou-qiu-qiu-8
http://www.zhihu.com/people/yangtwotwo
http://www.zhihu.com/people/chen-jun-jie-23-33
http://www.zhihu.com/people/gozly
http://www.zhihu.com/people/li-wen-tao-3
http://www.zhihu.com/people/he-yuan-sheng
http://www.zhihu.com/people/siuhoi-lee
http://www.zhihu.com/people/wang-hu-li-10
http://www.zhihu.com/people/li-ming-jin
http://www.zhihu.com/people/hu-dian-69
http://www.zhihu.com/people/keepmovingzxw
http://www.zhihu.com/people/nai-te-li-97
http://www.zhihu.com/people/wlk-81
http://www.zhihu.com/people/wen-wen-ri
http://www.zhihu.com/people/zhang-wei-zhong
http://www.zhihu.com/people/ponpon
http://www.zhihu.com/people/icylee
http://www.zhihu.com/people/bao-yue-bing
http://www.zhihu.com/people/pirlo21
http://www.zhihu.com/people/zhaoguoer
http://www.zhihu.com/people/erqi
http://www.zhihu.com/people/xiao-qing-32
http://www.zhihu.com/people/lijia
http://www.zhihu.com/people/xiaoyuan-wee
http://www.zhihu.com/people/guo-ji-xin-3
http://www.zhihu.com/people/ReSur
http://www.zhihu.com/people/forever
http://www.zhihu.com/people/zhong-yuan-60
http://www.zhihu.com/people/wang-geng-zhou
http://www.zhihu.com/people/laoha
http://www.zhihu.com/people/li-han-han-43
http://www.zhihu.com/people/hyukming
http://www.zhihu.com/people/zhang-xi-ting
http://www.zhihu.com/people/infsafe
http://www.zhihu.com/people/qiu-zhi-yuan
http://www.zhihu.com/people/longcat
http://www.zhihu.com/people/paddy-24
http://www.zhihu.com/people/luo-luo
http://www.zhihu.com/people/chaizhenyu
http://www.zhihu.com/people/yao-xing-guang
http://www.zhihu.com/people/pang-bo-816
http://www.zhihu.com/people/froyoe
http://www.zhihu.com/people/li-qing-37-64
http://www.zhihu.com/people/dbdb
http://www.zhihu.com/people/tang-yao-99
http://www.zhihu.com/people/Donutshu
http://www.zhihu.com/people/mi-mi-15
http://www.zhihu.com/people/ao-wu-30
http://www.zhihu.com/people/dilys
http://www.zhihu.com/people/liu-er-fei-si
http://www.zhihu.com/people/foreverbeing
http://www.zhihu.com/people/huyibuct
http://www.zhihu.com/people/sun-wei-zhen
http://www.zhihu.com/people/hu-shan-91
http://www.zhihu.com/people/tai-di-xiong-97
http://www.zhihu.com/people/yang-yan-yan-17
http://www.zhihu.com/people/yanyiwu
http://www.zhihu.com/people/bboymao
http://www.zhihu.com/people/mazure
http://www.zhihu.com/people/jinduo
http://www.zhihu.com/people/shufer
http://www.zhihu.com/people/mull
http://www.zhihu.com/people/ma-shuang-yang
http://www.zhihu.com/people/tonyq0802
http://www.zhihu.com/people/shi-xiu-feng
http://www.zhihu.com/people/ambrosio
http://www.zhihu.com/people/qichangxing
http://www.zhihu.com/people/zhou-pei-75-71
http://www.zhihu.com/people/imwilsonxu
http://www.zhihu.com/people/allen-11-32
http://www.zhihu.com/people/yanghongyang
http://www.zhihu.com/people/yu-gu-14
http://www.zhihu.com/people/zhiyumao
http://www.zhihu.com/people/bitmirage
http://www.zhihu.com/people/cheng-fang-32-92
http://www.zhihu.com/people/bu-er-78
http://www.zhihu.com/people/feixiaofei
http://www.zhihu.com/people/rainvoo
http://www.zhihu.com/people/wang-jue-69
http://www.zhihu.com/people/freja
http://www.zhihu.com/people/xiaolegebai
http://www.zhihu.com/people/xu-zi-mo
http://www.zhihu.com/people/caixin
http://www.zhihu.com/people/haomuch
http://www.zhihu.com/people/deareve
http://www.zhihu.com/people/liu-wen-92
http://www.zhihu.com/people/li-chen-xi-74
http://www.zhihu.com/people/feng-da-pao
http://www.zhihu.com/people/lumi
http://www.zhihu.com/people/liangsz
http://www.zhihu.com/people/ran-ye
http://www.zhihu.com/people/Alan777
http://www.zhihu.com/people/GaoYihao
http://www.zhihu.com/people/tommy-19
http://www.zhihu.com/people/rodney
http://www.zhihu.com/people/ZhYW
http://www.zhihu.com/people/ma-tao-75
http://www.zhihu.com/people/cao-rui-xue
http://www.zhihu.com/people/imajeason
http://www.zhihu.com/people/yjw022yjw
http://www.zhihu.com/people/zhaodandan
http://www.zhihu.com/people/cao-bing-95
http://www.zhihu.com/people/easonxiao
http://www.zhihu.com/people/lu-shi-si
http://www.zhihu.com/people/cindiemercy
http://www.zhihu.com/people/tntaben
http://www.zhihu.com/people/liu-chang-jiang-39
http://www.zhihu.com/people/milkkey
http://www.zhihu.com/people/yang-su
http://www.zhihu.com/people/li-yifan-27
http://www.zhihu.com/people/yao-cheng-yu
http://www.zhihu.com/people/Dr_se7en
http://www.zhihu.com/people/chenghan
http://www.zhihu.com/people/imike
http://www.zhihu.com/people/denganliang
http://www.zhihu.com/people/hong-shi-huan-78
http://www.zhihu.com/people/lubinwei
http://www.zhihu.com/people/thexihexi0
http://www.zhihu.com/people/parke
http://www.zhihu.com/people/wang-long-men
http://www.zhihu.com/people/luung
http://www.zhihu.com/people/yaofur
http://www.zhihu.com/people/pharma
http://www.zhihu.com/people/ximo
http://www.zhihu.com/people/mei-mei-73
http://www.zhihu.com/people/qi-qi-52-78
http://www.zhihu.com/people/david-wang-84-36
http://www.zhihu.com/people/rendy
http://www.zhihu.com/people/jin-ze-32
http://www.zhihu.com/people/lidaye
http://www.zhihu.com/people/surfly
http://www.zhihu.com/people/yangshengli
http://www.zhihu.com/people/liangbing
http://www.zhihu.com/people/xu-min-jun-61
http://www.zhihu.com/people/jiao-lin-95
http://www.zhihu.com/people/qiujunya
http://www.zhihu.com/people/luo-zi-lun
http://www.zhihu.com/people/equator
http://www.zhihu.com/people/zhoung
http://www.zhihu.com/people/sundance1000
http://www.zhihu.com/people/wu-di-83
http://www.zhihu.com/people/chen-hao-98-63
http://www.zhihu.com/people/mittya
http://www.zhihu.com/people/jimbob
http://www.zhihu.com/people/iamzhouquan
http://www.zhihu.com/people/han-yan
http://www.zhihu.com/people/whitezhou
http://www.zhihu.com/people/li-qiu-heng
http://www.zhihu.com/people/growingyears
http://www.zhihu.com/people/duan-qian-90
http://www.zhihu.com/people/michelleyan
http://www.zhihu.com/people/yofly
http://www.zhihu.com/people/xue-lang-zi
http://www.zhihu.com/people/dai-xiao-xi-70
http://www.zhihu.com/people/fsev7n
http://www.zhihu.com/people/polaris14551
http://www.zhihu.com/people/Grahamhan
http://www.zhihu.com/people/smallnuo
http://www.zhihu.com/people/han-xiao-pan-51
http://www.zhihu.com/people/wang-can-lin
http://www.zhihu.com/people/toris-johnny
http://www.zhihu.com/people/qone
http://www.zhihu.com/people/iceskysl
http://www.zhihu.com/people/pei-hu-71
http://www.zhihu.com/people/zhaoyarui
http://www.zhihu.com/people/lycheeorange
http://www.zhihu.com/people/li-yu-ting-60
http://www.zhihu.com/people/treenewbeer
http://www.zhihu.com/people/titansfox
http://www.zhihu.com/people/xu-zhao-24
http://www.zhihu.com/people/feng-jian-qiu
http://www.zhihu.com/people/liu-wen-hui-39
http://www.zhihu.com/people/da-bu-liu-62
http://www.zhihu.com/people/dou-ke-qin
http://www.zhihu.com/people/xueyichen
http://www.zhihu.com/people/poechant
http://www.zhihu.com/people/li-zheng-wei-72
http://www.zhihu.com/people/lumpora
http://www.zhihu.com/people/drunkbridge
http://www.zhihu.com/people/hui-long
http://www.zhihu.com/people/sanv
http://www.zhihu.com/people/bu-lan-yuan-yuanyuan
http://www.zhihu.com/people/guo-guo-you
http://www.zhihu.com/people/mvie
http://www.zhihu.com/people/jackey-jiang
http://www.zhihu.com/people/Xieyiyao
http://www.zhihu.com/people/jovanyang
http://www.zhihu.com/people/wang-xiao-feng-73-62
http://www.zhihu.com/people/liu-huo-58
http://www.zhihu.com/people/zhang-lei-53-83
http://www.zhihu.com/people/thinkqob
http://www.zhihu.com/people/fyl00
http://www.zhihu.com/people/yang-da-wen
http://www.zhihu.com/people/lee1711
http://www.zhihu.com/people/langqixu
http://www.zhihu.com/people/lieder
http://www.zhihu.com/people/hu-da-xia-5
http://www.zhihu.com/people/xie-nan-53
http://www.zhihu.com/people/liuyi-48
http://www.zhihu.com/people/aehan-aehan
http://www.zhihu.com/people/chen-hai-peng-1
http://www.zhihu.com/people/wang-chao-19-87
http://www.zhihu.com/people/wu-yi-ren-90
http://www.zhihu.com/people/zhang-bi-ya-22
http://www.zhihu.com/people/junhaochen
http://www.zhihu.com/people/noblesseoblige
http://www.zhihu.com/people/he-xin-yu-3
http://www.zhihu.com/people/fang-jin-meng
http://www.zhihu.com/people/xiaochao
http://www.zhihu.com/people/zhang-ming-yuan-82
http://www.zhihu.com/people/shen-li-bo
http://www.zhihu.com/people/shan-xiao-jing
http://www.zhihu.com/people/Meister
http://www.zhihu.com/people/yu-shu-peng
http://www.zhihu.com/people/blus
http://www.zhihu.com/people/lin-shu-49
http://www.zhihu.com/people/xiewenzhu
http://www.zhihu.com/people/ma-de-li-56
http://www.zhihu.com/people/zyunchen
http://www.zhihu.com/people/hong-guo-guo-79
http://www.zhihu.com/people/devillzhang
http://www.zhihu.com/people/namiheike
http://www.zhihu.com/people/herock
http://www.zhihu.com/people/pandacc
http://www.zhihu.com/people/888791
http://www.zhihu.com/people/ethan-75
http://www.zhihu.com/people/swgh
http://www.zhihu.com/people/nyanzhang
http://www.zhihu.com/people/wang-wei-23-6
http://www.zhihu.com/people/deli100
http://www.zhihu.com/people/judy-L
http://www.zhihu.com/people/di-wang-66-5
http://www.zhihu.com/people/vajra
http://www.zhihu.com/people/elliot-109
http://www.zhihu.com/people/seaw
http://www.zhihu.com/people/kayyan
http://www.zhihu.com/people/zhang-xiao-mai-8
http://www.zhihu.com/people/gundam215
http://www.zhihu.com/people/jiang-you-wei-4
http://www.zhihu.com/people/Dominic_
http://www.zhihu.com/people/xie-xiao-bei-77
http://www.zhihu.com/people/zhongqi
http://www.zhihu.com/people/an-ke-29
http://www.zhihu.com/people/linjunjie1103
http://www.zhihu.com/people/windan0901
http://www.zhihu.com/people/zhijun-liu
http://www.zhihu.com/people/liu-chu-san
http://www.zhihu.com/people/ericho
http://www.zhihu.com/people/an-long-zhao
http://www.zhihu.com/people/rambler1122
http://www.zhihu.com/people/yeshan
http://www.zhihu.com/people/qinhuai
http://www.zhihu.com/people/206562123
http://www.zhihu.com/people/ddydd
http://www.zhihu.com/people/fu-shu-shu-ying
http://www.zhihu.com/people/zhaoliang
http://www.zhihu.com/people/liupc
http://www.zhihu.com/people/migangel
http://www.zhihu.com/people/sun-peng-chong
http://www.zhihu.com/people/yuan-liu-84
http://www.zhihu.com/people/xing-xi
http://www.zhihu.com/people/uedreamer
http://www.zhihu.com/people/kesen
http://www.zhihu.com/people/chen-yi-10-4
http://www.zhihu.com/people/yu-jiang-40
http://www.zhihu.com/people/wang-yan-15
http://www.zhihu.com/people/lucio
http://www.zhihu.com/people/han-zong-fang-fang
http://www.zhihu.com/people/1siva
http://www.zhihu.com/people/guo-wei-86
http://www.zhihu.com/people/merryjing
http://www.zhihu.com/people/zhu-bo-tao
http://www.zhihu.com/people/ceng-yi-yuan
http://www.zhihu.com/people/zhengping
http://www.zhihu.com/people/jackyzjx
http://www.zhihu.com/people/guo-xiao-yu-zhou
http://www.zhihu.com/people/badbye
http://www.zhihu.com/people/you-tu
http://www.zhihu.com/people/merlynz
http://www.zhihu.com/people/ferrysoon
http://www.zhihu.com/people/yangjiabin
http://www.zhihu.com/people/000088
http://www.zhihu.com/people/zhu-qi-jie
http://www.zhihu.com/people/yang-guang-31-63
http://www.zhihu.com/people/ma-yi-ma-yi-44
http://www.zhihu.com/people/Seven_Sugar
http://www.zhihu.com/people/fleuronne
http://www.zhihu.com/people/rove
http://www.zhihu.com/people/julystory
http://www.zhihu.com/people/zhang-yuan-97-63
http://www.zhihu.com/people/zheng-qi-11-98
http://www.zhihu.com/people/bai-ye-48
http://www.zhihu.com/people/dreamer24
http://www.zhihu.com/people/sum-summer
http://www.zhihu.com/people/harvey310
http://www.zhihu.com/people/shu-ba-ge
http://www.zhihu.com/people/iGuang
http://www.zhihu.com/people/laughingjacky
http://www.zhihu.com/people/breeze
http://www.zhihu.com/people/jerry-cen
http://www.zhihu.com/people/liu-gao-yuan
http://www.zhihu.com/people/lu-mo-15
http://www.zhihu.com/people/ma-que-10
http://www.zhihu.com/people/be-with-lele
http://www.zhihu.com/people/face-li
http://www.zhihu.com/people/chanmd
http://www.zhihu.com/people/fang-fang-er
http://www.zhihu.com/people/caokun
http://www.zhihu.com/people/suger9
http://www.zhihu.com/people/yi-dan
http://www.zhihu.com/people/smilenet
http://www.zhihu.com/people/zhong-ye-zi-49
http://www.zhihu.com/people/stephanie-73
http://www.zhihu.com/people/qyizhe
http://www.zhihu.com/people/twostupid
http://www.zhihu.com/people/han-yan-hui
http://www.zhihu.com/people/chanhs
http://www.zhihu.com/people/shishan
http://www.zhihu.com/people/zhang-shui-shui-78
http://www.zhihu.com/people/orangel
http://www.zhihu.com/people/zhao-shuai-60
http://www.zhihu.com/people/sky-fall
http://www.zhihu.com/people/EvanZhu2013
http://www.zhihu.com/people/guoxinwei
http://www.zhihu.com/people/jorlei
http://www.zhihu.com/people/jackzhang2014
http://www.zhihu.com/people/homly
http://www.zhihu.com/people/jesse_chen
http://www.zhihu.com/people/elsaw
http://www.zhihu.com/people/yfeng1226
http://www.zhihu.com/people/tian-tian-23
http://www.zhihu.com/people/wang-xiao-yue-86
http://www.zhihu.com/people/zblshine1989
http://www.zhihu.com/people/li-bei-go
http://www.zhihu.com/people/xinminger
http://www.zhihu.com/people/fang-cheng-78-32
http://www.zhihu.com/people/bastien-yu
http://www.zhihu.com/people/aoimishi
http://www.zhihu.com/people/Tammychow
http://www.zhihu.com/people/patrickluo
http://www.zhihu.com/people/unted
http://www.zhihu.com/people/endhere
http://www.zhihu.com/people/jocy
http://www.zhihu.com/people/qin-meng-wei
http://www.zhihu.com/people/simon-30
http://www.zhihu.com/people/siasbill
http://www.zhihu.com/people/shi-yilang-cai
http://www.zhihu.com/people/cong-guang-le
http://www.zhihu.com/people/ma-hui-88
http://www.zhihu.com/people/tangjingxin
http://www.zhihu.com/people/anvirdo
http://www.zhihu.com/people/mattji
http://www.zhihu.com/people/wu-yu-yu-18
http://www.zhihu.com/people/zhu-xiao-yan-72
http://www.zhihu.com/people/xiaoguomin
http://www.zhihu.com/people/chen-heng-li
http://www.zhihu.com/people/flycondor
http://www.zhihu.com/people/Khan
http://www.zhihu.com/people/liao-run
http://www.zhihu.com/people/xu-hao-tian-21
http://www.zhihu.com/people/hammer
http://www.zhihu.com/people/towertop
http://www.zhihu.com/people/s0s0
http://www.zhihu.com/people/care
http://www.zhihu.com/people/hao_bai
http://www.zhihu.com/people/liu-ying-79
http://www.zhihu.com/people/liang-wen-xuan-35
http://www.zhihu.com/people/enic
http://www.zhihu.com/people/richard.g
http://www.zhihu.com/people/zhaojiahong
http://www.zhihu.com/people/huang-fei-85
http://www.zhihu.com/people/Svenzhu
http://www.zhihu.com/people/lai-feng-77
http://www.zhihu.com/people/konny-st
http://www.zhihu.com/people/shijianbin
http://www.zhihu.com/people/qianyugang
http://www.zhihu.com/people/wangxuejiao
http://www.zhihu.com/people/bu-chen
http://www.zhihu.com/people/wang-tian-yuan-32
http://www.zhihu.com/people/yan-cheng-wang
http://www.zhihu.com/people/tounitony
http://www.zhihu.com/people/caulfield
http://www.zhihu.com/people/happycici
http://www.zhihu.com/people/ayqiu1984
http://www.zhihu.com/people/wang-wei-xiong
http://www.zhihu.com/people/zhou-qian-jun
http://www.zhihu.com/people/he-qi-41
http://www.zhihu.com/people/braite
http://www.zhihu.com/people/zhouyuan
http://www.zhihu.com/people/li-zhi-sheng-66
http://www.zhihu.com/people/xiaoyou-liu
http://www.zhihu.com/people/fishbubble
http://www.zhihu.com/people/hedwig88
http://www.zhihu.com/people/guxiaoque
http://www.zhihu.com/people/zhu-re-2
http://www.zhihu.com/people/Samuel1112
http://www.zhihu.com/people/li-dong-16-21
http://www.zhihu.com/people/zhang-ze-43
http://www.zhihu.com/people/laura-2
http://www.zhihu.com/people/huang-xiao-huang
http://www.zhihu.com/people/Kevin071
http://www.zhihu.com/people/subrays
http://www.zhihu.com/people/summer2flower
http://www.zhihu.com/people/byrd
http://www.zhihu.com/people/mrwc
http://www.zhihu.com/people/luoxiao
http://www.zhihu.com/people/zippera
http://www.zhihu.com/people/zhong-jie-67
http://www.zhihu.com/people/zhizhen
http://www.zhihu.com/people/qiong-lin
http://www.zhihu.com/people/anzai3
http://www.zhihu.com/people/teng-xin
http://www.zhihu.com/people/lee-52
http://www.zhihu.com/people/cuizhanya
http://www.zhihu.com/people/cuzhuwebhome
http://www.zhihu.com/people/hao-xiao-xu
http://www.zhihu.com/people/f.hugh
http://www.zhihu.com/people/leaderweb
http://www.zhihu.com/people/zhou-tao-31
http://www.zhihu.com/people/frank-17
http://www.zhihu.com/people/up-up-75
http://www.zhihu.com/people/rubysister
http://www.zhihu.com/people/alexon
http://www.zhihu.com/people/tomsheep
http://www.zhihu.com/people/skiff
http://www.zhihu.com/people/VegasWang
http://www.zhihu.com/people/fireos
http://www.zhihu.com/people/fengweizhou
http://www.zhihu.com/people/wu-dan-dan-24
http://www.zhihu.com/people/qiao-cui
http://www.zhihu.com/people/xu-yin-zhou
http://www.zhihu.com/people/jurtaxia
http://www.zhihu.com/people/wen-min-zhe
http://www.zhihu.com/people/coderx
http://www.zhihu.com/people/lumixixi
http://www.zhihu.com/people/wangpengyu
http://www.zhihu.com/people/zhao-er-68
http://www.zhihu.com/people/torres
http://www.zhihu.com/people/loafer
http://www.zhihu.com/people/ihuabing
http://www.zhihu.com/people/xi-bei-xin-he
http://www.zhihu.com/people/tanson
http://www.zhihu.com/people/loveisbug
http://www.zhihu.com/people/wu-yi-fan-79
http://www.zhihu.com/people/lynnchang
http://www.zhihu.com/people/juelu
http://www.zhihu.com/people/TheChyi
http://www.zhihu.com/people/prooxy
http://www.zhihu.com/people/jumbu
http://www.zhihu.com/people/qi-ying
http://www.zhihu.com/people/cheewu
http://www.zhihu.com/people/dyno
http://www.zhihu.com/people/zhen-zhen-95
http://www.zhihu.com/people/yediot
http://www.zhihu.com/people/guxizhao
http://www.zhihu.com/people/techoxygen
http://www.zhihu.com/people/kikiko
http://www.zhihu.com/people/myersguo
http://www.zhihu.com/people/huang-wei-ming-39
http://www.zhihu.com/people/zhang-chun-ye
http://www.zhihu.com/people/cloudyli
http://www.zhihu.com/people/zhang-shi-pu
http://www.zhihu.com/people/wang-min-jun
http://www.zhihu.com/people/jackie-69
http://www.zhihu.com/people/li-jin-bo
http://www.zhihu.com/people/rao-yu
http://www.zhihu.com/people/milky
http://www.zhihu.com/people/gongxin
http://www.zhihu.com/people/caoxiongfeng
http://www.zhihu.com/people/manymingge
http://www.zhihu.com/people/wakemeup
http://www.zhihu.com/people/seeklee
http://www.zhihu.com/people/laoyoung
http://www.zhihu.com/people/bluewhite
http://www.zhihu.com/people/zehua
http://www.zhihu.com/people/li-xuan-xu
http://www.zhihu.com/people/siuis
http://www.zhihu.com/people/li-jia-yuan-70
http://www.zhihu.com/people/li-rui-tong-40
http://www.zhihu.com/people/zouliping
http://www.zhihu.com/people/xu1ji
http://www.zhihu.com/people/windhk
http://www.zhihu.com/people/kouyubo
http://www.zhihu.com/people/abjkl
http://www.zhihu.com/people/nemofq
http://www.zhihu.com/people/bubu
http://www.zhihu.com/people/xiao-na-mary
http://www.zhihu.com/people/bonizai
http://www.zhihu.com/people/vict
http://www.zhihu.com/people/Spinnist
http://www.zhihu.com/people/zhang-shao-fei
http://www.zhihu.com/people/zhou-xiao-neng-56
http://www.zhihu.com/people/iyan
http://www.zhihu.com/people/tigerinme
http://www.zhihu.com/people/zengguihong
http://www.zhihu.com/people/liang-yu-fan
http://www.zhihu.com/people/li-rou-xing
http://www.zhihu.com/people/wei-hua-zhen
http://www.zhihu.com/people/hangyu
http://www.zhihu.com/people/IcyLisle
http://www.zhihu.com/people/a_kai
http://www.zhihu.com/people/wang-tao-43-95
http://www.zhihu.com/people/zhang-meng-meng-0927
http://www.zhihu.com/people/mi-fan-bu-tiao-shi
http://www.zhihu.com/people/chenjia404
http://www.zhihu.com/people/hong-ying-10
http://www.zhihu.com/people/wang-cheng-87
http://www.zhihu.com/people/wen-da-zhuang
http://www.zhihu.com/people/boviyoung
http://www.zhihu.com/people/jollychang
http://www.zhihu.com/people/mostlyharmful
http://www.zhihu.com/people/JoeyZhi
http://www.zhihu.com/people/noff
http://www.zhihu.com/people/kwongsek
http://www.zhihu.com/people/nicing
http://www.zhihu.com/people/liu-shi-shi
http://www.zhihu.com/people/janice1023zz
http://www.zhihu.com/people/zhang-hai-tao-84
http://www.zhihu.com/people/tianlu
http://www.zhihu.com/people/yi-bo-20
http://www.zhihu.com/people/li-jun-jian-52
http://www.zhihu.com/people/liang-chong
http://www.zhihu.com/people/tangsir
http://www.zhihu.com/people/zhang-dan-dan-23
http://www.zhihu.com/people/skycn
http://www.zhihu.com/people/gao-xing-93
http://www.zhihu.com/people/songzhibai
http://www.zhihu.com/people/ofzihan
http://www.zhihu.com/people/nonono
http://www.zhihu.com/people/danyun06
http://www.zhihu.com/people/wang-jin-bo-87
http://www.zhihu.com/people/kennygirl
http://www.zhihu.com/people/yujingye
http://www.zhihu.com/people/auspicesaint
http://www.zhihu.com/people/Cynthia.Z
http://www.zhihu.com/people/zhaobo
http://www.zhihu.com/people/tianwei
http://www.zhihu.com/people/zhao-yue-35-24
http://www.zhihu.com/people/liangzi
http://www.zhihu.com/people/mabel
http://www.zhihu.com/people/hong-wei-96
http://www.zhihu.com/people/jokerseek
http://www.zhihu.com/people/kejinqian
http://www.zhihu.com/people/3fun4
http://www.zhihu.com/people/RyanShang
http://www.zhihu.com/people/mario1990
http://www.zhihu.com/people/xianlei
http://www.zhihu.com/people/iamsuck
http://www.zhihu.com/people/lingers
http://www.zhihu.com/people/a-hun
http://www.zhihu.com/people/zhang-oli
http://www.zhihu.com/people/lowrain
http://www.zhihu.com/people/zhang-wen-qiang
http://www.zhihu.com/people/ma-ke-14
http://www.zhihu.com/people/shi-bing-wen
http://www.zhihu.com/people/Sleven
http://www.zhihu.com/people/shakechan
http://www.zhihu.com/people/zhang-yu-bo
http://www.zhihu.com/people/zhu-xi-62
http://www.zhihu.com/people/cd147
http://www.zhihu.com/people/witsky
http://www.zhihu.com/people/tian-min-cheng
http://www.zhihu.com/people/zhang-lin-ge
http://www.zhihu.com/people/keika
http://www.zhihu.com/people/ren-zhi-xing
http://www.zhihu.com/people/guo-zhao-liang
http://www.zhihu.com/people/dayulu
http://www.zhihu.com/people/heatherm
http://www.zhihu.com/people/mootii
http://www.zhihu.com/people/zhang-chen-ji
http://www.zhihu.com/people/guo-cheng-jie
http://www.zhihu.com/people/wang-yao-2
http://www.zhihu.com/people/seoxfeng
http://www.zhihu.com/people/ma-ying-long-64
http://www.zhihu.com/people/climber
http://www.zhihu.com/people/maozhiheng
http://www.zhihu.com/people/yechao
http://www.zhihu.com/people/zhao-si-cong
http://www.zhihu.com/people/li-zheng-16-26
http://www.zhihu.com/people/yexh
http://www.zhihu.com/people/zway
http://www.zhihu.com/people/li-qi-63
http://www.zhihu.com/people/zhangner
http://www.zhihu.com/people/bighead
http://www.zhihu.com/people/yellow
http://www.zhihu.com/people/zhangjianjun
http://www.zhihu.com/people/spawn83
http://www.zhihu.com/people/eric-64
http://www.zhihu.com/people/oyeoye
http://www.zhihu.com/people/guishou
http://www.zhihu.com/people/tony-hong-43
http://www.zhihu.com/people/InitialC
http://www.zhihu.com/people/huangyuqin
http://www.zhihu.com/people/paicha
http://www.zhihu.com/people/wang-wei-23
http://www.zhihu.com/people/iceblues
http://www.zhihu.com/people/jwfing
http://www.zhihu.com/people/qiao-xiao-hui-59
http://www.zhihu.com/people/ltang
http://www.zhihu.com/people/satie
http://www.zhihu.com/people/song-zong-mei
http://www.zhihu.com/people/chouthen
http://www.zhihu.com/people/sophiey
http://www.zhihu.com/people/man-shao-chen
http://www.zhihu.com/people/zhang-yong-22-66
http://www.zhihu.com/people/VVVVVivian
http://www.zhihu.com/people/feelwinds
http://www.zhihu.com/people/naturalne
http://www.zhihu.com/people/xiaoxidong
http://www.zhihu.com/people/nanamint
http://www.zhihu.com/people/yu2b
http://www.zhihu.com/people/boyan
http://www.zhihu.com/people/imlazyone
http://www.zhihu.com/people/zhouduo
http://www.zhihu.com/people/an-zhi-25
http://www.zhihu.com/people/michaelinspired
http://www.zhihu.com/people/liao-wei-90
http://www.zhihu.com/people/ding-dong-jing
http://www.zhihu.com/people/bewho
http://www.zhihu.com/people/changsheng
http://www.zhihu.com/people/nekor
http://www.zhihu.com/people/jin-hui-76
http://www.zhihu.com/people/huang-ke-wang
http://www.zhihu.com/people/vapours
http://www.zhihu.com/people/dong-gua-39
http://www.zhihu.com/people/xubihang
http://www.zhihu.com/people/haiger-25
http://www.zhihu.com/people/passenger
http://www.zhihu.com/people/sukiesunnn
http://www.zhihu.com/people/needrunning
http://www.zhihu.com/people/zhang-xiao-guo-83
http://www.zhihu.com/people/zengmin
http://www.zhihu.com/people/pandaslow
http://www.zhihu.com/people/javier
http://www.zhihu.com/people/sanjing
http://www.zhihu.com/people/chen-jian-33-39
http://www.zhihu.com/people/dzl61717003
http://www.zhihu.com/people/gregchen
http://www.zhihu.com/people/qiyongwong
http://www.zhihu.com/people/fancasy
http://www.zhihu.com/people/ji-qiang-22
http://www.zhihu.com/people/livem
http://www.zhihu.com/people/tooyoung
http://www.zhihu.com/people/liu-zhe-41
http://www.zhihu.com/people/qiu-chen-17
http://www.zhihu.com/people/sun-xiao-fan-30
http://www.zhihu.com/people/xie-lin-53-5
http://www.zhihu.com/people/peterzhang
http://www.zhihu.com/people/ling-ke
http://www.zhihu.com/people/lxk1111
http://www.zhihu.com/people/gousheng
http://www.zhihu.com/people/cheng-zeng-cun
http://www.zhihu.com/people/wang-___-lan
http://www.zhihu.com/people/dahuang
http://www.zhihu.com/people/yinwm
http://www.zhihu.com/people/wang-xin
http://www.zhihu.com/people/skylerzhang
http://www.zhihu.com/people/luoxr
http://www.zhihu.com/people/zhangxvliang
http://www.zhihu.com/people/jazzark
http://www.zhihu.com/people/dawn110110
http://www.zhihu.com/people/xie-wei-89
http://www.zhihu.com/people/noise
http://www.zhihu.com/people/gxzc73
http://www.zhihu.com/people/zhao-yi-long-22
http://www.zhihu.com/people/fang-ming-zi
http://www.zhihu.com/people/patto
http://www.zhihu.com/people/shenyou354
http://www.zhihu.com/people/treec
http://www.zhihu.com/people/xiao-ni-whu
http://www.zhihu.com/people/cuisaihu
http://www.zhihu.com/people/yydy
http://www.zhihu.com/people/cuniao
http://www.zhihu.com/people/lin-he-ping
http://www.zhihu.com/people/phos
http://www.zhihu.com/people/damtrick
http://www.zhihu.com/people/yan-shi-51
http://www.zhihu.com/people/pigletfly
http://www.zhihu.com/people/weifx
http://www.zhihu.com/people/nightraider
http://www.zhihu.com/people/zflairz
http://www.zhihu.com/people/sesame-36
http://www.zhihu.com/people/o00oo
http://www.zhihu.com/people/williamwoo
http://www.zhihu.com/people/dai-xiao-lan
http://www.zhihu.com/people/chen-qiu-xuan
http://www.zhihu.com/people/zhoucl
http://www.zhihu.com/people/vviv
http://www.zhihu.com/people/maopucheng
http://www.zhihu.com/people/yijiao06
http://www.zhihu.com/people/a-tong-mu-4
http://www.zhihu.com/people/flyingfish
http://www.zhihu.com/people/sgsheg
http://www.zhihu.com/people/uitony
http://www.zhihu.com/people/yixiaojie
http://www.zhihu.com/people/fang-liang
http://www.zhihu.com/people/cshhao
http://www.zhihu.com/people/heixiong
http://www.zhihu.com/people/liuzihua
http://www.zhihu.com/people/perry-song
http://www.zhihu.com/people/hozi
http://www.zhihu.com/people/xuzhe1224
http://www.zhihu.com/people/zkaip
http://www.zhihu.com/people/vanallia
http://www.zhihu.com/people/PeterDeng
http://www.zhihu.com/people/SailYang
http://www.zhihu.com/people/longchengfei
http://www.zhihu.com/people/bigface
http://www.zhihu.com/people/inmay
http://www.zhihu.com/people/qin-gen
http://www.zhihu.com/people/qiao-sheng-joe-48
http://www.zhihu.com/people/yangchengbo
http://www.zhihu.com/people/jiang-peng-13
http://www.zhihu.com/people/yucheng
http://www.zhihu.com/people/garhom
http://www.zhihu.com/people/jieqi11
http://www.zhihu.com/people/CMGS
http://www.zhihu.com/people/buzhiqiu
http://www.zhihu.com/people/du-mian-19
http://www.zhihu.com/people/qie-ge
http://www.zhihu.com/people/nullpointer
http://www.zhihu.com/people/zouhe
http://www.zhihu.com/people/iamin
http://www.zhihu.com/people/lu-chen-86
http://www.zhihu.com/people/pengyu
http://www.zhihu.com/people/chenzhenbo
http://www.zhihu.com/people/TrusBe
http://www.zhihu.com/people/tony-20
http://www.zhihu.com/people/ernesto
http://www.zhihu.com/people/leegang
http://www.zhihu.com/people/liu-xiao-hua-86
http://www.zhihu.com/people/noname-12
http://www.zhihu.com/people/jiang-ge
http://www.zhihu.com/people/lilele
http://www.zhihu.com/people/yang-cong-quan-man-tou
http://www.zhihu.com/people/chenruihong
http://www.zhihu.com/people/harbuzi
http://www.zhihu.com/people/lemal
http://www.zhihu.com/people/alonzotang
http://www.zhihu.com/people/luobiying
http://www.zhihu.com/people/rakka
http://www.zhihu.com/people/xiao-jian-ren-71
http://www.zhihu.com/people/qiuchao
http://www.zhihu.com/people/cai-li-yi
http://www.zhihu.com/people/wei-piao
http://www.zhihu.com/people/lin-fan-63-96
http://www.zhihu.com/people/wangge
http://www.zhihu.com/people/wang-zhi-zhi-82
http://www.zhihu.com/people/cynthiamoonlight
http://www.zhihu.com/people/tongjinghao
http://www.zhihu.com/people/hweeken
http://www.zhihu.com/people/chengyuan
http://www.zhihu.com/people/bo-wen-49
http://www.zhihu.com/people/guowenxin
http://www.zhihu.com/people/bo-li-zha-24
http://www.zhihu.com/people/liyan777
http://www.zhihu.com/people/guanxy
http://www.zhihu.com/people/oxygen
http://www.zhihu.com/people/eric1120
http://www.zhihu.com/people/da-bo-luo-20
http://www.zhihu.com/people/chen-mu-zhuang
http://www.zhihu.com/people/linglingfa
http://www.zhihu.com/people/bing-gun
http://www.zhihu.com/people/bobz
http://www.zhihu.com/people/qing-ru-xu
http://www.zhihu.com/people/fei-niao-wu-jiao
http://www.zhihu.com/people/51zhoubianyou
http://www.zhihu.com/people/Gabriella11
http://www.zhihu.com/people/wu-xiao-mo
http://www.zhihu.com/people/xiaoo
http://www.zhihu.com/people/zhuang-yuan-88
http://www.zhihu.com/people/mo0o0fsjmf0icbi
http://www.zhihu.com/people/gao-gang
http://www.zhihu.com/people/jaytags
http://www.zhihu.com/people/mescoda
http://www.zhihu.com/people/alan_zhang
http://www.zhihu.com/people/tiezhen
http://www.zhihu.com/people/liang-yuan-76
http://www.zhihu.com/people/highend
http://www.zhihu.com/people/huang-xiao-hui-2
http://www.zhihu.com/people/anyan
http://www.zhihu.com/people/cklover
http://www.zhihu.com/people/alex
http://www.zhihu.com/people/jason911
http://www.zhihu.com/people/zhuxiamuyue
http://www.zhihu.com/people/vision
http://www.zhihu.com/people/niu-he-qing
http://www.zhihu.com/people/afio
http://www.zhihu.com/people/LittleV
http://www.zhihu.com/people/Sam_Su
http://www.zhihu.com/people/ClutchBear
http://www.zhihu.com/people/liu-yan-yuan
http://www.zhihu.com/people/shunfeng
http://www.zhihu.com/people/casper
http://www.zhihu.com/people/yang-ping-zhun
http://www.zhihu.com/people/eloise
http://www.zhihu.com/people/li-feng-95
http://www.zhihu.com/people/chen-dong-ming
http://www.zhihu.com/people/zhangleo
http://www.zhihu.com/people/hefu
http://www.zhihu.com/people/supporter
http://www.zhihu.com/people/neaton
http://www.zhihu.com/people/burado
http://www.zhihu.com/people/tian-shun
http://www.zhihu.com/people/CharlieWoodss
http://www.zhihu.com/people/hackdata
http://www.zhihu.com/people/hu-qian-qiu
http://www.zhihu.com/people/xiangge
http://www.zhihu.com/people/chong
http://www.zhihu.com/people/var87
http://www.zhihu.com/people/wangping
http://www.zhihu.com/people/wind
http://www.zhihu.com/people/youthfilm
http://www.zhihu.com/people/facebook
http://www.zhihu.com/people/diablobear
http://www.zhihu.com/people/chanyuan
http://www.zhihu.com/people/gavenzhang
http://www.zhihu.com/people/pigeonfenwick
http://www.zhihu.com/people/blue
http://www.zhihu.com/people/liu-yan-wu
http://www.zhihu.com/people/zhangga
http://www.zhihu.com/people/chenglong
http://www.zhihu.com/people/laotao
http://www.zhihu.com/people/zhangh109
http://www.zhihu.com/people/qintao
http://www.zhihu.com/people/cong-yun
http://www.zhihu.com/people/yindaqiang
http://www.zhihu.com/people/blazingcd
http://www.zhihu.com/people/iiidche
http://www.zhihu.com/people/quiver
http://www.zhihu.com/people/starbury
http://www.zhihu.com/people/pu-xu-dong
http://www.zhihu.com/people/cooL
http://www.zhihu.com/people/qichong
http://www.zhihu.com/people/gymitat
http://www.zhihu.com/people/anoxia
http://www.zhihu.com/people/thinkevd
http://www.zhihu.com/people/sunrui
http://www.zhihu.com/people/jixin
http://www.zhihu.com/people/pillar
http://www.zhihu.com/people/kxboy
http://www.zhihu.com/people/qianjin
http://www.zhihu.com/people/akamark
http://www.zhihu.com/people/yu-ming-gu-wen-chen-tao
http://www.zhihu.com/people/mali
http://www.zhihu.com/people/riojiang
http://www.zhihu.com/people/horusming
http://www.zhihu.com/people/shijun
http://www.zhihu.com/people/phxwang
http://www.zhihu.com/people/psyduck
http://www.zhihu.com/people/izhidao
http://www.zhihu.com/people/lubenyuan.com
http://www.zhihu.com/people/kwoh
http://www.zhihu.com/people/tang-chen
http://www.zhihu.com/people/alvin
http://www.zhihu.com/people/kentzhu
http://www.zhihu.com/people/telemedia
http://www.zhihu.com/people/flytodie
http://www.zhihu.com/people/zhangxing
http://www.zhihu.com/people/xiaoyuyan
http://www.zhihu.com/people/hi3w
http://www.zhihu.com/people/sinlee
http://www.zhihu.com/people/mcbuder
http://www.zhihu.com/people/keso
