http://www.zhihu.com/people/claireququ
http://www.zhihu.com/people/cheng-hai-bo
http://www.zhihu.com/people/lulu-43
http://www.zhihu.com/people/zou-yu-lu
http://www.zhihu.com/people/zhuang-chao-90-18
http://www.zhihu.com/people/wang-zhe-58
http://www.zhihu.com/people/yuanyuan-lee
http://www.zhihu.com/people/ni-chang-jun
http://www.zhihu.com/people/clare-zhu
http://www.zhihu.com/people/zheng-helen
http://www.zhihu.com/people/thoreau-84
http://www.zhihu.com/people/eric-5
http://www.zhihu.com/people/bemo
http://www.zhihu.com/people/nyanzhang
http://www.zhihu.com/people/hu-di-57-16
http://www.zhihu.com/people/kong-bai
http://www.zhihu.com/people/lin-ang-ran
http://www.zhihu.com/people/idiot-32
http://www.zhihu.com/people/bruce-wu
http://www.zhihu.com/people/pang-luan-luan
http://www.zhihu.com/people/miao-cc-96
http://www.zhihu.com/people/wangchongyang
http://www.zhihu.com/people/wang-kun-69-12
http://www.zhihu.com/people/hu-dan-dan-17
http://www.zhihu.com/people/tao-tao-990
http://www.zhihu.com/people/wang-hao-ming-96
http://www.zhihu.com/people/shi-guai-bao-77
http://www.zhihu.com/people/jiang-yuan-bo-81
http://www.zhihu.com/people/puppylove
http://www.zhihu.com/people/faithskybelle
http://www.zhihu.com/people/zhong-hao-78
http://www.zhihu.com/people/bo-wen-49
http://www.zhihu.com/people/sunny-yu-72
http://www.zhihu.com/people/fan-ye-86
http://www.zhihu.com/people/chen-euler
http://www.zhihu.com/people/huang-xue-mei-83
http://www.zhihu.com/people/zhang-xing-xing-27
http://www.zhihu.com/people/luo-cheng-85-95
http://www.zhihu.com/people/donovan
http://www.zhihu.com/people/chen-wei-wei-37
http://www.zhihu.com/people/cui-yong-fang
http://www.zhihu.com/people/dlutwanghaoyu36
http://www.zhihu.com/people/face-li
http://www.zhihu.com/people/peng-xiao-yong-74
http://www.zhihu.com/people/lyndonneu
http://www.zhihu.com/people/tang-zi-qi-10
http://www.zhihu.com/people/techoxygen
http://www.zhihu.com/people/yi-da-1
http://www.zhihu.com/people/lu-meng-cheng
http://www.zhihu.com/people/stephanie-73
http://www.zhihu.com/people/conquer-you
http://www.zhihu.com/people/sun-cheng-cheng
http://www.zhihu.com/people/fensilemon
http://www.zhihu.com/people/happy10086
http://www.zhihu.com/people/guo-xun-16
http://www.zhihu.com/people/nior
http://www.zhihu.com/people/emily-zhao
http://www.zhihu.com/people/wang-zhong-lin-27
http://www.zhihu.com/people/ma-bei-bei-96
http://www.zhihu.com/people/whamaya
http://www.zhihu.com/people/qi-feng-70
http://www.zhihu.com/people/ma-wei-kuan-59
http://www.zhihu.com/people/liu-ze-cheng
http://www.zhihu.com/people/zhu-ming-chuan-28
http://www.zhihu.com/people/whodunnit
http://www.zhihu.com/people/VirgilMing
http://www.zhihu.com/people/cheng-fang-hang
http://www.zhihu.com/people/zhi-hu-75-20
http://www.zhihu.com/people/qingpei
http://www.zhihu.com/people/wang-yang-20-22
http://www.zhihu.com/people/i-first
http://www.zhihu.com/people/jackyxiong
http://www.zhihu.com/people/joker-86
http://www.zhihu.com/people/liu-bo-bo
http://www.zhihu.com/people/lanisle
http://www.zhihu.com/people/chen-su-44
http://www.zhihu.com/people/li-mu-qing-521
http://www.zhihu.com/people/dongdongqiang
http://www.zhihu.com/people/jayce
http://www.zhihu.com/people/job-46
http://www.zhihu.com/people/zhang-wenqi
http://www.zhihu.com/people/steveren
http://www.zhihu.com/people/zacharyxu
http://www.zhihu.com/people/zhou-zhen-81-42
http://www.zhihu.com/people/airspuer
http://www.zhihu.com/people/CNOoo
http://www.zhihu.com/people/congzhao
http://www.zhihu.com/people/yan-er-jane
http://www.zhihu.com/people/InitialC
http://www.zhihu.com/people/tlxue
http://www.zhihu.com/people/yang-cong-quan-man-tou
http://www.zhihu.com/people/zhangrongjie
http://www.zhihu.com/people/bai-yan-shang-guan
http://www.zhihu.com/people/hong-wei-96
http://www.zhihu.com/people/ji-ya-88
http://www.zhihu.com/people/zhao-xin-yu-27
http://www.zhihu.com/people/liu-xiao-huan-81
http://www.zhihu.com/people/qiyongwong
http://www.zhihu.com/people/ba-qi-95
http://www.zhihu.com/people/yi-an-yan
http://www.zhihu.com/people/leelooluu
http://www.zhihu.com/people/prealvin
http://www.zhihu.com/people/luki
http://www.zhihu.com/people/lizardxy
http://www.zhihu.com/people/zhang-hui-yu
http://www.zhihu.com/people/ran-ye
http://www.zhihu.com/people/peterlu
http://www.zhihu.com/people/lagrangee
http://www.zhihu.com/people/henrylui
http://www.zhihu.com/people/yshone
http://www.zhihu.com/people/wen-cheng-hui
http://www.zhihu.com/people/elichang
http://www.zhihu.com/people/fu-jia-qi
http://www.zhihu.com/people/shi-ying-18
http://www.zhihu.com/people/zhang-pei-cheng-0622
http://www.zhihu.com/people/guanxy
http://www.zhihu.com/people/zhao-kang-12
http://www.zhihu.com/people/southsoung
http://www.zhihu.com/people/Marshallpku
http://www.zhihu.com/people/jie-shuai-bing
http://www.zhihu.com/people/witsky
http://www.zhihu.com/people/hueidou163
http://www.zhihu.com/people/li-wen-wen-58
http://www.zhihu.com/people/huahui
http://www.zhihu.com/people/yang-lin-bo
http://www.zhihu.com/people/wang-chang-an
http://www.zhihu.com/people/bianco
http://www.zhihu.com/people/chang-xu-jian
http://www.zhihu.com/people/huangquanhj
http://www.zhihu.com/people/ghostcomputing
http://www.zhihu.com/people/liqiaoo
http://www.zhihu.com/people/yao-jian-wen
http://www.zhihu.com/people/anyan
http://www.zhihu.com/people/daming
http://www.zhihu.com/people/fa-jun
http://www.zhihu.com/people/rrandom
http://www.zhihu.com/people/yuening
http://www.zhihu.com/people/ClutchBear
http://www.zhihu.com/people/colorLee
http://www.zhihu.com/people/xie-song
http://www.zhihu.com/people/goodan
http://www.zhihu.com/people/beingv
http://www.zhihu.com/people/chenqiangpan
http://www.zhihu.com/people/wbpluto
http://www.zhihu.com/people/spekol
http://www.zhihu.com/people/browsnet
http://www.zhihu.com/people/huanggengtao
http://www.zhihu.com/people/liu-lai-ping
http://www.zhihu.com/people/sh382
http://www.zhihu.com/people/sunxiaonian
http://www.zhihu.com/people/gao-shi-bo
http://www.zhihu.com/people/coaku
http://www.zhihu.com/people/yangjiansky
http://www.zhihu.com/people/tan-jin-long
http://www.zhihu.com/people/huaijin
http://www.zhihu.com/people/huzishu
http://www.zhihu.com/people/struggling
http://www.zhihu.com/people/shushuhao
http://www.zhihu.com/people/feng-zi-9
http://www.zhihu.com/people/befinal
http://www.zhihu.com/people/mjl_zhihu
http://www.zhihu.com/people/youyiyui
http://www.zhihu.com/people/aprillyw
http://www.zhihu.com/people/zhaolisha
http://www.zhihu.com/people/jamiesun
http://www.zhihu.com/people/liu-xiao-che
http://www.zhihu.com/people/hardball
http://www.zhihu.com/people/Michal-Rain
http://www.zhihu.com/people/alex12121212
http://www.zhihu.com/people/zhang-duo-si
http://www.zhihu.com/people/dajin
http://www.zhihu.com/people/xu-yiming
http://www.zhihu.com/people/ghhhh
http://www.zhihu.com/people/ding-nan
http://www.zhihu.com/people/song-jian-56
http://www.zhihu.com/people/gaochen
http://www.zhihu.com/people/fang-yuan-69
http://www.zhihu.com/people/huang-zhen-xin
http://www.zhihu.com/people/wang-wan-ting
http://www.zhihu.com/people/luo-wei-60
http://www.zhihu.com/people/tesla1
http://www.zhihu.com/people/tu-zi-31-55
http://www.zhihu.com/people/boyhao
http://www.zhihu.com/people/wang-bin-68
http://www.zhihu.com/people/esalive
http://www.zhihu.com/people/chang-yu-ge
http://www.zhihu.com/people/niaogebiji
http://www.zhihu.com/people/pray
http://www.zhihu.com/people/zero-19
http://www.zhihu.com/people/suipengyu
http://www.zhihu.com/people/vincent-deng
http://www.zhihu.com/people/cong-yang
http://www.zhihu.com/people/pigletfly
http://www.zhihu.com/people/fevone
http://www.zhihu.com/people/guo-jin-lei
http://www.zhihu.com/people/heyinana
http://www.zhihu.com/people/rocandroll
http://www.zhihu.com/people/ideamonger
http://www.zhihu.com/people/zhang-ji-jun
http://www.zhihu.com/people/billhan
http://www.zhihu.com/people/yami-86
http://www.zhihu.com/people/voclano
http://www.zhihu.com/people/zhilishu
http://www.zhihu.com/people/lqik2004
http://www.zhihu.com/people/dandanone
http://www.zhihu.com/people/xu-guang-yuan
http://www.zhihu.com/people/zhu-yan-dong
http://www.zhihu.com/people/wang-shuai-49
http://www.zhihu.com/people/jason-fang
http://www.zhihu.com/people/yexh
http://www.zhihu.com/people/ck4ever
http://www.zhihu.com/people/timwen
http://www.zhihu.com/people/sheng-yi-sladen
http://www.zhihu.com/people/quiescence
http://www.zhihu.com/people/xie-zi-74
http://www.zhihu.com/people/idwalker
http://www.zhihu.com/people/laycher
http://www.zhihu.com/people/verso
http://www.zhihu.com/people/Toyqiu
http://www.zhihu.com/people/allenjtchen
http://www.zhihu.com/people/billdozer
http://www.zhihu.com/people/hao-wei-guang
http://www.zhihu.com/people/midana
http://www.zhihu.com/people/hackwriter
http://www.zhihu.com/people/r-q-r
http://www.zhihu.com/people/madbigg
http://www.zhihu.com/people/multiple1902
http://www.zhihu.com/people/tonyhead
http://www.zhihu.com/people/lu-shui-shui
http://www.zhihu.com/people/wend
http://www.zhihu.com/people/sming
http://www.zhihu.com/people/miao-si-ji
http://www.zhihu.com/people/s1026
http://www.zhihu.com/people/nan-guo-35
http://www.zhihu.com/people/guo-yao-16
http://www.zhihu.com/people/funthomas
http://www.zhihu.com/people/lizheng-27
http://www.zhihu.com/people/coco
http://www.zhihu.com/people/zhang-feng-71
http://www.zhihu.com/people/feng-chun-yan-20
http://www.zhihu.com/people/yuzhuoran
http://www.zhihu.com/people/yu-lu
http://www.zhihu.com/people/passionke
http://www.zhihu.com/people/daodao
http://www.zhihu.com/people/wu-kong-47
http://www.zhihu.com/people/gracechen
http://www.zhihu.com/people/zhu-yi-nan
http://www.zhihu.com/people/wang-heng-chong
http://www.zhihu.com/people/elvyo
http://www.zhihu.com/people/snailhuangyi
http://www.zhihu.com/people/dream_on
http://www.zhihu.com/people/chensong
http://www.zhihu.com/people/livecn
http://www.zhihu.com/people/neaton
http://www.zhihu.com/people/wind
http://www.zhihu.com/people/stelladingding
