http://www.zhihu.com/people/wang-xue-xue-4
http://www.zhihu.com/people/jin-tong-bao
http://www.zhihu.com/people/xiong-shen-chu
http://www.zhihu.com/people/congzhao
http://www.zhihu.com/people/wu-yao-bo
http://www.zhihu.com/people/zhangdashe
http://www.zhihu.com/people/bao-ya-shu
http://www.zhihu.com/people/mrkoo-40
http://www.zhihu.com/people/chenruixuan
http://www.zhihu.com/people/da-li-46
http://www.zhihu.com/people/yu-yong-54
http://www.zhihu.com/people/woundman
http://www.zhihu.com/people/a-kid
http://www.zhihu.com/people/wade-12
http://www.zhihu.com/people/gui-sheng-74
http://www.zhihu.com/people/jiang-hong-xi-28
http://www.zhihu.com/people/pang-luan-luan
http://www.zhihu.com/people/craftsman
http://www.zhihu.com/people/fanxiaojie
http://www.zhihu.com/people/niubishanshan
http://www.zhihu.com/people/troubledwater
http://www.zhihu.com/people/kim-kong
http://www.zhihu.com/people/xian-yu-bo
http://www.zhihu.com/people/chouthen
http://www.zhihu.com/people/baryeah
http://www.zhihu.com/people/yuan-hao-jun
http://www.zhihu.com/people/wang-bei-jing
http://www.zhihu.com/people/samyhello
http://www.zhihu.com/people/tian-tian-16-5
http://www.zhihu.com/people/wang-bo-5-59
http://www.zhihu.com/people/cao-wen-xuan
http://www.zhihu.com/people/shuang-mu-5
http://www.zhihu.com/people/rendy
http://www.zhihu.com/people/fang-liang-76
http://www.zhihu.com/people/li-cheng-dice
http://www.zhihu.com/people/diqidao
http://www.zhihu.com/people/han-sha-luo-yan
http://www.zhihu.com/people/guo-lu-shi
http://www.zhihu.com/people/zheng-tao-64
http://www.zhihu.com/people/luo-ke-xian-sheng
http://www.zhihu.com/people/he-bu-ke
http://www.zhihu.com/people/zhang-wei-85-62
http://www.zhihu.com/people/cold-cold
http://www.zhihu.com/people/tang-jing-yu-24
http://www.zhihu.com/people/hu-nicholas
http://www.zhihu.com/people/Mr.guo
http://www.zhihu.com/people/li-gao-ren
http://www.zhihu.com/people/salleeshi
http://www.zhihu.com/people/wujinzhi
http://www.zhihu.com/people/ryan-73-42
http://www.zhihu.com/people/song-xue-wei-29
http://www.zhihu.com/people/zhang-xiao-qiang
http://www.zhihu.com/people/zhang-hao-91-6
http://www.zhihu.com/people/jueshihaojian
http://www.zhihu.com/people/bhuztez
http://www.zhihu.com/people/cheng-mu-zhi
http://www.zhihu.com/people/newblue
http://www.zhihu.com/people/zzpzhihu
http://www.zhihu.com/people/guo-yu-er
http://www.zhihu.com/people/chen-jun-jie-23-33
http://www.zhihu.com/people/alice-45-16
http://www.zhihu.com/people/zhang-lei-80-10
http://www.zhihu.com/people/shen-ya-nan-44
http://www.zhihu.com/people/wang-zu-shun
http://www.zhihu.com/people/xiao-meng-24
http://www.zhihu.com/people/li-guo-bao-43
http://www.zhihu.com/people/mandy-wong-12
http://www.zhihu.com/people/yang-yu-60
http://www.zhihu.com/people/xiao-chu
http://www.zhihu.com/people/leverly
http://www.zhihu.com/people/ming-yue-70
http://www.zhihu.com/people/kang-xi-58
http://www.zhihu.com/people/graphic
http://www.zhihu.com/people/huan-xun-85
http://www.zhihu.com/people/jasonxu-86
http://www.zhihu.com/people/mask-70
http://www.zhihu.com/people/wang-hao-70-66
http://www.zhihu.com/people/techzi
http://www.zhihu.com/people/ikindle
http://www.zhihu.com/people/iammutex
http://www.zhihu.com/people/kaifeng-jin
http://www.zhihu.com/people/wang-jiang-89
http://www.zhihu.com/people/qmzzn
http://www.zhihu.com/people/weilaidehuoche
http://www.zhihu.com/people/dong-chao-19
http://www.zhihu.com/people/byron-lee-8
http://www.zhihu.com/people/vanished
http://www.zhihu.com/people/wang-qian-34-77
http://www.zhihu.com/people/li-chuang-45
http://www.zhihu.com/people/dong-ming-xuan
http://www.zhihu.com/people/yi-meng-63
http://www.zhihu.com/people/geekan
http://www.zhihu.com/people/yiwei-55
http://www.zhihu.com/people/xia-tian-64-35
http://www.zhihu.com/people/mo-jie
http://www.zhihu.com/people/longdeqidao
http://www.zhihu.com/people/zyterence
http://www.zhihu.com/people/xie-wei-you
http://www.zhihu.com/people/wang-george-82
http://www.zhihu.com/people/robertding
http://www.zhihu.com/people/chen-wei-bin-40
http://www.zhihu.com/people/yao-pei-sen
http://www.zhihu.com/people/wu-ge-86-13
http://www.zhihu.com/people/cfc4n
http://www.zhihu.com/people/liu-hai-bo-99-41
http://www.zhihu.com/people/xu-xue-hen
http://www.zhihu.com/people/guqiangqiang
http://www.zhihu.com/people/bjchaodaye
http://www.zhihu.com/people/lei-xiao-hua-16
http://www.zhihu.com/people/yuanrong
http://www.zhihu.com/people/tan-ri-tian
http://www.zhihu.com/people/wang-chao-38
http://www.zhihu.com/people/zhu-yixin-42
http://www.zhihu.com/people/liu-chang-38
http://www.zhihu.com/people/wang-zhi-cheng-24
http://www.zhihu.com/people/thenry
http://www.zhihu.com/people/cheung-tim
http://www.zhihu.com/people/lin-zi-27-39
http://www.zhihu.com/people/zhang-zhao-20
http://www.zhihu.com/people/xhacker
http://www.zhihu.com/people/he-yuan-sheng
http://www.zhihu.com/people/chen-ran-35-93
http://www.zhihu.com/people/chengzhoukun
http://www.zhihu.com/people/xi-yun-77
http://www.zhihu.com/people/clairewang0326
http://www.zhihu.com/people/zhumo0.0
http://www.zhihu.com/people/_2_d_
http://www.zhihu.com/people/jiangqinyi
http://www.zhihu.com/people/pan-shi-chen
http://www.zhihu.com/people/ethan-54
http://www.zhihu.com/people/chu-xiao-ying-13
http://www.zhihu.com/people/delab
http://www.zhihu.com/people/jiang-dong-52
http://www.zhihu.com/people/shu-yun-36
http://www.zhihu.com/people/wang-rui-qi-94
http://www.zhihu.com/people/yu-wen-jun
http://www.zhihu.com/people/pi1ot
http://www.zhihu.com/people/zhang-bo-67-32
http://www.zhihu.com/people/xing-yi-xun
http://www.zhihu.com/people/guo-zhu-99-96
http://www.zhihu.com/people/qiu-teng-jiang
http://www.zhihu.com/people/jonson-fang
http://www.zhihu.com/people/Dr-hao
http://www.zhihu.com/people/zec-5
http://www.zhihu.com/people/tonydeng
http://www.zhihu.com/people/shen-li-bo
http://www.zhihu.com/people/yang-qi-bin
http://www.zhihu.com/people/xsheng-13
http://www.zhihu.com/people/asaka
http://www.zhihu.com/people/aCayF
http://www.zhihu.com/people/leunggamciu
http://www.zhihu.com/people/fengzee-me
http://www.zhihu.com/people/wang-yin-feng
http://www.zhihu.com/people/humanSprite
http://www.zhihu.com/people/kevin-21-5
http://www.zhihu.com/people/gu-zhong-heng
http://www.zhihu.com/people/godEGS
http://www.zhihu.com/people/wolf0403
http://www.zhihu.com/people/zzllss
http://www.zhihu.com/people/butcherv
http://www.zhihu.com/people/chen-jia-lin-68
http://www.zhihu.com/people/zhang-tian-cheng-22
http://www.zhihu.com/people/li-li-86-60
http://www.zhihu.com/people/liang-wei-jin
http://www.zhihu.com/people/chen-wen-xuan-82
http://www.zhihu.com/people/geniusvczh
http://www.zhihu.com/people/evanhan
http://www.zhihu.com/people/lv-kun
http://www.zhihu.com/people/Xieyiyao
http://www.zhihu.com/people/stela
http://www.zhihu.com/people/wang-ling-shan
http://www.zhihu.com/people/wu-zheng-35
http://www.zhihu.com/people/kingsam-chen
http://www.zhihu.com/people/jing-xiao-liang
http://www.zhihu.com/people/huangdingben
http://www.zhihu.com/people/zhu-dong-hui-53
http://www.zhihu.com/people/zhang-wei-8-73
http://www.zhihu.com/people/hd11e
http://www.zhihu.com/people/wang-lin-20-82
http://www.zhihu.com/people/yetone
http://www.zhihu.com/people/jiangshiyi007
http://www.zhihu.com/people/wang-lei-78-56
http://www.zhihu.com/people/dai-xiao-lan
http://www.zhihu.com/people/_zhao_xu_
http://www.zhihu.com/people/oldmonk
http://www.zhihu.com/people/mingxinglai.com
http://www.zhihu.com/people/mo0o0fsjmf0icbi
http://www.zhihu.com/people/mo-shen-94
http://www.zhihu.com/people/Captain-Z
http://www.zhihu.com/people/fang-fang-er
http://www.zhihu.com/people/luaer
http://www.zhihu.com/people/game-web
http://www.zhihu.com/people/cong-cong-71-47
http://www.zhihu.com/people/bobshamrock
http://www.zhihu.com/people/zhong-ye-zi-49
http://www.zhihu.com/people/mario1990
http://www.zhihu.com/people/changfan
http://www.zhihu.com/people/xiaomacai
http://www.zhihu.com/people/deng-xin-meng
http://www.zhihu.com/people/wkonline94o
http://www.zhihu.com/people/jiang-xiang-ling
http://www.zhihu.com/people/tan-tan-46
http://www.zhihu.com/people/YingZiYuan
http://www.zhihu.com/people/suziewong
http://www.zhihu.com/people/zhuchongyang
http://www.zhihu.com/people/chen-yang-yang-4
http://www.zhihu.com/people/iyucci
http://www.zhihu.com/people/goldegg
http://www.zhihu.com/people/tcstar
http://www.zhihu.com/people/huang-wei-yun
http://www.zhihu.com/people/alex
http://www.zhihu.com/people/hangzhi
http://www.zhihu.com/people/qihao
http://www.zhihu.com/people/mao-xu-27
http://www.zhihu.com/people/steveren
http://www.zhihu.com/people/tony-hong-43
http://www.zhihu.com/people/zhang-jie-96-88
http://www.zhihu.com/people/liang-yu-fan
http://www.zhihu.com/people/endlessturelove
http://www.zhihu.com/people/zhangyun
http://www.zhihu.com/people/bo-wen-49
http://www.zhihu.com/people/colaghost
http://www.zhihu.com/people/liu-lu-61-80
http://www.zhihu.com/people/TrusBe
http://www.zhihu.com/people/qian-wen-bin
http://www.zhihu.com/people/kneadtime
http://www.zhihu.com/people/kuang-kuang-15
http://www.zhihu.com/people/long-bing-hua
http://www.zhihu.com/people/wu-ying-48
http://www.zhihu.com/people/wang-yi-fan-40
http://www.zhihu.com/people/antestad
http://www.zhihu.com/people/li-ha-ha-leo
http://www.zhihu.com/people/yujingyi
http://www.zhihu.com/people/han-yan-hui
http://www.zhihu.com/people/yi-sen-8
http://www.zhihu.com/people/gao-da-li
http://www.zhihu.com/people/zhu-huan-jie
http://www.zhihu.com/people/tian-feng-lin
http://www.zhihu.com/people/Sweetie-yu
http://www.zhihu.com/people/hu-jacky
http://www.zhihu.com/people/wang-shu-ji
http://www.zhihu.com/people/li-peng-yu
http://www.zhihu.com/people/deasen
http://www.zhihu.com/people/lispor
http://www.zhihu.com/people/techoxygen
http://www.zhihu.com/people/wang-xiao-bai-95
http://www.zhihu.com/people/wu-ya-54
http://www.zhihu.com/people/fang-yuan
http://www.zhihu.com/people/cheng-xi-7-23
http://www.zhihu.com/people/zhang-wei-zhong
http://www.zhihu.com/people/xulei-92
http://www.zhihu.com/people/jia-bai
http://www.zhihu.com/people/callmecoco
http://www.zhihu.com/people/sam-40
http://www.zhihu.com/people/wang-xun-91
http://www.zhihu.com/people/cornkiller
http://www.zhihu.com/people/mi-lu-50
http://www.zhihu.com/people/yibubu2012
http://www.zhihu.com/people/marcolai
http://www.zhihu.com/people/cabinw
http://www.zhihu.com/people/robingbing
http://www.zhihu.com/people/shiningray
http://www.zhihu.com/people/wang-xuan-yi-8
http://www.zhihu.com/people/laiyonghao
http://www.zhihu.com/people/jhhuawei.com
http://www.zhihu.com/people/tapir
http://www.zhihu.com/people/Paitanapilahmima
http://www.zhihu.com/people/sister
http://www.zhihu.com/people/egmkang
http://www.zhihu.com/people/lirongwei
http://www.zhihu.com/people/john-28
http://www.zhihu.com/people/T0DD
http://www.zhihu.com/people/wu-wei-96-47
http://www.zhihu.com/people/li-yao-15
http://www.zhihu.com/people/yaocoder
http://www.zhihu.com/people/haiger-25
http://www.zhihu.com/people/nihaiyu
http://www.zhihu.com/people/zhang_lei
http://www.zhihu.com/people/chen-lin-90
http://www.zhihu.com/people/sun-jun-feng
http://www.zhihu.com/people/rico-42
http://www.zhihu.com/people/snakeeye
http://www.zhihu.com/people/feng-dong
http://www.zhihu.com/people/sagasw
http://www.zhihu.com/people/mrsunli
http://www.zhihu.com/people/lu-xue-lin
http://www.zhihu.com/people/wu-hai-25
http://www.zhihu.com/people/pillar
http://www.zhihu.com/people/zhou-jin-song
http://www.zhihu.com/people/xcodeman
http://www.zhihu.com/people/zhang-xiao-jie-82
http://www.zhihu.com/people/onestar
http://www.zhihu.com/people/vayn
http://www.zhihu.com/people/tlwu
http://www.zhihu.com/people/noiplee
http://www.zhihu.com/people/airspuer
http://www.zhihu.com/people/alexzhan
http://www.zhihu.com/people/9tail
http://www.zhihu.com/people/baiyanhuang
http://www.zhihu.com/people/huanghuihui1991
http://www.zhihu.com/people/liuhao
http://www.zhihu.com/people/li-xu-dong-59
http://www.zhihu.com/people/li-jie-50
http://www.zhihu.com/people/chen-cheng-long
http://www.zhihu.com/people/coolxing
http://www.zhihu.com/people/heng-xing-will
http://www.zhihu.com/people/liu-qi-ming-71
http://www.zhihu.com/people/zhao-yan-dao
http://www.zhihu.com/people/di-xiao-bin
http://www.zhihu.com/people/fatianxia
http://www.zhihu.com/people/dongyi
http://www.zhihu.com/people/syhtayu
http://www.zhihu.com/people/jackjajack
http://www.zhihu.com/people/damon-94
http://www.zhihu.com/people/han-zi-ru-73
http://www.zhihu.com/people/tang-yun-he
http://www.zhihu.com/people/fang-hai-bo-93
http://www.zhihu.com/people/yskin
http://www.zhihu.com/people/foxiang
http://www.zhihu.com/people/mo-zhu-18
http://www.zhihu.com/people/gnap
http://www.zhihu.com/people/hoterran
http://www.zhihu.com/people/yang-cong-quan-man-tou
http://www.zhihu.com/people/zhouyuan
http://www.zhihu.com/people/holsety
http://www.zhihu.com/people/peterlu
http://www.zhihu.com/people/jixin
http://www.zhihu.com/people/xuzhihong
http://www.zhihu.com/people/ekamiao
http://www.zhihu.com/people/liu-wei-59
