http://www.zhihu.com/people/xmslient
http://www.zhihu.com/people/shen-yue
http://www.zhihu.com/people/ding-tao-30
http://www.zhihu.com/people/ying-49
http://www.zhihu.com/people/ji-wang-hao
http://www.zhihu.com/people/liu-jin-long-44
http://www.zhihu.com/people/ai-ling-sha-70
http://www.zhihu.com/people/huangtianwen
http://www.zhihu.com/people/tomheng
http://www.zhihu.com/people/wang-tao-74-74
http://www.zhihu.com/people/jin-yu-shao-nu
http://www.zhihu.com/people/xiang-pei
http://www.zhihu.com/people/leegang
http://www.zhihu.com/people/kennylin911
http://www.zhihu.com/people/zhao-upup
http://www.zhihu.com/people/khowarizmi
http://www.zhihu.com/people/zhou-yu-19-84
http://www.zhihu.com/people/liberty
http://www.zhihu.com/people/wang-hai-bo-44
http://www.zhihu.com/people/xiao-shan-78-50
http://www.zhihu.com/people/wang-jing-27-65
http://www.zhihu.com/people/ayr1
http://www.zhihu.com/people/yu-meng-xian-76
http://www.zhihu.com/people/xia-li-li-11-66
http://www.zhihu.com/people/liu-xiao-guai-89
http://www.zhihu.com/people/he-min-39-90
http://www.zhihu.com/people/zhao-yang-xin
http://www.zhihu.com/people/jason-34-47
http://www.zhihu.com/people/wang-zhen-ya-94
http://www.zhihu.com/people/wang-xiao-xiao-38-6
http://www.zhihu.com/people/mu-hua-94
http://www.zhihu.com/people/parke
http://www.zhihu.com/people/basaja
http://www.zhihu.com/people/zhuhuhu
http://www.zhihu.com/people/a-deng-3
http://www.zhihu.com/people/mu-ge-9
http://www.zhihu.com/people/jia-shun-26
http://www.zhihu.com/people/han-liang-hanl
http://www.zhihu.com/people/change2013
http://www.zhihu.com/people/yao-mao-3
http://www.zhihu.com/people/mo-ran-72
http://www.zhihu.com/people/e-tong
http://www.zhihu.com/people/wang-min-jun
http://www.zhihu.com/people/dai-lai-27
http://www.zhihu.com/people/ding-ding-84-86
http://www.zhihu.com/people/xiong-hou-hou
http://www.zhihu.com/people/jun-yi-14
http://www.zhihu.com/people/du-ran-26
http://www.zhihu.com/people/wu-min-jie-32
http://www.zhihu.com/people/chen-hao-40-4
http://www.zhihu.com/people/fan-fan-40-41
http://www.zhihu.com/people/jiggersong
http://www.zhihu.com/people/jun-ze-62
http://www.zhihu.com/people/zhang-zuo-xiang
http://www.zhihu.com/people/qiaoerenwu
http://www.zhihu.com/people/ji-xu-sheng-65
http://www.zhihu.com/people/phos
http://www.zhihu.com/people/niu-ji-ye
http://www.zhihu.com/people/li-lei-29-68
http://www.zhihu.com/people/qian-jing-wei
http://www.zhihu.com/people/sun-kao-pu
http://www.zhihu.com/people/ma-zhong-58
http://www.zhihu.com/people/zhi-yue-40
http://www.zhihu.com/people/wang-han
http://www.zhihu.com/people/KinKanDesu
http://www.zhihu.com/people/ji-ran-ran-31
http://www.zhihu.com/people/yin-juan
http://www.zhihu.com/people/zhang-zhi-yuan-71
http://www.zhihu.com/people/khaki-29
http://www.zhihu.com/people/jerry_lee
http://www.zhihu.com/people/yin-ni-ma
http://www.zhihu.com/people/yediot
http://www.zhihu.com/people/liang-dan-dan-97
http://www.zhihu.com/people/moziju
http://www.zhihu.com/people/feelingchu
http://www.zhihu.com/people/paprikaz
http://www.zhihu.com/people/hao-zi-wathur
http://www.zhihu.com/people/yizhen-jian-xue
http://www.zhihu.com/people/zhang-ke-84
http://www.zhihu.com/people/pan-shi-yun
http://www.zhihu.com/people/qing-ji-57
http://www.zhihu.com/people/zheng-cheng-ze
http://www.zhihu.com/people/yang-jun-jie-43
http://www.zhihu.com/people/xiao-bei-97-59
http://www.zhihu.com/people/wang-ban-xian
http://www.zhihu.com/people/li-xiao-ge-1993
http://www.zhihu.com/people/kimily-chu
http://www.zhihu.com/people/mazimin
http://www.zhihu.com/people/xm-wd-51
http://www.zhihu.com/people/John.z
http://www.zhihu.com/people/liu-yun-niang
http://www.zhihu.com/people/gundam215
http://www.zhihu.com/people/lu-xiao-yao-40
http://www.zhihu.com/people/wade-dwyane-13
http://www.zhihu.com/people/bai-ye-51
http://www.zhihu.com/people/xu-shuo-fei
http://www.zhihu.com/people/ma-zi-chao-26
http://www.zhihu.com/people/wu-zhi-mi
http://www.zhihu.com/people/li-xiao-jing-82
http://www.zhihu.com/people/yong-heng-talmud
http://www.zhihu.com/people/yuan-kun-60
http://www.zhihu.com/people/yang-xiao-xie-60
http://www.zhihu.com/people/deutsch-99
http://www.zhihu.com/people/dong-xi-78-92
http://www.zhihu.com/people/xie-yishan
http://www.zhihu.com/people/swxstarry
http://www.zhihu.com/people/peng-hui-jian
http://www.zhihu.com/people/hang-cha-cha
http://www.zhihu.com/people/li-bin-77-75
http://www.zhihu.com/people/fu-dou-jia
http://www.zhihu.com/people/bi-peng
http://www.zhihu.com/people/malance1019
http://www.zhihu.com/people/yan-yan-41-19
http://www.zhihu.com/people/wen-da-ya-55
http://www.zhihu.com/people/liu-shuai-55-43
http://www.zhihu.com/people/joe-joe-84
http://www.zhihu.com/people/huang-fu-gou-dan
http://www.zhihu.com/people/guo-da-meng-45
http://www.zhihu.com/people/yuan-lin-56-60
http://www.zhihu.com/people/xiao-fei-fei-90
http://www.zhihu.com/people/YEESA
http://www.zhihu.com/people/jun-lin-29
http://www.zhihu.com/people/xu-jie-65-87
http://www.zhihu.com/people/lucas-18-13
http://www.zhihu.com/people/yujinfeng
http://www.zhihu.com/people/kayzhang
http://www.zhihu.com/people/feizan
http://www.zhihu.com/people/lu-zhang-57
http://www.zhihu.com/people/wang-da-tao-73
http://www.zhihu.com/people/jackhamans
http://www.zhihu.com/people/yuan-xiao-mei
http://www.zhihu.com/people/li-bo-yu-85
http://www.zhihu.com/people/tsingbo
http://www.zhihu.com/people/li-hua-jiang
http://www.zhihu.com/people/nanxing-li
http://www.zhihu.com/people/yu-zhe-32-34
http://www.zhihu.com/people/olive-sweet
http://www.zhihu.com/people/mo-xiao-jing-53
http://www.zhihu.com/people/an-an-88-67
http://www.zhihu.com/people/liu-jia-wei-45
http://www.zhihu.com/people/xiao-chu
http://www.zhihu.com/people/chen-feng-46
http://www.zhihu.com/people/zhang-mu-zu
http://www.zhihu.com/people/shakechan
http://www.zhihu.com/people/guo-guo-46-7
http://www.zhihu.com/people/yong-62
http://www.zhihu.com/people/zhang-yi-fan-48
http://www.zhihu.com/people/raymond-1
http://www.zhihu.com/people/yu-ya-fei
http://www.zhihu.com/people/peng-yi-zhun
http://www.zhihu.com/people/happy10086
http://www.zhihu.com/people/gao-ming-51-66
http://www.zhihu.com/people/0xygen
http://www.zhihu.com/people/cheng-jia-peng
http://www.zhihu.com/people/zhihu_weekly
http://www.zhihu.com/people/li-si-gu-niang
http://www.zhihu.com/people/lu-hao-4
http://www.zhihu.com/people/hua-wu-60
http://www.zhihu.com/people/yang-yuan-40
http://www.zhihu.com/people/hu-di-57-16
http://www.zhihu.com/people/xie-zhi-qiu-14
http://www.zhihu.com/people/heng-si-meng
http://www.zhihu.com/people/huang-ai-xiang
http://www.zhihu.com/people/doria-cui-27
http://www.zhihu.com/people/chen-da-gou-18
http://www.zhihu.com/people/shu-le-an-ding
http://www.zhihu.com/people/marc-21
http://www.zhihu.com/people/chen-jing-50-86
http://www.zhihu.com/people/yuan-liu-84
http://www.zhihu.com/people/xiang-dang-dang-47
http://www.zhihu.com/people/wei-jia-cheng-20
http://www.zhihu.com/people/liu-xin-ruo
http://www.zhihu.com/people/ture
http://www.zhihu.com/people/zhu-bo-tao
http://www.zhihu.com/people/sasan
http://www.zhihu.com/people/li-li-86-60
http://www.zhihu.com/people/koofrank
http://www.zhihu.com/people/zhu-dong-hui-53
http://www.zhihu.com/people/Luo
http://www.zhihu.com/people/xie-han-yu-88
http://www.zhihu.com/people/pandaslow
http://www.zhihu.com/people/wang-zhi-ran
http://www.zhihu.com/people/zhang-meng-meng-0927
http://www.zhihu.com/people/karryzhang
http://www.zhihu.com/people/hensejz
http://www.zhihu.com/people/chentu
http://www.zhihu.com/people/gauin
http://www.zhihu.com/people/zhou-yong-liang
http://www.zhihu.com/people/RyanShang
http://www.zhihu.com/people/chobitsqueen
http://www.zhihu.com/people/lin-wang-wei
http://www.zhihu.com/people/cuizihao
http://www.zhihu.com/people/xiao-xiong-51
http://www.zhihu.com/people/wei-zhi-cheng
http://www.zhihu.com/people/chrisishungry
http://www.zhihu.com/people/scfd
http://www.zhihu.com/people/gao-xing-93
http://www.zhihu.com/people/uitony
http://www.zhihu.com/people/kentzhu
http://www.zhihu.com/people/roc3188
http://www.zhihu.com/people/ianks
http://www.zhihu.com/people/guo-yan-ling
http://www.zhihu.com/people/enic
http://www.zhihu.com/people/zhou-ze-feng
http://www.zhihu.com/people/yuuto
http://www.zhihu.com/people/stephanie-73
http://www.zhihu.com/people/gaopingli
http://www.zhihu.com/people/a-hun
http://www.zhihu.com/people/mirrorking
http://www.zhihu.com/people/ni-da-ye-40-87
http://www.zhihu.com/people/hijintao
http://www.zhihu.com/people/shi-yilang-cai
http://www.zhihu.com/people/horace
http://www.zhihu.com/people/s-x-44
http://www.zhihu.com/people/jtang
http://www.zhihu.com/people/iSONY
http://www.zhihu.com/people/heidixie
http://www.zhihu.com/people/yang-ying-ya
http://www.zhihu.com/people/wei-ke-duo
http://www.zhihu.com/people/firas
http://www.zhihu.com/people/linkinmars
http://www.zhihu.com/people/wang-er-zhen
http://www.zhihu.com/people/EvanDy
http://www.zhihu.com/people/zhang-kai-lei-29
http://www.zhihu.com/people/gooroo
http://www.zhihu.com/people/imliuwenzhi
http://www.zhihu.com/people/jadexlaw
http://www.zhihu.com/people/techoxygen
http://www.zhihu.com/people/lin-xiang
http://www.zhihu.com/people/odomzhen
http://www.zhihu.com/people/xu-guo-hui
http://www.zhihu.com/people/tangsir
http://www.zhihu.com/people/yukimdom
http://www.zhihu.com/people/yan-yan-66
http://www.zhihu.com/people/chenzhongce
http://www.zhihu.com/people/zhang-zhang
http://www.zhihu.com/people/wang-jia-wei-45-85
http://www.zhihu.com/people/xie-nan-53
http://www.zhihu.com/people/haiger-25
http://www.zhihu.com/people/li-jin-gang
http://www.zhihu.com/people/rambler1122
http://www.zhihu.com/people/shen-ruo-liang
http://www.zhihu.com/people/yun-yun-54
http://www.zhihu.com/people/crfet
http://www.zhihu.com/people/gaohanyu
http://www.zhihu.com/people/zhan-xiao-jian
http://www.zhihu.com/people/dtcool
http://www.zhihu.com/people/clinton
http://www.zhihu.com/people/maitian
http://www.zhihu.com/people/huang-shi-wen
http://www.zhihu.com/people/leochen919
http://www.zhihu.com/people/teng-xin
http://www.zhihu.com/people/li-xiao-1-80
http://www.zhihu.com/people/chenran
http://www.zhihu.com/people/Paitanapilahmima
http://www.zhihu.com/people/ding-chuan-74
http://www.zhihu.com/people/fireos
http://www.zhihu.com/people/braite
http://www.zhihu.com/people/shirley00000001
http://www.zhihu.com/people/bit_kevin
http://www.zhihu.com/people/niuniu
http://www.zhihu.com/people/alohaschen
http://www.zhihu.com/people/fsfree
http://www.zhihu.com/people/bonihe
http://www.zhihu.com/people/liu-yu-qi-55
http://www.zhihu.com/people/GilgameshK
http://www.zhihu.com/people/sirsus
http://www.zhihu.com/people/coderj
http://www.zhihu.com/people/anzai3
http://www.zhihu.com/people/zhang-xin-13
http://www.zhihu.com/people/yu-xing
http://www.zhihu.com/people/bingoyao
http://www.zhihu.com/people/cao-ting-ting
http://www.zhihu.com/people/kis_lixiang
http://www.zhihu.com/people/qie-ge
http://www.zhihu.com/people/lao-xiao-nie
http://www.zhihu.com/people/xu-xin-96
http://www.zhihu.com/people/an-zhi-25
http://www.zhihu.com/people/huanghuihui1991
http://www.zhihu.com/people/michellemou
http://www.zhihu.com/people/chi-xin-li
http://www.zhihu.com/people/vivixb
http://www.zhihu.com/people/dizzarz
http://www.zhihu.com/people/feng-sun-ying
http://www.zhihu.com/people/bulewater
http://www.zhihu.com/people/guowenxin
http://www.zhihu.com/people/hardball
http://www.zhihu.com/people/luzern
http://www.zhihu.com/people/chang-kai-xin-85
http://www.zhihu.com/people/leaderweb
http://www.zhihu.com/people/tooyoung
http://www.zhihu.com/people/hongfeng
http://www.zhihu.com/people/xuzhe1224
http://www.zhihu.com/people/luobiying
http://www.zhihu.com/people/ichabod
http://www.zhihu.com/people/xiao-long-hui
http://www.zhihu.com/people/will-wang-69
http://www.zhihu.com/people/hehetang
http://www.zhihu.com/people/ai-hua-feng
http://www.zhihu.com/people/dancerlee
http://www.zhihu.com/people/yshone
http://www.zhihu.com/people/yang-hui-jiao
http://www.zhihu.com/people/liu-rong-40
http://www.zhihu.com/people/xie-xiao-gu
http://www.zhihu.com/people/qin-gen
http://www.zhihu.com/people/chenhuanxin
http://www.zhihu.com/people/lin-he-ping
http://www.zhihu.com/people/Spinnist
http://www.zhihu.com/people/charmgene
http://www.zhihu.com/people/wu-wei-96-47
http://www.zhihu.com/people/darkwindsd
http://www.zhihu.com/people/helloyonghui
http://www.zhihu.com/people/liang-yong-hao
http://www.zhihu.com/people/yliang
http://www.zhihu.com/people/qiyongwong
http://www.zhihu.com/people/hu-hong-40
http://www.zhihu.com/people/chen-yong-42
http://www.zhihu.com/people/wangyihong
http://www.zhihu.com/people/softsword
http://www.zhihu.com/people/dusonglovewuqi
http://www.zhihu.com/people/qing-xin
http://www.zhihu.com/people/gongting
http://www.zhihu.com/people/rogerxin
http://www.zhihu.com/people/thexihexi0
http://www.zhihu.com/people/feng-zhi-ping
http://www.zhihu.com/people/su-xiao-___
http://www.zhihu.com/people/wang-hao-69
http://www.zhihu.com/people/springbear
http://www.zhihu.com/people/keven998
http://www.zhihu.com/people/zhao-nuo-nuo
http://www.zhihu.com/people/jazziris
http://www.zhihu.com/people/yu-ju
http://www.zhihu.com/people/shi-ying-18
http://www.zhihu.com/people/miaoliang
http://www.zhihu.com/people/zhuang-yuan-88
http://www.zhihu.com/people/weilan
http://www.zhihu.com/people/xuwenlong
http://www.zhihu.com/people/pb612
http://www.zhihu.com/people/libuzhi
http://www.zhihu.com/people/li-jun-55
http://www.zhihu.com/people/clickstone
http://www.zhihu.com/people/lazylorna
http://www.zhihu.com/people/gongjun
http://www.zhihu.com/people/kanbian
http://www.zhihu.com/people/leiming
http://www.zhihu.com/people/pharma
http://www.zhihu.com/people/karenliu
http://www.zhihu.com/people/liu-zu-chong
http://www.zhihu.com/people/torres
http://www.zhihu.com/people/li-ke-zheng
http://www.zhihu.com/people/allenmei
http://www.zhihu.com/people/yongming-68
http://www.zhihu.com/people/dong-jian-wen
http://www.zhihu.com/people/xu-peng-fei-47
http://www.zhihu.com/people/yangjiansky
http://www.zhihu.com/people/gu-si-bi-54
http://www.zhihu.com/people/clisun
http://www.zhihu.com/people/jeffrey-85
http://www.zhihu.com/people/fang-qian-qian
http://www.zhihu.com/people/lytous
http://www.zhihu.com/people/patrickluo
http://www.zhihu.com/people/wayneshun
http://www.zhihu.com/people/scv119
http://www.zhihu.com/people/momomomox
http://www.zhihu.com/people/leng-ye-96
http://www.zhihu.com/people/wang-li-nuo-77-51
http://www.zhihu.com/people/oldtime
http://www.zhihu.com/people/madbigg
http://www.zhihu.com/people/ou-wen-84
http://www.zhihu.com/people/zhou-zhong-liang-96
http://www.zhihu.com/people/luoyp
http://www.zhihu.com/people/cuisaihu
http://www.zhihu.com/people/chenglu
http://www.zhihu.com/people/erik
http://www.zhihu.com/people/raymond-wang
http://www.zhihu.com/people/shi-nian-yijian
http://www.zhihu.com/people/xia-bo-45
http://www.zhihu.com/people/just
http://www.zhihu.com/people/li-heng-25-2
http://www.zhihu.com/people/view2future
http://www.zhihu.com/people/captain-bill
http://www.zhihu.com/people/halfmile
http://www.zhihu.com/people/qu-ding-ding
http://www.zhihu.com/people/guokeru
http://www.zhihu.com/people/zhouyuan
http://www.zhihu.com/people/xingshuo
http://www.zhihu.com/people/xu-xian-ming
http://www.zhihu.com/people/yang-zhi-da
http://www.zhihu.com/people/westlinn
http://www.zhihu.com/people/yang-cong-quan-man-tou
http://www.zhihu.com/people/dominiclee
http://www.zhihu.com/people/rongyiren
http://www.zhihu.com/people/szy095
http://www.zhihu.com/people/jixin
http://www.zhihu.com/people/bcstyle
http://www.zhihu.com/people/wu-you-cai
http://www.zhihu.com/people/neaton
http://www.zhihu.com/people/liuya802
http://www.zhihu.com/people/binzhifly
http://www.zhihu.com/people/tang-chen
http://www.zhihu.com/people/wind
http://www.zhihu.com/people/xuzhihong
http://www.zhihu.com/people/VinceChen
http://www.zhihu.com/people/quiver
http://www.zhihu.com/people/baraba
http://www.zhihu.com/people/azhu
http://www.zhihu.com/people/delphi
