http://www.zhihu.com/people/deeppacket
http://www.zhihu.com/people/gong-zheng-xuan
http://www.zhihu.com/people/liu-yi-cheng-13
http://www.zhihu.com/people/wang-yan-17-79
http://www.zhihu.com/people/annodomini
http://www.zhihu.com/people/monday
http://www.zhihu.com/people/Ann-zhang-qian
http://www.zhihu.com/people/wu-xie-45
http://www.zhihu.com/people/kee-kue
http://www.zhihu.com/people/cheng-bai-lao
http://www.zhihu.com/people/studentkang
http://www.zhihu.com/people/____
http://www.zhihu.com/people/chen-hao-42-21
http://www.zhihu.com/people/ma-cen
http://www.zhihu.com/people/fan-chu-jie
http://www.zhihu.com/people/SYIU8
http://www.zhihu.com/people/lu-yun-78-51
http://www.zhihu.com/people/deutsch-99
http://www.zhihu.com/people/cao-yi-an
http://www.zhihu.com/people/niu-ji-ye
http://www.zhihu.com/people/wang-jiu-tian
http://www.zhihu.com/people/luo-tong-16
http://www.zhihu.com/people/li-li-han
http://www.zhihu.com/people/smaller-bra
http://www.zhihu.com/people/yao-zu
http://www.zhihu.com/people/he-zhong-yu-87
http://www.zhihu.com/people/felix-libero
http://www.zhihu.com/people/ma-xiao-bao-5
http://www.zhihu.com/people/lin-hao-84-70
http://www.zhihu.com/people/cheng-hao-83
http://www.zhihu.com/people/zhang-bo-31-53
http://www.zhihu.com/people/will-cao
http://www.zhihu.com/people/xiao-lie-tuo-fu-si-ji
http://www.zhihu.com/people/avicihu
http://www.zhihu.com/people/wakaka-wakaka
http://www.zhihu.com/people/JasonZero
http://www.zhihu.com/people/yun-xia-74
http://www.zhihu.com/people/alice-45-16
http://www.zhihu.com/people/tonychen-19
http://www.zhihu.com/people/qu-peng-55
http://www.zhihu.com/people/tuo-jing-86
http://www.zhihu.com/people/shen-hui-zhong
http://www.zhihu.com/people/jing-chen-92
http://www.zhihu.com/people/jiang-xiao-tong-97
http://www.zhihu.com/people/qi-cheng-17
http://www.zhihu.com/people/chen-lao-hu
http://www.zhihu.com/people/lin-qiao-35
http://www.zhihu.com/people/lyzhihu
http://www.zhihu.com/people/wyfield
http://www.zhihu.com/people/magie
http://www.zhihu.com/people/zhang-ze-min-72
http://www.zhihu.com/people/zhou-jing-wei-12
http://www.zhihu.com/people/zhuang-sheng-45
http://www.zhihu.com/people/a-gu-43
http://www.zhihu.com/people/chen-bei-65
http://www.zhihu.com/people/wu-suo-wei-31-94
http://www.zhihu.com/people/jia-sheng-89
http://www.zhihu.com/people/yu-yang-jie-49
http://www.zhihu.com/people/lan-xun
http://www.zhihu.com/people/storymanliu
http://www.zhihu.com/people/ying-ge-lan-85
http://www.zhihu.com/people/zhou-peng-14-27
http://www.zhihu.com/people/miii-z
http://www.zhihu.com/people/hysic
http://www.zhihu.com/people/wu-yidao-7
http://www.zhihu.com/people/merlin-47
http://www.zhihu.com/people/jackey-jiang
http://www.zhihu.com/people/zi-jia-24-67
http://www.zhihu.com/people/ma-kai-47
http://www.zhihu.com/people/bai-lang-67
http://www.zhihu.com/people/pewu
http://www.zhihu.com/people/zengyingjia
http://www.zhihu.com/people/yi-da-sen
http://www.zhihu.com/people/chen-wei-37-18
http://www.zhihu.com/people/heaven_000
http://www.zhihu.com/people/yang-xiao-yi-32-91
http://www.zhihu.com/people/saviio
http://www.zhihu.com/people/kang-wei-57
http://www.zhihu.com/people/samyhello
http://www.zhihu.com/people/wade-12
http://www.zhihu.com/people/xiao-chu
http://www.zhihu.com/people/chenruixuan
http://www.zhihu.com/people/zhu-xiao-wen-1
http://www.zhihu.com/people/su-tong-45
http://www.zhihu.com/people/shang-long
http://www.zhihu.com/people/jia-min-zhu-22
http://www.zhihu.com/people/mu-mu-97-33
http://www.zhihu.com/people/qiu-zhe-96-48
http://www.zhihu.com/people/su-wen-bo-89
http://www.zhihu.com/people/erzhu
http://www.zhihu.com/people/shi-lin-41
http://www.zhihu.com/people/xudekai
http://www.zhihu.com/people/bevan_niu
http://www.zhihu.com/people/ren-er-cheng
http://www.zhihu.com/people/zhuang-li-68-40
http://www.zhihu.com/people/neil-35-70
http://www.zhihu.com/people/zisha360
http://www.zhihu.com/people/fantasy-45
http://www.zhihu.com/people/shan-shu-21
http://www.zhihu.com/people/geniusvczh
http://www.zhihu.com/people/eees
http://www.zhihu.com/people/ku-bi-de-niu-bi
http://www.zhihu.com/people/wannian
http://www.zhihu.com/people/hanrui
http://www.zhihu.com/people/zhu-yixin-42
http://www.zhihu.com/people/li-wei-jie-73
http://www.zhihu.com/people/jackie-lee-12
http://www.zhihu.com/people/liu-zhen-dong-82
http://www.zhihu.com/people/guo-jia-chen-67-64
http://www.zhihu.com/people/xi-ling-19
http://www.zhihu.com/people/ivbang
http://www.zhihu.com/people/alex-huang-9
http://www.zhihu.com/people/ace-t
http://www.zhihu.com/people/zuimai
http://www.zhihu.com/people/yi-chui-wu-yue
http://www.zhihu.com/people/victor24yo
http://www.zhihu.com/people/posroachips
http://www.zhihu.com/people/zhu-hong-song-72
http://www.zhihu.com/people/wei-yuan-zhe
http://www.zhihu.com/people/darksair
http://www.zhihu.com/people/wang-ya-bing
http://www.zhihu.com/people/suguo
http://www.zhihu.com/people/li-shou-yin-89
http://www.zhihu.com/people/nuo-nuo-82-97
http://www.zhihu.com/people/zhangfeiadts
http://www.zhihu.com/people/zhang-qian-21-96
http://www.zhihu.com/people/yu-zhou-you-le-ting
http://www.zhihu.com/people/tedamiao
http://www.zhihu.com/people/Yiqueen
http://www.zhihu.com/people/jun-yi-14
http://www.zhihu.com/people/chen-li-ming-67
http://www.zhihu.com/people/wang-yu-jue-90
http://www.zhihu.com/people/la-la-ba-xi-lie
http://www.zhihu.com/people/hu-bo-wen-62
http://www.zhihu.com/people/pang-luan-luan
http://www.zhihu.com/people/cai-wang-tian
http://www.zhihu.com/people/evelyn10
http://www.zhihu.com/people/zai-yi-luo
http://www.zhihu.com/people/cai-yue-22
http://www.zhihu.com/people/nan-zhou
http://www.zhihu.com/people/liao-kan-kan
http://www.zhihu.com/people/simbelmyne
http://www.zhihu.com/people/yangjiu
http://www.zhihu.com/people/shenxian
http://www.zhihu.com/people/finchwu
http://www.zhihu.com/people/lucas-18-13
http://www.zhihu.com/people/zec-5
http://www.zhihu.com/people/guo-biao-38
http://www.zhihu.com/people/wang-lu-43-95
http://www.zhihu.com/people/wang-zhen-min
http://www.zhihu.com/people/yongshixiaomao
http://www.zhihu.com/people/yao-miao-yan
http://www.zhihu.com/people/explorar
http://www.zhihu.com/people/yin-cang-ren
http://www.zhihu.com/people/leiqinbang
http://www.zhihu.com/people/none-success
http://www.zhihu.com/people/wang-xing-you
http://www.zhihu.com/people/li-lang
http://www.zhihu.com/people/zeraone
http://www.zhihu.com/people/bao-ku-zi-huang
http://www.zhihu.com/people/li-shi-qian-41
http://www.zhihu.com/people/zhu-xiao-wu-77
http://www.zhihu.com/people/fu-you-cai-cai
http://www.zhihu.com/people/wang-wei-jia-86
http://www.zhihu.com/people/pill-57
http://www.zhihu.com/people/BlueOcasr
http://www.zhihu.com/people/lowka
http://www.zhihu.com/people/mako-cheng
http://www.zhihu.com/people/sam-40
http://www.zhihu.com/people/lao-chuan-chang-51
http://www.zhihu.com/people/liao-chun-17
http://www.zhihu.com/people/he-ban-xian-28
http://www.zhihu.com/people/chang-huan-40
http://www.zhihu.com/people/bu-gua-14
http://www.zhihu.com/people/ilook
http://www.zhihu.com/people/leeelie-woo
http://www.zhihu.com/people/shi-tou-68-55
http://www.zhihu.com/people/li-bai-50
http://www.zhihu.com/people/bicycling
http://www.zhihu.com/people/zhong-ren-lei-35
http://www.zhihu.com/people/tang-chang-pu-66
http://www.zhihu.com/people/tontonchuan-zhang
http://www.zhihu.com/people/zhang-dong-sheng-1
http://www.zhihu.com/people/fang-wen-32
http://www.zhihu.com/people/su-huo-61
http://www.zhihu.com/people/liu-tao-77-61
http://www.zhihu.com/people/chengzi_2013
http://www.zhihu.com/people/yang-lin-68-79
http://www.zhihu.com/people/maplee-15
http://www.zhihu.com/people/xiao-da-da
http://www.zhihu.com/people/chen-jiang-shui
http://www.zhihu.com/people/sun-de-zhong-24
http://www.zhihu.com/people/alex-68-30
http://www.zhihu.com/people/zhuo-xiao-cheng
http://www.zhihu.com/people/huangkun
http://www.zhihu.com/people/pei-han-12
http://www.zhihu.com/people/shi-zhen-xiang
http://www.zhihu.com/people/shu-mi-63
http://www.zhihu.com/people/hun-qiu-vac
http://www.zhihu.com/people/xiaoxingchange
http://www.zhihu.com/people/rusaer
http://www.zhihu.com/people/chuan-qi-72
http://www.zhihu.com/people/bi-yu-cheng
http://www.zhihu.com/people/wang-jing-yu-18
http://www.zhihu.com/people/cherry924
http://www.zhihu.com/people/Xiao_Liang
http://www.zhihu.com/people/mao-xiang-bei
http://www.zhihu.com/people/agou
http://www.zhihu.com/people/rui-feng-lan-yi
http://www.zhihu.com/people/li-xiao-niu-60
http://www.zhihu.com/people/yuan-xiaoqi
http://www.zhihu.com/people/witnesscat
http://www.zhihu.com/people/liu-xu-becky
http://www.zhihu.com/people/zhao-hong-yang-17
http://www.zhihu.com/people/luo-wen-38
http://www.zhihu.com/people/xiao-lin-15
http://www.zhihu.com/people/li-xu-yi
http://www.zhihu.com/people/Ho_Beelzebu
http://www.zhihu.com/people/nicaihaoma
http://www.zhihu.com/people/gao-lei-96
http://www.zhihu.com/people/guan-si-yuan-69
http://www.zhihu.com/people/izyme
http://www.zhihu.com/people/xiang-hui-95
http://www.zhihu.com/people/niyayu
http://www.zhihu.com/people/song-jing-ji-niao
http://www.zhihu.com/people/zheng-yu-han-16
http://www.zhihu.com/people/dao-zi-97
http://www.zhihu.com/people/buke
http://www.zhihu.com/people/ni-da-ye-40-87
http://www.zhihu.com/people/hahnzhu
http://www.zhihu.com/people/liu-xiao-liu-97
http://www.zhihu.com/people/travelingon
http://www.zhihu.com/people/zhao-yong-qiang-99
http://www.zhihu.com/people/xie-zhen-1
http://www.zhihu.com/people/fan-yisong
http://www.zhihu.com/people/Super-Fish
http://www.zhihu.com/people/zhang-wen-xi-24
http://www.zhihu.com/people/li-zuo-hang
http://www.zhihu.com/people/wen-kun-guo
http://www.zhihu.com/people/sakin-poom
http://www.zhihu.com/people/xianshideliliang12
http://www.zhihu.com/people/wu-jia-ming-23
http://www.zhihu.com/people/xiepanda
http://www.zhihu.com/people/khowarizmi
http://www.zhihu.com/people/huang-fu-gou-dan
http://www.zhihu.com/people/zhang-li-hang-48
http://www.zhihu.com/people/wei-wei-63
http://www.zhihu.com/people/sayes
http://www.zhihu.com/people/dai-wei-99
http://www.zhihu.com/people/xie-feng-17-98
http://www.zhihu.com/people/yan-ke-90
http://www.zhihu.com/people/thuleye
http://www.zhihu.com/people/zheng-zha-22
http://www.zhihu.com/people/hzksh
http://www.zhihu.com/people/liu-xiao-hong-73
http://www.zhihu.com/people/lovefcb
http://www.zhihu.com/people/sanghai89110224
http://www.zhihu.com/people/sun-mu-qing
http://www.zhihu.com/people/yangfan7823
http://www.zhihu.com/people/wang-zhao-yu-2
http://www.zhihu.com/people/bingyucas
http://www.zhihu.com/people/cheng-zhi-bo
http://www.zhihu.com/people/fa-ge
http://www.zhihu.com/people/xiang-jiang-xi
http://www.zhihu.com/people/Mr.cat
http://www.zhihu.com/people/uzetatu
http://www.zhihu.com/people/lei-jun-75
http://www.zhihu.com/people/chen-xing-68
http://www.zhihu.com/people/zhang-yan-lei-69
http://www.zhihu.com/people/xfd1048576
http://www.zhihu.com/people/AirBlue
http://www.zhihu.com/people/cbsheng
http://www.zhihu.com/people/liang-han-bing-2
http://www.zhihu.com/people/judy-wang-92
http://www.zhihu.com/people/li-qi-yue-20
http://www.zhihu.com/people/daniel-lee-35
http://www.zhihu.com/people/li-dong-91-32
http://www.zhihu.com/people/sun-yu-hao
http://www.zhihu.com/people/huhuaxiaoshuai
http://www.zhihu.com/people/huntershi
http://www.zhihu.com/people/liuniandate
http://www.zhihu.com/people/kennethtse
http://www.zhihu.com/people/wang-zhe-4
http://www.zhihu.com/people/liu-qi-shu-82
http://www.zhihu.com/people/zhu-huan-7
http://www.zhihu.com/people/zexiancui
http://www.zhihu.com/people/chouthen
http://www.zhihu.com/people/zhu-tian-wen
http://www.zhihu.com/people/pwj1568
http://www.zhihu.com/people/iris-du-94
http://www.zhihu.com/people/fangsiryeah
http://www.zhihu.com/people/li-xiao-ge-1993
http://www.zhihu.com/people/jilingbhl
http://www.zhihu.com/people/xu-da-jun-51
http://www.zhihu.com/people/gui-li-ming
http://www.zhihu.com/people/song-jin-chang
http://www.zhihu.com/people/chen-cao-cao
http://www.zhihu.com/people/gu-nan-sheng
http://www.zhihu.com/people/xiao-xi-xia
http://www.zhihu.com/people/han-yu-96-23
http://www.zhihu.com/people/seedingboy
http://www.zhihu.com/people/jht1018
http://www.zhihu.com/people/wang-guo-yong-ne
http://www.zhihu.com/people/xiaolongtangbao
http://www.zhihu.com/people/chen-xiang-13-2
http://www.zhihu.com/people/imajin
http://www.zhihu.com/people/cnwinds
http://www.zhihu.com/people/ren-alan
http://www.zhihu.com/people/cao-hui-jun
http://www.zhihu.com/people/wan-zi-niu
http://www.zhihu.com/people/tan-ri-tian
http://www.zhihu.com/people/neng-ge-70
http://www.zhihu.com/people/klark
http://www.zhihu.com/people/jia-jia-60
http://www.zhihu.com/people/guhongguangju
http://www.zhihu.com/people/clarkyu-39
http://www.zhihu.com/people/zhou-xiao-xing-51
http://www.zhihu.com/people/iaisin
http://www.zhihu.com/people/jiang-cong-32
http://www.zhihu.com/people/hong-xiao-dou
http://www.zhihu.com/people/oszb
http://www.zhihu.com/people/h-c-l
http://www.zhihu.com/people/guo-da-lu-13-28
http://www.zhihu.com/people/liu-lao-san
http://www.zhihu.com/people/zou-hui-lei
http://www.zhihu.com/people/huang-jia-jia-25
http://www.zhihu.com/people/nan-qiang-20
http://www.zhihu.com/people/dadao
http://www.zhihu.com/people/bao-zi-47
http://www.zhihu.com/people/Schicksal
http://www.zhihu.com/people/xue-yao-37
http://www.zhihu.com/people/tong-ge-23
http://www.zhihu.com/people/ding-ke-jia
http://www.zhihu.com/people/pan-jia-qi-69
http://www.zhihu.com/people/bu-lan-yuan-yuanyuan
http://www.zhihu.com/people/kikiko
http://www.zhihu.com/people/guo-xin-90
http://www.zhihu.com/people/hengshuo
http://www.zhihu.com/people/lichengrant
http://www.zhihu.com/people/zhang-tian-qi-17
http://www.zhihu.com/people/qing-liu-83-26
http://www.zhihu.com/people/ada-wang-24
http://www.zhihu.com/people/yiplee
http://www.zhihu.com/people/ranyon
http://www.zhihu.com/people/llax
http://www.zhihu.com/people/he-mu-78
http://www.zhihu.com/people/viyguo
http://www.zhihu.com/people/Dominic_
http://www.zhihu.com/people/hai-mian-25
http://www.zhihu.com/people/tonyhead
http://www.zhihu.com/people/chenran
http://www.zhihu.com/people/shao-zi-83
http://www.zhihu.com/people/hu-zhan-jun
http://www.zhihu.com/people/sun-da-peng-64
http://www.zhihu.com/people/mi-xian-17
http://www.zhihu.com/people/charles-liu-50
http://www.zhihu.com/people/jonson-fang
http://www.zhihu.com/people/wu-zhu-92
http://www.zhihu.com/people/zhang-cong-72
http://www.zhihu.com/people/feng-ji-ji-2
http://www.zhihu.com/people/zhao-hai-di
http://www.zhihu.com/people/cheng-xiao-ming-69
http://www.zhihu.com/people/liu-bing-yan-80
http://www.zhihu.com/people/a-zhu-24
http://www.zhihu.com/people/weiwei202
http://www.zhihu.com/people/qdhei521
http://www.zhihu.com/people/jarvis327
http://www.zhihu.com/people/Metamorphosis_Du
http://www.zhihu.com/people/qi-feng-70
http://www.zhihu.com/people/li-xiang-85
http://www.zhihu.com/people/zhou-kai-43
http://www.zhihu.com/people/Xieyiyao
http://www.zhihu.com/people/luckyfish
http://www.zhihu.com/people/levin-68
http://www.zhihu.com/people/ren-geng-84
http://www.zhihu.com/people/xu-liang-yong-44
http://www.zhihu.com/people/liu-yi-76-16-75
http://www.zhihu.com/people/zhu-shi-jie-6
http://www.zhihu.com/people/flowolf
http://www.zhihu.com/people/wang-biao-99-71
http://www.zhihu.com/people/zhou-gang-64
http://www.zhihu.com/people/xxnotepad
http://www.zhihu.com/people/retsnom
http://www.zhihu.com/people/fengjuanchengfu
http://www.zhihu.com/people/wei-li-gan
http://www.zhihu.com/people/zhu-yi-ge
http://www.zhihu.com/people/cha-guo-zi-hai
http://www.zhihu.com/people/faith-87
http://www.zhihu.com/people/dai-xiao-lan
http://www.zhihu.com/people/tian-qi-61-77
http://www.zhihu.com/people/qian-qian-80-6
http://www.zhihu.com/people/jysm
http://www.zhihu.com/people/Ataraxia002
http://www.zhihu.com/people/guxianbang
http://www.zhihu.com/people/zhang-xiao-feng-7-24
http://www.zhihu.com/people/dai-da-bei
http://www.zhihu.com/people/fisch
http://www.zhihu.com/people/wang-lin-20-82
http://www.zhihu.com/people/he-bu-ke
http://www.zhihu.com/people/oogoo
http://www.zhihu.com/people/xiao-meng-55
http://www.zhihu.com/people/ding-ping-sheng
http://www.zhihu.com/people/amberain
http://www.zhihu.com/people/tang-xiao-wei-41
http://www.zhihu.com/people/ttyy-99
http://www.zhihu.com/people/huang-dou-6
http://www.zhihu.com/people/susus
http://www.zhihu.com/people/xiao-xiao-meng-92
http://www.zhihu.com/people/zhang-zhu-zhu-83
http://www.zhihu.com/people/shi-xiao-hang-19
http://www.zhihu.com/people/pengfei.wang
http://www.zhihu.com/people/xu-ling-11
http://www.zhihu.com/people/lin-feng-28-90
http://www.zhihu.com/people/liu-po-48
http://www.zhihu.com/people/gao-gao-72
http://www.zhihu.com/people/jia-ming-zi-40
http://www.zhihu.com/people/zhang-bo-67-32
http://www.zhihu.com/people/shiner-lau
http://www.zhihu.com/people/kamal
http://www.zhihu.com/people/wang-rui-ray
http://www.zhihu.com/people/cai-ni-36
http://www.zhihu.com/people/lord2014
http://www.zhihu.com/people/zhang-hao-21-64
http://www.zhihu.com/people/xia-qi-la
http://www.zhihu.com/people/ryan-fong
http://www.zhihu.com/people/zhu-xiao-dong-55
http://www.zhihu.com/people/baozhu
http://www.zhihu.com/people/jiang-hai-tao-23
http://www.zhihu.com/people/dongbobo
http://www.zhihu.com/people/li-ruo-yu-91
http://www.zhihu.com/people/zhou-ying-61
http://www.zhihu.com/people/bfjiaren
http://www.zhihu.com/people/miao-cheng-64
http://www.zhihu.com/people/liyali
http://www.zhihu.com/people/safawo
http://www.zhihu.com/people/lsin
http://www.zhihu.com/people/lyndonneu
http://www.zhihu.com/people/grace-43
http://www.zhihu.com/people/mayinj
http://www.zhihu.com/people/wan-pu
http://www.zhihu.com/people/qian-chen-xin
http://www.zhihu.com/people/shu-qian-er
http://www.zhihu.com/people/jackyue0906
http://www.zhihu.com/people/carrot_wang
http://www.zhihu.com/people/zhang-wei-zhong
http://www.zhihu.com/people/li-han-lin-66
http://www.zhihu.com/people/zhang-rui-01
http://www.zhihu.com/people/du-li-cheng-48
http://www.zhihu.com/people/viviimayday
http://www.zhihu.com/people/zhang-wei-10-7
http://www.zhihu.com/people/GionCat
http://www.zhihu.com/people/huang-sen-jing
http://www.zhihu.com/people/xu-zi-liang
http://www.zhihu.com/people/yuluo
http://www.zhihu.com/people/han-xiao-yang-20
http://www.zhihu.com/people/duan-dao-yan
http://www.zhihu.com/people/lin-ji-xin
http://www.zhihu.com/people/zhang-yi-fan-48
http://www.zhihu.com/people/vincent-deng
http://www.zhihu.com/people/tang-li-24
http://www.zhihu.com/people/000088
http://www.zhihu.com/people/xian-fa-hui
http://www.zhihu.com/people/hailing
http://www.zhihu.com/people/hu-xiao-39-86
http://www.zhihu.com/people/kay.x
http://www.zhihu.com/people/san-shao
http://www.zhihu.com/people/huoyan
http://www.zhihu.com/people/caoyabin
http://www.zhihu.com/people/lobo-73
http://www.zhihu.com/people/huang-jia-cheng-21
http://www.zhihu.com/people/xin-wang-62
http://www.zhihu.com/people/shizifeng
http://www.zhihu.com/people/liu-yan-feng-6
http://www.zhihu.com/people/weisi
http://www.zhihu.com/people/yan-xue
http://www.zhihu.com/people/jooyi
http://www.zhihu.com/people/antares
http://www.zhihu.com/people/sqlqiuyu
http://www.zhihu.com/people/mayimayi
http://www.zhihu.com/people/xu-wen-52
http://www.zhihu.com/people/_zhao_xu_
http://www.zhihu.com/people/rosecrimson
http://www.zhihu.com/people/zy-z
http://www.zhihu.com/people/balai
http://www.zhihu.com/people/Fraecak_l
http://www.zhihu.com/people/yuemingist
http://www.zhihu.com/people/a-hun
http://www.zhihu.com/people/wang-tu-si-rui
http://www.zhihu.com/people/peng-cheng-45
http://www.zhihu.com/people/ding-feng-52
http://www.zhihu.com/people/tangren088
http://www.zhihu.com/people/cheng-xiao-dong-29
http://www.zhihu.com/people/yuger.net
http://www.zhihu.com/people/zhao-yang-xin
http://www.zhihu.com/people/di-xiao-bin
http://www.zhihu.com/people/zheng-jia-li
http://www.zhihu.com/people/hsiang-kuo
http://www.zhihu.com/people/wang-pan-91
http://www.zhihu.com/people/tu-dou-18
http://www.zhihu.com/people/mi-xin-xin
http://www.zhihu.com/people/gary-46
http://www.zhihu.com/people/archy-ringo
http://www.zhihu.com/people/fang-jin-meng
http://www.zhihu.com/people/Rusca
http://www.zhihu.com/people/fan-qiong
http://www.zhihu.com/people/yi-hua-86
http://www.zhihu.com/people/ren-meng-yan
http://www.zhihu.com/people/jellen-wang
http://www.zhihu.com/people/zhong-ye-zi-49
http://www.zhihu.com/people/dao-xiang-87
http://www.zhihu.com/people/lilynover
http://www.zhihu.com/people/li-hui-44-8
http://www.zhihu.com/people/man-jiang-hong
http://www.zhihu.com/people/chiu-steven
http://www.zhihu.com/people/cao-hua-hua
http://www.zhihu.com/people/zhang-jia-xuan
http://www.zhihu.com/people/li-zhan-liang
http://www.zhihu.com/people/jiroas
http://www.zhihu.com/people/tian-nan-gua
http://www.zhihu.com/people/chu-meng-meng
http://www.zhihu.com/people/qingpei
http://www.zhihu.com/people/yang-zhi-58
http://www.zhihu.com/people/zhe-xue-jia-feng-ge
http://www.zhihu.com/people/mo-fei-c
http://www.zhihu.com/people/yu-le-le
http://www.zhihu.com/people/yuke-fighting
http://www.zhihu.com/people/sallyluo-xiao-cong
http://www.zhihu.com/people/gao-yang-bo
http://www.zhihu.com/people/mei-you-ming-zi-51
http://www.zhihu.com/people/whamaya
http://www.zhihu.com/people/mo-shen-94
http://www.zhihu.com/people/deng-kang-er
http://www.zhihu.com/people/liu-lai-ping
http://www.zhihu.com/people/eric-5
http://www.zhihu.com/people/cheng-qing-22
http://www.zhihu.com/people/huangqinmao
http://www.zhihu.com/people/zhao-liang-28-82
http://www.zhihu.com/people/wu-hai-25
http://www.zhihu.com/people/feng-hong-wei
http://www.zhihu.com/people/cheng-fang-hang
http://www.zhihu.com/people/fu-cheng-kai
http://www.zhihu.com/people/llllllllllll
http://www.zhihu.com/people/dong-jia-bin
http://www.zhihu.com/people/newblue
http://www.zhihu.com/people/wang-lei-78-56
http://www.zhihu.com/people/jing-xiao-liang
http://www.zhihu.com/people/zhenpeng
http://www.zhihu.com/people/techoxygen
http://www.zhihu.com/people/backring
http://www.zhihu.com/people/liang-xiao-mi-44
http://www.zhihu.com/people/Evelyn0908
http://www.zhihu.com/people/pan-liang-jie
http://www.zhihu.com/people/ibezz
http://www.zhihu.com/people/ritue
http://www.zhihu.com/people/Hsiun
http://www.zhihu.com/people/wang-chuan-lin
http://www.zhihu.com/people/liu-chun-73
http://www.zhihu.com/people/wei-hua-26
http://www.zhihu.com/people/daizhiyang
http://www.zhihu.com/people/WANSX
http://www.zhihu.com/people/he-yuan-sheng
http://www.zhihu.com/people/lian-tea
http://www.zhihu.com/people/maiziman
http://www.zhihu.com/people/wang-wen-ping
http://www.zhihu.com/people/pan-chao-57
http://www.zhihu.com/people/rui-jiu-jiu
http://www.zhihu.com/people/qing-jia-57
http://www.zhihu.com/people/anyi90
http://www.zhihu.com/people/he-awen
http://www.zhihu.com/people/pianran
http://www.zhihu.com/people/qian-cao-50
http://www.zhihu.com/people/wu-jie-97
http://www.zhihu.com/people/pangdada
http://www.zhihu.com/people/liu-xiao-lai
http://www.zhihu.com/people/yanguang
http://www.zhihu.com/people/wang-shi-jun-10
http://www.zhihu.com/people/li-zhen-64-48
http://www.zhihu.com/people/mu-mu-91
http://www.zhihu.com/people/xiang-yan-14
http://www.zhihu.com/people/dereck
http://www.zhihu.com/people/yvancao
http://www.zhihu.com/people/lee-bwin
http://www.zhihu.com/people/Mr.F
http://www.zhihu.com/people/tu-guo-qiang
http://www.zhihu.com/people/ShouSuanLe
http://www.zhihu.com/people/iyucci
http://www.zhihu.com/people/0479
http://www.zhihu.com/people/cdtcai
http://www.zhihu.com/people/laoliumang-78
http://www.zhihu.com/people/liu-yi-62
http://www.zhihu.com/people/stevenwung
http://www.zhihu.com/people/YEESA
http://www.zhihu.com/people/lan-huo-huo
http://www.zhihu.com/people/wang-zu-jian-89
http://www.zhihu.com/people/www.quhuaxue.com
http://www.zhihu.com/people/wei-qing-min
http://www.zhihu.com/people/hu-xue-chun
http://www.zhihu.com/people/qichu
http://www.zhihu.com/people/m-isty
http://www.zhihu.com/people/li-yong-hao
http://www.zhihu.com/people/wan-yu-tao
http://www.zhihu.com/people/xian-yong-kang
http://www.zhihu.com/people/pan-deng-86
http://www.zhihu.com/people/liang-chong
http://www.zhihu.com/people/lu-suo
http://www.zhihu.com/people/feng-hong-liang
http://www.zhihu.com/people/fu-jia-qi
http://www.zhihu.com/people/maska
http://www.zhihu.com/people/zhang-hai-dong-25
http://www.zhihu.com/people/mo-da
http://www.zhihu.com/people/cherry-3-66
http://www.zhihu.com/people/mo-qi-rui
http://www.zhihu.com/people/bi-you-72
http://www.zhihu.com/people/tao-tie-32
http://www.zhihu.com/people/li-han-jia-11
http://www.zhihu.com/people/li-bin-shuo
http://www.zhihu.com/people/lei-lei-89
http://www.zhihu.com/people/yi-shu-27
http://www.zhihu.com/people/chuwentao
http://www.zhihu.com/people/kong-xiao-xiong
http://www.zhihu.com/people/xiong-yong-xin
http://www.zhihu.com/people/wang-yuan-66-5
http://www.zhihu.com/people/hou-fang-bin
http://www.zhihu.com/people/xiao-zhi-69-4
http://www.zhihu.com/people/wang-fu-wen
http://www.zhihu.com/people/zjyxrk
http://www.zhihu.com/people/zhang-jian-wei
http://www.zhihu.com/people/hu-xing-zhi
http://www.zhihu.com/people/xunger
http://www.zhihu.com/people/xiao-jian-ren-71
http://www.zhihu.com/people/ccat
http://www.zhihu.com/people/wu-ting-ting
http://www.zhihu.com/people/lai-wei-90
http://www.zhihu.com/people/xia-lan-feng
http://www.zhihu.com/people/huanghuihui1991
http://www.zhihu.com/people/zhuang-biao-wei
http://www.zhihu.com/people/hou-yan-yu
http://www.zhihu.com/people/chen-yan-zhong
http://www.zhihu.com/people/melody-chang
http://www.zhihu.com/people/liu-xiao-19-75
http://www.zhihu.com/people/xie-meng-67-17
http://www.zhihu.com/people/melody-song
http://www.zhihu.com/people/xu-jin-cheng
http://www.zhihu.com/people/huang_violin
http://www.zhihu.com/people/tanronghui
http://www.zhihu.com/people/meng-xiang-jing
http://www.zhihu.com/people/zhou-peng-92
http://www.zhihu.com/people/liu-xiao-guo-94
http://www.zhihu.com/people/li-jie-50
http://www.zhihu.com/people/han-song-50
http://www.zhihu.com/people/chen-jia-sheng
http://www.zhihu.com/people/orzwind
http://www.zhihu.com/people/lv-ye-jing-jing
http://www.zhihu.com/people/jiayizhen
http://www.zhihu.com/people/tu-gao-hui-ge
http://www.zhihu.com/people/liu-pei-xuan
http://www.zhihu.com/people/zimingforever
http://www.zhihu.com/people/tooyoung
http://www.zhihu.com/people/gu-ji
http://www.zhihu.com/people/du-xiao-wei-14
http://www.zhihu.com/people/haohaoxuexi
http://www.zhihu.com/people/hackertao
http://www.zhihu.com/people/zhang-hua-chong
http://www.zhihu.com/people/yao-jian-91
http://www.zhihu.com/people/hong-xue-ni
http://www.zhihu.com/people/shoujia
http://www.zhihu.com/people/wu-de-feng
http://www.zhihu.com/people/tianyq
http://www.zhihu.com/people/winjoy1990
http://www.zhihu.com/people/chen-ningjing-jing
http://www.zhihu.com/people/hua-shi-16
http://www.zhihu.com/people/hehongju
http://www.zhihu.com/people/dai-dai-93
http://www.zhihu.com/people/hei-se-bo-luo
http://www.zhihu.com/people/xraccoon
http://www.zhihu.com/people/yu-hai-86
