http://www.zhihu.com/people/zhong-jiu-80
http://www.zhihu.com/people/an-xi-82
http://www.zhihu.com/people/bai-bai-he-18
http://www.zhihu.com/people/caomidanwei
http://www.zhihu.com/people/chang-kai-xin-85
http://www.zhihu.com/people/ding-yi-36-65
http://www.zhihu.com/people/gu-fei-yue-87
http://www.zhihu.com/people/tian-yu-93
http://www.zhihu.com/people/li-ding-guo-33
http://www.zhihu.com/people/xia-qing1919
http://www.zhihu.com/people/ma-xiao-shun-26
http://www.zhihu.com/people/dong-ming-xuan
http://www.zhihu.com/people/liu-hao-79-24
http://www.zhihu.com/people/ci-ke-41
http://www.zhihu.com/people/wang-fu-gui-46
http://www.zhihu.com/people/wang-bao-an
http://www.zhihu.com/people/gao-si-yuan-92
http://www.zhihu.com/people/zhang-xiao-fan-25-69
http://www.zhihu.com/people/alan-pu
http://www.zhihu.com/people/yang-qing-78
http://www.zhihu.com/people/huang-xin-55-58
http://www.zhihu.com/people/wang-xu-66-15
http://www.zhihu.com/people/wang-zhi-feng-88
http://www.zhihu.com/people/sun-dong-yuan
http://www.zhihu.com/people/chen-ji-93-30
http://www.zhihu.com/people/liu-xiao-tong-72-12
http://www.zhihu.com/people/xuan-ying-72
http://www.zhihu.com/people/owenne
http://www.zhihu.com/people/hu-su-29
http://www.zhihu.com/people/liu-jian-40-30
http://www.zhihu.com/people/guo-liu-bai
http://www.zhihu.com/people/zys0326
http://www.zhihu.com/people/Timon14
http://www.zhihu.com/people/wangyongxin
http://www.zhihu.com/people/zou-chao-zou-chao
http://www.zhihu.com/people/mengqi-zhang-53
http://www.zhihu.com/people/freya.zuo
http://www.zhihu.com/people/bian-xuan-chen
http://www.zhihu.com/people/tcstar
http://www.zhihu.com/people/sun-mu-mu-9
http://www.zhihu.com/people/wang-ming-78-67
http://www.zhihu.com/people/yi-meng-63
http://www.zhihu.com/people/canon-14
http://www.zhihu.com/people/chen-ji-wei-68
http://www.zhihu.com/people/an-xing-er
http://www.zhihu.com/people/qujingshi
http://www.zhihu.com/people/li-chao-47-71
http://www.zhihu.com/people/da-xiong-40-48
http://www.zhihu.com/people/xzydk
http://www.zhihu.com/people/hnss
http://www.zhihu.com/people/luo-bu-xian-ren
http://www.zhihu.com/people/mvity
http://www.zhihu.com/people/xie-ke-ke-4
http://www.zhihu.com/people/sackcentury
http://www.zhihu.com/people/charlescheng
http://www.zhihu.com/people/xiaocccai
http://www.zhihu.com/people/by-morning
http://www.zhihu.com/people/xiaole1218
http://www.zhihu.com/people/bobblin
http://www.zhihu.com/people/tan-ri-tian
http://www.zhihu.com/people/en-su
http://www.zhihu.com/people/xia-yang-hong
http://www.zhihu.com/people/wu-ling-ling-12
http://www.zhihu.com/people/tai-di-xiong-97
http://www.zhihu.com/people/cheng-xiao-dong-29
http://www.zhihu.com/people/xu-ze-36-93
http://www.zhihu.com/people/wu-xu-75
http://www.zhihu.com/people/jun-xiao-86
http://www.zhihu.com/people/geqi2012
http://www.zhihu.com/people/ling-ling-gu
http://www.zhihu.com/people/zhu-yixin-42
http://www.zhihu.com/people/wang-zi-xing-15
http://www.zhihu.com/people/yang-sen-53
http://www.zhihu.com/people/yinsi
http://www.zhihu.com/people/shenruien
http://www.zhihu.com/people/lan-wan-ting
http://www.zhihu.com/people/xterm
http://www.zhihu.com/people/cai-qi-le-42
http://www.zhihu.com/people/lee-ree
http://www.zhihu.com/people/wei-wei-28-90
http://www.zhihu.com/people/mu-yi-87-27
http://www.zhihu.com/people/ray-ho
http://www.zhihu.com/people/kong-fan-sheng-22
http://www.zhihu.com/people/zheng-xiao-peng-83
http://www.zhihu.com/people/mxin
http://www.zhihu.com/people/yang-ting-ting-98
http://www.zhihu.com/people/jackyue0906
http://www.zhihu.com/people/kelvin-jul
http://www.zhihu.com/people/yishine
http://www.zhihu.com/people/Meister
http://www.zhihu.com/people/zhang-cy-81
http://www.zhihu.com/people/wan-yu-fei
http://www.zhihu.com/people/chao-yi-8
http://www.zhihu.com/people/sun-yifan-23
http://www.zhihu.com/people/mvie
http://www.zhihu.com/people/trip49
http://www.zhihu.com/people/zhang-xue-teng
http://www.zhihu.com/people/zhang-yi-fan-48
http://www.zhihu.com/people/tie-yun-chang
http://www.zhihu.com/people/yvonne1990
http://www.zhihu.com/people/lu-yong-lin
http://www.zhihu.com/people/qin-sang-15
http://www.zhihu.com/people/meng-shi-kang-33
http://www.zhihu.com/people/bfjiaren
http://www.zhihu.com/people/qing-shang-di-xiao-jie
http://www.zhihu.com/people/zheng-xia-ming
http://www.zhihu.com/people/pk-yu
http://www.zhihu.com/people/shan-lang
http://www.zhihu.com/people/wu-chong-wei
http://www.zhihu.com/people/sun-rui-77
http://www.zhihu.com/people/zhang-lai-xu
http://www.zhihu.com/people/liu-yong-zhen-59
http://www.zhihu.com/people/iyucci
http://www.zhihu.com/people/shu-shi-qi-19
http://www.zhihu.com/people/hongya-wang
http://www.zhihu.com/people/li-li-jun-62
http://www.zhihu.com/people/yang-yang-43-80
http://www.zhihu.com/people/cactus-73
http://www.zhihu.com/people/rath-do
http://www.zhihu.com/people/guo-ruo-yi-78
http://www.zhihu.com/people/awin
http://www.zhihu.com/people/zhangyiyang
http://www.zhihu.com/people/chen-jun-jie-23-33
http://www.zhihu.com/people/yang_1978
http://www.zhihu.com/people/sleepingknight
http://www.zhihu.com/people/chen-zuo-hui-18
http://www.zhihu.com/people/lu-gui-chen-26
http://www.zhihu.com/people/andyfoolish
http://www.zhihu.com/people/Chen-Yaning
http://www.zhihu.com/people/chen-qun-12
http://www.zhihu.com/people/li-shou-yin-89
http://www.zhihu.com/people/mo-ni-qia-93
http://www.zhihu.com/people/foucher-liang
http://www.zhihu.com/people/dizhe
http://www.zhihu.com/people/xu-duo-la
http://www.zhihu.com/people/han-shi-er
http://www.zhihu.com/people/chen-jiang-shui
http://www.zhihu.com/people/wang-yu-fan-66
http://www.zhihu.com/people/ma-dan-39
http://www.zhihu.com/people/xq-zhang
http://www.zhihu.com/people/myuan
http://www.zhihu.com/people/wang-hu-27
http://www.zhihu.com/people/wan-wan-43-69
http://www.zhihu.com/people/he-yu-hao-8
http://www.zhihu.com/people/zhao-chen-hao-39
http://www.zhihu.com/people/zhang-shu-li-27
http://www.zhihu.com/people/allen-xu-3
http://www.zhihu.com/people/ake420
http://www.zhihu.com/people/chen-ji-79-51
http://www.zhihu.com/people/wang-dian-63
http://www.zhihu.com/people/will-ho
http://www.zhihu.com/people/hui-da-shi
http://www.zhihu.com/people/zhang-tian-cheng-55
http://www.zhihu.com/people/zhu-zheng-70
http://www.zhihu.com/people/ren-xin-xin
http://www.zhihu.com/people/linmahua
http://www.zhihu.com/people/zhang-rui-22
http://www.zhihu.com/people/mark-ge-45
http://www.zhihu.com/people/shang-shang-qian-26
http://www.zhihu.com/people/wuyaojun
http://www.zhihu.com/people/locorqi-hai
http://www.zhihu.com/people/yu-huan-25
http://www.zhihu.com/people/shi-sheng-15
http://www.zhihu.com/people/tomsheep
http://www.zhihu.com/people/kou-min
http://www.zhihu.com/people/zhangjieke
http://www.zhihu.com/people/ling-xuan-52
http://www.zhihu.com/people/qin-yu-fan
http://www.zhihu.com/people/zhray
http://www.zhihu.com/people/jiang-jing-yu-76
http://www.zhihu.com/people/sven-77
http://www.zhihu.com/people/zhang-xue-wei-64
http://www.zhihu.com/people/limonzhou
http://www.zhihu.com/people/tomasi-rollo
http://www.zhihu.com/people/ldn-ivor
http://www.zhihu.com/people/bixing-yan
http://www.zhihu.com/people/nie-jia-xuan
http://www.zhihu.com/people/CobraManeuver
http://www.zhihu.com/people/xia-you-53
http://www.zhihu.com/people/zhao-yang-xin
http://www.zhihu.com/people/guo-zhi-jun-zi
http://www.zhihu.com/people/xie-wen-di
http://www.zhihu.com/people/zheng-chang-kao
http://www.zhihu.com/people/zheng-si-yao-48
http://www.zhihu.com/people/liu-chang-qing-23
http://www.zhihu.com/people/chang-cheng-jiang
http://www.zhihu.com/people/jiang-bin-23
http://www.zhihu.com/people/feng-tian-yuan-45
http://www.zhihu.com/people/lu-lu-63-75
http://www.zhihu.com/people/zhong-ye-zi-49
http://www.zhihu.com/people/wu-ya-nan-2
http://www.zhihu.com/people/luki
http://www.zhihu.com/people/mo-dang-dang-7
http://www.zhihu.com/people/liu-xiang-yu-62
http://www.zhihu.com/people/ji-wei-65-78
http://www.zhihu.com/people/cheng-ta-ta
http://www.zhihu.com/people/zhi-ming-bu-ju-95
http://www.zhihu.com/people/tian-nan-gua
http://www.zhihu.com/people/maxxie88
http://www.zhihu.com/people/zhang-chao-peng-83
http://www.zhihu.com/people/wu-wen-kui
http://www.zhihu.com/people/wang-si-kai-11
http://www.zhihu.com/people/he-ting-24
http://www.zhihu.com/people/liu-zao
http://www.zhihu.com/people/yang-yi-89-31
http://www.zhihu.com/people/ming-yun-hao
http://www.zhihu.com/people/xue-heng
http://www.zhihu.com/people/nic-wonder
http://www.zhihu.com/people/sosljw123
http://www.zhihu.com/people/yin-r
http://www.zhihu.com/people/stein-11
http://www.zhihu.com/people/nuo-nuo-98
http://www.zhihu.com/people/xiao-jing-69-6
http://www.zhihu.com/people/ai-bi-si-geng-leng
http://www.zhihu.com/people/gu-xiao-ye-59
http://www.zhihu.com/people/yuan-ze-wu
http://www.zhihu.com/people/li-kai-xin-cn
http://www.zhihu.com/people/liao-ling-xiang
http://www.zhihu.com/people/hong-xiao-dou
http://www.zhihu.com/people/deng-pan-37
http://www.zhihu.com/people/tu-sammi
http://www.zhihu.com/people/zhang-jun-86-17
http://www.zhihu.com/people/zhang-yu-27-61
http://www.zhihu.com/people/li-qi-qi-24
http://www.zhihu.com/people/cao-cao-2
http://www.zhihu.com/people/qi-fei-34
http://www.zhihu.com/people/susan-yang-30
http://www.zhihu.com/people/li-si-yi-62-62
http://www.zhihu.com/people/wang-jin-xin-40
http://www.zhihu.com/people/ydbm
http://www.zhihu.com/people/muyuqiao
http://www.zhihu.com/people/liu-su-9
http://www.zhihu.com/people/liang-tian-fu
http://www.zhihu.com/people/zhao-kang-95-57
http://www.zhihu.com/people/wang-yuan-66-5
http://www.zhihu.com/people/meicoog
http://www.zhihu.com/people/yang-xiao-ming-38
http://www.zhihu.com/people/zou-yun-jia
http://www.zhihu.com/people/frank-17
http://www.zhihu.com/people/hang-feng-16
http://www.zhihu.com/people/spiro
http://www.zhihu.com/people/chen-qi-82-26
http://www.zhihu.com/people/guo-jue-min
http://www.zhihu.com/people/zhao-zhao-6
http://www.zhihu.com/people/zhang-jiao-nan
http://www.zhihu.com/people/jinyu
http://www.zhihu.com/people/li-hong-chen-92
http://www.zhihu.com/people/song-yan-66
http://www.zhihu.com/people/xie-xiao-xi-49
http://www.zhihu.com/people/zhang-jiu-yue
http://www.zhihu.com/people/wang-xiao-jian-20
http://www.zhihu.com/people/guo-kai-kai
http://www.zhihu.com/people/liu-jian-roger
http://www.zhihu.com/people/luo-xia-ke-6
http://www.zhihu.com/people/qin-kang-bao
http://www.zhihu.com/people/bai-xiao-xiao-54
http://www.zhihu.com/people/chen-yuan-58-25
http://www.zhihu.com/people/ttluvotr
http://www.zhihu.com/people/zheng-xiao-beng
http://www.zhihu.com/people/li-jing-70-95
http://www.zhihu.com/people/sunbaoru
http://www.zhihu.com/people/ren-pin-ji
http://www.zhihu.com/people/yun-zhu
http://www.zhihu.com/people/he-zhe-xin
http://www.zhihu.com/people/zhang-lei-12-60
http://www.zhihu.com/people/yoonjung-choi
http://www.zhihu.com/people/ztouber
http://www.zhihu.com/people/li-shao-jie-52
http://www.zhihu.com/people/zisha360
http://www.zhihu.com/people/lou-ge
http://www.zhihu.com/people/Cccmm002
http://www.zhihu.com/people/mondaylaugh
http://www.zhihu.com/people/xuanmao
http://www.zhihu.com/people/mu-ba-er
http://www.zhihu.com/people/zhang-fish
http://www.zhihu.com/people/lin-lian-lian
http://www.zhihu.com/people/yan-dan-39
http://www.zhihu.com/people/qingfeng01
http://www.zhihu.com/people/Dominic_
http://www.zhihu.com/people/jin-yi-88
http://www.zhihu.com/people/liao-guang-wen
http://www.zhihu.com/people/li-yan-zi-65
http://www.zhihu.com/people/tang-cu-xiao-pai
http://www.zhihu.com/people/darkenchan
http://www.zhihu.com/people/mopz
http://www.zhihu.com/people/huang-wei-12-62
http://www.zhihu.com/people/chen-peng-67-22
http://www.zhihu.com/people/gong-xiao-xiao-xiao
http://www.zhihu.com/people/he-xi-19-84
http://www.zhihu.com/people/wang-xiao-man-13-91
http://www.zhihu.com/people/Panzer
http://www.zhihu.com/people/xiang-ye
http://www.zhihu.com/people/su-yun
http://www.zhihu.com/people/liang-yu-fan
http://www.zhihu.com/people/you-guo-59
http://www.zhihu.com/people/chen-xin-76
http://www.zhihu.com/people/feng-da-pao
http://www.zhihu.com/people/showmiaomiao
http://www.zhihu.com/people/su-zhi-heng-41
http://www.zhihu.com/people/bai-xiao-yu-93
http://www.zhihu.com/people/tao-ye-82
http://www.zhihu.com/people/zhang-hua-chong
http://www.zhihu.com/people/Lucaca
http://www.zhihu.com/people/tang-hai-yang-4
http://www.zhihu.com/people/bi-you-72
http://www.zhihu.com/people/ling-long
http://www.zhihu.com/people/GilgameshK
http://www.zhihu.com/people/TracyMa
http://www.zhihu.com/people/zigzagly
http://www.zhihu.com/people/guo-chao
http://www.zhihu.com/people/fono
http://www.zhihu.com/people/yue-er-91
http://www.zhihu.com/people/kidding
http://www.zhihu.com/people/tao-tie-32
http://www.zhihu.com/people/colorLee
http://www.zhihu.com/people/xiaodonglou
http://www.zhihu.com/people/zi-you-de-feng
http://www.zhihu.com/people/chsqi
http://www.zhihu.com/people/yuger.net
http://www.zhihu.com/people/wangtengchuan
http://www.zhihu.com/people/fabregas
http://www.zhihu.com/people/spoontzc
http://www.zhihu.com/people/tabris
http://www.zhihu.com/people/miss-Lindt
http://www.zhihu.com/people/li-ma-bi
http://www.zhihu.com/people/4o4notfound
http://www.zhihu.com/people/zhouyujiang
http://www.zhihu.com/people/zhao-zi-chu
http://www.zhihu.com/people/liu-xu-34-33
http://www.zhihu.com/people/bo-wen-49
http://www.zhihu.com/people/huanghuihui1991
http://www.zhihu.com/people/hou-run-tian
http://www.zhihu.com/people/liao-jia-97
http://www.zhihu.com/people/zhu-xiao-wu-77
http://www.zhihu.com/people/lipengbin
http://www.zhihu.com/people/guo-jin-5
http://www.zhihu.com/people/haohaoxuexi
http://www.zhihu.com/people/zhang-feng-hua
http://www.zhihu.com/people/renehuang
http://www.zhihu.com/people/eric-5
http://www.zhihu.com/people/flying5
http://www.zhihu.com/people/huma
http://www.zhihu.com/people/fang-yuan-jing
http://www.zhihu.com/people/fan-wen-hao-32
http://www.zhihu.com/people/liuyang-37
http://www.zhihu.com/people/yshone
http://www.zhihu.com/people/sun-peng-chong
http://www.zhihu.com/people/liu-xiao-ting-shelley
http://www.zhihu.com/people/li-si-kai
http://www.zhihu.com/people/lcy405
http://www.zhihu.com/people/witsky
http://www.zhihu.com/people/qiao-yu-61
http://www.zhihu.com/people/fanhu
http://www.zhihu.com/people/pan-zhi-hao
http://www.zhihu.com/people/kunzhdu
http://www.zhihu.com/people/wu-wei-96-47
http://www.zhihu.com/people/zhang-wan-tao-24
http://www.zhihu.com/people/peng-xing-23
http://www.zhihu.com/people/wu-xin-ji
http://www.zhihu.com/people/hukai
http://www.zhihu.com/people/csryan
http://www.zhihu.com/people/qiao-bang
http://www.zhihu.com/people/michi223
http://www.zhihu.com/people/Victorique
http://www.zhihu.com/people/lin-zheng-hui
http://www.zhihu.com/people/chen-yixin-90
http://www.zhihu.com/people/jameshsu
http://www.zhihu.com/people/wei-mu
http://www.zhihu.com/people/cherrydcy
http://www.zhihu.com/people/zhou-yu-31
http://www.zhihu.com/people/chen-jia-33
http://www.zhihu.com/people/zhang-huan-2734
http://www.zhihu.com/people/tang-wen-tao
http://www.zhihu.com/people/gui-meng-yuan
http://www.zhihu.com/people/positive52energy
http://www.zhihu.com/people/vagrant
http://www.zhihu.com/people/xianglifei
http://www.zhihu.com/people/munguo
http://www.zhihu.com/people/jonson-fang
http://www.zhihu.com/people/zhibaishouhei-43
http://www.zhihu.com/people/gao-da-li
http://www.zhihu.com/people/gsq09
http://www.zhihu.com/people/lin-pei-xiong
http://www.zhihu.com/people/duan-lei-4
http://www.zhihu.com/people/lushen
http://www.zhihu.com/people/calon
http://www.zhihu.com/people/zurn
http://www.zhihu.com/people/widefni
http://www.zhihu.com/people/zhang-fang-zhou
http://www.zhihu.com/people/qi-hong-wei
http://www.zhihu.com/people/sun-bo-19
http://www.zhihu.com/people/OnlyIndex
http://www.zhihu.com/people/wangchao821
http://www.zhihu.com/people/wang-xi-rui-77
http://www.zhihu.com/people/wang-shao-bo-37
http://www.zhihu.com/people/liu-shuai-ernest
http://www.zhihu.com/people/chenyan
http://www.zhihu.com/people/esalive
http://www.zhihu.com/people/alucard
http://www.zhihu.com/people/iloveyou1989
http://www.zhihu.com/people/visai
http://www.zhihu.com/people/yiyi-83-13
http://www.zhihu.com/people/PeterDeng
http://www.zhihu.com/people/he-yuan-yuan-6
http://www.zhihu.com/people/kuye
http://www.zhihu.com/people/cheng-kai-35
http://www.zhihu.com/people/yang-chen-96
http://www.zhihu.com/people/bono-80
http://www.zhihu.com/people/shao-meng
http://www.zhihu.com/people/wei-you-mei
http://www.zhihu.com/people/wen-shen-gong
http://www.zhihu.com/people/li-you-ming
http://www.zhihu.com/people/ni-rui-76
http://www.zhihu.com/people/stupid82
http://www.zhihu.com/people/zuimai
http://www.zhihu.com/people/qiu-yi-xin
http://www.zhihu.com/people/apple-xu
http://www.zhihu.com/people/colacao
http://www.zhihu.com/people/zong-da-peng
http://www.zhihu.com/people/guouoo
http://www.zhihu.com/people/cumt
http://www.zhihu.com/people/xiangxiang
http://www.zhihu.com/people/zhang-xiao-60-51
http://www.zhihu.com/people/yang-xiao-liang-20
http://www.zhihu.com/people/ecwen
http://www.zhihu.com/people/kanbian
http://www.zhihu.com/people/li-gou-hai-12-23
http://www.zhihu.com/people/li-xin-wei-12
http://www.zhihu.com/people/jin-cheng-tan
http://www.zhihu.com/people/wuzhengxing
http://www.zhihu.com/people/rare
http://www.zhihu.com/people/zhuwenqiang
http://www.zhihu.com/people/chen-yin-ming
http://www.zhihu.com/people/yao-wei-14
http://www.zhihu.com/people/su-dong-15
http://www.zhihu.com/people/david_wang
http://www.zhihu.com/people/du-yu-64
http://www.zhihu.com/people/zhang-jian-wei-1225
http://www.zhihu.com/people/paprikaz
http://www.zhihu.com/people/jasonchang
http://www.zhihu.com/people/ashej
http://www.zhihu.com/people/jason-63
http://www.zhihu.com/people/halfer53
http://www.zhihu.com/people/miao-5
http://www.zhihu.com/people/cybersaber
http://www.zhihu.com/people/xia-qi-93
http://www.zhihu.com/people/li-shu-heng
http://www.zhihu.com/people/li-xue-yu-30
http://www.zhihu.com/people/jason911
http://www.zhihu.com/people/tian-guang-lin
http://www.zhihu.com/people/xuexue
http://www.zhihu.com/people/liu-da-na-18
http://www.zhihu.com/people/puyun
http://www.zhihu.com/people/monroe-hu
http://www.zhihu.com/people/steveren
http://www.zhihu.com/people/kang-kai-10
http://www.zhihu.com/people/nextec
http://www.zhihu.com/people/aaron-d
http://www.zhihu.com/people/yao-yan-67
http://www.zhihu.com/people/weibang365.com
http://www.zhihu.com/people/wu-xiao-ling
http://www.zhihu.com/people/Judesi
http://www.zhihu.com/people/lufo
http://www.zhihu.com/people/yue-shi-jie
http://www.zhihu.com/people/wallace-42
http://www.zhihu.com/people/long-wei-fu
http://www.zhihu.com/people/aseadan
http://www.zhihu.com/people/JeOam
http://www.zhihu.com/people/ze-mian
http://www.zhihu.com/people/ma-long-fei
http://www.zhihu.com/people/xieci
http://www.zhihu.com/people/tang-rong-ze
http://www.zhihu.com/people/li-xiao-chuan-43
http://www.zhihu.com/people/song-xiao-fan
http://www.zhihu.com/people/chongmu
http://www.zhihu.com/people/lin-yuan
http://www.zhihu.com/people/goal_lawyer
http://www.zhihu.com/people/vision
http://www.zhihu.com/people/zhang-yi-zhi-38
http://www.zhihu.com/people/lu-sen
http://www.zhihu.com/people/thinkind
http://www.zhihu.com/people/chen-jiu-ling
http://www.zhihu.com/people/ying-seven
http://www.zhihu.com/people/miao-zhong-yu
http://www.zhihu.com/people/wang-ya-fei
http://www.zhihu.com/people/zhao-chen-zhong
http://www.zhihu.com/people/alexanderx
http://www.zhihu.com/people/lin-jiang-yuan
http://www.zhihu.com/people/anyan
http://www.zhihu.com/people/liu-zhi-43
http://www.zhihu.com/people/jessica-96
http://www.zhihu.com/people/zhou-xiao-nong
http://www.zhihu.com/people/di-hui
http://www.zhihu.com/people/xia-gu-lin
http://www.zhihu.com/people/bcstyle
http://www.zhihu.com/people/hao-howard
http://www.zhihu.com/people/fu-er
http://www.zhihu.com/people/heixiong
http://www.zhihu.com/people/mo-jian
http://www.zhihu.com/people/yx28
http://www.zhihu.com/people/li-tao-ye
http://www.zhihu.com/people/xu-zhe-42
http://www.zhihu.com/people/cao-rui-22
http://www.zhihu.com/people/dong-zhi-gao
http://www.zhihu.com/people/qing-cheng-tutu
http://www.zhihu.com/people/she-yu
http://www.zhihu.com/people/hu-wei-ling
http://www.zhihu.com/people/bananamaomi
http://www.zhihu.com/people/wenwei
http://www.zhihu.com/people/xiao-beau
http://www.zhihu.com/people/kyle.kk
http://www.zhihu.com/people/wang-yan-1991
http://www.zhihu.com/people/zhang-rui-66-74
http://www.zhihu.com/people/victoriashi
http://www.zhihu.com/people/guo-zhi-kuan-kuan
http://www.zhihu.com/people/ericalulu
http://www.zhihu.com/people/xu-zhu-47
http://www.zhihu.com/people/ivykoo
http://www.zhihu.com/people/lihua
http://www.zhihu.com/people/kun-ming
http://www.zhihu.com/people/zhang-wei-92-14
http://www.zhihu.com/people/wang-yang-83-59
http://www.zhihu.com/people/chengyuan
http://www.zhihu.com/people/you-bai-73
http://www.zhihu.com/people/mo0o0fsjmf0icbi
http://www.zhihu.com/people/laruku
http://www.zhihu.com/people/chen-er-guai
http://www.zhihu.com/people/lihaihu
http://www.zhihu.com/people/lvlvlovejay
http://www.zhihu.com/people/hanoi
http://www.zhihu.com/people/zhiqiang.niu
http://www.zhihu.com/people/zhangyun
http://www.zhihu.com/people/hu-hu-42
http://www.zhihu.com/people/zhihu2012
http://www.zhihu.com/people/zhang-hehe
http://www.zhihu.com/people/zhu-hui-lai
http://www.zhihu.com/people/ysy-9
http://www.zhihu.com/people/ren-xiao-yi-43
http://www.zhihu.com/people/zhu-xing-qiang
http://www.zhihu.com/people/wang-duo-lai
http://www.zhihu.com/people/zhoujian
http://www.zhihu.com/people/liaoyy
http://www.zhihu.com/people/ywzgb
http://www.zhihu.com/people/jixin
http://www.zhihu.com/people/walkingreal
http://www.zhihu.com/people/Gabriella11
http://www.zhihu.com/people/ye-xiao-zhen
http://www.zhihu.com/people/cklover
http://www.zhihu.com/people/zheng-lei-79
http://www.zhihu.com/people/wang-li-bing
http://www.zhihu.com/people/liu-xi-fei
http://www.zhihu.com/people/lin-songyin
http://www.zhihu.com/people/gxr227
http://www.zhihu.com/people/chen-ruo-peng
http://www.zhihu.com/people/dong-chun-peng
http://www.zhihu.com/people/amuro1230
http://www.zhihu.com/people/zhu-lu-te
http://www.zhihu.com/people/zhang-de-rong
http://www.zhihu.com/people/du-yu
http://www.zhihu.com/people/sarashen
http://www.zhihu.com/people/yuba100
http://www.zhihu.com/people/zsscity
http://www.zhihu.com/people/nuo-fu
http://www.zhihu.com/people/li-yu-chen
http://www.zhihu.com/people/barbarossa
http://www.zhihu.com/people/r-q-r
http://www.zhihu.com/people/SailBoat
http://www.zhihu.com/people/soulkingz
http://www.zhihu.com/people/boda
http://www.zhihu.com/people/jun-yang
http://www.zhihu.com/people/jpshuimu
http://www.zhihu.com/people/oneperson
http://www.zhihu.com/people/co188
http://www.zhihu.com/people/xie-hui-qi
http://www.zhihu.com/people/deeyee
http://www.zhihu.com/people/neaton
http://www.zhihu.com/people/delphi
http://www.zhihu.com/people/shi-xiao-ma
http://www.zhihu.com/people/yu-ming-gu-wen-chen-tao
http://www.zhihu.com/people/ruiwendeer
http://www.zhihu.com/people/qu-zhe-eric
http://www.zhihu.com/people/arsenal
http://www.zhihu.com/people/chesanqi
http://www.zhihu.com/people/wind
