http://www.zhihu.com/people/zhang-fei-fei-fei
http://www.zhihu.com/people/xie-wei-you
http://www.zhihu.com/people/an-ran-47-4
http://www.zhihu.com/people/zhong-jiu-80
http://www.zhihu.com/people/fang-wen-32
http://www.zhihu.com/people/zhu-yixin-42
http://www.zhihu.com/people/zhang-xiao-miao-3
http://www.zhihu.com/people/bowenbitch
http://www.zhihu.com/people/ma-mi-ma-mi-hong-10
http://www.zhihu.com/people/zexiancui
http://www.zhihu.com/people/wei-ta-bing
http://www.zhihu.com/people/peoplegxs
http://www.zhihu.com/people/streetfox
http://www.zhihu.com/people/su-xiao-fu
http://www.zhihu.com/people/pang-luan-luan
http://www.zhihu.com/people/liang-yu-fan
http://www.zhihu.com/people/marklee-26
http://www.zhihu.com/people/wang-kun-69-12
http://www.zhihu.com/people/mou-yang-73
http://www.zhihu.com/people/zhang-yi-fan-48
http://www.zhihu.com/people/bingyucas
http://www.zhihu.com/people/zhang-yong-30-79
http://www.zhihu.com/people/CloseString
http://www.zhihu.com/people/zhang-lai-xu
http://www.zhihu.com/people/li-ming-fei
http://www.zhihu.com/people/hu-dan-dan-17
http://www.zhihu.com/people/a-qiu-94
http://www.zhihu.com/people/DavidXu126
http://www.zhihu.com/people/xueji
http://www.zhihu.com/people/zhu-bo-tao
http://www.zhihu.com/people/he-bu-ke
http://www.zhihu.com/people/nakutoki
http://www.zhihu.com/people/vincent-deng
http://www.zhihu.com/people/wanggaochen
http://www.zhihu.com/people/liu-tao-87
http://www.zhihu.com/people/wang-song-yang-88
http://www.zhihu.com/people/bao-zhu-er-bao-zhu-er
http://www.zhihu.com/people/lei-meng-si-30
http://www.zhihu.com/people/000088
http://www.zhihu.com/people/chen-jiu-ling
http://www.zhihu.com/people/helloben
http://www.zhihu.com/people/cao-yu-xiao
http://www.zhihu.com/people/wu-nan-9
http://www.zhihu.com/people/HippoMatrix
http://www.zhihu.com/people/zhong-ye-zi-49
http://www.zhihu.com/people/lu-jia-11
http://www.zhihu.com/people/zhao-yang-xin
http://www.zhihu.com/people/zhu-peng-fei-tc
http://www.zhihu.com/people/tan-jing-sheng
http://www.zhihu.com/people/yang-xiao-er-72
http://www.zhihu.com/people/stephanie-73
http://www.zhihu.com/people/fan-xu-51
http://www.zhihu.com/people/qiao-han-99
http://www.zhihu.com/people/iyucci
http://www.zhihu.com/people/hu-jacky
http://www.zhihu.com/people/ilw_yiworld
http://www.zhihu.com/people/zhang-zhen-92-15
http://www.zhihu.com/people/che-qing
http://www.zhihu.com/people/qi-feng-70
http://www.zhihu.com/people/huang-hao-19
http://www.zhihu.com/people/jiahu
http://www.zhihu.com/people/su-xiao-yun-91
http://www.zhihu.com/people/zhan-gong-zi
http://www.zhihu.com/people/dumpling1128
http://www.zhihu.com/people/xian-fa-hui
http://www.zhihu.com/people/pang-zi-ming-er
http://www.zhihu.com/people/mo-fei-c
http://www.zhihu.com/people/xiao-bao-75-91
http://www.zhihu.com/people/RHRH
http://www.zhihu.com/people/yuan-xiao-zong
http://www.zhihu.com/people/leo-a
http://www.zhihu.com/people/sir-hello-38
http://www.zhihu.com/people/jian-zhu-61
http://www.zhihu.com/people/135top
http://www.zhihu.com/people/li-jian-hao-31
http://www.zhihu.com/people/zhu-dong-hui-53
http://www.zhihu.com/people/xie-ting-wei
http://www.zhihu.com/people/immediate
http://www.zhihu.com/people/zhang-cheng-gong-10
http://www.zhihu.com/people/changlianghi
http://www.zhihu.com/people/zhang-yiliu
http://www.zhihu.com/people/du-zi-teng-40
http://www.zhihu.com/people/bin-xin-80
http://www.zhihu.com/people/zhihuun
http://www.zhihu.com/people/zhao-yu-wei-82
http://www.zhihu.com/people/pan-chao-57
http://www.zhihu.com/people/sring
http://www.zhihu.com/people/qing-feng-yi-zhu
http://www.zhihu.com/people/luo-hao-26
http://www.zhihu.com/people/guo-lian-kai
http://www.zhihu.com/people/liufatiao
http://www.zhihu.com/people/li-yin-chen-62
http://www.zhihu.com/people/lu-jia-qi-84
http://www.zhihu.com/people/ni-da-ye-40-87
http://www.zhihu.com/people/z-ian
http://www.zhihu.com/people/yan-ke-90
http://www.zhihu.com/people/qin-kang-bao
http://www.zhihu.com/people/ryan-dr
http://www.zhihu.com/people/han-liang-hanl
http://www.zhihu.com/people/tao-ye-82
http://www.zhihu.com/people/icola
http://www.zhihu.com/people/ting-li
http://www.zhihu.com/people/tian-nan-gua
http://www.zhihu.com/people/gu-kai-kai
http://www.zhihu.com/people/zhao-zhe-8
http://www.zhihu.com/people/wengbin
http://www.zhihu.com/people/cheng-cheng
http://www.zhihu.com/people/wang-jia-wei-45-85
http://www.zhihu.com/people/zai-jian-ding-er-mu
http://www.zhihu.com/people/shi-xuan-yi
http://www.zhihu.com/people/yin-yu-chen-26
http://www.zhihu.com/people/killaxe-jie
http://www.zhihu.com/people/yangluhan1990
http://www.zhihu.com/people/li-lin-sun
http://www.zhihu.com/people/chen-xin-76-57
http://www.zhihu.com/people/apm1467
http://www.zhihu.com/people/zkaip
http://www.zhihu.com/people/guxizhao
http://www.zhihu.com/people/techoxygen
http://www.zhihu.com/people/92588dudu
http://www.zhihu.com/people/vice-versa
http://www.zhihu.com/people/zhang-li-35-21
http://www.zhihu.com/people/he-en-jue
http://www.zhihu.com/people/shen-hui-zhong
http://www.zhihu.com/people/irismang
http://www.zhihu.com/people/Challenger800
http://www.zhihu.com/people/li-yan-liang-63
http://www.zhihu.com/people/yang-hua-ming
http://www.zhihu.com/people/an-zhi-25
http://www.zhihu.com/people/fishlife
http://www.zhihu.com/people/mylyu
http://www.zhihu.com/people/shi-zhen-xiang
http://www.zhihu.com/people/orzwind
http://www.zhihu.com/people/haohaoxuexi
http://www.zhihu.com/people/zhang-ren-qing
http://www.zhihu.com/people/zhou-xiao-zhou-37
http://www.zhihu.com/people/yshone
http://www.zhihu.com/people/xhw024
http://www.zhihu.com/people/luoxr
http://www.zhihu.com/people/zaiyiqi
http://www.zhihu.com/people/chen-xin-76
http://www.zhihu.com/people/luoyang
http://www.zhihu.com/people/stephen-cheng
http://www.zhihu.com/people/cheng-fei
http://www.zhihu.com/people/zhang-wei-zhong
http://www.zhihu.com/people/wu-zhu-46
http://www.zhihu.com/people/gymitat
http://www.zhihu.com/people/puyun
http://www.zhihu.com/people/herolifan
http://www.zhihu.com/people/bachelor99
http://www.zhihu.com/people/zhu-jia-zhuang
http://www.zhihu.com/people/hou-fang-bin
http://www.zhihu.com/people/kanbian
http://www.zhihu.com/people/wangxiaofeng
http://www.zhihu.com/people/cklover
http://www.zhihu.com/people/ziofat
http://www.zhihu.com/people/bcstyle
http://www.zhihu.com/people/0001
http://www.zhihu.com/people/miao-5
http://www.zhihu.com/people/anyan
http://www.zhihu.com/people/wu-yin-hu
http://www.zhihu.com/people/ni-quan
http://www.zhihu.com/people/zhu-hui-lai
http://www.zhihu.com/people/yuan-erer
http://www.zhihu.com/people/zhangsimon
http://www.zhihu.com/people/luzy
http://www.zhihu.com/people/tang-mi-54
http://www.zhihu.com/people/colorLee
http://www.zhihu.com/people/kidlg
http://www.zhihu.com/people/deanlee
http://www.zhihu.com/people/wang-jing-jing-66-60
http://www.zhihu.com/people/zsscity
http://www.zhihu.com/people/yuba100
http://www.zhihu.com/people/jiang-bo-wei
http://www.zhihu.com/people/aimeng
http://www.zhihu.com/people/ding-mo
http://www.zhihu.com/people/kermit
http://www.zhihu.com/people/da-you
http://www.zhihu.com/people/song-ye
http://www.zhihu.com/people/duan-wei-si
http://www.zhihu.com/people/qiu-yu
http://www.zhihu.com/people/liaoyy
http://www.zhihu.com/people/var87
http://www.zhihu.com/people/mingqing
http://www.zhihu.com/people/bupt
http://www.zhihu.com/people/delphi
http://www.zhihu.com/people/jie-yun-hao
http://www.zhihu.com/people/winnieyxw
http://www.zhihu.com/people/left
http://www.zhihu.com/people/yucca
http://www.zhihu.com/people/ningwu
http://www.zhihu.com/people/fu-er
http://www.zhihu.com/people/peach
http://www.zhihu.com/people/lestat-34
http://www.zhihu.com/people/luosheng
http://www.zhihu.com/people/wan-qing
http://www.zhihu.com/people/chengyuan
http://www.zhihu.com/people/wuruxiang
http://www.zhihu.com/people/eva-11
http://www.zhihu.com/people/alonzotang
http://www.zhihu.com/people/wangyansheng
http://www.zhihu.com/people/liu-chang-59
http://www.zhihu.com/people/jerrik
http://www.zhihu.com/people/wuyisi
http://www.zhihu.com/people/dawei
http://www.zhihu.com/people/xuming
http://www.zhihu.com/people/chong
http://www.zhihu.com/people/he-ke
http://www.zhihu.com/people/jing-si-ji
http://www.zhihu.com/people/puloon
http://www.zhihu.com/people/xu-jing-jing
http://www.zhihu.com/people/austin
http://www.zhihu.com/people/frank-fu
http://www.zhihu.com/people/Early-bird
http://www.zhihu.com/people/xiao-su-da
http://www.zhihu.com/people/neaton
http://www.zhihu.com/people/billhan
http://www.zhihu.com/people/liuya802
http://www.zhihu.com/people/butter
http://www.zhihu.com/people/qianjin
http://www.zhihu.com/people/benben
http://www.zhihu.com/people/amonjok
http://www.zhihu.com/people/jing-lei
http://www.zhihu.com/people/joezhou
http://www.zhihu.com/people/tang-chen
http://www.zhihu.com/people/wind
http://www.zhihu.com/people/yizhu
http://www.zhihu.com/people/aimengmeng
http://www.zhihu.com/people/zebra
http://www.zhihu.com/people/wangping
http://www.zhihu.com/people/huangqiuli
http://www.zhihu.com/people/li-hui-xuan
http://www.zhihu.com/people/jiyinyiyong
http://www.zhihu.com/people/dtconan
http://www.zhihu.com/people/n6athan
http://www.zhihu.com/people/zhangga
http://www.zhihu.com/people/quiver
http://www.zhihu.com/people/lawrencelry
http://www.zhihu.com/people/lady
http://www.zhihu.com/people/chu-yang-trueyoung
http://www.zhihu.com/people/benjamin
http://www.zhihu.com/people/yikai
http://www.zhihu.com/people/uxworks
http://www.zhihu.com/people/blue
http://www.zhihu.com/people/kings
http://www.zhihu.com/people/iiidche
http://www.zhihu.com/people/jixin
http://www.zhihu.com/people/woody
http://www.zhihu.com/people/mcbuder
http://www.zhihu.com/people/lubenyuan.com
http://www.zhihu.com/people/imike
