http://www.zhihu.com/people/wangzhinan
http://www.zhihu.com/people/li-dong-wei-47
http://www.zhihu.com/people/DavidL
http://www.zhihu.com/people/feng-hao-84
http://www.zhihu.com/people/liu-chun-yi
http://www.zhihu.com/people/purpleli
http://www.zhihu.com/people/chendeshen
http://www.zhihu.com/people/pantaovay
http://www.zhihu.com/people/xian-yong-kang
http://www.zhihu.com/people/congzhao
http://www.zhihu.com/people/xia-mo-4-58
http://www.zhihu.com/people/rancho-42
http://www.zhihu.com/people/mo-jie
http://www.zhihu.com/people/scsmscsm
http://www.zhihu.com/people/ding-yi-23-82
http://www.zhihu.com/people/bo-li-bobo
http://www.zhihu.com/people/dongyanlong
http://www.zhihu.com/people/yin-xue-ying
http://www.zhihu.com/people/joe-joe-84
http://www.zhihu.com/people/qiao-bang
http://www.zhihu.com/people/peng-jian-90
http://www.zhihu.com/people/wolf-north
http://www.zhihu.com/people/wang-yi-86-58
http://www.zhihu.com/people/liang-xiao-34-4
http://www.zhihu.com/people/jiayao-jin
http://www.zhihu.com/people/tanson
http://www.zhihu.com/people/iyucci
http://www.zhihu.com/people/tong-an-yi
http://www.zhihu.com/people/liu-bin-50-54
http://www.zhihu.com/people/kevin-21-5
http://www.zhihu.com/people/wang-wang-23
http://www.zhihu.com/people/jihua_wu
http://www.zhihu.com/people/ohamoy
http://www.zhihu.com/people/yu-si-xie
http://www.zhihu.com/people/zekepeng
http://www.zhihu.com/people/Hikang
http://www.zhihu.com/people/tian-tian-1-66
http://www.zhihu.com/people/chen-wen-qiang-83
http://www.zhihu.com/people/lan-kong-L
http://www.zhihu.com/people/xianjing-yang
http://www.zhihu.com/people/gu-li-sha
http://www.zhihu.com/people/vincent0815
http://www.zhihu.com/people/wang-yu-fan-66
http://www.zhihu.com/people/guaici
http://www.zhihu.com/people/penguin009
http://www.zhihu.com/people/li-zhi-33
http://www.zhihu.com/people/vayn
http://www.zhihu.com/people/kong-cheng-3
http://www.zhihu.com/people/wolf_wu
http://www.zhihu.com/people/kevincf
http://www.zhihu.com/people/yao-jia-wei
http://www.zhihu.com/people/elijahh
http://www.zhihu.com/people/zhengmingming
http://www.zhihu.com/people/cheng-ling-jian
http://www.zhihu.com/people/techoxygen
http://www.zhihu.com/people/li-xin-yi-8
http://www.zhihu.com/people/zhuseshi
http://www.zhihu.com/people/wei-xin-37
http://www.zhihu.com/people/jake-wendao
http://www.zhihu.com/people/secrain
http://www.zhihu.com/people/wwzcxqc
http://www.zhihu.com/people/zhuo-zhi-ying
http://www.zhihu.com/people/anita-cheuk
http://www.zhihu.com/people/zhang-shui-shui-78
http://www.zhihu.com/people/rickyliu1989
http://www.zhihu.com/people/lu-jian-82
http://www.zhihu.com/people/zhoushengyue
http://www.zhihu.com/people/shaunmaizi
http://www.zhihu.com/people/ericsun-71
http://www.zhihu.com/people/guannan
http://www.zhihu.com/people/pan-wen-97
http://www.zhihu.com/people/leng-shuai
http://www.zhihu.com/people/rrrrong
http://www.zhihu.com/people/prolove90
http://www.zhihu.com/people/shang-zhen-wei
http://www.zhihu.com/people/highburyboy
http://www.zhihu.com/people/wang-xiao-92-26
http://www.zhihu.com/people/tang-yan-chao
http://www.zhihu.com/people/tian-yi-81
http://www.zhihu.com/people/oktaozi
http://www.zhihu.com/people/shawnbai
http://www.zhihu.com/people/wang-xiao-yue-86
http://www.zhihu.com/people/mi-peng-52
http://www.zhihu.com/people/su-chen-21-63
http://www.zhihu.com/people/zheng-jun-53
http://www.zhihu.com/people/chenxinfeng
http://www.zhihu.com/people/yetone
http://www.zhihu.com/people/inclear
http://www.zhihu.com/people/zhu-xiu-jie
http://www.zhihu.com/people/yuan-ming-49
http://www.zhihu.com/people/codewalker
http://www.zhihu.com/people/jack-li-61
http://www.zhihu.com/people/tao-bai-bai-93
http://www.zhihu.com/people/rivers
http://www.zhihu.com/people/jimsoupchen
http://www.zhihu.com/people/ferrylifangyuan
http://www.zhihu.com/people/still-74
http://www.zhihu.com/people/wu-xin-45-25
http://www.zhihu.com/people/zhongfei
http://www.zhihu.com/people/xiao-di-78
http://www.zhihu.com/people/younglexian
http://www.zhihu.com/people/xiaogaozi
http://www.zhihu.com/people/niao-niao-54
http://www.zhihu.com/people/mu-mian-91
http://www.zhihu.com/people/huxiaoyi
http://www.zhihu.com/people/chouthen
http://www.zhihu.com/people/chen-yang-zhu
http://www.zhihu.com/people/jerry-cen
http://www.zhihu.com/people/uynah
http://www.zhihu.com/people/sun4912
http://www.zhihu.com/people/lipengbin
http://www.zhihu.com/people/helen_n
http://www.zhihu.com/people/yi-sen-8
http://www.zhihu.com/people/laura-2
http://www.zhihu.com/people/central-park
http://www.zhihu.com/people/altrixe
http://www.zhihu.com/people/zheng-ji-yu
http://www.zhihu.com/people/li-shu-ran
http://www.zhihu.com/people/iamyukaiyang
http://www.zhihu.com/people/raymond-wang
http://www.zhihu.com/people/xu-qi-qiang-26
http://www.zhihu.com/people/ma-nong-64
http://www.zhihu.com/people/wang-yuan-66-5
http://www.zhihu.com/people/jessie-chia-34
http://www.zhihu.com/people/akuramatata
http://www.zhihu.com/people/thinkdeeply
http://www.zhihu.com/people/meicoog
http://www.zhihu.com/people/wu-si-ren-76
http://www.zhihu.com/people/isla
http://www.zhihu.com/people/handey
http://www.zhihu.com/people/sdfesdf12332
http://www.zhihu.com/people/lijianjian
http://www.zhihu.com/people/chenshiwen
http://www.zhihu.com/people/jackey-jiang
http://www.zhihu.com/people/jnhy
http://www.zhihu.com/people/shu-mi-63
http://www.zhihu.com/people/benyuh
http://www.zhihu.com/people/marlboroknight
http://www.zhihu.com/people/yogo
http://www.zhihu.com/people/franklu
http://www.zhihu.com/people/qingpei
http://www.zhihu.com/people/xi-bei-4-97
http://www.zhihu.com/people/chen-bo-30
http://www.zhihu.com/people/UncleYee
http://www.zhihu.com/people/neptunetok
http://www.zhihu.com/people/gu-yue-73
http://www.zhihu.com/people/lan-xi-su-su
http://www.zhihu.com/people/ji-jie-hu
http://www.zhihu.com/people/Emmetzc
http://www.zhihu.com/people/guo-er-68
http://www.zhihu.com/people/adrianren
http://www.zhihu.com/people/neo1717
http://www.zhihu.com/people/yang-ren-zhi
http://www.zhihu.com/people/eva-lee-64
http://www.zhihu.com/people/woohaha
http://www.zhihu.com/people/shog
http://www.zhihu.com/people/xulei-92
http://www.zhihu.com/people/han-mei-mei-71
http://www.zhihu.com/people/Zind
http://www.zhihu.com/people/ma-wei-hao-66
http://www.zhihu.com/people/wang-er-71
http://www.zhihu.com/people/liang-huan-77
http://www.zhihu.com/people/ping-ji-wei
http://www.zhihu.com/people/zhang-ting-zhen
http://www.zhihu.com/people/kang-zhu-7
http://www.zhihu.com/people/hellenkevin
http://www.zhihu.com/people/zhang-shi-pu
http://www.zhihu.com/people/yue-yuan-yi
http://www.zhihu.com/people/yi-shi-qing
http://www.zhihu.com/people/hu-jiao-shao-mai
http://www.zhihu.com/people/bryancat
http://www.zhihu.com/people/wu-yi-tian
http://www.zhihu.com/people/shou-bu
http://www.zhihu.com/people/qi.zhang
http://www.zhihu.com/people/ruan-yixiao
http://www.zhihu.com/people/wihoho
http://www.zhihu.com/people/fan-yang-78
http://www.zhihu.com/people/sun-xiang-51
http://www.zhihu.com/people/zcz491
http://www.zhihu.com/people/mai-jie-gan-47
http://www.zhihu.com/people/cheristorm
http://www.zhihu.com/people/yi-shi-56
http://www.zhihu.com/people/jasonqu
http://www.zhihu.com/people/su-zi-78
http://www.zhihu.com/people/cdma2000
http://www.zhihu.com/people/ivankoki
http://www.zhihu.com/people/xhykevin
http://www.zhihu.com/people/rapstone
http://www.zhihu.com/people/liamchzh
http://www.zhihu.com/people/suziqing
http://www.zhihu.com/people/ji-de-wei
http://www.zhihu.com/people/huang-kang-zhu
http://www.zhihu.com/people/zfish
http://www.zhihu.com/people/fang-bo-yu
http://www.zhihu.com/people/xzhou0303
http://www.zhihu.com/people/imshaohua
http://www.zhihu.com/people/jin-duo-93
http://www.zhihu.com/people/dong-yan-29
http://www.zhihu.com/people/icola
http://www.zhihu.com/people/aboutdream
http://www.zhihu.com/people/zhang-meng-55
http://www.zhihu.com/people/qiumeng
http://www.zhihu.com/people/fu-yu-50
http://www.zhihu.com/people/ou-yang-cui-hua
http://www.zhihu.com/people/zhenzhen-5
http://www.zhihu.com/people/ban-qiao-yi-smoke
http://www.zhihu.com/people/wang-cai-chun
http://www.zhihu.com/people/blackpanther
http://www.zhihu.com/people/zhou-yao-35
http://www.zhihu.com/people/xiao-cai-10
http://www.zhihu.com/people/li-ling-ling-49
http://www.zhihu.com/people/wen-mang-50-61
http://www.zhihu.com/people/yshone
http://www.zhihu.com/people/inext
http://www.zhihu.com/people/lemal
http://www.zhihu.com/people/xudong
http://www.zhihu.com/people/winiex
http://www.zhihu.com/people/dai-dai-93
http://www.zhihu.com/people/bitred
http://www.zhihu.com/people/li-hai-yuan-5
http://www.zhihu.com/people/xia-xue-zhao
http://www.zhihu.com/people/sudfeel
http://www.zhihu.com/people/wang-yang-31
http://www.zhihu.com/people/cui-long-2
http://www.zhihu.com/people/isci
http://www.zhihu.com/people/fanhu
http://www.zhihu.com/people/kanbian
http://www.zhihu.com/people/abcdefg
http://www.zhihu.com/people/li-yu-61
http://www.zhihu.com/people/anyan
http://www.zhihu.com/people/array
http://www.zhihu.com/people/allenm
http://www.zhihu.com/people/neaton
http://www.zhihu.com/people/anylzer
http://www.zhihu.com/people/wa7chen
http://www.zhihu.com/people/quiver
http://www.zhihu.com/people/wangping
http://www.zhihu.com/people/jiu-hu
http://www.zhihu.com/people/lidong
http://www.zhihu.com/people/chong
http://www.zhihu.com/people/dowell
http://www.zhihu.com/people/tang-chen
http://www.zhihu.com/people/wind
http://www.zhihu.com/people/fenng
