http://www.zhihu.com/people/wuboshi
http://www.zhihu.com/people/liu-wei-lin-56
http://www.zhihu.com/people/cicixioo
http://www.zhihu.com/people/zhong-jiu-80
http://www.zhihu.com/people/shu-yun-36
http://www.zhihu.com/people/wa-xi-li
http://www.zhihu.com/people/lin-zhao-wen-83
http://www.zhihu.com/people/wang-xiao-guo-97
http://www.zhihu.com/people/king-apple
http://www.zhihu.com/people/li-lu-96-74
http://www.zhihu.com/people/chen-wen-qiang-7
http://www.zhihu.com/people/feikon
http://www.zhihu.com/people/mandy-wong-34
http://www.zhihu.com/people/fu-wei-xiang
http://www.zhihu.com/people/ci-ke-41
http://www.zhihu.com/people/chen-si-qin-7
http://www.zhihu.com/people/kirin-chan
http://www.zhihu.com/people/tang-gang-87
http://www.zhihu.com/people/wang-bao-an
http://www.zhihu.com/people/lu-dian-ju
http://www.zhihu.com/people/marshall-34
http://www.zhihu.com/people/tc-liang-66
http://www.zhihu.com/people/hang-yang-1412
http://www.zhihu.com/people/kiyo-93
http://www.zhihu.com/people/yang-wei-60-11
http://www.zhihu.com/people/wang-jia-ji-79
http://www.zhihu.com/people/mu-xin-13
http://www.zhihu.com/people/hong-su
http://www.zhihu.com/people/liu-si-si
http://www.zhihu.com/people/wang-bu-liao
http://www.zhihu.com/people/woundman
http://www.zhihu.com/people/neil-35-70
http://www.zhihu.com/people/bao-lei-er
http://www.zhihu.com/people/shang-guan-jing-yu
http://www.zhihu.com/people/StanleyMorgan
http://www.zhihu.com/people/xiao-chu
http://www.zhihu.com/people/huangya-95
http://www.zhihu.com/people/guo-er-64
http://www.zhihu.com/people/hu-xiang-78
http://www.zhihu.com/people/wzzw
http://www.zhihu.com/people/xingmo
http://www.zhihu.com/people/zhu-yong-qian
http://www.zhihu.com/people/chen-zhan-zhu
http://www.zhihu.com/people/guxixi1989
http://www.zhihu.com/people/mei-shu-te
http://www.zhihu.com/people/sun-da-mi
http://www.zhihu.com/people/jiang-xin-ye
http://www.zhihu.com/people/lin-yu-16-45
http://www.zhihu.com/people/tmn-w
http://www.zhihu.com/people/Yorunoinori
http://www.zhihu.com/people/bangoi
http://www.zhihu.com/people/xin-ning-98
http://www.zhihu.com/people/xu-xing
http://www.zhihu.com/people/Wrong
http://www.zhihu.com/people/jun-hu-97
http://www.zhihu.com/people/seenzhao
http://www.zhihu.com/people/zhang-yue-ran-96
http://www.zhihu.com/people/tang-mi-9
http://www.zhihu.com/people/lun-tai
http://www.zhihu.com/people/zhao-ming-zhe-83
http://www.zhihu.com/people/sunnyfei
http://www.zhihu.com/people/miao-xiao-miao-20
http://www.zhihu.com/people/tang-jing-yu-24
http://www.zhihu.com/people/yupengming
http://www.zhihu.com/people/zhang-lu-yao-53-79
http://www.zhihu.com/people/fengmoyan
http://www.zhihu.com/people/tomorrow
http://www.zhihu.com/people/su-mou-chen
http://www.zhihu.com/people/liujianjun
http://www.zhihu.com/people/wan-pu
http://www.zhihu.com/people/ma-hui-52
http://www.zhihu.com/people/20130413
http://www.zhihu.com/people/long-lu-92
http://www.zhihu.com/people/wang-chang-an
http://www.zhihu.com/people/wei-hua-fei
http://www.zhihu.com/people/jun-yi-14
http://www.zhihu.com/people/gao-yan-zi-lu
http://www.zhihu.com/people/zhang-yi-fan-48
http://www.zhihu.com/people/mai-zi-65
http://www.zhihu.com/people/peng-yu-winnie
http://www.zhihu.com/people/li-ran-57-13
http://www.zhihu.com/people/tcstar
http://www.zhihu.com/people/patto
http://www.zhihu.com/people/xie-kai-wen-themisgu
http://www.zhihu.com/people/xia-cheng-8
http://www.zhihu.com/people/hu-su-29
http://www.zhihu.com/people/li-xiang-17
http://www.zhihu.com/people/guo-liu-bai
http://www.zhihu.com/people/pan-richard
http://www.zhihu.com/people/wu-da-qun-10
http://www.zhihu.com/people/zhou-xing-zhe
http://www.zhihu.com/people/sui-xin-er-an
http://www.zhihu.com/people/tan-ri-tian
http://www.zhihu.com/people/anna-5-88
http://www.zhihu.com/people/meng-jue-99
http://www.zhihu.com/people/wang-ke-li-83
http://www.zhihu.com/people/nerv
http://www.zhihu.com/people/yxzm
http://www.zhihu.com/people/zhu-zheng-tao
http://www.zhihu.com/people/jerry-76
http://www.zhihu.com/people/jerry.yang
http://www.zhihu.com/people/fukang-chang
http://www.zhihu.com/people/zhao-hong-yu-50
http://www.zhihu.com/people/chrisleeeee
http://www.zhihu.com/people/feng-ming-chen
http://www.zhihu.com/people/he-yuan-sheng
http://www.zhihu.com/people/deng-fei-57
http://www.zhihu.com/people/yin-zhong-lin
http://www.zhihu.com/people/SeanParker
http://www.zhihu.com/people/chenjianferrari
http://www.zhihu.com/people/zhang-yan-lei-69
http://www.zhihu.com/people/hu-yike-cong
http://www.zhihu.com/people/tanba
http://www.zhihu.com/people/victor-shen-91
http://www.zhihu.com/people/tan-ding-shan
http://www.zhihu.com/people/an-zu
http://www.zhihu.com/people/damaomao
http://www.zhihu.com/people/ma-xiao-tiao-27
http://www.zhihu.com/people/xiao-guai-shou-catherine
http://www.zhihu.com/people/zhouyuhan24
http://www.zhihu.com/people/joe-hero
http://www.zhihu.com/people/chou-zhi-lin
http://www.zhihu.com/people/chen-tong-22-19
http://www.zhihu.com/people/ping-hu-yun-ying
http://www.zhihu.com/people/rabacca
http://www.zhihu.com/people/ai-tian-ya-82
http://www.zhihu.com/people/li-can-12
http://www.zhihu.com/people/xi-yu-man-di
http://www.zhihu.com/people/jian-mo-20-30
http://www.zhihu.com/people/mao-hai-long
http://www.zhihu.com/people/chen-jadeson
http://www.zhihu.com/people/cui-huo-huo
http://www.zhihu.com/people/guo-guo-99-90
http://www.zhihu.com/people/zhang-jing-lin
http://www.zhihu.com/people/anson-young
http://www.zhihu.com/people/bai-yang-51-90
http://www.zhihu.com/people/huang-long-80
http://www.zhihu.com/people/gembler
http://www.zhihu.com/people/jesse-wang-53
http://www.zhihu.com/people/fansxnet
http://www.zhihu.com/people/duan-zi-ma
http://www.zhihu.com/people/tu-er-hua
http://www.zhihu.com/people/deng-qiao-96
http://www.zhihu.com/people/wang-xin-yin
http://www.zhihu.com/people/iseesea
http://www.zhihu.com/people/song-warm
http://www.zhihu.com/people/zixuan-xiao
http://www.zhihu.com/people/aehan-aehan
http://www.zhihu.com/people/victoriashi
http://www.zhihu.com/people/xu-chang-43
http://www.zhihu.com/people/zhihu_weekly
http://www.zhihu.com/people/luyulaw
http://www.zhihu.com/people/yang-xuan-78
http://www.zhihu.com/people/Dominic_
http://www.zhihu.com/people/hezhichen
http://www.zhihu.com/people/ao-tu-chui
http://www.zhihu.com/people/zhu-yu-7-27
http://www.zhihu.com/people/jiang-wei-qiang
http://www.zhihu.com/people/dannyhuang
http://www.zhihu.com/people/arts
http://www.zhihu.com/people/tonnychow
http://www.zhihu.com/people/jason-xu-20
http://www.zhihu.com/people/zheng-zao-li
http://www.zhihu.com/people/wu-qing-gui-28
http://www.zhihu.com/people/hu-qi-zheng
http://www.zhihu.com/people/prayeryang
http://www.zhihu.com/people/richardhly
http://www.zhihu.com/people/chinawords
http://www.zhihu.com/people/nndnnd
http://www.zhihu.com/people/ibluer
http://www.zhihu.com/people/hong-tou-tou
http://www.zhihu.com/people/pirenmao
http://www.zhihu.com/people/iSONY
http://www.zhihu.com/people/du-xu-lei-42
http://www.zhihu.com/people/ada-wang-24
http://www.zhihu.com/people/pang-luan-luan
http://www.zhihu.com/people/li-shou-yin-89
http://www.zhihu.com/people/a-qiu-94
http://www.zhihu.com/people/qujingshi
http://www.zhihu.com/people/zhang-dou-dou-6
http://www.zhihu.com/people/zhang-chong-73
http://www.zhihu.com/people/liu-xiang-yu-62
http://www.zhihu.com/people/sisyphus-18
http://www.zhihu.com/people/qi-qi-52-78
http://www.zhihu.com/people/xiaohongalive
http://www.zhihu.com/people/wang-quan-820
http://www.zhihu.com/people/yi-kai-62
http://www.zhihu.com/people/rongyiren
http://www.zhihu.com/people/zhan-zan-shi
http://www.zhihu.com/people/mtiean
http://www.zhihu.com/people/jerry-zhang-26
http://www.zhihu.com/people/wuqing-9
http://www.zhihu.com/people/zhu-chen-shu
http://www.zhihu.com/people/pan-yilu-7
http://www.zhihu.com/people/sealon
http://www.zhihu.com/people/stevezh
http://www.zhihu.com/people/tooyoung
http://www.zhihu.com/people/zhao-xue-63
http://www.zhihu.com/people/zhaojian
http://www.zhihu.com/people/-a-dong
http://www.zhihu.com/people/ren-xiao-mao
http://www.zhihu.com/people/xiao-rui-rui-16
http://www.zhihu.com/people/shi-jia-jun-63
http://www.zhihu.com/people/xuhuafeng
http://www.zhihu.com/people/chen-lu-20-20
http://www.zhihu.com/people/vanity
http://www.zhihu.com/people/halfmile
http://www.zhihu.com/people/wang-jia-wei-45-85
http://www.zhihu.com/people/liu-ming-28-50
http://www.zhihu.com/people/yu-feng-98
http://www.zhihu.com/people/xiao-sa-06-16
http://www.zhihu.com/people/wu-sui
http://www.zhihu.com/people/billquan
http://www.zhihu.com/people/ashley-w
http://www.zhihu.com/people/hume
http://www.zhihu.com/people/jyshi-ye
http://www.zhihu.com/people/shu-mu-mu
http://www.zhihu.com/people/picspin
http://www.zhihu.com/people/boyarayophthal
http://www.zhihu.com/people/zasuny
http://www.zhihu.com/people/miao-de-ling
http://www.zhihu.com/people/da-fu-zi
http://www.zhihu.com/people/zhaokui
http://www.zhihu.com/people/bluedrum
http://www.zhihu.com/people/cao-zi-han-22
http://www.zhihu.com/people/wang-bei-bei-39
http://www.zhihu.com/people/denisyao
http://www.zhihu.com/people/shi-long-89
http://www.zhihu.com/people/liang-xin-28
http://www.zhihu.com/people/ayqiu1984
http://www.zhihu.com/people/be-with-lele
http://www.zhihu.com/people/singhwa
http://www.zhihu.com/people/xu-yi-94
http://www.zhihu.com/people/zhu-shi-jie-6
http://www.zhihu.com/people/zhushaoyue
http://www.zhihu.com/people/lu-gui-chen-26
http://www.zhihu.com/people/rose-61
http://www.zhihu.com/people/lawcao
http://www.zhihu.com/people/zhao-qi-hui
http://www.zhihu.com/people/huang-tian-ba-67
http://www.zhihu.com/people/laopopo
http://www.zhihu.com/people/imken
http://www.zhihu.com/people/zheng-bu-zheng-chang
http://www.zhihu.com/people/joshua_wu
http://www.zhihu.com/people/liu-xiao-zhui
http://www.zhihu.com/people/iyucci
http://www.zhihu.com/people/sky-fall
http://www.zhihu.com/people/jacky-shao
http://www.zhihu.com/people/ni-ba-lu
http://www.zhihu.com/people/jiroas
http://www.zhihu.com/people/yi-lin515
http://www.zhihu.com/people/sun-lin-9
http://www.zhihu.com/people/chen-xiao-jie-15-57
http://www.zhihu.com/people/su-liang-liang
http://www.zhihu.com/people/yang-hong-ju-66
http://www.zhihu.com/people/luoyyu
http://www.zhihu.com/people/zhucegongsi
http://www.zhihu.com/people/wang-fei-24
http://www.zhihu.com/people/wu-wen-kui
http://www.zhihu.com/people/holiloki
http://www.zhihu.com/people/cang-qi
http://www.zhihu.com/people/tounitony
http://www.zhihu.com/people/niwentian
http://www.zhihu.com/people/zhang-hai-dong-25
http://www.zhihu.com/people/wei-lin-29
http://www.zhihu.com/people/lian-can-jun
http://www.zhihu.com/people/lin-lin-98-23
http://www.zhihu.com/people/shi-yilang-cai
http://www.zhihu.com/people/jade1314ily
http://www.zhihu.com/people/wang-xun-91
http://www.zhihu.com/people/an-bo-11
http://www.zhihu.com/people/zhaojiahong
http://www.zhihu.com/people/gaius-chang
http://www.zhihu.com/people/VCZhang
http://www.zhihu.com/people/lu-cheng-zhang
http://www.zhihu.com/people/zhang-kai-rong
http://www.zhihu.com/people/libbtt
http://www.zhihu.com/people/li-dao-wu
http://www.zhihu.com/people/ma-da-pang
http://www.zhihu.com/people/liang-tian-fu
http://www.zhihu.com/people/hai-yang
http://www.zhihu.com/people/garhom
http://www.zhihu.com/people/techoxygen
http://www.zhihu.com/people/zhougan
http://www.zhihu.com/people/yangkunbu
http://www.zhihu.com/people/huakaibuyu
http://www.zhihu.com/people/hu-zhi-cheng-75-47
http://www.zhihu.com/people/lucybin
http://www.zhihu.com/people/tearod
http://www.zhihu.com/people/chen-yan-juan
http://www.zhihu.com/people/laibinqiang
http://www.zhihu.com/people/terry-huang-17
http://www.zhihu.com/people/WellBoy
http://www.zhihu.com/people/bian-yi-bin
http://www.zhihu.com/people/wang-xiao-chang
http://www.zhihu.com/people/chen-wen-mu
http://www.zhihu.com/people/ihuabing
http://www.zhihu.com/people/yan-huo-9
http://www.zhihu.com/people/xu-chuan-sen
http://www.zhihu.com/people/weixinsam
http://www.zhihu.com/people/liu-teng-yuan
http://www.zhihu.com/people/learychin
http://www.zhihu.com/people/zhou-zhao-93
http://www.zhihu.com/people/yi-lan-57
http://www.zhihu.com/people/yuan-rong-64
http://www.zhihu.com/people/shelockcrc
http://www.zhihu.com/people/bo-wen-49
http://www.zhihu.com/people/hu-li-hua
http://www.zhihu.com/people/cui-hong-84
http://www.zhihu.com/people/pizzabaay
http://www.zhihu.com/people/wn1986
http://www.zhihu.com/people/timcheung
http://www.zhihu.com/people/xu-xu-dan
http://www.zhihu.com/people/lyd-75
http://www.zhihu.com/people/wang-xiao-juan-92-12
http://www.zhihu.com/people/hexianlong
http://www.zhihu.com/people/huang-rong-zhuang
http://www.zhihu.com/people/wang-chuan-lin
http://www.zhihu.com/people/nowhere-momo
http://www.zhihu.com/people/sinran
http://www.zhihu.com/people/funnyfan
http://www.zhihu.com/people/fu-tian-yuan
http://www.zhihu.com/people/Art-Joker
http://www.zhihu.com/people/lu-ke-wang-xian-sheng
http://www.zhihu.com/people/ca01ei
http://www.zhihu.com/people/mou-guang
http://www.zhihu.com/people/san-pi
http://www.zhihu.com/people/xiang-zhi-83
http://www.zhihu.com/people/zheng-fang-hu
http://www.zhihu.com/people/yan-er-jane
http://www.zhihu.com/people/hu-zhen-sheng
http://www.zhihu.com/people/lonnyliang
http://www.zhihu.com/people/zhou-yue-64
http://www.zhihu.com/people/li-wei-si-303
http://www.zhihu.com/people/yahz
http://www.zhihu.com/people/chen-lin-23-5
http://www.zhihu.com/people/longniao
http://www.zhihu.com/people/9527
http://www.zhihu.com/people/cui-jia-xu
http://www.zhihu.com/people/vicguo
http://www.zhihu.com/people/s5856338
http://www.zhihu.com/people/MrY0902
http://www.zhihu.com/people/vicodinxyz
http://www.zhihu.com/people/xun-xiao-she
http://www.zhihu.com/people/xia-jie-95
http://www.zhihu.com/people/acheqi
http://www.zhihu.com/people/boxiaotu
http://www.zhihu.com/people/hong-yiqing-quan
http://www.zhihu.com/people/lincoln-xie
http://www.zhihu.com/people/xiao-feng-can-yue-88
http://www.zhihu.com/people/qiaoxiansheng
http://www.zhihu.com/people/shilh
http://www.zhihu.com/people/dong-li-dong-li
http://www.zhihu.com/people/richard.g
http://www.zhihu.com/people/heytouch
http://www.zhihu.com/people/huangkinglong
http://www.zhihu.com/people/liao-xiang-an
http://www.zhihu.com/people/san-83
http://www.zhihu.com/people/zhang-kai-94
http://www.zhihu.com/people/lu-ming-hao
http://www.zhihu.com/people/newcomer
http://www.zhihu.com/people/sui-lin-5
http://www.zhihu.com/people/liu-xing-jian-84
http://www.zhihu.com/people/passerbycrk
http://www.zhihu.com/people/lavi
http://www.zhihu.com/people/ilook
http://www.zhihu.com/people/lao-xiao-nie
http://www.zhihu.com/people/blues
http://www.zhihu.com/people/Paitanapilahmima
http://www.zhihu.com/people/freemanding
http://www.zhihu.com/people/miller-88
http://www.zhihu.com/people/wang-fan-69
http://www.zhihu.com/people/li-ai-86
http://www.zhihu.com/people/wang-ling-shan
http://www.zhihu.com/people/bei-bei
http://www.zhihu.com/people/GilgameshK
http://www.zhihu.com/people/tang-shi-min-59
http://www.zhihu.com/people/zhang-___-chuan
http://www.zhihu.com/people/miao-li-42
http://www.zhihu.com/people/nie-wu-hui
http://www.zhihu.com/people/jazzark
http://www.zhihu.com/people/songhuanping
http://www.zhihu.com/people/kevind
http://www.zhihu.com/people/shi-le-26
http://www.zhihu.com/people/xue-dong-yuan
http://www.zhihu.com/people/li-ping-fan-39
http://www.zhihu.com/people/c0in
http://www.zhihu.com/people/jin-jun-20-84
http://www.zhihu.com/people/ichabod
http://www.zhihu.com/people/guo-jia-22
http://www.zhihu.com/people/yaohuan
http://www.zhihu.com/people/wang-shuang-61
http://www.zhihu.com/people/spsftshuma
http://www.zhihu.com/people/marsokit
http://www.zhihu.com/people/li-guo-jun-26
http://www.zhihu.com/people/yeshun
http://www.zhihu.com/people/cheng-fang-hang
http://www.zhihu.com/people/zhoujunao
http://www.zhihu.com/people/zhujiahui
http://www.zhihu.com/people/mutang
http://www.zhihu.com/people/wang-ke-ke-20
http://www.zhihu.com/people/costi
http://www.zhihu.com/people/huachend
http://www.zhihu.com/people/liu-hong-cai
http://www.zhihu.com/people/jinwyp
http://www.zhihu.com/people/zhouwenrong
http://www.zhihu.com/people/wang-er-71
http://www.zhihu.com/people/yang-yu-60
http://www.zhihu.com/people/pandalee
http://www.zhihu.com/people/huang-xin-99
http://www.zhihu.com/people/zhou-tian-83
http://www.zhihu.com/people/wu-zhi-peng-48
http://www.zhihu.com/people/chinalinbin
http://www.zhihu.com/people/sillybrother
http://www.zhihu.com/people/fang-hao-9
http://www.zhihu.com/people/boboball
http://www.zhihu.com/people/luo-wen-feng
http://www.zhihu.com/people/cheng-peng-76
http://www.zhihu.com/people/hongliang
http://www.zhihu.com/people/lin-pi-98
http://www.zhihu.com/people/zheng-yan-45
http://www.zhihu.com/people/yangduan
http://www.zhihu.com/people/jinguokai
http://www.zhihu.com/people/lepernext
http://www.zhihu.com/people/danielwu89
http://www.zhihu.com/people/mvie
http://www.zhihu.com/people/ren-tian-xing
http://www.zhihu.com/people/little.dog
http://www.zhihu.com/people/mihua
http://www.zhihu.com/people/jinwei536
http://www.zhihu.com/people/fuyongkaikai
http://www.zhihu.com/people/po-dai
http://www.zhihu.com/people/cai-shu-hua
http://www.zhihu.com/people/luodachuan
http://www.zhihu.com/people/fu-jia-qi
http://www.zhihu.com/people/hxl0708
http://www.zhihu.com/people/zhang-ge-84
http://www.zhihu.com/people/zengfanqin
http://www.zhihu.com/people/yu-zheng-55
http://www.zhihu.com/people/yshone
http://www.zhihu.com/people/zibuyu6
http://www.zhihu.com/people/yeyaox
http://www.zhihu.com/people/uedreamer
http://www.zhihu.com/people/he-de-wen
http://www.zhihu.com/people/du-yu-jing
http://www.zhihu.com/people/esplendo
http://www.zhihu.com/people/zorbas
http://www.zhihu.com/people/zhang-zhi-chao-44
http://www.zhihu.com/people/Eth4n
http://www.zhihu.com/people/jiang-wen-zhen
http://www.zhihu.com/people/wu-wei-96-47
http://www.zhihu.com/people/qingliuyu
http://www.zhihu.com/people/zhang-qiu-qing
http://www.zhihu.com/people/gongting
http://www.zhihu.com/people/ma-hao-55
http://www.zhihu.com/people/hangzhi
http://www.zhihu.com/people/liaoqingping
http://www.zhihu.com/people/JiangTianZheng
http://www.zhihu.com/people/charmgene
http://www.zhihu.com/people/jasonyan0214
http://www.zhihu.com/people/liu-hao-yes
http://www.zhihu.com/people/niu-bei-bei
http://www.zhihu.com/people/maidou
http://www.zhihu.com/people/ma-teng-42
http://www.zhihu.com/people/huang-bo-tao
http://www.zhihu.com/people/alntan
http://www.zhihu.com/people/wang-bao-bao-0929
http://www.zhihu.com/people/yang8692
http://www.zhihu.com/people/james-fong
http://www.zhihu.com/people/xie-fen-36
http://www.zhihu.com/people/zhou-peng-peng
http://www.zhihu.com/people/cosmo-dark
http://www.zhihu.com/people/chen-jia-wei-77
http://www.zhihu.com/people/cherrydcy
http://www.zhihu.com/people/cai-ti-ran
http://www.zhihu.com/people/acme-storm
http://www.zhihu.com/people/elichang
http://www.zhihu.com/people/Victorique
http://www.zhihu.com/people/sunqingxin
http://www.zhihu.com/people/shetu
http://www.zhihu.com/people/runa-jiang
http://www.zhihu.com/people/zhang-fang-zhou
http://www.zhihu.com/people/zhu-yi-rui
http://www.zhihu.com/people/li-min-72
http://www.zhihu.com/people/gui-meng-yuan
http://www.zhihu.com/people/sun-zhen-hua
http://www.zhihu.com/people/wang-wu
http://www.zhihu.com/people/zhangrongjie
http://www.zhihu.com/people/xin-qing-10
http://www.zhihu.com/people/huangsheng
http://www.zhihu.com/people/zhangjian
http://www.zhihu.com/people/orangel
http://www.zhihu.com/people/yi-bo-33
http://www.zhihu.com/people/Jenson
http://www.zhihu.com/people/he-sir-47
http://www.zhihu.com/people/lijiulin
http://www.zhihu.com/people/sneakercn
http://www.zhihu.com/people/wyhome
http://www.zhihu.com/people/sedgwickz
http://www.zhihu.com/people/li-bu-yan
http://www.zhihu.com/people/imior
http://www.zhihu.com/people/han-jun-60
http://www.zhihu.com/people/jiang-ge
http://www.zhihu.com/people/eolithr
http://www.zhihu.com/people/zhou-xiao-bai-21
http://www.zhihu.com/people/li-chun-tao
http://www.zhihu.com/people/yang-wen-guang
http://www.zhihu.com/people/yu-fei-5
http://www.zhihu.com/people/tanzhihuei
http://www.zhihu.com/people/zhou-lei-4-25
http://www.zhihu.com/people/hongju-yang
http://www.zhihu.com/people/wang-qiang-4
http://www.zhihu.com/people/stanley-yang
http://www.zhihu.com/people/wei-lei-32
http://www.zhihu.com/people/zhounan
http://www.zhihu.com/people/paul-shadow
http://www.zhihu.com/people/cheng-ni
http://www.zhihu.com/people/fawuguan
http://www.zhihu.com/people/wang-yuan-net
http://www.zhihu.com/people/daviru
http://www.zhihu.com/people/ge-xiao-bai
http://www.zhihu.com/people/cklover
http://www.zhihu.com/people/jason-63
http://www.zhihu.com/people/cuixiaoqi
http://www.zhihu.com/people/positive52energy
http://www.zhihu.com/people/tian-min-cheng
http://www.zhihu.com/people/zhao-liang-80
http://www.zhihu.com/people/miss-iceberg
http://www.zhihu.com/people/zhu-ke-xiang
http://www.zhihu.com/people/luo-ren
http://www.zhihu.com/people/huang-chen-15
http://www.zhihu.com/people/trousseau
http://www.zhihu.com/people/nian-83
http://www.zhihu.com/people/wang-yan-yuan
http://www.zhihu.com/people/abourne
http://www.zhihu.com/people/things
http://www.zhihu.com/people/medges-11
http://www.zhihu.com/people/cheng-hui-yong
http://www.zhihu.com/people/gao-yu-15
http://www.zhihu.com/people/amy-zhang
http://www.zhihu.com/people/jiuye
http://www.zhihu.com/people/amy-xiong
http://www.zhihu.com/people/shao-meng
http://www.zhihu.com/people/VegasWang
http://www.zhihu.com/people/adongdong
http://www.zhihu.com/people/wu-lei-62
http://www.zhihu.com/people/rare
http://www.zhihu.com/people/elenanan-qiao
http://www.zhihu.com/people/heixiong
http://www.zhihu.com/people/orzcc
http://www.zhihu.com/people/yang-ray-5
http://www.zhihu.com/people/slen
http://www.zhihu.com/people/zhou-yang-19
http://www.zhihu.com/people/vincent-liu
http://www.zhihu.com/people/chen-xiao-mei
http://www.zhihu.com/people/baijiang
http://www.zhihu.com/people/li-chao-4
http://www.zhihu.com/people/justin-leo-ye
http://www.zhihu.com/people/wu-zhen-dong
http://www.zhihu.com/people/zhangqianxiyu
http://www.zhihu.com/people/zhu-jia-zhuang
http://www.zhihu.com/people/yiyibeta2
http://www.zhihu.com/people/cao-kai-cheng
http://www.zhihu.com/people/dai-da-bei
http://www.zhihu.com/people/gu-chong-lun
http://www.zhihu.com/people/r-q-r
http://www.zhihu.com/people/rhyn99
http://www.zhihu.com/people/hydeyuan
http://www.zhihu.com/people/recalling
http://www.zhihu.com/people/yiban-zhan-shi
http://www.zhihu.com/people/fono
http://www.zhihu.com/people/jia-wei-73
http://www.zhihu.com/people/efans
http://www.zhihu.com/people/evenstar
http://www.zhihu.com/people/liujixun
http://www.zhihu.com/people/xiakai
http://www.zhihu.com/people/liangjian
http://www.zhihu.com/people/zhang-qi-qi-9
http://www.zhihu.com/people/lei-zhen-9
http://www.zhihu.com/people/yue-shi-jie
http://www.zhihu.com/people/chuenlungwang
http://www.zhihu.com/people/zhu-jun-qiang
http://www.zhihu.com/people/sanxingju
http://www.zhihu.com/people/zknyy
http://www.zhihu.com/people/yixingtianxia
http://www.zhihu.com/people/gongxin
http://www.zhihu.com/people/dongjin
http://www.zhihu.com/people/li-tao-ye
http://www.zhihu.com/people/K-Rao
http://www.zhihu.com/people/wangnannan
http://www.zhihu.com/people/zhouchi
http://www.zhihu.com/people/yin-ming-76
http://www.zhihu.com/people/stanleysong
http://www.zhihu.com/people/hmzhou
http://www.zhihu.com/people/zhangyiland
http://www.zhihu.com/people/zhang-xing-80
http://www.zhihu.com/people/duanwenming
http://www.zhihu.com/people/cuiziang
http://www.zhihu.com/people/GTK
http://www.zhihu.com/people/ying-wang-hua
http://www.zhihu.com/people/gigglie
http://www.zhihu.com/people/anyan
http://www.zhihu.com/people/li-pei-lin-79
http://www.zhihu.com/people/imwoody
http://www.zhihu.com/people/etsir
http://www.zhihu.com/people/printf
http://www.zhihu.com/people/zhao-shu-yan
http://www.zhihu.com/people/pussir
http://www.zhihu.com/people/liamort
http://www.zhihu.com/people/xiechenxing
http://www.zhihu.com/people/michelle716
http://www.zhihu.com/people/lenbo
http://www.zhihu.com/people/plhwin
http://www.zhihu.com/people/ipore
http://www.zhihu.com/people/luo-biao
http://www.zhihu.com/people/chen-xue-zhu
http://www.zhihu.com/people/lihua
http://www.zhihu.com/people/waynezhang
http://www.zhihu.com/people/zhou-qian-yu
http://www.zhihu.com/people/nie-zhu
http://www.zhihu.com/people/vahva
http://www.zhihu.com/people/ruan-chang-feng
http://www.zhihu.com/people/fanhu
http://www.zhihu.com/people/1jun
http://www.zhihu.com/people/henryfish
http://www.zhihu.com/people/liuxm
http://www.zhihu.com/people/gongyj0948
http://www.zhihu.com/people/zhang-wei-92-14
http://www.zhihu.com/people/ihei-ma
http://www.zhihu.com/people/hejie
http://www.zhihu.com/people/li-zhen-jie
http://www.zhihu.com/people/gaopingli
http://www.zhihu.com/people/sunmoon
http://www.zhihu.com/people/zhu-hui-lai
http://www.zhihu.com/people/wang-yichao
http://www.zhihu.com/people/ding-qi-50
http://www.zhihu.com/people/williamzhang
http://www.zhihu.com/people/li-sheng-yan
http://www.zhihu.com/people/lionel-zhu
http://www.zhihu.com/people/mi-xin-lei
http://www.zhihu.com/people/mattyy
http://www.zhihu.com/people/zsonic
http://www.zhihu.com/people/4600767
http://www.zhihu.com/people/lin-jiang-heng
http://www.zhihu.com/people/fa-jun
http://www.zhihu.com/people/vision9
http://www.zhihu.com/people/san-yang-68
http://www.zhihu.com/people/hnfish
http://www.zhihu.com/people/lolocho
http://www.zhihu.com/people/edmundzw
http://www.zhihu.com/people/song-qiong-91
http://www.zhihu.com/people/liu-ya-fei
http://www.zhihu.com/people/huang-le-jun
http://www.zhihu.com/people/liu-chuan-jin
http://www.zhihu.com/people/icer
http://www.zhihu.com/people/zhi-jun-2
http://www.zhihu.com/people/li-long-66
http://www.zhihu.com/people/zhang-lei-hao
http://www.zhihu.com/people/mavericksu
http://www.zhihu.com/people/yuan-erer
http://www.zhihu.com/people/cxm8888
http://www.zhihu.com/people/iplawyer
http://www.zhihu.com/people/chen-xiang-chang
http://www.zhihu.com/people/xia-qing-71
http://www.zhihu.com/people/tang-mi-54
http://www.zhihu.com/people/caozhen
http://www.zhihu.com/people/beebird
http://www.zhihu.com/people/zhang-wen-qiang
http://www.zhihu.com/people/zhao-chen-guang-95
http://www.zhihu.com/people/mingyi
http://www.zhihu.com/people/donnydong
http://www.zhihu.com/people/qu-qiang-19
http://www.zhihu.com/people/gao-yao-hui
http://www.zhihu.com/people/wu-shuai
http://www.zhihu.com/people/floral
http://www.zhihu.com/people/chen-yun-70
http://www.zhihu.com/people/guoxuan
http://www.zhihu.com/people/emiledai
http://www.zhihu.com/people/fan-wen-64
http://www.zhihu.com/people/liangsanbo
http://www.zhihu.com/people/song-peng-33
http://www.zhihu.com/people/pointo
http://www.zhihu.com/people/loadingxxxxx
http://www.zhihu.com/people/wu-ling-chen
http://www.zhihu.com/people/chen-da-bao
http://www.zhihu.com/people/poetxg
http://www.zhihu.com/people/idealtimes
http://www.zhihu.com/people/river4
http://www.zhihu.com/people/chen-xiao-tu-66
http://www.zhihu.com/people/wang-qiang-99-64
http://www.zhihu.com/people/wu-xiao-dong-6
http://www.zhihu.com/people/chanlderbing
http://www.zhihu.com/people/he-kun
http://www.zhihu.com/people/liu-xi-fei
http://www.zhihu.com/people/zhao-wei-ya
http://www.zhihu.com/people/houjie
http://www.zhihu.com/people/chanpinjingli
http://www.zhihu.com/people/noe132
http://www.zhihu.com/people/hao-bing
http://www.zhihu.com/people/xiao-yao-20
http://www.zhihu.com/people/yoyoworks
http://www.zhihu.com/people/li-shuang-jiang
http://www.zhihu.com/people/goal_lawyer
http://www.zhihu.com/people/leeying
http://www.zhihu.com/people/zhang-wen-yu
http://www.zhihu.com/people/wang-jing-72
http://www.zhihu.com/people/wang-kun-cheng
http://www.zhihu.com/people/gukr001
http://www.zhihu.com/people/wangxiaopeng
http://www.zhihu.com/people/wu-da
http://www.zhihu.com/people/yankee
http://www.zhihu.com/people/zhang-wei-dong
http://www.zhihu.com/people/bale
http://www.zhihu.com/people/ming-wei-hao
http://www.zhihu.com/people/dao-dao-62
http://www.zhihu.com/people/lubinwei
http://www.zhihu.com/people/zi-lu-_hu-kai-_
http://www.zhihu.com/people/chen-zhou-zhou
http://www.zhihu.com/people/lu-yun-jie
http://www.zhihu.com/people/kwong
http://www.zhihu.com/people/shifu
http://www.zhihu.com/people/da-kong-yi
http://www.zhihu.com/people/xie-xiang-77
http://www.zhihu.com/people/vance
http://www.zhihu.com/people/martin-63
http://www.zhihu.com/people/zhang-kai-peng
http://www.zhihu.com/people/linda-jiang
http://www.zhihu.com/people/90hou
http://www.zhihu.com/people/kidding
http://www.zhihu.com/people/wang-tong-shu
http://www.zhihu.com/people/kkkdada
http://www.zhihu.com/people/huang-cheng-an
http://www.zhihu.com/people/horace
http://www.zhihu.com/people/keymaker
http://www.zhihu.com/people/wang-ting-ting-w
http://www.zhihu.com/people/han-yu-liang-17
http://www.zhihu.com/people/baiyinbing
http://www.zhihu.com/people/sanjing
http://www.zhihu.com/people/gaohao
http://www.zhihu.com/people/aceli
http://www.zhihu.com/people/fan-ya-jie
http://www.zhihu.com/people/mindseeker
http://www.zhihu.com/people/pansz
http://www.zhihu.com/people/cy-51
http://www.zhihu.com/people/wuming
http://www.zhihu.com/people/li-bin-9-36
http://www.zhihu.com/people/liaoqing
http://www.zhihu.com/people/thinkind
http://www.zhihu.com/people/lava
http://www.zhihu.com/people/gao-xin
http://www.zhihu.com/people/sasiky
http://www.zhihu.com/people/wei-wen-hao-1
http://www.zhihu.com/people/fakefilm
http://www.zhihu.com/people/panbin
http://www.zhihu.com/people/leges
http://www.zhihu.com/people/wen-shen-gong
http://www.zhihu.com/people/think2me
http://www.zhihu.com/people/bitpirate
http://www.zhihu.com/people/luo-chan
http://www.zhihu.com/people/skyy1234567890
http://www.zhihu.com/people/houhuan1006
http://www.zhihu.com/people/songtitan
http://www.zhihu.com/people/jokry
http://www.zhihu.com/people/zhang-qi-52
http://www.zhihu.com/people/chenruihong
http://www.zhihu.com/people/linmengyin
http://www.zhihu.com/people/nina-rong
http://www.zhihu.com/people/ran-tao-84
http://www.zhihu.com/people/wang-li-bing
http://www.zhihu.com/people/eugene-hsueh
http://www.zhihu.com/people/zheng-xiao-fu
http://www.zhihu.com/people/orderly
http://www.zhihu.com/people/zhang-tao-9-22
http://www.zhihu.com/people/liu-yu-62
http://www.zhihu.com/people/deanlee
http://www.zhihu.com/people/jie-shang-xi
http://www.zhihu.com/people/moriiirom
http://www.zhihu.com/people/wang-shi-zhong
http://www.zhihu.com/people/xuzhuoer
http://www.zhihu.com/people/li-san-mei-54
http://www.zhihu.com/people/ma-jun-73
http://www.zhihu.com/people/ban-ma
http://www.zhihu.com/people/zou-chang-li
http://www.zhihu.com/people/wang-yong-xiang
http://www.zhihu.com/people/lepture
http://www.zhihu.com/people/maggie-leung
http://www.zhihu.com/people/devilazy
http://www.zhihu.com/people/yeung
http://www.zhihu.com/people/su-hui-54
http://www.zhihu.com/people/sujingjohnny
http://www.zhihu.com/people/simmy
http://www.zhihu.com/people/zengzhaoling
http://www.zhihu.com/people/zhao-xu-88-99
http://www.zhihu.com/people/liu-yun-tao
http://www.zhihu.com/people/Deng_wei
http://www.zhihu.com/people/weepie
http://www.zhihu.com/people/raymond-wang
http://www.zhihu.com/people/li-pei-zhe
http://www.zhihu.com/people/wang-zhi-feng-22
http://www.zhihu.com/people/li-yong-liang
http://www.zhihu.com/people/liuchy
http://www.zhihu.com/people/zhang-ji-airforce
http://www.zhihu.com/people/li-xin-mei
http://www.zhihu.com/people/wu-xu-feng-67
http://www.zhihu.com/people/rong-yao
http://www.zhihu.com/people/vanvanyou
http://www.zhihu.com/people/zhou-ying-47
http://www.zhihu.com/people/liuzhibin
http://www.zhihu.com/people/qu-zhuo
http://www.zhihu.com/people/ke-li-si-92
http://www.zhihu.com/people/zhou-jun-41
http://www.zhihu.com/people/zhang-yun-zhi
http://www.zhihu.com/people/zhou-ping-62
http://www.zhihu.com/people/keyearth
http://www.zhihu.com/people/Tony.Chung
http://www.zhihu.com/people/laiwang
http://www.zhihu.com/people/raine-88
http://www.zhihu.com/people/allan-sun
http://www.zhihu.com/people/he-yang-72
http://www.zhihu.com/people/li-yang0623
http://www.zhihu.com/people/ding-ding-zhang
http://www.zhihu.com/people/hexinqiang
http://www.zhihu.com/people/ningshouhui
http://www.zhihu.com/people/doginwind
http://www.zhihu.com/people/xie_yang
http://www.zhihu.com/people/Dial
http://www.zhihu.com/people/dqange
http://www.zhihu.com/people/tan-wei-jun
http://www.zhihu.com/people/zhang-ming-ming-47
http://www.zhihu.com/people/imwangshuai
http://www.zhihu.com/people/leonlee
http://www.zhihu.com/people/sha-peng
http://www.zhihu.com/people/yan-dan-ling
http://www.zhihu.com/people/guan-wen-ming
http://www.zhihu.com/people/yuchilinfeng
http://www.zhihu.com/people/maqiangwei
http://www.zhihu.com/people/jason911
http://www.zhihu.com/people/wang-jin-tai
http://www.zhihu.com/people/worldsy
http://www.zhihu.com/people/rockscai
http://www.zhihu.com/people/bai-zhi-long
http://www.zhihu.com/people/zhengcy
http://www.zhihu.com/people/zhangjianbo
http://www.zhihu.com/people/mency89
http://www.zhihu.com/people/zhou-li-peng
http://www.zhihu.com/people/liu-ji-chang
http://www.zhihu.com/people/zhang-quan-14
http://www.zhihu.com/people/cheng-xiao-wei
http://www.zhihu.com/people/gu-yue-36
http://www.zhihu.com/people/tanxu
http://www.zhihu.com/people/xing-xiao-long
http://www.zhihu.com/people/lzxiaoning
http://www.zhihu.com/people/smell
http://www.zhihu.com/people/pidank
http://www.zhihu.com/people/zhou-can
http://www.zhihu.com/people/fifthworld
http://www.zhihu.com/people/feng-yu-yi
http://www.zhihu.com/people/Porridge-watermelon
http://www.zhihu.com/people/wang-wei-60-55
http://www.zhihu.com/people/li-chao-hua
http://www.zhihu.com/people/tang-xiao-feng
http://www.zhihu.com/people/liu-ying-sang
http://www.zhihu.com/people/zeng-sheng-sui
http://www.zhihu.com/people/pcfool
http://www.zhihu.com/people/chenyixun
http://www.zhihu.com/people/parseeci
http://www.zhihu.com/people/laoteng
http://www.zhihu.com/people/wen-zi-qi
http://www.zhihu.com/people/zhou-wei-70
http://www.zhihu.com/people/yang-jin-jing-84
http://www.zhihu.com/people/jameswood
http://www.zhihu.com/people/fusong
http://www.zhihu.com/people/liu-shao-bo
http://www.zhihu.com/people/qiu-feng
http://www.zhihu.com/people/Elizen
http://www.zhihu.com/people/zhouyuan
http://www.zhihu.com/people/linklion
http://www.zhihu.com/people/goldjin1014
http://www.zhihu.com/people/kouxin
http://www.zhihu.com/people/chen-wan-ru
http://www.zhihu.com/people/ma-yun-zheng
http://www.zhihu.com/people/lu-jun-7-67
http://www.zhihu.com/people/klzjz
http://www.zhihu.com/people/alex-wang-39
http://www.zhihu.com/people/luo-zhi-hu
http://www.zhihu.com/people/xiang-nan-de-xi-gua
http://www.zhihu.com/people/rajowang
http://www.zhihu.com/people/lomo90
http://www.zhihu.com/people/puyun
http://www.zhihu.com/people/xianpengliu
http://www.zhihu.com/people/jpshuimu
http://www.zhihu.com/people/liu-ye-feng
http://www.zhihu.com/people/zhang-yu-yang-32
http://www.zhihu.com/people/tanbamboo
http://www.zhihu.com/people/goldegg
http://www.zhihu.com/people/mercilaura
http://www.zhihu.com/people/yun-qi-7
http://www.zhihu.com/people/qian-yuan-xin
http://www.zhihu.com/people/veightz
http://www.zhihu.com/people/kaixindelurenjia
http://www.zhihu.com/people/chenqi
http://www.zhihu.com/people/shan-yang
http://www.zhihu.com/people/paocat
http://www.zhihu.com/people/aboutdream
http://www.zhihu.com/people/wang-cheng-he
http://www.zhihu.com/people/wuyangbing
http://www.zhihu.com/people/yanjun
http://www.zhihu.com/people/alexmyth
http://www.zhihu.com/people/deng-tai-di
http://www.zhihu.com/people/244087104
http://www.zhihu.com/people/Irvine
http://www.zhihu.com/people/li-gang-87
http://www.zhihu.com/people/wang-ai-ai
http://www.zhihu.com/people/annie8023
http://www.zhihu.com/people/liamhero
http://www.zhihu.com/people/mymiss
http://www.zhihu.com/people/jiang-nan-64
http://www.zhihu.com/people/KylinSoo
http://www.zhihu.com/people/hao-zhi-bing
http://www.zhihu.com/people/xu-niu
http://www.zhihu.com/people/li-ying-zhen
http://www.zhihu.com/people/zhihur
http://www.zhihu.com/people/wang-xin-37-37
http://www.zhihu.com/people/ziyaolulu
http://www.zhihu.com/people/starxue
http://www.zhihu.com/people/zhangjishan
http://www.zhihu.com/people/wuxiansheng
http://www.zhihu.com/people/kenneth1991
http://www.zhihu.com/people/xinlinyang
http://www.zhihu.com/people/yangshuai
http://www.zhihu.com/people/zan-dong
http://www.zhihu.com/people/ambrosio
http://www.zhihu.com/people/yuwufu
http://www.zhihu.com/people/crysun
http://www.zhihu.com/people/zhao-fei-long
http://www.zhihu.com/people/niu-he-qing
http://www.zhihu.com/people/Crown
http://www.zhihu.com/people/receo
http://www.zhihu.com/people/dingchen
http://www.zhihu.com/people/xi-de-78
http://www.zhihu.com/people/biansutao
http://www.zhihu.com/people/rambowu
http://www.zhihu.com/people/xu-bao-hua
http://www.zhihu.com/people/d9wing
http://www.zhihu.com/people/ruo-shui
http://www.zhihu.com/people/liu-ao-yu
http://www.zhihu.com/people/imnotceo
http://www.zhihu.com/people/xiaoqing80s
http://www.zhihu.com/people/guo-chun-long-45
http://www.zhihu.com/people/wangbohan
http://www.zhihu.com/people/guo-yue
http://www.zhihu.com/people/legacylvsan
http://www.zhihu.com/people/lu-sen
http://www.zhihu.com/people/luyin
http://www.zhihu.com/people/regulous
http://www.zhihu.com/people/yahuo
http://www.zhihu.com/people/he-xin-26
http://www.zhihu.com/people/chris-wei
http://www.zhihu.com/people/wei-tao
http://www.zhihu.com/people/liu-hai-liang
http://www.zhihu.com/people/cheng-hu
http://www.zhihu.com/people/xing-hao-peng
http://www.zhihu.com/people/zhang-run
http://www.zhihu.com/people/Zhang_Jian
http://www.zhihu.com/people/qethan
http://www.zhihu.com/people/chenshuo
http://www.zhihu.com/people/skycheng
http://www.zhihu.com/people/oxygen
http://www.zhihu.com/people/pinkid
http://www.zhihu.com/people/duanli
http://www.zhihu.com/people/jin-ming
http://www.zhihu.com/people/atuskong
http://www.zhihu.com/people/wangze
http://www.zhihu.com/people/argus
http://www.zhihu.com/people/gong-sun
http://www.zhihu.com/people/yan-guo-liang
http://www.zhihu.com/people/miao-zhong-yu
http://www.zhihu.com/people/wangy1ng
http://www.zhihu.com/people/moioi
http://www.zhihu.com/people/liu-ping-ping-32
http://www.zhihu.com/people/jin-xi
http://www.zhihu.com/people/chenqiangpan
http://www.zhihu.com/people/lin-yang
http://www.zhihu.com/people/lartigue
http://www.zhihu.com/people/boda
http://www.zhihu.com/people/cai-tong
http://www.zhihu.com/people/g_will
http://www.zhihu.com/people/chan
http://www.zhihu.com/people/kaifulee
http://www.zhihu.com/people/colorwill
http://www.zhihu.com/people/hu-jing-jing
http://www.zhihu.com/people/chengyuan
http://www.zhihu.com/people/kuihuazi
http://www.zhihu.com/people/sylvieluk
http://www.zhihu.com/people/zhao-yong-18
http://www.zhihu.com/people/skyxqc
http://www.zhihu.com/people/mao-zhu
http://www.zhihu.com/people/yang-bobo
http://www.zhihu.com/people/deeyee
http://www.zhihu.com/people/steve
http://www.zhihu.com/people/kent03
http://www.zhihu.com/people/icaiguobin
http://www.zhihu.com/people/onlywater
http://www.zhihu.com/people/wuruxiang
http://www.zhihu.com/people/hxddh
http://www.zhihu.com/people/jason-huang
http://www.zhihu.com/people/deng-ke
http://www.zhihu.com/people/cao-fei
http://www.zhihu.com/people/hr-summer
http://www.zhihu.com/people/shunfeng
http://www.zhihu.com/people/ligexiao
http://www.zhihu.com/people/puloon
http://www.zhihu.com/people/zhang-ming-yu
http://www.zhihu.com/people/wayde
http://www.zhihu.com/people/nearmo
http://www.zhihu.com/people/gao-yu-qing-ray
http://www.zhihu.com/people/xie-su
http://www.zhihu.com/people/47463737
http://www.zhihu.com/people/beingv
http://www.zhihu.com/people/li-feng-95
http://www.zhihu.com/people/liuzhi
http://www.zhihu.com/people/yezhu
http://www.zhihu.com/people/guo-guo-81
http://www.zhihu.com/people/juswalle
http://www.zhihu.com/people/huang-lang
http://www.zhihu.com/people/billhan
http://www.zhihu.com/people/bucolic-35
http://www.zhihu.com/people/pinyanlee
http://www.zhihu.com/people/jjlee
http://www.zhihu.com/people/xu-jing-jing
http://www.zhihu.com/people/yizhaofengyue
http://www.zhihu.com/people/law_ee
http://www.zhihu.com/people/song-jing-ren
http://www.zhihu.com/people/kong-ling-jie
http://www.zhihu.com/people/shine
http://www.zhihu.com/people/zichezidan
http://www.zhihu.com/people/lindage
http://www.zhihu.com/people/neaton
http://www.zhihu.com/people/chen-qing-yang
http://www.zhihu.com/people/shao-chuang-ye
http://www.zhihu.com/people/imason
http://www.zhihu.com/people/haiger-25
http://www.zhihu.com/people/quiver
http://www.zhihu.com/people/cici1223s
http://www.zhihu.com/people/chendayun
http://www.zhihu.com/people/tang-chen
http://www.zhihu.com/people/wind
http://www.zhihu.com/people/gymitat
http://www.zhihu.com/people/binbinmath
http://www.zhihu.com/people/yu-jing-4
http://www.zhihu.com/people/zhenkai
http://www.zhihu.com/people/yuxinlie
http://www.zhihu.com/people/vcalex
http://www.zhihu.com/people/iamin
http://www.zhihu.com/people/zhaoyang
http://www.zhihu.com/people/mcbuder
http://www.zhihu.com/people/lubenyuan.com
http://www.zhihu.com/people/zhangga
http://www.zhihu.com/people/cooerson
http://www.zhihu.com/people/shijun
http://www.zhihu.com/people/jixin
