http://www.zhihu.com/people/laser
http://www.zhihu.com/people/jian-xing
http://www.zhihu.com/people/a-juan-12
http://www.zhihu.com/people/hansun-lam
http://www.zhihu.com/people/cody
http://www.zhihu.com/people/jie-ao-joy
http://www.zhihu.com/people/bakeham
http://www.zhihu.com/people/shu-yun-36
http://www.zhihu.com/people/liujianlong
http://www.zhihu.com/people/chen-xiao-xing-74
http://www.zhihu.com/people/ji-ran-ran-31
http://www.zhihu.com/people/onlymayday
http://www.zhihu.com/people/mouji
http://www.zhihu.com/people/gu-yun-30
http://www.zhihu.com/people/shen-ya-nan-44
http://www.zhihu.com/people/wang-ke-ke-20
http://www.zhihu.com/people/huang-zi-xu
http://www.zhihu.com/people/cui-yi-ran
http://www.zhihu.com/people/christiany
http://www.zhihu.com/people/xia-hua-qiu-xie
http://www.zhihu.com/people/xiao-mi-15
http://www.zhihu.com/people/yang-xin-53
http://www.zhihu.com/people/jesse_chen
http://www.zhihu.com/people/tangsir
http://www.zhihu.com/people/li-lei-fen-dou
http://www.zhihu.com/people/pizilele
http://www.zhihu.com/people/feeng
http://www.zhihu.com/people/pharma
http://www.zhihu.com/people/wen-wen-ri
http://www.zhihu.com/people/stjojo
http://www.zhihu.com/people/xu-chuan-zhou
http://www.zhihu.com/people/xiao-yi-21
http://www.zhihu.com/people/ericake
http://www.zhihu.com/people/zhang-ping-66-81
http://www.zhihu.com/people/ebbl
http://www.zhihu.com/people/suo-shi
http://www.zhihu.com/people/samqiu
http://www.zhihu.com/people/weng-xiao-cong
http://www.zhihu.com/people/hama
http://www.zhihu.com/people/ye-frank
http://www.zhihu.com/people/wang-han-76
http://www.zhihu.com/people/DYdongyi
http://www.zhihu.com/people/hifly
http://www.zhihu.com/people/zhykate
http://www.zhihu.com/people/zengjiajun
http://www.zhihu.com/people/mymiss
http://www.zhihu.com/people/windhk
http://www.zhihu.com/people/infoman
http://www.zhihu.com/people/mo-gu-8-10
http://www.zhihu.com/people/heaven_000
http://www.zhihu.com/people/kiwiit
http://www.zhihu.com/people/gui-sheng-74
http://www.zhihu.com/people/foreverbeing
http://www.zhihu.com/people/xie-jia-ming-5
http://www.zhihu.com/people/mu-zi-you
http://www.zhihu.com/people/xia-yu-tian-3-49
http://www.zhihu.com/people/helo-wei
http://www.zhihu.com/people/xia-zhen-46
http://www.zhihu.com/people/jingshuai
http://www.zhihu.com/people/ghyang
http://www.zhihu.com/people/yan-xiao-gan
http://www.zhihu.com/people/jiggersong
http://www.zhihu.com/people/lin-zhao-wen-83
http://www.zhihu.com/people/tiezhen
http://www.zhihu.com/people/fay-wen
http://www.zhihu.com/people/xiao-chu
http://www.zhihu.com/people/15.10
http://www.zhihu.com/people/sun-jing-jing-99
http://www.zhihu.com/people/xuexiaozhe
http://www.zhihu.com/people/chen-da-ke-81
http://www.zhihu.com/people/huang-lei-ji
http://www.zhihu.com/people/tanghaiyan
http://www.zhihu.com/people/chinaxing
http://www.zhihu.com/people/celery-49
http://www.zhihu.com/people/meng-shuang-paula
http://www.zhihu.com/people/zhao-wen-jie
http://www.zhihu.com/people/chen-yibin-60
http://www.zhihu.com/people/milkr
http://www.zhihu.com/people/xiao-yu-64
http://www.zhihu.com/people/wen-sen-te-86
http://www.zhihu.com/people/wherekevin
http://www.zhihu.com/people/boshao
http://www.zhihu.com/people/cheng-yang-69
http://www.zhihu.com/people/gao-lu-ji
http://www.zhihu.com/people/xiao-yu-long
http://www.zhihu.com/people/xenonflash
http://www.zhihu.com/people/hujiang
http://www.zhihu.com/people/zhu-yixin-42
http://www.zhihu.com/people/zhou-jiang-ling
http://www.zhihu.com/people/flygon
http://www.zhihu.com/people/zheng-zhi-chao-8
http://www.zhihu.com/people/John.z
http://www.zhihu.com/people/wmyoung
http://www.zhihu.com/people/jacky-jacky-82
http://www.zhihu.com/people/peoplegxs
http://www.zhihu.com/people/yu-zhou-you-le-ting
http://www.zhihu.com/people/tang-jing-yu-24
http://www.zhihu.com/people/ji-wei-70
http://www.zhihu.com/people/echohn
http://www.zhihu.com/people/yihuia
http://www.zhihu.com/people/lesugar
http://www.zhihu.com/people/rainstone
http://www.zhihu.com/people/yousurm
http://www.zhihu.com/people/li-ming-min
http://www.zhihu.com/people/feng-hao-yan
http://www.zhihu.com/people/ling-chao-93
http://www.zhihu.com/people/qing-mao-95
http://www.zhihu.com/people/lxk1111
http://www.zhihu.com/people/rambler1122
http://www.zhihu.com/people/noyy
http://www.zhihu.com/people/yan-shi-51
http://www.zhihu.com/people/li-yuan-56-20
http://www.zhihu.com/people/marklee-26
http://www.zhihu.com/people/breeze
http://www.zhihu.com/people/he-ji-chong
http://www.zhihu.com/people/kelvin-king
http://www.zhihu.com/people/liu-da-dong-vi
http://www.zhihu.com/people/chen-tian-yi-60
http://www.zhihu.com/people/zhang-xue-wei
http://www.zhihu.com/people/huang-ke-wang
http://www.zhihu.com/people/jonson-fang
http://www.zhihu.com/people/changfan
http://www.zhihu.com/people/noff
http://www.zhihu.com/people/celia-85
http://www.zhihu.com/people/vele
http://www.zhihu.com/people/chouthen
http://www.zhihu.com/people/wang-mu-66
http://www.zhihu.com/people/lin-zhe-96
http://www.zhihu.com/people/x_gy
http://www.zhihu.com/people/vvvzhang-hao
http://www.zhihu.com/people/qing-kui-mu-yu
http://www.zhihu.com/people/baiyi-34
http://www.zhihu.com/people/sanghai89110224
http://www.zhihu.com/people/wangkai
http://www.zhihu.com/people/jackie-69
http://www.zhihu.com/people/gousheng
http://www.zhihu.com/people/dexterchung
http://www.zhihu.com/people/xu-jian-xiong
http://www.zhihu.com/people/laughingjacky
http://www.zhihu.com/people/todayrocktodayroll
http://www.zhihu.com/people/caoxiongfeng
http://www.zhihu.com/people/fei-yu-67-58
http://www.zhihu.com/people/zhou-tao-31
http://www.zhihu.com/people/walkxi
http://www.zhihu.com/people/dai-xiao-lan
http://www.zhihu.com/people/liqi
http://www.zhihu.com/people/shorttime
http://www.zhihu.com/people/oxygen
http://www.zhihu.com/people/huang-jia-dong-49
http://www.zhihu.com/people/jran
http://www.zhihu.com/people/song-jin-chang
http://www.zhihu.com/people/tan-ri-tian
http://www.zhihu.com/people/li-xiang-39-48
http://www.zhihu.com/people/qu-peng-tao
http://www.zhihu.com/people/mylove
http://www.zhihu.com/people/neo00000
http://www.zhihu.com/people/marsorange
http://www.zhihu.com/people/ponpon
http://www.zhihu.com/people/haozeng
http://www.zhihu.com/people/zhang-yan-lei-69
http://www.zhihu.com/people/liang-yu-fan
http://www.zhihu.com/people/yuquan
http://www.zhihu.com/people/you-zi-38-79
http://www.zhihu.com/people/hu-qiong-72
http://www.zhihu.com/people/chu-hua-wei
http://www.zhihu.com/people/awing-66
http://www.zhihu.com/people/yang-hou-ze
http://www.zhihu.com/people/yangtwotwo
http://www.zhihu.com/people/wei-tao-3-17
http://www.zhihu.com/people/shawn1943
http://www.zhihu.com/people/herock
http://www.zhihu.com/people/sunprin
http://www.zhihu.com/people/cjunhong
http://www.zhihu.com/people/dingran
http://www.zhihu.com/people/abchello
http://www.zhihu.com/people/shawnzhang
http://www.zhihu.com/people/shishan
http://www.zhihu.com/people/leegang
http://www.zhihu.com/people/nicing
http://www.zhihu.com/people/wangyihong
http://www.zhihu.com/people/gao-xing-93
http://www.zhihu.com/people/xianyu
http://www.zhihu.com/people/ysbl
http://www.zhihu.com/people/zhu-chao-zhong
http://www.zhihu.com/people/lvzhu
http://www.zhihu.com/people/xuexiao
http://www.zhihu.com/people/yorkyluo
http://www.zhihu.com/people/santiago
http://www.zhihu.com/people/kayzhang
http://www.zhihu.com/people/ArvinLiu
http://www.zhihu.com/people/rickey-yue
http://www.zhihu.com/people/zhang-bo-67-32
http://www.zhihu.com/people/lian-xiao-peng
http://www.zhihu.com/people/chen-da-tou-42-26
http://www.zhihu.com/people/young-young-2
http://www.zhihu.com/people/cai-jun-21
http://www.zhihu.com/people/zhang-yi-fan-48
http://www.zhihu.com/people/Alway_Zero
http://www.zhihu.com/people/wang-kai-60-85
http://www.zhihu.com/people/qie-ge
http://www.zhihu.com/people/jysm
http://www.zhihu.com/people/fan-chen
http://www.zhihu.com/people/zhang-ben-ben-73
http://www.zhihu.com/people/liuweifeng
http://www.zhihu.com/people/xu-fei-60-36
http://www.zhihu.com/people/xu-meng-yang
http://www.zhihu.com/people/mo-qiu-39
http://www.zhihu.com/people/wu-bei-47-18
http://www.zhihu.com/people/yang-yun-45
http://www.zhihu.com/people/han-yan-hui
http://www.zhihu.com/people/gymitat
http://www.zhihu.com/people/wu-yue-4
http://www.zhihu.com/people/zhang-wen-yi
http://www.zhihu.com/people/li-pei-45
http://www.zhihu.com/people/kyle-pan
http://www.zhihu.com/people/feng-wei-ma
http://www.zhihu.com/people/wan-pu
http://www.zhihu.com/people/mvie
http://www.zhihu.com/people/daisy-46-2
http://www.zhihu.com/people/menthollin
http://www.zhihu.com/people/zhu-da-da-24
http://www.zhihu.com/people/chen-meng-jiao
http://www.zhihu.com/people/tzj
http://www.zhihu.com/people/brangelina
http://www.zhihu.com/people/parke
http://www.zhihu.com/people/liu-yu-tong-92-31
http://www.zhihu.com/people/fu-xin-hua-15
http://www.zhihu.com/people/a-long
http://www.zhihu.com/people/mo-shen-94
http://www.zhihu.com/people/xu-yong-jia
http://www.zhihu.com/people/qu-duo-duo-58
http://www.zhihu.com/people/xiao-xiao-mu-31
http://www.zhihu.com/people/ylzhu
http://www.zhihu.com/people/wangweizhe
http://www.zhihu.com/people/Geoffreyzhang
http://www.zhihu.com/people/xiong-jin-heng
http://www.zhihu.com/people/xing-shuai
http://www.zhihu.com/people/bei-dan-xiao-wo
http://www.zhihu.com/people/wang-heng-tong
http://www.zhihu.com/people/li-jing-yan-12
http://www.zhihu.com/people/xiao-xiong-51
http://www.zhihu.com/people/zhang-shui-shui-78
http://www.zhihu.com/people/mac-yym
http://www.zhihu.com/people/TheChyi
http://www.zhihu.com/people/mi-tang-19
http://www.zhihu.com/people/1000
http://www.zhihu.com/people/liu-si-jiang
http://www.zhihu.com/people/fabio
http://www.zhihu.com/people/zhang-wei-zhong
http://www.zhihu.com/people/siwenxiaojie
http://www.zhihu.com/people/Xcreater
http://www.zhihu.com/people/sunkun0204
http://www.zhihu.com/people/li-ke-yan-25
http://www.zhihu.com/people/chen-chun-chun-13
http://www.zhihu.com/people/75212218
http://www.zhihu.com/people/wu-di
http://www.zhihu.com/people/xieyingli
http://www.zhihu.com/people/han-yi-wen
http://www.zhihu.com/people/jiang-dong-52
http://www.zhihu.com/people/yin-yu-wu
http://www.zhihu.com/people/wang-yue-72-49
http://www.zhihu.com/people/mei-long-ze
http://www.zhihu.com/people/zhang-tao-1
http://www.zhihu.com/people/li-yiqi
http://www.zhihu.com/people/zhou-hao-yu-59
http://www.zhihu.com/people/shan-kui-zhang
http://www.zhihu.com/people/mo-xiao-bai-66
http://www.zhihu.com/people/liu-da-44
http://www.zhihu.com/people/xi-yu-man-di
http://www.zhihu.com/people/feng-wen-can
http://www.zhihu.com/people/yxue
http://www.zhihu.com/people/luoxiaohua
http://www.zhihu.com/people/lang-gou-da-ren
http://www.zhihu.com/people/yu-yang-87-79
http://www.zhihu.com/people/huang-xing-67
http://www.zhihu.com/people/xiao-kun-82
http://www.zhihu.com/people/xie-jian-feng-42
http://www.zhihu.com/people/bnomb3
http://www.zhihu.com/people/samyhello
http://www.zhihu.com/people/hfitp
http://www.zhihu.com/people/canon-14
http://www.zhihu.com/people/istreamty
http://www.zhihu.com/people/deng-ze-yuan
http://www.zhihu.com/people/li-dan
http://www.zhihu.com/people/lin-ming-hui-1
http://www.zhihu.com/people/deng-tao-39
http://www.zhihu.com/people/hong-hei-xiao-kai
http://www.zhihu.com/people/faith-87
http://www.zhihu.com/people/suaifeng
http://www.zhihu.com/people/chun-yue
http://www.zhihu.com/people/kevinandlong
http://www.zhihu.com/people/pikapika
http://www.zhihu.com/people/wu-nan-80
http://www.zhihu.com/people/eracq
http://www.zhihu.com/people/kneadtime
http://www.zhihu.com/people/tian-nan-gua
http://www.zhihu.com/people/liuyang-37
http://www.zhihu.com/people/da-van
http://www.zhihu.com/people/yokay
http://www.zhihu.com/people/yang-peng-li
http://www.zhihu.com/people/ma-xiao-chuan-21
http://www.zhihu.com/people/luobiying
http://www.zhihu.com/people/hu-yi-dong
http://www.zhihu.com/people/li-yao-hua
http://www.zhihu.com/people/techoxygen
http://www.zhihu.com/people/tong-ming-hui
http://www.zhihu.com/people/charleszhu
http://www.zhihu.com/people/jackey-jiang
http://www.zhihu.com/people/wang-wei-23-6
http://www.zhihu.com/people/myersguo
http://www.zhihu.com/people/fly-6
http://www.zhihu.com/people/wayne-lin
http://www.zhihu.com/people/xu-shi-fu
http://www.zhihu.com/people/fajia
http://www.zhihu.com/people/qiao-cui
http://www.zhihu.com/people/liangzi
http://www.zhihu.com/people/xiao-tu-qin
http://www.zhihu.com/people/titan
http://www.zhihu.com/people/KingdomSpace
http://www.zhihu.com/people/yuancheng
http://www.zhihu.com/people/lilizong
http://www.zhihu.com/people/mo-ran-17
http://www.zhihu.com/people/wu-yi-fan-79
http://www.zhihu.com/people/zhu-xiao-wu-77
http://www.zhihu.com/people/zhaoyalong
http://www.zhihu.com/people/yu-lei-ming
http://www.zhihu.com/people/haiger-25
http://www.zhihu.com/people/ma-zhi-zhou
http://www.zhihu.com/people/chen-ying-08-94
http://www.zhihu.com/people/novostary
http://www.zhihu.com/people/zengyingjia
http://www.zhihu.com/people/miaomiaomiao
http://www.zhihu.com/people/cai-xiao-hu
http://www.zhihu.com/people/zhxy-33
http://www.zhihu.com/people/Paitanapilahmima
http://www.zhihu.com/people/li-yao-fu
http://www.zhihu.com/people/bianlun
http://www.zhihu.com/people/tansuo19
http://www.zhihu.com/people/tony-20
http://www.zhihu.com/people/blade001
http://www.zhihu.com/people/zhao-zhao-qiang
http://www.zhihu.com/people/boyan
http://www.zhihu.com/people/wang-pi-shui-er
http://www.zhihu.com/people/zhaolisha
http://www.zhihu.com/people/iout.in
http://www.zhihu.com/people/umifam
http://www.zhihu.com/people/colorLee
http://www.zhihu.com/people/li-rui-74
http://www.zhihu.com/people/gao-long-long
http://www.zhihu.com/people/wang-zi-long-35
http://www.zhihu.com/people/xxnotepad
http://www.zhihu.com/people/zhang-jing-rong
http://www.zhihu.com/people/sunny_zhouyj
http://www.zhihu.com/people/patto
http://www.zhihu.com/people/jiang-xue-qian
http://www.zhihu.com/people/nie-wu-hui
http://www.zhihu.com/people/yangqianliang
http://www.zhihu.com/people/goahead
http://www.zhihu.com/people/jun-ya
http://www.zhihu.com/people/------
http://www.zhihu.com/people/X-ci
http://www.zhihu.com/people/xu-yu-jun
http://www.zhihu.com/people/naturalne
http://www.zhihu.com/people/yang-cheng-wu-20
http://www.zhihu.com/people/liuyisi
http://www.zhihu.com/people/puyun
http://www.zhihu.com/people/jadentseng
http://www.zhihu.com/people/zhangminxing
http://www.zhihu.com/people/guang-qian-yuan
http://www.zhihu.com/people/qiong-lin
http://www.zhihu.com/people/fu-bin-43
http://www.zhihu.com/people/SailYang
http://www.zhihu.com/people/ling-xing-32-20
http://www.zhihu.com/people/longchengfei
http://www.zhihu.com/people/yaocoder
http://www.zhihu.com/people/pb612
http://www.zhihu.com/people/huanghuihui1991
http://www.zhihu.com/people/kimberly-chan
http://www.zhihu.com/people/boviyoung
http://www.zhihu.com/people/zhang-ming-21-51
http://www.zhihu.com/people/bug_ahoy
http://www.zhihu.com/people/jonathan_tian
http://www.zhihu.com/people/sisley-75
http://www.zhihu.com/people/nan-xi-ren
http://www.zhihu.com/people/wicket-gate
http://www.zhihu.com/people/zzpro
http://www.zhihu.com/people/liu-yu-qi-55
http://www.zhihu.com/people/windan0901
http://www.zhihu.com/people/Eski147
http://www.zhihu.com/people/max-shao
http://www.zhihu.com/people/zhout
http://www.zhihu.com/people/cinderellaing
http://www.zhihu.com/people/arlmy
http://www.zhihu.com/people/zhang-li-ya
http://www.zhihu.com/people/kaiwalks
http://www.zhihu.com/people/ding-guo-feng
http://www.zhihu.com/people/yuanli
http://www.zhihu.com/people/shanglei
http://www.zhihu.com/people/nodyoungman
http://www.zhihu.com/people/bangkok3
http://www.zhihu.com/people/zhao-kang-95-57
http://www.zhihu.com/people/yang-bobo
http://www.zhihu.com/people/luo-xiao-wei
http://www.zhihu.com/people/ren-xue-wu
http://www.zhihu.com/people/ma-chang-jiu-11
http://www.zhihu.com/people/artillery
http://www.zhihu.com/people/wang-xiao-feng-51
http://www.zhihu.com/people/silar
http://www.zhihu.com/people/mingjune
http://www.zhihu.com/people/wu-zhen-13
http://www.zhihu.com/people/mumu2017
http://www.zhihu.com/people/fan-he-40
http://www.zhihu.com/people/wu-zhi-peng-48
http://www.zhihu.com/people/zhang-yan-74
http://www.zhihu.com/people/zblc
http://www.zhihu.com/people/rove
http://www.zhihu.com/people/tu-tu-92
http://www.zhihu.com/people/singrain
http://www.zhihu.com/people/hedi
http://www.zhihu.com/people/ruih
http://www.zhihu.com/people/li-chao-30
http://www.zhihu.com/people/kuang-yu-88
http://www.zhihu.com/people/guohaipeng
http://www.zhihu.com/people/androider
http://www.zhihu.com/people/di-xiao-bin
http://www.zhihu.com/people/paul-shadow
http://www.zhihu.com/people/wangyongjun
http://www.zhihu.com/people/xiaogaozi
http://www.zhihu.com/people/littleben
http://www.zhihu.com/people/ryanhust
http://www.zhihu.com/people/chenzhenbo
http://www.zhihu.com/people/M02E
http://www.zhihu.com/people/zhang-xi-an
http://www.zhihu.com/people/hsiaofan
http://www.zhihu.com/people/Anly
http://www.zhihu.com/people/lin-fan-63-96
http://www.zhihu.com/people/vahva
http://www.zhihu.com/people/zhang-ge-84
http://www.zhihu.com/people/www.quhuaxue.com
http://www.zhihu.com/people/gui-meng-yuan
http://www.zhihu.com/people/xianglifei
http://www.zhihu.com/people/wang8118
http://www.zhihu.com/people/dropby
http://www.zhihu.com/people/wu-jing-tian-1
http://www.zhihu.com/people/ma-ke-xian-sheng
http://www.zhihu.com/people/lin-yu-lin
http://www.zhihu.com/people/wang-xiao-yu-5
http://www.zhihu.com/people/chen-xin-76
http://www.zhihu.com/people/yang-hai-77
http://www.zhihu.com/people/surprise-m
http://www.zhihu.com/people/chen-wei-xiong
http://www.zhihu.com/people/deng-sheng-chun
http://www.zhihu.com/people/gao-da-li
http://www.zhihu.com/people/juelu
http://www.zhihu.com/people/jobic-wong
http://www.zhihu.com/people/huanggengtao
http://www.zhihu.com/people/eternalolin
http://www.zhihu.com/people/lu-xian-ning
http://www.zhihu.com/people/li-gou-hai-12-23
http://www.zhihu.com/people/zhaoguowei
http://www.zhihu.com/people/Mr31415927
http://www.zhihu.com/people/tan-nan-gua
http://www.zhihu.com/people/kailun
http://www.zhihu.com/people/riverwq
http://www.zhihu.com/people/HouLi
http://www.zhihu.com/people/atx318
http://www.zhihu.com/people/rolfwang
http://www.zhihu.com/people/sunnyprince
http://www.zhihu.com/people/hlhl
http://www.zhihu.com/people/liu-xi-fei
http://www.zhihu.com/people/my-god
http://www.zhihu.com/people/hobo
http://www.zhihu.com/people/zhou-jian-rui
http://www.zhihu.com/people/BillyHe
http://www.zhihu.com/people/oulove
http://www.zhihu.com/people/tanchenhui
http://www.zhihu.com/people/deng-hao-34
http://www.zhihu.com/people/li-yu-gang-19
http://www.zhihu.com/people/ge-hai-hai
http://www.zhihu.com/people/su-san
http://www.zhihu.com/people/jiangnan
http://www.zhihu.com/people/wan-jin-lin
http://www.zhihu.com/people/a-qi-le
http://www.zhihu.com/people/chaosilver
http://www.zhihu.com/people/ma-ke-14
http://www.zhihu.com/people/chrisishungry
http://www.zhihu.com/people/nearmo
http://www.zhihu.com/people/realway
http://www.zhihu.com/people/yudonghan
http://www.zhihu.com/people/lin-yuan
http://www.zhihu.com/people/cklover
http://www.zhihu.com/people/gao-sai-jie
http://www.zhihu.com/people/zhangyu0806
http://www.zhihu.com/people/wang-wen-ping
http://www.zhihu.com/people/vipjqy
http://www.zhihu.com/people/0110000
http://www.zhihu.com/people/ijony
http://www.zhihu.com/people/wolftankk
http://www.zhihu.com/people/zhang-xiao-hei
http://www.zhihu.com/people/poeho
http://www.zhihu.com/people/gongjun
http://www.zhihu.com/people/cuizhanya
http://www.zhihu.com/people/s0s0
http://www.zhihu.com/people/songyuxiao
http://www.zhihu.com/people/linxiaoxi819
http://www.zhihu.com/people/wu-ke-11
http://www.zhihu.com/people/hzshen
http://www.zhihu.com/people/jieli
http://www.zhihu.com/people/li-ze-hua-39
http://www.zhihu.com/people/he-xiao-guo
http://www.zhihu.com/people/wang-jian-26
http://www.zhihu.com/people/linux
http://www.zhihu.com/people/magua
http://www.zhihu.com/people/windriver
http://www.zhihu.com/people/hanbing0102
http://www.zhihu.com/people/zhuwenqiang
http://www.zhihu.com/people/polaris14551
http://www.zhihu.com/people/gino
http://www.zhihu.com/people/heroic
http://www.zhihu.com/people/peng-xin-xin
http://www.zhihu.com/people/zhang-ju-xuan
http://www.zhihu.com/people/wei-shan-shan
http://www.zhihu.com/people/wang-yifei
http://www.zhihu.com/people/jixin
http://www.zhihu.com/people/chenruihong
http://www.zhihu.com/people/lu-hua-hai
http://www.zhihu.com/people/princess
http://www.zhihu.com/people/sun-bo-66
http://www.zhihu.com/people/yang-yang-2
http://www.zhihu.com/people/superlee
http://www.zhihu.com/people/gong-qian-yin
http://www.zhihu.com/people/yang-lei-89-85
http://www.zhihu.com/people/ronronronron
http://www.zhihu.com/people/zdolobz
http://www.zhihu.com/people/lian-chang-wang-jiang
http://www.zhihu.com/people/yipkoonyui
http://www.zhihu.com/people/velochina
http://www.zhihu.com/people/shiling
http://www.zhihu.com/people/niewei
http://www.zhihu.com/people/zi-liu
http://www.zhihu.com/people/goal_lawyer
http://www.zhihu.com/people/li-ren-wei
http://www.zhihu.com/people/yuchang
http://www.zhihu.com/people/zhujiyu
http://www.zhihu.com/people/doubleyu
http://www.zhihu.com/people/she-zhu-xiang
http://www.zhihu.com/people/hua-ze-lin
http://www.zhihu.com/people/meiwangsheng
http://www.zhihu.com/people/zhang-guang-ming
http://www.zhihu.com/people/zhuzhubaby
http://www.zhihu.com/people/neaton
http://www.zhihu.com/people/wind
http://www.zhihu.com/people/puloon
http://www.zhihu.com/people/delphi
