http://www.zhihu.com/people/nanjingsummer
http://www.zhihu.com/people/shu-ba-ge
http://www.zhihu.com/people/feng-hao-84
http://www.zhihu.com/people/ayr1
http://www.zhihu.com/people/jun-yi-14
http://www.zhihu.com/people/tanghaiyan
http://www.zhihu.com/people/peng-yi-dou
http://www.zhihu.com/people/chenjianferrari
http://www.zhihu.com/people/joe-hero
http://www.zhihu.com/people/chanhs
http://www.zhihu.com/people/tong-an-yi
http://www.zhihu.com/people/iseesea
http://www.zhihu.com/people/nndnnd
http://www.zhihu.com/people/Chen-Yaning
http://www.zhihu.com/people/lvpihuoche
http://www.zhihu.com/people/bewho
http://www.zhihu.com/people/zhong-ye-zi-49
http://www.zhihu.com/people/techoxygen
http://www.zhihu.com/people/zhuo-zhi-ying
http://www.zhihu.com/people/yang-ying-ya
http://www.zhihu.com/people/wang-fei-24
http://www.zhihu.com/people/yi-sen-8
http://www.zhihu.com/people/joyedu
http://www.zhihu.com/people/huang-wen-6
http://www.zhihu.com/people/li-kai-47-73
http://www.zhihu.com/people/liu-jie-40
http://www.zhihu.com/people/luo-bu-xiong
http://www.zhihu.com/people/sowhat
http://www.zhihu.com/people/tong-feng
http://www.zhihu.com/people/wang-xiao-juan-92-12
http://www.zhihu.com/people/a-xie
http://www.zhihu.com/people/xie-yuan-peng
http://www.zhihu.com/people/wang-yi-fan-40
http://www.zhihu.com/people/wen-jing-58
http://www.zhihu.com/people/xiong-xiao-xiong-16
http://www.zhihu.com/people/yan-er-jane
http://www.zhihu.com/people/chen-yi-tong-66
http://www.zhihu.com/people/wei-liang-54
http://www.zhihu.com/people/li-wei-si-303
http://www.zhihu.com/people/ec404
http://www.zhihu.com/people/wu-xin-27-22
http://www.zhihu.com/people/lincoln-xie
http://www.zhihu.com/people/natt
http://www.zhihu.com/people/ilook
http://www.zhihu.com/people/qiaoxiansheng
http://www.zhihu.com/people/bigtran
http://www.zhihu.com/people/wang-yan-yuan-48
http://www.zhihu.com/people/zheng-zhi-chao-8
http://www.zhihu.com/people/zhengping
http://www.zhihu.com/people/xia-bing-29
http://www.zhihu.com/people/mu-qing-han
http://www.zhihu.com/people/jin-duo-93
http://www.zhihu.com/people/www.asfreya.com
http://www.zhihu.com/people/li-ke-yong-70
http://www.zhihu.com/people/xiao-fei-25
http://www.zhihu.com/people/duanduanduan
http://www.zhihu.com/people/mu-yi-77
http://www.zhihu.com/people/liuliuhappy
http://www.zhihu.com/people/han-wei-peng
http://www.zhihu.com/people/verojuice
http://www.zhihu.com/people/iwanglian
http://www.zhihu.com/people/song-lin-feng
http://www.zhihu.com/people/yang-heng-xing
http://www.zhihu.com/people/lisongke
http://www.zhihu.com/people/ge-ge-wu
http://www.zhihu.com/people/yu-bo-yu
http://www.zhihu.com/people/guo-qi-xin
http://www.zhihu.com/people/kuaiji
http://www.zhihu.com/people/aletgo
http://www.zhihu.com/people/chen-yi-biao-97
http://www.zhihu.com/people/shi-qiang-75
http://www.zhihu.com/people/alfred-39
http://www.zhihu.com/people/zahetang
http://www.zhihu.com/people/zhao-zi-yue
http://www.zhihu.com/people/haohaoxuexi
http://www.zhihu.com/people/yshone
http://www.zhihu.com/people/luo-sen-46
http://www.zhihu.com/people/sun-yu-duo
http://www.zhihu.com/people/wentasy
http://www.zhihu.com/people/lin-qin-yao
http://www.zhihu.com/people/yan-tou
http://www.zhihu.com/people/wang-kai-26
http://www.zhihu.com/people/zhuang-bao-yan
http://www.zhihu.com/people/wu-zhi-xiang-46
http://www.zhihu.com/people/mikasang
http://www.zhihu.com/people/wolfer-55
http://www.zhihu.com/people/meng-er
http://www.zhihu.com/people/zhang-yue-tao
http://www.zhihu.com/people/mu-xiao-xia
http://www.zhihu.com/people/liu-jun-98
http://www.zhihu.com/people/xu-rui-20
http://www.zhihu.com/people/hu-hai-tao-55
http://www.zhihu.com/people/yin-hao-79
http://www.zhihu.com/people/fu-jia-qi
http://www.zhihu.com/people/wu-wei-96-47
http://www.zhihu.com/people/jin-hui-76
http://www.zhihu.com/people/er-gou-80
http://www.zhihu.com/people/xuhuicn
http://www.zhihu.com/people/yu-zhen-zhen-49
http://www.zhihu.com/people/huang-rong-fang
http://www.zhihu.com/people/jiang-___-min
http://www.zhihu.com/people/zhang-li-46-24
http://www.zhihu.com/people/charmgene
http://www.zhihu.com/people/huo-kan-kan
http://www.zhihu.com/people/liu-ji-liang
http://www.zhihu.com/people/xiao-xiong-86
http://www.zhihu.com/people/fan-shi-hu
http://www.zhihu.com/people/compatible
http://www.zhihu.com/people/sneakercn
http://www.zhihu.com/people/sedgwickz
http://www.zhihu.com/people/aria
http://www.zhihu.com/people/zheng-sheng-hui
http://www.zhihu.com/people/pan-guo-sheng
http://www.zhihu.com/people/lan-hai-33
http://www.zhihu.com/people/cheng-li-66
http://www.zhihu.com/people/xie-zhi-yun
http://www.zhihu.com/people/wang-jue-31-80
http://www.zhihu.com/people/tina-32
http://www.zhihu.com/people/coolxiaoliang
http://www.zhihu.com/people/liu-chuan-qing
http://www.zhihu.com/people/diao-lin
http://www.zhihu.com/people/sun-wu-neng
http://www.zhihu.com/people/luo-na-er
http://www.zhihu.com/people/fu-chen-qiang
http://www.zhihu.com/people/yang-lin-jing-guang
http://www.zhihu.com/people/li-zhu-47-35
http://www.zhihu.com/people/liu-ma-li-ya
http://www.zhihu.com/people/yuan-shao
http://www.zhihu.com/people/wang-yan-lin-24
http://www.zhihu.com/people/dai-yong-jiang
http://www.zhihu.com/people/chen-jing-long-95
http://www.zhihu.com/people/zhang-ji-15-80
http://www.zhihu.com/people/wei-lai-chuan-yue-zhe
http://www.zhihu.com/people/fan-hai-tao-6
http://www.zhihu.com/people/zhao-xin-79
http://www.zhihu.com/people/tang-shuang-jia
http://www.zhihu.com/people/meng-wei-dong
http://www.zhihu.com/people/dongweiming
http://www.zhihu.com/people/wang-huan-43
http://www.zhihu.com/people/zifeixu85
http://www.zhihu.com/people/xu-zheng-wei
http://www.zhihu.com/people/yaaaaang
http://www.zhihu.com/people/liao-jian-hua-27
http://www.zhihu.com/people/yang-lei-59-1
http://www.zhihu.com/people/tang-xiao-kai
http://www.zhihu.com/people/zhang-wei-quan-80
http://www.zhihu.com/people/dai-kan
http://www.zhihu.com/people/guo-li-peng
http://www.zhihu.com/people/endlessturelove
http://www.zhihu.com/people/gifts
http://www.zhihu.com/people/vip5555
http://www.zhihu.com/people/jiang-yu-di
http://www.zhihu.com/people/li-qiong-85
http://www.zhihu.com/people/zhang-yun-88
http://www.zhihu.com/people/wu-chang-qing
http://www.zhihu.com/people/uncleTsang
http://www.zhihu.com/people/rare
http://www.zhihu.com/people/gaohaining
http://www.zhihu.com/people/yujingye
http://www.zhihu.com/people/xie-jian-fei
http://www.zhihu.com/people/coldsmilemimi
http://www.zhihu.com/people/mushishi
http://www.zhihu.com/people/su-jun-yang
http://www.zhihu.com/people/zengzh
http://www.zhihu.com/people/zhaoqiaohua
http://www.zhihu.com/people/wang-yichao
http://www.zhihu.com/people/fanxiaohe
http://www.zhihu.com/people/dong-li-bo
http://www.zhihu.com/people/he-zhi-qun
http://www.zhihu.com/people/feng-hao-85
http://www.zhihu.com/people/array
http://www.zhihu.com/people/everisle
http://www.zhihu.com/people/wang-bao-bao-0929
http://www.zhihu.com/people/beatbox
http://www.zhihu.com/people/yang-cong-quan-man-tou
http://www.zhihu.com/people/eleven
http://www.zhihu.com/people/liuxuemei
http://www.zhihu.com/people/loujianwen
http://www.zhihu.com/people/cricket
http://www.zhihu.com/people/lu-yan-jing-xuan
http://www.zhihu.com/people/san-yang-68
http://www.zhihu.com/people/hnfish
http://www.zhihu.com/people/zhangdongqing
http://www.zhihu.com/people/sun-fei-44
http://www.zhihu.com/people/geely
http://www.zhihu.com/people/edmundzw
http://www.zhihu.com/people/liu-ya-fei
http://www.zhihu.com/people/silentmost
http://www.zhihu.com/people/qinchen85
http://www.zhihu.com/people/amore721
http://www.zhihu.com/people/chengcw
http://www.zhihu.com/people/li-peng-22-5
http://www.zhihu.com/people/yuan-xiong
http://www.zhihu.com/people/zhang-yu-liang
http://www.zhihu.com/people/zhang-zhi-lin
http://www.zhihu.com/people/david-tam
http://www.zhihu.com/people/zhi-jun-2
http://www.zhihu.com/people/yan-shi-51
http://www.zhihu.com/people/shi-dou
http://www.zhihu.com/people/talkdao
http://www.zhihu.com/people/lizitony
http://www.zhihu.com/people/cui-shao-guang
http://www.zhihu.com/people/Imi100
http://www.zhihu.com/people/zhang-lei-hao
http://www.zhihu.com/people/ni-yang
http://www.zhihu.com/people/peanut
http://www.zhihu.com/people/kilvenyi
http://www.zhihu.com/people/ninghsu267
http://www.zhihu.com/people/lizhan
http://www.zhihu.com/people/mavericksu
http://www.zhihu.com/people/li-peng-8
http://www.zhihu.com/people/xiaojinchen
http://www.zhihu.com/people/yang-jie-70
http://www.zhihu.com/people/cinderella-41
http://www.zhihu.com/people/zhang-ying-jie
http://www.zhihu.com/people/xia-qing-71
http://www.zhihu.com/people/wangnolan
http://www.zhihu.com/people/yvancao
http://www.zhihu.com/people/xiao-lan-bob
http://www.zhihu.com/people/fz77
http://www.zhihu.com/people/caozhen
http://www.zhihu.com/people/beebird
http://www.zhihu.com/people/yao-hai-lei
http://www.zhihu.com/people/neil-22
http://www.zhihu.com/people/e-beetle
http://www.zhihu.com/people/zhang-wen-qiang
http://www.zhihu.com/people/zhang-xiao-chuan
http://www.zhihu.com/people/hejinchi
http://www.zhihu.com/people/terrill
http://www.zhihu.com/people/yang-jie-75
http://www.zhihu.com/people/cao-zi-chen
http://www.zhihu.com/people/wzss
http://www.zhihu.com/people/jack_xu
http://www.zhihu.com/people/li-xuan-xu
http://www.zhihu.com/people/mai-xi-37
http://www.zhihu.com/people/focus-24
http://www.zhihu.com/people/niujiachen
http://www.zhihu.com/people/qu-qiang-19
http://www.zhihu.com/people/wangeguo
http://www.zhihu.com/people/oigs
http://www.zhihu.com/people/walton
http://www.zhihu.com/people/wang-li-zhuo-73
http://www.zhihu.com/people/wu-xin-wang
http://www.zhihu.com/people/floral
http://www.zhihu.com/people/tian-ya-80
http://www.zhihu.com/people/chen-yun-70
http://www.zhihu.com/people/zhibin
http://www.zhihu.com/people/huang-peng-xiao
http://www.zhihu.com/people/zhihuun
http://www.zhihu.com/people/lu-xin-zhi
http://www.zhihu.com/people/emiledai
http://www.zhihu.com/people/westlinn
http://www.zhihu.com/people/anyan
http://www.zhihu.com/people/duan-xiao-bo
http://www.zhihu.com/people/jiang-jun-65
http://www.zhihu.com/people/zhou-qi-60
http://www.zhihu.com/people/lao-wu-69
http://www.zhihu.com/people/phoenixzhu
http://www.zhihu.com/people/csmyzi
http://www.zhihu.com/people/4600767
http://www.zhihu.com/people/loadingxxxxx
http://www.zhihu.com/people/li-wan
http://www.zhihu.com/people/qingxia
http://www.zhihu.com/people/hallson
http://www.zhihu.com/people/chi-yan-he-jiu
http://www.zhihu.com/people/yougang
http://www.zhihu.com/people/bluedrum
http://www.zhihu.com/people/zhao-feng-nian
http://www.zhihu.com/people/guo-hua
http://www.zhihu.com/people/hei-ming-12
http://www.zhihu.com/people/li-song-71
http://www.zhihu.com/people/wang-qiang-99-64
http://www.zhihu.com/people/liu-wei-68
http://www.zhihu.com/people/sheng-bei-hai
http://www.zhihu.com/people/zhu-jie-ming
http://www.zhihu.com/people/huang-zhang-xi
http://www.zhihu.com/people/reneeyang
http://www.zhihu.com/people/guozeqian
http://www.zhihu.com/people/chanlderbing
http://www.zhihu.com/people/xiao-shi-shi
http://www.zhihu.com/people/xu-ming-hui-61
http://www.zhihu.com/people/jia-jun-85
http://www.zhihu.com/people/dong-liu
http://www.zhihu.com/people/sdqhlizhen
http://www.zhihu.com/people/kuaidaoqingyi
http://www.zhihu.com/people/gumyam
http://www.zhihu.com/people/ruo-mu-5
http://www.zhihu.com/people/noe132
http://www.zhihu.com/people/xiao-yao-20
http://www.zhihu.com/people/li-shuang-jiang
http://www.zhihu.com/people/guo-yan-long
http://www.zhihu.com/people/zheng-xiao-ming-85
http://www.zhihu.com/people/meGAGA
http://www.zhihu.com/people/li-hui-63-17
http://www.zhihu.com/people/jian-bing-guo-zi
http://www.zhihu.com/people/goal_lawyer
http://www.zhihu.com/people/zhang-sheng-dong
http://www.zhihu.com/people/wuchedan
http://www.zhihu.com/people/bossman
http://www.zhihu.com/people/leeying
http://www.zhihu.com/people/wry1205
http://www.zhihu.com/people/zhang-wen-yu
http://www.zhihu.com/people/wang-jing-72
http://www.zhihu.com/people/dooaoo
http://www.zhihu.com/people/bliang
http://www.zhihu.com/people/zhang-zhong-hui
http://www.zhihu.com/people/wang-kun-cheng
http://www.zhihu.com/people/li-jun-xiang
http://www.zhihu.com/people/kaoshi
http://www.zhihu.com/people/coder-94
http://www.zhihu.com/people/wangjifeng
http://www.zhihu.com/people/gukr001
http://www.zhihu.com/people/baoxuelun
http://www.zhihu.com/people/zhong-jin-cheng
http://www.zhihu.com/people/yankee
http://www.zhihu.com/people/li-nan-77
http://www.zhihu.com/people/xin-wei-50
http://www.zhihu.com/people/bai-liang
http://www.zhihu.com/people/spring3th
http://www.zhihu.com/people/yonzhang
http://www.zhihu.com/people/dawenci
http://www.zhihu.com/people/shen-yue
http://www.zhihu.com/people/zhu-guo-dong-52
http://www.zhihu.com/people/AD-Vash
http://www.zhihu.com/people/leo-4
http://www.zhihu.com/people/zhang-li-chao
http://www.zhihu.com/people/appally
http://www.zhihu.com/people/zhunzhungao
http://www.zhihu.com/people/yang-jin-ming-37
http://www.zhihu.com/people/alvin-yao
http://www.zhihu.com/people/houhuan1006
http://www.zhihu.com/people/zhuolan
http://www.zhihu.com/people/narts
http://www.zhihu.com/people/lao-chen-21
http://www.zhihu.com/people/stevetinne
http://www.zhihu.com/people/jian-jian-13
http://www.zhihu.com/people/deanlee
http://www.zhihu.com/people/zhang-tao-9-22
http://www.zhihu.com/people/tengyong
http://www.zhihu.com/people/renwang
http://www.zhihu.com/people/yu-cheng-92
http://www.zhihu.com/people/jin-hao-3
http://www.zhihu.com/people/nanj
http://www.zhihu.com/people/cai-qi-75
http://www.zhihu.com/people/fooound
http://www.zhihu.com/people/yeung
http://www.zhihu.com/people/su-hui-54
http://www.zhihu.com/people/xie-jia-di
http://www.zhihu.com/people/simmy
http://www.zhihu.com/people/li-xiao-yi-64
http://www.zhihu.com/people/liu-yun-tao
http://www.zhihu.com/people/shiweisi
http://www.zhihu.com/people/riolococo
http://www.zhihu.com/people/li-pei-zhe
http://www.zhihu.com/people/tt9527
http://www.zhihu.com/people/ethanhuang
http://www.zhihu.com/people/wang-zhi-feng-22
http://www.zhihu.com/people/hou-zhi-qiang
http://www.zhihu.com/people/li-bao-hua
http://www.zhihu.com/people/song-xiao-yan
http://www.zhihu.com/people/li-yong-liang
http://www.zhihu.com/people/liuchy
http://www.zhihu.com/people/wang-sheng-9
http://www.zhihu.com/people/zhang-ji-airforce
http://www.zhihu.com/people/gaohanji
http://www.zhihu.com/people/wu-xu-feng-67
http://www.zhihu.com/people/yangyuehao1616
http://www.zhihu.com/people/rong-yao
http://www.zhihu.com/people/chen-xian-qi
http://www.zhihu.com/people/sniper-jerrywang
http://www.zhihu.com/people/zhou-ying-47
http://www.zhihu.com/people/you-yang-guang-de-zao-chen
http://www.zhihu.com/people/shen-xian
http://www.zhihu.com/people/liuzhibin
http://www.zhihu.com/people/qu-zhuo
http://www.zhihu.com/people/zaiyiqi
http://www.zhihu.com/people/jiaoxiuguang
http://www.zhihu.com/people/mo-da
http://www.zhihu.com/people/yourLiuPing
http://www.zhihu.com/people/leonwang
http://www.zhihu.com/people/song-xiao-yong
http://www.zhihu.com/people/chen-di-71
http://www.zhihu.com/people/zhou-ping-62
http://www.zhihu.com/people/ling-chun-yan
http://www.zhihu.com/people/kimfly
http://www.zhihu.com/people/yizl
http://www.zhihu.com/people/raine-88
http://www.zhihu.com/people/wan-qing-56
http://www.zhihu.com/people/qichong
http://www.zhihu.com/people/yang-lin-59
http://www.zhihu.com/people/allan-sun
http://www.zhihu.com/people/hu-yang-tao
http://www.zhihu.com/people/iSONY
http://www.zhihu.com/people/78dm
http://www.zhihu.com/people/avenger
http://www.zhihu.com/people/qi-ying
http://www.zhihu.com/people/bai-zhe
http://www.zhihu.com/people/kum-47
http://www.zhihu.com/people/yeziyi
http://www.zhihu.com/people/jession1989
http://www.zhihu.com/people/string-75
http://www.zhihu.com/people/wang-wan-peng
http://www.zhihu.com/people/dong-hui-18
http://www.zhihu.com/people/qiu-yi
http://www.zhihu.com/people/li-tao-55
http://www.zhihu.com/people/dqange
http://www.zhihu.com/people/lifu
http://www.zhihu.com/people/wang-ming-yang-15
http://www.zhihu.com/people/liu-chao-4
http://www.zhihu.com/people/daniel26
http://www.zhihu.com/people/li-zhan
http://www.zhihu.com/people/zhao-fei-lin
http://www.zhihu.com/people/puruidong
http://www.zhihu.com/people/yangwen
http://www.zhihu.com/people/wangyihong
http://www.zhihu.com/people/leonlee
http://www.zhihu.com/people/peng-nai-huang
http://www.zhihu.com/people/minisolo
http://www.zhihu.com/people/cangjinshui
http://www.zhihu.com/people/zhong-an-jun
http://www.zhihu.com/people/zhang-cheng-zhi
http://www.zhihu.com/people/yan-dan-ling
http://www.zhihu.com/people/azuma
http://www.zhihu.com/people/Kalvin.Tse
http://www.zhihu.com/people/ericyu
http://www.zhihu.com/people/guan-wen-ming
http://www.zhihu.com/people/zhouxiaoqin
http://www.zhihu.com/people/dao-dao-62
http://www.zhihu.com/people/zhu-lin-87
http://www.zhihu.com/people/wei-wen-kun
http://www.zhihu.com/people/chen-chun-yang
http://www.zhihu.com/people/xiao-mo-5
http://www.zhihu.com/people/wang-jin-tai
http://www.zhihu.com/people/wangshishi
http://www.zhihu.com/people/MrZhang
http://www.zhihu.com/people/sun-yu-qian
http://www.zhihu.com/people/fed56
http://www.zhihu.com/people/tan-zheng-zhong
http://www.zhihu.com/people/sueway
http://www.zhihu.com/people/xianxi1026
http://www.zhihu.com/people/lu-ye-shu-huai
http://www.zhihu.com/people/suigewu
http://www.zhihu.com/people/liu-hao-7
http://www.zhihu.com/people/xi-yun-49
http://www.zhihu.com/people/hangyu
http://www.zhihu.com/people/zhao-wen-bo-99
http://www.zhihu.com/people/zdliu
http://www.zhihu.com/people/liuyuchao
http://www.zhihu.com/people/mrno
http://www.zhihu.com/people/sun-da-sheng
http://www.zhihu.com/people/zhengcy
http://www.zhihu.com/people/zhangjianbo
http://www.zhihu.com/people/chenxunfeng
http://www.zhihu.com/people/ma-zhuang
http://www.zhihu.com/people/liu-huo-40
http://www.zhihu.com/people/mency89
http://www.zhihu.com/people/zhang-mu-zhi-93
http://www.zhihu.com/people/zhou-li-peng
http://www.zhihu.com/people/zhuchaoing
http://www.zhihu.com/people/zhou-fan-26
http://www.zhihu.com/people/cinemaparadiso
http://www.zhihu.com/people/du-yong-long
http://www.zhihu.com/people/liu-ji-chang
http://www.zhihu.com/people/lanxing
http://www.zhihu.com/people/zhang-quan-14
http://www.zhihu.com/people/cheng-xiao-wei
http://www.zhihu.com/people/li-bin-9-36
http://www.zhihu.com/people/fxjok
http://www.zhihu.com/people/opchutou
http://www.zhihu.com/people/yang-hong-kai
http://www.zhihu.com/people/linsf
http://www.zhihu.com/people/tanxu
http://www.zhihu.com/people/chen-chu-long
http://www.zhihu.com/people/sun-sheng-jia
http://www.zhihu.com/people/zhang-you-quan
http://www.zhihu.com/people/linmowang
http://www.zhihu.com/people/gedane
http://www.zhihu.com/people/huangwdong
http://www.zhihu.com/people/marok
http://www.zhihu.com/people/junenana
http://www.zhihu.com/people/quelle
http://www.zhihu.com/people/walcott
http://www.zhihu.com/people/liu-hong-bo
http://www.zhihu.com/people/learningabc
http://www.zhihu.com/people/wang-xiao-juan
http://www.zhihu.com/people/ROBINHE
http://www.zhihu.com/people/ruan-shi-kui
http://www.zhihu.com/people/weiyunlei
http://www.zhihu.com/people/0921
http://www.zhihu.com/people/liuyetian
http://www.zhihu.com/people/li-yang-35
http://www.zhihu.com/people/zhao-xin-23
http://www.zhihu.com/people/fifthworld
http://www.zhihu.com/people/feng-yu-yi
http://www.zhihu.com/people/xuyi2011
http://www.zhihu.com/people/wangliangabc
http://www.zhihu.com/people/wangzhen-live
http://www.zhihu.com/people/wang-wei-60-55
http://www.zhihu.com/people/shao-chun-lei
http://www.zhihu.com/people/wu-chuan-hua
http://www.zhihu.com/people/manhoo
http://www.zhihu.com/people/tang-xiao-feng
http://www.zhihu.com/people/desperado1987
http://www.zhihu.com/people/pyhaohao
http://www.zhihu.com/people/pcfool
http://www.zhihu.com/people/mi-su
http://www.zhihu.com/people/parseeci
http://www.zhihu.com/people/brucechang
http://www.zhihu.com/people/wen-zi-qi
http://www.zhihu.com/people/samuelchen
http://www.zhihu.com/people/zhou-wei-70
http://www.zhihu.com/people/rukhwill
http://www.zhihu.com/people/li-yue-cheng
http://www.zhihu.com/people/heye5320
http://www.zhihu.com/people/peng-an-qi-48
http://www.zhihu.com/people/BizModel
http://www.zhihu.com/people/guqin
http://www.zhihu.com/people/Elizen
http://www.zhihu.com/people/xiao-yi-69
http://www.zhihu.com/people/sunqian
http://www.zhihu.com/people/hua-kai-kan-zhe
http://www.zhihu.com/people/ma-yun-zheng
http://www.zhihu.com/people/lu-jun-7-67
http://www.zhihu.com/people/hu-sheng-lang
http://www.zhihu.com/people/cheng-zhen
http://www.zhihu.com/people/chougu
http://www.zhihu.com/people/mamingge
http://www.zhihu.com/people/bay2fun
http://www.zhihu.com/people/li-bo-82
http://www.zhihu.com/people/hongming
http://www.zhihu.com/people/zourui55
http://www.zhihu.com/people/rajowang
http://www.zhihu.com/people/wang-lin-55
http://www.zhihu.com/people/yiban-zhan-shi
http://www.zhihu.com/people/lomo90
http://www.zhihu.com/people/googlemaps
http://www.zhihu.com/people/molica
http://www.zhihu.com/people/zhangpengju
http://www.zhihu.com/people/leoly
http://www.zhihu.com/people/chen-li-64
http://www.zhihu.com/people/shang-guan-zheng-yang
http://www.zhihu.com/people/katiie
http://www.zhihu.com/people/wu-yong-6
http://www.zhihu.com/people/zhang-yu-yang-32
http://www.zhihu.com/people/zhu-wen
http://www.zhihu.com/people/ClutchBear
http://www.zhihu.com/people/goldegg
http://www.zhihu.com/people/minohui
http://www.zhihu.com/people/duan-jia-hui
http://www.zhihu.com/people/xu-shao-ke
http://www.zhihu.com/people/liu-fei-27
http://www.zhihu.com/people/gong-jue
http://www.zhihu.com/people/hanjunxing
http://www.zhihu.com/people/qian-yuan-xin
http://www.zhihu.com/people/honeys
http://www.zhihu.com/people/yang-fan-57-14
http://www.zhihu.com/people/sem-wa
http://www.zhihu.com/people/jiang-xiao-xian-94
http://www.zhihu.com/people/li-bing-37
http://www.zhihu.com/people/shan-yang
http://www.zhihu.com/people/suger9
http://www.zhihu.com/people/lu-yi-68
http://www.zhihu.com/people/camelduck
http://www.zhihu.com/people/wen-wen-ri
http://www.zhihu.com/people/xuwh1984
http://www.zhihu.com/people/chengzida
http://www.zhihu.com/people/micachen
http://www.zhihu.com/people/peixiaolei
http://www.zhihu.com/people/rrandom
http://www.zhihu.com/people/wang-jian-68
http://www.zhihu.com/people/chen-yu-68
http://www.zhihu.com/people/chen-jian-wei-73
http://www.zhihu.com/people/froooyo
http://www.zhihu.com/people/wolf_wu
http://www.zhihu.com/people/zhang-yun-64
http://www.zhihu.com/people/wu-xian-he
http://www.zhihu.com/people/forgetthisuser
http://www.zhihu.com/people/zhongling
http://www.zhihu.com/people/emlink
http://www.zhihu.com/people/huangquanneng
http://www.zhihu.com/people/lanhan
http://www.zhihu.com/people/wang-cheng-he
http://www.zhihu.com/people/wuyangbing
http://www.zhihu.com/people/luff
http://www.zhihu.com/people/chouryoung
http://www.zhihu.com/people/chen-guang-mai
http://www.zhihu.com/people/niu-he-qing
http://www.zhihu.com/people/zhang-yan-19
http://www.zhihu.com/people/yuba100
http://www.zhihu.com/people/zhou-zhen-yu
http://www.zhihu.com/people/cao-fei-42
http://www.zhihu.com/people/deng-tai-di
http://www.zhihu.com/people/cai-lin-tai
http://www.zhihu.com/people/fungo
http://www.zhihu.com/people/caijinxin
http://www.zhihu.com/people/huang-peng-38
http://www.zhihu.com/people/Irvine
http://www.zhihu.com/people/chen-long-fei-84
http://www.zhihu.com/people/zhu-jian-ming
http://www.zhihu.com/people/skiff
http://www.zhihu.com/people/erikyang
http://www.zhihu.com/people/robb
http://www.zhihu.com/people/flfljh
http://www.zhihu.com/people/ma-hua-40
http://www.zhihu.com/people/gao-jun-ke
http://www.zhihu.com/people/cindy-55
http://www.zhihu.com/people/wang-jia-xin-5
http://www.zhihu.com/people/ag108lau
http://www.zhihu.com/people/li-gang-87
http://www.zhihu.com/people/wang-ai-ai
http://www.zhihu.com/people/luoshenyang
http://www.zhihu.com/people/zhang-wei-18
http://www.zhihu.com/people/xuyufeng
http://www.zhihu.com/people/KylinSoo
http://www.zhihu.com/people/hao-zhi-bing
http://www.zhihu.com/people/li-ying-zhen
http://www.zhihu.com/people/jiuwanni
http://www.zhihu.com/people/happiness
http://www.zhihu.com/people/lu-xi-zhang
http://www.zhihu.com/people/guo-dong-90
http://www.zhihu.com/people/wang-meng-yan
http://www.zhihu.com/people/bentso
http://www.zhihu.com/people/77777777777
http://www.zhihu.com/people/zhang-feng-68
http://www.zhihu.com/people/yangshuai
http://www.zhihu.com/people/wang-jun-jun
http://www.zhihu.com/people/jinjing
http://www.zhihu.com/people/dfhj
http://www.zhihu.com/people/zhao-fei-long
http://www.zhihu.com/people/gao-ming-ming
http://www.zhihu.com/people/wu-jin-38
http://www.zhihu.com/people/zhaomai
http://www.zhihu.com/people/adongdong
http://www.zhihu.com/people/neodymium
http://www.zhihu.com/people/goal2scool
http://www.zhihu.com/people/yuecw
http://www.zhihu.com/people/ciogao
http://www.zhihu.com/people/nie-fei
http://www.zhihu.com/people/yang-fan
http://www.zhihu.com/people/terryzhang
http://www.zhihu.com/people/freeniu
http://www.zhihu.com/people/receo
http://www.zhihu.com/people/zhan-da-cong
http://www.zhihu.com/people/tians
http://www.zhihu.com/people/gengu
http://www.zhihu.com/people/chen-xi-62
http://www.zhihu.com/people/chen-yan-zhao
http://www.zhihu.com/people/robert-95
http://www.zhihu.com/people/gongliyi
http://www.zhihu.com/people/mintfish101
http://www.zhihu.com/people/rambowu
http://www.zhihu.com/people/d9wing
http://www.zhihu.com/people/wangguoying
http://www.zhihu.com/people/hexudong
http://www.zhihu.com/people/liu-ao-yu
http://www.zhihu.com/people/siilence1408
http://www.zhihu.com/people/zhang-ru-sheng
http://www.zhihu.com/people/ma-dong-sheng
http://www.zhihu.com/people/zew520
http://www.zhihu.com/people/zhang-xin-93
http://www.zhihu.com/people/imnotceo
http://www.zhihu.com/people/leonyu
http://www.zhihu.com/people/turf
http://www.zhihu.com/people/tang-wei-wei
http://www.zhihu.com/people/guo-yue
http://www.zhihu.com/people/huangyihe
http://www.zhihu.com/people/li-ming-26
http://www.zhihu.com/people/luyin
http://www.zhihu.com/people/futrace
http://www.zhihu.com/people/xunan
http://www.zhihu.com/people/regulous
http://www.zhihu.com/people/duwulun
http://www.zhihu.com/people/li-yang-7-27
http://www.zhihu.com/people/yahuo
http://www.zhihu.com/people/pandait
http://www.zhihu.com/people/cimigo
http://www.zhihu.com/people/LEAVESLWS
http://www.zhihu.com/people/liu-tao-76
http://www.zhihu.com/people/pyang
http://www.zhihu.com/people/melody-wang
http://www.zhihu.com/people/liu-rong-wei
http://www.zhihu.com/people/xiao-shan-12
http://www.zhihu.com/people/soy_ho
http://www.zhihu.com/people/e-jay
http://www.zhihu.com/people/songchen
http://www.zhihu.com/people/standup
http://www.zhihu.com/people/zheng-zhou-64
http://www.zhihu.com/people/suke-79
http://www.zhihu.com/people/zan-dong
http://www.zhihu.com/people/iriart
http://www.zhihu.com/people/royeegg
http://www.zhihu.com/people/wei-tao
http://www.zhihu.com/people/cheng-hu
http://www.zhihu.com/people/gaodongsheng
http://www.zhihu.com/people/xing-hao-peng
http://www.zhihu.com/people/kingedward
http://www.zhihu.com/people/chiang
http://www.zhihu.com/people/yu-ming-gu-wen-chen-tao
http://www.zhihu.com/people/cheng-cheng-25
http://www.zhihu.com/people/sethyu
http://www.zhihu.com/people/adee
http://www.zhihu.com/people/pinkid
http://www.zhihu.com/people/zhang-jie-22
http://www.zhihu.com/people/sandianbandeyu
http://www.zhihu.com/people/wangze
http://www.zhihu.com/people/sosasker
http://www.zhihu.com/people/mokita
http://www.zhihu.com/people/SheldonFan
http://www.zhihu.com/people/argus
http://www.zhihu.com/people/gong-sun
http://www.zhihu.com/people/haopo
http://www.zhihu.com/people/vavalee
http://www.zhihu.com/people/wangy1ng
http://www.zhihu.com/people/zhang-han-35
http://www.zhihu.com/people/ruan-wen-ping
http://www.zhihu.com/people/moioi
http://www.zhihu.com/people/seagod
http://www.zhihu.com/people/skybeta
http://www.zhihu.com/people/liu-luo-jun
http://www.zhihu.com/people/lin-sen-30
http://www.zhihu.com/people/chen87
http://www.zhihu.com/people/liu-ping-ping-32
http://www.zhihu.com/people/VisionLi
http://www.zhihu.com/people/daviestang
http://www.zhihu.com/people/spekol
http://www.zhihu.com/people/vanni
http://www.zhihu.com/people/liu-lai-ping
http://www.zhihu.com/people/yimity
http://www.zhihu.com/people/sh382
http://www.zhihu.com/people/sunxiaonian
http://www.zhihu.com/people/coaku
http://www.zhihu.com/people/tan-jin-long
http://www.zhihu.com/people/cherry
http://www.zhihu.com/people/huzishu
http://www.zhihu.com/people/struggling
http://www.zhihu.com/people/xin266
http://www.zhihu.com/people/manaoke
http://www.zhihu.com/people/ruanzhijun
http://www.zhihu.com/people/zhou-zheng-wen
http://www.zhihu.com/people/feng-zi-9
http://www.zhihu.com/people/hao-yuan
http://www.zhihu.com/people/youyiyui
http://www.zhihu.com/people/jamiesun
http://www.zhihu.com/people/liu-xiao-che
http://www.zhihu.com/people/hardball
http://www.zhihu.com/people/fu-sheng-ting
http://www.zhihu.com/people/zhang-duo-si
http://www.zhihu.com/people/dajin
http://www.zhihu.com/people/ding-nan
http://www.zhihu.com/people/song-jian-56
http://www.zhihu.com/people/gaochen
http://www.zhihu.com/people/junwei
http://www.zhihu.com/people/jiang-bo
http://www.zhihu.com/people/jackeyzdx
http://www.zhihu.com/people/wang-wan-ting
http://www.zhihu.com/people/jeffer
http://www.zhihu.com/people/li-miao-9
http://www.zhihu.com/people/ma-jian-hui
http://www.zhihu.com/people/tesla1
http://www.zhihu.com/people/tu-zi-31-55
http://www.zhihu.com/people/liumeijun
http://www.zhihu.com/people/whale
http://www.zhihu.com/people/zazen
http://www.zhihu.com/people/wang-bin-68
http://www.zhihu.com/people/esalive
http://www.zhihu.com/people/mrxs
http://www.zhihu.com/people/chang-yu-ge
http://www.zhihu.com/people/niaogebiji
http://www.zhihu.com/people/pray
http://www.zhihu.com/people/ma-jian-xun
http://www.zhihu.com/people/vincent-deng
http://www.zhihu.com/people/guo-jin-lei
http://www.zhihu.com/people/heyinana
http://www.zhihu.com/people/zhou-ji-an
http://www.zhihu.com/people/yami-86
http://www.zhihu.com/people/longlong
http://www.zhihu.com/people/dandanone
http://www.zhihu.com/people/wang-shuai-49
http://www.zhihu.com/people/Janus
http://www.zhihu.com/people/yang-fan-33
http://www.zhihu.com/people/renhongyou
http://www.zhihu.com/people/ck4ever
http://www.zhihu.com/people/timwen
http://www.zhihu.com/people/colorwill
http://www.zhihu.com/people/idwalker
http://www.zhihu.com/people/cheng-dong-hui
http://www.zhihu.com/people/shipeiju
http://www.zhihu.com/people/chen-wei-57
http://www.zhihu.com/people/jaredchan
http://www.zhihu.com/people/hujiayan
http://www.zhihu.com/people/midana
http://www.zhihu.com/people/ihairuo
http://www.zhihu.com/people/teng-teng
http://www.zhihu.com/people/lukehan
http://www.zhihu.com/people/hao-chun-zhen
http://www.zhihu.com/people/yang-qi-20
http://www.zhihu.com/people/tonyhead
http://www.zhihu.com/people/wend
http://www.zhihu.com/people/sming
http://www.zhihu.com/people/yangduan
http://www.zhihu.com/people/lao-bai-21
http://www.zhihu.com/people/yujieyang
http://www.zhihu.com/people/guo-wan-peng
http://www.zhihu.com/people/guo-yao-16
http://www.zhihu.com/people/li-de-zhi
http://www.zhihu.com/people/flyingfish
http://www.zhihu.com/people/funthomas
http://www.zhihu.com/people/lizheng-27
http://www.zhihu.com/people/yuzhuoran
http://www.zhihu.com/people/heyanzheng
http://www.zhihu.com/people/jianchun
http://www.zhihu.com/people/maieve
http://www.zhihu.com/people/jfwyc
http://www.zhihu.com/people/wu-kong-47
http://www.zhihu.com/people/john1986jpc
http://www.zhihu.com/people/zhang-cheng-5
http://www.zhihu.com/people/wang-heng-chong
http://www.zhihu.com/people/elvyo
http://www.zhihu.com/people/niuniudesign
http://www.zhihu.com/people/sunlet
http://www.zhihu.com/people/tianya8
http://www.zhihu.com/people/wu-chun-miao
http://www.zhihu.com/people/snailhuangyi
http://www.zhihu.com/people/qiu-huan-deng
http://www.zhihu.com/people/ykliu
http://www.zhihu.com/people/zhong-qi
http://www.zhihu.com/people/peter2012
http://www.zhihu.com/people/chen-xing-17
http://www.zhihu.com/people/loveyu
http://www.zhihu.com/people/bus930
http://www.zhihu.com/people/chen-yu-han
http://www.zhihu.com/people/guo-jian
http://www.zhihu.com/people/hu-pan-pan
http://www.zhihu.com/people/reconder
http://www.zhihu.com/people/chuliao
http://www.zhihu.com/people/wei-xu-hong
http://www.zhihu.com/people/VVVVVivian
http://www.zhihu.com/people/gabazi
http://www.zhihu.com/people/eva-11
http://www.zhihu.com/people/nightsailer
http://www.zhihu.com/people/wang-sheng-fu-chen
http://www.zhihu.com/people/andyfuson
http://www.zhihu.com/people/huashao
http://www.zhihu.com/people/lei-ri-jin
http://www.zhihu.com/people/chenmeng
http://www.zhihu.com/people/pilo
http://www.zhihu.com/people/shunfeng
http://www.zhihu.com/people/deng-jia-lu
http://www.zhihu.com/people/liao-hong-xiang
http://www.zhihu.com/people/puloon
http://www.zhihu.com/people/nearmo
http://www.zhihu.com/people/yeskk
http://www.zhihu.com/people/qixin
http://www.zhihu.com/people/ohlife
http://www.zhihu.com/people/wangbenrui
http://www.zhihu.com/people/xuxusheng
http://www.zhihu.com/people/Cherry-Sun
http://www.zhihu.com/people/icaiguobin
http://www.zhihu.com/people/dingli
http://www.zhihu.com/people/hi3w
http://www.zhihu.com/people/austin
http://www.zhihu.com/people/qianjin
http://www.zhihu.com/people/youyancanbei
http://www.zhihu.com/people/minyi
http://www.zhihu.com/people/var87
http://www.zhihu.com/people/miclove
http://www.zhihu.com/people/jason6law
http://www.zhihu.com/people/herizhao
http://www.zhihu.com/people/wangpeng
http://www.zhihu.com/people/muhua
http://www.zhihu.com/people/biao-dai-san-ge
http://www.zhihu.com/people/fenng
http://www.zhihu.com/people/xiao-guang-jun
http://www.zhihu.com/people/chen-dong-ming
http://www.zhihu.com/people/marketing
http://www.zhihu.com/people/neozhang
http://www.zhihu.com/people/wanghuiwen
http://www.zhihu.com/people/chenbinglin
http://www.zhihu.com/people/JoshuaChen
http://www.zhihu.com/people/shijun
http://www.zhihu.com/people/sanrencn
http://www.zhihu.com/people/Vincent
http://www.zhihu.com/people/tiantian
http://www.zhihu.com/people/it139
http://www.zhihu.com/people/shangfei
http://www.zhihu.com/people/baiya
http://www.zhihu.com/people/li-feng-95
http://www.zhihu.com/people/wangyipeng
http://www.zhihu.com/people/o00oo
http://www.zhihu.com/people/kent03
http://www.zhihu.com/people/zhangga
http://www.zhihu.com/people/peng-liang
http://www.zhihu.com/people/luohao
http://www.zhihu.com/people/malihome
http://www.zhihu.com/people/xu-zhe-42
http://www.zhihu.com/people/qiu-hui
http://www.zhihu.com/people/freedom_sui
http://www.zhihu.com/people/neaton
http://www.zhihu.com/people/suoten
http://www.zhihu.com/people/lixiangmin
http://www.zhihu.com/people/fisherhe
http://www.zhihu.com/people/dps123456
http://www.zhihu.com/people/houniao
http://www.zhihu.com/people/zhouyuan
http://www.zhihu.com/people/wind
http://www.zhihu.com/people/daxiong
http://www.zhihu.com/people/oxygen
http://www.zhihu.com/people/gong-jin-62
http://www.zhihu.com/people/chengyuan
http://www.zhihu.com/people/darlin
http://www.zhihu.com/people/keso
http://www.zhihu.com/people/wang-shuai-29
http://www.zhihu.com/people/panxin
