http://www.zhihu.com/people/a-juan-12
http://www.zhihu.com/people/quyifan
http://www.zhihu.com/people/knight-46
http://www.zhihu.com/people/ying-49
http://www.zhihu.com/people/liu-jin-long-44
http://www.zhihu.com/people/li-fan-fan-1
http://www.zhihu.com/people/liu-zhi-guo-4
http://www.zhihu.com/people/nuo-tie
http://www.zhihu.com/people/qiu-chang-sa-er
http://www.zhihu.com/people/khowarizmi
http://www.zhihu.com/people/lu-peng-22-66
http://www.zhihu.com/people/heaven_000
http://www.zhihu.com/people/CloseString
http://www.zhihu.com/people/xddxy
http://www.zhihu.com/people/wang-can-lin
http://www.zhihu.com/people/a-wu-luan-31
http://www.zhihu.com/people/honeys
http://www.zhihu.com/people/bao-rui
http://www.zhihu.com/people/meng-xu-50
http://www.zhihu.com/people/Tubie_Feng
http://www.zhihu.com/people/jiang-wen-zhen
http://www.zhihu.com/people/lao-wang-95-60
http://www.zhihu.com/people/gong-guan-ming
http://www.zhihu.com/people/johannes
http://www.zhihu.com/people/sun-wu-jing-4
http://www.zhihu.com/people/jiao-sha-ye
http://www.zhihu.com/people/zhengbuyuan
http://www.zhihu.com/people/chi-hua-35
http://www.zhihu.com/people/zhen-yu-tong
http://www.zhihu.com/people/deviceperk
http://www.zhihu.com/people/zhu-kai-jun
http://www.zhihu.com/people/fornane
http://www.zhihu.com/people/huang-zhuo-ju
http://www.zhihu.com/people/deng-zi-li
http://www.zhihu.com/people/baijiahao
http://www.zhihu.com/people/zhang-ling-kang
http://www.zhihu.com/people/rarelychen
http://www.zhihu.com/people/niu-ji-ye
http://www.zhihu.com/people/ming-xiao-cheng-79
http://www.zhihu.com/people/thx1104
http://www.zhihu.com/people/qian-jing-wei
http://www.zhihu.com/people/zhuo-ren-yu
http://www.zhihu.com/people/guoying-zhong
http://www.zhihu.com/people/KinKanDesu
http://www.zhihu.com/people/huangliyi
http://www.zhihu.com/people/topsecret
http://www.zhihu.com/people/ding-wen-chao
http://www.zhihu.com/people/qian-mo-jing-ran
http://www.zhihu.com/people/xuan-zi-69
http://www.zhihu.com/people/tu-gao-hui-ge
http://www.zhihu.com/people/pkpkppk3607
http://www.zhihu.com/people/yu-shao-yuan
http://www.zhihu.com/people/qing-cha-56
http://www.zhihu.com/people/jerry-cen
http://www.zhihu.com/people/chu-pei-rui
http://www.zhihu.com/people/Metamorphosis_Du
http://www.zhihu.com/people/ling-long
http://www.zhihu.com/people/mazimin
http://www.zhihu.com/people/wu-___-fu
http://www.zhihu.com/people/bai-ye-51
http://www.zhihu.com/people/ting-yin-97
http://www.zhihu.com/people/Pon9
http://www.zhihu.com/people/huang-xiao-55
http://www.zhihu.com/people/sunny-69
http://www.zhihu.com/people/yuting-huang
http://www.zhihu.com/people/rong-yu-97
http://www.zhihu.com/people/owenne
http://www.zhihu.com/people/hu-rou
http://www.zhihu.com/people/manknow
http://www.zhihu.com/people/cheng-jia-peng
http://www.zhihu.com/people/pang-chao-16
http://www.zhihu.com/people/bo-bo-41-51
http://www.zhihu.com/people/huang-cheng-cheng-26
http://www.zhihu.com/people/Luciferzio
http://www.zhihu.com/people/ri-ye-qian-chi
http://www.zhihu.com/people/izyme
http://www.zhihu.com/people/yeezi
http://www.zhihu.com/people/lina22222
http://www.zhihu.com/people/dian-xia-cheng
http://www.zhihu.com/people/wang-hua-20-18
http://www.zhihu.com/people/chuyi-chen-29
http://www.zhihu.com/people/qi-shu-21
http://www.zhihu.com/people/li-bo-yu-85
http://www.zhihu.com/people/wang-xing-xing-16
http://www.zhihu.com/people/qqw-ssdd
http://www.zhihu.com/people/aileenshi
http://www.zhihu.com/people/never1994
http://www.zhihu.com/people/duan-cheng-jia
http://www.zhihu.com/people/ri-zhao-qing-yuan
http://www.zhihu.com/people/ivan-64
http://www.zhihu.com/people/delab
http://www.zhihu.com/people/chen-wei-40-40
http://www.zhihu.com/people/train1110
http://www.zhihu.com/people/li-si-gu-niang
http://www.zhihu.com/people/jackzhang2014
http://www.zhihu.com/people/megan-ma
http://www.zhihu.com/people/mo-yan-69-3
http://www.zhihu.com/people/pdh1021
http://www.zhihu.com/people/kang-yi-kai
http://www.zhihu.com/people/zhangliyu
http://www.zhihu.com/people/ju-tao-46
http://www.zhihu.com/people/happy10086
http://www.zhihu.com/people/wang-hu-ya
http://www.zhihu.com/people/zhuang-xiao-meng
http://www.zhihu.com/people/chen-yi-zhu-11
http://www.zhihu.com/people/zhou-hang-zheng-66
http://www.zhihu.com/people/MrY0902
http://www.zhihu.com/people/zou-stephen
http://www.zhihu.com/people/perry-song
http://www.zhihu.com/people/wangchongyang
http://www.zhihu.com/people/liu-gao-yuan
http://www.zhihu.com/people/shi-huang-lei
http://www.zhihu.com/people/li-yang-ran
http://www.zhihu.com/people/li-cheng-gan
http://www.zhihu.com/people/addie-chou
http://www.zhihu.com/people/xiao-yao-50-5
http://www.zhihu.com/people/xiao-pei-pei
http://www.zhihu.com/people/hweining
http://www.zhihu.com/people/ma-xiao-qiang-25
http://www.zhihu.com/people/wangzhaowen
http://www.zhihu.com/people/cerulean-45
http://www.zhihu.com/people/zhu-lei-32-45
http://www.zhihu.com/people/mingyi-5
http://www.zhihu.com/people/li-jian-fei-28
http://www.zhihu.com/people/da-jie-bao-99
http://www.zhihu.com/people/shi-jia-jun-63
http://www.zhihu.com/people/cnpmf
http://www.zhihu.com/people/tian-chun-yao
http://www.zhihu.com/people/lu-___-fei
http://www.zhihu.com/people/tao-li-1-15
http://www.zhihu.com/people/wang-hua-58-57
http://www.zhihu.com/people/dio007
http://www.zhihu.com/people/wang-xia-8-88
http://www.zhihu.com/people/li-jian-50-49
http://www.zhihu.com/people/umifam
http://www.zhihu.com/people/jixiaomo
http://www.zhihu.com/people/face-li
http://www.zhihu.com/people/qiu-hong-sen
http://www.zhihu.com/people/yu-chen-30-81
http://www.zhihu.com/people/tang-zi-qi-10
http://www.zhihu.com/people/tan-jing-sheng
http://www.zhihu.com/people/yi-da-1
http://www.zhihu.com/people/zhou-chu-9
http://www.zhihu.com/people/lu-meng-cheng
http://www.zhihu.com/people/zhangyubing
http://www.zhihu.com/people/dong-dou-dou
http://www.zhihu.com/people/stephanie-73
http://www.zhihu.com/people/northup
http://www.zhihu.com/people/wang-fu-kang
http://www.zhihu.com/people/zhang-xiao-yue-72
http://www.zhihu.com/people/zhong-ye-zi-49
http://www.zhihu.com/people/zhang-ben-39
http://www.zhihu.com/people/kissingfeng
http://www.zhihu.com/people/liu-xiao-zhui
http://www.zhihu.com/people/puyu
http://www.zhihu.com/people/hu-wei-gang-81
http://www.zhihu.com/people/peng-zheng-15
http://www.zhihu.com/people/tian-zi-xiao
http://www.zhihu.com/people/crazytu-dou
http://www.zhihu.com/people/Brian-Kwon
http://www.zhihu.com/people/fei-du-du-58
http://www.zhihu.com/people/wang-shu-ji
http://www.zhihu.com/people/xing-chen-31
http://www.zhihu.com/people/lulu-zhang-72
http://www.zhihu.com/people/chen-jing-wei-66
http://www.zhihu.com/people/qu-yiming
http://www.zhihu.com/people/awang
http://www.zhihu.com/people/chen-zhe-5
http://www.zhihu.com/people/jzone
http://www.zhihu.com/people/jiahu
http://www.zhihu.com/people/hexilou
http://www.zhihu.com/people/su-xiao-yun-91
http://www.zhihu.com/people/xian-fa-hui
http://www.zhihu.com/people/zhuan-xu-mo
http://www.zhihu.com/people/nealhee
http://www.zhihu.com/people/hou-kun-54
http://www.zhihu.com/people/yuan-xiao-zong
http://www.zhihu.com/people/luo-ji-qi
http://www.zhihu.com/people/leo-a
http://www.zhihu.com/people/mai-ku-dou
http://www.zhihu.com/people/135top
http://www.zhihu.com/people/zhu-dong-hui-53
http://www.zhihu.com/people/li-yi-fei-66
http://www.zhihu.com/people/li-zhi-liao
http://www.zhihu.com/people/lin-geng-rui-58
http://www.zhihu.com/people/ou-gao-han
http://www.zhihu.com/people/cherry-3-66
http://www.zhihu.com/people/k-m-75
http://www.zhihu.com/people/zhe-hao-98
http://www.zhihu.com/people/fireos
http://www.zhihu.com/people/zhou-mei-chen
http://www.zhihu.com/people/zhang-yiliu
http://www.zhihu.com/people/xian-xie
http://www.zhihu.com/people/du-zi-teng-40
http://www.zhihu.com/people/bin-xin-80
http://www.zhihu.com/people/kong-wei-guo-34
http://www.zhihu.com/people/er-shao-ye-48
http://www.zhihu.com/people/arronbubestcherry
http://www.zhihu.com/people/chen-qing-23
http://www.zhihu.com/people/techoxygen
http://www.zhihu.com/people/niu-niu-36
http://www.zhihu.com/people/pan-chao-57
http://www.zhihu.com/people/he-bo-bo
http://www.zhihu.com/people/rui-wen-dai-er
http://www.zhihu.com/people/tai-di-xiong-97
http://www.zhihu.com/people/qiao-jiu-jiu
http://www.zhihu.com/people/wakin-liang
http://www.zhihu.com/people/fan-hong-wei
http://www.zhihu.com/people/ni-da-ye-40-87
http://www.zhihu.com/people/canon-14
http://www.zhihu.com/people/z-ian
http://www.zhihu.com/people/zhangxinxu
http://www.zhihu.com/people/qin-kang-bao
http://www.zhihu.com/people/tao-ye-82
http://www.zhihu.com/people/dong-xing-35
http://www.zhihu.com/people/icola
http://www.zhihu.com/people/xu-wen-52
http://www.zhihu.com/people/hume
http://www.zhihu.com/people/cheng-chang-87-12
http://www.zhihu.com/people/jackey-jiang
http://www.zhihu.com/people/shi-xuan-yi
http://www.zhihu.com/people/daniel-leeli-xin
http://www.zhihu.com/people/chen-wei-50-1
http://www.zhihu.com/people/siwenxiaojie
http://www.zhihu.com/people/Ricahrd.Light
http://www.zhihu.com/people/killaxe-jie
http://www.zhihu.com/people/chen-xin-76-57
http://www.zhihu.com/people/gao-xiao-ai
http://www.zhihu.com/people/bigbigmeywt
http://www.zhihu.com/people/gkool
http://www.zhihu.com/people/zhang-yao-55-85
http://www.zhihu.com/people/liu-ji-31-80
http://www.zhihu.com/people/yuan-jia-hao-10
http://www.zhihu.com/people/bu-qianwen
http://www.zhihu.com/people/lu-ke-wang-xian-sheng
http://www.zhihu.com/people/ri-ben-da-cong
http://www.zhihu.com/people/wang-jia-wei-45-85
http://www.zhihu.com/people/crozetta
http://www.zhihu.com/people/zhou-zi-jian-96
http://www.zhihu.com/people/wengbin
http://www.zhihu.com/people/www.zhihushi.com
http://www.zhihu.com/people/gao-si-qi-40
http://www.zhihu.com/people/fengyongzhi
http://www.zhihu.com/people/wu-chen-24-59
http://www.zhihu.com/people/mu-yu-72
http://www.zhihu.com/people/doublehui
http://www.zhihu.com/people/RBTSAMA
http://www.zhihu.com/people/zhou-jiang-ling
http://www.zhihu.com/people/charles-cha
http://www.zhihu.com/people/yangluhan1990
http://www.zhihu.com/people/wensisunny
http://www.zhihu.com/people/Paitanapilahmima
http://www.zhihu.com/people/zhou-chu-yu
http://www.zhihu.com/people/yang-ya-chuan
http://www.zhihu.com/people/wang-wen-yang
http://www.zhihu.com/people/jian-zhu-61
http://www.zhihu.com/people/yi-zhi-88
http://www.zhihu.com/people/Simonzhang
http://www.zhihu.com/people/ahlex
http://www.zhihu.com/people/li-zhi-sheng-66
http://www.zhihu.com/people/huang-jing-yi-14
http://www.zhihu.com/people/callmesavior
http://www.zhihu.com/people/Xieyiyao
http://www.zhihu.com/people/roxus
http://www.zhihu.com/people/bo-wen-49
http://www.zhihu.com/people/zhcx
http://www.zhihu.com/people/Luo
http://www.zhihu.com/people/yorkli
http://www.zhihu.com/people/xie-hai-feng
http://www.zhihu.com/people/airwangyun
http://www.zhihu.com/people/mfcndw
http://www.zhihu.com/people/lu-zhi-zhi
http://www.zhihu.com/people/lunch650
http://www.zhihu.com/people/shao-si-yao
http://www.zhihu.com/people/wei-sheng-79
http://www.zhihu.com/people/zhengziyang
http://www.zhihu.com/people/li-jun-13-31
http://www.zhihu.com/people/bing-mez
http://www.zhihu.com/people/wang-ke-ke-20
http://www.zhihu.com/people/leaderweb
http://www.zhihu.com/people/tyler-58
http://www.zhihu.com/people/tian-yong-qiang-26
http://www.zhihu.com/people/tian-wei-7
http://www.zhihu.com/people/chentong
http://www.zhihu.com/people/wang-jian-88-94
http://www.zhihu.com/people/zhutaoli
