http://www.zhihu.com/people/wang-mo-gu-6
http://www.zhihu.com/people/suguo
http://www.zhihu.com/people/deeppacket
http://www.zhihu.com/people/wang-yan-17-79
http://www.zhihu.com/people/annodomini
http://www.zhihu.com/people/monday
http://www.zhihu.com/people/gao-ye-xiang
http://www.zhihu.com/people/conradgao
http://www.zhihu.com/people/wu-xie-45
http://www.zhihu.com/people/jiwangli369
http://www.zhihu.com/people/kee-kue
http://www.zhihu.com/people/jin-ke-65
http://www.zhihu.com/people/deutsch-99
http://www.zhihu.com/people/arlmy
http://www.zhihu.com/people/wang-jiu-tian
http://www.zhihu.com/people/dai-wei-24
http://www.zhihu.com/people/you-shang-yun
http://www.zhihu.com/people/avicihu
http://www.zhihu.com/people/zhang-lao-yi
http://www.zhihu.com/people/li-bo-54-82
http://www.zhihu.com/people/felix-libero
http://www.zhihu.com/people/bei-ji-yan-ou
http://www.zhihu.com/people/ma-xiao-bao-5
http://www.zhihu.com/people/zheng-gui-ping
http://www.zhihu.com/people/hailing
http://www.zhihu.com/people/li-meng-zhen-97
http://www.zhihu.com/people/cheng-hao-83
http://www.zhihu.com/people/samyhello
http://www.zhihu.com/people/candsh
http://www.zhihu.com/people/tu-zi-kai-di
http://www.zhihu.com/people/zhong-rong-rong-51
http://www.zhihu.com/people/liu-ying-nan-10
http://www.zhihu.com/people/jiao-si-bei
http://www.zhihu.com/people/xuwai
http://www.zhihu.com/people/chen-bei-65
http://www.zhihu.com/people/hai-ye-68
http://www.zhihu.com/people/yan-hui-bin-22
http://www.zhihu.com/people/wu-suo-wei-31-94
http://www.zhihu.com/people/dananmu
http://www.zhihu.com/people/lin-jia-duo
http://www.zhihu.com/people/lan-xun
http://www.zhihu.com/people/guan-wang
http://www.zhihu.com/people/ying-ge-lan-85
http://www.zhihu.com/people/holder-zhang
http://www.zhihu.com/people/braveworld
http://www.zhihu.com/people/zhou-peng-14-27
http://www.zhihu.com/people/nomercytakuma
http://www.zhihu.com/people/hysic
http://www.zhihu.com/people/NowayZhou
http://www.zhihu.com/people/_zhao_xu_
http://www.zhihu.com/people/mrchanic-eilot
http://www.zhihu.com/people/bai-lang-67
http://www.zhihu.com/people/tan-jun-37
http://www.zhihu.com/people/endlessroad
http://www.zhihu.com/people/chen-da-gou-18
http://www.zhihu.com/people/gu-mo-xuan
http://www.zhihu.com/people/li-zhi-bin-48
http://www.zhihu.com/people/lang-fei-zhou
http://www.zhihu.com/people/wen-huan-12
http://www.zhihu.com/people/li-wei-shan-43
http://www.zhihu.com/people/heng-he-sha
http://www.zhihu.com/people/stanley-49
http://www.zhihu.com/people/pewu
http://www.zhihu.com/people/heaven_000
http://www.zhihu.com/people/yang-xiao-yi-32-91
http://www.zhihu.com/people/zhangshijian
http://www.zhihu.com/people/liao-hong-ji
http://www.zhihu.com/people/tuo-jing-86
http://www.zhihu.com/people/xia-yu-tian-3-49
http://www.zhihu.com/people/kool-kiki
http://www.zhihu.com/people/cai-shen-84-4
http://www.zhihu.com/people/kang-wei-57
http://www.zhihu.com/people/sheng-xi-men
http://www.zhihu.com/people/fyt2018
http://www.zhihu.com/people/qiao-ming
http://www.zhihu.com/people/tangYY
http://www.zhihu.com/people/tao-fei-fei-3
http://www.zhihu.com/people/zhu-xiao-wen-1
http://www.zhihu.com/people/lane-6
http://www.zhihu.com/people/su-tong-45
http://www.zhihu.com/people/huang-han-40
http://www.zhihu.com/people/jia-min-zhu-22
http://www.zhihu.com/people/lu-tian-jiao-54
http://www.zhihu.com/people/cheng-zhao-yang-75
http://www.zhihu.com/people/mu-mu-97-33
http://www.zhihu.com/people/sanxingju
http://www.zhihu.com/people/su-wen-bo-89
http://www.zhihu.com/people/xinhe
http://www.zhihu.com/people/erzhu
http://www.zhihu.com/people/shi-lin-41
http://www.zhihu.com/people/jiang-sen-die
http://www.zhihu.com/people/ren-er-cheng
http://www.zhihu.com/people/neil-35-70
http://www.zhihu.com/people/xudekai
http://www.zhihu.com/people/lu-xiao-qi-34
http://www.zhihu.com/people/zhou-zhi-min-87
http://www.zhihu.com/people/fantasy-45
http://www.zhihu.com/people/ku-bi-de-niu-bi
http://www.zhihu.com/people/li-wei-jie-73
http://www.zhihu.com/people/she1scoy
http://www.zhihu.com/people/jackie-lee-12
http://www.zhihu.com/people/liu-zhen-dong-82
http://www.zhihu.com/people/guo-jia-chen-67-64
http://www.zhihu.com/people/sheng-zhi-qing
http://www.zhihu.com/people/pan-peter-15-22
http://www.zhihu.com/people/pisces-
http://www.zhihu.com/people/shuang-yijun
http://www.zhihu.com/people/lshan
http://www.zhihu.com/people/sarah0715
http://www.zhihu.com/people/zuimai
http://www.zhihu.com/people/huang-yu-yuan-82
http://www.zhihu.com/people/han-jing-79
http://www.zhihu.com/people/idontkonwanything
http://www.zhihu.com/people/owenne
http://www.zhihu.com/people/yaochenhao
http://www.zhihu.com/people/zhang-zi-jun-17-92
http://www.zhihu.com/people/posroachips
http://www.zhihu.com/people/you-duan-da-di
http://www.zhihu.com/people/chai-pi-ma
http://www.zhihu.com/people/calmu
http://www.zhihu.com/people/qi-qi-96
http://www.zhihu.com/people/lian-chao-6
http://www.zhihu.com/people/li-shou-yin-89
http://www.zhihu.com/people/hu-bo-wen-62
http://www.zhihu.com/people/chen-li-ming-67
http://www.zhihu.com/people/gu-jia-ming-83
http://www.zhihu.com/people/xiao-zhe-31
http://www.zhihu.com/people/jun-lin-29
http://www.zhihu.com/people/yueshizhoupu
http://www.zhihu.com/people/zhou-gang-64
http://www.zhihu.com/people/hongka
http://www.zhihu.com/people/wang-long-7-71
http://www.zhihu.com/people/zai-yi-luo
http://www.zhihu.com/people/luoxun
http://www.zhihu.com/people/du-jiao-shou-wei-ba
http://www.zhihu.com/people/he-li-56
http://www.zhihu.com/people/finchwu
http://www.zhihu.com/people/lucas-18-13
http://www.zhihu.com/people/mao-tai-lu
http://www.zhihu.com/people/zec-5
http://www.zhihu.com/people/Ricko
http://www.zhihu.com/people/lordifeng
http://www.zhihu.com/people/duo-la-cmeng-61
http://www.zhihu.com/people/liu-tao-52
http://www.zhihu.com/people/xu-liang-54
http://www.zhihu.com/people/yan-yu-lian
http://www.zhihu.com/people/lei-ming-shi
http://www.zhihu.com/people/chang-jian-77
http://www.zhihu.com/people/Arile
http://www.zhihu.com/people/qiu-ya-li-22
http://www.zhihu.com/people/fu-you-cai-cai
http://www.zhihu.com/people/lowka
http://www.zhihu.com/people/lao-chuan-chang-51
http://www.zhihu.com/people/zhezhebb
http://www.zhihu.com/people/enda-liu
http://www.zhihu.com/people/boris_he
http://www.zhihu.com/people/zhang-xiao-tian-57-23
http://www.zhihu.com/people/baitu
http://www.zhihu.com/people/zhao-han-90
http://www.zhihu.com/people/majc
http://www.zhihu.com/people/deng-can-jun
http://www.zhihu.com/people/shu-mi-63
http://www.zhihu.com/people/lyriclee
http://www.zhihu.com/people/wang-jing-yu-18
http://www.zhihu.com/people/Xiao_Liang
http://www.zhihu.com/people/sunning
http://www.zhihu.com/people/luo-wen-38
http://www.zhihu.com/people/zhang-zhi-hao-39
http://www.zhihu.com/people/gaoliaoliao
http://www.zhihu.com/people/hao-si-wen-68
http://www.zhihu.com/people/wu-jia-ming-23
http://www.zhihu.com/people/wang-peng-10-25
http://www.zhihu.com/people/fusu-48
http://www.zhihu.com/people/sentimental_animal
http://www.zhihu.com/people/khowarizmi
http://www.zhihu.com/people/huang-fu-gou-dan
http://www.zhihu.com/people/su-yang-9-36
http://www.zhihu.com/people/cao-yu-88-27
http://www.zhihu.com/people/tang-men-52
http://www.zhihu.com/people/uzetatu
http://www.zhihu.com/people/li-qi-yue-20
http://www.zhihu.com/people/li-xiao-ge-1993
http://www.zhihu.com/people/yang-yong-54-36
http://www.zhihu.com/people/jasonxu-86
http://www.zhihu.com/people/destiny-79
http://www.zhihu.com/people/lin-meng-18
http://www.zhihu.com/people/devin12345
http://www.zhihu.com/people/zhang-hu-pan
http://www.zhihu.com/people/he-xie-75
http://www.zhihu.com/people/wang-jian-wei-33
http://www.zhihu.com/people/liu-jian-81
http://www.zhihu.com/people/jht1018
http://www.zhihu.com/people/noir
http://www.zhihu.com/people/cnwinds
http://www.zhihu.com/people/meng-fei-59-13
http://www.zhihu.com/people/cocolee
http://www.zhihu.com/people/guhongguangju
http://www.zhihu.com/people/wang-deng-hui
http://www.zhihu.com/people/tan-ri-tian
http://www.zhihu.com/people/huang-da-gou
http://www.zhihu.com/people/zou-hui-lei
http://www.zhihu.com/people/bai-zhi-long
http://www.zhihu.com/people/xu-xuan-14
http://www.zhihu.com/people/vzen-sa
http://www.zhihu.com/people/li-zhen-yu-76
http://www.zhihu.com/people/ding-ke-jia
http://www.zhihu.com/people/gentlebeast
http://www.zhihu.com/people/zhang-jian-yang
http://www.zhihu.com/people/xu-xing-liang-11
http://www.zhihu.com/people/emma-liu-46
http://www.zhihu.com/people/wang-tie-gen
http://www.zhihu.com/people/xiaolinsun
http://www.zhihu.com/people/kikiko
http://www.zhihu.com/people/hu-yue-33-76
http://www.zhihu.com/people/sun-zhu-68-81
http://www.zhihu.com/people/li-jun-46-84
http://www.zhihu.com/people/liu-jia-wei-45
http://www.zhihu.com/people/ether-wang
http://www.zhihu.com/people/morea
http://www.zhihu.com/people/laoba
http://www.zhihu.com/people/qing-liu-83-26
http://www.zhihu.com/people/zhang-wei-77-82
http://www.zhihu.com/people/liu-ru-yan-36
http://www.zhihu.com/people/ivbang
http://www.zhihu.com/people/viyguo
http://www.zhihu.com/people/nan-jue-tu
http://www.zhihu.com/people/wu-zhong-jie
http://www.zhihu.com/people/heng-sun
http://www.zhihu.com/people/hai-mian-25
http://www.zhihu.com/people/yixiu-mei-51
http://www.zhihu.com/people/ma-que-10
http://www.zhihu.com/people/upsidedown
http://www.zhihu.com/people/babyyiyi
http://www.zhihu.com/people/xie-zi-11-70
http://www.zhihu.com/people/kan-nm
http://www.zhihu.com/people/dong-ye-jun-79
http://www.zhihu.com/people/zhou-xiao-long-27
http://www.zhihu.com/people/sara2993
http://www.zhihu.com/people/liaoyy
http://www.zhihu.com/people/huanggengtao
http://www.zhihu.com/people/liu-bai-86-24
http://www.zhihu.com/people/wang-da-fa-98
http://www.zhihu.com/people/tang-xiao-wei-41
http://www.zhihu.com/people/bei-dan-xiao-wo
http://www.zhihu.com/people/leno-xi
http://www.zhihu.com/people/zhang-sheng-jie-77
http://www.zhihu.com/people/shi-xiao-hang-19
http://www.zhihu.com/people/jeremy-53
http://www.zhihu.com/people/nan-chen-61
http://www.zhihu.com/people/wen-xiu-72
http://www.zhihu.com/people/sun-shu-qin
http://www.zhihu.com/people/fu-ying-qi
http://www.zhihu.com/people/nicai-sui
http://www.zhihu.com/people/zhang-ju-ying
http://www.zhihu.com/people/zhou-xiao-ling-54
http://www.zhihu.com/people/zhang-jian-bin-76
http://www.zhihu.com/people/JohnLou
http://www.zhihu.com/people/zhang-tian-le-49
http://www.zhihu.com/people/lin-feng-28-90
http://www.zhihu.com/people/scarlett-yang
http://www.zhihu.com/people/li-si-58-13
http://www.zhihu.com/people/li-shan-shan-92-5
http://www.zhihu.com/people/an-da-li
http://www.zhihu.com/people/stivell
http://www.zhihu.com/people/long-li-hong
http://www.zhihu.com/people/hu-zi-30
http://www.zhihu.com/people/vivinevaeh
http://www.zhihu.com/people/gao-gao-72
http://www.zhihu.com/people/oneyard
http://www.zhihu.com/people/jackylee24
http://www.zhihu.com/people/shiner-lau
http://www.zhihu.com/people/shu-yun-36
http://www.zhihu.com/people/lord2014
http://www.zhihu.com/people/yu-jia-73-47
http://www.zhihu.com/people/gu-yiping-56
http://www.zhihu.com/people/xiao-chu
http://www.zhihu.com/people/youngger
http://www.zhihu.com/people/xie-mo-si-64
http://www.zhihu.com/people/chen-ling-ke
http://www.zhihu.com/people/chen-men-kou
http://www.zhihu.com/people/littlegreen
http://www.zhihu.com/people/hu-hu-28
http://www.zhihu.com/people/galaxycoverer
http://www.zhihu.com/people/yuan-mei
http://www.zhihu.com/people/li-yifan-27
http://www.zhihu.com/people/yu-le-87-47
http://www.zhihu.com/people/idbye
http://www.zhihu.com/people/cai-xiao-gao
http://www.zhihu.com/people/ayanmw
http://www.zhihu.com/people/dongbobo
http://www.zhihu.com/people/jake-wendao
http://www.zhihu.com/people/liu-liu-su
http://www.zhihu.com/people/rong-hao-33
http://www.zhihu.com/people/ALexpia
http://www.zhihu.com/people/122msunshine
http://www.zhihu.com/people/deng-kang-er
http://www.zhihu.com/people/pedx-satrol
http://www.zhihu.com/people/xploverain
http://www.zhihu.com/people/xin-rui-45
http://www.zhihu.com/people/tomwan
http://www.zhihu.com/people/yu-liang-37
http://www.zhihu.com/people/liu-da-yang-84
http://www.zhihu.com/people/bfjiaren
http://www.zhihu.com/people/qu-jing-kun
http://www.zhihu.com/people/zhou-lei-5-90
http://www.zhihu.com/people/chen-shi-qin
http://www.zhihu.com/people/hurry-do
http://www.zhihu.com/people/mystery-36
http://www.zhihu.com/people/xu-da-li-60
http://www.zhihu.com/people/tang-meng-meng-87
http://www.zhihu.com/people/xie-xiao-dong-78
http://www.zhihu.com/people/yang-ming-quan
http://www.zhihu.com/people/Gwendolyn09
http://www.zhihu.com/people/mime1205
http://www.zhihu.com/people/qing-mao-95
http://www.zhihu.com/people/maozhiyuan
http://www.zhihu.com/people/hougehouge
http://www.zhihu.com/people/guo-cai-yun-18
http://www.zhihu.com/people/liu-jun-wen-27
http://www.zhihu.com/people/li-alex-6
http://www.zhihu.com/people/ptpgzr
http://www.zhihu.com/people/yang-yang-63-94
http://www.zhihu.com/people/zhang-icy
http://www.zhihu.com/people/wu-nian-28
http://www.zhihu.com/people/xiao-ji-kang
http://www.zhihu.com/people/jiang-yan-song
http://www.zhihu.com/people/lyzxd1114
http://www.zhihu.com/people/caizhenghai
http://www.zhihu.com/people/tian-su-jun
http://www.zhihu.com/people/fisch
http://www.zhihu.com/people/yimuyi-ceng
http://www.zhihu.com/people/celia-wong
http://www.zhihu.com/people/zhang-fei-35-3
http://www.zhihu.com/people/niu-xin-tao
http://www.zhihu.com/people/qiu-shu-ting
http://www.zhihu.com/people/zhao-xuan-62
http://www.zhihu.com/people/wang-xu-46-66
http://www.zhihu.com/people/freywang
http://www.zhihu.com/people/cheng-hai-99
http://www.zhihu.com/people/wspring
http://www.zhihu.com/people/wang-xiao-lu-78
http://www.zhihu.com/people/ou-zhou-chi
http://www.zhihu.com/people/wu-ya-qi-10
http://www.zhihu.com/people/xie-an-98
http://www.zhihu.com/people/wang-lu-15-44
http://www.zhihu.com/people/lyndonneu
http://www.zhihu.com/people/jackyue0906
http://www.zhihu.com/people/wiki14
http://www.zhihu.com/people/li-an-qi-pan
http://www.zhihu.com/people/sun-hao-80
http://www.zhihu.com/people/shang-shi-3
http://www.zhihu.com/people/chen-may-2
http://www.zhihu.com/people/sui-xi
http://www.zhihu.com/people/zhang-wei-zhong
http://www.zhihu.com/people/lanpili
http://www.zhihu.com/people/huang-yuan-jun
http://www.zhihu.com/people/wang-wen-ping-27
http://www.zhihu.com/people/guo-ru-yi
http://www.zhihu.com/people/huang-dan-65
http://www.zhihu.com/people/chen-zhen-qian
http://www.zhihu.com/people/zhu-yixin-42
http://www.zhihu.com/people/PanChuan
http://www.zhihu.com/people/bai-bai-he-18
http://www.zhihu.com/people/victor24yo
http://www.zhihu.com/people/wayneu
http://www.zhihu.com/people/zhu-bo-tao
http://www.zhihu.com/people/zhao-man-tun-25
http://www.zhihu.com/people/qiu-qiu-52-3
http://www.zhihu.com/people/zhang-bo-31-53
http://www.zhihu.com/people/sa-dan-73
http://www.zhihu.com/people/liu-po-48
http://www.zhihu.com/people/heizaozi
http://www.zhihu.com/people/xsclxin
http://www.zhihu.com/people/jason-chou-48
http://www.zhihu.com/people/xiao-feng-83
http://www.zhihu.com/people/ren-peng-xiao
http://www.zhihu.com/people/inside233
http://www.zhihu.com/people/xu-zi-liang
http://www.zhihu.com/people/zhinanmao
http://www.zhihu.com/people/yao-yao-50-47
http://www.zhihu.com/people/he-tan
http://www.zhihu.com/people/kui-hua-zi
http://www.zhihu.com/people/luo-ta-er
http://www.zhihu.com/people/huang-yu-xuan
http://www.zhihu.com/people/wan-rui-xin
http://www.zhihu.com/people/di-jian-ru
http://www.zhihu.com/people/huang-yi-peng
http://www.zhihu.com/people/bai-fei-li
http://www.zhihu.com/people/ruan-peng-cheng-33
http://www.zhihu.com/people/lu-gui-chen-26
http://www.zhihu.com/people/zhang-yi-fan-48
http://www.zhihu.com/people/vincent-deng
http://www.zhihu.com/people/chen-jie-1
http://www.zhihu.com/people/tang-li-24
http://www.zhihu.com/people/zhu-lei-32-45
http://www.zhihu.com/people/sam-sun-58
http://www.zhihu.com/people/fan-zhuo-51
http://www.zhihu.com/people/zhang-lai-xu
http://www.zhihu.com/people/r.wang
http://www.zhihu.com/people/zhang-wei-10-7
http://www.zhihu.com/people/zi-you-17-5
http://www.zhihu.com/people/wu-yuan-5297
http://www.zhihu.com/people/wang-lin-20-82
http://www.zhihu.com/people/patrick-94
http://www.zhihu.com/people/cao-cuo
http://www.zhihu.com/people/chen-ming-peng-20
http://www.zhihu.com/people/elen-elen
http://www.zhihu.com/people/future1830
http://www.zhihu.com/people/li-jian-yun-11-89
http://www.zhihu.com/people/guan-xuan
http://www.zhihu.com/people/fuckzhihu
http://www.zhihu.com/people/se-se-45
http://www.zhihu.com/people/lai-ya-qi
http://www.zhihu.com/people/suruobingning
http://www.zhihu.com/people/yun-tao-tao
http://www.zhihu.com/people/liyy
http://www.zhihu.com/people/chen-yu-11-79
http://www.zhihu.com/people/bei-cheng-64
http://www.zhihu.com/people/liu-a-liu-18
http://www.zhihu.com/people/chen-lu-20-20
http://www.zhihu.com/people/jun-ran-ying-zhe
http://www.zhihu.com/people/tooyoung
http://www.zhihu.com/people/wang-hu-27
http://www.zhihu.com/people/kang-yu-ying
http://www.zhihu.com/people/wu-lei-mu
http://www.zhihu.com/people/jiang-dong-52
http://www.zhihu.com/people/hu-xiao-39-86
http://www.zhihu.com/people/000088
http://www.zhihu.com/people/li-xiang-85
http://www.zhihu.com/people/he-zi-40
http://www.zhihu.com/people/shen-hao-34-35
http://www.zhihu.com/people/zhong-xiao-ming-60
http://www.zhihu.com/people/kay.x
http://www.zhihu.com/people/han-chu-tian-56
http://www.zhihu.com/people/su-chen-chen
http://www.zhihu.com/people/bowenbitch
http://www.zhihu.com/people/sun-lin-9
http://www.zhihu.com/people/Jessica-joy5
http://www.zhihu.com/people/shevchenko-57
http://www.zhihu.com/people/tian-xin-90-18
http://www.zhihu.com/people/bookjane
http://www.zhihu.com/people/he-yuan-sheng
http://www.zhihu.com/people/will-cao
http://www.zhihu.com/people/deng-yi-94-84
http://www.zhihu.com/people/herock
http://www.zhihu.com/people/miaomrow
http://www.zhihu.com/people/lo-lulu
http://www.zhihu.com/people/yu-gu-69
http://www.zhihu.com/people/slcwindy
http://www.zhihu.com/people/mu-rong-bing
http://www.zhihu.com/people/peng-si-jie
http://www.zhihu.com/people/jyun-cheung
http://www.zhihu.com/people/qiurain
http://www.zhihu.com/people/tong-fan-wen
http://www.zhihu.com/people/liu-yan-feng-6
http://www.zhihu.com/people/liu-xian-sheng-70
http://www.zhihu.com/people/a-jian-55
http://www.zhihu.com/people/guozhena
http://www.zhihu.com/people/cyq0315
http://www.zhihu.com/people/xi-qi-97
http://www.zhihu.com/people/deathman
http://www.zhihu.com/people/totolion
http://www.zhihu.com/people/array-paul
http://www.zhihu.com/people/zhihu_lxl
http://www.zhihu.com/people/dannyhuang
http://www.zhihu.com/people/twosim
http://www.zhihu.com/people/chen-xiao-hei-49
http://www.zhihu.com/people/fang-yan-80
http://www.zhihu.com/people/jess-zhu
http://www.zhihu.com/people/hyperun
http://www.zhihu.com/people/zy-z
http://www.zhihu.com/people/lao-pan-35
http://www.zhihu.com/people/shan-li-66
http://www.zhihu.com/people/peng-hui-huang
http://www.zhihu.com/people/zhang-ze-yang-54
http://www.zhihu.com/people/yzzz
http://www.zhihu.com/people/wang-zaicheng
http://www.zhihu.com/people/vesperzhao
http://www.zhihu.com/people/miao-wu-96-17
http://www.zhihu.com/people/zhang-biao-52-78
http://www.zhihu.com/people/zhang-zhi-yi-21
http://www.zhihu.com/people/an-ruo-xia-chen
http://www.zhihu.com/people/liu-hong-zuo
http://www.zhihu.com/people/chen-xiao-miao-98
http://www.zhihu.com/people/ceng-xiao-jun-18
http://www.zhihu.com/people/hong-xiao-dou
http://www.zhihu.com/people/li-wei-26-4-95
http://www.zhihu.com/people/bai-ju-18
http://www.zhihu.com/people/xie-bin-peng
http://www.zhihu.com/people/li-qiang-55
http://www.zhihu.com/people/chen-er-98-72
http://www.zhihu.com/people/ding-feng-52
http://www.zhihu.com/people/zhao-cheng-77
http://www.zhihu.com/people/ping-guo-jun
http://www.zhihu.com/people/wang-li-5-20
http://www.zhihu.com/people/surfly
http://www.zhihu.com/people/zhao-xiao-she
http://www.zhihu.com/people/yang-hang-82-88
http://www.zhihu.com/people/xu-hui-15-44
http://www.zhihu.com/people/cheng-xiao-dong-29
http://www.zhihu.com/people/mu-he
http://www.zhihu.com/people/huang-xu-59
http://www.zhihu.com/people/baimo
http://www.zhihu.com/people/fu-shu-shu-ying
http://www.zhihu.com/people/hu-shun-feng
http://www.zhihu.com/people/zhao-yang-xin
http://www.zhihu.com/people/wu-wen-kui
http://www.zhihu.com/people/yuan-wei-11
http://www.zhihu.com/people/ceng-zhen-xing-18
http://www.zhihu.com/people/zheng-jia-li
http://www.zhihu.com/people/lily-cao
http://www.zhihu.com/people/triky
http://www.zhihu.com/people/liu-hong-fei-24
http://www.zhihu.com/people/gu-xiao-bei
http://www.zhihu.com/people/ma-hua-jian-85
http://www.zhihu.com/people/huang-zhi-xiang-10
http://www.zhihu.com/people/lei-ji-mu
http://www.zhihu.com/people/zhang-che-9-73
http://www.zhihu.com/people/chen-ya-ci
http://www.zhihu.com/people/ge-ming-xin
http://www.zhihu.com/people/hsiang-kuo
http://www.zhihu.com/people/zheng-xia-83
http://www.zhihu.com/people/tu-dou-18
http://www.zhihu.com/people/chen-shi-yi-90
http://www.zhihu.com/people/Jover
http://www.zhihu.com/people/shi-qi-chan
http://www.zhihu.com/people/ai-li-si-71
http://www.zhihu.com/people/hou-dong-fang
http://www.zhihu.com/people/mao-momo
http://www.zhihu.com/people/spsftshuma
http://www.zhihu.com/people/wang-yu-8-61
http://www.zhihu.com/people/604463821
http://www.zhihu.com/people/gary-46
http://www.zhihu.com/people/yu-xiao-10
http://www.zhihu.com/people/zhao-dan-45
http://www.zhihu.com/people/zhang-yu-xuan-96-41
http://www.zhihu.com/people/zhougan
http://www.zhihu.com/people/wu-di-82-62
http://www.zhihu.com/people/saradeny
http://www.zhihu.com/people/chang-cheng-jiang
http://www.zhihu.com/people/bi-xue-fei
http://www.zhihu.com/people/jing-wu-xie
http://www.zhihu.com/people/Rusca
http://www.zhihu.com/people/wang-hui-42-37
http://www.zhihu.com/people/fu-cheng-kai
http://www.zhihu.com/people/yolfilm
http://www.zhihu.com/people/jellen-wang
http://www.zhihu.com/people/wang-tian-jun-68
http://www.zhihu.com/people/zhong-ye-zi-49
http://www.zhihu.com/people/guo-jian-sen
http://www.zhihu.com/people/wangying1
http://www.zhihu.com/people/naganoshinichi
http://www.zhihu.com/people/liu-wen-chao-33
http://www.zhihu.com/people/liupeiyao
http://www.zhihu.com/people/zhang-xin-23-43
http://www.zhihu.com/people/man-jiang-hong
http://www.zhihu.com/people/hangbo
http://www.zhihu.com/people/balai
http://www.zhihu.com/people/chiu-steven
http://www.zhihu.com/people/chen-fei-37-45
http://www.zhihu.com/people/cao-hua-hua
http://www.zhihu.com/people/snoola-tang
http://www.zhihu.com/people/qu-ming-hui
http://www.zhihu.com/people/CMGS
http://www.zhihu.com/people/jiroas
http://www.zhihu.com/people/badcow
http://www.zhihu.com/people/chenqi86
http://www.zhihu.com/people/zheng-hong-yan
http://www.zhihu.com/people/jia-hou-zi
http://www.zhihu.com/people/lou-ang
http://www.zhihu.com/people/chu-meng-meng
http://www.zhihu.com/people/ma-hang-3
http://www.zhihu.com/people/li-zi-ke-73
http://www.zhihu.com/people/songshuang
http://www.zhihu.com/people/cun-shang-shui-xia
http://www.zhihu.com/people/Vering
http://www.zhihu.com/people/aisha
http://www.zhihu.com/people/howie-chou
http://www.zhihu.com/people/wang-xiao-yi-11
http://www.zhihu.com/people/woshizhangya
http://www.zhihu.com/people/lieluren
http://www.zhihu.com/people/yang-zhi-58
http://www.zhihu.com/people/zhe-xue-jia-feng-ge
http://www.zhihu.com/people/paprikaz
http://www.zhihu.com/people/lao-pan-89
http://www.zhihu.com/people/true-the
http://www.zhihu.com/people/eric-30-75
http://www.zhihu.com/people/xia-tian-85-25
http://www.zhihu.com/people/lin-hai-42-40
http://www.zhihu.com/people/mo-fei-c
http://www.zhihu.com/people/huang-li-79
http://www.zhihu.com/people/thiago
http://www.zhihu.com/people/fan-ying-da
http://www.zhihu.com/people/lin-yi-85
http://www.zhihu.com/people/miaozhuowei
http://www.zhihu.com/people/eeyorezheng
http://www.zhihu.com/people/liyalong
http://www.zhihu.com/people/gu-yao-zong
http://www.zhihu.com/people/skpaddy
http://www.zhihu.com/people/Asimov
http://www.zhihu.com/people/ke_ming
http://www.zhihu.com/people/dio007
http://www.zhihu.com/people/buyingt
http://www.zhihu.com/people/deangelo
http://www.zhihu.com/people/chen-yao-6
http://www.zhihu.com/people/jiang-yang-23
http://www.zhihu.com/people/whamaya
http://www.zhihu.com/people/xiong-mo-mo
http://www.zhihu.com/people/xiaozuanfeng
http://www.zhihu.com/people/mo-shen-94
http://www.zhihu.com/people/chen-zhe-86
http://www.zhihu.com/people/huang-wu-jian
http://www.zhihu.com/people/ma-bei-bei-96
http://www.zhihu.com/people/wei-mao-zeng
http://www.zhihu.com/people/myericnic
http://www.zhihu.com/people/z-wang
http://www.zhihu.com/people/mengxian
http://www.zhihu.com/people/newblue
http://www.zhihu.com/people/cranks
http://www.zhihu.com/people/zhou-xin-xin-53
http://www.zhihu.com/people/zhao-xun-yue
http://www.zhihu.com/people/MotoPig
http://www.zhihu.com/people/zheng-zao-li
http://www.zhihu.com/people/knightshady
http://www.zhihu.com/people/tian-nan-gua
http://www.zhihu.com/people/hvvw
http://www.zhihu.com/people/ichth
http://www.zhihu.com/people/hu-zhe-kai
http://www.zhihu.com/people/chen-xiao-tu-83
http://www.zhihu.com/people/liyuebai
http://www.zhihu.com/people/sky-fall
http://www.zhihu.com/people/deereed
http://www.zhihu.com/people/xi-lan-26
http://www.zhihu.com/people/zhou-yi-long-39
http://www.zhihu.com/people/da-su-da-shan-mai-yu-sheng
http://www.zhihu.com/people/gao-dei
http://www.zhihu.com/people/lin-peng-peng
http://www.zhihu.com/people/xie-xi-wei-72
http://www.zhihu.com/people/xi-mu-93
http://www.zhihu.com/people/jin-zhan-xiang
http://www.zhihu.com/people/77777777777
http://www.zhihu.com/people/codepoem
http://www.zhihu.com/people/liu-shi-mu
http://www.zhihu.com/people/danny-crane
http://www.zhihu.com/people/10250
http://www.zhihu.com/people/feng-xue-12
http://www.zhihu.com/people/yuezimu
http://www.zhihu.com/people/ha-ha-1996
http://www.zhihu.com/people/huang-yong-wen
http://www.zhihu.com/people/llllllllllll
http://www.zhihu.com/people/nongshu
http://www.zhihu.com/people/luo-tong-16
http://www.zhihu.com/people/liu-hu-lu-76
http://www.zhihu.com/people/yemso
http://www.zhihu.com/people/an-nuo-41-82
http://www.zhihu.com/people/momobaobao
http://www.zhihu.com/people/jia-pi-ren
http://www.zhihu.com/people/wang-fang-21-84
http://www.zhihu.com/people/xie-qian-ling
http://www.zhihu.com/people/yi-sen-8
http://www.zhihu.com/people/yuan-jia-21
http://www.zhihu.com/people/yu-sha-sha
http://www.zhihu.com/people/menthollin
http://www.zhihu.com/people/dong-jia-bin
http://www.zhihu.com/people/x1e2ei
http://www.zhihu.com/people/liang-wei-jin
http://www.zhihu.com/people/xingchueng
http://www.zhihu.com/people/xue-heng
http://www.zhihu.com/people/jacob-do
http://www.zhihu.com/people/bywong
http://www.zhihu.com/people/zhao-zheng-po
http://www.zhihu.com/people/zhang-xiao-xian-77
http://www.zhihu.com/people/lemoxa
http://www.zhihu.com/people/techoxygen
http://www.zhihu.com/people/ritue
http://www.zhihu.com/people/lu-shu-ren
http://www.zhihu.com/people/wang-kai-xiang
http://www.zhihu.com/people/dtzhangtao
http://www.zhihu.com/people/eleventofive
http://www.zhihu.com/people/fang-wu-yan
http://www.zhihu.com/people/li-chuan-4
http://www.zhihu.com/people/li-wen-24
http://www.zhihu.com/people/xu-cai-hong
http://www.zhihu.com/people/ofzihan
http://www.zhihu.com/people/ling-hu-30
http://www.zhihu.com/people/just-zhe
http://www.zhihu.com/people/butcherv
http://www.zhihu.com/people/alright-74
http://www.zhihu.com/people/detwin
http://www.zhihu.com/people/xiabin
http://www.zhihu.com/people/wwzcxqc
http://www.zhihu.com/people/wang-chuan-lin
http://www.zhihu.com/people/hu-hao-71-70
http://www.zhihu.com/people/su-si-19
http://www.zhihu.com/people/lai-jun-yu-13
http://www.zhihu.com/people/liu-chun-73
http://www.zhihu.com/people/chen-cc
http://www.zhihu.com/people/lingcod
http://www.zhihu.com/people/wei-hua-26
http://www.zhihu.com/people/wu-kong-kong-51
http://www.zhihu.com/people/faustus
http://www.zhihu.com/people/li-dan-9
http://www.zhihu.com/people/jiang-ge
http://www.zhihu.com/people/shi-liu-guo-er-qing
http://www.zhihu.com/people/wu-yu-yu-18
http://www.zhihu.com/people/zhou-xiao-yun-4
http://www.zhihu.com/people/Roy0205816
http://www.zhihu.com/people/ke-wei-55
http://www.zhihu.com/people/rahn
http://www.zhihu.com/people/fengjuanchengfu
http://www.zhihu.com/people/zhang-wen-di-33
http://www.zhihu.com/people/meicoog
http://www.zhihu.com/people/jimmy-zhang-71
http://www.zhihu.com/people/hong-shun-kai
http://www.zhihu.com/people/liu-jian-roger
http://www.zhihu.com/people/thao-js
http://www.zhihu.com/people/ou-yang-ming-45
http://www.zhihu.com/people/daizhiyang
http://www.zhihu.com/people/zhao-wen-wen-17
http://www.zhihu.com/people/hai-yang-xun-shou-shi
http://www.zhihu.com/people/zhang-zhi-hao-72
http://www.zhihu.com/people/yourwc
http://www.zhihu.com/people/ren-fang-fang
http://www.zhihu.com/people/jiang-wei-66-66
http://www.zhihu.com/people/WANSX
http://www.zhihu.com/people/song-xiao-yan
http://www.zhihu.com/people/ai-tian-ya-82
http://www.zhihu.com/people/wu-qiu-qiu
http://www.zhihu.com/people/lian-tea
http://www.zhihu.com/people/maiziman
http://www.zhihu.com/people/firas
http://www.zhihu.com/people/ruan-yixiao
http://www.zhihu.com/people/buzhidaozhang
http://www.zhihu.com/people/Aspire
http://www.zhihu.com/people/feng-xu-hua
http://www.zhihu.com/people/benxx
http://www.zhihu.com/people/arronleung
http://www.zhihu.com/people/pan-chao-57
http://www.zhihu.com/people/chenpengtju
http://www.zhihu.com/people/kathy-72
http://www.zhihu.com/people/blue5un
http://www.zhihu.com/people/a-hun
http://www.zhihu.com/people/he-awen
http://www.zhihu.com/people/tesefu
http://www.zhihu.com/people/li-min-87
http://www.zhihu.com/people/fajia
http://www.zhihu.com/people/yuan-song
http://www.zhihu.com/people/flipped
http://www.zhihu.com/people/qian-cao-50
http://www.zhihu.com/people/Dominic_
http://www.zhihu.com/people/wang-hong-bo-46
http://www.zhihu.com/people/shenjifa
http://www.zhihu.com/people/an-long-zhao
http://www.zhihu.com/people/yilong-57
http://www.zhihu.com/people/zhang-yan-ya
http://www.zhihu.com/people/j_nan
http://www.zhihu.com/people/liu-xiao-lai
http://www.zhihu.com/people/sanpi-93
http://www.zhihu.com/people/jack-fan
http://www.zhihu.com/people/dang-yao
http://www.zhihu.com/people/yanguang
http://www.zhihu.com/people/livik
http://www.zhihu.com/people/letcy
http://www.zhihu.com/people/CHINA_MIN
http://www.zhihu.com/people/qixiwanzi
http://www.zhihu.com/people/phible
http://www.zhihu.com/people/zhang-yi-xin-60
http://www.zhihu.com/people/ceng-wen-zi
http://www.zhihu.com/people/li-yan-yi-91312
http://www.zhihu.com/people/ringzero
http://www.zhihu.com/people/xiao-xiao-64-62
http://www.zhihu.com/people/xiaoho.com
http://www.zhihu.com/people/ring-lee-21
http://www.zhihu.com/people/guo-yilin
http://www.zhihu.com/people/selfmagic
http://www.zhihu.com/people/wuqing-9
http://www.zhihu.com/people/li-xing-78
http://www.zhihu.com/people/xiang-yan-14
http://www.zhihu.com/people/eddiebao
http://www.zhihu.com/people/johnadam
http://www.zhihu.com/people/wang-shi-jun-10
http://www.zhihu.com/people/yyx-19
http://www.zhihu.com/people/michael_mu
http://www.zhihu.com/people/qian-ming-46
http://www.zhihu.com/people/hu-miao-44-3
http://www.zhihu.com/people/fan-wei-yu
http://www.zhihu.com/people/lee-bwin
http://www.zhihu.com/people/jing-qi-7
http://www.zhihu.com/people/li-xiao-teng-81
http://www.zhihu.com/people/xiang-liu
http://www.zhihu.com/people/zhangrongjie
http://www.zhihu.com/people/Mr.F
http://www.zhihu.com/people/graysky
http://www.zhihu.com/people/wang-jia-wei-45-85
http://www.zhihu.com/people/wang-qiao-wei
http://www.zhihu.com/people/definiter
http://www.zhihu.com/people/iyucci
http://www.zhihu.com/people/sanglei
http://www.zhihu.com/people/THFQ
http://www.zhihu.com/people/wang-ran-ran-28
http://www.zhihu.com/people/laoliumang-78
http://www.zhihu.com/people/liu-yi-62
http://www.zhihu.com/people/CanbleLeen
http://www.zhihu.com/people/zhao-yue-7
http://www.zhihu.com/people/kx0908
http://www.zhihu.com/people/clement-dong
http://www.zhihu.com/people/daniel975
http://www.zhihu.com/people/fly710
http://www.zhihu.com/people/li-qian-mei
http://www.zhihu.com/people/yang-miao-86
http://www.zhihu.com/people/shuang-zhi
http://www.zhihu.com/people/hu-hao
http://www.zhihu.com/people/zhang-jia-jing-20
http://www.zhihu.com/people/yeliever
http://www.zhihu.com/people/Jeioc
http://www.zhihu.com/people/li-hui-jie-10
http://www.zhihu.com/people/wang-zu-jian-89
http://www.zhihu.com/people/larry-94
http://www.zhihu.com/people/www.quhuaxue.com
http://www.zhihu.com/people/zeng-lu-95
http://www.zhihu.com/people/zhang-yang-3
http://www.zhihu.com/people/oogoo
http://www.zhihu.com/people/yuan-jun-74
http://www.zhihu.com/people/hu-xue-chun
http://www.zhihu.com/people/tiziana
http://www.zhihu.com/people/m-isty
http://www.zhihu.com/people/wang-shi-hao-2
http://www.zhihu.com/people/jeffen
http://www.zhihu.com/people/li-yong-hao
http://www.zhihu.com/people/bo-qiao
http://www.zhihu.com/people/wan-yu-tao
http://www.zhihu.com/people/zhang-min-42
http://www.zhihu.com/people/yu-lei-ming
http://www.zhihu.com/people/tan-bin-91
http://www.zhihu.com/people/xian-yong-kang
http://www.zhihu.com/people/li-xi-gao
http://www.zhihu.com/people/zengyingjia
http://www.zhihu.com/people/jian-ting-de-nai-nai
http://www.zhihu.com/people/xiao-jiang-85
http://www.zhihu.com/people/liang-chong
http://www.zhihu.com/people/hudongyang
http://www.zhihu.com/people/myway-63
http://www.zhihu.com/people/tong-ming-hui
http://www.zhihu.com/people/jiang-xiao-bai-40
http://www.zhihu.com/people/akirose
http://www.zhihu.com/people/zhang-xiao-feng-99
http://www.zhihu.com/people/kenho
http://www.zhihu.com/people/maska
http://www.zhihu.com/people/madouling
http://www.zhihu.com/people/tamarous
http://www.zhihu.com/people/mo-da
http://www.zhihu.com/people/youyiyui
http://www.zhihu.com/people/meng-jia-he
http://www.zhihu.com/people/lin-yong-mei
http://www.zhihu.com/people/jian-jia-mo
http://www.zhihu.com/people/yu-xi-hui
http://www.zhihu.com/people/qtmisewrxf
http://www.zhihu.com/people/chuwentao
http://www.zhihu.com/people/lu-bu-fang
http://www.zhihu.com/people/zhang-xiao-qi-62
http://www.zhihu.com/people/juliet-70
http://www.zhihu.com/people/cai-ti-ran
http://www.zhihu.com/people/zkitty
http://www.zhihu.com/people/hu-da-28
http://www.zhihu.com/people/robinson-5
http://www.zhihu.com/people/sun-si-xu
http://www.zhihu.com/people/xu-meng-yin
http://www.zhihu.com/people/hou-fang-bin
http://www.zhihu.com/people/sui-zhi
http://www.zhihu.com/people/yi-hong-bo-13
http://www.zhihu.com/people/yaoyeR
http://www.zhihu.com/people/luo-li-10
http://www.zhihu.com/people/magie
http://www.zhihu.com/people/xiao-zhi-69-4
http://www.zhihu.com/people/bright-78
http://www.zhihu.com/people/wang-fu-wen
http://www.zhihu.com/people/qiao-yu-61
http://www.zhihu.com/people/yanhan
http://www.zhihu.com/people/sun-jing-ping
http://www.zhihu.com/people/chen-wen-bo-58
http://www.zhihu.com/people/tongjinghao
http://www.zhihu.com/people/xunger
http://www.zhihu.com/people/li-xing-guang
http://www.zhihu.com/people/xia-lan-feng
http://www.zhihu.com/people/liu-ya-chun-91
http://www.zhihu.com/people/zhang-zhuo-yue
http://www.zhihu.com/people/jialiwei
http://www.zhihu.com/people/wu-hai-25
http://www.zhihu.com/people/kenl
http://www.zhihu.com/people/liwenhua
http://www.zhihu.com/people/sun-da-wei-4
http://www.zhihu.com/people/suzi-70
http://www.zhihu.com/people/guan-xing-12
http://www.zhihu.com/people/qi-si-mavis
http://www.zhihu.com/people/elise48
http://www.zhihu.com/people/Blue.Blue
http://www.zhihu.com/people/ma-bo-ping
http://www.zhihu.com/people/isee
http://www.zhihu.com/people/zhou-xiao-qing-52
http://www.zhihu.com/people/jijie
http://www.zhihu.com/people/long-bao-19
http://www.zhihu.com/people/zhengyin
http://www.zhihu.com/people/chen-yan-zhong
http://www.zhihu.com/people/turanjian
http://www.zhihu.com/people/makoshan
http://www.zhihu.com/people/zhang-po-ce
http://www.zhihu.com/people/wei-zhen-xing
http://www.zhihu.com/people/yu-li-juan-63
http://www.zhihu.com/people/guan-zhi-xuan
http://www.zhihu.com/people/huang-yi-tian
http://www.zhihu.com/people/weiyiwuer
http://www.zhihu.com/people/qianniaoqifei
http://www.zhihu.com/people/Rising_Z
http://www.zhihu.com/people/xu-jin-cheng
http://www.zhihu.com/people/han-yan-hui
http://www.zhihu.com/people/yan-ren-xin
http://www.zhihu.com/people/lich
http://www.zhihu.com/people/zhang-feng-84-37
http://www.zhihu.com/people/wang-ying-12
http://www.zhihu.com/people/ledlaohuo
http://www.zhihu.com/people/an-zhi-25
http://www.zhihu.com/people/chen-jian-33-39
http://www.zhihu.com/people/gao-mei-tao
http://www.zhihu.com/people/meng-xiang-jing
http://www.zhihu.com/people/zhang-xie-lin
http://www.zhihu.com/people/liu-jing-16-6
http://www.zhihu.com/people/ding-ping-sheng
http://www.zhihu.com/people/francisfung
http://www.zhihu.com/people/bai-jin-zhong
http://www.zhihu.com/people/feinaiji
http://www.zhihu.com/people/zhong-dong-hong
http://www.zhihu.com/people/yan-heng
http://www.zhihu.com/people/wu-ting-ting
http://www.zhihu.com/people/zhou-xiao-jian
http://www.zhihu.com/people/cheng-fang-hang
http://www.zhihu.com/people/chang-kai-xin-85
http://www.zhihu.com/people/miss-cheese
http://www.zhihu.com/people/liu-xiao-guo-94
http://www.zhihu.com/people/zhang-shui-shui-78
http://www.zhihu.com/people/namiheike
http://www.zhihu.com/people/shi-teng-long
http://www.zhihu.com/people/huanghuihui1991
http://www.zhihu.com/people/liu-xiao-ran-50
http://www.zhihu.com/people/liang-hui-xi
http://www.zhihu.com/people/liu-zhe-47
http://www.zhihu.com/people/wang-xiao-xing-47
http://www.zhihu.com/people/zhang-lu-37-57
http://www.zhihu.com/people/borvski
http://www.zhihu.com/people/tanronghui
http://www.zhihu.com/people/zhuo-yu-zi
http://www.zhihu.com/people/acezio
http://www.zhihu.com/people/liang-yu-fan
http://www.zhihu.com/people/peng-huo
http://www.zhihu.com/people/gong-zi-hao
http://www.zhihu.com/people/luoxr
http://www.zhihu.com/people/mark-8
http://www.zhihu.com/people/vivixb
http://www.zhihu.com/people/xie-wei-4-35
http://www.zhihu.com/people/jian-hong-yong
http://www.zhihu.com/people/li-xiang-87
http://www.zhihu.com/people/li-jian-73
http://www.zhihu.com/people/zhang-qiang-17
http://www.zhihu.com/people/cnblue.squirrel
http://www.zhihu.com/people/li-xiao-yao-17
http://www.zhihu.com/people/li-jie-50
http://www.zhihu.com/people/zi-yan-9
http://www.zhihu.com/people/zhu-zhu-39
http://www.zhihu.com/people/sphinx0128
http://www.zhihu.com/people/peterhu
http://www.zhihu.com/people/lu-hao-17-49
http://www.zhihu.com/people/orzwind
http://www.zhihu.com/people/xia-mi-3-82
http://www.zhihu.com/people/fu-zhi-yang
http://www.zhihu.com/people/byelejoe
http://www.zhihu.com/people/lixiaohui
http://www.zhihu.com/people/jiayizhen
http://www.zhihu.com/people/mo-jian-jun
http://www.zhihu.com/people/bbkinlin
http://www.zhihu.com/people/xiao-xi-xi
http://www.zhihu.com/people/zhao-si-cong
http://www.zhihu.com/people/wang-xin-gen
http://www.zhihu.com/people/guo-quan-qing
http://www.zhihu.com/people/tu-gao-hui-ge
http://www.zhihu.com/people/gao-si-qi
http://www.zhihu.com/people/deng-hong-yue
http://www.zhihu.com/people/kong-xiao-xiong
http://www.zhihu.com/people/guo-sheng-yu
http://www.zhihu.com/people/zhang-bo-yong
http://www.zhihu.com/people/SkyWalkerAL
http://www.zhihu.com/people/botaowei
http://www.zhihu.com/people/tao-li-1-15
http://www.zhihu.com/people/xianca
http://www.zhihu.com/people/jazzark
http://www.zhihu.com/people/xiao-pan-pan-7
http://www.zhihu.com/people/duchao
http://www.zhihu.com/people/zimingforever
http://www.zhihu.com/people/qiu-xie-shuang-hen
http://www.zhihu.com/people/yejunyu
http://www.zhihu.com/people/cherrydcy
http://www.zhihu.com/people/gao-shuai-21
http://www.zhihu.com/people/shao-peng-75
http://www.zhihu.com/people/zhang-xiao-xiao-72
http://www.zhihu.com/people/guo-jin-5
http://www.zhihu.com/people/ai-jia-yuan
http://www.zhihu.com/people/cyanday
http://www.zhihu.com/people/Landing
http://www.zhihu.com/people/gu-rui-62
http://www.zhihu.com/people/zhi-mu
http://www.zhihu.com/people/cai-xiao-yun-60
http://www.zhihu.com/people/jiang-gan-59
http://www.zhihu.com/people/mei-xiao-mao
http://www.zhihu.com/people/kelly-29-63
http://www.zhihu.com/people/du-xiao-wei-14
http://www.zhihu.com/people/haohaoxuexi
http://www.zhihu.com/people/qiutf
http://www.zhihu.com/people/hackertao
http://www.zhihu.com/people/liu-tian-90
http://www.zhihu.com/people/defer
http://www.zhihu.com/people/godfrey-74
http://www.zhihu.com/people/zhao-sheng-jun
http://www.zhihu.com/people/yoyo0531
http://www.zhihu.com/people/lu-yunfeng
http://www.zhihu.com/people/zhao-xue-lan
http://www.zhihu.com/people/huashengmi
http://www.zhihu.com/people/damonsnow
http://www.zhihu.com/people/zhang-ren-qing
http://www.zhihu.com/people/meng-xiao-32
http://www.zhihu.com/people/wu-xiao-sheng
http://www.zhihu.com/people/mi-xin-xin
http://www.zhihu.com/people/xu-yan-ni
http://www.zhihu.com/people/seanlmm
http://www.zhihu.com/people/netsos
http://www.zhihu.com/people/xu-huan-yan
http://www.zhihu.com/people/dong-ke-14
http://www.zhihu.com/people/zhong-yu-wei
http://www.zhihu.com/people/wang-bo-28
http://www.zhihu.com/people/pip-99
http://www.zhihu.com/people/luo-zhi-wen-59
http://www.zhihu.com/people/dralex
http://www.zhihu.com/people/liuyang-37
http://www.zhihu.com/people/CNZD
http://www.zhihu.com/people/he-pei
http://www.zhihu.com/people/li-ran-98
http://www.zhihu.com/people/feng-jun-yuan
http://www.zhihu.com/people/live-i
http://www.zhihu.com/people/pan-deng-86
http://www.zhihu.com/people/zelin
http://www.zhihu.com/people/fang-yi-xing
http://www.zhihu.com/people/ccat
http://www.zhihu.com/people/chinchen
http://www.zhihu.com/people/huangquanhj
http://www.zhihu.com/people/peterlu
http://www.zhihu.com/people/hu-tian-yi
http://www.zhihu.com/people/zhong-nan-40
http://www.zhihu.com/people/zhang-hua-chong
http://www.zhihu.com/people/feng-jian-ren
http://www.zhihu.com/people/li-min-70
http://www.zhihu.com/people/huachend
http://www.zhihu.com/people/chung
http://www.zhihu.com/people/hui-xin
http://www.zhihu.com/people/fu-jia-qi
http://www.zhihu.com/people/raymond-wang
http://www.zhihu.com/people/hai-yang
http://www.zhihu.com/people/yshone
http://www.zhihu.com/people/yang-cong-quan-man-tou
http://www.zhihu.com/people/VegasWang
http://www.zhihu.com/people/zhu-jun-qiang
http://www.zhihu.com/people/li-jing-34-7
http://www.zhihu.com/people/ucgwang-wei
http://www.zhihu.com/people/fu-er
http://www.zhihu.com/people/chen-luo-cheng
http://www.zhihu.com/people/zhi-tian
http://www.zhihu.com/people/nordenbox
http://www.zhihu.com/people/talich
http://www.zhihu.com/people/jixin
http://www.zhihu.com/people/martin-bi
http://www.zhihu.com/people/paradisemg
http://www.zhihu.com/people/mo-gui
