http://www.zhihu.com/people/wu-shuang-58
http://www.zhihu.com/people/li-xuan-ji
http://www.zhihu.com/people/xiao-shuang-leng
http://www.zhihu.com/people/TheChyi
http://www.zhihu.com/people/yin-ya-96
http://www.zhihu.com/people/silu-lyu
http://www.zhihu.com/people/ceng-gong-tao
http://www.zhihu.com/people/kang-cheng-lin
http://www.zhihu.com/people/zhu-ge-zhan
http://www.zhihu.com/people/iyeyu
http://www.zhihu.com/people/lich
http://www.zhihu.com/people/shi-jia-hao-54
http://www.zhihu.com/people/zheng-hui-hui-20
http://www.zhihu.com/people/Feng-7-15
http://www.zhihu.com/people/maxiaomei
http://www.zhihu.com/people/Luxiaohua
http://www.zhihu.com/people/gong-zheng-xuan
http://www.zhihu.com/people/jia-shun-26
http://www.zhihu.com/people/zhang-shi-yue-26
http://www.zhihu.com/people/bai-xiao-bai
http://www.zhihu.com/people/wang-tu-yi
http://www.zhihu.com/people/bu-chen-ye
http://www.zhihu.com/people/Ceciliamc1992
http://www.zhihu.com/people/EdwardZXZ
http://www.zhihu.com/people/taiyoung
http://www.zhihu.com/people/yansisi
http://www.zhihu.com/people/echo-86-50
http://www.zhihu.com/people/liu-jing-xin-88
http://www.zhihu.com/people/uryeah
http://www.zhihu.com/people/zhao-fei-yi
http://www.zhihu.com/people/li-zhen-yang
http://www.zhihu.com/people/Ningziyu95
http://www.zhihu.com/people/woshiamiaojiang
http://www.zhihu.com/people/song-cai
http://www.zhihu.com/people/lin-mu-mu-86-84
http://www.zhihu.com/people/qi-wen-32
http://www.zhihu.com/people/miao-zhen
http://www.zhihu.com/people/li-lu-xi-53
http://www.zhihu.com/people/xi-zao-18
http://www.zhihu.com/people/zetan-zzu
http://www.zhihu.com/people/xu-ling-12
http://www.zhihu.com/people/fan-xiao-xuan-41
http://www.zhihu.com/people/hu-a-niu-80
http://www.zhihu.com/people/lu-zi-75
http://www.zhihu.com/people/liang-jia-jian-11
http://www.zhihu.com/people/supering-ci
http://www.zhihu.com/people/huang-chen-han
http://www.zhihu.com/people/zang-wen-hao
http://www.zhihu.com/people/mumu-wang-70
http://www.zhihu.com/people/chen-qi-qi-62
http://www.zhihu.com/people/lin-xiao-62-15
http://www.zhihu.com/people/an-xia-ping
http://www.zhihu.com/people/wengbin
http://www.zhihu.com/people/lunula
http://www.zhihu.com/people/bladem
http://www.zhihu.com/people/hmx5230
http://www.zhihu.com/people/qiao-ke-lu
http://www.zhihu.com/people/hu-shui-99
http://www.zhihu.com/people/yue-guang-41
http://www.zhihu.com/people/xie-zong-yu
http://www.zhihu.com/people/zheng-zhi-chao-8
http://www.zhihu.com/people/li-mi-qia-85
http://www.zhihu.com/people/mi-su-10
http://www.zhihu.com/people/gui-sheng-74
http://www.zhihu.com/people/hinotan
http://www.zhihu.com/people/fang-li-nuo
http://www.zhihu.com/people/niu-niu-6-1
http://www.zhihu.com/people/bai-yuan-yuan-73
http://www.zhihu.com/people/haosong
http://www.zhihu.com/people/tan-xiao-yan-2
http://www.zhihu.com/people/zai-yi-luo
http://www.zhihu.com/people/yang-momo1993
http://www.zhihu.com/people/guhongguangju
http://www.zhihu.com/people/yan-yan-32-58
http://www.zhihu.com/people/jiangqinyi
http://www.zhihu.com/people/chen-dong-dong-56
http://www.zhihu.com/people/wang-yipao
http://www.zhihu.com/people/wisteria
http://www.zhihu.com/people/wang-yu-jue-1
http://www.zhihu.com/people/zhu-tao-yu
http://www.zhihu.com/people/DearPopo
http://www.zhihu.com/people/xu-xiao-68-52
http://www.zhihu.com/people/kuang-cui-yong
http://www.zhihu.com/people/zhang-fei-fei-fei
http://www.zhihu.com/people/henuwang-kai
http://www.zhihu.com/people/yangshell
http://www.zhihu.com/people/su-wei-71-66
http://www.zhihu.com/people/chen-mian-mian-2
http://www.zhihu.com/people/cao-zi-han-22
http://www.zhihu.com/people/yang-fan-61-69
http://www.zhihu.com/people/bao-ying-28-56
http://www.zhihu.com/people/folkyou
http://www.zhihu.com/people/yue-yi-he
http://www.zhihu.com/people/wang-liao-de
http://www.zhihu.com/people/donotworrycui
http://www.zhihu.com/people/chen-yi-4-5-10
http://www.zhihu.com/people/ni-chang-jun
http://www.zhihu.com/people/mou-kang-ni
http://www.zhihu.com/people/ma-nan-gua
http://www.zhihu.com/people/zong-yun-25
http://www.zhihu.com/people/yan-yi-82
http://www.zhihu.com/people/fan-shou-yu
http://www.zhihu.com/people/zhou-you-xing-hai
http://www.zhihu.com/people/zhu-jia-zhou
http://www.zhihu.com/people/huang-wo-gua
http://www.zhihu.com/people/liu-zhong-1
http://www.zhihu.com/people/amozii
http://www.zhihu.com/people/zacharyxsz
http://www.zhihu.com/people/zheng-zhi-ping-38
http://www.zhihu.com/people/xiao-lin-37-17
http://www.zhihu.com/people/azraelzx
http://www.zhihu.com/people/wei-xiao-bao-23-43
http://www.zhihu.com/people/pe-sha
http://www.zhihu.com/people/zuns
http://www.zhihu.com/people/cheng-ya-qian-46
http://www.zhihu.com/people/Qiqiao
http://www.zhihu.com/people/fan-zi-84-96
http://www.zhihu.com/people/bu-er-82-90
http://www.zhihu.com/people/yang-zhi-man
http://www.zhihu.com/people/liugang-123
http://www.zhihu.com/people/wu-dong-liang
http://www.zhihu.com/people/lu-chen-hong
http://www.zhihu.com/people/dennywww
http://www.zhihu.com/people/qi-qi-2-54
http://www.zhihu.com/people/shabingxuan
http://www.zhihu.com/people/luckyfish
http://www.zhihu.com/people/fu-jia-yi-62
http://www.zhihu.com/people/wu-yuan-5297
http://www.zhihu.com/people/fengmoyan
http://www.zhihu.com/people/yu-meng-xuan
http://www.zhihu.com/people/kang-yi-kai
http://www.zhihu.com/people/juan-zou-liao
http://www.zhihu.com/people/numberlee
http://www.zhihu.com/people/huang-xiao-mi-88
http://www.zhihu.com/people/xiao-chi-68
http://www.zhihu.com/people/ran-jing-35
http://www.zhihu.com/people/xiaoqing80s
http://www.zhihu.com/people/joeyzhang
http://www.zhihu.com/people/chen-yuan-hang
http://www.zhihu.com/people/ouyangli
http://www.zhihu.com/people/wang-dou-sha-95
http://www.zhihu.com/people/sun-huai-yu
http://www.zhihu.com/people/xu-kai-5-99
http://www.zhihu.com/people/pan-wu-xi
http://www.zhihu.com/people/zhang-ji-he
http://www.zhihu.com/people/chen-yu-zhou-57
http://www.zhihu.com/people/niu-ben-18
http://www.zhihu.com/people/shi-kong-shui-dao
http://www.zhihu.com/people/ou-ni-jiang
http://www.zhihu.com/people/zhang-yi-67-91
http://www.zhihu.com/people/qiang-zhang-61
http://www.zhihu.com/people/zhang-ha-ha-31-79
http://www.zhihu.com/people/shao-nian-wei-te-9
http://www.zhihu.com/people/yu-bo-87-73
http://www.zhihu.com/people/wang-bo-67-1
http://www.zhihu.com/people/zhuufeng
http://www.zhihu.com/people/chen-jue-72
http://www.zhihu.com/people/wang-da-mai-mai
http://www.zhihu.com/people/xu-xiao-ye-53
http://www.zhihu.com/people/shi-fang-66
http://www.zhihu.com/people/tangzl
http://www.zhihu.com/people/jin-yuan-wai
http://www.zhihu.com/people/jennywu
http://www.zhihu.com/people/huang-dan-yang-85
http://www.zhihu.com/people/chen-jing-yu-60
http://www.zhihu.com/people/liu-xing-suo
http://www.zhihu.com/people/wang-shuo-38-7
http://www.zhihu.com/people/a-mao-84-20
http://www.zhihu.com/people/wang-liu-85
http://www.zhihu.com/people/zhao-yu-dong-83
http://www.zhihu.com/people/chou-joe
http://www.zhihu.com/people/yihui-3
http://www.zhihu.com/people/fu-yin-95
http://www.zhihu.com/people/sun-da-da-14
http://www.zhihu.com/people/su-yan-50-37
http://www.zhihu.com/people/long-kun-72
http://www.zhihu.com/people/fang-zhen-guo
http://www.zhihu.com/people/lexie-han
http://www.zhihu.com/people/aaronsu
http://www.zhihu.com/people/bei-cheng-64
http://www.zhihu.com/people/gao-can-65
http://www.zhihu.com/people/gao-li-sha
http://www.zhihu.com/people/tan-yin-10
http://www.zhihu.com/people/li-rui-64-16
http://www.zhihu.com/people/orlan-zhao
http://www.zhihu.com/people/liang-you-88
http://www.zhihu.com/people/alexcu
http://www.zhihu.com/people/yang-ling-nan-leo-young
http://www.zhihu.com/people/ess-null
http://www.zhihu.com/people/jingqiaoqiao
http://www.zhihu.com/people/SYIU8
http://www.zhihu.com/people/zhou-nan-4
http://www.zhihu.com/people/yu-jia-21-47
http://www.zhihu.com/people/han-xue-sen
http://www.zhihu.com/people/lei-ming-shi
http://www.zhihu.com/people/niu-rou-rou
http://www.zhihu.com/people/tonydeng
http://www.zhihu.com/people/lu-li-63-24
http://www.zhihu.com/people/wongyu
http://www.zhihu.com/people/liu-gao-yuan
http://www.zhihu.com/people/zhan-long-fei
http://www.zhihu.com/people/n-emo
http://www.zhihu.com/people/ruo-chen-xing
http://www.zhihu.com/people/lijun-song
http://www.zhihu.com/people/li-nan-7-98
http://www.zhihu.com/people/cao-ji-er
http://www.zhihu.com/people/lizy-green
http://www.zhihu.com/people/li-xing-4
http://www.zhihu.com/people/huang-duo-duo-50
http://www.zhihu.com/people/shi-wei-hu-bu-gui
http://www.zhihu.com/people/xia-zhi-legend
http://www.zhihu.com/people/imac8t
http://www.zhihu.com/people/xia-duo-33-9
http://www.zhihu.com/people/dongyanlong
http://www.zhihu.com/people/qi-wei-85
http://www.zhihu.com/people/weiruopu
http://www.zhihu.com/people/naruming
http://www.zhihu.com/people/chendayun
http://www.zhihu.com/people/yong-sheng
http://www.zhihu.com/people/armstrong1030
http://www.zhihu.com/people/chuan-lu-20
http://www.zhihu.com/people/feng-hao-84
http://www.zhihu.com/people/holder-zhang
http://www.zhihu.com/people/song-xi-67
http://www.zhihu.com/people/fangwenyang
http://www.zhihu.com/people/rui-cheng-44
http://www.zhihu.com/people/hu-xiao-ying-94
http://www.zhihu.com/people/dong-ge-pi
http://www.zhihu.com/people/9tail
http://www.zhihu.com/people/chenruixuan
http://www.zhihu.com/people/liu-xu-becky
http://www.zhihu.com/people/lonelywhale
http://www.zhihu.com/people/wangtengchuan
http://www.zhihu.com/people/zhang-wei-96-23
http://www.zhihu.com/people/guo-san-40
http://www.zhihu.com/people/xiao-ke-83
http://www.zhihu.com/people/ge-zhi-46
http://www.zhihu.com/people/qu-chong-dong
http://www.zhihu.com/people/niuniu
http://www.zhihu.com/people/wu-wei-99-42
http://www.zhihu.com/people/gracieux.taobao.com
http://www.zhihu.com/people/zai-jian-nan-jing
http://www.zhihu.com/people/xie-wan-na
http://www.zhihu.com/people/frankwang26
http://www.zhihu.com/people/li-xiao-jia-21
http://www.zhihu.com/people/liu-zhe-44
http://www.zhihu.com/people/wei-lin-51
http://www.zhihu.com/people/san-qian-piao
http://www.zhihu.com/people/vwow
http://www.zhihu.com/people/tcstar
http://www.zhihu.com/people/gazhi-liu
http://www.zhihu.com/people/winnie-818
http://www.zhihu.com/people/zhang-xiao-tian-57-23
http://www.zhihu.com/people/bai-lang-67
http://www.zhihu.com/people/sui-sui-79
http://www.zhihu.com/people/zexiancui
http://www.zhihu.com/people/yang-yi-er-99
http://www.zhihu.com/people/gan-summer
http://www.zhihu.com/people/liu-ma-ke
http://www.zhihu.com/people/cao-yi-an
http://www.zhihu.com/people/qujingshi
http://www.zhihu.com/people/chen-ru-yi-49
http://www.zhihu.com/people/fisssss
http://www.zhihu.com/people/ming-ji-44
http://www.zhihu.com/people/cheng-kun-35
http://www.zhihu.com/people/yang-lei-86
http://www.zhihu.com/people/li-bu-zhi-69-1
http://www.zhihu.com/people/peng-yu-winnie
http://www.zhihu.com/people/guo-shu-wei
http://www.zhihu.com/people/desperatecat
http://www.zhihu.com/people/yan-an-83-94
http://www.zhihu.com/people/chen-zhao-xiang-87
http://www.zhihu.com/people/xing-ye-84-24
http://www.zhihu.com/people/he-min-39-90
http://www.zhihu.com/people/gong-wei-yi-92
http://www.zhihu.com/people/chen-bu-xing-14
http://www.zhihu.com/people/ji-yun-ou
http://www.zhihu.com/people/cai-jian-zheng-77
http://www.zhihu.com/people/anyan
http://www.zhihu.com/people/tong-qi-fan
http://www.zhihu.com/people/zi-meng-xiao-hu-li
http://www.zhihu.com/people/jiang-chong-bao
http://www.zhihu.com/people/wang-chang-wei-83
http://www.zhihu.com/people/an-si-duo
http://www.zhihu.com/people/xie-ran-88-74
http://www.zhihu.com/people/wu-wen-kui
http://www.zhihu.com/people/Ysis
http://www.zhihu.com/people/zhang-lei-80-10
http://www.zhihu.com/people/jiu-shi-bu-tai-dong
http://www.zhihu.com/people/dongziw
http://www.zhihu.com/people/jiejie_my_lover
http://www.zhihu.com/people/xu-xue-hen
http://www.zhihu.com/people/mi-xiao-li-10
http://www.zhihu.com/people/miaomrow
http://www.zhihu.com/people/wang-yu-qing-32
http://www.zhihu.com/people/li-zhuo-xin
http://www.zhihu.com/people/youaretheone2012
http://www.zhihu.com/people/he-hui-87
http://www.zhihu.com/people/wang-yuan-ting-17
http://www.zhihu.com/people/tao-yi-li
http://www.zhihu.com/people/faithc
http://www.zhihu.com/people/l123456
http://www.zhihu.com/people/wang-tian-long-52
http://www.zhihu.com/people/thousandsofsuns
http://www.zhihu.com/people/jie-mo
http://www.zhihu.com/people/mu-zi-nan
http://www.zhihu.com/people/floating-32
http://www.zhihu.com/people/huang-xiao-pi-96
http://www.zhihu.com/people/xiao-jian-27-60
http://www.zhihu.com/people/mei-yu-71
http://www.zhihu.com/people/yin-wei-jie-94
http://www.zhihu.com/people/wang-jie-30-37
http://www.zhihu.com/people/duan-xiao-xue-77
http://www.zhihu.com/people/li-shi-zi-97
http://www.zhihu.com/people/zhang-yu-cheng-25
http://www.zhihu.com/people/li-hui-44-8
http://www.zhihu.com/people/mingyi-5
http://www.zhihu.com/people/yabaobao-ma
http://www.zhihu.com/people/gao-ming-2-44
http://www.zhihu.com/people/li-shu-31
http://www.zhihu.com/people/lyzhihu
http://www.zhihu.com/people/chen-fan-85
http://www.zhihu.com/people/foxmuldery
http://www.zhihu.com/people/dong-jia-bin
http://www.zhihu.com/people/cheng-fang-hang
http://www.zhihu.com/people/zzuieliyaoli
http://www.zhihu.com/people/hu-ming-xuan-51
http://www.zhihu.com/people/chendonglin
http://www.zhihu.com/people/neil-hg
http://www.zhihu.com/people/chibole
http://www.zhihu.com/people/byron-lee-8
http://www.zhihu.com/people/avicihu
http://www.zhihu.com/people/pan-xiao-ying-37
http://www.zhihu.com/people/li-cheng-dice
http://www.zhihu.com/people/huang-yu-chen-24-39
http://www.zhihu.com/people/zhang-xiao-guo-83
http://www.zhihu.com/people/xulaohan
http://www.zhihu.com/people/tianzhou93
http://www.zhihu.com/people/mao-qi-huan
http://www.zhihu.com/people/hui-pan-67
http://www.zhihu.com/people/zhou-frau
http://www.zhihu.com/people/fu-lan-ke-lin
http://www.zhihu.com/people/toby941
http://www.zhihu.com/people/feng-qing-yu-luo
http://www.zhihu.com/people/ye-mu-zhen
http://www.zhihu.com/people/eliton
http://www.zhihu.com/people/liu-shu-peng
http://www.zhihu.com/people/laura-2
http://www.zhihu.com/people/iaisin
http://www.zhihu.com/people/mao-shu-86
http://www.zhihu.com/people/zhao-pan
http://www.zhihu.com/people/aspirinfox
http://www.zhihu.com/people/yu-hao-59-90
http://www.zhihu.com/people/steven-liu-84
http://www.zhihu.com/people/hu-er-jie
http://www.zhihu.com/people/chang-ge-96
http://www.zhihu.com/people/zhao-qi-hui
http://www.zhihu.com/people/yuan-sui-33
http://www.zhihu.com/people/he-ran-48
http://www.zhihu.com/people/li-yi-44
http://www.zhihu.com/people/fredomy
http://www.zhihu.com/people/cui-jun-lin
http://www.zhihu.com/people/luoke-li
http://www.zhihu.com/people/li-xiang-85
http://www.zhihu.com/people/wang-jun-40-72
http://www.zhihu.com/people/xuan-xuan-12-43
http://www.zhihu.com/people/zhu-yu-7-27
http://www.zhihu.com/people/li-zhi-yuan-74
http://www.zhihu.com/people/parsley
http://www.zhihu.com/people/huang-chu-shu-58
http://www.zhihu.com/people/kidxmu
http://www.zhihu.com/people/mikisora
http://www.zhihu.com/people/ding-miao-miao-91
http://www.zhihu.com/people/zhou-jing-kai
http://www.zhihu.com/people/chen-chen-60
http://www.zhihu.com/people/qi-qi-qi-73
http://www.zhihu.com/people/jin-ke-42
http://www.zhihu.com/people/zhang-hu-66-1
http://www.zhihu.com/people/cha-guo-zi-hai
http://www.zhihu.com/people/liu-ying-nan-10
http://www.zhihu.com/people/zhang-hao-yang-48-78
http://www.zhihu.com/people/zha-si-ting
http://www.zhihu.com/people/lu-zhang-57
http://www.zhihu.com/people/xuan-yuan-lie-35
http://www.zhihu.com/people/han-yan-hui
http://www.zhihu.com/people/lu-qiu-qiu
http://www.zhihu.com/people/jiang-xiao-yang-58
http://www.zhihu.com/people/yong-qing-64
http://www.zhihu.com/people/jiang-xiang-ling
http://www.zhihu.com/people/fu-le
http://www.zhihu.com/people/xie-mang-qi-78
http://www.zhihu.com/people/jacob-li
http://www.zhihu.com/people/xu-yong-chang
http://www.zhihu.com/people/robert
http://www.zhihu.com/people/li-yan-zhen-45
http://www.zhihu.com/people/bluewhy
http://www.zhihu.com/people/ceng-xiao-min
http://www.zhihu.com/people/long-xiao-12
http://www.zhihu.com/people/tian-ran-80
http://www.zhihu.com/people/lang-bu-leng
http://www.zhihu.com/people/cui-de-xing
http://www.zhihu.com/people/mai-zi-mz
http://www.zhihu.com/people/xymark
http://www.zhihu.com/people/gu-wei-fang
http://www.zhihu.com/people/tie-zhu-52
http://www.zhihu.com/people/huntershi
http://www.zhihu.com/people/liu-yi-39-44
http://www.zhihu.com/people/huo-jia-14
http://www.zhihu.com/people/hu-wei-13
http://www.zhihu.com/people/evelyn10
http://www.zhihu.com/people/shawn1943
http://www.zhihu.com/people/hou-peng-fei
http://www.zhihu.com/people/lin-yu-5
http://www.zhihu.com/people/cherrydcy
http://www.zhihu.com/people/yang-lin-68-79
http://www.zhihu.com/people/chen-xin-55-90
http://www.zhihu.com/people/chang-an-an-64
http://www.zhihu.com/people/sun-si-ye
http://www.zhihu.com/people/qiao-___-feng
http://www.zhihu.com/people/ai-quan-17
http://www.zhihu.com/people/ding-sai-di
http://www.zhihu.com/people/he-zi-xuan-41
http://www.zhihu.com/people/zhang-zi-yu-23
http://www.zhihu.com/people/feixiaofei
http://www.zhihu.com/people/li-zheng-91-39
http://www.zhihu.com/people/miao-dong-er
http://www.zhihu.com/people/he-shui-you
http://www.zhihu.com/people/liu-si-shi-75
http://www.zhihu.com/people/LIBERTINEB
http://www.zhihu.com/people/bai-zhu-shui-99
http://www.zhihu.com/people/renee-yang
http://www.zhihu.com/people/yan-zi-85
http://www.zhihu.com/people/qing-jia-4
http://www.zhihu.com/people/koki-9
http://www.zhihu.com/people/J899M
http://www.zhihu.com/people/xiao-yang-yang-99
http://www.zhihu.com/people/fang-wen-32
http://www.zhihu.com/people/hong-shi-huan-78
http://www.zhihu.com/people/gu-bo-77
http://www.zhihu.com/people/lin-xiao-bai-38
http://www.zhihu.com/people/mao-bo-jue
http://www.zhihu.com/people/xi-lan-51
http://www.zhihu.com/people/xiao-mi-tu
http://www.zhihu.com/people/carry.actual.2013
http://www.zhihu.com/people/timaobrother
http://www.zhihu.com/people/danblue
http://www.zhihu.com/people/gao-gao-72
http://www.zhihu.com/people/lou-xin-yue-64
http://www.zhihu.com/people/migangel
http://www.zhihu.com/people/zhao-xun-yue
http://www.zhihu.com/people/zhou-crystal-51
http://www.zhihu.com/people/kang-ya-bo
http://www.zhihu.com/people/ji-xiao-qiang-74
http://www.zhihu.com/people/lvli
http://www.zhihu.com/people/chen-xi-1
http://www.zhihu.com/people/wen-li-69
http://www.zhihu.com/people/zhou-zuo
http://www.zhihu.com/people/yi-li-ya-miao
http://www.zhihu.com/people/da-he-er
http://www.zhihu.com/people/chengggggggg
http://www.zhihu.com/people/ka-ji-yixia
http://www.zhihu.com/people/qu-zhi-36
http://www.zhihu.com/people/sai-er-rui-si
http://www.zhihu.com/people/chen-jian-33-39
http://www.zhihu.com/people/conyran
http://www.zhihu.com/people/wan-wan-43-69
http://www.zhihu.com/people/xu-yuan-54
http://www.zhihu.com/people/mo-wei-zhi-57
http://www.zhihu.com/people/li-da-ren-97-61
http://www.zhihu.com/people/zhou-zi-qin
http://www.zhihu.com/people/yin-tian-22
http://www.zhihu.com/people/karenliu
http://www.zhihu.com/people/xia-tian-91-21
http://www.zhihu.com/people/du-xing-zhi
http://www.zhihu.com/people/chen-yan-30-57
http://www.zhihu.com/people/sleepy-baby
http://www.zhihu.com/people/xingtao-shen
http://www.zhihu.com/people/woundman
http://www.zhihu.com/people/astroyao
http://www.zhihu.com/people/jiang-jun-21-40
http://www.zhihu.com/people/nyanzhang
http://www.zhihu.com/people/nothinggg
http://www.zhihu.com/people/wkpars
http://www.zhihu.com/people/zhang-yi-di
http://www.zhihu.com/people/fajia
http://www.zhihu.com/people/wu-xu-69
http://www.zhihu.com/people/zhuang-sheng-45
http://www.zhihu.com/people/lyricer
http://www.zhihu.com/people/zenithdie
http://www.zhihu.com/people/selbyyy
http://www.zhihu.com/people/sun-cyril
http://www.zhihu.com/people/hysic
http://www.zhihu.com/people/hao-hao-41-53
http://www.zhihu.com/people/zhou-chi-22
http://www.zhihu.com/people/li-li-han
http://www.zhihu.com/people/lin-lin-lin-1
http://www.zhihu.com/people/zhong-cun-bruce
http://www.zhihu.com/people/zhou-xiang-nan-42
http://www.zhihu.com/people/bai-bai-he-18
http://www.zhihu.com/people/quintuplesmog
http://www.zhihu.com/people/liu-huan-78
http://www.zhihu.com/people/liu-yu-41-88
http://www.zhihu.com/people/han-yue-21
http://www.zhihu.com/people/pewu
http://www.zhihu.com/people/hua-man-lou-45
http://www.zhihu.com/people/elaineliu
http://www.zhihu.com/people/merlin-47
http://www.zhihu.com/people/wang-mcc
http://www.zhihu.com/people/lu-shuang-1993
http://www.zhihu.com/people/zhang-jing-hui-35
http://www.zhihu.com/people/su-fei-17
http://www.zhihu.com/people/chen-nuo-51
http://www.zhihu.com/people/wuboshi
http://www.zhihu.com/people/tutu-77
http://www.zhihu.com/people/jackie0403
http://www.zhihu.com/people/yang-yang-39-49
http://www.zhihu.com/people/mu-mian-shu
http://www.zhihu.com/people/xiao-jiu-80
http://www.zhihu.com/people/yan-ran-55
http://www.zhihu.com/people/ken-25
http://www.zhihu.com/people/chris-chi
http://www.zhihu.com/people/luoxr
http://www.zhihu.com/people/gao-chen-37
http://www.zhihu.com/people/wu-xiao-le-4
http://www.zhihu.com/people/aileenshi
http://www.zhihu.com/people/cheshire-cat
http://www.zhihu.com/people/li-yu-ting-sunny
http://www.zhihu.com/people/zhao-zi-yi-94
http://www.zhihu.com/people/sato-16
http://www.zhihu.com/people/a-wei-luo
http://www.zhihu.com/people/chen-ze-jin-27
http://www.zhihu.com/people/qu-zheng-yang
http://www.zhihu.com/people/tian-nan-16
http://www.zhihu.com/people/lu-xiao-qi-34
http://www.zhihu.com/people/bao-bao-59-66
http://www.zhihu.com/people/MISSSEXY
http://www.zhihu.com/people/chang-ge-zi-3
http://www.zhihu.com/people/pikazhu
http://www.zhihu.com/people/dan-ba-duo-jie
http://www.zhihu.com/people/zi-yi-61
http://www.zhihu.com/people/tai-zai-yan
http://www.zhihu.com/people/lu-hai-tang
http://www.zhihu.com/people/alice-45-16
http://www.zhihu.com/people/gu-jia-ming-83
http://www.zhihu.com/people/gaoxiaoman
http://www.zhihu.com/people/wang-biao-99-71
http://www.zhihu.com/people/yu-qin-61
http://www.zhihu.com/people/dingningsss
http://www.zhihu.com/people/Haandlei
http://www.zhihu.com/people/liu-xiao-fei-12-32
http://www.zhihu.com/people/tanruoqiao
http://www.zhihu.com/people/Chorusist
http://www.zhihu.com/people/wang-ya-bing
http://www.zhihu.com/people/aiyowei
http://www.zhihu.com/people/freja
http://www.zhihu.com/people/wu-shuang-66-93
http://www.zhihu.com/people/wang-peng-79-81
http://www.zhihu.com/people/ming-yue-70
http://www.zhihu.com/people/xiang-xing-long
http://www.zhihu.com/people/lan-nian-75
http://www.zhihu.com/people/wang-er-67
http://www.zhihu.com/people/guo-xun-16
http://www.zhihu.com/people/xu-mu-xi
http://www.zhihu.com/people/tang-tian-ren
http://www.zhihu.com/people/fan-xin-34-3
http://www.zhihu.com/people/liuyue
http://www.zhihu.com/people/guo-jing-yun
http://www.zhihu.com/people/yu-zi-jiang-93
http://www.zhihu.com/people/zhuang-xiao-meng
http://www.zhihu.com/people/yoyo-zhao-58
http://www.zhihu.com/people/tommyan
http://www.zhihu.com/people/sunnyfei
http://www.zhihu.com/people/qiu-teng-jiang
http://www.zhihu.com/people/data70
http://www.zhihu.com/people/wu-quan-yin-68
http://www.zhihu.com/people/zhong-ren-lei-35
http://www.zhihu.com/people/zhao-si-jia
http://www.zhihu.com/people/tian-nan-gua
http://www.zhihu.com/people/suiyueyouchang_
http://www.zhihu.com/people/wei-qin-de
http://www.zhihu.com/people/li-tripp
http://www.zhihu.com/people/fan-ye-leng
http://www.zhihu.com/people/dong-dong-qiang-95
http://www.zhihu.com/people/peng-ming-ming-95
http://www.zhihu.com/people/meng-jue-99
http://www.zhihu.com/people/zhang-yi-fan-48
http://www.zhihu.com/people/qdhei521
http://www.zhihu.com/people/rahn
http://www.zhihu.com/people/dong-kang-ni
http://www.zhihu.com/people/hu-dan-dan-17
http://www.zhihu.com/people/young-gu
http://www.zhihu.com/people/dong-jia-ming-63
http://www.zhihu.com/people/hou-ye-60
http://www.zhihu.com/people/liu-wei-44-25
http://www.zhihu.com/people/ai-jia-yuan
http://www.zhihu.com/people/liu-li-74-48-61
http://www.zhihu.com/people/soldiermoving
http://www.zhihu.com/people/wang-wen-han-Ted
http://www.zhihu.com/people/zhxy-33
http://www.zhihu.com/people/accc
http://www.zhihu.com/people/fan-shi-ze
http://www.zhihu.com/people/yang-tong-tong
http://www.zhihu.com/people/archer-58
http://www.zhihu.com/people/lotripcat
http://www.zhihu.com/people/Ann-zhang-qian
http://www.zhihu.com/people/chen-ying-xin
http://www.zhihu.com/people/zhang-ming-21-51
http://www.zhihu.com/people/man-flame
http://www.zhihu.com/people/huang-xue-mei-83
http://www.zhihu.com/people/echo-40-22
http://www.zhihu.com/people/jiachong
http://www.zhihu.com/people/ye-an-ran
http://www.zhihu.com/people/ximingcheng
http://www.zhihu.com/people/feng-wei-wen
http://www.zhihu.com/people/quinn-wu-93
http://www.zhihu.com/people/tonychol
http://www.zhihu.com/people/xia-xia-xia-10
http://www.zhihu.com/people/duan-yong-ming
http://www.zhihu.com/people/xiao-hua-18
http://www.zhihu.com/people/never1994
http://www.zhihu.com/people/chen-long-70-67
http://www.zhihu.com/people/nicing
http://www.zhihu.com/people/ai-shang-xiao-yin
http://www.zhihu.com/people/forrest-12
http://www.zhihu.com/people/susanlee
http://www.zhihu.com/people/yan-er-jane
http://www.zhihu.com/people/ma-han-di
http://www.zhihu.com/people/tian-xin-8-76
http://www.zhihu.com/people/pu-lin-58
http://www.zhihu.com/people/qiao-hua-hua
http://www.zhihu.com/people/chen-hong-chao-46
http://www.zhihu.com/people/xiong-hai-xiao
http://www.zhihu.com/people/ren-lao-qian
http://www.zhihu.com/people/young-young-2
http://www.zhihu.com/people/bao-you-li
http://www.zhihu.com/people/xiao-hong-95
http://www.zhihu.com/people/li-gou-hai-12-23
http://www.zhihu.com/people/chamouren
http://www.zhihu.com/people/xiao-luo-54
http://www.zhihu.com/people/zhang-mo-li-35
http://www.zhihu.com/people/babyyiyi
http://www.zhihu.com/people/tingting-shieh
http://www.zhihu.com/people/shan-kui-zhang
http://www.zhihu.com/people/saigke
http://www.zhihu.com/people/heaven_000
http://www.zhihu.com/people/zhao-zao-2
http://www.zhihu.com/people/panghao
http://www.zhihu.com/people/wang-zhen-ya-94
http://www.zhihu.com/people/liang-kang
http://www.zhihu.com/people/yoolplory
http://www.zhihu.com/people/almondmilk
http://www.zhihu.com/people/onewrong
http://www.zhihu.com/people/louisa-66
http://www.zhihu.com/people/fang-qian-qian
http://www.zhihu.com/people/liu-an-38
http://www.zhihu.com/people/ru-sheng
http://www.zhihu.com/people/nansoneric
http://www.zhihu.com/people/zach-zhon
http://www.zhihu.com/people/lz-always
http://www.zhihu.com/people/xia-zi-xun
http://www.zhihu.com/people/tim-zhang-67
http://www.zhihu.com/people/jia-hou-zi
http://www.zhihu.com/people/wang-qiu-shi-76
http://www.zhihu.com/people/kui-xu
http://www.zhihu.com/people/spencer-song-6
http://www.zhihu.com/people/shang-xiao-hua-69
http://www.zhihu.com/people/he-bu-ke
http://www.zhihu.com/people/rush
http://www.zhihu.com/people/feng-yuan-27
http://www.zhihu.com/people/bai-wen-ming
http://www.zhihu.com/people/lei-yu-60
http://www.zhihu.com/people/xu-ni-ma-68
http://www.zhihu.com/people/ma-que-10
http://www.zhihu.com/people/huangdx
http://www.zhihu.com/people/duan-yu-feng-57
http://www.zhihu.com/people/djean
http://www.zhihu.com/people/rong-jian-yi
http://www.zhihu.com/people/ruonan
http://www.zhihu.com/people/lovewhowho
http://www.zhihu.com/people/lin-yiqian
http://www.zhihu.com/people/fashioncai1994
http://www.zhihu.com/people/thundercat
http://www.zhihu.com/people/wang-da-81
http://www.zhihu.com/people/zhang-liang-liang-99
http://www.zhihu.com/people/hussey-64
http://www.zhihu.com/people/zhang-da-li-10
http://www.zhihu.com/people/freilaoxuepi
http://www.zhihu.com/people/_zhao_xu_
http://www.zhihu.com/people/pi-nu-lu
http://www.zhihu.com/people/vivienzhang
http://www.zhihu.com/people/wade-12
http://www.zhihu.com/people/zheng-helen
http://www.zhihu.com/people/yu-long-cheng-tian
http://www.zhihu.com/people/huang-yu-63-39
http://www.zhihu.com/people/wu-ke-er-87
http://www.zhihu.com/people/guo-yun-jia
http://www.zhihu.com/people/boshao
http://www.zhihu.com/people/jackhamans
http://www.zhihu.com/people/ling-zi-29
http://www.zhihu.com/people/dearxiwang
http://www.zhihu.com/people/wang-ci-an
http://www.zhihu.com/people/zhu-chao-zhong
http://www.zhihu.com/people/gan-zi-zhu
http://www.zhihu.com/people/zuimai
http://www.zhihu.com/people/eric-liu-55
http://www.zhihu.com/people/ling-hu-30
http://www.zhihu.com/people/tian-jing-10
http://www.zhihu.com/people/li-chen-95
http://www.zhihu.com/people/huanghaiyan
http://www.zhihu.com/people/liuxiaoyao
http://www.zhihu.com/people/xie-pei-li
http://www.zhihu.com/people/liu-xing-shi
http://www.zhihu.com/people/mai-ge-52
http://www.zhihu.com/people/lu-bo-bing
http://www.zhihu.com/people/lycheee
http://www.zhihu.com/people/frinkhuang
http://www.zhihu.com/people/wang-yan-bo-91
http://www.zhihu.com/people/li-mie-mie-16
http://www.zhihu.com/people/mo-hui-81
http://www.zhihu.com/people/fengzee-me
http://www.zhihu.com/people/li-lang
http://www.zhihu.com/people/liu-jun-yuan-85
http://www.zhihu.com/people/yu-shui-78
http://www.zhihu.com/people/neko-14-58
http://www.zhihu.com/people/bai-lian
http://www.zhihu.com/people/kongqi
http://www.zhihu.com/people/zi-liu-jing-37
http://www.zhihu.com/people/shi-liu-46-82
http://www.zhihu.com/people/qi-peng-23
http://www.zhihu.com/people/sun-conrad
http://www.zhihu.com/people/millll
http://www.zhihu.com/people/zhang-xiao-fan-25-69
http://www.zhihu.com/people/yu-shu-wen-91
http://www.zhihu.com/people/wayne-tong
http://www.zhihu.com/people/fay-wen
http://www.zhihu.com/people/shi-ke-48-30
http://www.zhihu.com/people/xing-guang-28-3
http://www.zhihu.com/people/Hitman-in-silence
http://www.zhihu.com/people/strike-18
http://www.zhihu.com/people/qi-yuan-yuan-52
http://www.zhihu.com/people/yu-le-87-47
http://www.zhihu.com/people/gao-yan-68
http://www.zhihu.com/people/nicole-cb
http://www.zhihu.com/people/wei-yi-de-shi
http://www.zhihu.com/people/deng-xian-sheng-57
http://www.zhihu.com/people/yangscar
http://www.zhihu.com/people/shi-er-22-54
http://www.zhihu.com/people/feng-ji-ji-2
http://www.zhihu.com/people/yao-miao-yan
http://www.zhihu.com/people/wang-yi-zheng-47
http://www.zhihu.com/people/zhan-qing-feng
http://www.zhihu.com/people/wu-zhi-kai
http://www.zhihu.com/people/jackyue0906
http://www.zhihu.com/people/bao-biao
http://www.zhihu.com/people/yu-he-he-40
http://www.zhihu.com/people/fang-peng-hui
http://www.zhihu.com/people/cklover
http://www.zhihu.com/people/fang-rui-ying
http://www.zhihu.com/people/song-sheng-tai
http://www.zhihu.com/people/nadaloveluna
http://www.zhihu.com/people/a-bai-36
http://www.zhihu.com/people/xu-hui-10
http://www.zhihu.com/people/wenlong-55
http://www.zhihu.com/people/lepernext
http://www.zhihu.com/people/zhu-yong-qian
http://www.zhihu.com/people/zhu-xiao-wu-77
http://www.zhihu.com/people/zhou-jia-peng-6
http://www.zhihu.com/people/richardhly
http://www.zhihu.com/people/a-gu-43
http://www.zhihu.com/people/du-wei-long-75
http://www.zhihu.com/people/wei-yuan-zhe
http://www.zhihu.com/people/li-ming-89-5
http://www.zhihu.com/people/wang-mi-li-94
http://www.zhihu.com/people/sui-ji-gu
http://www.zhihu.com/people/Metamorphosis_Du
http://www.zhihu.com/people/jun-yi-14
http://www.zhihu.com/people/19951121
http://www.zhihu.com/people/fu-xiao-ting-16
http://www.zhihu.com/people/gong-yichen
http://www.zhihu.com/people/sheshenyi
http://www.zhihu.com/people/jackzhang2014
http://www.zhihu.com/people/zi-ming-14
http://www.zhihu.com/people/wu-bin-94-94
http://www.zhihu.com/people/liao-zhou-yi
http://www.zhihu.com/people/zhao-deng-di
http://www.zhihu.com/people/bao-ku-zi-huang
http://www.zhihu.com/people/Gray-Stuka
http://www.zhihu.com/people/wang-xiao-3
http://www.zhihu.com/people/ren-er-cheng
http://www.zhihu.com/people/yongshixiaomao
http://www.zhihu.com/people/mi-xian-17
http://www.zhihu.com/people/lao-chuan-chang-51
http://www.zhihu.com/people/liu-xiao-ci
http://www.zhihu.com/people/bemo
http://www.zhihu.com/people/ri-zhao-qing-yuan
http://www.zhihu.com/people/xu-da-li-60
http://www.zhihu.com/people/wangyu9257
http://www.zhihu.com/people/lai-wei-59
http://www.zhihu.com/people/chuchu-chu
http://www.zhihu.com/people/lu-dong-dong-72
http://www.zhihu.com/people/bu-zhi-34-47
http://www.zhihu.com/people/jia-lu-xi
http://www.zhihu.com/people/poseidon-80
http://www.zhihu.com/people/tomorrow
http://www.zhihu.com/people/zhou-gang-64
http://www.zhihu.com/people/yang-si-min-amy
http://www.zhihu.com/people/lin-deng-wan-44
http://www.zhihu.com/people/li-xiao-lin-68
http://www.zhihu.com/people/zhang-ya-fei-8
http://www.zhihu.com/people/shuukou
http://www.zhihu.com/people/ren-zheng-wei
http://www.zhihu.com/people/wibile
http://www.zhihu.com/people/liu-sha-22
http://www.zhihu.com/people/da-hai-2
http://www.zhihu.com/people/qu-qi-46-53
http://www.zhihu.com/people/fang-fang-19
http://www.zhihu.com/people/he-xian-chang
http://www.zhihu.com/people/liao-chun-17
http://www.zhihu.com/people/menthollin
http://www.zhihu.com/people/bruce-24
http://www.zhihu.com/people/zhang-xing-xing-27
http://www.zhihu.com/people/yetone
http://www.zhihu.com/people/lina-sheng
http://www.zhihu.com/people/gu-ji
http://www.zhihu.com/people/li-ping-fan-39
http://www.zhihu.com/people/feng-bo-zhao
http://www.zhihu.com/people/liu-xiao-miao-m
http://www.zhihu.com/people/booooooook
http://www.zhihu.com/people/du-yu-jing
http://www.zhihu.com/people/su-leng-lu
http://www.zhihu.com/people/gaohy
http://www.zhihu.com/people/bai-ying-er
http://www.zhihu.com/people/zhang-chi-55-16
http://www.zhihu.com/people/lu-dan-5
http://www.zhihu.com/people/xsclxin
http://www.zhihu.com/people/wernerli
http://www.zhihu.com/people/puff.moa
http://www.zhihu.com/people/la-ti-qia-lu
http://www.zhihu.com/people/zhao-yu-76
http://www.zhihu.com/people/hu-nicholas
http://www.zhihu.com/people/wang-chun-ze-44
http://www.zhihu.com/people/liang-han-bing-2
http://www.zhihu.com/people/luo-kui-lin
http://www.zhihu.com/people/Jeremial
http://www.zhihu.com/people/pang-da-45
http://www.zhihu.com/people/annodomini
http://www.zhihu.com/people/Joey9094
http://www.zhihu.com/people/solelysoar
http://www.zhihu.com/people/peter-yuen
http://www.zhihu.com/people/nan-qiang-20
http://www.zhihu.com/people/yumingyi
http://www.zhihu.com/people/Ghcost
http://www.zhihu.com/people/ding-er-ding
http://www.zhihu.com/people/wei-wei-87-88
http://www.zhihu.com/people/quyifan
http://www.zhihu.com/people/liuniandate
http://www.zhihu.com/people/forkburn
http://www.zhihu.com/people/yang-guang-11-55
http://www.zhihu.com/people/daisy-51-58
http://www.zhihu.com/people/clairewang0326
http://www.zhihu.com/people/alanna
http://www.zhihu.com/people/li-xu-yi
http://www.zhihu.com/people/wang-fen-fang
http://www.zhihu.com/people/dong-su-hao
http://www.zhihu.com/people/bao-zhu-er-bao-zhu-er
http://www.zhihu.com/people/shao-xiong-64
http://www.zhihu.com/people/zhang-yu-nie-68
http://www.zhihu.com/people/qi-hong-wei
http://www.zhihu.com/people/linglingfa
http://www.zhihu.com/people/wu-xue-ting-65
http://www.zhihu.com/people/hanjiangxue
http://www.zhihu.com/people/wang-er-10-66
http://www.zhihu.com/people/zhang-pu-98
http://www.zhihu.com/people/bo-wen-49
http://www.zhihu.com/people/chouthen
http://www.zhihu.com/people/alex-94-50
http://www.zhihu.com/people/po-wang-shen-you
http://www.zhihu.com/people/wen-yue-yu-19
http://www.zhihu.com/people/zhang-hu-43
http://www.zhihu.com/people/ding-cheng-24-30
http://www.zhihu.com/people/bi-peng
http://www.zhihu.com/people/sanqiangz
http://www.zhihu.com/people/li-meng-yao-70
http://www.zhihu.com/people/zi-shu-32
http://www.zhihu.com/people/jin-he-an
http://www.zhihu.com/people/dong-mi-fan
http://www.zhihu.com/people/yu-yan-qiang
http://www.zhihu.com/people/licht-81
http://www.zhihu.com/people/di-di-44
http://www.zhihu.com/people/buhaoqiao
http://www.zhihu.com/people/sunjia-28
http://www.zhihu.com/people/targetkiller
http://www.zhihu.com/people/train1110
http://www.zhihu.com/people/zhou-xiao-ling-54
http://www.zhihu.com/people/fkysly
http://www.zhihu.com/people/qi-gang-65
http://www.zhihu.com/people/wen-kun-guo
http://www.zhihu.com/people/jin-tu-52
http://www.zhihu.com/people/lucker
http://www.zhihu.com/people/shuai-ma-76
http://www.zhihu.com/people/hfitp
http://www.zhihu.com/people/susus
http://www.zhihu.com/people/xia-qi-la
http://www.zhihu.com/people/zhao-chao-45
http://www.zhihu.com/people/hydra-10
http://www.zhihu.com/people/wan-pu
http://www.zhihu.com/people/xiao-nuo-79
http://www.zhihu.com/people/tan-ri-tian
http://www.zhihu.com/people/qian-dao-zhi-bin
http://www.zhihu.com/people/wang-fei-90
http://www.zhihu.com/people/virusdefender
http://www.zhihu.com/people/xiao-tu-qin
http://www.zhihu.com/people/dai-si-ran
http://www.zhihu.com/people/hou-hou-hou-58
http://www.zhihu.com/people/fan-fan-78-47
http://www.zhihu.com/people/miao-bella
http://www.zhihu.com/people/xiao-zhang-55
http://www.zhihu.com/people/liu-yi-65-90
http://www.zhihu.com/people/cutiecute
http://www.zhihu.com/people/meicoog
http://www.zhihu.com/people/wang-meng-jun-98
http://www.zhihu.com/people/wu-shi-xiong
http://www.zhihu.com/people/gao-san-shui
http://www.zhihu.com/people/wang-ruo-yu-21
http://www.zhihu.com/people/zhang-xiao-qing-88
http://www.zhihu.com/people/wu-yang-24
http://www.zhihu.com/people/li-yu-mei-hu
http://www.zhihu.com/people/thiago
http://www.zhihu.com/people/chen-wei-xing-54
http://www.zhihu.com/people/wang-shan-shan-96
http://www.zhihu.com/people/lenbo
http://www.zhihu.com/people/yang-yu-zhu-10
http://www.zhihu.com/people/yimuxia
http://www.zhihu.com/people/niu-xiao-piao
http://www.zhihu.com/people/zhong717
http://www.zhihu.com/people/shu-shu-31-82
http://www.zhihu.com/people/guren
http://www.zhihu.com/people/liuxiaoshi
http://www.zhihu.com/people/xia-xian-heng
http://www.zhihu.com/people/kkbenxiaokang
http://www.zhihu.com/people/zhang-bo-67-32
http://www.zhihu.com/people/cang-mang-6
http://www.zhihu.com/people/tolivebetter
http://www.zhihu.com/people/mengzhang
http://www.zhihu.com/people/yu-ren-11
http://www.zhihu.com/people/zhang-hai-dong-25
http://www.zhihu.com/people/lu-xiao-qian
http://www.zhihu.com/people/ihappybear
http://www.zhihu.com/people/li-ying-87
http://www.zhihu.com/people/zhao-xin-yi-46
http://www.zhihu.com/people/dan-ze-chen
http://www.zhihu.com/people/marlboroknight
http://www.zhihu.com/people/alice-miao-43
http://www.zhihu.com/people/zhang-zi-xian-4
http://www.zhihu.com/people/dan-wang-69
http://www.zhihu.com/people/liangsz
http://www.zhihu.com/people/RickHuang
http://www.zhihu.com/people/mo-shen-94
http://www.zhihu.com/people/jie-kun
http://www.zhihu.com/people/mei-mo-58
http://www.zhihu.com/people/Tomcity
http://www.zhihu.com/people/ruan-ruan-97
http://www.zhihu.com/people/yan-zhi-yuan-74
http://www.zhihu.com/people/ma-xiao-qiang-25
http://www.zhihu.com/people/huichou
http://www.zhihu.com/people/hu-dian-69
http://www.zhihu.com/people/long-li-hong
http://www.zhihu.com/people/ren-ping-50-52
http://www.zhihu.com/people/li-ha-ha-leo
http://www.zhihu.com/people/lys.me
http://www.zhihu.com/people/lai-feng-77
http://www.zhihu.com/people/lei-xiao-hua-16
http://www.zhihu.com/people/wang-george-82
http://www.zhihu.com/people/dai-xiao-lan
http://www.zhihu.com/people/yan-cheng-cai
http://www.zhihu.com/people/inaccessible
http://www.zhihu.com/people/hangaoyong
http://www.zhihu.com/people/zombie
http://www.zhihu.com/people/zhongxiaotu
http://www.zhihu.com/people/guo-er-dy
http://www.zhihu.com/people/wangwang-90
