http://www.zhihu.com/people/Jellyomg
http://www.zhihu.com/people/reesezhang-xiao-xin
http://www.zhihu.com/people/cuniao
http://www.zhihu.com/people/zhang-fei-fei-fei
http://www.zhihu.com/people/vcent
http://www.zhihu.com/people/qing-liu-51
http://www.zhihu.com/people/xia-yu-51-13
http://www.zhihu.com/people/qiubaipet
http://www.zhihu.com/people/meng-jia-la
http://www.zhihu.com/people/long904
http://www.zhihu.com/people/tao-ke-67
http://www.zhihu.com/people/chen-kai-30-73
http://www.zhihu.com/people/zhang-hu-pan
http://www.zhihu.com/people/cao-zi-han-22
http://www.zhihu.com/people/xiao-kang-kony
http://www.zhihu.com/people/wang-yuan-66-5
http://www.zhihu.com/people/qi-gang-65
http://www.zhihu.com/people/zhuangsirui
http://www.zhihu.com/people/wei-sheng-si-ji
http://www.zhihu.com/people/lonelywhale
http://www.zhihu.com/people/tang-yi-35-99
http://www.zhihu.com/people/zuimai
http://www.zhihu.com/people/lu-tong-yan-2
http://www.zhihu.com/people/shu-ba-ge
http://www.zhihu.com/people/jia-hou-zi
http://www.zhihu.com/people/feng-hao-84
http://www.zhihu.com/people/yang-qing-78
http://www.zhihu.com/people/c8324
http://www.zhihu.com/people/eurekasheng
http://www.zhihu.com/people/jiang-jia-nan-50
http://www.zhihu.com/people/zjsjknd
http://www.zhihu.com/people/gao-gao-72
http://www.zhihu.com/people/guaici
http://www.zhihu.com/people/qietingfengyin-zhihu
http://www.zhihu.com/people/alice-19-54
http://www.zhihu.com/people/longniao
http://www.zhihu.com/people/neil-35-70
http://www.zhihu.com/people/ayr1
http://www.zhihu.com/people/chimos
http://www.zhihu.com/people/disillusione
http://www.zhihu.com/people/taitai
http://www.zhihu.com/people/dirk-zeng
http://www.zhihu.com/people/chesanqi
http://www.zhihu.com/people/li-lu-37
http://www.zhihu.com/people/kongdede
http://www.zhihu.com/people/xiao-chu
http://www.zhihu.com/people/chibole
http://www.zhihu.com/people/ryan-15
http://www.zhihu.com/people/tao-bo-te
http://www.zhihu.com/people/song-dong-huan
http://www.zhihu.com/people/kay.x
http://www.zhihu.com/people/wenlong-chen
http://www.zhihu.com/people/tigerinme
http://www.zhihu.com/people/de-tian
http://www.zhihu.com/people/fu-yun-xiao-jie
http://www.zhihu.com/people/lys-summer
http://www.zhihu.com/people/chochosan
http://www.zhihu.com/people/zhou-ze-feng
http://www.zhihu.com/people/zhang-mei-hua
http://www.zhihu.com/people/guan-zhao-78
http://www.zhihu.com/people/dongyanlong
http://www.zhihu.com/people/luo-qiao-feng
http://www.zhihu.com/people/zhang-yang-45-45
http://www.zhihu.com/people/shaxjl
http://www.zhihu.com/people/zhou-gang-64
http://www.zhihu.com/people/zzpzhihu
http://www.zhihu.com/people/siasbill
http://www.zhihu.com/people/lidaye
http://www.zhihu.com/people/dou-dou-zhu-wu-lou
http://www.zhihu.com/people/yuechen-
http://www.zhihu.com/people/chentao
http://www.zhihu.com/people/cui-yu-58
http://www.zhihu.com/people/zhao-xiao-long-56
http://www.zhihu.com/people/zhang-yi-fan-48
http://www.zhihu.com/people/doc-young
http://www.zhihu.com/people/su-leng-lu
http://www.zhihu.com/people/chen-si-lin-8
http://www.zhihu.com/people/wangfugui
http://www.zhihu.com/people/gopeter
http://www.zhihu.com/people/zexiancui
http://www.zhihu.com/people/lu-jie-12
http://www.zhihu.com/people/paradise89
http://www.zhihu.com/people/inclear
http://www.zhihu.com/people/ying-ying-er-yi-80
http://www.zhihu.com/people/bo-cai-12
http://www.zhihu.com/people/sun-jian-qing
http://www.zhihu.com/people/loveig
http://www.zhihu.com/people/dali-fan-89
http://www.zhihu.com/people/jiang-xin-58
http://www.zhihu.com/people/Knact
http://www.zhihu.com/people/tan-ri-tian
http://www.zhihu.com/people/OneDouble
http://www.zhihu.com/people/lin-qi-yao
http://www.zhihu.com/people/deng-ying-zhi
http://www.zhihu.com/people/Coregear
http://www.zhihu.com/people/technommy
http://www.zhihu.com/people/wei-wen-bo-21
http://www.zhihu.com/people/guitay
http://www.zhihu.com/people/tangzl
http://www.zhihu.com/people/san-pi
http://www.zhihu.com/people/shu-yun-36
http://www.zhihu.com/people/zhong-ni-pei-er-di
http://www.zhihu.com/people/tfcer
http://www.zhihu.com/people/lai-de-se-34
http://www.zhihu.com/people/xiewenzhu
http://www.zhihu.com/people/sun-rui-77
http://www.zhihu.com/people/yue-yi-he
http://www.zhihu.com/people/geng-bo-8
http://www.zhihu.com/people/su-mu-73-67
http://www.zhihu.com/people/guo-piao
http://www.zhihu.com/people/Maximilian2009
http://www.zhihu.com/people/wang-xiao-feng-73-62
http://www.zhihu.com/people/grover201
http://www.zhihu.com/people/chen-jie-43-67
http://www.zhihu.com/people/wang-jin-xiao
http://www.zhihu.com/people/wei-ke-84-14
http://www.zhihu.com/people/a-zhu-24
http://www.zhihu.com/people/ixiaozhi
http://www.zhihu.com/people/zyterence
http://www.zhihu.com/people/zhongzhidao
http://www.zhihu.com/people/jia-shun-26
http://www.zhihu.com/people/zheng-zhi-chao-8
http://www.zhihu.com/people/ne-dong-lai
http://www.zhihu.com/people/who-will
http://www.zhihu.com/people/mai-xiao-mai-78
http://www.zhihu.com/people/li-dan
http://www.zhihu.com/people/li-jin-peng-50
http://www.zhihu.com/people/bingsen
http://www.zhihu.com/people/liuzihua
http://www.zhihu.com/people/ao-li-ao-57
http://www.zhihu.com/people/K2-YOUNG
http://www.zhihu.com/people/zhang_lei
http://www.zhihu.com/people/quan-quan-35-32
http://www.zhihu.com/people/Justyl
http://www.zhihu.com/people/xiao-yu-zhi
http://www.zhihu.com/people/ye-mu-zhen
http://www.zhihu.com/people/liu-chu-san
http://www.zhihu.com/people/zlandys
http://www.zhihu.com/people/ma-li-ao-82
http://www.zhihu.com/people/hozi
http://www.zhihu.com/people/tautcony
http://www.zhihu.com/people/bai-si-tui
http://www.zhihu.com/people/jesse_chen
http://www.zhihu.com/people/gongzidabai
http://www.zhihu.com/people/dr-satyr
http://www.zhihu.com/people/zi-ming-91
http://www.zhihu.com/people/wang-wen-yang
http://www.zhihu.com/people/pcload
http://www.zhihu.com/people/zhaodandan
http://www.zhihu.com/people/imzxd
http://www.zhihu.com/people/qichangxing
http://www.zhihu.com/people/chen-li-ya-33
http://www.zhihu.com/people/lovebike
http://www.zhihu.com/people/zhao-cai-a-zhuo
http://www.zhihu.com/people/fan-yu-han
http://www.zhihu.com/people/kang-li-chao
http://www.zhihu.com/people/wang-saka
http://www.zhihu.com/people/Chen-Yaning
http://www.zhihu.com/people/zava
http://www.zhihu.com/people/xuechengxi
http://www.zhihu.com/people/bai-jue-525
http://www.zhihu.com/people/meicoog
http://www.zhihu.com/people/wang-hu-li-10
http://www.zhihu.com/people/arayzou
http://www.zhihu.com/people/zacharyxsz
http://www.zhihu.com/people/fredcao
http://www.zhihu.com/people/ren-xi-jing
http://www.zhihu.com/people/tyche-xu
http://www.zhihu.com/people/domains
http://www.zhihu.com/people/jiang-lei-12
http://www.zhihu.com/people/zhang-yu-nie-68
http://www.zhihu.com/people/sun-zi-xun
http://www.zhihu.com/people/zhang-zhen-71-57
http://www.zhihu.com/people/jackyue0906
http://www.zhihu.com/people/lei-meng-si-30
http://www.zhihu.com/people/sliuqin
http://www.zhihu.com/people/sunyfan
http://www.zhihu.com/people/xiao-xiao-54
http://www.zhihu.com/people/flusky
http://www.zhihu.com/people/babylon96
http://www.zhihu.com/people/wang-dong-79
http://www.zhihu.com/people/zhang-dong-34
http://www.zhihu.com/people/hangzhi
http://www.zhihu.com/people/wang-jun-18
http://www.zhihu.com/people/tian-tian-16-5
http://www.zhihu.com/people/zhi-yang-7
http://www.zhihu.com/people/darasion
http://www.zhihu.com/people/ge-yang
http://www.zhihu.com/people/tonydeng
http://www.zhihu.com/people/dapangzhi
http://www.zhihu.com/people/he-yuan-sheng
http://www.zhihu.com/people/zhu-yan-yan-62
http://www.zhihu.com/people/JohnLou
http://www.zhihu.com/people/fu-ling-yu
http://www.zhihu.com/people/pioneer-z
http://www.zhihu.com/people/drwong
http://www.zhihu.com/people/wu-yan-zhi
http://www.zhihu.com/people/liu-yi-11-19
http://www.zhihu.com/people/mandy-91
http://www.zhihu.com/people/yeshan
http://www.zhihu.com/people/zheng-hong-yu-91
http://www.zhihu.com/people/yang-yu-qi-71
http://www.zhihu.com/people/denganliang
http://www.zhihu.com/people/aresan
http://www.zhihu.com/people/xiaoxifeng
http://www.zhihu.com/people/raeeeee
http://www.zhihu.com/people/wang-pi-pi-56
http://www.zhihu.com/people/tarowhisper
http://www.zhihu.com/people/qi-qi-52-78
http://www.zhihu.com/people/feng-xiao-qiang-73
http://www.zhihu.com/people/wanghongyu
http://www.zhihu.com/people/tiffany-chow
http://www.zhihu.com/people/kyle
http://www.zhihu.com/people/da-yang-ge
http://www.zhihu.com/people/YIZI136
http://www.zhihu.com/people/shanlinfeiniao
http://www.zhihu.com/people/binly
http://www.zhihu.com/people/wang-che-48
http://www.zhihu.com/people/iamloje
http://www.zhihu.com/people/zaogaotu
http://www.zhihu.com/people/li-yi-xing-88
http://www.zhihu.com/people/le-mi-89
http://www.zhihu.com/people/iseesea
http://www.zhihu.com/people/tobenorth
http://www.zhihu.com/people/su-zui-wei-san
http://www.zhihu.com/people/jiang-yixie
http://www.zhihu.com/people/peng-peng-65-18
http://www.zhihu.com/people/beryl421
http://www.zhihu.com/people/li-han-yang-21
http://www.zhihu.com/people/fan-xiao-ting
http://www.zhihu.com/people/WayneYue
http://www.zhihu.com/people/xi-gua-23
http://www.zhihu.com/people/ha-lu
http://www.zhihu.com/people/qi-hong-wei
http://www.zhihu.com/people/lu-yong
http://www.zhihu.com/people/shenjy302
http://www.zhihu.com/people/zheng-wei-sheng-66
http://www.zhihu.com/people/zhang-bo-lun-77
http://www.zhihu.com/people/chen-shuang-24
http://www.zhihu.com/people/fuwocheng
http://www.zhihu.com/people/mi-chou
http://www.zhihu.com/people/zhao-zheng-yong
http://www.zhihu.com/people/ma-da-11
http://www.zhihu.com/people/tong-an-yi
http://www.zhihu.com/people/bunny-yuan
http://www.zhihu.com/people/suhuiyige
http://www.zhihu.com/people/fu-yi-dan
http://www.zhihu.com/people/lin-wei-feng-80
http://www.zhihu.com/people/CCAV1
http://www.zhihu.com/people/tong-qiu-ben
http://www.zhihu.com/people/wu-kun-kai
http://www.zhihu.com/people/qian-wen-bin
http://www.zhihu.com/people/ai-chi-de-man-jin-yu
http://www.zhihu.com/people/ikeng
http://www.zhihu.com/people/hou-yi-8
http://www.zhihu.com/people/liu-yue-79
http://www.zhihu.com/people/gao-chong-14
http://www.zhihu.com/people/vince-wen
http://www.zhihu.com/people/huang-long-80
http://www.zhihu.com/people/zhang-jing-58
http://www.zhihu.com/people/sun-niu-niu-91
http://www.zhihu.com/people/haiming-ge
http://www.zhihu.com/people/ming-xiao-jun
http://www.zhihu.com/people/yao-jin-hui
http://www.zhihu.com/people/sixunhuan
http://www.zhihu.com/people/li-peng-84-9
http://www.zhihu.com/people/doudoubai
http://www.zhihu.com/people/zionr
http://www.zhihu.com/people/er-shi-yi
http://www.zhihu.com/people/zheng-fang-hu
http://www.zhihu.com/people/wang-zhao-56-54
http://www.zhihu.com/people/neptune-25
http://www.zhihu.com/people/yexiaohan
http://www.zhihu.com/people/chu-meng-meng
http://www.zhihu.com/people/ke-zi-78
http://www.zhihu.com/people/tianyi-xu
http://www.zhihu.com/people/bigcsh2013
http://www.zhihu.com/people/bandaren
http://www.zhihu.com/people/li-xu-77
http://www.zhihu.com/people/lei-wen-hui
http://www.zhihu.com/people/huang-liang-yi-69
http://www.zhihu.com/people/zheng-jing-ren-76
http://www.zhihu.com/people/bruce-lee-77
http://www.zhihu.com/people/sanjingysw
http://www.zhihu.com/people/tyler-58
http://www.zhihu.com/people/li-shou-yin-89
http://www.zhihu.com/people/sgnal-chiang
http://www.zhihu.com/people/wangzhaowen
http://www.zhihu.com/people/supermian
http://www.zhihu.com/people/elekchen
http://www.zhihu.com/people/lin-yiqian
http://www.zhihu.com/people/juniorchen
http://www.zhihu.com/people/yang-yang-24
http://www.zhihu.com/people/feng-da-pao
http://www.zhihu.com/people/Agnesa
http://www.zhihu.com/people/liu-jing-tong-58
http://www.zhihu.com/people/xiao-yu-long
http://www.zhihu.com/people/shengun
http://www.zhihu.com/people/YeungKC
http://www.zhihu.com/people/ma-gang
http://www.zhihu.com/people/shi-zhen-xiang
http://www.zhihu.com/people/li-shao-qing-70
http://www.zhihu.com/people/fireos
http://www.zhihu.com/people/tao-tao-990
http://www.zhihu.com/people/rayxue-zuo-fan
http://www.zhihu.com/people/zhou-chen-59
http://www.zhihu.com/people/hu-tu-seng
http://www.zhihu.com/people/teng-xin
http://www.zhihu.com/people/ye-zi-da-ren
http://www.zhihu.com/people/riverkang
http://www.zhihu.com/people/xuqian
http://www.zhihu.com/people/wang-hu-27
http://www.zhihu.com/people/chen-bin-shu
http://www.zhihu.com/people/clarkenti
http://www.zhihu.com/people/yu-san-geng
http://www.zhihu.com/people/zhe-hu
http://www.zhihu.com/people/wei-xiao-bao-23-43
http://www.zhihu.com/people/ggzhangli
http://www.zhihu.com/people/zhang-jing-88-76
http://www.zhihu.com/people/monicapeng
http://www.zhihu.com/people/duan-qian-90-7
http://www.zhihu.com/people/charlielin
http://www.zhihu.com/people/tmkr1126
http://www.zhihu.com/people/pan-chen-xi
http://www.zhihu.com/people/juncus
http://www.zhihu.com/people/ChineseWhisper
http://www.zhihu.com/people/hong-guo-guo-79
http://www.zhihu.com/people/chai-rui-33
http://www.zhihu.com/people/virgoss
http://www.zhihu.com/people/wen-tao-4
http://www.zhihu.com/people/lingyan
http://www.zhihu.com/people/luis
http://www.zhihu.com/people/mrzimmer
http://www.zhihu.com/people/richardhly
http://www.zhihu.com/people/jren
http://www.zhihu.com/people/niu-bei-bei
http://www.zhihu.com/people/ltsingle
http://www.zhihu.com/people/pennyleo
http://www.zhihu.com/people/lu-lu-lu-lu-48
http://www.zhihu.com/people/chendianduo
http://www.zhihu.com/people/wanger51227
http://www.zhihu.com/people/zhihu_weekly
http://www.zhihu.com/people/cai-hua-22
http://www.zhihu.com/people/ming-zhi-36
http://www.zhihu.com/people/bai-ye-xing-58
http://www.zhihu.com/people/jason_li
http://www.zhihu.com/people/hangaoyong
http://www.zhihu.com/people/jiang-jian-2
http://www.zhihu.com/people/liu-xiao-zhui
http://www.zhihu.com/people/windmx
http://www.zhihu.com/people/alfiever
http://www.zhihu.com/people/jyun-cheung
http://www.zhihu.com/people/jiejie_my_lover
http://www.zhihu.com/people/li-qiang-55
http://www.zhihu.com/people/jackentry
http://www.zhihu.com/people/de-la-gong-ma-si-te
http://www.zhihu.com/people/zhu-xiao-yuan-22
http://www.zhihu.com/people/welcome58
http://www.zhihu.com/people/zhang-yi-zhi-38
http://www.zhihu.com/people/yuke-fighting
http://www.zhihu.com/people/yi-sen-8
http://www.zhihu.com/people/pengzhijie
http://www.zhihu.com/people/dropin
http://www.zhihu.com/people/lugui
http://www.zhihu.com/people/lexxxie
http://www.zhihu.com/people/___-hui-11
http://www.zhihu.com/people/liu-xin-ran-92-71
http://www.zhihu.com/people/yang-yifeng-effen
http://www.zhihu.com/people/wang-xue-wei-80
http://www.zhihu.com/people/li-xi-xi-63
http://www.zhihu.com/people/haiger-25
http://www.zhihu.com/people/guo-jing-88-40
http://www.zhihu.com/people/13igcat
http://www.zhihu.com/people/liu-liang-zhu-56
http://www.zhihu.com/people/hzdds
http://www.zhihu.com/people/up-up-75
http://www.zhihu.com/people/kianhuang01
http://www.zhihu.com/people/jiggersong
http://www.zhihu.com/people/cocoalee
http://www.zhihu.com/people/zhangguoyong
http://www.zhihu.com/people/sayhi987
http://www.zhihu.com/people/chao-yi-40
http://www.zhihu.com/people/beihaimianbi
http://www.zhihu.com/people/lu-jian-82
http://www.zhihu.com/people/wang-xiao-ming-41
http://www.zhihu.com/people/pan-mie-mie
http://www.zhihu.com/people/zhangyangyuguang
http://www.zhihu.com/people/sgsheg
http://www.zhihu.com/people/li-hong-liang-99
http://www.zhihu.com/people/liu-yan-feng-6
http://www.zhihu.com/people/chen-chui-geng
http://www.zhihu.com/people/lin-feng-61
http://www.zhihu.com/people/li-cha-de-pa-ke
http://www.zhihu.com/people/liaoyy
http://www.zhihu.com/people/youmineyoumine
http://www.zhihu.com/people/titan
http://www.zhihu.com/people/jiangyuhang
http://www.zhihu.com/people/Dlad
http://www.zhihu.com/people/ruby0x0
http://www.zhihu.com/people/chen-ji-88
http://www.zhihu.com/people/microsoft-.net
http://www.zhihu.com/people/just-zhe
http://www.zhihu.com/people/stillwalkin
http://www.zhihu.com/people/wangnc
http://www.zhihu.com/people/alanwu28
http://www.zhihu.com/people/li-nuo-26
http://www.zhihu.com/people/movie007wn
http://www.zhihu.com/people/huangdingben
http://www.zhihu.com/people/donhi
http://www.zhihu.com/people/yang-yilei-18
http://www.zhihu.com/people/su-qing-71-1-66
http://www.zhihu.com/people/jared
http://www.zhihu.com/people/sakin-poom
http://www.zhihu.com/people/zhang-peng-zhen
http://www.zhihu.com/people/jiang-tao-54
http://www.zhihu.com/people/wu-huang
http://www.zhihu.com/people/uitony
http://www.zhihu.com/people/zhu-ge-chen-yi
http://www.zhihu.com/people/shang-bai-lang
http://www.zhihu.com/people/ByronAlexander
http://www.zhihu.com/people/stephanie-73
http://www.zhihu.com/people/kyoru
http://www.zhihu.com/people/xudekai
http://www.zhihu.com/people/wang-yi-chun-01
http://www.zhihu.com/people/dayulu
http://www.zhihu.com/people/he-yi-qin-35
http://www.zhihu.com/people/andyfuson
http://www.zhihu.com/people/kino-72
http://www.zhihu.com/people/hesheng
http://www.zhihu.com/people/li-qiang-24-97
http://www.zhihu.com/people/zhu-he-82
http://www.zhihu.com/people/huang-xu-59
http://www.zhihu.com/people/023025021
http://www.zhihu.com/people/QiuNote
http://www.zhihu.com/people/xiaozhibo
http://www.zhihu.com/people/lanjian
http://www.zhihu.com/people/jiang-yan-song
http://www.zhihu.com/people/gooeyforms
http://www.zhihu.com/people/ran-de-hui
http://www.zhihu.com/people/wu-xie-58
http://www.zhihu.com/people/alone2007
http://www.zhihu.com/people/han-yong-biao-61
http://www.zhihu.com/people/dong-ji-zai-hang-zhou
http://www.zhihu.com/people/mason-36
http://www.zhihu.com/people/shirleyshieh
http://www.zhihu.com/people/ruolan
http://www.zhihu.com/people/fu-shao-jun
http://www.zhihu.com/people/huang-qiang-99
http://www.zhihu.com/people/recluse
http://www.zhihu.com/people/frank-94
http://www.zhihu.com/people/wang-xing-han-62
http://www.zhihu.com/people/deng-en-ming
http://www.zhihu.com/people/arlmy
http://www.zhihu.com/people/xie-wen-di
http://www.zhihu.com/people/xlzzs
http://www.zhihu.com/people/abowang
http://www.zhihu.com/people/cycyril
http://www.zhihu.com/people/Cccmm002
http://www.zhihu.com/people/da-xiao-liu
http://www.zhihu.com/people/an-miao-miao-17
http://www.zhihu.com/people/baifan82
http://www.zhihu.com/people/bingoyao
http://www.zhihu.com/people/lu-li-li
http://www.zhihu.com/people/spencer-47
http://www.zhihu.com/people/houner
http://www.zhihu.com/people/qian-jing-wei
http://www.zhihu.com/people/butcherv
http://www.zhihu.com/people/pan-chen-23
http://www.zhihu.com/people/nickwong
http://www.zhihu.com/people/xie-zhi-zhi-60
http://www.zhihu.com/people/shenzehao
http://www.zhihu.com/people/zhoumou
http://www.zhihu.com/people/li-yong-81-76
http://www.zhihu.com/people/blackyanson
http://www.zhihu.com/people/zou-yi-78
http://www.zhihu.com/people/kevtyle
http://www.zhihu.com/people/wen-juan
http://www.zhihu.com/people/xu-bang-zheng
http://www.zhihu.com/people/wind_shadow
http://www.zhihu.com/people/hfitp
http://www.zhihu.com/people/fancy-34
http://www.zhihu.com/people/zhou-yu-zhang-72
http://www.zhihu.com/people/zhang-cheng-yuan
http://www.zhihu.com/people/peng-wei-55-45
http://www.zhihu.com/people/zhou-zhen-81-42
http://www.zhihu.com/people/liu-didn
http://www.zhihu.com/people/zhang-dong-sheng-1
http://www.zhihu.com/people/guhongguangju
http://www.zhihu.com/people/yu-wan-di
http://www.zhihu.com/people/neolim
http://www.zhihu.com/people/doubleaf
http://www.zhihu.com/people/mo-ran-3
http://www.zhihu.com/people/yisho
http://www.zhihu.com/people/zhong-chun-hui-3
http://www.zhihu.com/people/dr.chao
http://www.zhihu.com/people/wang-qiu-shi-76
http://www.zhihu.com/people/li-xiao-lin-68
http://www.zhihu.com/people/feng-zhi-cheng-11
http://www.zhihu.com/people/tu-ga
http://www.zhihu.com/people/ru-shui-san-fen
http://www.zhihu.com/people/panhui
http://www.zhihu.com/people/da-hui-hui-71
http://www.zhihu.com/people/tianshen
http://www.zhihu.com/people/mrzhu-rui
http://www.zhihu.com/people/li-ke-sheng-10
http://www.zhihu.com/people/feel-11
http://www.zhihu.com/people/xia-wei-zhu
http://www.zhihu.com/people/two-two-one
http://www.zhihu.com/people/butterfly-76
http://www.zhihu.com/people/scorpio-fly
http://www.zhihu.com/people/huangchi
http://www.zhihu.com/people/meng-bu-meng
http://www.zhihu.com/people/sellsoda
http://www.zhihu.com/people/positive52energy
http://www.zhihu.com/people/wensisunny
http://www.zhihu.com/people/cao-hui-96
http://www.zhihu.com/people/yanyuanmeng
http://www.zhihu.com/people/chen-feng-wang
http://www.zhihu.com/people/liu-hua-55
http://www.zhihu.com/people/dajusha
http://www.zhihu.com/people/ri-tian-yu
http://www.zhihu.com/people/losangela
http://www.zhihu.com/people/mu-se
http://www.zhihu.com/people/gary-46
http://www.zhihu.com/people/guokeru
http://www.zhihu.com/people/miao-de-ling
http://www.zhihu.com/people/li-ji-ze-12
http://www.zhihu.com/people/zhao-jia-long-16
http://www.zhihu.com/people/fsev7n
http://www.zhihu.com/people/zuoanqiyue
http://www.zhihu.com/people/zhang-zi-yu-43
http://www.zhihu.com/people/ceng-chuan-3
http://www.zhihu.com/people/li-lao
http://www.zhihu.com/people/qiujunya
http://www.zhihu.com/people/wtf
http://www.zhihu.com/people/tang-61
http://www.zhihu.com/people/seanlee
http://www.zhihu.com/people/wu-di
http://www.zhihu.com/people/realhanbing
http://www.zhihu.com/people/iian
http://www.zhihu.com/people/cuisaihu
http://www.zhihu.com/people/smallcolor
http://www.zhihu.com/people/hsuehtien
http://www.zhihu.com/people/zhang-yu-feng-83
http://www.zhihu.com/people/reyn-pei
http://www.zhihu.com/people/Mohu
http://www.zhihu.com/people/qiu-teng-jiang
http://www.zhihu.com/people/liusihao
http://www.zhihu.com/people/nicolas-micheal
http://www.zhihu.com/people/liuyue
http://www.zhihu.com/people/yishy
http://www.zhihu.com/people/haosong
http://www.zhihu.com/people/mi-xin-lei
http://www.zhihu.com/people/chen-kai-51
http://www.zhihu.com/people/xuanjianfeng
http://www.zhihu.com/people/sorrowhere.zhihu.com
http://www.zhihu.com/people/xavierwu
http://www.zhihu.com/people/zhu-jing-hui
http://www.zhihu.com/people/fairyshelley
http://www.zhihu.com/people/wetlktlk
http://www.zhihu.com/people/chen-jian-33-39
http://www.zhihu.com/people/cui-xue-jiao
http://www.zhihu.com/people/dawn110110
http://www.zhihu.com/people/filod
http://www.zhihu.com/people/tairan
http://www.zhihu.com/people/li-mie-mie-16
http://www.zhihu.com/people/ruya
http://www.zhihu.com/people/liu-charlie
http://www.zhihu.com/people/bowenbitch
http://www.zhihu.com/people/jilingbhl
http://www.zhihu.com/people/caizhiwei
http://www.zhihu.com/people/newg
http://www.zhihu.com/people/Tevlev
http://www.zhihu.com/people/lining
http://www.zhihu.com/people/yao-hao-dong
http://www.zhihu.com/people/zhong-qi
http://www.zhihu.com/people/xieyanwei
http://www.zhihu.com/people/wang-xiao-yu
http://www.zhihu.com/people/zhang-gong-35
http://www.zhihu.com/people/tom-70
http://www.zhihu.com/people/kingbell3507
http://www.zhihu.com/people/wang-chong-guan
http://www.zhihu.com/people/wan-hu-94
http://www.zhihu.com/people/bu-ting-ting
http://www.zhihu.com/people/celineyo
http://www.zhihu.com/people/li-zhi-wei-37
http://www.zhihu.com/people/wei-zhi-cheng
http://www.zhihu.com/people/jefferson-zhao
http://www.zhihu.com/people/mars-zhao
http://www.zhihu.com/people/GuLynda
http://www.zhihu.com/people/wangyu9257
http://www.zhihu.com/people/okevin
http://www.zhihu.com/people/liu-nian-75-68
http://www.zhihu.com/people/luye666
http://www.zhihu.com/people/shen-jing-9
http://www.zhihu.com/people/yetone
http://www.zhihu.com/people/dacuima
http://www.zhihu.com/people/chen-jian-wen-75
http://www.zhihu.com/people/li-peng-yu
http://www.zhihu.com/people/blackswan
http://www.zhihu.com/people/holybreeze
http://www.zhihu.com/people/zengchao
http://www.zhihu.com/people/tikin
http://www.zhihu.com/people/lin-shu-49
http://www.zhihu.com/people/copper-friddle
http://www.zhihu.com/people/sunsimian
http://www.zhihu.com/people/laughingge-xiong
http://www.zhihu.com/people/shuaige
http://www.zhihu.com/people/meng-xin-67
http://www.zhihu.com/people/zhou-jiang-ling
http://www.zhihu.com/people/wu-ying-48
http://www.zhihu.com/people/reyals
http://www.zhihu.com/people/du-mian-19
http://www.zhihu.com/people/xiao-zhang-55
http://www.zhihu.com/people/tinaqi
http://www.zhihu.com/people/liang-tian-fu
http://www.zhihu.com/people/oldsharp
http://www.zhihu.com/people/kennytruth
http://www.zhihu.com/people/wang-cheng-wei-86
http://www.zhihu.com/people/komakoma
http://www.zhihu.com/people/agassihou
http://www.zhihu.com/people/shi-liang-90
http://www.zhihu.com/people/idrink
http://www.zhihu.com/people/xxxwdoo
http://www.zhihu.com/people/shi-bin
http://www.zhihu.com/people/huxixi
http://www.zhihu.com/people/cheristorm
http://www.zhihu.com/people/senz
http://www.zhihu.com/people/ou-bao-bao
http://www.zhihu.com/people/han-de-sheng
http://www.zhihu.com/people/apollochow
http://www.zhihu.com/people/Goldstein
http://www.zhihu.com/people/zi-qing-90
http://www.zhihu.com/people/cosmoslee
http://www.zhihu.com/people/daodao
http://www.zhihu.com/people/guang-feng
http://www.zhihu.com/people/namiheike
http://www.zhihu.com/people/godman
http://www.zhihu.com/people/lu-peng-wen-5
http://www.zhihu.com/people/lai-xiao-chao
http://www.zhihu.com/people/lin-sir-64
http://www.zhihu.com/people/clytze
http://www.zhihu.com/people/liu-jian-roger
http://www.zhihu.com/people/pro.yang
http://www.zhihu.com/people/znicdust
http://www.zhihu.com/people/yin-tao-42
http://www.zhihu.com/people/jiang-ge
http://www.zhihu.com/people/he-lao-bo-dao
http://www.zhihu.com/people/eeyorezheng
http://www.zhihu.com/people/tommyan
http://www.zhihu.com/people/zhang-xu-12-34
http://www.zhihu.com/people/yin-xiao-yu-6
http://www.zhihu.com/people/li-man-65
http://www.zhihu.com/people/cheng-ni
http://www.zhihu.com/people/firas
http://www.zhihu.com/people/zhu-di-53
http://www.zhihu.com/people/xin-xiao-xiang
http://www.zhihu.com/people/izumi
http://www.zhihu.com/people/zheng-hu-li
http://www.zhihu.com/people/li-da-li-58
http://www.zhihu.com/people/TrusBe
http://www.zhihu.com/people/chougu
http://www.zhihu.com/people/gu-xiang-74
http://www.zhihu.com/people/helo-wei
http://www.zhihu.com/people/xiong-mao-chuan-ren
http://www.zhihu.com/people/qu-yu-miao
http://www.zhihu.com/people/hei-se-bo-luo
http://www.zhihu.com/people/johannes
http://www.zhihu.com/people/cheneyshi
http://www.zhihu.com/people/dongziw
http://www.zhihu.com/people/ma-erhuo
http://www.zhihu.com/people/harvey310
http://www.zhihu.com/people/wang-hu-73
http://www.zhihu.com/people/he-bu-ke
http://www.zhihu.com/people/isla
http://www.zhihu.com/people/arts
http://www.zhihu.com/people/yangzheng1992
http://www.zhihu.com/people/echen-huwang
http://www.zhihu.com/people/dominic
http://www.zhihu.com/people/chundonghu
http://www.zhihu.com/people/xterm
http://www.zhihu.com/people/liang-xiao-yang-8
http://www.zhihu.com/people/wang-jiang-fei
http://www.zhihu.com/people/daizige
http://www.zhihu.com/people/wang-le-heng
http://www.zhihu.com/people/jara
http://www.zhihu.com/people/summer
http://www.zhihu.com/people/jarvis-92
http://www.zhihu.com/people/li-cheng-gan
http://www.zhihu.com/people/Alex-Woo
http://www.zhihu.com/people/zhang-jia-jing-20
http://www.zhihu.com/people/yaochenhao
http://www.zhihu.com/people/navigator-hsu
http://www.zhihu.com/people/wang-yang-20-22
http://www.zhihu.com/people/xiao-xiang-gu
http://www.zhihu.com/people/blazingcd
http://www.zhihu.com/people/gkrjquibbler
http://www.zhihu.com/people/chen-xin-62-86
http://www.zhihu.com/people/kou-dai
http://www.zhihu.com/people/almostme
http://www.zhihu.com/people/sys52008
http://www.zhihu.com/people/vivinevaeh
http://www.zhihu.com/people/liuzhibin
http://www.zhihu.com/people/jiang-xiang-ling
http://www.zhihu.com/people/bai-peng
http://www.zhihu.com/people/he-mou-71
http://www.zhihu.com/people/song-hao-81
http://www.zhihu.com/people/zhan-ying
http://www.zhihu.com/people/jiang-chao-2-27
http://www.zhihu.com/people/zhuxian-zhou
http://www.zhihu.com/people/chenyongren
http://www.zhihu.com/people/a-miao-7-8
http://www.zhihu.com/people/sun-xiao-39-3
http://www.zhihu.com/people/liu-si-jiang
http://www.zhihu.com/people/zhang-er-gou-15
http://www.zhihu.com/people/jerry-cen
http://www.zhihu.com/people/li-zhu-19
http://www.zhihu.com/people/jackxie
http://www.zhihu.com/people/W18Cr4V
http://www.zhihu.com/people/tonnychow
http://www.zhihu.com/people/kagayapudding
http://www.zhihu.com/people/zhong-ye-zi-49
http://www.zhihu.com/people/deng-yi-xuan
http://www.zhihu.com/people/augustd
http://www.zhihu.com/people/liu-jia-yuan-7
http://www.zhihu.com/people/zi-yan-52
http://www.zhihu.com/people/liu-song-23
http://www.zhihu.com/people/havemoney.zhang
http://www.zhihu.com/people/qiao-yu-61
http://www.zhihu.com/people/rene-zhu
http://www.zhihu.com/people/fiyang
http://www.zhihu.com/people/zhikuanlin
http://www.zhihu.com/people/dong-ling-ling-62
http://www.zhihu.com/people/min-chen-14
http://www.zhihu.com/people/dong-jing-hua
http://www.zhihu.com/people/luoyang
http://www.zhihu.com/people/ethan-wang
http://www.zhihu.com/people/rockerwx
http://www.zhihu.com/people/graceyue
http://www.zhihu.com/people/muxiaogang
http://www.zhihu.com/people/bwv988
http://www.zhihu.com/people/sun-chang-he
http://www.zhihu.com/people/wang-han-zheng
http://www.zhihu.com/people/li-bu-ren
http://www.zhihu.com/people/li-dong-66
http://www.zhihu.com/people/david-du
http://www.zhihu.com/people/penpenwang
http://www.zhihu.com/people/rachel-32-98
http://www.zhihu.com/people/wangxizhi
http://www.zhihu.com/people/vviv
http://www.zhihu.com/people/zhang-peng-lin
http://www.zhihu.com/people/chenruihong
http://www.zhihu.com/people/flygon
http://www.zhihu.com/people/zhu-wei-sai
http://www.zhihu.com/people/zipplee
http://www.zhihu.com/people/li-zhi-yu-74
http://www.zhihu.com/people/virgoer
http://www.zhihu.com/people/kongxiangyuan
http://www.zhihu.com/people/shi-yong-shan
http://www.zhihu.com/people/itaro
http://www.zhihu.com/people/zhou-ceng-hao
http://www.zhihu.com/people/zhang-yu-39-54
http://www.zhihu.com/people/giiNNN
http://www.zhihu.com/people/wen-yang-42
http://www.zhihu.com/people/yccluo
http://www.zhihu.com/people/zha-si-ting
http://www.zhihu.com/people/zi-lu-_hu-kai-_
http://www.zhihu.com/people/sunlh
http://www.zhihu.com/people/zhuo-zhi-ying
http://www.zhihu.com/people/yuan-peng-87
http://www.zhihu.com/people/madwithu
http://www.zhihu.com/people/djean
http://www.zhihu.com/people/zhu-yixin-42
http://www.zhihu.com/people/yoghurtming
http://www.zhihu.com/people/po-dai
http://www.zhihu.com/people/mmyww
http://www.zhihu.com/people/pan-shi-hong
http://www.zhihu.com/people/suxx
http://www.zhihu.com/people/guo-da-lu-13
http://www.zhihu.com/people/bluedada
http://www.zhihu.com/people/dizzarz
http://www.zhihu.com/people/muse-liu
http://www.zhihu.com/people/raydrin
http://www.zhihu.com/people/eroally
http://www.zhihu.com/people/unyuchung
http://www.zhihu.com/people/xian-yong-kang
http://www.zhihu.com/people/po-yiya
http://www.zhihu.com/people/sdontsay
http://www.zhihu.com/people/molyli
http://www.zhihu.com/people/ljatom
http://www.zhihu.com/people/cbasky
http://www.zhihu.com/people/jayster-pan
http://www.zhihu.com/people/whiskey
http://www.zhihu.com/people/key4ever
http://www.zhihu.com/people/iyucci
http://www.zhihu.com/people/wang-vivi-4
http://www.zhihu.com/people/vagrant
http://www.zhihu.com/people/xing-chen-31
http://www.zhihu.com/people/williamw
http://www.zhihu.com/people/eric-5
http://www.zhihu.com/people/sunnysos
http://www.zhihu.com/people/chenqi56
http://www.zhihu.com/people/techoxygen
http://www.zhihu.com/people/deareve
http://www.zhihu.com/people/belphegor
http://www.zhihu.com/people/size
http://www.zhihu.com/people/gao-long-long
http://www.zhihu.com/people/che-lu
http://www.zhihu.com/people/ma-guai
http://www.zhihu.com/people/qinchuhah
http://www.zhihu.com/people/yang-ban-xian
http://www.zhihu.com/people/chouthen
http://www.zhihu.com/people/dake
http://www.zhihu.com/people/alang
http://www.zhihu.com/people/alianpaul
http://www.zhihu.com/people/hydra-10
http://www.zhihu.com/people/huxiaoyi
http://www.zhihu.com/people/coldlife
http://www.zhihu.com/people/lisido
http://www.zhihu.com/people/mo-qian-47
http://www.zhihu.com/people/wang-yue-yue-3
http://www.zhihu.com/people/xie-jin-hua
http://www.zhihu.com/people/9tail
http://www.zhihu.com/people/caisy
http://www.zhihu.com/people/ma-hua-40
http://www.zhihu.com/people/ke-li-ang-48
http://www.zhihu.com/people/TheChyi
http://www.zhihu.com/people/dickeylth
http://www.zhihu.com/people/enthusiast
http://www.zhihu.com/people/qiao-mu-58
http://www.zhihu.com/people/liang-xiao-yun-9
http://www.zhihu.com/people/li-zhe-19
http://www.zhihu.com/people/ai-ma-wang
http://www.zhihu.com/people/Kaavield
http://www.zhihu.com/people/xiaohei
http://www.zhihu.com/people/fu-yang-75
http://www.zhihu.com/people/LilHayah
http://www.zhihu.com/people/cdma2000
http://www.zhihu.com/people/flyingfish
http://www.zhihu.com/people/renrenkaixin
http://www.zhihu.com/people/lilonglong
http://www.zhihu.com/people/zhou-xiao-qing-52
http://www.zhihu.com/people/han-yan-hui
http://www.zhihu.com/people/manner
http://www.zhihu.com/people/jia-wen-min
http://www.zhihu.com/people/xiao-ping-xiong
http://www.zhihu.com/people/steve-70
http://www.zhihu.com/people/liu-wen-qiang-77
http://www.zhihu.com/people/zhou-yong-33
http://www.zhihu.com/people/jin-duo-93
http://www.zhihu.com/people/wwzcxqc
http://www.zhihu.com/people/THFQ
http://www.zhihu.com/people/zhu-xiao-yan-72
http://www.zhihu.com/people/zhousia
http://www.zhihu.com/people/jinwyp
http://www.zhihu.com/people/longway
http://www.zhihu.com/people/zhang-xiao-dong-97-75
http://www.zhihu.com/people/louxingbing
http://www.zhihu.com/people/wmichelle
http://www.zhihu.com/people/a-hun
http://www.zhihu.com/people/vivixb
http://www.zhihu.com/people/danislou
http://www.zhihu.com/people/wang-ting-yu-3
http://www.zhihu.com/people/su-wan-79
http://www.zhihu.com/people/shimengchen
http://www.zhihu.com/people/xiaoker
http://www.zhihu.com/people/ban-ji-35
http://www.zhihu.com/people/yshone
http://www.zhihu.com/people/dakewang
http://www.zhihu.com/people/huangrenpeng
http://www.zhihu.com/people/dengjingdengjing
http://www.zhihu.com/people/wang-chao-59
http://www.zhihu.com/people/yiyiai
http://www.zhihu.com/people/sniper53
http://www.zhihu.com/people/zhaotong
http://www.zhihu.com/people/jiangnanxi
http://www.zhihu.com/people/wang-zhi-zhi-82
http://www.zhihu.com/people/laura-2
http://www.zhihu.com/people/wu-sheng-ming
http://www.zhihu.com/people/chen-yang-53
http://www.zhihu.com/people/yan-xiao-wei-25
http://www.zhihu.com/people/ladygrass
http://www.zhihu.com/people/kenishi
http://www.zhihu.com/people/yi-teng
http://www.zhihu.com/people/shuo-ba-48
http://www.zhihu.com/people/juzicallee
http://www.zhihu.com/people/Dream_Young
http://www.zhihu.com/people/zheng-jun-53
http://www.zhihu.com/people/vicliu
http://www.zhihu.com/people/zhengwu
http://www.zhihu.com/people/ofzihan
http://www.zhihu.com/people/shitou
http://www.zhihu.com/people/chysie
http://www.zhihu.com/people/VegasWang
http://www.zhihu.com/people/rockinrobin
http://www.zhihu.com/people/jun-hua
http://www.zhihu.com/people/wang-jia-yao-22
http://www.zhihu.com/people/findmusic
http://www.zhihu.com/people/qinfwu
http://www.zhihu.com/people/qu-ya-jun
http://www.zhihu.com/people/sunglass
http://www.zhihu.com/people/wanglingyu
http://www.zhihu.com/people/anyan
http://www.zhihu.com/people/xiaoyaozizai
http://www.zhihu.com/people/xuelanbin
http://www.zhihu.com/people/wanglinchn
http://www.zhihu.com/people/thomas8589
http://www.zhihu.com/people/niuxdale
http://www.zhihu.com/people/tonytonytony
http://www.zhihu.com/people/array
http://www.zhihu.com/people/cathyxie
http://www.zhihu.com/people/mapengze
http://www.zhihu.com/people/caizhenghai
http://www.zhihu.com/people/flysoul
http://www.zhihu.com/people/byelejoe
http://www.zhihu.com/people/wen-ya-20
http://www.zhihu.com/people/qiaoxiaojiong
http://www.zhihu.com/people/iamcheyan
http://www.zhihu.com/people/wainshine
http://www.zhihu.com/people/zhu-hui-lai
http://www.zhihu.com/people/fei-jiao
http://www.zhihu.com/people/c8h10n4o2
http://www.zhihu.com/people/binzhang
http://www.zhihu.com/people/pandalan
http://www.zhihu.com/people/wangjifeng
http://www.zhihu.com/people/moimoi
http://www.zhihu.com/people/jonaslu
http://www.zhihu.com/people/deanlee
http://www.zhihu.com/people/chen-xiao-tu-66
http://www.zhihu.com/people/wjazz
http://www.zhihu.com/people/haipeng
http://www.zhihu.com/people/robb
http://www.zhihu.com/people/zhangsimon
http://www.zhihu.com/people/life
http://www.zhihu.com/people/zhaozhicheng
http://www.zhihu.com/people/idontcare7
http://www.zhihu.com/people/chen-xi-62
http://www.zhihu.com/people/han-li-ting
http://www.zhihu.com/people/qiu-fu-nan
http://www.zhihu.com/people/llian-jie
http://www.zhihu.com/people/zhangbin
http://www.zhihu.com/people/li-dong-dong
http://www.zhihu.com/people/yaoxu
http://www.zhihu.com/people/xiao-gan
http://www.zhihu.com/people/wang-er-de
http://www.zhihu.com/people/T-O-M
http://www.zhihu.com/people/chenxiang
http://www.zhihu.com/people/trunks
http://www.zhihu.com/people/wu-qi-zheng
http://www.zhihu.com/people/lianghai
http://www.zhihu.com/people/yu-chang-xiao
http://www.zhihu.com/people/tab_
http://www.zhihu.com/people/ashespan
http://www.zhihu.com/people/yang-zi-yi
http://www.zhihu.com/people/niu-he-qing
http://www.zhihu.com/people/zha-yun-feng
http://www.zhihu.com/people/yan-hao
http://www.zhihu.com/people/gkimfnungj
http://www.zhihu.com/people/chengyuan
http://www.zhihu.com/people/hao-xiao-bo
http://www.zhihu.com/people/luoshenyang
http://www.zhihu.com/people/maxwell025
http://www.zhihu.com/people/mymiss
http://www.zhihu.com/people/KylinSoo
http://www.zhihu.com/people/yunyunyuns
http://www.zhihu.com/people/hao-zhi-bing
http://www.zhihu.com/people/xu-niu
http://www.zhihu.com/people/li-ying-zhen
http://www.zhihu.com/people/yangshuai
http://www.zhihu.com/people/wang-jun-jun
http://www.zhihu.com/people/ambrosio
http://www.zhihu.com/people/xie-qiang
http://www.zhihu.com/people/adongdong
http://www.zhihu.com/people/goal2scool
http://www.zhihu.com/people/banxiaogen
http://www.zhihu.com/people/goss
http://www.zhihu.com/people/woodfantasy
http://www.zhihu.com/people/xi-de-78
http://www.zhihu.com/people/liu-wei-hua
http://www.zhihu.com/people/zhao-jie-73
http://www.zhihu.com/people/zhangxinxu
http://www.zhihu.com/people/ruo-shui
http://www.zhihu.com/people/siilence1408
http://www.zhihu.com/people/zhang-xin-93
http://www.zhihu.com/people/xiaoqing80s
http://www.zhihu.com/people/guo-yue
http://www.zhihu.com/people/lu-sen
http://www.zhihu.com/people/ztwto.com
http://www.zhihu.com/people/happiness
http://www.zhihu.com/people/regulous
http://www.zhihu.com/people/cheng-xiao-seng
http://www.zhihu.com/people/benlong
http://www.zhihu.com/people/jjyu
http://www.zhihu.com/people/cloudlee
http://www.zhihu.com/people/melody-wang
http://www.zhihu.com/people/paicha
http://www.zhihu.com/people/cheng-shi-91
http://www.zhihu.com/people/yue-chuan
http://www.zhihu.com/people/wu-jing-jing
http://www.zhihu.com/people/zan-dong
http://www.zhihu.com/people/iam6uem
http://www.zhihu.com/people/wei-tao
http://www.zhihu.com/people/liu-hai-liang
http://www.zhihu.com/people/xu-zhao-jun
http://www.zhihu.com/people/xing-hao-peng
http://www.zhihu.com/people/kiddhe
http://www.zhihu.com/people/gkool
http://www.zhihu.com/people/qethan
http://www.zhihu.com/people/lakujira
http://www.zhihu.com/people/wang-meng-ran
http://www.zhihu.com/people/pinkid
http://www.zhihu.com/people/duanli
http://www.zhihu.com/people/jin-ming
http://www.zhihu.com/people/wangze
http://www.zhihu.com/people/stevenlordiam
http://www.zhihu.com/people/mokita
http://www.zhihu.com/people/SheldonFan
http://www.zhihu.com/people/argus
http://www.zhihu.com/people/gong-sun
http://www.zhihu.com/people/duan-li-jun
http://www.zhihu.com/people/gaosong
http://www.zhihu.com/people/wkpars
http://www.zhihu.com/people/zhen-xi-yu
http://www.zhihu.com/people/venh
http://www.zhihu.com/people/cranks
http://www.zhihu.com/people/ruan-wen-ping
http://www.zhihu.com/people/moioi
http://www.zhihu.com/people/wen-hui-50
http://www.zhihu.com/people/ren-lin
http://www.zhihu.com/people/cijfer
http://www.zhihu.com/people/lin-sen-30
http://www.zhihu.com/people/tonyrex
http://www.zhihu.com/people/wei-sha-sha
http://www.zhihu.com/people/halguo
http://www.zhihu.com/people/liu-ping-ping-32
http://www.zhihu.com/people/chun-ji-sang
http://www.zhihu.com/people/alsharpay
http://www.zhihu.com/people/daviestang
http://www.zhihu.com/people/chenqiangpan
http://www.zhihu.com/people/spekol
http://www.zhihu.com/people/liu-lai-ping
http://www.zhihu.com/people/peach
http://www.zhihu.com/people/gao-shi-bo
http://www.zhihu.com/people/stefanie-chow
http://www.zhihu.com/people/himavis
http://www.zhihu.com/people/wang-da-fa-82
http://www.zhihu.com/people/shushuhao
http://www.zhihu.com/people/ruanzhijun
http://www.zhihu.com/people/mjl_zhihu
http://www.zhihu.com/people/luyi61
http://www.zhihu.com/people/mixmatch
http://www.zhihu.com/people/timeror
http://www.zhihu.com/people/zhang-quan
http://www.zhihu.com/people/xu-yiming
http://www.zhihu.com/people/song-jian-56
http://www.zhihu.com/people/yi-xuan
http://www.zhihu.com/people/zhongyang
http://www.zhihu.com/people/liuuze
http://www.zhihu.com/people/guo-xiao-chou
http://www.zhihu.com/people/chang-yu-ge
http://www.zhihu.com/people/muniao
http://www.zhihu.com/people/pray
http://www.zhihu.com/people/vincent-deng
http://www.zhihu.com/people/qiweipeng
http://www.zhihu.com/people/rocandroll
http://www.zhihu.com/people/zhang-ji-jun
http://www.zhihu.com/people/wang-shuai-49
http://www.zhihu.com/people/ck4ever
http://www.zhihu.com/people/timwen
http://www.zhihu.com/people/colorwill
http://www.zhihu.com/people/laycher
http://www.zhihu.com/people/shawn-40
http://www.zhihu.com/people/xu-yue-chen
http://www.zhihu.com/people/whiteorchid
http://www.zhihu.com/people/liu-en-yan
http://www.zhihu.com/people/hujiayan
http://www.zhihu.com/people/teng-teng
http://www.zhihu.com/people/tonyhead
http://www.zhihu.com/people/sming
http://www.zhihu.com/people/lao-bai-21
http://www.zhihu.com/people/wjbf
http://www.zhihu.com/people/fatalist
http://www.zhihu.com/people/funthomas
http://www.zhihu.com/people/LittleV
http://www.zhihu.com/people/yuzhuoran
http://www.zhihu.com/people/tao-ke
http://www.zhihu.com/people/uchusan
http://www.zhihu.com/people/da-tai
http://www.zhihu.com/people/wu-kong-47
http://www.zhihu.com/people/z-wang
http://www.zhihu.com/people/zhang-cheng-5
http://www.zhihu.com/people/vikky
http://www.zhihu.com/people/qie-yu-34
http://www.zhihu.com/people/zhi123
http://www.zhihu.com/people/woohorse
http://www.zhihu.com/people/wang-heng-chong
http://www.zhihu.com/people/sunlet
http://www.zhihu.com/people/wu-chun-miao
http://www.zhihu.com/people/snailhuangyi
http://www.zhihu.com/people/guo-shan-feng
http://www.zhihu.com/people/huangruo
http://www.zhihu.com/people/wangxiaoyu
http://www.zhihu.com/people/larryqian-kan
http://www.zhihu.com/people/zenowu
http://www.zhihu.com/people/alex
http://www.zhihu.com/people/Ataraxia002
http://www.zhihu.com/people/xucheng
http://www.zhihu.com/people/tianzhuo
http://www.zhihu.com/people/chen-yao-8
http://www.zhihu.com/people/prooxy
http://www.zhihu.com/people/dai-yu-jia
http://www.zhihu.com/people/alansugar
http://www.zhihu.com/people/feng-bo-43
http://www.zhihu.com/people/zhang-xin-47
http://www.zhihu.com/people/zong-hua
http://www.zhihu.com/people/chefwang
http://www.zhihu.com/people/zhangbeile
http://www.zhihu.com/people/meixiaowu
http://www.zhihu.com/people/ohat
http://www.zhihu.com/people/kamal
http://www.zhihu.com/people/wang-jun-ru
http://www.zhihu.com/people/putin
http://www.zhihu.com/people/fish
http://www.zhihu.com/people/ClutchBear
http://www.zhihu.com/people/ashwu
http://www.zhihu.com/people/qite
http://www.zhihu.com/people/yuyin
http://www.zhihu.com/people/gino
http://www.zhihu.com/people/j-aime-when
http://www.zhihu.com/people/tedshi-a-da
http://www.zhihu.com/people/hxddh
http://www.zhihu.com/people/wu-da
http://www.zhihu.com/people/vagase
http://www.zhihu.com/people/luxjuve
http://www.zhihu.com/people/danzwl
http://www.zhihu.com/people/inroading
http://www.zhihu.com/people/yao-jian-wen
http://www.zhihu.com/people/moyaya
http://www.zhihu.com/people/xxoo
http://www.zhihu.com/people/milan
http://www.zhihu.com/people/hezhoutingyu
http://www.zhihu.com/people/22121
http://www.zhihu.com/people/livevol
http://www.zhihu.com/people/oxygen
http://www.zhihu.com/people/online
http://www.zhihu.com/people/runinghorse
http://www.zhihu.com/people/song001
http://www.zhihu.com/people/man-shao-chen
http://www.zhihu.com/people/onesuper
http://www.zhihu.com/people/marianzhang
http://www.zhihu.com/people/he-xu-wen
http://www.zhihu.com/people/frankfang
http://www.zhihu.com/people/chenfangyi
http://www.zhihu.com/people/eva-11
http://www.zhihu.com/people/feng-rou-zong
http://www.zhihu.com/people/zhao-wei
http://www.zhihu.com/people/maribai
http://www.zhihu.com/people/whoyang
http://www.zhihu.com/people/therealist
http://www.zhihu.com/people/hekang
http://www.zhihu.com/people/rovs
http://www.zhihu.com/people/VinceChen
http://www.zhihu.com/people/chefyiwanchang
http://www.zhihu.com/people/xiyu
http://www.zhihu.com/people/zhouyuan
http://www.zhihu.com/people/zhaomeng
http://www.zhihu.com/people/lai-shu-jian
http://www.zhihu.com/people/shunfeng
http://www.zhihu.com/people/zi-mu-77
http://www.zhihu.com/people/bucolic-35
http://www.zhihu.com/people/harald-chan
http://www.zhihu.com/people/yan-hong-wei
http://www.zhihu.com/people/keepwalking
http://www.zhihu.com/people/minyzc
http://www.zhihu.com/people/veronica2865
http://www.zhihu.com/people/dengko
http://www.zhihu.com/people/huang-hua
http://www.zhihu.com/people/herizhao
http://www.zhihu.com/people/congyang
http://www.zhihu.com/people/icoovoo
http://www.zhihu.com/people/skyxqc
http://www.zhihu.com/people/kitch
http://www.zhihu.com/people/dismory
http://www.zhihu.com/people/baal
http://www.zhihu.com/people/liuya802
http://www.zhihu.com/people/supporter
http://www.zhihu.com/people/neaton
http://www.zhihu.com/people/jiksn
http://www.zhihu.com/people/only1px
http://www.zhihu.com/people/li-bao-ming-53
http://www.zhihu.com/people/lovefcb
http://www.zhihu.com/people/yuxin
http://www.zhihu.com/people/wwww
http://www.zhihu.com/people/shen
http://www.zhihu.com/people/a-river
http://www.zhihu.com/people/JoshuaChen
http://www.zhihu.com/people/wangping
http://www.zhihu.com/people/keso
http://www.zhihu.com/people/hu-qian-qiu
http://www.zhihu.com/people/wangshuo
http://www.zhihu.com/people/qianjin
http://www.zhihu.com/people/mo-mo-mo-da-nian
http://www.zhihu.com/people/jutoy
http://www.zhihu.com/people/disinfeqt
http://www.zhihu.com/people/guoming
http://www.zhihu.com/people/dz_s
http://www.zhihu.com/people/flying-soft-rock
http://www.zhihu.com/people/billhan
http://www.zhihu.com/people/chong
http://www.zhihu.com/people/tang-chen
http://www.zhihu.com/people/wang-ran
http://www.zhihu.com/people/liu-xiao-xue
http://www.zhihu.com/people/beasthang
http://www.zhihu.com/people/imike
http://www.zhihu.com/people/wind
http://www.zhihu.com/people/zhangxiaolu
http://www.zhihu.com/people/wuwei
http://www.zhihu.com/people/panchi
http://www.zhihu.com/people/zhang-han-42
http://www.zhihu.com/people/myxydx
http://www.zhihu.com/people/albertyann
http://www.zhihu.com/people/rinco
http://www.zhihu.com/people/mazesoul
http://www.zhihu.com/people/white
http://www.zhihu.com/people/gong-le-tian
http://www.zhihu.com/people/orzcc
http://www.zhihu.com/people/liu-wen-tao
http://www.zhihu.com/people/yami
http://www.zhihu.com/people/ibobby
http://www.zhihu.com/people/Tingo
http://www.zhihu.com/people/allenwong
http://www.zhihu.com/people/chenjiankang
http://www.zhihu.com/people/sunpeng
http://www.zhihu.com/people/taby
http://www.zhihu.com/people/benfang
http://www.zhihu.com/people/lihua
http://www.zhihu.com/people/zhao-he-jia
http://www.zhihu.com/people/quiver
http://www.zhihu.com/people/shek
http://www.zhihu.com/people/laomao
http://www.zhihu.com/people/shao
http://www.zhihu.com/people/zhang-xiao-bei
http://www.zhihu.com/people/ai-yin-si-tan-you
http://www.zhihu.com/people/zonovo
http://www.zhihu.com/people/fenng
http://www.zhihu.com/people/spicyqueen
