http://www.zhihu.com/people/wang-lan-ping-83
http://www.zhihu.com/people/lang-bu-leng
http://www.zhihu.com/people/wang-shi-cheng-5
http://www.zhihu.com/people/gong-zheng-xuan
http://www.zhihu.com/people/KerwinZhang
http://www.zhihu.com/people/gracieux.taobao.com
http://www.zhihu.com/people/ijyao-yao
http://www.zhihu.com/people/qi-xuan
http://www.zhihu.com/people/spto
http://www.zhihu.com/people/yang-ji-zhi-42
http://www.zhihu.com/people/an-mo-mo-36-59
http://www.zhihu.com/people/cao-yi-an
http://www.zhihu.com/people/eva-wang-46
http://www.zhihu.com/people/wanglewen
http://www.zhihu.com/people/zhangcuo
http://www.zhihu.com/people/andrea-lighting
http://www.zhihu.com/people/echo-40-22
http://www.zhihu.com/people/sediment-chen
http://www.zhihu.com/people/zheng-si-yao-48
http://www.zhihu.com/people/wang-yu-qing-32
http://www.zhihu.com/people/chen-ru-yi-49
http://www.zhihu.com/people/wen-xiao-fei-62
http://www.zhihu.com/people/caoxiongfeng
http://www.zhihu.com/people/xymark
http://www.zhihu.com/people/jiang-bin-liang
http://www.zhihu.com/people/wu-shuang-66-93
http://www.zhihu.com/people/imajin
http://www.zhihu.com/people/yang-jun-he
http://www.zhihu.com/people/tang-xiao-min-33
http://www.zhihu.com/people/mi-lu-mi-lu-56
http://www.zhihu.com/people/jiang-hong-xi-28
http://www.zhihu.com/people/wang-hun-dan
http://www.zhihu.com/people/mu-xiao-juan
http://www.zhihu.com/people/cui-de-xing
http://www.zhihu.com/people/zhou-xiao-xun-93
http://www.zhihu.com/people/xiao-song-35
http://www.zhihu.com/people/lchad
http://www.zhihu.com/people/deng-kang-er
http://www.zhihu.com/people/wangxuezhong
http://www.zhihu.com/people/meng-li-87
http://www.zhihu.com/people/ou-ni-jiang
http://www.zhihu.com/people/lv-ye-jing-jing
http://www.zhihu.com/people/xiexiaolong_pku
http://www.zhihu.com/people/mu-xia-47
http://www.zhihu.com/people/yang-zi-92
http://www.zhihu.com/people/qiao-hua-hua
http://www.zhihu.com/people/chen-jun-jie-23-33
http://www.zhihu.com/people/lan-yi-90
http://www.zhihu.com/people/storymanliu
http://www.zhihu.com/people/chen-xiao-huan-48
http://www.zhihu.com/people/xia-zhen-46
http://www.zhihu.com/people/xie-zi-yang-16
http://www.zhihu.com/people/richel
http://www.zhihu.com/people/joy-lee-36
http://www.zhihu.com/people/chen-mu-bai-81
http://www.zhihu.com/people/woundman
http://www.zhihu.com/people/cui-yong-fang
http://www.zhihu.com/people/rush
http://www.zhihu.com/people/han-jing-79
http://www.zhihu.com/people/zhao-xiao-yu-28
http://www.zhihu.com/people/wang-zi-tong-78
http://www.zhihu.com/people/heaven_000
http://www.zhihu.com/people/nyanzhang
http://www.zhihu.com/people/xia-mo-4-58
http://www.zhihu.com/people/yin-peng-fei-79-26
http://www.zhihu.com/people/zhou-mu-wei
http://www.zhihu.com/people/frankie-l
http://www.zhihu.com/people/zuimai
http://www.zhihu.com/people/ruan-bei-qia
http://www.zhihu.com/people/jingchao-chen-83
http://www.zhihu.com/people/gavin-ni
http://www.zhihu.com/people/guo-yu-er
http://www.zhihu.com/people/ctlive
http://www.zhihu.com/people/lu-zi-lu-76
http://www.zhihu.com/people/fuwocheng
http://www.zhihu.com/people/neil-35-70
http://www.zhihu.com/people/songhy
http://www.zhihu.com/people/lin-xiao-cha-68
http://www.zhihu.com/people/zhao-shi-nu-wang
http://www.zhihu.com/people/liu-hai-liang
http://www.zhihu.com/people/joyceulysses
http://www.zhihu.com/people/xiao-fang-33-10
http://www.zhihu.com/people/lei-ming-shi
http://www.zhihu.com/people/clare-zhu
http://www.zhihu.com/people/mao-mao-93-92
http://www.zhihu.com/people/GilgameshK
http://www.zhihu.com/people/schumiq
http://www.zhihu.com/people/gao-gao-72
http://www.zhihu.com/people/jj-dong
http://www.zhihu.com/people/shi-guang-82-9
http://www.zhihu.com/people/brian-bravo
http://www.zhihu.com/people/posroachips
http://www.zhihu.com/people/chen-kun-ting
http://www.zhihu.com/people/bai-yun-tian-34
http://www.zhihu.com/people/chen-gang-90
http://www.zhihu.com/people/dotsysory
http://www.zhihu.com/people/he-ran-48
http://www.zhihu.com/people/zai-yi-luo
http://www.zhihu.com/people/wang-yu-jue-90
http://www.zhihu.com/people/xiao-lin-67
http://www.zhihu.com/people/fang-yuan-91-58
http://www.zhihu.com/people/taihuxiaobaoyu
http://www.zhihu.com/people/li-miao-wu-61
http://www.zhihu.com/people/qing-guang-58
http://www.zhihu.com/people/weisibi
http://www.zhihu.com/people/cui-jing-yuan-26
http://www.zhihu.com/people/alice-45-16
http://www.zhihu.com/people/li-lang
http://www.zhihu.com/people/jiayizhen
http://www.zhihu.com/people/liu-biao-70
http://www.zhihu.com/people/19951121
http://www.zhihu.com/people/Christina
http://www.zhihu.com/people/li-shou-yin-89
http://www.zhihu.com/people/xj-zhou
http://www.zhihu.com/people/zuo-an-you-shui
http://www.zhihu.com/people/shui-cheng-ming
http://www.zhihu.com/people/xing-huo-huo
http://www.zhihu.com/people/aspirinfox
http://www.zhihu.com/people/wangyu1993
http://www.zhihu.com/people/TommyXie
http://www.zhihu.com/people/zhou-ba-jin-1
http://www.zhihu.com/people/chang-ge-96
http://www.zhihu.com/people/dong-qi-59
http://www.zhihu.com/people/lu-chen-shuang
http://www.zhihu.com/people/fan-tang-zi
http://www.zhihu.com/people/zheng-nan-0527
http://www.zhihu.com/people/zao-shui-71
http://www.zhihu.com/people/liu-da-wei-49
http://www.zhihu.com/people/wan-pu
http://www.zhihu.com/people/chen-xi-8-72
http://www.zhihu.com/people/xu-min-jun-61
http://www.zhihu.com/people/tian-nan-gua
http://www.zhihu.com/people/uranus-wang
http://www.zhihu.com/people/sleepy-baby
http://www.zhihu.com/people/zhu-ge-chen-yi
http://www.zhihu.com/people/ishanghai
http://www.zhihu.com/people/nadia-32
http://www.zhihu.com/people/hou-anne
http://www.zhihu.com/people/guan-xuan
http://www.zhihu.com/people/zhou-si-yuan-57
http://www.zhihu.com/people/jun-yi-14
http://www.zhihu.com/people/kcwh
http://www.zhihu.com/people/lohas-edu
http://www.zhihu.com/people/_zhao_xu_
http://www.zhihu.com/people/peng-yi-dou
http://www.zhihu.com/people/paloma-80
http://www.zhihu.com/people/yue-shui
http://www.zhihu.com/people/suodi
http://www.zhihu.com/people/fang-wen-32
http://www.zhihu.com/people/cheng-le-le-10
http://www.zhihu.com/people/zhangweizhong
http://www.zhihu.com/people/li-lian-41
http://www.zhihu.com/people/Xieyiyao
http://www.zhihu.com/people/jasonxu-86
http://www.zhihu.com/people/huang-yao-peng
http://www.zhihu.com/people/qiaoerenwu
http://www.zhihu.com/people/gong-yu-80
http://www.zhihu.com/people/fu-wei-xiang
http://www.zhihu.com/people/cai-xiao-gao
http://www.zhihu.com/people/xiao-su-27
http://www.zhihu.com/people/Mr.guo
http://www.zhihu.com/people/andy-5
http://www.zhihu.com/people/parischen
http://www.zhihu.com/people/wang-sha-sha-49
http://www.zhihu.com/people/wang-xuan-41-49
http://www.zhihu.com/people/tan-xiao-yan-2
http://www.zhihu.com/people/yang-qin-bao
http://www.zhihu.com/people/irar
http://www.zhihu.com/people/tan-ri-tian
http://www.zhihu.com/people/cao-man-di
http://www.zhihu.com/people/JohnLou
http://www.zhihu.com/people/calibre-chow
http://www.zhihu.com/people/benlieben
http://www.zhihu.com/people/nuo-nuo-98
http://www.zhihu.com/people/chen-ji-88
http://www.zhihu.com/people/petercai
http://www.zhihu.com/people/cocolee
http://www.zhihu.com/people/she-shi-hao
http://www.zhihu.com/people/qian-mian
http://www.zhihu.com/people/shi-wen-24
http://www.zhihu.com/people/he-li-66
http://www.zhihu.com/people/pwj1568
http://www.zhihu.com/people/zhangdaibo
http://www.zhihu.com/people/echo-5-99
http://www.zhihu.com/people/huangjian
http://www.zhihu.com/people/he-yuan-sheng
http://www.zhihu.com/people/ma-bu-fan
http://www.zhihu.com/people/xu-ze-36-93
http://www.zhihu.com/people/han-peng-qian
http://www.zhihu.com/people/orchardguru
http://www.zhihu.com/people/nan-zhou
http://www.zhihu.com/people/jiang-nu
http://www.zhihu.com/people/thoreau-84
http://www.zhihu.com/people/shao-xiong-64
http://www.zhihu.com/people/atzhihu
http://www.zhihu.com/people/mr.rain
http://www.zhihu.com/people/morea
http://www.zhihu.com/people/subi
http://www.zhihu.com/people/jian-zhi-5
http://www.zhihu.com/people/bitmirage
http://www.zhihu.com/people/su-an-an-68
http://www.zhihu.com/people/zisijiang
http://www.zhihu.com/people/pan-chen-xi
http://www.zhihu.com/people/BeansTang
http://www.zhihu.com/people/bloodycat
http://www.zhihu.com/people/zhou-gang-64
http://www.zhihu.com/people/duo-qi-52
http://www.zhihu.com/people/zhang-xiao-yao-12
http://www.zhihu.com/people/hongyi33
http://www.zhihu.com/people/lin-shu-xin
http://www.zhihu.com/people/cao-zhi-hai
http://www.zhihu.com/people/ge-ni-9
http://www.zhihu.com/people/Metamorphosis_Du
http://www.zhihu.com/people/413698042
http://www.zhihu.com/people/zhangliyu
http://www.zhihu.com/people/stark-46
http://www.zhihu.com/people/rayafjyblue
http://www.zhihu.com/people/kor_yao
http://www.zhihu.com/people/he-shi-yu-46
http://www.zhihu.com/people/joe
http://www.zhihu.com/people/ge-ge-74-87
http://www.zhihu.com/people/eva-xu-25
http://www.zhihu.com/people/yang-yang-39-49
http://www.zhihu.com/people/xsheng-13
http://www.zhihu.com/people/cheng-cheng-36-10
http://www.zhihu.com/people/zhou-xiang-hua-22
http://www.zhihu.com/people/rs-simple
http://www.zhihu.com/people/gaohy
http://www.zhihu.com/people/xie-chu-tong
http://www.zhihu.com/people/soapie
http://www.zhihu.com/people/nicai-sui
http://www.zhihu.com/people/dai-xiao-xi-70
http://www.zhihu.com/people/yvonne1990
http://www.zhihu.com/people/leo-gao-72
http://www.zhihu.com/people/Alway_Zero
http://www.zhihu.com/people/train1110
http://www.zhihu.com/people/ge-ou-xiang
http://www.zhihu.com/people/xiao-chu
http://www.zhihu.com/people/samyhello
http://www.zhihu.com/people/xiao-yin-shao-nu
http://www.zhihu.com/people/hu-zi-30
http://www.zhihu.com/people/baozecheng
http://www.zhihu.com/people/lu-chi-8-61
http://www.zhihu.com/people/eilif
http://www.zhihu.com/people/jim-lu
http://www.zhihu.com/people/cinkieyou
http://www.zhihu.com/people/raydrin
http://www.zhihu.com/people/chen-yong-hui-1
http://www.zhihu.com/people/zhao-ming-he
http://www.zhihu.com/people/bossling
http://www.zhihu.com/people/deng-lei-lei
http://www.zhihu.com/people/darren-64
http://www.zhihu.com/people/luo-kui-lin
http://www.zhihu.com/people/lunatic-61
http://www.zhihu.com/people/huang-ming-liang
http://www.zhihu.com/people/qi-hong-wei
http://www.zhihu.com/people/deng-qi-16
http://www.zhihu.com/people/qiyongwong
http://www.zhihu.com/people/jiang-ge
http://www.zhihu.com/people/chunxiaocc
http://www.zhihu.com/people/pang-luan-luan
http://www.zhihu.com/people/max7m5s
http://www.zhihu.com/people/mao-mao-81-74
http://www.zhihu.com/people/yaochenhao
http://www.zhihu.com/people/guo-___-mu
http://www.zhihu.com/people/capbone
http://www.zhihu.com/people/liu-bing-yan-80
http://www.zhihu.com/people/lai-xiao-ming
http://www.zhihu.com/people/waican
http://www.zhihu.com/people/chan-31
http://www.zhihu.com/people/jonson-fang
http://www.zhihu.com/people/kay.x
http://www.zhihu.com/people/xiao-pan-pan-7
http://www.zhihu.com/people/dong-rong-hua
http://www.zhihu.com/people/ai-jian
http://www.zhihu.com/people/li-yifan-27
http://www.zhihu.com/people/zhou-peng-9
http://www.zhihu.com/people/yong-jie-78
http://www.zhihu.com/people/qdhei521
http://www.zhihu.com/people/sellsoda
http://www.zhihu.com/people/zhang-yi-fan-48
http://www.zhihu.com/people/mandymandy-wang
http://www.zhihu.com/people/shu-yun-36
http://www.zhihu.com/people/zhang-chen-57
http://www.zhihu.com/people/saycet
http://www.zhihu.com/people/pang-ding-wang
http://www.zhihu.com/people/weijiaqi
http://www.zhihu.com/people/superjiajiajia
http://www.zhihu.com/people/zhou-min-61
http://www.zhihu.com/people/zhang-wei-10-7
http://www.zhihu.com/people/niwentian
http://www.zhihu.com/people/zhang-bo-67-32
http://www.zhihu.com/people/yang-yun-45
http://www.zhihu.com/people/sebastian-31-82
http://www.zhihu.com/people/dai-wei-99
http://www.zhihu.com/people/hou-qi-wen
http://www.zhihu.com/people/dou-ya-mei-er
http://www.zhihu.com/people/mi-xiao-li-10
http://www.zhihu.com/people/cawen
http://www.zhihu.com/people/yang-mie-mie-78
http://www.zhihu.com/people/wangchongyang
http://www.zhihu.com/people/blant
http://www.zhihu.com/people/l-elf
http://www.zhihu.com/people/ruizi613
http://www.zhihu.com/people/brangelina
http://www.zhihu.com/people/zheng-xia-ming
http://www.zhihu.com/people/halfer53
http://www.zhihu.com/people/zhang-zhao-20
http://www.zhihu.com/people/bruce-24
http://www.zhihu.com/people/xyfiredark
http://www.zhihu.com/people/yi-yun-yy
http://www.zhihu.com/people/zhang-kou-kou-20
http://www.zhihu.com/people/guqiangqiang
http://www.zhihu.com/people/zhang-wei-zhong
http://www.zhihu.com/people/peoplegxs
http://www.zhihu.com/people/kang-xi-58
http://www.zhihu.com/people/liu-zhe-44
http://www.zhihu.com/people/eric-die
http://www.zhihu.com/people/zhang-peng-zhen
http://www.zhihu.com/people/ciciduff
http://www.zhihu.com/people/kong-rong-26
http://www.zhihu.com/people/zzllss
http://www.zhihu.com/people/de-nan
http://www.zhihu.com/people/dong-xing-pe
http://www.zhihu.com/people/zhou-64
http://www.zhihu.com/people/li-huai-jin
http://www.zhihu.com/people/chen-mo-15-37
http://www.zhihu.com/people/zhang-dan-feng-79
http://www.zhihu.com/people/lu-gui-chen-26
http://www.zhihu.com/people/li-zi-hui-ni
http://www.zhihu.com/people/xu-xue-hen
http://www.zhihu.com/people/leesizhe
http://www.zhihu.com/people/echo-55-6
http://www.zhihu.com/people/adia-you
http://www.zhihu.com/people/yuzhuoran
http://www.zhihu.com/people/li-yan-ge
http://www.zhihu.com/people/yuanshuaiemily
http://www.zhihu.com/people/siqingzheng
http://www.zhihu.com/people/chen-yu-11-79
http://www.zhihu.com/people/li-zhi-kun-35
http://www.zhihu.com/people/jenningsatlarge
http://www.zhihu.com/people/cai-yuan-pei
http://www.zhihu.com/people/zan-qiang
http://www.zhihu.com/people/lepture
http://www.zhihu.com/people/wang-kun-7-73
http://www.zhihu.com/people/wang-guo-dong-34
http://www.zhihu.com/people/zhang-ying-zhou-91
http://www.zhihu.com/people/GionCat
http://www.zhihu.com/people/loem
http://www.zhihu.com/people/ding-jia-tao
http://www.zhihu.com/people/tian-qia
http://www.zhihu.com/people/dai-da-bei
http://www.zhihu.com/people/siwenxiaojie
http://www.zhihu.com/people/melody-chang
http://www.zhihu.com/people/emwu
http://www.zhihu.com/people/diercn
http://www.zhihu.com/people/jing-qi-7
http://www.zhihu.com/people/izeblink
http://www.zhihu.com/people/huang-zhi-hua-30
http://www.zhihu.com/people/ruan-qi-chun
http://www.zhihu.com/people/gao-yang-bo
http://www.zhihu.com/people/yao-zhi-li
http://www.zhihu.com/people/damon-tu
http://www.zhihu.com/people/000088
http://www.zhihu.com/people/Yuliyapeach
http://www.zhihu.com/people/zheng-xiao-fu
http://www.zhihu.com/people/jie-ruo
http://www.zhihu.com/people/qi-qi-52-78
http://www.zhihu.com/people/liu-si-yi-4
http://www.zhihu.com/people/wzz-pku
http://www.zhihu.com/people/mtoc
http://www.zhihu.com/people/ChineseWhisper
http://www.zhihu.com/people/Xavier_TM
http://www.zhihu.com/people/qian-feng-27
http://www.zhihu.com/people/wei-jun-72-33
http://www.zhihu.com/people/henry-chan
http://www.zhihu.com/people/derivev
http://www.zhihu.com/people/tian-su-jun
http://www.zhihu.com/people/jordan-yu-40
http://www.zhihu.com/people/bowenbitch
http://www.zhihu.com/people/xie-pao
http://www.zhihu.com/people/jin-jin-95
http://www.zhihu.com/people/wa-li-76
http://www.zhihu.com/people/john-paul
http://www.zhihu.com/people/shi-sheng-15
http://www.zhihu.com/people/THFQ
http://www.zhihu.com/people/wolf_wu
http://www.zhihu.com/people/chen-yong-lin-25
http://www.zhihu.com/people/riveryau
http://www.zhihu.com/people/Fraecak_l
http://www.zhihu.com/people/weiziyi
http://www.zhihu.com/people/kai-fen
http://www.zhihu.com/people/face-li
http://www.zhihu.com/people/dong-mo-70
http://www.zhihu.com/people/gzzer
http://www.zhihu.com/people/wei--14
http://www.zhihu.com/people/ren-alan
http://www.zhihu.com/people/eana-chan
http://www.zhihu.com/people/zhang-hao-81-78
http://www.zhihu.com/people/yang-fan-5
http://www.zhihu.com/people/zhu-jin-xuan
http://www.zhihu.com/people/zhao-lei-6-77
http://www.zhihu.com/people/liangpeng
http://www.zhihu.com/people/li-zi-zhu-47
http://www.zhihu.com/people/ma-que-10
http://www.zhihu.com/people/li-bei-ni
http://www.zhihu.com/people/allenzhangkai
http://www.zhihu.com/people/zhuang-chu-qin-zhang-yu
http://www.zhihu.com/people/shi-yong-shan
http://www.zhihu.com/people/lun-tai
http://www.zhihu.com/people/VegasWang
http://www.zhihu.com/people/huxixi
http://www.zhihu.com/people/ceng-yi-sen
http://www.zhihu.com/people/drifter-16
http://www.zhihu.com/people/sun-guang-zhao
http://www.zhihu.com/people/liao-yu-ji
http://www.zhihu.com/people/chang-cheng-jiang
http://www.zhihu.com/people/lin-fiona
http://www.zhihu.com/people/tian-jia-jia
http://www.zhihu.com/people/huang-te-jin
http://www.zhihu.com/people/lastingmissi
http://www.zhihu.com/people/yandeng
http://www.zhihu.com/people/zhushaoyue
http://www.zhihu.com/people/viztor
http://www.zhihu.com/people/liu-xin-xin-99
http://www.zhihu.com/people/xiao_li
http://www.zhihu.com/people/du-yu-jing
http://www.zhihu.com/people/xiabuda
http://www.zhihu.com/people/di-xiao-bin
http://www.zhihu.com/people/zhong-ye-zi-49
http://www.zhihu.com/people/phantom-60
http://www.zhihu.com/people/xia-tian-ming
http://www.zhihu.com/people/pan-lang-lang
http://www.zhihu.com/people/lin-liu-wen
http://www.zhihu.com/people/chen-zi-qi-29
http://www.zhihu.com/people/jinson-gnosis
http://www.zhihu.com/people/mr.lady
http://www.zhihu.com/people/zheng-tu-dou-83
http://www.zhihu.com/people/liu-xiang-yu-62
http://www.zhihu.com/people/zhang-de-cheng
http://www.zhihu.com/people/Roy0205816
http://www.zhihu.com/people/richardhly
http://www.zhihu.com/people/lian-xun
http://www.zhihu.com/people/nadaloveluna
http://www.zhihu.com/people/yang-ying-46
http://www.zhihu.com/people/yan-zhao-jun
http://www.zhihu.com/people/miaomrow
http://www.zhihu.com/people/yawninghan
http://www.zhihu.com/people/wjbf
http://www.zhihu.com/people/zheng-hu-li
http://www.zhihu.com/people/qi-jun-zhu
http://www.zhihu.com/people/wei-ren-19
http://www.zhihu.com/people/si-nian-1
http://www.zhihu.com/people/liang-wen-li
http://www.zhihu.com/people/jin-zi-51
http://www.zhihu.com/people/jenniejiang
http://www.zhihu.com/people/wu-shu-yi-63
http://www.zhihu.com/people/calmlee
http://www.zhihu.com/people/melody-su-71
http://www.zhihu.com/people/leelooluu
http://www.zhihu.com/people/liu-xiao-chong
http://www.zhihu.com/people/yi-shu-94
http://www.zhihu.com/people/zhang-yan-36
http://www.zhihu.com/people/chenhang16
http://www.zhihu.com/people/blueice-68
http://www.zhihu.com/people/mengying0960
http://www.zhihu.com/people/gao-yu-teng
http://www.zhihu.com/people/misterecho
http://www.zhihu.com/people/ligexiao
http://www.zhihu.com/people/hou-xue-cun
http://www.zhihu.com/people/tygoonray
http://www.zhihu.com/people/butcherv
http://www.zhihu.com/people/zhou-kai-43
http://www.zhihu.com/people/zhou-bao-zi
http://www.zhihu.com/people/sayes
http://www.zhihu.com/people/zhu-yixin-42
http://www.zhihu.com/people/leocc
http://www.zhihu.com/people/z-s-h
http://www.zhihu.com/people/zhu-xiao-wu-77
http://www.zhihu.com/people/xie-jun-ting-53
http://www.zhihu.com/people/leaderweb
http://www.zhihu.com/people/freetown
http://www.zhihu.com/people/cai-xin-79
http://www.zhihu.com/people/fanhu
http://www.zhihu.com/people/zi-qing-90
http://www.zhihu.com/people/li-xiang-66-51
http://www.zhihu.com/people/da-bo-luo-20
http://www.zhihu.com/people/zhao-xin-yu-89
http://www.zhihu.com/people/wang-ling-shan
http://www.zhihu.com/people/zhang-xun-71-6
http://www.zhihu.com/people/li-lan-fen
http://www.zhihu.com/people/acetylcholine
http://www.zhihu.com/people/chu-pei-rui
http://www.zhihu.com/people/lu-yao-38-28
http://www.zhihu.com/people/li-li-34-58
http://www.zhihu.com/people/huang-long-80
http://www.zhihu.com/people/jerry-cen
http://www.zhihu.com/people/yuke-fighting
http://www.zhihu.com/people/zhuguoqiang
http://www.zhihu.com/people/wang-ke-li-83
http://www.zhihu.com/people/liu-jian-kang-45
http://www.zhihu.com/people/liu-ying-ying-81
http://www.zhihu.com/people/zi-xuan-44
http://www.zhihu.com/people/windfuture
http://www.zhihu.com/people/liu-xing-xing-28
http://www.zhihu.com/people/omyhao
http://www.zhihu.com/people/bai-ying-er
http://www.zhihu.com/people/zhang-zhe-87-4
http://www.zhihu.com/people/de-fu-nu
http://www.zhihu.com/people/ahxxm
http://www.zhihu.com/people/shi-jia-qi-72
http://www.zhihu.com/people/InitialC
http://www.zhihu.com/people/fang-wei-39
http://www.zhihu.com/people/nickys
http://www.zhihu.com/people/linjiahao
http://www.zhihu.com/people/huang-guan-si
http://www.zhihu.com/people/ma-bei-bei-96
http://www.zhihu.com/people/crystal06
http://www.zhihu.com/people/jerrfy
http://www.zhihu.com/people/shepherd
http://www.zhihu.com/people/s5856338
http://www.zhihu.com/people/gao-cheng-han
http://www.zhihu.com/people/wang-wen-han-Ted
http://www.zhihu.com/people/xian-fa-hui
http://www.zhihu.com/people/wu-song-65
http://www.zhihu.com/people/zuoshou
http://www.zhihu.com/people/chen-xiang-13-2
http://www.zhihu.com/people/jin-xiao-guang
http://www.zhihu.com/people/zhao-qi-hui
http://www.zhihu.com/people/dio007
http://www.zhihu.com/people/cranks
http://www.zhihu.com/people/guhongguangju
http://www.zhihu.com/people/jiang-da-pang
http://www.zhihu.com/people/xiaoluxin
http://www.zhihu.com/people/boxgu
http://www.zhihu.com/people/135top
http://www.zhihu.com/people/gong-huan-qi
http://www.zhihu.com/people/bai-zhi-long
http://www.zhihu.com/people/wang-wen-ping
http://www.zhihu.com/people/aoimishi
http://www.zhihu.com/people/lin-geng-rui-58
http://www.zhihu.com/people/xu-yong-jia
http://www.zhihu.com/people/ashbei-er
http://www.zhihu.com/people/yang-chun-17
http://www.zhihu.com/people/li-nuo-67-24
http://www.zhihu.com/people/smallme
http://www.zhihu.com/people/zhang-yiliu
http://www.zhihu.com/people/bin-xin-80
http://www.zhihu.com/people/kehao
http://www.zhihu.com/people/guo-lu-shi
http://www.zhihu.com/people/jiroas
http://www.zhihu.com/people/steve-70
http://www.zhihu.com/people/li-long-tao
http://www.zhihu.com/people/killaxe-jie
http://www.zhihu.com/people/CampusTree
http://www.zhihu.com/people/liufatiao
http://www.zhihu.com/people/wasabi-79
http://www.zhihu.com/people/licht-81
http://www.zhihu.com/people/glacierlee
http://www.zhihu.com/people/qin-kang-bao
http://www.zhihu.com/people/li-wen-yong-16
http://www.zhihu.com/people/rui-jiu-jiu
http://www.zhihu.com/people/yi-zhong-wei
http://www.zhihu.com/people/chopsticks
http://www.zhihu.com/people/icola
http://www.zhihu.com/people/yin-yi-94
http://www.zhihu.com/people/jimmy-zhou
http://www.zhihu.com/people/michelle-zhou-76
http://www.zhihu.com/people/yuan-jun-74
http://www.zhihu.com/people/wang-yuan-66-5
http://www.zhihu.com/people/zhao-zhe-8
http://www.zhihu.com/people/zhou-zi-jian-96
http://www.zhihu.com/people/li-hong-yang-99
http://www.zhihu.com/people/dream-33
http://www.zhihu.com/people/jin-bo-run
http://www.zhihu.com/people/li-chen-chen-88
http://www.zhihu.com/people/fengjuanchengfu
http://www.zhihu.com/people/886688
http://www.zhihu.com/people/xu-rice
http://www.zhihu.com/people/li-shuo-20
http://www.zhihu.com/people/lu-zhu-83
http://www.zhihu.com/people/iyucci
http://www.zhihu.com/people/hongrunj
http://www.zhihu.com/people/lin-bi-mgal
http://www.zhihu.com/people/chen-li-chao-25
http://www.zhihu.com/people/huang-jia-nong
http://www.zhihu.com/people/tang-yiming-24
http://www.zhihu.com/people/yangxin
http://www.zhihu.com/people/clare-tong
http://www.zhihu.com/people/limonzhou
http://www.zhihu.com/people/liu-ying-79
http://www.zhihu.com/people/li-cheng-gan
http://www.zhihu.com/people/zhang-shi-pu
http://www.zhihu.com/people/bing-mez
http://www.zhihu.com/people/Ricahrd.Light
http://www.zhihu.com/people/jing-xiao-liang
http://www.zhihu.com/people/yanguang
http://www.zhihu.com/people/bian-yi-bin
http://www.zhihu.com/people/li-kang-kang-72
http://www.zhihu.com/people/wang-qi-qi-86
http://www.zhihu.com/people/yang-bu-zhi
http://www.zhihu.com/people/lin-xiao-shu-83
http://www.zhihu.com/people/susus
http://www.zhihu.com/people/wangzhinan
http://www.zhihu.com/people/qian-li-72
http://www.zhihu.com/people/jason-j
http://www.zhihu.com/people/joker-86
http://www.zhihu.com/people/xu-fei-60-36
http://www.zhihu.com/people/gkool
http://www.zhihu.com/people/leochin
http://www.zhihu.com/people/silvia-57
http://www.zhihu.com/people/Dominic_
http://www.zhihu.com/people/techoxygen
http://www.zhihu.com/people/johnnical
http://www.zhihu.com/people/peachpeach
http://www.zhihu.com/people/umifam
http://www.zhihu.com/people/star-folding
http://www.zhihu.com/people/yang-yu-ming
http://www.zhihu.com/people/abourne
http://www.zhihu.com/people/liu-chen-15
http://www.zhihu.com/people/monlulu
http://www.zhihu.com/people/spec
http://www.zhihu.com/people/cheng-xun-tao
http://www.zhihu.com/people/zhou-yi-72-70
http://www.zhihu.com/people/qiao-yu-61
http://www.zhihu.com/people/hei-tao
http://www.zhihu.com/people/yang-zhen-8
http://www.zhihu.com/people/xin-yue-2
http://www.zhihu.com/people/du-shen-yan
http://www.zhihu.com/people/lai-xiao-an
http://www.zhihu.com/people/lin-chen-34-38
http://www.zhihu.com/people/yanshanshan
http://www.zhihu.com/people/yuan-ming-17
http://www.zhihu.com/people/julie1126
http://www.zhihu.com/people/you-guo-59
http://www.zhihu.com/people/Selerare
http://www.zhihu.com/people/yang-mi-34
http://www.zhihu.com/people/yi-zhen-fei
http://www.zhihu.com/people/ma-xiao-yan-61
http://www.zhihu.com/people/fu-tian-yuan
http://www.zhihu.com/people/paprikaz
http://www.zhihu.com/people/lu-dao-xiao-ye-qu
http://www.zhihu.com/people/calliope
http://www.zhihu.com/people/li-ha-ha-leo
http://www.zhihu.com/people/wang-xiao-juan-92-12
http://www.zhihu.com/people/li-shi-han-lee
http://www.zhihu.com/people/looli23
http://www.zhihu.com/people/wang-tie-zhu-70
http://www.zhihu.com/people/qtmisewrxf
http://www.zhihu.com/people/colorLee
http://www.zhihu.com/people/mujia
http://www.zhihu.com/people/cai-cheng-yi
http://www.zhihu.com/people/elon-liang
http://www.zhihu.com/people/hu-xiao-4
http://www.zhihu.com/people/feng-xing-xia
http://www.zhihu.com/people/calmu
http://www.zhihu.com/people/yun-si-man
http://www.zhihu.com/people/cheng-hao-81
http://www.zhihu.com/people/york-cheung
http://www.zhihu.com/people/milo-67
http://www.zhihu.com/people/yuting-huang
http://www.zhihu.com/people/xiang-yan-14
http://www.zhihu.com/people/mu-shao-ai-85
http://www.zhihu.com/people/li-li-fei
http://www.zhihu.com/people/xu-shi-fu
http://www.zhihu.com/people/probe
http://www.zhihu.com/people/nordom0x50
http://www.zhihu.com/people/sun-da-sheng-27
http://www.zhihu.com/people/huang-lei-83
http://www.zhihu.com/people/wu-wen-kui
http://www.zhihu.com/people/liu-jia-ming
http://www.zhihu.com/people/kevinzoro
http://www.zhihu.com/people/chinayang
http://www.zhihu.com/people/tangsyau
http://www.zhihu.com/people/jin-chen-yu
http://www.zhihu.com/people/leon-liu-5
http://www.zhihu.com/people/bi-feng
http://www.zhihu.com/people/qiu-teng-jiang
http://www.zhihu.com/people/duan-qian-90
http://www.zhihu.com/people/just-zhe
http://www.zhihu.com/people/ruan-yixiao
http://www.zhihu.com/people/applestory
http://www.zhihu.com/people/luoxr
http://www.zhihu.com/people/mu-yu-72
http://www.zhihu.com/people/bzEq
http://www.zhihu.com/people/zhang-yu-ru
http://www.zhihu.com/people/pan-xiao-25
http://www.zhihu.com/people/yi-yang-30
http://www.zhihu.com/people/liu-yi-cheng-13
http://www.zhihu.com/people/rony-gao
http://www.zhihu.com/people/wan-ming-chao
http://www.zhihu.com/people/detwin
http://www.zhihu.com/people/eric-5
http://www.zhihu.com/people/xue-wa-qia
http://www.zhihu.com/people/guo-xiao-meng
http://www.zhihu.com/people/hu-xing-zhi
http://www.zhihu.com/people/he-yao-56
http://www.zhihu.com/people/zhang-hai-dong-25
http://www.zhihu.com/people/zhao-chen-75
http://www.zhihu.com/people/wang-jia-wei-45-85
http://www.zhihu.com/people/magnexir
http://www.zhihu.com/people/caizhongyuan
http://www.zhihu.com/people/charlotte424
http://www.zhihu.com/people/snailgj
http://www.zhihu.com/people/guo-yi-kang
http://www.zhihu.com/people/ling-yun-76
http://www.zhihu.com/people/iaisin
http://www.zhihu.com/people/bobblin
http://www.zhihu.com/people/quickerzane
http://www.zhihu.com/people/freeman-32
http://www.zhihu.com/people/yan-er-jane
http://www.zhihu.com/people/di-gu
http://www.zhihu.com/people/anjianghong
http://www.zhihu.com/people/chendayun
http://www.zhihu.com/people/wqh-pure
http://www.zhihu.com/people/qiao-feng-30-28
http://www.zhihu.com/people/Dabbler
http://www.zhihu.com/people/hehelovehehe
http://www.zhihu.com/people/yang-rui-21
http://www.zhihu.com/people/hu-ling-huan
http://www.zhihu.com/people/chen-xue-han
http://www.zhihu.com/people/wang-lu-4-86
http://www.zhihu.com/people/bi-you-72
http://www.zhihu.com/people/mrlixianrong
http://www.zhihu.com/people/gao-yin-pan
http://www.zhihu.com/people/zzzzzz
http://www.zhihu.com/people/CNOoo
http://www.zhihu.com/people/wang-jian-88-94
http://www.zhihu.com/people/meiyouzhuya
http://www.zhihu.com/people/paul-42
http://www.zhihu.com/people/li-gou-hai-12-23
http://www.zhihu.com/people/tou-che
http://www.zhihu.com/people/li-zheng-ning
http://www.zhihu.com/people/damonsnow
http://www.zhihu.com/people/sosoloveslife
http://www.zhihu.com/people/liao-han-yu
http://www.zhihu.com/people/JAlex
http://www.zhihu.com/people/wu-yue-37
http://www.zhihu.com/people/xiaodaoren
http://www.zhihu.com/people/zhengguoqiang
http://www.zhihu.com/people/hou-meng-yao
http://www.zhihu.com/people/li-yue-jing
http://www.zhihu.com/people/chen-mo-ling
http://www.zhihu.com/people/nuo-xiao-la
http://www.zhihu.com/people/cheng-qi-ye
http://www.zhihu.com/people/niuniu
http://www.zhihu.com/people/guxizhao
http://www.zhihu.com/people/lin-xiao-chai
http://www.zhihu.com/people/cakvfcwz
http://www.zhihu.com/people/xia-jie-95
http://www.zhihu.com/people/noobylord-bj
http://www.zhihu.com/people/zhu-jing-66-53
http://www.zhihu.com/people/wangbohan
http://www.zhihu.com/people/zhu-xiao-bo-91
http://www.zhihu.com/people/zhuyawen
http://www.zhihu.com/people/kings-90
http://www.zhihu.com/people/yan-xiao-ni
http://www.zhihu.com/people/guo-jing
http://www.zhihu.com/people/shuang-wang
http://www.zhihu.com/people/zhu-chen-ge
http://www.zhihu.com/people/tang-nai-hua
http://www.zhihu.com/people/huakaibuyu
http://www.zhihu.com/people/tcstar
http://www.zhihu.com/people/mousellee
http://www.zhihu.com/people/zhan-ding
http://www.zhihu.com/people/mistyblue
http://www.zhihu.com/people/megamind
http://www.zhihu.com/people/renyingqi
http://www.zhihu.com/people/jonathan-26
http://www.zhihu.com/people/wang-jia-yue
http://www.zhihu.com/people/tao
http://www.zhihu.com/people/wang-le-gao
http://www.zhihu.com/people/mao-qi
http://www.zhihu.com/people/qingzi
http://www.zhihu.com/people/jacobevermore
http://www.zhihu.com/people/yang-meng-
http://www.zhihu.com/people/lu-___-fei
http://www.zhihu.com/people/chenbailing
http://www.zhihu.com/people/cu-mu
http://www.zhihu.com/people/qiu-mu-zi
http://www.zhihu.com/people/dong-xue-61
http://www.zhihu.com/people/lubinwei
http://www.zhihu.com/people/peng-si-jie
http://www.zhihu.com/people/jia-ke-wei
http://www.zhihu.com/people/jing-yuan
http://www.zhihu.com/people/wicket-gate
http://www.zhihu.com/people/lupeining
http://www.zhihu.com/people/ma-ge-52
http://www.zhihu.com/people/ary-shinko
http://www.zhihu.com/people/liu-yan-feng-6
http://www.zhihu.com/people/li-kai-wen-45
http://www.zhihu.com/people/mason-36
http://www.zhihu.com/people/feng-bo-zhao
http://www.zhihu.com/people/wind_shadow
http://www.zhihu.com/people/wangshuqiu
http://www.zhihu.com/people/yang-jiang-he
http://www.zhihu.com/people/cosice
http://www.zhihu.com/people/madouling
http://www.zhihu.com/people/yuger.net
http://www.zhihu.com/people/huo-teng
http://www.zhihu.com/people/xu-mao-mao-79
http://www.zhihu.com/people/ba-qi-95
http://www.zhihu.com/people/blackswan
http://www.zhihu.com/people/tazx
http://www.zhihu.com/people/zhou-xiao-nong
http://www.zhihu.com/people/zhang-hao-22
http://www.zhihu.com/people/wang-tao-52-31
http://www.zhihu.com/people/merlin-47
http://www.zhihu.com/people/reven-69
http://www.zhihu.com/people/cyanday
http://www.zhihu.com/people/shui-di-76
http://www.zhihu.com/people/wangtengchuan
http://www.zhihu.com/people/explorar
http://www.zhihu.com/people/zhenghuiwen
http://www.zhihu.com/people/zhou-yuan-xiang
http://www.zhihu.com/people/zhang-hang-29
http://www.zhihu.com/people/cherrydcy
http://www.zhihu.com/people/ye-tian
http://www.zhihu.com/people/ma-bo-ping
http://www.zhihu.com/people/mituzhifan
http://www.zhihu.com/people/wu-yu-ci
http://www.zhihu.com/people/imceobitch
http://www.zhihu.com/people/zhang-yong-74
http://www.zhihu.com/people/blackbeard
http://www.zhihu.com/people/hou-run-tian
http://www.zhihu.com/people/fang-yi-cheng-73
http://www.zhihu.com/people/cherry-3-66
http://www.zhihu.com/people/wu-hai-25
http://www.zhihu.com/people/he-er-84
http://www.zhihu.com/people/qiu-xiao-qi-7
http://www.zhihu.com/people/agnes-ren
http://www.zhihu.com/people/yi-ming-72-8
http://www.zhihu.com/people/liu-bo-bo
http://www.zhihu.com/people/gino-23
http://www.zhihu.com/people/zhangta
http://www.zhihu.com/people/wu-si-26
http://www.zhihu.com/people/dropby
http://www.zhihu.com/people/li-mu-qing-521
http://www.zhihu.com/people/tian-feng-lin
http://www.zhihu.com/people/tu-guo-qiang
http://www.zhihu.com/people/liu-xiao-guo-94
http://www.zhihu.com/people/tansuo19
http://www.zhihu.com/people/zhou-zheng-wei-93
http://www.zhihu.com/people/zhanghaichuan
http://www.zhihu.com/people/wang-zhi-xiang-66
http://www.zhihu.com/people/zhang-hai-yang-62
http://www.zhihu.com/people/shen-___-qing
http://www.zhihu.com/people/wenabby
http://www.zhihu.com/people/hangzhi
http://www.zhihu.com/people/sunke
http://www.zhihu.com/people/caoyi-29
http://www.zhihu.com/people/Jeffsun
http://www.zhihu.com/people/zengyingjia
http://www.zhihu.com/people/an-xiao-xi
http://www.zhihu.com/people/liu-yan-9-39
http://www.zhihu.com/people/linyifeng0616
http://www.zhihu.com/people/luo-cheng-yuan
http://www.zhihu.com/people/xiao-xiao-zhou
http://www.zhihu.com/people/xu-jing-47
http://www.zhihu.com/people/chen-cheng-68
http://www.zhihu.com/people/zhou-xiao-jian
http://www.zhihu.com/people/spsftshuma
http://www.zhihu.com/people/kalon
http://www.zhihu.com/people/sun-rui-11
http://www.zhihu.com/people/nobodysay
http://www.zhihu.com/people/garhom
http://www.zhihu.com/people/Chorusist
http://www.zhihu.com/people/SkyWalkerAL
http://www.zhihu.com/people/liu-chang-1
http://www.zhihu.com/people/mei-xiao-mao
http://www.zhihu.com/people/yan-hui-zi-36
http://www.zhihu.com/people/weijiang
http://www.zhihu.com/people/li-jun-eileen
http://www.zhihu.com/people/ding-zhao-sai
http://www.zhihu.com/people/jeremylei
http://www.zhihu.com/people/chilly-67
http://www.zhihu.com/people/luthien
http://www.zhihu.com/people/zheng-ji
http://www.zhihu.com/people/youlingcn
http://www.zhihu.com/people/yi-sen-8
http://www.zhihu.com/people/hu-jie-43
http://www.zhihu.com/people/mao-bo-jue
http://www.zhihu.com/people/wang-qiong-13
http://www.zhihu.com/people/ou-yang-yong
http://www.zhihu.com/people/hao-ao-fu
http://www.zhihu.com/people/lin-lin-98-23
http://www.zhihu.com/people/tongjinghao
http://www.zhihu.com/people/chen-feng-95
http://www.zhihu.com/people/wang-jiang-fei
http://www.zhihu.com/people/sunsun-57
http://www.zhihu.com/people/zhi-lin
http://www.zhihu.com/people/liu-chang-70
http://www.zhihu.com/people/cai-cun-liang
http://www.zhihu.com/people/jin-xiao-28
http://www.zhihu.com/people/li-xuan-73-8
http://www.zhihu.com/people/tooyoung
http://www.zhihu.com/people/cao-nan-62
http://www.zhihu.com/people/indream
http://www.zhihu.com/people/mou-jun-feng
http://www.zhihu.com/people/yuukyuu
http://www.zhihu.com/people/ren-zhong-liang
http://www.zhihu.com/people/chen-yuan-chun
http://www.zhihu.com/people/luoyandi
http://www.zhihu.com/people/floria
http://www.zhihu.com/people/chen-jue-20
http://www.zhihu.com/people/wildwilde
http://www.zhihu.com/people/summeray
http://www.zhihu.com/people/yujinhui
http://www.zhihu.com/people/hu-jing-29
http://www.zhihu.com/people/amy-zhang
http://www.zhihu.com/people/mo-you-da
http://www.zhihu.com/people/sun-xi-ting
http://www.zhihu.com/people/dong-xiao-lin-lin
http://www.zhihu.com/people/tao-yuan-59
http://www.zhihu.com/people/leemoispace
http://www.zhihu.com/people/yu-yan-2
http://www.zhihu.com/people/qin-___-jun
http://www.zhihu.com/people/essaye
http://www.zhihu.com/people/cheng-fang-hang
http://www.zhihu.com/people/kong-cheng-dong
http://www.zhihu.com/people/chen-jian-33-39
http://www.zhihu.com/people/chu-xuan-che
http://www.zhihu.com/people/xie-yun-yao
http://www.zhihu.com/people/peng-zhi-ran
http://www.zhihu.com/people/fan-wen-rong
http://www.zhihu.com/people/jonliu
http://www.zhihu.com/people/bigpig
http://www.zhihu.com/people/zhao-___-bai
http://www.zhihu.com/people/lipengbin
http://www.zhihu.com/people/liang-yu-fan
http://www.zhihu.com/people/johnsonguo
http://www.zhihu.com/people/zhang-chen-qing
http://www.zhihu.com/people/henryxyy
http://www.zhihu.com/people/guilin
http://www.zhihu.com/people/xu-xu-dan
http://www.zhihu.com/people/sansmoi
http://www.zhihu.com/people/george-lau
http://www.zhihu.com/people/wang-si-heng-gino
http://www.zhihu.com/people/mondaylaugh
http://www.zhihu.com/people/mei-you-ming-zi-51
http://www.zhihu.com/people/liu-hong-cai
http://www.zhihu.com/people/ccat
http://www.zhihu.com/people/zhao-kang-95-57
http://www.zhihu.com/people/daqihupi
http://www.zhihu.com/people/sun-chao-98
http://www.zhihu.com/people/xie-hang-yu
http://www.zhihu.com/people/shao-chun-lin
http://www.zhihu.com/people/chouthen
http://www.zhihu.com/people/haohaoxuexi
http://www.zhihu.com/people/sys52008
http://www.zhihu.com/people/an-zhi-25
http://www.zhihu.com/people/prowang
http://www.zhihu.com/people/zhang-jian-wei-1225
http://www.zhihu.com/people/liu-zhi-min
http://www.zhihu.com/people/callme314
http://www.zhihu.com/people/wang-xu-11-69
http://www.zhihu.com/people/chen-guang-61
http://www.zhihu.com/people/zhao-shu-chen-29
http://www.zhihu.com/people/guo-guo-67-96
http://www.zhihu.com/people/qquan
http://www.zhihu.com/people/xu-yu-xiang-74
http://www.zhihu.com/people/phos
http://www.zhihu.com/people/chen-tian-li
http://www.zhihu.com/people/yang-ting-yu
http://www.zhihu.com/people/li-bai-he-62
http://www.zhihu.com/people/huang-yu-jing-43
http://www.zhihu.com/people/zibuyu6
http://www.zhihu.com/people/xiahao
http://www.zhihu.com/people/yshone
http://www.zhihu.com/people/xiao-feng-92
http://www.zhihu.com/people/yang-cheng-84
http://www.zhihu.com/people/li-xiao-meng-85
http://www.zhihu.com/people/gemwuu
http://www.zhihu.com/people/zzpro
http://www.zhihu.com/people/fu-peng-47
http://www.zhihu.com/people/redwall
http://www.zhihu.com/people/ooops
http://www.zhihu.com/people/liu-zhen-guo
http://www.zhihu.com/people/fu-jia-qi
http://www.zhihu.com/people/yue-ran-37
http://www.zhihu.com/people/xiao-lin-80
http://www.zhihu.com/people/tang-hai-yang-4
http://www.zhihu.com/people/weng-huo
http://www.zhihu.com/people/geng-zhu-yun
http://www.zhihu.com/people/liu-chang-star
http://www.zhihu.com/people/youxy
http://www.zhihu.com/people/zhong-xin-yue
http://www.zhihu.com/people/lin-fan-63-96
http://www.zhihu.com/people/song-jia-50
http://www.zhihu.com/people/Kay1988
http://www.zhihu.com/people/Libertasss
http://www.zhihu.com/people/joshua-96
http://www.zhihu.com/people/xia-gu-lin
http://www.zhihu.com/people/martin-bi
http://www.zhihu.com/people/david-du
http://www.zhihu.com/people/zhao-yifang
http://www.zhihu.com/people/da-hai-40-57
http://www.zhihu.com/people/fang-yuan-jing
http://www.zhihu.com/people/wu-zhi-peng-48
http://www.zhihu.com/people/laysaw
http://www.zhihu.com/people/sun-qing-shuo
http://www.zhihu.com/people/fixelf
http://www.zhihu.com/people/handong1986
http://www.zhihu.com/people/youmeijiang
http://www.zhihu.com/people/handsommm
http://www.zhihu.com/people/1940Day
http://www.zhihu.com/people/suckitup
http://www.zhihu.com/people/August_Zhou
http://www.zhihu.com/people/wu-ting-ting
http://www.zhihu.com/people/wwww.wangshuping.com
http://www.zhihu.com/people/wu-xiao-sheng
http://www.zhihu.com/people/9410
http://www.zhihu.com/people/song-zong-mei
http://www.zhihu.com/people/shallwego
http://www.zhihu.com/people/zheng-jun-53
http://www.zhihu.com/people/xiao-yang-98
http://www.zhihu.com/people/dusonglovewuqi
http://www.zhihu.com/people/binnng
http://www.zhihu.com/people/flily
http://www.zhihu.com/people/southsoung
http://www.zhihu.com/people/awp33
http://www.zhihu.com/people/xuxun
http://www.zhihu.com/people/chen-wei-bin-40
http://www.zhihu.com/people/chongmu
http://www.zhihu.com/people/su-yun
http://www.zhihu.com/people/rayston92
http://www.zhihu.com/people/he-ke
http://www.zhihu.com/people/shuai-ding-xin-real
http://www.zhihu.com/people/teng-quan
http://www.zhihu.com/people/mu-hua
http://www.zhihu.com/people/gao-da-li
http://www.zhihu.com/people/kuros
http://www.zhihu.com/people/wang-yan-xin-31
http://www.zhihu.com/people/cai-xiao
http://www.zhihu.com/people/tong-wen-jing
http://www.zhihu.com/people/endlessturelove
http://www.zhihu.com/people/chen-yu-ping-10
http://www.zhihu.com/people/wei-du
http://www.zhihu.com/people/yang-cong-quan-man-tou
http://www.zhihu.com/people/lu-duan-wei
http://www.zhihu.com/people/wang-yan-yuan
http://www.zhihu.com/people/danielchen1995
http://www.zhihu.com/people/bu-zhi-xian-sheng-78
http://www.zhihu.com/people/netsos
http://www.zhihu.com/people/jerryzy
http://www.zhihu.com/people/qingxuan
http://www.zhihu.com/people/alexander-75
http://www.zhihu.com/people/qu-yiming
http://www.zhihu.com/people/jiangzhongbo
http://www.zhihu.com/people/oliverxu
http://www.zhihu.com/people/littlesoda
http://www.zhihu.com/people/zhang-ge-84
http://www.zhihu.com/people/yan-wei-47
http://www.zhihu.com/people/unogzx
http://www.zhihu.com/people/zhu-cheng-64
http://www.zhihu.com/people/miaomiaonuannuan
http://www.zhihu.com/people/luexiao12
http://www.zhihu.com/people/cklover
http://www.zhihu.com/people/qian-shu-47
http://www.zhihu.com/people/sweetsmile
http://www.zhihu.com/people/chen-zhe-53
http://www.zhihu.com/people/ponlee
http://www.zhihu.com/people/herolifan
http://www.zhihu.com/people/yu-he-ping
http://www.zhihu.com/people/laura-2
http://www.zhihu.com/people/ai-fei-ai
http://www.zhihu.com/people/xia-song
http://www.zhihu.com/people/zhuang-biao-wei
http://www.zhihu.com/people/bcstyle
http://www.zhihu.com/people/echsie
http://www.zhihu.com/people/yonneyubu
http://www.zhihu.com/people/lianghai
http://www.zhihu.com/people/wang-chu-cheng
http://www.zhihu.com/people/yskin
http://www.zhihu.com/people/disillusione
http://www.zhihu.com/people/lvlvlovejay
http://www.zhihu.com/people/xiao-wei-11-19
http://www.zhihu.com/people/peach
http://www.zhihu.com/people/cao-lin-nuo
http://www.zhihu.com/people/zhou-lei-4-25
http://www.zhihu.com/people/superroubaozi
http://www.zhihu.com/people/yexiaofei
http://www.zhihu.com/people/cai-yan-ting-81
http://www.zhihu.com/people/huo-yu-ping
http://www.zhihu.com/people/cici
http://www.zhihu.com/people/gaozongwen
http://www.zhihu.com/people/yimuxia
http://www.zhihu.com/people/88sir
http://www.zhihu.com/people/sophievv
http://www.zhihu.com/people/lufo
http://www.zhihu.com/people/transey
http://www.zhihu.com/people/liang-ai-zhou
http://www.zhihu.com/people/dxqtm
http://www.zhihu.com/people/IrfanStyle
http://www.zhihu.com/people/zaiyiqi
http://www.zhihu.com/people/lin-sir-64
http://www.zhihu.com/people/eatpoc
http://www.zhihu.com/people/bitrat
http://www.zhihu.com/people/ruan-shi-zi
http://www.zhihu.com/people/mirisa
http://www.zhihu.com/people/ofzihan
http://www.zhihu.com/people/li-huan-16
http://www.zhihu.com/people/Zhendong
http://www.zhihu.com/people/jamiyzeger
http://www.zhihu.com/people/jiuye
http://www.zhihu.com/people/ywzgb
http://www.zhihu.com/people/wang-li-73-75
http://www.zhihu.com/people/jingya
http://www.zhihu.com/people/xaver-16
http://www.zhihu.com/people/bleuet
http://www.zhihu.com/people/xi-yu-man-di
http://www.zhihu.com/people/lan-qiu-71
http://www.zhihu.com/people/she-zhu-xiang
http://www.zhihu.com/people/shimizumint
http://www.zhihu.com/people/gaoshan91
http://www.zhihu.com/people/san-pi
http://www.zhihu.com/people/luo-xiao-2
http://www.zhihu.com/people/louisecheng
http://www.zhihu.com/people/renfeisong
http://www.zhihu.com/people/zhang-pei-long-99
http://www.zhihu.com/people/florence-wu
http://www.zhihu.com/people/larzhang
http://www.zhihu.com/people/hu-tian-yang
http://www.zhihu.com/people/JeOam
http://www.zhihu.com/people/xuechengxi
http://www.zhihu.com/people/puyun
http://www.zhihu.com/people/evenstar
http://www.zhihu.com/people/liuxiang
http://www.zhihu.com/people/wa7chen
http://www.zhihu.com/people/yin-ming-76
http://www.zhihu.com/people/billhan
http://www.zhihu.com/people/Keenor
http://www.zhihu.com/people/fakefilm
http://www.zhihu.com/people/buptguo
http://www.zhihu.com/people/mass
http://www.zhihu.com/people/li-ji-zhao
http://www.zhihu.com/people/qian-qian-zi
http://www.zhihu.com/people/huo-huo-huo
http://www.zhihu.com/people/Victorique
http://www.zhihu.com/people/anyan
http://www.zhihu.com/people/liu-zhi-43
http://www.zhihu.com/people/chenran
http://www.zhihu.com/people/wu-kai-18
http://www.zhihu.com/people/addice
http://www.zhihu.com/people/wang-fei-yu-64
http://www.zhihu.com/people/huang-xiao-hui-2
http://www.zhihu.com/people/zhang-xiao-xiao-76-9
http://www.zhihu.com/people/c166
http://www.zhihu.com/people/huang-xing-chen-1
http://www.zhihu.com/people/xu-bo-ya
http://www.zhihu.com/people/dismory
http://www.zhihu.com/people/Felicity
http://www.zhihu.com/people/india
