http://www.zhihu.com/people/kevinchen8810
http://www.zhihu.com/people/wesley-husky
http://www.zhihu.com/people/ge-xiao-liang-56
http://www.zhihu.com/people/zhang-wei-qiang-62
http://www.zhihu.com/people/fang-zilan
http://www.zhihu.com/people/caodelei
http://www.zhihu.com/people/jing-cheng-10-76
http://www.zhihu.com/people/zhuang-xiao-sheng
http://www.zhihu.com/people/chen-di-pu
http://www.zhihu.com/people/jiang-qi-lin-85
http://www.zhihu.com/people/li-diao-ya-11
http://www.zhihu.com/people/yang-xu-32
http://www.zhihu.com/people/kidding-just-42
http://www.zhihu.com/people/qing-ji-43
http://www.zhihu.com/people/yang-mengqi
http://www.zhihu.com/people/lin-hui-hao-5
http://www.zhihu.com/people/chen-yu-jun-29-72
http://www.zhihu.com/people/xiang-ou
http://www.zhihu.com/people/mr-dos
http://www.zhihu.com/people/taoweiqian
http://www.zhihu.com/people/pei-fang-rui
http://www.zhihu.com/people/manan
http://www.zhihu.com/people/liu-yier-91
http://www.zhihu.com/people/lddhbu
http://www.zhihu.com/people/li-xing-4
http://www.zhihu.com/people/heidfled
http://www.zhihu.com/people/daniel975
http://www.zhihu.com/people/jiggersong
http://www.zhihu.com/people/ma-bo-ping
http://www.zhihu.com/people/daniel988
http://www.zhihu.com/people/ren-wen-gang
http://www.zhihu.com/people/kang-hao-de-edward
http://www.zhihu.com/people/william-ge
http://www.zhihu.com/people/ricardo-ng
http://www.zhihu.com/people/li-nan-7-98
http://www.zhihu.com/people/larrytt
http://www.zhihu.com/people/li-bin-0718
http://www.zhihu.com/people/xian-zhu
http://www.zhihu.com/people/feng-han-chang
http://www.zhihu.com/people/albeyli
http://www.zhihu.com/people/lihaoqiang
http://www.zhihu.com/people/jasonlove
http://www.zhihu.com/people/wu-wen-shuai-12
http://www.zhihu.com/people/kalarea-xie
http://www.zhihu.com/people/fu-wei-qiu-yuan-21
http://www.zhihu.com/people/di-da-da
http://www.zhihu.com/people/xu-xiao-star
http://www.zhihu.com/people/tracywang
http://www.zhihu.com/people/eric-cao-54
http://www.zhihu.com/people/luo-yu-8
http://www.zhihu.com/people/jiang-tao-98
http://www.zhihu.com/people/richard-56
http://www.zhihu.com/people/dong-nan-86-55
http://www.zhihu.com/people/kong-qi-zai-zhan-dou
http://www.zhihu.com/people/rancho-42
http://www.zhihu.com/people/e-mo-de-nai-ba
http://www.zhihu.com/people/blackcat-sath
http://www.zhihu.com/people/wang-lin-tao-92
http://www.zhihu.com/people/wayde_
http://www.zhihu.com/people/gu-pang-pang
http://www.zhihu.com/people/po-wang-shen-you
http://www.zhihu.com/people/xie-nan-44
http://www.zhihu.com/people/vitamin-51
http://www.zhihu.com/people/zhu-li-juan-5
http://www.zhihu.com/people/liu-wei-lin-56
http://www.zhihu.com/people/smallQ
http://www.zhihu.com/people/zhang-qing-77-7
http://www.zhihu.com/people/lu-yang-28
http://www.zhihu.com/people/chang-ge-zi-3
http://www.zhihu.com/people/he-peng-fei-90
http://www.zhihu.com/people/li-nuo-35-71
http://www.zhihu.com/people/peoplegxs
http://www.zhihu.com/people/chang-jiang-79
http://www.zhihu.com/people/xie-peng-97-69
http://www.zhihu.com/people/mastab
http://www.zhihu.com/people/lord2014
http://www.zhihu.com/people/ji-chun-qi
http://www.zhihu.com/people/fiona-ge
http://www.zhihu.com/people/shady-slim-41
http://www.zhihu.com/people/Luciferzio
http://www.zhihu.com/people/mi-yang-guang
http://www.zhihu.com/people/idiot-32
http://www.zhihu.com/people/chen-di-71
http://www.zhihu.com/people/www.aidaiyan.com
http://www.zhihu.com/people/chen-wei-57
http://www.zhihu.com/people/Vaneyu
http://www.zhihu.com/people/zool
http://www.zhihu.com/people/luo-ze-mu
http://www.zhihu.com/people/who-will
http://www.zhihu.com/people/lao-chou
http://www.zhihu.com/people/dong-fang-yi-xiao-55
http://www.zhihu.com/people/xu-cong-wen-26
http://www.zhihu.com/people/uranus-zhou
http://www.zhihu.com/people/lu-yun-78-51
http://www.zhihu.com/people/xiang-han-xi-ju
http://www.zhihu.com/people/there4
http://www.zhihu.com/people/chen-ming-xuan-23
http://www.zhihu.com/people/chen-xiao-xing-74
http://www.zhihu.com/people/zhang-liang-24-43
http://www.zhihu.com/people/bewild
http://www.zhihu.com/people/he-cheng-di
http://www.zhihu.com/people/hello-hi-33
http://www.zhihu.com/people/zhang-hen-meng
http://www.zhihu.com/people/airshisous
http://www.zhihu.com/people/quark
http://www.zhihu.com/people/zhang-ping-72
http://www.zhihu.com/people/yih-zi
http://www.zhihu.com/people/lei-da-51
http://www.zhihu.com/people/yannanxiu
http://www.zhihu.com/people/ma-song-wei
http://www.zhihu.com/people/lin-yong-qing-8
http://www.zhihu.com/people/emmaus3
http://www.zhihu.com/people/si-fen-ke-si
http://www.zhihu.com/people/deng-li-zheng-44
http://www.zhihu.com/people/ShowerLee
http://www.zhihu.com/people/wangkevin5626
http://www.zhihu.com/people/fan-fan-fan-fan-79
http://www.zhihu.com/people/he-tian-jiao
http://www.zhihu.com/people/lanslife
http://www.zhihu.com/people/wen-min-zhe
http://www.zhihu.com/people/tsisrepo
http://www.zhihu.com/people/cheng-sheng-68-38
http://www.zhihu.com/people/zhang-gao-71-47
http://www.zhihu.com/people/li-meng-meng-10
http://www.zhihu.com/people/wanzhongwu
http://www.zhihu.com/people/zhang-yi-72-68
http://www.zhihu.com/people/wang-ruo-ming-97
http://www.zhihu.com/people/ruo-gu-70
http://www.zhihu.com/people/ma-jing-62-53
http://www.zhihu.com/people/xu-xing
http://www.zhihu.com/people/lixinghua
http://www.zhihu.com/people/gao-jing-yu-4
http://www.zhihu.com/people/xie-wan-na
http://www.zhihu.com/people/90see
http://www.zhihu.com/people/jingwaizhiwa
http://www.zhihu.com/people/xu-hao-35
http://www.zhihu.com/people/feel-11
http://www.zhihu.com/people/zhang-hai-dong-25
http://www.zhihu.com/people/yi-xin-35-10-4
http://www.zhihu.com/people/wu-di-83
http://www.zhihu.com/people/qi-xian-79
http://www.zhihu.com/people/liu-ai-yu-40
http://www.zhihu.com/people/sunyifeng
http://www.zhihu.com/people/suan-liao-ge-nai
http://www.zhihu.com/people/syl2012
http://www.zhihu.com/people/guo-yl
http://www.zhihu.com/people/xu-mu-yang-22
http://www.zhihu.com/people/qin-er-76
http://www.zhihu.com/people/mi-fan-xian-sheng
http://www.zhihu.com/people/angelwang
http://www.zhihu.com/people/sun-wei-10-66
http://www.zhihu.com/people/royal924
http://www.zhihu.com/people/chie-le
http://www.zhihu.com/people/yu-bo-87-73
http://www.zhihu.com/people/kasocooler
http://www.zhihu.com/people/zanzhu.net
http://www.zhihu.com/people/qiao-a-lang
http://www.zhihu.com/people/lin-xiao-xi-53
http://www.zhihu.com/people/bob-wang-9
http://www.zhihu.com/people/fang-ren-34
http://www.zhihu.com/people/ray791
http://www.zhihu.com/people/coldlife
http://www.zhihu.com/people/coderx
http://www.zhihu.com/people/pirlo
http://www.zhihu.com/people/ma-kai-23
http://www.zhihu.com/people/wan-chang-6
http://www.zhihu.com/people/lu-gui-chen
http://www.zhihu.com/people/yangryeowi
http://www.zhihu.com/people/lin-xiao-62-15
http://www.zhihu.com/people/chendayun
http://www.zhihu.com/people/jasonaries
http://www.zhihu.com/people/peng-de-wei
http://www.zhihu.com/people/judy-wang-92
http://www.zhihu.com/people/chen-hua-liang
http://www.zhihu.com/people/scofield-he
http://www.zhihu.com/people/bienao
http://www.zhihu.com/people/demorr
http://www.zhihu.com/people/liu-bo-72-2
http://www.zhihu.com/people/hu-shao-hua-90
http://www.zhihu.com/people/cheng-zhong-you
http://www.zhihu.com/people/qjc7480
http://www.zhihu.com/people/gao-song-yun
http://www.zhihu.com/people/vincent-37
http://www.zhihu.com/people/ssssss
http://www.zhihu.com/people/zhao-dian-34
http://www.zhihu.com/people/zhang-tao-48-16
http://www.zhihu.com/people/zhu-rui-xiang
http://www.zhihu.com/people/kan-nm
http://www.zhihu.com/people/hei-zi-49
http://www.zhihu.com/people/song-zi-yuan-97
http://www.zhihu.com/people/nelly-ray
http://www.zhihu.com/people/cheng-fang-hang
http://www.zhihu.com/people/li-xiao-ming-25
http://www.zhihu.com/people/shaxjl
http://www.zhihu.com/people/yao-zhi-nan
http://www.zhihu.com/people/LittleYao
http://www.zhihu.com/people/weizhi.pan
http://www.zhihu.com/people/wolflian
http://www.zhihu.com/people/qu-bao-ming
http://www.zhihu.com/people/hangj
http://www.zhihu.com/people/yueyuebo
http://www.zhihu.com/people/leemoispace
http://www.zhihu.com/people/feng-kui-zhi
http://www.zhihu.com/people/song-si-jia-69
http://www.zhihu.com/people/s5s5
http://www.zhihu.com/people/13igcat
http://www.zhihu.com/people/hong-jie-hong
http://www.zhihu.com/people/an-ran-47-4
http://www.zhihu.com/people/haidao
http://www.zhihu.com/people/qiao-yu-61
http://www.zhihu.com/people/zhong-ren-lei-35
http://www.zhihu.com/people/ma-la-42
http://www.zhihu.com/people/ming-li
http://www.zhihu.com/people/vkle
http://www.zhihu.com/people/chen-qi-34-60
http://www.zhihu.com/people/zhang-li-chen-7
http://www.zhihu.com/people/yuan-you-tao-25
http://www.zhihu.com/people/hara-mikie
http://www.zhihu.com/people/louis-lgyc
http://www.zhihu.com/people/liu-yinan-23
http://www.zhihu.com/people/allan-49
http://www.zhihu.com/people/liutong
http://www.zhihu.com/people/idrink
http://www.zhihu.com/people/zes1109
http://www.zhihu.com/people/zhou-yu-shun
http://www.zhihu.com/people/desperado-90
http://www.zhihu.com/people/yang-hao-62-72
http://www.zhihu.com/people/LH
http://www.zhihu.com/people/fan-xiao-xuan-41
http://www.zhihu.com/people/liang-tian-fu
http://www.zhihu.com/people/huyichuan
http://www.zhihu.com/people/kant
http://www.zhihu.com/people/zi-fei-yu-73
http://www.zhihu.com/people/xiao-yan-hui-27
http://www.zhihu.com/people/shijian1988
http://www.zhihu.com/people/mo-ji-bai
http://www.zhihu.com/people/ludicrous
http://www.zhihu.com/people/wosunsun
http://www.zhihu.com/people/zai-yi-luo
http://www.zhihu.com/people/yao-zhi-li
http://www.zhihu.com/people/zhu-mu-70-83
http://www.zhihu.com/people/AmoLoong
http://www.zhihu.com/people/lu-yan-quan-41
http://www.zhihu.com/people/yuan-shao-cheng
http://www.zhihu.com/people/gao-yu-qing-ray
http://www.zhihu.com/people/iamyukaiyang
http://www.zhihu.com/people/liangkun
http://www.zhihu.com/people/Beargou
http://www.zhihu.com/people/du-ray-71
http://www.zhihu.com/people/hou-jin-gang
http://www.zhihu.com/people/kasmo
http://www.zhihu.com/people/abchello
http://www.zhihu.com/people/yang-tao-50-94
http://www.zhihu.com/people/kong-liang
http://www.zhihu.com/people/undozen
http://www.zhihu.com/people/li-zhi-fei-hu
http://www.zhihu.com/people/ge-wen-xue-61
http://www.zhihu.com/people/sun-xiao-yuan
http://www.zhihu.com/people/longluo
http://www.zhihu.com/people/shao-hao-ming
http://www.zhihu.com/people/zhu-wen-xuan-76
http://www.zhihu.com/people/han-zheng-kun
http://www.zhihu.com/people/zhang-yi-de-8
http://www.zhihu.com/people/alex-liu-10
http://www.zhihu.com/people/lun-tai
http://www.zhihu.com/people/yang-xuan-28
http://www.zhihu.com/people/wherekevin
http://www.zhihu.com/people/lu-lei-74
http://www.zhihu.com/people/puyu
http://www.zhihu.com/people/xie-hai-ping
http://www.zhihu.com/people/mayimayi
http://www.zhihu.com/people/wu-wei-80-7
http://www.zhihu.com/people/kong-lei-26
http://www.zhihu.com/people/bai-peng
http://www.zhihu.com/people/xiao-xiong-56-50
http://www.zhihu.com/people/suniven
http://www.zhihu.com/people/shipengloveqing
http://www.zhihu.com/people/zai-lu-shang-50-61
http://www.zhihu.com/people/klark
http://www.zhihu.com/people/zi-jia-24-67
http://www.zhihu.com/people/chen-feng-29-11
http://www.zhihu.com/people/meng-xiao-qiu
http://www.zhihu.com/people/zhang-xin-yu-80-39
http://www.zhihu.com/people/zhao-cong-cong-51
http://www.zhihu.com/people/asahi-gaby
http://www.zhihu.com/people/mai-ke-mike
http://www.zhihu.com/people/feng-tian-yuan-45
http://www.zhihu.com/people/heubme
http://www.zhihu.com/people/qin-xiao-fei-88
http://www.zhihu.com/people/hu-bian-19
http://www.zhihu.com/people/cheng-chao-fan
http://www.zhihu.com/people/yitbeso
http://www.zhihu.com/people/ckgo
http://www.zhihu.com/people/hxl0708
http://www.zhihu.com/people/zhangyiw
http://www.zhihu.com/people/tian-jing-10
http://www.zhihu.com/people/langzhasq
http://www.zhihu.com/people/lau-musen
http://www.zhihu.com/people/zhou-qing-chang
http://www.zhihu.com/people/ai-ai-4
http://www.zhihu.com/people/yuan-xiao-y
http://www.zhihu.com/people/bai-kai-shui-17
http://www.zhihu.com/people/wang-wen-jian-52
http://www.zhihu.com/people/chence
http://www.zhihu.com/people/yang-xin-ming-4
http://www.zhihu.com/people/wangweidang
http://www.zhihu.com/people/wu-yu-zhi-47
http://www.zhihu.com/people/wang-feng-20-13
http://www.zhihu.com/people/jamesky907
http://www.zhihu.com/people/ibelieve-shan
http://www.zhihu.com/people/shui-mu-wen
http://www.zhihu.com/people/imjackyu
http://www.zhihu.com/people/windhk
http://www.zhihu.com/people/cheng-chang
http://www.zhihu.com/people/luo-li-10
http://www.zhihu.com/people/hu-qi-zhi-32
http://www.zhihu.com/people/xiangjiang
http://www.zhihu.com/people/wu-xuan-89-14
http://www.zhihu.com/people/zhu-yong-qian
http://www.zhihu.com/people/wang-wei-2011
http://www.zhihu.com/people/retsnom
http://www.zhihu.com/people/qiu-chen-yu
http://www.zhihu.com/people/yun-duan-da-xia
http://www.zhihu.com/people/reep-c
http://www.zhihu.com/people/sun-liang-31
http://www.zhihu.com/people/pie-wei
http://www.zhihu.com/people/csoni
http://www.zhihu.com/people/jiang-yuan-hao-91
http://www.zhihu.com/people/shuo-hua
http://www.zhihu.com/people/vincent-tsai-66
http://www.zhihu.com/people/ronaldo-ke
http://www.zhihu.com/people/noahgu
http://www.zhihu.com/people/ren-zhen-12-85
http://www.zhihu.com/people/baixiaoyu
http://www.zhihu.com/people/hulihao
http://www.zhihu.com/people/timss-wu
http://www.zhihu.com/people/shu-dai-xiong-86
http://www.zhihu.com/people/alan07
http://www.zhihu.com/people/bluewhite
http://www.zhihu.com/people/li-man-4
http://www.zhihu.com/people/he-jin-9022
http://www.zhihu.com/people/zhuo-zhi-ying
http://www.zhihu.com/people/ai-chi-rou
http://www.zhihu.com/people/fen-yu-ling-er
http://www.zhihu.com/people/turbokeem
http://www.zhihu.com/people/zenchin-ye
http://www.zhihu.com/people/yun-bu-zhi
http://www.zhihu.com/people/he-xiao-mo
http://www.zhihu.com/people/McGrady_pan
http://www.zhihu.com/people/hu-xiao-yu-58-46
http://www.zhihu.com/people/songyouwei
http://www.zhihu.com/people/li-zhe-kai-72
http://www.zhihu.com/people/leona118
http://www.zhihu.com/people/reasinwong
http://www.zhihu.com/people/zhu-niu-79
http://www.zhihu.com/people/zhang-jun-ming-50
http://www.zhihu.com/people/mi-xian-17
http://www.zhihu.com/people/fan-tian-yu
http://www.zhihu.com/people/liu-zhu-yuan-73
http://www.zhihu.com/people/yhying
http://www.zhihu.com/people/EdwardZXZ
http://www.zhihu.com/people/gao-yao-hui
http://www.zhihu.com/people/xiao-mi-31-9
http://www.zhihu.com/people/sun-tao-40
http://www.zhihu.com/people/xie-mang-qi-78
http://www.zhihu.com/people/wu-hao-dong-888
http://www.zhihu.com/people/hopechong
http://www.zhihu.com/people/tcstar
http://www.zhihu.com/people/pan-ou-yuan
http://www.zhihu.com/people/an-kang-75
http://www.zhihu.com/people/wiki-sou
http://www.zhihu.com/people/yesterising
http://www.zhihu.com/people/raiven
http://www.zhihu.com/people/fuxiucong
http://www.zhihu.com/people/uncharted
http://www.zhihu.com/people/zzz-sir
http://www.zhihu.com/people/boring-do
http://www.zhihu.com/people/hai-guai
http://www.zhihu.com/people/yu-yi-xing-73
http://www.zhihu.com/people/wangzhenwei1015
http://www.zhihu.com/people/chenwenguo
http://www.zhihu.com/people/chumoao
http://www.zhihu.com/people/feng-heng
http://www.zhihu.com/people/li-jun-jian-22
http://www.zhihu.com/people/wei-lian-16
http://www.zhihu.com/people/jia-hong-88
http://www.zhihu.com/people/alan-he
http://www.zhihu.com/people/xuan-yuan-zi-zai
http://www.zhihu.com/people/wicket-gate
http://www.zhihu.com/people/chen-lei-69-3
http://www.zhihu.com/people/yikuanwell
http://www.zhihu.com/people/detwin
http://www.zhihu.com/people/yu-yu-qing-feng
http://www.zhihu.com/people/xu-sherry-1
http://www.zhihu.com/people/madao-32
http://www.zhihu.com/people/guo-shan-zheng
http://www.zhihu.com/people/ma-jun-long-35
http://www.zhihu.com/people/zhang-kang-kang-9
http://www.zhihu.com/people/sento
http://www.zhihu.com/people/huang-ze-kai
http://www.zhihu.com/people/wei-ta-bing
http://www.zhihu.com/people/henryxyy
http://www.zhihu.com/people/yang-sheng-peng-2
http://www.zhihu.com/people/chen-mo-tong-6
http://www.zhihu.com/people/rain2
http://www.zhihu.com/people/yuan-dong-qiang
http://www.zhihu.com/people/advancing-y
http://www.zhihu.com/people/messi-ling
http://www.zhihu.com/people/li-da-peng-93
http://www.zhihu.com/people/li-li-51-53
http://www.zhihu.com/people/zha-si-ting
http://www.zhihu.com/people/yang-zi-hui
http://www.zhihu.com/people/robin-98
http://www.zhihu.com/people/ci-ke-41
http://www.zhihu.com/people/bai-lang-67
http://www.zhihu.com/people/sosljw123
http://www.zhihu.com/people/baiyusheng
http://www.zhihu.com/people/mao-ze-dong
http://www.zhihu.com/people/orzbeta
http://www.zhihu.com/people/taotao-45
http://www.zhihu.com/people/jia-tian-ge
http://www.zhihu.com/people/lan-gong-wen
http://www.zhihu.com/people/julianZhuo
http://www.zhihu.com/people/niu-niu-6-1
http://www.zhihu.com/people/yue-xiang-54
http://www.zhihu.com/people/jonson-fang
http://www.zhihu.com/people/cui-jun-lin
http://www.zhihu.com/people/wee1
http://www.zhihu.com/people/wu-yuan-5297
http://www.zhihu.com/people/huang-yao-peng
http://www.zhihu.com/people/wang-zhen-57
http://www.zhihu.com/people/yin-bo-ran
http://www.zhihu.com/people/Amelie12
http://www.zhihu.com/people/liu-gao-yuan
http://www.zhihu.com/people/zhang-yi-yuan-90
http://www.zhihu.com/people/yang-xi-69-54
http://www.zhihu.com/people/gao-jing-jie
http://www.zhihu.com/people/luoxiaohua
http://www.zhihu.com/people/luckyfish
http://www.zhihu.com/people/zheng-dong-94
http://www.zhihu.com/people/li-liang-5-25
http://www.zhihu.com/people/xia-hal-shi
http://www.zhihu.com/people/zhang-tian-ye
http://www.zhihu.com/people/zhangteng
http://www.zhihu.com/people/xiao-yao-27-16
http://www.zhihu.com/people/ying-49
http://www.zhihu.com/people/bajie8
http://www.zhihu.com/people/yi-feng-shan
http://www.zhihu.com/people/an-fang-xi-zi
http://www.zhihu.com/people/an-yu-82-2
http://www.zhihu.com/people/sunbasten
http://www.zhihu.com/people/yangscar
http://www.zhihu.com/people/yang-lisle
http://www.zhihu.com/people/liu-xiao-kang-8
http://www.zhihu.com/people/jia-zhi-84
http://www.zhihu.com/people/luo-tong-16
http://www.zhihu.com/people/wangxzi
http://www.zhihu.com/people/golter
http://www.zhihu.com/people/chen-ji-93-30
http://www.zhihu.com/people/bai-bai-he-18
http://www.zhihu.com/people/wu-wen-kui
http://www.zhihu.com/people/ti-ta
http://www.zhihu.com/people/mingjiezr
http://www.zhihu.com/people/san-tai-10
http://www.zhihu.com/people/luca-14
http://www.zhihu.com/people/huang-shu-ting-31
http://www.zhihu.com/people/immediate
http://www.zhihu.com/people/cao-xing-zhi
http://www.zhihu.com/people/lu-lao-si
http://www.zhihu.com/people/li-cheng-gan
http://www.zhihu.com/people/yan-er-jane
http://www.zhihu.com/people/alohaschen
http://www.zhihu.com/people/chloe666
http://www.zhihu.com/people/dong-li-yuan-62
http://www.zhihu.com/people/rshe
http://www.zhihu.com/people/lai-zhu-43
http://www.zhihu.com/people/xing-ming-37-30
http://www.zhihu.com/people/hu-tao-58
http://www.zhihu.com/people/sile
http://www.zhihu.com/people/miao-miao-miao-miao-miao-20
http://www.zhihu.com/people/wang-ze-yang-98
http://www.zhihu.com/people/pandakun
http://www.zhihu.com/people/possibilities
http://www.zhihu.com/people/xiao-yao-87-59
http://www.zhihu.com/people/wang-wen-han-Ted
http://www.zhihu.com/people/xuke0830
http://www.zhihu.com/people/zhong-lu-shuang
http://www.zhihu.com/people/lee-ree
http://www.zhihu.com/people/aspirinfox
http://www.zhihu.com/people/ling-shao-huang-43
http://www.zhihu.com/people/wang-zhi-xiang-40
http://www.zhihu.com/people/131419
http://www.zhihu.com/people/ian-lee-25
http://www.zhihu.com/people/leo-ericson
http://www.zhihu.com/people/he-jian-ying-42
http://www.zhihu.com/people/hei-bai-hui-tian
http://www.zhihu.com/people/hao-shi-cong
http://www.zhihu.com/people/shan-yu-58
http://www.zhihu.com/people/si-kai-lan
http://www.zhihu.com/people/zhang-jun-36-94
http://www.zhihu.com/people/zhang-yu-cheng-25
http://www.zhihu.com/people/xi-yue-90
http://www.zhihu.com/people/huang-ha-rui
http://www.zhihu.com/people/vdoe
http://www.zhihu.com/people/sanchar
http://www.zhihu.com/people/Silent_Rosie
http://www.zhihu.com/people/li-yang-16-82-73
http://www.zhihu.com/people/wei-ren-19
http://www.zhihu.com/people/lzr-mammon
http://www.zhihu.com/people/chen-hong-gang-44
http://www.zhihu.com/people/sputnik-53
http://www.zhihu.com/people/tangmk
http://www.zhihu.com/people/qin-dan-21
http://www.zhihu.com/people/wang-chu
http://www.zhihu.com/people/hushering
http://www.zhihu.com/people/ren-zhi-gang
http://www.zhihu.com/people/xu-bo-84
http://www.zhihu.com/people/huat
http://www.zhihu.com/people/chen-zhen-yu-22
http://www.zhihu.com/people/ankelin
http://www.zhihu.com/people/booirror
http://www.zhihu.com/people/lee_from_oak
http://www.zhihu.com/people/john-smith-99
http://www.zhihu.com/people/fu-wei-49-45
http://www.zhihu.com/people/yangming-yue
http://www.zhihu.com/people/hu-yang-shu-6
http://www.zhihu.com/people/huntershi
http://www.zhihu.com/people/shen-ya-nan-44
http://www.zhihu.com/people/yang-jing-ru-20
http://www.zhihu.com/people/feinaiji
http://www.zhihu.com/people/chen-shao-dong-97
http://www.zhihu.com/people/wang-wei-27-92
http://www.zhihu.com/people/jeff_lee
http://www.zhihu.com/people/onlyoly
http://www.zhihu.com/people/hu-chen-32-63
http://www.zhihu.com/people/J899M
http://www.zhihu.com/people/guo-xiao-qi-46
http://www.zhihu.com/people/NGC2392
http://www.zhihu.com/people/li-qi-19
http://www.zhihu.com/people/kaboslin
http://www.zhihu.com/people/wang-lei-25-91
http://www.zhihu.com/people/he-cheng-cheng-40
http://www.zhihu.com/people/dai-zi-zai
http://www.zhihu.com/people/allen-zhou-19
http://www.zhihu.com/people/xiang-yang-86
http://www.zhihu.com/people/a-gu-43
http://www.zhihu.com/people/zhang-qian-77
http://www.zhihu.com/people/wu-yidao-7
http://www.zhihu.com/people/yu-qi-long
http://www.zhihu.com/people/evelyn10
http://www.zhihu.com/people/pingsheng
http://www.zhihu.com/people/ying-mu-hua-chi
http://www.zhihu.com/people/li-yu-shan-89
http://www.zhihu.com/people/soong
http://www.zhihu.com/people/sanqiangz
http://www.zhihu.com/people/luo-fei-77
http://www.zhihu.com/people/cai-xiao-ming-85
http://www.zhihu.com/people/chengt03
http://www.zhihu.com/people/he-yuan-sheng
http://www.zhihu.com/people/zhu-da-da-24
http://www.zhihu.com/people/hacxer
http://www.zhihu.com/people/shi-yu-bin
http://www.zhihu.com/people/huang-cheng-cheng-26
http://www.zhihu.com/people/he-cong-qi
http://www.zhihu.com/people/sunbaoru
http://www.zhihu.com/people/xjsunhit
http://www.zhihu.com/people/arronleung
http://www.zhihu.com/people/gsq09
http://www.zhihu.com/people/chen-ding-ding
http://www.zhihu.com/people/shan-mu-gu
http://www.zhihu.com/people/tian-zhao-hao-qing-nian
http://www.zhihu.com/people/liu-cheng-han
http://www.zhihu.com/people/wuhuan
http://www.zhihu.com/people/wang-ru-86
http://www.zhihu.com/people/yang-tao-93-69
http://www.zhihu.com/people/jillsong
http://www.zhihu.com/people/laojiangtailachibude
http://www.zhihu.com/people/peng-22
http://www.zhihu.com/people/virideao
http://www.zhihu.com/people/he-shi-yu-46
http://www.zhihu.com/people/melon-ding
http://www.zhihu.com/people/neo-hee
http://www.zhihu.com/people/blackpanther
http://www.zhihu.com/people/ceng-zhen-xing-18
http://www.zhihu.com/people/liu-zhi-da
http://www.zhihu.com/people/kingkongli
http://www.zhihu.com/people/thoslin
http://www.zhihu.com/people/fan-xin-yuan-80
http://www.zhihu.com/people/zhua-kuang-jun
http://www.zhihu.com/people/yungui616
http://www.zhihu.com/people/zhang-ming-63-8
http://www.zhihu.com/people/asmishell
http://www.zhihu.com/people/holy-peng
http://www.zhihu.com/people/xia-li-bo
http://www.zhihu.com/people/xiao-chuan-9
http://www.zhihu.com/people/ren-er-cheng
http://www.zhihu.com/people/shark-lee-95
http://www.zhihu.com/people/chen-xiao-liu
http://www.zhihu.com/people/zhao-chen-92
http://www.zhihu.com/people/zhang-chao-34-65
http://www.zhihu.com/people/zhou-wei-72-89
http://www.zhihu.com/people/dr-satyr
http://www.zhihu.com/people/tian-tian-23
http://www.zhihu.com/people/espresso-86
http://www.zhihu.com/people/hai-lin-59
http://www.zhihu.com/people/george-hill
http://www.zhihu.com/people/lu-yong
http://www.zhihu.com/people/heijiajia
http://www.zhihu.com/people/cui-yu-58
http://www.zhihu.com/people/tang-yao-99
http://www.zhihu.com/people/wan-pu
http://www.zhihu.com/people/EzioMa
http://www.zhihu.com/people/xin-ya-long
http://www.zhihu.com/people/jin-dou-dou-10-59
http://www.zhihu.com/people/ning-schue
http://www.zhihu.com/people/fanxiao84
http://www.zhihu.com/people/shi-ji-li
http://www.zhihu.com/people/ren-yi-ming
http://www.zhihu.com/people/wy18881022
http://www.zhihu.com/people/lucas-18-13
http://www.zhihu.com/people/zhang-hui-44
http://www.zhihu.com/people/cao-wen-xuan
http://www.zhihu.com/people/jin-san-san-82
http://www.zhihu.com/people/ciyisheng
http://www.zhihu.com/people/yang-zhen-hai
http://www.zhihu.com/people/weng-xiao-hao-78
http://www.zhihu.com/people/h_p_winston
http://www.zhihu.com/people/kong-shi-fu
http://www.zhihu.com/people/li-ye-86
http://www.zhihu.com/people/wei-ji-ping-78
http://www.zhihu.com/people/sen-shan
http://www.zhihu.com/people/zhang-san-ji-28
http://www.zhihu.com/people/wang-hong-ying-27
http://www.zhihu.com/people/lanke-30
http://www.zhihu.com/people/lonvelykids
http://www.zhihu.com/people/lu-er-15
http://www.zhihu.com/people/liu-yi-39-44
http://www.zhihu.com/people/wang-yun-kai-97
http://www.zhihu.com/people/lin-jia-cheng-31
http://www.zhihu.com/people/tie-he-53
http://www.zhihu.com/people/wang-ji-1-25
http://www.zhihu.com/people/canoe-35
http://www.zhihu.com/people/luis
http://www.zhihu.com/people/xie-bing-43
http://www.zhihu.com/people/dan-dan-33
http://www.zhihu.com/people/naiefang
http://www.zhihu.com/people/bin-bin-48
http://www.zhihu.com/people/soldiermoving
http://www.zhihu.com/people/DavidChou
http://www.zhihu.com/people/huangya-95
http://www.zhihu.com/people/liz-lyn
http://www.zhihu.com/people/tai-feng-50
http://www.zhihu.com/people/leslie-83
http://www.zhihu.com/people/cyz2013
http://www.zhihu.com/people/tang-yuan-zhe
http://www.zhihu.com/people/yu-dong-87-80
http://www.zhihu.com/people/jinhao
http://www.zhihu.com/people/bluedy
http://www.zhihu.com/people/tao-zi-91
http://www.zhihu.com/people/liqiang123
http://www.zhihu.com/people/chou-shao-nu
http://www.zhihu.com/people/steveshining
http://www.zhihu.com/people/ao-tu-kou-tian
http://www.zhihu.com/people/wang-tao-90-52
http://www.zhihu.com/people/qiaojiaxin
http://www.zhihu.com/people/wu-yu-52gc
http://www.zhihu.com/people/sun-xiao-tao-67
http://www.zhihu.com/people/he-huan-63
http://www.zhihu.com/people/chen-hai-di
http://www.zhihu.com/people/sheyingshi
http://www.zhihu.com/people/dai-mian
http://www.zhihu.com/people/shi-di-fen-wang-84
http://www.zhihu.com/people/zhao-qian-ni
http://www.zhihu.com/people/yu-luo-suo
http://www.zhihu.com/people/hou-ye-60
http://www.zhihu.com/people/li-xiang-lan-39
http://www.zhihu.com/people/shui-guo-lu-lu
http://www.zhihu.com/people/scalers
http://www.zhihu.com/people/klose
http://www.zhihu.com/people/zhu-min-63
http://www.zhihu.com/people/noe132
http://www.zhihu.com/people/cheng-yan-yan
http://www.zhihu.com/people/dai-yu-xiu
http://www.zhihu.com/people/fu-wen-pei
http://www.zhihu.com/people/hezudao313
http://www.zhihu.com/people/rou-bo-ding-41
http://www.zhihu.com/people/zhang-zhen-71-57
http://www.zhihu.com/people/yang-liang-27
http://www.zhihu.com/people/da-da-50
http://www.zhihu.com/people/zhao-liang-2012
http://www.zhihu.com/people/yan-guo-qing-75
http://www.zhihu.com/people/wu-yu-an
http://www.zhihu.com/people/qiu-guo-dong
http://www.zhihu.com/people/kong-rong-26
http://www.zhihu.com/people/liu-da-95
http://www.zhihu.com/people/chengzi_2013
http://www.zhihu.com/people/fan-jia-rui
http://www.zhihu.com/people/zuoxia
http://www.zhihu.com/people/yu-bo-yu
http://www.zhihu.com/people/xie-shao-kai
http://www.zhihu.com/people/hu-zhen-yu
http://www.zhihu.com/people/ke-yan-72
http://www.zhihu.com/people/jeanne-liu
http://www.zhihu.com/people/zhang-qiang-20
http://www.zhihu.com/people/gao-shang-lin
http://www.zhihu.com/people/zheng-xin-10
http://www.zhihu.com/people/shmilypeter
http://www.zhihu.com/people/chen-zhi-peng-9
http://www.zhihu.com/people/jiang-huan
http://www.zhihu.com/people/dong-jia-bin
http://www.zhihu.com/people/wen-xiang-mao
http://www.zhihu.com/people/jin-yu-67-14
http://www.zhihu.com/people/xiyuan-chen
http://www.zhihu.com/people/wen-xin-6
http://www.zhihu.com/people/zhang-bo-wen-24
http://www.zhihu.com/people/chris-25
http://www.zhihu.com/people/jin4074
http://www.zhihu.com/people/moghulis
http://www.zhihu.com/people/Kwangao
http://www.zhihu.com/people/wolfxl
http://www.zhihu.com/people/dong-qing-mu-49
http://www.zhihu.com/people/kang-storn
http://www.zhihu.com/people/yang-da-xing
http://www.zhihu.com/people/zhang-da-qian-33
http://www.zhihu.com/people/yang-wei-jie-13
http://www.zhihu.com/people/lu-li-qun
http://www.zhihu.com/people/freya.zuo
http://www.zhihu.com/people/xiang-cheng-mu-gua
http://www.zhihu.com/people/zhao-long-20
http://www.zhihu.com/people/jia-hua-32
http://www.zhihu.com/people/vicodinxyz
http://www.zhihu.com/people/lu-lu-lu-lu-48
http://www.zhihu.com/people/Mag1na
http://www.zhihu.com/people/chen-qiong-yu
http://www.zhihu.com/people/zhang-lei-79-38
http://www.zhihu.com/people/yuan-kai-96
http://www.zhihu.com/people/lytous
http://www.zhihu.com/people/areslau
http://www.zhihu.com/people/li-wei-shan-43
http://www.zhihu.com/people/Driss
http://www.zhihu.com/people/ye-tian-ya
http://www.zhihu.com/people/lin-feng-57-71
http://www.zhihu.com/people/ji-xiao-zhi
http://www.zhihu.com/people/lai-da-hong
http://www.zhihu.com/people/gange
http://www.zhihu.com/people/Xiaoyun_Hu
http://www.zhihu.com/people/liu-bin-50-54
http://www.zhihu.com/people/shi-dong-liang
http://www.zhihu.com/people/a-er-wa
http://www.zhihu.com/people/lazy_yeah
http://www.zhihu.com/people/zhang-min-42
http://www.zhihu.com/people/tang-qi-ge-63
http://www.zhihu.com/people/caroline-6
http://www.zhihu.com/people/advertisements
http://www.zhihu.com/people/wang-mu-mu-39-92
http://www.zhihu.com/people/jun-sheng-71
http://www.zhihu.com/people/wu-su-fang
http://www.zhihu.com/people/heng-ha-76
http://www.zhihu.com/people/tang-duo-ling-91
http://www.zhihu.com/people/sakuya-cao
http://www.zhihu.com/people/huhuaxiaoshuai
http://www.zhihu.com/people/cheng-yi-yuan
http://www.zhihu.com/people/chinahhb
http://www.zhihu.com/people/randolph
http://www.zhihu.com/people/paul-14-93
http://www.zhihu.com/people/han-zhe-9
http://www.zhihu.com/people/xiao-rang
http://www.zhihu.com/people/chen-jia-hao-60
http://www.zhihu.com/people/xi-er-luo
http://www.zhihu.com/people/alice-45-16
http://www.zhihu.com/people/liu-a-liu-18
http://www.zhihu.com/people/su-xiao-bei-50
http://www.zhihu.com/people/su-ma-li-31
http://www.zhihu.com/people/liang-zi-37
http://www.zhihu.com/people/zhang-feng-50
http://www.zhihu.com/people/jing-bo-85
http://www.zhihu.com/people/hu-xing-zhi
http://www.zhihu.com/people/loopool
http://www.zhihu.com/people/han-xue-bo
http://www.zhihu.com/people/fishhh
http://www.zhihu.com/people/lanqing
http://www.zhihu.com/people/mai-zi-65
http://www.zhihu.com/people/zheng-zha-22
http://www.zhihu.com/people/cong-ge-13
http://www.zhihu.com/people/pan-hua-48
http://www.zhihu.com/people/zhanghansi
http://www.zhihu.com/people/tor-vec
http://www.zhihu.com/people/long-li-hong
http://www.zhihu.com/people/okaizzk
http://www.zhihu.com/people/fornane
http://www.zhihu.com/people/he-bu-ke
http://www.zhihu.com/people/luo-ding-9
http://www.zhihu.com/people/huang-ming-liang
http://www.zhihu.com/people/wang-yue-89-19
http://www.zhihu.com/people/faye-qing
http://www.zhihu.com/people/gong-si-liang
http://www.zhihu.com/people/zhang-hu-pan
http://www.zhihu.com/people/clamer
http://www.zhihu.com/people/sun-he-li
http://www.zhihu.com/people/xie-jun-ting-53
http://www.zhihu.com/people/cyjiang
http://www.zhihu.com/people/cao-wang
http://www.zhihu.com/people/zixia-mo
http://www.zhihu.com/people/zhao-jack-73
http://www.zhihu.com/people/wu-zhi-mi
http://www.zhihu.com/people/xiaoker
http://www.zhihu.com/people/huangleping9334
http://www.zhihu.com/people/deviceperk
http://www.zhihu.com/people/zhang-wei-96-23
http://www.zhihu.com/people/shu-yun-36
http://www.zhihu.com/people/jiang-jian-2
http://www.zhihu.com/people/tan-kai-xuan-62
http://www.zhihu.com/people/liang-xiao-quan
http://www.zhihu.com/people/guye
http://www.zhihu.com/people/liu-yi-48-96
http://www.zhihu.com/people/li-jun-da-86
http://www.zhihu.com/people/yao-ze-yun
http://www.zhihu.com/people/frank-yuan-15
http://www.zhihu.com/people/cai-yi-zhi
http://www.zhihu.com/people/liu-lu-41-38
http://www.zhihu.com/people/babein
http://www.zhihu.com/people/itonyzhu
http://www.zhihu.com/people/yang-lin-59
http://www.zhihu.com/people/han-yiyi-73
http://www.zhihu.com/people/lee-queue
http://www.zhihu.com/people/gin-55
http://www.zhihu.com/people/sun-mu-mu-9
http://www.zhihu.com/people/winnie-su
http://www.zhihu.com/people/wiki-wang-10
http://www.zhihu.com/people/ye-jing-zhan-xu-ming
http://www.zhihu.com/people/zhang-yu-nie-68
http://www.zhihu.com/people/li-shu-ming-84
http://www.zhihu.com/people/echo-40-22
http://www.zhihu.com/people/zhuang-sheng-45
http://www.zhihu.com/people/york-cheung
http://www.zhihu.com/people/xu-shao-hua
http://www.zhihu.com/people/zi-lou-zhong-xuan
http://www.zhihu.com/people/zhang-xin-84-60
http://www.zhihu.com/people/gao-si-liang
http://www.zhihu.com/people/ruo-chen-xing
http://www.zhihu.com/people/sun-chen-1116
http://www.zhihu.com/people/niu-niu-93-28
http://www.zhihu.com/people/jonz
http://www.zhihu.com/people/will-wu
http://www.zhihu.com/people/yzcc
http://www.zhihu.com/people/wang-king-80
http://www.zhihu.com/people/yang-xi-73
http://www.zhihu.com/people/sun-feng-shi
http://www.zhihu.com/people/hao-tian-han
http://www.zhihu.com/people/ladymu
http://www.zhihu.com/people/wang-xi-36-46
http://www.zhihu.com/people/dong-fang-wei-ming-1
http://www.zhihu.com/people/su-yihang
http://www.zhihu.com/people/xuan-zhuan-de-ha-te
http://www.zhihu.com/people/chen-qiang-sheng-52
http://www.zhihu.com/people/du-gang-43
http://www.zhihu.com/people/yemso
http://www.zhihu.com/people/huang-lei-si
http://www.zhihu.com/people/fang-xiao-fan-23
http://www.zhihu.com/people/jerryweiaaa
http://www.zhihu.com/people/wang-da-chui-30
http://www.zhihu.com/people/linxishuiyuan
http://www.zhihu.com/people/meng-xian-chao
http://www.zhihu.com/people/wang-hu-96-10
http://www.zhihu.com/people/kxxoling
http://www.zhihu.com/people/qin-li-41
http://www.zhihu.com/people/yi-weng-18
http://www.zhihu.com/people/neptunez
http://www.zhihu.com/people/liu-xiao-ci
http://www.zhihu.com/people/wishq
http://www.zhihu.com/people/evensong
http://www.zhihu.com/people/li-xiao-kui-35
http://www.zhihu.com/people/wang-zi-ping-85
http://www.zhihu.com/people/twowolf
http://www.zhihu.com/people/chen-fan-85
http://www.zhihu.com/people/you-shu-60
http://www.zhihu.com/people/ycziyou
http://www.zhihu.com/people/zhang-hao-wen-94-1
http://www.zhihu.com/people/duanyun
http://www.zhihu.com/people/jiang-yan-song
http://www.zhihu.com/people/guohuanhuan
http://www.zhihu.com/people/wang-jian-xuan
http://www.zhihu.com/people/xuan-yuan-lie-35
http://www.zhihu.com/people/xie-yu-96-58
http://www.zhihu.com/people/zheng-xin-92
http://www.zhihu.com/people/xuzhemin
http://www.zhihu.com/people/tian-qi-61-77
http://www.zhihu.com/people/zhao-fang-ming-7
http://www.zhihu.com/people/zengmin
http://www.zhihu.com/people/zhao-yue-ping
http://www.zhihu.com/people/menthollin
http://www.zhihu.com/people/na-lan-xue-ye-72
http://www.zhihu.com/people/zhang-yang-62-78
http://www.zhihu.com/people/Jeremial
http://www.zhihu.com/people/PatrickGe
http://www.zhihu.com/people/yujinhui
http://www.zhihu.com/people/miao-xiao-cheng
http://www.zhihu.com/people/yao-tian-shuai
http://www.zhihu.com/people/waylife365
http://www.zhihu.com/people/wangfk
http://www.zhihu.com/people/zhang-ji-zhe
http://www.zhihu.com/people/lionel-si
http://www.zhihu.com/people/callmetommy
http://www.zhihu.com/people/yi-chui-wu-yue
http://www.zhihu.com/people/Selerare
http://www.zhihu.com/people/j_nan
http://www.zhihu.com/people/wu-bei-47-18
http://www.zhihu.com/people/guqiangqiang
http://www.zhihu.com/people/yan-wu-ming-26
http://www.zhihu.com/people/liu-yi-65-90
http://www.zhihu.com/people/ling-yun-mu
http://www.zhihu.com/people/wei-hua-zhen
http://www.zhihu.com/people/huang-pa-zhi
http://www.zhihu.com/people/raymond-wang
http://www.zhihu.com/people/TTK
http://www.zhihu.com/people/huang-jia-yang
http://www.zhihu.com/people/va-no
http://www.zhihu.com/people/da-keng-die
http://www.zhihu.com/people/chen-huai-yu-11
http://www.zhihu.com/people/mo-bai-xiang
http://www.zhihu.com/people/cnblue.squirrel
http://www.zhihu.com/people/KirkChang
http://www.zhihu.com/people/eng-p
http://www.zhihu.com/people/eric-76-17
http://www.zhihu.com/people/maskn
http://www.zhihu.com/people/huang-cai-wei
http://www.zhihu.com/people/promise-zhang
http://www.zhihu.com/people/tong-ming-hui
http://www.zhihu.com/people/xie-xin-wei-95
http://www.zhihu.com/people/thefjc
http://www.zhihu.com/people/haichuan
http://www.zhihu.com/people/lynnchen2
http://www.zhihu.com/people/zhang-ying-da-88
http://www.zhihu.com/people/li-xiang-53-20
http://www.zhihu.com/people/qaz123
http://www.zhihu.com/people/shikaijie
http://www.zhihu.com/people/chen-bo-bo-86
http://www.zhihu.com/people/qiao-lu-86
http://www.zhihu.com/people/zhou-quan-18
http://www.zhihu.com/people/bevis-4
http://www.zhihu.com/people/wavelet-14
http://www.zhihu.com/people/zheng-yu-han-16
http://www.zhihu.com/people/lai-qi-hao
http://www.zhihu.com/people/zhao-lei-6-77
http://www.zhihu.com/people/nyanzhang
http://www.zhihu.com/people/bai-lian
http://www.zhihu.com/people/su-kui-46
http://www.zhihu.com/people/sun-xun-37
http://www.zhihu.com/people/dai-xiao-xi-70
http://www.zhihu.com/people/wu-shan-18
http://www.zhihu.com/people/zhang-lin-14
http://www.zhihu.com/people/rong-ma-ma-49
http://www.zhihu.com/people/merlin-47
http://www.zhihu.com/people/banana-maksim
http://www.zhihu.com/people/marvin-50
http://www.zhihu.com/people/wonderway
http://www.zhihu.com/people/mo-kong-79
http://www.zhihu.com/people/luckdavis
http://www.zhihu.com/people/gui-bo-yang
http://www.zhihu.com/people/qing-lian
http://www.zhihu.com/people/suimoxiwei
http://www.zhihu.com/people/song-lao-mo
http://www.zhihu.com/people/zhang-ha-ha-31-79
http://www.zhihu.com/people/xie-kai-90
http://www.zhihu.com/people/yin-ni-ma
http://www.zhihu.com/people/itshui
http://www.zhihu.com/people/liu-lao-san
http://www.zhihu.com/people/jerry-cen
http://www.zhihu.com/people/bao-ku-zi-huang
http://www.zhihu.com/people/si-kong-bei-chen
http://www.zhihu.com/people/sun-yan-42-90
http://www.zhihu.com/people/fan-ye-86
http://www.zhihu.com/people/positive52energy
http://www.zhihu.com/people/zhang-qun-21
http://www.zhihu.com/people/wang-xiao-yang-39
http://www.zhihu.com/people/xianshideliliang12
http://www.zhihu.com/people/CathyWanqing
http://www.zhihu.com/people/shenxianchongzi
http://www.zhihu.com/people/shi-zheng-59
http://www.zhihu.com/people/chen-quan-35-14
http://www.zhihu.com/people/123654789
http://www.zhihu.com/people/19951121
http://www.zhihu.com/people/gao-gao-gao-43
http://www.zhihu.com/people/li-run-56-10
http://www.zhihu.com/people/nan-zhou
http://www.zhihu.com/people/weisiren
http://www.zhihu.com/people/zuimai
http://www.zhihu.com/people/kevin.lu
http://www.zhihu.com/people/bros-warner
http://www.zhihu.com/people/star-guo
http://www.zhihu.com/people/zhang-pang-zi-80
http://www.zhihu.com/people/WhyLiam
http://www.zhihu.com/people/ji-ran-ran-31
http://www.zhihu.com/people/ru-jian-ru-shi
http://www.zhihu.com/people/jia-qi-dian
http://www.zhihu.com/people/liu-bai-chuan-20
http://www.zhihu.com/people/davidying15
http://www.zhihu.com/people/lxXXXxl
http://www.zhihu.com/people/shoaming
http://www.zhihu.com/people/lightman
http://www.zhihu.com/people/mr-cc
http://www.zhihu.com/people/more-live
http://www.zhihu.com/people/yanbin
http://www.zhihu.com/people/shuaige
http://www.zhihu.com/people/jesse-wang-53
http://www.zhihu.com/people/kane-52
http://www.zhihu.com/people/fan-lin-sen-61
http://www.zhihu.com/people/zhang-jia-wei-90-10
http://www.zhihu.com/people/wang-qing-77-90
http://www.zhihu.com/people/cenmusic
http://www.zhihu.com/people/mu-qing-73-75
http://www.zhihu.com/people/ifonly
http://www.zhihu.com/people/firstinout
http://www.zhihu.com/people/jack-wong-17
http://www.zhihu.com/people/zhao-da-pao-42
http://www.zhihu.com/people/ming210
http://www.zhihu.com/people/zhou-xiao-xun-93
http://www.zhihu.com/people/song-zhen-wei
http://www.zhihu.com/people/hai-yang-98
http://www.zhihu.com/people/zorbas
http://www.zhihu.com/people/carls-kavin
http://www.zhihu.com/people/tang-xu-cheng
http://www.zhihu.com/people/guan-ying-tian
http://www.zhihu.com/people/javalxw
http://www.zhihu.com/people/wu-xu-dong-75-10
http://www.zhihu.com/people/lixuan
http://www.zhihu.com/people/john-28
http://www.zhihu.com/people/yucx
http://www.zhihu.com/people/fu-shao-jun
http://www.zhihu.com/people/he-zhen-yu-16
http://www.zhihu.com/people/zhang-qun-91
http://www.zhihu.com/people/zuo-xiao-zai-35
http://www.zhihu.com/people/zheng-hao-tian-12
http://www.zhihu.com/people/xujian-55
http://www.zhihu.com/people/babykiss4ever
http://www.zhihu.com/people/zhang-fan-99-61
http://www.zhihu.com/people/lai-xiao-ming
http://www.zhihu.com/people/wang-hai-chao-13
http://www.zhihu.com/people/ChenHbin
http://www.zhihu.com/people/zhou-gang-64
http://www.zhihu.com/people/ceng-yi-shu
http://www.zhihu.com/people/solliuyang
http://www.zhihu.com/people/cui-honglin
http://www.zhihu.com/people/guo-zan
http://www.zhihu.com/people/he-da-an
http://www.zhihu.com/people/yan-xin-72
http://www.zhihu.com/people/shi-po-tian-44
http://www.zhihu.com/people/heckward-33
http://www.zhihu.com/people/metaphic
http://www.zhihu.com/people/li-ye-64
http://www.zhihu.com/people/acsaga
http://www.zhihu.com/people/pei-jing-36
http://www.zhihu.com/people/xiaoyu-guo-82
http://www.zhihu.com/people/zhao-ming-zhe-83
http://www.zhihu.com/people/liuyue
http://www.zhihu.com/people/xia-qi-la
http://www.zhihu.com/people/never1994
http://www.zhihu.com/people/yu-yang-62-44
http://www.zhihu.com/people/qiao-bang
http://www.zhihu.com/people/joseph-holy
http://www.zhihu.com/people/zhang-jian-xi
http://www.zhihu.com/people/novae
http://www.zhihu.com/people/so_called
http://www.zhihu.com/people/yangyue
http://www.zhihu.com/people/a-piao-5
http://www.zhihu.com/people/zhaoyiyun77
http://www.zhihu.com/people/wei-xiao-93-68
http://www.zhihu.com/people/jiahao90
http://www.zhihu.com/people/mo-mo-20-13
http://www.zhihu.com/people/qu-zhi-36
http://www.zhihu.com/people/chen-yu-99-52
http://www.zhihu.com/people/IdZhang
http://www.zhihu.com/people/chen-jie-43-67
http://www.zhihu.com/people/qone
http://www.zhihu.com/people/ding-xiao-han-31
http://www.zhihu.com/people/storymanliu
http://www.zhihu.com/people/lyzhihu
http://www.zhihu.com/people/jasonloker
http://www.zhihu.com/people/qu-peng-55
http://www.zhihu.com/people/leenkwun
http://www.zhihu.com/people/feng-zi-you-72
http://www.zhihu.com/people/hu-meng-hua
http://www.zhihu.com/people/huang-yu-kun-49
http://www.zhihu.com/people/gao-a-xiong
http://www.zhihu.com/people/shi-xu-zhe
http://www.zhihu.com/people/magicmonk
http://www.zhihu.com/people/EdmondTien
http://www.zhihu.com/people/yan-shi-49
http://www.zhihu.com/people/nishiliu
http://www.zhihu.com/people/thundercat
http://www.zhihu.com/people/williamho
http://www.zhihu.com/people/guan-wen-zhe
http://www.zhihu.com/people/seanwong
http://www.zhihu.com/people/yang-60
http://www.zhihu.com/people/du-yue-song-42
http://www.zhihu.com/people/john-woo-28
http://www.zhihu.com/people/ji-wei-70
http://www.zhihu.com/people/zhang-shi-meng
http://www.zhihu.com/people/zhu-huan-jie
http://www.zhihu.com/people/zhang-san-pi-13
http://www.zhihu.com/people/liu-hao-50
http://www.zhihu.com/people/cavendish
http://www.zhihu.com/people/flyingray
http://www.zhihu.com/people/sun-conrad
http://www.zhihu.com/people/deng-zi-heng
http://www.zhihu.com/people/wangxiaowang
http://www.zhihu.com/people/yan-hong-wei
http://www.zhihu.com/people/wang-bo-en-40
http://www.zhihu.com/people/you-shui-han
http://www.zhihu.com/people/elaineyingh
http://www.zhihu.com/people/Chaoi3
http://www.zhihu.com/people/liu-jia-yuan-7
http://www.zhihu.com/people/zhao-ze-ren-56
http://www.zhihu.com/people/zizaixiaoxiong
http://www.zhihu.com/people/shang-song
http://www.zhihu.com/people/hexiyin
http://www.zhihu.com/people/nourlcn
http://www.zhihu.com/people/he-hao-ren-48
http://www.zhihu.com/people/chang-mu-yuan
http://www.zhihu.com/people/chen-kun-ting
http://www.zhihu.com/people/li-zi-qi-97
http://www.zhihu.com/people/mobozhi
http://www.zhihu.com/people/helen_n
http://www.zhihu.com/people/carlgilbert
http://www.zhihu.com/people/xuexiaozhe
http://www.zhihu.com/people/rs-simple
http://www.zhihu.com/people/fengweizhou
http://www.zhihu.com/people/ben-13
http://www.zhihu.com/people/di-sheng-4
http://www.zhihu.com/people/zhao-nuo-ya-99
http://www.zhihu.com/people/zhu-yixin-42
http://www.zhihu.com/people/shang-guan-rui-61
http://www.zhihu.com/people/zheng-ji
http://www.zhihu.com/people/ren-jie-77-31
http://www.zhihu.com/people/chenjizhe
http://www.zhihu.com/people/wen-kun-guo
http://www.zhihu.com/people/sun-li-qiang
http://www.zhihu.com/people/fsfree
http://www.zhihu.com/people/li-da-ye-19
http://www.zhihu.com/people/wang-zu-shun
http://www.zhihu.com/people/iheng17
http://www.zhihu.com/people/swimgreen
http://www.zhihu.com/people/gong-li-7
http://www.zhihu.com/people/hysic
http://www.zhihu.com/people/bx22
http://www.zhihu.com/people/drunkpeach
http://www.zhihu.com/people/shawn-yang-74
http://www.zhihu.com/people/blankus
http://www.zhihu.com/people/gao-chen-37
http://www.zhihu.com/people/chen-zun-74
http://www.zhihu.com/people/xu-yong-chang
http://www.zhihu.com/people/hao-dai-shi
http://www.zhihu.com/people/xu-jia-bin-98
http://www.zhihu.com/people/he-kai-52
http://www.zhihu.com/people/huang-yu-63-39
http://www.zhihu.com/people/dong-ni-11
http://www.zhihu.com/people/tian-xiao-zhu-84
http://www.zhihu.com/people/xiong-shen-chu
http://www.zhihu.com/people/ni-ni-4
http://www.zhihu.com/people/xoooowi
http://www.zhihu.com/people/mull
http://www.zhihu.com/people/zacharyxsz
http://www.zhihu.com/people/JoeyZhi
http://www.zhihu.com/people/zhang-ben-ben-73
http://www.zhihu.com/people/testing
http://www.zhihu.com/people/tian-peng-23-46
http://www.zhihu.com/people/vincent-wang-20
http://www.zhihu.com/people/yan-li-78
http://www.zhihu.com/people/she-zhao-zhuo
http://www.zhihu.com/people/xiao-mao-5-99
http://www.zhihu.com/people/xia-cheng-8
http://www.zhihu.com/people/ReCaLl.Zzc
http://www.zhihu.com/people/zang-yue-piao-ling
http://www.zhihu.com/people/leehom19919
http://www.zhihu.com/people/zhu-chen-shu
http://www.zhihu.com/people/hu-da-xia-5
http://www.zhihu.com/people/chen-jing-74-86
http://www.zhihu.com/people/qing-song-lu
http://www.zhihu.com/people/zhang-zhi-yuan-54-84
http://www.zhihu.com/people/xu-mu-xi
http://www.zhihu.com/people/liu-yue-bing
http://www.zhihu.com/people/wei-ran-leo
http://www.zhihu.com/people/clarkyu-39
http://www.zhihu.com/people/chen-chang-dong-77
http://www.zhihu.com/people/ljay
http://www.zhihu.com/people/liu-xiao-mian
http://www.zhihu.com/people/zheng-dong-hao
http://www.zhihu.com/people/qian-cao-50
http://www.zhihu.com/people/xiao-bai-mu
http://www.zhihu.com/people/chen-wen-hong-33
http://www.zhihu.com/people/zhang-wei-77-82
http://www.zhihu.com/people/jia-min-yu
http://www.zhihu.com/people/lan-ni-26
http://www.zhihu.com/people/woundman
http://www.zhihu.com/people/mo-wei-zhi-57
http://www.zhihu.com/people/leungs
http://www.zhihu.com/people/cheng-kun-35
http://www.zhihu.com/people/zhangliyu
http://www.zhihu.com/people/dai-xiao-hua
http://www.zhihu.com/people/hean
http://www.zhihu.com/people/cbsheng
http://www.zhihu.com/people/coka
http://www.zhihu.com/people/qing-liu-83-26
http://www.zhihu.com/people/tomorrow
http://www.zhihu.com/people/changdi
http://www.zhihu.com/people/heaven_000
http://www.zhihu.com/people/johnxu
http://www.zhihu.com/people/zhou-yang-37-99
http://www.zhihu.com/people/yu-he-fei
http://www.zhihu.com/people/wu-ruo-xi-39
http://www.zhihu.com/people/fuzhou
http://www.zhihu.com/people/cui-de-xing
http://www.zhihu.com/people/angelmon19
http://www.zhihu.com/people/wtr1213
http://www.zhihu.com/people/renxm
http://www.zhihu.com/people/YY.song
http://www.zhihu.com/people/tong-zhou-14
http://www.zhihu.com/people/Ghcost
http://www.zhihu.com/people/chen-shuang-han
http://www.zhihu.com/people/mr.mirror
http://www.zhihu.com/people/baiguiyu
http://www.zhihu.com/people/lich
http://www.zhihu.com/people/yao-cheng-yu
http://www.zhihu.com/people/frank-26-44
http://www.zhihu.com/people/hao-yue-chen-46
http://www.zhihu.com/people/hong-yi
http://www.zhihu.com/people/patrick-z
http://www.zhihu.com/people/djean
http://www.zhihu.com/people/jun-pan
http://www.zhihu.com/people/wang-rui-89-73
http://www.zhihu.com/people/li-da-hai-98
http://www.zhihu.com/people/he-hui-87
http://www.zhihu.com/people/wang-xiao-jian-18-81
http://www.zhihu.com/people/li-xiao-le-72
http://www.zhihu.com/people/wangyizhuo
http://www.zhihu.com/people/zheng-hao-74-37
http://www.zhihu.com/people/gong-qin-kun
http://www.zhihu.com/people/gu-zhe-ning
http://www.zhihu.com/people/GentleOrange
http://www.zhihu.com/people/gou-zi-yi
http://www.zhihu.com/people/liu-zhi-wei-9224
http://www.zhihu.com/people/fara
http://www.zhihu.com/people/wu-hua-ma-8
http://www.zhihu.com/people/liu-han-yu-38
http://www.zhihu.com/people/wu-de-zhi
http://www.zhihu.com/people/leocc
http://www.zhihu.com/people/youngjiahui
http://www.zhihu.com/people/wen-san-san
http://www.zhihu.com/people/xiliang
http://www.zhihu.com/people/huyaya
http://www.zhihu.com/people/hughfrakes
http://www.zhihu.com/people/lydreamer
http://www.zhihu.com/people/yan-xian-sheng-20
http://www.zhihu.com/people/leen
http://www.zhihu.com/people/franardo-huang
http://www.zhihu.com/people/qi-huan-jia
http://www.zhihu.com/people/zhang-wen-qiang
http://www.zhihu.com/people/bevan_niu
http://www.zhihu.com/people/al-joseph
http://www.zhihu.com/people/du-xing-zhi
http://www.zhihu.com/people/lin-wen-mo
http://www.zhihu.com/people/yu-yao-jie
http://www.zhihu.com/people/chendonglin
http://www.zhihu.com/people/Mattwang11
http://www.zhihu.com/people/Joey9094
http://www.zhihu.com/people/liu-chang-jie-94
http://www.zhihu.com/people/henghengbaby
http://www.zhihu.com/people/bo-cai-28-7
http://www.zhihu.com/people/kid7st
http://www.zhihu.com/people/guanxin8977
http://www.zhihu.com/people/guo-feng-xiao-38
http://www.zhihu.com/people/frank10n
http://www.zhihu.com/people/zhaodao
http://www.zhihu.com/people/yeah-jia-yong
http://www.zhihu.com/people/chamouren
http://www.zhihu.com/people/201312
http://www.zhihu.com/people/zai-jian-an-da
http://www.zhihu.com/people/zhang-yi-fan-48
http://www.zhihu.com/people/zhang-na-71
http://www.zhihu.com/people/he-fu-lin
http://www.zhihu.com/people/masi
http://www.zhihu.com/people/wu-yi-yi
http://www.zhihu.com/people/Detachment
http://www.zhihu.com/people/benphen
http://www.zhihu.com/people/jian-nuo-7
http://www.zhihu.com/people/bao-ying-28-56
http://www.zhihu.com/people/cao-xiao-dian
http://www.zhihu.com/people/wu-wei-99-42
http://www.zhihu.com/people/lai-xiao-quan-5
http://www.zhihu.com/people/xi-yu-86-38
http://www.zhihu.com/people/dreamxiang
http://www.zhihu.com/people/chen-qi-qi-62
http://www.zhihu.com/people/brazt-r
http://www.zhihu.com/people/ni-cai-93
http://www.zhihu.com/people/ai-zi-35
http://www.zhihu.com/people/gao-lu-ji
http://www.zhihu.com/people/sui-xin-er-an
http://www.zhihu.com/people/peng-ying-ben
http://www.zhihu.com/people/he-danny
http://www.zhihu.com/people/wawalala
http://www.zhihu.com/people/tank-007
http://www.zhihu.com/people/kikyoe
http://www.zhihu.com/people/hudanqi
http://www.zhihu.com/people/bao-you-li
http://www.zhihu.com/people/wu-hao-41-56
http://www.zhihu.com/people/KatjaC
http://www.zhihu.com/people/taoqun
http://www.zhihu.com/people/waydeyuan
http://www.zhihu.com/people/liu-xin-fang
http://www.zhihu.com/people/RickHuang
http://www.zhihu.com/people/yang-xiao-83
http://www.zhihu.com/people/smallrabbit
http://www.zhihu.com/people/luo-luo
http://www.zhihu.com/people/wen-an-11
http://www.zhihu.com/people/heluowang
http://www.zhihu.com/people/xia-jia-jun
http://www.zhihu.com/people/garagin
http://www.zhihu.com/people/wang-chun-ze-44
http://www.zhihu.com/people/davee.w
http://www.zhihu.com/people/liu-zhi-yuan-48-71
http://www.zhihu.com/people/yirenzuoshiyirentang
http://www.zhihu.com/people/yang-ke-67
http://www.zhihu.com/people/dasom
http://www.zhihu.com/people/xu-zhu-86-23
http://www.zhihu.com/people/fang-dian-yan
http://www.zhihu.com/people/yang-wei-xiao
http://www.zhihu.com/people/man-flame
http://www.zhihu.com/people/dong-lai-48
http://www.zhihu.com/people/leesizhe
http://www.zhihu.com/people/subucuo
http://www.zhihu.com/people/GamerYulei
http://www.zhihu.com/people/Dabbler
http://www.zhihu.com/people/da-lei-zi-97
http://www.zhihu.com/people/a-hun
http://www.zhihu.com/people/duan-wei-si
http://www.zhihu.com/people/seodug
http://www.zhihu.com/people/wang-yu-xiang-99
http://www.zhihu.com/people/rivila
http://www.zhihu.com/people/a-ze-23
http://www.zhihu.com/people/yang-yi-ling-6
http://www.zhihu.com/people/epaull
http://www.zhihu.com/people/feng-si-92
http://www.zhihu.com/people/wang-chao-38
http://www.zhihu.com/people/zhong-sheng-41
http://www.zhihu.com/people/oscartbag
http://www.zhihu.com/people/li-zhi-peng-damon
http://www.zhihu.com/people/chen-da-ben
http://www.zhihu.com/people/kong-li-fu
http://www.zhihu.com/people/drwong
http://www.zhihu.com/people/xuan-yue-13
http://www.zhihu.com/people/www.maozhifeng.com
http://www.zhihu.com/people/DdSs
http://www.zhihu.com/people/yang-xiao-yu-40-82
http://www.zhihu.com/people/yang-zi-hao-37
http://www.zhihu.com/people/mo-shang-xing-83
http://www.zhihu.com/people/zhou-ding-fa
http://www.zhihu.com/people/enty
http://www.zhihu.com/people/lang-qian-yi
http://www.zhihu.com/people/lu-kun-49
http://www.zhihu.com/people/chadwick-bi
http://www.zhihu.com/people/huang-jun-feng-15
http://www.zhihu.com/people/li-hui-ying-2
http://www.zhihu.com/people/pao-hui-pm
http://www.zhihu.com/people/xibie
http://www.zhihu.com/people/chen-wei-lian
http://www.zhihu.com/people/miao-qiang
http://www.zhihu.com/people/tian-chen-liang-nan-51
http://www.zhihu.com/people/yolanda-han-5
http://www.zhihu.com/people/zhang-xin-20-84
http://www.zhihu.com/people/chen-xiao-gan-62
http://www.zhihu.com/people/derr-78
http://www.zhihu.com/people/cocoalee
http://www.zhihu.com/people/chen-dong-dong-9
http://www.zhihu.com/people/yexiaohan
http://www.zhihu.com/people/zhang-shang-xing
http://www.zhihu.com/people/youyue
http://www.zhihu.com/people/chen-geng
http://www.zhihu.com/people/han-chen-72
http://www.zhihu.com/people/li-shou-yin-89
http://www.zhihu.com/people/zhong-tang-27
http://www.zhihu.com/people/wanhoo
http://www.zhihu.com/people/wu-xiang-dong-67
http://www.zhihu.com/people/yongshixiaomao
http://www.zhihu.com/people/wei-xiao-bao-23-43
http://www.zhihu.com/people/eliven
http://www.zhihu.com/people/yuan-zhi-zhi-56
http://www.zhihu.com/people/deng-beman
http://www.zhihu.com/people/limonzhou
http://www.zhihu.com/people/fishboke
http://www.zhihu.com/people/yuemingist
http://www.zhihu.com/people/yuan-jing-82-81
http://www.zhihu.com/people/wang-zi-chen-61
http://www.zhihu.com/people/qian-bo-wen
http://www.zhihu.com/people/beibey37
http://www.zhihu.com/people/susanlee
http://www.zhihu.com/people/topxebec
http://www.zhihu.com/people/li-mu-58-7
http://www.zhihu.com/people/gao-peng-xphbsy
http://www.zhihu.com/people/Janus
http://www.zhihu.com/people/zhang-jin-ming-29
http://www.zhihu.com/people/zhang-yong-hao
http://www.zhihu.com/people/zhangchongtan
http://www.zhihu.com/people/xu-cheng-79
http://www.zhihu.com/people/ca01ei
http://www.zhihu.com/people/maximo-li
http://www.zhihu.com/people/xjz123
http://www.zhihu.com/people/zhong-xia-3
http://www.zhihu.com/people/vincent-wong-67
http://www.zhihu.com/people/li-quan-zhen
http://www.zhihu.com/people/wang-gui-peng-40
http://www.zhihu.com/people/zhang-zhuo-yue
http://www.zhihu.com/people/evolbio
http://www.zhihu.com/people/luowt08
http://www.zhihu.com/people/flowolf
http://www.zhihu.com/people/tang-qiang-43
http://www.zhihu.com/people/techoxygen
http://www.zhihu.com/people/sun-tao-chong
http://www.zhihu.com/people/du-xiao-wei-14
http://www.zhihu.com/people/yan-yong-li
http://www.zhihu.com/people/zycavalier
http://www.zhihu.com/people/mao-bin-18
http://www.zhihu.com/people/woohaha
http://www.zhihu.com/people/chen-yiwei-83
http://www.zhihu.com/people/huang-bo-82
http://www.zhihu.com/people/xiao-ping-xiong
http://www.zhihu.com/people/ma-ling-pei
http://www.zhihu.com/people/gshen
http://www.zhihu.com/people/zhong-xin-yu-3
http://www.zhihu.com/people/tudouzhengnengliang
http://www.zhihu.com/people/li-jian-hao-31
http://www.zhihu.com/people/hu-jian-19
http://www.zhihu.com/people/zhao-ping-49
http://www.zhihu.com/people/beherrschen
http://www.zhihu.com/people/silentwindy
http://www.zhihu.com/people/chuckwang94
http://www.zhihu.com/people/wang-wei-71-98
http://www.zhihu.com/people/hou-yu-tong
http://www.zhihu.com/people/hou-xue-cun
http://www.zhihu.com/people/zhou-juan-juan
http://www.zhihu.com/people/qingge
http://www.zhihu.com/people/yan-hua-li
http://www.zhihu.com/people/sun-xiang-51
http://www.zhihu.com/people/liang-shuang-15
http://www.zhihu.com/people/qiu-yi-xin
http://www.zhihu.com/people/tang-lao-shi
http://www.zhihu.com/people/fei-xiao-qi
http://www.zhihu.com/people/just1n
http://www.zhihu.com/people/amos-9
http://www.zhihu.com/people/li-hai-bo-78-69
http://www.zhihu.com/people/qin-qin-11
http://www.zhihu.com/people/feng-jian-ren
http://www.zhihu.com/people/li-xiang-9-33
http://www.zhihu.com/people/blacklee
http://www.zhihu.com/people/2guitar
http://www.zhihu.com/people/danco
http://www.zhihu.com/people/lin-en-66
http://www.zhihu.com/people/ceng-hai-yun-69
http://www.zhihu.com/people/jojo-51
http://www.zhihu.com/people/luo-hao-21
http://www.zhihu.com/people/he-wei-wei-78
http://www.zhihu.com/people/cui-kai-95
http://www.zhihu.com/people/highend
http://www.zhihu.com/people/yinyou
http://www.zhihu.com/people/wang-lin-20-82
http://www.zhihu.com/people/edward-31-35
http://www.zhihu.com/people/zhou-yi-long-39
http://www.zhihu.com/people/li-jun-5
http://www.zhihu.com/people/tian-yan-feng
http://www.zhihu.com/people/stephen-cheng
http://www.zhihu.com/people/frankzhang
http://www.zhihu.com/people/zuo-yu-hua
http://www.zhihu.com/people/tolyer
http://www.zhihu.com/people/wang-yi-ke-7
http://www.zhihu.com/people/su7ao
http://www.zhihu.com/people/nesaconstantine
http://www.zhihu.com/people/youlingcn
http://www.zhihu.com/people/kbdmw
http://www.zhihu.com/people/huangxiuchuan
http://www.zhihu.com/people/fan-lei-71
http://www.zhihu.com/people/hanwei59
http://www.zhihu.com/people/allenhung
http://www.zhihu.com/people/da-you
http://www.zhihu.com/people/richardliu
http://www.zhihu.com/people/iamin
http://www.zhihu.com/people/yshone
http://www.zhihu.com/people/lunatic
http://www.zhihu.com/people/huang-xin-99
http://www.zhihu.com/people/qixia
http://www.zhihu.com/people/chen-xin-wei-90
http://www.zhihu.com/people/blk182
http://www.zhihu.com/people/herak
http://www.zhihu.com/people/tongxiaobai
http://www.zhihu.com/people/xuzhe1224
http://www.zhihu.com/people/peng-mu-91
http://www.zhihu.com/people/kong-wei-zhong
http://www.zhihu.com/people/luohaibing
http://www.zhihu.com/people/zhang-shi-zhi
http://www.zhihu.com/people/fa-ge
http://www.zhihu.com/people/danny-ni
http://www.zhihu.com/people/huang-yang-24
http://www.zhihu.com/people/original
http://www.zhihu.com/people/leo-leung-17
http://www.zhihu.com/people/yuan-li-gang-3
http://www.zhihu.com/people/zhao-jie-41
http://www.zhihu.com/people/liu-zhen-yu-68-44
http://www.zhihu.com/people/li-gen-78-90
http://www.zhihu.com/people/he-jun-35
http://www.zhihu.com/people/tashare
http://www.zhihu.com/people/hibye
http://www.zhihu.com/people/kuvick
http://www.zhihu.com/people/liao-xin-hui-95
http://www.zhihu.com/people/junyang24
http://www.zhihu.com/people/zhu-xu-dong-82
http://www.zhihu.com/people/popucui
http://www.zhihu.com/people/li-chun-xiao-53
http://www.zhihu.com/people/rockyice
http://www.zhihu.com/people/ftium4
http://www.zhihu.com/people/kong-de-jun
http://www.zhihu.com/people/sunjun
http://www.zhihu.com/people/kiwiit
http://www.zhihu.com/people/yan-dong-3-12
http://www.zhihu.com/people/zizai
http://www.zhihu.com/people/chai-pi-ma
http://www.zhihu.com/people/alldryc
http://www.zhihu.com/people/xing-hao-peng
http://www.zhihu.com/people/tian-bao-wen
http://www.zhihu.com/people/chaosilver
http://www.zhihu.com/people/coldestplay
http://www.zhihu.com/people/cai-xiao-hu
http://www.zhihu.com/people/liang-bo-51
http://www.zhihu.com/people/cranew
http://www.zhihu.com/people/wang-wen-ping
http://www.zhihu.com/people/xu-cong-wang
http://www.zhihu.com/people/guozhiheng
http://www.zhihu.com/people/echo-93
http://www.zhihu.com/people/david-du
http://www.zhihu.com/people/kyle928
http://www.zhihu.com/people/wang-xiao-hui-58
http://www.zhihu.com/people/pan-qian-hua
http://www.zhihu.com/people/jaxical
http://www.zhihu.com/people/haijiaxuan
http://www.zhihu.com/people/lala
http://www.zhihu.com/people/babyfacer
http://www.zhihu.com/people/huang-chen-15
