http://www.zhihu.com/people/mi-mao-73
http://www.zhihu.com/people/hemg
http://www.zhihu.com/people/elliot-79
http://www.zhihu.com/people/wo-ai-jiao-jiao
http://www.zhihu.com/people/ying-seven
http://www.zhihu.com/people/yao-li-8-38
http://www.zhihu.com/people/weiyaopeng
http://www.zhihu.com/people/zen
http://www.zhihu.com/people/ding-sai-di
http://www.zhihu.com/people/xi-lou-yue-4
http://www.zhihu.com/people/froyo-su
http://www.zhihu.com/people/soldiermoving
http://www.zhihu.com/people/lu-tai-zhui-yu
http://www.zhihu.com/people/wang-jing-ya-3
http://www.zhihu.com/people/nim-nim-61
http://www.zhihu.com/people/xiexiaolong_pku
http://www.zhihu.com/people/xyzxyz
http://www.zhihu.com/people/Gemilly
http://www.zhihu.com/people/yuan-zhi-zhi-56
http://www.zhihu.com/people/campnut
http://www.zhihu.com/people/fajia
http://www.zhihu.com/people/kong-qi-zai-zhan-dou
http://www.zhihu.com/people/bai-lang-67
http://www.zhihu.com/people/lu-jie-jie-3
http://www.zhihu.com/people/he-ma-xiao-jie
http://www.zhihu.com/people/ding-yi-59-4
http://www.zhihu.com/people/zacharyxsz
http://www.zhihu.com/people/yang-zhi-man
http://www.zhihu.com/people/hao-dai-shi
http://www.zhihu.com/people/Chonny
http://www.zhihu.com/people/violah
http://www.zhihu.com/people/tai-zai-yan
http://www.zhihu.com/people/lin-zhao-qin
http://www.zhihu.com/people/hu-wei-ling
http://www.zhihu.com/people/eliton
http://www.zhihu.com/people/black-tomb
http://www.zhihu.com/people/yu-shao-yuan
http://www.zhihu.com/people/hindy
http://www.zhihu.com/people/nanoay
http://www.zhihu.com/people/ying-49
http://www.zhihu.com/people/ba-si-sheng-jiang
http://www.zhihu.com/people/fan-yu-zhen
http://www.zhihu.com/people/feng-hao-84
http://www.zhihu.com/people/94lpp94
http://www.zhihu.com/people/wang-jie-30-37
http://www.zhihu.com/people/nior
http://www.zhihu.com/people/shih
http://www.zhihu.com/people/gracieux.taobao.com
http://www.zhihu.com/people/wu-wei-99-42
http://www.zhihu.com/people/moz-hyper
http://www.zhihu.com/people/sunny-50-65
http://www.zhihu.com/people/cgfr
http://www.zhihu.com/people/lin-mu-mu-86-84
http://www.zhihu.com/people/zhao-yiming-67
http://www.zhihu.com/people/pang-luan-luan
http://www.zhihu.com/people/dong-xin-bao
http://www.zhihu.com/people/zhao-qi-wei
http://www.zhihu.com/people/a-shan-70
http://www.zhihu.com/people/wang-xin-an-8
http://www.zhihu.com/people/eros-44
http://www.zhihu.com/people/kokomi
http://www.zhihu.com/people/lu-yun-82-83
http://www.zhihu.com/people/xiaollz
http://www.zhihu.com/people/baal
http://www.zhihu.com/people/sakula
http://www.zhihu.com/people/youngger
http://www.zhihu.com/people/yang-guang-11-55
http://www.zhihu.com/people/zhangdaibo
http://www.zhihu.com/people/li-tripp
http://www.zhihu.com/people/li-song-ze
http://www.zhihu.com/people/wu-yi-yi
http://www.zhihu.com/people/shen-hao-lang
http://www.zhihu.com/people/Mr.guo
http://www.zhihu.com/people/liu-xu-becky
http://www.zhihu.com/people/zhong717
http://www.zhihu.com/people/chen-bu-zhuang
http://www.zhihu.com/people/chen-xiao-yu-94
http://www.zhihu.com/people/acatinthebox
http://www.zhihu.com/people/huang-xiao-mi-88
http://www.zhihu.com/people/silentmovie
http://www.zhihu.com/people/yang-ling-fei
http://www.zhihu.com/people/mars-cear
http://www.zhihu.com/people/wangorm
http://www.zhihu.com/people/lu-ming-hao
http://www.zhihu.com/people/wang-bo-61
http://www.zhihu.com/people/wisteria
http://www.zhihu.com/people/wen-kun-guo
http://www.zhihu.com/people/jess-zhu
http://www.zhihu.com/people/xiao-bao-75-91
http://www.zhihu.com/people/wenshin
http://www.zhihu.com/people/desperatecat
http://www.zhihu.com/people/qiang-xiao-wei
http://www.zhihu.com/people/cheshire-cat
http://www.zhihu.com/people/gao-guang-ze
http://www.zhihu.com/people/zhou-xiao-jing-69
http://www.zhihu.com/people/vdoe
http://www.zhihu.com/people/tu-tu-92
http://www.zhihu.com/people/liu-xiao-miao-m
http://www.zhihu.com/people/sui-xin-er-an
http://www.zhihu.com/people/zhu-xiao-xing-32
http://www.zhihu.com/people/mi-lu-69-61
http://www.zhihu.com/people/xie-sha-sha-68
http://www.zhihu.com/people/adadada
http://www.zhihu.com/people/chen-yi-jun-98
http://www.zhihu.com/people/yue-yue-jiu-jiu
http://www.zhihu.com/people/heng-cxiao-diao
http://www.zhihu.com/people/monte-wang
http://www.zhihu.com/people/moguu
http://www.zhihu.com/people/zhang-tao-26-35
http://www.zhihu.com/people/tang-xiao-zhou-10
http://www.zhihu.com/people/VerucaChan
http://www.zhihu.com/people/chen-jun-rong-25
http://www.zhihu.com/people/xuan-tian-zong
http://www.zhihu.com/people/li-zhi-kun-35
http://www.zhihu.com/people/yang-mo-hui-yizhi-wu
http://www.zhihu.com/people/chang-qing-wei
http://www.zhihu.com/people/ding-cheng-24-30
http://www.zhihu.com/people/zhang-ruofan-refine
http://www.zhihu.com/people/leo9925
http://www.zhihu.com/people/song-li-58
http://www.zhihu.com/people/cao-yi-an
http://www.zhihu.com/people/zhang-hu-pan
http://www.zhihu.com/people/zhang-ming-56-16
http://www.zhihu.com/people/chen-bo-liang
http://www.zhihu.com/people/zhang-wei-96-23
http://www.zhihu.com/people/tan-momo
http://www.zhihu.com/people/wodezbf
http://www.zhihu.com/people/arthas-yang
http://www.zhihu.com/people/man-flame
http://www.zhihu.com/people/yu-xi-49-74
http://www.zhihu.com/people/hysic
http://www.zhihu.com/people/zhang-pei518710
http://www.zhihu.com/people/lysine
http://www.zhihu.com/people/lau-musen
http://www.zhihu.com/people/haoyaochange
http://www.zhihu.com/people/cao-nan-62
http://www.zhihu.com/people/su-bing-77
http://www.zhihu.com/people/ma-xiao-li-47
http://www.zhihu.com/people/li-ao-wen
http://www.zhihu.com/people/chen-da-shu-91
http://www.zhihu.com/people/cui-wang
http://www.zhihu.com/people/echo-40-22
http://www.zhihu.com/people/chen-ming-ming-19
http://www.zhihu.com/people/jamesky907
http://www.zhihu.com/people/shi-ke-jia
http://www.zhihu.com/people/ttnyh
http://www.zhihu.com/people/davidhe
http://www.zhihu.com/people/he-jia-ke-42
http://www.zhihu.com/people/zhou-zhen-81-42
http://www.zhihu.com/people/ni-chang-jun
http://www.zhihu.com/people/chun-xin-zhi-shi
http://www.zhihu.com/people/nai-yang-83
http://www.zhihu.com/people/xuan-xuan-54
http://www.zhihu.com/people/wang-zi-quan-16
http://www.zhihu.com/people/su-mu-zhe-3
http://www.zhihu.com/people/liz-lyn
http://www.zhihu.com/people/huang-guan-si
http://www.zhihu.com/people/liuniandate
http://www.zhihu.com/people/wan-shi-wu-lao-ban
http://www.zhihu.com/people/morton-hu
http://www.zhihu.com/people/liu-meng-hua
http://www.zhihu.com/people/fiu-pia
http://www.zhihu.com/people/cao-wang
http://www.zhihu.com/people/li-yang-bo-wen-97
http://www.zhihu.com/people/shi-jia-ni-12
http://www.zhihu.com/people/pupa123
http://www.zhihu.com/people/chen-cheng-40-41
http://www.zhihu.com/people/lauyu
http://www.zhihu.com/people/mark-ge-45
http://www.zhihu.com/people/hao-gao-kun
http://www.zhihu.com/people/chen-chao-yi
http://www.zhihu.com/people/liu-ya-kun-1
http://www.zhihu.com/people/lynn-ge
http://www.zhihu.com/people/yan-an-83-94
http://www.zhihu.com/people/shan-hao-yue
http://www.zhihu.com/people/henry-36
http://www.zhihu.com/people/xiang-cheng-mu-gua
http://www.zhihu.com/people/chuan-lu-20
http://www.zhihu.com/people/qu-chong-dong
http://www.zhihu.com/people/tang-hua-an
http://www.zhihu.com/people/fannymanwen
http://www.zhihu.com/people/ca01ei
http://www.zhihu.com/people/yang-su-wen
http://www.zhihu.com/people/he-yong-73
http://www.zhihu.com/people/yao-yao-43-64
http://www.zhihu.com/people/xie-lin-jun-35
http://www.zhihu.com/people/equinox-62
http://www.zhihu.com/people/jiahuiyu
http://www.zhihu.com/people/so-what-9
http://www.zhihu.com/people/dai-lang
http://www.zhihu.com/people/zou-kun-ke
http://www.zhihu.com/people/lu-shuang-1993
http://www.zhihu.com/people/he-zhou-zhou-11
http://www.zhihu.com/people/wang-yipao
http://www.zhihu.com/people/wen-xiao-luo-59
http://www.zhihu.com/people/meng-jia-he
http://www.zhihu.com/people/guo-xiao-yuan-7
http://www.zhihu.com/people/xu-cong-wen-26
http://www.zhihu.com/people/liu-pei-yao-3
http://www.zhihu.com/people/ceng-xiao-xian-3
http://www.zhihu.com/people/lei-sheldon
http://www.zhihu.com/people/foreveryoung
http://www.zhihu.com/people/wang-jia-ji-79
http://www.zhihu.com/people/joe
http://www.zhihu.com/people/nan-lin-71
http://www.zhihu.com/people/zhao-min-95
http://www.zhihu.com/people/ma-kai-23
http://www.zhihu.com/people/joywang0215
http://www.zhihu.com/people/wade-12
http://www.zhihu.com/people/yuenshan-cheung
http://www.zhihu.com/people/Wrong
http://www.zhihu.com/people/guo-rui-yuan-84
http://www.zhihu.com/people/liang-xiao-shuang-55
http://www.zhihu.com/people/chao-ge-89
http://www.zhihu.com/people/chen-xiao-tu-61
http://www.zhihu.com/people/kennethtse
http://www.zhihu.com/people/mu-xi-75
http://www.zhihu.com/people/ke-le-7
http://www.zhihu.com/people/song-xi-67
http://www.zhihu.com/people/boggess
http://www.zhihu.com/people/leng-qia
http://www.zhihu.com/people/an-ying-77
http://www.zhihu.com/people/umikaM
http://www.zhihu.com/people/zhou-xing-yuan-73
http://www.zhihu.com/people/luo-er-96-32
http://www.zhihu.com/people/andy-tian-5
http://www.zhihu.com/people/tao-zhi0328
http://www.zhihu.com/people/niu-han-han
http://www.zhihu.com/people/su-wen-bo-89
http://www.zhihu.com/people/an-kang-75
http://www.zhihu.com/people/lian-dong-23
http://www.zhihu.com/people/bai-li
http://www.zhihu.com/people/xin-yan-22
http://www.zhihu.com/people/KingdomSpace
http://www.zhihu.com/people/kong-rong-26
http://www.zhihu.com/people/zheng-lei-59
http://www.zhihu.com/people/amy-lv-82
http://www.zhihu.com/people/fu-da-da-27
http://www.zhihu.com/people/xiang-hui-95
http://www.zhihu.com/people/stupident
http://www.zhihu.com/people/zheng-lan-lara
http://www.zhihu.com/people/yang-di-27-20
http://www.zhihu.com/people/ding-yu-26
http://www.zhihu.com/people/daniel-mo
http://www.zhihu.com/people/hu-che-40
http://www.zhihu.com/people/gu-gu-gu-11-8
http://www.zhihu.com/people/li-zi-hao-31-76
http://www.zhihu.com/people/jia-hou-zi
http://www.zhihu.com/people/tu-yun-11
http://www.zhihu.com/people/hong-liu-lu-liu
http://www.zhihu.com/people/yan-zi-85
http://www.zhihu.com/people/chen-yu-11-79
http://www.zhihu.com/people/taguellepede
http://www.zhihu.com/people/khowarizmi
http://www.zhihu.com/people/lucybin
http://www.zhihu.com/people/lin-xi-75-22
http://www.zhihu.com/people/laojiangtailachibude
http://www.zhihu.com/people/THFQ
http://www.zhihu.com/people/xiao-da-da-27
http://www.zhihu.com/people/brian-xing
http://www.zhihu.com/people/changzhang
http://www.zhihu.com/people/cui-xiao-er
http://www.zhihu.com/people/tong-qiu-ben
http://www.zhihu.com/people/tonychen-19
http://www.zhihu.com/people/dela
http://www.zhihu.com/people/amber-sun-99
http://www.zhihu.com/people/yi-xiao-ke
http://www.zhihu.com/people/simixn
http://www.zhihu.com/people/li-shu-zhu
http://www.zhihu.com/people/michelle-xin
http://www.zhihu.com/people/wang-gan-yu
http://www.zhihu.com/people/hezudao313
http://www.zhihu.com/people/xymark
http://www.zhihu.com/people/Kamho-Chan-47-76
http://www.zhihu.com/people/mu-xiao-juan
http://www.zhihu.com/people/iamzoe
http://www.zhihu.com/people/zhaigege
http://www.zhihu.com/people/chen-mo-12
http://www.zhihu.com/people/liang-yi-44-78
http://www.zhihu.com/people/hiroluvmayday
http://www.zhihu.com/people/liu-charlie
http://www.zhihu.com/people/jiang-chong-bao
http://www.zhihu.com/people/zhouyao
http://www.zhihu.com/people/chang-ge-zi-3
http://www.zhihu.com/people/chen-an-ping-85-65
http://www.zhihu.com/people/627slst
http://www.zhihu.com/people/xie-zi-yu-54
http://www.zhihu.com/people/lu-jia-11
http://www.zhihu.com/people/jun-hu-97
http://www.zhihu.com/people/al-joseph
http://www.zhihu.com/people/aspirinfox
http://www.zhihu.com/people/su-tong-45
http://www.zhihu.com/people/ying-ge-lan-85
http://www.zhihu.com/people/alice-jean
http://www.zhihu.com/people/guo-yao-16
http://www.zhihu.com/people/pinkcher
http://www.zhihu.com/people/limaxu
http://www.zhihu.com/people/trirec
http://www.zhihu.com/people/pao-fu-1
http://www.zhihu.com/people/gu-fei-yue-87
http://www.zhihu.com/people/wehappy
http://www.zhihu.com/people/huang-fang-65
http://www.zhihu.com/people/jiang-chang-49
http://www.zhihu.com/people/ding-kelly
http://www.zhihu.com/people/yu-zai-fei-19
http://www.zhihu.com/people/you-you-34
http://www.zhihu.com/people/he-huai-huai-yu
http://www.zhihu.com/people/bao-ying-28-56
http://www.zhihu.com/people/he-yuan-41
http://www.zhihu.com/people/bo-luo-ming
http://www.zhihu.com/people/mu-rong-qi-95
http://www.zhihu.com/people/li-jun-feng-95
http://www.zhihu.com/people/su-yang-9-36
http://www.zhihu.com/people/tingting-shieh
http://www.zhihu.com/people/zizaixiaoxiong
http://www.zhihu.com/people/xiong-tian-ba
http://www.zhihu.com/people/zhu-mai-dou
http://www.zhihu.com/people/wang-zi-xiang
http://www.zhihu.com/people/You_Xingjie
http://www.zhihu.com/people/xinzhaobuxuan
http://www.zhihu.com/people/yanzij
http://www.zhihu.com/people/lindsaysay
http://www.zhihu.com/people/li-bu-wei-63
http://www.zhihu.com/people/zhang-yu-sheng-98
http://www.zhihu.com/people/er-nan-20
http://www.zhihu.com/people/zhang-tong-8
http://www.zhihu.com/people/liang-mo-zhi
http://www.zhihu.com/people/quan-quan-35-32
http://www.zhihu.com/people/han-qiu-sheng
http://www.zhihu.com/people/ni-ni-4
http://www.zhihu.com/people/brickyang
http://www.zhihu.com/people/gong-le-tian
http://www.zhihu.com/people/kevin_yjl
http://www.zhihu.com/people/zhao-ye-79
http://www.zhihu.com/people/lai-miao-miao
http://www.zhihu.com/people/cheng-wu-shuang
http://www.zhihu.com/people/zhao-xiao-fang-15
http://www.zhihu.com/people/wen-quan-xi-xi
http://www.zhihu.com/people/sleeplessmoon
http://www.zhihu.com/people/lion-mlle
http://www.zhihu.com/people/simonsyoung
http://www.zhihu.com/people/hu-guo-hua
http://www.zhihu.com/people/jason-liu-8
http://www.zhihu.com/people/hxl0708
http://www.zhihu.com/people/boshao
http://www.zhihu.com/people/www.maozhifeng.com
http://www.zhihu.com/people/ayr1
http://www.zhihu.com/people/lich
http://www.zhihu.com/people/fu-heng
http://www.zhihu.com/people/sickberry
http://www.zhihu.com/people/xie-kai-16-54
http://www.zhihu.com/people/li-hao-82-11
http://www.zhihu.com/people/li-hui-44-8
http://www.zhihu.com/people/he-wei-wei-78
http://www.zhihu.com/people/456312345645
http://www.zhihu.com/people/zhang-hu-66-1
http://www.zhihu.com/people/li-mie-mie-16
http://www.zhihu.com/people/shi-ke-48-30
http://www.zhihu.com/people/KirkChang
http://www.zhihu.com/people/li-zhu-la
http://www.zhihu.com/people/tang-men-52
http://www.zhihu.com/people/ling-chao-93
http://www.zhihu.com/people/cai-xin-79
http://www.zhihu.com/people/rose-61
http://www.zhihu.com/people/wu-jin-han
http://www.zhihu.com/people/xueyan-98
http://www.zhihu.com/people/lai-wei-90
http://www.zhihu.com/people/zhao-jia-ming-22
http://www.zhihu.com/people/da-meng-56
http://www.zhihu.com/people/sannie
http://www.zhihu.com/people/xia-mo-46
http://www.zhihu.com/people/yu-han
http://www.zhihu.com/people/evsx
http://www.zhihu.com/people/su-pei-ran-85
http://www.zhihu.com/people/yirang
http://www.zhihu.com/people/liu-li-74-48-61
http://www.zhihu.com/people/zhang-xiao-juan-60
http://www.zhihu.com/people/lichsatan
http://www.zhihu.com/people/jing-xiao-chu
http://www.zhihu.com/people/gao-jian-qi-86
http://www.zhihu.com/people/soniaxiao-tai-yang
http://www.zhihu.com/people/ma-mi-ma-mi-hong-10
http://www.zhihu.com/people/te-lan-duo-er
http://www.zhihu.com/people/xie-li-li-88
http://www.zhihu.com/people/tao-zi-G
http://www.zhihu.com/people/spencer-47
http://www.zhihu.com/people/chong-meng
http://www.zhihu.com/people/dao-yu-zhou
http://www.zhihu.com/people/yu-xuan-ce
http://www.zhihu.com/people/shabingxuan
http://www.zhihu.com/people/shao-hua-guang
http://www.zhihu.com/people/sydney-5
http://www.zhihu.com/people/pang-guan-zi-pang-shuai
http://www.zhihu.com/people/olive-sweet
http://www.zhihu.com/people/alex-41-18
http://www.zhihu.com/people/pan-xiu-qin-39
http://www.zhihu.com/people/li-zheng-91-39
http://www.zhihu.com/people/cawen
http://www.zhihu.com/people/pewu
http://www.zhihu.com/people/cheng-cheng-VP
http://www.zhihu.com/people/xia-ji-ji-28
http://www.zhihu.com/people/yao-peng-75
http://www.zhihu.com/people/pan-jie-72
http://www.zhihu.com/people/DANNY1120
http://www.zhihu.com/people/bin-liu-7
http://www.zhihu.com/people/zhu-ge-chen-yi
http://www.zhihu.com/people/mtd798
http://www.zhihu.com/people/liu-kun-peng
http://www.zhihu.com/people/fang-xiao-fan-23
http://www.zhihu.com/people/zuimai
http://www.zhihu.com/people/liu-bai-lu-16
http://www.zhihu.com/people/yueshizhoupu
http://www.zhihu.com/people/zhang-qi-qi-9
http://www.zhihu.com/people/czpd
http://www.zhihu.com/people/feng-mou-mou-58-79
http://www.zhihu.com/people/reinicio
http://www.zhihu.com/people/bingbing-67
http://www.zhihu.com/people/gao-gao-72
http://www.zhihu.com/people/carolzhong
http://www.zhihu.com/people/qin-xiao-feng-24
http://www.zhihu.com/people/yuan-sui-33
http://www.zhihu.com/people/ceng-ni
http://www.zhihu.com/people/yu-mu-21
http://www.zhihu.com/people/bu-lu-bu-la-di-de-man
http://www.zhihu.com/people/neil-35-70
http://www.zhihu.com/people/yun-tu-42
http://www.zhihu.com/people/rooockyang
http://www.zhihu.com/people/zheng-hui-hui-20
http://www.zhihu.com/people/zhang-bin-31-96
http://www.zhihu.com/people/liang-tu-dou
http://www.zhihu.com/people/juyrays
http://www.zhihu.com/people/li-yang-39-72
http://www.zhihu.com/people/zi-liu-jing-37
http://www.zhihu.com/people/barry-chen-4
http://www.zhihu.com/people/j_nan
http://www.zhihu.com/people/xia-liu-35
http://www.zhihu.com/people/jiang-cheng-yu-25
http://www.zhihu.com/people/gao-yun-fan
http://www.zhihu.com/people/fang-lin-wei
http://www.zhihu.com/people/kaxocheung
http://www.zhihu.com/people/cai-yiwei-31
http://www.zhihu.com/people/guan-shan-7
http://www.zhihu.com/people/zhaoyuekent
http://www.zhihu.com/people/qianz-ding
http://www.zhihu.com/people/song-fei-yang
http://www.zhihu.com/people/kevinbai
http://www.zhihu.com/people/liu-xiao-ting-89
http://www.zhihu.com/people/monica-61
http://www.zhihu.com/people/lu-zi-lu-76
http://www.zhihu.com/people/youngjiahui
http://www.zhihu.com/people/xia_xi
http://www.zhihu.com/people/xiao-yu-68-76
http://www.zhihu.com/people/wuie
http://www.zhihu.com/people/li-hong-72
http://www.zhihu.com/people/song-da-dao-6
http://www.zhihu.com/people/yao-xiao-hui-619
http://www.zhihu.com/people/stephen-deng
http://www.zhihu.com/people/shuang-wang
http://www.zhihu.com/people/wu-mian-qing
http://www.zhihu.com/people/fu-yu-50
http://www.zhihu.com/people/rou-bo-ding-41
http://www.zhihu.com/people/sha-sha-85-45
http://www.zhihu.com/people/ji-ran-ran-31
http://www.zhihu.com/people/mime1205
http://www.zhihu.com/people/quan-tian-xia-de-ren
http://www.zhihu.com/people/zlandys
http://www.zhihu.com/people/yu-gu-14
http://www.zhihu.com/people/EdwardZXZ
http://www.zhihu.com/people/andyfoolish
http://www.zhihu.com/people/li-dang-bai
http://www.zhihu.com/people/littlesoda
http://www.zhihu.com/people/feng-si-zheng
http://www.zhihu.com/people/pan-jie-yao
http://www.zhihu.com/people/lu-yue-14
http://www.zhihu.com/people/defuselightman
http://www.zhihu.com/people/neal-83
http://www.zhihu.com/people/nicol-chen
http://www.zhihu.com/people/christy-xu
http://www.zhihu.com/people/mo-fei-si
http://www.zhihu.com/people/xie-xiao-qiang-16
http://www.zhihu.com/people/bi-shui-du-yong-gan-44
http://www.zhihu.com/people/ying-ye-78
http://www.zhihu.com/people/zhang-zhi-hu-32-57
http://www.zhihu.com/people/xiang-zi-18
http://www.zhihu.com/people/miyabethia
http://www.zhihu.com/people/chenranran
http://www.zhihu.com/people/zhou-xi-ying
http://www.zhihu.com/people/dian-yin-gou
http://www.zhihu.com/people/liang-xiao-xin-84
http://www.zhihu.com/people/qing-song-lu
http://www.zhihu.com/people/lu-chi-8-61
http://www.zhihu.com/people/chen-zi-7-13
http://www.zhihu.com/people/li-zhao-zhao-65
http://www.zhihu.com/people/siyi-yu
http://www.zhihu.com/people/wucheryl
http://www.zhihu.com/people/kikima
http://www.zhihu.com/people/fengren
http://www.zhihu.com/people/jia-da-mi-28
http://www.zhihu.com/people/ji-mao-mao
http://www.zhihu.com/people/liao-zhou-yi
http://www.zhihu.com/people/xi-feng-de-hai-zi
http://www.zhihu.com/people/yong-sheng
http://www.zhihu.com/people/zai-yu-jian-ta
http://www.zhihu.com/people/jiang-hai-tao-23
http://www.zhihu.com/people/veeera
http://www.zhihu.com/people/peng-hao-74
http://www.zhihu.com/people/luoxiaoju
http://www.zhihu.com/people/Mu-sea
http://www.zhihu.com/people/zhang-peng-59-48
http://www.zhihu.com/people/hebc
http://www.zhihu.com/people/leexiang-70
http://www.zhihu.com/people/zhong-rui-83
http://www.zhihu.com/people/chen-hao-yang-84
http://www.zhihu.com/people/li-xiang-31-9
http://www.zhihu.com/people/yi-ba-43
http://www.zhihu.com/people/scarlettliu
http://www.zhihu.com/people/ren-er-cheng
http://www.zhihu.com/people/mu-ba-er
http://www.zhihu.com/people/suri-12
http://www.zhihu.com/people/pai-da-xing-6-28
http://www.zhihu.com/people/juelu
http://www.zhihu.com/people/li-shou-yin-89
http://www.zhihu.com/people/FantasticCathy
http://www.zhihu.com/people/ray-who-72
http://www.zhihu.com/people/neofdy
http://www.zhihu.com/people/echosol
http://www.zhihu.com/people/kristinliu
http://www.zhihu.com/people/sun-mu-mu-9
http://www.zhihu.com/people/zhou-ya-zi
http://www.zhihu.com/people/ji-xiao-yu-37
http://www.zhihu.com/people/schumiq
http://www.zhihu.com/people/zhao-er-san
http://www.zhihu.com/people/shi-er-22-54
http://www.zhihu.com/people/e-tong
http://www.zhihu.com/people/dao-dao-1400
http://www.zhihu.com/people/jaqea-shey
http://www.zhihu.com/people/zhang-na-71
http://www.zhihu.com/people/j-sisi
http://www.zhihu.com/people/sun-bei-89
http://www.zhihu.com/people/yangyang.happy
http://www.zhihu.com/people/yao-er-54-48
http://www.zhihu.com/people/huluwahappy
http://www.zhihu.com/people/qi-peng-23
http://www.zhihu.com/people/liu-ze-18-75
http://www.zhihu.com/people/lydreamer
http://www.zhihu.com/people/yuanyahan
http://www.zhihu.com/people/qi-hong-wei
http://www.zhihu.com/people/baitu
http://www.zhihu.com/people/ding-ding-84-86
http://www.zhihu.com/people/shu-shu-33
http://www.zhihu.com/people/jun-yi-14
http://www.zhihu.com/people/ai-jing-er-50
http://www.zhihu.com/people/ying-ying-lau
http://www.zhihu.com/people/ivanlee
http://www.zhihu.com/people/ming-xiao-cheng-79
http://www.zhihu.com/people/zai-yi-luo
http://www.zhihu.com/people/zhang-yi-fan-48
http://www.zhihu.com/people/sun-jing-tian-jt
http://www.zhihu.com/people/heijiajia
http://www.zhihu.com/people/hyhim
http://www.zhihu.com/people/ling-zi-29
http://www.zhihu.com/people/zhuang-yuan-wen
http://www.zhihu.com/people/dongyanlong
http://www.zhihu.com/people/chloe666
http://www.zhihu.com/people/red-army
http://www.zhihu.com/people/li-zi-37-34
http://www.zhihu.com/people/yin-yao-yao
http://www.zhihu.com/people/zhang-wen-xin-2-50
http://www.zhihu.com/people/youmineyoumine
http://www.zhihu.com/people/chen-hao-40-4
http://www.zhihu.com/people/xie-yan-zhu
http://www.zhihu.com/people/li-meng-86-26
http://www.zhihu.com/people/tan-li-9800
http://www.zhihu.com/people/zhang-mei-hua
http://www.zhihu.com/people/bowenbitch
http://www.zhihu.com/people/eva-wang-46
http://www.zhihu.com/people/nan-zhou
http://www.zhihu.com/people/plee
http://www.zhihu.com/people/fisssss
http://www.zhihu.com/people/zhou-janice
http://www.zhihu.com/people/jiang-sha-sha-38
http://www.zhihu.com/people/zhang-tian-cheng-55
http://www.zhihu.com/people/xiao-duo-er
http://www.zhihu.com/people/shaxjl
http://www.zhihu.com/people/ming-xi-82
http://www.zhihu.com/people/shi-dian-dian-52
http://www.zhihu.com/people/cozigrace
http://www.zhihu.com/people/liusiwei
http://www.zhihu.com/people/kobayashi_BlackStar
http://www.zhihu.com/people/he-xiang-36
http://www.zhihu.com/people/fred-xiao-48
http://www.zhihu.com/people/abchello
http://www.zhihu.com/people/wang-da-sha-52
http://www.zhihu.com/people/dolphin8534
http://www.zhihu.com/people/zhang-huan-tuo
http://www.zhihu.com/people/tunayu
http://www.zhihu.com/people/yu-yang-21-78
http://www.zhihu.com/people/wang-yue-kun-66
http://www.zhihu.com/people/backet-67
http://www.zhihu.com/people/rufang
http://www.zhihu.com/people/lao-guan-jie
http://www.zhihu.com/people/wei-du-38
http://www.zhihu.com/people/lesus
http://www.zhihu.com/people/jia-lu-xi
http://www.zhihu.com/people/yinya
http://www.zhihu.com/people/xi-hong-shi-48
http://www.zhihu.com/people/zheng-chang-kao
http://www.zhihu.com/people/huang-yi-chen-94
http://www.zhihu.com/people/zhuo-xiao-cheng
http://www.zhihu.com/people/BCPTPTPTP
http://www.zhihu.com/people/neng-ge-70
http://www.zhihu.com/people/jie-xi-jie-xi
http://www.zhihu.com/people/xiao-xie-zi-41
http://www.zhihu.com/people/tao-yuan-yuan-38
http://www.zhihu.com/people/revlonely
http://www.zhihu.com/people/shane106
http://www.zhihu.com/people/madsnake
http://www.zhihu.com/people/cherry924
http://www.zhihu.com/people/wu-yuan-5297
http://www.zhihu.com/people/yu-tong-tong-44
http://www.zhihu.com/people/he-qi-41-25
http://www.zhihu.com/people/immediate
http://www.zhihu.com/people/lu-tong-tong
http://www.zhihu.com/people/liu-xiao-lu-20
http://www.zhihu.com/people/qian-jing-wei
http://www.zhihu.com/people/sapphireai
http://www.zhihu.com/people/yan-xin-72
http://www.zhihu.com/people/xie-kai-90
http://www.zhihu.com/people/a-wei-luo
http://www.zhihu.com/people/lei-jia-zhu-10
http://www.zhihu.com/people/zhou-xiao-ling-54
http://www.zhihu.com/people/hu-su-29
http://www.zhihu.com/people/cui-zheng-39
http://www.zhihu.com/people/mao-xiao-mao-30
http://www.zhihu.com/people/jueshihaojian
http://www.zhihu.com/people/zhang-lei-5-94
http://www.zhihu.com/people/khaki-29
http://www.zhihu.com/people/lowka
http://www.zhihu.com/people/cang-kong
http://www.zhihu.com/people/kang-jing-75
http://www.zhihu.com/people/zhang-meng-18-4
http://www.zhihu.com/people/zhang-mu-yu-39
http://www.zhihu.com/people/cherylxiao-lu
http://www.zhihu.com/people/yun-xia-74
http://www.zhihu.com/people/mai-jie-gan-47
http://www.zhihu.com/people/liu-yun-peng-75
http://www.zhihu.com/people/li-xu-yi
http://www.zhihu.com/people/TommyXie
http://www.zhihu.com/people/fan-tang-zi
http://www.zhihu.com/people/fang-wen-32
http://www.zhihu.com/people/33lovesmayday
http://www.zhihu.com/people/lin-ke-51
http://www.zhihu.com/people/hang-hang-7
http://www.zhihu.com/people/yao-da-yu
http://www.zhihu.com/people/xu-yu-36-60
http://www.zhihu.com/people/ji-huan-jia
http://www.zhihu.com/people/Jellyomg
http://www.zhihu.com/people/kai-wang-48
http://www.zhihu.com/people/zhang-pu-98
http://www.zhihu.com/people/shark-lee-95
http://www.zhihu.com/people/eugene-chueng
http://www.zhihu.com/people/he-hu-che
http://www.zhihu.com/people/yue-yue-xi-huan-xiao-cao-di
http://www.zhihu.com/people/xing-xiao-cai
http://www.zhihu.com/people/zhang-chun-jiang-82
http://www.zhihu.com/people/huang-xiao-wu-93
http://www.zhihu.com/people/mei-you-yun
http://www.zhihu.com/people/peteryao
http://www.zhihu.com/people/lei-jun-75
http://www.zhihu.com/people/sayes
http://www.zhihu.com/people/xin-rui-22-58
http://www.zhihu.com/people/zhang-dong-34
http://www.zhihu.com/people/chen-lin-jie-54
http://www.zhihu.com/people/websec
http://www.zhihu.com/people/xie-jun-ting-53
http://www.zhihu.com/people/zhu-fang-ni-zi
http://www.zhihu.com/people/zexiancui
http://www.zhihu.com/people/tang-jing-yu-24
http://www.zhihu.com/people/xianzai
http://www.zhihu.com/people/zhu-tian-li
http://www.zhihu.com/people/james-big
http://www.zhihu.com/people/wzzw
http://www.zhihu.com/people/ding-ke-jia
http://www.zhihu.com/people/jimmy-zhou
http://www.zhihu.com/people/li-xiao-qing-93-83
http://www.zhihu.com/people/erisface
http://www.zhihu.com/people/fan-xiao-fan-63-75
http://www.zhihu.com/people/yiyan-qiu
http://www.zhihu.com/people/arvinrose
http://www.zhihu.com/people/bunnyred
http://www.zhihu.com/people/yfc1992
http://www.zhihu.com/people/mazimin
http://www.zhihu.com/people/sun-lin-9
http://www.zhihu.com/people/lin-shu-xin
http://www.zhihu.com/people/liu-da-44
http://www.zhihu.com/people/xie-tian-shan
http://www.zhihu.com/people/slcwindy
http://www.zhihu.com/people/bluewhy
http://www.zhihu.com/people/zhu-da-zhuang
http://www.zhihu.com/people/zoyeal
http://www.zhihu.com/people/stina-tsu
http://www.zhihu.com/people/kingxiao-mei
http://www.zhihu.com/people/lin-chun-bo
http://www.zhihu.com/people/ran-35
http://www.zhihu.com/people/sun-zhao-90
http://www.zhihu.com/people/he-zhong-yu-87
http://www.zhihu.com/people/zi-yan-52
http://www.zhihu.com/people/lee-ree
http://www.zhihu.com/people/nan-fang-zai-zuo
http://www.zhihu.com/people/lina22222
http://www.zhihu.com/people/charlie-squall
http://www.zhihu.com/people/yu-shi-52
http://www.zhihu.com/people/zach-zhon
http://www.zhihu.com/people/guo-da-lu-13-28
http://www.zhihu.com/people/chen-gui-hui
http://www.zhihu.com/people/song-han-18
http://www.zhihu.com/people/cha-wai-96
http://www.zhihu.com/people/tan-ri-tian
http://www.zhihu.com/people/su-yi-miao
http://www.zhihu.com/people/cao-xi-54
http://www.zhihu.com/people/django-3
http://www.zhihu.com/people/mu-xi-ya-22
http://www.zhihu.com/people/abbigail
http://www.zhihu.com/people/zhang-da-dou
http://www.zhihu.com/people/yu-wen-bo-he
http://www.zhihu.com/people/didi-musa
http://www.zhihu.com/people/coral-57-73
http://www.zhihu.com/people/joe-hero
http://www.zhihu.com/people/mo-qi-rui
http://www.zhihu.com/people/botton-alain
http://www.zhihu.com/people/zhaoqingguo
http://www.zhihu.com/people/kelvin-king
http://www.zhihu.com/people/allison-wei
http://www.zhihu.com/people/shi-ying-18
http://www.zhihu.com/people/duan-ya-36
http://www.zhihu.com/people/lu-xiao-teng
http://www.zhihu.com/people/ji-xuan-yi-9
http://www.zhihu.com/people/deutsch-99
http://www.zhihu.com/people/zhou-da-da-91
http://www.zhihu.com/people/tang-tang-jiang
http://www.zhihu.com/people/ma-ya-93
http://www.zhihu.com/people/jaxical
http://www.zhihu.com/people/lan-xue-21
http://www.zhihu.com/people/li-xing-4
http://www.zhihu.com/people/lvli
http://www.zhihu.com/people/chen-an-qi-83-90
http://www.zhihu.com/people/lillian-84
http://www.zhihu.com/people/wang-xiao-qi-46
http://www.zhihu.com/people/nuiger
http://www.zhihu.com/people/zhang-ji-he
http://www.zhihu.com/people/xu-yuan-54
http://www.zhihu.com/people/tong-fan-wen
http://www.zhihu.com/people/he-yuan-sheng
http://www.zhihu.com/people/shang-linxuan
http://www.zhihu.com/people/mi-xian-17
http://www.zhihu.com/people/gou-chang-cheng
http://www.zhihu.com/people/yuan-you-tao-25
http://www.zhihu.com/people/chun-ye-19
http://www.zhihu.com/people/wang-sha-sha-49
http://www.zhihu.com/people/rihaulin
http://www.zhihu.com/people/shenjiasui
http://www.zhihu.com/people/CNOoo
http://www.zhihu.com/people/ervin-37
http://www.zhihu.com/people/aabi
http://www.zhihu.com/people/ding-yi-28-40
http://www.zhihu.com/people/jiang-wei-68-21
http://www.zhihu.com/people/mi-wa-75
http://www.zhihu.com/people/xu-sen-lin
http://www.zhihu.com/people/jing-chen-92
http://www.zhihu.com/people/zhong-jie-67
http://www.zhihu.com/people/nic-wonder
http://www.zhihu.com/people/helium
http://www.zhihu.com/people/xu-ke-50
http://www.zhihu.com/people/guo-ming-yang-49
http://www.zhihu.com/people/wangliudoit
http://www.zhihu.com/people/ghostm55
http://www.zhihu.com/people/avinci
http://www.zhihu.com/people/dong-xue-wen
http://www.zhihu.com/people/xie-bing-14
http://www.zhihu.com/people/a-cong-30
http://www.zhihu.com/people/li-chen-xi-74
http://www.zhihu.com/people/ha-jzi
http://www.zhihu.com/people/emma-hu
http://www.zhihu.com/people/millie-ma
http://www.zhihu.com/people/qing-jia-4
http://www.zhihu.com/people/wk633
http://www.zhihu.com/people/yu-ya-tao
http://www.zhihu.com/people/lion-tby
http://www.zhihu.com/people/zhang-jing-26-18
http://www.zhihu.com/people/chen-rui-an-92
http://www.zhihu.com/people/zhao-jing-45
http://www.zhihu.com/people/juliewen
http://www.zhihu.com/people/lan-nian-75
http://www.zhihu.com/people/huijin-zheng
http://www.zhihu.com/people/wang-song-7
http://www.zhihu.com/people/bi-peng
http://www.zhihu.com/people/muriel-x
http://www.zhihu.com/people/xinlangongshe
http://www.zhihu.com/people/zhong-ling-6-83
http://www.zhihu.com/people/xia-zi-mi
http://www.zhihu.com/people/su-xi-99
http://www.zhihu.com/people/zoe-wing
http://www.zhihu.com/people/zhu-xiao-xia-94
http://www.zhihu.com/people/yi-lian-41
http://www.zhihu.com/people/shi-kai-50
http://www.zhihu.com/people/puffin
http://www.zhihu.com/people/___-yang-99
http://www.zhihu.com/people/wen-da-ya-55
http://www.zhihu.com/people/anne-hsu
http://www.zhihu.com/people/mao-xiao-yu-27-86
http://www.zhihu.com/people/wang-rui-71-74
http://www.zhihu.com/people/bai-hao-73
http://www.zhihu.com/people/lu-yi-36
http://www.zhihu.com/people/ri-ye-qian-chi
http://www.zhihu.com/people/yan-hui-35-80
http://www.zhihu.com/people/izyme
http://www.zhihu.com/people/camille-siu
http://www.zhihu.com/people/suguslemon
http://www.zhihu.com/people/zheng-tu-dou-83
http://www.zhihu.com/people/li-bei-qie
http://www.zhihu.com/people/feng-jia-jia-29
http://www.zhihu.com/people/deletenehs
http://www.zhihu.com/people/lionloki
http://www.zhihu.com/people/morea
http://www.zhihu.com/people/qi-kao-pu
http://www.zhihu.com/people/wu-chou-chou
http://www.zhihu.com/people/xxxxxxiaoming
http://www.zhihu.com/people/mar-98
http://www.zhihu.com/people/wyf71459
http://www.zhihu.com/people/ji-pang
http://www.zhihu.com/people/yang-gui-gui-21
http://www.zhihu.com/people/jzone
http://www.zhihu.com/people/ming-ke-96
http://www.zhihu.com/people/ethan-54
http://www.zhihu.com/people/ran-ye
http://www.zhihu.com/people/yeezi
http://www.zhihu.com/people/wu-da-zhuang
http://www.zhihu.com/people/lin-wei-zhi-39
http://www.zhihu.com/people/jovial
http://www.zhihu.com/people/xia-xiao-yu-104
http://www.zhihu.com/people/ding-ping-sheng
http://www.zhihu.com/people/ihan
http://www.zhihu.com/people/fan-xiao-xuan-41
http://www.zhihu.com/people/jiao-77
http://www.zhihu.com/people/leo-gao-72
http://www.zhihu.com/people/zhou-yi-long-39
http://www.zhihu.com/people/xulaohan
http://www.zhihu.com/people/lancientemps
http://www.zhihu.com/people/you-fu-67-92
http://www.zhihu.com/people/andrea-lighting
http://www.zhihu.com/people/dong-feng-90
http://www.zhihu.com/people/wangweidang
http://www.zhihu.com/people/NGC2392
http://www.zhihu.com/people/pointfish
http://www.zhihu.com/people/chen-qiu-qiu-17
http://www.zhihu.com/people/wei-ai-you-lan
http://www.zhihu.com/people/john-smith-99
http://www.zhihu.com/people/feng-hong-liang
http://www.zhihu.com/people/ma-ya-85
http://www.zhihu.com/people/wang-ji-71
http://www.zhihu.com/people/yao
http://www.zhihu.com/people/xu-wei-lin-17
http://www.zhihu.com/people/vivkek
http://www.zhihu.com/people/chen-lin-22
http://www.zhihu.com/people/liu-xin-ji-4-92
http://www.zhihu.com/people/ayaka-minami
http://www.zhihu.com/people/jian-mo-20-30
http://www.zhihu.com/people/zhang-yixin-21
http://www.zhihu.com/people/jiao-zi-5-67
http://www.zhihu.com/people/melanie-niiu
http://www.zhihu.com/people/li-bo-yu-85
http://www.zhihu.com/people/ge-ge-wu
http://www.zhihu.com/people/alice-wong
http://www.zhihu.com/people/CCTV01
http://www.zhihu.com/people/li-yi-39-78-14
http://www.zhihu.com/people/ma-qi-qi-31
http://www.zhihu.com/people/wang-tian-yuan-yuan-yuan
http://www.zhihu.com/people/luxiaotong
http://www.zhihu.com/people/li-yifa
http://www.zhihu.com/people/nai-xin-kan-shu-de-ren
http://www.zhihu.com/people/loserrebecca
http://www.zhihu.com/people/subi
http://www.zhihu.com/people/sun-mo-mo-83
http://www.zhihu.com/people/xia-zi-11
http://www.zhihu.com/people/guo-nuo-wei
http://www.zhihu.com/people/li-zheng-80-47
http://www.zhihu.com/people/graceyeuk
http://www.zhihu.com/people/ma-___-___
http://www.zhihu.com/people/Tomcity
http://www.zhihu.com/people/ssdcz
http://www.zhihu.com/people/liu-xiao-yang-86
http://www.zhihu.com/people/ben-chi-wu-chang
http://www.zhihu.com/people/yi-qiu-40
http://www.zhihu.com/people/hopolee
http://www.zhihu.com/people/sun--ran
http://www.zhihu.com/people/evan-zhao-62
http://www.zhihu.com/people/wang-jing-yu-96
http://www.zhihu.com/people/will-tam
http://www.zhihu.com/people/ishura-sun
http://www.zhihu.com/people/mu-zhi-16
http://www.zhihu.com/people/Poplar_Yang
http://www.zhihu.com/people/duan-cheng-jia
http://www.zhihu.com/people/binly
http://www.zhihu.com/people/zhangxinxu
http://www.zhihu.com/people/JohnLou
http://www.zhihu.com/people/ding-shi-san-48
http://www.zhihu.com/people/Dominic_
http://www.zhihu.com/people/zheng-shi-hui
http://www.zhihu.com/people/nansoneric
http://www.zhihu.com/people/lin-you-san
http://www.zhihu.com/people/ma-ni-shi
http://www.zhihu.com/people/he-shi-yu-46
http://www.zhihu.com/people/wu-sui
http://www.zhihu.com/people/ma-xiao-liu-er
http://www.zhihu.com/people/estg
http://www.zhihu.com/people/he-you-mu
http://www.zhihu.com/people/xu-fei-39
http://www.zhihu.com/people/lu-hong-hong
http://www.zhihu.com/people/yang-zi-qi-60
http://www.zhihu.com/people/wang-xian-ren-57
http://www.zhihu.com/people/heyuthere
http://www.zhihu.com/people/delab
http://www.zhihu.com/people/hu-zi-30
http://www.zhihu.com/people/xi-wei-10
http://www.zhihu.com/people/chen-wei-40-40
http://www.zhihu.com/people/chen-yi-chen-51
http://www.zhihu.com/people/lichtqi
http://www.zhihu.com/people/wei-bu-zhi
http://www.zhihu.com/people/zhu-qing-24
http://www.zhihu.com/people/xzeng
http://www.zhihu.com/people/chen-jiu-piao-xiang
http://www.zhihu.com/people/dreamandpoets
http://www.zhihu.com/people/hiuwahhh
http://www.zhihu.com/people/CathyWanqing
http://www.zhihu.com/people/jue-nan
http://www.zhihu.com/people/desperado-16
http://www.zhihu.com/people/huang-xiao-wei-60-9
http://www.zhihu.com/people/echozhong
http://www.zhihu.com/people/shu-yun-36
http://www.zhihu.com/people/damon-88
http://www.zhihu.com/people/selene-38
http://www.zhihu.com/people/du-si-yuan
http://www.zhihu.com/people/bemo
http://www.zhihu.com/people/yuan-cheng-long-66
http://www.zhihu.com/people/xiao-xiao-me
http://www.zhihu.com/people/kang-ya-bo
http://www.zhihu.com/people/kathy-shen
http://www.zhihu.com/people/lina-6
http://www.zhihu.com/people/xieyanwei
http://www.zhihu.com/people/guo-xin-60
http://www.zhihu.com/people/impkt13
http://www.zhihu.com/people/tata-ciara
http://www.zhihu.com/people/stratomelsc
http://www.zhihu.com/people/yue-yi-he
http://www.zhihu.com/people/yin-yao-75
http://www.zhihu.com/people/xue-dong-yuan
http://www.zhihu.com/people/tian-chuan-88
http://www.zhihu.com/people/jutang
http://www.zhihu.com/people/chen-jun-jie-23-33
http://www.zhihu.com/people/wang-feng-gui
http://www.zhihu.com/people/weeanthony
http://www.zhihu.com/people/windson-33
http://www.zhihu.com/people/whattidebring
http://www.zhihu.com/people/wang-kun-69-12
http://www.zhihu.com/people/zhang-ming-qing
http://www.zhihu.com/people/zhang-san-niu
http://www.zhihu.com/people/zhang-chi-47-87
http://www.zhihu.com/people/feng-qing-67
http://www.zhihu.com/people/tong-min-64
http://www.zhihu.com/people/wang-xiao-kan
http://www.zhihu.com/people/evine-chen
http://www.zhihu.com/people/shu-shu-hao-58
http://www.zhihu.com/people/xiao-nai-niu-28
http://www.zhihu.com/people/kovski
http://www.zhihu.com/people/li-zhu-19
http://www.zhihu.com/people/zhujiyang
http://www.zhihu.com/people/ericknows
http://www.zhihu.com/people/zhuangsirui
http://www.zhihu.com/people/amandami
http://www.zhihu.com/people/gu-dan-bu-ding
http://www.zhihu.com/people/xiao-chu
http://www.zhihu.com/people/jing-ming-17
http://www.zhihu.com/people/kor_yao
http://www.zhihu.com/people/xiaoli-wang
http://www.zhihu.com/people/orangetime
http://www.zhihu.com/people/Radars-Capture
http://www.zhihu.com/people/yang-an-qi-30
http://www.zhihu.com/people/megan-ma
http://www.zhihu.com/people/zhao-ze-ren-56
http://www.zhihu.com/people/yumouxiehou
http://www.zhihu.com/people/a-qiu-bu-da-pen-ti
http://www.zhihu.com/people/ji-wei-70
http://www.zhihu.com/people/foxmuldery
http://www.zhihu.com/people/zhang-en-ming-96
http://www.zhihu.com/people/jing-xiao-liang
http://www.zhihu.com/people/yishine
http://www.zhihu.com/people/lei-yu-60
http://www.zhihu.com/people/fang-yi-sheng
http://www.zhihu.com/people/lu-di-56
http://www.zhihu.com/people/yang-qing-he-35
http://www.zhihu.com/people/ruan-qi-chun
http://www.zhihu.com/people/gao-xiao-feng-73-27
http://www.zhihu.com/people/yang-di-sheng
http://www.zhihu.com/people/eyonfresh
http://www.zhihu.com/people/L.yes
http://www.zhihu.com/people/cang-mang-6
http://www.zhihu.com/people/yuanlili
http://www.zhihu.com/people/tang-92
http://www.zhihu.com/people/lenn
http://www.zhihu.com/people/aileenshi
http://www.zhihu.com/people/gong-yichen
http://www.zhihu.com/people/janhnson
http://www.zhihu.com/people/jiang-yu-tong-bei-wan-yue
http://www.zhihu.com/people/zhou-zi-qin
http://www.zhihu.com/people/bigface
http://www.zhihu.com/people/li-zhuo-xin
http://www.zhihu.com/people/crossing-lily
http://www.zhihu.com/people/zhang-yuan-97-63
http://www.zhihu.com/people/he-bin-81
http://www.zhihu.com/people/darkgt
http://www.zhihu.com/people/zhou-xiao-zhou-37
http://www.zhihu.com/people/wang-xiao-da-52
http://www.zhihu.com/people/zi-quan-26
http://www.zhihu.com/people/dajin
http://www.zhihu.com/people/lolove
http://www.zhihu.com/people/Yolandavi
http://www.zhihu.com/people/wang-jian-88-94
http://www.zhihu.com/people/gost-kvc
http://www.zhihu.com/people/wu-run-bo
http://www.zhihu.com/people/bu-zhu
http://www.zhihu.com/people/deng-hui-99
http://www.zhihu.com/people/jk631233
http://www.zhihu.com/people/niu-xiao-piao
http://www.zhihu.com/people/gu-ji
http://www.zhihu.com/people/du-fang-ming
http://www.zhihu.com/people/ryan-42-5
http://www.zhihu.com/people/feng-jing-min
http://www.zhihu.com/people/yan-wu-24
http://www.zhihu.com/people/feichai_dashu
http://www.zhihu.com/people/ding-ying-xia-9
http://www.zhihu.com/people/danblue
http://www.zhihu.com/people/iamxieqiang
http://www.zhihu.com/people/zhang-heng-3
http://www.zhihu.com/people/zheng-xiao-ting-86
http://www.zhihu.com/people/vurcl
http://www.zhihu.com/people/xiao-dan-dan-15
http://www.zhihu.com/people/da-van
http://www.zhihu.com/people/tan-xiao-yan-2
http://www.zhihu.com/people/zhang-zhi-81
http://www.zhihu.com/people/xiaoxuisaac
http://www.zhihu.com/people/liang-ye-51
http://www.zhihu.com/people/guo-sheng-23
http://www.zhihu.com/people/narcis
http://www.zhihu.com/people/frank-17
http://www.zhihu.com/people/keren-0117
http://www.zhihu.com/people/liu-yi-76-16-75
http://www.zhihu.com/people/reese717
http://www.zhihu.com/people/mi-lu-fei-31
http://www.zhihu.com/people/callmefree
http://www.zhihu.com/people/ji_gang
http://www.zhihu.com/people/ni-dong-de
http://www.zhihu.com/people/bingoloveyou
http://www.zhihu.com/people/xiao-xiao-59-26
http://www.zhihu.com/people/rickey-yue
http://www.zhihu.com/people/antify
http://www.zhihu.com/people/li-long-wei
http://www.zhihu.com/people/darkenchan
http://www.zhihu.com/people/he-ban-tang
http://www.zhihu.com/people/gao-chong-14
http://www.zhihu.com/people/jery-weung
http://www.zhihu.com/people/fan-wen-wen-61
http://www.zhihu.com/people/guo-chen-31-74
http://www.zhihu.com/people/mi-fan-xian-sheng
http://www.zhihu.com/people/weiruopu
http://www.zhihu.com/people/ke-ke-22-52
http://www.zhihu.com/people/wangtiancheng
http://www.zhihu.com/people/yukiyangzi
http://www.zhihu.com/people/zhang-shui-shui-78
http://www.zhihu.com/people/an-ni-56-20
http://www.zhihu.com/people/cui-yi-xiao
http://www.zhihu.com/people/tao-lin-27-63
http://www.zhihu.com/people/doublehui
http://www.zhihu.com/people/sunlee89
http://www.zhihu.com/people/a-hui-51
http://www.zhihu.com/people/shoaming
http://www.zhihu.com/people/gu-ke-12
http://www.zhihu.com/people/bobobobo
http://www.zhihu.com/people/liang-yuan-76
http://www.zhihu.com/people/goforwardtheworld
http://www.zhihu.com/people/retsnom
http://www.zhihu.com/people/sun-wu-jing-4
http://www.zhihu.com/people/youxu83
http://www.zhihu.com/people/su-chao-qun
http://www.zhihu.com/people/wang-ji-65
http://www.zhihu.com/people/wu-zhan-hao
http://www.zhihu.com/people/di-xiao-bin
http://www.zhihu.com/people/yang-shi-ying-64
http://www.zhihu.com/people/lin-yu-97
http://www.zhihu.com/people/jiangchao
http://www.zhihu.com/people/chen-qi-48
http://www.zhihu.com/people/shuo-guo-xi-wen
http://www.zhihu.com/people/hussey-64
http://www.zhihu.com/people/mo-dang-dang-7
http://www.zhihu.com/people/li-hai-yuan
http://www.zhihu.com/people/bing-bing-30-82
http://www.zhihu.com/people/queeny119
http://www.zhihu.com/people/xin-yan
http://www.zhihu.com/people/alison-80
http://www.zhihu.com/people/buhaoqiao
http://www.zhihu.com/people/xia-fei-35
http://www.zhihu.com/people/xu-xue-hen
http://www.zhihu.com/people/schumi-yu
http://www.zhihu.com/people/cosimolu
http://www.zhihu.com/people/cai-xiao-gao
http://www.zhihu.com/people/luo-sa-ma
http://www.zhihu.com/people/veronica-23
http://www.zhihu.com/people/meng-yang-40-35
http://www.zhihu.com/people/babaoguotang
http://www.zhihu.com/people/a-kua
http://www.zhihu.com/people/zhang-ban-xian-59
http://www.zhihu.com/people/liu-zhe-44
http://www.zhihu.com/people/sam-26
http://www.zhihu.com/people/mou-yang-73
http://www.zhihu.com/people/sleepingknight
http://www.zhihu.com/people/da-chang-gan-jun-45
http://www.zhihu.com/people/huang-jia-yi-28
http://www.zhihu.com/people/cong-chou
http://www.zhihu.com/people/li-young-13
http://www.zhihu.com/people/zixuan-xiao
http://www.zhihu.com/people/li-fu-xu-80
http://www.zhihu.com/people/huang-yang-97-15
http://www.zhihu.com/people/pang-bai-19
http://www.zhihu.com/people/xiyuan-chen
http://www.zhihu.com/people/nakutoki
http://www.zhihu.com/people/luo-lin-18-51
http://www.zhihu.com/people/menthollin
http://www.zhihu.com/people/yang-a-niu
http://www.zhihu.com/people/luo-jia-48
http://www.zhihu.com/people/hei-chuan-44
http://www.zhihu.com/people/bai-xiao-yu-93
http://www.zhihu.com/people/li-yun-yun-76
http://www.zhihu.com/people/lin-mu-mu-36
http://www.zhihu.com/people/liutao3223
http://www.zhihu.com/people/chen-tian-yu
http://www.zhihu.com/people/qi-yuan-yuan-52
http://www.zhihu.com/people/smallrabbit
http://www.zhihu.com/people/aaronsu
http://www.zhihu.com/people/zhao-jin-ling
http://www.zhihu.com/people/yang-yu-25
http://www.zhihu.com/people/wang-hu-ya
http://www.zhihu.com/people/guranzhi
http://www.zhihu.com/people/unkown
http://www.zhihu.com/people/fu-yin-95
http://www.zhihu.com/people/mo-jie-61
http://www.zhihu.com/people/lin-yu-16-45
http://www.zhihu.com/people/ba-tong-15
http://www.zhihu.com/people/gu-bin-18
http://www.zhihu.com/people/meng-jia-la
http://www.zhihu.com/people/lu-ming-hua-11
http://www.zhihu.com/people/slowtz
http://www.zhihu.com/people/ei-lei
http://www.zhihu.com/people/qiyanzhibai
http://www.zhihu.com/people/garhom
http://www.zhihu.com/people/shFung_dee
http://www.zhihu.com/people/chen-yi-zhu-11
http://www.zhihu.com/people/ikeng
http://www.zhihu.com/people/camellia-5
http://www.zhihu.com/people/lu-shan-18-1
http://www.zhihu.com/people/zi-jun-jiang
http://www.zhihu.com/people/li-di-34
http://www.zhihu.com/people/handlf-66
http://www.zhihu.com/people/xiaomi87
http://www.zhihu.com/people/zhang-shao-fei
http://www.zhihu.com/people/h_p_winston
http://www.zhihu.com/people/lobo-73
http://www.zhihu.com/people/hu-dian-69
http://www.zhihu.com/people/cheng-cang-long
http://www.zhihu.com/people/fu-cha
http://www.zhihu.com/people/yu-qi-9-46
http://www.zhihu.com/people/wei-jia-cheng-20
http://www.zhihu.com/people/hei-ge-miao-er
http://www.zhihu.com/people/li-dan-15-25
http://www.zhihu.com/people/wu-hao-fan-74
http://www.zhihu.com/people/liu-pang-zi-41
http://www.zhihu.com/people/chenghan
http://www.zhihu.com/people/jack-chen-67-70
http://www.zhihu.com/people/zhu-shi-jie-6
http://www.zhihu.com/people/li-xu-ming
http://www.zhihu.com/people/cranks
http://www.zhihu.com/people/jasmine-wong-11
http://www.zhihu.com/people/tian-zi-xiao
http://www.zhihu.com/people/bruce-wu
http://www.zhihu.com/people/yang-da-wei-4
http://www.zhihu.com/people/leo99
http://www.zhihu.com/people/zou-wen-jia-zoe
http://www.zhihu.com/people/lai-feng-77
http://www.zhihu.com/people/cang-qi
http://www.zhihu.com/people/xu-chang-43
http://www.zhihu.com/people/xiang-chang-yu
http://www.zhihu.com/people/wangtianweijtwd
http://www.zhihu.com/people/notsilly
http://www.zhihu.com/people/bai-bai-he-18
http://www.zhihu.com/people/jessydior
http://www.zhihu.com/people/shan-kui-zhang
http://www.zhihu.com/people/cai-hua-22
http://www.zhihu.com/people/codewalker
http://www.zhihu.com/people/huang-le-36
http://www.zhihu.com/people/olivia-sun
http://www.zhihu.com/people/li-bi-chi
http://www.zhihu.com/people/feng-pei-ran
http://www.zhihu.com/people/TrusBe
http://www.zhihu.com/people/wen-li-69
http://www.zhihu.com/people/wan-pu
http://www.zhihu.com/people/wiloveank
http://www.zhihu.com/people/miao-cc-96
http://www.zhihu.com/people/you-yu-85
http://www.zhihu.com/people/jackyue0906
http://www.zhihu.com/people/tracy-36-57
http://www.zhihu.com/people/elvirawong
http://www.zhihu.com/people/cui-cui-86
http://www.zhihu.com/people/gao-tian-tian-79
http://www.zhihu.com/people/hinspinky
http://www.zhihu.com/people/jiayizhen
http://www.zhihu.com/people/a-qiu-94
http://www.zhihu.com/people/VegasWang
http://www.zhihu.com/people/zhihuclub
http://www.zhihu.com/people/sunyangyang
http://www.zhihu.com/people/lu-xiao-jun-22
http://www.zhihu.com/people/jerrusalem
http://www.zhihu.com/people/yu-run-xi
http://www.zhihu.com/people/gao-yuan-yuan-61
http://www.zhihu.com/people/topsecret
http://www.zhihu.com/people/hou-jin-yu
http://www.zhihu.com/people/shi-chun-87
http://www.zhihu.com/people/ace-t
http://www.zhihu.com/people/sheffield-wang
http://www.zhihu.com/people/helene-lin
http://www.zhihu.com/people/he-er-76
http://www.zhihu.com/people/zhang-jiang-86
http://www.zhihu.com/people/yan-meng-ying
http://www.zhihu.com/people/huang-jie-18-12
http://www.zhihu.com/people/dennie
http://www.zhihu.com/people/ahalo
http://www.zhihu.com/people/Ladysanta
http://www.zhihu.com/people/Hwanlin
http://www.zhihu.com/people/bingno
http://www.zhihu.com/people/hakunamatata-60
http://www.zhihu.com/people/don-75
http://www.zhihu.com/people/he-tan
http://www.zhihu.com/people/iamzise
http://www.zhihu.com/people/Selerare
http://www.zhihu.com/people/lin-xiao-chai
http://www.zhihu.com/people/zhang-wei-zhong
http://www.zhihu.com/people/wang-xiao-sheng-52
http://www.zhihu.com/people/cha-li-mo
http://www.zhihu.com/people/you-shui-han
http://www.zhihu.com/people/he-zhen-43-66
http://www.zhihu.com/people/yong-yi-68
http://www.zhihu.com/people/zzbingbingzz
http://www.zhihu.com/people/chen-wei-lian
http://www.zhihu.com/people/deng-hao-52
http://www.zhihu.com/people/zhu-bo-tao
http://www.zhihu.com/people/fredcao
http://www.zhihu.com/people/teng-dou-dou
http://www.zhihu.com/people/sophievv
http://www.zhihu.com/people/shi-wei-56
http://www.zhihu.com/people/freyaliu
http://www.zhihu.com/people/li-cheng-gan
http://www.zhihu.com/people/wang-li-zhuo-73
http://www.zhihu.com/people/guren
http://www.zhihu.com/people/tian-qi-98
http://www.zhihu.com/people/jiang-yuan-bo-81
http://www.zhihu.com/people/cheng-cheng-34-86
http://www.zhihu.com/people/li-yang-chuan
http://www.zhihu.com/people/Xiao_Liang
http://www.zhihu.com/people/wang-qing-xue-65
http://www.zhihu.com/people/rexhu
http://www.zhihu.com/people/mu-yi-dan
http://www.zhihu.com/people/xue-lang-zi
http://www.zhihu.com/people/willow1214
http://www.zhihu.com/people/xiao-wen-50
http://www.zhihu.com/people/xiong-fei-fei
http://www.zhihu.com/people/Chen-Yaning
http://www.zhihu.com/people/lin-mu-zi-13
http://www.zhihu.com/people/nikooo
http://www.zhihu.com/people/yang-hao-62-72
http://www.zhihu.com/people/xiao-ao-ran
http://www.zhihu.com/people/han-xiao-gang
http://www.zhihu.com/people/gao-li-sha
http://www.zhihu.com/people/vincent-wong-67
http://www.zhihu.com/people/wang-li-5-20
http://www.zhihu.com/people/zhasm
http://www.zhihu.com/people/818930
http://www.zhihu.com/people/jin-san-san-82
http://www.zhihu.com/people/lu-gui-chen-26
http://www.zhihu.com/people/li-feng-54-67
http://www.zhihu.com/people/liang-de-jian
http://www.zhihu.com/people/ljd214
http://www.zhihu.com/people/zhao-hong-yi-62
http://www.zhihu.com/people/odomzhen
http://www.zhihu.com/people/zhou-peng-9
http://www.zhihu.com/people/zhan-zan-shi
http://www.zhihu.com/people/huang-zhi-wei-10
http://www.zhihu.com/people/hanjiangxue
http://www.zhihu.com/people/ai-jian
http://www.zhihu.com/people/yezz
http://www.zhihu.com/people/jie-mo
http://www.zhihu.com/people/kenny.
http://www.zhihu.com/people/darren-64
http://www.zhihu.com/people/chaizhenyu
http://www.zhihu.com/people/riya
http://www.zhihu.com/people/he-luo-64
http://www.zhihu.com/people/supernb
http://www.zhihu.com/people/bo-ye-44
http://www.zhihu.com/people/gu-xin-59
http://www.zhihu.com/people/xiao-rui-rui-16
http://www.zhihu.com/people/liu-song-qi
http://www.zhihu.com/people/yang-yu-88
http://www.zhihu.com/people/RHRH
http://www.zhihu.com/people/lulu-zhang-72
http://www.zhihu.com/people/yu-chu-di
http://www.zhihu.com/people/he-yu-hao
http://www.zhihu.com/people/chen-cheng-84-43
http://www.zhihu.com/people/zhao-liang-liang-13
http://www.zhihu.com/people/shi-jia-jun-63
http://www.zhihu.com/people/plum-93
http://www.zhihu.com/people/prayeryang
http://www.zhihu.com/people/bu-xiao-de-21
http://www.zhihu.com/people/li-xiao-teng-81
http://www.zhihu.com/people/yi-miao-miao
http://www.zhihu.com/people/zhu-dong-hui-53
http://www.zhihu.com/people/dionepan
http://www.zhihu.com/people/xiao-wu-kong-17
http://www.zhihu.com/people/lei-lei-2-99
http://www.zhihu.com/people/ma-jia-jia-84
http://www.zhihu.com/people/wu-yue-4
http://www.zhihu.com/people/nx
http://www.zhihu.com/people/wen-jing-4-34
http://www.zhihu.com/people/wu-dan-lin
http://www.zhihu.com/people/liu-tao-87
http://www.zhihu.com/people/ding-ding-2-70
http://www.zhihu.com/people/yan-xiao-xi-49
http://www.zhihu.com/people/fredayhp
http://www.zhihu.com/people/chun-ye-da-sheng
http://www.zhihu.com/people/zi-fei-23
http://www.zhihu.com/people/wang-song-yang-88
http://www.zhihu.com/people/liu-yu-yang-40-21
http://www.zhihu.com/people/December
http://www.zhihu.com/people/wu-yu-98-96
http://www.zhihu.com/people/wen-jia-jun-91
http://www.zhihu.com/people/lu-yao-23-74
http://www.zhihu.com/people/pumpkinmage
http://www.zhihu.com/people/wei-yu-luo
http://www.zhihu.com/people/qiongjie
http://www.zhihu.com/people/mo-xiao-ma-77
http://www.zhihu.com/people/sherylw
http://www.zhihu.com/people/zyy-34
http://www.zhihu.com/people/hao-mian-bao
http://www.zhihu.com/people/lineara
http://www.zhihu.com/people/liu-gao-yuan
http://www.zhihu.com/people/xian-shen-37
http://www.zhihu.com/people/jack-song
http://www.zhihu.com/people/Seven_Sugar
http://www.zhihu.com/people/tian.jing
http://www.zhihu.com/people/ma-xiao-xin-79
http://www.zhihu.com/people/fox19
http://www.zhihu.com/people/whuliuyu
http://www.zhihu.com/people/heidfled
http://www.zhihu.com/people/ji-er-13
http://www.zhihu.com/people/yshlmlr
http://www.zhihu.com/people/li-tang-19
http://www.zhihu.com/people/ptpgzr
http://www.zhihu.com/people/cui-tyler-26
http://www.zhihu.com/people/wang-jia-dong-63
http://www.zhihu.com/people/catitude
http://www.zhihu.com/people/mu-yang-ren
http://www.zhihu.com/people/li-yang-90-43
http://www.zhihu.com/people/young-iris
http://www.zhihu.com/people/wadeMadeit
http://www.zhihu.com/people/mai-xiao-qi-55
http://www.zhihu.com/people/huhuhang
http://www.zhihu.com/people/guohuanhuan
http://www.zhihu.com/people/000088
http://www.zhihu.com/people/bu-xian-nan
http://www.zhihu.com/people/jin-yi-88
http://www.zhihu.com/people/cheng-hao-ke
http://www.zhihu.com/people/ma-li-lian-67
http://www.zhihu.com/people/zhao-zhao-94-95
http://www.zhihu.com/people/hengshuo
http://www.zhihu.com/people/yi-hong-shou-guai
http://www.zhihu.com/people/bu-jian-81
http://www.zhihu.com/people/fan-zao-jun
http://www.zhihu.com/people/wangping
http://www.zhihu.com/people/cao-ru-chen
http://www.zhihu.com/people/tang-fan-ming
http://www.zhihu.com/people/hai_xin
http://www.zhihu.com/people/jiang-dong-52
http://www.zhihu.com/people/alice-miao-43
http://www.zhihu.com/people/sun-meng-yu-34
http://www.zhihu.com/people/oooonion
http://www.zhihu.com/people/yisu7
http://www.zhihu.com/people/wang-hu-27
http://www.zhihu.com/people/wang-yi-fan-40
http://www.zhihu.com/people/visionary
http://www.zhihu.com/people/xu-ze-36-93
http://www.zhihu.com/people/yu-san-geng
http://www.zhihu.com/people/jiong-xiao-ming
http://www.zhihu.com/people/andrew-16-88
http://www.zhihu.com/people/xie-mao-mao-23
http://www.zhihu.com/people/ma-ming-yu-48
http://www.zhihu.com/people/li-min-zhen
http://www.zhihu.com/people/heartace
http://www.zhihu.com/people/peterlu
http://www.zhihu.com/people/fiona-chan
http://www.zhihu.com/people/shu-mu-mu
http://www.zhihu.com/people/zhu-zhen-xu
http://www.zhihu.com/people/belphegor
http://www.zhihu.com/people/hvvw
http://www.zhihu.com/people/firefighter
http://www.zhihu.com/people/chen-ya-fu-4
http://www.zhihu.com/people/emwu
http://www.zhihu.com/people/omy-t
http://www.zhihu.com/people/horizons
http://www.zhihu.com/people/jiang-ling-bin
http://www.zhihu.com/people/huang-wei-yu-83
http://www.zhihu.com/people/ni-ni-ni-96
http://www.zhihu.com/people/li-li-86-60
http://www.zhihu.com/people/ou-yang-kang-87
http://www.zhihu.com/people/jun-yu-61
http://www.zhihu.com/people/firstinout
http://www.zhihu.com/people/xiao-mao
http://www.zhihu.com/people/song-zhen-wei
http://www.zhihu.com/people/qu-xiao-hou
http://www.zhihu.com/people/damon-tu
http://www.zhihu.com/people/zhang-seng
http://www.zhihu.com/people/yang-guang-84-94
http://www.zhihu.com/people/zhu-jun-47
http://www.zhihu.com/people/pillow93
http://www.zhihu.com/people/ling-yun-65
http://www.zhihu.com/people/li-shen-shen-54
http://www.zhihu.com/people/dannnnn
http://www.zhihu.com/people/zhang-dong-dong-23-46
http://www.zhihu.com/people/fu-zi-yuan
http://www.zhihu.com/people/he-xiao-you-38
http://www.zhihu.com/people/wang-ying-80
http://www.zhihu.com/people/northup
http://www.zhihu.com/people/feng-jian-ren
http://www.zhihu.com/people/sukiilzhr
http://www.zhihu.com/people/frederick-65
http://www.zhihu.com/people/li-yi-xiang-42
http://www.zhihu.com/people/xi-yu-feng
http://www.zhihu.com/people/herry-ho
http://www.zhihu.com/people/umiaihara
http://www.zhihu.com/people/cbbcd
http://www.zhihu.com/people/ye-zi-da-ren
http://www.zhihu.com/people/tan-ya-27
http://www.zhihu.com/people/ha-lu
http://www.zhihu.com/people/yang-bo-yu-83
http://www.zhihu.com/people/zhang-shi-meng
http://www.zhihu.com/people/tracey-jiang
http://www.zhihu.com/people/yu-qing-zhou
http://www.zhihu.com/people/lee-yoni
http://www.zhihu.com/people/wang-pan-91
http://www.zhihu.com/people/xuan-yue-13
http://www.zhihu.com/people/sisyphus-18
http://www.zhihu.com/people/liu-xin-xin-99
http://www.zhihu.com/people/BeansDong
http://www.zhihu.com/people/yu-xiao-xie-zi
http://www.zhihu.com/people/tme8
http://www.zhihu.com/people/eric-zhuang-33
http://www.zhihu.com/people/cao-zi-han-22
http://www.zhihu.com/people/guo-___-fan
http://www.zhihu.com/people/yang-xiao-shi-83
http://www.zhihu.com/people/jiao-yan-26
http://www.zhihu.com/people/mu-lu-12
http://www.zhihu.com/people/xia-kang-89
http://www.zhihu.com/people/echo-55-6
http://www.zhihu.com/people/su-huo-61
http://www.zhihu.com/people/wantfu
http://www.zhihu.com/people/shuoliu
http://www.zhihu.com/people/sayhi987
http://www.zhihu.com/people/bing-hsiao
http://www.zhihu.com/people/yu-jie-91-90
http://www.zhihu.com/people/wu-lei-mu
http://www.zhihu.com/people/twalnut
http://www.zhihu.com/people/yanghongming
http://www.zhihu.com/people/lu-zi-jin-72
http://www.zhihu.com/people/wang-tian-jun-68
http://www.zhihu.com/people/tairan
http://www.zhihu.com/people/eddie-66
http://www.zhihu.com/people/feng-wen-can
http://www.zhihu.com/people/zourui55
http://www.zhihu.com/people/luo-ying-wu
http://www.zhihu.com/people/dr-satyr
http://www.zhihu.com/people/huang-xiao-xi-30
http://www.zhihu.com/people/cao-an-ji
http://www.zhihu.com/people/beasum
http://www.zhihu.com/people/suo-xiao-die
http://www.zhihu.com/people/zhang-___-zhou
http://www.zhihu.com/people/zhang-nan-2
http://www.zhihu.com/people/stevezh
http://www.zhihu.com/people/laito
http://www.zhihu.com/people/wjbf
http://www.zhihu.com/people/yang-xiao-xiao-69
http://www.zhihu.com/people/nyachan-pray
http://www.zhihu.com/people/yang-ba-lang
http://www.zhihu.com/people/Mavin
http://www.zhihu.com/people/zha-zha-61
http://www.zhihu.com/people/ta-ta-zhu
http://www.zhihu.com/people/zhu-yu-han-6
http://www.zhihu.com/people/zhang-min-yi-38
http://www.zhihu.com/people/gu-yiyigu
http://www.zhihu.com/people/bruce-24
http://www.zhihu.com/people/serenayu
http://www.zhihu.com/people/dannyhuang
http://www.zhihu.com/people/tangjingxin
http://www.zhihu.com/people/sherryyao
http://www.zhihu.com/people/wang-chu-cheng
http://www.zhihu.com/people/zhuo-xiao-qi
http://www.zhihu.com/people/yang-xiao-er-72
http://www.zhihu.com/people/sun-chao-98
http://www.zhihu.com/people/sens
http://www.zhihu.com/people/huang-zhu-jing
http://www.zhihu.com/people/lucifer-shen
http://www.zhihu.com/people/dai-xiao-xi-70
http://www.zhihu.com/people/liu-jun-wen-27
http://www.zhihu.com/people/caord
http://www.zhihu.com/people/hua-yan-yang
http://www.zhihu.com/people/everte
http://www.zhihu.com/people/dai-si-ran
http://www.zhihu.com/people/li-hui-min-23
http://www.zhihu.com/people/zhang-jiang-10
http://www.zhihu.com/people/jia-xiao-rain
http://www.zhihu.com/people/dwar
http://www.zhihu.com/people/lion-heart-
http://www.zhihu.com/people/yairport
http://www.zhihu.com/people/huang-wei-93-67
http://www.zhihu.com/people/lisa-lee-55
http://www.zhihu.com/people/zhang-zu-ming
http://www.zhihu.com/people/zhang-bo-tong
http://www.zhihu.com/people/aubrey-morgan
http://www.zhihu.com/people/xuxian9
http://www.zhihu.com/people/Mag1na
http://www.zhihu.com/people/lu-hao-41-5
http://www.zhihu.com/people/yu.liang
http://www.zhihu.com/people/lu-dong-dong-96-64
http://www.zhihu.com/people/spin
http://www.zhihu.com/people/xie-qian-qian
http://www.zhihu.com/people/deng-zi-hui-34
http://www.zhihu.com/people/zhang-hankui
http://www.zhihu.com/people/wei-qiu-hong
http://www.zhihu.com/people/zheng-xiao-39
http://www.zhihu.com/people/xiao-lu-16
http://www.zhihu.com/people/ylzhu
http://www.zhihu.com/people/he-ling-30
http://www.zhihu.com/people/wangpengyu
http://www.zhihu.com/people/cassia-chen
http://www.zhihu.com/people/wiki-sou
http://www.zhihu.com/people/lin-wang-wei
http://www.zhihu.com/people/mtoc
http://www.zhihu.com/people/diercn
http://www.zhihu.com/people/zhou-nan-80
http://www.zhihu.com/people/akashic
http://www.zhihu.com/people/li-bin-20-77
http://www.zhihu.com/people/zou-jia-xin
http://www.zhihu.com/people/paisible
http://www.zhihu.com/people/zhang-jerry-78
http://www.zhihu.com/people/imydx
http://www.zhihu.com/people/yuan-yi-46-54
http://www.zhihu.com/people/jing-yu-gou
http://www.zhihu.com/people/guo-da-ge
http://www.zhihu.com/people/xuanjianfeng
http://www.zhihu.com/people/zhangyouwei
http://www.zhihu.com/people/yin-hao
http://www.zhihu.com/people/zhang-bi-ya-22
http://www.zhihu.com/people/florence-3
http://www.zhihu.com/people/aaron-53-82
http://www.zhihu.com/people/liu-yang-xue
http://www.zhihu.com/people/biby
http://www.zhihu.com/people/ryan-lee
http://www.zhihu.com/people/river2k
http://www.zhihu.com/people/chen-lai-65
http://www.zhihu.com/people/Stormyy
http://www.zhihu.com/people/acura
http://www.zhihu.com/people/duqun
http://www.zhihu.com/people/peng-zi-huan
http://www.zhihu.com/people/richard01
http://www.zhihu.com/people/amimi
http://www.zhihu.com/people/Fraecak_l
http://www.zhihu.com/people/zheng-jia-yu-63
http://www.zhihu.com/people/lin-san-mu
http://www.zhihu.com/people/liu-jun-yuan-85
http://www.zhihu.com/people/bluebubble
http://www.zhihu.com/people/zinia-true
http://www.zhihu.com/people/yin-xia-80
http://www.zhihu.com/people/yang-wen-ITER
http://www.zhihu.com/people/bai-lian
http://www.zhihu.com/people/wang-ji-yuan-77
http://www.zhihu.com/people/cindy-cui-4
http://www.zhihu.com/people/zkaip
http://www.zhihu.com/people/chenyun
http://www.zhihu.com/people/luke-king-53
http://www.zhihu.com/people/yaochenhao
http://www.zhihu.com/people/flike
http://www.zhihu.com/people/marsokit
http://www.zhihu.com/people/fang-bei-xin
http://www.zhihu.com/people/CHILEMENI
http://www.zhihu.com/people/yang-da-du
http://www.zhihu.com/people/he-shao-yan
http://www.zhihu.com/people/xuan-yu-27
http://www.zhihu.com/people/jia-bin-38
http://www.zhihu.com/people/li-bu-ren
http://www.zhihu.com/people/hint
http://www.zhihu.com/people/kai-wen-luo
http://www.zhihu.com/people/yan-ke-71
http://www.zhihu.com/people/eating-c
http://www.zhihu.com/people/GuLynda
http://www.zhihu.com/people/1uoluo
http://www.zhihu.com/people/abel_phyllis
http://www.zhihu.com/people/jackxie
http://www.zhihu.com/people/nie-yu-23
http://www.zhihu.com/people/hai-yang
http://www.zhihu.com/people/wu-peng-60
http://www.zhihu.com/people/elijah-4
http://www.zhihu.com/people/li-dian-dian-12
http://www.zhihu.com/people/hedichunxiao
http://www.zhihu.com/people/saradepp
http://www.zhihu.com/people/mo-ri-bo
http://www.zhihu.com/people/melvzen
http://www.zhihu.com/people/livy-lan
http://www.zhihu.com/people/xpoint
http://www.zhihu.com/people/nuan-yu
http://www.zhihu.com/people/blues
http://www.zhihu.com/people/li-xiao-wen-82
http://www.zhihu.com/people/gao-zheng-11
http://www.zhihu.com/people/han-cheng-95-4
http://www.zhihu.com/people/qian-bing-yi
http://www.zhihu.com/people/locnlee
http://www.zhihu.com/people/wildwilde
http://www.zhihu.com/people/bellydark
http://www.zhihu.com/people/liu-feng-18
http://www.zhihu.com/people/tony.wong.hk
http://www.zhihu.com/people/wang-ke-li-83
http://www.zhihu.com/people/siouxsie
http://www.zhihu.com/people/feng-xue-12
http://www.zhihu.com/people/da-tou-94
http://www.zhihu.com/people/llq6072
http://www.zhihu.com/people/yu-zhou-zhou-82
http://www.zhihu.com/people/meredith-wang-84
http://www.zhihu.com/people/anqi001
http://www.zhihu.com/people/shi-nian-deng
http://www.zhihu.com/people/cui-yong-fang
http://www.zhihu.com/people/chen-shuang-24
http://www.zhihu.com/people/takumiii
http://www.zhihu.com/people/floweraul
http://www.zhihu.com/people/cheng-zhong-you
http://www.zhihu.com/people/zhao-mu
http://www.zhihu.com/people/levann
http://www.zhihu.com/people/fablefong
http://www.zhihu.com/people/gai-sheng-han
http://www.zhihu.com/people/wudeqi
http://www.zhihu.com/people/tongeril
http://www.zhihu.com/people/zouyun
http://www.zhihu.com/people/he-xin-yu-3
http://www.zhihu.com/people/flyxuyi
http://www.zhihu.com/people/yaweizhang
http://www.zhihu.com/people/yang-ke-80
http://www.zhihu.com/people/hou-yi-vincent
http://www.zhihu.com/people/wang-long-97-62
http://www.zhihu.com/people/theseven
http://www.zhihu.com/people/zzie-mo
http://www.zhihu.com/people/mikasang
http://www.zhihu.com/people/riccinei
http://www.zhihu.com/people/wolekuduo
http://www.zhihu.com/people/zhang-xiao-9-88
http://www.zhihu.com/people/xiao-su-27
http://www.zhihu.com/people/carina-25
http://www.zhihu.com/people/zhao-xi-chan
http://www.zhihu.com/people/zes1109
http://www.zhihu.com/people/lizzyo
http://www.zhihu.com/people/davi-d
http://www.zhihu.com/people/caiyuanjun
http://www.zhihu.com/people/chen-yu-zhou-57
http://www.zhihu.com/people/BJcigar
http://www.zhihu.com/people/wu-di-83
http://www.zhihu.com/people/yu-xi-hui
http://www.zhihu.com/people/lichenghe
http://www.zhihu.com/people/yang-zhen-98
http://www.zhihu.com/people/shelockcrc
http://www.zhihu.com/people/wang-ruo-feng-28
http://www.zhihu.com/people/kang-shu
http://www.zhihu.com/people/tang-mi-54
http://www.zhihu.com/people/liu-yan-feng-6
http://www.zhihu.com/people/shao-hao-ming
http://www.zhihu.com/people/yao-tom
http://www.zhihu.com/people/xiao-tu-1
http://www.zhihu.com/people/zhou-xiao-diao-50
http://www.zhihu.com/people/x-bin
http://www.zhihu.com/people/yang-bei-65
http://www.zhihu.com/people/bai-guo
http://www.zhihu.com/people/yandeng
http://www.zhihu.com/people/zhong-ha-ha
http://www.zhihu.com/people/fishboke
http://www.zhihu.com/people/lin-jia-fei
http://www.zhihu.com/people/_zhao_xu_
http://www.zhihu.com/people/jimbeanka
http://www.zhihu.com/people/callmeyan
http://www.zhihu.com/people/leonardoql
http://www.zhihu.com/people/vinciarts
http://www.zhihu.com/people/eow-m
http://www.zhihu.com/people/wang-yue-72-49
http://www.zhihu.com/people/be-with-lele
http://www.zhihu.com/people/danielchen1995
http://www.zhihu.com/people/albertpkmn
http://www.zhihu.com/people/hunterxmoon
http://www.zhihu.com/people/zhang-peng-lin
http://www.zhihu.com/people/feng-xi-21
http://www.zhihu.com/people/cynthiayida
http://www.zhihu.com/people/er-liang-jie-cao
http://www.zhihu.com/people/zhu-ge-kang-34
http://www.zhihu.com/people/xuanli1012
http://www.zhihu.com/people/Agnesa
http://www.zhihu.com/people/face-li
http://www.zhihu.com/people/Ysis
http://www.zhihu.com/people/li-xiao-er-50
http://www.zhihu.com/people/cocklebur
http://www.zhihu.com/people/youko-you
http://www.zhihu.com/people/shang-chang-hua
http://www.zhihu.com/people/wu-ya-nan-2
http://www.zhihu.com/people/li-jia-ye
http://www.zhihu.com/people/huang-jia-wei
http://www.zhihu.com/people/li-bei-ni
http://www.zhihu.com/people/lu-wei-94-22
http://www.zhihu.com/people/dongfangnan
http://www.zhihu.com/people/yang-er-long
http://www.zhihu.com/people/wen-sen-te-86
http://www.zhihu.com/people/stefanie-31
http://www.zhihu.com/people/da-che
http://www.zhihu.com/people/orchardguru
http://www.zhihu.com/people/ma-que-10
http://www.zhihu.com/people/mjl_zhihu
http://www.zhihu.com/people/huang-mu-chuan
http://www.zhihu.com/people/xu-kai-li-3
http://www.zhihu.com/people/ti-ta
http://www.zhihu.com/people/zlotus
http://www.zhihu.com/people/wu-xiao-ping-75
http://www.zhihu.com/people/susus
http://www.zhihu.com/people/gary-46
http://www.zhihu.com/people/sys52008
http://www.zhihu.com/people/dimlau
http://www.zhihu.com/people/cheng-xiao-mo-90
http://www.zhihu.com/people/wang-wen-ping
http://www.zhihu.com/people/yang-rong-pei
http://www.zhihu.com/people/hong-cheng-52-9
http://www.zhihu.com/people/liuyang1991
http://www.zhihu.com/people/lei-hao-yi
http://www.zhihu.com/people/yang-yu-hao-90
http://www.zhihu.com/people/mo-zi-93
http://www.zhihu.com/people/helena-yang
http://www.zhihu.com/people/zhong-ye-zi-49
http://www.zhihu.com/people/zhang-tian-yang-46
http://www.zhihu.com/people/liumingyang
http://www.zhihu.com/people/cui-ke
http://www.zhihu.com/people/zhao-cai-a-zhuo
http://www.zhihu.com/people/su-chen-chen
http://www.zhihu.com/people/eunice-80
http://www.zhihu.com/people/listen-hwa
http://www.zhihu.com/people/liu-xiu-cai
http://www.zhihu.com/people/liu-xiao-zhui
http://www.zhihu.com/people/liu-chuan-feng-1
http://www.zhihu.com/people/jin-qiao-chu
http://www.zhihu.com/people/balai
http://www.zhihu.com/people/jerry-zhang-72
http://www.zhihu.com/people/xiao-yi-yang
http://www.zhihu.com/people/wang-yuan-66-5
http://www.zhihu.com/people/an0083
http://www.zhihu.com/people/zhengyin
http://www.zhihu.com/people/hong-xiao-dou
http://www.zhihu.com/people/huang-hua-hua-21
http://www.zhihu.com/people/juice-wong
http://www.zhihu.com/people/ebuluo
http://www.zhihu.com/people/he-jin-yin-81
http://www.zhihu.com/people/yu-guang-44
http://www.zhihu.com/people/yuke-fighting
http://www.zhihu.com/people/fan-xu-51
http://www.zhihu.com/people/mo-shen-94
http://www.zhihu.com/people/leon-lee-37
http://www.zhihu.com/people/bushwalker
http://www.zhihu.com/people/masterpa
http://www.zhihu.com/people/tan-zhuang-zhuang-68
http://www.zhihu.com/people/sunfuming
http://www.zhihu.com/people/fang-he-ru
http://www.zhihu.com/people/shu-hai-meng
http://www.zhihu.com/people/wu-xie-ni-de-ke-ji
http://www.zhihu.com/people/solomon-90
http://www.zhihu.com/people/weirdolion
http://www.zhihu.com/people/jiong-cong
http://www.zhihu.com/people/ma-zhi-heng
http://www.zhihu.com/people/peoplegxs
http://www.zhihu.com/people/huang-yi-jing-25
http://www.zhihu.com/people/walter-snow
http://www.zhihu.com/people/iamecho
http://www.zhihu.com/people/su-fei-17
http://www.zhihu.com/people/li-gang-li
http://www.zhihu.com/people/mo-qian-47
http://www.zhihu.com/people/huang-jun-feng-15
http://www.zhihu.com/people/loidco
http://www.zhihu.com/people/liu-quan-wei-39
http://www.zhihu.com/people/zhang-ru-ben
http://www.zhihu.com/people/n-emo
http://www.zhihu.com/people/wu-cheng-hao-66
http://www.zhihu.com/people/violynne
http://www.zhihu.com/people/gao-le-61
http://www.zhihu.com/people/xie-ying
http://www.zhihu.com/people/truebit
http://www.zhihu.com/people/yang-mona
http://www.zhihu.com/people/mengying0960
http://www.zhihu.com/people/wu-da-kong
http://www.zhihu.com/people/hu-ke-66
http://www.zhihu.com/people/YEESA
http://www.zhihu.com/people/tiao-ruirui
http://www.zhihu.com/people/cynthia-xinyi
http://www.zhihu.com/people/xu-yi-ran-63
http://www.zhihu.com/people/chen-jia-lin-37
http://www.zhihu.com/people/garagin
http://www.zhihu.com/people/qu-ping-ze
http://www.zhihu.com/people/chen-chun-chun-13
http://www.zhihu.com/people/LisLove
http://www.zhihu.com/people/solodolo
http://www.zhihu.com/people/li-chuan-73
http://www.zhihu.com/people/Ricahrd.Light
http://www.zhihu.com/people/viuviu
http://www.zhihu.com/people/littleVege
http://www.zhihu.com/people/renbinglin
http://www.zhihu.com/people/liu-xiao-shu-49
http://www.zhihu.com/people/lou-an-ji-40
http://www.zhihu.com/people/zhang-yu-feng-58
http://www.zhihu.com/people/cdtcai
http://www.zhihu.com/people/karaki
http://www.zhihu.com/people/young-69
http://www.zhihu.com/people/fejie1988
http://www.zhihu.com/people/wang-xiao-yue-86
http://www.zhihu.com/people/chen-bei-65
http://www.zhihu.com/people/raymondsexy
http://www.zhihu.com/people/oracle33
http://www.zhihu.com/people/fridaHM
http://www.zhihu.com/people/wang-xiao-qiang-92
http://www.zhihu.com/people/zhang-xiao-lin-0711
http://www.zhihu.com/people/mu-zi-93-14
http://www.zhihu.com/people/zhu-pin-yi
http://www.zhihu.com/people/youliugui
http://www.zhihu.com/people/tequila-88
http://www.zhihu.com/people/mengxian
http://www.zhihu.com/people/emily-zhao
http://www.zhihu.com/people/dao-xiang-87
http://www.zhihu.com/people/wang-zhong-lin-27
http://www.zhihu.com/people/li-rui-qi-96
http://www.zhihu.com/people/shi-teng-long
http://www.zhihu.com/people/sky-fall
http://www.zhihu.com/people/xia-kai-guo
http://www.zhihu.com/people/devilazy
http://www.zhihu.com/people/lianne-liu
http://www.zhihu.com/people/zhou-64
http://www.zhihu.com/people/liu-dong-fu
http://www.zhihu.com/people/fangyuxi
http://www.zhihu.com/people/zhang-wan-tao-24
http://www.zhihu.com/people/liao-zhi-yuan
http://www.zhihu.com/people/song-96
http://www.zhihu.com/people/chu-ellen-43
http://www.zhihu.com/people/iris-li-55
http://www.zhihu.com/people/k-m-75
http://www.zhihu.com/people/liu-da-chun-68
http://www.zhihu.com/people/liu-yidao-58
http://www.zhihu.com/people/jiroas
http://www.zhihu.com/people/cheng-qing-22
http://www.zhihu.com/people/li-jing-rui
http://www.zhihu.com/people/chen-bing-hong-73
http://www.zhihu.com/people/he-le-yi
http://www.zhihu.com/people/yu-sheng-fei
http://www.zhihu.com/people/superyu-mi-jiang
http://www.zhihu.com/people/shi-yilang-cai
http://www.zhihu.com/people/de-ma-66
http://www.zhihu.com/people/diao-ke-48
http://www.zhihu.com/people/liu-jun-liang-30
http://www.zhihu.com/people/fabulousgv
http://www.zhihu.com/people/ceng-wen-zi
http://www.zhihu.com/people/yin-xiao-xiong-86
http://www.zhihu.com/people/zhu-yu-7-27
http://www.zhihu.com/people/shenxian
http://www.zhihu.com/people/minaolenliz
http://www.zhihu.com/people/Evelyn0908
http://www.zhihu.com/people/jenniejiang
http://www.zhihu.com/people/ji-shuang-yu
http://www.zhihu.com/people/xia-ji-xiang
http://www.zhihu.com/people/hu-meng-83
http://www.zhihu.com/people/SkyWalkerAL
http://www.zhihu.com/people/momo-ivy
http://www.zhihu.com/people/lin-xiao-shu-12
http://www.zhihu.com/people/xing-zhe-90
http://www.zhihu.com/people/jason_li
http://www.zhihu.com/people/yan-tong-18
http://www.zhihu.com/people/prealvin
http://www.zhihu.com/people/tian-nan-gua
http://www.zhihu.com/people/qian-zhen-53
http://www.zhihu.com/people/hou-nan-67
http://www.zhihu.com/people/shi-yuan-feng
http://www.zhihu.com/people/mi-ao-lan
http://www.zhihu.com/people/han-de-sheng
http://www.zhihu.com/people/zhang-xue-wei
http://www.zhihu.com/people/deppon
http://www.zhihu.com/people/deanhou
http://www.zhihu.com/people/liang-xiao-mi-44
http://www.zhihu.com/people/xiao-liang-moon
http://www.zhihu.com/people/anita-cheuk
http://www.zhihu.com/people/li-qiu-heng
http://www.zhihu.com/people/gong-fu-chen
http://www.zhihu.com/people/li-jun-jun-67
http://www.zhihu.com/people/JANE4869
http://www.zhihu.com/people/zhan-sheng-41
http://www.zhihu.com/people/lytaste
http://www.zhihu.com/people/cody-16
http://www.zhihu.com/people/myisocn
http://www.zhihu.com/people/yang-song-jia
http://www.zhihu.com/people/han-bao-cai
http://www.zhihu.com/people/li-peng-fei-34-10
http://www.zhihu.com/people/gonw
http://www.zhihu.com/people/addice
http://www.zhihu.com/people/sunbaoru
http://www.zhihu.com/people/zi-qing-90
http://www.zhihu.com/people/you-guo-59
http://www.zhihu.com/people/shi-xiao-bo-94
http://www.zhihu.com/people/chen-xing-xing-38-53
http://www.zhihu.com/people/bu-zhi-hu
http://www.zhihu.com/people/crossword
http://www.zhihu.com/people/backring
http://www.zhihu.com/people/huhuaxiaoshuai
http://www.zhihu.com/people/wang-wei-82-36-82
http://www.zhihu.com/people/zhang-bo-yuan
http://www.zhihu.com/people/liqite
http://www.zhihu.com/people/bo-wen-49
http://www.zhihu.com/people/blog.sina.com.cn
http://www.zhihu.com/people/hu-xin-yao
http://www.zhihu.com/people/huang-wei-25-50
http://www.zhihu.com/people/li-zheng-35
http://www.zhihu.com/people/zhang-yao-55-85
http://www.zhihu.com/people/icola
http://www.zhihu.com/people/xie-luo-qiu-fen
http://www.zhihu.com/people/jian-zhu-61
http://www.zhihu.com/people/huang-wei-yun
http://www.zhihu.com/people/titus-5
http://www.zhihu.com/people/lei-bao-69-1
http://www.zhihu.com/people/li-xin-yang
http://www.zhihu.com/people/miaomiaomiao
http://www.zhihu.com/people/chewan
http://www.zhihu.com/people/zhang-ming-21-51
http://www.zhihu.com/people/sin-51
http://www.zhihu.com/people/xi-xi-28
http://www.zhihu.com/people/mo-ya-95
http://www.zhihu.com/people/zhang-zi-su
http://www.zhihu.com/people/xuxing
http://www.zhihu.com/people/li-da-bing
http://www.zhihu.com/people/fan-fei-4
http://www.zhihu.com/people/san-shao-san-shao
http://www.zhihu.com/people/limonzhou
http://www.zhihu.com/people/wu-ze-92
http://www.zhihu.com/people/wu-jie-97
http://www.zhihu.com/people/ong-mysti
http://www.zhihu.com/people/tao-le-le-29
http://www.zhihu.com/people/baidoudou
http://www.zhihu.com/people/ha-pi-bao
http://www.zhihu.com/people/yin-li-feng
http://www.zhihu.com/people/folin
http://www.zhihu.com/people/wang-jin-bo-87
http://www.zhihu.com/people/eveyao-kao-pu
http://www.zhihu.com/people/shi-da-wan
http://www.zhihu.com/people/xi-dong-xu
http://www.zhihu.com/people/zha-si-ting
http://www.zhihu.com/people/lizzy-74
http://www.zhihu.com/people/millia-15
http://www.zhihu.com/people/golden
http://www.zhihu.com/people/joker-86
http://www.zhihu.com/people/aerotian
http://www.zhihu.com/people/jin-dan-hua
http://www.zhihu.com/people/techoxygen
http://www.zhihu.com/people/xiang-yan-14
http://www.zhihu.com/people/mo-mo-er-wang
http://www.zhihu.com/people/yan-dan-39
http://www.zhihu.com/people/chen-shu-15
http://www.zhihu.com/people/ming-luo
http://www.zhihu.com/people/yangluhan1990
http://www.zhihu.com/people/zheng-mu-rong
http://www.zhihu.com/people/tangzl
http://www.zhihu.com/people/bi-hai-bo
http://www.zhihu.com/people/cai-yan-ting-81
http://www.zhihu.com/people/niu-hao-42
http://www.zhihu.com/people/ary-shinko
http://www.zhihu.com/people/yibubu2012
http://www.zhihu.com/people/gkool
http://www.zhihu.com/people/live-i
http://www.zhihu.com/people/mashicong
http://www.zhihu.com/people/davew
http://www.zhihu.com/people/changdi
http://www.zhihu.com/people/mingleung
http://www.zhihu.com/people/yi-da-sen
http://www.zhihu.com/people/xu-yong-jia
http://www.zhihu.com/people/czs05
http://www.zhihu.com/people/hao-jia-hong
http://www.zhihu.com/people/ding-yi-kai
http://www.zhihu.com/people/fograin
http://www.zhihu.com/people/guxizhao
http://www.zhihu.com/people/zhou-li-qi-ricky
http://www.zhihu.com/people/zhou-xing-73
http://www.zhihu.com/people/rincolor
http://www.zhihu.com/people/chen-shu-yi-21
http://www.zhihu.com/people/fanting
http://www.zhihu.com/people/peter-85
http://www.zhihu.com/people/liuerfu
http://www.zhihu.com/people/zou-dao-kou
http://www.zhihu.com/people/chen-yu-jun-93
http://www.zhihu.com/people/chengyuan
http://www.zhihu.com/people/1230
http://www.zhihu.com/people/qian-cao-50
http://www.zhihu.com/people/zhang-shi-pu
http://www.zhihu.com/people/zhang-yiliu
http://www.zhihu.com/people/corfishy
http://www.zhihu.com/people/jiang-pei-bao-55
http://www.zhihu.com/people/ding-yuan-shun
http://www.zhihu.com/people/pang-da-45
http://www.zhihu.com/people/wu-kai-lun
http://www.zhihu.com/people/zhang-ying-42-93
http://www.zhihu.com/people/chris-81
http://www.zhihu.com/people/kissinger
http://www.zhihu.com/people/hhp0903
http://www.zhihu.com/people/jixin
http://www.zhihu.com/people/wu-tong-56
http://www.zhihu.com/people/mo-mo-wu-wen
http://www.zhihu.com/people/000xxx
http://www.zhihu.com/people/fan-ruo-xi-29
http://www.zhihu.com/people/yuweiz
http://www.zhihu.com/people/xu-mi-mi-75
http://www.zhihu.com/people/wu-bian-luo
http://www.zhihu.com/people/wei-xu-25
http://www.zhihu.com/people/nuonuolili
http://www.zhihu.com/people/wang-ling-56
http://www.zhihu.com/people/chen-hao-jie-60
http://www.zhihu.com/people/cherrydcy
http://www.zhihu.com/people/nathan-40
http://www.zhihu.com/people/ma-xiao-jun-61
http://www.zhihu.com/people/zhang-___-chuan
http://www.zhihu.com/people/mu-yu-72
http://www.zhihu.com/people/dr.chao
http://www.zhihu.com/people/zhi-ting-lan
http://www.zhihu.com/people/xiao-yu-64
http://www.zhihu.com/people/ilook
http://www.zhihu.com/people/rincos
http://www.zhihu.com/people/xie-kai-66-61
http://www.zhihu.com/people/zeaker
http://www.zhihu.com/people/mei-mei-mei-mei-mei-pi-qi
http://www.zhihu.com/people/weili27
http://www.zhihu.com/people/suifeng
http://www.zhihu.com/people/tiamotogether
http://www.zhihu.com/people/ahlex
http://www.zhihu.com/people/zhang-hai-tian
http://www.zhihu.com/people/eilif
http://www.zhihu.com/people/LoveU
http://www.zhihu.com/people/li-xiang-55
http://www.zhihu.com/people/yang-shuang-1
http://www.zhihu.com/people/qi-xuan
http://www.zhihu.com/people/huang-dong-wen
http://www.zhihu.com/people/chen-xin-yan-65
http://www.zhihu.com/people/jiu-bao
http://www.zhihu.com/people/lu-fei-yao
http://www.zhihu.com/people/carley
http://www.zhihu.com/people/chen-jia-46
http://www.zhihu.com/people/liu-fang-72-7
http://www.zhihu.com/people/chong-wu-yi-sheng-cao-xiao-zhuang
http://www.zhihu.com/people/gino-23
http://www.zhihu.com/people/dectinc
http://www.zhihu.com/people/zhang-zhi-yue
http://www.zhihu.com/people/carrie-is-on
http://www.zhihu.com/people/zhang-ting-yao-45
http://www.zhihu.com/people/charlielin
http://www.zhihu.com/people/bai-xue-22
http://www.zhihu.com/people/yang-xiao-14
http://www.zhihu.com/people/rodyuan
http://www.zhihu.com/people/hao-xiao-xu
http://www.zhihu.com/people/yu-xiao-yue
http://www.zhihu.com/people/xiaodaoren
http://www.zhihu.com/people/lin-chen-42
http://www.zhihu.com/people/anio
http://www.zhihu.com/people/sharonlin
http://www.zhihu.com/people/luo-jia-xi
http://www.zhihu.com/people/punkidbunny
http://www.zhihu.com/people/tao-tie-32
http://www.zhihu.com/people/he-an-13
http://www.zhihu.com/people/wang-hui-jie
http://www.zhihu.com/people/cosyuxuan1
http://www.zhihu.com/people/Zhendong
http://www.zhihu.com/people/tong-feng
http://www.zhihu.com/people/zhang-xi-an
http://www.zhihu.com/people/azorey
http://www.zhihu.com/people/hua-qing-75
http://www.zhihu.com/people/lu-peng-wei
http://www.zhihu.com/people/up-up-75
http://www.zhihu.com/people/mylove
http://www.zhihu.com/people/perry-song
http://www.zhihu.com/people/dropby
http://www.zhihu.com/people/ywzgb
http://www.zhihu.com/people/rio
http://www.zhihu.com/people/zhongxm
http://www.zhihu.com/people/zhang-ting-ting-94
http://www.zhihu.com/people/robster
http://www.zhihu.com/people/nobodyliang
http://www.zhihu.com/people/phyee
http://www.zhihu.com/people/li-ruo-ruo
http://www.zhihu.com/people/chang-qing-62
http://www.zhihu.com/people/peng-hui-jian
http://www.zhihu.com/people/Pontuslondon
http://www.zhihu.com/people/wang-jia-wei-45-85
http://www.zhihu.com/people/panhui
http://www.zhihu.com/people/zhen-zhen-39-22
http://www.zhihu.com/people/zhang-yu-39-54
http://www.zhihu.com/people/wu-jin-hao
http://www.zhihu.com/people/liangsong
http://www.zhihu.com/people/fring-18
http://www.zhihu.com/people/hu-xiao-4
http://www.zhihu.com/people/liu-ying-16
http://www.zhihu.com/people/qin-qing-shun
http://www.zhihu.com/people/sun-jun-feng
http://www.zhihu.com/people/crosspoint
http://www.zhihu.com/people/bing-mez
http://www.zhihu.com/people/wang-jing-8-86
http://www.zhihu.com/people/zhang-meng-1201
http://www.zhihu.com/people/cui-wei
http://www.zhihu.com/people/liu-shui-96
http://www.zhihu.com/people/wo-xiang-he-ni-qu-lu-xing
http://www.zhihu.com/people/wang-sheng-5
http://www.zhihu.com/people/lishengbo
http://www.zhihu.com/people/sherry-zhao
http://www.zhihu.com/people/vrin
http://www.zhihu.com/people/denim_wang
http://www.zhihu.com/people/zhang-ze-kai-58
http://www.zhihu.com/people/si-shu-yang
http://www.zhihu.com/people/jiangkaizhihu
http://www.zhihu.com/people/cao-rui-jian
http://www.zhihu.com/people/eversonic
http://www.zhihu.com/people/firenzemc
http://www.zhihu.com/people/huang-lei-83
http://www.zhihu.com/people/Kaavield
http://www.zhihu.com/people/zhang-niu-niu
http://www.zhihu.com/people/xie-yun-hang
http://www.zhihu.com/people/qian-er-er
http://www.zhihu.com/people/bo-shuo-feng
http://www.zhihu.com/people/lin-liu-wen
http://www.zhihu.com/people/xun-xiao-she
http://www.zhihu.com/people/JT14
http://www.zhihu.com/people/que-xing-lasia
http://www.zhihu.com/people/xu-ming-yi
http://www.zhihu.com/people/Scott-Dong
http://www.zhihu.com/people/liu-suo
http://www.zhihu.com/people/iyucci
http://www.zhihu.com/people/wang-ting-ting-23
http://www.zhihu.com/people/alessag
http://www.zhihu.com/people/he-jian-rui
http://www.zhihu.com/people/eric-5
http://www.zhihu.com/people/gang-zi-70
http://www.zhihu.com/people/lizhifei
http://www.zhihu.com/people/cinderellaing
http://www.zhihu.com/people/chen-xin-76
http://www.zhihu.com/people/lyd-75
http://www.zhihu.com/people/zheng-ming-feng
http://www.zhihu.com/people/ji-e-yi-zhu-jia
http://www.zhihu.com/people/ryukoutetsu
http://www.zhihu.com/people/luo-ying-hao
http://www.zhihu.com/people/qingjia
http://www.zhihu.com/people/liu-yi-62
http://www.zhihu.com/people/wang-ran-ran-28
http://www.zhihu.com/people/baha
http://www.zhihu.com/people/chen-yan-ru-55
http://www.zhihu.com/people/vivianshuai
http://www.zhihu.com/people/hangfeilin
http://www.zhihu.com/people/pan-lang-lang
http://www.zhihu.com/people/xian-fa-hui
http://www.zhihu.com/people/chouthen
http://www.zhihu.com/people/sa-fen
http://www.zhihu.com/people/an-xiao-xi
http://www.zhihu.com/people/jia-cuo-wei
http://www.zhihu.com/people/shu-ji-tian
http://www.zhihu.com/people/mao-zhu-feng
http://www.zhihu.com/people/vidaai-chi-pao-fu
http://www.zhihu.com/people/huyibuct
http://www.zhihu.com/people/jin-xiao-nan
http://www.zhihu.com/people/chen-xiao-yu-21-5
http://www.zhihu.com/people/esperanza
http://www.zhihu.com/people/lv-bao-yi
http://www.zhihu.com/people/s0s0
http://www.zhihu.com/people/oceannagirl
http://www.zhihu.com/people/elvis-92
http://www.zhihu.com/people/ivankoki
http://www.zhihu.com/people/lu-___-fei
http://www.zhihu.com/people/queengao-xiao-bai
http://www.zhihu.com/people/he-mu-78
http://www.zhihu.com/people/amos-9
http://www.zhihu.com/people/shuang-xi-10
http://www.zhihu.com/people/piapialee
http://www.zhihu.com/people/kong-ling-___
http://www.zhihu.com/people/huang-hao-zhe
http://www.zhihu.com/people/lovefcb
http://www.zhihu.com/people/paiyuen
http://www.zhihu.com/people/mi-fan-bu-tiao-shi
http://www.zhihu.com/people/zhao-kai-46
http://www.zhihu.com/people/zhyang-liu
http://www.zhihu.com/people/psjay
http://www.zhihu.com/people/watsonhaw
http://www.zhihu.com/people/phos
http://www.zhihu.com/people/shi-xu-jing
http://www.zhihu.com/people/luthien
http://www.zhihu.com/people/oogoo
http://www.zhihu.com/people/rainvoo
http://www.zhihu.com/people/fang-yi-cheng-73
http://www.zhihu.com/people/yang-xiao-lin-42-7
http://www.zhihu.com/people/chentong
http://www.zhihu.com/people/dou-shuai-62
http://www.zhihu.com/people/pen-xiao-yu
http://www.zhihu.com/people/diligentwhq
http://www.zhihu.com/people/jia-jiang-han
http://www.zhihu.com/people/liu-si-qi-86
http://www.zhihu.com/people/feversun
http://www.zhihu.com/people/yang-guang-6
http://www.zhihu.com/people/kukudi1028
http://www.zhihu.com/people/chen-yuan-hang
http://www.zhihu.com/people/steven-lu-30
http://www.zhihu.com/people/tiziana
http://www.zhihu.com/people/zhuo-zhi-ying
http://www.zhihu.com/people/song-yuan-jia-77
http://www.zhihu.com/people/yan-er-jane
http://www.zhihu.com/people/fuck
http://www.zhihu.com/people/linyewei
http://www.zhihu.com/people/ai-fei-ai
http://www.zhihu.com/people/applestory
http://www.zhihu.com/people/hong-jie-hong
http://www.zhihu.com/people/pandaguo
http://www.zhihu.com/people/xiao-ning
http://www.zhihu.com/people/xie-fen-36
http://www.zhihu.com/people/mu-hua
http://www.zhihu.com/people/paprikaz
http://www.zhihu.com/people/chouti
http://www.zhihu.com/people/zhengguoqiang
http://www.zhihu.com/people/deng-hao-34
http://www.zhihu.com/people/niu-zi-jian
http://www.zhihu.com/people/xjiangxjxjxjx
http://www.zhihu.com/people/iris-chen-97
http://www.zhihu.com/people/yoyo-77
http://www.zhihu.com/people/heis
http://www.zhihu.com/people/magie
http://www.zhihu.com/people/shui-ci-wu-fang
http://www.zhihu.com/people/shui-dan
http://www.zhihu.com/people/song-chan-7
http://www.zhihu.com/people/wang-chun-ze-44
http://www.zhihu.com/people/bing-zi-60
http://www.zhihu.com/people/Silent_Rosie
http://www.zhihu.com/people/qing-ben-jia-ren
http://www.zhihu.com/people/edison-84
http://www.zhihu.com/people/yin-xiao-bao
http://www.zhihu.com/people/youyo
http://www.zhihu.com/people/lydia-7
http://www.zhihu.com/people/yang-rui-21
http://www.zhihu.com/people/wei-qing-min
http://www.zhihu.com/people/honk
http://www.zhihu.com/people/dirs
http://www.zhihu.com/people/steveren
http://www.zhihu.com/people/li-bo-yang-89
http://www.zhihu.com/people/xxnotepad
http://www.zhihu.com/people/jiu-ling-43
http://www.zhihu.com/people/dai-yu-xiu
http://www.zhihu.com/people/jingya
http://www.zhihu.com/people/qian-si-mao
http://www.zhihu.com/people/yang-huan-huan-94
http://www.zhihu.com/people/orange-49
http://www.zhihu.com/people/big-orange
http://www.zhihu.com/people/lipengbin
http://www.zhihu.com/people/chen-yong-welcome
http://www.zhihu.com/people/ashleywolf
http://www.zhihu.com/people/laura-2
http://www.zhihu.com/people/liang-chuan-54
http://www.zhihu.com/people/an-tao-tao
http://www.zhihu.com/people/xia-jie-95
http://www.zhihu.com/people/fang-yu-huan-19
http://www.zhihu.com/people/liu-zhen-chuan-98
http://www.zhihu.com/people/han-jian-3
http://www.zhihu.com/people/pat-pat
http://www.zhihu.com/people/avskin
http://www.zhihu.com/people/li-jun-eileen
http://www.zhihu.com/people/xie-zhi-zhi-60
http://www.zhihu.com/people/luo-ze-mu
http://www.zhihu.com/people/ma-san-xing
http://www.zhihu.com/people/jia-hao-85
http://www.zhihu.com/people/wowodavid
http://www.zhihu.com/people/c166
http://www.zhihu.com/people/zombie
http://www.zhihu.com/people/zero-19
http://www.zhihu.com/people/akesiou
http://www.zhihu.com/people/endlessturelove
http://www.zhihu.com/people/yang-zi-92
http://www.zhihu.com/people/zhuyawen
http://www.zhihu.com/people/liu-feng-wei-23
http://www.zhihu.com/people/qiu-guo-dong
http://www.zhihu.com/people/lan-xu-82
http://www.zhihu.com/people/melon-ding
http://www.zhihu.com/people/jingz
http://www.zhihu.com/people/zhang-cheng-yang
http://www.zhihu.com/people/yogo
http://www.zhihu.com/people/gymitat
http://www.zhihu.com/people/minmemory
http://www.zhihu.com/people/yu-wen-qi
http://www.zhihu.com/people/donhi
http://www.zhihu.com/people/boya-88
http://www.zhihu.com/people/qiang-zhong-yi
http://www.zhihu.com/people/kuang-qian-95
http://www.zhihu.com/people/cai-ti-ran
http://www.zhihu.com/people/lars-lu
http://www.zhihu.com/people/lu-cong-jin-ye-bai
http://www.zhihu.com/people/deodou-dou
http://www.zhihu.com/people/luo-meng-jie
http://www.zhihu.com/people/yexiaofei
http://www.zhihu.com/people/lu-suo
http://www.zhihu.com/people/song-song-99
http://www.zhihu.com/people/leng-shuai
http://www.zhihu.com/people/jia-ke-wei
http://www.zhihu.com/people/willkong
http://www.zhihu.com/people/guisheng-w
http://www.zhihu.com/people/lingyan
http://www.zhihu.com/people/aumoney
http://www.zhihu.com/people/li-mu-85-72
http://www.zhihu.com/people/yang-hou-ze
http://www.zhihu.com/people/chen-wei-57
http://www.zhihu.com/people/zhang-hao-22
http://www.zhihu.com/people/10250
http://www.zhihu.com/people/yang-jiang-he
http://www.zhihu.com/people/sellsoda
http://www.zhihu.com/people/liu-yu-han-44
http://www.zhihu.com/people/emily-26
http://www.zhihu.com/people/prinz
http://www.zhihu.com/people/dyno
http://www.zhihu.com/people/zao-hu
http://www.zhihu.com/people/zhao-nan-zi
http://www.zhihu.com/people/tongjinghao
http://www.zhihu.com/people/liqiang123
http://www.zhihu.com/people/yansucl
http://www.zhihu.com/people/ma-jia-sang
http://www.zhihu.com/people/ran-de-hui
http://www.zhihu.com/people/wu-wei-di-6
http://www.zhihu.com/people/fanguofeng
http://www.zhihu.com/people/Metaphox
http://www.zhihu.com/people/faye-98
http://www.zhihu.com/people/chen-kai-83
http://www.zhihu.com/people/lu-tian-88
http://www.zhihu.com/people/windan0901
http://www.zhihu.com/people/zhu-xiao-wu-77
http://www.zhihu.com/people/qiuyang413
http://www.zhihu.com/people/yucca
http://www.zhihu.com/people/chenxc
http://www.zhihu.com/people/diecxters
http://www.zhihu.com/people/imxiaofeng
http://www.zhihu.com/people/lele
http://www.zhihu.com/people/li-chen-zhou-68
http://www.zhihu.com/people/wu-de-feng
http://www.zhihu.com/people/vazo
http://www.zhihu.com/people/jason911
http://www.zhihu.com/people/blueblood
http://www.zhihu.com/people/liu-li-ping-41
http://www.zhihu.com/people/cheng-fang-hang
http://www.zhihu.com/people/thinker-97
http://www.zhihu.com/people/liujianwen
http://www.zhihu.com/people/zhang-qiu-qing
http://www.zhihu.com/people/K7forever
http://www.zhihu.com/people/wangyanran
http://www.zhihu.com/people/luo-wa-li
http://www.zhihu.com/people/jason-59-49
http://www.zhihu.com/people/imceobitch
http://www.zhihu.com/people/umifam
http://www.zhihu.com/people/kaxiaoma
http://www.zhihu.com/people/will-37
http://www.zhihu.com/people/an-zhi-25
http://www.zhihu.com/people/zhao-bo-cheng
http://www.zhihu.com/people/whongn
http://www.zhihu.com/people/hong-lin-39
http://www.zhihu.com/people/wang-wei-cun
http://www.zhihu.com/people/chen-dai-zhuo
http://www.zhihu.com/people/GilgameshK
http://www.zhihu.com/people/hu-jia-cheng
http://www.zhihu.com/people/xiao-bai-yang-16
http://www.zhihu.com/people/li-mu-qing-521
http://www.zhihu.com/people/li-xiao-tian-41
http://www.zhihu.com/people/chuck-63
http://www.zhihu.com/people/liu-xing-jian-84
http://www.zhihu.com/people/dai-xiao-hua
http://www.zhihu.com/people/elichang
http://www.zhihu.com/people/alex-94-50
http://www.zhihu.com/people/zhu-qiu-yong
http://www.zhihu.com/people/liuyang-37
http://www.zhihu.com/people/solib
http://www.zhihu.com/people/superwanker
http://www.zhihu.com/people/su-wan-79
http://www.zhihu.com/people/heerer
http://www.zhihu.com/people/hope-wang
http://www.zhihu.com/people/xddxy
http://www.zhihu.com/people/wang-long-50-51
http://www.zhihu.com/people/gu-xuan-xi
http://www.zhihu.com/people/geekinmedia
http://www.zhihu.com/people/chong-er
http://www.zhihu.com/people/nan-xi-ren
http://www.zhihu.com/people/Joey9094
http://www.zhihu.com/people/hu-ju
http://www.zhihu.com/people/shawn-4-79
http://www.zhihu.com/people/chen-cheng-35
http://www.zhihu.com/people/wei-jun-72-33
http://www.zhihu.com/people/bei-ying
http://www.zhihu.com/people/tcstar
http://www.zhihu.com/people/279734816
http://www.zhihu.com/people/eric-hsu
http://www.zhihu.com/people/patrickluo
http://www.zhihu.com/people/hu-wei-75
http://www.zhihu.com/people/wicket-gate
http://www.zhihu.com/people/mmyww
http://www.zhihu.com/people/huma
http://www.zhihu.com/people/JiangTianZheng
http://www.zhihu.com/people/yang-cong-quan-man-tou
http://www.zhihu.com/people/jeremy-53
http://www.zhihu.com/people/heayon
http://www.zhihu.com/people/cao-meng-di
http://www.zhihu.com/people/yang-fan-79
http://www.zhihu.com/people/almondmilk
http://www.zhihu.com/people/298097917
http://www.zhihu.com/people/wu-si-26
http://www.zhihu.com/people/zhu-yan-ren
http://www.zhihu.com/people/liu-chang-qing-49
http://www.zhihu.com/people/zhang-xian-zuo
http://www.zhihu.com/people/qi-lin-17
http://www.zhihu.com/people/yskin
http://www.zhihu.com/people/susummer
http://www.zhihu.com/people/boviyoung
http://www.zhihu.com/people/wu-yin-bing
http://www.zhihu.com/people/kinglon
http://www.zhihu.com/people/chenn
http://www.zhihu.com/people/kimfly
http://www.zhihu.com/people/huang-jian-73-70
http://www.zhihu.com/people/meng-ling-shi
http://www.zhihu.com/people/bastien-yu
http://www.zhihu.com/people/caramelgrace
http://www.zhihu.com/people/seule
http://www.zhihu.com/people/tian-min-cheng
http://www.zhihu.com/people/ou-jing-ge
http://www.zhihu.com/people/raymond-wang
http://www.zhihu.com/people/kuang-xue-ting
http://www.zhihu.com/people/xraccoon
http://www.zhihu.com/people/xiao-jian-ren-71
http://www.zhihu.com/people/dan-feng-29
http://www.zhihu.com/people/ooops
http://www.zhihu.com/people/li-jia-ming
http://www.zhihu.com/people/mobiuschen
http://www.zhihu.com/people/sam-40
http://www.zhihu.com/people/RegulusW
http://www.zhihu.com/people/yangfan7823
http://www.zhihu.com/people/zhou-zhi-zhi
http://www.zhihu.com/people/pi-pi-shuang
http://www.zhihu.com/people/zhang-yang-60-19
http://www.zhihu.com/people/robermac
http://www.zhihu.com/people/zhan-ci
http://www.zhihu.com/people/angirlv
http://www.zhihu.com/people/zmao
http://www.zhihu.com/people/jake-80
http://www.zhihu.com/people/shengzhiliang
http://www.zhihu.com/people/dou-ru-xin
http://www.zhihu.com/people/xia-jin-65
http://www.zhihu.com/people/shi-jian-liang
http://www.zhihu.com/people/guo-dong-77
http://www.zhihu.com/people/zhouyujiang
http://www.zhihu.com/people/ling-long
http://www.zhihu.com/people/xiaoxingchange
http://www.zhihu.com/people/hou-run-tian
http://www.zhihu.com/people/xiexiaopang
http://www.zhihu.com/people/yxue
http://www.zhihu.com/people/dalizhaoxiang
http://www.zhihu.com/people/boxun
http://www.zhihu.com/people/song-jia-50
http://www.zhihu.com/people/zhu-jun-qiang
http://www.zhihu.com/people/znicdust
http://www.zhihu.com/people/daniel975
http://www.zhihu.com/people/yi-you-16
http://www.zhihu.com/people/li-yi-sha
http://www.zhihu.com/people/yan-liu
http://www.zhihu.com/people/li-qiang-24-97
http://www.zhihu.com/people/xoyowade
http://www.zhihu.com/people/klem
