http://www.zhihu.com/people/li-shou-yin-89
http://www.zhihu.com/people/mengduo
http://www.zhihu.com/people/zhao-ze-liang
http://www.zhihu.com/people/lin-xiao-bin-26
http://www.zhihu.com/people/yu-gu-14
http://www.zhihu.com/people/dajieju-kengdie
http://www.zhihu.com/people/song-xiao-pi
http://www.zhihu.com/people/lu-xin-88
http://www.zhihu.com/people/wang-jiu-jiu
http://www.zhihu.com/people/gao-gao-72
http://www.zhihu.com/people/neil-35-70
http://www.zhihu.com/people/mi-mi-54
http://www.zhihu.com/people/zhou-zi-heng
http://www.zhihu.com/people/zhan-peng-30
http://www.zhihu.com/people/tiantian-87
http://www.zhihu.com/people/xiao-chu
http://www.zhihu.com/people/migangel
http://www.zhihu.com/people/zhangteman
http://www.zhihu.com/people/lu-jie-jie-3
http://www.zhihu.com/people/zhao-fei-yi
http://www.zhihu.com/people/noah-yuan
http://www.zhihu.com/people/zai-yi-luo
http://www.zhihu.com/people/zhu-yong-qian
http://www.zhihu.com/people/alice-45-16
http://www.zhihu.com/people/jeremytchao
http://www.zhihu.com/people/zhang-xiao-yu-0804
http://www.zhihu.com/people/WayneYue
http://www.zhihu.com/people/lu-ren-jun-37
http://www.zhihu.com/people/fu-tao-67
http://www.zhihu.com/people/GOUKI9999
http://www.zhihu.com/people/chen-bu-mian
http://www.zhihu.com/people/markyeung
http://www.zhihu.com/people/mei-xiao-mao
http://www.zhihu.com/people/yoyo1412
http://www.zhihu.com/people/zhang-ming-yun-97
http://www.zhihu.com/people/donj
http://www.zhihu.com/people/nan-xun-58
http://www.zhihu.com/people/li-guang-qiong
http://www.zhihu.com/people/GilgameshK
http://www.zhihu.com/people/yuan-ye-96
http://www.zhihu.com/people/tan-ri-tian
http://www.zhihu.com/people/zhang-bo-67-32
http://www.zhihu.com/people/fu-hua-hua
http://www.zhihu.com/people/he-yuan-sheng
http://www.zhihu.com/people/SeanParker
http://www.zhihu.com/people/gentlebeast
http://www.zhihu.com/people/qin-hui-34
http://www.zhihu.com/people/chenjianferrari
http://www.zhihu.com/people/li-ke-sheng-10
http://www.zhihu.com/people/li-xin-yi-80
http://www.zhihu.com/people/zhu-yuan-yu-run-40
http://www.zhihu.com/people/sourire-14
http://www.zhihu.com/people/wang-sen-shine
http://www.zhihu.com/people/wan-tian-xu
http://www.zhihu.com/people/qian-xi-25
http://www.zhihu.com/people/joe-hero
http://www.zhihu.com/people/jxccwl
http://www.zhihu.com/people/robert
http://www.zhihu.com/people/thoreau-84
http://www.zhihu.com/people/dramaticworld
http://www.zhihu.com/people/xiao-dou-56
http://www.zhihu.com/people/hu-xi-37
http://www.zhihu.com/people/jjking2011
http://www.zhihu.com/people/li-zhi-heng-35
http://www.zhihu.com/people/xue-lang-zi
http://www.zhihu.com/people/iseesea
http://www.zhihu.com/people/he-xin-yu-3
http://www.zhihu.com/people/sleepingknight
http://www.zhihu.com/people/wang-ting-ting-28-65
http://www.zhihu.com/people/zhihu_weekly
http://www.zhihu.com/people/yaochenhao
http://www.zhihu.com/people/lin-yiqian
http://www.zhihu.com/people/wu-bei-47-18
http://www.zhihu.com/people/LeeYee
http://www.zhihu.com/people/yijiu-xx
http://www.zhihu.com/people/nndnnd
http://www.zhihu.com/people/wangqian0707
http://www.zhihu.com/people/gao-yuan-yuan-61
http://www.zhihu.com/people/zhang-xiao-lin-90
http://www.zhihu.com/people/mu-wei-si-shi-er
http://www.zhihu.com/people/zhu-bo-tao
http://www.zhihu.com/people/Chen-Yaning
http://www.zhihu.com/people/linchange
http://www.zhihu.com/people/ban-qiao-yi-smoke
http://www.zhihu.com/people/zhaojian
http://www.zhihu.com/people/wushuideyu
http://www.zhihu.com/people/wu-lei-mu
http://www.zhihu.com/people/huang-liang-yi-69
http://www.zhihu.com/people/zhong-hao-78
http://www.zhihu.com/people/wanggaochen
http://www.zhihu.com/people/kyouma
http://www.zhihu.com/people/zhang-ying-zhou-91
http://www.zhihu.com/people/hu-liang-79
http://www.zhihu.com/people/xiao-sa-06-16
http://www.zhihu.com/people/justin-zpj
http://www.zhihu.com/people/mopz
http://www.zhihu.com/people/shen-hai-shen-lan
http://www.zhihu.com/people/tang-ming-yi
http://www.zhihu.com/people/wang-zi-yang-42
http://www.zhihu.com/people/wwwwwhen
http://www.zhihu.com/people/wang-qing-83
http://www.zhihu.com/people/HippoMatrix
http://www.zhihu.com/people/shen-an-83
http://www.zhihu.com/people/liu-liu-gu-niang
http://www.zhihu.com/people/wang-yang-6
http://www.zhihu.com/people/chang-cheng-jiang
http://www.zhihu.com/people/barry-59
http://www.zhihu.com/people/jin-cheng-gong
http://www.zhihu.com/people/yihuo
http://www.zhihu.com/people/mu-gui-dou
http://www.zhihu.com/people/zheng-bu-tou-39
http://www.zhihu.com/people/iyucci
http://www.zhihu.com/people/zhao-zi-57
http://www.zhihu.com/people/bai-zhi-long
http://www.zhihu.com/people/wang-fei-24
http://www.zhihu.com/people/fang-peng-hao
http://www.zhihu.com/people/blackpanther
http://www.zhihu.com/people/ning-schue
http://www.zhihu.com/people/ou-yang-ru
http://www.zhihu.com/people/jiong-xiao-ming
http://www.zhihu.com/people/guo-guo-19
http://www.zhihu.com/people/yoghurtming
http://www.zhihu.com/people/sha-zhu-zhu
http://www.zhihu.com/people/helloharry
http://www.zhihu.com/people/togliese
http://www.zhihu.com/people/huxiaoyi
http://www.zhihu.com/people/pan-shi-chen
http://www.zhihu.com/people/shell-65
http://www.zhihu.com/people/eric-zhuang-33
http://www.zhihu.com/people/wang-yao-84
http://www.zhihu.com/people/jesse-lin
http://www.zhihu.com/people/liu-meng-46-66
http://www.zhihu.com/people/LeoWilliam
http://www.zhihu.com/people/armstrong1030
http://www.zhihu.com/people/sharnodo
http://www.zhihu.com/people/Tammychow
http://www.zhihu.com/people/tai-yang-11
http://www.zhihu.com/people/dajusha
http://www.zhihu.com/people/sylvia1031
http://www.zhihu.com/people/jagode
http://www.zhihu.com/people/liu-yu-chang-38
http://www.zhihu.com/people/liu-ze-cheng
http://www.zhihu.com/people/cai-zi-tong
http://www.zhihu.com/people/biaobiao
http://www.zhihu.com/people/techoxygen
http://www.zhihu.com/people/wang-er-71
http://www.zhihu.com/people/cijfer
http://www.zhihu.com/people/huang-wen-6
http://www.zhihu.com/people/wang-xin-27
http://www.zhihu.com/people/lidaobing
http://www.zhihu.com/people/vanya
http://www.zhihu.com/people/jara
http://www.zhihu.com/people/victorxc
http://www.zhihu.com/people/wang-lai-fu-38
http://www.zhihu.com/people/wu-jie-97
http://www.zhihu.com/people/xymark
http://www.zhihu.com/people/jackie-69
http://www.zhihu.com/people/huajiaowawa
http://www.zhihu.com/people/wan-zi-jun-54
http://www.zhihu.com/people/navras
http://www.zhihu.com/people/liu-chun-73
http://www.zhihu.com/people/liu-teng-yuan
http://www.zhihu.com/people/augustd
http://www.zhihu.com/people/li-dong-wei-47
http://www.zhihu.com/people/marvinz
http://www.zhihu.com/people/chai-pi-ma
http://www.zhihu.com/people/hong-yijia
http://www.zhihu.com/people/wu-yu-cong-26
http://www.zhihu.com/people/zhouyao
http://www.zhihu.com/people/chen-liang-19
http://www.zhihu.com/people/yan-er-jane
http://www.zhihu.com/people/li-wei-si-303
http://www.zhihu.com/people/susummer
http://www.zhihu.com/people/qichu
http://www.zhihu.com/people/lincoln-xie
http://www.zhihu.com/people/qiaoxiansheng
http://www.zhihu.com/people/Art-Joker
http://www.zhihu.com/people/wang-rui-yang
http://www.zhihu.com/people/wang-zhe-87
http://www.zhihu.com/people/leelooluu
http://www.zhihu.com/people/lawdong
http://www.zhihu.com/people/dawaiwai
http://www.zhihu.com/people/li-xiao-ji-12
http://www.zhihu.com/people/zhao-ming-chao
http://www.zhihu.com/people/zhang-hao-yang-92
http://www.zhihu.com/people/qu-peng-55
http://www.zhihu.com/people/kun-yu
http://www.zhihu.com/people/merlin-47
http://www.zhihu.com/people/holybreeze
http://www.zhihu.com/people/zhaozhemin
http://www.zhihu.com/people/li-si-han-
http://www.zhihu.com/people/zhangxiaoliang
http://www.zhihu.com/people/liu-zhi-min
http://www.zhihu.com/people/wang-long-7-71
http://www.zhihu.com/people/jeremylei
http://www.zhihu.com/people/jason-83-59
http://www.zhihu.com/people/dong-ji-zai-hang-zhou
http://www.zhihu.com/people/an-zhi-25
http://www.zhihu.com/people/zombie
http://www.zhihu.com/people/you-zhi-qiang
http://www.zhihu.com/people/nuo-xiao-la
http://www.zhihu.com/people/yuanhang
http://www.zhihu.com/people/StudentofRiemann
http://www.zhihu.com/people/maclapton
http://www.zhihu.com/people/qian-zi-chao
http://www.zhihu.com/people/ge-ge-wu
http://www.zhihu.com/people/yu-bo-yu
http://www.zhihu.com/people/punkrap
http://www.zhihu.com/people/jonliu
http://www.zhihu.com/people/liu-zhen-chuan-98
http://www.zhihu.com/people/yshone
http://www.zhihu.com/people/pipipp
http://www.zhihu.com/people/boboball
http://www.zhihu.com/people/luo-wen-feng
http://www.zhihu.com/people/vanessaxing
http://www.zhihu.com/people/dizzarz
http://www.zhihu.com/people/feng-xiao-mei
http://www.zhihu.com/people/ban-ji-35
http://www.zhihu.com/people/fuyongkaikai
http://www.zhihu.com/people/chen-shi-70
http://www.zhihu.com/people/wildwilde
http://www.zhihu.com/people/i-first
http://www.zhihu.com/people/kashinging
http://www.zhihu.com/people/po-dai
http://www.zhihu.com/people/jiang-ge
http://www.zhihu.com/people/paul-shadow
http://www.zhihu.com/people/zuimai
http://www.zhihu.com/people/fu-jia-qi
http://www.zhihu.com/people/zioten
http://www.zhihu.com/people/leaneryi
http://www.zhihu.com/people/Timemachine
http://www.zhihu.com/people/han-yi-70
http://www.zhihu.com/people/wu-wei-di
http://www.zhihu.com/people/hui-zhu
http://www.zhihu.com/people/yechang
http://www.zhihu.com/people/zhang-quan-yuan
http://www.zhihu.com/people/XXXCLX
http://www.zhihu.com/people/liu4987
http://www.zhihu.com/people/lithium-lee
http://www.zhihu.com/people/ma-mu-zu-ke
http://www.zhihu.com/people/a-wen-18
http://www.zhihu.com/people/chenhua
http://www.zhihu.com/people/zhang-zhi-hao-39
http://www.zhihu.com/people/zhao-yifang
http://www.zhihu.com/people/gao-ya-xin
http://www.zhihu.com/people/leo-leung-17
http://www.zhihu.com/people/smuh
http://www.zhihu.com/people/eolithr
http://www.zhihu.com/people/deserts-22
http://www.zhihu.com/people/howtimeflies
http://www.zhihu.com/people/patrickluo
http://www.zhihu.com/people/antcathy
http://www.zhihu.com/people/wei-bo-yang
http://www.zhihu.com/people/netsos
http://www.zhihu.com/people/ywzgb
http://www.zhihu.com/people/wu-wei-96-47
http://www.zhihu.com/people/li-yao-64
http://www.zhihu.com/people/hidark
http://www.zhihu.com/people/zhihu_lxl
http://www.zhihu.com/people/mutang
http://www.zhihu.com/people/zhao-zhi-jing
http://www.zhihu.com/people/xing-yong-wei
http://www.zhihu.com/people/yang-ou
http://www.zhihu.com/people/leepengbo
http://www.zhihu.com/people/zhou-zi-han-17
http://www.zhihu.com/people/an-xiao-xi
http://www.zhihu.com/people/issey
http://www.zhihu.com/people/blackbeard
http://www.zhihu.com/people/clamer
http://www.zhihu.com/people/wang-qiang-4
http://www.zhihu.com/people/liu-bu-ming
http://www.zhihu.com/people/ji-da-xi
http://www.zhihu.com/people/easthero
http://www.zhihu.com/people/du-zhi-hong
http://www.zhihu.com/people/will-37
http://www.zhihu.com/people/youliugui
http://www.zhihu.com/people/chen-zhao
http://www.zhihu.com/people/dao-cao-ren-lao-sun
http://www.zhihu.com/people/radio44
http://www.zhihu.com/people/chenghan
http://www.zhihu.com/people/hanwin216
http://www.zhihu.com/people/wjqcce
http://www.zhihu.com/people/cnbruce
http://www.zhihu.com/people/wang8118
http://www.zhihu.com/people/hlhl
http://www.zhihu.com/people/wang-yue-hua
http://www.zhihu.com/people/kluli
http://www.zhihu.com/people/herolifan
http://www.zhihu.com/people/SummerIndus
http://www.zhihu.com/people/sunxiaonian
http://www.zhihu.com/people/MISSSEXY
http://www.zhihu.com/people/heixiong
http://www.zhihu.com/people/guan-guan-30
http://www.zhihu.com/people/madaye
http://www.zhihu.com/people/wiin_fan
http://www.zhihu.com/people/mochaz
http://www.zhihu.com/people/hou-fang-bin
http://www.zhihu.com/people/wwwWo
http://www.zhihu.com/people/liu-rui-bo
http://www.zhihu.com/people/chihwang
http://www.zhihu.com/people/yiyibeta2
http://www.zhihu.com/people/diwei
http://www.zhihu.com/people/lithium42
http://www.zhihu.com/people/Linkzhao
http://www.zhihu.com/people/meng-xiang-yu
http://www.zhihu.com/people/hzksh
http://www.zhihu.com/people/shuan-zhu-56
http://www.zhihu.com/people/NoTr
http://www.zhihu.com/people/guxizhao
http://www.zhihu.com/people/medicimedici
http://www.zhihu.com/people/hehang
http://www.zhihu.com/people/xuechengxi
http://www.zhihu.com/people/puyun
http://www.zhihu.com/people/qu-ya-jun
http://www.zhihu.com/people/yue-shi-jie
http://www.zhihu.com/people/zhang-qi-qi-9
http://www.zhihu.com/people/ding-yi-3
http://www.zhihu.com/people/beichen
http://www.zhihu.com/people/zhyang-liu
http://www.zhihu.com/people/captain-65
http://www.zhihu.com/people/zeng-en-quan
http://www.zhihu.com/people/ramon-chang
http://www.zhihu.com/people/mo-jian
http://www.zhihu.com/people/chengjian
http://www.zhihu.com/people/li-xiao-ming-71
http://www.zhihu.com/people/free_POC
http://www.zhihu.com/people/lu-yi-lin
http://www.zhihu.com/people/zhu-lian-zhai-zhu
http://www.zhihu.com/people/anyan
http://www.zhihu.com/people/zhao-shu-yan
http://www.zhihu.com/people/flitpend
http://www.zhihu.com/people/nerdgoose
http://www.zhihu.com/people/Crwing
http://www.zhihu.com/people/misscat
http://www.zhihu.com/people/zhou-yi-fan-84
http://www.zhihu.com/people/zhang-lian-jie
http://www.zhihu.com/people/hanoi
http://www.zhihu.com/people/kikima
http://www.zhihu.com/people/tigerscott
http://www.zhihu.com/people/knightshady
http://www.zhihu.com/people/ridgway
http://www.zhihu.com/people/lixincan
http://www.zhihu.com/people/tracert
http://www.zhihu.com/people/su-er-zhen-31
http://www.zhihu.com/people/wu-da
http://www.zhihu.com/people/qilin90
http://www.zhihu.com/people/shi-shun-chang
http://www.zhihu.com/people/cricket
http://www.zhihu.com/people/toochio
http://www.zhihu.com/people/san-yang-68
http://www.zhihu.com/people/xiaozhezi
http://www.zhihu.com/people/wang-li-qun-1976
http://www.zhihu.com/people/pang-jian-ye
http://www.zhihu.com/people/wei-yan-22
http://www.zhihu.com/people/zjyxrk
http://www.zhihu.com/people/lolocho
http://www.zhihu.com/people/helloben
http://www.zhihu.com/people/edmundzw
http://www.zhihu.com/people/liu-yang-1987
http://www.zhihu.com/people/iyooyo
http://www.zhihu.com/people/liu-ya-fei
http://www.zhihu.com/people/huang-le-jun
http://www.zhihu.com/people/cklover
http://www.zhihu.com/people/sujiangdong
http://www.zhihu.com/people/leady
http://www.zhihu.com/people/liu-chuan-jin
http://www.zhihu.com/people/li-peng-22-5
http://www.zhihu.com/people/zhang-yu-liang
http://www.zhihu.com/people/zhang-zhi-lin
http://www.zhihu.com/people/li-long-66
http://www.zhihu.com/people/shi-dou
http://www.zhihu.com/people/yao-wei-ji
http://www.zhihu.com/people/talkdao
http://www.zhihu.com/people/wang-tian-gang
http://www.zhihu.com/people/Xiangsun
http://www.zhihu.com/people/zhang-lei-hao
http://www.zhihu.com/people/wu-hao-43
http://www.zhihu.com/people/wu-xin-ji
http://www.zhihu.com/people/peanut
http://www.zhihu.com/people/liu-ya-bin
http://www.zhihu.com/people/jing-xiang-zheng
http://www.zhihu.com/people/delete252
http://www.zhihu.com/people/li-qi-tong
http://www.zhihu.com/people/tu-tu-20-51
http://www.zhihu.com/people/xia-qing-71
http://www.zhihu.com/people/wangnolan
http://www.zhihu.com/people/xiao-lan-bob
http://www.zhihu.com/people/gaohy
http://www.zhihu.com/people/yu-gen-yong
http://www.zhihu.com/people/tang-mi-54
http://www.zhihu.com/people/huang-shao-tao
http://www.zhihu.com/people/augustus
http://www.zhihu.com/people/li-ye-gen
http://www.zhihu.com/people/ji-de-wei
http://www.zhihu.com/people/caozhen
http://www.zhihu.com/people/e-beetle
http://www.zhihu.com/people/yguoyao
http://www.zhihu.com/people/seenzhao
http://www.zhihu.com/people/li-jing-lei
http://www.zhihu.com/people/cloudong
http://www.zhihu.com/people/xi-yu-feng
http://www.zhihu.com/people/hejinchi
http://www.zhihu.com/people/gao-dan-xi
http://www.zhihu.com/people/ren-peng-49
http://www.zhihu.com/people/dr-satyr
http://www.zhihu.com/people/sun-zhong-hao
http://www.zhihu.com/people/jack_xu
http://www.zhihu.com/people/ying-nian-zao-fei
http://www.zhihu.com/people/raymond-wang
http://www.zhihu.com/people/haoren
http://www.zhihu.com/people/niujiachen
http://www.zhihu.com/people/qu-qiang-19
http://www.zhihu.com/people/ths2013
http://www.zhihu.com/people/jin-xiao-sheng
http://www.zhihu.com/people/oigs
http://www.zhihu.com/people/walton
http://www.zhihu.com/people/wu-xin-wang
http://www.zhihu.com/people/guo-meng
http://www.zhihu.com/people/floral
http://www.zhihu.com/people/hou-zhen-hai
http://www.zhihu.com/people/yi-xiao-fan
http://www.zhihu.com/people/zhao-jian-xin
http://www.zhihu.com/people/zha5
http://www.zhihu.com/people/tian-ya-80
http://www.zhihu.com/people/chen-yun-70
http://www.zhihu.com/people/jiang-tao-38
http://www.zhihu.com/people/emiledai
http://www.zhihu.com/people/zhang-xiang-bin-20
http://www.zhihu.com/people/meng-shang
http://www.zhihu.com/people/duan-xiao-bo
http://www.zhihu.com/people/jiang-jun-65
http://www.zhihu.com/people/song-peng-33
http://www.zhihu.com/people/pointo
http://www.zhihu.com/people/lao-wu-69
http://www.zhihu.com/people/4600767
http://www.zhihu.com/people/ran-wang
http://www.zhihu.com/people/loadingxxxxx
http://www.zhihu.com/people/xia-chong-23
http://www.zhihu.com/people/zhizhiweizhizhi
http://www.zhihu.com/people/fukuan
http://www.zhihu.com/people/liu-li-juan-66
http://www.zhihu.com/people/li-wan
http://www.zhihu.com/people/wu-ling-chen
http://www.zhihu.com/people/li-ming-81
http://www.zhihu.com/people/chi-yan-he-jiu
http://www.zhihu.com/people/scissorking
http://www.zhihu.com/people/ofzihan
http://www.zhihu.com/people/wei-wei-78
http://www.zhihu.com/people/osiris-wind
http://www.zhihu.com/people/wang-ti-mao
http://www.zhihu.com/people/li-song-71
http://www.zhihu.com/people/xufeishen
http://www.zhihu.com/people/wang-jie-92-52
http://www.zhihu.com/people/wu-xiao-dong-6
http://www.zhihu.com/people/hereur
http://www.zhihu.com/people/he-kun
http://www.zhihu.com/people/mingda
http://www.zhihu.com/people/kuaidaoqingyi
http://www.zhihu.com/people/gumyam
http://www.zhihu.com/people/chanpinjingli
http://www.zhihu.com/people/alfredC
http://www.zhihu.com/people/noe132
http://www.zhihu.com/people/cao-hui-96
http://www.zhihu.com/people/hao-bing
http://www.zhihu.com/people/xiao-yao-20
http://www.zhihu.com/people/li-shuang-jiang
http://www.zhihu.com/people/goal_lawyer
http://www.zhihu.com/people/lukechen
http://www.zhihu.com/people/leeying
http://www.zhihu.com/people/wry1205
http://www.zhihu.com/people/susiebai
http://www.zhihu.com/people/wang-jing-72
http://www.zhihu.com/people/li-jun-xiang
http://www.zhihu.com/people/liu-jia-lin-81
http://www.zhihu.com/people/dong-feng-cui
http://www.zhihu.com/people/gukr001
http://www.zhihu.com/people/fruitfact
http://www.zhihu.com/people/jillian
http://www.zhihu.com/people/li-nan-77
http://www.zhihu.com/people/xin-wei-50
http://www.zhihu.com/people/wang-jian-29-22
http://www.zhihu.com/people/li-yang-74
http://www.zhihu.com/people/liang-rui
http://www.zhihu.com/people/yonzhang
http://www.zhihu.com/people/dawenci
http://www.zhihu.com/people/AD-Vash
http://www.zhihu.com/people/ryokokoro
http://www.zhihu.com/people/lou-da-jing
http://www.zhihu.com/people/ylorn
http://www.zhihu.com/people/chen-ji-88
http://www.zhihu.com/people/trance-92
http://www.zhihu.com/people/leges
http://www.zhihu.com/people/yu-wen-qi
http://www.zhihu.com/people/fu-xiao-yu
http://www.zhihu.com/people/houhuan1006
http://www.zhihu.com/people/qiyizhi
http://www.zhihu.com/people/stevetinne
http://www.zhihu.com/people/zhang-tao-9-22
http://www.zhihu.com/people/deanlee
http://www.zhihu.com/people/ma-jun-73
http://www.zhihu.com/people/tengyong
http://www.zhihu.com/people/nanj
http://www.zhihu.com/people/mao-shu-yong
http://www.zhihu.com/people/yu-yidian
http://www.zhihu.com/people/liu-di-91
http://www.zhihu.com/people/devilazy
http://www.zhihu.com/people/yeung
http://www.zhihu.com/people/chenghehe321
http://www.zhihu.com/people/su-hui-54
http://www.zhihu.com/people/liu-yun-tao
http://www.zhihu.com/people/wenwei
http://www.zhihu.com/people/Deng_wei
http://www.zhihu.com/people/li-pei-zhe
http://www.zhihu.com/people/wang-zhi-feng-22
http://www.zhihu.com/people/li-bao-hua
http://www.zhihu.com/people/liuchy
http://www.zhihu.com/people/wang-sheng-9
http://www.zhihu.com/people/zhang-ji-airforce
http://www.zhihu.com/people/li-xin-mei
http://www.zhihu.com/people/wu-xu-feng-67
http://www.zhihu.com/people/yangyuehao1616
http://www.zhihu.com/people/rong-yao
http://www.zhihu.com/people/coraline_tang
http://www.zhihu.com/people/vanvanyou
http://www.zhihu.com/people/zhou-ying-47
http://www.zhihu.com/people/you-yang-guang-de-zao-chen
http://www.zhihu.com/people/leojiang
http://www.zhihu.com/people/marcher233
http://www.zhihu.com/people/jacquesdon
http://www.zhihu.com/people/qu-zhuo
http://www.zhihu.com/people/jog-ui
http://www.zhihu.com/people/xu-tong-64
http://www.zhihu.com/people/zaiyiqi
http://www.zhihu.com/people/aurora-l
http://www.zhihu.com/people/jiaoxiuguang
http://www.zhihu.com/people/wu-hua-sheng
http://www.zhihu.com/people/zhou-ping-62
http://www.zhihu.com/people/keyearth
http://www.zhihu.com/people/wang-meng-28-37
http://www.zhihu.com/people/yukimdom
http://www.zhihu.com/people/duan-wen-qiang
http://www.zhihu.com/people/iamfatefan
http://www.zhihu.com/people/sceneryx
http://www.zhihu.com/people/lihaiyang
http://www.zhihu.com/people/allan-sun
http://www.zhihu.com/people/li-yang0623
http://www.zhihu.com/people/ding-ding-zhang
http://www.zhihu.com/people/zhang-jun-46
http://www.zhihu.com/people/daoluande
http://www.zhihu.com/people/dai-le
http://www.zhihu.com/people/li-xian-qiang
http://www.zhihu.com/people/doginwind
http://www.zhihu.com/people/dqange
http://www.zhihu.com/people/liu-chao-4
http://www.zhihu.com/people/daniel26
http://www.zhihu.com/people/li-zhan
http://www.zhihu.com/people/calvin-niu
http://www.zhihu.com/people/zhao-fei-lin
http://www.zhihu.com/people/puruidong
http://www.zhihu.com/people/imwangshuai
http://www.zhihu.com/people/luo-dan-38
http://www.zhihu.com/people/leonlee
http://www.zhihu.com/people/yan-dan-ling
http://www.zhihu.com/people/guan-wen-ming
http://www.zhihu.com/people/zhouxiaoqin
http://www.zhihu.com/people/yuchilinfeng
http://www.zhihu.com/people/maqiangwei
http://www.zhihu.com/people/wang-jin-tai
http://www.zhihu.com/people/worldsy
http://www.zhihu.com/people/chen-chong-22
http://www.zhihu.com/people/suigewu
http://www.zhihu.com/people/liu-hao-7
http://www.zhihu.com/people/wang-li-kun
http://www.zhihu.com/people/hangyu
http://www.zhihu.com/people/liu-lin-45
http://www.zhihu.com/people/kai-duan-91
http://www.zhihu.com/people/zhengcy
http://www.zhihu.com/people/zhangjianbo
http://www.zhihu.com/people/chesanqi
http://www.zhihu.com/people/mency89
http://www.zhihu.com/people/wajiyi
http://www.zhihu.com/people/zhou-li-peng
http://www.zhihu.com/people/htchance
http://www.zhihu.com/people/ding-rui
http://www.zhihu.com/people/zhuchaoing
http://www.zhihu.com/people/han-bei-kuang
http://www.zhihu.com/people/cinemaparadiso
http://www.zhihu.com/people/du-yong-long
http://www.zhihu.com/people/suckitup
http://www.zhihu.com/people/liu-ji-chang
http://www.zhihu.com/people/zhang-quan-14
http://www.zhihu.com/people/dogod
http://www.zhihu.com/people/gu-yue-36
http://www.zhihu.com/people/zhang-cong-he-27
http://www.zhihu.com/people/yang-hong-kai
http://www.zhihu.com/people/tanxu
http://www.zhihu.com/people/luo-zhi-ren
http://www.zhihu.com/people/xing-xiao-long
http://www.zhihu.com/people/outsider728
http://www.zhihu.com/people/zhang-you-quan
http://www.zhihu.com/people/lzxiaoning
http://www.zhihu.com/people/pidank
http://www.zhihu.com/people/hexinqiang
http://www.zhihu.com/people/liuyetian
http://www.zhihu.com/people/li-zhi-33
http://www.zhihu.com/people/fifthworld
http://www.zhihu.com/people/ga-zi-ge
http://www.zhihu.com/people/feng-yu-yi
http://www.zhihu.com/people/dan-mo-qing-shan
http://www.zhihu.com/people/wang-wei-60-55
http://www.zhihu.com/people/wu-chuan-hua
http://www.zhihu.com/people/tang-xiao-feng
http://www.zhihu.com/people/pyhaohao
http://www.zhihu.com/people/lisedong
http://www.zhihu.com/people/ge-xuan
http://www.zhihu.com/people/zeng-sheng-sui
http://www.zhihu.com/people/chenyixun
http://www.zhihu.com/people/parseeci
http://www.zhihu.com/people/ho_hago
http://www.zhihu.com/people/zhou-wei-70
http://www.zhihu.com/people/kiki-97
http://www.zhihu.com/people/duan-zi-jie
http://www.zhihu.com/people/panbin
http://www.zhihu.com/people/li-yue-cheng
http://www.zhihu.com/people/peng-an-qi-48
http://www.zhihu.com/people/BizModel
http://www.zhihu.com/people/ma-cen
http://www.zhihu.com/people/qiu-feng
http://www.zhihu.com/people/guqin
http://www.zhihu.com/people/Elizen
http://www.zhihu.com/people/lin-ji-9
http://www.zhihu.com/people/fanyaohua
http://www.zhihu.com/people/goldjin1014
http://www.zhihu.com/people/diego1990
http://www.zhihu.com/people/luchenhwa
http://www.zhihu.com/people/ma-yun-zheng
http://www.zhihu.com/people/lu-jun-7-67
http://www.zhihu.com/people/wodi
http://www.zhihu.com/people/cheng-zhen
http://www.zhihu.com/people/alex-wang-39
http://www.zhihu.com/people/luo-zhi-hu
http://www.zhihu.com/people/chougu
http://www.zhihu.com/people/bay2fun
http://www.zhihu.com/people/li-bo-82
http://www.zhihu.com/people/yangduo
http://www.zhihu.com/people/zourui55
http://www.zhihu.com/people/xiang-nan-de-xi-gua
http://www.zhihu.com/people/rajowang
http://www.zhihu.com/people/yu-jiang-70
http://www.zhihu.com/people/xianghaibing
http://www.zhihu.com/people/mxturing
http://www.zhihu.com/people/jessie228
http://www.zhihu.com/people/lomo90
http://www.zhihu.com/people/zhangpengju
http://www.zhihu.com/people/zhang-mu-zhi-bang-de
http://www.zhihu.com/people/chen-qing-da
http://www.zhihu.com/people/xianpengliu
http://www.zhihu.com/people/esprz
http://www.zhihu.com/people/libragt
http://www.zhihu.com/people/zhang-yu-yang-32
http://www.zhihu.com/people/blackcat
http://www.zhihu.com/people/goldegg
http://www.zhihu.com/people/luo-xi-wei
http://www.zhihu.com/people/boviyoung
http://www.zhihu.com/people/gong-jue
http://www.zhihu.com/people/wei-guan-dong
http://www.zhihu.com/people/mihua
http://www.zhihu.com/people/qian-yuan-xin
http://www.zhihu.com/people/intellectual
http://www.zhihu.com/people/honeys
http://www.zhihu.com/people/wang-teng-yue
http://www.zhihu.com/people/sem-wa
http://www.zhihu.com/people/hehaiyan
http://www.zhihu.com/people/zhang-xiao-xiao-qin
http://www.zhihu.com/people/suger9
http://www.zhihu.com/people/li-yao-hua
http://www.zhihu.com/people/zhengyu
http://www.zhihu.com/people/chen-yu-68
http://www.zhihu.com/people/chen-zhao-hong
http://www.zhihu.com/people/wolf_wu
http://www.zhihu.com/people/nutz
http://www.zhihu.com/people/zhang-yun-64
http://www.zhihu.com/people/huang-wei-1gb
http://www.zhihu.com/people/forgetthisuser
http://www.zhihu.com/people/9527shi-meng-chong
http://www.zhihu.com/people/huangquanneng
http://www.zhihu.com/people/wang-cheng-he
http://www.zhihu.com/people/xinvi
http://www.zhihu.com/people/wuyangbing
http://www.zhihu.com/people/alexmyth
http://www.zhihu.com/people/ihawk
http://www.zhihu.com/people/csums
http://www.zhihu.com/people/deng-tai-di
http://www.zhihu.com/people/244087104
http://www.zhihu.com/people/zsscity
http://www.zhihu.com/people/xu-yi-da
http://www.zhihu.com/people/huang-peng-38
http://www.zhihu.com/people/soybeanyoung
http://www.zhihu.com/people/lao-shi-jing
http://www.zhihu.com/people/Irvine
http://www.zhihu.com/people/rangerD
http://www.zhihu.com/people/shifu
http://www.zhihu.com/people/flfljh
http://www.zhihu.com/people/ma-hua-40
http://www.zhihu.com/people/li-gang-87
http://www.zhihu.com/people/wang-ai-ai
http://www.zhihu.com/people/anothercloz
http://www.zhihu.com/people/gaohao
http://www.zhihu.com/people/xuyufeng
http://www.zhihu.com/people/zhao-wen-bo
http://www.zhihu.com/people/mymiss
http://www.zhihu.com/people/KylinSoo
http://www.zhihu.com/people/chen-xiao-jie
http://www.zhihu.com/people/hao-zhi-bing
http://www.zhihu.com/people/li-ying-zhen
http://www.zhihu.com/people/lu-xi-zhang
http://www.zhihu.com/people/wang-xin-37-37
http://www.zhihu.com/people/guoq
http://www.zhihu.com/people/i-timo
http://www.zhihu.com/people/fangqu
http://www.zhihu.com/people/yangshuai
http://www.zhihu.com/people/wang-jun-jun
http://www.zhihu.com/people/ambrosio
http://www.zhihu.com/people/zhao-fei-long
http://www.zhihu.com/people/wu-jin-38
http://www.zhihu.com/people/zhaomai
http://www.zhihu.com/people/zec-5
http://www.zhihu.com/people/leaven
http://www.zhihu.com/people/goal2scool
http://www.zhihu.com/people/nie-fei
http://www.zhihu.com/people/banxiaogen
http://www.zhihu.com/people/sheng-chen
http://www.zhihu.com/people/receo
http://www.zhihu.com/people/sandoo-liang
http://www.zhihu.com/people/gongliyi
http://www.zhihu.com/people/liu-wei-hua
http://www.zhihu.com/people/zhao-jie-73
http://www.zhihu.com/people/rambowu
http://www.zhihu.com/people/d9wing
http://www.zhihu.com/people/zhaoyuekent
http://www.zhihu.com/people/zhangxinxu
http://www.zhihu.com/people/hexudong
http://www.zhihu.com/people/ruo-shui
http://www.zhihu.com/people/liu-ao-yu
http://www.zhihu.com/people/siilence1408
http://www.zhihu.com/people/crishui
http://www.zhihu.com/people/imnotceo
http://www.zhihu.com/people/luxiaoniao
http://www.zhihu.com/people/xiaoqing80s
http://www.zhihu.com/people/guo-chun-long-45
http://www.zhihu.com/people/guo-yue
http://www.zhihu.com/people/xia-di-39
http://www.zhihu.com/people/lu-sen
http://www.zhihu.com/people/zhuangsirui
http://www.zhihu.com/people/fuyu89
http://www.zhihu.com/people/luyin
http://www.zhihu.com/people/regulous
http://www.zhihu.com/people/fengzh
http://www.zhihu.com/people/yang-zhi-guo
http://www.zhihu.com/people/yahuo
http://www.zhihu.com/people/jjyu
http://www.zhihu.com/people/chinawangyong
http://www.zhihu.com/people/resheen
http://www.zhihu.com/people/jasonlee
http://www.zhihu.com/people/gy10000gy
http://www.zhihu.com/people/mengzhang
http://www.zhihu.com/people/avatasia
http://www.zhihu.com/people/soy_ho
http://www.zhihu.com/people/ha-xu
http://www.zhihu.com/people/e-jay
http://www.zhihu.com/people/aimeng
http://www.zhihu.com/people/ligong
http://www.zhihu.com/people/hanxuesong
http://www.zhihu.com/people/iriart
http://www.zhihu.com/people/royeegg
http://www.zhihu.com/people/iam6uem
http://www.zhihu.com/people/tianyug
http://www.zhihu.com/people/wei-tao
http://www.zhihu.com/people/liu-hai-liang
http://www.zhihu.com/people/buou
http://www.zhihu.com/people/cheng-hu
http://www.zhihu.com/people/xing-hao-peng
http://www.zhihu.com/people/qi-qi-34
http://www.zhihu.com/people/wang-meng-ran
http://www.zhihu.com/people/aspirinfox
http://www.zhihu.com/people/adee
http://www.zhihu.com/people/xkempire
http://www.zhihu.com/people/zhu-zhen
http://www.zhihu.com/people/sandianbandeyu
http://www.zhihu.com/people/jin-ming
http://www.zhihu.com/people/xiezeyu
http://www.zhihu.com/people/wangze
http://www.zhihu.com/people/stevenlordiam
http://www.zhihu.com/people/mokita
http://www.zhihu.com/people/argus
http://www.zhihu.com/people/nicholas_y
http://www.zhihu.com/people/gong-sun
http://www.zhihu.com/people/cainiao
http://www.zhihu.com/people/wangy1ng
http://www.zhihu.com/people/wkpars
http://www.zhihu.com/people/cranks
http://www.zhihu.com/people/wangyoang
http://www.zhihu.com/people/ruan-wen-ping
http://www.zhihu.com/people/moioi
http://www.zhihu.com/people/oldmeng
http://www.zhihu.com/people/ren-lin
http://www.zhihu.com/people/zheng-ting-xin
http://www.zhihu.com/people/xie-ke-31
http://www.zhihu.com/people/liu-luo-jun
http://www.zhihu.com/people/chun-ji-sang
http://www.zhihu.com/people/wei-sha-sha
http://www.zhihu.com/people/chen87
http://www.zhihu.com/people/old_yule
http://www.zhihu.com/people/alsharpay
http://www.zhihu.com/people/jin-xi
http://www.zhihu.com/people/xxxxxxiaoming
http://www.zhihu.com/people/hu-da-ke
http://www.zhihu.com/people/chenqiangpan
http://www.zhihu.com/people/spekol
http://www.zhihu.com/people/su-you
http://www.zhihu.com/people/dong-zhen-lei
http://www.zhihu.com/people/huanggengtao
http://www.zhihu.com/people/zhu-dong-qiang
http://www.zhihu.com/people/liu-lai-ping
http://www.zhihu.com/people/bachelor99
http://www.zhihu.com/people/gao-shi-bo
http://www.zhihu.com/people/tan-jin-long
http://www.zhihu.com/people/lazhu
http://www.zhihu.com/people/chen-sheng-80
http://www.zhihu.com/people/stefanie-chow
http://www.zhihu.com/people/luo-jia-48
http://www.zhihu.com/people/himavis
http://www.zhihu.com/people/ruanzhijun
http://www.zhihu.com/people/moremore
http://www.zhihu.com/people/wangzhichao
http://www.zhihu.com/people/shushuhao
http://www.zhihu.com/people/manaoke
http://www.zhihu.com/people/mjl_zhihu
http://www.zhihu.com/people/luyi61
http://www.zhihu.com/people/miao-yun
http://www.zhihu.com/people/hardball
http://www.zhihu.com/people/timeror
http://www.zhihu.com/people/veryindown
http://www.zhihu.com/people/wangzhaojing
http://www.zhihu.com/people/sakuraski
http://www.zhihu.com/people/youhuizi
http://www.zhihu.com/people/ding-nan
http://www.zhihu.com/people/song-jian-56
http://www.zhihu.com/people/yi-xuan
http://www.zhihu.com/people/gaochen
http://www.zhihu.com/people/wang-wan-ting
http://www.zhihu.com/people/shi-ye-qiao
http://www.zhihu.com/people/lu-yue-21
http://www.zhihu.com/people/tesla1
http://www.zhihu.com/people/liumeijun
http://www.zhihu.com/people/susus
http://www.zhihu.com/people/guo-xiao-chou
http://www.zhihu.com/people/esalive
http://www.zhihu.com/people/lava
http://www.zhihu.com/people/chang-yu-ge
http://www.zhihu.com/people/pray
http://www.zhihu.com/people/xujinyu
http://www.zhihu.com/people/ma-jian-xun
http://www.zhihu.com/people/upsuper
http://www.zhihu.com/people/vincent-deng
http://www.zhihu.com/people/ifbool
http://www.zhihu.com/people/guo-jin-lei
http://www.zhihu.com/people/yami-86
http://www.zhihu.com/people/wang-shuai-49
http://www.zhihu.com/people/Janus
http://www.zhihu.com/people/ck4ever
http://www.zhihu.com/people/timwen
http://www.zhihu.com/people/colorwill
http://www.zhihu.com/people/CCAV1
http://www.zhihu.com/people/liu-tian-zhao
http://www.zhihu.com/people/zhang-shao-mai
http://www.zhihu.com/people/xu-yue-chen
http://www.zhihu.com/people/jaredchan
http://www.zhihu.com/people/lidzh
http://www.zhihu.com/people/midana
http://www.zhihu.com/people/xi-yun-77
http://www.zhihu.com/people/sulikov
http://www.zhihu.com/people/ming-wei-hao
http://www.zhihu.com/people/ihairuo
http://www.zhihu.com/people/fountie
http://www.zhihu.com/people/teng-teng
http://www.zhihu.com/people/li-miao-9
http://www.zhihu.com/people/tonyhead
http://www.zhihu.com/people/mu-ge-dai-zi
http://www.zhihu.com/people/lao-bai-21
http://www.zhihu.com/people/chongxu
http://www.zhihu.com/people/funthomas
http://www.zhihu.com/people/yan-da-qun-zhong
http://www.zhihu.com/people/yuanyuandotinfo
http://www.zhihu.com/people/luoyunan
http://www.zhihu.com/people/yuzhuoran
http://www.zhihu.com/people/xuzhihong
http://www.zhihu.com/people/zi10
http://www.zhihu.com/people/li-xiang-66-51
http://www.zhihu.com/people/passionke
http://www.zhihu.com/people/wu-kong-47
http://www.zhihu.com/people/zhang-cheng-5
http://www.zhihu.com/people/qie-yu-34
http://www.zhihu.com/people/zhi123
http://www.zhihu.com/people/memento-mori
http://www.zhihu.com/people/zhu-yi-nan
http://www.zhihu.com/people/wang-heng-chong
http://www.zhihu.com/people/sunlet
http://www.zhihu.com/people/bigo
http://www.zhihu.com/people/monicazi-you-xin
http://www.zhihu.com/people/yvette-liu
http://www.zhihu.com/people/wu-chun-miao
http://www.zhihu.com/people/snailhuangyi
http://www.zhihu.com/people/yu-wei-8
http://www.zhihu.com/people/luoyang
http://www.zhihu.com/people/phoenix-1917
http://www.zhihu.com/people/shaunmaizi
http://www.zhihu.com/people/yang-xiao-dong-37
http://www.zhihu.com/people/wishq
http://www.zhihu.com/people/Lake7
http://www.zhihu.com/people/bjet2013
http://www.zhihu.com/people/su-pei-qi
http://www.zhihu.com/people/kata
http://www.zhihu.com/people/dai-le-he
http://www.zhihu.com/people/steveren
http://www.zhihu.com/people/wu-ding-hao
http://www.zhihu.com/people/liaoyy
http://www.zhihu.com/people/sotime
http://www.zhihu.com/people/wang-meng-37
http://www.zhihu.com/people/bus930
http://www.zhihu.com/people/luodachuan
http://www.zhihu.com/people/kao-pu
http://www.zhihu.com/people/li-ya-hui
http://www.zhihu.com/people/chen-yu-han
http://www.zhihu.com/people/plant
http://www.zhihu.com/people/zhu-bei-ying
http://www.zhihu.com/people/chen-ji-er
http://www.zhihu.com/people/liu-xiao-lei-56
http://www.zhihu.com/people/jiangnanxi
http://www.zhihu.com/people/Jimmy-Z
http://www.zhihu.com/people/na-di
http://www.zhihu.com/people/James-F
http://www.zhihu.com/people/guofei
http://www.zhihu.com/people/reconder
http://www.zhihu.com/people/pan-bu-kun
http://www.zhihu.com/people/DDTer
http://www.zhihu.com/people/zgh183
http://www.zhihu.com/people/mikemelon
http://www.zhihu.com/people/hnss
http://www.zhihu.com/people/xuming
http://www.zhihu.com/people/cz-space
http://www.zhihu.com/people/rangerqu
http://www.zhihu.com/people/peacestreet
http://www.zhihu.com/people/huai-dan
http://www.zhihu.com/people/dindintang
http://www.zhihu.com/people/zhang-fu-7
http://www.zhihu.com/people/vagus
http://www.zhihu.com/people/formula1
http://www.zhihu.com/people/mfcndw
http://www.zhihu.com/people/huang-zheng-guan
http://www.zhihu.com/people/minyzc
http://www.zhihu.com/people/liaoqing
http://www.zhihu.com/people/san-mu
http://www.zhihu.com/people/wei-feng
http://www.zhihu.com/people/pan-xin
http://www.zhihu.com/people/emptymalei
http://www.zhihu.com/people/yuip-qty
http://www.zhihu.com/people/chen-gen
http://www.zhihu.com/people/wu-wei-45
http://www.zhihu.com/people/4ever7
http://www.zhihu.com/people/mr-yizhi
http://www.zhihu.com/people/Feat
http://www.zhihu.com/people/shangboy
http://www.zhihu.com/people/tuifeide
http://www.zhihu.com/people/swing69
http://www.zhihu.com/people/yang-jiu-shen
http://www.zhihu.com/people/pangu
http://www.zhihu.com/people/weijiaqi
http://www.zhihu.com/people/violarith
http://www.zhihu.com/people/chefwang
http://www.zhihu.com/people/shane
http://www.zhihu.com/people/zhyt1985
http://www.zhihu.com/people/yao-da-shan
http://www.zhihu.com/people/zhangbeile
http://www.zhihu.com/people/yumi
http://www.zhihu.com/people/henter
http://www.zhihu.com/people/qu-zhe-eric
http://www.zhihu.com/people/pengroc
http://www.zhihu.com/people/huang-jian-wei
http://www.zhihu.com/people/jiang-lan
http://www.zhihu.com/people/ao-lan-duo
http://www.zhihu.com/people/gui-zi
http://www.zhihu.com/people/doubleke
http://www.zhihu.com/people/Lambo
http://www.zhihu.com/people/li-zong-yi
http://www.zhihu.com/people/feelyou
http://www.zhihu.com/people/wo-xin-qi-qi
http://www.zhihu.com/people/abozo
http://www.zhihu.com/people/wang-chu
http://www.zhihu.com/people/pi-qia-er
http://www.zhihu.com/people/cdma2000
http://www.zhihu.com/people/wang-shui-89
http://www.zhihu.com/people/chen-hong-ping
http://www.zhihu.com/people/le-you-53
http://www.zhihu.com/people/zheng-shi-qian
http://www.zhihu.com/people/mang-guo-12
http://www.zhihu.com/people/byane
http://www.zhihu.com/people/eva-11
http://www.zhihu.com/people/chuxiai
http://www.zhihu.com/people/Lohoboo
http://www.zhihu.com/people/wang-yu-44
http://www.zhihu.com/people/zheng-jie-7
http://www.zhihu.com/people/zhou-meng-ting
http://www.zhihu.com/people/xinlinyang
http://www.zhihu.com/people/navyblue
http://www.zhihu.com/people/lin-zi
http://www.zhihu.com/people/kingshuang
http://www.zhihu.com/people/plusix
http://www.zhihu.com/people/wang-jian-wei-36
http://www.zhihu.com/people/stelladingding
http://www.zhihu.com/people/jia-xi-bei
http://www.zhihu.com/people/huangrenqing
http://www.zhihu.com/people/yao-chen
http://www.zhihu.com/people/zhen-wen-xing
http://www.zhihu.com/people/chen-gong-qin
http://www.zhihu.com/people/xianyujie
http://www.zhihu.com/people/shenjiebuliwo
http://www.zhihu.com/people/abemess
http://www.zhihu.com/people/fa-jun
http://www.zhihu.com/people/shao-bin
http://www.zhihu.com/people/li-xiang-30
http://www.zhihu.com/people/shunfeng
http://www.zhihu.com/people/54c3
http://www.zhihu.com/people/zhaomeng
http://www.zhihu.com/people/liang-chen
http://www.zhihu.com/people/yanxinyou
http://www.zhihu.com/people/tykm
http://www.zhihu.com/people/baloyou
http://www.zhihu.com/people/ZhangJian.me
http://www.zhihu.com/people/cheng-yu-hang
http://www.zhihu.com/people/wei-bin
http://www.zhihu.com/people/fe2012
http://www.zhihu.com/people/archaea
http://www.zhihu.com/people/911qiu
http://www.zhihu.com/people/o3ean
http://www.zhihu.com/people/liu-tian-yu
http://www.zhihu.com/people/yangzaifeng
http://www.zhihu.com/people/hu-xiao-feng
http://www.zhihu.com/people/huang-jia-yang
http://www.zhihu.com/people/he-long
http://www.zhihu.com/people/tsinghug
http://www.zhihu.com/people/zhangxingdong
http://www.zhihu.com/people/lin-qian-qian
http://www.zhihu.com/people/tang-ben-yuan
http://www.zhihu.com/people/chhcuo
http://www.zhihu.com/people/a-du
http://www.zhihu.com/people/bao-cheng-jie
http://www.zhihu.com/people/zhang-ming-yu
http://www.zhihu.com/people/ding-xi-ran
http://www.zhihu.com/people/guan-jun
http://www.zhihu.com/people/puloon
http://www.zhihu.com/people/seanchain
http://www.zhihu.com/people/lionegun
http://www.zhihu.com/people/lxp121
http://www.zhihu.com/people/pang-kai
http://www.zhihu.com/people/jurtaxia
http://www.zhihu.com/people/guo-dong
http://www.zhihu.com/people/justice
http://www.zhihu.com/people/foolooo
http://www.zhihu.com/people/liu-yan-88
http://www.zhihu.com/people/liu-hao-bo-chuang-yi-da-ren
http://www.zhihu.com/people/lin-li
http://www.zhihu.com/people/yuan-qian
http://www.zhihu.com/people/chen-liang-84
http://www.zhihu.com/people/nieyou
http://www.zhihu.com/people/wang-zhen-bang
http://www.zhihu.com/people/colahome
http://www.zhihu.com/people/stardust
http://www.zhihu.com/people/amigo
http://www.zhihu.com/people/alex-68
http://www.zhihu.com/people/zhanghu
http://www.zhihu.com/people/ccres
http://www.zhihu.com/people/ruidon
http://www.zhihu.com/people/penpenwang
http://www.zhihu.com/people/squall-shi
http://www.zhihu.com/people/hanliang
http://www.zhihu.com/people/Lambda
http://www.zhihu.com/people/saintj
http://www.zhihu.com/people/boatcloud
http://www.zhihu.com/people/pippowu
http://www.zhihu.com/people/scapemars
http://www.zhihu.com/people/ijony
http://www.zhihu.com/people/elaineliu56
http://www.zhihu.com/people/zhao-xiao-30
http://www.zhihu.com/people/michael-63
http://www.zhihu.com/people/kermit
http://www.zhihu.com/people/zou-zhi-wei
http://www.zhihu.com/people/lakeshore
http://www.zhihu.com/people/caochao
http://www.zhihu.com/people/danielego
http://www.zhihu.com/people/tanyumofan
http://www.zhihu.com/people/wang-li-34
http://www.zhihu.com/people/willem-zhang
http://www.zhihu.com/people/max-96
http://www.zhihu.com/people/ianzhou
http://www.zhihu.com/people/weevil
http://www.zhihu.com/people/zou-ri-jia
http://www.zhihu.com/people/hu-guo-hua
http://www.zhihu.com/people/mabo
http://www.zhihu.com/people/hemon
http://www.zhihu.com/people/beingv
http://www.zhihu.com/people/liqiang18
http://www.zhihu.com/people/lerik
http://www.zhihu.com/people/AaronHsiun
http://www.zhihu.com/people/xu-xin
http://www.zhihu.com/people/yasur
http://www.zhihu.com/people/liu-wei-24
http://www.zhihu.com/people/sui-he
http://www.zhihu.com/people/doyle
http://www.zhihu.com/people/Vincent
http://www.zhihu.com/people/yong-yi-68
http://www.zhihu.com/people/jian-he-ying
http://www.zhihu.com/people/icaiguobin
http://www.zhihu.com/people/misterwang2
http://www.zhihu.com/people/ottovon
http://www.zhihu.com/people/neaton
http://www.zhihu.com/people/zhouyi1717
http://www.zhihu.com/people/majian
http://www.zhihu.com/people/ma-xiang
http://www.zhihu.com/people/thyme
http://www.zhihu.com/people/skaiy
http://www.zhihu.com/people/xiao-er-10
http://www.zhihu.com/people/sigmund
http://www.zhihu.com/people/qiao-xiao-hui-59
http://www.zhihu.com/people/fatalist
http://www.zhihu.com/people/vividvictor
http://www.zhihu.com/people/gaoguojun
http://www.zhihu.com/people/momo-36
http://www.zhihu.com/people/robin-54-34
http://www.zhihu.com/people/yq1013
http://www.zhihu.com/people/iafei
http://www.zhihu.com/people/cairo
http://www.zhihu.com/people/Yolandavi
http://www.zhihu.com/people/longwosion
http://www.zhihu.com/people/chen-zi-yao
http://www.zhihu.com/people/yaoxu
http://www.zhihu.com/people/fabulousqi
http://www.zhihu.com/people/tinyyuan
http://www.zhihu.com/people/robinlam
http://www.zhihu.com/people/zohofc
http://www.zhihu.com/people/wang-ying-7
http://www.zhihu.com/people/qianjin
http://www.zhihu.com/people/bu-de-bud
http://www.zhihu.com/people/yifang
http://www.zhihu.com/people/calon
http://www.zhihu.com/people/breeze
http://www.zhihu.com/people/gloom_sunday
http://www.zhihu.com/people/sailor-82
http://www.zhihu.com/people/xuzewei
http://www.zhihu.com/people/wangping
http://www.zhihu.com/people/qiu-chen-17
http://www.zhihu.com/people/alonzotang
http://www.zhihu.com/people/xucheng
http://www.zhihu.com/people/chu-yang-trueyoung
http://www.zhihu.com/people/you-yang
http://www.zhihu.com/people/lele
http://www.zhihu.com/people/zhumingzu
http://www.zhihu.com/people/hu-qian-qiu
http://www.zhihu.com/people/lancy
http://www.zhihu.com/people/chong
http://www.zhihu.com/people/tang-chen
http://www.zhihu.com/people/xiao-bai-43
http://www.zhihu.com/people/wind
http://www.zhihu.com/people/ma-jia-sang
http://www.zhihu.com/people/mo-mo-mo-da-nian
http://www.zhihu.com/people/wu-zhi-xing
http://www.zhihu.com/people/myxydx
http://www.zhihu.com/people/calmu
http://www.zhihu.com/people/dodrp10
http://www.zhihu.com/people/yami
http://www.zhihu.com/people/liu-xiao-ni
http://www.zhihu.com/people/yuanqz
http://www.zhihu.com/people/chanyuan
http://www.zhihu.com/people/xk13
http://www.zhihu.com/people/aimengmeng
http://www.zhihu.com/people/yaoyeR
http://www.zhihu.com/people/xiao-yi-72
http://www.zhihu.com/people/song-shu-hui-sheldon
http://www.zhihu.com/people/playuncle
http://www.zhihu.com/people/atlivebox
http://www.zhihu.com/people/r-t-iserlohn
http://www.zhihu.com/people/wanggnag
http://www.zhihu.com/people/abelxing
http://www.zhihu.com/people/dswwsd
http://www.zhihu.com/people/xie-da-ming
http://www.zhihu.com/people/jeff
http://www.zhihu.com/people/benben
http://www.zhihu.com/people/advadr
http://www.zhihu.com/people/lishuhang
http://www.zhihu.com/people/fanhun
http://www.zhihu.com/people/duyan
http://www.zhihu.com/people/ch721
http://www.zhihu.com/people/li-effie
http://www.zhihu.com/people/da-shui
http://www.zhihu.com/people/198401
http://www.zhihu.com/people/wu-yan-zhi
http://www.zhihu.com/people/putin
http://www.zhihu.com/people/mountain
http://www.zhihu.com/people/kirin
http://www.zhihu.com/people/jiang-bo-wei
http://www.zhihu.com/people/mian
http://www.zhihu.com/people/jasonchang
http://www.zhihu.com/people/lai-ni
http://www.zhihu.com/people/zerone
http://www.zhihu.com/people/mu-yi-43-58
http://www.zhihu.com/people/ycflame
http://www.zhihu.com/people/pu-xu-dong
http://www.zhihu.com/people/yesliwen
http://www.zhihu.com/people/allenz
http://www.zhihu.com/people/quiver
http://www.zhihu.com/people/gymitat
http://www.zhihu.com/people/ohlife
http://www.zhihu.com/people/ou-yang-dan
http://www.zhihu.com/people/chen-xia-luo
http://www.zhihu.com/people/andyw
http://www.zhihu.com/people/tota
http://www.zhihu.com/people/geekinmedia
http://www.zhihu.com/people/royxy
http://www.zhihu.com/people/keenkang
http://www.zhihu.com/people/yu-ming-gu-wen-chen-tao
http://www.zhihu.com/people/georgeyxt
http://www.zhihu.com/people/rosycc
http://www.zhihu.com/people/qintao
http://www.zhihu.com/people/blue
http://www.zhihu.com/people/mooqii
http://www.zhihu.com/people/jiang-li-50
http://www.zhihu.com/people/telemedia
http://www.zhihu.com/people/imyutao
http://www.zhihu.com/people/liu-qing
http://www.zhihu.com/people/li-xiao-lun
http://www.zhihu.com/people/mcbuder
http://www.zhihu.com/people/kandher
http://www.zhihu.com/people/lu-ye-shu-huai
http://www.zhihu.com/people/dongdongqiang
http://www.zhihu.com/people/jianghui
http://www.zhihu.com/people/chenxiang
http://www.zhihu.com/people/water
http://www.zhihu.com/people/cyido
http://www.zhihu.com/people/cao-xiao
http://www.zhihu.com/people/suyuan
http://www.zhihu.com/people/banly
http://www.zhihu.com/people/caoxiaowu
http://www.zhihu.com/people/libertrand
http://www.zhihu.com/people/qusheng
http://www.zhihu.com/people/luosheng
http://www.zhihu.com/people/ericsun
http://www.zhihu.com/people/tianyawenda
http://www.zhihu.com/people/ripsky
http://www.zhihu.com/people/meng-shuang-paula
http://www.zhihu.com/people/ipis
http://www.zhihu.com/people/lubenyuan.com
http://www.zhihu.com/people/wangxiaofeng
http://www.zhihu.com/people/leafgay
http://www.zhihu.com/people/gavenzhang
http://www.zhihu.com/people/whale
http://www.zhihu.com/people/junwei
http://www.zhihu.com/people/grandma
http://www.zhihu.com/people/ch3nz
http://www.zhihu.com/people/pengyu
http://www.zhihu.com/people/yuezhanren
http://www.zhihu.com/people/roy-xie
http://www.zhihu.com/people/qichong
http://www.zhihu.com/people/zhoupin
http://www.zhihu.com/people/imike
http://www.zhihu.com/people/kyth
http://www.zhihu.com/people/fu-er
http://www.zhihu.com/people/chengyuan
http://www.zhihu.com/people/zhangga
http://www.zhihu.com/people/beixr
http://www.zhihu.com/people/dajingzi
http://www.zhihu.com/people/gongjun
http://www.zhihu.com/people/keepwalking
http://www.zhihu.com/people/zhengran
http://www.zhihu.com/people/amonjok
http://www.zhihu.com/people/jshisan
http://www.zhihu.com/people/kwoh
http://www.zhihu.com/people/zhou-shu
http://www.zhihu.com/people/Lewind
http://www.zhihu.com/people/sun-xue-feng
http://www.zhihu.com/people/david-mao
http://www.zhihu.com/people/cooerson
http://www.zhihu.com/people/zhang-ding
http://www.zhihu.com/people/zoubo
http://www.zhihu.com/people/shijun
http://www.zhihu.com/people/jixin
