http://www.zhihu.com/people/ying-49
http://www.zhihu.com/people/liu-jin-long-44
http://www.zhihu.com/people/li-fan-fan-1
http://www.zhihu.com/people/qiu-chang-sa-er
http://www.zhihu.com/people/wang-wang-5-34
http://www.zhihu.com/people/liu-xiao-guai-89
http://www.zhihu.com/people/li-ya-xiao
http://www.zhihu.com/people/yu-xiao-mao-58
http://www.zhihu.com/people/HadisYe
http://www.zhihu.com/people/miao-miao-wu-9
http://www.zhihu.com/people/ding-ding-84-86
http://www.zhihu.com/people/qian-jing-wei
http://www.zhihu.com/people/ma-zhong-58
http://www.zhihu.com/people/khaki-29
http://www.zhihu.com/people/lu-meng-shi
http://www.zhihu.com/people/zhao-pan-dong
http://www.zhihu.com/people/da-yu-zi-29
http://www.zhihu.com/people/mincheng
http://www.zhihu.com/people/pan-shi-yun
http://www.zhihu.com/people/joy-wang-69
http://www.zhihu.com/people/shi-stone-9
http://www.zhihu.com/people/bai-ye-51
http://www.zhihu.com/people/drwong
http://www.zhihu.com/people/hu-rou
http://www.zhihu.com/people/cheng-jia-peng
http://www.zhihu.com/people/bi-peng
http://www.zhihu.com/people/wen-da-ya-55
http://www.zhihu.com/people/huang-cheng-cheng-26
http://www.zhihu.com/people/ri-ye-qian-chi
http://www.zhihu.com/people/yeezi
http://www.zhihu.com/people/YEESA
http://www.zhihu.com/people/yuan-qian-qian-8
http://www.zhihu.com/people/ma-xiao-jun-46
http://www.zhihu.com/people/nan-fang-zai-zuo
http://www.zhihu.com/people/li-bo-yu-85
http://www.zhihu.com/people/qqw-ssdd
http://www.zhihu.com/people/yu-zhe-32-34
http://www.zhihu.com/people/chai-pi-ma
http://www.zhihu.com/people/li-si-gu-niang
http://www.zhihu.com/people/megan-ma
http://www.zhihu.com/people/happy10086
http://www.zhihu.com/people/li-yun-yun-76
http://www.zhihu.com/people/gao-xiang-21
http://www.zhihu.com/people/chen-yi-zhu-11
http://www.zhihu.com/people/yipkoonyui
http://www.zhihu.com/people/hua-jun-60
http://www.zhihu.com/people/000088
http://www.zhihu.com/people/zhu-bo-tao
http://www.zhihu.com/people/li-li-86-60
http://www.zhihu.com/people/antilovsky
http://www.zhihu.com/people/yaochenhao
http://www.zhihu.com/people/tangjingxin
http://www.zhihu.com/people/keepcurious
http://www.zhihu.com/people/dahuilang
http://www.zhihu.com/people/hu-bu-gui-19
http://www.zhihu.com/people/face-li
http://www.zhihu.com/people/zhao-yang-xin
http://www.zhihu.com/people/tang-zi-qi-10
http://www.zhihu.com/people/stephanie-73
http://www.zhihu.com/people/wwzcxqc
http://www.zhihu.com/people/xian-fa-hui
http://www.zhihu.com/people/hileon
http://www.zhihu.com/people/zhang-yiliu
http://www.zhihu.com/people/bin-xin-80
http://www.zhihu.com/people/he-bo-bo
http://www.zhihu.com/people/ni-da-ye-40-87
http://www.zhihu.com/people/z-ian
http://www.zhihu.com/people/qin-kang-bao
http://www.zhihu.com/people/han-liang-hanl
http://www.zhihu.com/people/wang-jia-wei-45-85
http://www.zhihu.com/people/brucechang
http://www.zhihu.com/people/david
http://www.zhihu.com/people/guishou
http://www.zhihu.com/people/wangtiancheng
http://www.zhihu.com/people/wang-yi-cheng-77-69
http://www.zhihu.com/people/dai-xiao-lan
http://www.zhihu.com/people/blogtd
http://www.zhihu.com/people/li-wen-yu-47
http://www.zhihu.com/people/yimuxia
http://www.zhihu.com/people/lovefcb
http://www.zhihu.com/people/chen-chi-9
http://www.zhihu.com/people/leegang
http://www.zhihu.com/people/zhang-zhan-3
http://www.zhihu.com/people/siva
http://www.zhihu.com/people/xuzhenyu
http://www.zhihu.com/people/chenran
http://www.zhihu.com/people/jixin
http://www.zhihu.com/people/zhang-li-jie-67
http://www.zhihu.com/people/zhang-zhong-tian
http://www.zhihu.com/people/susus
http://www.zhihu.com/people/xu-ming-yi
http://www.zhihu.com/people/yu-shi-san
http://www.zhihu.com/people/suifeng
http://www.zhihu.com/people/zaiyiqi
http://www.zhihu.com/people/yu-xiao-ming-1
http://www.zhihu.com/people/yenmie
