http://www.zhihu.com/people/tian-chen-tong
http://www.zhihu.com/people/jing-wei-21-13
http://www.zhihu.com/people/caramelgrace
http://www.zhihu.com/people/wen-li-69
http://www.zhihu.com/people/gong-zheng-xuan
http://www.zhihu.com/people/bi-hua-shao-nian-82
http://www.zhihu.com/people/mu-you-cun-65
http://www.zhihu.com/people/zhang-yi-19
http://www.zhihu.com/people/anytao
http://www.zhihu.com/people/gracieux.taobao.com
http://www.zhihu.com/people/linmahua
http://www.zhihu.com/people/cheung-jillian
http://www.zhihu.com/people/shi-bo-qing
http://www.zhihu.com/people/wei-fan-18
http://www.zhihu.com/people/tata1219
http://www.zhihu.com/people/ibelieve-shan
http://www.zhihu.com/people/7ian
http://www.zhihu.com/people/xulaohan
http://www.zhihu.com/people/hmzhou
http://www.zhihu.com/people/diercn
http://www.zhihu.com/people/lin-xiao-62-15
http://www.zhihu.com/people/pang-luan-luan
http://www.zhihu.com/people/zhang-jia-hui-55-15
http://www.zhihu.com/people/ma-que-10
http://www.zhihu.com/people/yan-hui-35-80
http://www.zhihu.com/people/richardliu
http://www.zhihu.com/people/rambler1122
http://www.zhihu.com/people/fang-nan-87
http://www.zhihu.com/people/jin-ke-65
http://www.zhihu.com/people/cai-xiao-ming-85
http://www.zhihu.com/people/tan-li-9800
http://www.zhihu.com/people/HongfeiZ
http://www.zhihu.com/people/arlmy
http://www.zhihu.com/people/jin-yu-93-89
http://www.zhihu.com/people/zexiancui
http://www.zhihu.com/people/TT-in_The-Wind
http://www.zhihu.com/people/czxl
http://www.zhihu.com/people/aspirinfox
http://www.zhihu.com/people/yang-ding-101
http://www.zhihu.com/people/yu-ke-er
http://www.zhihu.com/people/xia-qing1919
http://www.zhihu.com/people/jiang-bin-liang
http://www.zhihu.com/people/joe
http://www.zhihu.com/people/tian-peng-23-46
http://www.zhihu.com/people/jia-hou-zi
http://www.zhihu.com/people/sheldongolf
http://www.zhihu.com/people/ji-dong-ze
http://www.zhihu.com/people/qin-yue-35
http://www.zhihu.com/people/li-wei-shan-43
http://www.zhihu.com/people/huluwahappy
http://www.zhihu.com/people/wang-hun-dan
http://www.zhihu.com/people/freezing
http://www.zhihu.com/people/lu2ux
http://www.zhihu.com/people/wang-yuqiang
http://www.zhihu.com/people/mi-zhan
http://www.zhihu.com/people/he-shuai-92
http://www.zhihu.com/people/xie-kai-wen-themisgu
http://www.zhihu.com/people/gong-shao-heng
http://www.zhihu.com/people/gu-ke-69
http://www.zhihu.com/people/yu-xiao-mao-58
http://www.zhihu.com/people/mu-xia-47
http://www.zhihu.com/people/niunai
http://www.zhihu.com/people/lin-xiao-chai
http://www.zhihu.com/people/chen-da-gou-18
http://www.zhihu.com/people/wei-zheng-le
http://www.zhihu.com/people/kangxia
http://www.zhihu.com/people/liu-chuan-feng-1
http://www.zhihu.com/people/heaven_000
http://www.zhihu.com/people/steven-80
http://www.zhihu.com/people/stanley-49
http://www.zhihu.com/people/evenstar
http://www.zhihu.com/people/sinopitt
http://www.zhihu.com/people/shen-hao-lang
http://www.zhihu.com/people/xia-yu-tian-3-49
http://www.zhihu.com/people/pizei
http://www.zhihu.com/people/guo-zi-yun-33
http://www.zhihu.com/people/zhang-jing-lin
http://www.zhihu.com/people/ycziyou
http://www.zhihu.com/people/wang-ting-ting-28-65
http://www.zhihu.com/people/liu-gao-yuan
http://www.zhihu.com/people/wang-deng-hui
http://www.zhihu.com/people/mzclc
http://www.zhihu.com/people/huma
http://www.zhihu.com/people/bai-yue-87
http://www.zhihu.com/people/mu-tian-80
http://www.zhihu.com/people/wujinzhi
http://www.zhihu.com/people/pewu
http://www.zhihu.com/people/yao-xing-guang
http://www.zhihu.com/people/yaweizhang
http://www.zhihu.com/people/wang-rong-peng-14
http://www.zhihu.com/people/li-yao-yao-3-33
http://www.zhihu.com/people/gaaaaaaaaga
http://www.zhihu.com/people/air_matthew
http://www.zhihu.com/people/hua-zhao-49
http://www.zhihu.com/people/yuan-lu-79
http://www.zhihu.com/people/dong-ling-33
http://www.zhihu.com/people/zhang-tang-89
http://www.zhihu.com/people/bang-xiao-hao
http://www.zhihu.com/people/water-five
http://www.zhihu.com/people/zhuo-xiao-cheng
http://www.zhihu.com/people/yizhilu
http://www.zhihu.com/people/suixi
http://www.zhihu.com/people/li-si-yuan-30
http://www.zhihu.com/people/wang-da-li-69
http://www.zhihu.com/people/yangbo-xia
http://www.zhihu.com/people/xingtao-shen
http://www.zhihu.com/people/hu-di-57-16
http://www.zhihu.com/people/qing-song-lu
http://www.zhihu.com/people/lu-zi-lu-76
http://www.zhihu.com/people/tingting-59
http://www.zhihu.com/people/laura-2
http://www.zhihu.com/people/lucifer-shen
http://www.zhihu.com/people/she-yu-99
http://www.zhihu.com/people/jiang-zhen-peng
http://www.zhihu.com/people/zhou-lin-yan-77
http://www.zhihu.com/people/pu-li-ni
http://www.zhihu.com/people/hamg
http://www.zhihu.com/people/mavic-song
http://www.zhihu.com/people/li-dai-hui
http://www.zhihu.com/people/qu-zhi-36
http://www.zhihu.com/people/suosi
http://www.zhihu.com/people/rivila
http://www.zhihu.com/people/hei-se-bo-luo
http://www.zhihu.com/people/Mumagag
http://www.zhihu.com/people/liu-si-si
http://www.zhihu.com/people/hong-shi-huan-78
http://www.zhihu.com/people/li-jin-yuan-53-18
http://www.zhihu.com/people/mo-xi-17-36
http://www.zhihu.com/people/hint
http://www.zhihu.com/people/pan-richard
http://www.zhihu.com/people/newbon
http://www.zhihu.com/people/matrix-trueman-2
http://www.zhihu.com/people/chen-yi-wen-BC
http://www.zhihu.com/people/chen-jun-jie-23-33
http://www.zhihu.com/people/wu-mian-qing
http://www.zhihu.com/people/xiao-chu
http://www.zhihu.com/people/bai-ban
http://www.zhihu.com/people/huang-w
http://www.zhihu.com/people/zuimai
http://www.zhihu.com/people/suo-sui-dou-ding
http://www.zhihu.com/people/samesame
http://www.zhihu.com/people/mdeli
http://www.zhihu.com/people/beihaimianbi
http://www.zhihu.com/people/yu-cheng-cheng-34
http://www.zhihu.com/people/li-jun-58-42
http://www.zhihu.com/people/luo-hao-45
http://www.zhihu.com/people/shi-yuan-feng
http://www.zhihu.com/people/789456123
http://www.zhihu.com/people/annika
http://www.zhihu.com/people/liu-guo-qiang-12
http://www.zhihu.com/people/pei-di-24
http://www.zhihu.com/people/ryan-42-5
http://www.zhihu.com/people/linyangjames
http://www.zhihu.com/people/li-shao-tang
http://www.zhihu.com/people/sxcsfan
http://www.zhihu.com/people/ohtintin
http://www.zhihu.com/people/jonson-fang
http://www.zhihu.com/people/chen-di-pu
http://www.zhihu.com/people/denisyao
http://www.zhihu.com/people/peng-hao-74
http://www.zhihu.com/people/xie-wei-you
http://www.zhihu.com/people/suhuashuo
http://www.zhihu.com/people/likang
http://www.zhihu.com/people/chen-mo-81-10
http://www.zhihu.com/people/yu-si-yue-65
http://www.zhihu.com/people/ca-ca-20
http://www.zhihu.com/people/mai-zi-65
http://www.zhihu.com/people/kimfly
http://www.zhihu.com/people/li-ji-70
http://www.zhihu.com/people/holyperry
http://www.zhihu.com/people/cheng-fang-hang
http://www.zhihu.com/people/socici
http://www.zhihu.com/people/guxizhao
http://www.zhihu.com/people/ren-er-cheng
http://www.zhihu.com/people/Libertasss
http://www.zhihu.com/people/liaojunyuan.com
http://www.zhihu.com/people/bai-peng
http://www.zhihu.com/people/xingmo
http://www.zhihu.com/people/jia-min-zhu-22
http://www.zhihu.com/people/junius_lou
http://www.zhihu.com/people/yiyibeta2
http://www.zhihu.com/people/chenjianwei
http://www.zhihu.com/people/heixiong
http://www.zhihu.com/people/xiao-li-ping-8
http://www.zhihu.com/people/wang-jing-7-16
http://www.zhihu.com/people/ihappybear
http://www.zhihu.com/people/tangxionly
http://www.zhihu.com/people/zui-ya
http://www.zhihu.com/people/xiao-da-da-27
http://www.zhihu.com/people/xu-xing
http://www.zhihu.com/people/ying-ye-78
http://www.zhihu.com/people/zlandys
http://www.zhihu.com/people/wangpengyu
http://www.zhihu.com/people/zhang-qi-qi-9
http://www.zhihu.com/people/houner
http://www.zhihu.com/people/imajin
http://www.zhihu.com/people/she1scoy
http://www.zhihu.com/people/zuo-qi-57
http://www.zhihu.com/people/acstar
http://www.zhihu.com/people/wang-zhe-58
http://www.zhihu.com/people/gao-gao-72
http://www.zhihu.com/people/richardhly
http://www.zhihu.com/people/wan-ming-wei
http://www.zhihu.com/people/zheng-ji
http://www.zhihu.com/people/wang-xiao-chao
http://www.zhihu.com/people/hu-tu-seng
http://www.zhihu.com/people/zhang-bao-long
http://www.zhihu.com/people/Vincenty
http://www.zhihu.com/people/ai-jing-er-50
http://www.zhihu.com/people/chouthen
http://www.zhihu.com/people/li-bi-qi-87
http://www.zhihu.com/people/zhang-zi-qiang-36
http://www.zhihu.com/people/liu-ling-qing
http://www.zhihu.com/people/nyanzhang
http://www.zhihu.com/people/Dj-Zhang
http://www.zhihu.com/people/chen-chang-dong-77
http://www.zhihu.com/people/nadia-32
http://www.zhihu.com/people/zheng-zha-22
http://www.zhihu.com/people/jun-ran-ying-zhe
http://www.zhihu.com/people/li-dian-dian-12
http://www.zhihu.com/people/zhu-ge-chen-yi
http://www.zhihu.com/people/zeyuhan
http://www.zhihu.com/people/mo-fan-19
http://www.zhihu.com/people/clairewang0326
http://www.zhihu.com/people/sun-wu-jing-4
http://www.zhihu.com/people/sun-wen-74
http://www.zhihu.com/people/luanxiaoyong
http://www.zhihu.com/people/hengyi-jiang
http://www.zhihu.com/people/wang-chen-hong
http://www.zhihu.com/people/dh428
http://www.zhihu.com/people/flora-fei
http://www.zhihu.com/people/jing-han-75
http://www.zhihu.com/people/shang-xiao-zhu
http://www.zhihu.com/people/shi-guang-yuan-51
http://www.zhihu.com/people/onewrong
http://www.zhihu.com/people/lu-cheng-zhang
http://www.zhihu.com/people/martin-lee
http://www.zhihu.com/people/wang-xiao-chang
http://www.zhihu.com/people/OoPsy
http://www.zhihu.com/people/chen-wen-mu
http://www.zhihu.com/people/lan-ming-zheng-51
http://www.zhihu.com/people/drifter-16
http://www.zhihu.com/people/yu-tou-tou-tou
http://www.zhihu.com/people/MOONDRIVE
http://www.zhihu.com/people/andrew-16-88
http://www.zhihu.com/people/kekxili
http://www.zhihu.com/people/niu-ji-ye
http://www.zhihu.com/people/su-nan
http://www.zhihu.com/people/dong-qi-59
http://www.zhihu.com/people/hua-hua-23
http://www.zhihu.com/people/lei-ming-shi
http://www.zhihu.com/people/mi-xin-lei
http://www.zhihu.com/people/zhang-yu-hong-63
http://www.zhihu.com/people/cai-yan-ting-81
http://www.zhihu.com/people/hukunn
http://www.zhihu.com/people/stella-39
http://www.zhihu.com/people/byeast
http://www.zhihu.com/people/zhang-yizhang
http://www.zhihu.com/people/alex-68-30
http://www.zhihu.com/people/zou-lu-59
http://www.zhihu.com/people/xiao-lan-bob
http://www.zhihu.com/people/li-zheng-bi
http://www.zhihu.com/people/he-mu-78
http://www.zhihu.com/people/tonnychow
http://www.zhihu.com/people/er-ke-si-ma
http://www.zhihu.com/people/ni-shi-81
http://www.zhihu.com/people/li-wei-46-72
http://www.zhihu.com/people/qzzandy
http://www.zhihu.com/people/zhang-da-na-44
http://www.zhihu.com/people/xiaohongalive
http://www.zhihu.com/people/xuexiaozhe
http://www.zhihu.com/people/an-zu
http://www.zhihu.com/people/meng-yang-40-35
http://www.zhihu.com/people/chen-jiu-ling
http://www.zhihu.com/people/superwanker
http://www.zhihu.com/people/wang-ba-a-gan
http://www.zhihu.com/people/hengzhi
http://www.zhihu.com/people/JamesHsia
http://www.zhihu.com/people/chen-yong-hui-1
http://www.zhihu.com/people/li-rui-qi-96
http://www.zhihu.com/people/wang-ze-yu-82
http://www.zhihu.com/people/shi-hong-46
http://www.zhihu.com/people/zhang-yi-fan-48
http://www.zhihu.com/people/xiong-neng
http://www.zhihu.com/people/ishanghai
http://www.zhihu.com/people/doors
http://www.zhihu.com/people/hang-hang-7
http://www.zhihu.com/people/peng-yi-dou
http://www.zhihu.com/people/feinaiji
http://www.zhihu.com/people/liu-xiao-yang-86
http://www.zhihu.com/people/stupident
http://www.zhihu.com/people/qiaoerenwu
http://www.zhihu.com/people/qian-jia-ying
http://www.zhihu.com/people/xiao-su-27
http://www.zhihu.com/people/li-xiao-xiao-90-24
http://www.zhihu.com/people/iaisin
http://www.zhihu.com/people/zhou-wen-rong
http://www.zhihu.com/people/sillybrother
http://www.zhihu.com/people/dan-xi-lei
http://www.zhihu.com/people/wei-ran-leo
http://www.zhihu.com/people/ma-kai-47
http://www.zhihu.com/people/yin-xiao-yu-6
http://www.zhihu.com/people/fu-peng-22
http://www.zhihu.com/people/tan-ri-tian
http://www.zhihu.com/people/xi-dao-tu-lang
http://www.zhihu.com/people/wang-zhi-teng
http://www.zhihu.com/people/chaang-an
http://www.zhihu.com/people/damao
http://www.zhihu.com/people/zhang-huan-yu-10
http://www.zhihu.com/people/MoneyLab
http://www.zhihu.com/people/yang-yong-54-36
http://www.zhihu.com/people/peoplegxs
http://www.zhihu.com/people/hua-xiao-bang
http://www.zhihu.com/people/pei-yun-fei
http://www.zhihu.com/people/saladin
http://www.zhihu.com/people/fan-ying-da
http://www.zhihu.com/people/chang-yu-40
http://www.zhihu.com/people/morea
http://www.zhihu.com/people/little-lettuce
http://www.zhihu.com/people/yang-le-zhi
http://www.zhihu.com/people/jiang-nu
http://www.zhihu.com/people/he-huan-63
http://www.zhihu.com/people/zhang-xiao-94-39
http://www.zhihu.com/people/thoreau-84
http://www.zhihu.com/people/weizhi.pan
http://www.zhihu.com/people/bu-lu-bu-la-di-de-man
http://www.zhihu.com/people/ding-ping-sheng
http://www.zhihu.com/people/vincent-93-88
http://www.zhihu.com/people/xiaozhili
http://www.zhihu.com/people/jerry_lee
http://www.zhihu.com/people/liang-yu-fan
http://www.zhihu.com/people/fh200
http://www.zhihu.com/people/zhang-yuan-41-66
http://www.zhihu.com/people/cheung-kit
http://www.zhihu.com/people/tsau.liu
http://www.zhihu.com/people/dahaka
http://www.zhihu.com/people/zombie
http://www.zhihu.com/people/hongyi33
http://www.zhihu.com/people/lin-shu-xin
http://www.zhihu.com/people/sun-79
http://www.zhihu.com/people/chen-ji-88
http://www.zhihu.com/people/huangrenqing
http://www.zhihu.com/people/zhang-hua-3
http://www.zhihu.com/people/jiang-ge
http://www.zhihu.com/people/zhang-rui-22-93
http://www.zhihu.com/people/si-ci-yuan-shen-da-shao
http://www.zhihu.com/people/CCTV01
http://www.zhihu.com/people/avicihu
http://www.zhihu.com/people/tassandar
http://www.zhihu.com/people/gong-rui-cong
http://www.zhihu.com/people/li-wen-hao-84
http://www.zhihu.com/people/amos-9
http://www.zhihu.com/people/ren-si-yuan-12
http://www.zhihu.com/people/lian-ben
http://www.zhihu.com/people/secrain
http://www.zhihu.com/people/vivinevaeh
http://www.zhihu.com/people/xiayifeng
http://www.zhihu.com/people/rongyiren
http://www.zhihu.com/people/Eth4n
http://www.zhihu.com/people/Victorique
http://www.zhihu.com/people/he-zhi-hong-31
http://www.zhihu.com/people/guo-guo-99-90
http://www.zhihu.com/people/tth901022
http://www.zhihu.com/people/veronicacaca
http://www.zhihu.com/people/wang-dan-dan-75-30
http://www.zhihu.com/people/shi-lao-ban
http://www.zhihu.com/people/gu-yiping-56
http://www.zhihu.com/people/ooxxooxx
http://www.zhihu.com/people/li-jin-long-58
http://www.zhihu.com/people/zhang-meng-1201
http://www.zhihu.com/people/calliope
http://www.zhihu.com/people/zhang-fang-zhou
http://www.zhihu.com/people/iyucci
http://www.zhihu.com/people/fffff
http://www.zhihu.com/people/nerv
http://www.zhihu.com/people/qian-yu-84
http://www.zhihu.com/people/hou-ye-60
http://www.zhihu.com/people/wu-heng-90
http://www.zhihu.com/people/mo-bu-gu
http://www.zhihu.com/people/wei-zi-69
http://www.zhihu.com/people/chost
http://www.zhihu.com/people/superpanda
http://www.zhihu.com/people/mu-hua
http://www.zhihu.com/people/fisch
http://www.zhihu.com/people/peng-bo-64
http://www.zhihu.com/people/meng-xiao-32
http://www.zhihu.com/people/li-an-qi-pan
http://www.zhihu.com/people/shang-shi-3
http://www.zhihu.com/people/lu-lei-74
http://www.zhihu.com/people/zhihu_weekly
http://www.zhihu.com/people/sui-xi
http://www.zhihu.com/people/GilgameshK
http://www.zhihu.com/people/jin-cheng-tan
http://www.zhihu.com/people/tian-nan-gua
http://www.zhihu.com/people/a-qiu-94
http://www.zhihu.com/people/PanChuan
http://www.zhihu.com/people/bai-bai-he-18
http://www.zhihu.com/people/zhu-bo-tao
http://www.zhihu.com/people/ling-long
http://www.zhihu.com/people/tang-pao-pao
http://www.zhihu.com/people/dica
http://www.zhihu.com/people/xu-tai-yang
http://www.zhihu.com/people/pan-chen-xi
http://www.zhihu.com/people/zhang-jia-xiang-85
http://www.zhihu.com/people/beasum
http://www.zhihu.com/people/gao-zheng-11
http://www.zhihu.com/people/zhu-xiu-jie
http://www.zhihu.com/people/summy
http://www.zhihu.com/people/superdiary
http://www.zhihu.com/people/huang-guo-qing-60
http://www.zhihu.com/people/litcookie
http://www.zhihu.com/people/qi-si-mavis
http://www.zhihu.com/people/cao-kai-cheng
http://www.zhihu.com/people/tun-tan
http://www.zhihu.com/people/cai-ti-ran
http://www.zhihu.com/people/wolekuduo
http://www.zhihu.com/people/zhou-xiao-nong
http://www.zhihu.com/people/Changmingwei
http://www.zhihu.com/people/siva
http://www.zhihu.com/people/sellsoda
http://www.zhihu.com/people/wang-er-71
http://www.zhihu.com/people/chen-deng-ke-3
http://www.zhihu.com/people/huang-yu-xuan
http://www.zhihu.com/people/cxm8888
http://www.zhihu.com/people/liang-xin-28
http://www.zhihu.com/people/shen-jia-nan
http://www.zhihu.com/people/ray-guo-23
http://www.zhihu.com/people/zhang-xue-qiang
http://www.zhihu.com/people/deager
http://www.zhihu.com/people/xi-xi-yang-9
http://www.zhihu.com/people/leonardoql
http://www.zhihu.com/people/xiaoqing80s
http://www.zhihu.com/people/jiang-cheng-89
http://www.zhihu.com/people/wen-ting-87
http://www.zhihu.com/people/wei-jun-yong
http://www.zhihu.com/people/halfmile
http://www.zhihu.com/people/tian-shun
http://www.zhihu.com/people/chen-pu
http://www.zhihu.com/people/zhang-lai-xu
http://www.zhihu.com/people/wang-duan-duan
http://www.zhihu.com/people/wang-ze-
http://www.zhihu.com/people/boxiaotu
http://www.zhihu.com/people/jiang-yuan-bo-81
http://www.zhihu.com/people/inclear
http://www.zhihu.com/people/aiyohu
http://www.zhihu.com/people/wu-yuan-5297
http://www.zhihu.com/people/EvaFlYs
http://www.zhihu.com/people/ahxsong
http://www.zhihu.com/people/li-feng-54-67
http://www.zhihu.com/people/wang-lin-20-82
http://www.zhihu.com/people/tequila-88
http://www.zhihu.com/people/zhu-huan-jie
http://www.zhihu.com/people/JiangTianZheng
http://www.zhihu.com/people/zhou-xiang-hua-22
http://www.zhihu.com/people/geniusxufei
http://www.zhihu.com/people/bluebubble
http://www.zhihu.com/people/cnbeining
http://www.zhihu.com/people/tian.jing
http://www.zhihu.com/people/pan-xi-ting
http://www.zhihu.com/people/guren
http://www.zhihu.com/people/zhang-heng-3
http://www.zhihu.com/people/roy-xie
http://www.zhihu.com/people/yuzhenbo
http://www.zhihu.com/people/mo-mo-wu-wen
http://www.zhihu.com/people/killerdeului
http://www.zhihu.com/people/artiecheung
http://www.zhihu.com/people/squarexx
http://www.zhihu.com/people/hope-wang
http://www.zhihu.com/people/huang-wei-25-50
http://www.zhihu.com/people/bai-shui-94-21
http://www.zhihu.com/people/psr0071
http://www.zhihu.com/people/realhanbing
http://www.zhihu.com/people/guan-xuan
http://www.zhihu.com/people/lai-ya-qi
http://www.zhihu.com/people/hongshu
http://www.zhihu.com/people/pian
http://www.zhihu.com/people/sky-86-5
http://www.zhihu.com/people/bowenbitch
http://www.zhihu.com/people/sun-lin-9
http://www.zhihu.com/people/liveyee
http://www.zhihu.com/people/sydneygao
http://www.zhihu.com/people/bywong
http://www.zhihu.com/people/279734816
http://www.zhihu.com/people/kevin-hu
http://www.zhihu.com/people/deathman
http://www.zhihu.com/people/tangjingxin
http://www.zhihu.com/people/weixinsam
http://www.zhihu.com/people/wei-wei-87-88
http://www.zhihu.com/people/xia-mi-3-82
http://www.zhihu.com/people/baijason
http://www.zhihu.com/people/THFQ
http://www.zhihu.com/people/wolf_wu
http://www.zhihu.com/people/jiang-meng-29
http://www.zhihu.com/people/hu-zi-30
http://www.zhihu.com/people/ping-guo-jun
http://www.zhihu.com/people/chen-ling-27
http://www.zhihu.com/people/Googlehacker
http://www.zhihu.com/people/li-da-shan
http://www.zhihu.com/people/wang-wei-63
http://www.zhihu.com/people/receo
http://www.zhihu.com/people/gan-gan-23
http://www.zhihu.com/people/vayn
http://www.zhihu.com/people/Jover
http://www.zhihu.com/people/hu-zhe-kai
http://www.zhihu.com/people/wang-hui-42-37
http://www.zhihu.com/people/zhong-ye-zi-49
http://www.zhihu.com/people/xiao-sa-06-16
http://www.zhihu.com/people/654321
http://www.zhihu.com/people/abowang
http://www.zhihu.com/people/yolfilm
http://www.zhihu.com/people/ted-lee-70
http://www.zhihu.com/people/yu-wen-70
http://www.zhihu.com/people/zisha360
http://www.zhihu.com/people/wu-wen-kui
http://www.zhihu.com/people/lyriclee
http://www.zhihu.com/people/bo-wen-49
http://www.zhihu.com/people/hou-ye
http://www.zhihu.com/people/zhu-yixin-42
http://www.zhihu.com/people/zhong-ran
http://www.zhihu.com/people/sky-fall
http://www.zhihu.com/people/oleg-vodnik
http://www.zhihu.com/people/li-shu-shu
http://www.zhihu.com/people/techoxygen
http://www.zhihu.com/people/zhou-chang-chang
http://www.zhihu.com/people/rainvoo
http://www.zhihu.com/people/shaneguo
http://www.zhihu.com/people/zhang-yun-76
http://www.zhihu.com/people/stefanie-31
http://www.zhihu.com/people/rampent
http://www.zhihu.com/people/ssstao
http://www.zhihu.com/people/amuro1230
http://www.zhihu.com/people/han-de-sheng
http://www.zhihu.com/people/xuzewei
http://www.zhihu.com/people/xun-babe
http://www.zhihu.com/people/suodi
http://www.zhihu.com/people/pan-liang-jie
http://www.zhihu.com/people/zhang-chao-57-39
http://www.zhihu.com/people/lucybin
http://www.zhihu.com/people/zhongyiming
http://www.zhihu.com/people/huo-wei-peng
http://www.zhihu.com/people/lu-zhi-zhi
http://www.zhihu.com/people/wenzel
http://www.zhihu.com/people/sisyphus-18
http://www.zhihu.com/people/woodman
http://www.zhihu.com/people/zhi-fou-21
http://www.zhihu.com/people/pan-li-chuan
http://www.zhihu.com/people/wangzhizhou
http://www.zhihu.com/people/wang-hao-yuan-44
http://www.zhihu.com/people/bian-du
http://www.zhihu.com/people/guo-shu-jian
http://www.zhihu.com/people/zhang-jun-jie-89
http://www.zhihu.com/people/zhang-jia-jing-20
http://www.zhihu.com/people/chen-hua-liang
http://www.zhihu.com/people/zheng-ling-yue
http://www.zhihu.com/people/seraph0628
http://www.zhihu.com/people/tkargkkkk
http://www.zhihu.com/people/zzzzzgd
http://www.zhihu.com/people/zheng-kang-bo
http://www.zhihu.com/people/ma-xiang-wen
http://www.zhihu.com/people/wowodavid
http://www.zhihu.com/people/yu-xing-en
http://www.zhihu.com/people/dan-feng-29
http://www.zhihu.com/people/patrickluo
http://www.zhihu.com/people/nowhere-momo
http://www.zhihu.com/people/mzehuang
http://www.zhihu.com/people/chen-hui-ling-64
http://www.zhihu.com/people/zhuang-chang-kuan
http://www.zhihu.com/people/williamzhang
http://www.zhihu.com/people/baidoudou
http://www.zhihu.com/people/zhu-yi-ge
http://www.zhihu.com/people/Yorunoinori
http://www.zhihu.com/people/laser
http://www.zhihu.com/people/misink
http://www.zhihu.com/people/cody-16
http://www.zhihu.com/people/hong-yiqing-quan
http://www.zhihu.com/people/just-zhe
http://www.zhihu.com/people/xiaowenwen
http://www.zhihu.com/people/garhom
http://www.zhihu.com/people/gracelu
http://www.zhihu.com/people/wang-ji-yuan-77
http://www.zhihu.com/people/danblue
http://www.zhihu.com/people/gaohan
http://www.zhihu.com/people/jixin
http://www.zhihu.com/people/hai-yang
http://www.zhihu.com/people/hutianyi
http://www.zhihu.com/people/zoubo
http://www.zhihu.com/people/raymond-wang
