http://www.zhihu.com/people/li-shou-yin-89
http://www.zhihu.com/people/xujianpeng
http://www.zhihu.com/people/mu-yang-8
http://www.zhihu.com/people/boyarayophthal
http://www.zhihu.com/people/guodalu008
http://www.zhihu.com/people/dao-mi
http://www.zhihu.com/people/lilyizzh
http://www.zhihu.com/people/zuimai
http://www.zhihu.com/people/ender.viking
http://www.zhihu.com/people/shu-ba-ge
http://www.zhihu.com/people/xia-qing1919
http://www.zhihu.com/people/feng-hao-84
http://www.zhihu.com/people/zhang-xin-yu-4
http://www.zhihu.com/people/linmahua
http://www.zhihu.com/people/pao-zi-55
http://www.zhihu.com/people/huang-dong-cheng
http://www.zhihu.com/people/ashbei-er
http://www.zhihu.com/people/francisfang
http://www.zhihu.com/people/gu-yue-10
http://www.zhihu.com/people/yehai
http://www.zhihu.com/people/seebeebee
http://www.zhihu.com/people/yuanshaoxia
http://www.zhihu.com/people/thanxiaoxin
http://www.zhihu.com/people/nelson1014
http://www.zhihu.com/people/thinkdancer
http://www.zhihu.com/people/bhuztez
http://www.zhihu.com/people/wody
http://www.zhihu.com/people/zhang-tao-55-24
http://www.zhihu.com/people/gui-sheng-74
http://www.zhihu.com/people/qu-zhi-36
http://www.zhihu.com/people/lanisle
http://www.zhihu.com/people/kaifeng-jin
http://www.zhihu.com/people/redhobor
http://www.zhihu.com/people/conquer-you
http://www.zhihu.com/people/juju
http://www.zhihu.com/people/technommy
http://www.zhihu.com/people/cosmos_q
http://www.zhihu.com/people/zhongkun
http://www.zhihu.com/people/gao-gao-72
http://www.zhihu.com/people/leechan
http://www.zhihu.com/people/gai-shan-83
http://www.zhihu.com/people/jasonlue
http://www.zhihu.com/people/reese717
http://www.zhihu.com/people/wang-tong-22
http://www.zhihu.com/people/zhu-yixin-42
http://www.zhihu.com/people/jie-qi
http://www.zhihu.com/people/wang-zu-73
http://www.zhihu.com/people/cbeeq98
http://www.zhihu.com/people/changeself
http://www.zhihu.com/people/lgt945
http://www.zhihu.com/people/zheng-tao-64
http://www.zhihu.com/people/apin
http://www.zhihu.com/people/neil-35-70
http://www.zhihu.com/people/caixun
http://www.zhihu.com/people/song-wen-ting-7
http://www.zhihu.com/people/yu-yan-qiang
http://www.zhihu.com/people/tong-min-64
http://www.zhihu.com/people/wangxin
http://www.zhihu.com/people/fang-cheng-78-32
http://www.zhihu.com/people/catalystx
http://www.zhihu.com/people/erqi
http://www.zhihu.com/people/lu-jie-jie-3
http://www.zhihu.com/people/spoontzc
http://www.zhihu.com/people/tcstar
http://www.zhihu.com/people/fu-yu-50
http://www.zhihu.com/people/xsheng-13
http://www.zhihu.com/people/salleeshi
http://www.zhihu.com/people/liang-ying-cong
http://www.zhihu.com/people/jun-yi-14
http://www.zhihu.com/people/vicissi
http://www.zhihu.com/people/wu-da-bei
http://www.zhihu.com/people/ximingcheng
http://www.zhihu.com/people/zheng-xia-ming
http://www.zhihu.com/people/cao-qing-yu
http://www.zhihu.com/people/ddmkchan
http://www.zhihu.com/people/chaosong
http://www.zhihu.com/people/ying-gai-shi-velkan
http://www.zhihu.com/people/cai-ting-firesky
http://www.zhihu.com/people/chouthen
http://www.zhihu.com/people/bo-qiao
http://www.zhihu.com/people/seansay
http://www.zhihu.com/people/redswallow
http://www.zhihu.com/people/lin-lin-98-23
http://www.zhihu.com/people/aidenixl
http://www.zhihu.com/people/chen-jiao-jiao-57
http://www.zhihu.com/people/iori-98
http://www.zhihu.com/people/deviceperk
http://www.zhihu.com/people/zhizhen
http://www.zhihu.com/people/jiang-wen-zhen
http://www.zhihu.com/people/christy-37
http://www.zhihu.com/people/piercehou
http://www.zhihu.com/people/wang-wei-28
http://www.zhihu.com/people/molly-26-54
http://www.zhihu.com/people/tu-tu-20-51
http://www.zhihu.com/people/huang-ke-wang
http://www.zhihu.com/people/li-qiu-heng
http://www.zhihu.com/people/huntershi
http://www.zhihu.com/people/wang-tian-yuan-32
http://www.zhihu.com/people/chen-hong-yi-33
http://www.zhihu.com/people/dyno
http://www.zhihu.com/people/cai-qi-shan
http://www.zhihu.com/people/wei-ta-bing
http://www.zhihu.com/people/xu-xue-hen
http://www.zhihu.com/people/liu-chu-san
http://www.zhihu.com/people/windan0901
http://www.zhihu.com/people/Bleaker
http://www.zhihu.com/people/homly
http://www.zhihu.com/people/shenwan
http://www.zhihu.com/people/han-shun-hua
http://www.zhihu.com/people/iplus
http://www.zhihu.com/people/e_chen
http://www.zhihu.com/people/cai-jian-zheng-77
http://www.zhihu.com/people/tower1229
http://www.zhihu.com/people/xqlee
http://www.zhihu.com/people/ReSur
http://www.zhihu.com/people/wang-gang-52-25
http://www.zhihu.com/people/pigletfly
http://www.zhihu.com/people/leixiao
http://www.zhihu.com/people/kang-wei
http://www.zhihu.com/people/wong2
http://www.zhihu.com/people/zhao-jia-hui-33
http://www.zhihu.com/people/wiming
http://www.zhihu.com/people/zhaoyaojing
http://www.zhihu.com/people/li-sen-39
http://www.zhihu.com/people/guo-er-64
http://www.zhihu.com/people/noname-12
http://www.zhihu.com/people/aimesimon
http://www.zhihu.com/people/he-ruo-qiao
http://www.zhihu.com/people/yan-xiao-xi-49
http://www.zhihu.com/people/yi-teng
http://www.zhihu.com/people/su-su-76-34
http://www.zhihu.com/people/sanv
http://www.zhihu.com/people/hong-xiao-dou
http://www.zhihu.com/people/waner
http://www.zhihu.com/people/wildog
http://www.zhihu.com/people/simplex
http://www.zhihu.com/people/sunning
http://www.zhihu.com/people/cui-wang
http://www.zhihu.com/people/gaojihe
http://www.zhihu.com/people/caulfield
http://www.zhihu.com/people/ashashadmin
http://www.zhihu.com/people/dai-chen-long-31
http://www.zhihu.com/people/Mr.guo
http://www.zhihu.com/people/qichangxing
http://www.zhihu.com/people/ma-wen-24-33
http://www.zhihu.com/people/jiejie_my_lover
http://www.zhihu.com/people/BUFU
http://www.zhihu.com/people/forkburn
http://www.zhihu.com/people/zhu-shi-jie-6
http://www.zhihu.com/people/liusihao
http://www.zhihu.com/people/Felicity
http://www.zhihu.com/people/leemoispace
http://www.zhihu.com/people/su-can-69
http://www.zhihu.com/people/Mohu
http://www.zhihu.com/people/erbility
http://www.zhihu.com/people/helen_n
http://www.zhihu.com/people/da-da-50
http://www.zhihu.com/people/si-wu-xie
http://www.zhihu.com/people/laughingjacky
http://www.zhihu.com/people/xiang-ru-75
http://www.zhihu.com/people/tai-di-xiong-97
http://www.zhihu.com/people/jeff-yu-45
http://www.zhihu.com/people/ooFate
http://www.zhihu.com/people/frank-17
http://www.zhihu.com/people/yuan-lei-69
http://www.zhihu.com/people/star-folding
http://www.zhihu.com/people/lycheeorange
http://www.zhihu.com/people/Marshallpku
http://www.zhihu.com/people/niyanshi
http://www.zhihu.com/people/jackie-69
http://www.zhihu.com/people/chen-xiao-mei
http://www.zhihu.com/people/phos
http://www.zhihu.com/people/du-yu-jing
http://www.zhihu.com/people/jun-lin-29
http://www.zhihu.com/people/bo-xiao-qi
http://www.zhihu.com/people/lu-chen-86
http://www.zhihu.com/people/a-miao-59
http://www.zhihu.com/people/wei-wei-59-41
http://www.zhihu.com/people/yujinhui
http://www.zhihu.com/people/sentimental_animal
http://www.zhihu.com/people/zhou-jiu-ling
http://www.zhihu.com/people/django-3
http://www.zhihu.com/people/chengzhoukun
http://www.zhihu.com/people/luoxr
http://www.zhihu.com/people/yin-dao-gui
http://www.zhihu.com/people/xin-ruo-jing
http://www.zhihu.com/people/yu-lu
http://www.zhihu.com/people/huhupao
http://www.zhihu.com/people/richardhly
http://www.zhihu.com/people/x5lcfd
http://www.zhihu.com/people/tomhall
http://www.zhihu.com/people/xiao-xiao-54
http://www.zhihu.com/people/websec
http://www.zhihu.com/people/tan-ri-tian
http://www.zhihu.com/people/tth901022
http://www.zhihu.com/people/jiao-jiao-38
http://www.zhihu.com/people/bnomb3
http://www.zhihu.com/people/chen-zhu-yu
http://www.zhihu.com/people/Janus
http://www.zhihu.com/people/bai-rui-de
http://www.zhihu.com/people/benlieben
http://www.zhihu.com/people/wang-chao-38
http://www.zhihu.com/people/lvli
http://www.zhihu.com/people/zhao-yan-dao
http://www.zhihu.com/people/he-yuan-sheng
http://www.zhihu.com/people/chen-xiao-miao-98
http://www.zhihu.com/people/zhang-wei-yi-77
http://www.zhihu.com/people/dan-xi-lei
http://www.zhihu.com/people/multivac
http://www.zhihu.com/people/skymountain
http://www.zhihu.com/people/adam-wen
http://www.zhihu.com/people/mi-xian-17
http://www.zhihu.com/people/miaomiaomiao
http://www.zhihu.com/people/liu-zhiquan
http://www.zhihu.com/people/888791
http://www.zhihu.com/people/yjw022yjw
http://www.zhihu.com/people/xiao-chu
http://www.zhihu.com/people/Dominic_
http://www.zhihu.com/people/nie-fei-0504
http://www.zhihu.com/people/liveme
http://www.zhihu.com/people/jackzhang2014
http://www.zhihu.com/people/qinhuai
http://www.zhihu.com/people/dealecth
http://www.zhihu.com/people/mazure
http://www.zhihu.com/people/yinwm
http://www.zhihu.com/people/star
http://www.zhihu.com/people/fireos
http://www.zhihu.com/people/li-yiqi
http://www.zhihu.com/people/fengzee-me
http://www.zhihu.com/people/zhang-lai-xu
http://www.zhihu.com/people/wangfang
http://www.zhihu.com/people/zway
http://www.zhihu.com/people/merryjing
http://www.zhihu.com/people/liu-yang-47-96
http://www.zhihu.com/people/maphycs
http://www.zhihu.com/people/byronyi
http://www.zhihu.com/people/zhu-bo-tao
http://www.zhihu.com/people/liu-shao-peng
http://www.zhihu.com/people/jiang-ge
http://www.zhihu.com/people/zhang-ming-chao
http://www.zhihu.com/people/liouhui
http://www.zhihu.com/people/huang-zhi-qiang-82
http://www.zhihu.com/people/li-zhi-net
http://www.zhihu.com/people/hong-guo-guo-79
http://www.zhihu.com/people/feamung
http://www.zhihu.com/people/fishinlake
http://www.zhihu.com/people/interma
http://www.zhihu.com/people/antestad
http://www.zhihu.com/people/yu-yang-87-79
http://www.zhihu.com/people/zhang-ying-zhou-91
http://www.zhihu.com/people/zhang-yi-33-21
http://www.zhihu.com/people/wang-le-heng
http://www.zhihu.com/people/sanjing
http://www.zhihu.com/people/javier
http://www.zhihu.com/people/unted
http://www.zhihu.com/people/yu-xing-en
http://www.zhihu.com/people/mai-wei-78
http://www.zhihu.com/people/wang-bo-chang
http://www.zhihu.com/people/zhao-shuai-60
http://www.zhihu.com/people/jacobevermore
http://www.zhihu.com/people/sheng-zhi-qing
http://www.zhihu.com/people/navigator-hsu
http://www.zhihu.com/people/veronguigu
http://www.zhihu.com/people/yucca
http://www.zhihu.com/people/zhang-tian-94
http://www.zhihu.com/people/treenewbeer
http://www.zhihu.com/people/zhao-yi-long-22
http://www.zhihu.com/people/tonyseek
http://www.zhihu.com/people/zhutingting
http://www.zhihu.com/people/du-bian-sheng
http://www.zhihu.com/people/costi
http://www.zhihu.com/people/zhong-ye-zi-49
http://www.zhihu.com/people/techoxygen
http://www.zhihu.com/people/twostupid
http://www.zhihu.com/people/zhuo-zhi-ying
http://www.zhihu.com/people/iyucci
http://www.zhihu.com/people/yukimdom
http://www.zhihu.com/people/wei-mu
http://www.zhihu.com/people/Mr.FanTong
http://www.zhihu.com/people/zhuqe
http://www.zhihu.com/people/chang-jarod
http://www.zhihu.com/people/goldegg
http://www.zhihu.com/people/Bingchean
http://www.zhihu.com/people/milkymono
http://www.zhihu.com/people/chen-wei-yuan
http://www.zhihu.com/people/mattmonkey
http://www.zhihu.com/people/Akagi201
http://www.zhihu.com/people/fang-cai
http://www.zhihu.com/people/zhang-zheng-lin
http://www.zhihu.com/people/liang-wei-jin
http://www.zhihu.com/people/zhou-jia-peng-6
http://www.zhihu.com/people/guhongguangju
http://www.zhihu.com/people/xiao-liang-moon
http://www.zhihu.com/people/detwin
http://www.zhihu.com/people/lyooivan
http://www.zhihu.com/people/tclh123
http://www.zhihu.com/people/cheristorm
http://www.zhihu.com/people/liu-fang-72-7
http://www.zhihu.com/people/qmqy
http://www.zhihu.com/people/ryanhust
http://www.zhihu.com/people/peng-tan
http://www.zhihu.com/people/ou-yang-27
http://www.zhihu.com/people/jason-wang-46
http://www.zhihu.com/people/wonderhao
http://www.zhihu.com/people/archieyang
http://www.zhihu.com/people/weng-yun-fei
http://www.zhihu.com/people/li-hao-nan
http://www.zhihu.com/people/sister
http://www.zhihu.com/people/fred-lin-6
http://www.zhihu.com/people/THFQ
http://www.zhihu.com/people/xueyichen
http://www.zhihu.com/people/hoan
http://www.zhihu.com/people/smokefire
http://www.zhihu.com/people/zou-dao-kou
http://www.zhihu.com/people/li-hui-jie-10
http://www.zhihu.com/people/wei-qing-min
http://www.zhihu.com/people/li-feng-shang
http://www.zhihu.com/people/mvie
http://www.zhihu.com/people/daviru
http://www.zhihu.com/people/tongjinghao
http://www.zhihu.com/people/elichang
http://www.zhihu.com/people/hu-zhen-sheng
http://www.zhihu.com/people/mrlixianrong
http://www.zhihu.com/people/xian-yong-kang
http://www.zhihu.com/people/xu-yin-zhou
http://www.zhihu.com/people/boyan
http://www.zhihu.com/people/haiger-25
http://www.zhihu.com/people/xiao-jian-ren-71
http://www.zhihu.com/people/yu2b
http://www.zhihu.com/people/yccluo
http://www.zhihu.com/people/xuzhe1224
http://www.zhihu.com/people/feversun
http://www.zhihu.com/people/tao-tie-32
http://www.zhihu.com/people/wuzhejun
http://www.zhihu.com/people/lebanner
http://www.zhihu.com/people/lu-zi-lu-76
http://www.zhihu.com/people/sagasw
http://www.zhihu.com/people/armo
http://www.zhihu.com/people/rhor
http://www.zhihu.com/people/jin-duo-93
http://www.zhihu.com/people/alfredsamuel
http://www.zhihu.com/people/GilgameshK
http://www.zhihu.com/people/spirit-dongdong
http://www.zhihu.com/people/kingszar
http://www.zhihu.com/people/hllcme
http://www.zhihu.com/people/tanronghui
http://www.zhihu.com/people/vieplivee
http://www.zhihu.com/people/SailYang
http://www.zhihu.com/people/zhihu_lxl
http://www.zhihu.com/people/li-yao-15
http://www.zhihu.com/people/stig-zhang
http://www.zhihu.com/people/zelin
http://www.zhihu.com/people/meng-ling-shi
http://www.zhihu.com/people/yue-tian
http://www.zhihu.com/people/watsonhaw
http://www.zhihu.com/people/y2mao
http://www.zhihu.com/people/xiahao
http://www.zhihu.com/people/humanSprite
http://www.zhihu.com/people/yinhao
http://www.zhihu.com/people/zblc
http://www.zhihu.com/people/hweeken
http://www.zhihu.com/people/wiki-wang-10
http://www.zhihu.com/people/cen-cheng
http://www.zhihu.com/people/orzwind
http://www.zhihu.com/people/bai-li
http://www.zhihu.com/people/flashzs
http://www.zhihu.com/people/su-geng-sheng
http://www.zhihu.com/people/shuan-zhu-56
http://www.zhihu.com/people/huangbincheng
http://www.zhihu.com/people/quickerzane
http://www.zhihu.com/people/mayue
http://www.zhihu.com/people/xia-gu-lin
http://www.zhihu.com/people/jinchen
http://www.zhihu.com/people/macrochen
http://www.zhihu.com/people/haohaoxuexi
http://www.zhihu.com/people/xrbing
http://www.zhihu.com/people/xujie
http://www.zhihu.com/people/liang-qi-73
http://www.zhihu.com/people/r-sir
http://www.zhihu.com/people/damon-94
http://www.zhihu.com/people/silentmost
http://www.zhihu.com/people/zhkzyth
http://www.zhihu.com/people/baodaotiexiaohe
http://www.zhihu.com/people/feng-zhi-hao
http://www.zhihu.com/people/ban-ji-35
http://www.zhihu.com/people/bitmirage
http://www.zhihu.com/people/xu-guo-hui
http://www.zhihu.com/people/copper-friddle
http://www.zhihu.com/people/chen-luo-cheng
http://www.zhihu.com/people/vincent4j
http://www.zhihu.com/people/ji-yi
http://www.zhihu.com/people/yshone
http://www.zhihu.com/people/alley-13
http://www.zhihu.com/people/Spinnist
http://www.zhihu.com/people/zheng-li-51
http://www.zhihu.com/people/dongweiming
http://www.zhihu.com/people/li-jun-55
http://www.zhihu.com/people/wan-lin-feng
http://www.zhihu.com/people/imapollo
http://www.zhihu.com/people/vvtomato
http://www.zhihu.com/people/equator
http://www.zhihu.com/people/hangzhi
http://www.zhihu.com/people/liang-peng-cheng-70
http://www.zhihu.com/people/sapjax
http://www.zhihu.com/people/sceneryx
http://www.zhihu.com/people/mo0o0fsjmf0icbi
http://www.zhihu.com/people/luoyang
http://www.zhihu.com/people/huma
http://www.zhihu.com/people/wang-zhi-zhi-82
http://www.zhihu.com/people/yu-ming-gu-wen-chen-tao
http://www.zhihu.com/people/monoFish
http://www.zhihu.com/people/xing-yong-wei
http://www.zhihu.com/people/zunchao
http://www.zhihu.com/people/jokerqyou
http://www.zhihu.com/people/GamerYulei
http://www.zhihu.com/people/hailing
http://www.zhihu.com/people/greengnn
http://www.zhihu.com/people/yuhao-85
http://www.zhihu.com/people/du-yu
http://www.zhihu.com/people/zhangxvliang
http://www.zhihu.com/people/iwiner
http://www.zhihu.com/people/li-jun-82
http://www.zhihu.com/people/dingyan
http://www.zhihu.com/people/myuan
http://www.zhihu.com/people/HouLi
http://www.zhihu.com/people/xu-chu-yun
http://www.zhihu.com/people/gnap
http://www.zhihu.com/people/htedsv
http://www.zhihu.com/people/lynettedai
http://www.zhihu.com/people/qixia
http://www.zhihu.com/people/zaiyiqi
http://www.zhihu.com/people/dang-zhi-ming
http://www.zhihu.com/people/li-gen-90
http://www.zhihu.com/people/lys-chueng
http://www.zhihu.com/people/darkgt
http://www.zhihu.com/people/yu-xiang-8
http://www.zhihu.com/people/peng-shi-jun
http://www.zhihu.com/people/cklover
http://www.zhihu.com/people/oliverxu
http://www.zhihu.com/people/xanpeng
http://www.zhihu.com/people/tlwu
http://www.zhihu.com/people/starknight
http://www.zhihu.com/people/cici
http://www.zhihu.com/people/netsos
http://www.zhihu.com/people/hlhl
http://www.zhihu.com/people/bohemian
http://www.zhihu.com/people/eavia
http://www.zhihu.com/people/sunus
http://www.zhihu.com/people/programtic
http://www.zhihu.com/people/yeky
http://www.zhihu.com/people/yang-qin-rong
http://www.zhihu.com/people/yang-cong-quan-man-tou
http://www.zhihu.com/people/oxygen
http://www.zhihu.com/people/siuis
http://www.zhihu.com/people/haipeng
http://www.zhihu.com/people/ch3nz
http://www.zhihu.com/people/kuangzhou
http://www.zhihu.com/people/Sam_Su
http://www.zhihu.com/people/gao-da-li
http://www.zhihu.com/people/landy
http://www.zhihu.com/people/ievil4emperor
http://www.zhihu.com/people/cxcomi
http://www.zhihu.com/people/ban-ma
http://www.zhihu.com/people/hitbastank
http://www.zhihu.com/people/nanshannan
http://www.zhihu.com/people/everte
http://www.zhihu.com/people/williamw
http://www.zhihu.com/people/huangdawei
http://www.zhihu.com/people/treebeliever
http://www.zhihu.com/people/sophiazheng
http://www.zhihu.com/people/guxizhao
http://www.zhihu.com/people/seenzhao
http://www.zhihu.com/people/anyan
http://www.zhihu.com/people/forteen.lin
http://www.zhihu.com/people/ningwu
http://www.zhihu.com/people/ohmymedia
http://www.zhihu.com/people/tlxue
http://www.zhihu.com/people/ma-ke-14
http://www.zhihu.com/people/loujianwen
http://www.zhihu.com/people/rakka
http://www.zhihu.com/people/chjlu
http://www.zhihu.com/people/xin-xiao-xiang
http://www.zhihu.com/people/oyeoye
http://www.zhihu.com/people/udonmai
http://www.zhihu.com/people/zhu-hui-lai
http://www.zhihu.com/people/chandlersu
http://www.zhihu.com/people/funcman
http://www.zhihu.com/people/qilin90
http://www.zhihu.com/people/fa-jun
http://www.zhihu.com/people/flysoul
http://www.zhihu.com/people/liu-xing-ye
http://www.zhihu.com/people/yuan-erer
http://www.zhihu.com/people/tang-mi-54
http://www.zhihu.com/people/tiziana
http://www.zhihu.com/people/zxb888
http://www.zhihu.com/people/xie-wei-89
http://www.zhihu.com/people/xiao-mao
http://www.zhihu.com/people/wangjifeng
http://www.zhihu.com/people/beichen
http://www.zhihu.com/people/deanlee
http://www.zhihu.com/people/zhangyuantao
http://www.zhihu.com/people/li-da-47
http://www.zhihu.com/people/sonneblume
http://www.zhihu.com/people/shifu
http://www.zhihu.com/people/peixiaolei
http://www.zhihu.com/people/observer8
http://www.zhihu.com/people/cai-shu-xue-qian-yima-nong
http://www.zhihu.com/people/hudongyang
http://www.zhihu.com/people/niu-he-qing
http://www.zhihu.com/people/guo-bei
http://www.zhihu.com/people/mymiss
http://www.zhihu.com/people/KylinSoo
http://www.zhihu.com/people/hao-zhi-bing
http://www.zhihu.com/people/li-ying-zhen
http://www.zhihu.com/people/inext
http://www.zhihu.com/people/liujian
http://www.zhihu.com/people/guoq
http://www.zhihu.com/people/wu-yong-tian
http://www.zhihu.com/people/stevenhubin
http://www.zhihu.com/people/zhang-lin-zhi007
http://www.zhihu.com/people/eyhl
http://www.zhihu.com/people/xu-bao-hua
http://www.zhihu.com/people/zhao-fei-long
http://www.zhihu.com/people/luojuncch
http://www.zhihu.com/people/receo
http://www.zhihu.com/people/ya-tou-jun-r
http://www.zhihu.com/people/liqite
http://www.zhihu.com/people/biansutao
http://www.zhihu.com/people/mintfish101
http://www.zhihu.com/people/guo-zhu-99-96
http://www.zhihu.com/people/ruo-shui
http://www.zhihu.com/people/kingwing
http://www.zhihu.com/people/guo-yue
http://www.zhihu.com/people/doustars
http://www.zhihu.com/people/jjyu
http://www.zhihu.com/people/guo-zhao-liang
http://www.zhihu.com/people/davidqm
http://www.zhihu.com/people/ligong
http://www.zhihu.com/people/royeegg
http://www.zhihu.com/people/tianyug
http://www.zhihu.com/people/yi-fu-rui
http://www.zhihu.com/people/xing-hao-peng
http://www.zhihu.com/people/vagus
http://www.zhihu.com/people/YuuMin
http://www.zhihu.com/people/wangze
http://www.zhihu.com/people/argus
http://www.zhihu.com/people/gong-sun
http://www.zhihu.com/people/wkpars
http://www.zhihu.com/people/cranks
http://www.zhihu.com/people/moioi
http://www.zhihu.com/people/alizahmy
http://www.zhihu.com/people/nicky
http://www.zhihu.com/people/coldmisty
http://www.zhihu.com/people/alsharpay
http://www.zhihu.com/people/chenqiangpan
http://www.zhihu.com/people/spekol
http://www.zhihu.com/people/s0s0
http://www.zhihu.com/people/holys
http://www.zhihu.com/people/gao-shi-bo
http://www.zhihu.com/people/himavis
http://www.zhihu.com/people/mjl_zhihu
http://www.zhihu.com/people/luyi61
http://www.zhihu.com/people/hardball
http://www.zhihu.com/people/cranew
http://www.zhihu.com/people/song-jian-56
http://www.zhihu.com/people/gaochen
http://www.zhihu.com/people/liuuze
http://www.zhihu.com/people/chang-yu-ge
http://www.zhihu.com/people/vincent-deng
http://www.zhihu.com/people/ck4ever
http://www.zhihu.com/people/colorwill
http://www.zhihu.com/people/naituida
http://www.zhihu.com/people/memento-mori
http://www.zhihu.com/people/stonelau
http://www.zhihu.com/people/tonyhead
http://www.zhihu.com/people/mostlyharmful
http://www.zhihu.com/people/learn
http://www.zhihu.com/people/lao-bai-21
http://www.zhihu.com/people/jiuwanni
http://www.zhihu.com/people/bewho
http://www.zhihu.com/people/superwyh
http://www.zhihu.com/people/funthomas
http://www.zhihu.com/people/fu-er
http://www.zhihu.com/people/ding
http://www.zhihu.com/people/yuzhuoran
http://www.zhihu.com/people/Zoge
http://www.zhihu.com/people/caramelgrace
http://www.zhihu.com/people/wu-kong-47
http://www.zhihu.com/people/zhang-cheng-5
http://www.zhihu.com/people/zhi123
http://www.zhihu.com/people/tracycui
http://www.zhihu.com/people/steveren
http://www.zhihu.com/people/andi
http://www.zhihu.com/people/zhang-zong-yi-73
http://www.zhihu.com/people/gerrardyang
http://www.zhihu.com/people/guo-jian
http://www.zhihu.com/people/li-lu-83
http://www.zhihu.com/people/chenvii
http://www.zhihu.com/people/yiiran
http://www.zhihu.com/people/chenyun
http://www.zhihu.com/people/yx28
http://www.zhihu.com/people/jing-lei
http://www.zhihu.com/people/billhan
http://www.zhihu.com/people/irachex
http://www.zhihu.com/people/CMGS
http://www.zhihu.com/people/im007boy
http://www.zhihu.com/people/raindiao
http://www.zhihu.com/people/znicdust
http://www.zhihu.com/people/guo-yan-da
http://www.zhihu.com/people/su27
http://www.zhihu.com/people/wang-shou-kun
http://www.zhihu.com/people/jiang-bin
http://www.zhihu.com/people/loveisbug
http://www.zhihu.com/people/ni-quan
http://www.zhihu.com/people/frankcai
http://www.zhihu.com/people/ctlive
http://www.zhihu.com/people/nie-yan-19
http://www.zhihu.com/people/radon
http://www.zhihu.com/people/cao-ting-ting
http://www.zhihu.com/people/eva-11
http://www.zhihu.com/people/lu-lu-88
http://www.zhihu.com/people/xiao-bai-35
http://www.zhihu.com/people/a-du
http://www.zhihu.com/people/qixi
http://www.zhihu.com/people/birdman
http://www.zhihu.com/people/wentrue
http://www.zhihu.com/people/zhujingfa
http://www.zhihu.com/people/fanxiaojie
http://www.zhihu.com/people/eater
http://www.zhihu.com/people/lu-shi-si
http://www.zhihu.com/people/kejun
http://www.zhihu.com/people/baotong
http://www.zhihu.com/people/hooopo
http://www.zhihu.com/people/lu-qing
http://www.zhihu.com/people/zhiyu
http://www.zhihu.com/people/dzl61717003
http://www.zhihu.com/people/lifeng
http://www.zhihu.com/people/shunfeng
http://www.zhihu.com/people/xxd79
http://www.zhihu.com/people/dddpppbox
http://www.zhihu.com/people/zhuxiaoyan
http://www.zhihu.com/people/silegon
http://www.zhihu.com/people/poundlimbo
http://www.zhihu.com/people/ycflame
http://www.zhihu.com/people/jurtaxia
http://www.zhihu.com/people/veronica2865
http://www.zhihu.com/people/mvj3
http://www.zhihu.com/people/burado
http://www.zhihu.com/people/jayzhou
http://www.zhihu.com/people/ltang
http://www.zhihu.com/people/duyan
http://www.zhihu.com/people/herizhao
http://www.zhihu.com/people/biao-dai-san-ge
http://www.zhihu.com/people/lxtang
http://www.zhihu.com/people/yongxinge
http://www.zhihu.com/people/zhao-chen-xu
http://www.zhihu.com/people/orpheus
http://www.zhihu.com/people/wang-yuan-qi
http://www.zhihu.com/people/supporter
http://www.zhihu.com/people/neaton
http://www.zhihu.com/people/menghan
http://www.zhihu.com/people/TheChyi
http://www.zhihu.com/people/su7ao
http://www.zhihu.com/people/yaofur
http://www.zhihu.com/people/JeOam
http://www.zhihu.com/people/yudun1989
http://www.zhihu.com/people/liuya802
http://www.zhihu.com/people/chen-zhao
http://www.zhihu.com/people/li-bao-ming-53
http://www.zhihu.com/people/HaoranZhang
http://www.zhihu.com/people/a-river
http://www.zhihu.com/people/meck
http://www.zhihu.com/people/ququbucai
http://www.zhihu.com/people/xuzhihong
http://www.zhihu.com/people/curt_liu
http://www.zhihu.com/people/grep
http://www.zhihu.com/people/alplee
http://www.zhihu.com/people/shawiz
http://www.zhihu.com/people/ikbear
http://www.zhihu.com/people/freemem
http://www.zhihu.com/people/fu-quan-sheng
http://www.zhihu.com/people/hu-qian-qiu
http://www.zhihu.com/people/anxiaoyu
http://www.zhihu.com/people/guowenxin
http://www.zhihu.com/people/wangping
http://www.zhihu.com/people/houniao
http://www.zhihu.com/people/xiangge
http://www.zhihu.com/people/chong
http://www.zhihu.com/people/tang-chen
http://www.zhihu.com/people/liang
http://www.zhihu.com/people/phper
http://www.zhihu.com/people/wind
http://www.zhihu.com/people/lonson
http://www.zhihu.com/people/yaoxu
http://www.zhihu.com/people/hackdata
http://www.zhihu.com/people/pengbo
http://www.zhihu.com/people/alang
http://www.zhihu.com/people/dofine
http://www.zhihu.com/people/mo-mo-mo-da-nian
http://www.zhihu.com/people/zhoucl
http://www.zhihu.com/people/kings
http://www.zhihu.com/people/wang-shengjia
http://www.zhihu.com/people/xu-zhe-42
http://www.zhihu.com/people/miya
http://www.zhihu.com/people/gong-le-tian
http://www.zhihu.com/people/yinshanlan-97
http://www.zhihu.com/people/sunset
http://www.zhihu.com/people/san-pi
http://www.zhihu.com/people/pooyi
http://www.zhihu.com/people/jcccn
http://www.zhihu.com/people/CharlieWoodss
http://www.zhihu.com/people/jiyinyiyong
http://www.zhihu.com/people/frankzhang
http://www.zhihu.com/people/qiuchao
http://www.zhihu.com/people/su-fei
http://www.zhihu.com/people/keso
http://www.zhihu.com/people/liuyiding
http://www.zhihu.com/people/liu-wen-tao
http://www.zhihu.com/people/qichong
http://www.zhihu.com/people/abjkl
http://www.zhihu.com/people/subdragon
http://www.zhihu.com/people/alex
http://www.zhihu.com/people/roychou
http://www.zhihu.com/people/lele
http://www.zhihu.com/people/quiver
http://www.zhihu.com/people/hiwein
http://www.zhihu.com/people/fang-ming-zi
http://www.zhihu.com/people/xizhaoweiyang
http://www.zhihu.com/people/uitony
http://www.zhihu.com/people/du-mian-19
http://www.zhihu.com/people/woogw
http://www.zhihu.com/people/mountain
http://www.zhihu.com/people/fei-chang-bu-xiao-xin
http://www.zhihu.com/people/loon
http://www.zhihu.com/people/pillar
http://www.zhihu.com/people/notor
http://www.zhihu.com/people/shen2
http://www.zhihu.com/people/zhangdongying
http://www.zhihu.com/people/shenxiaolao
http://www.zhihu.com/people/dengqiang
http://www.zhihu.com/people/xulaifei
http://www.zhihu.com/people/naoyeye
http://www.zhihu.com/people/linchangqing
http://www.zhihu.com/people/li-kang
http://www.zhihu.com/people/gymitat
http://www.zhihu.com/people/qingfeng
http://www.zhihu.com/people/yin-han-89
http://www.zhihu.com/people/song.gao
http://www.zhihu.com/people/fuyou
http://www.zhihu.com/people/dongxiaowei
http://www.zhihu.com/people/smartweb
http://www.zhihu.com/people/douban
http://www.zhihu.com/people/naaxnn
http://www.zhihu.com/people/movie007wn
http://www.zhihu.com/people/blue
http://www.zhihu.com/people/bruce-dou
http://www.zhihu.com/people/cyberknight
http://www.zhihu.com/people/liumin
http://www.zhihu.com/people/ansonly
http://www.zhihu.com/people/granguo
http://www.zhihu.com/people/ourdearamy
http://www.zhihu.com/people/grace
http://www.zhihu.com/people/mcbuder
http://www.zhihu.com/people/xiaozhibo
http://www.zhihu.com/people/dongyi
http://www.zhihu.com/people/think
http://www.zhihu.com/people/wu-da
http://www.zhihu.com/people/captiveguy
http://www.zhihu.com/people/lubenyuan.com
http://www.zhihu.com/people/skyxqc
http://www.zhihu.com/people/fenng
http://www.zhihu.com/people/noyy
http://www.zhihu.com/people/pengyu
http://www.zhihu.com/people/yangbo
http://www.zhihu.com/people/changsheng
http://www.zhihu.com/people/zhangga
http://www.zhihu.com/people/cooerson
http://www.zhihu.com/people/whale
http://www.zhihu.com/people/shijun
http://www.zhihu.com/people/jixin
http://www.zhihu.com/people/shen
http://www.zhihu.com/people/suave
