http://www.zhihu.com/people/bits
http://www.zhihu.com/people/huo-shao-lin
http://www.zhihu.com/people/hong-yi
http://www.zhihu.com/people/caizhenghai
http://www.zhihu.com/people/vanni
http://www.zhihu.com/people/taptree
http://www.zhihu.com/people/Alan.Way
http://www.zhihu.com/people/peter-wu-99
http://www.zhihu.com/people/zihaolucky
http://www.zhihu.com/people/xuan-eason
http://www.zhihu.com/people/manymingge
http://www.zhihu.com/people/xu-chong-bo
http://www.zhihu.com/people/9tail
http://www.zhihu.com/people/zhong-bai-tu
http://www.zhihu.com/people/paxster
http://www.zhihu.com/people/geekplux
http://www.zhihu.com/people/tan-hao-92
http://www.zhihu.com/people/freeking
http://www.zhihu.com/people/jed-huo
http://www.zhihu.com/people/snowvivi
http://www.zhihu.com/people/ichenxiaodao
http://www.zhihu.com/people/yangscar
http://www.zhihu.com/people/gavin6liu
http://www.zhihu.com/people/itfanr
http://www.zhihu.com/people/weng-xiao-cong
http://www.zhihu.com/people/guan-zhi-xuan
http://www.zhihu.com/people/he-yi-zhao-16
http://www.zhihu.com/people/copypeng
http://www.zhihu.com/people/csgang
http://www.zhihu.com/people/xfight
http://www.zhihu.com/people/beingeggache
http://www.zhihu.com/people/zava
http://www.zhihu.com/people/qian-yu
http://www.zhihu.com/people/zhangwenliang
http://www.zhihu.com/people/likidu
http://www.zhihu.com/people/h2fu
http://www.zhihu.com/people/devqin
http://www.zhihu.com/people/nimoJs
http://www.zhihu.com/people/morlay
http://www.zhihu.com/people/wang-qiu-66-77
http://www.zhihu.com/people/gemwuu
http://www.zhihu.com/people/li-zhi-feng-20
http://www.zhihu.com/people/dai-ma-shi-ren-xiao-mao
http://www.zhihu.com/people/lu-xiang-89
http://www.zhihu.com/people/gowk
http://www.zhihu.com/people/fffsss
http://www.zhihu.com/people/shawnyu
http://www.zhihu.com/people/j1anb1n
http://www.zhihu.com/people/JAYXHJ
http://www.zhihu.com/people/gbspacing.com
http://www.zhihu.com/people/guo-chun-yang
http://www.zhihu.com/people/liu-qing-hui-66
http://www.zhihu.com/people/ngxiaoyi
http://www.zhihu.com/people/dmyang
http://www.zhihu.com/people/wang-yin-shu
http://www.zhihu.com/people/zheng-xin-92
http://www.zhihu.com/people/geng-xin-30
http://www.zhihu.com/people/waynewu
http://www.zhihu.com/people/gui-sheng-74
http://www.zhihu.com/people/majinyun0802
http://www.zhihu.com/people/watership
http://www.zhihu.com/people/ruienzhang
http://www.zhihu.com/people/ba-xiao-qi
http://www.zhihu.com/people/welcome58
http://www.zhihu.com/people/xia-shi-hua
http://www.zhihu.com/people/liu-xiao-fan
http://www.zhihu.com/people/fxw945
http://www.zhihu.com/people/francisfung
http://www.zhihu.com/people/lpgray
http://www.zhihu.com/people/hu-tao-88
http://www.zhihu.com/people/ikindle
http://www.zhihu.com/people/chen-zong-su
http://www.zhihu.com/people/laughingjacky
http://www.zhihu.com/people/shang-long
http://www.zhihu.com/people/xian-yong-kang
http://www.zhihu.com/people/Menonge
http://www.zhihu.com/people/g0thic
http://www.zhihu.com/people/gymitat
http://www.zhihu.com/people/lindad
http://www.zhihu.com/people/zongjie
http://www.zhihu.com/people/sam-59-90
http://www.zhihu.com/people/qiuer
http://www.zhihu.com/people/liu-long-48
http://www.zhihu.com/people/zhang-yi-fan-48
http://www.zhihu.com/people/pozey
http://www.zhihu.com/people/xiao-rang
http://www.zhihu.com/people/gao-feng-28-53
http://www.zhihu.com/people/un0s2
http://www.zhihu.com/people/loveisbug
http://www.zhihu.com/people/ahrenng
http://www.zhihu.com/people/wang-yun-17-17
http://www.zhihu.com/people/jun-heng
http://www.zhihu.com/people/joycexu
http://www.zhihu.com/people/loufq
http://www.zhihu.com/people/zhu-ge-5
http://www.zhihu.com/people/xu-bi-de-19
http://www.zhihu.com/people/aztack
http://www.zhihu.com/people/psjay
http://www.zhihu.com/people/xi-peng-fei
http://www.zhihu.com/people/zhou-yang-yang-93
http://www.zhihu.com/people/xu-yong-jia
http://www.zhihu.com/people/gejiajun
http://www.zhihu.com/people/elephi
http://www.zhihu.com/people/he-ji-chong
http://www.zhihu.com/people/fu-qiang-2
http://www.zhihu.com/people/qu-zhe-eric
http://www.zhihu.com/people/wangyg
http://www.zhihu.com/people/wang-jian-wen
http://www.zhihu.com/people/yang-si-ran
http://www.zhihu.com/people/clippit
http://www.zhihu.com/people/de-er-ba
http://www.zhihu.com/people/osweb
http://www.zhihu.com/people/bevis-4
http://www.zhihu.com/people/jalonwang
http://www.zhihu.com/people/pengtao-7
http://www.zhihu.com/people/ishenli
http://www.zhihu.com/people/debbbbie
http://www.zhihu.com/people/guannan
http://www.zhihu.com/people/arayzou
http://www.zhihu.com/people/wang-xiao-feng-73-62
http://www.zhihu.com/people/guo-yan-ming
http://www.zhihu.com/people/allen-ran
http://www.zhihu.com/people/hu-er-pang
http://www.zhihu.com/people/micate
http://www.zhihu.com/people/yang-yu-60
http://www.zhihu.com/people/chen-jin-gen
http://www.zhihu.com/people/bhuztez
http://www.zhihu.com/people/evenx86
http://www.zhihu.com/people/xuanfengge
http://www.zhihu.com/people/websec
http://www.zhihu.com/people/solo-29
http://www.zhihu.com/people/wei-sheng-79
http://www.zhihu.com/people/li-xiao-mu-45
http://www.zhihu.com/people/xiao-rong-19-38
http://www.zhihu.com/people/lian-cheng-76-92
http://www.zhihu.com/people/hanruis
http://www.zhihu.com/people/lgmcolin
http://www.zhihu.com/people/archieyang
http://www.zhihu.com/people/dz_s
http://www.zhihu.com/people/kession
http://www.zhihu.com/people/simplex
http://www.zhihu.com/people/ximingcheng
http://www.zhihu.com/people/910316
http://www.zhihu.com/people/niko
http://www.zhihu.com/people/leobron
http://www.zhihu.com/people/dombyangular
http://www.zhihu.com/people/xream
http://www.zhihu.com/people/chenruixuan
http://www.zhihu.com/people/tang-xiao-tang-49
http://www.zhihu.com/people/fajingt
http://www.zhihu.com/people/zhou-tao-31
http://www.zhihu.com/people/leunggamciu
http://www.zhihu.com/people/cnfuyu
http://www.zhihu.com/people/bitterg
http://www.zhihu.com/people/li-qing-31-5
http://www.zhihu.com/people/chen-zhi-qi
http://www.zhihu.com/people/mc-zone
http://www.zhihu.com/people/mu-tou-lbj
http://www.zhihu.com/people/suniven
http://www.zhihu.com/people/hu-zhan-jun
http://www.zhihu.com/people/huanggengtao
http://www.zhihu.com/people/wyck
http://www.zhihu.com/people/wellswong
http://www.zhihu.com/people/qi-xiao-qikennyqi
http://www.zhihu.com/people/be5invis
http://www.zhihu.com/people/chuguixin
http://www.zhihu.com/people/liang-yu-fan
http://www.zhihu.com/people/a-hun
http://www.zhihu.com/people/zhaoyiyun77
http://www.zhihu.com/people/f2er
http://www.zhihu.com/people/rongshen
http://www.zhihu.com/people/ethanchen
http://www.zhihu.com/people/xiang-zi-18
http://www.zhihu.com/people/Tom_Love_Jerry
http://www.zhihu.com/people/whitt
http://www.zhihu.com/people/richy-tang
http://www.zhihu.com/people/Ringo.T
http://www.zhihu.com/people/DaniloShan
http://www.zhihu.com/people/khowarizmi
http://www.zhihu.com/people/shevchenhe
http://www.zhihu.com/people/markpoor
http://www.zhihu.com/people/li-tao-9-89
http://www.zhihu.com/people/yang-jie-96-50
http://www.zhihu.com/people/cong-teng
http://www.zhihu.com/people/shenfei
http://www.zhihu.com/people/Samuel1112
http://www.zhihu.com/people/kenny
http://www.zhihu.com/people/jiang-lei-35-78
http://www.zhihu.com/people/liveme
http://www.zhihu.com/people/chinaxing
http://www.zhihu.com/people/lifesinger
http://www.zhihu.com/people/yangtianyin
http://www.zhihu.com/people/yan-hai-jing-82
http://www.zhihu.com/people/alswl
http://www.zhihu.com/people/feiwen8772
http://www.zhihu.com/people/qiu-wen-hao
http://www.zhihu.com/people/fanshuai
http://www.zhihu.com/people/yfeng1226
http://www.zhihu.com/people/yin-yue-61
http://www.zhihu.com/people/youed
http://www.zhihu.com/people/undozen
http://www.zhihu.com/people/fatpa
http://www.zhihu.com/people/cuicui777
http://www.zhihu.com/people/huang-jiang-zhou-85
http://www.zhihu.com/people/_prototype
http://www.zhihu.com/people/si-di
http://www.zhihu.com/people/xinhu
http://www.zhihu.com/people/luyoukaka
http://www.zhihu.com/people/zhao-lei-59-94
http://www.zhihu.com/people/zhang-qi-ming
http://www.zhihu.com/people/zjuhpp
http://www.zhihu.com/people/hit9
http://www.zhihu.com/people/lijia18
http://www.zhihu.com/people/chinatjnet
http://www.zhihu.com/people/giswei
http://www.zhihu.com/people/tcdona
http://www.zhihu.com/people/loseyear
http://www.zhihu.com/people/heyue
http://www.zhihu.com/people/xu-shi-fu
http://www.zhihu.com/people/liu-ke-bi-47
http://www.zhihu.com/people/wang-rui-qi-94
http://www.zhihu.com/people/NightKnight
http://www.zhihu.com/people/hua-jun-hao
http://www.zhihu.com/people/leon032
http://www.zhihu.com/people/mu-zhi-41
http://www.zhihu.com/people/huip
http://www.zhihu.com/people/hua-xiao-34
http://www.zhihu.com/people/shijn
http://www.zhihu.com/people/peng-fei-29
http://www.zhihu.com/people/suziewong
http://www.zhihu.com/people/lujunxi
http://www.zhihu.com/people/qing-feng-miao-kang
http://www.zhihu.com/people/lan-yue-er
http://www.zhihu.com/people/liu-yue-20
http://www.zhihu.com/people/llyhub
http://www.zhihu.com/people/malcolmyu
http://www.zhihu.com/people/deng-qiao
http://www.zhihu.com/people/youngbye
http://www.zhihu.com/people/moejser
http://www.zhihu.com/people/xiaosa
http://www.zhihu.com/people/liu-xiong-47
http://www.zhihu.com/people/wangtengchao
http://www.zhihu.com/people/fornane
http://www.zhihu.com/people/zhong-ye-zi-49
http://www.zhihu.com/people/moxi
http://www.zhihu.com/people/mozl
http://www.zhihu.com/people/wang-jun-18
http://www.zhihu.com/people/iLittleSheep
http://www.zhihu.com/people/niu-chang-50
http://www.zhihu.com/people/yetone
http://www.zhihu.com/people/blackpanther
http://www.zhihu.com/people/bitpirate
http://www.zhihu.com/people/qethan
http://www.zhihu.com/people/luo-tao-31
http://www.zhihu.com/people/yaofur
http://www.zhihu.com/people/CodeMonkey
http://www.zhihu.com/people/zhang-yu-81-7
http://www.zhihu.com/people/zelome
http://www.zhihu.com/people/Quieth
http://www.zhihu.com/people/lin-xiao-shu-83
http://www.zhihu.com/people/you-ren-yuan
http://www.zhihu.com/people/xianhuawei
http://www.zhihu.com/people/haiger-25
http://www.zhihu.com/people/chaoren1641
http://www.zhihu.com/people/luolei
http://www.zhihu.com/people/huxiaoyi
http://www.zhihu.com/people/ninofocus
http://www.zhihu.com/people/ryekee
http://www.zhihu.com/people/yangsen
http://www.zhihu.com/people/youe
http://www.zhihu.com/people/himmel
http://www.zhihu.com/people/S.M.L
http://www.zhihu.com/people/ferch
http://www.zhihu.com/people/javascript
http://www.zhihu.com/people/wang-chao-10-20
http://www.zhihu.com/people/mengdesen
http://www.zhihu.com/people/techoxygen
http://www.zhihu.com/people/fisch
http://www.zhihu.com/people/laibinqiang
http://www.zhihu.com/people/Little_White
http://www.zhihu.com/people/spiro
http://www.zhihu.com/people/linsiqing
http://www.zhihu.com/people/chen-xi-1
http://www.zhihu.com/people/-hex-
http://www.zhihu.com/people/gino
http://www.zhihu.com/people/lin-jun-77
http://www.zhihu.com/people/sunorry
http://www.zhihu.com/people/apanda
http://www.zhihu.com/people/natsujiang
http://www.zhihu.com/people/holys
http://www.zhihu.com/people/he-wan-li
http://www.zhihu.com/people/RichardZhang
http://www.zhihu.com/people/evantre
http://www.zhihu.com/people/wang-wei-xiong
http://www.zhihu.com/people/ying-gai-shi-velkan
http://www.zhihu.com/people/zhang-shi-hua-25
http://www.zhihu.com/people/yimity
http://www.zhihu.com/people/thewei
http://www.zhihu.com/people/leslie-31
http://www.zhihu.com/people/xu-jun-22-34
http://www.zhihu.com/people/lifengdmu
http://www.zhihu.com/people/vizhen-tan
http://www.zhihu.com/people/sun-guang-sheng
http://www.zhihu.com/people/taotao
http://www.zhihu.com/people/ijony
http://www.zhihu.com/people/maplejan
http://www.zhihu.com/people/yu-yang-7-99
http://www.zhihu.com/people/lanstonpeng
http://www.zhihu.com/people/____
http://www.zhihu.com/people/ekousp
http://www.zhihu.com/people/jianfeihit
http://www.zhihu.com/people/wang-xun-91
http://www.zhihu.com/people/zhu-xiao-wu-77
http://www.zhihu.com/people/zhufengxiang
http://www.zhihu.com/people/yueyao
http://www.zhihu.com/people/zhang-xiao-bei-82
http://www.zhihu.com/people/qleelulu
http://www.zhihu.com/people/liuyong25
http://www.zhihu.com/people/bai-kai-26
http://www.zhihu.com/people/qingliuyu
http://www.zhihu.com/people/cun-zhi
http://www.zhihu.com/people/he-shi-jun
http://www.zhihu.com/people/dafang
http://www.zhihu.com/people/yangjiansky
http://www.zhihu.com/people/alang
http://www.zhihu.com/people/zhang-jian-fei
http://www.zhihu.com/people/zhangbin
http://www.zhihu.com/people/douzifly
http://www.zhihu.com/people/ge-li-hai
http://www.zhihu.com/people/wang-bi-bo
http://www.zhihu.com/people/fantasy_shao
http://www.zhihu.com/people/mo-kao-wen
http://www.zhihu.com/people/deng-wei-80
http://www.zhihu.com/people/angelia-55
http://www.zhihu.com/people/ceng-xiao-hui
http://www.zhihu.com/people/ling-xing-32-20
http://www.zhihu.com/people/jackie-cheng
http://www.zhihu.com/people/funnyfan
http://www.zhihu.com/people/inaugust
http://www.zhihu.com/people/lzfei1124
http://www.zhihu.com/people/zhou-fan-26
http://www.zhihu.com/people/tan-dong-yang
http://www.zhihu.com/people/chen-huan-xin
http://www.zhihu.com/people/tangguohe.zhihu.com
http://www.zhihu.com/people/zhujiahui
http://www.zhihu.com/people/deng-chen-hua
http://www.zhihu.com/people/acetylcholine
http://www.zhihu.com/people/sunmage
http://www.zhihu.com/people/jixiang
http://www.zhihu.com/people/junlele
http://www.zhihu.com/people/loo2k
http://www.zhihu.com/people/TrusBe
http://www.zhihu.com/people/csen
http://www.zhihu.com/people/ofshellohicy
http://www.zhihu.com/people/lqqbit
http://www.zhihu.com/people/xydudu
http://www.zhihu.com/people/cai-hao-60
http://www.zhihu.com/people/icysoul
http://www.zhihu.com/people/yshone
http://www.zhihu.com/people/shan-lu
http://www.zhihu.com/people/dickeylth
http://www.zhihu.com/people/yangjialan
http://www.zhihu.com/people/airyland
http://www.zhihu.com/people/li-dian
http://www.zhihu.com/people/neekey
http://www.zhihu.com/people/ysbl
http://www.zhihu.com/people/AlphaTr
http://www.zhihu.com/people/bengle
http://www.zhihu.com/people/yaokaige
http://www.zhihu.com/people/wlsy
http://www.zhihu.com/people/kerry95
http://www.zhihu.com/people/_2_d_
http://www.zhihu.com/people/imk2
http://www.zhihu.com/people/freestyle21.cn
http://www.zhihu.com/people/mengmomo
http://www.zhihu.com/people/chen-jia-nan
http://www.zhihu.com/people/kxxoling
http://www.zhihu.com/people/mapleiny
http://www.zhihu.com/people/alsotang
http://www.zhihu.com/people/haipeng
http://www.zhihu.com/people/tai-guang-hui
http://www.zhihu.com/people/jin-yang-83
http://www.zhihu.com/people/yahier
http://www.zhihu.com/people/xsnail
http://www.zhihu.com/people/franks
http://www.zhihu.com/people/chenxc
http://www.zhihu.com/people/anho
http://www.zhihu.com/people/xuxun
http://www.zhihu.com/people/gui-meng-yuan
http://www.zhihu.com/people/zhang-yong-74
http://www.zhihu.com/people/xian366
http://www.zhihu.com/people/binnng
http://www.zhihu.com/people/chanext
http://www.zhihu.com/people/xia-xia-moe
http://www.zhihu.com/people/chen-qian-41
http://www.zhihu.com/people/fairy-37
http://www.zhihu.com/people/wang-hao-ran-55
http://www.zhihu.com/people/linkgod
http://www.zhihu.com/people/jiang-tian-yi
http://www.zhihu.com/people/tobeyouth
http://www.zhihu.com/people/forsigner
http://www.zhihu.com/people/justineo
http://www.zhihu.com/people/tomsheep
http://www.zhihu.com/people/darion.yaphet
http://www.zhihu.com/people/deng-xin-xin
http://www.zhihu.com/people/guan-bo
http://www.zhihu.com/people/netsos
http://www.zhihu.com/people/liuyuchao
http://www.zhihu.com/people/miser
http://www.zhihu.com/people/jokerqyou
http://www.zhihu.com/people/hu-ming-fu
http://www.zhihu.com/people/zipeng
http://www.zhihu.com/people/zhang-you-quan
http://www.zhihu.com/people/hu-jian-ming-13
http://www.zhihu.com/people/gotham
http://www.zhihu.com/people/tapir
http://www.zhihu.com/people/shawnxiao
http://www.zhihu.com/people/zaiyiqi
http://www.zhihu.com/people/sagasw
http://www.zhihu.com/people/yangmls
http://www.zhihu.com/people/toobug
http://www.zhihu.com/people/filod
http://www.zhihu.com/people/cangzhang
http://www.zhihu.com/people/whiletrue
http://www.zhihu.com/people/smallni
http://www.zhihu.com/people/afc163
http://www.zhihu.com/people/de-lu-zhen
http://www.zhihu.com/people/liuchao
http://www.zhihu.com/people/anyan
http://www.zhihu.com/people/maxiao
http://www.zhihu.com/people/rrandom
http://www.zhihu.com/people/cssmagic
http://www.zhihu.com/people/momoirourou
http://www.zhihu.com/people/xiao-chao
http://www.zhihu.com/people/changyang
http://www.zhihu.com/people/saighost
http://www.zhihu.com/people/keepmovingzxw
http://www.zhihu.com/people/jiyinyiyong
http://www.zhihu.com/people/chen-xiao-tu-66
http://www.zhihu.com/people/neaton
http://www.zhihu.com/people/wangping
http://www.zhihu.com/people/hu-qian-qiu
http://www.zhihu.com/people/zhou-ying-57
http://www.zhihu.com/people/hackdata
http://www.zhihu.com/people/chong
http://www.zhihu.com/people/shangfei
http://www.zhihu.com/people/tang-chen
http://www.zhihu.com/people/wind
http://www.zhihu.com/people/hiro
http://www.zhihu.com/people/frankzhang
http://www.zhihu.com/people/liyingjun
http://www.zhihu.com/people/quiver
http://www.zhihu.com/people/zhangga
http://www.zhihu.com/people/fiveroc
