http://www.zhihu.com/people/ma-li-lian-67
http://www.zhihu.com/people/glegoo
http://www.zhihu.com/people/liang-xue-ying-42
http://www.zhihu.com/people/dreammaker-11
http://www.zhihu.com/people/littlesenke
http://www.zhihu.com/people/john-ma-83
http://www.zhihu.com/people/ted-lee-70
http://www.zhihu.com/people/madao-32
http://www.zhihu.com/people/michael-4
http://www.zhihu.com/people/linn-18
http://www.zhihu.com/people/zhang-bin-90-88
http://www.zhihu.com/people/xing-gu-yue-ya
http://www.zhihu.com/people/chen-fang-qiang
http://www.zhihu.com/people/gretel27
http://www.zhihu.com/people/leoh
http://www.zhihu.com/people/yuan-kai-96
http://www.zhihu.com/people/jiang-bin-liang
http://www.zhihu.com/people/diao-nai-weng
http://www.zhihu.com/people/cccesar
http://www.zhihu.com/people/siton
http://www.zhihu.com/people/hzsfl
http://www.zhihu.com/people/gong-zheng-xuan
http://www.zhihu.com/people/klark
http://www.zhihu.com/people/chen-ming-gui
http://www.zhihu.com/people/feng-qi-72
http://www.zhihu.com/people/tang-sai-zhi
http://www.zhihu.com/people/liu-a-a-74-20
http://www.zhihu.com/people/seabert
http://www.zhihu.com/people/li-yong-hua-69
http://www.zhihu.com/people/xin-yan-22
http://www.zhihu.com/people/liu-zhe-44
http://www.zhihu.com/people/liu-xian-fei
http://www.zhihu.com/people/chun-feng
http://www.zhihu.com/people/yongshixiaomao
http://www.zhihu.com/people/zhu-bo-11
http://www.zhihu.com/people/xi-er-luo
http://www.zhihu.com/people/calvinwong-52
http://www.zhihu.com/people/liu-wei-lin-56
http://www.zhihu.com/people/bi-jia-cheng-40
http://www.zhihu.com/people/violetshao
http://www.zhihu.com/people/luna-la-11
http://www.zhihu.com/people/Gwendolyn09
http://www.zhihu.com/people/shady-slim-41
http://www.zhihu.com/people/qiang-xiao-wei
http://www.zhihu.com/people/wennyyuan
http://www.zhihu.com/people/fei-xiang-de-joe-8
http://www.zhihu.com/people/wenhaoqi
http://www.zhihu.com/people/chen-ming-xuan-23
http://www.zhihu.com/people/shen-chang-wei
http://www.zhihu.com/people/pingoflove
http://www.zhihu.com/people/de-chuan-liang
http://www.zhihu.com/people/tang-jian-sen
http://www.zhihu.com/people/ding-guo-min
http://www.zhihu.com/people/aspirinfox
http://www.zhihu.com/people/yu-bo-64-23
http://www.zhihu.com/people/zai-yi-luo
http://www.zhihu.com/people/answer4
http://www.zhihu.com/people/chen-jun-yang
http://www.zhihu.com/people/FantasticCathy
http://www.zhihu.com/people/mao-momo
http://www.zhihu.com/people/tc-liang-66
http://www.zhihu.com/people/xu-zhou-32-54
http://www.zhihu.com/people/zhang-ting-24-31
http://www.zhihu.com/people/qiao-mo-er-44
http://www.zhihu.com/people/bryan-wang-48
http://www.zhihu.com/people/turanjian
http://www.zhihu.com/people/benjaminwang
http://www.zhihu.com/people/up-up-75
http://www.zhihu.com/people/peng-sheng
http://www.zhihu.com/people/wang-yipao
http://www.zhihu.com/people/luo-na-er-duo-85
http://www.zhihu.com/people/ahwing
http://www.zhihu.com/people/wan-zi-jun-54
http://www.zhihu.com/people/yang-xun-62
http://www.zhihu.com/people/dong-mo-70
http://www.zhihu.com/people/tong-off
http://www.zhihu.com/people/chen-qing-jun
http://www.zhihu.com/people/xie-ran-88-74
http://www.zhihu.com/people/eric-song-82
http://www.zhihu.com/people/zhao-xiao-tong-80
http://www.zhihu.com/people/zhou-gan
http://www.zhihu.com/people/zhou-zhou-41
http://www.zhihu.com/people/MichaelL
http://www.zhihu.com/people/pie-wei
http://www.zhihu.com/people/jessie-chia-34
http://www.zhihu.com/people/imlaputa
http://www.zhihu.com/people/kong-ling-xiao-qiao
http://www.zhihu.com/people/luke-lee-cn
http://www.zhihu.com/people/lai-zhu-43
http://www.zhihu.com/people/li-bu-gou
http://www.zhihu.com/people/zipman
http://www.zhihu.com/people/he-zhong-yu-87
http://www.zhihu.com/people/fda-bao
http://www.zhihu.com/people/edmond-43
http://www.zhihu.com/people/lian-tea
http://www.zhihu.com/people/jiang-felipe
http://www.zhihu.com/people/harpfield
http://www.zhihu.com/people/mo-fan-7-4
http://www.zhihu.com/people/luoxiaoju
http://www.zhihu.com/people/liu-hao-79-24
http://www.zhihu.com/people/li-gou-hai-12-23
http://www.zhihu.com/people/eric-liu-55
http://www.zhihu.com/people/helaoshi
http://www.zhihu.com/people/liu-feng-nian
http://www.zhihu.com/people/cc-li-94
http://www.zhihu.com/people/jerryqi-liang
http://www.zhihu.com/people/zhuang-xiao-meng
http://www.zhihu.com/people/aaronsu
http://www.zhihu.com/people/e-mo-de-nai-ba
http://www.zhihu.com/people/xie-zhi-yun
http://www.zhihu.com/people/wang-yiding-28
http://www.zhihu.com/people/niu-niu-6-1
http://www.zhihu.com/people/xu-chuan-zhou
http://www.zhihu.com/people/zhong-sheng-41
http://www.zhihu.com/people/li-hong-yang-99
http://www.zhihu.com/people/chou-joe
http://www.zhihu.com/people/kashinging
http://www.zhihu.com/people/cheng-mo-53
http://www.zhihu.com/people/wang_yibo
http://www.zhihu.com/people/niu-ben-18
http://www.zhihu.com/people/luo-jun-jie-65
http://www.zhihu.com/people/wu-xie-45
http://www.zhihu.com/people/tang-xiao-45
http://www.zhihu.com/people/crazypig
http://www.zhihu.com/people/shen-shi-ran
http://www.zhihu.com/people/h-c-l
http://www.zhihu.com/people/tao-wen
http://www.zhihu.com/people/wa-ni
http://www.zhihu.com/people/li-xu-chu-85
http://www.zhihu.com/people/dan-wang-69
http://www.zhihu.com/people/kuang-kuang-15
http://www.zhihu.com/people/zheng-da-qian-30
http://www.zhihu.com/people/sun-qi-31
http://www.zhihu.com/people/manpak
http://www.zhihu.com/people/heatonless
http://www.zhihu.com/people/bai-yuan-yuan-73
http://www.zhihu.com/people/briser
http://www.zhihu.com/people/yang-zong-yuan-20
http://www.zhihu.com/people/lin-chu-huan
http://www.zhihu.com/people/yu-pa-pa-71
http://www.zhihu.com/people/huang-guo-qing-60
http://www.zhihu.com/people/tommyan
http://www.zhihu.com/people/guo-xun-16
http://www.zhihu.com/people/xudekai
http://www.zhihu.com/people/tian-nan-gua
http://www.zhihu.com/people/freedomwyb
http://www.zhihu.com/people/xulaohan
http://www.zhihu.com/people/shevchenko-57
http://www.zhihu.com/people/li-chang-35
http://www.zhihu.com/people/pan-chen-xi
http://www.zhihu.com/people/coldlife
http://www.zhihu.com/people/pirlo
http://www.zhihu.com/people/deeppacket
http://www.zhihu.com/people/deng-kang-er
http://www.zhihu.com/people/yangyue
http://www.zhihu.com/people/liu-bo-93-08
http://www.zhihu.com/people/guo-zi-1
http://www.zhihu.com/people/moghulis
http://www.zhihu.com/people/wang-zhen-ya-94
http://www.zhihu.com/people/y-peng
http://www.zhihu.com/people/islyan
http://www.zhihu.com/people/jun-hua
http://www.zhihu.com/people/gu-qing-90
http://www.zhihu.com/people/mi-mao-73
http://www.zhihu.com/people/yz-yang-69
http://www.zhihu.com/people/luo-da-shao-73
http://www.zhihu.com/people/jiang-yuan-bo-81
http://www.zhihu.com/people/xi-zao-18
http://www.zhihu.com/people/ma-lei
http://www.zhihu.com/people/wherekevin
http://www.zhihu.com/people/siwenxiaojie
http://www.zhihu.com/people/wang-yao-66
http://www.zhihu.com/people/xinwangzai
http://www.zhihu.com/people/foreverkop
http://www.zhihu.com/people/hu-xiao-min-79
http://www.zhihu.com/people/scofield-he
http://www.zhihu.com/people/zhan-zhan-31
http://www.zhihu.com/people/qiu-hong-sen
http://www.zhihu.com/people/tang-xiong-fei
http://www.zhihu.com/people/strike-18
http://www.zhihu.com/people/lai-jun-long
http://www.zhihu.com/people/shao-xiong-64
http://www.zhihu.com/people/cao-yi-an
http://www.zhihu.com/people/mario1990
http://www.zhihu.com/people/ji-zhi-81
http://www.zhihu.com/people/di-liu-xian
http://www.zhihu.com/people/zhang-jing-lin
http://www.zhihu.com/people/fan-jia-rui
http://www.zhihu.com/people/yang-yi-ling-6
http://www.zhihu.com/people/wang-gang-59-53
http://www.zhihu.com/people/leocc
http://www.zhihu.com/people/siqiwang
http://www.zhihu.com/people/cao-qiu-shan
http://www.zhihu.com/people/zhang-dong-34
http://www.zhihu.com/people/ding-yu-zhe-56
http://www.zhihu.com/people/li-ke-di
http://www.zhihu.com/people/hu-ru-ting
http://www.zhihu.com/people/wang-chang-wei-83
http://www.zhihu.com/people/he-huai-huai-yu
http://www.zhihu.com/people/ruan-zhong-er
http://www.zhihu.com/people/kingstontso
http://www.zhihu.com/people/wang-xiang-ru-21
http://www.zhihu.com/people/yu-hong-hong
http://www.zhihu.com/people/tracy-36-57
http://www.zhihu.com/people/secrain
http://www.zhihu.com/people/guo-yiwei
http://www.zhihu.com/people/BingnanW
http://www.zhihu.com/people/bi-hua-shao-nian-82
http://www.zhihu.com/people/xia-mo-17-92
http://www.zhihu.com/people/wang-yuan-feng-52
http://www.zhihu.com/people/qiu-xiao-zi
http://www.zhihu.com/people/du-xiao-mu-65
http://www.zhihu.com/people/wang-jia-kan
http://www.zhihu.com/people/wang-xin-1-35
http://www.zhihu.com/people/zhong-xiang-89
http://www.zhihu.com/people/echo-40-22
http://www.zhihu.com/people/jou_cheon
http://www.zhihu.com/people/hua-xian-sen
http://www.zhihu.com/people/pukkaa
http://www.zhihu.com/people/jason-ding-28
http://www.zhihu.com/people/yin-tian-22
http://www.zhihu.com/people/guo-lian-kai
http://www.zhihu.com/people/tong-ming-hui
http://www.zhihu.com/people/sun-xi-fan
http://www.zhihu.com/people/zhao-da-pao-42
http://www.zhihu.com/people/explorar
http://www.zhihu.com/people/chu-tian-ge
http://www.zhihu.com/people/shi-bo-qing
http://www.zhihu.com/people/xu-xiao-yu-51
http://www.zhihu.com/people/acosta
http://www.zhihu.com/people/yang-xin-53
http://www.zhihu.com/people/Ocean1991
http://www.zhihu.com/people/lich
http://www.zhihu.com/people/lu-chen-shuang
http://www.zhihu.com/people/luo-chen-55
http://www.zhihu.com/people/lai-xiao-ming
http://www.zhihu.com/people/ou-yang-feng
http://www.zhihu.com/people/dennywww
http://www.zhihu.com/people/deng-kun-86
http://www.zhihu.com/people/wangpengyu
http://www.zhihu.com/people/lu-shuang-1993
http://www.zhihu.com/people/ling-yun-65
http://www.zhihu.com/people/tao-lin-27-63
http://www.zhihu.com/people/qian-qian-jun-zi-81
http://www.zhihu.com/people/ji-pang
http://www.zhihu.com/people/ceng-hao-86-28
http://www.zhihu.com/people/liu-xiao-yang-86
http://www.zhihu.com/people/wangorm
http://www.zhihu.com/people/mai-pian-kuang-mo
http://www.zhihu.com/people/henry-36
http://www.zhihu.com/people/justin-ma
http://www.zhihu.com/people/li-du-54-94
http://www.zhihu.com/people/mo-zhi-lin
http://www.zhihu.com/people/yu-ren-11
http://www.zhihu.com/people/xiao-xiang-viola
http://www.zhihu.com/people/li-mie-mie-16
http://www.zhihu.com/people/hzhowie
http://www.zhihu.com/people/zhang-wei-biao
http://www.zhihu.com/people/franardo-huang
http://www.zhihu.com/people/wang-qiu-shi-76
http://www.zhihu.com/people/joe
http://www.zhihu.com/people/lzr-mammon
http://www.zhihu.com/people/rou-bo-ding-41
http://www.zhihu.com/people/smallbird
http://www.zhihu.com/people/sun-yan-42-90
http://www.zhihu.com/people/luxiaotong
http://www.zhihu.com/people/zetan-zzu
http://www.zhihu.com/people/ji-ying-ze
http://www.zhihu.com/people/wang-jian-34
http://www.zhihu.com/people/wang-xin-qiao
http://www.zhihu.com/people/bai-cai-58-98
http://www.zhihu.com/people/cong-xue
http://www.zhihu.com/people/weisiren
http://www.zhihu.com/people/da-xiong-33-5
http://www.zhihu.com/people/hou-ye-60
http://www.zhihu.com/people/jamesky907
http://www.zhihu.com/people/songyouwei
http://www.zhihu.com/people/lu-jin-rong-54
http://www.zhihu.com/people/haijiaxuan
http://www.zhihu.com/people/ming-yu-54
http://www.zhihu.com/people/chen-sang-zi
http://www.zhihu.com/people/milkjun
http://www.zhihu.com/people/neil-35-70
http://www.zhihu.com/people/jeridge
http://www.zhihu.com/people/zheng-hao-74-37
http://www.zhihu.com/people/sediment-chen
http://www.zhihu.com/people/ma-sheng-zhi
http://www.zhihu.com/people/liu-bo-wen-94
http://www.zhihu.com/people/chen-li-hui-36
http://www.zhihu.com/people/yu-shao-yuan
http://www.zhihu.com/people/xu-yuan-54
http://www.zhihu.com/people/wittmann
http://www.zhihu.com/people/li-da-shu-12
http://www.zhihu.com/people/bei-er-si
http://www.zhihu.com/people/naso-pan
http://www.zhihu.com/people/toylori
http://www.zhihu.com/people/wen-kun-guo
http://www.zhihu.com/people/chen-jia-lin-68
http://www.zhihu.com/people/ge-jia-hui
http://www.zhihu.com/people/cao-mao-ta-ge
http://www.zhihu.com/people/mu-xin-13
http://www.zhihu.com/people/shFung_dee
http://www.zhihu.com/people/zhang-yu-nie-68
http://www.zhihu.com/people/qixia
http://www.zhihu.com/people/leen
http://www.zhihu.com/people/gazhi-liu
http://www.zhihu.com/people/xiong-shen-chu
http://www.zhihu.com/people/tao-tony-47
http://www.zhihu.com/people/chen-chen-41-83
http://www.zhihu.com/people/xia-zhen-46
http://www.zhihu.com/people/zeyangl
http://www.zhihu.com/people/jiang-ke-ke-57
http://www.zhihu.com/people/li-yao-yao-3-33
http://www.zhihu.com/people/yueyao
http://www.zhihu.com/people/G-dragon
http://www.zhihu.com/people/han-jing-79
http://www.zhihu.com/people/mtoc
http://www.zhihu.com/people/joeyy
http://www.zhihu.com/people/li-zheng-5-12
http://www.zhihu.com/people/xiao-ye-yi-zhi
http://www.zhihu.com/people/su-ma-li-31
http://www.zhihu.com/people/xupeng1988
http://www.zhihu.com/people/yyxyx263
http://www.zhihu.com/people/GentleOrange
http://www.zhihu.com/people/gao-gao-72
http://www.zhihu.com/people/e-dai-er
http://www.zhihu.com/people/li-an-hong-59
http://www.zhihu.com/people/sellsoda
http://www.zhihu.com/people/derr-78
http://www.zhihu.com/people/tang-bo-10
http://www.zhihu.com/people/wan-pu
http://www.zhihu.com/people/xiaominzoo
http://www.zhihu.com/people/sun-xi-yu-59
http://www.zhihu.com/people/liu-hong-zuo
http://www.zhihu.com/people/guohuanhuan
http://www.zhihu.com/people/wei-xin-fan-64
http://www.zhihu.com/people/zhao-qi-wei
http://www.zhihu.com/people/chamouren
http://www.zhihu.com/people/tangYY
http://www.zhihu.com/people/liupeilin
http://www.zhihu.com/people/fu-wen-pei
http://www.zhihu.com/people/kong-jiu-ping
http://www.zhihu.com/people/leooodu
http://www.zhihu.com/people/chinaxing
http://www.zhihu.com/people/wawalala
http://www.zhihu.com/people/li-tripp
http://www.zhihu.com/people/chang-xing-89
http://www.zhihu.com/people/yi-chui-wu-yue
http://www.zhihu.com/people/xStars
http://www.zhihu.com/people/tang-jing-yu-24
http://www.zhihu.com/people/chen-si-rong
http://www.zhihu.com/people/ren-er-cheng
http://www.zhihu.com/people/zhi-ruo-yu-88
http://www.zhihu.com/people/juelu
http://www.zhihu.com/people/Chorusist
http://www.zhihu.com/people/li-guo-hao-91
http://www.zhihu.com/people/liu-yi-65-90
http://www.zhihu.com/people/deng-ting-liang
http://www.zhihu.com/people/jin-ke-42
http://www.zhihu.com/people/tosou
http://www.zhihu.com/people/wbdun
http://www.zhihu.com/people/lu-dan-5
http://www.zhihu.com/people/nan-qiang-20
http://www.zhihu.com/people/huang-zi-yao
http://www.zhihu.com/people/liu-cheng-han
http://www.zhihu.com/people/gu-jia-5
http://www.zhihu.com/people/houner
http://www.zhihu.com/people/li-jin-peng-50
http://www.zhihu.com/people/qi-huan-jia
http://www.zhihu.com/people/wu-hua-ma-8
http://www.zhihu.com/people/huang-ye-mei-gui
http://www.zhihu.com/people/willow1214
http://www.zhihu.com/people/po-xiao-19
http://www.zhihu.com/people/wan-ming-wei
http://www.zhihu.com/people/bo-wen-49
http://www.zhihu.com/people/zuimai
http://www.zhihu.com/people/absolutelynull
http://www.zhihu.com/people/_zhao_xu_
http://www.zhihu.com/people/li-ya-jing-83
http://www.zhihu.com/people/yi-you-16
http://www.zhihu.com/people/xingtao-shen
http://www.zhihu.com/people/xuan-xuan-12-43
http://www.zhihu.com/people/joe-joe-84
http://www.zhihu.com/people/weijijiyu
http://www.zhihu.com/people/liu-da-chun-68
http://www.zhihu.com/people/dai-xiao-lan
http://www.zhihu.com/people/xiao-feng-zhang
http://www.zhihu.com/people/yang-kai-55
http://www.zhihu.com/people/hansun-lam
http://www.zhihu.com/people/su-de-7
http://www.zhihu.com/people/wu-wei-99-42
http://www.zhihu.com/people/alex-huang-9
http://www.zhihu.com/people/zexiancui
http://www.zhihu.com/people/bai-yan-lang
http://www.zhihu.com/people/zhu-feng-zhe
http://www.zhihu.com/people/wang-le-1
http://www.zhihu.com/people/naruming
http://www.zhihu.com/people/zhou-quan-18
http://www.zhihu.com/people/liu-peng-38-70
http://www.zhihu.com/people/susanlee
http://www.zhihu.com/people/dai-xiao-xi-70
http://www.zhihu.com/people/zhou-xiao-jing-69
http://www.zhihu.com/people/wang-pin-86
http://www.zhihu.com/people/bajie8
http://www.zhihu.com/people/myqqhero
http://www.zhihu.com/people/wonderway
http://www.zhihu.com/people/tang-tang-jiang
http://www.zhihu.com/people/bevan_niu
http://www.zhihu.com/people/lu-peng-wen-5
http://www.zhihu.com/people/szy095
http://www.zhihu.com/people/dai-chen-long-31
http://www.zhihu.com/people/jorisyuan
http://www.zhihu.com/people/lu-pi-xiong
http://www.zhihu.com/people/xu-zhu-80
http://www.zhihu.com/people/jiang-shu-shu-36
http://www.zhihu.com/people/jun-shao-55
http://www.zhihu.com/people/jun-yi-14
http://www.zhihu.com/people/zhang-ying-da-88
http://www.zhihu.com/people/li-zi-37-34
http://www.zhihu.com/people/xiao-ke-45-30
http://www.zhihu.com/people/gao-yan-zi-lu
http://www.zhihu.com/people/ou-sang-3
http://www.zhihu.com/people/novae
http://www.zhihu.com/people/li-chun-you
http://www.zhihu.com/people/xiaoker
http://www.zhihu.com/people/fan-rui-xi
http://www.zhihu.com/people/tvvocold
http://www.zhihu.com/people/lining777
http://www.zhihu.com/people/su-mou-chen
http://www.zhihu.com/people/gong-qin-kun
http://www.zhihu.com/people/chen-tai-nao
http://www.zhihu.com/people/wypanda
http://www.zhihu.com/people/xia-jia-jun
http://www.zhihu.com/people/john-28
http://www.zhihu.com/people/jacky-jacky-82
http://www.zhihu.com/people/da-terry
http://www.zhihu.com/people/lobo-73
http://www.zhihu.com/people/sun-chen-1116
http://www.zhihu.com/people/feng-xin-zi-30
http://www.zhihu.com/people/yan-hong-bin
http://www.zhihu.com/people/xu-hui-5
http://www.zhihu.com/people/angelwang
http://www.zhihu.com/people/cui-yang-15
http://www.zhihu.com/people/lina22222
http://www.zhihu.com/people/eyonfresh
http://www.zhihu.com/people/chen-hong-yu-97
http://www.zhihu.com/people/solemn
http://www.zhihu.com/people/mi-su-10
http://www.zhihu.com/people/a-miao-59
http://www.zhihu.com/people/jiahui-wang
http://www.zhihu.com/people/li-yang-16-82-73
http://www.zhihu.com/people/kuangzhou
http://www.zhihu.com/people/zheng-yuan-shan
http://www.zhihu.com/people/sun-xiao-fan-30
http://www.zhihu.com/people/Kevin19931015
http://www.zhihu.com/people/manx2
http://www.zhihu.com/people/heijiajia
http://www.zhihu.com/people/dong-su-hao
http://www.zhihu.com/people/tian-su-jun
http://www.zhihu.com/people/liu-sha-22
http://www.zhihu.com/people/judging-woo
http://www.zhihu.com/people/ccat
http://www.zhihu.com/people/chen-yi-ying-27
http://www.zhihu.com/people/jiang-tao-84
http://www.zhihu.com/people/cai-jia-xiong-72
http://www.zhihu.com/people/song-cai
http://www.zhihu.com/people/kevin-lee-11
http://www.zhihu.com/people/guang-tou-zhang
http://www.zhihu.com/people/zhu-yan-zhen-14
http://www.zhihu.com/people/yu-ting
http://www.zhihu.com/people/xu-wen-liang-83
http://www.zhihu.com/people/gao-yao-23
http://www.zhihu.com/people/zhang-wen-xi-24
http://www.zhihu.com/people/davew
http://www.zhihu.com/people/za-shi
http://www.zhihu.com/people/peng-yi-dou
http://www.zhihu.com/people/rivila
http://www.zhihu.com/people/a-ze-23
http://www.zhihu.com/people/chouthen
http://www.zhihu.com/people/yang-ke-67
http://www.zhihu.com/people/fan-tang-zi
http://www.zhihu.com/people/li-ao-wen
http://www.zhihu.com/people/lin-cong-25
http://www.zhihu.com/people/yi-han-52
http://www.zhihu.com/people/nyanzhang
http://www.zhihu.com/people/zhao-cai-a-zhuo
http://www.zhihu.com/people/max-payne
http://www.zhihu.com/people/reep-c
http://www.zhihu.com/people/liu-guang-hui-60
http://www.zhihu.com/people/wang-ci-an
http://www.zhihu.com/people/xue-yao-37
http://www.zhihu.com/people/hu-a-niu-80
http://www.zhihu.com/people/samnam
http://www.zhihu.com/people/xia-wei-zhu
http://www.zhihu.com/people/li-hao-ran-2-46
http://www.zhihu.com/people/mei-you-96
http://www.zhihu.com/people/zheng-helen
http://www.zhihu.com/people/zhang-yu-ke-84
http://www.zhihu.com/people/chu-fei-yun
http://www.zhihu.com/people/caokun
http://www.zhihu.com/people/hugoyuan
http://www.zhihu.com/people/zhang-yan-lei-69
http://www.zhihu.com/people/jue-leng-zhang
http://www.zhihu.com/people/heng-ha-76
http://www.zhihu.com/people/jiang-xiaokong
http://www.zhihu.com/people/li-jun-da-86
http://www.zhihu.com/people/zhang-bo-67-32
http://www.zhihu.com/people/li-xing-4
http://www.zhihu.com/people/lee-ree
http://www.zhihu.com/people/denisyao
http://www.zhihu.com/people/li-zhi-peng-damon
http://www.zhihu.com/people/wen-san-san
http://www.zhihu.com/people/seedingboy
http://www.zhihu.com/people/chen-yong-23-32
http://www.zhihu.com/people/bai-xuan-63
http://www.zhihu.com/people/xie-zhi-zhi-60
http://www.zhihu.com/people/longluo
http://www.zhihu.com/people/gao-chen-37
http://www.zhihu.com/people/yang-xin-ming-4
http://www.zhihu.com/people/li-er-bing
http://www.zhihu.com/people/nan-fang-zai-zuo
http://www.zhihu.com/people/fu-dou-jia
http://www.zhihu.com/people/wang-jing-57-49
http://www.zhihu.com/people/xylona-sun
http://www.zhihu.com/people/yue-xiang-54
http://www.zhihu.com/people/zhydss
http://www.zhihu.com/people/juen-lee-97
http://www.zhihu.com/people/jing-xiao-liang
http://www.zhihu.com/people/guan-you-hong
http://www.zhihu.com/people/Pimento
http://www.zhihu.com/people/tian-yun-87
http://www.zhihu.com/people/mai-ke-mike
http://www.zhihu.com/people/shi-chen-xiao
http://www.zhihu.com/people/lin-san-44
http://www.zhihu.com/people/wangliudoit
http://www.zhihu.com/people/yang-zhang-sheng
http://www.zhihu.com/people/li-mu-zi-90-37
http://www.zhihu.com/people/mai-fan-shi
http://www.zhihu.com/people/orangetime
http://www.zhihu.com/people/qing-jia-4
http://www.zhihu.com/people/wang-yaoi
http://www.zhihu.com/people/hythyt9898
http://www.zhihu.com/people/sun-xun-37
http://www.zhihu.com/people/wang-huan-ran
http://www.zhihu.com/people/zheng-xin-10
http://www.zhihu.com/people/li-yi-39-78-14
http://www.zhihu.com/people/cai-zhu-xin
http://www.zhihu.com/people/zhongzhidao
http://www.zhihu.com/people/frankfeng
http://www.zhihu.com/people/rui-ao-13
http://www.zhihu.com/people/jia-ming-zi-40
http://www.zhihu.com/people/noyy
http://www.zhihu.com/people/yang-hui-yang
http://www.zhihu.com/people/pei-tong-tong
http://www.zhihu.com/people/zhaigege
http://www.zhihu.com/people/xing-xing-zi-96
http://www.zhihu.com/people/zhao-yu-dong-83
http://www.zhihu.com/people/xu_xu
http://www.zhihu.com/people/hou-lei-97
http://www.zhihu.com/people/incoho
http://www.zhihu.com/people/guo-liu-bai
http://www.zhihu.com/people/CloseString
http://www.zhihu.com/people/hu-pai-pai
http://www.zhihu.com/people/mu-fei-67
http://www.zhihu.com/people/cherry924
http://www.zhihu.com/people/Joey9094
http://www.zhihu.com/people/blueone
http://www.zhihu.com/people/passerbycrk
http://www.zhihu.com/people/he-jin-9022
http://www.zhihu.com/people/yang-mi-34
http://www.zhihu.com/people/davi-d
http://www.zhihu.com/people/xu-yong-jia
http://www.zhihu.com/people/hackersun
http://www.zhihu.com/people/xi-yuan-tu-you
http://www.zhihu.com/people/you-shui-han
http://www.zhihu.com/people/zhuang-sheng-45
http://www.zhihu.com/people/xu-xiao-dao-11
http://www.zhihu.com/people/zongtong
http://www.zhihu.com/people/wins
http://www.zhihu.com/people/charles-cha
http://www.zhihu.com/people/henry007
http://www.zhihu.com/people/michael-10-3
http://www.zhihu.com/people/you-shu-60
http://www.zhihu.com/people/ctianhao
http://www.zhihu.com/people/J899M
http://www.zhihu.com/people/wang-zi-xiao-78
http://www.zhihu.com/people/zhou-juan-juan
http://www.zhihu.com/people/VerucaChan
http://www.zhihu.com/people/gong-sheng-36
http://www.zhihu.com/people/he-huan-63
http://www.zhihu.com/people/dai-yu-xiu
http://www.zhihu.com/people/pinkatropine
http://www.zhihu.com/people/pang-qi-shi
http://www.zhihu.com/people/he-jian-ying-42
http://www.zhihu.com/people/meng-jue-99
http://www.zhihu.com/people/jason-pu
http://www.zhihu.com/people/plee
http://www.zhihu.com/people/qi-jing-ke
http://www.zhihu.com/people/sun-quan-quan
http://www.zhihu.com/people/liaoyy
http://www.zhihu.com/people/li-xing-84-17
http://www.zhihu.com/people/Dr-hao
http://www.zhihu.com/people/qia-man
http://www.zhihu.com/people/feng-xiao-ran-10
http://www.zhihu.com/people/Roso
http://www.zhihu.com/people/liu-chang-jiang-39
http://www.zhihu.com/people/c0in
http://www.zhihu.com/people/vahva
http://www.zhihu.com/people/miao-xiao-miao-20
http://www.zhihu.com/people/liang-kai-zhe-huo-49
http://www.zhihu.com/people/Libertasss
http://www.zhihu.com/people/mo-yuan-48
http://www.zhihu.com/people/chen-kun-73
http://www.zhihu.com/people/cheng-yi-yuan
http://www.zhihu.com/people/pussir
http://www.zhihu.com/people/ru-zhu-94
http://www.zhihu.com/people/xiang-ming-80
http://www.zhihu.com/people/hexiyin
http://www.zhihu.com/people/kasmo
http://www.zhihu.com/people/Charlieyue
http://www.zhihu.com/people/huangdingben
http://www.zhihu.com/people/rickey-yue
http://www.zhihu.com/people/jysm
http://www.zhihu.com/people/qing-ting-82
http://www.zhihu.com/people/yao-ze-yu
http://www.zhihu.com/people/tang-qiang-43
http://www.zhihu.com/people/huhuiquan
http://www.zhihu.com/people/maplee-15
http://www.zhihu.com/people/wang-ba-a-gan
http://www.zhihu.com/people/sins
http://www.zhihu.com/people/hu-sir
http://www.zhihu.com/people/l123456
http://www.zhihu.com/people/wei-qi-kang
http://www.zhihu.com/people/daniel-fc
http://www.zhihu.com/people/zhou-gang-64
http://www.zhihu.com/people/li-ha-ha-leo
http://www.zhihu.com/people/linguangfu
http://www.zhihu.com/people/youaretheone2012
http://www.zhihu.com/people/yin-cang-ren
http://www.zhihu.com/people/gu-jia-ming-69
http://www.zhihu.com/people/zhou-hong-49
http://www.zhihu.com/people/chingsang
http://www.zhihu.com/people/qian-zhen-53
http://www.zhihu.com/people/fu-wei-49-45
http://www.zhihu.com/people/zhang-yuan-41-66
http://www.zhihu.com/people/zhan-zan-shi
http://www.zhihu.com/people/athony-melo
http://www.zhihu.com/people/yu-he-fei
http://www.zhihu.com/people/wu-wei-57-45
http://www.zhihu.com/people/dimlau
http://www.zhihu.com/people/desire
http://www.zhihu.com/people/bruin-61
http://www.zhihu.com/people/zhao-lu-yue
http://www.zhihu.com/people/shang-shang-qian-26
http://www.zhihu.com/people/dizzarz
http://www.zhihu.com/people/xujian_cn
http://www.zhihu.com/people/jonson-fang
http://www.zhihu.com/people/pang-jeffrey
http://www.zhihu.com/people/xiao-chuan-9
http://www.zhihu.com/people/Radars-Capture
http://www.zhihu.com/people/ye-mu-zhen
http://www.zhihu.com/people/chuckwang94
http://www.zhihu.com/people/ste-lee
http://www.zhihu.com/people/li-xiao-kui-35
http://www.zhihu.com/people/wang-chun-ze-44
http://www.zhihu.com/people/woqunianmailegebiao
http://www.zhihu.com/people/chico-lee
http://www.zhihu.com/people/ren-alan
http://www.zhihu.com/people/liu-er-98
http://www.zhihu.com/people/wa-xi-li
http://www.zhihu.com/people/lin-deng-wan-44
http://www.zhihu.com/people/chen-bang-19
http://www.zhihu.com/people/li-ban-72
http://www.zhihu.com/people/cao-xiao-dian
http://www.zhihu.com/people/jiang-jing-yu-76
http://www.zhihu.com/people/xiao-meng-55
http://www.zhihu.com/people/su-he-40
http://www.zhihu.com/people/K2-YOUNG
http://www.zhihu.com/people/zhang-mo-17
http://www.zhihu.com/people/chen-ran-35-93
http://www.zhihu.com/people/------
http://www.zhihu.com/people/gui-zhuo
http://www.zhihu.com/people/yu-yang-41
http://www.zhihu.com/people/winglessbai
http://www.zhihu.com/people/zhang-bo-tong
http://www.zhihu.com/people/yang-cheng-sen-29
http://www.zhihu.com/people/wu-wen-kui
http://www.zhihu.com/people/highend
http://www.zhihu.com/people/chen-quan-35-14
http://www.zhihu.com/people/gan-quan-43
http://www.zhihu.com/people/tang-zhen-xiang
http://www.zhihu.com/people/chen-chen-24-33
http://www.zhihu.com/people/liang-guo-qing
http://www.zhihu.com/people/cenmusic
http://www.zhihu.com/people/caodelei
http://www.zhihu.com/people/exuxu
http://www.zhihu.com/people/viayue
http://www.zhihu.com/people/lu-shuai-39
http://www.zhihu.com/people/wang-yang-34-87
http://www.zhihu.com/people/hezudao313
http://www.zhihu.com/people/sun-xiu-yuan
http://www.zhihu.com/people/Dabbler
http://www.zhihu.com/people/skymonster
http://www.zhihu.com/people/justinzhen
http://www.zhihu.com/people/dercheang
http://www.zhihu.com/people/jasonlee-89
http://www.zhihu.com/people/cuppacho
http://www.zhihu.com/people/yehan
http://www.zhihu.com/people/luohaibing
