http://www.zhihu.com/people/seabert
http://www.zhihu.com/people/s5s5
http://www.zhihu.com/people/zhang-yi-fan-48
http://www.zhihu.com/people/wang-tian-jun-68
http://www.zhihu.com/people/xiao-chu
http://www.zhihu.com/people/jasine
http://www.zhihu.com/people/lord2014
http://www.zhihu.com/people/cha-wai-96
http://www.zhihu.com/people/wei-bo-de-yi-shu
http://www.zhihu.com/people/alang
http://www.zhihu.com/people/he-lian-bo-bo-da-wang
http://www.zhihu.com/people/wang-hai-chuan
http://www.zhihu.com/people/shabingxuan
http://www.zhihu.com/people/sanjingysw
http://www.zhihu.com/people/will-37
http://www.zhihu.com/people/000088
http://www.zhihu.com/people/shi-hu
http://www.zhihu.com/people/zhuo-zhi-ying
http://www.zhihu.com/people/yu-chang-26
http://www.zhihu.com/people/zhudi
http://www.zhihu.com/people/phcoo.com
http://www.zhihu.com/people/wangzhinan
http://www.zhihu.com/people/techoxygen
http://www.zhihu.com/people/daichu
http://www.zhihu.com/people/javaning
http://www.zhihu.com/people/zdybit
http://www.zhihu.com/people/shao-jing-li
http://www.zhihu.com/people/free1978
http://www.zhihu.com/people/cnpmf
http://www.zhihu.com/people/li-bei-go
http://www.zhihu.com/people/whitecoffee
http://www.zhihu.com/people/sunsimian
http://www.zhihu.com/people/GilgameshK
http://www.zhihu.com/people/wang-cha-cha
http://www.zhihu.com/people/wang-zhi
http://www.zhihu.com/people/fang-che-dan
http://www.zhihu.com/people/sun-jun-feng
http://www.zhihu.com/people/ya-fei-pm
http://www.zhihu.com/people/lu-kai-29
http://www.zhihu.com/people/otaking
http://www.zhihu.com/people/peterlu
http://www.zhihu.com/people/feng-xiao-ping
http://www.zhihu.com/people/viv1an
http://www.zhihu.com/people/penpenwang
http://www.zhihu.com/people/yaocoder
http://www.zhihu.com/people/level0
http://www.zhihu.com/people/zhang-xiu-cai
http://www.zhihu.com/people/yang-si-ting
http://www.zhihu.com/people/zhengyang
http://www.zhihu.com/people/ryan-liu-4
http://www.zhihu.com/people/li-yan-ran-77-25
http://www.zhihu.com/people/wu-wei-96-47
http://www.zhihu.com/people/wanghongming
http://www.zhihu.com/people/greengnn
http://www.zhihu.com/people/yue-ming-40
http://www.zhihu.com/people/luoxr
http://www.zhihu.com/people/dingzhengdong
http://www.zhihu.com/people/shan-kui-zhang
http://www.zhihu.com/people/bingquan
http://www.zhihu.com/people/han-xiao-guang
http://www.zhihu.com/people/timerecorder
http://www.zhihu.com/people/wan-qing-hui
http://www.zhihu.com/people/wu-zhu-46
http://www.zhihu.com/people/yang-lin
http://www.zhihu.com/people/stardust
http://www.zhihu.com/people/Freshmedia
http://www.zhihu.com/people/ma-yun
http://www.zhihu.com/people/baidaxia
http://www.zhihu.com/people/gidot
http://www.zhihu.com/people/dawson
http://www.zhihu.com/people/luis
http://www.zhihu.com/people/netcer
http://www.zhihu.com/people/deng-xiao-dou
http://www.zhihu.com/people/replayerwzr
http://www.zhihu.com/people/jolestar
http://www.zhihu.com/people/abyss-feng
http://www.zhihu.com/people/goddess
http://www.zhihu.com/people/gong-zhi-yang
http://www.zhihu.com/people/wang-ke-ke-20
http://www.zhihu.com/people/joycheng
http://www.zhihu.com/people/anyan
http://www.zhihu.com/people/liu_yang
http://www.zhihu.com/people/wu-xin
http://www.zhihu.com/people/mo0o0fsjmf0icbi
http://www.zhihu.com/people/tang-bo-hua
http://www.zhihu.com/people/fantasysoft
http://www.zhihu.com/people/yipxiaobin
http://www.zhihu.com/people/cklover
http://www.zhihu.com/people/yang-yi-qiao
http://www.zhihu.com/people/ringo
http://www.zhihu.com/people/zhu-hui-lai
http://www.zhihu.com/people/wu-wei
http://www.zhihu.com/people/ihuanggua
http://www.zhihu.com/people/sigmund
http://www.zhihu.com/people/yang-cong-quan-man-tou
http://www.zhihu.com/people/Lingcoo
http://www.zhihu.com/people/jerryzhou
http://www.zhihu.com/people/zhangga
http://www.zhihu.com/people/kingson
http://www.zhihu.com/people/zhou-lei
http://www.zhihu.com/people/xu-lei-97-56
http://www.zhihu.com/people/liu-tian-yu
http://www.zhihu.com/people/heiyo
http://www.zhihu.com/people/hai-xiao-ai
http://www.zhihu.com/people/chi-he-shui
http://www.zhihu.com/people/cresta
http://www.zhihu.com/people/huhuyuan
http://www.zhihu.com/people/mexi
http://www.zhihu.com/people/luodana
http://www.zhihu.com/people/felixchen
http://www.zhihu.com/people/tongzhou
http://www.zhihu.com/people/ran-dan
http://www.zhihu.com/people/zengsn
http://www.zhihu.com/people/peng-kuan
http://www.zhihu.com/people/gtyang
http://www.zhihu.com/people/fan-jun
http://www.zhihu.com/people/Vane
http://www.zhihu.com/people/deanlee
http://www.zhihu.com/people/jiu-hu
http://www.zhihu.com/people/lew-hao
http://www.zhihu.com/people/zhangyuantao
http://www.zhihu.com/people/our80
http://www.zhihu.com/people/kingbox
http://www.zhihu.com/people/wenwei
http://www.zhihu.com/people/nicepm
http://www.zhihu.com/people/amadeuzou
http://www.zhihu.com/people/fuck
http://www.zhihu.com/people/huihui
http://www.zhihu.com/people/happycici
http://www.zhihu.com/people/xu-zhu
http://www.zhihu.com/people/yunxiyunxi
http://www.zhihu.com/people/ooodong
http://www.zhihu.com/people/jadexlaw
http://www.zhihu.com/people/long-bing-hua
http://www.zhihu.com/people/liu-xi-fei
http://www.zhihu.com/people/shadows
http://www.zhihu.com/people/aqag
http://www.zhihu.com/people/zhujia
http://www.zhihu.com/people/li-tai-xian
http://www.zhihu.com/people/hiokay
http://www.zhihu.com/people/colorLee
http://www.zhihu.com/people/wu-cheng-xi
http://www.zhihu.com/people/yangxiaogai
http://www.zhihu.com/people/imining
http://www.zhihu.com/people/UnderSn0w
http://www.zhihu.com/people/shanegao
http://www.zhihu.com/people/ceeji
http://www.zhihu.com/people/JoshuaChen
http://www.zhihu.com/people/nonmore
http://www.zhihu.com/people/huluanqi
http://www.zhihu.com/people/zhang-guo-dong-94
http://www.zhihu.com/people/adam-zho
http://www.zhihu.com/people/wang-li-34
http://www.zhihu.com/people/kwong
http://www.zhihu.com/people/qlxiao520
http://www.zhihu.com/people/lava
http://www.zhihu.com/people/he-hui-she
http://www.zhihu.com/people/liang-xiao-an
http://www.zhihu.com/people/zhao-hao
http://www.zhihu.com/people/swok
http://www.zhihu.com/people/yuba100
http://www.zhihu.com/people/garthz
http://www.zhihu.com/people/jasonshoong
http://www.zhihu.com/people/souris
http://www.zhihu.com/people/happiness
http://www.zhihu.com/people/chaozhao
http://www.zhihu.com/people/chairo
http://www.zhihu.com/people/dzsw
http://www.zhihu.com/people/huazi
http://www.zhihu.com/people/lin-jian
http://www.zhihu.com/people/zheng-jian-bo
http://www.zhihu.com/people/lichzy
http://www.zhihu.com/people/fandong
http://www.zhihu.com/people/qi-ruo-fan
http://www.zhihu.com/people/xiongjiezeng
http://www.zhihu.com/people/zheng-xiao-hao-52
http://www.zhihu.com/people/hantang
http://www.zhihu.com/people/james1762
http://www.zhihu.com/people/wangpeng
http://www.zhihu.com/people/zhang-hui-qiao
http://www.zhihu.com/people/liu-zhan-shan
http://www.zhihu.com/people/colleen
http://www.zhihu.com/people/fsjx
http://www.zhihu.com/people/gao-po-19
http://www.zhihu.com/people/xizhicat
http://www.zhihu.com/people/lu-yi-ming
http://www.zhihu.com/people/zimyin
http://www.zhihu.com/people/ecmoment
http://www.zhihu.com/people/abing2008
http://www.zhihu.com/people/ALDH2
http://www.zhihu.com/people/wei-tao
http://www.zhihu.com/people/wpyzone
http://www.zhihu.com/people/shoto
http://www.zhihu.com/people/feijie
http://www.zhihu.com/people/prefect
http://www.zhihu.com/people/guangxin
http://www.zhihu.com/people/jerryzy
http://www.zhihu.com/people/duanlei
http://www.zhihu.com/people/luo-tian-rui
http://www.zhihu.com/people/ecchanger
http://www.zhihu.com/people/chen-wen-lan
http://www.zhihu.com/people/xcrossed
http://www.zhihu.com/people/hanling19
http://www.zhihu.com/people/gao-wen-chao
http://www.zhihu.com/people/eileen-lee
http://www.zhihu.com/people/yu-zheng
http://www.zhihu.com/people/ray-317
http://www.zhihu.com/people/looker
http://www.zhihu.com/people/yikai
http://www.zhihu.com/people/yimity
http://www.zhihu.com/people/cavier
http://www.zhihu.com/people/yichen
http://www.zhihu.com/people/zi-yue-26-22
http://www.zhihu.com/people/iwangyifan
http://www.zhihu.com/people/liuqf
http://www.zhihu.com/people/lazhu
http://www.zhihu.com/people/peng-di
http://www.zhihu.com/people/2375
http://www.zhihu.com/people/kings
http://www.zhihu.com/people/peter-zou
http://www.zhihu.com/people/tgf2
http://www.zhihu.com/people/choi_chen
http://www.zhihu.com/people/yang-xiao-cuo
http://www.zhihu.com/people/song-jing-ren
http://www.zhihu.com/people/shemot
http://www.zhihu.com/people/laiwei
http://www.zhihu.com/people/NoTr
http://www.zhihu.com/people/kdolphin
http://www.zhihu.com/people/marvin713
http://www.zhihu.com/people/wang-ban-xian
http://www.zhihu.com/people/steven-lu-08
http://www.zhihu.com/people/qiwen
http://www.zhihu.com/people/lldong
http://www.zhihu.com/people/muchen
http://www.zhihu.com/people/huangrong
http://www.zhihu.com/people/gloom_sunday
http://www.zhihu.com/people/david-liu
http://www.zhihu.com/people/yezhu
http://www.zhihu.com/people/keenkang
http://www.zhihu.com/people/c2u234nxi
http://www.zhihu.com/people/fatalist
http://www.zhihu.com/people/zhhongbo
http://www.zhihu.com/people/tiredboy
http://www.zhihu.com/people/gong-le-tian
http://www.zhihu.com/people/nvhuangxiansheng
http://www.zhihu.com/people/lucky
http://www.zhihu.com/people/adiemusy
http://www.zhihu.com/people/liamort
http://www.zhihu.com/people/7777777
http://www.zhihu.com/people/gongwei
http://www.zhihu.com/people/mao-shi-lin-65
http://www.zhihu.com/people/yin-yong
http://www.zhihu.com/people/waffensam
http://www.zhihu.com/people/mendaxia
http://www.zhihu.com/people/alex_sudong
http://www.zhihu.com/people/dinowang
http://www.zhihu.com/people/bianchenglangzi
http://www.zhihu.com/people/qing-qiu
http://www.zhihu.com/people/paladox
http://www.zhihu.com/people/huangjunfa
http://www.zhihu.com/people/cosam
http://www.zhihu.com/people/popsong
http://www.zhihu.com/people/lichunhua
http://www.zhihu.com/people/learning-boy
http://www.zhihu.com/people/zhangxingdong
http://www.zhihu.com/people/guo-qing-tao
http://www.zhihu.com/people/verfree
http://www.zhihu.com/people/zhang-li-hua
http://www.zhihu.com/people/ahau
http://www.zhihu.com/people/mr-left-20
http://www.zhihu.com/people/flyang
http://www.zhihu.com/people/okay
http://www.zhihu.com/people/liugang1981
http://www.zhihu.com/people/rsting
http://www.zhihu.com/people/caiqinyu
http://www.zhihu.com/people/angus
http://www.zhihu.com/people/tata1219
http://www.zhihu.com/people/jiang-bo-wei
http://www.zhihu.com/people/enqiangli
http://www.zhihu.com/people/auntxue
http://www.zhihu.com/people/pippowu
http://www.zhihu.com/people/sun-yue
http://www.zhihu.com/people/liuhuafang
http://www.zhihu.com/people/guo-jian
http://www.zhihu.com/people/hao-zhi-wei
http://www.zhihu.com/people/jerry
http://www.zhihu.com/people/tood
http://www.zhihu.com/people/liuya802
http://www.zhihu.com/people/miao-xing-qiu-pm
http://www.zhihu.com/people/chen-liang-45
http://www.zhihu.com/people/ecforever
http://www.zhihu.com/people/iceskysl
http://www.zhihu.com/people/superroubaozi
http://www.zhihu.com/people/julylion
http://www.zhihu.com/people/horseface
http://www.zhihu.com/people/dxer
http://www.zhihu.com/people/juno
http://www.zhihu.com/people/li-jing-9
http://www.zhihu.com/people/udoo
http://www.zhihu.com/people/zhizhe
http://www.zhihu.com/people/amoyqun
http://www.zhihu.com/people/sagacity
http://www.zhihu.com/people/tang-feng-neng
http://www.zhihu.com/people/looking
http://www.zhihu.com/people/zhanglongfei
http://www.zhihu.com/people/zhang-yong-hao
http://www.zhihu.com/people/wang-tong-shu
http://www.zhihu.com/people/li-yi-85
http://www.zhihu.com/people/minray
http://www.zhihu.com/people/yindaqiang
http://www.zhihu.com/people/imqijun
http://www.zhihu.com/people/rukhwill
http://www.zhihu.com/people/lancy99
http://www.zhihu.com/people/pan-feng
http://www.zhihu.com/people/luo-gu-shu
http://www.zhihu.com/people/garrylee
http://www.zhihu.com/people/stevenwood
http://www.zhihu.com/people/hao-shuang
http://www.zhihu.com/people/li-zhe-gan
http://www.zhihu.com/people/coolerwang
http://www.zhihu.com/people/lulu
http://www.zhihu.com/people/aaron-lute
http://www.zhihu.com/people/chhcuo
http://www.zhihu.com/people/techfrom
http://www.zhihu.com/people/ibuzzo
http://www.zhihu.com/people/fsfree
http://www.zhihu.com/people/orderly
http://www.zhihu.com/people/yuan-qian
http://www.zhihu.com/people/szanlin
http://www.zhihu.com/people/productHi
http://www.zhihu.com/people/xia-tong-hong
http://www.zhihu.com/people/yizhaofengyue
http://www.zhihu.com/people/gengfo
http://www.zhihu.com/people/dowe
http://www.zhihu.com/people/guanjueyu
http://www.zhihu.com/people/zhang-guang-lei
http://www.zhihu.com/people/wudeqi
http://www.zhihu.com/people/bianchun
http://www.zhihu.com/people/zhang-ming-wei
http://www.zhihu.com/people/milkkey
http://www.zhihu.com/people/caten
http://www.zhihu.com/people/frankcai
http://www.zhihu.com/people/yangqianliang
http://www.zhihu.com/people/tuzkier
http://www.zhihu.com/people/seth
http://www.zhihu.com/people/guo-jia-yu
http://www.zhihu.com/people/sempr
http://www.zhihu.com/people/bigbye
http://www.zhihu.com/people/Ataraxia002
http://www.zhihu.com/people/gao-pan
http://www.zhihu.com/people/mindywang
http://www.zhihu.com/people/congmiao
http://www.zhihu.com/people/zhang-shi-san
http://www.zhihu.com/people/hehe
http://www.zhihu.com/people/nemok
http://www.zhihu.com/people/zhang-lei-11
http://www.zhihu.com/people/luo-lei
http://www.zhihu.com/people/shadow1003
http://www.zhihu.com/people/lizhifeng
http://www.zhihu.com/people/itmouse
http://www.zhihu.com/people/yicao
http://www.zhihu.com/people/soulkingz
http://www.zhihu.com/people/tolayu
http://www.zhihu.com/people/liang-yao-tang
http://www.zhihu.com/people/liu-qi
http://www.zhihu.com/people/gmeiz
http://www.zhihu.com/people/buduo
http://www.zhihu.com/people/herizhao
http://www.zhihu.com/people/yishan
http://www.zhihu.com/people/nightfall
http://www.zhihu.com/people/xie-xin-68
http://www.zhihu.com/people/qin-hai-jie
http://www.zhihu.com/people/shen-xiang-yi
http://www.zhihu.com/people/pang-guo
http://www.zhihu.com/people/shashuihan
http://www.zhihu.com/people/Alison1989
http://www.zhihu.com/people/ajsun23
http://www.zhihu.com/people/90Box
http://www.zhihu.com/people/yq1013
http://www.zhihu.com/people/lcqixia
http://www.zhihu.com/people/tao-fu-min
http://www.zhihu.com/people/hunao
http://www.zhihu.com/people/liu-heng-miao
http://www.zhihu.com/people/superdog
http://www.zhihu.com/people/shiyanfeng
http://www.zhihu.com/people/cairo
http://www.zhihu.com/people/docconvert
http://www.zhihu.com/people/jeff-kit
http://www.zhihu.com/people/jia-dong-29
http://www.zhihu.com/people/eva-11
http://www.zhihu.com/people/liuhp
http://www.zhihu.com/people/silin
http://www.zhihu.com/people/gao-ke-ke-77
http://www.zhihu.com/people/lujing1120
http://www.zhihu.com/people/mo-zhi
http://www.zhihu.com/people/sethyou
http://www.zhihu.com/people/hpcex
http://www.zhihu.com/people/Jay-Huang
http://www.zhihu.com/people/cnhawkorg
http://www.zhihu.com/people/elain
http://www.zhihu.com/people/wu-bin-bin
http://www.zhihu.com/people/difei-bian
http://www.zhihu.com/people/laolin
http://www.zhihu.com/people/luzhengyu
http://www.zhihu.com/people/alvin
http://www.zhihu.com/people/yanxinyou
http://www.zhihu.com/people/quqingtao
http://www.zhihu.com/people/guang-qian-yuan
http://www.zhihu.com/people/shan-lu
http://www.zhihu.com/people/spidermanlhg
http://www.zhihu.com/people/meng-yu-xiang
http://www.zhihu.com/people/leo822
http://www.zhihu.com/people/nsxiu
http://www.zhihu.com/people/oldcheetah
http://www.zhihu.com/people/zhang-yang
http://www.zhihu.com/people/liu-wan-wei
http://www.zhihu.com/people/guishan
http://www.zhihu.com/people/monkzq
http://www.zhihu.com/people/li-jiong-ming
http://www.zhihu.com/people/CCAV1
http://www.zhihu.com/people/alex-57
http://www.zhihu.com/people/zhang-yin-8
http://www.zhihu.com/people/he-li-li
http://www.zhihu.com/people/zhou-zhou
http://www.zhihu.com/people/huang-min-yu
http://www.zhihu.com/people/zhou-xiao-mi
http://www.zhihu.com/people/haporing
http://www.zhihu.com/people/an-ning
http://www.zhihu.com/people/hansen
http://www.zhihu.com/people/the-riverlau
http://www.zhihu.com/people/rudder
http://www.zhihu.com/people/yun-guo-fu-yao-zhi
http://www.zhihu.com/people/diablobear
http://www.zhihu.com/people/vision
http://www.zhihu.com/people/chen-dong-ming
http://www.zhihu.com/people/haoxiaoru
http://www.zhihu.com/people/djvu
http://www.zhihu.com/people/ceng-ke
http://www.zhihu.com/people/yaodadeng
http://www.zhihu.com/people/sanxingju
http://www.zhihu.com/people/panbin
http://www.zhihu.com/people/yang-xiao-ming
http://www.zhihu.com/people/pu-ti-82
http://www.zhihu.com/people/wang-xiao-wen
http://www.zhihu.com/people/dingyong
http://www.zhihu.com/people/yu_mia
http://www.zhihu.com/people/xiao-qi
http://www.zhihu.com/people/lion
http://www.zhihu.com/people/li-wei-wei
http://www.zhihu.com/people/zheng-hao
http://www.zhihu.com/people/jarod
http://www.zhihu.com/people/liubing
http://www.zhihu.com/people/zhou-yi
http://www.zhihu.com/people/fanguohui
http://www.zhihu.com/people/plusix
http://www.zhihu.com/people/liu-qing
http://www.zhihu.com/people/guowenxin
http://www.zhihu.com/people/zhang-yan-wen
http://www.zhihu.com/people/wang-zhe-38
http://www.zhihu.com/people/audoe
http://www.zhihu.com/people/sprite
http://www.zhihu.com/people/qian-ye
http://www.zhihu.com/people/housne
http://www.zhihu.com/people/wangbenrui
http://www.zhihu.com/people/zhaoql
http://www.zhihu.com/people/xiaofu
http://www.zhihu.com/people/jing-si-ji
http://www.zhihu.com/people/xiao-qing-32
http://www.zhihu.com/people/zhonggreat
http://www.zhihu.com/people/wu-xv-feng
http://www.zhihu.com/people/netfm
http://www.zhihu.com/people/zhouxin
http://www.zhihu.com/people/pang-jun-xian
http://www.zhihu.com/people/liu-si-qi
http://www.zhihu.com/people/matt-86
http://www.zhihu.com/people/wei-que
http://www.zhihu.com/people/yu-lei-yu
http://www.zhihu.com/people/jieo
http://www.zhihu.com/people/liu-ling-zi
http://www.zhihu.com/people/Louis
http://www.zhihu.com/people/li-yu-chen
http://www.zhihu.com/people/jeke
http://www.zhihu.com/people/sujie
http://www.zhihu.com/people/tarmogoyf
http://www.zhihu.com/people/zhuang-yuan-88
http://www.zhihu.com/people/zhangjishan
http://www.zhihu.com/people/xiemengfei
http://www.zhihu.com/people/zhang-he-12
http://www.zhihu.com/people/duran
http://www.zhihu.com/people/lidongdong
http://www.zhihu.com/people/liu-yan-yuan
http://www.zhihu.com/people/ma-liang-ju
http://www.zhihu.com/people/veelion
http://www.zhihu.com/people/zhaoyarui
http://www.zhihu.com/people/kcmxi
http://www.zhihu.com/people/photoqiu
http://www.zhihu.com/people/liu-shan-shan-33
http://www.zhihu.com/people/xu-jia-ming
http://www.zhihu.com/people/ashandzh
http://www.zhihu.com/people/shenli
http://www.zhihu.com/people/yuan-hao
http://www.zhihu.com/people/hoodlemobile
http://www.zhihu.com/people/zhaojian
http://www.zhihu.com/people/hemingwang0902
http://www.zhihu.com/people/skymountain
http://www.zhihu.com/people/filod
http://www.zhihu.com/people/ktxia
http://www.zhihu.com/people/red-fighter
http://www.zhihu.com/people/guo-da-ge
http://www.zhihu.com/people/sushengs
http://www.zhihu.com/people/fisher
http://www.zhihu.com/people/han-qiang
http://www.zhihu.com/people/wangergou
http://www.zhihu.com/people/chengyudong
http://www.zhihu.com/people/xiangge
http://www.zhihu.com/people/nounourou
http://www.zhihu.com/people/jpandxplovebaby
http://www.zhihu.com/people/eleven
http://www.zhihu.com/people/roc3188
http://www.zhihu.com/people/0s0ft
http://www.zhihu.com/people/seacoastboy
http://www.zhihu.com/people/hr-summer
http://www.zhihu.com/people/xiao-hai-sheng
http://www.zhihu.com/people/zhou-xiao-ting
http://www.zhihu.com/people/qicy
http://www.zhihu.com/people/TristanWorld
http://www.zhihu.com/people/opensource
http://www.zhihu.com/people/JacksonYe
http://www.zhihu.com/people/hekang
http://www.zhihu.com/people/thend
http://www.zhihu.com/people/huang-lang
http://www.zhihu.com/people/wangmingkun
http://www.zhihu.com/people/soctday
http://www.zhihu.com/people/lu-ming-hao
http://www.zhihu.com/people/cranew
http://www.zhihu.com/people/liu-wei-24
http://www.zhihu.com/people/relex
http://www.zhihu.com/people/chen-jun-yan
http://www.zhihu.com/people/bao-jia-cheng
http://www.zhihu.com/people/XXM-franda
http://www.zhihu.com/people/chen-zi-ran
http://www.zhihu.com/people/colliun
http://www.zhihu.com/people/yasur
http://www.zhihu.com/people/zqstarmoon
http://www.zhihu.com/people/angel_yaoyao
http://www.zhihu.com/people/wallyhf
http://www.zhihu.com/people/lin-xiao
http://www.zhihu.com/people/qiu-fu-nan
http://www.zhihu.com/people/ferlysky
http://www.zhihu.com/people/xuefeng
http://www.zhihu.com/people/tiankeshan
http://www.zhihu.com/people/cycle
http://www.zhihu.com/people/chen-liang-84
http://www.zhihu.com/people/hanguozhen
http://www.zhihu.com/people/wzf7799
http://www.zhihu.com/people/tommy
http://www.zhihu.com/people/hzlzh
http://www.zhihu.com/people/ding-mo
http://www.zhihu.com/people/sun-xu
http://www.zhihu.com/people/xiongzhiming
http://www.zhihu.com/people/xydgzs
http://www.zhihu.com/people/tdwill
http://www.zhihu.com/people/jingvsa
http://www.zhihu.com/people/li-zhi-tao
http://www.zhihu.com/people/li-yi-juan
http://www.zhihu.com/people/zhangxiaoyao
http://www.zhihu.com/people/jianzhang
http://www.zhihu.com/people/volver
http://www.zhihu.com/people/dummypx.com
http://www.zhihu.com/people/jinzhihui
http://www.zhihu.com/people/wang-miao
http://www.zhihu.com/people/gaoyanchao
http://www.zhihu.com/people/jin-hui-76
http://www.zhihu.com/people/eleven-du
http://www.zhihu.com/people/miaoliang
http://www.zhihu.com/people/perryhau
http://www.zhihu.com/people/ou-yang-fang-zi
http://www.zhihu.com/people/MichaelYang
http://www.zhihu.com/people/nsnull
http://www.zhihu.com/people/lnls
http://www.zhihu.com/people/chicken
http://www.zhihu.com/people/wang-dong
http://www.zhihu.com/people/liu-feng-yun
http://www.zhihu.com/people/owen-sha
http://www.zhihu.com/people/nihaiyu
http://www.zhihu.com/people/zhangnr
http://www.zhihu.com/people/muxi-45
http://www.zhihu.com/people/wasntme
http://www.zhihu.com/people/vincent4j
http://www.zhihu.com/people/seekingalpha
http://www.zhihu.com/people/1841
http://www.zhihu.com/people/ezzze
http://www.zhihu.com/people/wang-hui-69
http://www.zhihu.com/people/wu-rui-jie
http://www.zhihu.com/people/pang-wei
http://www.zhihu.com/people/JackyZhu
http://www.zhihu.com/people/costi
http://www.zhihu.com/people/tinyyuan
http://www.zhihu.com/people/panchi
http://www.zhihu.com/people/sprhawk
http://www.zhihu.com/people/_cxa
http://www.zhihu.com/people/shu-zi-ya
http://www.zhihu.com/people/shin
http://www.zhihu.com/people/justyy
http://www.zhihu.com/people/zhou-yi-jia
http://www.zhihu.com/people/yrxs
http://www.zhihu.com/people/duan-guang-ming
http://www.zhihu.com/people/zhen14
http://www.zhihu.com/people/zuomomo
http://www.zhihu.com/people/xi-mi-mi
http://www.zhihu.com/people/gaobela
http://www.zhihu.com/people/66492375
http://www.zhihu.com/people/lin-yi-wen
http://www.zhihu.com/people/bc86
http://www.zhihu.com/people/zhangxiaohu
http://www.zhihu.com/people/yao-chen
http://www.zhihu.com/people/beibei
http://www.zhihu.com/people/yu-hao
http://www.zhihu.com/people/yuan-zi-heng
http://www.zhihu.com/people/aircross
http://www.zhihu.com/people/zhengdian
http://www.zhihu.com/people/ceng-xiao-xi
http://www.zhihu.com/people/schmerzpain
http://www.zhihu.com/people/nihao
http://www.zhihu.com/people/zhao-san-jiao
http://www.zhihu.com/people/wu-hai
http://www.zhihu.com/people/en1984
http://www.zhihu.com/people/mali
http://www.zhihu.com/people/ou-wen
http://www.zhihu.com/people/lsyk
http://www.zhihu.com/people/jessfay
http://www.zhihu.com/people/han-lu
http://www.zhihu.com/people/sunnywen
http://www.zhihu.com/people/liu-fei-peng
http://www.zhihu.com/people/a-du
http://www.zhihu.com/people/rakka
http://www.zhihu.com/people/liangdou
http://www.zhihu.com/people/char
http://www.zhihu.com/people/soolby
http://www.zhihu.com/people/zhushaojun
http://www.zhihu.com/people/flyfishcyx
http://www.zhihu.com/people/shijun
http://www.zhihu.com/people/dzai
http://www.zhihu.com/people/wang-yi-fei-18
http://www.zhihu.com/people/daoluandi
http://www.zhihu.com/people/yanlin
http://www.zhihu.com/people/yediot
http://www.zhihu.com/people/he-yan-23
http://www.zhihu.com/people/yao-yao
http://www.zhihu.com/people/hqlong
http://www.zhihu.com/people/mlikeasong
http://www.zhihu.com/people/gnap
http://www.zhihu.com/people/xzjh
http://www.zhihu.com/people/chenmeng
http://www.zhihu.com/people/gu-xi
http://www.zhihu.com/people/wyzself
http://www.zhihu.com/people/zhang-yi-shan
http://www.zhihu.com/people/zhang-jun-yan
http://www.zhihu.com/people/li-shi-jun
http://www.zhihu.com/people/dong-xiao-bai
http://www.zhihu.com/people/yangxu
http://www.zhihu.com/people/jing-17
http://www.zhihu.com/people/prop
http://www.zhihu.com/people/eson
http://www.zhihu.com/people/aqige
http://www.zhihu.com/people/yakexi
http://www.zhihu.com/people/kana
http://www.zhihu.com/people/li-zhou
http://www.zhihu.com/people/alitedesign
http://www.zhihu.com/people/kaka1986
http://www.zhihu.com/people/summy
http://www.zhihu.com/people/zhaoxiaojun
http://www.zhihu.com/people/cun-shang-chun-su
http://www.zhihu.com/people/eshiyi
http://www.zhihu.com/people/yuan-yi
http://www.zhihu.com/people/zhangzhiwei
http://www.zhihu.com/people/janenic
http://www.zhihu.com/people/shitouwk
http://www.zhihu.com/people/aniu
http://www.zhihu.com/people/weevil
http://www.zhihu.com/people/li-qiao-84
http://www.zhihu.com/people/shi-yu-qi
http://www.zhihu.com/people/ch00709980
http://www.zhihu.com/people/guo-kun-vic
http://www.zhihu.com/people/laixian
http://www.zhihu.com/people/feiwen8772
http://www.zhihu.com/people/dawei
http://www.zhihu.com/people/oliver-16-81
http://www.zhihu.com/people/zooeyme
http://www.zhihu.com/people/shen-hai-yan
http://www.zhihu.com/people/xuanniao
http://www.zhihu.com/people/duanzhihui
http://www.zhihu.com/people/pudd
http://www.zhihu.com/people/bookcold
http://www.zhihu.com/people/stone8366
http://www.zhihu.com/people/colaandice
http://www.zhihu.com/people/chen-zhang
http://www.zhihu.com/people/neaton
http://www.zhihu.com/people/qiu-yong-zhen
http://www.zhihu.com/people/bao-bo-xiao-du
http://www.zhihu.com/people/che-yan-che
http://www.zhihu.com/people/wang-zhi-qiang
http://www.zhihu.com/people/yuqiu
http://www.zhihu.com/people/wuyisi
http://www.zhihu.com/people/yu-zhi-gang-55
http://www.zhihu.com/people/lisafeng
http://www.zhihu.com/people/qye001
http://www.zhihu.com/people/tang-ben-yuan
http://www.zhihu.com/people/eater
http://www.zhihu.com/people/rambo.pan
http://www.zhihu.com/people/idea-25
http://www.zhihu.com/people/dreamde
http://www.zhihu.com/people/fiona-65
http://www.zhihu.com/people/magua
http://www.zhihu.com/people/pinyanlee
http://www.zhihu.com/people/KingKidz
http://www.zhihu.com/people/ding-cong
http://www.zhihu.com/people/ztwto.com
http://www.zhihu.com/people/fanfan1985
http://www.zhihu.com/people/muyuanzhi
http://www.zhihu.com/people/liu-xiao-bo
http://www.zhihu.com/people/xixihaha123
http://www.zhihu.com/people/zhu-qing
http://www.zhihu.com/people/wayne.zhang
http://www.zhihu.com/people/dafaye
http://www.zhihu.com/people/leng-jing
http://www.zhihu.com/people/shen-meng-yu
http://www.zhihu.com/people/he-li-shi
http://www.zhihu.com/people/huaxia
http://www.zhihu.com/people/wang-kun-peng-29
http://www.zhihu.com/people/tudouer
http://www.zhihu.com/people/czshens
http://www.zhihu.com/people/libaisan
http://www.zhihu.com/people/zhu-qian
http://www.zhihu.com/people/oolong
http://www.zhihu.com/people/kyle.kk
http://www.zhihu.com/people/wulowjay
http://www.zhihu.com/people/zhou-cheng-ying
http://www.zhihu.com/people/robert
http://www.zhihu.com/people/zhao-jing-wen
http://www.zhihu.com/people/fengguozhu
http://www.zhihu.com/people/gaoyanrong
http://www.zhihu.com/people/kikoyang
http://www.zhihu.com/people/xswy
http://www.zhihu.com/people/zhoumou
http://www.zhihu.com/people/thinkevd
http://www.zhihu.com/people/bumian
http://www.zhihu.com/people/seanlee
http://www.zhihu.com/people/su-ya
http://www.zhihu.com/people/skylovemm
http://www.zhihu.com/people/aslan
http://www.zhihu.com/people/perryshen
http://www.zhihu.com/people/shunfeng
http://www.zhihu.com/people/weiwei
http://www.zhihu.com/people/luo-qing
http://www.zhihu.com/people/cencan
http://www.zhihu.com/people/mikegao
http://www.zhihu.com/people/xiao-guang-jun
http://www.zhihu.com/people/toby941
http://www.zhihu.com/people/peteryao
http://www.zhihu.com/people/impact
http://www.zhihu.com/people/rougee
http://www.zhihu.com/people/li-jin-gang
http://www.zhihu.com/people/tt9527
http://www.zhihu.com/people/qianjin
http://www.zhihu.com/people/feifanyi
http://www.zhihu.com/people/minyi
http://www.zhihu.com/people/wenty
http://www.zhihu.com/people/zhanghaer
http://www.zhihu.com/people/liuchuang
http://www.zhihu.com/people/wavepencil
http://www.zhihu.com/people/zhou-jin
http://www.zhihu.com/people/zhang-xin-13
http://www.zhihu.com/people/keven
http://www.zhihu.com/people/tianlin
http://www.zhihu.com/people/share
http://www.zhihu.com/people/imoook
http://www.zhihu.com/people/hou-min
http://www.zhihu.com/people/liu-yu-xuan
http://www.zhihu.com/people/anan
http://www.zhihu.com/people/hexi
http://www.zhihu.com/people/tu-cha-zi
http://www.zhihu.com/people/juro0708
http://www.zhihu.com/people/caotougu
http://www.zhihu.com/people/ideastorm
http://www.zhihu.com/people/ma-yi-58
http://www.zhihu.com/people/imzhangwei
http://www.zhihu.com/people/fu-jun-royce
http://www.zhihu.com/people/evanwu
http://www.zhihu.com/people/xiao-si-tai
http://www.zhihu.com/people/wang-min-min
http://www.zhihu.com/people/xuzewei
http://www.zhihu.com/people/shangfei
http://www.zhihu.com/people/yan-peng
http://www.zhihu.com/people/pillar
http://www.zhihu.com/people/idingbao
http://www.zhihu.com/people/Ansonyi
http://www.zhihu.com/people/jinrilidong
http://www.zhihu.com/people/liu-yun-zhou
http://www.zhihu.com/people/qiumin
http://www.zhihu.com/people/dps123456
http://www.zhihu.com/people/canhee
http://www.zhihu.com/people/yao-yu-long
http://www.zhihu.com/people/xu-ya-ge
http://www.zhihu.com/people/liuzhanming
http://www.zhihu.com/people/gao-si
http://www.zhihu.com/people/qingwan
http://www.zhihu.com/people/cao-wei-wei
http://www.zhihu.com/people/shi-yan-71
http://www.zhihu.com/people/cai-wen-hua
http://www.zhihu.com/people/sun-shuo
http://www.zhihu.com/people/yanghaiyu
http://www.zhihu.com/people/li-zheng-yuan
http://www.zhihu.com/people/wangxzi
http://www.zhihu.com/people/veronica2865
http://www.zhihu.com/people/isam
http://www.zhihu.com/people/kaka2008
http://www.zhihu.com/people/laoji
http://www.zhihu.com/people/jiaobo
http://www.zhihu.com/people/lazytony
http://www.zhihu.com/people/rocky
http://www.zhihu.com/people/bu-si
http://www.zhihu.com/people/liyn861104
http://www.zhihu.com/people/xu-jun-51
http://www.zhihu.com/people/xu-ji-yun
http://www.zhihu.com/people/planeboy
http://www.zhihu.com/people/zhangyongfeng
http://www.zhihu.com/people/shusen
http://www.zhihu.com/people/tang-feng
http://www.zhihu.com/people/lichunping
http://www.zhihu.com/people/peng-fei-29
http://www.zhihu.com/people/wenzi.name
http://www.zhihu.com/people/zhao-wan-ru
http://www.zhihu.com/people/wang-zhi-zhi-82
http://www.zhihu.com/people/moon
http://www.zhihu.com/people/h1k9
http://www.zhihu.com/people/zichezidan
http://www.zhihu.com/people/baiyunfei
http://www.zhihu.com/people/xiaovfight
http://www.zhihu.com/people/zhao-shu-xiang
http://www.zhihu.com/people/duandong
http://www.zhihu.com/people/minyzc
http://www.zhihu.com/people/stephenw
http://www.zhihu.com/people/didikeke-15
http://www.zhihu.com/people/liyunjiang
http://www.zhihu.com/people/wanghb
http://www.zhihu.com/people/liangjian
http://www.zhihu.com/people/hu-jing-jing
http://www.zhihu.com/people/konnin
http://www.zhihu.com/people/aprilapril
http://www.zhihu.com/people/li-lu-83
http://www.zhihu.com/people/felix-10
http://www.zhihu.com/people/lujing
http://www.zhihu.com/people/zuo-xiao-man
http://www.zhihu.com/people/huobf
http://www.zhihu.com/people/li-qing-67
http://www.zhihu.com/people/xie-xiao-yao
http://www.zhihu.com/people/maishuo
http://www.zhihu.com/people/jiang-liu-qing
http://www.zhihu.com/people/zhang-ming-yu
http://www.zhihu.com/people/cheng-zi
http://www.zhihu.com/people/follow
http://www.zhihu.com/people/windylcx
http://www.zhihu.com/people/seowhy
http://www.zhihu.com/people/chencen
http://www.zhihu.com/people/zhang-heng-57
http://www.zhihu.com/people/yaway
http://www.zhihu.com/people/xu-yuan-hao
http://www.zhihu.com/people/amber.
http://www.zhihu.com/people/ibpg
http://www.zhihu.com/people/lan-you-you-de-qian-xing
http://www.zhihu.com/people/phxwang
http://www.zhihu.com/people/guangzhidou
http://www.zhihu.com/people/Zita
http://www.zhihu.com/people/xiao-min-26
http://www.zhihu.com/people/amylv
http://www.zhihu.com/people/yang-zhang-long
http://www.zhihu.com/people/tonbby
http://www.zhihu.com/people/hohosasa
http://www.zhihu.com/people/anotherken
http://www.zhihu.com/people/dexter
http://www.zhihu.com/people/ajason
http://www.zhihu.com/people/awei1015
http://www.zhihu.com/people/jin-dong-xu
http://www.zhihu.com/people/li_liang
http://www.zhihu.com/people/shenc
http://www.zhihu.com/people/marianzhang
http://www.zhihu.com/people/jacken
http://www.zhihu.com/people/zhang3
http://www.zhihu.com/people/dyipin
http://www.zhihu.com/people/sophie-73
http://www.zhihu.com/people/lian-shi-sheng
http://www.zhihu.com/people/henny
http://www.zhihu.com/people/fushan
http://www.zhihu.com/people/yskin
http://www.zhihu.com/people/telneter
http://www.zhihu.com/people/dai-qi
http://www.zhihu.com/people/streamhope
http://www.zhihu.com/people/lihaiyang
http://www.zhihu.com/people/niyan
http://www.zhihu.com/people/feng-xiao-ba
http://www.zhihu.com/people/baoz
http://www.zhihu.com/people/nuan
http://www.zhihu.com/people/ham-lee
http://www.zhihu.com/people/suzumiya-haruki
http://www.zhihu.com/people/evenstar
http://www.zhihu.com/people/yang-jie-ke
http://www.zhihu.com/people/lsch
http://www.zhihu.com/people/choq
http://www.zhihu.com/people/gu-ling-luo
http://www.zhihu.com/people/xulaifei
http://www.zhihu.com/people/sunrui
http://www.zhihu.com/people/rambo
http://www.zhihu.com/people/alexander-r
http://www.zhihu.com/people/wdgwgz
http://www.zhihu.com/people/shubo
http://www.zhihu.com/people/liu-shao-peng
http://www.zhihu.com/people/phira
http://www.zhihu.com/people/cncy
http://www.zhihu.com/people/wangshenglei
http://www.zhihu.com/people/suixin
http://www.zhihu.com/people/kevinxiong
http://www.zhihu.com/people/kissy
http://www.zhihu.com/people/zheng-luo-wen
http://www.zhihu.com/people/lanpi
http://www.zhihu.com/people/wan-zhen-min
http://www.zhihu.com/people/shiyong
http://www.zhihu.com/people/xu-zi-xiang
http://www.zhihu.com/people/wang-han-76
http://www.zhihu.com/people/ruidon
http://www.zhihu.com/people/su-ying
http://www.zhihu.com/people/bao-cheng-jie
http://www.zhihu.com/people/gaizhen
http://www.zhihu.com/people/njuzhubaobao
http://www.zhihu.com/people/pipu
http://www.zhihu.com/people/sqbing
http://www.zhihu.com/people/yang-ping-zhun
http://www.zhihu.com/people/kentact
http://www.zhihu.com/people/wang-yuan-6
http://www.zhihu.com/people/piny
http://www.zhihu.com/people/dengbin53
http://www.zhihu.com/people/lishuhang
http://www.zhihu.com/people/kayaklee
http://www.zhihu.com/people/cclv
http://www.zhihu.com/people/knowrui
http://www.zhihu.com/people/li-geng
http://www.zhihu.com/people/xhhi
http://www.zhihu.com/people/dengjialun
http://www.zhihu.com/people/wang-zai-jing
http://www.zhihu.com/people/peng-xin-xin
http://www.zhihu.com/people/jayzhou
http://www.zhihu.com/people/afirst
http://www.zhihu.com/people/wemarketing
http://www.zhihu.com/people/dou-xin
http://www.zhihu.com/people/wind-fringe
http://www.zhihu.com/people/zhang-heng
http://www.zhihu.com/people/ggsxsxsx
http://www.zhihu.com/people/wintower
http://www.zhihu.com/people/shao-pan-pan
http://www.zhihu.com/people/ceshi
http://www.zhihu.com/people/zhang-zi-han
http://www.zhihu.com/people/lin-feng-32
http://www.zhihu.com/people/nikkizhang
http://www.zhihu.com/people/kefan
http://www.zhihu.com/people/moston
http://www.zhihu.com/people/seashell
http://www.zhihu.com/people/shenkuohao
http://www.zhihu.com/people/HIT-Luke
http://www.zhihu.com/people/wuzhez
http://www.zhihu.com/people/chenxiang
http://www.zhihu.com/people/22121
http://www.zhihu.com/people/sun-mu-77
http://www.zhihu.com/people/flashzs
http://www.zhihu.com/people/nontin
http://www.zhihu.com/people/yang-cheng-xian
http://www.zhihu.com/people/destination
http://www.zhihu.com/people/optop
http://www.zhihu.com/people/zhao-ru-peng
http://www.zhihu.com/people/kang-kai
http://www.zhihu.com/people/tell-u
http://www.zhihu.com/people/kangde
http://www.zhihu.com/people/ren-xue-wu
http://www.zhihu.com/people/lyman87
http://www.zhihu.com/people/hobo
http://www.zhihu.com/people/dailixian
http://www.zhihu.com/people/carlzhou
http://www.zhihu.com/people/river4
http://www.zhihu.com/people/Bryanzhao
http://www.zhihu.com/people/song-jian
http://www.zhihu.com/people/qinmingyuan
http://www.zhihu.com/people/loke
http://www.zhihu.com/people/qian-bi
http://www.zhihu.com/people/irachex
http://www.zhihu.com/people/qingang
http://www.zhihu.com/people/tanghh
http://www.zhihu.com/people/vincent0324
http://www.zhihu.com/people/Cremaster
http://www.zhihu.com/people/jeff
http://www.zhihu.com/people/wingoo
http://www.zhihu.com/people/wu-qing-zhen
http://www.zhihu.com/people/li-dian
http://www.zhihu.com/people/wang-yang-88
http://www.zhihu.com/people/.zhang
http://www.zhihu.com/people/tian-wei-feng
http://www.zhihu.com/people/songyuwen
http://www.zhihu.com/people/lirui
http://www.zhihu.com/people/wu-xiao-liang
http://www.zhihu.com/people/yu-yi
http://www.zhihu.com/people/chengxiao
http://www.zhihu.com/people/lu-yiliu
http://www.zhihu.com/people/xu-yuan
http://www.zhihu.com/people/lihongtao
http://www.zhihu.com/people/lamproductions
http://www.zhihu.com/people/chen-xiao-tu-66
http://www.zhihu.com/people/ottovon
http://www.zhihu.com/people/neekey
http://www.zhihu.com/people/xiao-yi-72
http://www.zhihu.com/people/hong-liang
http://www.zhihu.com/people/recko
http://www.zhihu.com/people/kiddlele
http://www.zhihu.com/people/zhang-xin-47
http://www.zhihu.com/people/lbbmac
http://www.zhihu.com/people/bei-bei
http://www.zhihu.com/people/wanghyde
http://www.zhihu.com/people/guo-yi
http://www.zhihu.com/people/kkwei
http://www.zhihu.com/people/wang-dong-86
http://www.zhihu.com/people/wine-63
http://www.zhihu.com/people/alina2150
http://www.zhihu.com/people/zhaomeng
http://www.zhihu.com/people/baraba
http://www.zhihu.com/people/jiang-li-50
http://www.zhihu.com/people/hzqian
http://www.zhihu.com/people/sophieued
http://www.zhihu.com/people/yu-li-guo
http://www.zhihu.com/people/godrush
http://www.zhihu.com/people/shallwego
http://www.zhihu.com/people/lao-han
http://www.zhihu.com/people/li-yu-peng
http://www.zhihu.com/people/qqqqqqqqqqqq
http://www.zhihu.com/people/menbao
http://www.zhihu.com/people/yanyan
http://www.zhihu.com/people/yu-xiang-54
http://www.zhihu.com/people/seankd
http://www.zhihu.com/people/summic
http://www.zhihu.com/people/liyuance
http://www.zhihu.com/people/starbury
http://www.zhihu.com/people/RoyChen
http://www.zhihu.com/people/inmay
http://www.zhihu.com/people/lincoln-8
http://www.zhihu.com/people/wuzhen
http://www.zhihu.com/people/kailun
http://www.zhihu.com/people/wenfeixiang
http://www.zhihu.com/people/zhuopeng
http://www.zhihu.com/people/azhu
http://www.zhihu.com/people/xiaozhili
http://www.zhihu.com/people/jackwang
http://www.zhihu.com/people/ielgnaw
http://www.zhihu.com/people/xlfb
http://www.zhihu.com/people/liu-xiao-dong-48
http://www.zhihu.com/people/xenyac
http://www.zhihu.com/people/carter
http://www.zhihu.com/people/dongqi
http://www.zhihu.com/people/eloise
http://www.zhihu.com/people/liuquxia
http://www.zhihu.com/people/livecn
http://www.zhihu.com/people/chang-hui
http://www.zhihu.com/people/shi-chen-zhe
http://www.zhihu.com/people/panxianlin
http://www.zhihu.com/people/wu-dan-xia
http://www.zhihu.com/people/guan-yi-dong
http://www.zhihu.com/people/jaxonxu
http://www.zhihu.com/people/li-shan
http://www.zhihu.com/people/leowyf
http://www.zhihu.com/people/joechik
http://www.zhihu.com/people/flyingshang
http://www.zhihu.com/people/fire9x
http://www.zhihu.com/people/guo-liang
http://www.zhihu.com/people/tang-chen
http://www.zhihu.com/people/leaplee
http://www.zhihu.com/people/zhou-lang
http://www.zhihu.com/people/heayon
http://www.zhihu.com/people/EvenYip
http://www.zhihu.com/people/zuijiaoluo
http://www.zhihu.com/people/wanggnag
http://www.zhihu.com/people/cosmos_q
http://www.zhihu.com/people/yangshuai-seo
http://www.zhihu.com/people/steamedfish
http://www.zhihu.com/people/alplee
http://www.zhihu.com/people/chen-bo-ren
http://www.zhihu.com/people/mona
http://www.zhihu.com/people/justin001
http://www.zhihu.com/people/solo91
http://www.zhihu.com/people/huangqiuli
http://www.zhihu.com/people/liushuang0607
http://www.zhihu.com/people/yixingtianxia
http://www.zhihu.com/people/bjrbbb
http://www.zhihu.com/people/kenbing
http://www.zhihu.com/people/clippit
http://www.zhihu.com/people/gao-tian-yuan
http://www.zhihu.com/people/song-xiao-fan
http://www.zhihu.com/people/kinngs
http://www.zhihu.com/people/wang-feng
http://www.zhihu.com/people/qiulin
http://www.zhihu.com/people/Yunaaaaaaa
http://www.zhihu.com/people/liberty
http://www.zhihu.com/people/ziofat
http://www.zhihu.com/people/shine
http://www.zhihu.com/people/roymax
http://www.zhihu.com/people/zorro
http://www.zhihu.com/people/zhouning
http://www.zhihu.com/people/min-zi
http://www.zhihu.com/people/jonsun
http://www.zhihu.com/people/dongwenqiang
http://www.zhihu.com/people/putin
http://www.zhihu.com/people/ddydd
http://www.zhihu.com/people/hao-li-jie
http://www.zhihu.com/people/nssb
http://www.zhihu.com/people/hao-yu-xiao-tian
http://www.zhihu.com/people/blessingear
http://www.zhihu.com/people/zhangfengxin
http://www.zhihu.com/people/newblue
http://www.zhihu.com/people/crazybaby
http://www.zhihu.com/people/zhaodandan
http://www.zhihu.com/people/gig-57
http://www.zhihu.com/people/hu-zhi-wei
http://www.zhihu.com/people/ying-da-li-67
http://www.zhihu.com/people/sevenli
http://www.zhihu.com/people/Wi_C
http://www.zhihu.com/people/su-niu-niu
http://www.zhihu.com/people/liphy
http://www.zhihu.com/people/qianyong
http://www.zhihu.com/people/even
http://www.zhihu.com/people/penny-52-78
http://www.zhihu.com/people/vrolit
http://www.zhihu.com/people/chakwang
http://www.zhihu.com/people/mayuxia
http://www.zhihu.com/people/chencong
http://www.zhihu.com/people/oceanl
http://www.zhihu.com/people/jianghui
http://www.zhihu.com/people/claywong
http://www.zhihu.com/people/sumblink
http://www.zhihu.com/people/atlivebox
http://www.zhihu.com/people/hu-xiao-dan
http://www.zhihu.com/people/cai-shu-hua
http://www.zhihu.com/people/monica2013
http://www.zhihu.com/people/liuquanlin
http://www.zhihu.com/people/boregg
http://www.zhihu.com/people/guo-dong
http://www.zhihu.com/people/sansi
http://www.zhihu.com/people/leon
http://www.zhihu.com/people/lu-xue-fei
http://www.zhihu.com/people/ripsky
http://www.zhihu.com/people/qixin
http://www.zhihu.com/people/channe
http://www.zhihu.com/people/li-mo
http://www.zhihu.com/people/dahuang
http://www.zhihu.com/people/it139
http://www.zhihu.com/people/jobsfan
http://www.zhihu.com/people/webpixel
http://www.zhihu.com/people/yinshanlan-97
http://www.zhihu.com/people/tianying
http://www.zhihu.com/people/qilin90
http://www.zhihu.com/people/fenghaitao
http://www.zhihu.com/people/kong-ling-jie
http://www.zhihu.com/people/xu-jing-jing
http://www.zhihu.com/people/celia
http://www.zhihu.com/people/dswwsd
http://www.zhihu.com/people/issuoow
http://www.zhihu.com/people/lu-qing
http://www.zhihu.com/people/iblacksun
http://www.zhihu.com/people/gao-tang
http://www.zhihu.com/people/houniao
http://www.zhihu.com/people/leekin
http://www.zhihu.com/people/chenyuanhao
http://www.zhihu.com/people/ClutchBear
http://www.zhihu.com/people/maste
http://www.zhihu.com/people/wang-xiao-chi
http://www.zhihu.com/people/yiphon
http://www.zhihu.com/people/hzksh
http://www.zhihu.com/people/cometruer
http://www.zhihu.com/people/jerrik
http://www.zhihu.com/people/dong-shan-bao-wei
http://www.zhihu.com/people/yaoo
http://www.zhihu.com/people/yangzuoqi
http://www.zhihu.com/people/oneperson
http://www.zhihu.com/people/moyerock
http://www.zhihu.com/people/hengvicky
http://www.zhihu.com/people/wugr
http://www.zhihu.com/people/cun-zhi
http://www.zhihu.com/people/zhang-lei-49
http://www.zhihu.com/people/anyker
http://www.zhihu.com/people/lihua
http://www.zhihu.com/people/homtaul
http://www.zhihu.com/people/qqjrchang
http://www.zhihu.com/people/ri-jin-chen
http://www.zhihu.com/people/linwei
http://www.zhihu.com/people/xxoo
http://www.zhihu.com/people/cong
http://www.zhihu.com/people/liyanhao
http://www.zhihu.com/people/li-ze-hang
http://www.zhihu.com/people/jpshuimu
http://www.zhihu.com/people/mihuaer
http://www.zhihu.com/people/lin-li
http://www.zhihu.com/people/xian
http://www.zhihu.com/people/huangruo
http://www.zhihu.com/people/meidun
http://www.zhihu.com/people/jelinet
http://www.zhihu.com/people/starsea
http://www.zhihu.com/people/hago
http://www.zhihu.com/people/atrexl
http://www.zhihu.com/people/intuitive
http://www.zhihu.com/people/xue-zi-bo
http://www.zhihu.com/people/wenclove
http://www.zhihu.com/people/suue
http://www.zhihu.com/people/cherry
http://www.zhihu.com/people/jurtaxia
http://www.zhihu.com/people/lotcup
http://www.zhihu.com/people/chuanye
http://www.zhihu.com/people/itbeihe
http://www.zhihu.com/people/haro
http://www.zhihu.com/people/xu-jing-5549
http://www.zhihu.com/people/gu-xin
http://www.zhihu.com/people/vv-3
http://www.zhihu.com/people/vinian
http://www.zhihu.com/people/lkaiesr
http://www.zhihu.com/people/pang-kai
http://www.zhihu.com/people/li-xing-feng
http://www.zhihu.com/people/geontn
http://www.zhihu.com/people/afio
http://www.zhihu.com/people/shu-wei-37
http://www.zhihu.com/people/zhoulin
http://www.zhihu.com/people/wujiangchuan
http://www.zhihu.com/people/bixuan
http://www.zhihu.com/people/xinqishi143
http://www.zhihu.com/people/yatung-hsi
http://www.zhihu.com/people/larou
http://www.zhihu.com/people/everlastingV
http://www.zhihu.com/people/leesoliloquy
http://www.zhihu.com/people/yin-le
http://www.zhihu.com/people/yezhuo
http://www.zhihu.com/people/zhouyiping
http://www.zhihu.com/people/wang-hai-ping
http://www.zhihu.com/people/xiajia
http://www.zhihu.com/people/lonelynight
http://www.zhihu.com/people/xiya
http://www.zhihu.com/people/rong-hao
http://www.zhihu.com/people/fege
http://www.zhihu.com/people/zhang-jun-56
http://www.zhihu.com/people/jooyi
http://www.zhihu.com/people/ling-xiao-lu-xie-zi
http://www.zhihu.com/people/vividvictor
http://www.zhihu.com/people/rk37
http://www.zhihu.com/people/plaskys
http://www.zhihu.com/people/crazyguy
http://www.zhihu.com/people/sun-zhong-zheng
http://www.zhihu.com/people/ls0fs
http://www.zhihu.com/people/phper
http://www.zhihu.com/people/liao-xiao-feng
http://www.zhihu.com/people/chen-yuan
http://www.zhihu.com/people/bonjesse
http://www.zhihu.com/people/wa7chen
http://www.zhihu.com/people/vigorhust
http://www.zhihu.com/people/peterobbin
http://www.zhihu.com/people/douban
http://www.zhihu.com/people/dzzk
http://www.zhihu.com/people/zi-lu-4
http://www.zhihu.com/people/zhuwenle
http://www.zhihu.com/people/yingmin
http://www.zhihu.com/people/fanhu
http://www.zhihu.com/people/pooyi
http://www.zhihu.com/people/beingv
http://www.zhihu.com/people/frank-fu
http://www.zhihu.com/people/maxiao
http://www.zhihu.com/people/alonzotang
http://www.zhihu.com/people/yan-xiao-shou
http://www.zhihu.com/people/xiaoy
http://www.zhihu.com/people/wanghaihe
http://www.zhihu.com/people/qsyq
http://www.zhihu.com/people/arjun
http://www.zhihu.com/people/the7space
http://www.zhihu.com/people/zhangjingwei
http://www.zhihu.com/people/lauren-pan
http://www.zhihu.com/people/powerajason
http://www.zhihu.com/people/chenjinnan
http://www.zhihu.com/people/hensejz
http://www.zhihu.com/people/Zhang_Jian
http://www.zhihu.com/people/lihao
http://www.zhihu.com/people/li-cheng-cheng
http://www.zhihu.com/people/icoovoo
http://www.zhihu.com/people/think2action
http://www.zhihu.com/people/kidlg
http://www.zhihu.com/people/nightwing36
http://www.zhihu.com/people/shiney
http://www.zhihu.com/people/shenhaihuai
http://www.zhihu.com/people/shi-k
http://www.zhihu.com/people/delaynomore
http://www.zhihu.com/people/alexzhan
http://www.zhihu.com/people/villasy
http://www.zhihu.com/people/chen-cai
http://www.zhihu.com/people/fu-shui-liu
http://www.zhihu.com/people/maidou
http://www.zhihu.com/people/kidcvs
http://www.zhihu.com/people/zhujiaqi
http://www.zhihu.com/people/LCmoon
http://www.zhihu.com/people/du-yu
http://www.zhihu.com/people/he-kuan
http://www.zhihu.com/people/peng-hu
http://www.zhihu.com/people/zengzhaoling
http://www.zhihu.com/people/dashao77
http://www.zhihu.com/people/fery
http://www.zhihu.com/people/jiales
http://www.zhihu.com/people/shushenggege
http://www.zhihu.com/people/yingyixu
http://www.zhihu.com/people/ruanlong
http://www.zhihu.com/people/lijie829
http://www.zhihu.com/people/zkaip
http://www.zhihu.com/people/li-kai-hua
http://www.zhihu.com/people/ssss
http://www.zhihu.com/people/wuhaoxiang
http://www.zhihu.com/people/chen-zi-yao
http://www.zhihu.com/people/gai-cheng
http://www.zhihu.com/people/wang-zuo-huo
http://www.zhihu.com/people/haozhi
http://www.zhihu.com/people/hunk
http://www.zhihu.com/people/applejam
http://www.zhihu.com/people/silent
http://www.zhihu.com/people/hinz
http://www.zhihu.com/people/zhang-guan-nan-12
http://www.zhihu.com/people/wangxiaobao
http://www.zhihu.com/people/dawancha
http://www.zhihu.com/people/marketing
http://www.zhihu.com/people/wang-sui-xi
http://www.zhihu.com/people/yu-ming-gu-wen-chen-tao
http://www.zhihu.com/people/jiangyun
http://www.zhihu.com/people/xiao-su-da
http://www.zhihu.com/people/disciple
http://www.zhihu.com/people/geng-xiao
http://www.zhihu.com/people/Himawari
http://www.zhihu.com/people/hangmax
http://www.zhihu.com/people/niu-hui
http://www.zhihu.com/people/oooo
http://www.zhihu.com/people/junsong
http://www.zhihu.com/people/qu-zhi-chao
http://www.zhihu.com/people/ekzhu
http://www.zhihu.com/people/g_will
http://www.zhihu.com/people/luyi_61
http://www.zhihu.com/people/he-xu-wen
http://www.zhihu.com/people/heke
http://www.zhihu.com/people/parano
http://www.zhihu.com/people/zhfuliang
http://www.zhihu.com/people/tutuyang
http://www.zhihu.com/people/xutaoyaping
http://www.zhihu.com/people/physical
http://www.zhihu.com/people/lin-xing-cheng
http://www.zhihu.com/people/yuan-xi-jie
http://www.zhihu.com/people/pmcy
http://www.zhihu.com/people/he-ya-qi
http://www.zhihu.com/people/jiangzhongbo
http://www.zhihu.com/people/cha-men-hu-de-xiao-bei-xin
http://www.zhihu.com/people/kekxili
http://www.zhihu.com/people/sasan
http://www.zhihu.com/people/cai-xiao-hu
http://www.zhihu.com/people/spirit-dongdong
http://www.zhihu.com/people/du-mian-19
http://www.zhihu.com/people/walt
http://www.zhihu.com/people/fabulousqi
http://www.zhihu.com/people/chong
http://www.zhihu.com/people/feng-yuan
http://www.zhihu.com/people/wu-wei-23
http://www.zhihu.com/people/var87
http://www.zhihu.com/people/playchao
http://www.zhihu.com/people/wu-dong-huan
http://www.zhihu.com/people/dirty-monkey
http://www.zhihu.com/people/youwoshishui
http://www.zhihu.com/people/jnhy
http://www.zhihu.com/people/tangluyao
http://www.zhihu.com/people/bu-chen
http://www.zhihu.com/people/zernel
http://www.zhihu.com/people/qing-mu-7
http://www.zhihu.com/people/chen-jiu-ling
http://www.zhihu.com/people/zhangrui
http://www.zhihu.com/people/naituida
http://www.zhihu.com/people/winemarketing
http://www.zhihu.com/people/dajingzi
http://www.zhihu.com/people/zhanghao
http://www.zhihu.com/people/freemem
http://www.zhihu.com/people/leano
http://www.zhihu.com/people/cutehalo
http://www.zhihu.com/people/liu-xiao-shu-49
http://www.zhihu.com/people/chin
http://www.zhihu.com/people/jiyinyiyong
http://www.zhihu.com/people/flysky
http://www.zhihu.com/people/yiyuan
http://www.zhihu.com/people/davidwang
http://www.zhihu.com/people/sun-yun-xiao
http://www.zhihu.com/people/su7ao
http://www.zhihu.com/people/singularpse
http://www.zhihu.com/people/jiang-ting
http://www.zhihu.com/people/lolsong
http://www.zhihu.com/people/kollinchu
http://www.zhihu.com/people/cici1223s
http://www.zhihu.com/people/jiang-74
http://www.zhihu.com/people/ma-ying
http://www.zhihu.com/people/chensong
http://www.zhihu.com/people/shansi
http://www.zhihu.com/people/wu-bin-79
http://www.zhihu.com/people/gieog
http://www.zhihu.com/people/eason-90
http://www.zhihu.com/people/hzshen
http://www.zhihu.com/people/xlight
http://www.zhihu.com/people/liu-li-36
http://www.zhihu.com/people/atscu
http://www.zhihu.com/people/JoeyZhi
http://www.zhihu.com/people/maoxin
http://www.zhihu.com/people/sandaray
http://www.zhihu.com/people/ontheroad
http://www.zhihu.com/people/supporter
http://www.zhihu.com/people/zhiyu
http://www.zhihu.com/people/luxuan
http://www.zhihu.com/people/sealon
http://www.zhihu.com/people/cnfy
http://www.zhihu.com/people/walter
http://www.zhihu.com/people/MOOWOO
http://www.zhihu.com/people/jarain
http://www.zhihu.com/people/breeze
http://www.zhihu.com/people/gutao
http://www.zhihu.com/people/zhang-jing-wei
http://www.zhihu.com/people/sunqingxin
http://www.zhihu.com/people/she-zhu-xiang
http://www.zhihu.com/people/2gouzi
http://www.zhihu.com/people/shubin
http://www.zhihu.com/people/sagerastar
http://www.zhihu.com/people/wgyi
http://www.zhihu.com/people/zleee
http://www.zhihu.com/people/renrenkaixin
http://www.zhihu.com/people/cao-ting-ting
http://www.zhihu.com/people/hu-jun
http://www.zhihu.com/people/yyxz007
http://www.zhihu.com/people/gaochunzy
http://www.zhihu.com/people/cheng-yun-biao
http://www.zhihu.com/people/hezhoutingyu
http://www.zhihu.com/people/houjn
http://www.zhihu.com/people/he-jia-78
http://www.zhihu.com/people/hi3w
http://www.zhihu.com/people/liqiang18
http://www.zhihu.com/people/wei-yi
http://www.zhihu.com/people/qiaoy
http://www.zhihu.com/people/ling-wei-jie
http://www.zhihu.com/people/grin
http://www.zhihu.com/people/zhong-zi-wei
http://www.zhihu.com/people/zhao-yan-80
http://www.zhihu.com/people/apin
http://www.zhihu.com/people/hxddh
http://www.zhihu.com/people/luke
http://www.zhihu.com/people/jiangweihang
http://www.zhihu.com/people/Holder
http://www.zhihu.com/people/zach
http://www.zhihu.com/people/Xcode
http://www.zhihu.com/people/zhang-feng-52
http://www.zhihu.com/people/alanfei
http://www.zhihu.com/people/zhu-sha
http://www.zhihu.com/people/scapemars
http://www.zhihu.com/people/xuxusheng
http://www.zhihu.com/people/nearmo
http://www.zhihu.com/people/pei-wen-bin
http://www.zhihu.com/people/wind
http://www.zhihu.com/people/zason
http://www.zhihu.com/people/chen-shi-yao
