http://www.zhihu.com/people/lara-lula
http://www.zhihu.com/people/wan-pu
http://www.zhihu.com/people/gong-zheng-xuan
http://www.zhihu.com/people/danielchen1995
http://www.zhihu.com/people/yang-shu-lin-67
http://www.zhihu.com/people/yan-xin-72
http://www.zhihu.com/people/Newchow
http://www.zhihu.com/people/xiao-shuang-leng
http://www.zhihu.com/people/aix-aix
http://www.zhihu.com/people/lijingquan74
http://www.zhihu.com/people/phonism
http://www.zhihu.com/people/ou-ni-jiang
http://www.zhihu.com/people/hu-shi-hong
http://www.zhihu.com/people/an-zu
http://www.zhihu.com/people/yang-yi-ming-53
http://www.zhihu.com/people/wu-jia-hui-97
http://www.zhihu.com/people/colin-duan
http://www.zhihu.com/people/fang-wen-32
http://www.zhihu.com/people/wu-shan-18
http://www.zhihu.com/people/fuguir
http://www.zhihu.com/people/wu-su-tang
http://www.zhihu.com/people/zhihucara
http://www.zhihu.com/people/liu-da-95
http://www.zhihu.com/people/daydreamer
http://www.zhihu.com/people/zuimai
http://www.zhihu.com/people/xiangjiang
http://www.zhihu.com/people/brian-bravo
http://www.zhihu.com/people/hao-zhe-36
http://www.zhihu.com/people/Jeffsun
http://www.zhihu.com/people/hexiyin
http://www.zhihu.com/people/wang-sheng-80
http://www.zhihu.com/people/chenjianjie
http://www.zhihu.com/people/wang-cong-59-65
http://www.zhihu.com/people/hua-ying-6
http://www.zhihu.com/people/mai-zi-65
http://www.zhihu.com/people/zhangzhennan
http://www.zhihu.com/people/shao-xiong-64
http://www.zhihu.com/people/qujingshi
http://www.zhihu.com/people/yue-hua-shi-se
http://www.zhihu.com/people/zhang-mie-mie-78
http://www.zhihu.com/people/alice-45-16
http://www.zhihu.com/people/lynnlin-25
http://www.zhihu.com/people/sillybrother
http://www.zhihu.com/people/zhengqia
http://www.zhihu.com/people/sun-lin-9
http://www.zhihu.com/people/chen-fan-63
http://www.zhihu.com/people/zhang-qi-cheng-83
http://www.zhihu.com/people/hu-nicholas
http://www.zhihu.com/people/shmily-79
http://www.zhihu.com/people/zhu-lin-yi-yun
http://www.zhihu.com/people/kedoo
http://www.zhihu.com/people/ji-wei-70
http://www.zhihu.com/people/thx1104
http://www.zhihu.com/people/train1110
http://www.zhihu.com/people/yang-yong-54-36
http://www.zhihu.com/people/milkjun
http://www.zhihu.com/people/shabby
http://www.zhihu.com/people/zhu-yong-qian
http://www.zhihu.com/people/hengyi-jiang
http://www.zhihu.com/people/guo-da-lu-13-28
http://www.zhihu.com/people/shark-lee-95
http://www.zhihu.com/people/tan-ri-tian
http://www.zhihu.com/people/elena-ma
http://www.zhihu.com/people/chen-yi-qing-33
http://www.zhihu.com/people/piao-qiu
http://www.zhihu.com/people/yichen
http://www.zhihu.com/people/bruce-24
http://www.zhihu.com/people/wang-ke-li-83
http://www.zhihu.com/people/xie-kai-wen-themisgu
http://www.zhihu.com/people/ye-mu-zhen
http://www.zhihu.com/people/tang-xun-83
http://www.zhihu.com/people/yuwen-xiong
http://www.zhihu.com/people/amos-9
http://www.zhihu.com/people/wang-er-xiao-229
http://www.zhihu.com/people/thoreau-84
http://www.zhihu.com/people/xiao-chu
http://www.zhihu.com/people/jeremy-53
http://www.zhihu.com/people/chen-jadeson
http://www.zhihu.com/people/fukang-chang
http://www.zhihu.com/people/nie-fei-0504
http://www.zhihu.com/people/zheng-quan-quan-63
http://www.zhihu.com/people/li-xu-guang-59
http://www.zhihu.com/people/tian-zi-22
http://www.zhihu.com/people/yang-qing-he-35
http://www.zhihu.com/people/mou-yang-73
http://www.zhihu.com/people/shu-yun-36
http://www.zhihu.com/people/sleepingknight
http://www.zhihu.com/people/meng-fei-59-13
http://www.zhihu.com/people/wu-zhi-yong
http://www.zhihu.com/people/yang-tian-58
http://www.zhihu.com/people/qiyanzhibai
http://www.zhihu.com/people/leenkwun
http://www.zhihu.com/people/zhang-xiu-cai
http://www.zhihu.com/people/zhang-yi-fan-48
http://www.zhihu.com/people/qia-pi-di-en
http://www.zhihu.com/people/hipartner.cn
http://www.zhihu.com/people/alcibiades
http://www.zhihu.com/people/yang-wen-li-23
http://www.zhihu.com/people/zi-mo-qi
http://www.zhihu.com/people/drw121.com
http://www.zhihu.com/people/dong-bewin
http://www.zhihu.com/people/a-bian-36-99
http://www.zhihu.com/people/zhang-lai-xu
http://www.zhihu.com/people/tan-jing-gui
http://www.zhihu.com/people/harriet
http://www.zhihu.com/people/Geoffreyzhang
http://www.zhihu.com/people/liang-hai-xiang
http://www.zhihu.com/people/wen-jin-rong-28
http://www.zhihu.com/people/wang-meng-jun-98
http://www.zhihu.com/people/zhu-bo-tao
http://www.zhihu.com/people/chu-meng-meng
http://www.zhihu.com/people/lu-yun-78-51
http://www.zhihu.com/people/lu-gui-chen-26
http://www.zhihu.com/people/wu-qi-wei-71
http://www.zhihu.com/people/fffff
http://www.zhihu.com/people/zhang-mu-zhi-71
http://www.zhihu.com/people/peoplegxs
http://www.zhihu.com/people/shen-xiao-hui-66
http://www.zhihu.com/people/hailing
http://www.zhihu.com/people/chichiu-lee
http://www.zhihu.com/people/000088
http://www.zhihu.com/people/dai-da-bei
http://www.zhihu.com/people/long-hui-17
http://www.zhihu.com/people/zhou-hao-yu-59
http://www.zhihu.com/people/zhang-ying-zhou-91
http://www.zhihu.com/people/adam-peng
http://www.zhihu.com/people/fjjfjj
http://www.zhihu.com/people/guo-jia-22
http://www.zhihu.com/people/tang-chao-84
http://www.zhihu.com/people/xu-zhi-kang-9
http://www.zhihu.com/people/li-min-zhen
http://www.zhihu.com/people/fly-6
http://www.zhihu.com/people/siouxsie
http://www.zhihu.com/people/brilliant-polaris
http://www.zhihu.com/people/liang-xiao-peng-36
http://www.zhihu.com/people/shu-mu-mu
http://www.zhihu.com/people/ouyangnufang
http://www.zhihu.com/people/yi-zhong-wei
http://www.zhihu.com/people/limonzhou
http://www.zhihu.com/people/zhou-yang-yang-93
http://www.zhihu.com/people/xiao-lin-80
http://www.zhihu.com/people/yin-chen-run
http://www.zhihu.com/people/cheng-ling-jian
http://www.zhihu.com/people/jaychang-34
http://www.zhihu.com/people/Dominic_
http://www.zhihu.com/people/liulv85
http://www.zhihu.com/people/liu-guang-gan
http://www.zhihu.com/people/huang-long-80
http://www.zhihu.com/people/zhong-ye-zi-49
http://www.zhihu.com/people/zhushaoyue
http://www.zhihu.com/people/ljatom
http://www.zhihu.com/people/sang-yifan
http://www.zhihu.com/people/fang-yong-bo
http://www.zhihu.com/people/deathman
http://www.zhihu.com/people/qiutf
http://www.zhihu.com/people/cheng-fang-hang
http://www.zhihu.com/people/646351
http://www.zhihu.com/people/zhu-yixin-42
http://www.zhihu.com/people/wu-song-65
http://www.zhihu.com/people/guhongguangju
http://www.zhihu.com/people/yi-sen-8
http://www.zhihu.com/people/meng-you-zhe-lan-yu
http://www.zhihu.com/people/zhang-fang-zhou
http://www.zhihu.com/people/liang-xin-28
http://www.zhihu.com/people/jiu-ling-43
http://www.zhihu.com/people/xiao-jian-ren-71
http://www.zhihu.com/people/shuuka
http://www.zhihu.com/people/jaromir
http://www.zhihu.com/people/luo-meng-jie
http://www.zhihu.com/people/li-cheng-gan
http://www.zhihu.com/people/yang-chen-70-99
http://www.zhihu.com/people/hong-yiqing-quan
http://www.zhihu.com/people/sky-fall
http://www.zhihu.com/people/celine-53
http://www.zhihu.com/people/backring
http://www.zhihu.com/people/liangkun
http://www.zhihu.com/people/zhang-kai-rong
http://www.zhihu.com/people/aaron-53-82
http://www.zhihu.com/people/liudongkun
http://www.zhihu.com/people/fang-cheng-78-32
http://www.zhihu.com/people/135top
http://www.zhihu.com/people/liu-xin-xin-99
http://www.zhihu.com/people/xiao-she-shuai
http://www.zhihu.com/people/immediate
http://www.zhihu.com/people/ashbei-er
http://www.zhihu.com/people/happycong
http://www.zhihu.com/people/zhao-qi-hui
http://www.zhihu.com/people/er-shao-ye-48
http://www.zhihu.com/people/wu-wen-kui
http://www.zhihu.com/people/chen-qing-23
http://www.zhihu.com/people/killaxe-jie
http://www.zhihu.com/people/niu-niu-36
http://www.zhihu.com/people/he-bo-bo
http://www.zhihu.com/people/tcstar
http://www.zhihu.com/people/qin-kang-bao
http://www.zhihu.com/people/haothings
http://www.zhihu.com/people/tao-ye-82
http://www.zhihu.com/people/fan-ruo-xi-29
http://www.zhihu.com/people/boxiaotu
http://www.zhihu.com/people/lio-snow
http://www.zhihu.com/people/dreamandpoets
http://www.zhihu.com/people/luodachuan
http://www.zhihu.com/people/cheng-fang-ji
http://www.zhihu.com/people/opinion
http://www.zhihu.com/people/guo-xiao-xian
http://www.zhihu.com/people/wang-jia-wei-45-85
http://www.zhihu.com/people/dake
http://www.zhihu.com/people/susushimeinv
http://www.zhihu.com/people/shelockcrc
http://www.zhihu.com/people/zhang-hai-yang-62
http://www.zhihu.com/people/camp
http://www.zhihu.com/people/Maynie
http://www.zhihu.com/people/gao-jing-mo
http://www.zhihu.com/people/xu-jing-66
http://www.zhihu.com/people/Yuliyapeach
http://www.zhihu.com/people/bing-mez
http://www.zhihu.com/people/wang-hao-yuan-44
http://www.zhihu.com/people/lvdesheng
http://www.zhihu.com/people/chinalinbin
http://www.zhihu.com/people/lu-zhuo-pei
http://www.zhihu.com/people/wu-jie-97
http://www.zhihu.com/people/WellBoy
http://www.zhihu.com/people/echo-53
http://www.zhihu.com/people/katie.wang
http://www.zhihu.com/people/xi-zhu-qing
http://www.zhihu.com/people/yin-yao-yao
http://www.zhihu.com/people/yang-zhen-hua
http://www.zhihu.com/people/techoxygen
http://www.zhihu.com/people/yi-zi-mo-37
http://www.zhihu.com/people/dao-xiang-87
http://www.zhihu.com/people/lu-ren-jun-37
http://www.zhihu.com/people/zhang-shi-pu
http://www.zhihu.com/people/yang-shuang-1
http://www.zhihu.com/people/xu-xu-dan
http://www.zhihu.com/people/zhou-yue-64
http://www.zhihu.com/people/zhang-dong-sheng-1
http://www.zhihu.com/people/chun-zhi-ting
http://www.zhihu.com/people/vahva
http://www.zhihu.com/people/chen-lu-nan
http://www.zhihu.com/people/ritaqu
http://www.zhihu.com/people/jiao-mo-27
http://www.zhihu.com/people/zhang-yue-ming-12
http://www.zhihu.com/people/li-qiang-24-97
http://www.zhihu.com/people/er-shi-yi
http://www.zhihu.com/people/fu-zhi-yu-76
http://www.zhihu.com/people/raboll
http://www.zhihu.com/people/xiang-yan-14
http://www.zhihu.com/people/tian-qia
http://www.zhihu.com/people/guo-wei-hua
http://www.zhihu.com/people/cakvfcwz
http://www.zhihu.com/people/fuckzhihu
http://www.zhihu.com/people/zhu-di-53
http://www.zhihu.com/people/timcheung
http://www.zhihu.com/people/zhaoyalong
http://www.zhihu.com/people/zhang-da-biao-ke
http://www.zhihu.com/people/wangzhizhou
http://www.zhihu.com/people/xie-tong-tong-32
http://www.zhihu.com/people/rtuhbf
http://www.zhihu.com/people/lin-bi-mgal
http://www.zhihu.com/people/sun-xiao-lan-94
http://www.zhihu.com/people/cui-hong-84
http://www.zhihu.com/people/li-dong-91-32
http://www.zhihu.com/people/carius-41
http://www.zhihu.com/people/chen-fu-zhou
http://www.zhihu.com/people/Yorunoinori
http://www.zhihu.com/people/wn1986
http://www.zhihu.com/people/shi-long-89
http://www.zhihu.com/people/hu-xing-zhi
http://www.zhihu.com/people/zongtong
http://www.zhihu.com/people/edward-31-35
http://www.zhihu.com/people/twofrogs
http://www.zhihu.com/people/rou-bing
http://www.zhihu.com/people/mei-mei-mei-mei-mei-pi-qi
http://www.zhihu.com/people/wang-gong-20
http://www.zhihu.com/people/suifeng
http://www.zhihu.com/people/chen-wei-bin-40
http://www.zhihu.com/people/dou-shuai-62
http://www.zhihu.com/people/yangluhan1990
http://www.zhihu.com/people/mondaylaugh
http://www.zhihu.com/people/eric-5
http://www.zhihu.com/people/liao-chang-kong
http://www.zhihu.com/people/dogoogles
http://www.zhihu.com/people/jin-chen-he
http://www.zhihu.com/people/bigbigmeywt
http://www.zhihu.com/people/bing-zi-60
http://www.zhihu.com/people/oldmonk
http://www.zhihu.com/people/bi-you-72
http://www.zhihu.com/people/bobblin
http://www.zhihu.com/people/edison-84
http://www.zhihu.com/people/mao-zhu-feng
http://www.zhihu.com/people/york-liu
http://www.zhihu.com/people/allan-xu
http://www.zhihu.com/people/umifam
http://www.zhihu.com/people/yao-hang
http://www.zhihu.com/people/wei-qing-min
http://www.zhihu.com/people/shi-kai-54
http://www.zhihu.com/people/wu-yao-xin-65
http://www.zhihu.com/people/zhengping
http://www.zhihu.com/people/zhang-yang-3
http://www.zhihu.com/people/wang-rui-71-74
http://www.zhihu.com/people/MichaelW
http://www.zhihu.com/people/s5856338
http://www.zhihu.com/people/looli23
http://www.zhihu.com/people/bai-yan-shang-guan
http://www.zhihu.com/people/oxdwayne
http://www.zhihu.com/people/ccat
http://www.zhihu.com/people/cici1223s
http://www.zhihu.com/people/alxe
http://www.zhihu.com/people/liang-kai-zhe-huo-49
http://www.zhihu.com/people/jason-xu-20
http://www.zhihu.com/people/liu-si-si
http://www.zhihu.com/people/colorLee
http://www.zhihu.com/people/zhang-hai-dong-25
http://www.zhihu.com/people/GilgameshK
http://www.zhihu.com/people/chen-xiang-13-2
http://www.zhihu.com/people/bibo
http://www.zhihu.com/people/cyanday
http://www.zhihu.com/people/cai-ti-ran
http://www.zhihu.com/people/tanbamboo
http://www.zhihu.com/people/cachewang
http://www.zhihu.com/people/jiang-zhen-peng
http://www.zhihu.com/people/cherry-3-66
http://www.zhihu.com/people/dan-hungry
http://www.zhihu.com/people/zhu-yi-ge
http://www.zhihu.com/people/just-zhe
http://www.zhihu.com/people/wang-er-71
http://www.zhihu.com/people/malo
http://www.zhihu.com/people/ilab
http://www.zhihu.com/people/advertisements
http://www.zhihu.com/people/di-xiao-bin
http://www.zhihu.com/people/steveren
http://www.zhihu.com/people/tang-mi-9
http://www.zhihu.com/people/liangsong
http://www.zhihu.com/people/funinit
http://www.zhihu.com/people/tu-gao-hui-ge
http://www.zhihu.com/people/tongjinghao
http://www.zhihu.com/people/cao-meng-di
http://www.zhihu.com/people/zhang-chao-80
http://www.zhihu.com/people/liu-quan-chao
http://www.zhihu.com/people/cu-mu
http://www.zhihu.com/people/huo-teng
http://www.zhihu.com/people/tony-hong-43
http://www.zhihu.com/people/silenout
http://www.zhihu.com/people/nsnl
http://www.zhihu.com/people/ledlaohuo
http://www.zhihu.com/people/huanghuihui1991
http://www.zhihu.com/people/jing-xiao-liang
http://www.zhihu.com/people/bo-wen-49
http://www.zhihu.com/people/ju-zi-4
http://www.zhihu.com/people/wicket-gate
http://www.zhihu.com/people/jiangpanyue
http://www.zhihu.com/people/eccman
http://www.zhihu.com/people/leelooluu
http://www.zhihu.com/people/zhu-xiao-wu-77
http://www.zhihu.com/people/wasabi-79
http://www.zhihu.com/people/xu-ke-50
http://www.zhihu.com/people/hu-li-wen-2
http://www.zhihu.com/people/A3R2012
http://www.zhihu.com/people/Felicity
http://www.zhihu.com/people/gaohy
http://www.zhihu.com/people/cainiao
http://www.zhihu.com/people/dica
http://www.zhihu.com/people/yangfan7823
http://www.zhihu.com/people/zhang-yang-60-19
http://www.zhihu.com/people/zshengqi
http://www.zhihu.com/people/jerry-76
http://www.zhihu.com/people/CampusTree
http://www.zhihu.com/people/kalon
http://www.zhihu.com/people/asdzheng
http://www.zhihu.com/people/ihuabing
http://www.zhihu.com/people/xie-shan-yi
http://www.zhihu.com/people/goal_lawyer
http://www.zhihu.com/people/pan-duo-fei
http://www.zhihu.com/people/JamesHsia
http://www.zhihu.com/people/chen-mo-ling
http://www.zhihu.com/people/guo-qiang-65
http://www.zhihu.com/people/dannie-35
http://www.zhihu.com/people/li-yang-89
http://www.zhihu.com/people/knightshady
http://www.zhihu.com/people/namiheike
http://www.zhihu.com/people/Nicodemus
http://www.zhihu.com/people/zhou-da-ren
http://www.zhihu.com/people/xiao-yi-99
http://www.zhihu.com/people/anxious
http://www.zhihu.com/people/sun-bai
http://www.zhihu.com/people/an-zhi-25
http://www.zhihu.com/people/seule
http://www.zhihu.com/people/yskin
http://www.zhihu.com/people/lincoln
http://www.zhihu.com/people/vivixb
http://www.zhihu.com/people/qiao-meng
http://www.zhihu.com/people/li-cheng-13-92
http://www.zhihu.com/people/jinwei536
http://www.zhihu.com/people/liu-huan-78
http://www.zhihu.com/people/xu-fei-96
http://www.zhihu.com/people/wjbf
http://www.zhihu.com/people/luoxr
http://www.zhihu.com/people/martin-bi
http://www.zhihu.com/people/zombie
http://www.zhihu.com/people/Mumagag
http://www.zhihu.com/people/gracelu
http://www.zhihu.com/people/lily-wen
http://www.zhihu.com/people/ding-zhuo-er
http://www.zhihu.com/people/chouthen
http://www.zhihu.com/people/lai-shan-ling
http://www.zhihu.com/people/ai-jia-yuan
http://www.zhihu.com/people/haohaoxuexi
http://www.zhihu.com/people/mutang
http://www.zhihu.com/people/he-de-wen
http://www.zhihu.com/people/weijiaqi
http://www.zhihu.com/people/jie-ying
http://www.zhihu.com/people/song-yi-54
http://www.zhihu.com/people/yshone
http://www.zhihu.com/people/liuyang-37
http://www.zhihu.com/people/sun-peng-chong
http://www.zhihu.com/people/jiang-shan-75
http://www.zhihu.com/people/zhao-lu-chen
http://www.zhihu.com/people/Bknife
http://www.zhihu.com/people/zhang-qiu-qing
http://www.zhihu.com/people/randy1900
http://www.zhihu.com/people/cztchoice
http://www.zhihu.com/people/ding-yi-3
http://www.zhihu.com/people/su-xiao-71
http://www.zhihu.com/people/si-kong-si-ma
http://www.zhihu.com/people/wang-ya-bing
http://www.zhihu.com/people/fu-jia-qi
http://www.zhihu.com/people/wu-wei-96-47
http://www.zhihu.com/people/zhang-hao-65
http://www.zhihu.com/people/byelejoe
http://www.zhihu.com/people/yiyibeta2
http://www.zhihu.com/people/fanting
http://www.zhihu.com/people/zorbas
http://www.zhihu.com/people/guo-zhi-yuan
http://www.zhihu.com/people/hong-shao-heng
http://www.zhihu.com/people/yuan-rong-64
http://www.zhihu.com/people/gu-wei-9
http://www.zhihu.com/people/Libertasss
http://www.zhihu.com/people/liang-yong-hao
http://www.zhihu.com/people/zhang-ge-84
http://www.zhihu.com/people/gymitat
http://www.zhihu.com/people/zhao-yifang
http://www.zhihu.com/people/xie-fen-36
http://www.zhihu.com/people/zhu-jun-qiang
http://www.zhihu.com/people/ywzgb
http://www.zhihu.com/people/yning
http://www.zhihu.com/people/gao-da-li
http://www.zhihu.com/people/zhao-wei-83
http://www.zhihu.com/people/runa-jiang
http://www.zhihu.com/people/Sony
http://www.zhihu.com/people/yang-chun-31
http://www.zhihu.com/people/bluckdj
http://www.zhihu.com/people/peng-yu-huai
http://www.zhihu.com/people/wang8118
http://www.zhihu.com/people/qiu-ling-66
http://www.zhihu.com/people/www.quhuaxue.com
http://www.zhihu.com/people/luoyang11405
http://www.zhihu.com/people/frank-99
http://www.zhihu.com/people/jason911
http://www.zhihu.com/people/wang-wei-82-36-82
http://www.zhihu.com/people/xiong-lu-ming
http://www.zhihu.com/people/du-yu
http://www.zhihu.com/people/gaohan
http://www.zhihu.com/people/wang-sheng-fu-chen
http://www.zhihu.com/people/tian-min-cheng
http://www.zhihu.com/people/wu-jing-46-73
http://www.zhihu.com/people/zhyang-liu
http://www.zhihu.com/people/nordenbox
http://www.zhihu.com/people/wang-yue-hua
http://www.zhihu.com/people/xu-lu-lu
http://www.zhihu.com/people/wu-sheng-ming
http://www.zhihu.com/people/jixin
http://www.zhihu.com/people/maggie-65
http://www.zhihu.com/people/liu-chan-yuan
http://www.zhihu.com/people/jinguokai
http://www.zhihu.com/people/bluellow
http://www.zhihu.com/people/longyu
http://www.zhihu.com/people/zhangcuo
http://www.zhihu.com/people/succosa
http://www.zhihu.com/people/kong-ling-gan
http://www.zhihu.com/people/kennyxk
http://www.zhihu.com/people/yu-ming-gu-wen-chen-tao
http://www.zhihu.com/people/hongju-yang
http://www.zhihu.com/people/heixiong
http://www.zhihu.com/people/costi
http://www.zhihu.com/people/yang-cong-quan-man-tou
http://www.zhihu.com/people/lu-mo-15
http://www.zhihu.com/people/wang-yan-yuan
http://www.zhihu.com/people/zhan-ru-song
http://www.zhihu.com/people/mingyang-84
http://www.zhihu.com/people/wang-li-nuo-77-51
http://www.zhihu.com/people/lei-lei-89
http://www.zhihu.com/people/raymond-wang
http://www.zhihu.com/people/mopjack
http://www.zhihu.com/people/steve-liang
http://www.zhihu.com/people/wang-qiang-49
http://www.zhihu.com/people/fleur
http://www.zhihu.com/people/lao-k
http://www.zhihu.com/people/suodi
http://www.zhihu.com/people/swx1989
http://www.zhihu.com/people/wang-wei-63
http://www.zhihu.com/people/shi-jia-lai
http://www.zhihu.com/people/zhang-ming-jie-37
http://www.zhihu.com/people/david-du
http://www.zhihu.com/people/kekxili
http://www.zhihu.com/people/mao-da-shu
http://www.zhihu.com/people/an-xiao-xi
http://www.zhihu.com/people/fu-er
http://www.zhihu.com/people/zaiyiqi
http://www.zhihu.com/people/wugr
http://www.zhihu.com/people/su-xiao-___
http://www.zhihu.com/people/Victorique
http://www.zhihu.com/people/bfjiaren
http://www.zhihu.com/people/pussir
http://www.zhihu.com/people/positive52energy
http://www.zhihu.com/people/yan-fei-88
http://www.zhihu.com/people/PeterDeng
http://www.zhihu.com/people/liu-xiang-zhu
http://www.zhihu.com/people/chung
http://www.zhihu.com/people/lianpangzi
http://www.zhihu.com/people/lihua
http://www.zhihu.com/people/wang-wen-ping
http://www.zhihu.com/people/cklover
http://www.zhihu.com/people/linmengyin
http://www.zhihu.com/people/chengyuan
http://www.zhihu.com/people/luxjuve
