http://www.zhihu.com/people/ding-tao-30
http://www.zhihu.com/people/ying-49
http://www.zhihu.com/people/xiang-pei
http://www.zhihu.com/people/zhang-pei518710
http://www.zhihu.com/people/qiu-chang-sa-er
http://www.zhihu.com/people/bao-li-di-tie
http://www.zhihu.com/people/ying-ji-73
http://www.zhihu.com/people/wang-jing-27-65
http://www.zhihu.com/people/lao-da-ge-53
http://www.zhihu.com/people/liu-xiao-guai-89
http://www.zhihu.com/people/jiao-sha-ye
http://www.zhihu.com/people/zhengbuyuan
http://www.zhihu.com/people/kkkkkira
http://www.zhihu.com/people/leiqinbang
http://www.zhihu.com/people/ma-hui-52
http://www.zhihu.com/people/ellen-44-94
http://www.zhihu.com/people/han-liang-hanl
http://www.zhihu.com/people/liu-ze-18-75
http://www.zhihu.com/people/ding-ding-84-86
http://www.zhihu.com/people/lin-wang-wei
http://www.zhihu.com/people/dong-ya-ya-55
http://www.zhihu.com/people/yuan-you-tao-25
http://www.zhihu.com/people/qian-jing-wei
http://www.zhihu.com/people/ma-zhong-58
http://www.zhihu.com/people/feng-xin-1-75
http://www.zhihu.com/people/khaki-29
http://www.zhihu.com/people/pan-shi-yun
http://www.zhihu.com/people/li-xiao-ge-1993
http://www.zhihu.com/people/mazimin
http://www.zhihu.com/people/zhang-miao-miao-74
http://www.zhihu.com/people/jiang-jia-yin-18
http://www.zhihu.com/people/yang-xiao-xie-60
http://www.zhihu.com/people/meng-yu-yao
http://www.zhihu.com/people/dong-xi-78-92
http://www.zhihu.com/people/rui-feng-lan-yi
http://www.zhihu.com/people/haileyzhang-hai-li
http://www.zhihu.com/people/bi-peng
http://www.zhihu.com/people/wen-da-ya-55
http://www.zhihu.com/people/liu-shuai-55-43
http://www.zhihu.com/people/ri-ye-qian-chi
http://www.zhihu.com/people/george-giuseppe
http://www.zhihu.com/people/bao-bao-59-66
http://www.zhihu.com/people/zhang-pu-98
http://www.zhihu.com/people/liang-yi-shi-62
http://www.zhihu.com/people/chengxiaoyi
http://www.zhihu.com/people/miao-66
http://www.zhihu.com/people/jia-sheng-89
http://www.zhihu.com/people/li-bo-yu-85
http://www.zhihu.com/people/yu-zhe-32-34
http://www.zhihu.com/people/ri-zhao-qing-yuan
http://www.zhihu.com/people/paranoia-11
http://www.zhihu.com/people/wang-xiao-80-42
http://www.zhihu.com/people/li-si-gu-niang
http://www.zhihu.com/people/xiao-dao-uniq
http://www.zhihu.com/people/quan-min-en
http://www.zhihu.com/people/megan-ma
http://www.zhihu.com/people/xia-zi-mi
http://www.zhihu.com/people/hu-di-57-16
http://www.zhihu.com/people/li-jun-15-65
http://www.zhihu.com/people/mapengze
http://www.zhihu.com/people/dai-jia-hang
http://www.zhihu.com/people/liu-yang-xue
http://www.zhihu.com/people/liu-yuan-13-26
http://www.zhihu.com/people/feng-tian-ze
http://www.zhihu.com/people/plum-93
http://www.zhihu.com/people/zhou-xiao-yu-33
http://www.zhihu.com/people/000088
http://www.zhihu.com/people/zhang-yuan-97-63
http://www.zhihu.com/people/will-cao
http://www.zhihu.com/people/zhen-ming-zhi
http://www.zhihu.com/people/zhang-ying-zhou-91
http://www.zhihu.com/people/dai-xiao-xi-70
http://www.zhihu.com/people/wei--14
http://www.zhihu.com/people/yang-er-long
http://www.zhihu.com/people/wangzhaowen
http://www.zhihu.com/people/stephanie-73
http://www.zhihu.com/people/su-xiao-bei1911
http://www.zhihu.com/people/xi-pei-jun
http://www.zhihu.com/people/zheng-jun-53
http://www.zhihu.com/people/gao-guang-ze
http://www.zhihu.com/people/ri-ben-da-cong
http://www.zhihu.com/people/robster
http://www.zhihu.com/people/ge-li-fen
http://www.zhihu.com/people/sunny-69
http://www.zhihu.com/people/zhan-jia
http://www.zhihu.com/people/wang-ran-ran-28
http://www.zhihu.com/people/feng-xiao-chang
http://www.zhihu.com/people/loveqanswer
http://www.zhihu.com/people/macong
http://www.zhihu.com/people/weirdolion
http://www.zhihu.com/people/wang-jia-wei-45-85
http://www.zhihu.com/people/domire
http://www.zhihu.com/people/li-jia-lin-22
http://www.zhihu.com/people/rene-zhu
http://www.zhihu.com/people/singularity
http://www.zhihu.com/people/zhang-shuo-4
http://www.zhihu.com/people/xu-ke-61
http://www.zhihu.com/people/luoxr
http://www.zhihu.com/people/wang-chun-ze-44
http://www.zhihu.com/people/kissone
http://www.zhihu.com/people/xddxy
http://www.zhihu.com/people/gaoan
http://www.zhihu.com/people/xiahao
http://www.zhihu.com/people/xiong-mao-chuan-ren
