http://www.zhihu.com/people/yu-kun-27
http://www.zhihu.com/people/zhao-shuai-60
http://www.zhihu.com/people/lu-xin-88
http://www.zhihu.com/people/xavo-sli
http://www.zhihu.com/people/davi-q
http://www.zhihu.com/people/zhao-wen-bin-84
http://www.zhihu.com/people/ethonlau
http://www.zhihu.com/people/shu-ba-ge
http://www.zhihu.com/people/gao-gao-72
http://www.zhihu.com/people/li-yi-nan
http://www.zhihu.com/people/nicing
http://www.zhihu.com/people/aroundzw
http://www.zhihu.com/people/zehua
http://www.zhihu.com/people/neil-35-70
http://www.zhihu.com/people/ayr1
http://www.zhihu.com/people/pan-chao-57
http://www.zhihu.com/people/bewho
http://www.zhihu.com/people/maoxinyu
http://www.zhihu.com/people/sui-xiang
http://www.zhihu.com/people/cai-sheng-lin
http://www.zhihu.com/people/gavenzhang
http://www.zhihu.com/people/li-yifan-27
http://www.zhihu.com/people/roshanwu
http://www.zhihu.com/people/starose
http://www.zhihu.com/people/hu-xiao-dong-93
http://www.zhihu.com/people/jun-yi-14
http://www.zhihu.com/people/zhang-qiang-93
http://www.zhihu.com/people/yjw022yjw
http://www.zhihu.com/people/wolfxl
http://www.zhihu.com/people/cheng-fang-hang
http://www.zhihu.com/people/sun-lin-9
http://www.zhihu.com/people/kong495
http://www.zhihu.com/people/felixwu
http://www.zhihu.com/people/xia-yue-2
http://www.zhihu.com/people/milky-19
http://www.zhihu.com/people/a-hun
http://www.zhihu.com/people/suga3
http://www.zhihu.com/people/GilgameshK
http://www.zhihu.com/people/li-rong-31
http://www.zhihu.com/people/tan-ri-tian
http://www.zhihu.com/people/soluna
http://www.zhihu.com/people/cui-yi-ran
http://www.zhihu.com/people/yujingye
http://www.zhihu.com/people/iamin
http://www.zhihu.com/people/liu-yuyang
http://www.zhihu.com/people/Mr.F
http://www.zhihu.com/people/he-yuan-sheng
http://www.zhihu.com/people/shakechan
http://www.zhihu.com/people/chenjianferrari
http://www.zhihu.com/people/Jakezhou
http://www.zhihu.com/people/tu-zhi-hong
http://www.zhihu.com/people/joe-hero
http://www.zhihu.com/people/li-qin-51
http://www.zhihu.com/people/jovanyang
http://www.zhihu.com/people/williamlam
http://www.zhihu.com/people/yang-zheng-91
http://www.zhihu.com/people/koofrank
http://www.zhihu.com/people/raymond-wang
http://www.zhihu.com/people/Hiien
http://www.zhihu.com/people/Dominic_
http://www.zhihu.com/people/jacky
http://www.zhihu.com/people/lu-gui-chen-26
http://www.zhihu.com/people/royal-uncle
http://www.zhihu.com/people/liveme
http://www.zhihu.com/people/xiao-chu
http://www.zhihu.com/people/nan-di-er
http://www.zhihu.com/people/ni-yang-yi
http://www.zhihu.com/people/wei-ta-bing
http://www.zhihu.com/people/iseesea
http://www.zhihu.com/people/chenwentao5
http://www.zhihu.com/people/thrego
http://www.zhihu.com/people/gao-wen-jun
http://www.zhihu.com/people/zhu-ge-kang-34
http://www.zhihu.com/people/li-wei-36-39
http://www.zhihu.com/people/nndnnd
http://www.zhihu.com/people/uiazoul
http://www.zhihu.com/people/vagase
http://www.zhihu.com/people/Woman-day
http://www.zhihu.com/people/zhu-bo-tao
http://www.zhihu.com/people/prome-brooks
http://www.zhihu.com/people/blackgecko
http://www.zhihu.com/people/Chen-Yaning
http://www.zhihu.com/people/wen-yi
http://www.zhihu.com/people/li-yang-90-43
http://www.zhihu.com/people/miqilin
http://www.zhihu.com/people/gs.ux
http://www.zhihu.com/people/godwinwang
http://www.zhihu.com/people/he-jun-zhi
http://www.zhihu.com/people/000088
http://www.zhihu.com/people/li-zhi-ming-87
http://www.zhihu.com/people/qichong
http://www.zhihu.com/people/Lynn-chai
http://www.zhihu.com/people/wang-er-29-71
http://www.zhihu.com/people/mrzimmer
http://www.zhihu.com/people/gao-ling-ling
http://www.zhihu.com/people/jixiaomo
http://www.zhihu.com/people/sjzh
http://www.zhihu.com/people/jimsoupchen
http://www.zhihu.com/people/ma-ping-chuan-13
http://www.zhihu.com/people/ruanzhengzhi
http://www.zhihu.com/people/reconder
http://www.zhihu.com/people/mu-yan-wen
http://www.zhihu.com/people/chentu
http://www.zhihu.com/people/philip-mo
http://www.zhihu.com/people/wu-fan-5-4
http://www.zhihu.com/people/noyaliu
http://www.zhihu.com/people/sanmuzz
http://www.zhihu.com/people/fyauto
http://www.zhihu.com/people/dwar
http://www.zhihu.com/people/clickon
http://www.zhihu.com/people/jiangnanxi
http://www.zhihu.com/people/xia-hai-ping
http://www.zhihu.com/people/yang-tian-nan
http://www.zhihu.com/people/sheltonli
http://www.zhihu.com/people/liu-wan-ping-93
http://www.zhihu.com/people/yu-jin-yao
http://www.zhihu.com/people/kermitc
http://www.zhihu.com/people/zhong-ye-zi-49
http://www.zhihu.com/people/iamsdx
http://www.zhihu.com/people/manner
http://www.zhihu.com/people/zhongwei
http://www.zhihu.com/people/unted
http://www.zhihu.com/people/UID-JasonLee
http://www.zhihu.com/people/jinnan527
http://www.zhihu.com/people/vesperzhao
http://www.zhihu.com/people/wang-fei-24
http://www.zhihu.com/people/yangyue
http://www.zhihu.com/people/hong-ying-10
http://www.zhihu.com/people/mokie
http://www.zhihu.com/people/lesenanimation
http://www.zhihu.com/people/windhk
http://www.zhihu.com/people/song-jin-chang
http://www.zhihu.com/people/zhengziyang
http://www.zhihu.com/people/zhou-jia-peng-6
http://www.zhihu.com/people/a-kun-71
http://www.zhihu.com/people/li-te-33
http://www.zhihu.com/people/zblshine1989
http://www.zhihu.com/people/gisen_6
http://www.zhihu.com/people/lushnis
http://www.zhihu.com/people/zkyo
http://www.zhihu.com/people/bengirl
http://www.zhihu.com/people/horace
http://www.zhihu.com/people/zway
http://www.zhihu.com/people/whshang
http://www.zhihu.com/people/jagode
http://www.zhihu.com/people/wheam
http://www.zhihu.com/people/honru
http://www.zhihu.com/people/zhou-yuan-21
http://www.zhihu.com/people/sherrik
http://www.zhihu.com/people/lanmo520
http://www.zhihu.com/people/Acmenyz
http://www.zhihu.com/people/rivers
http://www.zhihu.com/people/vvdpzz
http://www.zhihu.com/people/mengdesen
http://www.zhihu.com/people/buluka
http://www.zhihu.com/people/Beekay
http://www.zhihu.com/people/hinsingho
http://www.zhihu.com/people/liang-qi-qin
http://www.zhihu.com/people/zhipei
http://www.zhihu.com/people/liu-ren-jie-84
http://www.zhihu.com/people/li-xin-yu-25
http://www.zhihu.com/people/wang-zheng-xin
http://www.zhihu.com/people/rinchy
http://www.zhihu.com/people/xiehowe
http://www.zhihu.com/people/xu-jing-jin
http://www.zhihu.com/people/da-da-da-xiong
http://www.zhihu.com/people/laotod
http://www.zhihu.com/people/jackey-jiang
http://www.zhihu.com/people/williamzhang515
http://www.zhihu.com/people/chrisyuan-71
http://www.zhihu.com/people/huang-wen-6
http://www.zhihu.com/people/li-xu-55-49
http://www.zhihu.com/people/zhang-shi-pu
http://www.zhihu.com/people/care
http://www.zhihu.com/people/myersguo
http://www.zhihu.com/people/rockyellow
http://www.zhihu.com/people/mo-mo-cha
http://www.zhihu.com/people/herbert7
http://www.zhihu.com/people/ersuwei
http://www.zhihu.com/people/guo-bing-ran
http://www.zhihu.com/people/yang-za-sui
http://www.zhihu.com/people/liutong
http://www.zhihu.com/people/qiu-sheng-35
http://www.zhihu.com/people/vding
http://www.zhihu.com/people/ming-hao-78
http://www.zhihu.com/people/xu-teng-fei-13
http://www.zhihu.com/people/jiaowei
http://www.zhihu.com/people/chen-jin-lei
http://www.zhihu.com/people/pan-xi-ting
http://www.zhihu.com/people/zhonglie
http://www.zhihu.com/people/feelfantasy
http://www.zhihu.com/people/fireos
http://www.zhihu.com/people/dong-xin-ji
http://www.zhihu.com/people/li-ao-71
http://www.zhihu.com/people/evilliu
http://www.zhihu.com/people/summersusea
http://www.zhihu.com/people/zhao-zi-quan
http://www.zhihu.com/people/niu-zou
http://www.zhihu.com/people/yin-hui-97
http://www.zhihu.com/people/xie-bin-si
http://www.zhihu.com/people/yang-kai-427
http://www.zhihu.com/people/wang-zhi-zhi-82
http://www.zhihu.com/people/jiang-ge
http://www.zhihu.com/people/tongjinghao
http://www.zhihu.com/people/xuzhe1224
http://www.zhihu.com/people/zhu-chen-di-44
http://www.zhihu.com/people/kyon-n
http://www.zhihu.com/people/LindsayD
http://www.zhihu.com/people/shaoyaoz
http://www.zhihu.com/people/zhu-tao-23-34
http://www.zhihu.com/people/gran-43
http://www.zhihu.com/people/Bohe004
http://www.zhihu.com/people/jaysowen
http://www.zhihu.com/people/shinno
http://www.zhihu.com/people/wang-jin-wei-28
http://www.zhihu.com/people/zhou-xiao-neng-56
http://www.zhihu.com/people/yan-er-jane
http://www.zhihu.com/people/liang-guo-qing
http://www.zhihu.com/people/yuan-bing-tao
http://www.zhihu.com/people/liu-yang-18-26-66
http://www.zhihu.com/people/wangweizhe
http://www.zhihu.com/people/kongkang
http://www.zhihu.com/people/huang-tian-ze
http://www.zhihu.com/people/sumblink
http://www.zhihu.com/people/zhao-bin-47-11
http://www.zhihu.com/people/zhang-ai-fei
http://www.zhihu.com/people/xiao-su-27
http://www.zhihu.com/people/li-wei-si-303
http://www.zhihu.com/people/xiliang
http://www.zhihu.com/people/zhengwuzhou
http://www.zhihu.com/people/celery-49
http://www.zhihu.com/people/yuxiongfeng
http://www.zhihu.com/people/liqili
http://www.zhihu.com/people/papatrick
http://www.zhihu.com/people/havenyi
http://www.zhihu.com/people/hu-min-77
http://www.zhihu.com/people/hu-han-22
http://www.zhihu.com/people/liu-jin-70
http://www.zhihu.com/people/xiao-qing-qing-55
http://www.zhihu.com/people/CCAV1
http://www.zhihu.com/people/zhou-mu-yun-50
http://www.zhihu.com/people/yellow
http://www.zhihu.com/people/lu-nan-86
http://www.zhihu.com/people/world
http://www.zhihu.com/people/wen-ru-yan-20
http://www.zhihu.com/people/shitianxiao
http://www.zhihu.com/people/zhang-zhong-qi
http://www.zhihu.com/people/lincoln-xie
http://www.zhihu.com/people/wangchaowen
http://www.zhihu.com/people/qiaoxiansheng
http://www.zhihu.com/people/hong-wei-96
http://www.zhihu.com/people/songjiayue
http://www.zhihu.com/people/bigtran
http://www.zhihu.com/people/huang-wei-yun
http://www.zhihu.com/people/xi-zhu-qing
http://www.zhihu.com/people/ajason
http://www.zhihu.com/people/zean-lee
http://www.zhihu.com/people/chen-kang-sheng
http://www.zhihu.com/people/cui-yu-58
http://www.zhihu.com/people/baozhu
http://www.zhihu.com/people/liu-yao-42
http://www.zhihu.com/people/jin-hao-61
http://www.zhihu.com/people/alan-15
http://www.zhihu.com/people/woodboy456
http://www.zhihu.com/people/feversun
http://www.zhihu.com/people/wang-shui-89
http://www.zhihu.com/people/growingyears
http://www.zhihu.com/people/gegewu
http://www.zhihu.com/people/ivanxiang
http://www.zhihu.com/people/muwei
http://www.zhihu.com/people/zachwang
http://www.zhihu.com/people/deng-shen
http://www.zhihu.com/people/guo-xin-99
http://www.zhihu.com/people/hu-dong-hao
http://www.zhihu.com/people/fisheep
http://www.zhihu.com/people/selangtao
http://www.zhihu.com/people/mao-xiao-long-56
http://www.zhihu.com/people/dannybaobei7
http://www.zhihu.com/people/jameshui-tai
http://www.zhihu.com/people/yarkb
http://www.zhihu.com/people/ai-ma-wang
http://www.zhihu.com/people/wang-huan-60
http://www.zhihu.com/people/javen
http://www.zhihu.com/people/dai-shang-qing
http://www.zhihu.com/people/donhi
http://www.zhihu.com/people/gao-xing-93
http://www.zhihu.com/people/liu-shao-peng
http://www.zhihu.com/people/chen-wang-jiang
http://www.zhihu.com/people/hua-tong
http://www.zhihu.com/people/mei-jia-hao
http://www.zhihu.com/people/wei-mo-14
http://www.zhihu.com/people/mondrian-chau
http://www.zhihu.com/people/huang-xing-zhi-28
http://www.zhihu.com/people/lucigl
http://www.zhihu.com/people/GavinQi
http://www.zhihu.com/people/chen-ye-30-8
http://www.zhihu.com/people/wu-dan-59
http://www.zhihu.com/people/pan-zi-xi
http://www.zhihu.com/people/change-li
http://www.zhihu.com/people/navras
http://www.zhihu.com/people/allank21
http://www.zhihu.com/people/shen-yin
http://www.zhihu.com/people/chen-yang-xin-38
http://www.zhihu.com/people/dickyshu
http://www.zhihu.com/people/luan-hong-yin
http://www.zhihu.com/people/li-ling-xiang
http://www.zhihu.com/people/tt2012
http://www.zhihu.com/people/zhou-da-mao
http://www.zhihu.com/people/lu-qiu-chen
http://www.zhihu.com/people/an-zi-hao
http://www.zhihu.com/people/xing-gan-yu-mi-70
http://www.zhihu.com/people/xie-si-ming-39
http://www.zhihu.com/people/chang-jing-jing-59
http://www.zhihu.com/people/tina-36
http://www.zhihu.com/people/fograin
http://www.zhihu.com/people/apollo1234
http://www.zhihu.com/people/neroh
http://www.zhihu.com/people/Johnicoo
http://www.zhihu.com/people/zhang-xiao-lu-99
http://www.zhihu.com/people/xinlinyang
http://www.zhihu.com/people/yang-cong-quan-man-tou
http://www.zhihu.com/people/zya-ran
http://www.zhihu.com/people/answer4
http://www.zhihu.com/people/xulong5230
http://www.zhihu.com/people/tang-zhe-30
http://www.zhihu.com/people/yang-qi-fan-32
http://www.zhihu.com/people/www.jupeterlee.com
http://www.zhihu.com/people/mao-tao-76
http://www.zhihu.com/people/fan-wen-ju
http://www.zhihu.com/people/mcwong
http://www.zhihu.com/people/liutingji
http://www.zhihu.com/people/andy0908
http://www.zhihu.com/people/wang-yi-46
http://www.zhihu.com/people/jasonchang
http://www.zhihu.com/people/yinbaodian
http://www.zhihu.com/people/yan-bao-hui
http://www.zhihu.com/people/yi-shan-lan-fu
http://www.zhihu.com/people/chen-qing-yang-51
http://www.zhihu.com/people/ylsn
http://www.zhihu.com/people/gan-li-cang
http://www.zhihu.com/people/tan-momo
http://www.zhihu.com/people/jasonfu
http://www.zhihu.com/people/meng-yang-40-35
http://www.zhihu.com/people/guren
http://www.zhihu.com/people/zhang-han-wen-86
http://www.zhihu.com/people/lisongke
http://www.zhihu.com/people/fujoshi
http://www.zhihu.com/people/reknave
http://www.zhihu.com/people/max7m5s
http://www.zhihu.com/people/ge-ge-wu
http://www.zhihu.com/people/wang-xiao-yue-86
http://www.zhihu.com/people/hi-yz
http://www.zhihu.com/people/yue-ya
http://www.zhihu.com/people/nishuang
http://www.zhihu.com/people/yu-chuan-60
http://www.zhihu.com/people/tusiji
http://www.zhihu.com/people/jiong-cong
http://www.zhihu.com/people/josef
http://www.zhihu.com/people/fan-bin-9
http://www.zhihu.com/people/liao-han-yu
http://www.zhihu.com/people/imok
http://www.zhihu.com/people/zhang-chilp
http://www.zhihu.com/people/zhao-qi-fan
http://www.zhihu.com/people/zhang-hui-71-98
http://www.zhihu.com/people/sun-chao-98
http://www.zhihu.com/people/dong-fei
http://www.zhihu.com/people/nie-cheng-17
http://www.zhihu.com/people/neozhang
http://www.zhihu.com/people/jian-yi-40
http://www.zhihu.com/people/yang-momo1993
http://www.zhihu.com/people/thirtyjin
http://www.zhihu.com/people/HabWang
http://www.zhihu.com/people/xianglifei
http://www.zhihu.com/people/tovibox
http://www.zhihu.com/people/nhsoft
http://www.zhihu.com/people/wang-dan-33-73
http://www.zhihu.com/people/yshone
http://www.zhihu.com/people/qing-mang
http://www.zhihu.com/people/huang-ji-xin-99
http://www.zhihu.com/people/qu-peng-55
http://www.zhihu.com/people/zi-xi-3
http://www.zhihu.com/people/taylor-95
http://www.zhihu.com/people/tian-tian-23
http://www.zhihu.com/people/zhao-shu-chen-29
http://www.zhihu.com/people/xu-yong-jia
http://www.zhihu.com/people/llijian
http://www.zhihu.com/people/aryee
http://www.zhihu.com/people/nail2049
http://www.zhihu.com/people/zhang-hai-tian
http://www.zhihu.com/people/ren-zhi-gang
http://www.zhihu.com/people/zhou-que-58
http://www.zhihu.com/people/vincent-GDUFSer
http://www.zhihu.com/people/kou-fei-46
http://www.zhihu.com/people/zhao-suo
http://www.zhihu.com/people/liu-yun-fei-75
http://www.zhihu.com/people/zhao-hao-chen
http://www.zhihu.com/people/youshengrong
http://www.zhihu.com/people/li-min-70
http://www.zhihu.com/people/chen-tian-li
http://www.zhihu.com/people/li-bai-he-62
http://www.zhihu.com/people/li-bei-qie
http://www.zhihu.com/people/huang-yu-jing-43
http://www.zhihu.com/people/zecheng
http://www.zhihu.com/people/wang-guo-yu
http://www.zhihu.com/people/da-gui-39
http://www.zhihu.com/people/zhang-xiao-huan-48
http://www.zhihu.com/people/zhang-bo-wen-72-91
http://www.zhihu.com/people/li-dong-qi
http://www.zhihu.com/people/onlyyou
http://www.zhihu.com/people/wang-tong-wei
http://www.zhihu.com/people/xu-cong-63
http://www.zhihu.com/people/sun-qi-86
http://www.zhihu.com/people/martin-55
http://www.zhihu.com/people/wu-dan-dan-24
http://www.zhihu.com/people/feng-shan-shui
http://www.zhihu.com/people/lizhicong
http://www.zhihu.com/people/nong-jun
http://www.zhihu.com/people/drizzlep
http://www.zhihu.com/people/loafer
http://www.zhihu.com/people/da-wei-19-80
http://www.zhihu.com/people/wickeywinnie
http://www.zhihu.com/people/lavi
http://www.zhihu.com/people/fang-tao-90
http://www.zhihu.com/people/jiao-en-wei
http://www.zhihu.com/people/nodyoungman
http://www.zhihu.com/people/zhang-mao-ran
http://www.zhihu.com/people/liu-fei-77-45
http://www.zhihu.com/people/feng_gao
http://www.zhihu.com/people/zhou-tian-83
http://www.zhihu.com/people/hong-jie-hong
http://www.zhihu.com/people/godling
http://www.zhihu.com/people/cui-wei-80
http://www.zhihu.com/people/dong-dong-ding
http://www.zhihu.com/people/Eth4n
http://www.zhihu.com/people/lu-yan-gx
http://www.zhihu.com/people/PengObama
http://www.zhihu.com/people/seeyou-seeme.com
http://www.zhihu.com/people/liangers
http://www.zhihu.com/people/james-fong
http://www.zhihu.com/people/fu-jia-qi
http://www.zhihu.com/people/dakewang
http://www.zhihu.com/people/kunee
http://www.zhihu.com/people/liuyong25
http://www.zhihu.com/people/zheng-xi-de
http://www.zhihu.com/people/williaminside
http://www.zhihu.com/people/uedreamer
http://www.zhihu.com/people/soong
http://www.zhihu.com/people/gnap
http://www.zhihu.com/people/josmond
http://www.zhihu.com/people/qi.zhang
http://www.zhihu.com/people/avatarye
http://www.zhihu.com/people/dzsftbh
http://www.zhihu.com/people/shinetse
http://www.zhihu.com/people/li-wei-97-83
http://www.zhihu.com/people/bin711
http://www.zhihu.com/people/li-xin-yang
http://www.zhihu.com/people/zheng-da-qian-30
http://www.zhihu.com/people/liujing
http://www.zhihu.com/people/iceblues
http://www.zhihu.com/people/M02E
http://www.zhihu.com/people/wu-bi-bo
http://www.zhihu.com/people/holybreeze
http://www.zhihu.com/people/mavisln
http://www.zhihu.com/people/fang-yuan
http://www.zhihu.com/people/hao-xin-97
http://www.zhihu.com/people/yuquan
http://www.zhihu.com/people/mingyi
http://www.zhihu.com/people/sun-zhu-liang
http://www.zhihu.com/people/feng-sun-ying
http://www.zhihu.com/people/guo-gui-jun
http://www.zhihu.com/people/wang-jing-29-44
http://www.zhihu.com/people/ihuabing
http://www.zhihu.com/people/hu-bing-67
http://www.zhihu.com/people/zhu-guang-yu
http://www.zhihu.com/people/zhou-zheng-9
http://www.zhihu.com/people/wen-qi-51
http://www.zhihu.com/people/guo-xue-qin-7
http://www.zhihu.com/people/gongjun
http://www.zhihu.com/people/liu-wei-feng-90
http://www.zhihu.com/people/huangrong
http://www.zhihu.com/people/stevo
http://www.zhihu.com/people/shawn-4-79
http://www.zhihu.com/people/zhou-wen-jun-73
http://www.zhihu.com/people/cai-run-peng
http://www.zhihu.com/people/pingoflove
http://www.zhihu.com/people/li-peng-yu
http://www.zhihu.com/people/xie-jun-ting-53
http://www.zhihu.com/people/lan-meng-shan
http://www.zhihu.com/people/oiccme
http://www.zhihu.com/people/sedgwickz
http://www.zhihu.com/people/jabberzhang
http://www.zhihu.com/people/xie-chao-82
http://www.zhihu.com/people/wang-nan-82
http://www.zhihu.com/people/yin-yu-96
http://www.zhihu.com/people/cai-qing-qing
http://www.zhihu.com/people/chong-ruo
http://www.zhihu.com/people/xiaomadota
http://www.zhihu.com/people/jiang-da-hua-88
http://www.zhihu.com/people/jia-lei-82
http://www.zhihu.com/people/copper-friddle
http://www.zhihu.com/people/sun-ha-le
http://www.zhihu.com/people/cheng-yuan-58
http://www.zhihu.com/people/wang-han-97
http://www.zhihu.com/people/zhao-xin-yu-89
http://www.zhihu.com/people/jacob-14
http://www.zhihu.com/people/positive52energy
http://www.zhihu.com/people/jee-62
http://www.zhihu.com/people/stone-wong
http://www.zhihu.com/people/zhao-xu-56
http://www.zhihu.com/people/yang-li-zhong-37-77
http://www.zhihu.com/people/dikanong
http://www.zhihu.com/people/gui-meng-yuan
http://www.zhihu.com/people/jessicazhang-85
http://www.zhihu.com/people/xu-xiao-mu-15
http://www.zhihu.com/people/JarinYuan
http://www.zhihu.com/people/wu-wei-96-47
http://www.zhihu.com/people/ren-peng-14
http://www.zhihu.com/people/liu-li-hua-49
http://www.zhihu.com/people/leebone
http://www.zhihu.com/people/eddiewithyou
http://www.zhihu.com/people/thek
http://www.zhihu.com/people/dong-qiao-8
http://www.zhihu.com/people/twocucao
http://www.zhihu.com/people/huntor
http://www.zhihu.com/people/zhang-xin-93
http://www.zhihu.com/people/si-chun
http://www.zhihu.com/people/wildtech
http://www.zhihu.com/people/liu-han-62
http://www.zhihu.com/people/pan-guan
http://www.zhihu.com/people/he-he-97-63
http://www.zhihu.com/people/netsos
http://www.zhihu.com/people/wen-ting-88
http://www.zhihu.com/people/mai-tian-77
http://www.zhihu.com/people/luowen
http://www.zhihu.com/people/zhao-yan-68-57
http://www.zhihu.com/people/greengnn
http://www.zhihu.com/people/shu-yu-tian
http://www.zhihu.com/people/yu-mo-li
http://www.zhihu.com/people/tian-yan-rong
http://www.zhihu.com/people/abcdefg
http://www.zhihu.com/people/he-yue-xiang
http://www.zhihu.com/people/rancoo
http://www.zhihu.com/people/jerrylu
http://www.zhihu.com/people/yushang
http://www.zhihu.com/people/wang-xiao-lei-92-24
http://www.zhihu.com/people/garycruise
http://www.zhihu.com/people/zhang-yan-31-99
http://www.zhihu.com/people/kuang-hong-liang-25
http://www.zhihu.com/people/julyvoice
http://www.zhihu.com/people/li-mei-97-33
http://www.zhihu.com/people/zhang-cheng-yuan
http://www.zhihu.com/people/wochenzui
http://www.zhihu.com/people/88sir
http://www.zhihu.com/people/zhuxiaodong
http://www.zhihu.com/people/zero-19
http://www.zhihu.com/people/MISSSEXY
http://www.zhihu.com/people/wandsworder
http://www.zhihu.com/people/heixiong
http://www.zhihu.com/people/akuan
http://www.zhihu.com/people/zchening
http://www.zhihu.com/people/zhuang-yun-jie
http://www.zhihu.com/people/gao-yang-bo
http://www.zhihu.com/people/dummypx.com
http://www.zhihu.com/people/fangke
http://www.zhihu.com/people/zhang-xi-54
http://www.zhihu.com/people/yanghaoleng
http://www.zhihu.com/people/ma-ke-14
http://www.zhihu.com/people/Ericlu
http://www.zhihu.com/people/lidw
http://www.zhihu.com/people/icylight
http://www.zhihu.com/people/gxzc73
http://www.zhihu.com/people/line
http://www.zhihu.com/people/dondonlau
http://www.zhihu.com/people/subucuo
http://www.zhihu.com/people/qihao
http://www.zhihu.com/people/0001
http://www.zhihu.com/people/zhao-peng-jie
http://www.zhihu.com/people/zhaoxiaowei
http://www.zhihu.com/people/gigglie
http://www.zhihu.com/people/weifx
http://www.zhihu.com/people/fsfree
http://www.zhihu.com/people/chenshuo
http://www.zhihu.com/people/yangyuan
http://www.zhihu.com/people/lihongtao
http://www.zhihu.com/people/caixin
http://www.zhihu.com/people/aaron-91
http://www.zhihu.com/people/hui-zhu
http://www.zhihu.com/people/lynnchang
http://www.zhihu.com/people/samzeng
http://www.zhihu.com/people/anyan
http://www.zhihu.com/people/llll
http://www.zhihu.com/people/kesen
http://www.zhihu.com/people/outc
http://www.zhihu.com/people/zhu-jun-56
http://www.zhihu.com/people/lovefancy
http://www.zhihu.com/people/fengqiyue
http://www.zhihu.com/people/yin-peng
http://www.zhihu.com/people/ni-quan
http://www.zhihu.com/people/fatuan
http://www.zhihu.com/people/zhengqinyu
http://www.zhihu.com/people/rickyliu
http://www.zhihu.com/people/chen-qing-33
http://www.zhihu.com/people/wan-li
http://www.zhihu.com/people/win32
http://www.zhihu.com/people/claudwang
http://www.zhihu.com/people/stranbird
http://www.zhihu.com/people/yan-yan-66
http://www.zhihu.com/people/qilin90
http://www.zhihu.com/people/shifu
http://www.zhihu.com/people/cazhang
http://www.zhihu.com/people/caiyuhui
http://www.zhihu.com/people/fa-jun
http://www.zhihu.com/people/san-yang-68
http://www.zhihu.com/people/xiaozhezi
http://www.zhihu.com/people/pang-jian-ye
http://www.zhihu.com/people/hnfish
http://www.zhihu.com/people/zhangdongqing
http://www.zhihu.com/people/alvin-82
http://www.zhihu.com/people/lolocho
http://www.zhihu.com/people/fuxinyi
http://www.zhihu.com/people/iyooyo
http://www.zhihu.com/people/liu-ya-fei
http://www.zhihu.com/people/treylin
http://www.zhihu.com/people/qinchen85
http://www.zhihu.com/people/zhang-zhi-lin
http://www.zhihu.com/people/zhi-jun-2
http://www.zhihu.com/people/yan-shi-51
http://www.zhihu.com/people/talkdao
http://www.zhihu.com/people/lizitony
http://www.zhihu.com/people/ran-lang-lang
http://www.zhihu.com/people/Imi100
http://www.zhihu.com/people/zhang-lei-hao
http://www.zhihu.com/people/peanut
http://www.zhihu.com/people/duwei0302
http://www.zhihu.com/people/jin-tong-bao
http://www.zhihu.com/people/li-bai-19
http://www.zhihu.com/people/ya-tou-jun-r
http://www.zhihu.com/people/lin-yu-chao
http://www.zhihu.com/people/shan-cun
http://www.zhihu.com/people/delete252
http://www.zhihu.com/people/li-peng-8
http://www.zhihu.com/people/laofuwang
http://www.zhihu.com/people/xiaojinchen
http://www.zhihu.com/people/gao-yang-68
http://www.zhihu.com/people/zi-wei-61
http://www.zhihu.com/people/liners
http://www.zhihu.com/people/zhang-ying-jie
http://www.zhihu.com/people/xia-qing-71
http://www.zhihu.com/people/wangnolan
http://www.zhihu.com/people/cao-chang
http://www.zhihu.com/people/huang-shao-tao
http://www.zhihu.com/people/xiong-min-ping
http://www.zhihu.com/people/awingbrook
http://www.zhihu.com/people/li-ye-gen
http://www.zhihu.com/people/lekai_huang
http://www.zhihu.com/people/fz77
http://www.zhihu.com/people/ji-de-wei
http://www.zhihu.com/people/caozhen
http://www.zhihu.com/people/fredpata
http://www.zhihu.com/people/yao-hai-lei
http://www.zhihu.com/people/neil-22
http://www.zhihu.com/people/e-beetle
http://www.zhihu.com/people/guo-jian-wei
http://www.zhihu.com/people/yguoyao
http://www.zhihu.com/people/huang-shui-mu
http://www.zhihu.com/people/wei-shan-shan
http://www.zhihu.com/people/NightFury
http://www.zhihu.com/people/cloudong
http://www.zhihu.com/people/hejinchi
http://www.zhihu.com/people/terrill
http://www.zhihu.com/people/yang-lin-jie
http://www.zhihu.com/people/tina-lee
http://www.zhihu.com/people/breeze
http://www.zhihu.com/people/chen-xiao-wei-93
http://www.zhihu.com/people/jack_xu
http://www.zhihu.com/people/kimcool
http://www.zhihu.com/people/qu-qiang-19
http://www.zhihu.com/people/wangeguo
http://www.zhihu.com/people/gao-yao-hui
http://www.zhihu.com/people/zhang-da-chuan
http://www.zhihu.com/people/oigs
http://www.zhihu.com/people/tang-an-di
http://www.zhihu.com/people/walton
http://www.zhihu.com/people/wu-xin-wang
http://www.zhihu.com/people/fangliangchen
http://www.zhihu.com/people/xu-yong-de
http://www.zhihu.com/people/guo-meng
http://www.zhihu.com/people/floral
http://www.zhihu.com/people/brandon-wu
http://www.zhihu.com/people/xu-yi-song
http://www.zhihu.com/people/huang-ting-jiao
http://www.zhihu.com/people/xu-hao-ran-86
http://www.zhihu.com/people/ranger
http://www.zhihu.com/people/zha5
http://www.zhihu.com/people/piginflying
http://www.zhihu.com/people/houwa
http://www.zhihu.com/people/ge4los
http://www.zhihu.com/people/tian-ya-80
http://www.zhihu.com/people/chen-yun-70
http://www.zhihu.com/people/zhibin
http://www.zhihu.com/people/zhang-ke-50
http://www.zhihu.com/people/ettazy
http://www.zhihu.com/people/Spinnist
http://www.zhihu.com/people/huang-peng-xiao
http://www.zhihu.com/people/bearcolin
http://www.zhihu.com/people/zhihuun
http://www.zhihu.com/people/niuxdale
http://www.zhihu.com/people/emiledai
http://www.zhihu.com/people/zhang-dan-dan-23
http://www.zhihu.com/people/duan-xiao-bo
http://www.zhihu.com/people/fan-wen-64
http://www.zhihu.com/people/allanli
http://www.zhihu.com/people/jiang-jun-65
http://www.zhihu.com/people/song-peng-33
http://www.zhihu.com/people/lao-wu-69
http://www.zhihu.com/people/csmyzi
http://www.zhihu.com/people/si-jie-41
http://www.zhihu.com/people/yoyochen
http://www.zhihu.com/people/4600767
http://www.zhihu.com/people/loadingxxxxx
http://www.zhihu.com/people/sparkrico
http://www.zhihu.com/people/Alan777
http://www.zhihu.com/people/chen-da-bao
http://www.zhihu.com/people/missroc
http://www.zhihu.com/people/poetxg
http://www.zhihu.com/people/yougang
http://www.zhihu.com/people/bluedrum
http://www.zhihu.com/people/andy-jin
http://www.zhihu.com/people/yu-xiao-zhe
http://www.zhihu.com/people/songtitan
http://www.zhihu.com/people/guo-hua
http://www.zhihu.com/people/zhu-jing-49
http://www.zhihu.com/people/haoren
http://www.zhihu.com/people/xufeishen
http://www.zhihu.com/people/TrusBe
http://www.zhihu.com/people/choq
http://www.zhihu.com/people/chanlderbing
http://www.zhihu.com/people/liang-chao-86
http://www.zhihu.com/people/xu-ming-hui-61
http://www.zhihu.com/people/sdqhlizhen
http://www.zhihu.com/people/kuaidaoqingyi
http://www.zhihu.com/people/jin-yuan-wai
http://www.zhihu.com/people/gumyam
http://www.zhihu.com/people/alfredC
http://www.zhihu.com/people/ruo-mu-5
http://www.zhihu.com/people/noe132
http://www.zhihu.com/people/alanzhou
http://www.zhihu.com/people/chen-pu
http://www.zhihu.com/people/er-pi-lian-83
http://www.zhihu.com/people/xiao-yao-20
http://www.zhihu.com/people/raywang
http://www.zhihu.com/people/goal_lawyer
http://www.zhihu.com/people/chen-lei-90
http://www.zhihu.com/people/kone
http://www.zhihu.com/people/bossman
http://www.zhihu.com/people/leeying
http://www.zhihu.com/people/wry1205
http://www.zhihu.com/people/zhang-zhong-hui
http://www.zhihu.com/people/wang-kun-cheng
http://www.zhihu.com/people/kaoshi
http://www.zhihu.com/people/coder-94
http://www.zhihu.com/people/wangjifeng
http://www.zhihu.com/people/gukr001
http://www.zhihu.com/people/yankee
http://www.zhihu.com/people/lao-meng
http://www.zhihu.com/people/li-nan-77
http://www.zhihu.com/people/xin-wei-50
http://www.zhihu.com/people/mao1985
http://www.zhihu.com/people/spring3th
http://www.zhihu.com/people/yonzhang
http://www.zhihu.com/people/dawenci
http://www.zhihu.com/people/shen-yue
http://www.zhihu.com/people/kevinbai
http://www.zhihu.com/people/AD-Vash
http://www.zhihu.com/people/jiayong
http://www.zhihu.com/people/masaki
http://www.zhihu.com/people/erix-zhang
http://www.zhihu.com/people/lin-fang-hua
http://www.zhihu.com/people/rainboo
http://www.zhihu.com/people/appally
http://www.zhihu.com/people/alvin-yao
http://www.zhihu.com/people/garywong
http://www.zhihu.com/people/luo-chan
http://www.zhihu.com/people/houhuan1006
http://www.zhihu.com/people/ewushichu
http://www.zhihu.com/people/sujan
http://www.zhihu.com/people/zhuolan
http://www.zhihu.com/people/narts
http://www.zhihu.com/people/xiao-jin-wen-93
http://www.zhihu.com/people/stevetinne
http://www.zhihu.com/people/yutingsong
http://www.zhihu.com/people/chaz-lu
http://www.zhihu.com/people/tengyong
http://www.zhihu.com/people/fangyuanyzh
http://www.zhihu.com/people/nanj
http://www.zhihu.com/people/yeung
http://www.zhihu.com/people/su-hui-54
http://www.zhihu.com/people/li-xiao-yi-64
http://www.zhihu.com/people/shiweisi
http://www.zhihu.com/people/Deng_wei
http://www.zhihu.com/people/xinlei
http://www.zhihu.com/people/riolococo
http://www.zhihu.com/people/li-pei-zhe
http://www.zhihu.com/people/ethanhuang
http://www.zhihu.com/people/wang-zhi-feng-22
http://www.zhihu.com/people/hou-zhi-qiang
http://www.zhihu.com/people/zhang-cui-hua
http://www.zhihu.com/people/pahu2000
http://www.zhihu.com/people/li-bao-hua
http://www.zhihu.com/people/982693
http://www.zhihu.com/people/li-yong-liang
http://www.zhihu.com/people/liuchy
http://www.zhihu.com/people/li-zhe-jian
http://www.zhihu.com/people/wang-sheng-9
http://www.zhihu.com/people/zhang-ji-airforce
http://www.zhihu.com/people/homly
http://www.zhihu.com/people/wu-xu-feng-67
http://www.zhihu.com/people/chen-yuan-hang
http://www.zhihu.com/people/yangyuehao1616
http://www.zhihu.com/people/bachelor99
http://www.zhihu.com/people/rong-yao
http://www.zhihu.com/people/coraline_tang
http://www.zhihu.com/people/zhou-ying-47
http://www.zhihu.com/people/you-yang-guang-de-zao-chen
http://www.zhihu.com/people/gorphone
http://www.zhihu.com/people/liuzhibin
http://www.zhihu.com/people/liu-fang-50
http://www.zhihu.com/people/jog-ui
http://www.zhihu.com/people/judy-shi
http://www.zhihu.com/people/jiaoxiuguang
http://www.zhihu.com/people/mo-da
http://www.zhihu.com/people/yourLiuPing
http://www.zhihu.com/people/santiagohz
http://www.zhihu.com/people/zhang-ji-2
http://www.zhihu.com/people/huang-xiao-yue
http://www.zhihu.com/people/zheng-zhong
http://www.zhihu.com/people/linfeng365
http://www.zhihu.com/people/amoskim
http://www.zhihu.com/people/raine-88
http://www.zhihu.com/people/huang-bing
http://www.zhihu.com/people/wan-qing-56
http://www.zhihu.com/people/yang-lin-59
http://www.zhihu.com/people/liteng
http://www.zhihu.com/people/allan-sun
http://www.zhihu.com/people/ding-ding-zhang
http://www.zhihu.com/people/qi-ying
http://www.zhihu.com/people/bai-zhe
http://www.zhihu.com/people/fei-lee
http://www.zhihu.com/people/jession1989
http://www.zhihu.com/people/wang-wan-peng
http://www.zhihu.com/people/gemoz
http://www.zhihu.com/people/hou-min-62
http://www.zhihu.com/people/li-tao-55
http://www.zhihu.com/people/dqange
http://www.zhihu.com/people/wang-ming-yang-15
http://www.zhihu.com/people/liu-chao-4
http://www.zhihu.com/people/jiezuo
http://www.zhihu.com/people/canon112
http://www.zhihu.com/people/plutonji
http://www.zhihu.com/people/he-rui-zhi
http://www.zhihu.com/people/yuan-jun-53
http://www.zhihu.com/people/wangyihong
http://www.zhihu.com/people/niu-xuan
http://www.zhihu.com/people/leonlee
http://www.zhihu.com/people/peng-nai-huang
http://www.zhihu.com/people/cangjinshui
http://www.zhihu.com/people/zhang-cheng-zhi
http://www.zhihu.com/people/jack-59
http://www.zhihu.com/people/azuma
http://www.zhihu.com/people/zhouxiaoqin
http://www.zhihu.com/people/hinter
http://www.zhihu.com/people/zhu-lin-87
http://www.zhihu.com/people/qiu-yi-yun
http://www.zhihu.com/people/Homeexchange
http://www.zhihu.com/people/wang-jin-tai
http://www.zhihu.com/people/worldsy
http://www.zhihu.com/people/MrZhang
http://www.zhihu.com/people/fed56
http://www.zhihu.com/people/tan-zheng-zhong
http://www.zhihu.com/people/ren-jian-sheng
http://www.zhihu.com/people/sueway
http://www.zhihu.com/people/icfsroyal
http://www.zhihu.com/people/suigewu
http://www.zhihu.com/people/liu-hao-7
http://www.zhihu.com/people/LeoHuang
http://www.zhihu.com/people/xi-yun-49
http://www.zhihu.com/people/hangyu
http://www.zhihu.com/people/zhao-wen-bo-99
http://www.zhihu.com/people/liuyuchao
http://www.zhihu.com/people/xiao-san
http://www.zhihu.com/people/zhengcy
http://www.zhihu.com/people/zhangjianbo
http://www.zhihu.com/people/ma-zhuang
http://www.zhihu.com/people/huang-jian-ming
http://www.zhihu.com/people/mency89
http://www.zhihu.com/people/takolo
http://www.zhihu.com/people/Alex-Woo
http://www.zhihu.com/people/zhou-li-peng
http://www.zhihu.com/people/zhuchaoing
http://www.zhihu.com/people/zhou-fan-26
http://www.zhihu.com/people/du-yong-long
http://www.zhihu.com/people/liu-ji-chang
http://www.zhihu.com/people/zhang-quan-14
http://www.zhihu.com/people/cheng-xiao-wei
http://www.zhihu.com/people/li-bin-9-36
http://www.zhihu.com/people/gu-yue-36
http://www.zhihu.com/people/wang-lei-92-06
http://www.zhihu.com/people/yang-hong-kai
http://www.zhihu.com/people/tanxu
http://www.zhihu.com/people/luo-zhi-ren
http://www.zhihu.com/people/sun-sheng-jia
http://www.zhihu.com/people/zhang-you-quan
http://www.zhihu.com/people/lzxiaoning
http://www.zhihu.com/people/wei-ran-87
http://www.zhihu.com/people/linmowang
http://www.zhihu.com/people/gedane
http://www.zhihu.com/people/junenana
http://www.zhihu.com/people/villion
http://www.zhihu.com/people/liuyetian
http://www.zhihu.com/people/fifthworld
http://www.zhihu.com/people/feng-yu-yi
http://www.zhihu.com/people/xuyi2011
http://www.zhihu.com/people/wangzhen-live
http://www.zhihu.com/people/wang-wei-60-55
http://www.zhihu.com/people/tang-xiao-feng
http://www.zhihu.com/people/pyhaohao
http://www.zhihu.com/people/zeng-sheng-sui
http://www.zhihu.com/people/mi-su
http://www.zhihu.com/people/parseeci
http://www.zhihu.com/people/robbin
http://www.zhihu.com/people/wen-zi-qi
http://www.zhihu.com/people/zhou-wei-70
http://www.zhihu.com/people/yang-jin-jing-84
http://www.zhihu.com/people/li-qin-67
http://www.zhihu.com/people/xiao-ming-15
http://www.zhihu.com/people/BizModel
http://www.zhihu.com/people/qplus
http://www.zhihu.com/people/fusong
http://www.zhihu.com/people/zeyu
http://www.zhihu.com/people/noni
http://www.zhihu.com/people/guqin
http://www.zhihu.com/people/liu-xiang-xi
http://www.zhihu.com/people/Elizen
http://www.zhihu.com/people/feng-jun-nan
http://www.zhihu.com/people/xiao-yi-69
http://www.zhihu.com/people/sunqian
http://www.zhihu.com/people/dqaria
http://www.zhihu.com/people/fanyaohua
http://www.zhihu.com/people/hu-xiao-jing
http://www.zhihu.com/people/diego1990
http://www.zhihu.com/people/ma-yun-zheng
http://www.zhihu.com/people/lazyzeng
http://www.zhihu.com/people/cheng-zhen
http://www.zhihu.com/people/klzjz
http://www.zhihu.com/people/dan-hui
http://www.zhihu.com/people/chougu
http://www.zhihu.com/people/fan-jin-lie
http://www.zhihu.com/people/bay2fun
http://www.zhihu.com/people/tangqiao
http://www.zhihu.com/people/li-bo-82
http://www.zhihu.com/people/zourui55
http://www.zhihu.com/people/xu-jun-98
http://www.zhihu.com/people/rajowang
http://www.zhihu.com/people/eggzhao
http://www.zhihu.com/people/fairy1009
http://www.zhihu.com/people/wang-lin-55
http://www.zhihu.com/people/mxturing
http://www.zhihu.com/people/houankun
http://www.zhihu.com/people/lomo90
http://www.zhihu.com/people/aaron-d
http://www.zhihu.com/people/cocoabob
http://www.zhihu.com/people/xianpengliu
http://www.zhihu.com/people/chen-li-64
http://www.zhihu.com/people/shen-yang
http://www.zhihu.com/people/david-v
http://www.zhihu.com/people/songchuang
http://www.zhihu.com/people/wang-zhao-wei-93
http://www.zhihu.com/people/colinalive
http://www.zhihu.com/people/zhang-yu-yang-32
http://www.zhihu.com/people/yuekun
http://www.zhihu.com/people/cai-lei-87
http://www.zhihu.com/people/jackiecheung
http://www.zhihu.com/people/goldegg
http://www.zhihu.com/people/minohui
http://www.zhihu.com/people/xuexiao
http://www.zhihu.com/people/danielxing
http://www.zhihu.com/people/duan-jia-hui
http://www.zhihu.com/people/gong-jue
http://www.zhihu.com/people/hanjunxing
http://www.zhihu.com/people/jksun
http://www.zhihu.com/people/hi-id
http://www.zhihu.com/people/molica
http://www.zhihu.com/people/mihua
http://www.zhihu.com/people/etchenj
http://www.zhihu.com/people/intellectual
http://www.zhihu.com/people/honeys
http://www.zhihu.com/people/xiaoshunli
http://www.zhihu.com/people/sem-wa
http://www.zhihu.com/people/jiang-xiao-xian-94
http://www.zhihu.com/people/shan-yang
http://www.zhihu.com/people/suger9
http://www.zhihu.com/people/misink
http://www.zhihu.com/people/xhan
http://www.zhihu.com/people/tao-tao-wang
http://www.zhihu.com/people/wei-ke-duo
http://www.zhihu.com/people/bao-ming
http://www.zhihu.com/people/zhao-zhi-qing
http://www.zhihu.com/people/wang-bi-shan
http://www.zhihu.com/people/xuwh1984
http://www.zhihu.com/people/guo-bing
http://www.zhihu.com/people/chen-yu-68
http://www.zhihu.com/people/MichaelW
http://www.zhihu.com/people/froooyo
http://www.zhihu.com/people/wu-xian-he
http://www.zhihu.com/people/forgetthisuser
http://www.zhihu.com/people/wang-cheng-he
http://www.zhihu.com/people/xinvi
http://www.zhihu.com/people/wuyangbing
http://www.zhihu.com/people/luff
http://www.zhihu.com/people/chen-guang-mai
http://www.zhihu.com/people/niu-he-qing
http://www.zhihu.com/people/zhang-yan-19
http://www.zhihu.com/people/guohongbo
http://www.zhihu.com/people/feng-zhi-chao
http://www.zhihu.com/people/bai123
http://www.zhihu.com/people/caijinxin
http://www.zhihu.com/people/huang-peng-38
http://www.zhihu.com/people/ke-jie-88
http://www.zhihu.com/people/xiaochuan
http://www.zhihu.com/people/lao-shi-jing
http://www.zhihu.com/people/zhu-jian-ming
http://www.zhihu.com/people/shi-tian
http://www.zhihu.com/people/skiff
http://www.zhihu.com/people/ningchen
http://www.zhihu.com/people/yems
http://www.zhihu.com/people/tian-tian-97-3
http://www.zhihu.com/people/ailsa-su
http://www.zhihu.com/people/ag108lau
http://www.zhihu.com/people/li-gang-87
http://www.zhihu.com/people/wang-ai-ai
http://www.zhihu.com/people/sundyme
http://www.zhihu.com/people/zhang-wei-18
http://www.zhihu.com/people/xuyufeng
http://www.zhihu.com/people/saicn
http://www.zhihu.com/people/mymiss
http://www.zhihu.com/people/KylinSoo
http://www.zhihu.com/people/chen-xiao-jie
http://www.zhihu.com/people/cong-yang
http://www.zhihu.com/people/zhang-bu-liang
http://www.zhihu.com/people/hao-zhi-bing
http://www.zhihu.com/people/xiang-ye
http://www.zhihu.com/people/xu-niu
http://www.zhihu.com/people/li-ying-zhen
http://www.zhihu.com/people/chen-jia-hao-29
http://www.zhihu.com/people/huisjames
http://www.zhihu.com/people/yu-ren-ming
http://www.zhihu.com/people/lu-xi-zhang
http://www.zhihu.com/people/jing-shan
http://www.zhihu.com/people/wang-meng-yan
http://www.zhihu.com/people/yang-mou-peng
http://www.zhihu.com/people/liu-fei-9
http://www.zhihu.com/people/yangshuai
http://www.zhihu.com/people/dondw
http://www.zhihu.com/people/zhao-fei-long
http://www.zhihu.com/people/gao-ming-ming
http://www.zhihu.com/people/adongdong
http://www.zhihu.com/people/firenzemc
http://www.zhihu.com/people/goal2scool
http://www.zhihu.com/people/zhaofuqun
http://www.zhihu.com/people/ciogao
http://www.zhihu.com/people/terryzhang
http://www.zhihu.com/people/receo
http://www.zhihu.com/people/sulongfei
http://www.zhihu.com/people/jinpengyuan
http://www.zhihu.com/people/zhan-da-cong
http://www.zhihu.com/people/chen-yan-zhao
http://www.zhihu.com/people/ye-ke-15
http://www.zhihu.com/people/robert-95
http://www.zhihu.com/people/gongliyi
http://www.zhihu.com/people/woodfantasy
http://www.zhihu.com/people/zhao-jie-73
http://www.zhihu.com/people/mintfish101
http://www.zhihu.com/people/rambowu
http://www.zhihu.com/people/d9wing
http://www.zhihu.com/people/zonovo
http://www.zhihu.com/people/jay1803
http://www.zhihu.com/people/guo-zhu-99-96
http://www.zhihu.com/people/zhangxinxu
http://www.zhihu.com/people/hexudong
http://www.zhihu.com/people/csea
http://www.zhihu.com/people/ma-dong-sheng
http://www.zhihu.com/people/imnotceo
http://www.zhihu.com/people/qiu-qing-qi
http://www.zhihu.com/people/guo-yue
http://www.zhihu.com/people/luyin
http://www.zhihu.com/people/futrace
http://www.zhihu.com/people/regulous
http://www.zhihu.com/people/duwulun
http://www.zhihu.com/people/yahuo
http://www.zhihu.com/people/lin-jian-14
http://www.zhihu.com/people/sandoo-liang
http://www.zhihu.com/people/mind04
http://www.zhihu.com/people/cimigo
http://www.zhihu.com/people/LEAVESLWS
http://www.zhihu.com/people/jjyu
http://www.zhihu.com/people/du-qian
http://www.zhihu.com/people/wang-xi-17-71
http://www.zhihu.com/people/melody-wang
http://www.zhihu.com/people/qiu-yi-xin
http://www.zhihu.com/people/noregret
http://www.zhihu.com/people/neochou
http://www.zhihu.com/people/homlux
http://www.zhihu.com/people/soy_ho
http://www.zhihu.com/people/chenbinglin
http://www.zhihu.com/people/stonegate
http://www.zhihu.com/people/wang-qiao
http://www.zhihu.com/people/fu-xiao-dong
http://www.zhihu.com/people/standup
http://www.zhihu.com/people/luqianxing
http://www.zhihu.com/people/ligong
http://www.zhihu.com/people/xiaoyan-20
http://www.zhihu.com/people/zan-dong
http://www.zhihu.com/people/iriart
http://www.zhihu.com/people/brthrush
http://www.zhihu.com/people/royeegg
http://www.zhihu.com/people/iam6uem
http://www.zhihu.com/people/tianyug
http://www.zhihu.com/people/wei-tao
http://www.zhihu.com/people/maoxxcn
http://www.zhihu.com/people/buou
http://www.zhihu.com/people/lubinwei
http://www.zhihu.com/people/cheng-hu
http://www.zhihu.com/people/gaodongsheng
http://www.zhihu.com/people/xing-hao-peng
http://www.zhihu.com/people/jiangpinghsu
http://www.zhihu.com/people/kiddhe
http://www.zhihu.com/people/rain-diao
http://www.zhihu.com/people/sang-ni
http://www.zhihu.com/people/qethan
http://www.zhihu.com/people/chiang
http://www.zhihu.com/people/jolam
http://www.zhihu.com/people/blaster
http://www.zhihu.com/people/adee
http://www.zhihu.com/people/shevchenhe
http://www.zhihu.com/people/uwings
http://www.zhihu.com/people/StinkBC
http://www.zhihu.com/people/zhang-jie-22
http://www.zhihu.com/people/zhu-zhen
http://www.zhihu.com/people/eyelid_s
http://www.zhihu.com/people/sandianbandeyu
http://www.zhihu.com/people/jin-ming
http://www.zhihu.com/people/wangze
http://www.zhihu.com/people/jiudongwan
http://www.zhihu.com/people/mokita
http://www.zhihu.com/people/argus
http://www.zhihu.com/people/gong-sun
http://www.zhihu.com/people/liyoutian
http://www.zhihu.com/people/haopo
http://www.zhihu.com/people/wangy1ng
http://www.zhihu.com/people/guangming
http://www.zhihu.com/people/cranks
http://www.zhihu.com/people/wangyoang
http://www.zhihu.com/people/tinjapp
http://www.zhihu.com/people/zhang-han-35
http://www.zhihu.com/people/ruan-wen-ping
http://www.zhihu.com/people/moioi
http://www.zhihu.com/people/woozhu
http://www.zhihu.com/people/skybeta
http://www.zhihu.com/people/zhang-chang-ling
http://www.zhihu.com/people/Keenor
http://www.zhihu.com/people/liu-luo-jun
http://www.zhihu.com/people/lin-sen-30
http://www.zhihu.com/people/wei-sha-sha
http://www.zhihu.com/people/luxiaoman
http://www.zhihu.com/people/halguo
http://www.zhihu.com/people/liu-ping-ping-32
http://www.zhihu.com/people/yan-ting-89
http://www.zhihu.com/people/JaneDoe
http://www.zhihu.com/people/lanqy
http://www.zhihu.com/people/jin-xi
http://www.zhihu.com/people/kelc
http://www.zhihu.com/people/saharabear
http://www.zhihu.com/people/daviestang
http://www.zhihu.com/people/li-hua-5
http://www.zhihu.com/people/chenqiangpan
http://www.zhihu.com/people/wbpluto
http://www.zhihu.com/people/kejun
http://www.zhihu.com/people/rakka
http://www.zhihu.com/people/gaochen
http://www.zhihu.com/people/riku
http://www.zhihu.com/people/lan-ren
http://www.zhihu.com/people/ma-wen-hui
http://www.zhihu.com/people/zhao_bao_er
http://www.zhihu.com/people/stonelau
http://www.zhihu.com/people/joy-zhao-25
http://www.zhihu.com/people/superwyh
http://www.zhihu.com/people/xuzhihong
http://www.zhihu.com/people/sealon
http://www.zhihu.com/people/BULELEPHANT
http://www.zhihu.com/people/subdragon
http://www.zhihu.com/people/prower
http://www.zhihu.com/people/han-yu-liang-17
http://www.zhihu.com/people/aDaos
http://www.zhihu.com/people/VinceChen
http://www.zhihu.com/people/wang-cui
http://www.zhihu.com/people/zheng-ming-feng
http://www.zhihu.com/people/tianya8
http://www.zhihu.com/people/Lake7
http://www.zhihu.com/people/guo-jian
http://www.zhihu.com/people/rinco
http://www.zhihu.com/people/ayuu
http://www.zhihu.com/people/liuxing429
http://www.zhihu.com/people/wang-zheng-song
http://www.zhihu.com/people/xiao-zhang-28
http://www.zhihu.com/people/ourdearamy
http://www.zhihu.com/people/forxidian
http://www.zhihu.com/people/wandee
http://www.zhihu.com/people/mou-jia-bin
http://www.zhihu.com/people/zxhwolfe
http://www.zhihu.com/people/sunzhengxin
http://www.zhihu.com/people/zhou-zhou
http://www.zhihu.com/people/eva-11
http://www.zhihu.com/people/freemem
http://www.zhihu.com/people/xiong-jing
http://www.zhihu.com/people/yang-jian-123
http://www.zhihu.com/people/Xuejing
http://www.zhihu.com/people/yopz
http://www.zhihu.com/people/lsch
http://www.zhihu.com/people/sand
http://www.zhihu.com/people/Amom
http://www.zhihu.com/people/astrian
http://www.zhihu.com/people/niu-guang-hua
http://www.zhihu.com/people/shunfeng
http://www.zhihu.com/people/zhiyu
http://www.zhihu.com/people/blessingear
http://www.zhihu.com/people/bubu
http://www.zhihu.com/people/xia-lu-ming
http://www.zhihu.com/people/puloon
http://www.zhihu.com/people/yezhuo
http://www.zhihu.com/people/samxlu
http://www.zhihu.com/people/hu-bu-si
http://www.zhihu.com/people/zhaodandan
http://www.zhihu.com/people/skylovemm
http://www.zhihu.com/people/herizhao
http://www.zhihu.com/people/icoovoo
http://www.zhihu.com/people/zhangga
http://www.zhihu.com/people/pmdeng
http://www.zhihu.com/people/pnecas
http://www.zhihu.com/people/wuruxiang
http://www.zhihu.com/people/yanguang
http://www.zhihu.com/people/supporter
http://www.zhihu.com/people/neaton
http://www.zhihu.com/people/lijianghua
http://www.zhihu.com/people/icojump
http://www.zhihu.com/people/hyson
http://www.zhihu.com/people/hu-qian-qiu
http://www.zhihu.com/people/sepra
http://www.zhihu.com/people/iamdemi
http://www.zhihu.com/people/hao-shuang
http://www.zhihu.com/people/tencent
http://www.zhihu.com/people/situjun
http://www.zhihu.com/people/zhe-hu
http://www.zhihu.com/people/miaoz
http://www.zhihu.com/people/kookoo
http://www.zhihu.com/people/zhumingzu
http://www.zhihu.com/people/1000
http://www.zhihu.com/people/wangpengyu
http://www.zhihu.com/people/meng-shuang-paula
http://www.zhihu.com/people/wjazz
http://www.zhihu.com/people/kidcvs
http://www.zhihu.com/people/chuyue
http://www.zhihu.com/people/keso
http://www.zhihu.com/people/1yen
http://www.zhihu.com/people/wangping
http://www.zhihu.com/people/chong
http://www.zhihu.com/people/tang-chen
http://www.zhihu.com/people/derrick
http://www.zhihu.com/people/lovefcb
http://www.zhihu.com/people/wind
http://www.zhihu.com/people/wulowjay
http://www.zhihu.com/people/maishuo
http://www.zhihu.com/people/roja
http://www.zhihu.com/people/rokey-zhang
http://www.zhihu.com/people/todd
http://www.zhihu.com/people/Jmax
http://www.zhihu.com/people/kimmykong
http://www.zhihu.com/people/snipwu
http://www.zhihu.com/people/jiang-liu-qing
http://www.zhihu.com/people/ycflame
http://www.zhihu.com/people/chanyuan
http://www.zhihu.com/people/dongsun
http://www.zhihu.com/people/irong
http://www.zhihu.com/people/mrshang
http://www.zhihu.com/people/jiyinyiyong
http://www.zhihu.com/people/xqxx7su
http://www.zhihu.com/people/qianjin
http://www.zhihu.com/people/r-t-iserlohn
http://www.zhihu.com/people/fanlg
http://www.zhihu.com/people/jiangweihang
http://www.zhihu.com/people/stosion
http://www.zhihu.com/people/demx
http://www.zhihu.com/people/annika
http://www.zhihu.com/people/zhang-jin-jiang
http://www.zhihu.com/people/fu-shui-liu
http://www.zhihu.com/people/langqixu
http://www.zhihu.com/people/raycube
http://www.zhihu.com/people/zlear
http://www.zhihu.com/people/tahe
http://www.zhihu.com/people/sizedesign
http://www.zhihu.com/people/kuqin
http://www.zhihu.com/people/icondoctor
http://www.zhihu.com/people/quiver
http://www.zhihu.com/people/foku
http://www.zhihu.com/people/lihua
http://www.zhihu.com/people/leo4u
http://www.zhihu.com/people/tianzhibang
http://www.zhihu.com/people/tech
http://www.zhihu.com/people/jielinglai
http://www.zhihu.com/people/lava
http://www.zhihu.com/people/xiaoquan
http://www.zhihu.com/people/yingyixu
http://www.zhihu.com/people/kings
http://www.zhihu.com/people/elekchen
http://www.zhihu.com/people/stone
http://www.zhihu.com/people/_itu
http://www.zhihu.com/people/vicguo
http://www.zhihu.com/people/benbackman
http://www.zhihu.com/people/listyluo
http://www.zhihu.com/people/bai-xiao-rong
http://www.zhihu.com/people/chaim
http://www.zhihu.com/people/qiuqiu
http://www.zhihu.com/people/dujun
http://www.zhihu.com/people/telneter
http://www.zhihu.com/people/diamondtin
http://www.zhihu.com/people/shawn
http://www.zhihu.com/people/idingbao
http://www.zhihu.com/people/bloodyxu
http://www.zhihu.com/people/dongwang
http://www.zhihu.com/people/changfan
http://www.zhihu.com/people/iiidche
http://www.zhihu.com/people/lianghai
http://www.zhihu.com/people/daodao
http://www.zhihu.com/people/yangyan
http://www.zhihu.com/people/dorotoo
http://www.zhihu.com/people/they
http://www.zhihu.com/people/JoeyZhi
http://www.zhihu.com/people/94smart
http://www.zhihu.com/people/li-bao-ming-53
http://www.zhihu.com/people/momo
http://www.zhihu.com/people/huande
http://www.zhihu.com/people/pu-xu-dong
http://www.zhihu.com/people/hexybaby
http://www.zhihu.com/people/vanemu
http://www.zhihu.com/people/wzw828
http://www.zhihu.com/people/sunsn
http://www.zhihu.com/people/gymitat
http://www.zhihu.com/people/chengyuan
http://www.zhihu.com/people/lihaobo
http://www.zhihu.com/people/baiya
http://www.zhihu.com/people/minyi
http://www.zhihu.com/people/flying-soft-rock
http://www.zhihu.com/people/xcvu
http://www.zhihu.com/people/wemarketing
http://www.zhihu.com/people/cheng
http://www.zhihu.com/people/jixin
http://www.zhihu.com/people/Zhang_Jian
http://www.zhihu.com/people/keta
http://www.zhihu.com/people/wu-qi-zheng
http://www.zhihu.com/people/herock
http://www.zhihu.com/people/skyxqc
http://www.zhihu.com/people/wang-zi-yuan
http://www.zhihu.com/people/yuxinlie
http://www.zhihu.com/people/andyliu
http://www.zhihu.com/people/star
http://www.zhihu.com/people/blue
http://www.zhihu.com/people/luoyundeng
http://www.zhihu.com/people/think
http://www.zhihu.com/people/kylehu
http://www.zhihu.com/people/Ataraxia002
http://www.zhihu.com/people/oxygen
http://www.zhihu.com/people/verloth
http://www.zhihu.com/people/vincent4j
http://www.zhihu.com/people/blogkid
http://www.zhihu.com/people/smartweb
http://www.zhihu.com/people/seanshb
http://www.zhihu.com/people/dowell
http://www.zhihu.com/people/mcbuder
http://www.zhihu.com/people/yu-ming-gu-wen-chen-tao
http://www.zhihu.com/people/nemo_m
http://www.zhihu.com/people/ban-ma-43
http://www.zhihu.com/people/shek
http://www.zhihu.com/people/pigtwo
http://www.zhihu.com/people/lubenyuan.com
http://www.zhihu.com/people/kandaoliu
http://www.zhihu.com/people/zhang-yu-ting
http://www.zhihu.com/people/shijun
http://www.zhihu.com/people/uxworks
