http://www.zhihu.com/people/huang-jie-9527
http://www.zhihu.com/people/a-shan-6
http://www.zhihu.com/people/gu-yu-chu
http://www.zhihu.com/people/yang-kang-53
http://www.zhihu.com/people/kaylee-95
http://www.zhihu.com/people/jun-hu-97
http://www.zhihu.com/people/sirius-86
http://www.zhihu.com/people/ge-zhi-46
http://www.zhihu.com/people/Mag1na
http://www.zhihu.com/people/dan-cheng-77
http://www.zhihu.com/people/wei-chu-qiao-24
http://www.zhihu.com/people/zhang-bei-li-er
http://www.zhihu.com/people/tai-di-xiong-97
http://www.zhihu.com/people/zhang-kai-12-91
http://www.zhihu.com/people/li-de-ke
http://www.zhihu.com/people/douze
http://www.zhihu.com/people/yan-xin-72
http://www.zhihu.com/people/gong-ying-93
http://www.zhihu.com/people/zi-jia-24-67
http://www.zhihu.com/people/goodbird
http://www.zhihu.com/people/Justyl
http://www.zhihu.com/people/xulaohan
http://www.zhihu.com/people/huo-jia-14
http://www.zhihu.com/people/yong-sheng
http://www.zhihu.com/people/july-lee-45
http://www.zhihu.com/people/evanh
http://www.zhihu.com/people/zhu-xuan-54
http://www.zhihu.com/people/hong-yi
http://www.zhihu.com/people/hanabi
http://www.zhihu.com/people/AgentKay
http://www.zhihu.com/people/xie-qing-bo
http://www.zhihu.com/people/da-big
http://www.zhihu.com/people/lexie-han
http://www.zhihu.com/people/ye-feng-lin
http://www.zhihu.com/people/yang-jing-51-9
http://www.zhihu.com/people/arikid
http://www.zhihu.com/people/pony-pan
http://www.zhihu.com/people/gao-you-you
http://www.zhihu.com/people/liu-yier-91
http://www.zhihu.com/people/wang-ke-49
http://www.zhihu.com/people/aimanong
http://www.zhihu.com/people/nuannuanju
http://www.zhihu.com/people/zhou-xiao-xun-93
http://www.zhihu.com/people/bian-xiao-wei
http://www.zhihu.com/people/chen-chu-shi
http://www.zhihu.com/people/hou-zi-xiao-jie-52
http://www.zhihu.com/people/xie-ran-88-74
http://www.zhihu.com/people/chenyun
http://www.zhihu.com/people/li-yang-52-66-5
http://www.zhihu.com/people/allossurus
http://www.zhihu.com/people/zhang-yang-62-78
http://www.zhihu.com/people/liu-ya-kun-1
http://www.zhihu.com/people/karen-lu
http://www.zhihu.com/people/alex-liu-49
http://www.zhihu.com/people/ni-yi-zhen
http://www.zhihu.com/people/ren-er-cheng
http://www.zhihu.com/people/wang-zhen-ya-94
http://www.zhihu.com/people/kun-kun-yu
http://www.zhihu.com/people/hantao-yang
http://www.zhihu.com/people/er-long
http://www.zhihu.com/people/chouthen
http://www.zhihu.com/people/bai-shi-qi-54
http://www.zhihu.com/people/dai-han-ji
http://www.zhihu.com/people/rosecoral
http://www.zhihu.com/people/rong-rong-41-31
http://www.zhihu.com/people/yang-xiao-yang-38
http://www.zhihu.com/people/tang-jing-yu-24
http://www.zhihu.com/people/rui-ao-13
http://www.zhihu.com/people/xietao0221
http://www.zhihu.com/people/ji-ran-ran-31
http://www.zhihu.com/people/ZhangJianForV
http://www.zhihu.com/people/chenjianjie
http://www.zhihu.com/people/zhang-gong-35
http://www.zhihu.com/people/gao-gao-72
http://www.zhihu.com/people/Yvonyo
http://www.zhihu.com/people/lulu-43
http://www.zhihu.com/people/jia-zhi-84
http://www.zhihu.com/people/hu-yifan-37
http://www.zhihu.com/people/xiao-chu
http://www.zhihu.com/people/zhan-peng-30
http://www.zhihu.com/people/dian-bo-9
http://www.zhihu.com/people/li-yu-ting-sunny
http://www.zhihu.com/people/forkburn
http://www.zhihu.com/people/bing-huang-95
http://www.zhihu.com/people/blackspot
http://www.zhihu.com/people/sip-yi-yue
http://www.zhihu.com/people/zhang-yi-hong-32
http://www.zhihu.com/people/donhi
http://www.zhihu.com/people/chen-chun-long
http://www.zhihu.com/people/li-zhi-zhong
http://www.zhihu.com/people/peng-ren
http://www.zhihu.com/people/kennykung
http://www.zhihu.com/people/Rogge
http://www.zhihu.com/people/Xieyiyao
http://www.zhihu.com/people/wang-shang-77
http://www.zhihu.com/people/ying-ji-73
http://www.zhihu.com/people/bo-wen-49
http://www.zhihu.com/people/fabulousqi
http://www.zhihu.com/people/wannian
http://www.zhihu.com/people/Roso
http://www.zhihu.com/people/wiswood
http://www.zhihu.com/people/yang-xiao-bing-27
http://www.zhihu.com/people/li-cheng-25-23
http://www.zhihu.com/people/min-xiao-zhu
http://www.zhihu.com/people/ZCfang
http://www.zhihu.com/people/wang-xi-an-92
http://www.zhihu.com/people/fengzee-me
http://www.zhihu.com/people/guhongguangju
http://www.zhihu.com/people/fuckzhihu
http://www.zhihu.com/people/linzelong
http://www.zhihu.com/people/pinkatropine
http://www.zhihu.com/people/wu-quan-yin-68
http://www.zhihu.com/people/yun-duo-xiao-gu-niang
http://www.zhihu.com/people/zhang-jue-32
http://www.zhihu.com/people/yaochenhao
http://www.zhihu.com/people/li-yan-liang-63
http://www.zhihu.com/people/sinkeyeast
http://www.zhihu.com/people/wang-er-10-66
http://www.zhihu.com/people/e_chen
http://www.zhihu.com/people/xi-lan-51
http://www.zhihu.com/people/auburn
http://www.zhihu.com/people/qing-song-lu
http://www.zhihu.com/people/zhao-zi-hua
http://www.zhihu.com/people/lin-fei-91
http://www.zhihu.com/people/yao-miao-yan
http://www.zhihu.com/people/wei-jie-62
http://www.zhihu.com/people/qu-zheng-yang
http://www.zhihu.com/people/gu-xing-yan-78
http://www.zhihu.com/people/jasonloker
http://www.zhihu.com/people/yskin
http://www.zhihu.com/people/zhang-qian-21-96
http://www.zhihu.com/people/li-zheng-91-39
http://www.zhihu.com/people/li-cheng-gan
http://www.zhihu.com/people/zhang-xiao-ming-49-55
http://www.zhihu.com/people/alice-45-16
http://www.zhihu.com/people/li-chou-yi
http://www.zhihu.com/people/tygoonray
http://www.zhihu.com/people/bies
http://www.zhihu.com/people/zhao-xue-fei
http://www.zhihu.com/people/portal-neop
http://www.zhihu.com/people/onething
http://www.zhihu.com/people/yan-xing-80
http://www.zhihu.com/people/yikuanwell
http://www.zhihu.com/people/sun-xi-gua
http://www.zhihu.com/people/Willam-SLY
http://www.zhihu.com/people/guo-er-68
http://www.zhihu.com/people/hua-xian-45
http://www.zhihu.com/people/liu-chang-6
http://www.zhihu.com/people/kaxocheung
http://www.zhihu.com/people/allenryb
http://www.zhihu.com/people/li-san-su
http://www.zhihu.com/people/zhang-peng-51-58
http://www.zhihu.com/people/zhu-meng-97
http://www.zhihu.com/people/samoay
http://www.zhihu.com/people/zhuang-fan-3
http://www.zhihu.com/people/feng-cai-chi-gu
http://www.zhihu.com/people/huang-yu-liang-20
http://www.zhihu.com/people/lixuan
http://www.zhihu.com/people/lan-ming-zheng-51
http://www.zhihu.com/people/young-ray
http://www.zhihu.com/people/gaoguojun
http://www.zhihu.com/people/ding-zhen-si-80
http://www.zhihu.com/people/chen-wen-nuan-89
http://www.zhihu.com/people/gu-xin-62-68
http://www.zhihu.com/people/nai-xin-kan-shu-de-ren
http://www.zhihu.com/people/xiaolei528
http://www.zhihu.com/people/zhangqinghong
http://www.zhihu.com/people/dai-di-ni
http://www.zhihu.com/people/jake-young
http://www.zhihu.com/people/zouqunran
http://www.zhihu.com/people/didodj
http://www.zhihu.com/people/xjz123
http://www.zhihu.com/people/yu-shui-78
http://www.zhihu.com/people/foolunlock
http://www.zhihu.com/people/escapever
http://www.zhihu.com/people/te-lun-er
http://www.zhihu.com/people/huang-wei-12-62
http://www.zhihu.com/people/xiao-xi-39
http://www.zhihu.com/people/zhang-zhi-hao-39
http://www.zhihu.com/people/li-zhu-jin-81
http://www.zhihu.com/people/pei-han-12
http://www.zhihu.com/people/lu-ming-fei-93
http://www.zhihu.com/people/zha-si-ting
http://www.zhihu.com/people/luoxiu
http://www.zhihu.com/people/wasabi-79
http://www.zhihu.com/people/zhang-jiu-yue
http://www.zhihu.com/people/pandal-49
http://www.zhihu.com/people/feng-yi-bo
http://www.zhihu.com/people/qian-gui-shen
http://www.zhihu.com/people/xuyankang
http://www.zhihu.com/people/li-xue-ba
http://www.zhihu.com/people/zhu-yixin-42
http://www.zhihu.com/people/tao-bo-te
http://www.zhihu.com/people/xuzhe1224
http://www.zhihu.com/people/kongdede
http://www.zhihu.com/people/lina22222
http://www.zhihu.com/people/ma-rui-sha
http://www.zhihu.com/people/ceng-yi-84
http://www.zhihu.com/people/liang-gaogao
http://www.zhihu.com/people/zhou-yu-xuan
http://www.zhihu.com/people/wang-mo-qin
http://www.zhihu.com/people/dawnray
http://www.zhihu.com/people/yin-ben-wei
http://www.zhihu.com/people/lu-kun-49
http://www.zhihu.com/people/lycheeorange
http://www.zhihu.com/people/yang-zhen-98
http://www.zhihu.com/people/ding-ding-73-77
http://www.zhihu.com/people/abbydeng
http://www.zhihu.com/people/liu-xiao-yang-86
http://www.zhihu.com/people/tan-yin-10
http://www.zhihu.com/people/adrianren
http://www.zhihu.com/people/qu-ya-jun
http://www.zhihu.com/people/chen-shen-shen-69
http://www.zhihu.com/people/wu-jian-hua-82
http://www.zhihu.com/people/vivian-ding-17
http://www.zhihu.com/people/mtoc
http://www.zhihu.com/people/qiu-lu-lu
http://www.zhihu.com/people/quinn-wu-93
http://www.zhihu.com/people/zhang-na-na-85
http://www.zhihu.com/people/mo-shen-94
http://www.zhihu.com/people/Maynie
http://www.zhihu.com/people/jackycx
http://www.zhihu.com/people/waowoa
http://www.zhihu.com/people/mochen
http://www.zhihu.com/people/stan-wei
http://www.zhihu.com/people/huo-zhi-chao-78
http://www.zhihu.com/people/lizardxy
http://www.zhihu.com/people/liu-jia-jia-24
http://www.zhihu.com/people/alfreda
http://www.zhihu.com/people/ding-yuan-shun
http://www.zhihu.com/people/jay-louis
http://www.zhihu.com/people/xu-jiu-mu
http://www.zhihu.com/people/bing-shuang-fei-yang
http://www.zhihu.com/people/iheng17
http://www.zhihu.com/people/wu-yun-peng-45
http://www.zhihu.com/people/zhu-yi-lin-41
http://www.zhihu.com/people/wang-zi-mian-72
http://www.zhihu.com/people/wang-xiao-lu-78
http://www.zhihu.com/people/ji-wei-70
http://www.zhihu.com/people/wang-qi-8-57
http://www.zhihu.com/people/Alway_Zero
http://www.zhihu.com/people/wan-nian
http://www.zhihu.com/people/ning-schue
http://www.zhihu.com/people/he-he-er-67
http://www.zhihu.com/people/zhu-xiao-gang-49
http://www.zhihu.com/people/Leo-Lau-1211
http://www.zhihu.com/people/alice-lee-23
http://www.zhihu.com/people/bato-bale
http://www.zhihu.com/people/xing-xi
http://www.zhihu.com/people/storyofYAN
http://www.zhihu.com/people/nihil-60
http://www.zhihu.com/people/huang-yang-97-70
http://www.zhihu.com/people/huang-zhe-35
http://www.zhihu.com/people/yan-ling-17
http://www.zhihu.com/people/dizzarz
http://www.zhihu.com/people/lordifeng
http://www.zhihu.com/people/buhaoqiao
http://www.zhihu.com/people/sunmingshen
http://www.zhihu.com/people/sandianbandeyu
http://www.zhihu.com/people/mang-mang-41
http://www.zhihu.com/people/shubenmu
http://www.zhihu.com/people/qin-shou-45
http://www.zhihu.com/people/xiao-bai-yang-16
http://www.zhihu.com/people/fan-xin-33
http://www.zhihu.com/people/tao-xiao-dan
http://www.zhihu.com/people/chu-er-qian
http://www.zhihu.com/people/wu-zhen-13
http://www.zhihu.com/people/tang-yitao
http://www.zhihu.com/people/claireququ
http://www.zhihu.com/people/lys-chueng
http://www.zhihu.com/people/myrt
http://www.zhihu.com/people/zou-jia-xin
http://www.zhihu.com/people/xiao-kun-82
http://www.zhihu.com/people/zhong-wei-dan
http://www.zhihu.com/people/zhuang-xiao-meng
http://www.zhihu.com/people/yan-shi-49
http://www.zhihu.com/people/zhang-xiang-hui-29
http://www.zhihu.com/people/wei-lian-16
http://www.zhihu.com/people/zhao-yan-85-60
http://www.zhihu.com/people/wang-jie-81-97
http://www.zhihu.com/people/fu-zhe-xiao
http://www.zhihu.com/people/wang-xiao-song-27
http://www.zhihu.com/people/lu-gui-chen-26
http://www.zhihu.com/people/thoreau-84
http://www.zhihu.com/people/susus
http://www.zhihu.com/people/xie-wei-48
http://www.zhihu.com/people/tirendushu
http://www.zhihu.com/people/chen-jun-jie-23-33
http://www.zhihu.com/people/jing-meng-qi-shi
http://www.zhihu.com/people/zerg-duan
http://www.zhihu.com/people/wensisunny
http://www.zhihu.com/people/tai-qing-28
http://www.zhihu.com/people/TristanWorld
http://www.zhihu.com/people/bowenbitch
http://www.zhihu.com/people/dongdongqiang
http://www.zhihu.com/people/jixin
