http://www.zhihu.com/people/desperatecat
http://www.zhihu.com/people/gong-zheng-xuan
http://www.zhihu.com/people/ttmouse
http://www.zhihu.com/people/flow-12
http://www.zhihu.com/people/shang-long
http://www.zhihu.com/people/xilu-53
http://www.zhihu.com/people/deutsch-99
http://www.zhihu.com/people/jingshuai
http://www.zhihu.com/people/feng-xiao-bo-93
http://www.zhihu.com/people/dong-dong-57
http://www.zhihu.com/people/li-ling-hao-52
http://www.zhihu.com/people/hong-liu-lu-liu
http://www.zhihu.com/people/yu-ren-shan
http://www.zhihu.com/people/you-lin-25
http://www.zhihu.com/people/zhu-li-juan-5
http://www.zhihu.com/people/liu-chao-4
http://www.zhihu.com/people/leefangbin
http://www.zhihu.com/people/wu-wu-yun
http://www.zhihu.com/people/xiaojilingguier
http://www.zhihu.com/people/li-xing-4
http://www.zhihu.com/people/delogas
http://www.zhihu.com/people/leo-a
http://www.zhihu.com/people/fan-li-41
http://www.zhihu.com/people/zhao-rui-64
http://www.zhihu.com/people/ji-run-yu
http://www.zhihu.com/people/AgentKay
http://www.zhihu.com/people/li-ao-wen
http://www.zhihu.com/people/menthollin
http://www.zhihu.com/people/phos
http://www.zhihu.com/people/assinyang
http://www.zhihu.com/people/hoovay
http://www.zhihu.com/people/Lynn-chai
http://www.zhihu.com/people/zhang-wen-xi-57
http://www.zhihu.com/people/shao-hao-ming
http://www.zhihu.com/people/ArvinLiu
http://www.zhihu.com/people/li-chi-jun
http://www.zhihu.com/people/rivers
http://www.zhihu.com/people/yuhui614
http://www.zhihu.com/people/zhang-xi-yue-doris
http://www.zhihu.com/people/liu-yu-tong-92-31
http://www.zhihu.com/people/zhang-li-chao
http://www.zhihu.com/people/hu-wei-13
http://www.zhihu.com/people/bai-lang-67
http://www.zhihu.com/people/cha-er-si-hai-han
http://www.zhihu.com/people/liu-jiji
http://www.zhihu.com/people/brian-bravo
http://www.zhihu.com/people/song-xue-wei-29
http://www.zhihu.com/people/lin-zhao-qin
http://www.zhihu.com/people/da-shui
http://www.zhihu.com/people/mouji
http://www.zhihu.com/people/deng-kang-er
http://www.zhihu.com/people/xiao-da-da-27
http://www.zhihu.com/people/sayes
http://www.zhihu.com/people/dai-dai-93
http://www.zhihu.com/people/huapeng
http://www.zhihu.com/people/xie-ran-21
http://www.zhihu.com/people/wu-ke-fei
http://www.zhihu.com/people/ayr1
http://www.zhihu.com/people/jia-yibo
http://www.zhihu.com/people/lv-dou-jing
http://www.zhihu.com/people/zhuomo
http://www.zhihu.com/people/kashinging
http://www.zhihu.com/people/thrego
http://www.zhihu.com/people/jun-yi-14
http://www.zhihu.com/people/roxannepan
http://www.zhihu.com/people/chen-yin-dong
http://www.zhihu.com/people/neil-35-70
http://www.zhihu.com/people/daisysay
http://www.zhihu.com/people/xiao-chu
http://www.zhihu.com/people/cai-sheng-lin
http://www.zhihu.com/people/ethonlau
http://www.zhihu.com/people/marsren-xin
http://www.zhihu.com/people/gavenzhang
http://www.zhihu.com/people/arnold-pei
http://www.zhihu.com/people/fu-miao-rong
http://www.zhihu.com/people/whusong
http://www.zhihu.com/people/rui-tang-tang
http://www.zhihu.com/people/yu-lei-ming
http://www.zhihu.com/people/chen-yu-11-79
http://www.zhihu.com/people/huang-yang-zi
http://www.zhihu.com/people/imqianxun
http://www.zhihu.com/people/reknave
http://www.zhihu.com/people/tianling
http://www.zhihu.com/people/yang-chun-yan-31
http://www.zhihu.com/people/Tubie_Feng
http://www.zhihu.com/people/elvis-hu
http://www.zhihu.com/people/jiang-bin-23
http://www.zhihu.com/people/dan-huang-64
http://www.zhihu.com/people/johnnyb
http://www.zhihu.com/people/bianleijie
http://www.zhihu.com/people/alanolory
http://www.zhihu.com/people/neeland
http://www.zhihu.com/people/zaotang
http://www.zhihu.com/people/shen-min-lei
http://www.zhihu.com/people/websec
http://www.zhihu.com/people/chen-long-70-67
http://www.zhihu.com/people/wang-ao-ni
http://www.zhihu.com/people/youko-you
http://www.zhihu.com/people/ofzihan
http://www.zhihu.com/people/lan-cha-
http://www.zhihu.com/people/lys.me
http://www.zhihu.com/people/thomas-frick
http://www.zhihu.com/people/xu-shan-shan-60
http://www.zhihu.com/people/chen-yuan-hang
http://www.zhihu.com/people/chen-wei-57
http://www.zhihu.com/people/water-you
http://www.zhihu.com/people/sunnynini
http://www.zhihu.com/people/zhou-qian-jun
http://www.zhihu.com/people/fudong
http://www.zhihu.com/people/wang-you-sheng
http://www.zhihu.com/people/icojump
http://www.zhihu.com/people/zhu-yong-qian
http://www.zhihu.com/people/Ysis
http://www.zhihu.com/people/sun-fen
http://www.zhihu.com/people/meilihan
http://www.zhihu.com/people/itsokok
http://www.zhihu.com/people/zhu-wu-xin-71
http://www.zhihu.com/people/li-jia-jia-28
http://www.zhihu.com/people/zhu-xiao-wu-77
http://www.zhihu.com/people/andy-5
http://www.zhihu.com/people/wang-zhen-min
http://www.zhihu.com/people/wtr1213
http://www.zhihu.com/people/copper-friddle
http://www.zhihu.com/people/zhang-shao-nan
http://www.zhihu.com/people/lu-gui-chen-26
http://www.zhihu.com/people/shimengchen
http://www.zhihu.com/people/yang-ji-ji-ji-ji
http://www.zhihu.com/people/Sleven
http://www.zhihu.com/people/qiuchao
http://www.zhihu.com/people/mao-wen-tong
http://www.zhihu.com/people/vseca
http://www.zhihu.com/people/chengzhoukun
http://www.zhihu.com/people/mayue
http://www.zhihu.com/people/zhang-shuo-70-43
http://www.zhihu.com/people/zhang-zhong-qi
http://www.zhihu.com/people/Corey_Chan
http://www.zhihu.com/people/chen-peng-8-92
http://www.zhihu.com/people/rinehart
http://www.zhihu.com/people/fan-qiong
http://www.zhihu.com/people/zhouyuan
http://www.zhihu.com/people/hai-ye-68
http://www.zhihu.com/people/lordifeng
http://www.zhihu.com/people/gs.ux
http://www.zhihu.com/people/yu-lei-96-90
http://www.zhihu.com/people/violynne
http://www.zhihu.com/people/jaspr-wang
http://www.zhihu.com/people/song-jin-chang
http://www.zhihu.com/people/wei-ma-46
http://www.zhihu.com/people/zhu-dan-dan-6
http://www.zhihu.com/people/jimsoupchen
http://www.zhihu.com/people/geng-bo-8
http://www.zhihu.com/people/you-shu-60
http://www.zhihu.com/people/yang-yong-54-36
http://www.zhihu.com/people/cao-yicong-50
http://www.zhihu.com/people/yandream
http://www.zhihu.com/people/SeanParker
http://www.zhihu.com/people/jarenzhang
http://www.zhihu.com/people/doworking
http://www.zhihu.com/people/carlxia
http://www.zhihu.com/people/dacuima
http://www.zhihu.com/people/ru-sheng
http://www.zhihu.com/people/jianchijianchi
http://www.zhihu.com/people/zhang-qian-13-68
http://www.zhihu.com/people/whale
http://www.zhihu.com/people/davidchang
http://www.zhihu.com/people/chen-da-shu-91
http://www.zhihu.com/people/ethanchen
http://www.zhihu.com/people/fang-yi-cheng-73
http://www.zhihu.com/people/be-with-lele
http://www.zhihu.com/people/juleehwa
http://www.zhihu.com/people/dai-xiao-xi-70
http://www.zhihu.com/people/orzzhang
http://www.zhihu.com/people/jysm
http://www.zhihu.com/people/liu-qian-bo
http://www.zhihu.com/people/gao-wen-jun
http://www.zhihu.com/people/fan-chen
http://www.zhihu.com/people/viking-60
http://www.zhihu.com/people/shan-huo-23
http://www.zhihu.com/people/mrfern
http://www.zhihu.com/people/shiwl
http://www.zhihu.com/people/li-shou-yin-89
http://www.zhihu.com/people/gao-ling-ling
http://www.zhihu.com/people/wu-shan-53-53
http://www.zhihu.com/people/junoma
http://www.zhihu.com/people/zhu-bo-tao
http://www.zhihu.com/people/jerry_9536
http://www.zhihu.com/people/hangzhi
http://www.zhihu.com/people/cui-ling-yun-66
http://www.zhihu.com/people/quan-quan-35-32
http://www.zhihu.com/people/diecxters
http://www.zhihu.com/people/chen-yi-10-4
http://www.zhihu.com/people/qing-xin
http://www.zhihu.com/people/she-quan-quan
http://www.zhihu.com/people/passenger
http://www.zhihu.com/people/pang-bo-95
http://www.zhihu.com/people/UXever
http://www.zhihu.com/people/xiao-sa-06-16
http://www.zhihu.com/people/youan
http://www.zhihu.com/people/zhong-ye-zi-49
http://www.zhihu.com/people/winiex
http://www.zhihu.com/people/lu-jia-11
http://www.zhihu.com/people/goodby
http://www.zhihu.com/people/yong-yi-68
http://www.zhihu.com/people/benxx
http://www.zhihu.com/people/ashmateinu
http://www.zhihu.com/people/StarSayseve7ndays
http://www.zhihu.com/people/hu-xin-yao
http://www.zhihu.com/people/yelic
http://www.zhihu.com/people/ronzan
http://www.zhihu.com/people/mebeta
http://www.zhihu.com/people/skyxqc
http://www.zhihu.com/people/qian-cao-yu
http://www.zhihu.com/people/aaaaaaaaaaa
http://www.zhihu.com/people/zonovo
http://www.zhihu.com/people/cai-zhu-xin
http://www.zhihu.com/people/elekchen
http://www.zhihu.com/people/qie-ting-feng-yin
http://www.zhihu.com/people/wang-jun-7-33
http://www.zhihu.com/people/fajia
http://www.zhihu.com/people/zhang-xian-feng
http://www.zhihu.com/people/oiccme
http://www.zhihu.com/people/toochio
http://www.zhihu.com/people/lin-ruo-ru
http://www.zhihu.com/people/selangtao
http://www.zhihu.com/people/lotusmoon
http://www.zhihu.com/people/karaki
http://www.zhihu.com/people/namiheike
http://www.zhihu.com/people/zhang-meng-meng-0927
http://www.zhihu.com/people/zued
http://www.zhihu.com/people/solliuyang
http://www.zhihu.com/people/allen-chen-57
http://www.zhihu.com/people/evercr8
http://www.zhihu.com/people/wang-chao-jun-14
http://www.zhihu.com/people/mengnie
http://www.zhihu.com/people/papepopo
http://www.zhihu.com/people/guo-qi-fa
http://www.zhihu.com/people/huang-hao-19
http://www.zhihu.com/people/bengirl
http://www.zhihu.com/people/chen-qing-33
http://www.zhihu.com/people/sky-fall
http://www.zhihu.com/people/saga-way
http://www.zhihu.com/people/hiallrocky
http://www.zhihu.com/people/blake-jin
http://www.zhihu.com/people/li-si-fan-84
http://www.zhihu.com/people/techoxygen
http://www.zhihu.com/people/liu-ren-jie-84
http://www.zhihu.com/people/xiehowe
http://www.zhihu.com/people/li-sheng-yuan-fred
http://www.zhihu.com/people/bai-ge
http://www.zhihu.com/people/lin-fang-hua
http://www.zhihu.com/people/godling
http://www.zhihu.com/people/zhang-shi-pu
http://www.zhihu.com/people/jerry8989
http://www.zhihu.com/people/qian-chen-xu
http://www.zhihu.com/people/zhang-le-44-38
http://www.zhihu.com/people/lynnchang
http://www.zhihu.com/people/myersguo
http://www.zhihu.com/people/dong-fei
http://www.zhihu.com/people/chen-yu-xiao
http://www.zhihu.com/people/lackar
http://www.zhihu.com/people/purpleli
http://www.zhihu.com/people/ersuwei
http://www.zhihu.com/people/jason2be
http://www.zhihu.com/people/iyixiang
http://www.zhihu.com/people/yang-yang-35-50-68
http://www.zhihu.com/people/lan-ren
http://www.zhihu.com/people/zhao-zi-hua
http://www.zhihu.com/people/kikiko
http://www.zhihu.com/people/vianu
http://www.zhihu.com/people/huang-zhi-ping-14
http://www.zhihu.com/people/raymond-1
http://www.zhihu.com/people/kayki
http://www.zhihu.com/people/Monodrama
http://www.zhihu.com/people/wu-shun-rong
http://www.zhihu.com/people/zhang-xiao-qing-88
http://www.zhihu.com/people/thundercat
http://www.zhihu.com/people/tristain-43
http://www.zhihu.com/people/sunsn
http://www.zhihu.com/people/yuquan
http://www.zhihu.com/people/richard.g
http://www.zhihu.com/people/shitianxiao
http://www.zhihu.com/people/wang-chu
http://www.zhihu.com/people/liu-tian-34
http://www.zhihu.com/people/zhang-li-ya
http://www.zhihu.com/people/nanasole
http://www.zhihu.com/people/unogzx
http://www.zhihu.com/people/linan
http://www.zhihu.com/people/zhou-zhen-81-42
http://www.zhihu.com/people/auspicesaint
http://www.zhihu.com/people/song-en-liang
http://www.zhihu.com/people/qiao-yi-63
http://www.zhihu.com/people/Bohe004
http://www.zhihu.com/people/tong-feng
http://www.zhihu.com/people/liang-kang
http://www.zhihu.com/people/xuanfei
http://www.zhihu.com/people/evilliu
http://www.zhihu.com/people/netsos
http://www.zhihu.com/people/kongkang
http://www.zhihu.com/people/zhang-ai-fei
http://www.zhihu.com/people/houwa
http://www.zhihu.com/people/hanlee
http://www.zhihu.com/people/appleetliupei
http://www.zhihu.com/people/qinchuhah
http://www.zhihu.com/people/chenran
http://www.zhihu.com/people/tumbler-75
http://www.zhihu.com/people/zhengziyang
http://www.zhihu.com/people/wu-dan-59
http://www.zhihu.com/people/ashwu
http://www.zhihu.com/people/2guitar
http://www.zhihu.com/people/feversun
http://www.zhihu.com/people/guo-chao-13
http://www.zhihu.com/people/angelia-55
http://www.zhihu.com/people/gymitat
http://www.zhihu.com/people/chaz-lu
http://www.zhihu.com/people/cloudong
http://www.zhihu.com/people/treewan
http://www.zhihu.com/people/tt2012
http://www.zhihu.com/people/xiao-xie-zi-41
http://www.zhihu.com/people/cao-wen-xin
http://www.zhihu.com/people/a-xiang-70
http://www.zhihu.com/people/huanyuan
http://www.zhihu.com/people/guo-xin-99
http://www.zhihu.com/people/huanghuihui1991
http://www.zhihu.com/people/lesliefeng
http://www.zhihu.com/people/liutingji
http://www.zhihu.com/people/andyliung
http://www.zhihu.com/people/lai-lai-lai
http://www.zhihu.com/people/wang-qi-71
http://www.zhihu.com/people/maxdison
http://www.zhihu.com/people/yuan-an-dong
http://www.zhihu.com/people/bighope
http://www.zhihu.com/people/hi-yz
http://www.zhihu.com/people/li-li-gang
http://www.zhihu.com/people/zhuolan
http://www.zhihu.com/people/liao-han-yu
http://www.zhihu.com/people/liangers
http://www.zhihu.com/people/thirtyjin
http://www.zhihu.com/people/ge-hui
http://www.zhihu.com/people/zheng-jun-53
http://www.zhihu.com/people/lunaeidolon
http://www.zhihu.com/people/zhao-shu-chen-29
http://www.zhihu.com/people/tian-tian-23
http://www.zhihu.com/people/man-tong
http://www.zhihu.com/people/chen-tian-li
http://www.zhihu.com/people/sun-yan-jun
http://www.zhihu.com/people/li-bai-he-62
http://www.zhihu.com/people/huang-yu-jing-43
http://www.zhihu.com/people/yshone
http://www.zhihu.com/people/ihuabing
http://www.zhihu.com/people/cuicui777
http://www.zhihu.com/people/neroh
http://www.zhihu.com/people/danislou
http://www.zhihu.com/people/wang-zhi-zhi-82
http://www.zhihu.com/people/lava
http://www.zhihu.com/people/whitekatana
http://www.zhihu.com/people/han-yan
http://www.zhihu.com/people/da-lan
http://www.zhihu.com/people/Xuejing
http://www.zhihu.com/people/mayun
http://www.zhihu.com/people/lynnhu
http://www.zhihu.com/people/zhu-yan-ren
http://www.zhihu.com/people/jksun
http://www.zhihu.com/people/yanghaoleng
http://www.zhihu.com/people/yang-cong-quan-man-tou
http://www.zhihu.com/people/lingeng
http://www.zhihu.com/people/li-jing-34-7
http://www.zhihu.com/people/du-yun-he-79
http://www.zhihu.com/people/heyinana
http://www.zhihu.com/people/mlikeasong
http://www.zhihu.com/people/yuan-rui-andreas
http://www.zhihu.com/people/jiao-mu-jiao
http://www.zhihu.com/people/xuexiao
http://www.zhihu.com/people/qplus
http://www.zhihu.com/people/springparker
http://www.zhihu.com/people/liu-pu-pu
http://www.zhihu.com/people/gui-meng-yuan
http://www.zhihu.com/people/qinchen85
http://www.zhihu.com/people/fu-jia-qi
http://www.zhihu.com/people/rokey-zhang
http://www.zhihu.com/people/hweeken
http://www.zhihu.com/people/jjying
http://www.zhihu.com/people/lizhicong
http://www.zhihu.com/people/anerle
http://www.zhihu.com/people/wangpengyu
http://www.zhihu.com/people/leo-li
http://www.zhihu.com/people/mirr
http://www.zhihu.com/people/lao-chang
http://www.zhihu.com/people/calon
http://www.zhihu.com/people/cai-tong
http://www.zhihu.com/people/wangweizhe
http://www.zhihu.com/people/win32
http://www.zhihu.com/people/Ataraxia002
http://www.zhihu.com/people/wang-chuan-zheng
http://www.zhihu.com/people/fan-qing
http://www.zhihu.com/people/gongjun
http://www.zhihu.com/people/li-jin-gang
http://www.zhihu.com/people/wuwei
http://www.zhihu.com/people/guangyao
http://www.zhihu.com/people/alldryc
http://www.zhihu.com/people/hai-yang
http://www.zhihu.com/people/bloodyxu
http://www.zhihu.com/people/jixin
http://www.zhihu.com/people/hui-zhu
http://www.zhihu.com/people/gousheng
http://www.zhihu.com/people/zhang-chao-49
http://www.zhihu.com/people/feng-zhi-chao
http://www.zhihu.com/people/whitecrow
http://www.zhihu.com/people/zhao-peng-jie
http://www.zhihu.com/people/c-one
http://www.zhihu.com/people/hu-bing-67
http://www.zhihu.com/people/outc
http://www.zhihu.com/people/lockeman
http://www.zhihu.com/people/yuan-jun-53
http://www.zhihu.com/people/allanli
http://www.zhihu.com/people/handey
http://www.zhihu.com/people/ma-ke-14
http://www.zhihu.com/people/benbackman
http://www.zhihu.com/people/si-chun
http://www.zhihu.com/people/leongao
