http://www.zhihu.com/people/jun-shu
http://www.zhihu.com/people/xing-yi-xun
http://www.zhihu.com/people/niu-niu-6-1
http://www.zhihu.com/people/chun-feng-hua-yu-34
http://www.zhihu.com/people/bigteeth
http://www.zhihu.com/people/cao-yu-hao
http://www.zhihu.com/people/mmyww
http://www.zhihu.com/people/gao-gao-72
http://www.zhihu.com/people/chubin
http://www.zhihu.com/people/feng-xiang-40
http://www.zhihu.com/people/fredma-
http://www.zhihu.com/people/liuxiaotong
http://www.zhihu.com/people/chen-yu-jun-29-72
http://www.zhihu.com/people/dong-fang-yi-xiao-55
http://www.zhihu.com/people/sui-sui-79
http://www.zhihu.com/people/xiao-zhang-3-23
http://www.zhihu.com/people/lu-shuang-1993
http://www.zhihu.com/people/hardin
http://www.zhihu.com/people/hao-gao-kun
http://www.zhihu.com/people/tc-liang-66
http://www.zhihu.com/people/mo-shu-62
http://www.zhihu.com/people/rola-li
http://www.zhihu.com/people/tu-ga
http://www.zhihu.com/people/juelu
http://www.zhihu.com/people/lai-yin-45
http://www.zhihu.com/people/zhao-xing-sheng-17
http://www.zhihu.com/people/zhang-fei-27-7
http://www.zhihu.com/people/xueeeeeeer
http://www.zhihu.com/people/dolphin8534
http://www.zhihu.com/people/autumn-li
http://www.zhihu.com/people/kai-tai-wang
http://www.zhihu.com/people/qin-wei-72
http://www.zhihu.com/people/raoy2010
http://www.zhihu.com/people/li-wan-dan
http://www.zhihu.com/people/li-san-su
http://www.zhihu.com/people/virusdefender
http://www.zhihu.com/people/qin-ya-bing
http://www.zhihu.com/people/kuvick
http://www.zhihu.com/people/danco
http://www.zhihu.com/people/yang-an-qi-30
http://www.zhihu.com/people/zhang-xi-yue-doris
http://www.zhihu.com/people/cheng-nian
http://www.zhihu.com/people/dqw1990
http://www.zhihu.com/people/qin-shan
http://www.zhihu.com/people/ou-ni-jiang
http://www.zhihu.com/people/wen-xin-yu-35
http://www.zhihu.com/people/yi-jian
http://www.zhihu.com/people/yu-nong-6
http://www.zhihu.com/people/zhan-peng-30
http://www.zhihu.com/people/zhu-song-8-62
http://www.zhihu.com/people/chaos-lin
http://www.zhihu.com/people/lin-wei-zhi-39
http://www.zhihu.com/people/bai-bu-duo
http://www.zhihu.com/people/toylori
http://www.zhihu.com/people/e-mo-de-nai-ba
http://www.zhihu.com/people/guigui69
http://www.zhihu.com/people/du-xing-xing-31
http://www.zhihu.com/people/su-dan-dan-55
http://www.zhihu.com/people/olivira154
http://www.zhihu.com/people/qu-zhi-36
http://www.zhihu.com/people/liuxiaoyao
http://www.zhihu.com/people/nyanzhang
http://www.zhihu.com/people/chouthen
http://www.zhihu.com/people/lin-xia-36-10
http://www.zhihu.com/people/two-bo
http://www.zhihu.com/people/shi-er-22-54
http://www.zhihu.com/people/ai-jia-yuan
http://www.zhihu.com/people/amberain
http://www.zhihu.com/people/liucs
http://www.zhihu.com/people/h-j-55
http://www.zhihu.com/people/sun-xiao-hua-13
http://www.zhihu.com/people/wangwang-90
http://www.zhihu.com/people/cicada27
http://www.zhihu.com/people/gao-chen-37
http://www.zhihu.com/people/wei-ta-bing
http://www.zhihu.com/people/xia-zhen-46
http://www.zhihu.com/people/deng-han-lu-32
http://www.zhihu.com/people/uouo-lu
http://www.zhihu.com/people/hu-huo-huo-50
http://www.zhihu.com/people/kingstontso
http://www.zhihu.com/people/zhao-da-pao-42
http://www.zhihu.com/people/luo-na-er-duo-85
http://www.zhihu.com/people/fengren
http://www.zhihu.com/people/hehelovehehe
http://www.zhihu.com/people/hopolee
http://www.zhihu.com/people/xiaoluyouming
http://www.zhihu.com/people/ercy-p
http://www.zhihu.com/people/jason911
http://www.zhihu.com/people/uchusan
http://www.zhihu.com/people/gu-bin-18
http://www.zhihu.com/people/zuo-er-richad
http://www.zhihu.com/people/li-chou-yi
http://www.zhihu.com/people/zhao-yu-76
http://www.zhihu.com/people/zhang-xiang-46-19
http://www.zhihu.com/people/max-tim
http://www.zhihu.com/people/nothingpoint
http://www.zhihu.com/people/_zhao_xu_
http://www.zhihu.com/people/fang-fang-19
http://www.zhihu.com/people/yang-cheng-sen-29
http://www.zhihu.com/people/shao-xiong-64
http://www.zhihu.com/people/wang-long-7-71
http://www.zhihu.com/people/ma-hui-52
http://www.zhihu.com/people/shi-jia-ming-88
http://www.zhihu.com/people/wisaly
http://www.zhihu.com/people/ye-jing-zhan-xu-ming
http://www.zhihu.com/people/hu-su-72
http://www.zhihu.com/people/cheng-zi-hua
http://www.zhihu.com/people/zhao-bin-57-28
http://www.zhihu.com/people/fan-di-lin
http://www.zhihu.com/people/joker-86
http://www.zhihu.com/people/zhang-jun-ming-50
http://www.zhihu.com/people/zoey-26-76
http://www.zhihu.com/people/cang-ke
http://www.zhihu.com/people/hong-wan-95
http://www.zhihu.com/people/vickining
http://www.zhihu.com/people/Cardio_zhang
http://www.zhihu.com/people/su-leng-lu
http://www.zhihu.com/people/xiang-feng-000
http://www.zhihu.com/people/feng-hua-36
http://www.zhihu.com/people/liang-hao-chen
http://www.zhihu.com/people/xi-feng-de-hai-zi
http://www.zhihu.com/people/zhao-ming-zhe-83
http://www.zhihu.com/people/SKYyu
http://www.zhihu.com/people/wang-niao-mu
http://www.zhihu.com/people/madao-32
http://www.zhihu.com/people/pan-ke-shui
http://www.zhihu.com/people/reasinwong
http://www.zhihu.com/people/xiao-meng-55
http://www.zhihu.com/people/liu-guang-hui-60
http://www.zhihu.com/people/yang-hao-62-72
http://www.zhihu.com/people/wang-xiao-ming-87-65
http://www.zhihu.com/people/zhujiyang
http://www.zhihu.com/people/johnwan
http://www.zhihu.com/people/yanliusp
http://www.zhihu.com/people/ron-79
http://www.zhihu.com/people/vincent-zhang-82
http://www.zhihu.com/people/gao-ying-kai
http://www.zhihu.com/people/hang-er
http://www.zhihu.com/people/lin-xiao-qian-91
http://www.zhihu.com/people/tinauu
http://www.zhihu.com/people/he-ban-xian-28
http://www.zhihu.com/people/wan-pu
http://www.zhihu.com/people/xiao-qi-43
http://www.zhihu.com/people/william-92
http://www.zhihu.com/people/li-chen-chen-28
http://www.zhihu.com/people/wang-meng-lei
http://www.zhihu.com/people/wang-xiao-miao-45
http://www.zhihu.com/people/kang-kai
http://www.zhihu.com/people/boodorg
http://www.zhihu.com/people/haixiao
http://www.zhihu.com/people/feng-xiao-mei
http://www.zhihu.com/people/shao-qi-32
http://www.zhihu.com/people/li-zhao-zhao-65
http://www.zhihu.com/people/liang-chen-53
http://www.zhihu.com/people/nswez
http://www.zhihu.com/people/san-qian-piao
http://www.zhihu.com/people/mie-shi-23
http://www.zhihu.com/people/Zuodun
http://www.zhihu.com/people/yiloo
http://www.zhihu.com/people/zha-zha-95
http://www.zhihu.com/people/tan-li-9800
http://www.zhihu.com/people/sun-xiao-tong-43
http://www.zhihu.com/people/tian-zi-xiao
http://www.zhihu.com/people/lawrencepiao
http://www.zhihu.com/people/monsterzhang
http://www.zhihu.com/people/tian-peng-23-46
http://www.zhihu.com/people/chen-jun-bo-95
http://www.zhihu.com/people/kong-ke
http://www.zhihu.com/people/panda-pan
http://www.zhihu.com/people/chen-ming-hui-43-95
http://www.zhihu.com/people/lu-bao-zhong-69
http://www.zhihu.com/people/shi-yi-wen-58
http://www.zhihu.com/people/an-wen-63
http://www.zhihu.com/people/wu-suo
http://www.zhihu.com/people/you-qi-bing-76
http://www.zhihu.com/people/a-meng-ai-jian-guo-65
http://www.zhihu.com/people/li-yi-xuan-9
http://www.zhihu.com/people/yue-ya
http://www.zhihu.com/people/lina22222
http://www.zhihu.com/people/tang-lian-rong
http://www.zhihu.com/people/liu-yichen-40
http://www.zhihu.com/people/shi-wo-kuang
http://www.zhihu.com/people/gao-ruo-yan-50
http://www.zhihu.com/people/liu-kai-li-49
http://www.zhihu.com/people/yin-qi-dong
http://www.zhihu.com/people/yetone
http://www.zhihu.com/people/mo-zhi-lin
http://www.zhihu.com/people/yanomami
http://www.zhihu.com/people/wei-xiao-bao-23-43
http://www.zhihu.com/people/jiang-tian-xiang-64
http://www.zhihu.com/people/gooeyforms
http://www.zhihu.com/people/stupident
http://www.zhihu.com/people/wang-ji-yuan-77
http://www.zhihu.com/people/jing-ji-87
http://www.zhihu.com/people/yin-xia-80
http://www.zhihu.com/people/bazu
http://www.zhihu.com/people/an-xiao-qi-74
http://www.zhihu.com/people/12turbo
http://www.zhihu.com/people/xu-xue-hen
http://www.zhihu.com/people/alonzotang
http://www.zhihu.com/people/he-xiang-36
http://www.zhihu.com/people/sanqiangz
http://www.zhihu.com/people/tang-jing-yu-24
http://www.zhihu.com/people/huichou
http://www.zhihu.com/people/wang-xiao-qiang-92
http://www.zhihu.com/people/ceng-zhao-tian
http://www.zhihu.com/people/deedeebai
http://www.zhihu.com/people/tian-su-jun
http://www.zhihu.com/people/albus-liber
http://www.zhihu.com/people/hui-nannan
http://www.zhihu.com/people/tan-ri-tian
http://www.zhihu.com/people/li-ke-68-40
http://www.zhihu.com/people/sun-hao-ting
http://www.zhihu.com/people/qdhei521
http://www.zhihu.com/people/sonic-16
http://www.zhihu.com/people/cao-wang
http://www.zhihu.com/people/MrHo
http://www.zhihu.com/people/mo-hang-rui
http://www.zhihu.com/people/yin-gao-jie
http://www.zhihu.com/people/mou-yang-73
http://www.zhihu.com/people/wang-rong-72-55
http://www.zhihu.com/people/alexa-19
http://www.zhihu.com/people/jiang-jie-38
http://www.zhihu.com/people/li-jian-73
http://www.zhihu.com/people/zhan-zan-shi
http://www.zhihu.com/people/henry007
http://www.zhihu.com/people/huang-bo-82
http://www.zhihu.com/people/wang-kun-69-12
http://www.zhihu.com/people/hu-rou
http://www.zhihu.com/people/wen-kun-guo
http://www.zhihu.com/people/liu-heng-71
http://www.zhihu.com/people/wang-xiao-yu-68-93
http://www.zhihu.com/people/michelleyan
http://www.zhihu.com/people/THEROYBOTHS
http://www.zhihu.com/people/pavlov
http://www.zhihu.com/people/biheye
http://www.zhihu.com/people/frederick-65
http://www.zhihu.com/people/liu-yijiao
http://www.zhihu.com/people/li-jun-liang-44
http://www.zhihu.com/people/dong-jing-hua
http://www.zhihu.com/people/yofa-huang
http://www.zhihu.com/people/hua-jie-yu
http://www.zhihu.com/people/xiao-feng-zhang
http://www.zhihu.com/people/tian-yun-87
http://www.zhihu.com/people/colintheunique
http://www.zhihu.com/people/desperado-16
http://www.zhihu.com/people/chen-lei-142857
http://www.zhihu.com/people/po-yiya
http://www.zhihu.com/people/da-hai-2
http://www.zhihu.com/people/atuskong
http://www.zhihu.com/people/li-ping-1
http://www.zhihu.com/people/bu-lang-72
http://www.zhihu.com/people/jin-jin-95
http://www.zhihu.com/people/li-zheng-91-39
http://www.zhihu.com/people/don-75
http://www.zhihu.com/people/pan-deng-86
http://www.zhihu.com/people/yue-yi-he
http://www.zhihu.com/people/feng-li-ming-77
http://www.zhihu.com/people/yi-you-16
http://www.zhihu.com/people/hu-xiao-yu
http://www.zhihu.com/people/TrusBe
http://www.zhihu.com/people/wu-yu-an
http://www.zhihu.com/people/shi-bo-qing
http://www.zhihu.com/people/yang-kai-55
http://www.zhihu.com/people/feng-si-zheng
http://www.zhihu.com/people/huang-jun-feng-15
http://www.zhihu.com/people/xsheng-13
http://www.zhihu.com/people/luoxiaoju
http://www.zhihu.com/people/bushwalker
http://www.zhihu.com/people/niao-ren-66-64
http://www.zhihu.com/people/li-jun-jun-67
http://www.zhihu.com/people/zhu-yixin-42
http://www.zhihu.com/people/ge-shang-qi
http://www.zhihu.com/people/yuan-si-fan
http://www.zhihu.com/people/chen-yu-99-52
http://www.zhihu.com/people/tao-tie-32
http://www.zhihu.com/people/tingran
http://www.zhihu.com/people/frank-26-44
http://www.zhihu.com/people/cao-xing-zhi
http://www.zhihu.com/people/jeez19
http://www.zhihu.com/people/liu-ai-kou
http://www.zhihu.com/people/qiuchibao
http://www.zhihu.com/people/zhou-gang-64
http://www.zhihu.com/people/pandacc
http://www.zhihu.com/people/wang-xiao-min-86
http://www.zhihu.com/people/wang-ke-yang
http://www.zhihu.com/people/haricot
http://www.zhihu.com/people/chen-wei-lian
http://www.zhihu.com/people/yu-xiu-66
