http://www.zhihu.com/people/FireKing91
http://www.zhihu.com/people/wang-zhi-xiang-40
http://www.zhihu.com/people/portal-neop
http://www.zhihu.com/people/versatran01
http://www.zhihu.com/people/yava
http://www.zhihu.com/people/googlegoogle
http://www.zhihu.com/people/LoveLBX
http://www.zhihu.com/people/wang-gao-yu
http://www.zhihu.com/people/tang-jing-yu-24
http://www.zhihu.com/people/cao-yu-hao
http://www.zhihu.com/people/982693
http://www.zhihu.com/people/whitezhou
http://www.zhihu.com/people/likang
http://www.zhihu.com/people/kou-dai
http://www.zhihu.com/people/stupident
http://www.zhihu.com/people/young-liu
http://www.zhihu.com/people/wangofjian
http://www.zhihu.com/people/li-gui-gen
http://www.zhihu.com/people/wei-wang-20
http://www.zhihu.com/people/peteryao
http://www.zhihu.com/people/wang-hao-90-95
http://www.zhihu.com/people/kid7st
http://www.zhihu.com/people/liubey
http://www.zhihu.com/people/panqiaolin
http://www.zhihu.com/people/fantasy-45
http://www.zhihu.com/people/dakewang
http://www.zhihu.com/people/macin-chen
http://www.zhihu.com/people/liukeji
http://www.zhihu.com/people/wuhongjian
http://www.zhihu.com/people/yi-zhong-wei
http://www.zhihu.com/people/echo-40-22
http://www.zhihu.com/people/vienta
http://www.zhihu.com/people/wang-li-nuo-15
http://www.zhihu.com/people/fuxiaoyong
http://www.zhihu.com/people/jiang-shu-fen
http://www.zhihu.com/people/keyknight23
http://www.zhihu.com/people/zhu-xiao-qing-98
http://www.zhihu.com/people/toddzhao
http://www.zhihu.com/people/aaron-chu
http://www.zhihu.com/people/BY5566
http://www.zhihu.com/people/duan-yong-ming
http://www.zhihu.com/people/shi-ke-48-30
http://www.zhihu.com/people/Feat
http://www.zhihu.com/people/laughingjacky
http://www.zhihu.com/people/chen-yu-zhou-57
http://www.zhihu.com/people/artist_woods
http://www.zhihu.com/people/timeface
http://www.zhihu.com/people/zhang-xiao-xian-77
http://www.zhihu.com/people/rich-36
http://www.zhihu.com/people/yangdachao
http://www.zhihu.com/people/wjphdu
http://www.zhihu.com/people/song-zhi-qiang-24
http://www.zhihu.com/people/zhen-shi-da
http://www.zhihu.com/people/li-huang-he-78
http://www.zhihu.com/people/findmyway
http://www.zhihu.com/people/liu-xiao-feng-50-67
http://www.zhihu.com/people/evilcos
http://www.zhihu.com/people/chen-xu-lin-90
http://www.zhihu.com/people/xiashali
http://www.zhihu.com/people/suodi
http://www.zhihu.com/people/minch
http://www.zhihu.com/people/spokenenglish
http://www.zhihu.com/people/qiao-xiao-xiao-53
http://www.zhihu.com/people/gu-yue-45
http://www.zhihu.com/people/wainshine
http://www.zhihu.com/people/ugguo
http://www.zhihu.com/people/s5s5
http://www.zhihu.com/people/duan-mu-yun-91
http://www.zhihu.com/people/max-payne
http://www.zhihu.com/people/luo-chen-xing
http://www.zhihu.com/people/zhangfeiadts
http://www.zhihu.com/people/cao-wei-cheng
http://www.zhihu.com/people/zheng-ji-yu
http://www.zhihu.com/people/xuanjianfeng
http://www.zhihu.com/people/i7xh
http://www.zhihu.com/people/wqfan
http://www.zhihu.com/people/li-ke-di
http://www.zhihu.com/people/zhang-yang-60-19
http://www.zhihu.com/people/chen-lionel
http://www.zhihu.com/people/sen-sheng
http://www.zhihu.com/people/zhang-ming-yun-97
http://www.zhihu.com/people/Fly2Spring
http://www.zhihu.com/people/yang-ding-101
http://www.zhihu.com/people/he-jia-ke-42
http://www.zhihu.com/people/hong-yi
http://www.zhihu.com/people/stevensunzh
http://www.zhihu.com/people/liu-ya-kun-1
http://www.zhihu.com/people/leohxj
http://www.zhihu.com/people/wang-xiao-kan
http://www.zhihu.com/people/fengweizhou
http://www.zhihu.com/people/feng-hao-84
http://www.zhihu.com/people/i47_
http://www.zhihu.com/people/ITHACAWONG
http://www.zhihu.com/people/mazhen
http://www.zhihu.com/people/zhouyujiang
http://www.zhihu.com/people/chen-jiu-ling
http://www.zhihu.com/people/xiao-qiao-5
http://www.zhihu.com/people/du-gu-jian
http://www.zhihu.com/people/jokernl
http://www.zhihu.com/people/youshengrong
http://www.zhihu.com/people/chiesa
http://www.zhihu.com/people/csgang
http://www.zhihu.com/people/bingsu
http://www.zhihu.com/people/men-tian-nan
http://www.zhihu.com/people/aeonwang
http://www.zhihu.com/people/chen-xiu-zhen-32
http://www.zhihu.com/people/vizhen-tan
http://www.zhihu.com/people/shawn-6
http://www.zhihu.com/people/jueying-37-34
http://www.zhihu.com/people/cranks
http://www.zhihu.com/people/emlink
http://www.zhihu.com/people/beingeggache
http://www.zhihu.com/people/1ffree
http://www.zhihu.com/people/resugary
http://www.zhihu.com/people/Ringo.T
http://www.zhihu.com/people/qiusstse
http://www.zhihu.com/people/jiang-dong-33
http://www.zhihu.com/people/zhao-shui
http://www.zhihu.com/people/shen-ruo-liang
http://www.zhihu.com/people/lu-xin-88
http://www.zhihu.com/people/chensihan
http://www.zhihu.com/people/ma-xiao-zhong
http://www.zhihu.com/people/gembler
http://www.zhihu.com/people/yefeng
http://www.zhihu.com/people/chen-xi-8-72
http://www.zhihu.com/people/Guangzhi-Tang
http://www.zhihu.com/people/wang-jie-30-37
http://www.zhihu.com/people/rougee
http://www.zhihu.com/people/hu-yong-9
http://www.zhihu.com/people/xie-yicheng
http://www.zhihu.com/people/tedeyang
http://www.zhihu.com/people/flyer103
http://www.zhihu.com/people/shen-mi-94
http://www.zhihu.com/people/Brian-Kwon
http://www.zhihu.com/people/niunai
http://www.zhihu.com/people/aehan-aehan
http://www.zhihu.com/people/wang-bo-tong
http://www.zhihu.com/people/songhy
http://www.zhihu.com/people/xudekai
http://www.zhihu.com/people/efemantr
http://www.zhihu.com/people/liu-wei-36-38
http://www.zhihu.com/people/lanmo520
http://www.zhihu.com/people/wenx
http://www.zhihu.com/people/fei-shao-yu
http://www.zhihu.com/people/ligo
http://www.zhihu.com/people/zhang-en-wen
http://www.zhihu.com/people/gai-shan-83
http://www.zhihu.com/people/ayr1
http://www.zhihu.com/people/ericfish
http://www.zhihu.com/people/chen-zi-7-13
http://www.zhihu.com/people/zhangyingfeng
http://www.zhihu.com/people/find-66
http://www.zhihu.com/people/poseidon-80
http://www.zhihu.com/people/zhuzike.com
http://www.zhihu.com/people/infoman
http://www.zhihu.com/people/huang-san-99
http://www.zhihu.com/people/congcong009
http://www.zhihu.com/people/xuhan
http://www.zhihu.com/people/guozhimin
http://www.zhihu.com/people/zhang-xiao-dong-97-75
http://www.zhihu.com/people/miawei-wei
http://www.zhihu.com/people/heaven_000
http://www.zhihu.com/people/yu-xuan-ce
http://www.zhihu.com/people/chifangzhi
http://www.zhihu.com/people/chen-ke-44
http://www.zhihu.com/people/ren-er-cheng
http://www.zhihu.com/people/woundman
http://www.zhihu.com/people/xie-yu-tao
http://www.zhihu.com/people/tiebin
http://www.zhihu.com/people/sydney-5
http://www.zhihu.com/people/pewu
http://www.zhihu.com/people/chen-yan-kun-62
http://www.zhihu.com/people/li-zheng-91-39
http://www.zhihu.com/people/zhai-tao
http://www.zhihu.com/people/qi.zhang
http://www.zhihu.com/people/sandtears
http://www.zhihu.com/people/wee1
http://www.zhihu.com/people/wang-zhen-ya-94
http://www.zhihu.com/people/summervillejia
http://www.zhihu.com/people/wang-qun-9
http://www.zhihu.com/people/liang-yu-fan
http://www.zhihu.com/people/yang-yu-yi
http://www.zhihu.com/people/xiang-yu-ke
http://www.zhihu.com/people/li-mie-mie-16
http://www.zhihu.com/people/richard-95
http://www.zhihu.com/people/abcdabcd987
http://www.zhihu.com/people/wang-de-bao-44
http://www.zhihu.com/people/xiao-chu
http://www.zhihu.com/people/chen-chao-47-47
http://www.zhihu.com/people/geng-bo-8
http://www.zhihu.com/people/clark-guan
http://www.zhihu.com/people/silentmost
http://www.zhihu.com/people/zhu-yixin-42
http://www.zhihu.com/people/ikindle
http://www.zhihu.com/people/phycheez
http://www.zhihu.com/people/xidianlz
http://www.zhihu.com/people/zi-lu-_hu-kai-_
http://www.zhihu.com/people/zhang-cong-ying
http://www.zhihu.com/people/mu-lan-46
http://www.zhihu.com/people/lihua
http://www.zhihu.com/people/KongZ
http://www.zhihu.com/people/qone
http://www.zhihu.com/people/sun-zhen-hua
http://www.zhihu.com/people/hysic
http://www.zhihu.com/people/ibuick
http://www.zhihu.com/people/xia-feng-88
http://www.zhihu.com/people/zhou-an
http://www.zhihu.com/people/jaredli
http://www.zhihu.com/people/RyomaKal
http://www.zhihu.com/people/fang-xiao-fan-23
http://www.zhihu.com/people/thkroc
http://www.zhihu.com/people/ifangcy
http://www.zhihu.com/people/fireos
http://www.zhihu.com/people/zhong-nan-77
http://www.zhihu.com/people/chen-shi-fei
http://www.zhihu.com/people/zhao-dian-34
http://www.zhihu.com/people/anga2041
http://www.zhihu.com/people/chevalierwang
http://www.zhihu.com/people/topxebec
http://www.zhihu.com/people/xxiu
http://www.zhihu.com/people/yang-nan-98
http://www.zhihu.com/people/shishan
http://www.zhihu.com/people/chinaxing
http://www.zhihu.com/people/yang-xun-62
http://www.zhihu.com/people/lirui
http://www.zhihu.com/people/mull
http://www.zhihu.com/people/nonocast
http://www.zhihu.com/people/edward-young
http://www.zhihu.com/people/zhu-meng-yan-87
http://www.zhihu.com/people/picspin
http://www.zhihu.com/people/cai-xiao-gao
http://www.zhihu.com/people/luo-shang
http://www.zhihu.com/people/bing
http://www.zhihu.com/people/kitty-hello-2
http://www.zhihu.com/people/fu-wen-pei
http://www.zhihu.com/people/lin-xiao-tou
http://www.zhihu.com/people/zhang-feng-xian
http://www.zhihu.com/people/zhangzx09
http://www.zhihu.com/people/gong-li-ming-43
http://www.zhihu.com/people/cheng-zeng-cun
http://www.zhihu.com/people/xie-shao-76
http://www.zhihu.com/people/zhang-chun-jiang-82
http://www.zhihu.com/people/jiayizhen
http://www.zhihu.com/people/zhengintoki
http://www.zhihu.com/people/wang-chao-jun-14
http://www.zhihu.com/people/xu-chao-28
http://www.zhihu.com/people/moderation
http://www.zhihu.com/people/zhao-shuai-60
http://www.zhihu.com/people/JinhaoPlus
http://www.zhihu.com/people/wayne-lin
http://www.zhihu.com/people/xiao-shen-xian-man-yue
http://www.zhihu.com/people/guannan
http://www.zhihu.com/people/zhao-ming-zhe-83
http://www.zhihu.com/people/ha-pi-bao
http://www.zhihu.com/people/yu-tou-tou-tou
http://www.zhihu.com/people/alice-45-16
http://www.zhihu.com/people/henryfish
http://www.zhihu.com/people/zhanghb_
http://www.zhihu.com/people/yan-zhi-wang
http://www.zhihu.com/people/iplus
http://www.zhihu.com/people/xiao-yu-long
http://www.zhihu.com/people/yubo-qin
http://www.zhihu.com/people/jiang-lei-90-28
http://www.zhihu.com/people/zhang-yan-jie-8
http://www.zhihu.com/people/wang-yu-97-23
http://www.zhihu.com/people/tanglu
http://www.zhihu.com/people/hansun-lam
http://www.zhihu.com/people/li-xiang-lan
http://www.zhihu.com/people/zhu-xiu-jie
http://www.zhihu.com/people/tong-xin-gang
http://www.zhihu.com/people/qiaoerenwu
http://www.zhihu.com/people/zhou-gang-64
http://www.zhihu.com/people/mo-zhi-ye
http://www.zhihu.com/people/peng-yong-82
http://www.zhihu.com/people/zhang-xiao-ming-49-55
http://www.zhihu.com/people/glemir
http://www.zhihu.com/people/liang-chen-53
http://www.zhihu.com/people/songjd
http://www.zhihu.com/people/zhuanghu
http://www.zhihu.com/people/hu-a-niu-80
http://www.zhihu.com/people/xi-peng-fei
http://www.zhihu.com/people/hheedat
http://www.zhihu.com/people/thuwangming
http://www.zhihu.com/people/g0thic
http://www.zhihu.com/people/zhang-bo-23-49
http://www.zhihu.com/people/hang-hang-7
http://www.zhihu.com/people/yuan-zhuo
http://www.zhihu.com/people/aipipi
http://www.zhihu.com/people/renzongxian
http://www.zhihu.com/people/seri
http://www.zhihu.com/people/shi-tou-72
http://www.zhihu.com/people/wu-xu-dong-75-10
http://www.zhihu.com/people/elaines
http://www.zhihu.com/people/riverking
http://www.zhihu.com/people/bhuztez
http://www.zhihu.com/people/axiacz
http://www.zhihu.com/people/_neil
http://www.zhihu.com/people/kelc
http://www.zhihu.com/people/wang-ban-xian
http://www.zhihu.com/people/leobron
http://www.zhihu.com/people/aihenry2980
http://www.zhihu.com/people/siton
http://www.zhihu.com/people/liu-jing-001
http://www.zhihu.com/people/pafa
http://www.zhihu.com/people/wuminqi
http://www.zhihu.com/people/uryeah
http://www.zhihu.com/people/guo-zi-yi-17
http://www.zhihu.com/people/baifeng
http://www.zhihu.com/people/you-shui-han
http://www.zhihu.com/people/guo-da-lu-13
http://www.zhihu.com/people/reknave
http://www.zhihu.com/people/congzhao
http://www.zhihu.com/people/tang-rong-xuan
http://www.zhihu.com/people/Schicksal
http://www.zhihu.com/people/stina-tsu
http://www.zhihu.com/people/wang-chen-yang-77
http://www.zhihu.com/people/kang-yu-ying
http://www.zhihu.com/people/peng-si-jie
http://www.zhihu.com/people/dqw1990
http://www.zhihu.com/people/jerrysher
http://www.zhihu.com/people/cui-jia-xu
http://www.zhihu.com/people/daniel-gao-87
http://www.zhihu.com/people/ping-zi-83
http://www.zhihu.com/people/yao-79
http://www.zhihu.com/people/tan-ri-tian
http://www.zhihu.com/people/wei-wei-79-3
http://www.zhihu.com/people/kissone
http://www.zhihu.com/people/liang-zi-10-52
http://www.zhihu.com/people/wang-xin-ge-98
http://www.zhihu.com/people/san-pi
http://www.zhihu.com/people/catmiaomiaodolphin
http://www.zhihu.com/people/hzhowie
http://www.zhihu.com/people/long-yi-nan-90
http://www.zhihu.com/people/yan-su-jun
http://www.zhihu.com/people/sujx
http://www.zhihu.com/people/kang-kai
http://www.zhihu.com/people/ke_ling
http://www.zhihu.com/people/williamw
http://www.zhihu.com/people/kang-kai-70
http://www.zhihu.com/people/zhang-zi-qiang-36
http://www.zhihu.com/people/xian-yong-kang
http://www.zhihu.com/people/chen-guo-shu
http://www.zhihu.com/people/cao-yicong-50
http://www.zhihu.com/people/glowdan
http://www.zhihu.com/people/yang-li-xue
http://www.zhihu.com/people/owenne
http://www.zhihu.com/people/yang-yong-54-36
http://www.zhihu.com/people/li-zhan-liang
http://www.zhihu.com/people/xiao-chao
http://www.zhihu.com/people/yang-zhi-qi
http://www.zhihu.com/people/zer0black
http://www.zhihu.com/people/he-xian-54
http://www.zhihu.com/people/prettywall
http://www.zhihu.com/people/wennyyuan
http://www.zhihu.com/people/zhu-wen-qiu
http://www.zhihu.com/people/nicky-53
http://www.zhihu.com/people/blaulan
http://www.zhihu.com/people/k4shifz
http://www.zhihu.com/people/heidfled
http://www.zhihu.com/people/gzxnr
http://www.zhihu.com/people/alswl
http://www.zhihu.com/people/xuejiancun
http://www.zhihu.com/people/lai-xuan-23
http://www.zhihu.com/people/uprit
http://www.zhihu.com/people/trai25
http://www.zhihu.com/people/li-ning-meng
http://www.zhihu.com/people/cheng-xiao-dong-29
http://www.zhihu.com/people/ericake
http://www.zhihu.com/people/zhou-dong-65
http://www.zhihu.com/people/zhouyifei
http://www.zhihu.com/people/zhang-shun-81
http://www.zhihu.com/people/robertding
http://www.zhihu.com/people/leayn_oNTheRoAd
http://www.zhihu.com/people/houyizhong
http://www.zhihu.com/people/morea
http://www.zhihu.com/people/ma-qing-ming
http://www.zhihu.com/people/lucas-18-13
http://www.zhihu.com/people/soluna
http://www.zhihu.com/people/jianyang
http://www.zhihu.com/people/kj-kan-jia
http://www.zhihu.com/people/laixiaolai
http://www.zhihu.com/people/zheng-dai
http://www.zhihu.com/people/yangscar
http://www.zhihu.com/people/chen-wei-49
http://www.zhihu.com/people/marklee-26
http://www.zhihu.com/people/wang-zhang-gui
http://www.zhihu.com/people/fan-sheng-jie
http://www.zhihu.com/people/wang-ke-ke-20
http://www.zhihu.com/people/yuan-hao-jun
http://www.zhihu.com/people/pangkunyi
http://www.zhihu.com/people/bearzx
http://www.zhihu.com/people/lan-gong-wen
http://www.zhihu.com/people/laowch
http://www.zhihu.com/people/johnil
http://www.zhihu.com/people/wang-rui-chao
http://www.zhihu.com/people/imr3
http://www.zhihu.com/people/thirtyjin
http://www.zhihu.com/people/zhang-lao-yi
http://www.zhihu.com/people/x_gy
http://www.zhihu.com/people/yang-zhao-41
http://www.zhihu.com/people/li-lin-68-39
http://www.zhihu.com/people/gundam215
http://www.zhihu.com/people/nottheend
http://www.zhihu.com/people/aztack
http://www.zhihu.com/people/mu-tou-lbj
http://www.zhihu.com/people/forkburn
http://www.zhihu.com/people/shao-yu-lin
http://www.zhihu.com/people/sun-yun-hao-49
http://www.zhihu.com/people/hai-li-35
http://www.zhihu.com/people/manhodl
http://www.zhihu.com/people/thinker-97
http://www.zhihu.com/people/innernight
http://www.zhihu.com/people/iamloje
http://www.zhihu.com/people/bnomb3
http://www.zhihu.com/people/jin-zheng
http://www.zhihu.com/people/gaoguojun
http://www.zhihu.com/people/shi-ying-18
http://www.zhihu.com/people/wu-zheng-bin
http://www.zhihu.com/people/zhao-hai-di
http://www.zhihu.com/people/line
http://www.zhihu.com/people/atuskong
http://www.zhihu.com/people/horse.bh
http://www.zhihu.com/people/everso
http://www.zhihu.com/people/weilaidehuoche
http://www.zhihu.com/people/ma-gang
http://www.zhihu.com/people/leesizhe
http://www.zhihu.com/people/xy___ok
http://www.zhihu.com/people/ionium
http://www.zhihu.com/people/maribai
http://www.zhihu.com/people/zhou-ye-cheng
http://www.zhihu.com/people/ReSur
http://www.zhihu.com/people/THEROYBOTHS
http://www.zhihu.com/people/a_xin
http://www.zhihu.com/people/zhang-wei-8-73
http://www.zhihu.com/people/tottichen
http://www.zhihu.com/people/liu-guo-hui-24
http://www.zhihu.com/people/guo-yu-8
http://www.zhihu.com/people/ji-wei-70
http://www.zhihu.com/people/crastone
http://www.zhihu.com/people/windriver
http://www.zhihu.com/people/qian-jin-13
http://www.zhihu.com/people/jun-bu-yu-28
http://www.zhihu.com/people/tai-di-xiong-97
http://www.zhihu.com/people/cerulean-45
http://www.zhihu.com/people/zhao-jia-wen-37
http://www.zhihu.com/people/yang-xin-7-81
http://www.zhihu.com/people/yan-xiao-xi-49
http://www.zhihu.com/people/rsting
http://www.zhihu.com/people/denganliang
http://www.zhihu.com/people/leo-ashileo
http://www.zhihu.com/people/antonioc
http://www.zhihu.com/people/yangshizi
http://www.zhihu.com/people/jamesou
http://www.zhihu.com/people/kikiko
http://www.zhihu.com/people/akirachang
http://www.zhihu.com/people/bo-li-bobo
http://www.zhihu.com/people/luye666
http://www.zhihu.com/people/shen-yu-bao
http://www.zhihu.com/people/victor-chen-79
http://www.zhihu.com/people/junjunxiao
http://www.zhihu.com/people/yi-yan-cheng
http://www.zhihu.com/people/ma-jia-nan
http://www.zhihu.com/people/goodan
http://www.zhihu.com/people/yskin
http://www.zhihu.com/people/wang-ji-71
http://www.zhihu.com/people/zhoulianchi
http://www.zhihu.com/people/fanguofeng
http://www.zhihu.com/people/Jeremial
http://www.zhihu.com/people/longdeqidao
http://www.zhihu.com/people/li-po-han
http://www.zhihu.com/people/kong495
http://www.zhihu.com/people/syaofox
http://www.zhihu.com/people/wangweidang
http://www.zhihu.com/people/howiechou
http://www.zhihu.com/people/cheng-fang-hang
http://www.zhihu.com/people/ou-yang-kang-87
http://www.zhihu.com/people/zhang-cong-72
http://www.zhihu.com/people/oli-ko
http://www.zhihu.com/people/ethanzhang
http://www.zhihu.com/people/Leslie0910
http://www.zhihu.com/people/fancyyan
http://www.zhihu.com/people/kong-rong-26
http://www.zhihu.com/people/kidultx
http://www.zhihu.com/people/shanglei
http://www.zhihu.com/people/wanglewen
http://www.zhihu.com/people/Samuel1112
http://www.zhihu.com/people/gao-yun-8
http://www.zhihu.com/people/corfishy
http://www.zhihu.com/people/ling-bo
http://www.zhihu.com/people/sunglass
http://www.zhihu.com/people/gu-yu-wen
http://www.zhihu.com/people/xiu-zj
http://www.zhihu.com/people/boviyoung
http://www.zhihu.com/people/caliven
http://www.zhihu.com/people/enzu
http://www.zhihu.com/people/chenran
http://www.zhihu.com/people/shao-qi-kai
http://www.zhihu.com/people/zhangedison
http://www.zhihu.com/people/he-yuan-sheng
http://www.zhihu.com/people/xaver-16
http://www.zhihu.com/people/edward-31-35
http://www.zhihu.com/people/cuicui777
http://www.zhihu.com/people/yin-xia-80
http://www.zhihu.com/people/zuimai
http://www.zhihu.com/people/kinvy
http://www.zhihu.com/people/gaoliaoliao
http://www.zhihu.com/people/kissfinger
http://www.zhihu.com/people/zhao-yuan-jie
http://www.zhihu.com/people/avatarye
http://www.zhihu.com/people/cklover
http://www.zhihu.com/people/liqi
http://www.zhihu.com/people/jovanyang
http://www.zhihu.com/people/yeti-zhihu
http://www.zhihu.com/people/davidchang
http://www.zhihu.com/people/yang-yu-qi-64
http://www.zhihu.com/people/hunterdu
http://www.zhihu.com/people/lx36998
http://www.zhihu.com/people/bobo
http://www.zhihu.com/people/tata-zhu
http://www.zhihu.com/people/guan-yi-dong
http://www.zhihu.com/people/koofrank
http://www.zhihu.com/people/huang-jia-ren
http://www.zhihu.com/people/w1zard
http://www.zhihu.com/people/sam-59-90
http://www.zhihu.com/people/xie-wei-74-75
http://www.zhihu.com/people/cnpmf
http://www.zhihu.com/people/isaac-zeng
http://www.zhihu.com/people/coderchen
http://www.zhihu.com/people/chanhs
http://www.zhihu.com/people/hullopanda
http://www.zhihu.com/people/kerry95
http://www.zhihu.com/people/gao-peng-fei-92
http://www.zhihu.com/people/li-jin-wu
http://www.zhihu.com/people/sam-li-80
http://www.zhihu.com/people/wetalk
http://www.zhihu.com/people/cai-zi-dan
http://www.zhihu.com/people/chen-shu-yi-21
http://www.zhihu.com/people/hu-xiao-bin-19
http://www.zhihu.com/people/xiao-da-da
http://www.zhihu.com/people/chjlu
http://www.zhihu.com/people/cold-cold
http://www.zhihu.com/people/topsecret
http://www.zhihu.com/people/leaderweb
http://www.zhihu.com/people/wang-can-5
http://www.zhihu.com/people/zhipei
http://www.zhihu.com/people/mirra
http://www.zhihu.com/people/archerzz
http://www.zhihu.com/people/ruan-qi-chun
http://www.zhihu.com/people/fengmoyan
http://www.zhihu.com/people/niyanshi
http://www.zhihu.com/people/yanyuan
http://www.zhihu.com/people/lao-fei-97
http://www.zhihu.com/people/qethan
http://www.zhihu.com/people/chen-xi-78-89-66
http://www.zhihu.com/people/crossin
http://www.zhihu.com/people/yanliusp
http://www.zhihu.com/people/folin
http://www.zhihu.com/people/du-yi-zhuo
http://www.zhihu.com/people/j7limit
http://www.zhihu.com/people/qin-jian
http://www.zhihu.com/people/walkmansk
http://www.zhihu.com/people/run-shui-20
http://www.zhihu.com/people/linhen
http://www.zhihu.com/people/meng-shi-kang-33
http://www.zhihu.com/people/shinji
http://www.zhihu.com/people/muhriz
http://www.zhihu.com/people/wei5
http://www.zhihu.com/people/1yen
http://www.zhihu.com/people/yu-yang-21-78
http://www.zhihu.com/people/reyals
http://www.zhihu.com/people/andyfoolish
http://www.zhihu.com/people/hoposky
http://www.zhihu.com/people/damao
http://www.zhihu.com/people/jiu-ling-43
http://www.zhihu.com/people/liu-da-95
http://www.zhihu.com/people/hua-man-lou-17
http://www.zhihu.com/people/anerle
http://www.zhihu.com/people/zhang-xiao-65
http://www.zhihu.com/people/wang-pei-ran
http://www.zhihu.com/people/policetouzi
http://www.zhihu.com/people/Sixer
http://www.zhihu.com/people/bitmirage
http://www.zhihu.com/people/kcwh
http://www.zhihu.com/people/chengzhoukun
http://www.zhihu.com/people/zhaoxiaolinn
http://www.zhihu.com/people/alexzhangwhu
http://www.zhihu.com/people/xiao-na-mary
http://www.zhihu.com/people/vikinz
http://www.zhihu.com/people/fengxuewei
http://www.zhihu.com/people/li-jun-58-42
http://www.zhihu.com/people/xia-hai-ping
http://www.zhihu.com/people/jihua_wu
http://www.zhihu.com/people/yun-yun-54
http://www.zhihu.com/people/liangzhitao
http://www.zhihu.com/people/xuefu_zhang
http://www.zhihu.com/people/Alan777
http://www.zhihu.com/people/flike
http://www.zhihu.com/people/sliuqin
http://www.zhihu.com/people/maxlee
http://www.zhihu.com/people/zhang-jun-feng-42
http://www.zhihu.com/people/ruo-xue-san-qian
http://www.zhihu.com/people/littlesenke
http://www.zhihu.com/people/ethan-zhao
http://www.zhihu.com/people/zzxadi
http://www.zhihu.com/people/zava
http://www.zhihu.com/people/liaojunyuan.com
http://www.zhihu.com/people/tonyhead
http://www.zhihu.com/people/soiitaire
http://www.zhihu.com/people/ChineseWhisper
http://www.zhihu.com/people/behappy
http://www.zhihu.com/people/luoxiao
http://www.zhihu.com/people/Dabbler
http://www.zhihu.com/people/zhengtai
http://www.zhihu.com/people/xiao-xing
http://www.zhihu.com/people/cdma2000
http://www.zhihu.com/people/xietingwen
http://www.zhihu.com/people/di-xiao-bin
http://www.zhihu.com/people/liu-xiong-feng-93
http://www.zhihu.com/people/linjiex
http://www.zhihu.com/people/jason_li
http://www.zhihu.com/people/starrrry
http://www.zhihu.com/people/pei-xiao-bin
http://www.zhihu.com/people/feeng
http://www.zhihu.com/people/wang-fu-gui-7-89
http://www.zhihu.com/people/hu-ying-rong-65
http://www.zhihu.com/people/zhou-qiu-qiu-8
http://www.zhihu.com/people/powerjie
http://www.zhihu.com/people/lina22222
http://www.zhihu.com/people/yi-jiu-yi-nuan
http://www.zhihu.com/people/malcolmyu
http://www.zhihu.com/people/iceskysl
http://www.zhihu.com/people/ding-xiao-bin
http://www.zhihu.com/people/ceng-zhen-71-32
http://www.zhihu.com/people/51zhoubianyou
http://www.zhihu.com/people/rhythm
http://www.zhihu.com/people/xule
http://www.zhihu.com/people/Mel0day
http://www.zhihu.com/people/yuan-shao-cheng
http://www.zhihu.com/people/qinhuai
http://www.zhihu.com/people/cavendish
http://www.zhihu.com/people/zhang-bo-82-86
http://www.zhihu.com/people/clairewang0326
http://www.zhihu.com/people/qu-yuan-54
http://www.zhihu.com/people/xanahopper
http://www.zhihu.com/people/jiu4pure
http://www.zhihu.com/people/yangxiaoche
http://www.zhihu.com/people/liyali
http://www.zhihu.com/people/mr-yizhi
http://www.zhihu.com/people/UncleYee
http://www.zhihu.com/people/jobsyuan
http://www.zhihu.com/people/xStars
http://www.zhihu.com/people/luo-kui-lin
http://www.zhihu.com/people/zhao-wen-jie
http://www.zhihu.com/people/he-de-wen
http://www.zhihu.com/people/yaochenhao
http://www.zhihu.com/people/liuyue
http://www.zhihu.com/people/sunchangqing
http://www.zhihu.com/people/tian-qia
http://www.zhihu.com/people/undersound
http://www.zhihu.com/people/chsqi
http://www.zhihu.com/people/teatien
http://www.zhihu.com/people/mindseeker
http://www.zhihu.com/people/twowolf
http://www.zhihu.com/people/diguage
http://www.zhihu.com/people/jiangming-chen
http://www.zhihu.com/people/peigen
http://www.zhihu.com/people/Dominic_
http://www.zhihu.com/people/zhang-yihong
http://www.zhihu.com/people/xu-meng-yang
http://www.zhihu.com/people/skyhiker
http://www.zhihu.com/people/hinotan
http://www.zhihu.com/people/kaiser
http://www.zhihu.com/people/ji-dong-ze
http://www.zhihu.com/people/kenny
http://www.zhihu.com/people/cloudxiaoka
http://www.zhihu.com/people/etalkr
http://www.zhihu.com/people/xy_alan
http://www.zhihu.com/people/di-wang-66-5
http://www.zhihu.com/people/kimmyzhu
http://www.zhihu.com/people/xhacker
http://www.zhihu.com/people/gui-ming-yue
http://www.zhihu.com/people/tong-an-yi
http://www.zhihu.com/people/programtic
http://www.zhihu.com/people/JAYXHJ
http://www.zhihu.com/people/songzhi
http://www.zhihu.com/people/pengtao-7
http://www.zhihu.com/people/noff
http://www.zhihu.com/people/du-min-xuan-88
http://www.zhihu.com/people/cjunhong
http://www.zhihu.com/people/TedQ
http://www.zhihu.com/people/maemual
http://www.zhihu.com/people/dondonlau
http://www.zhihu.com/people/kevin.lu
http://www.zhihu.com/people/yang-qi-bin
http://www.zhihu.com/people/mi-tang-19
http://www.zhihu.com/people/jed-huo
http://www.zhihu.com/people/oldwinter
http://www.zhihu.com/people/zhou-xiao-qing-52
http://www.zhihu.com/people/wonderhao
http://www.zhihu.com/people/she-hua
http://www.zhihu.com/people/kidding
http://www.zhihu.com/people/LittleV
http://www.zhihu.com/people/waowoa
http://www.zhihu.com/people/un0s2
http://www.zhihu.com/people/ichenxiaodao
http://www.zhihu.com/people/elliottban
http://www.zhihu.com/people/changhu_
http://www.zhihu.com/people/zooeyme
http://www.zhihu.com/people/guqiangqiang
http://www.zhihu.com/people/atusoft
http://www.zhihu.com/people/ravenzhao
http://www.zhihu.com/people/pan-xi-ting
http://www.zhihu.com/people/merryjing
http://www.zhihu.com/people/foncion
http://www.zhihu.com/people/zhu-bo-tao
http://www.zhihu.com/people/lucker
http://www.zhihu.com/people/stephanieyu
http://www.zhihu.com/people/orangehat
http://www.zhihu.com/people/chu-meng-meng
http://www.zhihu.com/people/lu-xin-yan-75
http://www.zhihu.com/people/waypig
http://www.zhihu.com/people/liu-gao-yuan
http://www.zhihu.com/people/wangjianguo
http://www.zhihu.com/people/guishou
http://www.zhihu.com/people/sun-yu-hui-42
http://www.zhihu.com/people/nanj
http://www.zhihu.com/people/evanhan
http://www.zhihu.com/people/gao-xing-93
http://www.zhihu.com/people/zhuerxu
http://www.zhihu.com/people/ren-tao-90
http://www.zhihu.com/people/tanghaiyan
http://www.zhihu.com/people/jession1989
http://www.zhihu.com/people/lu-wen-bin-99
http://www.zhihu.com/people/shimengchen
http://www.zhihu.com/people/di-du-de-xing-tian
http://www.zhihu.com/people/Jeffery_wong
http://www.zhihu.com/people/zan-dong
http://www.zhihu.com/people/huang-zhi-qiang-82
http://www.zhihu.com/people/shanda
http://www.zhihu.com/people/kevin-21-5
http://www.zhihu.com/people/linhai_tech
http://www.zhihu.com/people/dbor
http://www.zhihu.com/people/cai-ji-feng-19
http://www.zhihu.com/people/Luo
http://www.zhihu.com/people/string-75
http://www.zhihu.com/people/shevchenhe
http://www.zhihu.com/people/id-malong
http://www.zhihu.com/people/fang-che-dan
http://www.zhihu.com/people/namiheike
http://www.zhihu.com/people/wang8118
http://www.zhihu.com/people/li-cheng-gan
http://www.zhihu.com/people/xiaoo
http://www.zhihu.com/people/fu-tian-yuan
http://www.zhihu.com/people/mou-jun-feng
http://www.zhihu.com/people/yshlmlr
http://www.zhihu.com/people/wang-bin-50-6
http://www.zhihu.com/people/chenqj
http://www.zhihu.com/people/zhou-tao-31
http://www.zhihu.com/people/xiaoshunli
http://www.zhihu.com/people/fanbin
http://www.zhihu.com/people/zhan-hao-xun
http://www.zhihu.com/people/sun-jun-93
http://www.zhihu.com/people/hui-zi-28
http://www.zhihu.com/people/keshaoqin
http://www.zhihu.com/people/zhao-ying-3
http://www.zhihu.com/people/gaohanyu
http://www.zhihu.com/people/lbxxgn
http://www.zhihu.com/people/fffinc
http://www.zhihu.com/people/xuzhihong
http://www.zhihu.com/people/tangjingxin
http://www.zhihu.com/people/salleeshi
http://www.zhihu.com/people/iyucci
http://www.zhihu.com/people/chen-shuang-24
http://www.zhihu.com/people/llyhub
http://www.zhihu.com/people/huang-hong-zhi
http://www.zhihu.com/people/iamzhongyong
http://www.zhihu.com/people/chentu
http://www.zhihu.com/people/kang-kai-10
http://www.zhihu.com/people/liuyongjian
http://www.zhihu.com/people/kevin-hu
http://www.zhihu.com/people/lynnchang
http://www.zhihu.com/people/masterpa
http://www.zhihu.com/people/han-wei-32
http://www.zhihu.com/people/dxqtm
http://www.zhihu.com/people/love375
http://www.zhihu.com/people/huang-peng-xiao
http://www.zhihu.com/people/cai-xin-79
http://www.zhihu.com/people/zuoanqiyue
http://www.zhihu.com/people/yi-sen-8
http://www.zhihu.com/people/caoyuchen
http://www.zhihu.com/people/zhong-ye-zi-49
http://www.zhihu.com/people/jixin
http://www.zhihu.com/people/mindlee
http://www.zhihu.com/people/li-xiao-lin-68
http://www.zhihu.com/people/fabregaszy
http://www.zhihu.com/people/deletenehs
http://www.zhihu.com/people/fu-zhi-yang
http://www.zhihu.com/people/xiao-long-23-63
http://www.zhihu.com/people/iLittleSheep
http://www.zhihu.com/people/zhuo-zhi-ying
http://www.zhihu.com/people/wule
http://www.zhihu.com/people/natt
http://www.zhihu.com/people/robermac
http://www.zhihu.com/people/liumingyang
http://www.zhihu.com/people/sui-lin-5
http://www.zhihu.com/people/zhao-wen-bo
http://www.zhihu.com/people/swaysoft
http://www.zhihu.com/people/wuzhimin
http://www.zhihu.com/people/joeytai
http://www.zhihu.com/people/bing-mez
http://www.zhihu.com/people/lvpihuoche
http://www.zhihu.com/people/wang-xiao-yue-86
http://www.zhihu.com/people/wen-xiao-80
http://www.zhihu.com/people/wu-xin-45-25
http://www.zhihu.com/people/zhyt1985
http://www.zhihu.com/people/holybreeze
http://www.zhihu.com/people/tigerscott
http://www.zhihu.com/people/luping
http://www.zhihu.com/people/ceng-zhao-hao
http://www.zhihu.com/people/loverty
http://www.zhihu.com/people/Acmenyz
http://www.zhihu.com/people/websec
http://www.zhihu.com/people/kernelhcy
http://www.zhihu.com/people/wang-da-ling-98
http://www.zhihu.com/people/imlaputa
http://www.zhihu.com/people/chncwang
http://www.zhihu.com/people/techoxygen
http://www.zhihu.com/people/qin-ya-jie
http://www.zhihu.com/people/tomnancy
http://www.zhihu.com/people/ruan-chao
http://www.zhihu.com/people/ba-xiao-qi
http://www.zhihu.com/people/gshen
http://www.zhihu.com/people/rainystars
http://www.zhihu.com/people/xulei-92
http://www.zhihu.com/people/sonnabanana
http://www.zhihu.com/people/pig-mad
http://www.zhihu.com/people/xiaodaoren
http://www.zhihu.com/people/goal2scool
http://www.zhihu.com/people/xie-zhi-wei-8
http://www.zhihu.com/people/Loong_T
http://www.zhihu.com/people/jackzhang2014
http://www.zhihu.com/people/lijianjian
http://www.zhihu.com/people/pi1ot
http://www.zhihu.com/people/ddtou
http://www.zhihu.com/people/lejoin-41
http://www.zhihu.com/people/wang-gong-64
http://www.zhihu.com/people/celery-49
http://www.zhihu.com/people/autumnust
http://www.zhihu.com/people/song-yun-di
http://www.zhihu.com/people/bonderwu
http://www.zhihu.com/people/zhang-san-82
http://www.zhihu.com/people/wang-xiao-feng-73-62
http://www.zhihu.com/people/laoer
http://www.zhihu.com/people/jeffery9
http://www.zhihu.com/people/zhou-mu-wei
http://www.zhihu.com/people/zhong-chao
http://www.zhihu.com/people/archieyang
http://www.zhihu.com/people/chen-shen-yuan
http://www.zhihu.com/people/xu1ji
http://www.zhihu.com/people/tang-chao-27
http://www.zhihu.com/people/hu-long-84
http://www.zhihu.com/people/rinehart
http://www.zhihu.com/people/a-hun
http://www.zhihu.com/people/Bingchean
http://www.zhihu.com/people/AutumnLeaf
http://www.zhihu.com/people/liu-yu-han
http://www.zhihu.com/people/wu-di-75-72
http://www.zhihu.com/people/plhwin
http://www.zhihu.com/people/cen-he-ming
http://www.zhihu.com/people/Mrclyy
http://www.zhihu.com/people/iout.in
http://www.zhihu.com/people/feng-xiao-pei
http://www.zhihu.com/people/eric-5
http://www.zhihu.com/people/liu-yang-64-3
http://www.zhihu.com/people/xin.wang
http://www.zhihu.com/people/zhufengxiang
http://www.zhihu.com/people/freelancer
http://www.zhihu.com/people/chen-jian-33-39
http://www.zhihu.com/people/zombie
http://www.zhihu.com/people/airspuer
http://www.zhihu.com/people/shrioneko
http://www.zhihu.com/people/hao-ran-ran
http://www.zhihu.com/people/ycflame
http://www.zhihu.com/people/wang-chuan-zheng
http://www.zhihu.com/people/tangren088
http://www.zhihu.com/people/wangfang
http://www.zhihu.com/people/gao-yue-hua
http://www.zhihu.com/people/shitianxiao
http://www.zhihu.com/people/yfeng1226
http://www.zhihu.com/people/longniao
http://www.zhihu.com/people/oogoo
http://www.zhihu.com/people/jackey-jiang
http://www.zhihu.com/people/pzwei
http://www.zhihu.com/people/myersguo
http://www.zhihu.com/people/xu-chong-bo
http://www.zhihu.com/people/haiger-25
http://www.zhihu.com/people/tomorrow
http://www.zhihu.com/people/fayewu.sinaapp.com
http://www.zhihu.com/people/tumbler-75
http://www.zhihu.com/people/bai-yan-shang-guan
http://www.zhihu.com/people/chen-li-chao-25
http://www.zhihu.com/people/dijkstra
http://www.zhihu.com/people/li-ping-fan-39
http://www.zhihu.com/people/zhang-ze-79
http://www.zhihu.com/people/gang-zi-70
http://www.zhihu.com/people/Corey_Chan
http://www.zhihu.com/people/GilgameshK
http://www.zhihu.com/people/tobeyouth
http://www.zhihu.com/people/yang-chi-73
http://www.zhihu.com/people/yuanrong
http://www.zhihu.com/people/sasiky
http://www.zhihu.com/people/bai-kai-26
http://www.zhihu.com/people/kongkonger
http://www.zhihu.com/people/dannybaobei7
http://www.zhihu.com/people/fajingt
http://www.zhihu.com/people/geekplux
http://www.zhihu.com/people/justin1985
http://www.zhihu.com/people/booirror
http://www.zhihu.com/people/tangke
http://www.zhihu.com/people/qiao-yu-61
http://www.zhihu.com/people/echoWLT
http://www.zhihu.com/people/jerrychou
http://www.zhihu.com/people/jin-duo-93
http://www.zhihu.com/people/jing-xiao-liang
http://www.zhihu.com/people/chaoxj
http://www.zhihu.com/people/xu-yi-yu-71
http://www.zhihu.com/people/tanbamboo
http://www.zhihu.com/people/TrusBe
http://www.zhihu.com/people/geng-shuai-bo
http://www.zhihu.com/people/funnyfan
http://www.zhihu.com/people/mar01
http://www.zhihu.com/people/wantpad
http://www.zhihu.com/people/tairan
http://www.zhihu.com/people/sgsheg
http://www.zhihu.com/people/fenng
http://www.zhihu.com/people/erhandsome
http://www.zhihu.com/people/lazing
http://www.zhihu.com/people/xu-yue-57-16
http://www.zhihu.com/people/www.mingtao.com
http://www.zhihu.com/people/baoz
http://www.zhihu.com/people/liu-jiang-69
http://www.zhihu.com/people/caizhenghai
http://www.zhihu.com/people/zhang-xiao-jie-24
http://www.zhihu.com/people/coolxing
http://www.zhihu.com/people/hewy
http://www.zhihu.com/people/lidaobing
http://www.zhihu.com/people/yan-liu
http://www.zhihu.com/people/luckycoffee
http://www.zhihu.com/people/fxlp
http://www.zhihu.com/people/zhi-xiao-yong
http://www.zhihu.com/people/jie-zhou
http://www.zhihu.com/people/zhou-hong-ren
http://www.zhihu.com/people/wang-fei-37-32
http://www.zhihu.com/people/wu-han-si
http://www.zhihu.com/people/wangdj
http://www.zhihu.com/people/juxuejian
http://www.zhihu.com/people/cacard
http://www.zhihu.com/people/zhuye
http://www.zhihu.com/people/zhou-li-xing-90
http://www.zhihu.com/people/laiyonghao
http://www.zhihu.com/people/jimbozhang
http://www.zhihu.com/people/keepmovingzxw
http://www.zhihu.com/people/zhenby
http://www.zhihu.com/people/zhangzuliang
http://www.zhihu.com/people/wang-liang-50-93
http://www.zhihu.com/people/leiming
http://www.zhihu.com/people/zhong-zhao
http://www.zhihu.com/people/wheat
http://www.zhihu.com/people/chuwentao
http://www.zhihu.com/people/kaverjody
http://www.zhihu.com/people/hu-jiang-ao
http://www.zhihu.com/people/jin-yang-83
http://www.zhihu.com/people/rarexray
http://www.zhihu.com/people/lu-zhi
http://www.zhihu.com/people/wang-feng-85
http://www.zhihu.com/people/hanwuji
http://www.zhihu.com/people/zhu-zuo-jun
http://www.zhihu.com/people/paul-shadow
http://www.zhihu.com/people/pandaslow
http://www.zhihu.com/people/sai-lan-de
http://www.zhihu.com/people/wangguowei
http://www.zhihu.com/people/chenxc
http://www.zhihu.com/people/zhang-guo-yu
http://www.zhihu.com/people/zheng-liang-tian
http://www.zhihu.com/people/nie-wu-hen
http://www.zhihu.com/people/quzhe
http://www.zhihu.com/people/xiaojielu
http://www.zhihu.com/people/lu-ying-ying-4
http://www.zhihu.com/people/du-yu-jie
http://www.zhihu.com/people/shang-jin-13
http://www.zhihu.com/people/xu-zhe-heng
http://www.zhihu.com/people/uranus-zhou
http://www.zhihu.com/people/tang-ji-shun
http://www.zhihu.com/people/han-xiao-guang
http://www.zhihu.com/people/inext
http://www.zhihu.com/people/li-yi-85
http://www.zhihu.com/people/welbin
http://www.zhihu.com/people/sagasw
http://www.zhihu.com/people/jasonchang
http://www.zhihu.com/people/qilin90
http://www.zhihu.com/people/narts
http://www.zhihu.com/people/array
http://www.zhihu.com/people/kings-90
http://www.zhihu.com/people/li-xiao-wen-2
http://www.zhihu.com/people/vanemu
http://www.zhihu.com/people/yarkee
http://www.zhihu.com/people/dropblood.com
http://www.zhihu.com/people/glow
http://www.zhihu.com/people/rothcold
http://www.zhihu.com/people/yangtianyin
http://www.zhihu.com/people/topc
http://www.zhihu.com/people/ren-xue-wu
http://www.zhihu.com/people/jin-tong-bao
http://www.zhihu.com/people/yangjun
http://www.zhihu.com/people/zhang-jian-fei
http://www.zhihu.com/people/kevinxiong
http://www.zhihu.com/people/nathan-92
http://www.zhihu.com/people/gao-sai-jie
http://www.zhihu.com/people/zhaobati
http://www.zhihu.com/people/shohokujoe
http://www.zhihu.com/people/leonpak
http://www.zhihu.com/people/niuye
http://www.zhihu.com/people/jiahuihu
http://www.zhihu.com/people/duanly
http://www.zhihu.com/people/frankel
http://www.zhihu.com/people/waitd
http://www.zhihu.com/people/lldong
http://www.zhihu.com/people/yingwenlee
http://www.zhihu.com/people/chi-jing-ruo
http://www.zhihu.com/people/bujianjimo
http://www.zhihu.com/people/coolzyt
http://www.zhihu.com/people/zhima
http://www.zhihu.com/people/jolam
http://www.zhihu.com/people/solar-17
http://www.zhihu.com/people/learning
http://www.zhihu.com/people/a-jian-79
http://www.zhihu.com/people/stray
http://www.zhihu.com/people/zhang-jun-yan
http://www.zhihu.com/people/lei-feng
http://www.zhihu.com/people/heroic
http://www.zhihu.com/people/rovs
http://www.zhihu.com/people/fang-yuan
http://www.zhihu.com/people/wuchangwei
http://www.zhihu.com/people/herock
http://www.zhihu.com/people/chen-xiao-tu-66
http://www.zhihu.com/people/puloon
http://www.zhihu.com/people/hi3w
http://www.zhihu.com/people/zzningxp
http://www.zhihu.com/people/NoDurex
http://www.zhihu.com/people/serious
http://www.zhihu.com/people/peng-hu
http://www.zhihu.com/people/zhangkf
http://www.zhihu.com/people/heson3
http://www.zhihu.com/people/iblacksun
http://www.zhihu.com/people/jackwang
http://www.zhihu.com/people/liuya802
http://www.zhihu.com/people/tood
http://www.zhihu.com/people/supporter
http://www.zhihu.com/people/chesanqi
http://www.zhihu.com/people/qianjin
http://www.zhihu.com/people/zhou-ying-57
http://www.zhihu.com/people/yongxinge
http://www.zhihu.com/people/acwind
http://www.zhihu.com/people/guowenxin
http://www.zhihu.com/people/jobsfan
http://www.zhihu.com/people/chong
http://www.zhihu.com/people/tang-chen
http://www.zhihu.com/people/luosheng
http://www.zhihu.com/people/ren-fa
http://www.zhihu.com/people/yu-cheng
http://www.zhihu.com/people/wind
http://www.zhihu.com/people/zhangga
http://www.zhihu.com/people/gnap
http://www.zhihu.com/people/hu-qian-qiu
http://www.zhihu.com/people/fankai
http://www.zhihu.com/people/caoxg
http://www.zhihu.com/people/kinglon
http://www.zhihu.com/people/zhuang-biao-wei
http://www.zhihu.com/people/hackdata
http://www.zhihu.com/people/2gouzi
http://www.zhihu.com/people/guo-jin
http://www.zhihu.com/people/neaton
http://www.zhihu.com/people/wang-han
http://www.zhihu.com/people/alang
http://www.zhihu.com/people/quiver
http://www.zhihu.com/people/lincoln-8
http://www.zhihu.com/people/wuhaoxiang
http://www.zhihu.com/people/mo-zhi
http://www.zhihu.com/people/wangping
http://www.zhihu.com/people/azhu
http://www.zhihu.com/people/tinyfool
