http://www.zhihu.com/people/quyifan
http://www.zhihu.com/people/byron-lee-8
http://www.zhihu.com/people/wosunsun
http://www.zhihu.com/people/li-gan-83
http://www.zhihu.com/people/wang-qing-tao
http://www.zhihu.com/people/wang-er-xiao-229
http://www.zhihu.com/people/liu-le-le-99-44
http://www.zhihu.com/people/li-xiang-25-50
http://www.zhihu.com/people/guo-du-zhi
http://www.zhihu.com/people/qiubaipet
http://www.zhihu.com/people/zhong-xiang-89
http://www.zhihu.com/people/yao-zu
http://www.zhihu.com/people/al-joseph
http://www.zhihu.com/people/han-fei-1-48
http://www.zhihu.com/people/ying-seven
http://www.zhihu.com/people/defusiji
http://www.zhihu.com/people/ji-chun-qi
http://www.zhihu.com/people/ma-xiao-shun-26
http://www.zhihu.com/people/chen-xi-ang
http://www.zhihu.com/people/fei-sheng-xuan
http://www.zhihu.com/people/tian-jing-10
http://www.zhihu.com/people/shi-jia-hao-54
http://www.zhihu.com/people/edmond-43
http://www.zhihu.com/people/kevin3650
http://www.zhihu.com/people/zhou-nan-4
http://www.zhihu.com/people/zhao-he-34
http://www.zhihu.com/people/liu-ping-92
http://www.zhihu.com/people/niunai
http://www.zhihu.com/people/wan-pu
http://www.zhihu.com/people/live-dong
http://www.zhihu.com/people/yang-yun-45
http://www.zhihu.com/people/hysic
http://www.zhihu.com/people/jia-ke-le
http://www.zhihu.com/people/wu-xiao-di
http://www.zhihu.com/people/jun-yi-14
http://www.zhihu.com/people/zhou-lao-dao
http://www.zhihu.com/people/heaven_000
http://www.zhihu.com/people/anerun
http://www.zhihu.com/people/tang-yang-15
http://www.zhihu.com/people/shen-mi-94
http://www.zhihu.com/people/zhang-ming-21-51
http://www.zhihu.com/people/liang-han-bing-2
http://www.zhihu.com/people/gao-gao-72
http://www.zhihu.com/people/zhuan-sun-xiao-tong
http://www.zhihu.com/people/zhang-ao-yu
http://www.zhihu.com/people/xu-xue-hen
http://www.zhihu.com/people/yan-sheng-20-44
http://www.zhihu.com/people/aoimishi
http://www.zhihu.com/people/liu-ke-qi
http://www.zhihu.com/people/apprentice1989
http://www.zhihu.com/people/ren-er-cheng
http://www.zhihu.com/people/alspace
http://www.zhihu.com/people/wei-zu-tuo
http://www.zhihu.com/people/yang-tong-tong
http://www.zhihu.com/people/fan-sheng-jie
http://www.zhihu.com/people/zhang-gong-35
http://www.zhihu.com/people/cranks
http://www.zhihu.com/people/wang-he-xiang-82
http://www.zhihu.com/people/ke-xi-64
http://www.zhihu.com/people/zhang-xing-wang
http://www.zhihu.com/people/saintknight
http://www.zhihu.com/people/wo-ai-jiao-jiao
http://www.zhihu.com/people/alvens
http://www.zhihu.com/people/zheng-zha-22
http://www.zhihu.com/people/zhao-hong-89
http://www.zhihu.com/people/mariolee
http://www.zhihu.com/people/andy-56-41
http://www.zhihu.com/people/yu-xin-miao-19
http://www.zhihu.com/people/feng-yu-27
http://www.zhihu.com/people/he-hong-yang-2
http://www.zhihu.com/people/detwin
http://www.zhihu.com/people/fu-heng
http://www.zhihu.com/people/chang-an-mou
http://www.zhihu.com/people/feng-qian-53
http://www.zhihu.com/people/shiwen-li
http://www.zhihu.com/people/liu-shu-chen-10
http://www.zhihu.com/people/kider
http://www.zhihu.com/people/du-chen-75-57
http://www.zhihu.com/people/wang-he-71
http://www.zhihu.com/people/du-ke-61
http://www.zhihu.com/people/michex
http://www.zhihu.com/people/liaojunyuan.com
http://www.zhihu.com/people/wang-da-wei-16
http://www.zhihu.com/people/xuzhemin
http://www.zhihu.com/people/zhong-quan-tao
http://www.zhihu.com/people/likunyang39
http://www.zhihu.com/people/chenyan
http://www.zhihu.com/people/brooklynxiao-pen-you
http://www.zhihu.com/people/cheng-bao-yu
http://www.zhihu.com/people/zhang-mo-17
http://www.zhihu.com/people/yang-zi-qi-60
http://www.zhihu.com/people/coldflame
http://www.zhihu.com/people/zhu-jian-71
http://www.zhihu.com/people/homg-42
http://www.zhihu.com/people/zhu-tian-li
http://www.zhihu.com/people/zhang-xuan-wei
http://www.zhihu.com/people/luo-yu-8
http://www.zhihu.com/people/zhaozhiQ
http://www.zhihu.com/people/sun-xiao-geng
http://www.zhihu.com/people/kairen
http://www.zhihu.com/people/tian-bian-90
http://www.zhihu.com/people/jiayizhen
http://www.zhihu.com/people/springtea
http://www.zhihu.com/people/liaoke08
http://www.zhihu.com/people/si-zi-hang
http://www.zhihu.com/people/jiang-jie-38
http://www.zhihu.com/people/ding-tian
http://www.zhihu.com/people/el-bulli
http://www.zhihu.com/people/wang-heng-heng-80
http://www.zhihu.com/people/ryan-42-5
http://www.zhihu.com/people/zhou-gang-64
http://www.zhihu.com/people/java-mai
http://www.zhihu.com/people/huang-xue-mei-83
http://www.zhihu.com/people/liu-long-48
http://www.zhihu.com/people/ReCaLl.Zzc
http://www.zhihu.com/people/aka3b
http://www.zhihu.com/people/loujianwen
http://www.zhihu.com/people/klex_rax
http://www.zhihu.com/people/shi-tou-68-55
http://www.zhihu.com/people/tonydeng
http://www.zhihu.com/people/mikezi
http://www.zhihu.com/people/laomian
http://www.zhihu.com/people/cui-zheng-39
http://www.zhihu.com/people/Anewczs
http://www.zhihu.com/people/dong-zhao-10-68
http://www.zhihu.com/people/aimesimon
http://www.zhihu.com/people/tao-hong-22
http://www.zhihu.com/people/rong-zhe
http://www.zhihu.com/people/cheung-nick-20
http://www.zhihu.com/people/chandlersu
http://www.zhihu.com/people/ju-zhen-zhang
http://www.zhihu.com/people/chen-hao-44-49
http://www.zhihu.com/people/xiong-fei
http://www.zhihu.com/people/sundance1000
http://www.zhihu.com/people/zhao-deng-di
http://www.zhihu.com/people/XC911
http://www.zhihu.com/people/guo-san-40
http://www.zhihu.com/people/zheng-qi-11-98
http://www.zhihu.com/people/long-ma-73
http://www.zhihu.com/people/li-zhao-zhao-65
http://www.zhihu.com/people/hang-hang-7
http://www.zhihu.com/people/yin-gao-jie
http://www.zhihu.com/people/mei-lian-pi
http://www.zhihu.com/people/zhangjian
http://www.zhihu.com/people/shenjiebuliwo
http://www.zhihu.com/people/pang-jeffrey
http://www.zhihu.com/people/pangpangdeding
http://www.zhihu.com/people/wanger51227
http://www.zhihu.com/people/wang-xiao-bai-80-65
http://www.zhihu.com/people/bbelly
http://www.zhihu.com/people/koogle
http://www.zhihu.com/people/leesiyn
http://www.zhihu.com/people/he-he-30
http://www.zhihu.com/people/yang-zhi-xin-50
http://www.zhihu.com/people/po-de-meng-54
http://www.zhihu.com/people/vincent0419
http://www.zhihu.com/people/lan-linus
http://www.zhihu.com/people/cao-yu-xiao
http://www.zhihu.com/people/fang-wen-32
http://www.zhihu.com/people/mu-tou-ren-er
http://www.zhihu.com/people/zhang-yi-fan-48
http://www.zhihu.com/people/reyn-pei
http://www.zhihu.com/people/zhang-yu-42-83
http://www.zhihu.com/people/yang-cong-quan-man-tou
http://www.zhihu.com/people/chen-wei-xiang-85
http://www.zhihu.com/people/ban-bei-zi
http://www.zhihu.com/people/lu-peng-wen-5
http://www.zhihu.com/people/tan-ri-tian
http://www.zhihu.com/people/shan-rong
http://www.zhihu.com/people/zhu-xiao-wu-77
http://www.zhihu.com/people/bill6688
http://www.zhihu.com/people/wang-dong-79
http://www.zhihu.com/people/hu-yu-ji
http://www.zhihu.com/people/xie-ne
http://www.zhihu.com/people/chen-shi-bing
http://www.zhihu.com/people/yang-yi-96-63
http://www.zhihu.com/people/lu-jian-hua-52
http://www.zhihu.com/people/aaronsu
http://www.zhihu.com/people/zhu-xiao-gang-49
http://www.zhihu.com/people/yang-yu-yi
http://www.zhihu.com/people/mu-mu-91
http://www.zhihu.com/people/be-with-lele
http://www.zhihu.com/people/zhihu_weekly
http://www.zhihu.com/people/fu-tao-67
http://www.zhihu.com/people/bei-cheng-64
http://www.zhihu.com/people/yang-xiao-shi-83
http://www.zhihu.com/people/samory
http://www.zhihu.com/people/Decrecy
http://www.zhihu.com/people/wang-yi-lian-45
http://www.zhihu.com/people/xu-yong-jia
http://www.zhihu.com/people/yue-yi-he
http://www.zhihu.com/people/li-chao-93
http://www.zhihu.com/people/KingdomSpace
http://www.zhihu.com/people/losing
http://www.zhihu.com/people/drwong
http://www.zhihu.com/people/xudekai
http://www.zhihu.com/people/dong-xiao-di
http://www.zhihu.com/people/lvli
http://www.zhihu.com/people/a-si-lan
http://www.zhihu.com/people/hu-nicholas
http://www.zhihu.com/people/wang-bin-37-9
http://www.zhihu.com/people/ma-que-10
http://www.zhihu.com/people/shi-jian-tao
http://www.zhihu.com/people/xiao-tu-qin
http://www.zhihu.com/people/morea
http://www.zhihu.com/people/paperagain
http://www.zhihu.com/people/chen-quan-35-14
http://www.zhihu.com/people/wen-kun-guo
http://www.zhihu.com/people/tao-gu-niang
http://www.zhihu.com/people/an-pei-232
http://www.zhihu.com/people/lazytony
http://www.zhihu.com/people/gayscript
http://www.zhihu.com/people/hanmingyao
http://www.zhihu.com/people/maplejan
http://www.zhihu.com/people/wang-xiao-kan
http://www.zhihu.com/people/chenjiajun
http://www.zhihu.com/people/chen-jian-33-39
http://www.zhihu.com/people/stark-46
http://www.zhihu.com/people/xie-tian-shan
http://www.zhihu.com/people/wang-long-7-71
http://www.zhihu.com/people/dwyane-50
http://www.zhihu.com/people/sonic-16
http://www.zhihu.com/people/li-zheng-91-39
http://www.zhihu.com/people/jht1018
http://www.zhihu.com/people/gui-zhuo
http://www.zhihu.com/people/fan-xiao-xuan-41
http://www.zhihu.com/people/li-guo-dong
http://www.zhihu.com/people/starstarzhou
http://www.zhihu.com/people/hong-shi-huan-78
http://www.zhihu.com/people/xiaokang
http://www.zhihu.com/people/susummer
http://www.zhihu.com/people/zhao-lil
http://www.zhihu.com/people/bai-li
http://www.zhihu.com/people/jeremy-53
http://www.zhihu.com/people/jonathanqiu
http://www.zhihu.com/people/ezio-lin
http://www.zhihu.com/people/zhang-bo-67-32
http://www.zhihu.com/people/wu-shi-xiong
http://www.zhihu.com/people/cai-jin-cheng
http://www.zhihu.com/people/frank-17
http://www.zhihu.com/people/guo-jia-63-58
http://www.zhihu.com/people/ri-zhao-qing-yuan
http://www.zhihu.com/people/xiao-jin-47
http://www.zhihu.com/people/anthonyyuan
http://www.zhihu.com/people/Bryanzhao
http://www.zhihu.com/people/xu-shi-fu
http://www.zhihu.com/people/leonpak
http://www.zhihu.com/people/stephanieyu
http://www.zhihu.com/people/birdman
http://www.zhihu.com/people/4ever7
http://www.zhihu.com/people/peiwei
http://www.zhihu.com/people/xiao-xiao-meng-92
http://www.zhihu.com/people/herolaozhang
http://www.zhihu.com/people/baifan82
http://www.zhihu.com/people/zhang-dong-sheng-1
http://www.zhihu.com/people/wei-ni-xiao-xiong-36
http://www.zhihu.com/people/e-tong-bu-e
http://www.zhihu.com/people/song-lao-mo
http://www.zhihu.com/people/luo-kui-lin
http://www.zhihu.com/people/steve-65
http://www.zhihu.com/people/wayne-tong
http://www.zhihu.com/people/zhu-zheng-qing
http://www.zhihu.com/people/Whalers
http://www.zhihu.com/people/wei-ke-84-14
http://www.zhihu.com/people/he-bu-ke
http://www.zhihu.com/people/pooh
http://www.zhihu.com/people/yang-tan-te
http://www.zhihu.com/people/jackyue0906
http://www.zhihu.com/people/nyanzhang
http://www.zhihu.com/people/andyfoolish
http://www.zhihu.com/people/sundayun
http://www.zhihu.com/people/wang-jia-kan
http://www.zhihu.com/people/uning
http://www.zhihu.com/people/schumi-yu
http://www.zhihu.com/people/mastertian
http://www.zhihu.com/people/stan-wei
http://www.zhihu.com/people/xiao-ha-ha-81
http://www.zhihu.com/people/wangxiaowei0813
http://www.zhihu.com/people/zhang-xiao-yue-72
http://www.zhihu.com/people/jiang-yi-19-68
http://www.zhihu.com/people/wang-meng-jun-98
http://www.zhihu.com/people/slcwindy
http://www.zhihu.com/people/shuoliu
http://www.zhihu.com/people/zhu-bo-tao
http://www.zhihu.com/people/wu-li-guang
http://www.zhihu.com/people/zhai-feng
http://www.zhihu.com/people/zhengyin
http://www.zhihu.com/people/gai-sheng-han
http://www.zhihu.com/people/nightraider
http://www.zhihu.com/people/Dabbler
http://www.zhihu.com/people/sugarragus
http://www.zhihu.com/people/yan-xiao-xi-49
http://www.zhihu.com/people/li-xin-yu-25
http://www.zhihu.com/people/xu-zu-hao
http://www.zhihu.com/people/vincent-33-48
http://www.zhihu.com/people/zhu-yan-zhen-14
http://www.zhihu.com/people/frinkhuang
http://www.zhihu.com/people/qian-de-tang
http://www.zhihu.com/people/lu-ming-hao
http://www.zhihu.com/people/liu-hai-bo-99-41
http://www.zhihu.com/people/tang-fan-ming
http://www.zhihu.com/people/yuger.net
http://www.zhihu.com/people/peng-cheng-45
http://www.zhihu.com/people/rockerwx
http://www.zhihu.com/people/li-young-13
http://www.zhihu.com/people/tian-nan-gua
http://www.zhihu.com/people/wu-yan-zi-14
http://www.zhihu.com/people/spoontzc
http://www.zhihu.com/people/liu-ding-67
http://www.zhihu.com/people/chen-jian-qing-76
http://www.zhihu.com/people/xu-xiao-tian-93
http://www.zhihu.com/people/zipman
http://www.zhihu.com/people/wen-tao-4
http://www.zhihu.com/people/steve-70
http://www.zhihu.com/people/nicholas_y
http://www.zhihu.com/people/ge-wang-49
http://www.zhihu.com/people/jerry-cen
http://www.zhihu.com/people/edwardyin
http://www.zhihu.com/people/jin4074
http://www.zhihu.com/people/chen-bo-liang
http://www.zhihu.com/people/toby941
http://www.zhihu.com/people/shi-yong-shan
http://www.zhihu.com/people/liao-shang-zhi
http://www.zhihu.com/people/lailaiovo
http://www.zhihu.com/people/jayliu
http://www.zhihu.com/people/nan-zhou
http://www.zhihu.com/people/chen-bo-wen-63
http://www.zhihu.com/people/linglingfa
http://www.zhihu.com/people/qiao-xin-qi
http://www.zhihu.com/people/techoxygen
http://www.zhihu.com/people/Alway_Zero
http://www.zhihu.com/people/barbarossa
http://www.zhihu.com/people/THFQ
http://www.zhihu.com/people/fu-zhe-xiao
http://www.zhihu.com/people/zhang-wei-dong-59
http://www.zhihu.com/people/kang-xi-58
http://www.zhihu.com/people/milkymono
http://www.zhihu.com/people/xi-xi-91
http://www.zhihu.com/people/zihoo-lee
http://www.zhihu.com/people/yan-da-hai-919
http://www.zhihu.com/people/li-zhu-19
http://www.zhihu.com/people/lun-tai
http://www.zhihu.com/people/li-yuan-27
http://www.zhihu.com/people/s5856338
http://www.zhihu.com/people/luoxiaohua
http://www.zhihu.com/people/li-qi-19
http://www.zhihu.com/people/sai27
http://www.zhihu.com/people/loadin
http://www.zhihu.com/people/boyan
http://www.zhihu.com/people/gao-zhan-yuan-zhu-pro
http://www.zhihu.com/people/kennytruth
http://www.zhihu.com/people/yi-sen-8
http://www.zhihu.com/people/li-zhen-jie
http://www.zhihu.com/people/pang-ding-wang
http://www.zhihu.com/people/hou-xue-cun
http://www.zhihu.com/people/li-mu-zi-67
http://www.zhihu.com/people/han-yan-hui
http://www.zhihu.com/people/zhaojun4084
http://www.zhihu.com/people/ren-chang-feng
http://www.zhihu.com/people/xie-yan-52
http://www.zhihu.com/people/bing-mez
http://www.zhihu.com/people/lu-yun-peng-4
http://www.zhihu.com/people/wang-xiao-yue-86
http://www.zhihu.com/people/Jeight
http://www.zhihu.com/people/suosi
http://www.zhihu.com/people/qin-zheng-fan
http://www.zhihu.com/people/ryan-dr
http://www.zhihu.com/people/yun-xia-74
http://www.zhihu.com/people/qiaoxiansheng
http://www.zhihu.com/people/ashbei-er
http://www.zhihu.com/people/bin-xin-80
http://www.zhihu.com/people/xin-yue-25
http://www.zhihu.com/people/qin-kang-bao
http://www.zhihu.com/people/icola
http://www.zhihu.com/people/omell
http://www.zhihu.com/people/Charlieyue
http://www.zhihu.com/people/diablobear
http://www.zhihu.com/people/zhang-hao
http://www.zhihu.com/people/casper
http://www.zhihu.com/people/zhang-shi-pu
http://www.zhihu.com/people/li-jun-13-31
http://www.zhihu.com/people/charles-60
http://www.zhihu.com/people/jia-tian-ge
http://www.zhihu.com/people/ShouSuanLe
http://www.zhihu.com/people/danielchen1995
http://www.zhihu.com/people/bo-wen-49
http://www.zhihu.com/people/zhao-yifang
http://www.zhihu.com/people/ray-ma-57
http://www.zhihu.com/people/wei-bing-hao
http://www.zhihu.com/people/shi-jun-15
http://www.zhihu.com/people/ruan-yixiao
http://www.zhihu.com/people/zhou-yu-hang-40
http://www.zhihu.com/people/jia-hao-85
http://www.zhihu.com/people/liu-yi-cheng-13
http://www.zhihu.com/people/lin-dai-xiong-66
http://www.zhihu.com/people/wang-yan-1991
http://www.zhihu.com/people/cenan
http://www.zhihu.com/people/ezreal
http://www.zhihu.com/people/damon-neo
http://www.zhihu.com/people/lu-___-fei
http://www.zhihu.com/people/tian-zhen-10
http://www.zhihu.com/people/niuniu
http://www.zhihu.com/people/wind_shadow
http://www.zhihu.com/people/ge-shang-qi
http://www.zhihu.com/people/li-jun-jun-67
http://www.zhihu.com/people/yolanda-han
http://www.zhihu.com/people/resheen
http://www.zhihu.com/people/nan-xi-ren
http://www.zhihu.com/people/xiao-zhi-69-4
http://www.zhihu.com/people/xiaodaoren
http://www.zhihu.com/people/hong-hua-jie
http://www.zhihu.com/people/y-miss
http://www.zhihu.com/people/allen-sea
http://www.zhihu.com/people/gdzhu
http://www.zhihu.com/people/he-gu-dao
http://www.zhihu.com/people/chen-shi-hua
http://www.zhihu.com/people/liu-xiao-ai
http://www.zhihu.com/people/wang-zhong-tao
http://www.zhihu.com/people/mayghost
http://www.zhihu.com/people/deng-yong-can
http://www.zhihu.com/people/huanghuihui1991
http://www.zhihu.com/people/tao
http://www.zhihu.com/people/zaiyiqi
http://www.zhihu.com/people/han-bao-feng
http://www.zhihu.com/people/wang-tian
http://www.zhihu.com/people/ctlzhl
http://www.zhihu.com/people/yang-ban-xian
http://www.zhihu.com/people/wu-xiang-yin-51
http://www.zhihu.com/people/li-yang-89
http://www.zhihu.com/people/unyuchung
http://www.zhihu.com/people/jixin
http://www.zhihu.com/people/fan-he-40
http://www.zhihu.com/people/sneakercn
http://www.zhihu.com/people/Chowei
http://www.zhihu.com/people/chenghan
http://www.zhihu.com/people/shang-xin-59
