http://www.zhihu.com/people/lucky-liu
http://www.zhihu.com/people/javaning
http://www.zhihu.com/people/he-hua-68-46
http://www.zhihu.com/people/zhang-xiao-guo-83
http://www.zhihu.com/people/xia-duo-33-9
http://www.zhihu.com/people/han-yan-22
http://www.zhihu.com/people/wang-xue-xue-4
http://www.zhihu.com/people/gong-zheng-xuan
http://www.zhihu.com/people/hu-nicholas
http://www.zhihu.com/people/tao-lin-27-63
http://www.zhihu.com/people/xie-ling-cheng
http://www.zhihu.com/people/zhangrongjie
http://www.zhihu.com/people/zhao-jing-29
http://www.zhihu.com/people/zhang-li-40-67
http://www.zhihu.com/people/faradayjiao-shou
http://www.zhihu.com/people/catcoder
http://www.zhihu.com/people/haothings
http://www.zhihu.com/people/bajie8
http://www.zhihu.com/people/huangleping9334
http://www.zhihu.com/people/winsonyang
http://www.zhihu.com/people/yang_cong
http://www.zhihu.com/people/zhou-lu-ming
http://www.zhihu.com/people/anthony-79
http://www.zhihu.com/people/wang-ji-da
http://www.zhihu.com/people/0vens
http://www.zhihu.com/people/zhao-rui-yang
http://www.zhihu.com/people/luo-lin-43-63
http://www.zhihu.com/people/bai-lang-67
http://www.zhihu.com/people/cool.tea
http://www.zhihu.com/people/cfc4n
http://www.zhihu.com/people/junesk
http://www.zhihu.com/people/zhongxiaotu
http://www.zhihu.com/people/deutsch-99
http://www.zhihu.com/people/li-dong-xiao
http://www.zhihu.com/people/sb-im
http://www.zhihu.com/people/xuqian
http://www.zhihu.com/people/chin
http://www.zhihu.com/people/holder-zhang
http://www.zhihu.com/people/lanslife
http://www.zhihu.com/people/flow-12
http://www.zhihu.com/people/wang-yu-jue-1
http://www.zhihu.com/people/adadada
http://www.zhihu.com/people/ji-yan-25-31
http://www.zhihu.com/people/evilcos
http://www.zhihu.com/people/yuele
http://www.zhihu.com/people/lu-gui-chen-39
http://www.zhihu.com/people/lu-xue-83
http://www.zhihu.com/people/yang-hui-jiao
http://www.zhihu.com/people/xie-meng-67-17
http://www.zhihu.com/people/cao-yi-an
http://www.zhihu.com/people/ding-yu-26
http://www.zhihu.com/people/cha-hu-zi
http://www.zhihu.com/people/li-hang-21
http://www.zhihu.com/people/Spinnist
http://www.zhihu.com/people/bianchun
http://www.zhihu.com/people/ohjmy
http://www.zhihu.com/people/jamesky907
http://www.zhihu.com/people/yang-xin-53
http://www.zhihu.com/people/yin-shi-17-60
http://www.zhihu.com/people/rong-hua-40
http://www.zhihu.com/people/bai-ru-zi
http://www.zhihu.com/people/phos
http://www.zhihu.com/people/li-chen-60-61
http://www.zhihu.com/people/yao-li-bao
http://www.zhihu.com/people/zhang-yi-25-18
http://www.zhihu.com/people/zhong-xiang-89
http://www.zhihu.com/people/javier
http://www.zhihu.com/people/tksun
http://www.zhihu.com/people/feng-xue-qing-lan
http://www.zhihu.com/people/li-qs
http://www.zhihu.com/people/hu-you-ni
http://www.zhihu.com/people/chen-xi-ang
http://www.zhihu.com/people/lin-zhuo-jie
http://www.zhihu.com/people/yu-xi-tuo-luo-ye-fu-si-ji
http://www.zhihu.com/people/kang-wei
http://www.zhihu.com/people/xi-xin-19
http://www.zhihu.com/people/zhang-liang-98-91
http://www.zhihu.com/people/everwood
http://www.zhihu.com/people/yan-da-xi
http://www.zhihu.com/people/le-mi-89
http://www.zhihu.com/people/deng-kang-er
http://www.zhihu.com/people/meng-jia-la
http://www.zhihu.com/people/luxiaotong
http://www.zhihu.com/people/qxiao-yu
http://www.zhihu.com/people/ayr1
http://www.zhihu.com/people/freeyiyi1993
http://www.zhihu.com/people/li-xiao-1-80
http://www.zhihu.com/people/luoye2013
http://www.zhihu.com/people/xue-bo-22
http://www.zhihu.com/people/liu-shi-kai-45
http://www.zhihu.com/people/xu-xin-1984
http://www.zhihu.com/people/gao-gao-72
http://www.zhihu.com/people/dong-wen-di
http://www.zhihu.com/people/crazyguy
http://www.zhihu.com/people/e_chen
http://www.zhihu.com/people/rrrrong
http://www.zhihu.com/people/xue-li-65-93
http://www.zhihu.com/people/ghyang
http://www.zhihu.com/people/sui-xiang
http://www.zhihu.com/people/hu-dian-69
http://www.zhihu.com/people/guohezu
http://www.zhihu.com/people/neil-35-70
http://www.zhihu.com/people/dong-jia-ming-63
http://www.zhihu.com/people/shi-liu-46-82
http://www.zhihu.com/people/yaochenhao
http://www.zhihu.com/people/yun-tian-he-12
http://www.zhihu.com/people/lidaqing
http://www.zhihu.com/people/iyucci
http://www.zhihu.com/people/Daringxun
http://www.zhihu.com/people/fang-qian-qian
http://www.zhihu.com/people/naruming
http://www.zhihu.com/people/jason-mei
http://www.zhihu.com/people/qujianfei
http://www.zhihu.com/people/zhu-yixin-42
http://www.zhihu.com/people/yan-sheng-20-44
http://www.zhihu.com/people/fengren
http://www.zhihu.com/people/iris-du-94
http://www.zhihu.com/people/chris-chang-24
http://www.zhihu.com/people/tao-zi-G
http://www.zhihu.com/people/yong-sheng
http://www.zhihu.com/people/keling
http://www.zhihu.com/people/zhang-ting-24-31
http://www.zhihu.com/people/huang-yu-63-39
http://www.zhihu.com/people/shao-xiong-64
http://www.zhihu.com/people/zhao-ping-82
http://www.zhihu.com/people/chu-chen-36
http://www.zhihu.com/people/shuai-wang-34
http://www.zhihu.com/people/qian-qian-jun-zi-81
http://www.zhihu.com/people/xu-chu-yun
http://www.zhihu.com/people/ryan-chi
http://www.zhihu.com/people/dongyanlong
http://www.zhihu.com/people/chang-ming-73
http://www.zhihu.com/people/eliton
http://www.zhihu.com/people/chen-da-lang
http://www.zhihu.com/people/liu-bai-lu-16
http://www.zhihu.com/people/liu-xiao-si-62
http://www.zhihu.com/people/Dj-Zhang
http://www.zhihu.com/people/yun-zhong-jun-46
http://www.zhihu.com/people/alex-huang-9
http://www.zhihu.com/people/bai-zi-ping
http://www.zhihu.com/people/lai-jun-long
http://www.zhihu.com/people/bo-yu-12
http://www.zhihu.com/people/xingmo
http://www.zhihu.com/people/jianchijianchi
http://www.zhihu.com/people/xia-wei-zhu
http://www.zhihu.com/people/wang-li-li-65
http://www.zhihu.com/people/liu-kui-kui
http://www.zhihu.com/people/shu-ba-ge
http://www.zhihu.com/people/li-shou-yin-89
http://www.zhihu.com/people/heyuthere
http://www.zhihu.com/people/hu-su-29
http://www.zhihu.com/people/yu-chu-li
http://www.zhihu.com/people/zhang-yi-de-8
http://www.zhihu.com/people/gong-zi-chuan
http://www.zhihu.com/people/luodana
http://www.zhihu.com/people/la-la-ba-xi-lie
http://www.zhihu.com/people/heaven_000
http://www.zhihu.com/people/wang-jing-yu-18
http://www.zhihu.com/people/fan-xiao-xuan-41
http://www.zhihu.com/people/ba-zha-hei-39
http://www.zhihu.com/people/pigletfly
http://www.zhihu.com/people/cucjasonlee
http://www.zhihu.com/people/liu-yue-79
http://www.zhihu.com/people/alice-45-16
http://www.zhihu.com/people/cece15
http://www.zhihu.com/people/xiao-da-da
http://www.zhihu.com/people/chun-san-ji
http://www.zhihu.com/people/seppun
http://www.zhihu.com/people/weilan_
http://www.zhihu.com/people/mou-mou-50
http://www.zhihu.com/people/an-jing-19-19
http://www.zhihu.com/people/yu-da-ping
http://www.zhihu.com/people/wangpengyu
http://www.zhihu.com/people/ling-zhi-chao
http://www.zhihu.com/people/plidezus
http://www.zhihu.com/people/wangliudoit
http://www.zhihu.com/people/zan-xiao-xi
http://www.zhihu.com/people/coolenglish
http://www.zhihu.com/people/nie-wei-88-36
http://www.zhihu.com/people/fan-jia-rui
http://www.zhihu.com/people/kovski
http://www.zhihu.com/people/su-du-li
http://www.zhihu.com/people/zhang-yang-19-89
http://www.zhihu.com/people/mei-mo-58
http://www.zhihu.com/people/liu-yi-39-44
http://www.zhihu.com/people/deviceperk
http://www.zhihu.com/people/zan-jia-you-zhi-zhao-cai-mao
http://www.zhihu.com/people/pang-luan-luan
http://www.zhihu.com/people/long-qing-yu
http://www.zhihu.com/people/dai-wei-99
http://www.zhihu.com/people/zhang-mei-hua
http://www.zhihu.com/people/jasonxu-86
http://www.zhihu.com/people/seanlee
http://www.zhihu.com/people/li-xiao-wen-2
http://www.zhihu.com/people/jia-he-liang-jie
http://www.zhihu.com/people/xu-meng-ping
http://www.zhihu.com/people/wei-ta-bing
http://www.zhihu.com/people/yee-brandon
http://www.zhihu.com/people/peng-hui-jian
http://www.zhihu.com/people/liu-tong-91
http://www.zhihu.com/people/liu-hui-54-42
http://www.zhihu.com/people/li-xiao-niu-60
http://www.zhihu.com/people/lang-qian-yi
http://www.zhihu.com/people/yousurm
http://www.zhihu.com/people/ma-bei-bei-96
http://www.zhihu.com/people/xie-yong-yong
http://www.zhihu.com/people/er-he-84
http://www.zhihu.com/people/feng-xiao-hei
http://www.zhihu.com/people/icebrook
http://www.zhihu.com/people/zhu-kou-kou
http://www.zhihu.com/people/xiao-luo-54
http://www.zhihu.com/people/xia-er-leng
http://www.zhihu.com/people/zhang-zhu-37-86
http://www.zhihu.com/people/callmefree
http://www.zhihu.com/people/407157831
http://www.zhihu.com/people/cshhao
http://www.zhihu.com/people/shishan
http://www.zhihu.com/people/liu-yi-45-69
http://www.zhihu.com/people/wei-qiu-hong
http://www.zhihu.com/people/zhao-zhao-15-58
http://www.zhihu.com/people/xu_xu
http://www.zhihu.com/people/liu-yang-43-53
http://www.zhihu.com/people/xie-yi-ran-87
http://www.zhihu.com/people/chen-shang-shang
http://www.zhihu.com/people/valar-econ
http://www.zhihu.com/people/hanyitian
http://www.zhihu.com/people/su-chen-chen
http://www.zhihu.com/people/yang-yan-1
http://www.zhihu.com/people/safervil-xue
http://www.zhihu.com/people/wang-wei-wei-wei-10
http://www.zhihu.com/people/an-jia-jia
http://www.zhihu.com/people/li-li-han
http://www.zhihu.com/people/itecilife-ZR
http://www.zhihu.com/people/qi-jiu-jiu-33
http://www.zhihu.com/people/iaisin
http://www.zhihu.com/people/Dr_se7en
http://www.zhihu.com/people/wu-xie-58
http://www.zhihu.com/people/ptpgzr
http://www.zhihu.com/people/xiao-gu-74
http://www.zhihu.com/people/zoey-26-76
http://www.zhihu.com/people/mydali
http://www.zhihu.com/people/miqilin
http://www.zhihu.com/people/carrie-chen-62
http://www.zhihu.com/people/mo-wei-zhi-57
http://www.zhihu.com/people/milo-67
http://www.zhihu.com/people/snoola-tang
http://www.zhihu.com/people/wu-wen-shuai-12
http://www.zhihu.com/people/guo-zhang-82
http://www.zhihu.com/people/yutingnanxun
http://www.zhihu.com/people/yang-jie-96-50
http://www.zhihu.com/people/shi-ke-48-30
http://www.zhihu.com/people/alfreda
http://www.zhihu.com/people/feixiaofei
http://www.zhihu.com/people/jiaoyaQQ
http://www.zhihu.com/people/dong-bao-zi
http://www.zhihu.com/people/annodomini
http://www.zhihu.com/people/cha-wai-96
http://www.zhihu.com/people/wang-jing-84-61
http://www.zhihu.com/people/sun-yi-122
http://www.zhihu.com/people/gift-power
http://www.zhihu.com/people/luo-bin-85-31
http://www.zhihu.com/people/shikaijie
http://www.zhihu.com/people/li-si-si-59
http://www.zhihu.com/people/wu-yue-66
http://www.zhihu.com/people/hkyfeifei
http://www.zhihu.com/people/zhu-hui-cong-62
http://www.zhihu.com/people/vincent-wang-20
http://www.zhihu.com/people/zhang-mo-li
http://www.zhihu.com/people/dysalbert
http://www.zhihu.com/people/luo-zhi-ming-9
http://www.zhihu.com/people/zhang-jun-yan
http://www.zhihu.com/people/chun-xin-zhi-shi
http://www.zhihu.com/people/li-ke-yan-25
http://www.zhihu.com/people/wang-yi-cheng-77-69
http://www.zhihu.com/people/huang-shu-yi-10
http://www.zhihu.com/people/aileenshi
http://www.zhihu.com/people/wang-jing-8-86
http://www.zhihu.com/people/xu-xiao-pan
http://www.zhihu.com/people/ye-yu-xi-he
http://www.zhihu.com/people/huang-xue-qun
http://www.zhihu.com/people/fang-fang-19
http://www.zhihu.com/people/luo-tong-16
http://www.zhihu.com/people/liu-xiang-long
http://www.zhihu.com/people/jing-ren-67
http://www.zhihu.com/people/zhao-bu-dao-45
http://www.zhihu.com/people/liu-pei-yao-3
http://www.zhihu.com/people/bela-6
http://www.zhihu.com/people/zhang-xiao-pao-73
http://www.zhihu.com/people/wu-lei-mu
http://www.zhihu.com/people/fu-dou-jia
http://www.zhihu.com/people/artemis-chang
http://www.zhihu.com/people/wen-qing-wan
http://www.zhihu.com/people/zexiancui
http://www.zhihu.com/people/leng-er-28
http://www.zhihu.com/people/sbest
http://www.zhihu.com/people/hao-dai-shi
http://www.zhihu.com/people/yan-xin-qi
http://www.zhihu.com/people/zou-jin-long-73
http://www.zhihu.com/people/chen-xiang-48-47
http://www.zhihu.com/people/liang-tian-fu
http://www.zhihu.com/people/yuan-rui-fang-zi
http://www.zhihu.com/people/snow-found
http://www.zhihu.com/people/yue-yu-han
http://www.zhihu.com/people/wu-zhi-kai
http://www.zhihu.com/people/ling-long
http://www.zhihu.com/people/po-dai
http://www.zhihu.com/people/szewan
http://www.zhihu.com/people/yang-yao-yao
http://www.zhihu.com/people/lu-peng-9
http://www.zhihu.com/people/hackersun
http://www.zhihu.com/people/zhang-yan-36
http://www.zhihu.com/people/GionCat
http://www.zhihu.com/people/wang-geng-zhou
http://www.zhihu.com/people/zhong-ren-lei-35
http://www.zhihu.com/people/tang-xiong-fei
http://www.zhihu.com/people/miaomrow
http://www.zhihu.com/people/li-jun-58-42
http://www.zhihu.com/people/zhang-mie-mie-78
http://www.zhihu.com/people/wang-vivi-4
http://www.zhihu.com/people/ssenkrad
http://www.zhihu.com/people/wang-zhen-min
http://www.zhihu.com/people/qian-liang-40
http://www.zhihu.com/people/6kkkkkk
http://www.zhihu.com/people/lu-jia-xin-24
http://www.zhihu.com/people/yang-hao-tian-85
http://www.zhihu.com/people/zhang-da-na-44
http://www.zhihu.com/people/yang-yi-35-59
http://www.zhihu.com/people/bao-er-11
http://www.zhihu.com/people/huang-jing-song
http://www.zhihu.com/people/han-peng-qian
http://www.zhihu.com/people/a-mao-84-20
http://www.zhihu.com/people/baijiahao
http://www.zhihu.com/people/xiao-bai-yang-16
http://www.zhihu.com/people/michael-4
http://www.zhihu.com/people/wen-kun-guo
http://www.zhihu.com/people/CNOoo
http://www.zhihu.com/people/he-bu-ke
http://www.zhihu.com/people/cao-hui-96
http://www.zhihu.com/people/fan-tang-zi
http://www.zhihu.com/people/wang-qian-34-77
http://www.zhihu.com/people/wang-feng-85-24
http://www.zhihu.com/people/nei-nei-1-2-3
http://www.zhihu.com/people/floatk
http://www.zhihu.com/people/qin-li-41
http://www.zhihu.com/people/yu-tian-hua
http://www.zhihu.com/people/qinyun
http://www.zhihu.com/people/liu-feng-ling-82
http://www.zhihu.com/people/bo-li-zi-34
http://www.zhihu.com/people/idfjy
http://www.zhihu.com/people/doors
http://www.zhihu.com/people/rs-simple
http://www.zhihu.com/people/wgalatea
http://www.zhihu.com/people/tang-jing-yu-24
http://www.zhihu.com/people/guo-xin-90
http://www.zhihu.com/people/owenne
http://www.zhihu.com/people/lin-yun-peng
http://www.zhihu.com/people/yu-hai-rong
http://www.zhihu.com/people/dong-dong-94-47
http://www.zhihu.com/people/liu-yao-33-88
http://www.zhihu.com/people/wentommy
http://www.zhihu.com/people/ma-ke-14
http://www.zhihu.com/people/bingege
http://www.zhihu.com/people/yukimdom
http://www.zhihu.com/people/wan-pu
http://www.zhihu.com/people/wang-xia-8-88
http://www.zhihu.com/people/li-xiao-qiang-24
http://www.zhihu.com/people/chi-xiao-mei
http://www.zhihu.com/people/zhang-chun-jiang-82
http://www.zhihu.com/people/nuril
http://www.zhihu.com/people/wang-long-97-62
http://www.zhihu.com/people/xudekai
http://www.zhihu.com/people/zhang-mao-ming
http://www.zhihu.com/people/fang-wen-32
http://www.zhihu.com/people/GilgameshK
http://www.zhihu.com/people/zhuzike.com
http://www.zhihu.com/people/li-bo-yang-44-81
http://www.zhihu.com/people/zhang-yi-fan-48
http://www.zhihu.com/people/kong-rong-26
http://www.zhihu.com/people/alanding
http://www.zhihu.com/people/a-bei-ban-leon
http://www.zhihu.com/people/zhao-si-xiao-jie-57
http://www.zhihu.com/people/baicai392
http://www.zhihu.com/people/lu-gui-chen-26
http://www.zhihu.com/people/mar01
http://www.zhihu.com/people/laixiaohang
http://www.zhihu.com/people/shabby
http://www.zhihu.com/people/ntai
http://www.zhihu.com/people/li-nan
http://www.zhihu.com/people/chen-ru-yi-49
http://www.zhihu.com/people/yanghao
http://www.zhihu.com/people/hussey-64
http://www.zhihu.com/people/jiao-ti-bin
http://www.zhihu.com/people/oldwinter
http://www.zhihu.com/people/xiongyong
http://www.zhihu.com/people/chriseven
http://www.zhihu.com/people/geng-bo-8
http://www.zhihu.com/people/SailYang
http://www.zhihu.com/people/cindy-cui-4
http://www.zhihu.com/people/leongao
http://www.zhihu.com/people/hezudao313
http://www.zhihu.com/people/myshowlog
http://www.zhihu.com/people/xu-jian-xiong
http://www.zhihu.com/people/xie-wei-you
http://www.zhihu.com/people/tan-ri-tian
http://www.zhihu.com/people/huang-jia-dong-49
http://www.zhihu.com/people/david.dai
http://www.zhihu.com/people/he-jian-57
http://www.zhihu.com/people/samyhello
http://www.zhihu.com/people/fan-he-40
http://www.zhihu.com/people/mai-xiao-mai-78
http://www.zhihu.com/people/song-fei-yang
http://www.zhihu.com/people/lirongjun
http://www.zhihu.com/people/mo-hui-81
http://www.zhihu.com/people/naomi-n
http://www.zhihu.com/people/lu-ming-yin-7
http://www.zhihu.com/people/maple
http://www.zhihu.com/people/fangwz
http://www.zhihu.com/people/bjchaodaye
http://www.zhihu.com/people/xiao-na-mary
http://www.zhihu.com/people/linjunjie1103
http://www.zhihu.com/people/bian-xiao-wei
http://www.zhihu.com/people/maoyongqing
http://www.zhihu.com/people/you-yu-85
http://www.zhihu.com/people/richardhly
http://www.zhihu.com/people/ycflame
http://www.zhihu.com/people/hiuwahhh
http://www.zhihu.com/people/lee-ree
http://www.zhihu.com/people/wei-wei-79-3
http://www.zhihu.com/people/wang-yimian
http://www.zhihu.com/people/ryan-he
http://www.zhihu.com/people/zhang-jing-88-76
http://www.zhihu.com/people/huang-jin-fa
http://www.zhihu.com/people/siuhoi-lee
http://www.zhihu.com/people/li-cheng-gan
http://www.zhihu.com/people/zhuang-sheng-45
http://www.zhihu.com/people/kiwee
http://www.zhihu.com/people/cheng-xiao-dong-29
http://www.zhihu.com/people/mi-xian-17
http://www.zhihu.com/people/zhang-tian-qi-17
http://www.zhihu.com/people/ZHUI_
http://www.zhihu.com/people/gao-xing-93
http://www.zhihu.com/people/298097917
http://www.zhihu.com/people/zhu-wen-yu-73
http://www.zhihu.com/people/imajin
http://www.zhihu.com/people/eilif
http://www.zhihu.com/people/sun-yue-yue-wu
http://www.zhihu.com/people/zheng-xia-ming
http://www.zhihu.com/people/yu-hong-zhou-91
http://www.zhihu.com/people/thoreau-84
http://www.zhihu.com/people/1988
http://www.zhihu.com/people/qie-ge
http://www.zhihu.com/people/liu-xue-sen
http://www.zhihu.com/people/smallbird
http://www.zhihu.com/people/du-du-du-96
http://www.zhihu.com/people/SelfMedicated
http://www.zhihu.com/people/xi-bei-san-vc
http://www.zhihu.com/people/chen-zhao-yu-47
http://www.zhihu.com/people/chen-jun-rong-25
http://www.zhihu.com/people/yang-qing-78
http://www.zhihu.com/people/rickey-yue
http://www.zhihu.com/people/yang-fan-60-8
http://www.zhihu.com/people/tai-di-xiong-97
http://www.zhihu.com/people/chenjianferrari
http://www.zhihu.com/people/wang-jian-jun1989
http://www.zhihu.com/people/li-xiang-85
http://www.zhihu.com/people/jonson-fang
http://www.zhihu.com/people/yu-zhou-zhou-82
http://www.zhihu.com/people/xulaohan
http://www.zhihu.com/people/cherrybomb
http://www.zhihu.com/people/FengQY
http://www.zhihu.com/people/xu-xiao-dao-11
http://www.zhihu.com/people/cui-wang
http://www.zhihu.com/people/li-zi-wei-44
http://www.zhihu.com/people/ding-er-ding
http://www.zhihu.com/people/cang-mang-6
http://www.zhihu.com/people/tian-fei-fei-36
http://www.zhihu.com/people/wang-xiao-xin-98
http://www.zhihu.com/people/li-jia-1-27
http://www.zhihu.com/people/siwenxiaojie
http://www.zhihu.com/people/tyche-xu
http://www.zhihu.com/people/wuwenthink
http://www.zhihu.com/people/yang-yu-qi-71
http://www.zhihu.com/people/dong-jia-bin
http://www.zhihu.com/people/fan-zhen-xing
http://www.zhihu.com/people/ji-wei-70
http://www.zhihu.com/people/he-yuan-sheng
http://www.zhihu.com/people/qu-chong-dong
http://www.zhihu.com/people/wang-ting-ting-28-65
http://www.zhihu.com/people/dizhe
http://www.zhihu.com/people/bowenbitch
http://www.zhihu.com/people/nyanzhang
http://www.zhihu.com/people/nanxing-li
http://www.zhihu.com/people/snkwing-93
http://www.zhihu.com/people/zhang-xiao-fan-25-69
http://www.zhihu.com/people/jackzhang2014
http://www.zhihu.com/people/gao-yuan-yuan-51-49
http://www.zhihu.com/people/xiao-chu
http://www.zhihu.com/people/li-song-ze
http://www.zhihu.com/people/wen-sen-te-86
http://www.zhihu.com/people/a_kai
http://www.zhihu.com/people/zuojiwang
http://www.zhihu.com/people/shi-jia-hao-54
http://www.zhihu.com/people/shu-yun-36
http://www.zhihu.com/people/huang-xiao-xi-30
http://www.zhihu.com/people/ling-hu-cong
http://www.zhihu.com/people/Dr-hao
http://www.zhihu.com/people/guo-jun-yi
http://www.zhihu.com/people/celery
http://www.zhihu.com/people/zhang-bo-67-32
http://www.zhihu.com/people/888791
http://www.zhihu.com/people/sharnodo
http://www.zhihu.com/people/yetone
http://www.zhihu.com/people/xu-xue-hen
http://www.zhihu.com/people/wei-ke-84-14
http://www.zhihu.com/people/_zhao_xu_
http://www.zhihu.com/people/yin-li-feng
http://www.zhihu.com/people/liu-long-48
http://www.zhihu.com/people/zhu-zhi-yin
http://www.zhihu.com/people/wang-jing-7-16
http://www.zhihu.com/people/chinawords
http://www.zhihu.com/people/tang-zhen-xiang
http://www.zhihu.com/people/he-de-wen
http://www.zhihu.com/people/lilizong
http://www.zhihu.com/people/lin-yiqian
http://www.zhihu.com/people/leng-ye-96
http://www.zhihu.com/people/eric-chen-80
http://www.zhihu.com/people/liu-jia-yuan-7
http://www.zhihu.com/people/zhi-hu-hu-83
http://www.zhihu.com/people/wang-rong-85
http://www.zhihu.com/people/clairewang0326
http://www.zhihu.com/people/yofly
http://www.zhihu.com/people/zhuang-xiao-meng
http://www.zhihu.com/people/cai-xiao-gao
http://www.zhihu.com/people/pie-7
http://www.zhihu.com/people/zhangedison
http://www.zhihu.com/people/ruan-qi-chun
http://www.zhihu.com/people/zuo-zhi-jian
http://www.zhihu.com/people/ju-tao-46
http://www.zhihu.com/people/lu2ux
http://www.zhihu.com/people/zhaozhemin
http://www.zhihu.com/people/ding-lang-lang
http://www.zhihu.com/people/dwyane-50
http://www.zhihu.com/people/hele
http://www.zhihu.com/people/wang-qiu-shi-76
http://www.zhihu.com/people/lin-wang-wei
http://www.zhihu.com/people/yan-xiao-xi-49
http://www.zhihu.com/people/die-qi
http://www.zhihu.com/people/bai-bi-lei
http://www.zhihu.com/people/bluewhite
http://www.zhihu.com/people/gui-zhuo
http://www.zhihu.com/people/IcyAngel
http://www.zhihu.com/people/gao-ran-78
http://www.zhihu.com/people/ma-ying-long-64
http://www.zhihu.com/people/mytifa
http://www.zhihu.com/people/jia-li-na
http://www.zhihu.com/people/liu-yan-28
http://www.zhihu.com/people/xie-chang-ming
http://www.zhihu.com/people/cui-ling-yun-66
http://www.zhihu.com/people/song-dong-zhe
http://www.zhihu.com/people/zhou-jin-song
http://www.zhihu.com/people/viuviu
http://www.zhihu.com/people/sui-shao-qi
http://www.zhihu.com/people/zhu-bo-tao
http://www.zhihu.com/people/9noon
http://www.zhihu.com/people/susus
http://www.zhihu.com/people/aimesimon
http://www.zhihu.com/people/witnesscat
http://www.zhihu.com/people/chu-meng-meng
http://www.zhihu.com/people/huang-kun-95
http://www.zhihu.com/people/jiang-yuan-bo-81
http://www.zhihu.com/people/lastfuture
http://www.zhihu.com/people/guoyaoqiang
http://www.zhihu.com/people/pan-shi-chen
http://www.zhihu.com/people/linkinmars
http://www.zhihu.com/people/mu-rong-you-yue-65
http://www.zhihu.com/people/Xiao_Liang
http://www.zhihu.com/people/hume
http://www.zhihu.com/people/mingda
http://www.zhihu.com/people/zhu-dong-hui-53
http://www.zhihu.com/people/rina-lee-90
http://www.zhihu.com/people/yao-zu
http://www.zhihu.com/people/shevchenko-57
http://www.zhihu.com/people/zhu-shi-jie-6
http://www.zhihu.com/people/tan-xin-19
http://www.zhihu.com/people/juice-wong
http://www.zhihu.com/people/mouce
http://www.zhihu.com/people/lion-wang
http://www.zhihu.com/people/zhang-wei-8-73
http://www.zhihu.com/people/zhang-wei-10-7
http://www.zhihu.com/people/chen-ji-nian
http://www.zhihu.com/people/gao-yu-long-5
http://www.zhihu.com/people/jack-hao
http://www.zhihu.com/people/winsonshen
http://www.zhihu.com/people/bu-yu-xuan
http://www.zhihu.com/people/cheng-jun-87
http://www.zhihu.com/people/guo-yu-chen-29
http://www.zhihu.com/people/xiang-ming-80
http://www.zhihu.com/people/treyC
http://www.zhihu.com/people/dreamcog
http://www.zhihu.com/people/li-bo-68-59
http://www.zhihu.com/people/zhang-pei-cheng-0622
http://www.zhihu.com/people/dai-da-bei
http://www.zhihu.com/people/liu-jin-long-44
http://www.zhihu.com/people/Xieyiyao
http://www.zhihu.com/people/li-zhan-liang
http://www.zhihu.com/people/sunlee89
http://www.zhihu.com/people/flitpend
http://www.zhihu.com/people/000088
http://www.zhihu.com/people/sun-lin-9
http://www.zhihu.com/people/VegasWang
http://www.zhihu.com/people/lazyseq
http://www.zhihu.com/people/luo-zhi-ren
http://www.zhihu.com/people/ainihome
http://www.zhihu.com/people/ling-hu-30
http://www.zhihu.com/people/zhu-yu-han-6
http://www.zhihu.com/people/liu-xin-yu-54-61
http://www.zhihu.com/people/ma-hui-hui-
http://www.zhihu.com/people/tian-su-jun
http://www.zhihu.com/people/vintagepeanut
http://www.zhihu.com/people/Fraecak_l
http://www.zhihu.com/people/chenhang16
http://www.zhihu.com/people/chuangzi
http://www.zhihu.com/people/bao-zou
http://www.zhihu.com/people/meng-zhuo-la-mu
http://www.zhihu.com/people/face-li
http://www.zhihu.com/people/vagrant
http://www.zhihu.com/people/leechor
http://www.zhihu.com/people/zhang-shao-long-12
http://www.zhihu.com/people/zhang-bo-82-86
http://www.zhihu.com/people/wolekuduo
http://www.zhihu.com/people/dr-satyr
http://www.zhihu.com/people/ma-que-10
http://www.zhihu.com/people/goodan
http://www.zhihu.com/people/be-with-lele
http://www.zhihu.com/people/pan-xi-ting
http://www.zhihu.com/people/cheneyshi
http://www.zhihu.com/people/CHILEMENI
http://www.zhihu.com/people/lu-jia-11
http://www.zhihu.com/people/zhao-yang-xin
http://www.zhihu.com/people/stephanie-73
http://www.zhihu.com/people/zhong-chen
http://www.zhihu.com/people/sunnysun-39
http://www.zhihu.com/people/leizhisheng
http://www.zhihu.com/people/yiduoxiaonan
http://www.zhihu.com/people/kang-kai-10
http://www.zhihu.com/people/michael-10-3
http://www.zhihu.com/people/jun-hua
http://www.zhihu.com/people/wei-ren-19
http://www.zhihu.com/people/sun-peng-chong
http://www.zhihu.com/people/wang-shuang-50
http://www.zhihu.com/people/zhong-ye-zi-49
http://www.zhihu.com/people/yang-bei-65
http://www.zhihu.com/people/qiao-han-99
http://www.zhihu.com/people/brian-76
http://www.zhihu.com/people/cheng-xun-tao
http://www.zhihu.com/people/nadaloveluna
http://www.zhihu.com/people/bai-fan-66
http://www.zhihu.com/people/edmond-43
http://www.zhihu.com/people/linjiewen
http://www.zhihu.com/people/walter-snow
http://www.zhihu.com/people/huang-zhu-11
http://www.zhihu.com/people/xu-wen-52
http://www.zhihu.com/people/zhuo-zhi-ying
http://www.zhihu.com/people/merlin-47
http://www.zhihu.com/people/deathman
http://www.zhihu.com/people/Verse-Y
http://www.zhihu.com/people/lu-luo-jia
http://www.zhihu.com/people/dio007
http://www.zhihu.com/people/zhu-huan-jie
http://www.zhihu.com/people/laser
http://www.zhihu.com/people/bing-mez
http://www.zhihu.com/people/nakutoki
http://www.zhihu.com/people/liu-xin-24-54
http://www.zhihu.com/people/hfitp
http://www.zhihu.com/people/gayscript
http://www.zhihu.com/people/wang.xiang.yu
http://www.zhihu.com/people/cai-wen-qiao
http://www.zhihu.com/people/yeva
http://www.zhihu.com/people/zuo-zheng-1
http://www.zhihu.com/people/yitujia
http://www.zhihu.com/people/noiplee
http://www.zhihu.com/people/wong-miamia
http://www.zhihu.com/people/wang-mang-66
http://www.zhihu.com/people/helo-wei
http://www.zhihu.com/people/yang-hong-ju-66
http://www.zhihu.com/people/sun-zhu-wei
http://www.zhihu.com/people/jiggersong
http://www.zhihu.com/people/chen-shuang-24
http://www.zhihu.com/people/su-zhi-heng-41
http://www.zhihu.com/people/dina
http://www.zhihu.com/people/yuke-fighting
http://www.zhihu.com/people/miao-xiao-ji
http://www.zhihu.com/people/tian-shu-89
http://www.zhihu.com/people/wang-yuan-66-5
http://www.zhihu.com/people/qiao-yu-61
http://www.zhihu.com/people/chen-wei-bin-40
http://www.zhihu.com/people/mengxian
http://www.zhihu.com/people/fang-yi-cheng-73
http://www.zhihu.com/people/xia-ri-mei-gui
http://www.zhihu.com/people/leepengbo
http://www.zhihu.com/people/lin-zhe-96
http://www.zhihu.com/people/mou-jun-feng
http://www.zhihu.com/people/navigator-hsu
http://www.zhihu.com/people/liao-jia-97
http://www.zhihu.com/people/peng-xiao-long
http://www.zhihu.com/people/eracq
http://www.zhihu.com/people/zhengqia
http://www.zhihu.com/people/cao-lin-nuo
http://www.zhihu.com/people/peng-tu-fei
http://www.zhihu.com/people/lu-xiao-qian
http://www.zhihu.com/people/iyeyu
http://www.zhihu.com/people/tontonchuan-zhang
http://www.zhihu.com/people/xieranmaya
http://www.zhihu.com/people/chen-xing-xing-38-53
http://www.zhihu.com/people/tangren088
http://www.zhihu.com/people/ma-bo-ping
http://www.zhihu.com/people/kongxiangyuan
http://www.zhihu.com/people/fu-tian-yuan
http://www.zhihu.com/people/zhu-lu-hang-46
http://www.zhihu.com/people/tian-xue-hao
http://www.zhihu.com/people/Ricahrd.Light
http://www.zhihu.com/people/du-zha-zha
http://www.zhihu.com/people/karaki
http://www.zhihu.com/people/wangyisong555
http://www.zhihu.com/people/feng-xue-12
http://www.zhihu.com/people/olivierenroute
http://www.zhihu.com/people/mao-xiao-jian-97
http://www.zhihu.com/people/yang-yu-58
http://www.zhihu.com/people/supersensen
http://www.zhihu.com/people/widefni
http://www.zhihu.com/people/Dabbler
http://www.zhihu.com/people/duoduojiang
http://www.zhihu.com/people/hu-hu-77-6
http://www.zhihu.com/people/jerry-cen
http://www.zhihu.com/people/jerrfy
http://www.zhihu.com/people/mar-98
http://www.zhihu.com/people/zhou-ji-39-27
http://www.zhihu.com/people/chopsticks
http://www.zhihu.com/people/wu-wen-kui
http://www.zhihu.com/people/zhihuun
http://www.zhihu.com/people/huang-lei-83
http://www.zhihu.com/people/isummers
http://www.zhihu.com/people/huai-biao
http://www.zhihu.com/people/xie-ting-zhang
http://www.zhihu.com/people/songjiayue
http://www.zhihu.com/people/guxianbang
http://www.zhihu.com/people/yang-yifeng-effen
http://www.zhihu.com/people/wang-qian-mo
http://www.zhihu.com/people/zhan-sheng-41
http://www.zhihu.com/people/li-hong-yang-99
http://www.zhihu.com/people/sunbaoru
http://www.zhihu.com/people/dreaming-78
http://www.zhihu.com/people/chang-hai
http://www.zhihu.com/people/lipengbin
http://www.zhihu.com/people/zhang-xue-qiang
http://www.zhihu.com/people/yang-jing-jing-623
http://www.zhihu.com/people/lampa
http://www.zhihu.com/people/robin-14
http://www.zhihu.com/people/wang-xun-91
http://www.zhihu.com/people/ou-yang-hui-6
http://www.zhihu.com/people/li-xiao-wen-82
http://www.zhihu.com/people/huang-te-jin
http://www.zhihu.com/people/yongxinge
http://www.zhihu.com/people/chen-hua-liang
http://www.zhihu.com/people/li-jiu-long
http://www.zhihu.com/people/mattmonkey
http://www.zhihu.com/people/wang-bin-26-89
http://www.zhihu.com/people/yang-wang-8
http://www.zhihu.com/people/tvvocold
http://www.zhihu.com/people/hexiaobing
http://www.zhihu.com/people/rubi-47
http://www.zhihu.com/people/butcherv
http://www.zhihu.com/people/cakvfcwz
http://www.zhihu.com/people/huang-man-xin
http://www.zhihu.com/people/lai-feng-77
http://www.zhihu.com/people/leemoispace
http://www.zhihu.com/people/qiu-teng-jiang
http://www.zhihu.com/people/DreadLocks
http://www.zhihu.com/people/zhang-wen-lu-66
http://www.zhihu.com/people/chougu
http://www.zhihu.com/people/xie-meng-meng-44
http://www.zhihu.com/people/luoxiaoju
http://www.zhihu.com/people/jaxical
http://www.zhihu.com/people/qian-gui-shen
http://www.zhihu.com/people/chi-chi-84
http://www.zhihu.com/people/ssoor
http://www.zhihu.com/people/yu-he-ping
http://www.zhihu.com/people/mali
http://www.zhihu.com/people/laura-2
http://www.zhihu.com/people/zhang-wei-zhong
http://www.zhihu.com/people/yang-mo-hui-yizhi-wu
http://www.zhihu.com/people/zhang-rui-kai
http://www.zhihu.com/people/tu-guo-qiang
http://www.zhihu.com/people/Mohu
http://www.zhihu.com/people/bo-wen-49
http://www.zhihu.com/people/qin-kang-bao
http://www.zhihu.com/people/tang-yiming-24
http://www.zhihu.com/people/xu-yong-jia
http://www.zhihu.com/people/chen-bing-hong-73
http://www.zhihu.com/people/han-zi-ru-73
http://www.zhihu.com/people/he-dong-53
http://www.zhihu.com/people/wtt2014
http://www.zhihu.com/people/eana-chan
http://www.zhihu.com/people/mou-chen-65
http://www.zhihu.com/people/qi-bao-65
http://www.zhihu.com/people/du-chao-80
http://www.zhihu.com/people/wang-jia-shu-88
http://www.zhihu.com/people/QiuNote
http://www.zhihu.com/people/joker-86
http://www.zhihu.com/people/fajia
http://www.zhihu.com/people/zhou-hao-yu-59
http://www.zhihu.com/people/gao-jie-54
http://www.zhihu.com/people/lincoln-xie
http://www.zhihu.com/people/zhao-da-pai
http://www.zhihu.com/people/li-chen-44-28
http://www.zhihu.com/people/naturalne
http://www.zhihu.com/people/geng-shao
http://www.zhihu.com/people/a-white
http://www.zhihu.com/people/wang-yiwen
http://www.zhihu.com/people/xu-fei-60-36
http://www.zhihu.com/people/bian-yi-bin
http://www.zhihu.com/people/tang-nai-hua
http://www.zhihu.com/people/qi-gang-65
http://www.zhihu.com/people/yan-ke-90
http://www.zhihu.com/people/huang-mi-mi-32
http://www.zhihu.com/people/techoxygen
http://www.zhihu.com/people/rui-jiu-jiu
http://www.zhihu.com/people/zouyunpeng
http://www.zhihu.com/people/chen-he-43-1
http://www.zhihu.com/people/wang-min-jun
http://www.zhihu.com/people/Dominic_
http://www.zhihu.com/people/cai-jun-lian
http://www.zhihu.com/people/csgz
http://www.zhihu.com/people/kenho
http://www.zhihu.com/people/liu-ying-ge
http://www.zhihu.com/people/xiaozi
http://www.zhihu.com/people/abelard
http://www.zhihu.com/people/zhu-lei-89
http://www.zhihu.com/people/zhang-dong-sheng-1
http://www.zhihu.com/people/su-fei-mei
http://www.zhihu.com/people/xiang-yan-14
http://www.zhihu.com/people/zhao-xue-fei
http://www.zhihu.com/people/liudongdong
http://www.zhihu.com/people/up-up-75
http://www.zhihu.com/people/liu-xuan-63
http://www.zhihu.com/people/tong-xin-gang
http://www.zhihu.com/people/turan
http://www.zhihu.com/people/auspicesaint
http://www.zhihu.com/people/zombie
http://www.zhihu.com/people/ba-qi-95
http://www.zhihu.com/people/yskin
http://www.zhihu.com/people/pb612
http://www.zhihu.com/people/yin-deng-ke
http://www.zhihu.com/people/meng-shuang-paula
http://www.zhihu.com/people/umifam
http://www.zhihu.com/people/guo-jue-min
http://www.zhihu.com/people/you-yong
http://www.zhihu.com/people/shuangye
http://www.zhihu.com/people/li-peng-yu
http://www.zhihu.com/people/krong
http://www.zhihu.com/people/marvinz
http://www.zhihu.com/people/dai-yu-xiu
http://www.zhihu.com/people/kingljx
http://www.zhihu.com/people/herbertwu
http://www.zhihu.com/people/you-xu-dong
http://www.zhihu.com/people/eric-5
http://www.zhihu.com/people/yvancao
http://www.zhihu.com/people/gao-yun-8
http://www.zhihu.com/people/jamesou
http://www.zhihu.com/people/bi-luo
http://www.zhihu.com/people/Paitanapilahmima
http://www.zhihu.com/people/rui670
http://www.zhihu.com/people/liu-feng-18
http://www.zhihu.com/people/jeky
http://www.zhihu.com/people/lu-xiao-90
http://www.zhihu.com/people/hexiangyang
http://www.zhihu.com/people/fu-miao-rong
http://www.zhihu.com/people/mondaylaugh
http://www.zhihu.com/people/katrina
http://www.zhihu.com/people/wang-jia-wei-45-85
http://www.zhihu.com/people/ran-wang
http://www.zhihu.com/people/inaxu
http://www.zhihu.com/people/yu-ting-ru
http://www.zhihu.com/people/Timepoet
http://www.zhihu.com/people/kyonkoo
http://www.zhihu.com/people/justinli
http://www.zhihu.com/people/boyan
http://www.zhihu.com/people/kikyoe
http://www.zhihu.com/people/michaely
http://www.zhihu.com/people/wang-ran-ran-28
http://www.zhihu.com/people/li-qiang-24-97
http://www.zhihu.com/people/wei-hua-zhen
http://www.zhihu.com/people/wang-zhi-zhi-82
http://www.zhihu.com/people/wunaicy
http://www.zhihu.com/people/szy095
http://www.zhihu.com/people/elichang
http://www.zhihu.com/people/zidanehenry
http://www.zhihu.com/people/heixiong
http://www.zhihu.com/people/lai-yao
http://www.zhihu.com/people/li-zheng-52
http://www.zhihu.com/people/yan-er-jane
http://www.zhihu.com/people/wenrongbing
http://www.zhihu.com/people/larzhang
http://www.zhihu.com/people/zhang-hua-chong
http://www.zhihu.com/people/song-chan-7
http://www.zhihu.com/people/qingjia
http://www.zhihu.com/people/larryqian-kan
http://www.zhihu.com/people/caramelgrace
http://www.zhihu.com/people/wang-xi-68
http://www.zhihu.com/people/chen-si-miao
http://www.zhihu.com/people/sun-dian-yu
http://www.zhihu.com/people/johannes
http://www.zhihu.com/people/taihuxiaobaoyu
http://www.zhihu.com/people/lin-ang-ran
http://www.zhihu.com/people/suo-shi
http://www.zhihu.com/people/yehuai
http://www.zhihu.com/people/pan-chen-xi
http://www.zhihu.com/people/zoozle
http://www.zhihu.com/people/liao-ze-hao-41
http://www.zhihu.com/people/wei-qing-min
http://www.zhihu.com/people/sunshine-kk
http://www.zhihu.com/people/abinarylifestyle
http://www.zhihu.com/people/yang-rui-21
http://www.zhihu.com/people/xu-chong-bo
http://www.zhihu.com/people/wu-wei-96-47
http://www.zhihu.com/people/nice-trip
http://www.zhihu.com/people/ilook
http://www.zhihu.com/people/jeffen
http://www.zhihu.com/people/qian-de-tang
http://www.zhihu.com/people/Sam_Su
http://www.zhihu.com/people/nan-ba-tian
http://www.zhihu.com/people/ledlaohuo
http://www.zhihu.com/people/stig-zhang
http://www.zhihu.com/people/zhang-hai-dong-25
http://www.zhihu.com/people/feng-hong-liang
http://www.zhihu.com/people/bi-you-72
http://www.zhihu.com/people/lizardxy
http://www.zhihu.com/people/ctlzhl
http://www.zhihu.com/people/li-wang-qia
http://www.zhihu.com/people/xiaolud
http://www.zhihu.com/people/er-gou-zi
http://www.zhihu.com/people/ma-jia-29
http://www.zhihu.com/people/nie-wu-hui
http://www.zhihu.com/people/weng-xiao-cong
http://www.zhihu.com/people/mei-xiao-mao
http://www.zhihu.com/people/wang-meng-1990
http://www.zhihu.com/people/long-bao-19
http://www.zhihu.com/people/namiheike
http://www.zhihu.com/people/wang-sheng-9
http://www.zhihu.com/people/huang-shi-jian-80
http://www.zhihu.com/people/xu-hui-10
http://www.zhihu.com/people/que-xing-lasia
http://www.zhihu.com/people/an-xiao-xi
http://www.zhihu.com/people/bai-ye-51
http://www.zhihu.com/people/niu-zi-jian
http://www.zhihu.com/people/jiayizhen
http://www.zhihu.com/people/julee
http://www.zhihu.com/people/muliangyu
http://www.zhihu.com/people/henry-93
http://www.zhihu.com/people/zi-you-de-feng
http://www.zhihu.com/people/guye
http://www.zhihu.com/people/wu-kai-lun
http://www.zhihu.com/people/mo0o0fsjmf0icbi
http://www.zhihu.com/people/li-jun-eileen
http://www.zhihu.com/people/ding-zhao-sai
http://www.zhihu.com/people/MISSSEXY
http://www.zhihu.com/people/wu-ming-xing-40
http://www.zhihu.com/people/wang-jian-88-94
http://www.zhihu.com/people/yang-chun-17
http://www.zhihu.com/people/yoyo0531
http://www.zhihu.com/people/yu-wen-fei-52
http://www.zhihu.com/people/zhen-hao
http://www.zhihu.com/people/lijigang.com
http://www.zhihu.com/people/kakarottoc
http://www.zhihu.com/people/renrenkaixin
http://www.zhihu.com/people/eramo
http://www.zhihu.com/people/yang-jiang-he
http://www.zhihu.com/people/jiu-ling-43
http://www.zhihu.com/people/chang-kai-xin-85
http://www.zhihu.com/people/MAGENTA
http://www.zhihu.com/people/hou-run-tian
http://www.zhihu.com/people/tu-gao-hui-ge
http://www.zhihu.com/people/hydelee109
http://www.zhihu.com/people/zhang-de-rong
http://www.zhihu.com/people/gong-huan-qi
http://www.zhihu.com/people/zhu-wen
http://www.zhihu.com/people/y-miss
http://www.zhihu.com/people/wang-bi-zhuo
http://www.zhihu.com/people/awp33
http://www.zhihu.com/people/huang-xiao-55
http://www.zhihu.com/people/klingons
http://www.zhihu.com/people/mu-ta
http://www.zhihu.com/people/TrusBe
http://www.zhihu.com/people/li-yang-89
http://www.zhihu.com/people/punksketch
http://www.zhihu.com/people/du-fu-7
http://www.zhihu.com/people/oxygen
http://www.zhihu.com/people/zhengguoqiang
http://www.zhihu.com/people/wangbohan
http://www.zhihu.com/people/leelooluu
http://www.zhihu.com/people/zhang-xiao-dong-97-75
http://www.zhihu.com/people/wang-rui-yang
http://www.zhihu.com/people/bai-xiao-yu-93
http://www.zhihu.com/people/nines
http://www.zhihu.com/people/chenran
http://www.zhihu.com/people/tongjinghao
http://www.zhihu.com/people/xiaodaoren
http://www.zhihu.com/people/peng-zhi-ran
http://www.zhihu.com/people/alohaschen
http://www.zhihu.com/people/liang-yu-fan
http://www.zhihu.com/people/cornelius
http://www.zhihu.com/people/lee_
http://www.zhihu.com/people/shenbin
http://www.zhihu.com/people/byewon
http://www.zhihu.com/people/melon-ding
http://www.zhihu.com/people/li-qi-yi
http://www.zhihu.com/people/xu-he-li
http://www.zhihu.com/people/zhu-jun-qiang
http://www.zhihu.com/people/hou-wen-xuan
http://www.zhihu.com/people/cui-da-wei
http://www.zhihu.com/people/liufugui
http://www.zhihu.com/people/ayanlei
http://www.zhihu.com/people/rongyiren
http://www.zhihu.com/people/wu-de-feng
http://www.zhihu.com/people/sober-drunk
http://www.zhihu.com/people/dianxiaoxian
http://www.zhihu.com/people/hao-jing-55
http://www.zhihu.com/people/hanwei...
http://www.zhihu.com/people/xraccoon
http://www.zhihu.com/people/SkyWalkerAL
http://www.zhihu.com/people/chouthen
http://www.zhihu.com/people/wang-ji-53
http://www.zhihu.com/people/liuyang-37
http://www.zhihu.com/people/liu-jun-yuan-85
http://www.zhihu.com/people/zhong-jie-22
http://www.zhihu.com/people/hellofish0723
http://www.zhihu.com/people/ai-jia-yuan
http://www.zhihu.com/people/an-zhi-25
http://www.zhihu.com/people/kong-lin
http://www.zhihu.com/people/li-xin-yang
http://www.zhihu.com/people/kondi
http://www.zhihu.com/people/xie-jun-qing
http://www.zhihu.com/people/livehao
http://www.zhihu.com/people/wang-xiao-mei-35
http://www.zhihu.com/people/sun-chao-98
http://www.zhihu.com/people/zheng-ji
http://www.zhihu.com/people/gao-cong-68
http://www.zhihu.com/people/zhang-yang-60-19
http://www.zhihu.com/people/wang-er-71
http://www.zhihu.com/people/posebear1990
http://www.zhihu.com/people/bai-wen-ming
http://www.zhihu.com/people/shoujia
http://www.zhihu.com/people/liu-sheng-30
http://www.zhihu.com/people/lichzy
http://www.zhihu.com/people/luoxr
http://www.zhihu.com/people/lin-chen-42
http://www.zhihu.com/people/sun4912
http://www.zhihu.com/people/bianlun
http://www.zhihu.com/people/su-yao
http://www.zhihu.com/people/zhi-tian
http://www.zhihu.com/people/prinz
http://www.zhihu.com/people/maopucheng
http://www.zhihu.com/people/zhang-wei-quan-80
http://www.zhihu.com/people/sheenshuay
http://www.zhihu.com/people/xiao-xiao-xiao-52
http://www.zhihu.com/people/zhang-xiao-er-76
http://www.zhihu.com/people/pydison
http://www.zhihu.com/people/morlay
http://www.zhihu.com/people/su-bao-lin
http://www.zhihu.com/people/huaxiav6
http://www.zhihu.com/people/mtd798
http://www.zhihu.com/people/tan-man-li
http://www.zhihu.com/people/dai-hou-shuang
http://www.zhihu.com/people/kang-shu-yi
http://www.zhihu.com/people/tooyoung
http://www.zhihu.com/people/ge-chuan-xin
http://www.zhihu.com/people/lee-77
http://www.zhihu.com/people/zhibuzhi
http://www.zhihu.com/people/katiie
http://www.zhihu.com/people/da-bo-luo-20
http://www.zhihu.com/people/daisymo
http://www.zhihu.com/people/cheng-fang-hang
http://www.zhihu.com/people/zhang-li-35-21
http://www.zhihu.com/people/wang-xin-ge-98
http://www.zhihu.com/people/xizhibei
http://www.zhihu.com/people/zhang-he-jun
http://www.zhihu.com/people/ekousp
http://www.zhihu.com/people/li-chao-93
http://www.zhihu.com/people/liulv85
http://www.zhihu.com/people/limi
http://www.zhihu.com/people/zhao-ke-qin
http://www.zhihu.com/people/prooxy
http://www.zhihu.com/people/huangchi
http://www.zhihu.com/people/fu-jia-qi
http://www.zhihu.com/people/bentham
http://www.zhihu.com/people/dizzarz
http://www.zhihu.com/people/shuang-wang
http://www.zhihu.com/people/jack-35-66
http://www.zhihu.com/people/sophie-lin
http://www.zhihu.com/people/keenkang
http://www.zhihu.com/people/interjc
http://www.zhihu.com/people/wang-ya-bing
http://www.zhihu.com/people/zhao-qi-wei
http://www.zhihu.com/people/jasonyang
http://www.zhihu.com/people/maoxin
http://www.zhihu.com/people/de-gao
http://www.zhihu.com/people/hitjuly
http://www.zhihu.com/people/he-li-ying-13
http://www.zhihu.com/people/ren-yi-78
http://www.zhihu.com/people/weng-huo
http://www.zhihu.com/people/zuo-pie-zi
http://www.zhihu.com/people/zhang-xiao-hei
http://www.zhihu.com/people/camelduck
http://www.zhihu.com/people/paul-shadow
http://www.zhihu.com/people/zhang-hao-65
http://www.zhihu.com/people/fanquanquan
http://www.zhihu.com/people/blackswan
http://www.zhihu.com/people/liu-yu-qi-55
http://www.zhihu.com/people/lww-fish
http://www.zhihu.com/people/zhouyuan
http://www.zhihu.com/people/zhang-hua-shan
http://www.zhihu.com/people/xiao-lan-bob
http://www.zhihu.com/people/mochaz
http://www.zhihu.com/people/PeterDeng
http://www.zhihu.com/people/han-jian-3
http://www.zhihu.com/people/9410
http://www.zhihu.com/people/ricky-83
http://www.zhihu.com/people/macong
http://www.zhihu.com/people/xuxuan
http://www.zhihu.com/people/loveye
http://www.zhihu.com/people/zhou-jiang-ling
http://www.zhihu.com/people/zuimai
http://www.zhihu.com/people/zhuang-biao-wei
http://www.zhihu.com/people/SheldonFan
http://www.zhihu.com/people/li-wei-zhu
http://www.zhihu.com/people/cherrydcy
http://www.zhihu.com/people/dong-fei
http://www.zhihu.com/people/danielchen1995
http://www.zhihu.com/people/liang-peng-cheng-70
http://www.zhihu.com/people/wang-zhi-yang-40
http://www.zhihu.com/people/sophie-f
http://www.zhihu.com/people/su-jiang-32
http://www.zhihu.com/people/xianglifei
http://www.zhihu.com/people/wan-yue-7
http://www.zhihu.com/people/hulihao
http://www.zhihu.com/people/bai-ju-18
http://www.zhihu.com/people/ban-xiao-zhuan
http://www.zhihu.com/people/halu-98
http://www.zhihu.com/people/hu-zheng-93
http://www.zhihu.com/people/leiming
http://www.zhihu.com/people/kanbian
http://www.zhihu.com/people/han-yan-hui
http://www.zhihu.com/people/yifu-he
http://www.zhihu.com/people/yan-yi-19
http://www.zhihu.com/people/lufo
http://www.zhihu.com/people/zhu-hui-lai
http://www.zhihu.com/people/wang-heng-tong
http://www.zhihu.com/people/li-tian-ming-88
http://www.zhihu.com/people/a-le-21
http://www.zhihu.com/people/cycyril
http://www.zhihu.com/people/li-xin-92-29
http://www.zhihu.com/people/xing-zhuang-jie
http://www.zhihu.com/people/yang-guan-nan
http://www.zhihu.com/people/vance92
http://www.zhihu.com/people/fusong
http://www.zhihu.com/people/feng-hao-yan
http://www.zhihu.com/people/knightshady
http://www.zhihu.com/people/nuan10
http://www.zhihu.com/people/tao-zhi-yao
http://www.zhihu.com/people/wu-you-cai
http://www.zhihu.com/people/infoman
http://www.zhihu.com/people/unogzx
http://www.zhihu.com/people/lew-hao
http://www.zhihu.com/people/youliugui
http://www.zhihu.com/people/zhou-zhou-70-90
http://www.zhihu.com/people/x_gy
http://www.zhihu.com/people/missskye
http://www.zhihu.com/people/monicazi-you-xin
http://www.zhihu.com/people/jackx
http://www.zhihu.com/people/shuqian
http://www.zhihu.com/people/gina-guo
http://www.zhihu.com/people/tang-chao-27
http://www.zhihu.com/people/ju-zi-xiang-shui
http://www.zhihu.com/people/he-meng-yi-63
http://www.zhihu.com/people/zhang-cong-ying
http://www.zhihu.com/people/he-pei
http://www.zhihu.com/people/endlessturelove
http://www.zhihu.com/people/aidi37
http://www.zhihu.com/people/netsos
http://www.zhihu.com/people/butter
http://www.zhihu.com/people/nuomihaochix
http://www.zhihu.com/people/gao-gang
http://www.zhihu.com/people/aahua
http://www.zhihu.com/people/yan-12
http://www.zhihu.com/people/wang-wen-ping
http://www.zhihu.com/people/liu-hui-72
http://www.zhihu.com/people/ying-da-li-67
http://www.zhihu.com/people/wuwenwen
http://www.zhihu.com/people/huang-guan-lin-36
http://www.zhihu.com/people/gao-da-li
http://www.zhihu.com/people/sasaki
http://www.zhihu.com/people/magua
http://www.zhihu.com/people/chen-hai-qi
http://www.zhihu.com/people/guo-da-lu-13
http://www.zhihu.com/people/GamerBun
http://www.zhihu.com/people/zhou-rui-jin
http://www.zhihu.com/people/yang-ba-lang
http://www.zhihu.com/people/shuixianmunan
http://www.zhihu.com/people/chinayang
http://www.zhihu.com/people/froyoe
http://www.zhihu.com/people/malance1019
http://www.zhihu.com/people/jaytags
http://www.zhihu.com/people/wanderer
http://www.zhihu.com/people/ge-wei-sheng
http://www.zhihu.com/people/c8h10n4o2
http://www.zhihu.com/people/jiang-ruo-lin
http://www.zhihu.com/people/lu-hao-17-49
http://www.zhihu.com/people/xu-zhe-heng
http://www.zhihu.com/people/davyzhong
http://www.zhihu.com/people/yameizi
http://www.zhihu.com/people/xu-jia-bao
http://www.zhihu.com/people/zhang-cheng-yang
http://www.zhihu.com/people/baiyunfei
http://www.zhihu.com/people/zaiyiqi
http://www.zhihu.com/people/lu-wei-qiang
http://www.zhihu.com/people/iyanhui
http://www.zhihu.com/people/1841
http://www.zhihu.com/people/yanzilj
http://www.zhihu.com/people/boxun
http://www.zhihu.com/people/zhu-qian-dai
http://www.zhihu.com/people/limingru
http://www.zhihu.com/people/cklover
http://www.zhihu.com/people/liucundong
http://www.zhihu.com/people/fuxiucong
http://www.zhihu.com/people/xuechengxi
http://www.zhihu.com/people/amuro1230
http://www.zhihu.com/people/huang-long-10
http://www.zhihu.com/people/cz-space
http://www.zhihu.com/people/zhengmingming
http://www.zhihu.com/people/yingwenlee
http://www.zhihu.com/people/zoubo
http://www.zhihu.com/people/wangxiaobao
http://www.zhihu.com/people/liu-lu
http://www.zhihu.com/people/lsch
http://www.zhihu.com/people/liang-yuan-76
http://www.zhihu.com/people/nuan-yang-jiu-dian
http://www.zhihu.com/people/2bzhihu
http://www.zhihu.com/people/mail
http://www.zhihu.com/people/polyahu
http://www.zhihu.com/people/nearly
http://www.zhihu.com/people/yang-cong-quan-man-tou
http://www.zhihu.com/people/guo-xian-cheng
http://www.zhihu.com/people/shihmm.taobao.com
http://www.zhihu.com/people/xiaoyan-20
http://www.zhihu.com/people/vincent-luo
http://www.zhihu.com/people/shanglei
http://www.zhihu.com/people/lihua
http://www.zhihu.com/people/meng-mao-zi
http://www.zhihu.com/people/lianyi
http://www.zhihu.com/people/misink
http://www.zhihu.com/people/yangyuan
http://www.zhihu.com/people/celia
http://www.zhihu.com/people/wei-sheng-79
http://www.zhihu.com/people/haiger-25
http://www.zhihu.com/people/cha-men-hu-de-xiao-bei-xin
http://www.zhihu.com/people/yao-xing-guang
http://www.zhihu.com/people/yuan-feng-jing
http://www.zhihu.com/people/xiao-xing-xing-61
http://www.zhihu.com/people/susuyang
http://www.zhihu.com/people/huangpingwei
http://www.zhihu.com/people/guchen
http://www.zhihu.com/people/thinkind
http://www.zhihu.com/people/lynettedai
http://www.zhihu.com/people/guo-guo-27
http://www.zhihu.com/people/ling-chen-xiang-jian
http://www.zhihu.com/people/magie
http://www.zhihu.com/people/cui-kai-45
http://www.zhihu.com/people/anyan
http://www.zhihu.com/people/caoxiongfeng
http://www.zhihu.com/people/hailing
http://www.zhihu.com/people/xeroxray
http://www.zhihu.com/people/sun-fen
http://www.zhihu.com/people/daviru
http://www.zhihu.com/people/beique
http://www.zhihu.com/people/feng-hao-85
http://www.zhihu.com/people/secret
http://www.zhihu.com/people/zhao-hao
http://www.zhihu.com/people/liu-hang-62
http://www.zhihu.com/people/cranks
http://www.zhihu.com/people/wang-hai-bo-44
http://www.zhihu.com/people/Fuga
http://www.zhihu.com/people/LCmoon
http://www.zhihu.com/people/qisee
http://www.zhihu.com/people/gino
http://www.zhihu.com/people/zhang-lian-jie
http://www.zhihu.com/people/seven-22
http://www.zhihu.com/people/lin-xin-4
http://www.zhihu.com/people/ecfans
http://www.zhihu.com/people/lu-ye-shu-huai
http://www.zhihu.com/people/zhang-yan-ge-79
http://www.zhihu.com/people/cheka
http://www.zhihu.com/people/lu-shui-shui
http://www.zhihu.com/people/nov13
http://www.zhihu.com/people/xu-zhuo-li-26
http://www.zhihu.com/people/onionsmm
http://www.zhihu.com/people/shiningxyy
http://www.zhihu.com/people/weiyaqian
http://www.zhihu.com/people/guo-shan-feng
http://www.zhihu.com/people/huang-yun-long
http://www.zhihu.com/people/GavinQi
http://www.zhihu.com/people/deanlee
http://www.zhihu.com/people/finian
http://www.zhihu.com/people/daijunliang
http://www.zhihu.com/people/xiaobuding
http://www.zhihu.com/people/wenwei
http://www.zhihu.com/people/guo-qing-tao
http://www.zhihu.com/people/teresa-wong
http://www.zhihu.com/people/cuikai-wh
http://www.zhihu.com/people/chenruihong
http://www.zhihu.com/people/wangge
http://www.zhihu.com/people/lidong
http://www.zhihu.com/people/baijy
http://www.zhihu.com/people/amphi-wang
http://www.zhihu.com/people/winsunchen
http://www.zhihu.com/people/guangming
http://www.zhihu.com/people/zhongod
http://www.zhihu.com/people/wang-hai-bo-45
http://www.zhihu.com/people/hack21
http://www.zhihu.com/people/xxnotepad
http://www.zhihu.com/people/yuyiyouxia
http://www.zhihu.com/people/yang-min-53
http://www.zhihu.com/people/yhaiyang
http://www.zhihu.com/people/a-du
http://www.zhihu.com/people/muchen
http://www.zhihu.com/people/lu-yi-68
http://www.zhihu.com/people/bies
http://www.zhihu.com/people/rainpalazzo
http://www.zhihu.com/people/niu-he-qing
http://www.zhihu.com/people/yuba100
http://www.zhihu.com/people/liu-xi-fei
http://www.zhihu.com/people/itpig
http://www.zhihu.com/people/xiao-gang-pao
http://www.zhihu.com/people/wanfu
http://www.zhihu.com/people/allsaying
http://www.zhihu.com/people/liu-xiao-rui-25
http://www.zhihu.com/people/wei-tao
http://www.zhihu.com/people/wanghaihe
http://www.zhihu.com/people/ryeman
http://www.zhihu.com/people/ifrank
http://www.zhihu.com/people/biyuntao
http://www.zhihu.com/people/suoten
http://www.zhihu.com/people/rosemedia
http://www.zhihu.com/people/2542
http://www.zhihu.com/people/zero-94
http://www.zhihu.com/people/yu-lu-44
http://www.zhihu.com/people/ze-lin
http://www.zhihu.com/people/yandan
http://www.zhihu.com/people/li-miao-9
http://www.zhihu.com/people/shi-bin
http://www.zhihu.com/people/zhangner
http://www.zhihu.com/people/enqiangli
http://www.zhihu.com/people/winnersoon
http://www.zhihu.com/people/hhzxiaoyao
http://www.zhihu.com/people/guo-jian
http://www.zhihu.com/people/liu-yun-long
http://www.zhihu.com/people/chenshuo
http://www.zhihu.com/people/cai-liang-wei
http://www.zhihu.com/people/chuliao
http://www.zhihu.com/people/zhong-qian
http://www.zhihu.com/people/guo-yan-da
http://www.zhihu.com/people/wendy
http://www.zhihu.com/people/pu-ti-82
http://www.zhihu.com/people/fagnano
http://www.zhihu.com/people/5ipc
http://www.zhihu.com/people/zhiyu
http://www.zhihu.com/people/shunfeng
http://www.zhihu.com/people/austin
http://www.zhihu.com/people/gung
http://www.zhihu.com/people/xiaofeixia
http://www.zhihu.com/people/puloon
http://www.zhihu.com/people/lvxk
http://www.zhihu.com/people/li-zan-qiang
http://www.zhihu.com/people/li-jing-da
http://www.zhihu.com/people/share
http://www.zhihu.com/people/wmichelle
http://www.zhihu.com/people/kouxin
http://www.zhihu.com/people/babid
http://www.zhihu.com/people/lonelynight
http://www.zhihu.com/people/kermit
http://www.zhihu.com/people/supporter
http://www.zhihu.com/people/minyi
http://www.zhihu.com/people/0x1997
http://www.zhihu.com/people/jiao-ye
http://www.zhihu.com/people/tang-feng
http://www.zhihu.com/people/seo-sem
http://www.zhihu.com/people/gkool
http://www.zhihu.com/people/chen-guang-yuan
http://www.zhihu.com/people/relex
http://www.zhihu.com/people/hurri
http://www.zhihu.com/people/orderly
http://www.zhihu.com/people/shangfei
http://www.zhihu.com/people/niyan
http://www.zhihu.com/people/qiuqiukuaipao
http://www.zhihu.com/people/liuya802
http://www.zhihu.com/people/neaton
http://www.zhihu.com/people/Jay-Huang
http://www.zhihu.com/people/robinli007
http://www.zhihu.com/people/guowenxin
http://www.zhihu.com/people/hackdata
http://www.zhihu.com/people/dz_s
http://www.zhihu.com/people/liu-xiao-xue
http://www.zhihu.com/people/66492375
http://www.zhihu.com/people/igeneral
http://www.zhihu.com/people/xiangge
http://www.zhihu.com/people/chong
http://www.zhihu.com/people/tang-chen
http://www.zhihu.com/people/wangziqiao
http://www.zhihu.com/people/zhouyonggang
http://www.zhihu.com/people/wind
http://www.zhihu.com/people/zhengyiwen
http://www.zhihu.com/people/fanhu
http://www.zhihu.com/people/var87
http://www.zhihu.com/people/tutuyang
http://www.zhihu.com/people/198378910
http://www.zhihu.com/people/houjie
http://www.zhihu.com/people/wangping
http://www.zhihu.com/people/gregchen
http://www.zhihu.com/people/qianjin
http://www.zhihu.com/people/wangzhiyong
http://www.zhihu.com/people/zhang-xiu-cai
http://www.zhihu.com/people/xiaopang
http://www.zhihu.com/people/onlyswan
http://www.zhihu.com/people/2gouzi
http://www.zhihu.com/people/zhao-wei
http://www.zhihu.com/people/bingbo
http://www.zhihu.com/people/aimengmeng
http://www.zhihu.com/people/sanv
http://www.zhihu.com/people/chanyuan
http://www.zhihu.com/people/wangpeng
http://www.zhihu.com/people/beta
http://www.zhihu.com/people/walt
http://www.zhihu.com/people/shi-yan-zhao
http://www.zhihu.com/people/feeng
http://www.zhihu.com/people/hafid
http://www.zhihu.com/people/shenxiaolao
http://www.zhihu.com/people/hu-qian-qiu
http://www.zhihu.com/people/qi-fei
http://www.zhihu.com/people/zhou-lei
http://www.zhihu.com/people/chenglong
http://www.zhihu.com/people/laotao
http://www.zhihu.com/people/xulaifei
http://www.zhihu.com/people/thourgh
http://www.zhihu.com/people/ecmoment
http://www.zhihu.com/people/chenyan
http://www.zhihu.com/people/oyeoye
http://www.zhihu.com/people/matt-86
http://www.zhihu.com/people/joey
http://www.zhihu.com/people/hifly
http://www.zhihu.com/people/quiver
http://www.zhihu.com/people/milo
http://www.zhihu.com/people/wang-di
http://www.zhihu.com/people/lico
http://www.zhihu.com/people/cen-cen-36
http://www.zhihu.com/people/wangkai
http://www.zhihu.com/people/garny
http://www.zhihu.com/people/blue
http://www.zhihu.com/people/song-xing
http://www.zhihu.com/people/milkr
http://www.zhihu.com/people/wang-jun-ru
http://www.zhihu.com/people/cao-xiao
http://www.zhihu.com/people/dajingzi
http://www.zhihu.com/people/liu-jun-tao
http://www.zhihu.com/people/molala
http://www.zhihu.com/people/notor
http://www.zhihu.com/people/mcbuder
http://www.zhihu.com/people/harbuzi
http://www.zhihu.com/people/shao
http://www.zhihu.com/people/cooL
http://www.zhihu.com/people/kdolphin
http://www.zhihu.com/people/jianghui
http://www.zhihu.com/people/weiwei
http://www.zhihu.com/people/miaodeyu
http://www.zhihu.com/people/Ericlu
http://www.zhihu.com/people/feir
http://www.zhihu.com/people/lubenyuan.com
http://www.zhihu.com/people/zhangga
http://www.zhihu.com/people/alitedesign
http://www.zhihu.com/people/keso
http://www.zhihu.com/people/qiuqiu
http://www.zhihu.com/people/gongjun
http://www.zhihu.com/people/cooerson
http://www.zhihu.com/people/jixin
http://www.zhihu.com/people/liangchunxiao
http://www.zhihu.com/people/nan-qi
http://www.zhihu.com/people/fangke
http://www.zhihu.com/people/shijun
http://www.zhihu.com/people/whale
