http://www.zhihu.com/people/forkburn
http://www.zhihu.com/people/jiang-zheng-4
http://www.zhihu.com/people/wosunsun
http://www.zhihu.com/people/nidongde
http://www.zhihu.com/people/chen-fei-hong-29
http://www.zhihu.com/people/boring-do
http://www.zhihu.com/people/onlyveo
http://www.zhihu.com/people/kimoji
http://www.zhihu.com/people/kyouzi
http://www.zhihu.com/people/chen-kai-rui-32
http://www.zhihu.com/people/conray-74
http://www.zhihu.com/people/yuan-mu-xiong-59
http://www.zhihu.com/people/zhang-ying-bo-3
http://www.zhihu.com/people/cheng-ke-6-19
http://www.zhihu.com/people/xu-hai-hang-47
http://www.zhihu.com/people/jin-ke-la-85
http://www.zhihu.com/people/leoqiindustry
http://www.zhihu.com/people/leng-shan-66
http://www.zhihu.com/people/dong-chen-51-38
http://www.zhihu.com/people/lu-wen-long-28
http://www.zhihu.com/people/wang-qi-63-69
http://www.zhihu.com/people/jin-jiang-92
http://www.zhihu.com/people/gorkyming
http://www.zhihu.com/people/zhen-shi-xing-ming-95
http://www.zhihu.com/people/ehua9588
http://www.zhihu.com/people/zhao-wen-xuan-32
http://www.zhihu.com/people/xu-xiao-chen-26-23
http://www.zhihu.com/people/Jellyomg
http://www.zhihu.com/people/dong-yu-han-63
http://www.zhihu.com/people/chaodian-zhang
http://www.zhihu.com/people/envymaxx
http://www.zhihu.com/people/l-pian-jian
http://www.zhihu.com/people/Chengongpp
http://www.zhihu.com/people/wang-xiao-wei-68-64
http://www.zhihu.com/people/40J_L01
http://www.zhihu.com/people/yu-han-qing-55
http://www.zhihu.com/people/mio-40
http://www.zhihu.com/people/evepig
http://www.zhihu.com/people/zhou-jie-75-87
http://www.zhihu.com/people/zhang-ru-cheng-46
http://www.zhihu.com/people/anthonysama
http://www.zhihu.com/people/velox
http://www.zhihu.com/people/ye-shi-27
http://www.zhihu.com/people/bei-zhao-26
http://www.zhihu.com/people/xie-wei-cong
http://www.zhihu.com/people/tan-neng-bao-64
http://www.zhihu.com/people/chen-xia163
http://www.zhihu.com/people/guan-jia-qi
http://www.zhihu.com/people/xuan-yuan-dao-dao
http://www.zhihu.com/people/vivienne-zhao-124
http://www.zhihu.com/people/chaihao1985
http://www.zhihu.com/people/yi-lin-69-64
http://www.zhihu.com/people/feng-xing-jian
http://www.zhihu.com/people/zhuo-yu-dong
http://www.zhihu.com/people/xuke0830
http://www.zhihu.com/people/lou-xiao-ming
http://www.zhihu.com/people/wu-tian-xiao-59
http://www.zhihu.com/people/kevinxu
http://www.zhihu.com/people/mei-yu-xuan-afk
http://www.zhihu.com/people/han-tian-yi-92
http://www.zhihu.com/people/li-qing-cheng-76
http://www.zhihu.com/people/a-minn
http://www.zhihu.com/people/wei-lai-17-39
http://www.zhihu.com/people/hu-ya-nan-11
http://www.zhihu.com/people/huang-yifei-41
http://www.zhihu.com/people/deutsch-99
http://www.zhihu.com/people/anna-zhang-89
http://www.zhihu.com/people/wang-wen-tong-55
http://www.zhihu.com/people/davidz
http://www.zhihu.com/people/kouji-minamoto
http://www.zhihu.com/people/wang-sen-sen-54
http://www.zhihu.com/people/yang-qin-bao
http://www.zhihu.com/people/wang-ya-ying
http://www.zhihu.com/people/tanfu-yo
http://www.zhihu.com/people/zhang-a-hua
http://www.zhihu.com/people/sirius-geng
http://www.zhihu.com/people/enshrine-68
http://www.zhihu.com/people/agemao
http://www.zhihu.com/people/lan-yi-kai
http://www.zhihu.com/people/jiaweikang
http://www.zhihu.com/people/sodapig
http://www.zhihu.com/people/zhou-si-jie-44
http://www.zhihu.com/people/ying-zi-xian-duo
http://www.zhihu.com/people/li-zhong-jing-liu-63
http://www.zhihu.com/people/weida-cui
http://www.zhihu.com/people/xiao-tu-lao-shi
http://www.zhihu.com/people/kuznets
http://www.zhihu.com/people/ji-zhi-xiao-kk
http://www.zhihu.com/people/yenhsu
http://www.zhihu.com/people/zhu-yuan-yu-run-40
http://www.zhihu.com/people/zhang-qing-87
http://www.zhihu.com/people/he-jia-yuan
http://www.zhihu.com/people/gu-bin-18
http://www.zhihu.com/people/arronbubestcherry
http://www.zhihu.com/people/zi-nan-15
http://www.zhihu.com/people/CloverOne
http://www.zhihu.com/people/xiong-shi-san-90
http://www.zhihu.com/people/qiu-hong-yang
http://www.zhihu.com/people/wei-xin-fan-64
http://www.zhihu.com/people/nashqingfeng
http://www.zhihu.com/people/qi-qi-37-70
http://www.zhihu.com/people/tang-zi-yu-10
http://www.zhihu.com/people/jack-zhang-62
http://www.zhihu.com/people/fu-tao-67
http://www.zhihu.com/people/ri-ye-huang-bo
http://www.zhihu.com/people/travis0710
http://www.zhihu.com/people/cuso4
http://www.zhihu.com/people/guo-hua-qiao
http://www.zhihu.com/people/huang-zi-yi-30
http://www.zhihu.com/people/huang-zhi-lang-42
http://www.zhihu.com/people/xu-yibo-57
http://www.zhihu.com/people/wu-chen-chen-7
http://www.zhihu.com/people/xun-xun-17
http://www.zhihu.com/people/yuan-bai-lu
http://www.zhihu.com/people/george-giuseppe
http://www.zhihu.com/people/su-yue-hui
http://www.zhihu.com/people/wei-shao-hui
http://www.zhihu.com/people/lin-hao-kang
http://www.zhihu.com/people/imhanwu
http://www.zhihu.com/people/beryl421
http://www.zhihu.com/people/shiika
http://www.zhihu.com/people/jiwanqi
http://www.zhihu.com/people/an-li-90-62
http://www.zhihu.com/people/bian-tai-77
http://www.zhihu.com/people/yong-yue-chuan
http://www.zhihu.com/people/cao-xiao-sao
http://www.zhihu.com/people/lynne-h
http://www.zhihu.com/people/bean-lee-66
http://www.zhihu.com/people/squall-shi
http://www.zhihu.com/people/zhao-cheng-68
