http://www.zhihu.com/people/stevenlee367
http://www.zhihu.com/people/vdoe
http://www.zhihu.com/people/ji-li-ling
http://www.zhihu.com/people/sodawon
http://www.zhihu.com/people/sun--ran
http://www.zhihu.com/people/wang-yin-79-44
http://www.zhihu.com/people/yun-jin-hu
http://www.zhihu.com/people/qianz-ding
http://www.zhihu.com/people/fangqu
http://www.zhihu.com/people/tingting-shieh
http://www.zhihu.com/people/kiddo-yu
http://www.zhihu.com/people/wo-shi-neng-gan-dou
http://www.zhihu.com/people/liu-song-23
http://www.zhihu.com/people/ssssss
http://www.zhihu.com/people/he-le-yi
http://www.zhihu.com/people/guigui69
http://www.zhihu.com/people/da-mo-gu-15
http://www.zhihu.com/people/hai-yang
http://www.zhihu.com/people/xiang-niu
http://www.zhihu.com/people/sxchenpeng
http://www.zhihu.com/people/cloudong
http://www.zhihu.com/people/wherekevin
http://www.zhihu.com/people/chen-zi-7-13
http://www.zhihu.com/people/dou-shuai-62
http://www.zhihu.com/people/jin-ke-yi
http://www.zhihu.com/people/gotham-chen
http://www.zhihu.com/people/amy-lv-82
http://www.zhihu.com/people/wang-mu-tou
http://www.zhihu.com/people/ding-yi-36-65
http://www.zhihu.com/people/wang-dao-dao-tongxue
http://www.zhihu.com/people/visscan-chao
http://www.zhihu.com/people/bai-yuan-yuan-73
http://www.zhihu.com/people/springtea
http://www.zhihu.com/people/dong-fang-yi-xiao-55
http://www.zhihu.com/people/chun-ye-da-sheng
http://www.zhihu.com/people/lin-zhong-shan-7
http://www.zhihu.com/people/ren-ke-2
http://www.zhihu.com/people/gong-zheng-xuan
http://www.zhihu.com/people/francisscot
http://www.zhihu.com/people/wuxiansheng
http://www.zhihu.com/people/maoxxcn
http://www.zhihu.com/people/up-up-75
http://www.zhihu.com/people/nasca
http://www.zhihu.com/people/sheng-zhi-qing
http://www.zhihu.com/people/qu-chong-dong
http://www.zhihu.com/people/huang-jun-feng-15
http://www.zhihu.com/people/lin-zi-27-39
http://www.zhihu.com/people/jasperma
http://www.zhihu.com/people/liuruqin
http://www.zhihu.com/people/tracyghz
http://www.zhihu.com/people/gracieux.taobao.com
http://www.zhihu.com/people/rou-bo-ding-41
http://www.zhihu.com/people/queeny119
http://www.zhihu.com/people/jiang-yuan-hao-91
http://www.zhihu.com/people/zheng-xiao-xi-9
http://www.zhihu.com/people/zhuang-xiao-meng
http://www.zhihu.com/people/diercn
http://www.zhihu.com/people/tu-zi-zhuo
http://www.zhihu.com/people/yue-yue-jiu-jiu
http://www.zhihu.com/people/allec-liang
http://www.zhihu.com/people/chen-fei-hong-29
http://www.zhihu.com/people/zong-hua
http://www.zhihu.com/people/pang-luan-luan
http://www.zhihu.com/people/tan-ya-long
http://www.zhihu.com/people/hownarcissist
http://www.zhihu.com/people/wen-liang-93
http://www.zhihu.com/people/zhu-chen-shu
http://www.zhihu.com/people/zhang-yi-yuan-37
http://www.zhihu.com/people/yu-xiao-ming-35
http://www.zhihu.com/people/xie-ling-chong
http://www.zhihu.com/people/xulaohan
http://www.zhihu.com/people/jie-ang-zi
http://www.zhihu.com/people/bela-6
http://www.zhihu.com/people/qin-peng-18
http://www.zhihu.com/people/qian-gui-shen
http://www.zhihu.com/people/dai-huo-shan
http://www.zhihu.com/people/xue-wa-qia
http://www.zhihu.com/people/yangxiaoche
http://www.zhihu.com/people/su-wei-58
http://www.zhihu.com/people/nie-jie-31
http://www.zhihu.com/people/lin-zi-16-8
http://www.zhihu.com/people/lidahai
http://www.zhihu.com/people/li-wan-fu
http://www.zhihu.com/people/liu-peng-fei-48
http://www.zhihu.com/people/lin-fei-91
http://www.zhihu.com/people/anxinjie
http://www.zhihu.com/people/wang-xiao-qiang-92
http://www.zhihu.com/people/sun-yu-ming
http://www.zhihu.com/people/Wangyixie
http://www.zhihu.com/people/ou-yang-fan
http://www.zhihu.com/people/li-ru-guo-61
http://www.zhihu.com/people/an-si-duo
http://www.zhihu.com/people/cbasky
http://www.zhihu.com/people/huang-jia-wei
http://www.zhihu.com/people/ding-yu-26
http://www.zhihu.com/people/Dabbler
http://www.zhihu.com/people/yuan-you-tao-25
http://www.zhihu.com/people/cta-b
http://www.zhihu.com/people/findmusic
http://www.zhihu.com/people/tao-dong-90
http://www.zhihu.com/people/manoe-liu
http://www.zhihu.com/people/charles-cha
http://www.zhihu.com/people/zi-gong-73
http://www.zhihu.com/people/puahome
http://www.zhihu.com/people/tai-zai-yan
http://www.zhihu.com/people/jake-young
http://www.zhihu.com/people/shevchenko-57
http://www.zhihu.com/people/zhao-ming-he
http://www.zhihu.com/people/monsoon-46
http://www.zhihu.com/people/Dominic_
http://www.zhihu.com/people/fontanesia
http://www.zhihu.com/people/ji-xiao-qiang-74
http://www.zhihu.com/people/jiang-huan
http://www.zhihu.com/people/dong-jiu-yue
http://www.zhihu.com/people/su-mu-zhe-3
http://www.zhihu.com/people/zi-liu-jing-37
http://www.zhihu.com/people/LH
http://www.zhihu.com/people/liu-xu-becky
http://www.zhihu.com/people/dwyane-50
http://www.zhihu.com/people/chang-ge-zi-3
http://www.zhihu.com/people/huang-guan-si
http://www.zhihu.com/people/limi
http://www.zhihu.com/people/zhu-jing-66-53
http://www.zhihu.com/people/wang-ji-yuan-77
http://www.zhihu.com/people/zhou-zhen-81-42
http://www.zhihu.com/people/chen-yong-hui-1
http://www.zhihu.com/people/yan-yu-56-81
http://www.zhihu.com/people/deutsch-99
http://www.zhihu.com/people/ying-hang-chao
http://www.zhihu.com/people/fan-ye-86
http://www.zhihu.com/people/tan-li-9800
http://www.zhihu.com/people/zhang-zi-yue
http://www.zhihu.com/people/eleven
http://www.zhihu.com/people/lu-___-fei
http://www.zhihu.com/people/northcamel
http://www.zhihu.com/people/jin-yu-93-89
http://www.zhihu.com/people/debbbbie
http://www.zhihu.com/people/ck-fu
http://www.zhihu.com/people/addice
http://www.zhihu.com/people/chsqi
http://www.zhihu.com/people/djean
http://www.zhihu.com/people/zhao-peng-59-86
http://www.zhihu.com/people/wangpengyu
http://www.zhihu.com/people/Selerare
http://www.zhihu.com/people/cu-mu
http://www.zhihu.com/people/meiyouzhuya
http://www.zhihu.com/people/heaven_000
http://www.zhihu.com/people/geng-ye-75
http://www.zhihu.com/people/Panzer
http://www.zhihu.com/people/ptolemaeus
http://www.zhihu.com/people/luoxiu
http://www.zhihu.com/people/wantfu
http://www.zhihu.com/people/mai-zhuan-weng-668
http://www.zhihu.com/people/wuyue
http://www.zhihu.com/people/siton
http://www.zhihu.com/people/nphs
http://www.zhihu.com/people/yu-kun-27
http://www.zhihu.com/people/zhuang-quan-2
http://www.zhihu.com/people/avicihu
http://www.zhihu.com/people/jiang-bin-liang
http://www.zhihu.com/people/chen-fei-37-45
http://www.zhihu.com/people/yan-zi-85
http://www.zhihu.com/people/madwithu
http://www.zhihu.com/people/shane-95-99
http://www.zhihu.com/people/reasinwong
http://www.zhihu.com/people/pilatus
http://www.zhihu.com/people/yuwen-xiong
http://www.zhihu.com/people/ren-wen-gang
http://www.zhihu.com/people/wu-jia-jun-32
http://www.zhihu.com/people/hu-bu-wei
http://www.zhihu.com/people/zhihu_lxl
http://www.zhihu.com/people/wang-hun-dan
http://www.zhihu.com/people/yu-nong-6
http://www.zhihu.com/people/david-du
http://www.zhihu.com/people/zhao-ma-ke
http://www.zhihu.com/people/mo-chi-zhi
http://www.zhihu.com/people/chen-guo-97
http://www.zhihu.com/people/gong-shao-heng
http://www.zhihu.com/people/guo-da-lu-13-28
http://www.zhihu.com/people/duxudong
http://www.zhihu.com/people/xiao-xiao-me
http://www.zhihu.com/people/weizhi.pan
http://www.zhihu.com/people/qu-zhi-36
http://www.zhihu.com/people/felix-libero
http://www.zhihu.com/people/song-li-28
http://www.zhihu.com/people/zuimai
http://www.zhihu.com/people/AmoLoong
http://www.zhihu.com/people/yu-xiao-mao-58
http://www.zhihu.com/people/shen-lan-hai
http://www.zhihu.com/people/zhou-neng-44
http://www.zhihu.com/people/aben-12
http://www.zhihu.com/people/mu-xia-47
http://www.zhihu.com/people/zhu-ge-kang-34
http://www.zhihu.com/people/imajin
http://www.zhihu.com/people/chen-wei-57
http://www.zhihu.com/people/ma-bu-fan
http://www.zhihu.com/people/wang-ying-2-10
http://www.zhihu.com/people/zhou-xiao-xun-93
http://www.zhihu.com/people/you-lin-25
http://www.zhihu.com/people/hhb-hg
http://www.zhihu.com/people/li-xi-rui
http://www.zhihu.com/people/zhou-zi-qin
http://www.zhihu.com/people/peng-hui-jian
http://www.zhihu.com/people/zhou-chen-19
http://www.zhihu.com/people/chen-qiu-yu-13
http://www.zhihu.com/people/heng-13
http://www.zhihu.com/people/fang-yi-cheng-73
http://www.zhihu.com/people/luo-jia-xi
http://www.zhihu.com/people/naomi-n
http://www.zhihu.com/people/wang-xiao-xuan-74
http://www.zhihu.com/people/brickyang
http://www.zhihu.com/people/lucifer-shen
http://www.zhihu.com/people/stan-yang
http://www.zhihu.com/people/woundman
http://www.zhihu.com/people/fiona-chan
http://www.zhihu.com/people/wang-xiao-long
http://www.zhihu.com/people/kangxia
http://www.zhihu.com/people/he-guo-yuan-40
http://www.zhihu.com/people/dong-dong-55-12
http://www.zhihu.com/people/luo-ding-9
http://www.zhihu.com/people/PatrickGe
http://www.zhihu.com/people/zhou-shi-quan
http://www.zhihu.com/people/pipi-lpy
http://www.zhihu.com/people/hong-ling-jin-10
http://www.zhihu.com/people/yu-ren-shan
http://www.zhihu.com/people/li-kai-xuan
http://www.zhihu.com/people/tang-de-xi
http://www.zhihu.com/people/Amies-U
http://www.zhihu.com/people/shi-zheng-59
http://www.zhihu.com/people/lucybin
http://www.zhihu.com/people/chan-lee-11
http://www.zhihu.com/people/rubi-47
http://www.zhihu.com/people/tie-qiao
http://www.zhihu.com/people/da-wen-xi-62
http://www.zhihu.com/people/zhao-fei-lin
http://www.zhihu.com/people/cui-yu-58
http://www.zhihu.com/people/lin-jia-duo
http://www.zhihu.com/people/chen-xin-wu-58
http://www.zhihu.com/people/liu-yue-bing
http://www.zhihu.com/people/hu-da-xia-5
http://www.zhihu.com/people/ka-ji-yixia
http://www.zhihu.com/people/miichl
http://www.zhihu.com/people/sunnyfei
http://www.zhihu.com/people/laughworld
http://www.zhihu.com/people/THFQ
http://www.zhihu.com/people/blaster
http://www.zhihu.com/people/li-chen-bin-50
http://www.zhihu.com/people/huang-jing-song
http://www.zhihu.com/people/zhang-tao-26-35
http://www.zhihu.com/people/chen-kan-12
http://www.zhihu.com/people/lvhan
http://www.zhihu.com/people/tu-xiao-chao
http://www.zhihu.com/people/ma-ke-51
http://www.zhihu.com/people/mao-wen-tong
http://www.zhihu.com/people/zhang-lei-97-65
http://www.zhihu.com/people/fan-xiao-xuan-41
http://www.zhihu.com/people/yshlmlr
http://www.zhihu.com/people/yin-yu-chen-26
http://www.zhihu.com/people/quange
http://www.zhihu.com/people/le-de-15
http://www.zhihu.com/people/chriswang
http://www.zhihu.com/people/chaos-lin
http://www.zhihu.com/people/oneyard
http://www.zhihu.com/people/luislee
http://www.zhihu.com/people/chen-xiao-han-28
http://www.zhihu.com/people/pizei
http://www.zhihu.com/people/yu-bo-64-23
http://www.zhihu.com/people/xing-luo-shui-jia
http://www.zhihu.com/people/yin-qi-dong
http://www.zhihu.com/people/wang-ba-a-gan
http://www.zhihu.com/people/he-ying-han-13
http://www.zhihu.com/people/zhang-ming-21-51
http://www.zhihu.com/people/shan-mu-gu
http://www.zhihu.com/people/hengly
http://www.zhihu.com/people/wildwilde
http://www.zhihu.com/people/die-qi
http://www.zhihu.com/people/wang-tao-90-52
http://www.zhihu.com/people/rinehart
http://www.zhihu.com/people/lu-dai-59
http://www.zhihu.com/people/lu-peng-wen-5
http://www.zhihu.com/people/lei-lei-52-63
http://www.zhihu.com/people/jian-ao-xiang
http://www.zhihu.com/people/wang-shu-tan
http://www.zhihu.com/people/freilaoxuepi
http://www.zhihu.com/people/liu-ya-kun-1
http://www.zhihu.com/people/chen-ruo-shui
http://www.zhihu.com/people/tao
http://www.zhihu.com/people/hong-xiao-dou
http://www.zhihu.com/people/ou-yang-kang-87
http://www.zhihu.com/people/iyucci
http://www.zhihu.com/people/phos
http://www.zhihu.com/people/barto
http://www.zhihu.com/people/yangcongluofu
http://www.zhihu.com/people/liu-chang-jie-94
http://www.zhihu.com/people/chushuizisu
http://www.zhihu.com/people/hua-si-rui
http://www.zhihu.com/people/luoxiaoju
http://www.zhihu.com/people/yang-bo-yu-83
http://www.zhihu.com/people/heijiajia
http://www.zhihu.com/people/liu-le-le-99-44
http://www.zhihu.com/people/songhy
http://www.zhihu.com/people/qi-yuan-yuan-52
http://www.zhihu.com/people/li-yao-yao-3-33
http://www.zhihu.com/people/wu-yu-an
http://www.zhihu.com/people/yang-zou-cha
http://www.zhihu.com/people/cyis
http://www.zhihu.com/people/zhan-qing-feng
http://www.zhihu.com/people/chendeshen
http://www.zhihu.com/people/xue-ji-yu
http://www.zhihu.com/people/eddy-6
http://www.zhihu.com/people/dong-xun-59
http://www.zhihu.com/people/wang-ting-ting-28-65
http://www.zhihu.com/people/hiro-77
http://www.zhihu.com/people/zhu-lian-zhai-zhu
http://www.zhihu.com/people/Patrick-J
http://www.zhihu.com/people/zhou-zhou
http://www.zhihu.com/people/ling-tian-81
http://www.zhihu.com/people/fang-jun-liang-81
http://www.zhihu.com/people/meng-fei-59-13
http://www.zhihu.com/people/hong-jie-hong
http://www.zhihu.com/people/joe
http://www.zhihu.com/people/hei-xue-85
http://www.zhihu.com/people/lai-wei-90
http://www.zhihu.com/people/jiang-yan-song
http://www.zhihu.com/people/zhang-chong-zi
http://www.zhihu.com/people/bixing-yan
http://www.zhihu.com/people/wu-tian-yu-50
http://www.zhihu.com/people/wesley-husky
http://www.zhihu.com/people/Seth_Liu
http://www.zhihu.com/people/yizhilu
http://www.zhihu.com/people/cui-de-xing
http://www.zhihu.com/people/samyhello
http://www.zhihu.com/people/pan-richard
http://www.zhihu.com/people/huang-ha-ha-41
http://www.zhihu.com/people/quan-quan-35-32
http://www.zhihu.com/people/gong-zi-chuan
http://www.zhihu.com/people/sun-lyrin
http://www.zhihu.com/people/gao-lu-ji
http://www.zhihu.com/people/yu-cheng-cheng-34
http://www.zhihu.com/people/z6522814
http://www.zhihu.com/people/xu-huang-40
http://www.zhihu.com/people/fengren
http://www.zhihu.com/people/xing-huo-huo
http://www.zhihu.com/people/ma-chao-65-88
http://www.zhihu.com/people/zhang-jun-ming-50
http://www.zhihu.com/people/xie-yan-zhu
http://www.zhihu.com/people/pei-li-zhong
http://www.zhihu.com/people/xuan-ran-39
http://www.zhihu.com/people/mo-mo-17-13
http://www.zhihu.com/people/xiao-da-da-27
http://www.zhihu.com/people/huang-shan-88
http://www.zhihu.com/people/shawnwu007
http://www.zhihu.com/people/jian-nuo-7
http://www.zhihu.com/people/yu-ming-gu-wen-chen-tao
http://www.zhihu.com/people/bo-wen-49
http://www.zhihu.com/people/naruming
http://www.zhihu.com/people/gao-gao-72
http://www.zhihu.com/people/ji-peng-cheng-66
http://www.zhihu.com/people/li-da-ming-10
http://www.zhihu.com/people/wei-yuan-zhe
http://www.zhihu.com/people/agmo
http://www.zhihu.com/people/jun-yi-14
http://www.zhihu.com/people/xia-yu-jin-69
http://www.zhihu.com/people/taihuxiaobaoyu
http://www.zhihu.com/people/cai-wang-tian
http://www.zhihu.com/people/Metamorphosis_Du
http://www.zhihu.com/people/niu-ji-ye
http://www.zhihu.com/people/li-joanna-3
http://www.zhihu.com/people/ma-qiao-lin
http://www.zhihu.com/people/xu-liang-yong-44
http://www.zhihu.com/people/zhang-mie-mie-78
http://www.zhihu.com/people/shi-bo-qing
http://www.zhihu.com/people/yongshixiaomao
http://www.zhihu.com/people/hua-hua-23
http://www.zhihu.com/people/nyanzhang
http://www.zhihu.com/people/li-xiao-cheng-14
http://www.zhihu.com/people/zhang-jing-lin
http://www.zhihu.com/people/wanderer
http://www.zhihu.com/people/luke-liu-98
http://www.zhihu.com/people/sun-chen-1116
http://www.zhihu.com/people/han-cheng-95-4
http://www.zhihu.com/people/neng-ge-70
http://www.zhihu.com/people/lu-chen-cheng-5
http://www.zhihu.com/people/zacharyxsz
http://www.zhihu.com/people/li-da-li-58
http://www.zhihu.com/people/fan-tang-zi
http://www.zhihu.com/people/zhu-yixin-42
http://www.zhihu.com/people/amimi
http://www.zhihu.com/people/yin-yao-yao
http://www.zhihu.com/people/qin-lu-50
http://www.zhihu.com/people/li-mu-shu
http://www.zhihu.com/people/zhu-zoe
http://www.zhihu.com/people/liu-xiao-yang-86
http://www.zhihu.com/people/shu-yun-36
http://www.zhihu.com/people/well-fare-98
http://www.zhihu.com/people/she-ze-xin
http://www.zhihu.com/people/chen-si-yue-70
http://www.zhihu.com/people/wang-zi-tong-78
http://www.zhihu.com/people/zhang-yi-fan-48
http://www.zhihu.com/people/yu-hui-feng-24
http://www.zhihu.com/people/hang-hang-7
http://www.zhihu.com/people/peng-yi-dou
http://www.zhihu.com/people/hu-ming-wei-29
http://www.zhihu.com/people/fangsiryeah
http://www.zhihu.com/people/denisyao
http://www.zhihu.com/people/xie-feng-17-98
http://www.zhihu.com/people/freya.zuo
http://www.zhihu.com/people/yfc1992
http://www.zhihu.com/people/6kkkkkk
http://www.zhihu.com/people/bao-mi-mi
http://www.zhihu.com/people/gan-gan-23
http://www.zhihu.com/people/qiaoerenwu
http://www.zhihu.com/people/xin-wu-77
http://www.zhihu.com/people/li-shen-shen-54
http://www.zhihu.com/people/liu-ting-ting-64
http://www.zhihu.com/people/wu-yu-yu-18
http://www.zhihu.com/people/deng-yuan-66
http://www.zhihu.com/people/liu-jing-yuan-48
http://www.zhihu.com/people/masterpa
http://www.zhihu.com/people/liyiyang
http://www.zhihu.com/people/dan-ni-si-zhang
http://www.zhihu.com/people/heng-ha-76
http://www.zhihu.com/people/joseph-holy
http://www.zhihu.com/people/bigbai
http://www.zhihu.com/people/ivanlee
http://www.zhihu.com/people/min-bu-er
http://www.zhihu.com/people/wang-yi-lian-45
http://www.zhihu.com/people/mtd798
http://www.zhihu.com/people/zhang-tian-cheng-55
http://www.zhihu.com/people/zhang-lin-quan
http://www.zhihu.com/people/tao-tao-sang
http://www.zhihu.com/people/feng-si-92
http://www.zhihu.com/people/yi-teng
http://www.zhihu.com/people/luo-sa-ma
http://www.zhihu.com/people/yin-xia-80
http://www.zhihu.com/people/liuniandate
http://www.zhihu.com/people/garagin
http://www.zhihu.com/people/KingdomSpace
http://www.zhihu.com/people/te-lan-duo-er
http://www.zhihu.com/people/zhang-mo-17
http://www.zhihu.com/people/li-dai-hui
http://www.zhihu.com/people/luo-yi-48
http://www.zhihu.com/people/leocc
http://www.zhihu.com/people/tang-jing-yu-24
http://www.zhihu.com/people/yan-ru-1
http://www.zhihu.com/people/chen-gang-81
http://www.zhihu.com/people/xiao-su-27
http://www.zhihu.com/people/Bryanzhao
http://www.zhihu.com/people/dan-xi-lei
http://www.zhihu.com/people/huang-yan-40
http://www.zhihu.com/people/liu-yier-91
http://www.zhihu.com/people/xiao-ye-yi-zhi
http://www.zhihu.com/people/zhang-xiao-pao-73
http://www.zhihu.com/people/shabby
http://www.zhihu.com/people/tan-ri-tian
http://www.zhihu.com/people/dao-zi-97
http://www.zhihu.com/people/long-teng-fei-31
http://www.zhihu.com/people/chan-jason-35
http://www.zhihu.com/people/zhang-huan-yu-10
http://www.zhihu.com/people/yang-yong-54-36
http://www.zhihu.com/people/asdzheng
http://www.zhihu.com/people/lionon
http://www.zhihu.com/people/xiang-nuan
http://www.zhihu.com/people/xiong-gu-cheng
http://www.zhihu.com/people/wu-ze-yang
http://www.zhihu.com/people/zhu-yan-zhen-14
http://www.zhihu.com/people/chen-ji-88
http://www.zhihu.com/people/zhang-bo-67-32
http://www.zhihu.com/people/frederick-65
http://www.zhihu.com/people/lu-gui-chen-26
http://www.zhihu.com/people/ma-shu-rui-71
http://www.zhihu.com/people/pei-yun-fei
http://www.zhihu.com/people/lykosteng
http://www.zhihu.com/people/cao-zi-han-22
http://www.zhihu.com/people/lai-xiao-ming
http://www.zhihu.com/people/yin-gao-jie
http://www.zhihu.com/people/tuobadaidai
http://www.zhihu.com/people/qing-cai-ya
http://www.zhihu.com/people/morea
http://www.zhihu.com/people/xie-charlie
http://www.zhihu.com/people/xu-chu-feng
http://www.zhihu.com/people/du-xu-lei-42
http://www.zhihu.com/people/jiang-nu
http://www.zhihu.com/people/Bearoff
http://www.zhihu.com/people/Woman-day
http://www.zhihu.com/people/zhou-yong-93
http://www.zhihu.com/people/thoreau-84
http://www.zhihu.com/people/yu-chu-di
http://www.zhihu.com/people/li-dang-bai
http://www.zhihu.com/people/fantastic-91
http://www.zhihu.com/people/huang-si-jia-1
http://www.zhihu.com/people/calliope
http://www.zhihu.com/people/huma
http://www.zhihu.com/people/liang-yu-fan
http://www.zhihu.com/people/n-emo
http://www.zhihu.com/people/chen-chao-61-94
http://www.zhihu.com/people/michelleyan
http://www.zhihu.com/people/wen-sen-te-86
http://www.zhihu.com/people/li-chao-93
http://www.zhihu.com/people/haahahah
http://www.zhihu.com/people/tirendushu
http://www.zhihu.com/people/lee-lee-80
http://www.zhihu.com/people/LisLove
http://www.zhihu.com/people/steveten
http://www.zhihu.com/people/leaderweb
http://www.zhihu.com/people/foxmuldery
http://www.zhihu.com/people/zhu-jin-heng
http://www.zhihu.com/people/li-yi-fei-37-2
http://www.zhihu.com/people/hydra-10
http://www.zhihu.com/people/diecxters
http://www.zhihu.com/people/mikami
http://www.zhihu.com/people/abchello
http://www.zhihu.com/people/luo-yu-han
http://www.zhihu.com/people/dion
http://www.zhihu.com/people/zourui55
http://www.zhihu.com/people/dai-si-ran
http://www.zhihu.com/people/chen-liu-40-40
http://www.zhihu.com/people/ma-san-xing
http://www.zhihu.com/people/shi-liu-46-82
http://www.zhihu.com/people/ying-52
http://www.zhihu.com/people/ted-lee-70
http://www.zhihu.com/people/abeec
http://www.zhihu.com/people/dr-satyr
http://www.zhihu.com/people/ou-wen-77
http://www.zhihu.com/people/li-yifan-27
http://www.zhihu.com/people/leng-yu-qing-19
http://www.zhihu.com/people/zheng-cheng-85-32
http://www.zhihu.com/people/shi-jian-liang
http://www.zhihu.com/people/yang-xuan-78
http://www.zhihu.com/people/lin-xiao-bin-26
http://www.zhihu.com/people/xu-liu-wei
http://www.zhihu.com/people/dai-xiao-lan
http://www.zhihu.com/people/279734816
http://www.zhihu.com/people/cocoalee
http://www.zhihu.com/people/sisyphus-18
http://www.zhihu.com/people/puffeye
http://www.zhihu.com/people/bloodycat
http://www.zhihu.com/people/lin-mu-mu-36
http://www.zhihu.com/people/hfitp
http://www.zhihu.com/people/zhu-shi-jie-6
http://www.zhihu.com/people/li-cheng-gan
http://www.zhihu.com/people/zhu-bo-tao
http://www.zhihu.com/people/zhangxiaoliang
http://www.zhihu.com/people/elfmedy
http://www.zhihu.com/people/jiang-xue-qian
http://www.zhihu.com/people/li-ban-72
http://www.zhihu.com/people/000088
http://www.zhihu.com/people/tangjingxin
http://www.zhihu.com/people/zaojue
http://www.zhihu.com/people/ji-zheng-qi
http://www.zhihu.com/people/kagayapudding
http://www.zhihu.com/people/lukeduke
http://www.zhihu.com/people/xiaozhi123
http://www.zhihu.com/people/liu-qi-25
http://www.zhihu.com/people/xenonflash
http://www.zhihu.com/people/xie-wei-74-75
http://www.zhihu.com/people/wei-sheng-79
http://www.zhihu.com/people/alanolory
http://www.zhihu.com/people/lu-zhi-qing
http://www.zhihu.com/people/cai-xiao-fan
http://www.zhihu.com/people/baogaitou
http://www.zhihu.com/people/napoli-76
http://www.zhihu.com/people/zhang-yan-36
http://www.zhihu.com/people/saga-way
http://www.zhihu.com/people/lu-wen-20
http://www.zhihu.com/people/zhong-ye-zi-49
http://www.zhihu.com/people/ruan-yixiao
http://www.zhihu.com/people/sky-fall
http://www.zhihu.com/people/nicolas-micheal
http://www.zhihu.com/people/wang-xiao-yue-86
http://www.zhihu.com/people/acsaga
http://www.zhihu.com/people/VCZhang
http://www.zhihu.com/people/lu-dong-dong-72
http://www.zhihu.com/people/pandax
http://www.zhihu.com/people/techoxygen
http://www.zhihu.com/people/www.zhihushi.com
http://www.zhihu.com/people/akimoto
http://www.zhihu.com/people/fono
http://www.zhihu.com/people/fengjuanchengfu
http://www.zhihu.com/people/lvruibing
http://www.zhihu.com/people/zhang-bi-ya-22
http://www.zhihu.com/people/wang-yuan-66-5
http://www.zhihu.com/people/stupident
http://www.zhihu.com/people/dreamandpoets
http://www.zhihu.com/people/yu-xing-en
http://www.zhihu.com/people/huang-jia-nong
http://www.zhihu.com/people/gao-rui
http://www.zhihu.com/people/mian-kong-1
http://www.zhihu.com/people/gao-da-li
http://www.zhihu.com/people/yu-si-yuan-35
http://www.zhihu.com/people/yang-cong-quan-man-tou
http://www.zhihu.com/people/jin-da-meng
http://www.zhihu.com/people/bai-ban
http://www.zhihu.com/people/mrlixianrong
http://www.zhihu.com/people/IrfanStyle
http://www.zhihu.com/people/sevenyu
http://www.zhihu.com/people/mmyww
http://www.zhihu.com/people/soong
http://www.zhihu.com/people/shi-liang-mu
http://www.zhihu.com/people/jia-hao-85
http://www.zhihu.com/people/xiao-jian-ren-71
http://www.zhihu.com/people/rosemary-75
http://www.zhihu.com/people/guo-jia-23
http://www.zhihu.com/people/luoxr
http://www.zhihu.com/people/ni-ying-kan
http://www.zhihu.com/people/fan-yu-jun
http://www.zhihu.com/people/pat-pat
http://www.zhihu.com/people/wang-sheng-43-24
http://www.zhihu.com/people/GilgameshK
http://www.zhihu.com/people/garhom
http://www.zhihu.com/people/jixin
http://www.zhihu.com/people/yijiu56
http://www.zhihu.com/people/nancyzhang-40
http://www.zhihu.com/people/mayimayi
http://www.zhihu.com/people/tom-j
http://www.zhihu.com/people/ceqt
http://www.zhihu.com/people/song-rui
http://www.zhihu.com/people/rickyxl
http://www.zhihu.com/people/lzsy
http://www.zhihu.com/people/chentuanlier
http://www.zhihu.com/people/jiang-wen-zhen
http://www.zhihu.com/people/lazing
http://www.zhihu.com/people/zhang-ming-ming-29
http://www.zhihu.com/people/zhangsimon
http://www.zhihu.com/people/yuyanowen
http://www.zhihu.com/people/notor
http://www.zhihu.com/people/zenky-chen
http://www.zhihu.com/people/xiaowenzi
http://www.zhihu.com/people/360Solomo
http://www.zhihu.com/people/chengyuan
http://www.zhihu.com/people/lindage
http://www.zhihu.com/people/cklover
http://www.zhihu.com/people/liu-yan-yuan
http://www.zhihu.com/people/lei-ri-jin
http://www.zhihu.com/people/puloon
http://www.zhihu.com/people/neaton
http://www.zhihu.com/people/herizhao
http://www.zhihu.com/people/wind
