http://www.zhihu.com/people/crescent-sung
http://www.zhihu.com/people/djean
http://www.zhihu.com/people/huang-xiang-yu-
http://www.zhihu.com/people/gong-zheng-xuan
http://www.zhihu.com/people/guo-chao-94
http://www.zhihu.com/people/shan-mu-gu
http://www.zhihu.com/people/jtlvcn
http://www.zhihu.com/people/quiescence
http://www.zhihu.com/people/dearxiwang
http://www.zhihu.com/people/lisel
http://www.zhihu.com/people/chen-fei-hong-29
http://www.zhihu.com/people/john-luo
http://www.zhihu.com/people/zhou-nan-13
http://www.zhihu.com/people/gao-lei-20-14
http://www.zhihu.com/people/terence_wang
http://www.zhihu.com/people/huntershi
http://www.zhihu.com/people/lu-yun-78-51
http://www.zhihu.com/people/skywalkerji
http://www.zhihu.com/people/yang-da-xia-6
http://www.zhihu.com/people/harriet
http://www.zhihu.com/people/li-li-han
http://www.zhihu.com/people/ginmomo
http://www.zhihu.com/people/bryant-den-94
http://www.zhihu.com/people/jamesky907
http://www.zhihu.com/people/shi-wen-24
http://www.zhihu.com/people/pang-luan-luan
http://www.zhihu.com/people/zhou-gang-64
http://www.zhihu.com/people/xia-yu-tian-3-49
http://www.zhihu.com/people/zhong-jiu-80
http://www.zhihu.com/people/liu-jia-2-57
http://www.zhihu.com/people/liu-xiao-ming-31
http://www.zhihu.com/people/zhang-li-dong-5
http://www.zhihu.com/people/qi-yu-34
http://www.zhihu.com/people/DreadLocks
http://www.zhihu.com/people/yi-you-16
http://www.zhihu.com/people/jasonhu-96
http://www.zhihu.com/people/bai-bai-he-18
http://www.zhihu.com/people/xiao-da-da-27
http://www.zhihu.com/people/da-wei-19-80
http://www.zhihu.com/people/ypeng-30
http://www.zhihu.com/people/zhao-yan-bi-ri
http://www.zhihu.com/people/xcfan
http://www.zhihu.com/people/wang-peng-79-81
http://www.zhihu.com/people/lei-sheldon
http://www.zhihu.com/people/xuan-yuan-lie-35
http://www.zhihu.com/people/an-kang-75
http://www.zhihu.com/people/stream-79
http://www.zhihu.com/people/liang-yi-44-78
http://www.zhihu.com/people/he-he-63
http://www.zhihu.com/people/fu-lan-ke-lin
http://www.zhihu.com/people/liu-xc
http://www.zhihu.com/people/yu-si-yue-65
http://www.zhihu.com/people/zhang-chi-47-87
http://www.zhihu.com/people/sicheng
http://www.zhihu.com/people/mo-qing-xin
http://www.zhihu.com/people/felix-libero
http://www.zhihu.com/people/wang-zi-xuan-95
http://www.zhihu.com/people/shi-tian-57
http://www.zhihu.com/people/zhang-qian-98-79
http://www.zhihu.com/people/he-yuan-41
http://www.zhihu.com/people/zhu-ze-yuan
http://www.zhihu.com/people/chen-fan-63
http://www.zhihu.com/people/generalissimo
http://www.zhihu.com/people/han-you-mi-er-61-59
http://www.zhihu.com/people/epaull
http://www.zhihu.com/people/crafet
http://www.zhihu.com/people/kevincf
http://www.zhihu.com/people/jueshihaojian
http://www.zhihu.com/people/nash-19
http://www.zhihu.com/people/nadia-32
http://www.zhihu.com/people/leunggamciu
http://www.zhihu.com/people/xia-mo-46
http://www.zhihu.com/people/liu-lin-87-61
http://www.zhihu.com/people/deng-han-lu-32
http://www.zhihu.com/people/lei-jie-xi
http://www.zhihu.com/people/hao-li-4
http://www.zhihu.com/people/jiushouniao
http://www.zhihu.com/people/ben-xiang-84
http://www.zhihu.com/people/tim-zhang-67
http://www.zhihu.com/people/lu-shuang-1993
http://www.zhihu.com/people/zhang-zhi-hu-32-57
http://www.zhihu.com/people/du-mian-19
http://www.zhihu.com/people/meng-jue-99
http://www.zhihu.com/people/shevchenko-57
http://www.zhihu.com/people/lrxzxx
http://www.zhihu.com/people/zizaixiaoxiong
http://www.zhihu.com/people/liu-chaoyue
http://www.zhihu.com/people/sun-xiao-hua-13
http://www.zhihu.com/people/ayr1
http://www.zhihu.com/people/wang-yu-jue-22
http://www.zhihu.com/people/dongfang719
http://www.zhihu.com/people/revalter
http://www.zhihu.com/people/yuan-chun-59
http://www.zhihu.com/people/wen-wen-30-33
http://www.zhihu.com/people/dave-zhao
http://www.zhihu.com/people/mojous
http://www.zhihu.com/people/hu-cheng-88
http://www.zhihu.com/people/gao-gao-72
http://www.zhihu.com/people/gua-niu-98-92
http://www.zhihu.com/people/liu-shu-liang
http://www.zhihu.com/people/pan-jie-72
http://www.zhihu.com/people/liu-chun-yi
http://www.zhihu.com/people/zuimai
http://www.zhihu.com/people/fang-wen-32
http://www.zhihu.com/people/cheng-xiao-dong-29
http://www.zhihu.com/people/davidying15
http://www.zhihu.com/people/wennyyuan
http://www.zhihu.com/people/wu-wu-jing
http://www.zhihu.com/people/jin-liang-yi
http://www.zhihu.com/people/cao-wen-xuan
http://www.zhihu.com/people/kong-li-fu
http://www.zhihu.com/people/suki-63
http://www.zhihu.com/people/dai-kan
http://www.zhihu.com/people/neil-35-70
http://www.zhihu.com/people/wang-rui-long-30
http://www.zhihu.com/people/lin-jia-16
http://www.zhihu.com/people/cheng-xiao-mo-90
http://www.zhihu.com/people/rancho-fang
http://www.zhihu.com/people/wei-ta-bing
http://www.zhihu.com/people/eyonfresh
http://www.zhihu.com/people/songhy
http://www.zhihu.com/people/ning-li-18
http://www.zhihu.com/people/scofield-he
http://www.zhihu.com/people/zhan-peng-88
http://www.zhihu.com/people/wang-dan-ni-23
http://www.zhihu.com/people/pan-chen-xi
http://www.zhihu.com/people/deviceperk
http://www.zhihu.com/people/treec
http://www.zhihu.com/people/liang-hai-xiang
http://www.zhihu.com/people/chen-ji-88
http://www.zhihu.com/people/wang-li-li-65
http://www.zhihu.com/people/qiao-bang
http://www.zhihu.com/people/wherekevin
http://www.zhihu.com/people/zhuang-sheng-45
http://www.zhihu.com/people/seasons
http://www.zhihu.com/people/ou-yang-tian-yi-9
http://www.zhihu.com/people/lu-xiao-bao-39
http://www.zhihu.com/people/qiongdiaosi
http://www.zhihu.com/people/dong-chao-24
http://www.zhihu.com/people/iamyukaiyang
http://www.zhihu.com/people/liang-han-bing-2
http://www.zhihu.com/people/wzzw
http://www.zhihu.com/people/palalin
http://www.zhihu.com/people/zhang-mei-hua
http://www.zhihu.com/people/myhuachen
http://www.zhihu.com/people/yang-xiao-yin-55
http://www.zhihu.com/people/arvinrose
http://www.zhihu.com/people/jiang-chong-bao
http://www.zhihu.com/people/kcwh
http://www.zhihu.com/people/ahuman
http://www.zhihu.com/people/jun-an
http://www.zhihu.com/people/dennis-44
http://www.zhihu.com/people/schumiq
http://www.zhihu.com/people/xiao-chang-79
http://www.zhihu.com/people/dao-dao-1400
http://www.zhihu.com/people/leibao
http://www.zhihu.com/people/jj-dong
http://www.zhihu.com/people/chenbb
http://www.zhihu.com/people/zsq332
http://www.zhihu.com/people/jason-pu
http://www.zhihu.com/people/little-beast
http://www.zhihu.com/people/jerry-cen
http://www.zhihu.com/people/wang-quan-liang
http://www.zhihu.com/people/long-qi-75
http://www.zhihu.com/people/cooper-ye
http://www.zhihu.com/people/tian-sheng-95
http://www.zhihu.com/people/zhou-pu-xiao
http://www.zhihu.com/people/wang-sheng-80
http://www.zhihu.com/people/huang-jing-jing-
http://www.zhihu.com/people/zhu-yong-qian
http://www.zhihu.com/people/CNOoo
http://www.zhihu.com/people/windson-33
http://www.zhihu.com/people/Xue
http://www.zhihu.com/people/wu-le-27
http://www.zhihu.com/people/qian-jiang-58
http://www.zhihu.com/people/brian-bravo
http://www.zhihu.com/people/itcraft
http://www.zhihu.com/people/zhao-ming-hui
http://www.zhihu.com/people/li-jian-hao-26
http://www.zhihu.com/people/jiayizhen
http://www.zhihu.com/people/wang-vivi-4
http://www.zhihu.com/people/zhao-bo-cheng
http://www.zhihu.com/people/wu-bin-94-94
http://www.zhihu.com/people/guo-ya-qi-82
http://www.zhihu.com/people/gu-lu-xin
http://www.zhihu.com/people/xiao-xing-61
http://www.zhihu.com/people/qinwenyu
http://www.zhihu.com/people/zhong-cun-bruce
http://www.zhihu.com/people/zumia
http://www.zhihu.com/people/ma-qiao-lin
http://www.zhihu.com/people/kingdomling
http://www.zhihu.com/people/qing-shui-mei-sha
http://www.zhihu.com/people/zhang-yin-20
http://www.zhihu.com/people/chen-xi-8-72
http://www.zhihu.com/people/merrywater
http://www.zhihu.com/people/sun-lin-9
http://www.zhihu.com/people/stephenhky
http://www.zhihu.com/people/yao-___-fan
http://www.zhihu.com/people/more-live
http://www.zhihu.com/people/yan-xin-72
http://www.zhihu.com/people/annodomini
http://www.zhihu.com/people/levi-lin
http://www.zhihu.com/people/hu-rui-15
http://www.zhihu.com/people/wen-kun-guo
http://www.zhihu.com/people/stone-63
http://www.zhihu.com/people/li-ao-wen
http://www.zhihu.com/people/zhang-xiao-ming-49-55
http://www.zhihu.com/people/xu-zhe-69-49
http://www.zhihu.com/people/li-yue-heng
http://www.zhihu.com/people/Wangyixie
http://www.zhihu.com/people/kashinging
http://www.zhihu.com/people/Gyue
http://www.zhihu.com/people/yun-xia-74
http://www.zhihu.com/people/chen-rui-rafael
http://www.zhihu.com/people/shi-yong-shan
http://www.zhihu.com/people/hussey-64
http://www.zhihu.com/people/li-jun-jun-67
http://www.zhihu.com/people/alcchen
http://www.zhihu.com/people/anna-5-88
http://www.zhihu.com/people/fay-wen
http://www.zhihu.com/people/sunyangyang
http://www.zhihu.com/people/yang-yang-32-76
http://www.zhihu.com/people/lowka
http://www.zhihu.com/people/zhang-han-yue-26
http://www.zhihu.com/people/201312
http://www.zhihu.com/people/bella-joe
http://www.zhihu.com/people/zexiancui
http://www.zhihu.com/people/peng-xiao-yong-74
http://www.zhihu.com/people/lin-zi-27-39
http://www.zhihu.com/people/wang-ba-a-gan
http://www.zhihu.com/people/tu-hua-28
http://www.zhihu.com/people/san-pi
http://www.zhihu.com/people/qi-rong
http://www.zhihu.com/people/mulan
http://www.zhihu.com/people/hu-di-57-16
http://www.zhihu.com/people/zhu-wu-si
http://www.zhihu.com/people/wang-hao-yuan-44
http://www.zhihu.com/people/websec
http://www.zhihu.com/people/jaqea-shey
http://www.zhihu.com/people/zhu-zoe
http://www.zhihu.com/people/tang-men-52
http://www.zhihu.com/people/liujiayi
http://www.zhihu.com/people/violah
http://www.zhihu.com/people/ma-ji-sang
http://www.zhihu.com/people/lu-zi-75
http://www.zhihu.com/people/yao-huang-wei-zi-42
http://www.zhihu.com/people/li-xiao-qing-93-83
http://www.zhihu.com/people/zhu-ge-zhan
http://www.zhihu.com/people/lillian-84
http://www.zhihu.com/people/pla6
http://www.zhihu.com/people/liu-an-65-2
http://www.zhihu.com/people/lawliet-88
http://www.zhihu.com/people/xing-xi
http://www.zhihu.com/people/beanprince1016
http://www.zhihu.com/people/ai-shang-xiao-yin
http://www.zhihu.com/people/he-yi-65-66
http://www.zhihu.com/people/lin-yi-ou
http://www.zhihu.com/people/wang-xiao-he-50
http://www.zhihu.com/people/xiao-hua-sheng-63
http://www.zhihu.com/people/simon-xi-24
http://www.zhihu.com/people/yellingbytes
http://www.zhihu.com/people/jing350124
http://www.zhihu.com/people/zytboy
http://www.zhihu.com/people/slcwindy
http://www.zhihu.com/people/hu-hu-54-30
http://www.zhihu.com/people/qing-shang-di-xiao-jie
http://www.zhihu.com/people/octopus-skins
http://www.zhihu.com/people/ran-35
http://www.zhihu.com/people/chen-kai-30-73
http://www.zhihu.com/people/lu-yao-56
http://www.zhihu.com/people/tian-zi-xiao
http://www.zhihu.com/people/liao-ming-zhu-25-89
http://www.zhihu.com/people/mark-ma-97
http://www.zhihu.com/people/guo-da-lu-13-28
http://www.zhihu.com/people/song-han-18
http://www.zhihu.com/people/JohnLou
http://www.zhihu.com/people/virideao
http://www.zhihu.com/people/zhang-tian-cheng-55
http://www.zhihu.com/people/tata-ciara
http://www.zhihu.com/people/tan-ri-tian
http://www.zhihu.com/people/there4
http://www.zhihu.com/people/yao-cheng-yu
http://www.zhihu.com/people/nina-wu-54
http://www.zhihu.com/people/zhang-bo-lun-32
http://www.zhihu.com/people/rihaulin
http://www.zhihu.com/people/glacierlee
http://www.zhihu.com/people/zhyt1985
http://www.zhihu.com/people/he-yuan-sheng
http://www.zhihu.com/people/Jellyomg
http://www.zhihu.com/people/pei-han-12
http://www.zhihu.com/people/aabi
http://www.zhihu.com/people/yu-frank-23
http://www.zhihu.com/people/pan-guo-rong
http://www.zhihu.com/people/mi-xiao-yao
http://www.zhihu.com/people/ZhangQian19911229
http://www.zhihu.com/people/chen-xing-lan
http://www.zhihu.com/people/qian-chen-48
http://www.zhihu.com/people/ning-schue
http://www.zhihu.com/people/wu-chou-chou
http://www.zhihu.com/people/ma-mi-nuo
http://www.zhihu.com/people/andyguoxiao
http://www.zhihu.com/people/ethan-54
http://www.zhihu.com/people/litcookie
http://www.zhihu.com/people/qdhei521
http://www.zhihu.com/people/shenruien
http://www.zhihu.com/people/joseph-yuan
http://www.zhihu.com/people/zhuo-xiao-qi
http://www.zhihu.com/people/pengpeng-89
http://www.zhihu.com/people/Ladpger
http://www.zhihu.com/people/faye663
http://www.zhihu.com/people/PeterCHANG
http://www.zhihu.com/people/xu-yong-jia
http://www.zhihu.com/people/renyi-lu-82
http://www.zhihu.com/people/wang-yier-16
http://www.zhihu.com/people/she-shi-hao
http://www.zhihu.com/people/clare-zhu
http://www.zhihu.com/people/li-ming-89-5
http://www.zhihu.com/people/gu-nan-sheng
http://www.zhihu.com/people/wang-jian-jun1989
http://www.zhihu.com/people/yan-da-xi
http://www.zhihu.com/people/ercia
http://www.zhihu.com/people/xia-gan-lin
http://www.zhihu.com/people/he-shi-yu-46
http://www.zhihu.com/people/wan-pu
http://www.zhihu.com/people/nan-zhou
http://www.zhihu.com/people/jason-mao
http://www.zhihu.com/people/rickey-yue
http://www.zhihu.com/people/lu-zi-lu-76
http://www.zhihu.com/people/ding-jia-tao
http://www.zhihu.com/people/bao-xingchen
http://www.zhihu.com/people/Mr.guo
http://www.zhihu.com/people/tan-xiao-yan-2
http://www.zhihu.com/people/tu-guo-qiang
http://www.zhihu.com/people/geng-yi-jie
http://www.zhihu.com/people/hong-guo-guo-79
http://www.zhihu.com/people/luo-sa-ma
http://www.zhihu.com/people/xietingwen
http://www.zhihu.com/people/kang-kang-90
http://www.zhihu.com/people/cha-men-hu-de-xiao-bei-xin
http://www.zhihu.com/people/liu-lei-2-79
http://www.zhihu.com/people/freedomwyb
http://www.zhihu.com/people/liu-xin-ji-4-92
http://www.zhihu.com/people/liu-tong-57
http://www.zhihu.com/people/tangaoxue
http://www.zhihu.com/people/gui-zhuo
http://www.zhihu.com/people/pianoivre
http://www.zhihu.com/people/die-die-mao
http://www.zhihu.com/people/wang-xiao-kan
http://www.zhihu.com/people/mrwc
http://www.zhihu.com/people/yu-pa-pa-71
http://www.zhihu.com/people/yuwen-xiong
http://www.zhihu.com/people/jeremy-53
http://www.zhihu.com/people/JohnsonJohnson
http://www.zhihu.com/people/zhao-jin-ling
http://www.zhihu.com/people/xiao-chu
http://www.zhihu.com/people/chen-mo-mo-32
http://www.zhihu.com/people/xu-xue-hen
http://www.zhihu.com/people/yang-jing-nan-27
http://www.zhihu.com/people/fransis
http://www.zhihu.com/people/hang-yang-1412
http://www.zhihu.com/people/knightshady
http://www.zhihu.com/people/ming-yue-70
http://www.zhihu.com/people/huo-jia-14
http://www.zhihu.com/people/Ceciliamc1992
http://www.zhihu.com/people/li-yifan-27
http://www.zhihu.com/people/cai-xin-79
http://www.zhihu.com/people/shu-yun-36
http://www.zhihu.com/people/li-jian-29-94
http://www.zhihu.com/people/ma-jun-jie-72
http://www.zhihu.com/people/du-si-yuan
http://www.zhihu.com/people/luo-kui-lin
http://www.zhihu.com/people/You_Xingjie
http://www.zhihu.com/people/960425
http://www.zhihu.com/people/sun-garry
http://www.zhihu.com/people/song-wen-ting-7
http://www.zhihu.com/people/shijianbin
http://www.zhihu.com/people/adam-suen
http://www.zhihu.com/people/canon-14
http://www.zhihu.com/people/shi-xia-xing
http://www.zhihu.com/people/lin-xi-34-6
http://www.zhihu.com/people/yang-yang-94-12
http://www.zhihu.com/people/brian-76
http://www.zhihu.com/people/deng-bin-73
http://www.zhihu.com/people/zourui55
http://www.zhihu.com/people/xia-wei-zhu
http://www.zhihu.com/people/bai-lu-12
http://www.zhihu.com/people/zui-shi-xiong
http://www.zhihu.com/people/lvsedanongchang
http://www.zhihu.com/people/hanz-chen
http://www.zhihu.com/people/ji-wei-70
http://www.zhihu.com/people/meng-jia-la
http://www.zhihu.com/people/veron
http://www.zhihu.com/people/xie-ling-45
http://www.zhihu.com/people/lunarbud
http://www.zhihu.com/people/mtbb
http://www.zhihu.com/people/zhengyin
http://www.zhihu.com/people/he-lei-qiang
http://www.zhihu.com/people/gtheric
http://www.zhihu.com/people/lai-jun-16
http://www.zhihu.com/people/xu-yuan-54
http://www.zhihu.com/people/feng-rui-02-24
http://www.zhihu.com/people/xinwangzai
http://www.zhihu.com/people/wang-ting-ting-28-65
http://www.zhihu.com/people/graceyeuk
http://www.zhihu.com/people/wang-long-7-71
http://www.zhihu.com/people/yaochenhao
http://www.zhihu.com/people/xu-ke-50
http://www.zhihu.com/people/witsky
http://www.zhihu.com/people/ding-yu-26
http://www.zhihu.com/people/lu-hong-hong
http://www.zhihu.com/people/dadao
http://www.zhihu.com/people/guo-yao-16
http://www.zhihu.com/people/zhang-yi-fan-48
http://www.zhihu.com/people/aoimishi
http://www.zhihu.com/people/frank-26-44
http://www.zhihu.com/people/elena-ma
http://www.zhihu.com/people/CathyWanqing
http://www.zhihu.com/people/cheng-hai-bo
http://www.zhihu.com/people/miao-cheng-64
http://www.zhihu.com/people/ma-wen-24-33
http://www.zhihu.com/people/ku-rong-ku-rong
http://www.zhihu.com/people/ray-guo-23
http://www.zhihu.com/people/NGC2392
http://www.zhihu.com/people/keren-0117
http://www.zhihu.com/people/kong-rong-26
http://www.zhihu.com/people/boaikuanhuai
http://www.zhihu.com/people/song-kai-51
http://www.zhihu.com/people/ba-tong-15
http://www.zhihu.com/people/chen-chang-gen-30
http://www.zhihu.com/people/ihuabing
http://www.zhihu.com/people/Feat
http://www.zhihu.com/people/IcyAngel
http://www.zhihu.com/people/wentommy
http://www.zhihu.com/people/xu-xiao-tian-55
http://www.zhihu.com/people/zhou-wen-6
http://www.zhihu.com/people/wu-sui
http://www.zhihu.com/people/lu-xiao-jun-22
http://www.zhihu.com/people/yang-jacob
http://www.zhihu.com/people/chrispaulandy
http://www.zhihu.com/people/wu-yue-43
http://www.zhihu.com/people/gapa-83
http://www.zhihu.com/people/lyndonneu
http://www.zhihu.com/people/mei-bei
http://www.zhihu.com/people/gu-gu-73
http://www.zhihu.com/people/Xieyiyao
http://www.zhihu.com/people/larrycheng
http://www.zhihu.com/people/xu-chang-ming
http://www.zhihu.com/people/gong-huan-qi
http://www.zhihu.com/people/a-qiu-94
http://www.zhihu.com/people/imjustastranger
http://www.zhihu.com/people/bruce-24
http://www.zhihu.com/people/xu-fen-22
http://www.zhihu.com/people/wang-ya-bing
http://www.zhihu.com/people/qing-jia-4
http://www.zhihu.com/people/alexis-37-71
http://www.zhihu.com/people/sayhi987
http://www.zhihu.com/people/wu-xiao-qing-58
http://www.zhihu.com/people/xue-heng
http://www.zhihu.com/people/jonathan-gao
http://www.zhihu.com/people/zhang-wei-zhong
http://www.zhihu.com/people/zhang-lai-xu
http://www.zhihu.com/people/chen-yue-se
http://www.zhihu.com/people/yan-duo-37
http://www.zhihu.com/people/zhu-bo-tao
http://www.zhihu.com/people/yao-zu
http://www.zhihu.com/people/qie-ye
http://www.zhihu.com/people/prayeryang
http://www.zhihu.com/people/chu-meng-meng
http://www.zhihu.com/people/cao-zhen-46
http://www.zhihu.com/people/Chen-Yaning
http://www.zhihu.com/people/cai-jia-xiong-72
http://www.zhihu.com/people/shi-yu-41-91
http://www.zhihu.com/people/yang-hao-62-72
http://www.zhihu.com/people/zhang-wei-10-7
http://www.zhihu.com/people/jiang-yuan-bo-81
http://www.zhihu.com/people/xu-run-xin-79
http://www.zhihu.com/people/gu-zhong-heng
http://www.zhihu.com/people/cosimolu
http://www.zhihu.com/people/li-shou-yin-89
http://www.zhihu.com/people/lu-gui-chen-26
http://www.zhihu.com/people/liu-zi-zhu-38
http://www.zhihu.com/people/du-yu-jing
http://www.zhihu.com/people/zheng-hong-yan
http://www.zhihu.com/people/wu-yuan-5297
http://www.zhihu.com/people/rockrationality
http://www.zhihu.com/people/xu-xiao-mi
http://www.zhihu.com/people/xsheng-13
http://www.zhihu.com/people/zhao-min-12
http://www.zhihu.com/people/van-gogh
http://www.zhihu.com/people/lin-yiqian
http://www.zhihu.com/people/wu-dan-ni-12
http://www.zhihu.com/people/tokillthelights
http://www.zhihu.com/people/zuo-er-richad
http://www.zhihu.com/people/lin-xin-hao-40
http://www.zhihu.com/people/chen-bei-65
http://www.zhihu.com/people/matkiller
http://www.zhihu.com/people/zhu-dong-hui-53
http://www.zhihu.com/people/mu-qing-23
http://www.zhihu.com/people/yang-fan-17-40
http://www.zhihu.com/people/inkelz7
http://www.zhihu.com/people/avatars
http://www.zhihu.com/people/kou-lei-10
http://www.zhihu.com/people/achilles-bob
http://www.zhihu.com/people/di-di-qi
http://www.zhihu.com/people/hua-wu-xin-25
http://www.zhihu.com/people/chenbaiyi
http://www.zhihu.com/people/zhou-kai-43
http://www.zhihu.com/people/yshlmlr
http://www.zhihu.com/people/li-xiang-85
http://www.zhihu.com/people/yao-yao-28-52
http://www.zhihu.com/people/ha-lu
http://www.zhihu.com/people/yarkb
http://www.zhihu.com/people/mu-yu-72
http://www.zhihu.com/people/liu-shuo-78
http://www.zhihu.com/people/fan-cheng-da
http://www.zhihu.com/people/Luo
http://www.zhihu.com/people/xiao-sa-06-16
http://www.zhihu.com/people/wu-neng-tuo
http://www.zhihu.com/people/qi-se-jia-19
http://www.zhihu.com/people/zhaoxiaominzi
http://www.zhihu.com/people/bywong
http://www.zhihu.com/people/pan-duo-la-78
http://www.zhihu.com/people/TonyRideBike
http://www.zhihu.com/people/jing-xiao-liang
http://www.zhihu.com/people/luohf07
http://www.zhihu.com/people/cang-mang-6
http://www.zhihu.com/people/wu-q
http://www.zhihu.com/people/zhu-xie-zi
http://www.zhihu.com/people/liu-yu-76-64
http://www.zhihu.com/people/wang-fu-shui
http://www.zhihu.com/people/zheng-yi-tie
http://www.zhihu.com/people/wang-zhen-min
http://www.zhihu.com/people/000088
http://www.zhihu.com/people/deathman
http://www.zhihu.com/people/hong-qing-zhu
http://www.zhihu.com/people/guo-jun-feng
http://www.zhihu.com/people/dannyhuang
http://www.zhihu.com/people/tang-mi-81
http://www.zhihu.com/people/_zhao_xu_
http://www.zhihu.com/people/hfitp
http://www.zhihu.com/people/heavenfancy
http://www.zhihu.com/people/barry-wu
http://www.zhihu.com/people/tian-su-jun
http://www.zhihu.com/people/wu-yang-81-28
http://www.zhihu.com/people/ju-jue-10
http://www.zhihu.com/people/takumiii
http://www.zhihu.com/people/shu-xiong-peter-67
http://www.zhihu.com/people/zhang-nan-2
http://www.zhihu.com/people/xulaohan
http://www.zhihu.com/people/cai-xiao-gao
http://www.zhihu.com/people/long-lu-92
http://www.zhihu.com/people/luomoshiguang
http://www.zhihu.com/people/paradisor
http://www.zhihu.com/people/zhang-shang-ze
http://www.zhihu.com/people/rocgo
http://www.zhihu.com/people/liu-teng-yuan
http://www.zhihu.com/people/guo-jin-5
http://www.zhihu.com/people/qi-si-liang
http://www.zhihu.com/people/ma-xiao-feng-75
http://www.zhihu.com/people/jiang-you-wei-4
http://www.zhihu.com/people/yang-bobo
http://www.zhihu.com/people/antestad
http://www.zhihu.com/people/GuLynda
http://www.zhihu.com/people/ma-bei-bei-96
http://www.zhihu.com/people/tu-dou-li-sha
http://www.zhihu.com/people/zhushaoyue
http://www.zhihu.com/people/natt
http://www.zhihu.com/people/xia-xiao-di
http://www.zhihu.com/people/tian-huo-huo
http://www.zhihu.com/people/allan-qian
http://www.zhihu.com/people/xu-hui-10
http://www.zhihu.com/people/su-yi-97-71
http://www.zhihu.com/people/ronronronron
http://www.zhihu.com/people/wu-ya-nan-2
http://www.zhihu.com/people/mi-mi-54
http://www.zhihu.com/people/wang-kai-40
http://www.zhihu.com/people/aejalee
http://www.zhihu.com/people/zhu-bao-ping
http://www.zhihu.com/people/liu-jun-liang-30
http://www.zhihu.com/people/smallcase
http://www.zhihu.com/people/pan-richard
http://www.zhihu.com/people/lizzyo
http://www.zhihu.com/people/kay.x
http://www.zhihu.com/people/well-fare-98
http://www.zhihu.com/people/yangayang
http://www.zhihu.com/people/jiangnanxi
http://www.zhihu.com/people/a-jian-dj
http://www.zhihu.com/people/nfcheng
http://www.zhihu.com/people/wang-yi-50-49
http://www.zhihu.com/people/jordan-yu-40
http://www.zhihu.com/people/li-ban-72
http://www.zhihu.com/people/yuke-fighting
http://www.zhihu.com/people/zhao-zi-57
http://www.zhihu.com/people/xiao-yu-long
http://www.zhihu.com/people/meng-jia-54
http://www.zhihu.com/people/enril
http://www.zhihu.com/people/wu-shu-yi-63
http://www.zhihu.com/people/nicing
http://www.zhihu.com/people/song-96
http://www.zhihu.com/people/jaychang-34
http://www.zhihu.com/people/deodou-dou
http://www.zhihu.com/people/vivi-yuan
http://www.zhihu.com/people/felixpan
http://www.zhihu.com/people/doristao
http://www.zhihu.com/people/er-dian-ling
http://www.zhihu.com/people/xu-wu-hen
http://www.zhihu.com/people/clare-tong
http://www.zhihu.com/people/flyingsky
http://www.zhihu.com/people/wang-zhi-xin-4
http://www.zhihu.com/people/ying-zhang-51
http://www.zhihu.com/people/zhong-ye-zi-49
http://www.zhihu.com/people/ceng-peng-xuan
http://www.zhihu.com/people/zi-meng-xiao-hu-li
http://www.zhihu.com/people/teng-dou-dou
http://www.zhihu.com/people/cheng-ling-jian
http://www.zhihu.com/people/wang-biao-99-71
http://www.zhihu.com/people/chen-hong-yu-97
http://www.zhihu.com/people/li-ma-bi
http://www.zhihu.com/people/2199
http://www.zhihu.com/people/pang-ding-wang
http://www.zhihu.com/people/zhang-hua-shan
http://www.zhihu.com/people/tanghh
http://www.zhihu.com/people/niuye
http://www.zhihu.com/people/ou-yang-hao-17
http://www.zhihu.com/people/yan-yi-bin
http://www.zhihu.com/people/yao-shu-hao
http://www.zhihu.com/people/prosoybean
http://www.zhihu.com/people/cai-yuan-zi-48
http://www.zhihu.com/people/zhou-jia-qi-55
http://www.zhihu.com/people/xin-yan
http://www.zhihu.com/people/li-yong-81-76
http://www.zhihu.com/people/he-jian-rui
http://www.zhihu.com/people/zhu-yixin-42
http://www.zhihu.com/people/huang-xiao-ting-55
http://www.zhihu.com/people/yangxiaoyong
http://www.zhihu.com/people/phillis-ma
http://www.zhihu.com/people/li-ha-ha-leo
http://www.zhihu.com/people/wu-shan-53-53
http://www.zhihu.com/people/hou-xue-cun
http://www.zhihu.com/people/bai-mao-monica
http://www.zhihu.com/people/emmaclover
http://www.zhihu.com/people/omell
http://www.zhihu.com/people/ding-zi-cheng
http://www.zhihu.com/people/xie-chang-ming
http://www.zhihu.com/people/xian-shen-37
http://www.zhihu.com/people/chen-xiao-jie-15-57
http://www.zhihu.com/people/jason-j
http://www.zhihu.com/people/stella-sit
http://www.zhihu.com/people/iyanhui
http://www.zhihu.com/people/xiaomeigui
http://www.zhihu.com/people/niu-xiao-li
http://www.zhihu.com/people/bao-zhu-er-bao-zhu-er
http://www.zhihu.com/people/EvanDy
http://www.zhihu.com/people/rina-lee-90
http://www.zhihu.com/people/lan-lan-85-40
http://www.zhihu.com/people/li-ying-54-70
http://www.zhihu.com/people/gaohy
http://www.zhihu.com/people/xiong-yun-40
http://www.zhihu.com/people/ilaria
http://www.zhihu.com/people/viviiz
http://www.zhihu.com/people/halim-din
http://www.zhihu.com/people/jia-yi-hong
http://www.zhihu.com/people/chenqi56
http://www.zhihu.com/people/you-yu-jian
http://www.zhihu.com/people/thousandsofsuns
http://www.zhihu.com/people/yesudewanyan
http://www.zhihu.com/people/cross-81
http://www.zhihu.com/people/stephanieyu
http://www.zhihu.com/people/lin-yu-xuan-91
http://www.zhihu.com/people/backring
http://www.zhihu.com/people/gu-feng-tan-xue
http://www.zhihu.com/people/han-an-yuan
http://www.zhihu.com/people/olivia-leu
http://www.zhihu.com/people/zhan-jian-yu
http://www.zhihu.com/people/yoghour
http://www.zhihu.com/people/mengxian
http://www.zhihu.com/people/li-gan-83
http://www.zhihu.com/people/huang-hao-19
http://www.zhihu.com/people/gao-dei
http://www.zhihu.com/people/chen-you-bing
http://www.zhihu.com/people/sky-fall
http://www.zhihu.com/people/liu-xiao-bo-83-20
http://www.zhihu.com/people/wang-bin-26-89
http://www.zhihu.com/people/wei-wei-63
http://www.zhihu.com/people/thoughtcook
http://www.zhihu.com/people/mayinj
http://www.zhihu.com/people/chen-zhuo-69
http://www.zhihu.com/people/velox
http://www.zhihu.com/people/laura2013
http://www.zhihu.com/people/ling-yun-65
http://www.zhihu.com/people/youwoshishui
http://www.zhihu.com/people/chougu
http://www.zhihu.com/people/zhao-rui-64
http://www.zhihu.com/people/izhidao
http://www.zhihu.com/people/que-xing-lasia
http://www.zhihu.com/people/tian-nan-gua
http://www.zhihu.com/people/youliugui
http://www.zhihu.com/people/momoko-tao
http://www.zhihu.com/people/lu-___-fei
http://www.zhihu.com/people/bobblin
http://www.zhihu.com/people/xie-zi-wei-70
http://www.zhihu.com/people/chi-chi-84
http://www.zhihu.com/people/blueice-68
http://www.zhihu.com/people/eagle-king
http://www.zhihu.com/people/sun-yan-12-17
http://www.zhihu.com/people/wang-rong-85
http://www.zhihu.com/people/zhang-kai-rong
http://www.zhihu.com/people/yu-wen-68-22
http://www.zhihu.com/people/tang-yi-qun
http://www.zhihu.com/people/zhenghuiwen
http://www.zhihu.com/people/llllllllllll
http://www.zhihu.com/people/xymark
http://www.zhihu.com/people/di-xiao-bin
http://www.zhihu.com/people/thinkind
http://www.zhihu.com/people/guhongguangju
http://www.zhihu.com/people/sun-bin-yuan
http://www.zhihu.com/people/liu-ying-ying-81
http://www.zhihu.com/people/liu-chang-1
http://www.zhihu.com/people/amos-9
http://www.zhihu.com/people/marsnofear
http://www.zhihu.com/people/tan-xu-long
http://www.zhihu.com/people/zhang-shi-guang
http://www.zhihu.com/people/wang-zi-xiang
http://www.zhihu.com/people/ping-61
http://www.zhihu.com/people/jin-xiao-guang
http://www.zhihu.com/people/larryqian-kan
http://www.zhihu.com/people/JamesHsia
http://www.zhihu.com/people/he-shao-yan
http://www.zhihu.com/people/luodachuan
http://www.zhihu.com/people/fang-dan-88
http://www.zhihu.com/people/wang-yijing
http://www.zhihu.com/people/xiao-fei-79-14
http://www.zhihu.com/people/Squidward
http://www.zhihu.com/people/li-da-li-58
http://www.zhihu.com/people/bo-qing-20
http://www.zhihu.com/people/ding-da-xiong
http://www.zhihu.com/people/swanheart
http://www.zhihu.com/people/barto
http://www.zhihu.com/people/wang-wen-ping
http://www.zhihu.com/people/freetown
http://www.zhihu.com/people/Victorique
http://www.zhihu.com/people/qiu-shan
http://www.zhihu.com/people/mugglezly
http://www.zhihu.com/people/liang-xiao-mi-44
http://www.zhihu.com/people/liu-ying-ge
http://www.zhihu.com/people/akira
http://www.zhihu.com/people/nicolzp
http://www.zhihu.com/people/yetone
http://www.zhihu.com/people/zhang-ge-84
http://www.zhihu.com/people/mason-36
http://www.zhihu.com/people/knostu
http://www.zhihu.com/people/knight-zhang
http://www.zhihu.com/people/hang-he
http://www.zhihu.com/people/John.Wong
http://www.zhihu.com/people/liu-yang-1987
http://www.zhihu.com/people/deng-ru-jing
http://www.zhihu.com/people/yuan-ming-17
http://www.zhihu.com/people/danielchen1995
http://www.zhihu.com/people/myisocn
http://www.zhihu.com/people/yuan-jun-74
http://www.zhihu.com/people/li-fei-72
http://www.zhihu.com/people/wu-yisen
http://www.zhihu.com/people/kimfly
http://www.zhihu.com/people/chen-jun-feng-16
http://www.zhihu.com/people/ma-pang-zi
http://www.zhihu.com/people/zhao-xin-yu-89
http://www.zhihu.com/people/zhang-xue-29
http://www.zhihu.com/people/limonzhou
http://www.zhihu.com/people/yang-lin-bo
http://www.zhihu.com/people/fa-tiao-chen-47
http://www.zhihu.com/people/zi-qing-90
http://www.zhihu.com/people/kang-xi-58
http://www.zhihu.com/people/peng-ge-61-48
http://www.zhihu.com/people/twmm
http://www.zhihu.com/people/cocoalee
http://www.zhihu.com/people/kexin-zhou
http://www.zhihu.com/people/shang-chang-hua
http://www.zhihu.com/people/li-zheng-44-24
http://www.zhihu.com/people/sellsoda
http://www.zhihu.com/people/yuan-quan
http://www.zhihu.com/people/folkyou
http://www.zhihu.com/people/bbsunchen
http://www.zhihu.com/people/wong-miamia
http://www.zhihu.com/people/hu-wei-18
http://www.zhihu.com/people/wang-zhong-tao
http://www.zhihu.com/people/kinvy
http://www.zhihu.com/people/mu-lin-lin
http://www.zhihu.com/people/heyuthere
http://www.zhihu.com/people/xiefaner
http://www.zhihu.com/people/xuechengxi
http://www.zhihu.com/people/riccinei
http://www.zhihu.com/people/jiang-ge
http://www.zhihu.com/people/hao-ao-fu
http://www.zhihu.com/people/opinion
http://www.zhihu.com/people/bingbing-67
http://www.zhihu.com/people/chen-wei-bin-40
http://www.zhihu.com/people/jojo-51
http://www.zhihu.com/people/chen-bing-ruo
http://www.zhihu.com/people/york-cheung
http://www.zhihu.com/people/belphegor
http://www.zhihu.com/people/cheng-chang
http://www.zhihu.com/people/tao-pang-zi
http://www.zhihu.com/people/sun-xiang-kui
http://www.zhihu.com/people/lan-cong
http://www.zhihu.com/people/0987654321
http://www.zhihu.com/people/erbility
http://www.zhihu.com/people/zhao-fan-76
http://www.zhihu.com/people/mo-si-65
http://www.zhihu.com/people/fang-qingyuan
http://www.zhihu.com/people/dong-lei-25
http://www.zhihu.com/people/zxcupdating
http://www.zhihu.com/people/wang-ji-85
http://www.zhihu.com/people/wsivoky
http://www.zhihu.com/people/xi-dong-xu
http://www.zhihu.com/people/yan6000
http://www.zhihu.com/people/nathan-40
http://www.zhihu.com/people/zhang-shi-pu
http://www.zhihu.com/people/he-zhi-85
http://www.zhihu.com/people/nehuo
http://www.zhihu.com/people/su-xiao-lin-99
http://www.zhihu.com/people/guang-feng
http://www.zhihu.com/people/zheng-mu-rong
http://www.zhihu.com/people/fu-ying-94
http://www.zhihu.com/people/killerdeului
http://www.zhihu.com/people/pan-chao-57
http://www.zhihu.com/people/zhang-hai-dong-25
http://www.zhihu.com/people/chysie
http://www.zhihu.com/people/song-zhi-zi
http://www.zhihu.com/people/surexuan
http://www.zhihu.com/people/li-kai-wen-45
http://www.zhihu.com/people/wang-lei-14-53
http://www.zhihu.com/people/zhang-meng-57-7
http://www.zhihu.com/people/cen-mei
http://www.zhihu.com/people/na-lan-xue-ye-72
http://www.zhihu.com/people/xiao-teng
http://www.zhihu.com/people/starrrry
http://www.zhihu.com/people/nehc
http://www.zhihu.com/people/cong-jin-zheng
http://www.zhihu.com/people/evengao-gao-gao
http://www.zhihu.com/people/joker-86
http://www.zhihu.com/people/techoxygen
http://www.zhihu.com/people/lebron-58
http://www.zhihu.com/people/chen-yang-zhu
http://www.zhihu.com/people/mo-hen-rou
http://www.zhihu.com/people/tony.wong.hk
http://www.zhihu.com/people/wang-bao-bao-0929
http://www.zhihu.com/people/fajia
http://www.zhihu.com/people/jokerhoo
http://www.zhihu.com/people/hu-zhe-kai
http://www.zhihu.com/people/haosong
http://www.zhihu.com/people/guo-xiao-xian
http://www.zhihu.com/people/mao-mao-mao-mao
http://www.zhihu.com/people/wtt2014
http://www.zhihu.com/people/de-nan
http://www.zhihu.com/people/xu-jing-21
http://www.zhihu.com/people/Dominic_
http://www.zhihu.com/people/momo-ivy
http://www.zhihu.com/people/nkccyy
http://www.zhihu.com/people/yang-si-yan
http://www.zhihu.com/people/Robot-Yu
http://www.zhihu.com/people/li-cheng-gan
http://www.zhihu.com/people/niu-hao-42
http://www.zhihu.com/people/li-song-54
http://www.zhihu.com/people/xiaozi
http://www.zhihu.com/people/susus
http://www.zhihu.com/people/xia-mo-chuan
http://www.zhihu.com/people/lan-feng-ming
http://www.zhihu.com/people/zhang-le-25-58
http://www.zhihu.com/people/zengyingjia
http://www.zhihu.com/people/wu-yong-90
http://www.zhihu.com/people/acme-storm
http://www.zhihu.com/people/up-up-75
http://www.zhihu.com/people/walter-33-88
http://www.zhihu.com/people/sheldon-wata
http://www.zhihu.com/people/feng-xi-21
http://www.zhihu.com/people/neil-hg
http://www.zhihu.com/people/po-yiya
http://www.zhihu.com/people/zhang-yiliu
http://www.zhihu.com/people/fan-ruo-xi-29
http://www.zhihu.com/people/echo-61-71
http://www.zhihu.com/people/xiao-xiao-88-68
http://www.zhihu.com/people/fiyang
http://www.zhihu.com/people/you-guo-59
http://www.zhihu.com/people/yang-kai-guang
http://www.zhihu.com/people/ma-xiang
http://www.zhihu.com/people/chen-an-chen
http://www.zhihu.com/people/sayes
http://www.zhihu.com/people/xiao-jing-44
http://www.zhihu.com/people/chen-shu-yi-21
http://www.zhihu.com/people/zhang-hu-pan
http://www.zhihu.com/people/fabulousqi
http://www.zhihu.com/people/li-kun-77-20
http://www.zhihu.com/people/gu-hao-gao
http://www.zhihu.com/people/inaccessible
http://www.zhihu.com/people/passenger
http://www.zhihu.com/people/wasabi-79
http://www.zhihu.com/people/chen-xi-32-77
http://www.zhihu.com/people/yu-mao-38
http://www.zhihu.com/people/yang-shuang-1
http://www.zhihu.com/people/zhousunj
http://www.zhihu.com/people/kianhuang01
http://www.zhihu.com/people/zhang-shao-fei
http://www.zhihu.com/people/yuger.net
http://www.zhihu.com/people/yixiuge
http://www.zhihu.com/people/glen_luo
http://www.zhihu.com/people/sun-xiao-fang-48
http://www.zhihu.com/people/tong-zhou-14
http://www.zhihu.com/people/jie-chi-71
http://www.zhihu.com/people/yining_inei
http://www.zhihu.com/people/qian-qian-qian-qian
http://www.zhihu.com/people/deager
http://www.zhihu.com/people/chentong
http://www.zhihu.com/people/zhang-zhan-3
http://www.zhihu.com/people/li-han-jia-11
http://www.zhihu.com/people/li-shun-ping
http://www.zhihu.com/people/moxi
http://www.zhihu.com/people/li-ye-61
http://www.zhihu.com/people/sheldon-zhu
http://www.zhihu.com/people/rtuhbf
http://www.zhihu.com/people/zheng-hu-li
http://www.zhihu.com/people/lin-dai-xiong-66
http://www.zhihu.com/people/wang-xiao-juan-92-12
http://www.zhihu.com/people/wang-ke-ke-20
http://www.zhihu.com/people/wang-hao-ran-51
http://www.zhihu.com/people/xia-hui-97
http://www.zhihu.com/people/zou-dao-kou
http://www.zhihu.com/people/shallwego
http://www.zhihu.com/people/yeehan
http://www.zhihu.com/people/ou-yang-27
http://www.zhihu.com/people/dream-33
http://www.zhihu.com/people/wang-jing-yun-98
http://www.zhihu.com/people/ying-49
http://www.zhihu.com/people/pwxtom
http://www.zhihu.com/people/wang-lin-20-82
http://www.zhihu.com/people/andriylin
http://www.zhihu.com/people/mei-mei-mei-mei-mei-pi-qi
http://www.zhihu.com/people/Marshallpku
http://www.zhihu.com/people/li-rou-xing
http://www.zhihu.com/people/tao-ye-82
http://www.zhihu.com/people/warren-51
http://www.zhihu.com/people/xie-tong-tong-32
http://www.zhihu.com/people/yangluhan1990
http://www.zhihu.com/people/punkidbunny
http://www.zhihu.com/people/xu-mao-mao-79
http://www.zhihu.com/people/zhu-hao-jie-97
http://www.zhihu.com/people/strawberry-15
http://www.zhihu.com/people/perry-song
http://www.zhihu.com/people/ling-xi-96
http://www.zhihu.com/people/fairyshelley
http://www.zhihu.com/people/mondaylaugh
http://www.zhihu.com/people/foreveryoung-2
http://www.zhihu.com/people/xi-mi-58
http://www.zhihu.com/people/wang-wen-tao-1
http://www.zhihu.com/people/azorey
http://www.zhihu.com/people/cao-yi-jie
http://www.zhihu.com/people/hu-xing-zhi
http://www.zhihu.com/people/wu-jie-97
http://www.zhihu.com/people/su-bing-15
http://www.zhihu.com/people/gracelu
http://www.zhihu.com/people/thea
http://www.zhihu.com/people/ericbox
http://www.zhihu.com/people/wang-wei-zhao
http://www.zhihu.com/people/li-zhi-sheng-66
http://www.zhihu.com/people/zhu-jing-hui
http://www.zhihu.com/people/vagrant
http://www.zhihu.com/people/marie-91
http://www.zhihu.com/people/keqi
http://www.zhihu.com/people/xin-bi-1321
http://www.zhihu.com/people/wang-jia-wei-45-85
http://www.zhihu.com/people/zhang-xi-an
http://www.zhihu.com/people/jamiechau
http://www.zhihu.com/people/lostbenjamin
http://www.zhihu.com/people/yang-gary-19-28
http://www.zhihu.com/people/mumudo
http://www.zhihu.com/people/jiang-sheng-15
http://www.zhihu.com/people/THFQ
http://www.zhihu.com/people/zhangbang
http://www.zhihu.com/people/liu-hai-bo-99-41
http://www.zhihu.com/people/chen-yun-yun
http://www.zhihu.com/people/iyucci
http://www.zhihu.com/people/baha
http://www.zhihu.com/people/wang-ran-ran-28
http://www.zhihu.com/people/wang-dan-dan-42
http://www.zhihu.com/people/li-qiang-24-97
http://www.zhihu.com/people/stupident
http://www.zhihu.com/people/xian-fa-hui
http://www.zhihu.com/people/pen-xiao-yu
http://www.zhihu.com/people/chen-xia163
http://www.zhihu.com/people/Jessica-joy5
http://www.zhihu.com/people/jie-sen-36
http://www.zhihu.com/people/laoliumang-78
http://www.zhihu.com/people/gao-er-san-san
http://www.zhihu.com/people/liu-meng-46-66
http://www.zhihu.com/people/lv-bao-yi
http://www.zhihu.com/people/meng-bu-meng
http://www.zhihu.com/people/biaobiao
http://www.zhihu.com/people/sunflowers
http://www.zhihu.com/people/Maktong
http://www.zhihu.com/people/positive52energy
http://www.zhihu.com/people/oogoo
http://www.zhihu.com/people/cao-hai-dong
http://www.zhihu.com/people/mar01
http://www.zhihu.com/people/inaxu
http://www.zhihu.com/people/si-ma-luo-xing
http://www.zhihu.com/people/li-hai-lin-19
http://www.zhihu.com/people/di-gu
http://www.zhihu.com/people/stephanie-73
http://www.zhihu.com/people/bai-jin-zhong
http://www.zhihu.com/people/remixbig
http://www.zhihu.com/people/cher-63
http://www.zhihu.com/people/bazinga-38
http://www.zhihu.com/people/qiao-feng-30-28
http://www.zhihu.com/people/qi-kao-pu
http://www.zhihu.com/people/cao-hui-96
http://www.zhihu.com/people/bing-mez
http://www.zhihu.com/people/cherrydcy
http://www.zhihu.com/people/chendayun
http://www.zhihu.com/people/qiuchibao
http://www.zhihu.com/people/edison-84
http://www.zhihu.com/people/liu-jing-chuang
http://www.zhihu.com/people/xu-xiong-rui
http://www.zhihu.com/people/mengzhang
http://www.zhihu.com/people/wangnann
http://www.zhihu.com/people/zou-ming-51
http://www.zhihu.com/people/danielxing
http://www.zhihu.com/people/rakuen
http://www.zhihu.com/people/liu-lin-9
http://www.zhihu.com/people/cai-jia-yin
http://www.zhihu.com/people/xxnotepad
http://www.zhihu.com/people/zhengqia
http://www.zhihu.com/people/inclear
http://www.zhihu.com/people/shi-zhen-xiang
http://www.zhihu.com/people/madouling
http://www.zhihu.com/people/chen-yi-huan
http://www.zhihu.com/people/xiao-su-27
http://www.zhihu.com/people/kangxia
http://www.zhihu.com/people/qichu
http://www.zhihu.com/people/dropby
http://www.zhihu.com/people/zhangzzw
http://www.zhihu.com/people/jammit-lee
http://www.zhihu.com/people/sophievv
http://www.zhihu.com/people/lihexin
http://www.zhihu.com/people/meiyouzhuya
http://www.zhihu.com/people/deng-bo-69
http://www.zhihu.com/people/gab-riel
http://www.zhihu.com/people/bydd1989
http://www.zhihu.com/people/xia-jie-95
http://www.zhihu.com/people/jeffen
http://www.zhihu.com/people/edie
http://www.zhihu.com/people/luo-zhi-wen-59
http://www.zhihu.com/people/york-liu
http://www.zhihu.com/people/li-yun-yan
http://www.zhihu.com/people/flike
http://www.zhihu.com/people/yu-wen-qi
http://www.zhihu.com/people/zhao-tang
http://www.zhihu.com/people/qin-___-jun
http://www.zhihu.com/people/wang-rui-yang
http://www.zhihu.com/people/yoyo-77
http://www.zhihu.com/people/ding-yi-kai
http://www.zhihu.com/people/lowrain
http://www.zhihu.com/people/dong-xin-yu-38
http://www.zhihu.com/people/ca01ei
http://www.zhihu.com/people/lnee
http://www.zhihu.com/people/huang-di-85
http://www.zhihu.com/people/yi-zhong-wei
http://www.zhihu.com/people/tumbler-75
http://www.zhihu.com/people/lu-yun-peng-4
http://www.zhihu.com/people/guo-quan-qing
http://www.zhihu.com/people/dennis-chu
http://www.zhihu.com/people/zhuyawen
http://www.zhihu.com/people/phantom-60
http://www.zhihu.com/people/yan-xiao-ni
http://www.zhihu.com/people/ji-ya-88
http://www.zhihu.com/people/detwin
http://www.zhihu.com/people/wei-qing-min
http://www.zhihu.com/people/xiao-feng-can-yue-88
http://www.zhihu.com/people/a1ison
http://www.zhihu.com/people/jpingxxx
http://www.zhihu.com/people/googlem
http://www.zhihu.com/people/xu-xiao-tian-93
http://www.zhihu.com/people/zhong-yu-qi
http://www.zhihu.com/people/neonyasushi
http://www.zhihu.com/people/tao-tie-32
http://www.zhihu.com/people/tang-xi-fan
http://www.zhihu.com/people/zhang-hang-55-99
http://www.zhihu.com/people/zhang-lei-5-94
http://www.zhihu.com/people/gaoshan
http://www.zhihu.com/people/njulifeng
http://www.zhihu.com/people/wu-wen-kui
http://www.zhihu.com/people/colorLee
http://www.zhihu.com/people/reneryu
http://www.zhihu.com/people/jia-ke-wei
http://www.zhihu.com/people/meng-meng-47
http://www.zhihu.com/people/tian-min-cheng
http://www.zhihu.com/people/qi-miao-75
http://www.zhihu.com/people/sinceralin
http://www.zhihu.com/people/zhu-zhu-zhu-2
http://www.zhihu.com/people/guo-yu-chen-29
http://www.zhihu.com/people/fanjunnan
http://www.zhihu.com/people/wen-ting-87
http://www.zhihu.com/people/iris-chen-97
http://www.zhihu.com/people/ma-de-li-56
http://www.zhihu.com/people/jiang-xiao-jun-51
http://www.zhihu.com/people/issssylviand
http://www.zhihu.com/people/avatarye
http://www.zhihu.com/people/xie-feng-30-11
http://www.zhihu.com/people/ma-dong-wen
http://www.zhihu.com/people/ling-xing-56
http://www.zhihu.com/people/jupiter-chao
http://www.zhihu.com/people/laprily.X
http://www.zhihu.com/people/wang-sheng-43-24
http://www.zhihu.com/people/manghost
http://www.zhihu.com/people/leon-lee-37
http://www.zhihu.com/people/bi-you-72
http://www.zhihu.com/people/su-liang-chen
http://www.zhihu.com/people/lu-suo
http://www.zhihu.com/people/li-mu-85-72
http://www.zhihu.com/people/ivanxiang
http://www.zhihu.com/people/liu-zhi-jia
http://www.zhihu.com/people/casper
http://www.zhihu.com/people/yi-shu-27
http://www.zhihu.com/people/zhao-bin-71-35
http://www.zhihu.com/people/fei-di
http://www.zhihu.com/people/yang-yi-5-11
http://www.zhihu.com/people/li-xi-ling
http://www.zhihu.com/people/UncleYee
http://www.zhihu.com/people/ai-jia-yuan
http://www.zhihu.com/people/tom-j
http://www.zhihu.com/people/cai-xiao-fan
http://www.zhihu.com/people/li-ping-fan-39
http://www.zhihu.com/people/ammmie
http://www.zhihu.com/people/gao-liang-62
http://www.zhihu.com/people/tazx
http://www.zhihu.com/people/dion
http://www.zhihu.com/people/jacomo
http://www.zhihu.com/people/eilif
http://www.zhihu.com/people/47463737
http://www.zhihu.com/people/ba-qi-95
http://www.zhihu.com/people/wei-yang-88
http://www.zhihu.com/people/tao
http://www.zhihu.com/people/dou-mo-mo
http://www.zhihu.com/people/hehe-18
http://www.zhihu.com/people/david-geng
http://www.zhihu.com/people/ohlife
http://www.zhihu.com/people/guo-dong-ming
http://www.zhihu.com/people/BORTOF
http://www.zhihu.com/people/a-kai-99
http://www.zhihu.com/people/chen-chen-45
http://www.zhihu.com/people/yi-da-sen
http://www.zhihu.com/people/sterlinglx
http://www.zhihu.com/people/wang-ling-shan
http://www.zhihu.com/people/shi-liu-18
http://www.zhihu.com/people/liu-xiao-huan-81
http://www.zhihu.com/people/rita-14-47
http://www.zhihu.com/people/chai-bai-chuan
http://www.zhihu.com/people/li-dan-1020
http://www.zhihu.com/people/ilook
http://www.zhihu.com/people/fu-shu-shu-ying
http://www.zhihu.com/people/cao-man-di
http://www.zhihu.com/people/xpnhcnsh
http://www.zhihu.com/people/abbylee
http://www.zhihu.com/people/qiu-xiao-qi-7
http://www.zhihu.com/people/huang-xiao-55
http://www.zhihu.com/people/sisley-75
http://www.zhihu.com/people/wang-yi-ren-35
http://www.zhihu.com/people/qiao-feng-xue
http://www.zhihu.com/people/cdma2000
http://www.zhihu.com/people/liurx
http://www.zhihu.com/people/wang-jian-ya-37
http://www.zhihu.com/people/nan-xi-ren
http://www.zhihu.com/people/mondrian-chau
http://www.zhihu.com/people/cheng-jun-900
http://www.zhihu.com/people/jiu-bing-wei
http://www.zhihu.com/people/tangxiaoxiong
http://www.zhihu.com/people/kristy-85
http://www.zhihu.com/people/li-rui-74
http://www.zhihu.com/people/wang-qi-rui-53
http://www.zhihu.com/people/cheng-cheng-82-19
http://www.zhihu.com/people/ceng-di-53
http://www.zhihu.com/people/brandon-84
http://www.zhihu.com/people/funcman
http://www.zhihu.com/people/david.wang
http://www.zhihu.com/people/chang-jing-jing-59
http://www.zhihu.com/people/sinnus
http://www.zhihu.com/people/huanghuihui1991
http://www.zhihu.com/people/longway
http://www.zhihu.com/people/qi-shao-feng
http://www.zhihu.com/people/po-ren-meng
http://www.zhihu.com/people/hua-wei-77
http://www.zhihu.com/people/yaoshun
http://www.zhihu.com/people/terry-wang
http://www.zhihu.com/people/mo-yan-jia-jia
http://www.zhihu.com/people/ligexiao
http://www.zhihu.com/people/aumoney
http://www.zhihu.com/people/zengfanqin
http://www.zhihu.com/people/ma-jia-29
http://www.zhihu.com/people/li-nai-xu
http://www.zhihu.com/people/lin-pei-xiong
http://www.zhihu.com/people/asker-51
http://www.zhihu.com/people/88sir
http://www.zhihu.com/people/cardioio
http://www.zhihu.com/people/wang-fan-si
http://www.zhihu.com/people/cytzrs
http://www.zhihu.com/people/whoRobert
http://www.zhihu.com/people/rockydd
http://www.zhihu.com/people/liu-ke-7-32
http://www.zhihu.com/people/seebeebee
http://www.zhihu.com/people/nan-qi
http://www.zhihu.com/people/chen-mo-ling
http://www.zhihu.com/people/CampusTree
http://www.zhihu.com/people/bo-wen-49
http://www.zhihu.com/people/yang-xin-26
http://www.zhihu.com/people/jiao-de-qiang
http://www.zhihu.com/people/yue-yu-48
http://www.zhihu.com/people/man-tong
http://www.zhihu.com/people/gao-ming-2-44
http://www.zhihu.com/people/daozhuang
http://www.zhihu.com/people/luki
http://www.zhihu.com/people/zblc
http://www.zhihu.com/people/huang-wei-12-62
http://www.zhihu.com/people/sunprin
http://www.zhihu.com/people/dong-lan-59
http://www.zhihu.com/people/yang-fan-79
http://www.zhihu.com/people/lobo-73
http://www.zhihu.com/people/kopitejoe
http://www.zhihu.com/people/li-ying-xin
http://www.zhihu.com/people/zhang-yang-60-19
http://www.zhihu.com/people/yang-jiang-he
http://www.zhihu.com/people/zheng-xiao-fu
http://www.zhihu.com/people/li-zhuang-17
http://www.zhihu.com/people/xurankuan
http://www.zhihu.com/people/peng-hui-jian
http://www.zhihu.com/people/ma-xiao-dan-73
http://www.zhihu.com/people/xujie
http://www.zhihu.com/people/wuchangwei
http://www.zhihu.com/people/saki3
http://www.zhihu.com/people/cao-qiang-61
http://www.zhihu.com/people/wang-xue-qing
http://www.zhihu.com/people/xiao-xi-xia
http://www.zhihu.com/people/xu-peng-71-33
http://www.zhihu.com/people/ma-dong-34
http://www.zhihu.com/people/lohas-edu
http://www.zhihu.com/people/stig-zhang
http://www.zhihu.com/people/lingyan
http://www.zhihu.com/people/yangdehua
http://www.zhihu.com/people/ahlex
http://www.zhihu.com/people/wang-yuan-66-5
http://www.zhihu.com/people/qiu-xia
http://www.zhihu.com/people/zhong-dong-hong
http://www.zhihu.com/people/deng-yong-can
http://www.zhihu.com/people/CharlotteSong
http://www.zhihu.com/people/zombie
http://www.zhihu.com/people/dai-yu-xiu
http://www.zhihu.com/people/shi-wei-56
http://www.zhihu.com/people/mituzhifan
http://www.zhihu.com/people/zhao-xiao-jing-20
http://www.zhihu.com/people/tian-peng-23-46
http://www.zhihu.com/people/lin-yu-97
http://www.zhihu.com/people/floatk
http://www.zhihu.com/people/cherry-3-66
http://www.zhihu.com/people/yskin
http://www.zhihu.com/people/yuki-miao
http://www.zhihu.com/people/luoxr
http://www.zhihu.com/people/mayimayi
http://www.zhihu.com/people/melody-song
http://www.zhihu.com/people/Felicity
http://www.zhihu.com/people/Ophelia_L
http://www.zhihu.com/people/hou-wen-xuan
http://www.zhihu.com/people/zhong-meng-nuo
http://www.zhihu.com/people/zxc-64
http://www.zhihu.com/people/zhao-zi-chu
http://www.zhihu.com/people/henry-chan
http://www.zhihu.com/people/zheng-ji
http://www.zhihu.com/people/keyeb
http://www.zhihu.com/people/654321
http://www.zhihu.com/people/zhu-xu-dong-82
http://www.zhihu.com/people/never-51
http://www.zhihu.com/people/rainvoo
http://www.zhihu.com/people/xuexue
http://www.zhihu.com/people/jeanne-liu
http://www.zhihu.com/people/gao-rui-2
http://www.zhihu.com/people/huanghaiyan
http://www.zhihu.com/people/cheng-fang-hang
http://www.zhihu.com/people/just-zhe
http://www.zhihu.com/people/jonathan_tian
http://www.zhihu.com/people/daniel975
http://www.zhihu.com/people/sunlongold
http://www.zhihu.com/people/li-gao-ren
http://www.zhihu.com/people/cai-bo-gang
http://www.zhihu.com/people/damon-88
http://www.zhihu.com/people/jackjajack
http://www.zhihu.com/people/wen-ding-er
http://www.zhihu.com/people/liufugui
http://www.zhihu.com/people/eve-yang
http://www.zhihu.com/people/pei-fang-rui
http://www.zhihu.com/people/a-long
http://www.zhihu.com/people/xiaoqiangzhao
http://www.zhihu.com/people/kevinzoro
http://www.zhihu.com/people/miss-Lindt
http://www.zhihu.com/people/he-he-97-63
http://www.zhihu.com/people/lonlon-ago
http://www.zhihu.com/people/liu-hong-cai
http://www.zhihu.com/people/albert.ulysses
http://www.zhihu.com/people/dai-dai-93
http://www.zhihu.com/people/zhang-yong-gan-leo
http://www.zhihu.com/people/shu-zi-36
http://www.zhihu.com/people/xiaobei
http://www.zhihu.com/people/chang-kai-xin-85
http://www.zhihu.com/people/annedy
http://www.zhihu.com/people/sun-peng-chong
http://www.zhihu.com/people/wei-mu
http://www.zhihu.com/people/Agnesa
http://www.zhihu.com/people/lipengbin
http://www.zhihu.com/people/haohaoxuexi
http://www.zhihu.com/people/zhang-jian-fang-50
http://www.zhihu.com/people/xrbing
http://www.zhihu.com/people/jacobevermore
http://www.zhihu.com/people/zhu-dian-zhuo
http://www.zhihu.com/people/godfrey-74
http://www.zhihu.com/people/zhou-tian-83
http://www.zhihu.com/people/xiao-xiao-80
http://www.zhihu.com/people/wang-xiao-mo-27
http://www.zhihu.com/people/haoyeye
http://www.zhihu.com/people/li-yao-hua
http://www.zhihu.com/people/long-tian
http://www.zhihu.com/people/chengt03
http://www.zhihu.com/people/lichzy
http://www.zhihu.com/people/zhao-shu-chen-29
http://www.zhihu.com/people/sheenshuay
http://www.zhihu.com/people/wen-fei-64
http://www.zhihu.com/people/mandymandy-wang
http://www.zhihu.com/people/su-yao
http://www.zhihu.com/people/imceobitch
http://www.zhihu.com/people/xu-yu-xiang-74
http://www.zhihu.com/people/peng-xin-xin
http://www.zhihu.com/people/mixt
http://www.zhihu.com/people/yibubu2012
http://www.zhihu.com/people/alexander-75
http://www.zhihu.com/people/yangtaishou
http://www.zhihu.com/people/lizardxy
http://www.zhihu.com/people/Vikileaks
http://www.zhihu.com/people/aqulia
http://www.zhihu.com/people/chen-tian-li
http://www.zhihu.com/people/qcalex
http://www.zhihu.com/people/wang-fei-37-32
http://www.zhihu.com/people/zhang-dan-feng-79
http://www.zhihu.com/people/dong-ming-xuan
http://www.zhihu.com/people/ban-ji-35
http://www.zhihu.com/people/elichang
http://www.zhihu.com/people/qiao-yu-61
http://www.zhihu.com/people/song-jia-50
http://www.zhihu.com/people/bao-luo
http://www.zhihu.com/people/hulihao
http://www.zhihu.com/people/fu-er
http://www.zhihu.com/people/pip-99
http://www.zhihu.com/people/li-bai-he-62
http://www.zhihu.com/people/hu-shou-bo
http://www.zhihu.com/people/yaocoder
http://www.zhihu.com/people/joey-82
http://www.zhihu.com/people/yshone
http://www.zhihu.com/people/tooyoung
http://www.zhihu.com/people/li-qi-81
http://www.zhihu.com/people/yumeka
http://www.zhihu.com/people/david-du
http://www.zhihu.com/people/shui-xiao-xian
http://www.zhihu.com/people/zhang-li-35-21
http://www.zhihu.com/people/gucci
http://www.zhihu.com/people/chen-xiao-tu-66
http://www.zhihu.com/people/magie
http://www.zhihu.com/people/liu-yan-8-82
http://www.zhihu.com/people/hai-hao
http://www.zhihu.com/people/li-li-rong-5
http://www.zhihu.com/people/li-ruo-yu-46
http://www.zhihu.com/people/dreamer24
http://www.zhihu.com/people/liuping-87
http://www.zhihu.com/people/yu-dan-20
http://www.zhihu.com/people/dwer
http://www.zhihu.com/people/ma-bin-wei
http://www.zhihu.com/people/feng-ming-xi
http://www.zhihu.com/people/lei-lei-89
http://www.zhihu.com/people/xiao-lin-80
http://www.zhihu.com/people/wwsi
http://www.zhihu.com/people/colin-64
http://www.zhihu.com/people/alexandrus
http://www.zhihu.com/people/jack-35-66
http://www.zhihu.com/people/zhang-jun-jie-89
http://www.zhihu.com/people/xiao-sha-93
http://www.zhihu.com/people/hu-ming-qing
http://www.zhihu.com/people/ban-dao-peninsula
http://www.zhihu.com/people/fan-wen-hao-32
http://www.zhihu.com/people/lin-yue-99-58
http://www.zhihu.com/people/vincent-wang-20
http://www.zhihu.com/people/sylvieduan
http://www.zhihu.com/people/weng-huo
http://www.zhihu.com/people/ma-___-___
http://www.zhihu.com/people/lin-yi-85
http://www.zhihu.com/people/tu-gao-hui-ge
http://www.zhihu.com/people/vivi-lady
http://www.zhihu.com/people/dai-an-qi
http://www.zhihu.com/people/an-zhi-25
http://www.zhihu.com/people/melaniezhang
http://www.zhihu.com/people/yu-ya-jing
http://www.zhihu.com/people/JiangTianZheng
http://www.zhihu.com/people/cyxhorse
http://www.zhihu.com/people/daicy
http://www.zhihu.com/people/wang-rong-yu-45
http://www.zhihu.com/people/zhang-hui-2
http://www.zhihu.com/people/yeyu-67
http://www.zhihu.com/people/hong-tao-56
http://www.zhihu.com/people/chen-yong-welcome
http://www.zhihu.com/people/yan-er-jane
http://www.zhihu.com/people/acheung
http://www.zhihu.com/people/lin-zheng-hui
http://www.zhihu.com/people/wan-wan-95
http://www.zhihu.com/people/sega
http://www.zhihu.com/people/w5pand
http://www.zhihu.com/people/haohongda
http://www.zhihu.com/people/chunliu
http://www.zhihu.com/people/oliverxu
http://www.zhihu.com/people/havemoney.zhang
http://www.zhihu.com/people/kookliu
http://www.zhihu.com/people/hu-feng-12
http://www.zhihu.com/people/sosoloveslife
http://www.zhihu.com/people/zhangle42
http://www.zhihu.com/people/yan-wei-xue
http://www.zhihu.com/people/venisa
http://www.zhihu.com/people/eonardo
http://www.zhihu.com/people/issey
http://www.zhihu.com/people/cai-yuan-pei
http://www.zhihu.com/people/zhao-yifang
http://www.zhihu.com/people/gong-zi-wen
http://www.zhihu.com/people/xie-fen-36
http://www.zhihu.com/people/chen-luo-cheng
http://www.zhihu.com/people/xiaodaoren
http://www.zhihu.com/people/xu-zong-wu
http://www.zhihu.com/people/song-yuan-jia-77
http://www.zhihu.com/people/vance92
http://www.zhihu.com/people/monkeyyok
http://www.zhihu.com/people/jiao-yan-26
http://www.zhihu.com/people/aspirinfox
http://www.zhihu.com/people/miao-li-42
http://www.zhihu.com/people/chouthen
http://www.zhihu.com/people/mu-yang-_li
http://www.zhihu.com/people/qian-mian
http://www.zhihu.com/people/kuang-xue-ting
http://www.zhihu.com/people/dai-hou-shuang
http://www.zhihu.com/people/da-tong
http://www.zhihu.com/people/cody-16
http://www.zhihu.com/people/yemo
http://www.zhihu.com/people/guo-feng-38
http://www.zhihu.com/people/chenran
http://www.zhihu.com/people/liu-chang-star
http://www.zhihu.com/people/ryan-he
http://www.zhihu.com/people/howard-dominic
http://www.zhihu.com/people/yu-xiang-58
http://www.zhihu.com/people/zheng-hao-hauson
http://www.zhihu.com/people/shuoliu
http://www.zhihu.com/people/namiheike
http://www.zhihu.com/people/yexiaofei
http://www.zhihu.com/people/ma-hao-55
http://www.zhihu.com/people/cao-kai-cheng
http://www.zhihu.com/people/noel-84
http://www.zhihu.com/people/zhang-zhi-hao-39
http://www.zhihu.com/people/1750
http://www.zhihu.com/people/zhu-jun-qiang
http://www.zhihu.com/people/zhang-wei-dong-59
http://www.zhihu.com/people/endlessturelove
http://www.zhihu.com/people/wu-sheng-ming
http://www.zhihu.com/people/guxizhao
http://www.zhihu.com/people/gong-zi-xiao-bai-24
http://www.zhihu.com/people/Libertasss
http://www.zhihu.com/people/wen-bo-49-1
http://www.zhihu.com/people/randy1900
http://www.zhihu.com/people/lin-zi-yan
http://www.zhihu.com/people/wang-yang-64-59
http://www.zhihu.com/people/pandamouse
http://www.zhihu.com/people/su-xiao-___
http://www.zhihu.com/people/jerryyu-86
http://www.zhihu.com/people/feng-hua-36
http://www.zhihu.com/people/yu-ming-gu-wen-chen-tao
http://www.zhihu.com/people/cici
http://www.zhihu.com/people/shuai-ding-xin-real
http://www.zhihu.com/people/aurora-l
http://www.zhihu.com/people/zheng-jun-53
http://www.zhihu.com/people/gao-da-li
http://www.zhihu.com/people/wangxing-24
http://www.zhihu.com/people/lahm-he
http://www.zhihu.com/people/kkdog
http://www.zhihu.com/people/westlinn
http://www.zhihu.com/people/xiongdanju
http://www.zhihu.com/people/rockinrobin
http://www.zhihu.com/people/yimuxia
http://www.zhihu.com/people/cranew
http://www.zhihu.com/people/jessi-bai
http://www.zhihu.com/people/sokoonwah
http://www.zhihu.com/people/starknight
http://www.zhihu.com/people/wang-qiang-4
http://www.zhihu.com/people/iequinox
http://www.zhihu.com/people/mo-mo-44
http://www.zhihu.com/people/mazimin
http://www.zhihu.com/people/ge-xiao-bai
http://www.zhihu.com/people/alison-80
http://www.zhihu.com/people/yang-tao-40
http://www.zhihu.com/people/nordenbox
http://www.zhihu.com/people/Mumagag
http://www.zhihu.com/people/nxbtch
http://www.zhihu.com/people/cao-meng-di
http://www.zhihu.com/people/princeray
http://www.zhihu.com/people/sentimental_animal
http://www.zhihu.com/people/laura-2
http://www.zhihu.com/people/sun-en-xi
http://www.zhihu.com/people/wen-chang
http://www.zhihu.com/people/heayon
http://www.zhihu.com/people/lifeiscampus
http://www.zhihu.com/people/wenqiang
http://www.zhihu.com/people/William_zh
http://www.zhihu.com/people/xiao-lang-49
http://www.zhihu.com/people/paul-shadow
http://www.zhihu.com/people/yolanda-47
http://www.zhihu.com/people/hong-wei-96
http://www.zhihu.com/people/zec-5
http://www.zhihu.com/people/tiezhen
http://www.zhihu.com/people/india
http://www.zhihu.com/people/9410
http://www.zhihu.com/people/gwbsword
http://www.zhihu.com/people/nitrohsu
http://www.zhihu.com/people/yan-ren-xin
http://www.zhihu.com/people/lijie829
http://www.zhihu.com/people/xu-liang-51
http://www.zhihu.com/people/shadows
http://www.zhihu.com/people/henter
http://www.zhihu.com/people/wang-li-34
http://www.zhihu.com/people/Onejeans
http://www.zhihu.com/people/xuchuqw
http://www.zhihu.com/people/wang-shi-tao-7
http://www.zhihu.com/people/jin-zhi-yu
http://www.zhihu.com/people/wwzcxqc
http://www.zhihu.com/people/yu-he-ping
http://www.zhihu.com/people/mao-xin-you-you
http://www.zhihu.com/people/witk
http://www.zhihu.com/people/he-xiao-xian-61
http://www.zhihu.com/people/fan-yong-xian
http://www.zhihu.com/people/cklover
http://www.zhihu.com/people/chenyifan
http://www.zhihu.com/people/liu-qian-32
http://www.zhihu.com/people/magic-27
http://www.zhihu.com/people/mao-qi
http://www.zhihu.com/people/IrfanStyle
http://www.zhihu.com/people/choy
http://www.zhihu.com/people/DDou
http://www.zhihu.com/people/xiao-zhen
http://www.zhihu.com/people/zhang-lian-jie
http://www.zhihu.com/people/tang-zhi-yi
http://www.zhihu.com/people/zhang-cheng-54
http://www.zhihu.com/people/MelodyORZ
http://www.zhihu.com/people/steveren
http://www.zhihu.com/people/zhang-peng-77
http://www.zhihu.com/people/gao-shu-bo
http://www.zhihu.com/people/li-yu-nong
http://www.zhihu.com/people/carius-41
http://www.zhihu.com/people/yunyunyuns
http://www.zhihu.com/people/yin-si-qi
http://www.zhihu.com/people/relaxdad
http://www.zhihu.com/people/mjmengjie
http://www.zhihu.com/people/bono-80
http://www.zhihu.com/people/zhang-fei-4-22
http://www.zhihu.com/people/zhangshengjie
http://www.zhihu.com/people/kooqi
http://www.zhihu.com/people/shuan-zhu-56
http://www.zhihu.com/people/xu-pei-li
http://www.zhihu.com/people/jixin
http://www.zhihu.com/people/li-zhi-70-88
http://www.zhihu.com/people/36899
http://www.zhihu.com/people/yan-wei-47
http://www.zhihu.com/people/zhao-fei-lin
http://www.zhihu.com/people/dong-zhen-lei
http://www.zhihu.com/people/Zhendong
http://www.zhihu.com/people/lao-chang
http://www.zhihu.com/people/laoyoung
http://www.zhihu.com/people/lu-xing-ren-er
http://www.zhihu.com/people/hu-hao-35
http://www.zhihu.com/people/zhong-jia
http://www.zhihu.com/people/yin-wei-12
http://www.zhihu.com/people/huang-wen-19
http://www.zhihu.com/people/xu-jing-78
http://www.zhihu.com/people/su-yun
http://www.zhihu.com/people/wx-wx
http://www.zhihu.com/people/bitrat
http://www.zhihu.com/people/zhao-kun-71
http://www.zhihu.com/people/zhonghairong
