http://www.zhihu.com/people/porridge
http://www.zhihu.com/people/well-max-43
http://www.zhihu.com/people/chen-lei-69-3
http://www.zhihu.com/people/ma-rui-lei
http://www.zhihu.com/people/leng-shan-66
http://www.zhihu.com/people/zhang-ruofan-refine
http://www.zhihu.com/people/kuang-ben-98
http://www.zhihu.com/people/dong-jia-ming-63
http://www.zhihu.com/people/mao-xian-xiao-cha-tou
http://www.zhihu.com/people/zhao-bu-dao-45
http://www.zhihu.com/people/williamzhang515
http://www.zhihu.com/people/yanqi-26
http://www.zhihu.com/people/lin-pu-12
http://www.zhihu.com/people/li-xiao-cheng-88
http://www.zhihu.com/people/jin-yu-shao-nu
http://www.zhihu.com/people/pai-da-xing-6-28
http://www.zhihu.com/people/fang-jun-wei
http://www.zhihu.com/people/Dian
http://www.zhihu.com/people/gerutta
http://www.zhihu.com/people/jessie-chia-34
http://www.zhihu.com/people/zhu-chen-shu
http://www.zhihu.com/people/lu-zi-75
http://www.zhihu.com/people/wolfxl
http://www.zhihu.com/people/zhao-xiao-jun-70
http://www.zhihu.com/people/fang-zilan
http://www.zhihu.com/people/s1026
http://www.zhihu.com/people/doris-36
http://www.zhihu.com/people/he-he-he-37
http://www.zhihu.com/people/pimgeek
http://www.zhihu.com/people/yang-ji-zhi-42
http://www.zhihu.com/people/lu-rui-ming-2
http://www.zhihu.com/people/zhangyinhan
http://www.zhihu.com/people/er-dong-chen-64
http://www.zhihu.com/people/xu-yin-zhou
http://www.zhihu.com/people/Daodog
http://www.zhihu.com/people/wee1
http://www.zhihu.com/people/xiao-rui-rui-16
http://www.zhihu.com/people/freeyiyi1993
http://www.zhihu.com/people/kikima
http://www.zhihu.com/people/yetsun-lam
http://www.zhihu.com/people/liu-bo-93-08
http://www.zhihu.com/people/xie-mao-88
http://www.zhihu.com/people/ren-si-yuan-12
http://www.zhihu.com/people/duanwenming
http://www.zhihu.com/people/fu-wei-49-45
http://www.zhihu.com/people/holder-zhang
http://www.zhihu.com/people/chuan-tou-58
http://www.zhihu.com/people/messi-ling
http://www.zhihu.com/people/lizy-31
http://www.zhihu.com/people/wang-yang-yang-6
http://www.zhihu.com/people/bleachurahara
http://www.zhihu.com/people/liu-xiao-ming-9
http://www.zhihu.com/people/zhao-tian-ba
http://www.zhihu.com/people/he-zi-xuan-41
http://www.zhihu.com/people/wan-zi-jun-54
http://www.zhihu.com/people/liu-qing-11-35
http://www.zhihu.com/people/zheng-zha-22
http://www.zhihu.com/people/chen-qiang-sheng-52
http://www.zhihu.com/people/zhu-niu-79
http://www.zhihu.com/people/chen-lionel
http://www.zhihu.com/people/huang-liang-jia
http://www.zhihu.com/people/lu-qia-fu
http://www.zhihu.com/people/taoyeyao
http://www.zhihu.com/people/papi-6
http://www.zhihu.com/people/yang-mo-hui-yizhi-wu
http://www.zhihu.com/people/dai-jin-jiang
http://www.zhihu.com/people/xue-yang-zhuo
http://www.zhihu.com/people/coolenglish
http://www.zhihu.com/people/he-zhou-zhou-11
http://www.zhihu.com/people/cai-zi-cheng-42
http://www.zhihu.com/people/xudekai
http://www.zhihu.com/people/ji-li-21-35
http://www.zhihu.com/people/wu-xie-ni-de-ke-ji
http://www.zhihu.com/people/wang-zhen-ya-94
http://www.zhihu.com/people/chen-wei-bin-40
http://www.zhihu.com/people/chen-ji-93-30
http://www.zhihu.com/people/mu-zi-nan
http://www.zhihu.com/people/lu-hai-tang
http://www.zhihu.com/people/xiaozha
http://www.zhihu.com/people/zhang-ting-24-31
http://www.zhihu.com/people/train1110
http://www.zhihu.com/people/ca-ca-20
http://www.zhihu.com/people/bu-zhi-dao-86-97
http://www.zhihu.com/people/liu-yu-76-64
http://www.zhihu.com/people/gu-yue-10-2
http://www.zhihu.com/people/yu-hong-zhou-91
http://www.zhihu.com/people/wang-da-er-91
http://www.zhihu.com/people/fang-qian-qian
http://www.zhihu.com/people/penergy
http://www.zhihu.com/people/zhou-gang-64
http://www.zhihu.com/people/wu-ying-hao-91
http://www.zhihu.com/people/mlieou
http://www.zhihu.com/people/dwyane-50
http://www.zhihu.com/people/xiaotong-sun
http://www.zhihu.com/people/hin-lee
http://www.zhihu.com/people/zhou-yi-chao
http://www.zhihu.com/people/rotate8
http://www.zhihu.com/people/lyzhihu
http://www.zhihu.com/people/alice-lee-23
http://www.zhihu.com/people/hu-li-wen-2
http://www.zhihu.com/people/huntershi
http://www.zhihu.com/people/huang-wei-12-62
http://www.zhihu.com/people/yang-cong-quan-man-tou
http://www.zhihu.com/people/stanley-49
http://www.zhihu.com/people/xiao-zhang-55
http://www.zhihu.com/people/gieog
http://www.zhihu.com/people/li-zhuo-xin
http://www.zhihu.com/people/zhu-zhe-lun-26
http://www.zhihu.com/people/xia-jiang-ai
http://www.zhihu.com/people/xue-yi-45-20
http://www.zhihu.com/people/kevin_15010
http://www.zhihu.com/people/luo-kui-lin
http://www.zhihu.com/people/soulsolemn
http://www.zhihu.com/people/jiang-xia-97
http://www.zhihu.com/people/cao-feng-30
http://www.zhihu.com/people/hynuza
http://www.zhihu.com/people/brangelina
http://www.zhihu.com/people/zerojz
http://www.zhihu.com/people/brad-16
http://www.zhihu.com/people/guo-yan-ju
http://www.zhihu.com/people/mr-dos
http://www.zhihu.com/people/jiang-hong-xi-28
http://www.zhihu.com/people/ying-hang-chao
http://www.zhihu.com/people/yuki8643
http://www.zhihu.com/people/chen-jun-rong-25
http://www.zhihu.com/people/xuan-yuan-lie-35
http://www.zhihu.com/people/sanghai89110224
http://www.zhihu.com/people/wang-lei-48-90
http://www.zhihu.com/people/zhao-xiao-yu-28
http://www.zhihu.com/people/wu-hui-ling-42
http://www.zhihu.com/people/littleway
http://www.zhihu.com/people/zhang-feng-98-82
http://www.zhihu.com/people/hu-xiang-78
http://www.zhihu.com/people/niu-niu-6-1
http://www.zhihu.com/people/xie-wei-26
http://www.zhihu.com/people/edmond-43
http://www.zhihu.com/people/wcx2005
http://www.zhihu.com/people/er-nan-20
http://www.zhihu.com/people/joe-joe-84
http://www.zhihu.com/people/meng-jue-99
http://www.zhihu.com/people/wang-ju-qing-66
http://www.zhihu.com/people/shuang-xi-10
http://www.zhihu.com/people/cyz2013
http://www.zhihu.com/people/bjchaodaye
http://www.zhihu.com/people/mi-su
http://www.zhihu.com/people/guan-si-yuan-69
http://www.zhihu.com/people/yi-xiao-fei-20
http://www.zhihu.com/people/li-yi-44
http://www.zhihu.com/people/biminglei
http://www.zhihu.com/people/guo-zi-en
http://www.zhihu.com/people/cai-bi-ge
http://www.zhihu.com/people/mu-xiao-juan
http://www.zhihu.com/people/bai-ze-79
http://www.zhihu.com/people/beerdu
http://www.zhihu.com/people/zhang-fan-31
http://www.zhihu.com/people/houzi7
http://www.zhihu.com/people/shao-xiong-64
http://www.zhihu.com/people/mu-xin-13
http://www.zhihu.com/people/fang-liang
http://www.zhihu.com/people/rancoo
http://www.zhihu.com/people/hu-shuo-hao
http://www.zhihu.com/people/hao-qing-shan
http://www.zhihu.com/people/li-lu-yun
http://www.zhihu.com/people/lang-xiao-yang
http://www.zhihu.com/people/ryan-lee
http://www.zhihu.com/people/zhang-xiao-hua-89-25
http://www.zhihu.com/people/jia-ke-wei
http://www.zhihu.com/people/bie-chen-xi
http://www.zhihu.com/people/shizhao-su
http://www.zhihu.com/people/indigo-51
http://www.zhihu.com/people/dai-si-ran
http://www.zhihu.com/people/yao-zhi-li
http://www.zhihu.com/people/li-zhi-bei
http://www.zhihu.com/people/tian-heng
http://www.zhihu.com/people/wu-huan-zi-7
http://www.zhihu.com/people/wu-ding-xiang
http://www.zhihu.com/people/qiao-xiao-yu-58
http://www.zhihu.com/people/ivywang
http://www.zhihu.com/people/li-zheng-91-39
http://www.zhihu.com/people/quietcool
http://www.zhihu.com/people/erein-yaung
http://www.zhihu.com/people/niubishanshan
http://www.zhihu.com/people/jiangkaizhihu
http://www.zhihu.com/people/yan-chen-yang
http://www.zhihu.com/people/michael-mak-39
http://www.zhihu.com/people/zhang-ju-xuan
http://www.zhihu.com/people/huo-shou-chong
http://www.zhihu.com/people/ma-kai-23
http://www.zhihu.com/people/liu-liang-86
http://www.zhihu.com/people/hushering
http://www.zhihu.com/people/jason-pu
http://www.zhihu.com/people/xia-yu-tian-3-49
http://www.zhihu.com/people/zhou-jing-73-87
http://www.zhihu.com/people/pang-jeffrey
http://www.zhihu.com/people/long-li-hong
http://www.zhihu.com/people/qu-zhi-36
http://www.zhihu.com/people/qie-ge
http://www.zhihu.com/people/vdoe
http://www.zhihu.com/people/qi-qi-52-78
http://www.zhihu.com/people/chen-ze-wei-30
http://www.zhihu.com/people/wang-xu-46-66
http://www.zhihu.com/people/xu-yong-chang
http://www.zhihu.com/people/li-min-zhen
http://www.zhihu.com/people/wang-geng-2
http://www.zhihu.com/people/rs-simple
http://www.zhihu.com/people/zhou-dong-xue
http://www.zhihu.com/people/xu-jing-47
http://www.zhihu.com/people/chen-pi-pi-39
http://www.zhihu.com/people/wang-yi-fan-40
http://www.zhihu.com/people/techmeg
http://www.zhihu.com/people/sheng-nian-hua
http://www.zhihu.com/people/zheng-li-pei
http://www.zhihu.com/people/wu-xuan-hao-217
http://www.zhihu.com/people/gu-yan-ji6
http://www.zhihu.com/people/yang-zhi-man
http://www.zhihu.com/people/hu-shui-99
http://www.zhihu.com/people/hunterdu
http://www.zhihu.com/people/yang-lin-68-79
http://www.zhihu.com/people/chen-bang-19
http://www.zhihu.com/people/ofshellohicy
http://www.zhihu.com/people/gu-zi-mo-30
http://www.zhihu.com/people/shi-ke-48-30
http://www.zhihu.com/people/sisyphose
http://www.zhihu.com/people/jin-yuan-wai
http://www.zhihu.com/people/www.maozhifeng.com
http://www.zhihu.com/people/drifter-16
http://www.zhihu.com/people/xu-yue-chen
http://www.zhihu.com/people/ju-an
http://www.zhihu.com/people/cong-wei-jian-guo-liu-xing
http://www.zhihu.com/people/halmi
http://www.zhihu.com/people/zhao-yu-76
http://www.zhihu.com/people/tang-qiang-43
http://www.zhihu.com/people/Selerare
http://www.zhihu.com/people/gaolingxiao
http://www.zhihu.com/people/paininuo.tmall.com
http://www.zhihu.com/people/yi-you-16
http://www.zhihu.com/people/zhang-yi-di
http://www.zhihu.com/people/xia-xiao-qiu-34
http://www.zhihu.com/people/xiao-luo-54
http://www.zhihu.com/people/mandymandy-wang
http://www.zhihu.com/people/xiaollz
http://www.zhihu.com/people/chu-pei-rui
http://www.zhihu.com/people/LoveLBX
http://www.zhihu.com/people/tang-chao-84
http://www.zhihu.com/people/wang-zi-quan-16
http://www.zhihu.com/people/huangyuanjianjiao
http://www.zhihu.com/people/ying-ge-lan-85
http://www.zhihu.com/people/ding-lenny
http://www.zhihu.com/people/li-zi-sheng
http://www.zhihu.com/people/wei-dong-64-69
http://www.zhihu.com/people/huang-cheng-cheng-26
http://www.zhihu.com/people/zhang-tian-15
http://www.zhihu.com/people/xu-xing-liang-11
http://www.zhihu.com/people/xiang-niu
http://www.zhihu.com/people/mapengze
http://www.zhihu.com/people/leesiyn
http://www.zhihu.com/people/zhu-xiao-gang-49
http://www.zhihu.com/people/gaoshanliushui
http://www.zhihu.com/people/victorsong
http://www.zhihu.com/people/leah-99
http://www.zhihu.com/people/xiao-ji-kang
http://www.zhihu.com/people/chen-yi-jun-98
http://www.zhihu.com/people/ge-jia-hui
http://www.zhihu.com/people/ma-hui-52
http://www.zhihu.com/people/xu-xian-xin-41
http://www.zhihu.com/people/hu-ling-huan
http://www.zhihu.com/people/kingkongli
http://www.zhihu.com/people/sirius-geng
http://www.zhihu.com/people/mu-mu-34-44
http://www.zhihu.com/people/liu-shan-shan-39
http://www.zhihu.com/people/zengchao
http://www.zhihu.com/people/dong-jia-bin
http://www.zhihu.com/people/zheng-dong-94
http://www.zhihu.com/people/Maynie
http://www.zhihu.com/people/wei-wei-78-64
http://www.zhihu.com/people/fu-xiao-feng-26
http://www.zhihu.com/people/csoni
http://www.zhihu.com/people/kcwh
http://www.zhihu.com/people/shen-xiao-yang-65
http://www.zhihu.com/people/yu-si-xie
http://www.zhihu.com/people/zhou-neng-44
http://www.zhihu.com/people/ji-ran-ran-31
http://www.zhihu.com/people/zhang-san-pi-13
http://www.zhihu.com/people/song-cai
http://www.zhihu.com/people/Zhendong
http://www.zhihu.com/people/li-quan-zhen
http://www.zhihu.com/people/john-luo
http://www.zhihu.com/people/xie-kai-90
http://www.zhihu.com/people/ji-chun-qi
http://www.zhihu.com/people/linsiqing
http://www.zhihu.com/people/aspirinfox
http://www.zhihu.com/people/zheng-hao-74-37
http://www.zhihu.com/people/orangetime
http://www.zhihu.com/people/fionace
http://www.zhihu.com/people/li-jun-jun-67
http://www.zhihu.com/people/yang-chun-17
http://www.zhihu.com/people/wang-yuan-ting-17
http://www.zhihu.com/people/lu-hai-18
http://www.zhihu.com/people/zhu-shi-jie-6
http://www.zhihu.com/people/shang-ke-15
http://www.zhihu.com/people/ren-fei-yan-82
http://www.zhihu.com/people/guo-ji-xin-3
http://www.zhihu.com/people/acatinthebox
http://www.zhihu.com/people/wang-qing-xiang
http://www.zhihu.com/people/clariss
http://www.zhihu.com/people/huang-fei-hong-12
http://www.zhihu.com/people/ren-alan
http://www.zhihu.com/people/yu-shao-yuan
http://www.zhihu.com/people/wu-xiao-le-4
http://www.zhihu.com/people/wang-song-7
http://www.zhihu.com/people/zha-si-ting
http://www.zhihu.com/people/yang-guang-11-55
http://www.zhihu.com/people/fayfay-flying
http://www.zhihu.com/people/han-dan-58
http://www.zhihu.com/people/kong-rong-26
http://www.zhihu.com/people/mylyu
http://www.zhihu.com/people/he-huan-63
http://www.zhihu.com/people/chan24
http://www.zhihu.com/people/yan-da-hai-919
http://www.zhihu.com/people/li-jun-jian-52
http://www.zhihu.com/people/chou-joe
http://www.zhihu.com/people/xi-hui-hui
http://www.zhihu.com/people/zhan-peng-30
http://www.zhihu.com/people/zheng-cheng-37
http://www.zhihu.com/people/laughingge-xiong
http://www.zhihu.com/people/jin-xiao-hu-84
http://www.zhihu.com/people/jijiwhywhy
http://www.zhihu.com/people/chang-cheng-jiang
http://www.zhihu.com/people/zhu-wen-qian
http://www.zhihu.com/people/jiang-xiao-yang-58
http://www.zhihu.com/people/zhu-jia-65
http://www.zhihu.com/people/leungs
http://www.zhihu.com/people/li-yifan-27
http://www.zhihu.com/people/josieyuen
http://www.zhihu.com/people/qiyongwong
http://www.zhihu.com/people/firstinout
http://www.zhihu.com/people/ni-hao-58-99
http://www.zhihu.com/people/jimliu-89
http://www.zhihu.com/people/comfish
http://www.zhihu.com/people/zhangzhennan
http://www.zhihu.com/people/shi-rui-89
http://www.zhihu.com/people/littleant
http://www.zhihu.com/people/KingdomSpace
http://www.zhihu.com/people/hweeken
http://www.zhihu.com/people/redwall
http://www.zhihu.com/people/gong-shao-heng
http://www.zhihu.com/people/jasonloker
http://www.zhihu.com/people/fajia
http://www.zhihu.com/people/liang-hai-xiang
http://www.zhihu.com/people/mingsanchi
http://www.zhihu.com/people/xia-hal-shi
http://www.zhihu.com/people/li-yuan-99-3
http://www.zhihu.com/people/li-hong-liang-99
http://www.zhihu.com/people/zhang-ju-zheng-54
http://www.zhihu.com/people/eudaemonia
http://www.zhihu.com/people/heaven_000
http://www.zhihu.com/people/lu-xiao-qi-34
http://www.zhihu.com/people/forkburn
http://www.zhihu.com/people/live-dong
http://www.zhihu.com/people/zhang-er-gou-55
http://www.zhihu.com/people/bi-hua-shao-nian-82
http://www.zhihu.com/people/zhang-tian-qi-17
http://www.zhihu.com/people/mai-ge-52
http://www.zhihu.com/people/zhang-tong-47
http://www.zhihu.com/people/awang
http://www.zhihu.com/people/gu-zhe-ning
http://www.zhihu.com/people/lin-ying-yun
http://www.zhihu.com/people/zhang-pang-zi-80
http://www.zhihu.com/people/feng-li-ming-77
http://www.zhihu.com/people/wilson-huang-17
http://www.zhihu.com/people/long-dan-long-er-dan
http://www.zhihu.com/people/bixing-yan
http://www.zhihu.com/people/hackersun
http://www.zhihu.com/people/zhang-wei-biao
http://www.zhihu.com/people/fyl00
http://www.zhihu.com/people/bao-li-di-tie
http://www.zhihu.com/people/rush
http://www.zhihu.com/people/just-zhe
http://www.zhihu.com/people/chenyun
http://www.zhihu.com/people/ai-chai
http://www.zhihu.com/people/yang-cheng-sen-29
http://www.zhihu.com/people/wang-xiao-wang-94
http://www.zhihu.com/people/li-hong-er
http://www.zhihu.com/people/danielchen1995
http://www.zhihu.com/people/shen-shi-ran
http://www.zhihu.com/people/wsdtt
http://www.zhihu.com/people/kokomi
http://www.zhihu.com/people/liu-xin-51-69
http://www.zhihu.com/people/lin-jia-qi-79
http://www.zhihu.com/people/li-xing-4
http://www.zhihu.com/people/zhang-liang-liang-99
http://www.zhihu.com/people/ray-guo-23
http://www.zhihu.com/people/zheng-helen
http://www.zhihu.com/people/jiang-ge-74
http://www.zhihu.com/people/ye-an-ran
http://www.zhihu.com/people/cai-lin-zhi
http://www.zhihu.com/people/deng-xin-xian
http://www.zhihu.com/people/wang-xiao-xuan-74
http://www.zhihu.com/people/alice-45-16
http://www.zhihu.com/people/feng-qing-yu-luo
http://www.zhihu.com/people/chen-bin-shu
http://www.zhihu.com/people/hu-nicholas
http://www.zhihu.com/people/ni-ni-xiao
http://www.zhihu.com/people/ada-wang-24
http://www.zhihu.com/people/rickey-yue
http://www.zhihu.com/people/xiao-lin-67
http://www.zhihu.com/people/wang-xue-jian-44
http://www.zhihu.com/people/bits
http://www.zhihu.com/people/he-hong-yuan
http://www.zhihu.com/people/zzuieliyaoli
http://www.zhihu.com/people/gong-sheng-36
http://www.zhihu.com/people/liu-yi-39-44
http://www.zhihu.com/people/ruan-si-zong
http://www.zhihu.com/people/bruceczk
http://www.zhihu.com/people/fwgisbug
http://www.zhihu.com/people/zhang-hai-tao-49
http://www.zhihu.com/people/jiang-yuan-hao-91
http://www.zhihu.com/people/yu-ren-11
http://www.zhihu.com/people/li-yong-3-33
http://www.zhihu.com/people/lin-xiao-bin-26
http://www.zhihu.com/people/zhu-chao-zhong
http://www.zhihu.com/people/pandakun
http://www.zhihu.com/people/lutongwang
http://www.zhihu.com/people/taomu
http://www.zhihu.com/people/li-yuan-56-20
http://www.zhihu.com/people/zhou-shu-jia
http://www.zhihu.com/people/mi-xian-17
http://www.zhihu.com/people/wang-wang-39
http://www.zhihu.com/people/bao-ku-zi-huang
http://www.zhihu.com/people/Art-Joker
http://www.zhihu.com/people/wibile
http://www.zhihu.com/people/yi-da-sen
http://www.zhihu.com/people/li-jia-yuan-21
http://www.zhihu.com/people/qieling
http://www.zhihu.com/people/lu-shuang-1993
http://www.zhihu.com/people/dio007
http://www.zhihu.com/people/jueshihaojian
http://www.zhihu.com/people/qiu-zhe-96-48
http://www.zhihu.com/people/li-chen-95
http://www.zhihu.com/people/sun-fei-96
http://www.zhihu.com/people/carterl
http://www.zhihu.com/people/luke-liu-98
http://www.zhihu.com/people/caizhaolun
http://www.zhihu.com/people/ma-bu-fan
http://www.zhihu.com/people/luckyfish
http://www.zhihu.com/people/huangrenjie
http://www.zhihu.com/people/qdhei521
http://www.zhihu.com/people/lin-shu-49
http://www.zhihu.com/people/moz-hyper
http://www.zhihu.com/people/xu-shuo-fei
http://www.zhihu.com/people/change2013
http://www.zhihu.com/people/wu-kai-lun
http://www.zhihu.com/people/ting-ge-ge-17
http://www.zhihu.com/people/wang-zheng-yi-16
http://www.zhihu.com/people/cc-tian
http://www.zhihu.com/people/xiongmaosu
http://www.zhihu.com/people/niu-niu-80
http://www.zhihu.com/people/wang-ru-jie
http://www.zhihu.com/people/zhang-zi-qiang-36
http://www.zhihu.com/people/ji-wei-70
http://www.zhihu.com/people/ys920
http://www.zhihu.com/people/chendeshen
http://www.zhihu.com/people/dai-yi-shu
http://www.zhihu.com/people/tian-jing-10
http://www.zhihu.com/people/suqin
http://www.zhihu.com/people/aullik5
http://www.zhihu.com/people/li-jun-58-42
http://www.zhihu.com/people/dai-xiao-lan
http://www.zhihu.com/people/kashinging
http://www.zhihu.com/people/sunsimian
http://www.zhihu.com/people/jieshao
http://www.zhihu.com/people/owenne
http://www.zhihu.com/people/olala-51
http://www.zhihu.com/people/viking-60
http://www.zhihu.com/people/lu-chen-shuang
http://www.zhihu.com/people/max7m5s
http://www.zhihu.com/people/cao-yi-ning
http://www.zhihu.com/people/tian-nan-gua
http://www.zhihu.com/people/mtoc
http://www.zhihu.com/people/zhang-ying-zhou-91
