http://www.zhihu.com/people/nan-xi-ren
http://www.zhihu.com/people/newblue
http://www.zhihu.com/people/jiang-ke-81-24
http://www.zhihu.com/people/liu-wei-lin-56
http://www.zhihu.com/people/zhou-gang-64
http://www.zhihu.com/people/jokry
http://www.zhihu.com/people/xiazhizhou
http://www.zhihu.com/people/eric-lee-18-7
http://www.zhihu.com/people/sheng-ji-34
http://www.zhihu.com/people/train1110
http://www.zhihu.com/people/yu-luo-feng-zhi-hou
http://www.zhihu.com/people/woundman
http://www.zhihu.com/people/pingshanlanjian
http://www.zhihu.com/people/soldiermoving
http://www.zhihu.com/people/wang-da-zhong-86
http://www.zhihu.com/people/cdlilin
http://www.zhihu.com/people/iamyukaiyang
http://www.zhihu.com/people/chen-xiao-xing-74
http://www.zhihu.com/people/liu-da-bao-51
http://www.zhihu.com/people/xiaozhi123
http://www.zhihu.com/people/zhang-peng-38-62
http://www.zhihu.com/people/wang-sheng-43-24
http://www.zhihu.com/people/chinetman
http://www.zhihu.com/people/qiubaipet
http://www.zhihu.com/people/wu-yidao-7
http://www.zhihu.com/people/zhou-zhi-yuan-56
http://www.zhihu.com/people/yangbo-xia
http://www.zhihu.com/people/hua-yan-yang
http://www.zhihu.com/people/zhou-jia-wei-88
http://www.zhihu.com/people/chen-wei-57
http://www.zhihu.com/people/elijahh
http://www.zhihu.com/people/li-yao-yao-3-33
http://www.zhihu.com/people/dou-dou-dou-dou-9
http://www.zhihu.com/people/jiang-felipe
http://www.zhihu.com/people/bai-bai-he-18
http://www.zhihu.com/people/chen-da-pao-63
http://www.zhihu.com/people/zhu-xiao-xing-32
http://www.zhihu.com/people/he-zhong-yu-87
http://www.zhihu.com/people/pei-di-24
http://www.zhihu.com/people/cai-yun-fan
http://www.zhihu.com/people/alaneake
http://www.zhihu.com/people/sun-chen-1116
http://www.zhihu.com/people/ninjacn
http://www.zhihu.com/people/ge-ou-xiang
http://www.zhihu.com/people/ni-kuo
http://www.zhihu.com/people/more-live
http://www.zhihu.com/people/zhou-yi-long-39
http://www.zhihu.com/people/niu-xiao-li
http://www.zhihu.com/people/liu-hua-55
http://www.zhihu.com/people/niu-han-han
http://www.zhihu.com/people/kokomi
http://www.zhihu.com/people/frank-wang-87
http://www.zhihu.com/people/qin-jian
http://www.zhihu.com/people/edisonchen
http://www.zhihu.com/people/wang-hao-70-66
http://www.zhihu.com/people/huo-shou-chong
http://www.zhihu.com/people/chexiangbei
http://www.zhihu.com/people/lin-xiao-62-15
http://www.zhihu.com/people/yuanhang
http://www.zhihu.com/people/seven7seven
http://www.zhihu.com/people/jing-wei-21-13
http://www.zhihu.com/people/floating-32
http://www.zhihu.com/people/chamouren
http://www.zhihu.com/people/zhang-hai-dong-25
http://www.zhihu.com/people/liu-meng-hua
http://www.zhihu.com/people/HadisYe
http://www.zhihu.com/people/zhou-neng-44
http://www.zhihu.com/people/zhao-ze-liang
http://www.zhihu.com/people/ke-dong-36
http://www.zhihu.com/people/ou-yang-27
http://www.zhihu.com/people/rui-cheng-44
http://www.zhihu.com/people/skinny
http://www.zhihu.com/people/yang-yang-4-75
http://www.zhihu.com/people/yabaobao-ma
http://www.zhihu.com/people/lou-lan-38
http://www.zhihu.com/people/tyler-pan
http://www.zhihu.com/people/qling
http://www.zhihu.com/people/shuo-ke
http://www.zhihu.com/people/rosicky311
http://www.zhihu.com/people/789456123
http://www.zhihu.com/people/ooma-jiang
http://www.zhihu.com/people/liu-yuan-yuan-12-81
http://www.zhihu.com/people/ArvinLiu
http://www.zhihu.com/people/yi-he-61
http://www.zhihu.com/people/heaven_000
http://www.zhihu.com/people/liu-yun-tao
http://www.zhihu.com/people/mi-hu-zhu
http://www.zhihu.com/people/unanus
http://www.zhihu.com/people/AlexanderChung
http://www.zhihu.com/people/ru-shui-san-fen
http://www.zhihu.com/people/shawn-yang-74
http://www.zhihu.com/people/qiao-mo-er-44
http://www.zhihu.com/people/cheng-li-67
http://www.zhihu.com/people/hether
http://www.zhihu.com/people/ci-ke-41
http://www.zhihu.com/people/yang-kang-27
http://www.zhihu.com/people/july83
http://www.zhihu.com/people/paranoia-11
http://www.zhihu.com/people/xiaowenwen
http://www.zhihu.com/people/shen-ya-nan-44
http://www.zhihu.com/people/shi-yuan-feng
http://www.zhihu.com/people/florence-wu
http://www.zhihu.com/people/zer0black
http://www.zhihu.com/people/shaoxin-lian
http://www.zhihu.com/people/xzhou0303
http://www.zhihu.com/people/orangetime
http://www.zhihu.com/people/solomon
http://www.zhihu.com/people/xiaoqing80s
http://www.zhihu.com/people/zhang-da-ge-56
http://www.zhihu.com/people/du-xin-xian
http://www.zhihu.com/people/fang-xing-nan-91
http://www.zhihu.com/people/dan-dan-36-36
http://www.zhihu.com/people/shen-hai-42
http://www.zhihu.com/people/xiao-zhang-3-23
http://www.zhihu.com/people/guo-bin-30
http://www.zhihu.com/people/he-yuan-sheng
http://www.zhihu.com/people/chen-yong-hui-1
http://www.zhihu.com/people/ceng-xiao-ceng-53
http://www.zhihu.com/people/chow-elwin
http://www.zhihu.com/people/soha
http://www.zhihu.com/people/chengyuwen
http://www.zhihu.com/people/tu97
http://www.zhihu.com/people/tan-jie-zhong
http://www.zhihu.com/people/hu-yu-di
http://www.zhihu.com/people/doris-36
http://www.zhihu.com/people/wyfield
http://www.zhihu.com/people/jerry_lee
http://www.zhihu.com/people/hang-yang-1412
http://www.zhihu.com/people/li-jin-yuan-53-18
http://www.zhihu.com/people/sun-jia-xuan-84
http://www.zhihu.com/people/hu-li-rong
http://www.zhihu.com/people/lian-dong-23
http://www.zhihu.com/people/hsiangling
http://www.zhihu.com/people/li-ze-hang
http://www.zhihu.com/people/leeys
http://www.zhihu.com/people/liu-ping-92
http://www.zhihu.com/people/zhao-chen-hao-39
http://www.zhihu.com/people/wan-si-shun
http://www.zhihu.com/people/li-dian-dian-12
http://www.zhihu.com/people/gui-sheng-74
http://www.zhihu.com/people/zuimai
http://www.zhihu.com/people/gao-gao-72
http://www.zhihu.com/people/bang-xiao-hao
http://www.zhihu.com/people/wang-frank-60
http://www.zhihu.com/people/helen-lu-84
http://www.zhihu.com/people/LEE-1007
http://www.zhihu.com/people/gig-57
http://www.zhihu.com/people/tom-70
http://www.zhihu.com/people/newlifechou
http://www.zhihu.com/people/sundy-chao
http://www.zhihu.com/people/yihui-chen
http://www.zhihu.com/people/junchel-he-42
http://www.zhihu.com/people/fda-bao
http://www.zhihu.com/people/zhang-nan-74
http://www.zhihu.com/people/yang-chen-39-68
http://www.zhihu.com/people/song-ruan-xin
http://www.zhihu.com/people/stanley-49
http://www.zhihu.com/people/bonze
http://www.zhihu.com/people/li-wei-chao-2
http://www.zhihu.com/people/wang-bu-liao
http://www.zhihu.com/people/boyarayophthal
http://www.zhihu.com/people/zhu-yong-qian
http://www.zhihu.com/people/yan-chen-yang
http://www.zhihu.com/people/deng-yuan-66
http://www.zhihu.com/people/Chorusist
http://www.zhihu.com/people/pan-richard
http://www.zhihu.com/people/teng-dou-dou
http://www.zhihu.com/people/wherekevin
http://www.zhihu.com/people/joe-joe-84
http://www.zhihu.com/people/huo-guo-22
http://www.zhihu.com/people/pristina-mei
http://www.zhihu.com/people/liu-zhi-da
http://www.zhihu.com/people/zhang-peng-peng-20
http://www.zhihu.com/people/liu-ren-yu-19
http://www.zhihu.com/people/wuxiaotian
http://www.zhihu.com/people/linco-39
http://www.zhihu.com/people/ai-ai-ai-70
http://www.zhihu.com/people/wang-ting-ting-28-65
http://www.zhihu.com/people/xu-yan-yu-99
http://www.zhihu.com/people/qiutf
http://www.zhihu.com/people/li-ke-71-71
http://www.zhihu.com/people/elegant-85
http://www.zhihu.com/people/dong-dizzy
http://www.zhihu.com/people/luo-ruo-lang
http://www.zhihu.com/people/damaomao
http://www.zhihu.com/people/ruan-jian-xiang
http://www.zhihu.com/people/yan-shi-49
http://www.zhihu.com/people/vaxin
http://www.zhihu.com/people/jade-22
http://www.zhihu.com/people/xi-li-tu
http://www.zhihu.com/people/WymanY
http://www.zhihu.com/people/auburn
http://www.zhihu.com/people/zhang-yu-hong-63
http://www.zhihu.com/people/Stargazer42
http://www.zhihu.com/people/gong-xiao-xiao-xiao
http://www.zhihu.com/people/mo-mo-wu-wen
http://www.zhihu.com/people/zhang-ha-ha-31-79
http://www.zhihu.com/people/mulin
http://www.zhihu.com/people/hai-xi-83
http://www.zhihu.com/people/lu-zi-lu-76
http://www.zhihu.com/people/liyunliberty
http://www.zhihu.com/people/heyuthere
http://www.zhihu.com/people/zhang-tao-74
http://www.zhihu.com/people/miao-xiao-miao-20
http://www.zhihu.com/people/xiehe
http://www.zhihu.com/people/orion-16
http://www.zhihu.com/people/yoyofrompairs
http://www.zhihu.com/people/gong-chen-29
http://www.zhihu.com/people/DANNY1120
http://www.zhihu.com/people/zhang-chun-yue-19
http://www.zhihu.com/people/hu-xiao-long-29
http://www.zhihu.com/people/mustbe
http://www.zhihu.com/people/zhang-mei-hua
http://www.zhihu.com/people/shu-yun-36
http://www.zhihu.com/people/wang-wei-49-53
http://www.zhihu.com/people/ling-bo
http://www.zhihu.com/people/dela
http://www.zhihu.com/people/holyperry
http://www.zhihu.com/people/an-jing-19-19
http://www.zhihu.com/people/zhang-tian-cheng-55
http://www.zhihu.com/people/pubble
http://www.zhihu.com/people/liu-qing-11-35
http://www.zhihu.com/people/schumiq
http://www.zhihu.com/people/lanyoung
http://www.zhihu.com/people/jank-yang
http://www.zhihu.com/people/twlkyao
http://www.zhihu.com/people/vicente-45
http://www.zhihu.com/people/a-lu-91-68
http://www.zhihu.com/people/ma-mi-ma-mi-hong-10
http://www.zhihu.com/people/xie-ne
http://www.zhihu.com/people/botton-alain
http://www.zhihu.com/people/hiuwahhh
http://www.zhihu.com/people/plee
http://www.zhihu.com/people/su-yihang
http://www.zhihu.com/people/lu-yang-67
http://www.zhihu.com/people/larzhang
http://www.zhihu.com/people/changdi
http://www.zhihu.com/people/chen-jun-rong-25
http://www.zhihu.com/people/bitmirage
http://www.zhihu.com/people/namiheike
http://www.zhihu.com/people/li-ao-wen
http://www.zhihu.com/people/c166
http://www.zhihu.com/people/observing
http://www.zhihu.com/people/man-shu-95
http://www.zhihu.com/people/long-yan-xi-85
http://www.zhihu.com/people/fu-lan-qian-57
http://www.zhihu.com/people/han-xin-yue-3
http://www.zhihu.com/people/lu-de-wei-xi-99
http://www.zhihu.com/people/apprentice1989
http://www.zhihu.com/people/wang-sheng-80
http://www.zhihu.com/people/lin-xiao-chai
http://www.zhihu.com/people/zhu-zheng-tao
http://www.zhihu.com/people/ho-lli
http://www.zhihu.com/people/yan-xin-qi
http://www.zhihu.com/people/zexiancui
http://www.zhihu.com/people/shui-shui-10
http://www.zhihu.com/people/liu-xing-3-50
http://www.zhihu.com/people/tonychen-19
http://www.zhihu.com/people/li-jian-hao-26
http://www.zhihu.com/people/dong-dong-ding
http://www.zhihu.com/people/jiayizhen
http://www.zhihu.com/people/lin-meng-xi-63
http://www.zhihu.com/people/miao-li-yang
http://www.zhihu.com/people/xuexiaozhe
http://www.zhihu.com/people/hu-nicholas
http://www.zhihu.com/people/yymrsh
http://www.zhihu.com/people/siva
http://www.zhihu.com/people/vincate
http://www.zhihu.com/people/fishjhuang
http://www.zhihu.com/people/zheng-zheng-16
http://www.zhihu.com/people/victor-ron
http://www.zhihu.com/people/deng-qing-hang
http://www.zhihu.com/people/clairewang0326
http://www.zhihu.com/people/wu-jin-han
http://www.zhihu.com/people/lunvs
http://www.zhihu.com/people/june-86
http://www.zhihu.com/people/shi-hong-46
http://www.zhihu.com/people/huo-ying
http://www.zhihu.com/people/fei-pei-pei
http://www.zhihu.com/people/he-jing-wen
http://www.zhihu.com/people/he-shuang-quan-59
http://www.zhihu.com/people/chen-euler
http://www.zhihu.com/people/neofdy
http://www.zhihu.com/people/chen-jun-jie-23-33
http://www.zhihu.com/people/celine_xi
http://www.zhihu.com/people/liu-song-58-49
http://www.zhihu.com/people/lynn-ye-36
http://www.zhihu.com/people/zhang-jian-yuan-62
http://www.zhihu.com/people/yuan-chang-li
http://www.zhihu.com/people/zi-mo-qi
http://www.zhihu.com/people/tsang-yvonne
http://www.zhihu.com/people/nyanzhang
http://www.zhihu.com/people/al-joseph
http://www.zhihu.com/people/wang-da-sha-52
http://www.zhihu.com/people/mo-mo-dde93
http://www.zhihu.com/people/tang-xiong-fei
http://www.zhihu.com/people/SKYyu
http://www.zhihu.com/people/chen-di-pu
http://www.zhihu.com/people/pan-wei-51
http://www.zhihu.com/people/pan-teng-jie
http://www.zhihu.com/people/shabingxuan
http://www.zhihu.com/people/tony-jang
http://www.zhihu.com/people/ting-lin-61
http://www.zhihu.com/people/bw13
http://www.zhihu.com/people/ni-shi-81
http://www.zhihu.com/people/zhou-xiao-82
http://www.zhihu.com/people/wang-pin-86
http://www.zhihu.com/people/dong-dong-94-47
http://www.zhihu.com/people/jim-wong
http://www.zhihu.com/people/bao-biao
http://www.zhihu.com/people/techzi
http://www.zhihu.com/people/freya.zuo
http://www.zhihu.com/people/yang-ya-di
http://www.zhihu.com/people/shao-xiong-64
http://www.zhihu.com/people/feng-yu-27
http://www.zhihu.com/people/zhou-xiao-hua-86
http://www.zhihu.com/people/chen-chang-dong-77
http://www.zhihu.com/people/bryant-den-94
http://www.zhihu.com/people/lexie-han
http://www.zhihu.com/people/suoyuxiaoxiao
http://www.zhihu.com/people/xiao-liang-moon
http://www.zhihu.com/people/yang-hui-33-7
http://www.zhihu.com/people/shevchenko-57
http://www.zhihu.com/people/ren-shuang-xi
http://www.zhihu.com/people/sa-lu-nian-si-sa-lu
http://www.zhihu.com/people/huang-yao-peng
http://www.zhihu.com/people/du-lao-men
http://www.zhihu.com/people/fan-di-lin
http://www.zhihu.com/people/feng-ling-zi-57
http://www.zhihu.com/people/persophine
http://www.zhihu.com/people/elaineliu
http://www.zhihu.com/people/fang-jia-ming-99
http://www.zhihu.com/people/hint
http://www.zhihu.com/people/lan-ni-26
http://www.zhihu.com/people/hang-hang-7
http://www.zhihu.com/people/sheldon-zhu
http://www.zhihu.com/people/yuzhuoran
http://www.zhihu.com/people/tc-liang-66
http://www.zhihu.com/people/dou-ya-ppp
http://www.zhihu.com/people/lee-ree
http://www.zhihu.com/people/dddfz
http://www.zhihu.com/people/yin-hu-22
http://www.zhihu.com/people/cheng-dan-52
http://www.zhihu.com/people/zhao-tian-ba
http://www.zhihu.com/people/he-shuai-92
http://www.zhihu.com/people/zhang-yan-lei-69
http://www.zhihu.com/people/xie-wei-you
http://www.zhihu.com/people/xiao-fei-25
http://www.zhihu.com/people/wang-qi-75-56
http://www.zhihu.com/people/shawnwu007
http://www.zhihu.com/people/yu-lei-96-90
http://www.zhihu.com/people/zhao-chao-28
http://www.zhihu.com/people/xiang-hui-95
http://www.zhihu.com/people/sun-yu-duo
http://www.zhihu.com/people/qiao-er-52
http://www.zhihu.com/people/wang-xiao-kan
http://www.zhihu.com/people/chen-ji-88
http://www.zhihu.com/people/su-mou-chen
http://www.zhihu.com/people/yin-xia-80
http://www.zhihu.com/people/ma-ding-71-92
http://www.zhihu.com/people/findmusic
http://www.zhihu.com/people/haochen-liu-39
http://www.zhihu.com/people/lizhongyi
http://www.zhihu.com/people/ling-zi-lv
http://www.zhihu.com/people/xiao-da-da-27
http://www.zhihu.com/people/huang-ming-liang
http://www.zhihu.com/people/ticyang
http://www.zhihu.com/people/codewalker
http://www.zhihu.com/people/zhang-zi-qiang-36
http://www.zhihu.com/people/zha-si-ting
http://www.zhihu.com/people/lu-zi-jin-72
http://www.zhihu.com/people/hamg
http://www.zhihu.com/people/tessa
http://www.zhihu.com/people/mystery-36
http://www.zhihu.com/people/miao-zhen
http://www.zhihu.com/people/cai-jiong-ai
http://www.zhihu.com/people/sardine2
http://www.zhihu.com/people/chen-li-ming-67
http://www.zhihu.com/people/jiang-wen-zhen
http://www.zhihu.com/people/pang-tong-75
http://www.zhihu.com/people/marshall-34
http://www.zhihu.com/people/martin-lee
http://www.zhihu.com/people/guo-ruo-yi-78
http://www.zhihu.com/people/rainee-wang
http://www.zhihu.com/people/gui-su-59
http://www.zhihu.com/people/wang-ze-yu-82
http://www.zhihu.com/people/smilencyman
http://www.zhihu.com/people/bai-ye-joy
http://www.zhihu.com/people/chen-mize
http://www.zhihu.com/people/rosecoral
http://www.zhihu.com/people/zombie
http://www.zhihu.com/people/xiang-yu-ke
http://www.zhihu.com/people/anson-young
http://www.zhihu.com/people/li-si-87
http://www.zhihu.com/people/li-ran-57-13
http://www.zhihu.com/people/gao-yuan-yuan-51-49
http://www.zhihu.com/people/kevin-hsuan
http://www.zhihu.com/people/wang-ba-a-gan
http://www.zhihu.com/people/wang-jie-2-15
http://www.zhihu.com/people/xu-xian-ming
http://www.zhihu.com/people/xiao-chen-68-85
http://www.zhihu.com/people/wu-feng-55-82
http://www.zhihu.com/people/ma-shen-sa
http://www.zhihu.com/people/wu-su-tang
http://www.zhihu.com/people/wu-song-65
http://www.zhihu.com/people/zhang-yu-31
http://www.zhihu.com/people/zhangzx09
http://www.zhihu.com/people/max-yang-23
http://www.zhihu.com/people/weapon-lin
http://www.zhihu.com/people/liu-feng-ling-82
http://www.zhihu.com/people/zhang-hehe
http://www.zhihu.com/people/wang-xuan-41-49
http://www.zhihu.com/people/rush
http://www.zhihu.com/people/mei-ruo
http://www.zhihu.com/people/chen-ke-5
http://www.zhihu.com/people/gumyam
http://www.zhihu.com/people/jiang-jiang-27
http://www.zhihu.com/people/yuan-kai-96
http://www.zhihu.com/people/he-huan-63
http://www.zhihu.com/people/liu-min-58-35
http://www.zhihu.com/people/elnur
http://www.zhihu.com/people/an-zu
http://www.zhihu.com/people/huang-bei-xin
http://www.zhihu.com/people/HongfeiZ
http://www.zhihu.com/people/zhang-ling-97
http://www.zhihu.com/people/zasuny
http://www.zhihu.com/people/kks-iga
http://www.zhihu.com/people/tony-lee-10
http://www.zhihu.com/people/chen-pu
http://www.zhihu.com/people/meng-fei-59-13
http://www.zhihu.com/people/xiaoshuai-63
http://www.zhihu.com/people/caroline-6
http://www.zhihu.com/people/haseric
http://www.zhihu.com/people/candice-chan-40
http://www.zhihu.com/people/winsonshen
http://www.zhihu.com/people/ndw433
http://www.zhihu.com/people/Maximilian2009
http://www.zhihu.com/people/nicaizenmenian
http://www.zhihu.com/people/queen-ann-54
http://www.zhihu.com/people/fu-wei-xiang
http://www.zhihu.com/people/dirk-zeng
http://www.zhihu.com/people/he-ran-48
http://www.zhihu.com/people/du-hao-70
http://www.zhihu.com/people/liu-yier-91
http://www.zhihu.com/people/huang-jia-ren
http://www.zhihu.com/people/huang-zi-chang-86
http://www.zhihu.com/people/nan-fang-zai-zuo
http://www.zhihu.com/people/cheng-hao-83
http://www.zhihu.com/people/joe-hero
http://www.zhihu.com/people/wu-tian-xiao-59
http://www.zhihu.com/people/hu-qing-niu-46
http://www.zhihu.com/people/reep-c
http://www.zhihu.com/people/li-zhi-69-82
http://www.zhihu.com/people/perry-song
http://www.zhihu.com/people/fantasy-45
http://www.zhihu.com/people/Mr.guo
http://www.zhihu.com/people/hope-wang
http://www.zhihu.com/people/lishuyuan
http://www.zhihu.com/people/SeanParker
http://www.zhihu.com/people/shi-dirk
http://www.zhihu.com/people/qu-sheng
http://www.zhihu.com/people/gou-zi-yi
http://www.zhihu.com/people/joseph-yuan
http://www.zhihu.com/people/wang-sha-sha-49
http://www.zhihu.com/people/de-gao
http://www.zhihu.com/people/flowolf
http://www.zhihu.com/people/tai-di-xiong-97
http://www.zhihu.com/people/peoplegxs
http://www.zhihu.com/people/andyfoolish
http://www.zhihu.com/people/yu-liu-55
http://www.zhihu.com/people/yun-heng-62
http://www.zhihu.com/people/gu-li-sha
http://www.zhihu.com/people/phonism
http://www.zhihu.com/people/qujingshi
http://www.zhihu.com/people/roger-tsan
http://www.zhihu.com/people/boyoung
http://www.zhihu.com/people/puremagnet
http://www.zhihu.com/people/samantha_11
http://www.zhihu.com/people/novae
http://www.zhihu.com/people/li-meng-meng-10
http://www.zhihu.com/people/wei-ran-leo
http://www.zhihu.com/people/yang-xiao-yu-40-82
http://www.zhihu.com/people/wu-yu-an
http://www.zhihu.com/people/wang-xiao-mao-50
http://www.zhihu.com/people/i-am-jc
http://www.zhihu.com/people/tan-ri-tian
http://www.zhihu.com/people/li-si-tong
http://www.zhihu.com/people/manstein-zl
http://www.zhihu.com/people/zhang-yuan-41-66
http://www.zhihu.com/people/qian-yu-fan
http://www.zhihu.com/people/chen-da-ben
http://www.zhihu.com/people/pinkatropine
http://www.zhihu.com/people/yin-dong-xiu-31
http://www.zhihu.com/people/ma-bei-bei-96
http://www.zhihu.com/people/jinbo
http://www.zhihu.com/people/tang-qie-70
http://www.zhihu.com/people/yi-lin515
http://www.zhihu.com/people/qi-wen-feng
http://www.zhihu.com/people/xu-meng-wang
http://www.zhihu.com/people/chou-zhi-lin
http://www.zhihu.com/people/xulaohan
http://www.zhihu.com/people/hai-mian-25
http://www.zhihu.com/people/iaisin
http://www.zhihu.com/people/ceng-yu-62
http://www.zhihu.com/people/handey
http://www.zhihu.com/people/xuchuqw
http://www.zhihu.com/people/xiong-gu-cheng
http://www.zhihu.com/people/he-de-wen
http://www.zhihu.com/people/zhang-xiao-guo-83
http://www.zhihu.com/people/wangyongxin
http://www.zhihu.com/people/zixiaxianzi
http://www.zhihu.com/people/yinsi
http://www.zhihu.com/people/yan-wei-chao
http://www.zhihu.com/people/xiao-yi-21-11
http://www.zhihu.com/people/tang-jing-yu-24
http://www.zhihu.com/people/zhengjny
http://www.zhihu.com/people/chen-xiao-gan-62
http://www.zhihu.com/people/chinawords
http://www.zhihu.com/people/weixinsam
http://www.zhihu.com/people/guo-kai-38
http://www.zhihu.com/people/summer2flower
http://www.zhihu.com/people/liu-wen-83
http://www.zhihu.com/people/ren-ping-50-52
http://www.zhihu.com/people/wang-fan-si
http://www.zhihu.com/people/vicky-li-17
http://www.zhihu.com/people/txz-zhihu
http://www.zhihu.com/people/wang-pang-xia
http://www.zhihu.com/people/ma-que-10
http://www.zhihu.com/people/zhu-li-jun-67
http://www.zhihu.com/people/yu-long-71-12
http://www.zhihu.com/people/gao-xin
http://www.zhihu.com/people/cao-cao-93-65
http://www.zhihu.com/people/ishibo-ya-52
http://www.zhihu.com/people/liu-yuan-19-37
http://www.zhihu.com/people/huang-hua-90-60
http://www.zhihu.com/people/liufengju
http://www.zhihu.com/people/hans-99
http://www.zhihu.com/people/xiao-chu
http://www.zhihu.com/people/cong-teng
http://www.zhihu.com/people/li-rui-qi-96
http://www.zhihu.com/people/liu-jun-16-40
http://www.zhihu.com/people/bai-kai-26
http://www.zhihu.com/people/jaytags
http://www.zhihu.com/people/li-xing-lei
http://www.zhihu.com/people/chen-zi-hao-95
http://www.zhihu.com/people/wu-wen-jun-40
http://www.zhihu.com/people/guo-rui-15
http://www.zhihu.com/people/herman-yu
http://www.zhihu.com/people/modig
http://www.zhihu.com/people/wang-xiao-chuan-42
http://www.zhihu.com/people/zhang-xiao-qian-94
http://www.zhihu.com/people/xu-san
http://www.zhihu.com/people/cao-mou-mou
http://www.zhihu.com/people/victorsong
http://www.zhihu.com/people/chen-yiwei-83
http://www.zhihu.com/people/chougu
http://www.zhihu.com/people/h_p_winston
http://www.zhihu.com/people/anmodiddy
http://www.zhihu.com/people/zhu-yong-quan-87
http://www.zhihu.com/people/wang-xiao-jia-36
http://www.zhihu.com/people/tang-pao-pao
http://www.zhihu.com/people/ying-zhang-51
http://www.zhihu.com/people/liu-ying-heng
http://www.zhihu.com/people/ohtintin
http://www.zhihu.com/people/shi-qiang-74
http://www.zhihu.com/people/wu-chuan
http://www.zhihu.com/people/baiyanhuang
http://www.zhihu.com/people/chen-chao-22-22
http://www.zhihu.com/people/zhi-fou-21
http://www.zhihu.com/people/lvsedanongchang
http://www.zhihu.com/people/laofish
http://www.zhihu.com/people/feng-xiao-fei
http://www.zhihu.com/people/li-hao-93-27
http://www.zhihu.com/people/yang-yang-16-3
http://www.zhihu.com/people/li-hui-46
http://www.zhihu.com/people/wang-le-ju
http://www.zhihu.com/people/john-leon
http://www.zhihu.com/people/rbbcarl
http://www.zhihu.com/people/zhou-shu-de
http://www.zhihu.com/people/zhang-wei-zhong
http://www.zhihu.com/people/yi-hua-86
http://www.zhihu.com/people/wang-long-79
http://www.zhihu.com/people/lufa
http://www.zhihu.com/people/shujuan-tian
http://www.zhihu.com/people/wu-hu
http://www.zhihu.com/people/xie-wen-di
http://www.zhihu.com/people/wxiluo
http://www.zhihu.com/people/damon-88
http://www.zhihu.com/people/sophy-wang-3
http://www.zhihu.com/people/elijah-4
http://www.zhihu.com/people/mi-chou
http://www.zhihu.com/people/zhu-qing-24
http://www.zhihu.com/people/liu-hao-rou
http://www.zhihu.com/people/zhu-da-da-24
http://www.zhihu.com/people/huang-guo-qing-60
http://www.zhihu.com/people/weijiali
http://www.zhihu.com/people/liu-gao-yuan
http://www.zhihu.com/people/tu-er-hua
http://www.zhihu.com/people/waican
http://www.zhihu.com/people/ValenciaSUN
http://www.zhihu.com/people/mi-xiao-ke
http://www.zhihu.com/people/you-duan-da-di
http://www.zhihu.com/people/sun-yifan-23
http://www.zhihu.com/people/qing-zi-75
http://www.zhihu.com/people/su-che-98
http://www.zhihu.com/people/shady-slim-41
http://www.zhihu.com/people/damao
http://www.zhihu.com/people/peng-xing-23
http://www.zhihu.com/people/deng-lin-shan
http://www.zhihu.com/people/yumouxiehou
http://www.zhihu.com/people/jin-qiao-chu
http://www.zhihu.com/people/mapengze
http://www.zhihu.com/people/xiang-pei
http://www.zhihu.com/people/icer
http://www.zhihu.com/people/han-qiu-ku
http://www.zhihu.com/people/da-shi-1
http://www.zhihu.com/people/wayne-83
http://www.zhihu.com/people/an-ran-47-4
http://www.zhihu.com/people/crazyreal
http://www.zhihu.com/people/su-ming-58
http://www.zhihu.com/people/hai-dao-qiao
http://www.zhihu.com/people/zheling
http://www.zhihu.com/people/xinghui
http://www.zhihu.com/people/garcio
http://www.zhihu.com/people/huobazi
http://www.zhihu.com/people/mo-jie-61
http://www.zhihu.com/people/neck-luo
http://www.zhihu.com/people/cao-kai-cheng
http://www.zhihu.com/people/lu-suo
http://www.zhihu.com/people/woichengc
http://www.zhihu.com/people/zhu-yixin-42
http://www.zhihu.com/people/chen-he-43-1
http://www.zhihu.com/people/puppylove
http://www.zhihu.com/people/finalray
http://www.zhihu.com/people/long-qun-bi-kong
http://www.zhihu.com/people/cocoxiaoz
http://www.zhihu.com/people/yhwang
http://www.zhihu.com/people/banlon
http://www.zhihu.com/people/ci-luo
http://www.zhihu.com/people/liu-zi-xuan-42
http://www.zhihu.com/people/liang-sa-sa
http://www.zhihu.com/people/kong-rong-26
http://www.zhihu.com/people/iyouth
http://www.zhihu.com/people/zhou-jing-wei-12
http://www.zhihu.com/people/chu-pei-rui
http://www.zhihu.com/people/guo-wei-hua
http://www.zhihu.com/people/xuyang-hou
http://www.zhihu.com/people/zheng-tao-64
http://www.zhihu.com/people/lin-mu-58-41
http://www.zhihu.com/people/cuizhanya
http://www.zhihu.com/people/liu-hai-bao-58
http://www.zhihu.com/people/liu-zheng-77
http://www.zhihu.com/people/zou-hui-lei
http://www.zhihu.com/people/ma-liang-38-11
http://www.zhihu.com/people/phoenix-71
http://www.zhihu.com/people/wu-qing-gui-28
http://www.zhihu.com/people/xiong-zhuang-44
http://www.zhihu.com/people/vayn
http://www.zhihu.com/people/chen-yao-6
http://www.zhihu.com/people/li-shou-yin-89
http://www.zhihu.com/people/......
http://www.zhihu.com/people/mvie
http://www.zhihu.com/people/han-de-sheng
http://www.zhihu.com/people/chen_yi_qiao
http://www.zhihu.com/people/liulv85
http://www.zhihu.com/people/l-elf
http://www.zhihu.com/people/lin-jia-16
http://www.zhihu.com/people/lulu2012
http://www.zhihu.com/people/he-yao-56
http://www.zhihu.com/people/yang-allen-11
http://www.zhihu.com/people/zhao-ming-he
http://www.zhihu.com/people/Ladysanta
http://www.zhihu.com/people/hu-shi-hong
http://www.zhihu.com/people/zhao-zi-57
http://www.zhihu.com/people/sen-feng
http://www.zhihu.com/people/chaos-20
http://www.zhihu.com/people/chen-yu-wei-71
http://www.zhihu.com/people/rabbitxxx
http://www.zhihu.com/people/hubery-52
http://www.zhihu.com/people/wu-chen-24-59
http://www.zhihu.com/people/jessfay
http://www.zhihu.com/people/timeface
http://www.zhihu.com/people/merryjing
http://www.zhihu.com/people/rachel-xu-cn
http://www.zhihu.com/people/eastwood
http://www.zhihu.com/people/qing-jia-4
http://www.zhihu.com/people/babel-26
http://www.zhihu.com/people/zhu-bo-tao
http://www.zhihu.com/people/leileibaby
http://www.zhihu.com/people/li-penyong
http://www.zhihu.com/people/jiang-yuan-bo-81
http://www.zhihu.com/people/goforwardtheworld
http://www.zhihu.com/people/want-then
http://www.zhihu.com/people/anthony-79
http://www.zhihu.com/people/napoli-76
http://www.zhihu.com/people/ke-zi-78
http://www.zhihu.com/people/zhong-cun-bruce
http://www.zhihu.com/people/zzllss
http://www.zhihu.com/people/chen-deng-ke-3
http://www.zhihu.com/people/daviestang
http://www.zhihu.com/people/mu-lan-46
http://www.zhihu.com/people/jarod
http://www.zhihu.com/people/muteness
http://www.zhihu.com/people/xu-jing-21
http://www.zhihu.com/people/yang-hao-62-72
http://www.zhihu.com/people/juice-wong
http://www.zhihu.com/people/yumai
http://www.zhihu.com/people/oushixiaoxie
http://www.zhihu.com/people/happy10086
http://www.zhihu.com/people/gong-zhi-yu
http://www.zhihu.com/people/voyopo
http://www.zhihu.com/people/zhang-wei-77-82
http://www.zhihu.com/people/xi-wen-yuan
http://www.zhihu.com/people/jiang-chao-58-94
http://www.zhihu.com/people/ma-ying-long-64
http://www.zhihu.com/people/xibie
http://www.zhihu.com/people/chaosong
http://www.zhihu.com/people/yang-yong-37
http://www.zhihu.com/people/ihappybear
http://www.zhihu.com/people/li-li-86-60
http://www.zhihu.com/people/wu-xing-da
http://www.zhihu.com/people/lulu-zhang-72
http://www.zhihu.com/people/ta-zi-ding
http://www.zhihu.com/people/dai-bin-82
http://www.zhihu.com/people/lisa-lee-55
http://www.zhihu.com/people/huan-yan-67
http://www.zhihu.com/people/chun-zhi-ting
http://www.zhihu.com/people/lily-leo
http://www.zhihu.com/people/li-ya-fei-28
http://www.zhihu.com/people/zhang-pi-shi
http://www.zhihu.com/people/zhang-wan-tao-24
http://www.zhihu.com/people/zu-ji-65
http://www.zhihu.com/people/wang-ze-
http://www.zhihu.com/people/xuhuafeng
http://www.zhihu.com/people/hellofish0723
http://www.zhihu.com/people/maoye
http://www.zhihu.com/people/donkeeeeey
http://www.zhihu.com/people/yang-yang-69-37
http://www.zhihu.com/people/Eric_Guo
http://www.zhihu.com/people/wu-ke-er-87
http://www.zhihu.com/people/liu-guo-qiang-12
http://www.zhihu.com/people/susus
http://www.zhihu.com/people/wang-duan-duan
http://www.zhihu.com/people/feng-si-zheng
http://www.zhihu.com/people/guren
http://www.zhihu.com/people/lu-gui-chen-26
http://www.zhihu.com/people/karaki
http://www.zhihu.com/people/chen-cheng-yu
http://www.zhihu.com/people/wu-le-27
http://www.zhihu.com/people/cui-tyler-26
http://www.zhihu.com/people/chenshenghao
http://www.zhihu.com/people/zhang-xin-wei
http://www.zhihu.com/people/mai-xiao-qi-55
http://www.zhihu.com/people/ji-er-13
http://www.zhihu.com/people/xuyixian
http://www.zhihu.com/people/kevincf
http://www.zhihu.com/people/jun-yu-61
http://www.zhihu.com/people/hu-xin-yao
http://www.zhihu.com/people/evonne-zhao-16
http://www.zhihu.com/people/weng-xiao-tong
http://www.zhihu.com/people/hanz-chen
http://www.zhihu.com/people/zheng-zha-22
http://www.zhihu.com/people/luo-ke-xian-sheng
http://www.zhihu.com/people/rincolor
http://www.zhihu.com/people/xingtao-shen
http://www.zhihu.com/people/793622599
http://www.zhihu.com/people/xu-xue-hen
http://www.zhihu.com/people/qiu-lu-lu
http://www.zhihu.com/people/ren-emma
http://www.zhihu.com/people/tang-chang-pu-66
http://www.zhihu.com/people/lai-xiao-quan-5
http://www.zhihu.com/people/howah-yip
http://www.zhihu.com/people/yang-zhong-chuan
http://www.zhihu.com/people/mai-zi-65
http://www.zhihu.com/people/liu-bo-yang-71
http://www.zhihu.com/people/chen-xi-911
http://www.zhihu.com/people/pedronji
http://www.zhihu.com/people/chendayun
http://www.zhihu.com/people/ruan-wen-jun
http://www.zhihu.com/people/la-la-28-75
http://www.zhihu.com/people/a-lai-ye-shi
http://www.zhihu.com/people/zhu-ming-rui
http://www.zhihu.com/people/zhu-ming-xing
http://www.zhihu.com/people/yang-zhen-98
http://www.zhihu.com/people/xia-luo-te
http://www.zhihu.com/people/ya-mu-xi
http://www.zhihu.com/people/zhang-jiang-10
http://www.zhihu.com/people/zhang-xu-12-34
http://www.zhihu.com/people/song-jun-tao
http://www.zhihu.com/people/blus
http://www.zhihu.com/people/wang-yu-61-84
http://www.zhihu.com/people/wang-long-14-42
http://www.zhihu.com/people/du-xin-48
http://www.zhihu.com/people/gq85
http://www.zhihu.com/people/lbxxgn
http://www.zhihu.com/people/kywang
http://www.zhihu.com/people/mao-shi-lin-65
http://www.zhihu.com/people/lomost
http://www.zhihu.com/people/spiro
http://www.zhihu.com/people/feng-da-pao
http://www.zhihu.com/people/xiaoo
http://www.zhihu.com/people/peterlu
http://www.zhihu.com/people/zhang-li-yong-35
http://www.zhihu.com/people/googleapple
http://www.zhihu.com/people/jin-yi-88
http://www.zhihu.com/people/a-xiang-70
http://www.zhihu.com/people/lushen
http://www.zhihu.com/people/chen-lu-ke
http://www.zhihu.com/people/gaorunning
http://www.zhihu.com/people/zuo-zhi
http://www.zhihu.com/people/squarexx
http://www.zhihu.com/people/sisyphus-18
http://www.zhihu.com/people/tao-david
http://www.zhihu.com/people/du-yin-yin
http://www.zhihu.com/people/hfitp
http://www.zhihu.com/people/zhangtao168
http://www.zhihu.com/people/li-wei-46-72
http://www.zhihu.com/people/suo-xiao-die
http://www.zhihu.com/people/bai-shui-94-21
http://www.zhihu.com/people/ohamoy
http://www.zhihu.com/people/tun-tan
http://www.zhihu.com/people/can-xie-7
http://www.zhihu.com/people/you-zi-han
http://www.zhihu.com/people/ma-jian-44
http://www.zhihu.com/people/lu-yuan-bao
http://www.zhihu.com/people/li-yu-gang-19
http://www.zhihu.com/people/hong-chuan
http://www.zhihu.com/people/brazt-r
http://www.zhihu.com/people/kkelsey10
http://www.zhihu.com/people/wang-lao-mao
http://www.zhihu.com/people/lin-mu-lue
http://www.zhihu.com/people/hidigi
http://www.zhihu.com/people/brad-16
http://www.zhihu.com/people/s5856338
http://www.zhihu.com/people/yuwufu
http://www.zhihu.com/people/lipengbin
http://www.zhihu.com/people/fanpancn
http://www.zhihu.com/people/zhang-ju-xuan
http://www.zhihu.com/people/yu-bo-yu
http://www.zhihu.com/people/deng-tao-39
http://www.zhihu.com/people/shi-ming-42
http://www.zhihu.com/people/ycziyou
http://www.zhihu.com/people/li-fan-56-74
http://www.zhihu.com/people/patron
http://www.zhihu.com/people/lee-jj
http://www.zhihu.com/people/wang-biao-biao-18
http://www.zhihu.com/people/miao-jiao-shi
http://www.zhihu.com/people/deng-xin-52
http://www.zhihu.com/people/hua-zhao-49
http://www.zhihu.com/people/xieyanwei
http://www.zhihu.com/people/zisha360
http://www.zhihu.com/people/mzxxgs
http://www.zhihu.com/people/famo-h
http://www.zhihu.com/people/tony-zhang-0521
http://www.zhihu.com/people/summy
http://www.zhihu.com/people/cherrydcy
http://www.zhihu.com/people/charlotte-78
http://www.zhihu.com/people/kimxu
http://www.zhihu.com/people/xun-babe
http://www.zhihu.com/people/zhihu_weekly
http://www.zhihu.com/people/da-fu-zi
http://www.zhihu.com/people/liu-xin-84-51
http://www.zhihu.com/people/zhao-jia-ming-22
http://www.zhihu.com/people/liu-shu-hao-7-63
http://www.zhihu.com/people/long-jing-70
http://www.zhihu.com/people/zhao-xiao-hang-9
http://www.zhihu.com/people/chen-cheng-74-48
http://www.zhihu.com/people/guozeqian
http://www.zhihu.com/people/MrToyy
http://www.zhihu.com/people/shi-sheng-15
http://www.zhihu.com/people/gu-zi-su-5
http://www.zhihu.com/people/miao-de-ling
http://www.zhihu.com/people/joys-wu
http://www.zhihu.com/people/zheng-kang-bo
http://www.zhihu.com/people/zhang-gan-long
http://www.zhihu.com/people/wang-yao-jian
http://www.zhihu.com/people/jin-xiao-ming
http://www.zhihu.com/people/lin-xiao-yang-10
http://www.zhihu.com/people/be-with-lele
http://www.zhihu.com/people/nan-qu-xiong-mao
http://www.zhihu.com/people/THFQ
http://www.zhihu.com/people/xu-lei-97-56
http://www.zhihu.com/people/xiao-tie-he
http://www.zhihu.com/people/chou-zhi-24
http://www.zhihu.com/people/zhu-shi-jie-6
http://www.zhihu.com/people/cai-chen-albert
http://www.zhihu.com/people/long-hui-17
http://www.zhihu.com/people/guaishushuV587
http://www.zhihu.com/people/face-li
http://www.zhihu.com/people/gu-jia-yi-17
http://www.zhihu.com/people/inaken
http://www.zhihu.com/people/gao-zheng-11
http://www.zhihu.com/people/aClown
http://www.zhihu.com/people/lily-cao
http://www.zhihu.com/people/rose-61
http://www.zhihu.com/people/qie-ye
http://www.zhihu.com/people/wolekuduo
http://www.zhihu.com/people/malihome
http://www.zhihu.com/people/wang-wen-24
http://www.zhihu.com/people/wu-xi-43
http://www.zhihu.com/people/ifreedom
http://www.zhihu.com/people/Felicity
http://www.zhihu.com/people/changfan
http://www.zhihu.com/people/yu-lei-ming
http://www.zhihu.com/people/zhong-ye-zi-49
http://www.zhihu.com/people/wang-yue-zheng
http://www.zhihu.com/people/yang-xiao-er-72
http://www.zhihu.com/people/stephanie-73
http://www.zhihu.com/people/licohere
http://www.zhihu.com/people/exco
http://www.zhihu.com/people/ceng-yong-82
http://www.zhihu.com/people/maxxie88
http://www.zhihu.com/people/qin-ya-bing
http://www.zhihu.com/people/su-chi-chi
http://www.zhihu.com/people/fan-xu-51
http://www.zhihu.com/people/kairen
http://www.zhihu.com/people/zi-lu-_hu-kai-_
http://www.zhihu.com/people/NicholasNing
http://www.zhihu.com/people/heizaozi
http://www.zhihu.com/people/zhang-xiao-mo-41
http://www.zhihu.com/people/chang-cheng-jiang
http://www.zhihu.com/people/nicolas-micheal
http://www.zhihu.com/people/wang-da-li-69
http://www.zhihu.com/people/xinvi
http://www.zhihu.com/people/xian-shen-37
http://www.zhihu.com/people/luo-huai-can
http://www.zhihu.com/people/liu-cheng-26
http://www.zhihu.com/people/shi-kai-50
http://www.zhihu.com/people/peterzhang
http://www.zhihu.com/people/wei-ren-19
http://www.zhihu.com/people/chen-yihui
http://www.zhihu.com/people/robin-14
http://www.zhihu.com/people/yang-xiao-yin-55
http://www.zhihu.com/people/li-zhu-19
http://www.zhihu.com/people/xu-yong-jia
http://www.zhihu.com/people/wangzhengnb
http://www.zhihu.com/people/ai-zi-35
http://www.zhihu.com/people/wang-ze-jun-26
http://www.zhihu.com/people/wjbf
http://www.zhihu.com/people/hongshu
http://www.zhihu.com/people/deng-zi-20
http://www.zhihu.com/people/hu-ha-ha-78
http://www.zhihu.com/people/lei-hao-yi
http://www.zhihu.com/people/lin-ming-hui-1
http://www.zhihu.com/people/sunny-lee-37
http://www.zhihu.com/people/max-wang
http://www.zhihu.com/people/cheng-jun-900
http://www.zhihu.com/people/pomwong
http://www.zhihu.com/people/xiao-sa-06-16
http://www.zhihu.com/people/cui-mai-tian
http://www.zhihu.com/people/jonhsonwon
http://www.zhihu.com/people/vivian-42-98
http://www.zhihu.com/people/liu-xiang-yu-62
http://www.zhihu.com/people/fang-yong-bo
http://www.zhihu.com/people/cfcuso4
http://www.zhihu.com/people/wang-teng-91
http://www.zhihu.com/people/shang-chang-hua
http://www.zhihu.com/people/sun-kai-129
http://www.zhihu.com/people/wang-qi-qi-86
http://www.zhihu.com/people/su-zhi-heng-41
http://www.zhihu.com/people/yang-le-zhi
http://www.zhihu.com/people/rick-he
http://www.zhihu.com/people/oyster-bingqian
http://www.zhihu.com/people/xnzhang
http://www.zhihu.com/people/moonshinefly
http://www.zhihu.com/people/steve-70
http://www.zhihu.com/people/dhfl
http://www.zhihu.com/people/luo-sen-46
http://www.zhihu.com/people/shang-ruo-wan-shang
http://www.zhihu.com/people/shi-zheng-59
http://www.zhihu.com/people/zhenghaorocks
http://www.zhihu.com/people/bai-shu-qi-ya
http://www.zhihu.com/people/yu-tianli
http://www.zhihu.com/people/butcherv
http://www.zhihu.com/people/jery-weung
http://www.zhihu.com/people/minny
http://www.zhihu.com/people/ceng-yi-sen
http://www.zhihu.com/people/zhan-jian-yu
http://www.zhihu.com/people/Jacse
http://www.zhihu.com/people/andrew-16-88
http://www.zhihu.com/people/kong-jorney
http://www.zhihu.com/people/laopopo
http://www.zhihu.com/people/lan-31
http://www.zhihu.com/people/luo-zhiyuan
http://www.zhihu.com/people/rui-jiu-jiu
http://www.zhihu.com/people/wfloveyou
http://www.zhihu.com/people/superwanker
http://www.zhihu.com/people/wang-xiao-xing-47
http://www.zhihu.com/people/wang-chuan-lin
http://www.zhihu.com/people/VCZhang
http://www.zhihu.com/people/zeyuhan
http://www.zhihu.com/people/zhang-san-niu
http://www.zhihu.com/people/luo-xu-bo
http://www.zhihu.com/people/lin-xiao-shu-12
http://www.zhihu.com/people/huang-guan-si
http://www.zhihu.com/people/qi-feng-70
http://www.zhihu.com/people/xi-xi-yang-9
http://www.zhihu.com/people/liull0627
http://www.zhihu.com/people/zhang-chao-57-39
http://www.zhihu.com/people/cornelia-kerr
http://www.zhihu.com/people/pei-gen-zhu
http://www.zhihu.com/people/sherry-59
http://www.zhihu.com/people/yang-li-ying-88
http://www.zhihu.com/people/weijiaqi
http://www.zhihu.com/people/li-zhen-huan-66
http://www.zhihu.com/people/psr0071
http://www.zhihu.com/people/chen-hong-65-12
http://www.zhihu.com/people/victo
http://www.zhihu.com/people/hong-xiao-dou
http://www.zhihu.com/people/zheng-jun-sheng
http://www.zhihu.com/people/gaius-chang
http://www.zhihu.com/people/tantpis
http://www.zhihu.com/people/zhang-yun-76
http://www.zhihu.com/people/wang-ke-li-83
http://www.zhihu.com/people/fredsun
http://www.zhihu.com/people/sidney
http://www.zhihu.com/people/xie6yu
http://www.zhihu.com/people/xiao-han-60
http://www.zhihu.com/people/ericyu-jian
http://www.zhihu.com/people/jerry-lu-6
http://www.zhihu.com/people/chen-fei-37-45
http://www.zhihu.com/people/zhihuclub
http://www.zhihu.com/people/wicket-gate
http://www.zhihu.com/people/zheng-xin-hang-13
http://www.zhihu.com/people/chen-yu-min-5
http://www.zhihu.com/people/zhang-yi-72-68
http://www.zhihu.com/people/chen-mo-xi-65
http://www.zhihu.com/people/shi-bo-qing
http://www.zhihu.com/people/bobblin
http://www.zhihu.com/people/kongxiangyuan
http://www.zhihu.com/people/yang-ling-fei
http://www.zhihu.com/people/dong-jia-bin
http://www.zhihu.com/people/fangliangchen
http://www.zhihu.com/people/tonnychow
http://www.zhihu.com/people/li-meng-ting-38-72
http://www.zhihu.com/people/Dominic_
http://www.zhihu.com/people/halfmile
http://www.zhihu.com/people/neutrinozeng
http://www.zhihu.com/people/gavin-1
http://www.zhihu.com/people/jeremylam
http://www.zhihu.com/people/zhang-guang-yuan-29
http://www.zhihu.com/people/zhu-re-2
http://www.zhihu.com/people/an-dong-5-94
http://www.zhihu.com/people/jiao-chen-yang
http://www.zhihu.com/people/lucybin
http://www.zhihu.com/people/techoxygen
http://www.zhihu.com/people/liu-li-kang
http://www.zhihu.com/people/jiu-mu-67
http://www.zhihu.com/people/li-jin-long-76
http://www.zhihu.com/people/li-yun-long-11
http://www.zhihu.com/people/song-tian-zhu
http://www.zhihu.com/people/li-tian-ming-88
http://www.zhihu.com/people/shi-shun-chang
http://www.zhihu.com/people/ahxxm
http://www.zhihu.com/people/katie.wang
http://www.zhihu.com/people/jing-cai-33
http://www.zhihu.com/people/gu-yue-kun
http://www.zhihu.com/people/wang-er-71
http://www.zhihu.com/people/sillybrother
http://www.zhihu.com/people/cyanday
http://www.zhihu.com/people/cooL
http://www.zhihu.com/people/wang-dou-dou-2
http://www.zhihu.com/people/jiangkaizhihu
http://www.zhihu.com/people/ledark
http://www.zhihu.com/people/haosong
http://www.zhihu.com/people/li-yi-51-92
http://www.zhihu.com/people/er-dian-ling
http://www.zhihu.com/people/limonzhou
http://www.zhihu.com/people/dannichen
http://www.zhihu.com/people/carina-32
http://www.zhihu.com/people/renkun
http://www.zhihu.com/people/qmqy
http://www.zhihu.com/people/chen-xing-23
http://www.zhihu.com/people/treewan
http://www.zhihu.com/people/lobo-73
http://www.zhihu.com/people/killerdeului
http://www.zhihu.com/people/chinalinbin
http://www.zhihu.com/people/id-malong
http://www.zhihu.com/people/bu-zhi-hu
http://www.zhihu.com/people/lin-zhe-96
http://www.zhihu.com/people/hong-shou
http://www.zhihu.com/people/chen-bing-hong-73
http://www.zhihu.com/people/raystartup
http://www.zhihu.com/people/wang-jing-7-16
http://www.zhihu.com/people/ruan-bei-qia
http://www.zhihu.com/people/eric-5
http://www.zhihu.com/people/g-pro
http://www.zhihu.com/people/cen-mei
http://www.zhihu.com/people/yishou-bai-cai
http://www.zhihu.com/people/tao-zhi-60
http://www.zhihu.com/people/wang-sheng-31
http://www.zhihu.com/people/han-yixin
http://www.zhihu.com/people/vivien-kaku
http://www.zhihu.com/people/bonjee
http://www.zhihu.com/people/gong-zi-xiang
http://www.zhihu.com/people/zhou-yuan-xiang
http://www.zhihu.com/people/lie-bei
http://www.zhihu.com/people/zhang-tang-89
http://www.zhihu.com/people/li-bo-yang-17
http://www.zhihu.com/people/nie-xiao-xiao
http://www.zhihu.com/people/paul-shadow
http://www.zhihu.com/people/gu-zhong-heng
http://www.zhihu.com/people/jpshuimu
http://www.zhihu.com/people/lilizong
http://www.zhihu.com/people/shao-jing-li
http://www.zhihu.com/people/wonderhao
http://www.zhihu.com/people/huan-huan-78
http://www.zhihu.com/people/zhangxiaoliang
http://www.zhihu.com/people/root-32
http://www.zhihu.com/people/darren-shen
http://www.zhihu.com/people/li-peng-yu
http://www.zhihu.com/people/stupident
http://www.zhihu.com/people/chriszhenzhen
http://www.zhihu.com/people/han-yan-hui
http://www.zhihu.com/people/liu-da-bai-32
http://www.zhihu.com/people/ellen-wong
http://www.zhihu.com/people/wu-jie-97
http://www.zhihu.com/people/klingons
http://www.zhihu.com/people/zhu-yi-ge
http://www.zhihu.com/people/yeyu-67
http://www.zhihu.com/people/guo-yilin
http://www.zhihu.com/people/li-jun-13-31
http://www.zhihu.com/people/wu-li-jun-34
http://www.zhihu.com/people/ryanhuang
http://www.zhihu.com/people/leafirene
http://www.zhihu.com/people/yi-an-69
http://www.zhihu.com/people/li-mengyao
http://www.zhihu.com/people/anyi90
http://www.zhihu.com/people/lei-gong
http://www.zhihu.com/people/gao-da-li
http://www.zhihu.com/people/zhengguoqiang
http://www.zhihu.com/people/xiao-gui-yuan
http://www.zhihu.com/people/tao-ye-82
http://www.zhihu.com/people/li-lu-92
http://www.zhihu.com/people/yang-yi-ran
http://www.zhihu.com/people/zhao-yan-bi-ri
http://www.zhihu.com/people/zigzagly
http://www.zhihu.com/people/yizhu-9
http://www.zhihu.com/people/peishingchu
http://www.zhihu.com/people/zhao-jia-long-16
http://www.zhihu.com/people/amyas
http://www.zhihu.com/people/yu-shi-san
http://www.zhihu.com/people/zhang-chi-24
http://www.zhihu.com/people/xiao-jing-69-6
http://www.zhihu.com/people/polimoda
http://www.zhihu.com/people/lamtzeyue
http://www.zhihu.com/people/zava
http://www.zhihu.com/people/morgan-66
http://www.zhihu.com/people/lin-bi-mgal
http://www.zhihu.com/people/suifeng
http://www.zhihu.com/people/zhenghuiwen
http://www.zhihu.com/people/sophiewanxin
http://www.zhihu.com/people/whoRobert
http://www.zhihu.com/people/nickys
http://www.zhihu.com/people/xiao-tian-51
http://www.zhihu.com/people/chanjian-bruce
http://www.zhihu.com/people/chang-kai-xin-85
http://www.zhihu.com/people/song-chen-geng
http://www.zhihu.com/people/sheldongolf
http://www.zhihu.com/people/hu-lai-71
http://www.zhihu.com/people/gao-yang-bo
http://www.zhihu.com/people/ling-xi-96
http://www.zhihu.com/people/tera
http://www.zhihu.com/people/wang-jia-wei-45-85
http://www.zhihu.com/people/jiang-lei-12
http://www.zhihu.com/people/liu-hai-bo-99-41
http://www.zhihu.com/people/cheng-chang
http://www.zhihu.com/people/cheng-zeng-cun
http://www.zhihu.com/people/hou-ye
http://www.zhihu.com/people/malcolmyu
http://www.zhihu.com/people/cui-xiao-fan
http://www.zhihu.com/people/krong
http://www.zhihu.com/people/shao-you
http://www.zhihu.com/people/lunatic
http://www.zhihu.com/people/wang-guo-dong-34
http://www.zhihu.com/people/liang-xiao-peng-36
http://www.zhihu.com/people/su-yun
http://www.zhihu.com/people/he-chao-53
http://www.zhihu.com/people/susuk
http://www.zhihu.com/people/qiaop
http://www.zhihu.com/people/kang-kai
http://www.zhihu.com/people/hexiaobing
http://www.zhihu.com/people/zhou-yue-64
http://www.zhihu.com/people/li-wu-jiu
http://www.zhihu.com/people/yang-rui-21
http://www.zhihu.com/people/bi-you-72
http://www.zhihu.com/people/reven-69
http://www.zhihu.com/people/dou-ke-qin
http://www.zhihu.com/people/tygoonray
http://www.zhihu.com/people/gu-rong
http://www.zhihu.com/people/oogoo
http://www.zhihu.com/people/yi-zhi-83
http://www.zhihu.com/people/smokefire
http://www.zhihu.com/people/jia-ke-wei
http://www.zhihu.com/people/li-ping-fan-39
http://www.zhihu.com/people/xiao-su-27
http://www.zhihu.com/people/wu-ze-92
http://www.zhihu.com/people/dion
http://www.zhihu.com/people/liao-chang-kong
http://www.zhihu.com/people/qq7749507
http://www.zhihu.com/people/liqili
http://www.zhihu.com/people/chen-qing-jun
http://www.zhihu.com/people/david-geng
http://www.zhihu.com/people/zhou-kun-21-17
http://www.zhihu.com/people/Lucife
http://www.zhihu.com/people/xie-jia-ming-5
http://www.zhihu.com/people/yin-si-qi
http://www.zhihu.com/people/xia-jie-95
http://www.zhihu.com/people/max-lioe
http://www.zhihu.com/people/zengmin
http://www.zhihu.com/people/eric-electric
http://www.zhihu.com/people/di-xiao-bin
http://www.zhihu.com/people/fuyuanp
http://www.zhihu.com/people/jeremylei
http://www.zhihu.com/people/lin-yu-16-45
http://www.zhihu.com/people/tsau.liu
http://www.zhihu.com/people/Art-Joker
http://www.zhihu.com/people/guo-zi-yun-33
http://www.zhihu.com/people/pan-deng-86
http://www.zhihu.com/people/alice-75
http://www.zhihu.com/people/li-jin-feng-84
http://www.zhihu.com/people/liu-yi-cheng-13
http://www.zhihu.com/people/zhang-yan-56
http://www.zhihu.com/people/niu-bu-li-qi
http://www.zhihu.com/people/MEFISTO
http://www.zhihu.com/people/gray-zhao
http://www.zhihu.com/people/yi-zhong-wei
http://www.zhihu.com/people/itansy
http://www.zhihu.com/people/GilgameshK
http://www.zhihu.com/people/xiao-bo-97-41
http://www.zhihu.com/people/gao-jing-jie
http://www.zhihu.com/people/gu-mei-men-yan-jie-18
http://www.zhihu.com/people/wang-shui-89
http://www.zhihu.com/people/kennyxk
http://www.zhihu.com/people/zhang-liang-peng
http://www.zhihu.com/people/duan-qian-90
http://www.zhihu.com/people/xiao-guang-jun
http://www.zhihu.com/people/jzhone
http://www.zhihu.com/people/newcomer
http://www.zhihu.com/people/superdiary
http://www.zhihu.com/people/du-yu-64
http://www.zhihu.com/people/Changmingwei
http://www.zhihu.com/people/caidao
http://www.zhihu.com/people/Joey9094
http://www.zhihu.com/people/peng-hao-74
http://www.zhihu.com/people/zhao-wen-jie
http://www.zhihu.com/people/nie-jun-3
http://www.zhihu.com/people/meng-kai-66
http://www.zhihu.com/people/hui-xin
http://www.zhihu.com/people/ylzhu
http://www.zhihu.com/people/fang-yi-cheng-73
http://www.zhihu.com/people/liu-jun-zhou-44
http://www.zhihu.com/people/tfzxyinhao
http://www.zhihu.com/people/xianguangyang
http://www.zhihu.com/people/yideng
http://www.zhihu.com/people/tan-tou-tan-nao-57
http://www.zhihu.com/people/chen-bang-19
http://www.zhihu.com/people/xiao-bai-yang-16
http://www.zhihu.com/people/septimusx
http://www.zhihu.com/people/meiyouzhuya
http://www.zhihu.com/people/xia-mi-3-82
http://www.zhihu.com/people/crossknight
http://www.zhihu.com/people/cai-ti-ran
http://www.zhihu.com/people/jiang-xue-qian
http://www.zhihu.com/people/wang-bo-jie
http://www.zhihu.com/people/kwongsek
http://www.zhihu.com/people/robin-54-34
http://www.zhihu.com/people/bale
http://www.zhihu.com/people/xie-si-ming
http://www.zhihu.com/people/mayghost
http://www.zhihu.com/people/jeff_lee
http://www.zhihu.com/people/lu-tian-88
http://www.zhihu.com/people/bitaylor
http://www.zhihu.com/people/tang-mi-9
http://www.zhihu.com/people/li-song-64
http://www.zhihu.com/people/xi-ou-li
http://www.zhihu.com/people/freezing
http://www.zhihu.com/people/AmoLoong
http://www.zhihu.com/people/zhou-si-cheng-96
http://www.zhihu.com/people/asimali
http://www.zhihu.com/people/hai-yang
http://www.zhihu.com/people/zhang-hao-22
http://www.zhihu.com/people/dai-xiao-lan
http://www.zhihu.com/people/zhou-jie-47
http://www.zhihu.com/people/madouling
http://www.zhihu.com/people/yan-liu
http://www.zhihu.com/people/yolanda-75
http://www.zhihu.com/people/mo-xiao-bei-1
http://www.zhihu.com/people/think
http://www.zhihu.com/people/wang-zhen-chao
http://www.zhihu.com/people/daviru
http://www.zhihu.com/people/a-long
http://www.zhihu.com/people/aumoney
http://www.zhihu.com/people/boviyoung
http://www.zhihu.com/people/yeshun
http://www.zhihu.com/people/meng-shui-yi-mou
http://www.zhihu.com/people/xianghaibing
http://www.zhihu.com/people/wu-wei-23
http://www.zhihu.com/people/chen-qing-kai-11
http://www.zhihu.com/people/yu-jie-82
http://www.zhihu.com/people/blackswan
http://www.zhihu.com/people/zheng-zao-li
http://www.zhihu.com/people/wang-jian-54
http://www.zhihu.com/people/Zhendong
http://www.zhihu.com/people/shurrik
http://www.zhihu.com/people/he-le-yi
http://www.zhihu.com/people/lanson
http://www.zhihu.com/people/kidlee
http://www.zhihu.com/people/YuXH
http://www.zhihu.com/people/xuzhihong
http://www.zhihu.com/people/icenc
http://www.zhihu.com/people/zhu-xing-zhou
http://www.zhihu.com/people/mo-fei-82
http://www.zhihu.com/people/feng-guo-tian
http://www.zhihu.com/people/chen-chen-48-57
http://www.zhihu.com/people/tian-chuan-88
http://www.zhihu.com/people/fanguofeng
http://www.zhihu.com/people/stig-zhang
http://www.zhihu.com/people/astrum
http://www.zhihu.com/people/huanghuihui1991
http://www.zhihu.com/people/chubin
http://www.zhihu.com/people/wang-yuan-66-5
http://www.zhihu.com/people/su-shun-de
http://www.zhihu.com/people/zhu-qian-dai-30
http://www.zhihu.com/people/wangtengchuan
http://www.zhihu.com/people/rare
http://www.zhihu.com/people/guo-jia-22
http://www.zhihu.com/people/bo-wen-49
http://www.zhihu.com/people/hengzhi
http://www.zhihu.com/people/lio-snow
http://www.zhihu.com/people/yu-yue-51
http://www.zhihu.com/people/zhang-yang-60-19
http://www.zhihu.com/people/zhang-qiu-qing
http://www.zhihu.com/people/chenghan
http://www.zhihu.com/people/huma
http://www.zhihu.com/people/acura
http://www.zhihu.com/people/umifam
http://www.zhihu.com/people/gooroo
http://www.zhihu.com/people/zhang-shao-mai
http://www.zhihu.com/people/oleg-vodnik
http://www.zhihu.com/people/poseidon-80
http://www.zhihu.com/people/mr-duan
http://www.zhihu.com/people/su-he-12
http://www.zhihu.com/people/wang-lan-qing
http://www.zhihu.com/people/jerry-zhang-34
http://www.zhihu.com/people/cinderellaing
http://www.zhihu.com/people/he-zhi-hong-31
http://www.zhihu.com/people/zhu-wen
http://www.zhihu.com/people/chen-shao-qing-34
http://www.zhihu.com/people/huang-zhi-93
http://www.zhihu.com/people/tassandar
http://www.zhihu.com/people/tian-shui-25
http://www.zhihu.com/people/spoontzc
http://www.zhihu.com/people/longway
http://www.zhihu.com/people/cao-lin-nuo
http://www.zhihu.com/people/tuo-er
http://www.zhihu.com/people/weizhi.pan
http://www.zhihu.com/people/disillusione
http://www.zhihu.com/people/zhu-xu-dong-82
http://www.zhihu.com/people/huang-jing-song
http://www.zhihu.com/people/xie-nan-53
http://www.zhihu.com/people/matrix-trueman-2
http://www.zhihu.com/people/zhang-quan-zhen
http://www.zhihu.com/people/zhang-wan-xiang
http://www.zhihu.com/people/liang-yu-fan
http://www.zhihu.com/people/allenzhangkai
http://www.zhihu.com/people/vivixb
http://www.zhihu.com/people/song001
http://www.zhihu.com/people/hao-shuai-peng
http://www.zhihu.com/people/Ophelia_L
http://www.zhihu.com/people/tth901022
http://www.zhihu.com/people/zhu-xiao-wu-77
http://www.zhihu.com/people/onlyeating_nowashing
http://www.zhihu.com/people/zblc
http://www.zhihu.com/people/zhaoyuekent
http://www.zhihu.com/people/shidaoxiong
http://www.zhihu.com/people/supertaiji
http://www.zhihu.com/people/jasonzou
http://www.zhihu.com/people/yantaocn
http://www.zhihu.com/people/ryanlee-46
http://www.zhihu.com/people/lihongchao
http://www.zhihu.com/people/xiao-lin-80
http://www.zhihu.com/people/ye-tao-rui
http://www.zhihu.com/people/widefni
http://www.zhihu.com/people/rexchan
http://www.zhihu.com/people/auspicesaint
http://www.zhihu.com/people/cai-xue-dan
http://www.zhihu.com/people/liu-ying-ge
http://www.zhihu.com/people/marssoap
http://www.zhihu.com/people/xiao-yu-long
http://www.zhihu.com/people/StudentofRiemann
http://www.zhihu.com/people/weng-xiao-cong
http://www.zhihu.com/people/han-jian-le
http://www.zhihu.com/people/lixiaoxun
http://www.zhihu.com/people/zhao-liang-35-3
http://www.zhihu.com/people/wang-wei-82-36-82
http://www.zhihu.com/people/liu-hong-cai
http://www.zhihu.com/people/hanqixue
http://www.zhihu.com/people/dong-zhi-gao
http://www.zhihu.com/people/A3R2012
http://www.zhihu.com/people/lvkun
http://www.zhihu.com/people/emilyz
http://www.zhihu.com/people/yang-yuan-40
http://www.zhihu.com/people/pei-wei-52
http://www.zhihu.com/people/zhou-peng-peng
http://www.zhihu.com/people/wu-hai-ming-9
http://www.zhihu.com/people/sun-he-li
http://www.zhihu.com/people/chen-xing-43
http://www.zhihu.com/people/jin-le-98
http://www.zhihu.com/people/zou-peng-0127
http://www.zhihu.com/people/liu-tian-90
http://www.zhihu.com/people/zhouwenrong
http://www.zhihu.com/people/tangxiaoxiong
http://www.zhihu.com/people/dizzarz
http://www.zhihu.com/people/chouthen
http://www.zhihu.com/people/xie-zi-ang
http://www.zhihu.com/people/qi-xiao-qikennyqi
http://www.zhihu.com/people/huang-xiao-er
http://www.zhihu.com/people/zzhang-ying-jun
http://www.zhihu.com/people/-a-dong
http://www.zhihu.com/people/ipore
http://www.zhihu.com/people/zhao-xin-yu-91
http://www.zhihu.com/people/omaha
http://www.zhihu.com/people/weijiang
http://www.zhihu.com/people/li-yan-64
http://www.zhihu.com/people/zhou-tian-83
http://www.zhihu.com/people/li-yue-jing
http://www.zhihu.com/people/qi-yu-qi
http://www.zhihu.com/people/jia-si-ding
http://www.zhihu.com/people/lin-yu-97
http://www.zhihu.com/people/veronicacaca
http://www.zhihu.com/people/liu-fan-84
http://www.zhihu.com/people/xiao-lang-49
http://www.zhihu.com/people/xu-xu-dan
http://www.zhihu.com/people/flying5
http://www.zhihu.com/people/tang-rong-ze
http://www.zhihu.com/people/dropby
http://www.zhihu.com/people/mu-tian-80
http://www.zhihu.com/people/zhihur
http://www.zhihu.com/people/liu-ji-ping
http://www.zhihu.com/people/xu-yu-xiang-74
http://www.zhihu.com/people/charles-liu-50
http://www.zhihu.com/people/sun-peng-chong
http://www.zhihu.com/people/hsiaofan
http://www.zhihu.com/people/zhang-feng-hua
http://www.zhihu.com/people/liu-xin-7
http://www.zhihu.com/people/just-zhe
http://www.zhihu.com/people/whoami4444-13-24
http://www.zhihu.com/people/huang-cheng-shu
http://www.zhihu.com/people/chen-hua-liang
http://www.zhihu.com/people/lyqabc
http://www.zhihu.com/people/mindseeker
http://www.zhihu.com/people/hongrunj
http://www.zhihu.com/people/fu-jia-qi
http://www.zhihu.com/people/wang-ji-yuan-77
http://www.zhihu.com/people/ryan-42-5
http://www.zhihu.com/people/zhang-long-82
http://www.zhihu.com/people/derek-li
http://www.zhihu.com/people/cheng-fang-hang
http://www.zhihu.com/people/spirit-dongdong
http://www.zhihu.com/people/an-zhi-25
http://www.zhihu.com/people/shui-ci-wu-fang
http://www.zhihu.com/people/zorbas
http://www.zhihu.com/people/zhang-xiao-hua-33
http://www.zhihu.com/people/jiang-shu-heng
http://www.zhihu.com/people/MISSSEXY
http://www.zhihu.com/people/wuweiyang
http://www.zhihu.com/people/avling
http://www.zhihu.com/people/skywen
http://www.zhihu.com/people/houqian
http://www.zhihu.com/people/wang-tian-yi-92
http://www.zhihu.com/people/wu-wei-96-47
http://www.zhihu.com/people/hao-yi-89
http://www.zhihu.com/people/nowhere-momo
http://www.zhihu.com/people/huang-yi-xuan
http://www.zhihu.com/people/takahana
http://www.zhihu.com/people/yang-hua-ming
http://www.zhihu.com/people/wei-mu
http://www.zhihu.com/people/px5000
http://www.zhihu.com/people/xiaodaoren
http://www.zhihu.com/people/www.ecocn.org
http://www.zhihu.com/people/herowyk
http://www.zhihu.com/people/Victorique
http://www.zhihu.com/people/liao-shu-yi
http://www.zhihu.com/people/liu-xing-yu-53
http://www.zhihu.com/people/imken
http://www.zhihu.com/people/zhou-jia-peng-6
http://www.zhihu.com/people/wang-xiao-91-92
http://www.zhihu.com/people/xiao-ming-58
http://www.zhihu.com/people/peng-mu-91
http://www.zhihu.com/people/wang-zuo-huo
http://www.zhihu.com/people/hu-shuang-61
http://www.zhihu.com/people/liu-kai-peng
http://www.zhihu.com/people/busch
http://www.zhihu.com/people/amuro1230
http://www.zhihu.com/people/clarkdony
http://www.zhihu.com/people/zhou-xiao-nong
http://www.zhihu.com/people/zhou-da-ren
http://www.zhihu.com/people/zhao-yifang
http://www.zhihu.com/people/gui-meng-yuan
http://www.zhihu.com/people/chen-xiao-xi-71
http://www.zhihu.com/people/xin-xiao-xiang
http://www.zhihu.com/people/tiny-ming
http://www.zhihu.com/people/yang-zhao-xi
http://www.zhihu.com/people/qiu-jun-yi
http://www.zhihu.com/people/zhang-fang-zhou
http://www.zhihu.com/people/li-gou-hai-12-23
http://www.zhihu.com/people/robbins
http://www.zhihu.com/people/garhom
http://www.zhihu.com/people/wang-long-88
http://www.zhihu.com/people/ssnos
http://www.zhihu.com/people/zhang-ge-84
http://www.zhihu.com/people/umasou-2
http://www.zhihu.com/people/mu-ta
http://www.zhihu.com/people/luohao
http://www.zhihu.com/people/henryxyy
http://www.zhihu.com/people/layercake
http://www.zhihu.com/people/zhen14
http://www.zhihu.com/people/zhang-shan-teng
http://www.zhihu.com/people/x-liu
http://www.zhihu.com/people/liu-ke-7-32
http://www.zhihu.com/people/jonathan_pku
http://www.zhihu.com/people/wu-kun-kai
http://www.zhihu.com/people/huang-yong-bin
http://www.zhihu.com/people/MartinESC
http://www.zhihu.com/people/rylan-liu
http://www.zhihu.com/people/wei-li-94
http://www.zhihu.com/people/xiaohan
http://www.zhihu.com/people/zoe-zhou-9
http://www.zhihu.com/people/cklover
http://www.zhihu.com/people/adam-86
http://www.zhihu.com/people/niao-shi
http://www.zhihu.com/people/sky-86-5
http://www.zhihu.com/people/suosi
http://www.zhihu.com/people/liangxuzhi
http://www.zhihu.com/people/vviv
http://www.zhihu.com/people/liqiaoo
http://www.zhihu.com/people/knightshady
http://www.zhihu.com/people/suckitup
http://www.zhihu.com/people/wu-sheng-ming
http://www.zhihu.com/people/r-q-r
http://www.zhihu.com/people/shi-qian-qian
http://www.zhihu.com/people/zhibaishouhei-43
http://www.zhihu.com/people/fa-ge
http://www.zhihu.com/people/robinzhuyi
http://www.zhihu.com/people/jonson-fang
http://www.zhihu.com/people/zhang-li-35-21
http://www.zhihu.com/people/maidou
http://www.zhihu.com/people/li-fang-lei
http://www.zhihu.com/people/gao-shao-bo
http://www.zhihu.com/people/wei-guan-dong
http://www.zhihu.com/people/davi-d
http://www.zhihu.com/people/feng-hua-36
http://www.zhihu.com/people/Simonzhang
http://www.zhihu.com/people/liuyang-37
http://www.zhihu.com/people/zhao-hong-yu-50
http://www.zhihu.com/people/lao-chang
http://www.zhihu.com/people/jin-cheng-tan
http://www.zhihu.com/people/JamesHsia
http://www.zhihu.com/people/huang-xin-99
http://www.zhihu.com/people/zaiyiqi
http://www.zhihu.com/people/zhoulin
http://www.zhihu.com/people/ge-xiao-bai
http://www.zhihu.com/people/hang-kai
http://www.zhihu.com/people/654321
http://www.zhihu.com/people/sylovelp
http://www.zhihu.com/people/wang-li-nuo-77-51
http://www.zhihu.com/people/ding-sai-di
http://www.zhihu.com/people/chen-xu-dong
http://www.zhihu.com/people/liuxing429
http://www.zhihu.com/people/li-zheng-52
http://www.zhihu.com/people/darkwindsd
http://www.zhihu.com/people/herolifan
http://www.zhihu.com/people/positive52energy
http://www.zhihu.com/people/600123
http://www.zhihu.com/people/jarod-zhang
http://www.zhihu.com/people/song-si-yuan
http://www.zhihu.com/people/yutengfei
http://www.zhihu.com/people/he-yuan-yuan-6
http://www.zhihu.com/people/jiang-bin-50
http://www.zhihu.com/people/lu-sen
http://www.zhihu.com/people/tian-qia
http://www.zhihu.com/people/yang-chen-96
http://www.zhihu.com/people/Screamjeff
http://www.zhihu.com/people/ni-rui-76
http://www.zhihu.com/people/zxdy
http://www.zhihu.com/people/puyun
http://www.zhihu.com/people/timcheung
http://www.zhihu.com/people/zhao-zhong-min
http://www.zhihu.com/people/linhui
http://www.zhihu.com/people/feng-ma
http://www.zhihu.com/people/sodawon
http://www.zhihu.com/people/dan-feng-29
http://www.zhihu.com/people/gsq09
http://www.zhihu.com/people/cody-16
http://www.zhihu.com/people/qi-hong-wei
http://www.zhihu.com/people/fishlife
http://www.zhihu.com/people/ecseeker
http://www.zhihu.com/people/outlier
http://www.zhihu.com/people/etsir
http://www.zhihu.com/people/heytouch
http://www.zhihu.com/people/wuzhengxing
http://www.zhihu.com/people/wei-sheng-79
http://www.zhihu.com/people/liu-hao-ran-57
http://www.zhihu.com/people/yesfox
http://www.zhihu.com/people/shan-kui-zhang
http://www.zhihu.com/people/wangchao821
http://www.zhihu.com/people/rangerqu
http://www.zhihu.com/people/zong-feng-jun
http://www.zhihu.com/people/alexpoo
http://www.zhihu.com/people/jason-63
http://www.zhihu.com/people/jefeer
http://www.zhihu.com/people/hydeyuan
http://www.zhihu.com/people/li-shu-heng
http://www.zhihu.com/people/li-xue-yu-30
http://www.zhihu.com/people/harbuzi
http://www.zhihu.com/people/alexinverse
http://www.zhihu.com/people/ciel-yang
http://www.zhihu.com/people/phineas
http://www.zhihu.com/people/hlcfan
http://www.zhihu.com/people/fuxiucong
http://www.zhihu.com/people/liu-xiang-long
http://www.zhihu.com/people/williamw
http://www.zhihu.com/people/wangzhinan
http://www.zhihu.com/people/xie-jin-hua
http://www.zhihu.com/people/artiecheung
http://www.zhihu.com/people/zhu-ji-han
http://www.zhihu.com/people/george-wang-45
http://www.zhihu.com/people/sunshinez
http://www.zhihu.com/people/hmzhou
http://www.zhihu.com/people/crazydiamond
http://www.zhihu.com/people/tigerinme
http://www.zhihu.com/people/castleyan
http://www.zhihu.com/people/ikerLi
http://www.zhihu.com/people/yue-xiao-jun
http://www.zhihu.com/people/da-chang-gan-jun
http://www.zhihu.com/people/nicholas_y
http://www.zhihu.com/people/lihua
http://www.zhihu.com/people/chengyuan
http://www.zhihu.com/people/raymond-wang
http://www.zhihu.com/people/jixin
http://www.zhihu.com/people/zhou-jian-rui
