http://www.zhihu.com/people/pang-luan-luan
http://www.zhihu.com/people/yin-xiu-zhao-17
http://www.zhihu.com/people/rock-47
http://www.zhihu.com/people/ywlwywd
http://www.zhihu.com/people/yang-xi-73
http://www.zhihu.com/people/xu-xian-lin
http://www.zhihu.com/people/wang-peng-79-81
http://www.zhihu.com/people/kristen
http://www.zhihu.com/people/huntershi
http://www.zhihu.com/people/zhang-zi-jie-50
http://www.zhihu.com/people/xia-yu-tian-3-49
http://www.zhihu.com/people/hu-a-niu-80
http://www.zhihu.com/people/lu-jie-jie-3
http://www.zhihu.com/people/hysic
http://www.zhihu.com/people/yue-tian-xian
http://www.zhihu.com/people/shabingxuan
http://www.zhihu.com/people/_zhao_xu_
http://www.zhihu.com/people/liu-tao-88
http://www.zhihu.com/people/fang-teng-11
http://www.zhihu.com/people/guo-rui-yuan-84
http://www.zhihu.com/people/xu-xiao-feng-80-14
http://www.zhihu.com/people/zhu-yixin-42
http://www.zhihu.com/people/zhang-ze-yu-86
http://www.zhihu.com/people/zhan-lian-jie-1
http://www.zhihu.com/people/zhang-yi-hui-20
http://www.zhihu.com/people/gaohy
http://www.zhihu.com/people/walter-white-83
http://www.zhihu.com/people/kaykay-wong
http://www.zhihu.com/people/nakutoki
http://www.zhihu.com/people/yoyo-zhao-58
http://www.zhihu.com/people/momo-ivy
http://www.zhihu.com/people/dadadada
http://www.zhihu.com/people/bitmirage
http://www.zhihu.com/people/yan-zhi-xiao-mo
http://www.zhihu.com/people/wang-yi-zhe-96
http://www.zhihu.com/people/bao-ting-67
http://www.zhihu.com/people/wang-yuan-66-5
http://www.zhihu.com/people/zhang-chun-21
http://www.zhihu.com/people/michael-39-45
http://www.zhihu.com/people/jin-ran-28
http://www.zhihu.com/people/leng-qia
http://www.zhihu.com/people/yueyuebo
http://www.zhihu.com/people/weikang-li
http://www.zhihu.com/people/bfjiaren
http://www.zhihu.com/people/ren-lao-qian
http://www.zhihu.com/people/yao-wen-wen-70
http://www.zhihu.com/people/miao-cheng-64
http://www.zhihu.com/people/iyucci
http://www.zhihu.com/people/sheng-zhe-wei-wang-60
http://www.zhihu.com/people/kidding-just-42
http://www.zhihu.com/people/li-shou-yin-89
http://www.zhihu.com/people/mu-sen-46
http://www.zhihu.com/people/buhaoqiao
http://www.zhihu.com/people/sun-ji-bin
http://www.zhihu.com/people/zhang-wei-10-7
http://www.zhihu.com/people/THFQ
http://www.zhihu.com/people/wu-yu-46-90
http://www.zhihu.com/people/zhu-bo-tao
http://www.zhihu.com/people/jiang-bo-50
http://www.zhihu.com/people/lu-gui-chen-26
http://www.zhihu.com/people/chen-ming-14-46
http://www.zhihu.com/people/he-yu-hao-8
http://www.zhihu.com/people/you-zi-38-79
http://www.zhihu.com/people/koduck
http://www.zhihu.com/people/liuheyang
http://www.zhihu.com/people/qingluan
http://www.zhihu.com/people/shenlixing
http://www.zhihu.com/people/wu-mu-yun-46
http://www.zhihu.com/people/zhang-xi-yi-93
http://www.zhihu.com/people/tangsyau
http://www.zhihu.com/people/jie-qing-fang
http://www.zhihu.com/people/aima
http://www.zhihu.com/people/optimus
http://www.zhihu.com/people/yin-yuan-li
http://www.zhihu.com/people/zhang-er-pang
http://www.zhihu.com/people/susus
http://www.zhihu.com/people/lin-feng-mian-74
http://www.zhihu.com/people/jiang-ge
http://www.zhihu.com/people/mr-bingo
http://www.zhihu.com/people/su-xiao-bei1911
http://www.zhihu.com/people/tong-ji-zhong
http://www.zhihu.com/people/llllllllllll
http://www.zhihu.com/people/xin-sha-sha
http://www.zhihu.com/people/lispor
http://www.zhihu.com/people/xiao-lei-22
http://www.zhihu.com/people/techoxygen
http://www.zhihu.com/people/confeture
http://www.zhihu.com/people/chaji
http://www.zhihu.com/people/bing-mez
http://www.zhihu.com/people/haojie-xu
http://www.zhihu.com/people/emily-zhao
http://www.zhihu.com/people/wang-shan-56
http://www.zhihu.com/people/pavarotti17
http://www.zhihu.com/people/you-feng-te
http://www.zhihu.com/people/cao-xing-zhi
http://www.zhihu.com/people/zhu-shen-nan
http://www.zhihu.com/people/du-mian-19
http://www.zhihu.com/people/lico113
http://www.zhihu.com/people/ceng-fan-qi
http://www.zhihu.com/people/vieplivee
http://www.zhihu.com/people/ling-shui-zhi
http://www.zhihu.com/people/luo-jing-75
http://www.zhihu.com/people/yehai
http://www.zhihu.com/people/neonyasushi
http://www.zhihu.com/people/Verse-Y
http://www.zhihu.com/people/shu-xiao-man
http://www.zhihu.com/people/Metaphox
http://www.zhihu.com/people/wu-yi-yi
http://www.zhihu.com/people/chen-xing-32-14
http://www.zhihu.com/people/kaidi-guo
http://www.zhihu.com/people/hu-li-hua
http://www.zhihu.com/people/tyler-d
http://www.zhihu.com/people/ge-li-fen
http://www.zhihu.com/people/liang-yu-fan
http://www.zhihu.com/people/han-ling-xu
http://www.zhihu.com/people/disillusione
http://www.zhihu.com/people/ywzgb
http://www.zhihu.com/people/han-yan-hui
http://www.zhihu.com/people/allenzhangkai
http://www.zhihu.com/people/stig-zhang
http://www.zhihu.com/people/umifam
http://www.zhihu.com/people/huanghuihui1991
http://www.zhihu.com/people/zhuo-yu-zi
http://www.zhihu.com/people/cd147
http://www.zhihu.com/people/jacobevermore
http://www.zhihu.com/people/joycexu
http://www.zhihu.com/people/hao-ran-20
http://www.zhihu.com/people/zaiyiqi
http://www.zhihu.com/people/lynnhu
http://www.zhihu.com/people/a-le-21
http://www.zhihu.com/people/rainvoo
http://www.zhihu.com/people/gan-shi-qi
http://www.zhihu.com/people/chen-guang-61
http://www.zhihu.com/people/yu-xing-en
http://www.zhihu.com/people/shuang-wang
http://www.zhihu.com/people/penny-x
http://www.zhihu.com/people/lian-ming-11
http://www.zhihu.com/people/xrbing
http://www.zhihu.com/people/yshone
http://www.zhihu.com/people/ridgway
http://www.zhihu.com/people/yu-hai-86
http://www.zhihu.com/people/zhangdashe
http://www.zhihu.com/people/zhou-kai-43
http://www.zhihu.com/people/li-ying-87
http://www.zhihu.com/people/jixin
http://www.zhihu.com/people/dirs
http://www.zhihu.com/people/kukudi1028
http://www.zhihu.com/people/lisa-49
http://www.zhihu.com/people/imceobitch
http://www.zhihu.com/people/zhang-wei-zhong
http://www.zhihu.com/people/tu-tu-92
http://www.zhihu.com/people/javen
http://www.zhihu.com/people/hua-xia-17
http://www.zhihu.com/people/wu-xiao-sheng
http://www.zhihu.com/people/sun-peng-chong
http://www.zhihu.com/people/tansuo19
http://www.zhihu.com/people/bird_lock
http://www.zhihu.com/people/bnomb3
http://www.zhihu.com/people/yang-cong-quan-man-tou
http://www.zhihu.com/people/yucca
http://www.zhihu.com/people/puyun
http://www.zhihu.com/people/qu-chong-dong
http://www.zhihu.com/people/MichaelPhi
http://www.zhihu.com/people/kuangzhou
http://www.zhihu.com/people/feng-rou-zong
http://www.zhihu.com/people/chanjian-bruce
http://www.zhihu.com/people/cydleading
http://www.zhihu.com/people/jiuwanni
http://www.zhihu.com/people/vvvvvvvz
http://www.zhihu.com/people/guxizhao
http://www.zhihu.com/people/chengyuan
http://www.zhihu.com/people/xuxing
http://www.zhihu.com/people/jing-lei
http://www.zhihu.com/people/mizzzhou
http://www.zhihu.com/people/fa-jun
http://www.zhihu.com/people/lugongzi
http://www.zhihu.com/people/li-ming-jin
http://www.zhihu.com/people/beckchao
http://www.zhihu.com/people/sun-zhen-hua
http://www.zhihu.com/people/JiangTianZheng
http://www.zhihu.com/people/skyy1234567890
http://www.zhihu.com/people/liu-shui-96
http://www.zhihu.com/people/djlong
http://www.zhihu.com/people/zheng-hua-ming
http://www.zhihu.com/people/michaelx
http://www.zhihu.com/people/cnzhengjie
http://www.zhihu.com/people/loadin
http://www.zhihu.com/people/imxiaofeng
http://www.zhihu.com/people/kornephoros
http://www.zhihu.com/people/wei-feng
http://www.zhihu.com/people/deng-ke
http://www.zhihu.com/people/pepsin
http://www.zhihu.com/people/tivan
http://www.zhihu.com/people/daiwliang
http://www.zhihu.com/people/superpanda
http://www.zhihu.com/people/sunrui
http://www.zhihu.com/people/billhan
http://www.zhihu.com/people/nuo-tie
http://www.zhihu.com/people/li-chen-36
http://www.zhihu.com/people/huai-dan
http://www.zhihu.com/people/tlxue
http://www.zhihu.com/people/stelladingding
http://www.zhihu.com/people/duyan
http://www.zhihu.com/people/imzhangwei
http://www.zhihu.com/people/flashzs
http://www.zhihu.com/people/cao-ting-ting
http://www.zhihu.com/people/JackyZhu
http://www.zhihu.com/people/bianchun
http://www.zhihu.com/people/wuruxiang
http://www.zhihu.com/people/superhistorical
http://www.zhihu.com/people/yandream
http://www.zhihu.com/people/chen-sen
http://www.zhihu.com/people/neaton
http://www.zhihu.com/people/lao-la
http://www.zhihu.com/people/hu-qian-qiu
http://www.zhihu.com/people/wind
http://www.zhihu.com/people/quiver
http://www.zhihu.com/people/rexchen
http://www.zhihu.com/people/jjking2011
