http://www.zhihu.com/people/jia-rui-10
http://www.zhihu.com/people/meishao
http://www.zhihu.com/people/jones
http://www.zhihu.com/people/dentist_dayan
http://www.zhihu.com/people/qi-lei-43
http://www.zhihu.com/people/li-qiao-yu-91
http://www.zhihu.com/people/andyding
http://www.zhihu.com/people/yuan-fang-fang-87
http://www.zhihu.com/people/mo-qing-xin
http://www.zhihu.com/people/wang-wen-yu-31
http://www.zhihu.com/people/mi-mai-51
http://www.zhihu.com/people/chengzi_2013
http://www.zhihu.com/people/x-rammstein
http://www.zhihu.com/people/0594
http://www.zhihu.com/people/han-ling-xu
http://www.zhihu.com/people/lan-ya-48
http://www.zhihu.com/people/labyrlnth
http://www.zhihu.com/people/xi-nan-feng-3
http://www.zhihu.com/people/Selerare
http://www.zhihu.com/people/zhou-cai-dong
http://www.zhihu.com/people/li-shu-31
http://www.zhihu.com/people/ihyz
http://www.zhihu.com/people/chachacha
http://www.zhihu.com/people/huang-guan-si
http://www.zhihu.com/people/lin-ai-24
http://www.zhihu.com/people/wang-gui-zhen-95
http://www.zhihu.com/people/yu-yan-28
http://www.zhihu.com/people/zhang-pin-ming
http://www.zhihu.com/people/xu-zhi-yong-88
http://www.zhihu.com/people/xixin
http://www.zhihu.com/people/yangsiyuan
http://www.zhihu.com/people/duan-mu-nan-xun
http://www.zhihu.com/people/xie-zhen-1
http://www.zhihu.com/people/zhang-sha-mo-81
http://www.zhihu.com/people/xcfan
http://www.zhihu.com/people/equinox-62
http://www.zhihu.com/people/miawei-wei
http://www.zhihu.com/people/pi-nuo-xi
http://www.zhihu.com/people/renee-yang
http://www.zhihu.com/people/wang-zhen-ya-94
http://www.zhihu.com/people/five
http://www.zhihu.com/people/mdeli
http://www.zhihu.com/people/feuda
http://www.zhihu.com/people/qin-shan
http://www.zhihu.com/people/shi-hua-88
http://www.zhihu.com/people/slobber
http://www.zhihu.com/people/zhang-li-yao
http://www.zhihu.com/people/yang-chang-jie-86
http://www.zhihu.com/people/xia-xiao-5-13
http://www.zhihu.com/people/yang-tian-91
http://www.zhihu.com/people/lichenghe
http://www.zhihu.com/people/wu-mao-lin-64
http://www.zhihu.com/people/deng-yi-57-43
http://www.zhihu.com/people/he-er-84
http://www.zhihu.com/people/neil-35-70
http://www.zhihu.com/people/li-yi-65-68
http://www.zhihu.com/people/icytrojan
http://www.zhihu.com/people/zhu-ge-5
http://www.zhihu.com/people/googlegoogle
http://www.zhihu.com/people/bai-yuan-yuan-73
http://www.zhihu.com/people/jin-ke-42
http://www.zhihu.com/people/caomidanwei
http://www.zhihu.com/people/cody-16
http://www.zhihu.com/people/zhang-hu-66-1
http://www.zhihu.com/people/wang-xiao-miao-45
http://www.zhihu.com/people/wang-jie-30-37
http://www.zhihu.com/people/xiao-yi-47-49
http://www.zhihu.com/people/tai-zai-yan
http://www.zhihu.com/people/song-jing-ji-niao
http://www.zhihu.com/people/doudoubai
http://www.zhihu.com/people/wa-xi-li
http://www.zhihu.com/people/mai-fan-shi
http://www.zhihu.com/people/vidaai-chi-pao-fu
http://www.zhihu.com/people/laura2013
http://www.zhihu.com/people/yuxi624
http://www.zhihu.com/people/zanming
http://www.zhihu.com/people/lin-zhe-96
http://www.zhihu.com/people/shaonianflora
http://www.zhihu.com/people/jerry-76
http://www.zhihu.com/people/xie-ji-zhen
http://www.zhihu.com/people/du-xin-tian
http://www.zhihu.com/people/lu-mo-15
http://www.zhihu.com/people/wu-hao-fan-74
http://www.zhihu.com/people/dingningsss
http://www.zhihu.com/people/guo-lei-73
http://www.zhihu.com/people/Luciferzio
http://www.zhihu.com/people/ling-chun-lee
http://www.zhihu.com/people/yu-zhou-you-le-ting
http://www.zhihu.com/people/li-zheng-5-12
http://www.zhihu.com/people/chu-hui-64
http://www.zhihu.com/people/xia-zi-11
http://www.zhihu.com/people/jerry-cen
http://www.zhihu.com/people/he-bu-ke
http://www.zhihu.com/people/sun-wei-ni
http://www.zhihu.com/people/liu-cheng-26
http://www.zhihu.com/people/mu-zi-nan
http://www.zhihu.com/people/ai-chai
http://www.zhihu.com/people/lin-qiao-35
http://www.zhihu.com/people/shu-shu-33
http://www.zhihu.com/people/zhou-fu-you
http://www.zhihu.com/people/dawnchorus
http://www.zhihu.com/people/taker
http://www.zhihu.com/people/avatoo
http://www.zhihu.com/people/liang-hao-chen
http://www.zhihu.com/people/da-da-50
http://www.zhihu.com/people/yfqs
http://www.zhihu.com/people/shen-an-83
http://www.zhihu.com/people/mu-ba-er
http://www.zhihu.com/people/hang-er
http://www.zhihu.com/people/huang-xian-dong
http://www.zhihu.com/people/lion-mlle
http://www.zhihu.com/people/xiamenwugu
http://www.zhihu.com/people/zhang-hai-tao-64
http://www.zhihu.com/people/zhou-yu-cheng-48
http://www.zhihu.com/people/cicixioo
http://www.zhihu.com/people/jiang-lu-87-36
http://www.zhihu.com/people/luoshuiyifang-fendou
http://www.zhihu.com/people/zhong717
http://www.zhihu.com/people/bai-jin-zhong
http://www.zhihu.com/people/chanjian-bruce
http://www.zhihu.com/people/chen-jun-yang
http://www.zhihu.com/people/hang-98
http://www.zhihu.com/people/luyi61
http://www.zhihu.com/people/xxin-zyx
http://www.zhihu.com/people/wang-xiao-sheng-52
http://www.zhihu.com/people/george-giuseppe
http://www.zhihu.com/people/huang-bei-xin
http://www.zhihu.com/people/songyuxiao
http://www.zhihu.com/people/Sensation
http://www.zhihu.com/people/liu-ming-61
http://www.zhihu.com/people/ltfang
http://www.zhihu.com/people/maggie-ma-46
http://www.zhihu.com/people/guo-zhen-yu-40
http://www.zhihu.com/people/lin-xuan-69
http://www.zhihu.com/people/mottoli
http://www.zhihu.com/people/chen-xiao-lou-72
http://www.zhihu.com/people/wang-bin-xiang
http://www.zhihu.com/people/Akim
http://www.zhihu.com/people/wen-liang-93
http://www.zhihu.com/people/lizy-31
http://www.zhihu.com/people/wang-vivi-4
http://www.zhihu.com/people/wanglili
http://www.zhihu.com/people/zhang-hui-jun-60
http://www.zhihu.com/people/shan-ji-5
http://www.zhihu.com/people/tang-qi-21
http://www.zhihu.com/people/xu-liang-yong-44
http://www.zhihu.com/people/noah-yuan
http://www.zhihu.com/people/houner
http://www.zhihu.com/people/foreverbeing
http://www.zhihu.com/people/liu-xin-ji-4-92
http://www.zhihu.com/people/ma-ying-long-64
http://www.zhihu.com/people/wang-xiao-yu-68-93
http://www.zhihu.com/people/sui-zhi
http://www.zhihu.com/people/zhou-chen-19
http://www.zhihu.com/people/wei-ta-bing
http://www.zhihu.com/people/kuang-yu-88
http://www.zhihu.com/people/tvvocold
http://www.zhihu.com/people/foreveryoung
http://www.zhihu.com/people/li-meng-86-26
http://www.zhihu.com/people/yao-hui-99
http://www.zhihu.com/people/xiong-ju-ting
http://www.zhihu.com/people/fridaHM
http://www.zhihu.com/people/leocc
http://www.zhihu.com/people/li-zhi-yu-74
http://www.zhihu.com/people/shi-jie-jun
http://www.zhihu.com/people/shao-hua-lemon
http://www.zhihu.com/people/wang-chao-38
http://www.zhihu.com/people/guo-yun-he
http://www.zhihu.com/people/niu-niu-4-59
http://www.zhihu.com/people/li-hai-yuan-5
http://www.zhihu.com/people/jian-guang-60
http://www.zhihu.com/people/poeho
http://www.zhihu.com/people/wang-dan-ni-51
http://www.zhihu.com/people/lin-xiao-huan-37
http://www.zhihu.com/people/ju-zi-40
http://www.zhihu.com/people/qian-lu-ze
http://www.zhihu.com/people/you-you-shi-xing
http://www.zhihu.com/people/dong-xiao-dui
http://www.zhihu.com/people/xie-wei-48
http://www.zhihu.com/people/zhen-li-gu-niang
http://www.zhihu.com/people/tina-chris-28
http://www.zhihu.com/people/chen-da-gou-18
http://www.zhihu.com/people/he-zhen-43-66
http://www.zhihu.com/people/fornane
http://www.zhihu.com/people/tikin
http://www.zhihu.com/people/lei-dan-92
http://www.zhihu.com/people/chen-bai-nian-76
http://www.zhihu.com/people/huang-xiao-liu
http://www.zhihu.com/people/yu-xiao-c
http://www.zhihu.com/people/chi-mian
http://www.zhihu.com/people/a-bo-47
http://www.zhihu.com/people/lan-kong-L
http://www.zhihu.com/people/SummerAzure
http://www.zhihu.com/people/su-mu-zhi-yun
http://www.zhihu.com/people/lu-chen-feng
http://www.zhihu.com/people/sam-26
http://www.zhihu.com/people/fiona-cao
http://www.zhihu.com/people/an-gu-gu
http://www.zhihu.com/people/mewc
http://www.zhihu.com/people/lu-zhan-yan
http://www.zhihu.com/people/nie-xiao-xin
http://www.zhihu.com/people/zhang-qun-21
http://www.zhihu.com/people/chen-di-90
http://www.zhihu.com/people/ellen-44-94
http://www.zhihu.com/people/lu-mei-gui
http://www.zhihu.com/people/mengyaozhao
http://www.zhihu.com/people/Olixia
http://www.zhihu.com/people/fox19
http://www.zhihu.com/people/_zhao_xu_
http://www.zhihu.com/people/ither
http://www.zhihu.com/people/duo-duo-9-33
http://www.zhihu.com/people/hu-qiao-yu
http://www.zhihu.com/people/umiaihara
http://www.zhihu.com/people/gao-jing-mo
http://www.zhihu.com/people/leojiang
http://www.zhihu.com/people/gao-hang-97
http://www.zhihu.com/people/tang-si-wen
http://www.zhihu.com/people/li-xiao-hui-78
http://www.zhihu.com/people/zhang-bo-yuan
http://www.zhihu.com/people/li-tao-7-95
http://www.zhihu.com/people/monajiang
http://www.zhihu.com/people/wang-cong-20
http://www.zhihu.com/people/hu-sha-cha
http://www.zhihu.com/people/bo-wen-49
http://www.zhihu.com/people/du-tao-tao-7
http://www.zhihu.com/people/sun-xiao-mei-125
http://www.zhihu.com/people/shanlinfeiniao
http://www.zhihu.com/people/wang-yi-45-85
http://www.zhihu.com/people/lin-qing-qing-72
http://www.zhihu.com/people/jin-nuo-75
http://www.zhihu.com/people/dong-wen-64
http://www.zhihu.com/people/gao-qing-yan
http://www.zhihu.com/people/susus
http://www.zhihu.com/people/xia-tian-29-79
http://www.zhihu.com/people/llq6072
http://www.zhihu.com/people/techoxygen
http://www.zhihu.com/people/chen-yong-23-32
http://www.zhihu.com/people/B612-star
http://www.zhihu.com/people/li-yue-74-4
http://www.zhihu.com/people/guo-ying-97-47
http://www.zhihu.com/people/huang-mei-ying-91
http://www.zhihu.com/people/huang-hui-ling-22
http://www.zhihu.com/people/mo-mo-wu-wen
http://www.zhihu.com/people/heislittle
http://www.zhihu.com/people/han-yixin
http://www.zhihu.com/people/qingge
http://www.zhihu.com/people/simona-yang
http://www.zhihu.com/people/heyuthere
http://www.zhihu.com/people/evensong
http://www.zhihu.com/people/liu-ming-74-53
http://www.zhihu.com/people/coffin666
http://www.zhihu.com/people/xjacks
http://www.zhihu.com/people/nan-gua-gua-21
http://www.zhihu.com/people/wu-shuai-chen-88
http://www.zhihu.com/people/pi-di
http://www.zhihu.com/people/merlin-47
http://www.zhihu.com/people/li-hui-ying-2
http://www.zhihu.com/people/zhan-ci
http://www.zhihu.com/people/song-song-99
http://www.zhihu.com/people/su-jing-84-82
http://www.zhihu.com/people/jiumy
http://www.zhihu.com/people/bo-li-qiu
http://www.zhihu.com/people/phos
http://www.zhihu.com/people/ma-liang-22
http://www.zhihu.com/people/zhang-jie-13
http://www.zhihu.com/people/li-yun-jin
http://www.zhihu.com/people/hao-qi-86
http://www.zhihu.com/people/zhao-yan-bi-ri
http://www.zhihu.com/people/tang-yun-lu
http://www.zhihu.com/people/yuan-you-tao-25
http://www.zhihu.com/people/dianxian
http://www.zhihu.com/people/li-mou-lu
http://www.zhihu.com/people/behrami
http://www.zhihu.com/people/xu-xiao-wei-41
http://www.zhihu.com/people/wei-qi-60
http://www.zhihu.com/people/guo-xiang-45
http://www.zhihu.com/people/miss-cheese
http://www.zhihu.com/people/wu-jing-90-85
http://www.zhihu.com/people/lulu-4-89
http://www.zhihu.com/people/loons
http://www.zhihu.com/people/cfoebus
http://www.zhihu.com/people/jun-zhu
http://www.zhihu.com/people/chen-meng-ni
http://www.zhihu.com/people/zi-gong-73
http://www.zhihu.com/people/ru-ru-72
http://www.zhihu.com/people/qiongmoumoudolphin
http://www.zhihu.com/people/zhou-qi-84
http://www.zhihu.com/people/li-yi-sha
http://www.zhihu.com/people/SNight
http://www.zhihu.com/people/wang-long-7-71
http://www.zhihu.com/people/zhao-da-wei-7
http://www.zhihu.com/people/kevin-21-5
http://www.zhihu.com/people/stupident
http://www.zhihu.com/people/florineliu
http://www.zhihu.com/people/huang-xiao-miao-42
http://www.zhihu.com/people/zaiyiqi
http://www.zhihu.com/people/keteretzchayim
http://www.zhihu.com/people/zhu-heng-li
http://www.zhihu.com/people/fiona751
http://www.zhihu.com/people/honvee-chung
http://www.zhihu.com/people/li-xin-92-29
http://www.zhihu.com/people/angel0610
