http://www.zhihu.com/people/hu-lu-wa-58
http://www.zhihu.com/people/dong-su-hao
http://www.zhihu.com/people/steve-zhong
http://www.zhihu.com/people/weboo
http://www.zhihu.com/people/zhu-si-yu-46
http://www.zhihu.com/people/d20world
http://www.zhihu.com/people/zhao-wen-xuan-32
http://www.zhihu.com/people/zhyibin
http://www.zhihu.com/people/a-zha-er-76
http://www.zhihu.com/people/zhang-bei-li-er
http://www.zhihu.com/people/li-chou-yi
http://www.zhihu.com/people/xing-gan-yu-mi-70
http://www.zhihu.com/people/chiya
http://www.zhihu.com/people/wang-xiao-xian-er
http://www.zhihu.com/people/goodbird
http://www.zhihu.com/people/yuki-cland
http://www.zhihu.com/people/lara-lula
http://www.zhihu.com/people/dt-wgu
http://www.zhihu.com/people/818930
http://www.zhihu.com/people/chen-jian-qing-76
http://www.zhihu.com/people/upsidedown
http://www.zhihu.com/people/yibeifu
http://www.zhihu.com/people/huang-tian-yu
http://www.zhihu.com/people/zi-yue-26-22
http://www.zhihu.com/people/xie-sheng-19
http://www.zhihu.com/people/li-zhi-79
http://www.zhihu.com/people/ni-fa-ze
http://www.zhihu.com/people/a-fu-11
http://www.zhihu.com/people/happydothateache
http://www.zhihu.com/people/wang-xiao-ming-85
http://www.zhihu.com/people/wujinlvcheng
http://www.zhihu.com/people/dao-dao-50
http://www.zhihu.com/people/xiu-mu-21
http://www.zhihu.com/people/paddy-37
http://www.zhihu.com/people/charlo-s-l
http://www.zhihu.com/people/wang-fang-zhou
http://www.zhihu.com/people/wu-tian-ze-20
http://www.zhihu.com/people/fakingstats
http://www.zhihu.com/people/lin-shi-yu-54
http://www.zhihu.com/people/panlu-xing-kuang
http://www.zhihu.com/people/gao-gao-72
http://www.zhihu.com/people/xiao-chu
http://www.zhihu.com/people/siutak
http://www.zhihu.com/people/a-sha-27
http://www.zhihu.com/people/moheng-esther
http://www.zhihu.com/people/sun-fei-96
http://www.zhihu.com/people/liu-jing-xin-88
http://www.zhihu.com/people/klex_rax
http://www.zhihu.com/people/cheng-fang-hang
http://www.zhihu.com/people/jiang-ke-ke-57
http://www.zhihu.com/people/zhao-yu-76
http://www.zhihu.com/people/peng-zhou-32-81
http://www.zhihu.com/people/hero-panda
http://www.zhihu.com/people/an-fei-75
http://www.zhihu.com/people/kennykung
http://www.zhihu.com/people/ji-wen-yong
http://www.zhihu.com/people/xiao-lin-li-zhi
http://www.zhihu.com/people/sinixyang
http://www.zhihu.com/people/zhang-xuan-wei
http://www.zhihu.com/people/ding-cheng-24-30
http://www.zhihu.com/people/ren-zha-feng
http://www.zhihu.com/people/bits
http://www.zhihu.com/people/bi-chang-an
http://www.zhihu.com/people/jerry-cen
http://www.zhihu.com/people/qian-jiang-58
http://www.zhihu.com/people/jordan-yu-40
http://www.zhihu.com/people/geng-shao
http://www.zhihu.com/people/ba-si-sheng-jiang
http://www.zhihu.com/people/wayne-tong
http://www.zhihu.com/people/nanmanshou
http://www.zhihu.com/people/wang-han-53
http://www.zhihu.com/people/chen-zhi-mo-da
http://www.zhihu.com/people/ke-bu-jun
http://www.zhihu.com/people/ding-shi-san-48
http://www.zhihu.com/people/yu-hong-zhou-91
http://www.zhihu.com/people/bai-you
http://www.zhihu.com/people/bao-ku-zi-huang
http://www.zhihu.com/people/qing-song-lu
http://www.zhihu.com/people/freya.zuo
http://www.zhihu.com/people/wang-yu-cheng-76
http://www.zhihu.com/people/duan-xiu-34
http://www.zhihu.com/people/liu-___-ming-82
http://www.zhihu.com/people/yang-an-57-57
http://www.zhihu.com/people/chen-xi-1
http://www.zhihu.com/people/liuheyang
http://www.zhihu.com/people/lu-cheng-zhang
http://www.zhihu.com/people/yao-ze-yuan
http://www.zhihu.com/people/zhang-ding-ding-79-35
http://www.zhihu.com/people/tang-dai-8
http://www.zhihu.com/people/asamyth
http://www.zhihu.com/people/liu-hui-78-51
http://www.zhihu.com/people/bing
http://www.zhihu.com/people/chen-yiqi
http://www.zhihu.com/people/zhou-neng-44
http://www.zhihu.com/people/huang-sheng-sheng
http://www.zhihu.com/people/xie-jin-10-9
http://www.zhihu.com/people/guo-sheng-23
http://www.zhihu.com/people/a-bai-36
http://www.zhihu.com/people/lichenghe
http://www.zhihu.com/people/alex-35-43
http://www.zhihu.com/people/holybreeze
http://www.zhihu.com/people/wang-zi-86-86
http://www.zhihu.com/people/yuan-yi-hao-98
http://www.zhihu.com/people/zhao-chang-jian-80
http://www.zhihu.com/people/marrin
http://www.zhihu.com/people/li-cai-2
http://www.zhihu.com/people/raymond-wang
http://www.zhihu.com/people/dong-chen-51-38
http://www.zhihu.com/people/ao-walden
http://www.zhihu.com/people/tan-yu-xin-56
http://www.zhihu.com/people/wang-chen-51-23
http://www.zhihu.com/people/ding-zhen-si-80
http://www.zhihu.com/people/mondrian-chau
http://www.zhihu.com/people/yediot
http://www.zhihu.com/people/rosicky311
http://www.zhihu.com/people/heineiuo
http://www.zhihu.com/people/sainobook
http://www.zhihu.com/people/huang-chang-wu
http://www.zhihu.com/people/pwj1568
http://www.zhihu.com/people/ma-yu-42
http://www.zhihu.com/people/zxyuan
http://www.zhihu.com/people/clearmirror
http://www.zhihu.com/people/lee4fun
http://www.zhihu.com/people/cai-sheng-chuan
http://www.zhihu.com/people/li-bao-ling-95
http://www.zhihu.com/people/huo-shao-lin
http://www.zhihu.com/people/fredericw
http://www.zhihu.com/people/forkburn
http://www.zhihu.com/people/gao-yao-ting
http://www.zhihu.com/people/du-fang-ming
http://www.zhihu.com/people/xubihang
http://www.zhihu.com/people/zhang-xiao-yue-72
http://www.zhihu.com/people/zheng-dong-jie
http://www.zhihu.com/people/fu-tao-67
http://www.zhihu.com/people/zi-he-xing
http://www.zhihu.com/people/ganyi
http://www.zhihu.com/people/tautcony
http://www.zhihu.com/people/yuan-zhen-93
http://www.zhihu.com/people/feng-yu-qi-10
http://www.zhihu.com/people/xudekai
http://www.zhihu.com/people/Sleven
http://www.zhihu.com/people/chenran
http://www.zhihu.com/people/lan-yun-85
http://www.zhihu.com/people/LoveLBX
http://www.zhihu.com/people/godling
http://www.zhihu.com/people/tony-wang-92-13
http://www.zhihu.com/people/wang-shuai-14-94
http://www.zhihu.com/people/huang-yan-jie
http://www.zhihu.com/people/troy-tang
http://www.zhihu.com/people/hu-dong-qing
http://www.zhihu.com/people/zaogaotu
http://www.zhihu.com/people/coofly
http://www.zhihu.com/people/zi-ming-91
http://www.zhihu.com/people/gu-zi-38
http://www.zhihu.com/people/MOOWOO
http://www.zhihu.com/people/feisuzhu
http://www.zhihu.com/people/ayehere
http://www.zhihu.com/people/nancy-yang-41
http://www.zhihu.com/people/li-xiang-5-10
http://www.zhihu.com/people/ma-yu-ze-54
http://www.zhihu.com/people/zheng-guang-97
http://www.zhihu.com/people/cai-ming-fu
http://www.zhihu.com/people/pandamio
http://www.zhihu.com/people/beishang
http://www.zhihu.com/people/liu-zhong-ming-32
http://www.zhihu.com/people/hao-xiao-xi
http://www.zhihu.com/people/yu-qin-61
http://www.zhihu.com/people/yu-hou-wang
http://www.zhihu.com/people/kouji-minamoto
http://www.zhihu.com/people/lu-gui-chen-26
http://www.zhihu.com/people/yang-qin-bao
http://www.zhihu.com/people/benlieben
http://www.zhihu.com/people/fu-jian-bo-35
http://www.zhihu.com/people/yang-heng-wei-19
http://www.zhihu.com/people/xiaxiangqi
http://www.zhihu.com/people/dimpurr
http://www.zhihu.com/people/li-zhong-jing-liu-63
http://www.zhihu.com/people/kuznets
http://www.zhihu.com/people/wernerli
http://www.zhihu.com/people/stigzhang-90
http://www.zhihu.com/people/jiang-san-19
http://www.zhihu.com/people/coldedward
http://www.zhihu.com/people/xiao-wei-jun-21
http://www.zhihu.com/people/wu-xia-qiu
http://www.zhihu.com/people/mobyhu
http://www.zhihu.com/people/tang-ma-ru-89
http://www.zhihu.com/people/zhang-qing-qing-48
http://www.zhihu.com/people/a-qia-1
http://www.zhihu.com/people/zhang-xin-47
http://www.zhihu.com/people/lysine
http://www.zhihu.com/people/ailogx
http://www.zhihu.com/people/hui-mei-86
http://www.zhihu.com/people/li-ke-yan-25
http://www.zhihu.com/people/meng-you-zhe-lan-yu
http://www.zhihu.com/people/yan-yan-68-70
http://www.zhihu.com/people/wei-shao-hui
http://www.zhihu.com/people/yi-zhi-ran
http://www.zhihu.com/people/lch922
http://www.zhihu.com/people/iriyama-anna
http://www.zhihu.com/people/lu-song-5-53
http://www.zhihu.com/people/waynenopanic
http://www.zhihu.com/people/su-zui-wei-san
http://www.zhihu.com/people/chenbb
http://www.zhihu.com/people/sxeile
http://www.zhihu.com/people/jerrylei
http://www.zhihu.com/people/qian-zi-chao
http://www.zhihu.com/people/neo-zhu
http://www.zhihu.com/people/lishuhang
http://www.zhihu.com/people/two-two-one
http://www.zhihu.com/people/wang-tian-fang-84
http://www.zhihu.com/people/hejuefei
http://www.zhihu.com/people/chen-ke-bin-21
http://www.zhihu.com/people/sam-future
http://www.zhihu.com/people/xuyeah
http://www.zhihu.com/people/ritue
http://www.zhihu.com/people/jun-ya
http://www.zhihu.com/people/li-bu-luo
http://www.zhihu.com/people/fice
http://www.zhihu.com/people/you-duan-da-di
http://www.zhihu.com/people/jia-he-liang-jie
http://www.zhihu.com/people/Mattwang11
http://www.zhihu.com/people/su-xia-81
http://www.zhihu.com/people/ayanlei
http://www.zhihu.com/people/xiemuyang
http://www.zhihu.com/people/asurachn
http://www.zhihu.com/people/su-mo-4
http://www.zhihu.com/people/sheng-zhi-qing
http://www.zhihu.com/people/liangkun
http://www.zhihu.com/people/zhyang-liu
http://www.zhihu.com/people/matkiller
http://www.zhihu.com/people/ri-ye-huang-bo
http://www.zhihu.com/people/qi-ran-ran-84
http://www.zhihu.com/people/li-locke
http://www.zhihu.com/people/bfjiaren
http://www.zhihu.com/people/sniper53
http://www.zhihu.com/people/luo-fei-77
http://www.zhihu.com/people/lu-gu-jun
http://www.zhihu.com/people/chen-tao-1-60
http://www.zhihu.com/people/ganeid-ding
http://www.zhihu.com/people/zhao-can-91
http://www.zhihu.com/people/lonvelykids
http://www.zhihu.com/people/a-ka-lin
http://www.zhihu.com/people/pizzabaay
http://www.zhihu.com/people/grax
http://www.zhihu.com/people/zhang-xiao-guo-83
http://www.zhihu.com/people/namiheike
http://www.zhihu.com/people/zhang-ju-xuan
http://www.zhihu.com/people/dropby
http://www.zhihu.com/people/chen-gang-81
http://www.zhihu.com/people/bassmanxelloss
http://www.zhihu.com/people/huang-xue-dan
http://www.zhihu.com/people/gao-shang-lin
http://www.zhihu.com/people/tikin
http://www.zhihu.com/people/lu-xin-yan-75
http://www.zhihu.com/people/zwiebel
http://www.zhihu.com/people/zhong-cun-bruce
http://www.zhihu.com/people/diankuanghanst
http://www.zhihu.com/people/jiyoulehuoji
http://www.zhihu.com/people/su-xu-34
http://www.zhihu.com/people/lzsy
http://www.zhihu.com/people/zhang-zhi-cheng-49
http://www.zhihu.com/people/lichtqi
http://www.zhihu.com/people/icebrook
http://www.zhihu.com/people/zhang-peng-lin
http://www.zhihu.com/people/wosunsun
http://www.zhihu.com/people/pinxue
http://www.zhihu.com/people/zhang-xiao-bei
http://www.zhihu.com/people/terence_wang
http://www.zhihu.com/people/ceng-zhao-hao
http://www.zhihu.com/people/cerulean-45
http://www.zhihu.com/people/xuqian
http://www.zhihu.com/people/jasonfu
http://www.zhihu.com/people/tang-fan-ming
http://www.zhihu.com/people/fan-xiao-yong
http://www.zhihu.com/people/chen-wei-yuan
http://www.zhihu.com/people/xiaogu90
http://www.zhihu.com/people/yang-xiao-qiang-c
http://www.zhihu.com/people/he-ju-zheng
http://www.zhihu.com/people/gnaggnoyil
http://www.zhihu.com/people/pb612
http://www.zhihu.com/people/feixiaofei
http://www.zhihu.com/people/GilgameshK
http://www.zhihu.com/people/Yangff
http://www.zhihu.com/people/zhang-chao-peng-83
http://www.zhihu.com/people/wang-chu-wen
http://www.zhihu.com/people/wang-jian-nan
http://www.zhihu.com/people/rubik
http://www.zhihu.com/people/jie-mo
http://www.zhihu.com/people/peng-hao-70
http://www.zhihu.com/people/cksloth
http://www.zhihu.com/people/Misaki
http://www.zhihu.com/people/liu-dian-46
http://www.zhihu.com/people/CCAV1
http://www.zhihu.com/people/jixin
http://www.zhihu.com/people/huma
