http://www.zhihu.com/people/aotian
http://www.zhihu.com/people/zhang-yu-yang-32
http://www.zhihu.com/people/jutang
http://www.zhihu.com/people/gong-zheng-xuan
http://www.zhihu.com/people/wolfxl
http://www.zhihu.com/people/dong-fang-yan-xu
http://www.zhihu.com/people/cao-yi-qi-yue
http://www.zhihu.com/people/yivkeh
http://www.zhihu.com/people/qweasdzxc
http://www.zhihu.com/people/wang-zhen-ya-94
http://www.zhihu.com/people/pinkatropine
http://www.zhihu.com/people/zhang-he-45-94
http://www.zhihu.com/people/zhang-dong-19-62
http://www.zhihu.com/people/chen-ming-xuan-23
http://www.zhihu.com/people/du-tu-su
http://www.zhihu.com/people/zhou-qing-chang
http://www.zhihu.com/people/deutsch-99
http://www.zhihu.com/people/cao-yi-an
http://www.zhihu.com/people/guo-jia-chen-67-64
http://www.zhihu.com/people/bai-lang-67
http://www.zhihu.com/people/chen-zhen-yu-22
http://www.zhihu.com/people/bao-li-di-tie
http://www.zhihu.com/people/wang-er-xiao-229
http://www.zhihu.com/people/chen-lei-69-3
http://www.zhihu.com/people/sunyifeng
http://www.zhihu.com/people/felix-libero
http://www.zhihu.com/people/wu-xuan-89-14
http://www.zhihu.com/people/lin-meng-64
http://www.zhihu.com/people/chen-xiu-zhen-32
http://www.zhihu.com/people/zheng-wen-long-89
http://www.zhihu.com/people/li-qing-long-21
http://www.zhihu.com/people/deviceperk
http://www.zhihu.com/people/zhu-jia-fa
http://www.zhihu.com/people/dahai-61
http://www.zhihu.com/people/juyrays
http://www.zhihu.com/people/fang-rui-ying
http://www.zhihu.com/people/tao
http://www.zhihu.com/people/xiang-jiang
http://www.zhihu.com/people/bao-chen-yang
http://www.zhihu.com/people/ou-yang-zheng
http://www.zhihu.com/people/uguy
http://www.zhihu.com/people/ethonlau
http://www.zhihu.com/people/jmp0xf
http://www.zhihu.com/people/he-tian-jiao
http://www.zhihu.com/people/nan-ke-jun
http://www.zhihu.com/people/xie-kang-25-72
http://www.zhihu.com/people/lai-wei-59
http://www.zhihu.com/people/gaoliaoliao
http://www.zhihu.com/people/aspirinfox
http://www.zhihu.com/people/richardhly
http://www.zhihu.com/people/chenran
http://www.zhihu.com/people/weijiali
http://www.zhihu.com/people/xiao-da-da-27
http://www.zhihu.com/people/wu-zhi-mi
http://www.zhihu.com/people/kong-er-er-10
http://www.zhihu.com/people/deng-kang-er
http://www.zhihu.com/people/li-ji-shen
http://www.zhihu.com/people/guo-jun
http://www.zhihu.com/people/zhao-jing-yi-69
http://www.zhihu.com/people/guo-zan
http://www.zhihu.com/people/Metamorphosis_Du
http://www.zhihu.com/people/ying-ji-73
http://www.zhihu.com/people/meng-ya-kai
http://www.zhihu.com/people/ashej
http://www.zhihu.com/people/hou-yi-lin
http://www.zhihu.com/people/li-ming-89-5
http://www.zhihu.com/people/li-ling-hao-52
http://www.zhihu.com/people/mu-qing-73-75
http://www.zhihu.com/people/zhou-xiao-xun-93
http://www.zhihu.com/people/ayr1
http://www.zhihu.com/people/xujian-55
http://www.zhihu.com/people/chen-shao-peng-14
http://www.zhihu.com/people/yuxinlie
http://www.zhihu.com/people/hushering
http://www.zhihu.com/people/wei-qin-de
http://www.zhihu.com/people/bicycling
http://www.zhihu.com/people/zhou-chen-19
http://www.zhihu.com/people/xia-mo-46
http://www.zhihu.com/people/dian-bo-9
http://www.zhihu.com/people/giokei
http://www.zhihu.com/people/zhong-jiu-80
http://www.zhihu.com/people/zui-mo-50
http://www.zhihu.com/people/yu-jiang-70
http://www.zhihu.com/people/tang-bo-10
http://www.zhihu.com/people/wu-jin-hao
http://www.zhihu.com/people/su-ma-li-31
http://www.zhihu.com/people/dong-bao-zi
http://www.zhihu.com/people/vince-69
http://www.zhihu.com/people/zhan-peng-30
http://www.zhihu.com/people/peiyang1895
http://www.zhihu.com/people/yang-xiao-bing-27
http://www.zhihu.com/people/storymanliu
http://www.zhihu.com/people/yuan-sui-33
http://www.zhihu.com/people/niu-ben-18
http://www.zhihu.com/people/susanlee
http://www.zhihu.com/people/never1994
http://www.zhihu.com/people/begier-lern
http://www.zhihu.com/people/laixiaohang
http://www.zhihu.com/people/aurababy
http://www.zhihu.com/people/shishan
http://www.zhihu.com/people/li-wang-qia
http://www.zhihu.com/people/zhouweihua
http://www.zhihu.com/people/mang-guo-50
http://www.zhihu.com/people/gao-gao-72
http://www.zhihu.com/people/fenng
http://www.zhihu.com/people/alice-45-16
http://www.zhihu.com/people/zheng-zha-22
http://www.zhihu.com/people/gui-chen-93
http://www.zhihu.com/people/luo-yu-meng
http://www.zhihu.com/people/liu-hong-zuo
http://www.zhihu.com/people/wade-12
http://www.zhihu.com/people/yue-du-40
http://www.zhihu.com/people/yu-yang-62-44
http://www.zhihu.com/people/zhang-cao-pi
http://www.zhihu.com/people/lei-yang-76-36
http://www.zhihu.com/people/zhu-zheng
http://www.zhihu.com/people/Whalers
http://www.zhihu.com/people/zhang-qi-cheng-83
http://www.zhihu.com/people/leesizhe
http://www.zhihu.com/people/wkpars
http://www.zhihu.com/people/zexiancui
http://www.zhihu.com/people/explorar
http://www.zhihu.com/people/zhao-shi-nu-wang
http://www.zhihu.com/people/lulu-43
http://www.zhihu.com/people/zhouzijian
http://www.zhihu.com/people/dong-chao-24
http://www.zhihu.com/people/guo-yun-jia
http://www.zhihu.com/people/shang-guan-jing-yu
http://www.zhihu.com/people/kingsmalltwo
http://www.zhihu.com/people/huang-wei-12-62
http://www.zhihu.com/people/fangqu
http://www.zhihu.com/people/wang-sen-shine
http://www.zhihu.com/people/yin-en-chen
http://www.zhihu.com/people/neil-35-70
http://www.zhihu.com/people/yan-sheng-20-44
http://www.zhihu.com/people/zuimai
http://www.zhihu.com/people/xudekai
http://www.zhihu.com/people/chang-ge-96
http://www.zhihu.com/people/little-beast
http://www.zhihu.com/people/uynah
http://www.zhihu.com/people/migangel
http://www.zhihu.com/people/alfreda
http://www.zhihu.com/people/yan-xin-qi
http://www.zhihu.com/people/mi-xian-17
http://www.zhihu.com/people/Menonge
http://www.zhihu.com/people/necoyee
http://www.zhihu.com/people/yu-si-yu-66
http://www.zhihu.com/people/hu-dian-69
http://www.zhihu.com/people/zhou-gang-64
http://www.zhihu.com/people/nuo-ya-zhou
http://www.zhihu.com/people/he-zi-lu
http://www.zhihu.com/people/cai-ji-feng-19
http://www.zhihu.com/people/bing-huang-95
http://www.zhihu.com/people/zhou-wen-45
http://www.zhihu.com/people/xiao-zhe-31
http://www.zhihu.com/people/schumiq
http://www.zhihu.com/people/nuiger
http://www.zhihu.com/people/shen-zheng-58
http://www.zhihu.com/people/zhang-yue-ran-96
http://www.zhihu.com/people/lu-de-wei-xi-99
http://www.zhihu.com/people/wu-wei-76-79
http://www.zhihu.com/people/wang-fei-61-38
http://www.zhihu.com/people/yong-sheng
http://www.zhihu.com/people/ren-si-yuan-12
http://www.zhihu.com/people/msjk
http://www.zhihu.com/people/fu-yu-50
http://www.zhihu.com/people/ooops
http://www.zhihu.com/people/hu-cheng-88
http://www.zhihu.com/people/liu-xiao-jun-93
http://www.zhihu.com/people/wei-yuan-zhe
http://www.zhihu.com/people/chen-wen-zhao-84
http://www.zhihu.com/people/ikindle
http://www.zhihu.com/people/lycheeorange
http://www.zhihu.com/people/tusiji
http://www.zhihu.com/people/shenjiasui
http://www.zhihu.com/people/ona-doo
http://www.zhihu.com/people/jun-yi-14
http://www.zhihu.com/people/la-la-ba-xi-lie
http://www.zhihu.com/people/rinc
http://www.zhihu.com/people/er-long
http://www.zhihu.com/people/niu-niu-93-28
http://www.zhihu.com/people/plee
http://www.zhihu.com/people/feixiaofei
http://www.zhihu.com/people/zhang-mei-hua
http://www.zhihu.com/people/shi-hong-46
http://www.zhihu.com/people/leon-liu-5
http://www.zhihu.com/people/zhangqiang9876
http://www.zhihu.com/people/guo-da-lu-13-28
http://www.zhihu.com/people/wu-jin-han
http://www.zhihu.com/people/yu-xiao-xie-zi
http://www.zhihu.com/people/wang-zhen-min
http://www.zhihu.com/people/poet
http://www.zhihu.com/people/li-jian-hao-26
http://www.zhihu.com/people/shanlinfeiniao
http://www.zhihu.com/people/dong-jia-bin
http://www.zhihu.com/people/wang-jing-yu-18
http://www.zhihu.com/people/qing-shui-mei-sha
http://www.zhihu.com/people/liu-tao-77-61
http://www.zhihu.com/people/ruo-ke-69
http://www.zhihu.com/people/qian-zhong-han
http://www.zhihu.com/people/glacierlee
http://www.zhihu.com/people/hengshuo
http://www.zhihu.com/people/liu-xiao-liu-97
http://www.zhihu.com/people/zengmin
http://www.zhihu.com/people/xuexiaozhe
http://www.zhihu.com/people/zhang-yiyuan
http://www.zhihu.com/people/caomidanwei
http://www.zhihu.com/people/pang-luan-luan
http://www.zhihu.com/people/xieyanwei
http://www.zhihu.com/people/yu-xiao-mao-30
http://www.zhihu.com/people/wu-hai-25
http://www.zhihu.com/people/gu-zhong-heng
http://www.zhihu.com/people/wang-peng-10-25
http://www.zhihu.com/people/tu-gao-hui-ge
http://www.zhihu.com/people/liu-xiao-yang-86
http://www.zhihu.com/people/he-hao-liang-4
http://www.zhihu.com/people/zi-xiang-28
http://www.zhihu.com/people/hynguyen
http://www.zhihu.com/people/liu-xiao-yu-63-34
http://www.zhihu.com/people/hao-mian-bao
http://www.zhihu.com/people/ma-xiao-tiao-27
http://www.zhihu.com/people/kong-zi-liu
http://www.zhihu.com/people/liu-pei-yao-3
http://www.zhihu.com/people/lee-ree
http://www.zhihu.com/people/fei-xiao-ma
http://www.zhihu.com/people/shijingruxin
http://www.zhihu.com/people/bao-er-11
http://www.zhihu.com/people/RyanShang
http://www.zhihu.com/people/hang-hang-7
http://www.zhihu.com/people/wu-da-qun-10
http://www.zhihu.com/people/li-xing-4
http://www.zhihu.com/people/gayscript
http://www.zhihu.com/people/zhuyangg
http://www.zhihu.com/people/liu-ya-kun-1
http://www.zhihu.com/people/avinci
http://www.zhihu.com/people/liu-xin-ran-79
http://www.zhihu.com/people/jysm
http://www.zhihu.com/people/chen-wen-nuan-89
http://www.zhihu.com/people/lfzyx
http://www.zhihu.com/people/weng-xian-xun
http://www.zhihu.com/people/song-pei-meng
http://www.zhihu.com/people/12turbo
http://www.zhihu.com/people/A_Fish
http://www.zhihu.com/people/zhang-xiao-hei-16
http://www.zhihu.com/people/tan-ri-tian
http://www.zhihu.com/people/mao-bing-61
http://www.zhihu.com/people/qi-hong-wei
http://www.zhihu.com/people/jerome-zhong-76
http://www.zhihu.com/people/yang-chun-17
http://www.zhihu.com/people/mosi
http://www.zhihu.com/people/liu-huo-58
http://www.zhihu.com/people/kong-rong-26
http://www.zhihu.com/people/jiayizhen
http://www.zhihu.com/people/alexpoo
http://www.zhihu.com/people/you-shu-60
http://www.zhihu.com/people/long-yi-nan-90
http://www.zhihu.com/people/feng-hua-jue-dui
http://www.zhihu.com/people/diao-yuan-yuan
http://www.zhihu.com/people/wang-sha-sha-49
http://www.zhihu.com/people/SeanParker
http://www.zhihu.com/people/huangjian
http://www.zhihu.com/people/lu-chen-shuang
http://www.zhihu.com/people/tata-zhu
http://www.zhihu.com/people/morea
http://www.zhihu.com/people/cheng-xiao-dong-29
http://www.zhihu.com/people/situchuifeng
http://www.zhihu.com/people/chen-wei-57
http://www.zhihu.com/people/zhang-ting-ting-94
http://www.zhihu.com/people/li-san-su
http://www.zhihu.com/people/song-dan-55
http://www.zhihu.com/people/kun-liu-3-37
http://www.zhihu.com/people/jiang-you-wei-4
http://www.zhihu.com/people/yan-hui-35-80
http://www.zhihu.com/people/rain-lee-66
http://www.zhihu.com/people/zhao-bo-cheng
http://www.zhihu.com/people/hussey-64
http://www.zhihu.com/people/feichai_dashu
http://www.zhihu.com/people/li-chuan-4
http://www.zhihu.com/people/deng-lei-lei
http://www.zhihu.com/people/xie-yin-song-83
http://www.zhihu.com/people/zhang-jing-88-76
http://www.zhihu.com/people/yu-yang-41
http://www.zhihu.com/people/li-er-bing
http://www.zhihu.com/people/novae
http://www.zhihu.com/people/wan-tian-xu
http://www.zhihu.com/people/zhang-le-12-73
http://www.zhihu.com/people/sanghai89110224
http://www.zhihu.com/people/KateSung
http://www.zhihu.com/people/yanyiphilips
http://www.zhihu.com/people/qian-qian-80-6
http://www.zhihu.com/people/BeansTang
http://www.zhihu.com/people/xulaohan
http://www.zhihu.com/people/pointfish
http://www.zhihu.com/people/jiangqinyi
http://www.zhihu.com/people/xia-miao-67
http://www.zhihu.com/people/hong-dou-xia
http://www.zhihu.com/people/chen-yu-11-79
http://www.zhihu.com/people/thoreau-84
http://www.zhihu.com/people/zhuo-xiao-cheng
http://www.zhihu.com/people/ruppy
http://www.zhihu.com/people/heijiajia
http://www.zhihu.com/people/cold-cold
http://www.zhihu.com/people/tai-di-xiong-97
http://www.zhihu.com/people/fengjuanchengfu
http://www.zhihu.com/people/yi-da-sen
http://www.zhihu.com/people/han-peng-qian
http://www.zhihu.com/people/lian-zheng-35
http://www.zhihu.com/people/xi-wu-77
http://www.zhihu.com/people/mingleung
http://www.zhihu.com/people/qiu-meng-58
http://www.zhihu.com/people/hao-peng-cheng
http://www.zhihu.com/people/zhengjny
http://www.zhihu.com/people/la-la-la-55
http://www.zhihu.com/people/blueice-68
http://www.zhihu.com/people/jovanyang
http://www.zhihu.com/people/flygon
http://www.zhihu.com/people/pengfei.wang
http://www.zhihu.com/people/huang-fu-nan
http://www.zhihu.com/people/xu-xue-hen
http://www.zhihu.com/people/nyanzhang
http://www.zhihu.com/people/shi-bing-lan
http://www.zhihu.com/people/yang-yang-69-37
http://www.zhihu.com/people/ran-ye
http://www.zhihu.com/people/dante-dante
http://www.zhihu.com/people/capbone
http://www.zhihu.com/people/peng-ge-61-48
http://www.zhihu.com/people/dai-xiao-lan
http://www.zhihu.com/people/siren-in-lily
http://www.zhihu.com/people/Mr.guo
http://www.zhihu.com/people/yang-hou-ze
http://www.zhihu.com/people/dai-xiao-xi-70
http://www.zhihu.com/people/lei-xiao-tao
http://www.zhihu.com/people/wkp1517
http://www.zhihu.com/people/wang-sheng-9
http://www.zhihu.com/people/possibilities
http://www.zhihu.com/people/chen-chen-38-78
http://www.zhihu.com/people/train1110
http://www.zhihu.com/people/zhang-mu-yun
http://www.zhihu.com/people/king-zin
http://www.zhihu.com/people/xiao-chu
http://www.zhihu.com/people/zhang-run1991
http://www.zhihu.com/people/kennethtse
http://www.zhihu.com/people/mi-tao
http://www.zhihu.com/people/lin-hai-99
http://www.zhihu.com/people/nie-fei-0504
http://www.zhihu.com/people/chen-si-yue-70
http://www.zhihu.com/people/xue-wa-qia
http://www.zhihu.com/people/lin-mo-ran-77
http://www.zhihu.com/people/phonism
http://www.zhihu.com/people/liu-fan-18-72
http://www.zhihu.com/people/wang-fen-fang
http://www.zhihu.com/people/chdwu
http://www.zhihu.com/people/li-xuan-62
http://www.zhihu.com/people/orangetime
http://www.zhihu.com/people/chen-jun-rong-25
http://www.zhihu.com/people/lin-xi-34-6
http://www.zhihu.com/people/wang-chao-38
http://www.zhihu.com/people/zi-ming-91
http://www.zhihu.com/people/snkwing-93
http://www.zhihu.com/people/feng-shu-tong
http://www.zhihu.com/people/zhang-yi-fan-48
http://www.zhihu.com/people/zhang-tian-sheng-76
http://www.zhihu.com/people/lu-kun-49
http://www.zhihu.com/people/song-kai-51
http://www.zhihu.com/people/liangsz
http://www.zhihu.com/people/pan-richard
http://www.zhihu.com/people/shabingxuan
http://www.zhihu.com/people/shu-yun-36
http://www.zhihu.com/people/ren-qiang-50
http://www.zhihu.com/people/feikon
http://www.zhihu.com/people/de-nan
http://www.zhihu.com/people/kuailexiaowangzi
http://www.zhihu.com/people/xia-qi-la
http://www.zhihu.com/people/qing-ying-23
http://www.zhihu.com/people/miao-cheng-64
http://www.zhihu.com/people/zhang-xing-xing-27
http://www.zhihu.com/people/wang-qing-83
http://www.zhihu.com/people/zhuang-chao-90-18
http://www.zhihu.com/people/lin-yiqian
http://www.zhihu.com/people/paul-tung
http://www.zhihu.com/people/euyuil
http://www.zhihu.com/people/zhen-jia
http://www.zhihu.com/people/he-wo
http://www.zhihu.com/people/kokomi
http://www.zhihu.com/people/ba-tong-15
http://www.zhihu.com/people/imajin
http://www.zhihu.com/people/c447279704
http://www.zhihu.com/people/ting-shang-25
http://www.zhihu.com/people/he-yuan-sheng
http://www.zhihu.com/people/turbo-lee
http://www.zhihu.com/people/mugglezly
http://www.zhihu.com/people/he-jia-bin
http://www.zhihu.com/people/jin-yuan-wai
http://www.zhihu.com/people/mu-rong-bing
http://www.zhihu.com/people/mqy444
http://www.zhihu.com/people/sleepingknight
http://www.zhihu.com/people/bruce-wu
http://www.zhihu.com/people/qdhei521
http://www.zhihu.com/people/endhere
http://www.zhihu.com/people/jonson-fang
http://www.zhihu.com/people/zheng-xiao-fu
http://www.zhihu.com/people/gao-yuan-yuan-61
http://www.zhihu.com/people/cui-wang
http://www.zhihu.com/people/bei-wu-52
http://www.zhihu.com/people/behappy
http://www.zhihu.com/people/shu-qian-er
http://www.zhihu.com/people/li-shou-yin-89
http://www.zhihu.com/people/zhyang-liu
http://www.zhihu.com/people/li-rui-ting
http://www.zhihu.com/people/li-he-liao
http://www.zhihu.com/people/a_kai
http://www.zhihu.com/people/yang-xiao-yu-40-82
http://www.zhihu.com/people/owenne
http://www.zhihu.com/people/zhang-wei-10-7
http://www.zhihu.com/people/yue-yi-he
http://www.zhihu.com/people/qing-teng-5
http://www.zhihu.com/people/liao-wei-90
http://www.zhihu.com/people/snoola-tang
http://www.zhihu.com/people/li-xiao-kui-35
http://www.zhihu.com/people/viuviu
http://www.zhihu.com/people/zhu-bo-tao
http://www.zhihu.com/people/zheng-fang-hu
http://www.zhihu.com/people/chu-meng-meng
http://www.zhihu.com/people/howie1991
http://www.zhihu.com/people/xie-ci-zui
http://www.zhihu.com/people/yi-chen-57-16
http://www.zhihu.com/people/long-lu-92
http://www.zhihu.com/people/wan-mian
http://www.zhihu.com/people/wen-wen-92
http://www.zhihu.com/people/gu-zhuo-zi
http://www.zhihu.com/people/babyface-38
http://www.zhihu.com/people/pan-chao-57
http://www.zhihu.com/people/shang-shi-3
http://www.zhihu.com/people/lancaihe
http://www.zhihu.com/people/xun-babe
http://www.zhihu.com/people/nuonuolili
http://www.zhihu.com/people/zhang-ying-zhou-91
http://www.zhihu.com/people/xingtao-shen
http://www.zhihu.com/people/zhang-bo-67-32
http://www.zhihu.com/people/littlesenke
http://www.zhihu.com/people/wang-yan-yu-64
http://www.zhihu.com/people/gin-55
http://www.zhihu.com/people/WymanY
http://www.zhihu.com/people/zhong-hao-78
http://www.zhihu.com/people/fan-cheng-da
http://www.zhihu.com/people/liu-su-40
http://www.zhihu.com/people/lexie-han
http://www.zhihu.com/people/ha-lu
http://www.zhihu.com/people/muffin-yep
http://www.zhihu.com/people/howardsu
http://www.zhihu.com/people/mvie
http://www.zhihu.com/people/ChineseWhisper
http://www.zhihu.com/people/ping-feng-a-fei
http://www.zhihu.com/people/75212218
http://www.zhihu.com/people/li-yu-25
http://www.zhihu.com/people/zhang-sui-bian-22
http://www.zhihu.com/people/000088
http://www.zhihu.com/people/dannyhuang
http://www.zhihu.com/people/raggg
http://www.zhihu.com/people/zhang-heng-81
http://www.zhihu.com/people/windfuture
http://www.zhihu.com/people/yang-hao-tian-85
http://www.zhihu.com/people/huang-wen-long-62
http://www.zhihu.com/people/Jessica-joy5
http://www.zhihu.com/people/_zhao_xu_
http://www.zhihu.com/people/akirachang
http://www.zhihu.com/people/fuckzhihu
http://www.zhihu.com/people/niu-xiao-li
http://www.zhihu.com/people/liu-jin-long-44
http://www.zhihu.com/people/li-peng-yan
http://www.zhihu.com/people/xiao-sa-06-16
http://www.zhihu.com/people/zhangyixuan
http://www.zhihu.com/people/zheng-mu-rong
http://www.zhihu.com/people/jamesky907
http://www.zhihu.com/people/zhao-peng-59-86
http://www.zhihu.com/people/huang-zhu-11
http://www.zhihu.com/people/zkaiyu
http://www.zhihu.com/people/hong-guo-guo-79
http://www.zhihu.com/people/baimo
http://www.zhihu.com/people/zhu-yu-han-6
http://www.zhihu.com/people/tang-sai-zhi
http://www.zhihu.com/people/vincy-80
http://www.zhihu.com/people/liu-jian-roger
http://www.zhihu.com/people/xu-wen-52
http://www.zhihu.com/people/mtoc
http://www.zhihu.com/people/wei-wei-87-88
http://www.zhihu.com/people/lu-meng-65
http://www.zhihu.com/people/tian-su-jun
http://www.zhihu.com/people/yao-du-min
http://www.zhihu.com/people/lu-gui-chen-26
http://www.zhihu.com/people/kissingfeng
http://www.zhihu.com/people/veann
http://www.zhihu.com/people/ge-duo-ni
http://www.zhihu.com/people/zhang-liang-peng
http://www.zhihu.com/people/dr-satyr
http://www.zhihu.com/people/THFQ
http://www.zhihu.com/people/jordan-yu-40
http://www.zhihu.com/people/zhao-xin-yi-46
http://www.zhihu.com/people/qiuqiuchiu
http://www.zhihu.com/people/tang-ming-yi
http://www.zhihu.com/people/tang-an-25
http://www.zhihu.com/people/sha-zhu-zhu
http://www.zhihu.com/people/liu-san-bao-35
http://www.zhihu.com/people/lilydjwg
http://www.zhihu.com/people/zhang-bo-yun
http://www.zhihu.com/people/xielei
http://www.zhihu.com/people/shen2
http://www.zhihu.com/people/dai-si-ran
http://www.zhihu.com/people/cheng-fang-hang
http://www.zhihu.com/people/gao-zheng-11
http://www.zhihu.com/people/wang-yu-25-65
http://www.zhihu.com/people/fyl00
http://www.zhihu.com/people/lin-lian-lian
http://www.zhihu.com/people/JiangTianZheng
http://www.zhihu.com/people/simont
http://www.zhihu.com/people/cang-mang-6
http://www.zhihu.com/people/li-xia-xia-84
http://www.zhihu.com/people/ming-80-76
http://www.zhihu.com/people/ma-que-10
http://www.zhihu.com/people/leecm
http://www.zhihu.com/people/li-xuan-14-48
http://www.zhihu.com/people/bo-hai-1905
http://www.zhihu.com/people/rrrzp
http://www.zhihu.com/people/cevin
http://www.zhihu.com/people/xiao-mi-15
http://www.zhihu.com/people/sheng-yu-ji
http://www.zhihu.com/people/XZPN2013
http://www.zhihu.com/people/teng-dou-dou
http://www.zhihu.com/people/he-wu-feng
http://www.zhihu.com/people/xiong-wei-10
http://www.zhihu.com/people/bo-te
http://www.zhihu.com/people/dingningsss
http://www.zhihu.com/people/sun-peng-chong
http://www.zhihu.com/people/suri-12
http://www.zhihu.com/people/daicy
http://www.zhihu.com/people/miaomiaomiao
http://www.zhihu.com/people/mao-qi
http://www.zhihu.com/people/mian-dian
http://www.zhihu.com/people/lu-jia-11
http://www.zhihu.com/people/joker-86
http://www.zhihu.com/people/yang-di-19
http://www.zhihu.com/people/yu-yong-54
http://www.zhihu.com/people/wang-biao-99-71
http://www.zhihu.com/people/chen-yang-85-61
http://www.zhihu.com/people/wang-xiao-ming-36
http://www.zhihu.com/people/zhong-ye-zi-49
http://www.zhihu.com/people/yang-bei-65
http://www.zhihu.com/people/butcherv
http://www.zhihu.com/people/ou-bao-bao
http://www.zhihu.com/people/miza
http://www.zhihu.com/people/jia-luo-18
http://www.zhihu.com/people/sellsoda
http://www.zhihu.com/people/zhaoxiaominzi
http://www.zhihu.com/people/deager
http://www.zhihu.com/people/xian-xie
http://www.zhihu.com/people/yan-wei-xue
http://www.zhihu.com/people/shao-zy
http://www.zhihu.com/people/yang-yifeng-effen
http://www.zhihu.com/people/JohnLou
http://www.zhihu.com/people/liu-xiao-dong-73
http://www.zhihu.com/people/moski-ivan
http://www.zhihu.com/people/pianpian0304
http://www.zhihu.com/people/faith-87
http://www.zhihu.com/people/zhuo-zhi-ying
http://www.zhihu.com/people/wu-yong-lei-97
http://www.zhihu.com/people/zhan-sheng-41
http://www.zhihu.com/people/bassmen
http://www.zhihu.com/people/luo-xiao-wei
http://www.zhihu.com/people/yesudewanyan
http://www.zhihu.com/people/chen-hong-yu-97
http://www.zhihu.com/people/huangdingben
http://www.zhihu.com/people/shao-dong
http://www.zhihu.com/people/chen-shu-15
http://www.zhihu.com/people/song-yang-96-99
http://www.zhihu.com/people/tikin
http://www.zhihu.com/people/lian-yang
http://www.zhihu.com/people/xiong-lu-ming
http://www.zhihu.com/people/petiteluo
http://www.zhihu.com/people/shenmie
http://www.zhihu.com/people/chenxc
http://www.zhihu.com/people/Eski147
http://www.zhihu.com/people/fensilemon
http://www.zhihu.com/people/red11
http://www.zhihu.com/people/li-tian-ming
http://www.zhihu.com/people/chang-cheng-jiang
http://www.zhihu.com/people/jason-j
http://www.zhihu.com/people/minaolenliz
http://www.zhihu.com/people/li-xue-yang-28
http://www.zhihu.com/people/Yuliyapeach
http://www.zhihu.com/people/joycexu
http://www.zhihu.com/people/summer-lee-52
http://www.zhihu.com/people/yi-cheng-58
http://www.zhihu.com/people/lobo-73
http://www.zhihu.com/people/mo-shen-94
http://www.zhihu.com/people/zuo-zhi
http://www.zhihu.com/people/blues
http://www.zhihu.com/people/zhang-yi-xiang-44
http://www.zhihu.com/people/yang-zhong-chuan
http://www.zhihu.com/people/tao-zhi-26
http://www.zhihu.com/people/leony
http://www.zhihu.com/people/simpler
http://www.zhihu.com/people/zhu-yixin-42
http://www.zhihu.com/people/ding-ruo-shui
http://www.zhihu.com/people/ze-yan
http://www.zhihu.com/people/xu-ming-11-2
http://www.zhihu.com/people/bai-ju-18
http://www.zhihu.com/people/celine-53
http://www.zhihu.com/people/gui-yang
http://www.zhihu.com/people/wei-mao-zeng
http://www.zhihu.com/people/seraph0628
http://www.zhihu.com/people/li-cheng-gan
http://www.zhihu.com/people/xi-lan-26
http://www.zhihu.com/people/conniehuang
http://www.zhihu.com/people/chu-tian-shu-27
http://www.zhihu.com/people/myhilily
http://www.zhihu.com/people/searainwang
http://www.zhihu.com/people/chen-zuo-lin-16
http://www.zhihu.com/people/gao-dei
http://www.zhihu.com/people/jonaslu
http://www.zhihu.com/people/ma-bei-bei-96
http://www.zhihu.com/people/arrowkey
http://www.zhihu.com/people/hu-guo-hua
http://www.zhihu.com/people/cheng-qing-22
http://www.zhihu.com/people/chen-jian-de
http://www.zhihu.com/people/tim-choo
http://www.zhihu.com/people/phoebe-wong
http://www.zhihu.com/people/maskn
http://www.zhihu.com/people/xie-jun-ting-53
http://www.zhihu.com/people/xu-xiao-wei-41
http://www.zhihu.com/people/xie-jun-87
http://www.zhihu.com/people/cumt
http://www.zhihu.com/people/chen-chang-dong-77
http://www.zhihu.com/people/itiwll
http://www.zhihu.com/people/wang-yi-43-11
http://www.zhihu.com/people/S-He
http://www.zhihu.com/people/kai-wen-luo
http://www.zhihu.com/people/zi-chen007
http://www.zhihu.com/people/auto-shutten
http://www.zhihu.com/people/liang-feng-75
http://www.zhihu.com/people/yun-heng-62
http://www.zhihu.com/people/eddie-66
http://www.zhihu.com/people/lao-lun-si-7
http://www.zhihu.com/people/zhen-hao
http://www.zhihu.com/people/horace
http://www.zhihu.com/people/monica-28
http://www.zhihu.com/people/feversun
http://www.zhihu.com/people/hellopeixing
http://www.zhihu.com/people/yun-xia-74
http://www.zhihu.com/people/he-chao-53
http://www.zhihu.com/people/jiang-___-min
http://www.zhihu.com/people/toocold
http://www.zhihu.com/people/yetone
http://www.zhihu.com/people/ge-fei-g
http://www.zhihu.com/people/tautcony
http://www.zhihu.com/people/shmilypeter
http://www.zhihu.com/people/zhi-zai
http://www.zhihu.com/people/mouk
http://www.zhihu.com/people/backring
http://www.zhihu.com/people/zhang-hai-dong-25
http://www.zhihu.com/people/ma-bo-ping
http://www.zhihu.com/people/zzzzsong
http://www.zhihu.com/people/geng-shao
http://www.zhihu.com/people/wang-shu-tan
http://www.zhihu.com/people/wu-yuan-5297
http://www.zhihu.com/people/liu-ze-cheng
http://www.zhihu.com/people/betteryaki
http://www.zhihu.com/people/HermioneQune
http://www.zhihu.com/people/li-qi-qi-24
http://www.zhihu.com/people/sky-fall
http://www.zhihu.com/people/yan6000
http://www.zhihu.com/people/yang-xiao-xiang-21
http://www.zhihu.com/people/su-mo-ru
http://www.zhihu.com/people/michael-10-3
http://www.zhihu.com/people/chen-qi-cheng
http://www.zhihu.com/people/liang-wen-xuan-35
http://www.zhihu.com/people/aoimishi
http://www.zhihu.com/people/li-yao-fu
http://www.zhihu.com/people/zhang-ting-6-32
http://www.zhihu.com/people/jiapu
http://www.zhihu.com/people/chen-yong-lin-25
http://www.zhihu.com/people/yang-liu-11-5
http://www.zhihu.com/people/luo-qiu-ya
http://www.zhihu.com/people/yu-xiang-54
http://www.zhihu.com/people/hong-hei-xiao-kai
http://www.zhihu.com/people/ge-la-si-wen
http://www.zhihu.com/people/you-ren
http://www.zhihu.com/people/bai-wen-ming
http://www.zhihu.com/people/ding-shi-fei
http://www.zhihu.com/people/zhihuun
http://www.zhihu.com/people/nuo-tie
http://www.zhihu.com/people/jokii
http://www.zhihu.com/people/Ataraxia002
http://www.zhihu.com/people/wang-da-ling-98
http://www.zhihu.com/people/lin-yu-an
http://www.zhihu.com/people/qian-gui-shen
http://www.zhihu.com/people/liang-yuan
http://www.zhihu.com/people/hibye
http://www.zhihu.com/people/zhang-guo-yong-9
http://www.zhihu.com/people/bajie8
http://www.zhihu.com/people/jia-zi-lee
http://www.zhihu.com/people/liu-min-9-11
http://www.zhihu.com/people/dao-xiang-87
http://www.zhihu.com/people/chu-tong-xue-86
http://www.zhihu.com/people/wsivoky
http://www.zhihu.com/people/chougu
http://www.zhihu.com/people/yang-shuang-1
http://www.zhihu.com/people/zhang-lei-5-94
http://www.zhihu.com/people/wu-xiao-gang-6
http://www.zhihu.com/people/double-huo
http://www.zhihu.com/people/peterhu
http://www.zhihu.com/people/wang-lei-52
http://www.zhihu.com/people/xiaoyujiang
http://www.zhihu.com/people/zhang-wei-dong-59
http://www.zhihu.com/people/chuching
http://www.zhihu.com/people/bbsunchen
http://www.zhihu.com/people/peterlu
http://www.zhihu.com/people/liu-de-kun
http://www.zhihu.com/people/penpa
http://www.zhihu.com/people/li-pei-45
http://www.zhihu.com/people/san-pi-51
http://www.zhihu.com/people/luo-shi-jin-ne
http://www.zhihu.com/people/xwen
http://www.zhihu.com/people/chenghan
http://www.zhihu.com/people/chen-jia-hao-22
http://www.zhihu.com/people/sun-guo-peng
http://www.zhihu.com/people/jiang-ge
http://www.zhihu.com/people/wu-qiong-11-59
http://www.zhihu.com/people/mangopie
http://www.zhihu.com/people/ruan-bei-qia
http://www.zhihu.com/people/treenewbeer
http://www.zhihu.com/people/laser
http://www.zhihu.com/people/su-chao-qun
http://www.zhihu.com/people/lu-suo
http://www.zhihu.com/people/Acmenyz
http://www.zhihu.com/people/corfishy
http://www.zhihu.com/people/lesus
http://www.zhihu.com/people/li-xiao-qiang-24
http://www.zhihu.com/people/dong-rong-hua
http://www.zhihu.com/people/zhaoyue
http://www.zhihu.com/people/myisocn
http://www.zhihu.com/people/ong-mysti
http://www.zhihu.com/people/cheng-cheng
http://www.zhihu.com/people/yellowsabrina
http://www.zhihu.com/people/li-han-jia-11
http://www.zhihu.com/people/li-ha-ha-leo
http://www.zhihu.com/people/zhang-shi-guang
http://www.zhihu.com/people/flitpend
http://www.zhihu.com/people/Ricahrd.Light
http://www.zhihu.com/people/guranzhi
http://www.zhihu.com/people/shi-hui-qin-73
http://www.zhihu.com/people/artemisia-29
http://www.zhihu.com/people/yi-zhong-wei
http://www.zhihu.com/people/cooL
http://www.zhihu.com/people/zhang-zuo-lu
http://www.zhihu.com/people/gpz-73
http://www.zhihu.com/people/aaron-53-82
http://www.zhihu.com/people/YEESA
http://www.zhihu.com/people/xymark
http://www.zhihu.com/people/muxiaogang
http://www.zhihu.com/people/zhao-zi-qian-7
http://www.zhihu.com/people/hongrunj
http://www.zhihu.com/people/kevinyu
http://www.zhihu.com/people/han-chen-72
http://www.zhihu.com/people/daodao
http://www.zhihu.com/people/luo-yu-8
http://www.zhihu.com/people/adwelling
http://www.zhihu.com/people/zhang-xiao-jie-82
http://www.zhihu.com/people/rockydd
http://www.zhihu.com/people/pb612
http://www.zhihu.com/people/chen-xiao-mo-33
http://www.zhihu.com/people/ji-xiao-qiang-74
http://www.zhihu.com/people/fajia
http://www.zhihu.com/people/l-lee-93
http://www.zhihu.com/people/rui-jiu-jiu
http://www.zhihu.com/people/xi-dong-xu
http://www.zhihu.com/people/huang-wei-yun
http://www.zhihu.com/people/xiaodaoren
http://www.zhihu.com/people/chang-shao-ran
http://www.zhihu.com/people/michelle-zhou-76
http://www.zhihu.com/people/zhou-yi-ran-
http://www.zhihu.com/people/echohn
http://www.zhihu.com/people/zhong-di-xi
http://www.zhihu.com/people/zhan-ci
http://www.zhihu.com/people/shileiee
http://www.zhihu.com/people/vanya
http://www.zhihu.com/people/zhou-xiao-jing-69
http://www.zhihu.com/people/liang-dan-21
http://www.zhihu.com/people/yu-shi-san
http://www.zhihu.com/people/dddxxx
http://www.zhihu.com/people/jin-yi-nuo
http://www.zhihu.com/people/yang-zhen-yi
http://www.zhihu.com/people/jia-he-65
http://www.zhihu.com/people/johnny-chen
http://www.zhihu.com/people/liu-zhi-jia-22
http://www.zhihu.com/people/ke-zhi-92
http://www.zhihu.com/people/ceng-wen-zi
http://www.zhihu.com/people/dwoo
http://www.zhihu.com/people/lin-dai-xiong-66
http://www.zhihu.com/people/qiu-teng-jiang
http://www.zhihu.com/people/qiu-hong-zhou-ying
http://www.zhihu.com/people/xxnotepad
http://www.zhihu.com/people/xiao-yu-64
http://www.zhihu.com/people/fanjunnan
http://www.zhihu.com/people/tou-tou-tou-tou-tou-tou
http://www.zhihu.com/people/xiao-yang-45
http://www.zhihu.com/people/wfloveyou
http://www.zhihu.com/people/mali
http://www.zhihu.com/people/pan-zhi-hao
http://www.zhihu.com/people/xiabuda
http://www.zhihu.com/people/sin-51
http://www.zhihu.com/people/zi-chang-29
http://www.zhihu.com/people/mu-jin-nian-88
http://www.zhihu.com/people/ywwhite
http://www.zhihu.com/people/liang-xiao-mi-44
http://www.zhihu.com/people/duoduojiang
http://www.zhihu.com/people/jing-22
http://www.zhihu.com/people/zhang-ming-21-51
http://www.zhihu.com/people/carrie-is-on
http://www.zhihu.com/people/li-mu-qing-521
http://www.zhihu.com/people/wangen
http://www.zhihu.com/people/yuan-xia-45
http://www.zhihu.com/people/zhang-chun-34
http://www.zhihu.com/people/hu-jia-cheng
http://www.zhihu.com/people/hzyrz
http://www.zhihu.com/people/tontonchuan-zhang
http://www.zhihu.com/people/huang-huang-7-7
http://www.zhihu.com/people/huang-jian-nan-64
http://www.zhihu.com/people/liiihehe
http://www.zhihu.com/people/zhang-gao-feng-1
http://www.zhihu.com/people/ma-gang
http://www.zhihu.com/people/guo-zi-1
http://www.zhihu.com/people/jiang-41
http://www.zhihu.com/people/yamingshi
http://www.zhihu.com/people/dropby
http://www.zhihu.com/people/ceng-ming-50
http://www.zhihu.com/people/zhang-peng-yu-79
http://www.zhihu.com/people/bighau
http://www.zhihu.com/people/chen-mo-ling
http://www.zhihu.com/people/onetwo
http://www.zhihu.com/people/jarvis-92
http://www.zhihu.com/people/xiong-pan-pan
http://www.zhihu.com/people/zhang-xin-84-60
http://www.zhihu.com/people/yan-zhi-guang
http://www.zhihu.com/people/hu-chao-59
http://www.zhihu.com/people/wang-dan-33-73
http://www.zhihu.com/people/ge-chen-xi
http://www.zhihu.com/people/yumeka
http://www.zhihu.com/people/scarlett-27
http://www.zhihu.com/people/wen-juan
http://www.zhihu.com/people/iuser
http://www.zhihu.com/people/toya-23
http://www.zhihu.com/people/echodu
http://www.zhihu.com/people/zhu-li-ting
http://www.zhihu.com/people/chen-mi-jia
http://www.zhihu.com/people/li-ming-15
http://www.zhihu.com/people/wu-shuai-chen-88
http://www.zhihu.com/people/yangluhan1990
http://www.zhihu.com/people/shi-xiao-bo-94
http://www.zhihu.com/people/mao-xiao-long-56
http://www.zhihu.com/people/zhou-xiao-cheng
http://www.zhihu.com/people/tian-peng-23-46
http://www.zhihu.com/people/feng-bo-zhao
http://www.zhihu.com/people/walking-x
http://www.zhihu.com/people/hong-tao-k
http://www.zhihu.com/people/liu-shao-peng
http://www.zhihu.com/people/yishou-bai-cai
http://www.zhihu.com/people/dongdongqiang
http://www.zhihu.com/people/wu-hu-17
http://www.zhihu.com/people/ren-xiao-mao
http://www.zhihu.com/people/wu-lei-mu
http://www.zhihu.com/people/cupid
http://www.zhihu.com/people/limi
http://www.zhihu.com/people/xiao-guai-shou-catherine
http://www.zhihu.com/people/lynn023
http://www.zhihu.com/people/jenningsatlarge
http://www.zhihu.com/people/mu-lin-lin
http://www.zhihu.com/people/duan-xiu-34
http://www.zhihu.com/people/wang-yang-20-22
http://www.zhihu.com/people/lu-zhen-yu-87
http://www.zhihu.com/people/red-fighter
http://www.zhihu.com/people/Mohu
http://www.zhihu.com/people/muyi88
http://www.zhihu.com/people/liu-yu-27-89
http://www.zhihu.com/people/cliffy
http://www.zhihu.com/people/wu-jie-97
http://www.zhihu.com/people/luo-shu-lan-noelle
http://www.zhihu.com/people/isax
http://www.zhihu.com/people/zhu-yong-qian
http://www.zhihu.com/people/youfeng-87-40
http://www.zhihu.com/people/pan-xiao-25
http://www.zhihu.com/people/techoxygen
http://www.zhihu.com/people/evepig
http://www.zhihu.com/people/chen-yuan-chun
http://www.zhihu.com/people/lin-bi-mgal
http://www.zhihu.com/people/limonzhou
http://www.zhihu.com/people/Dominic_
http://www.zhihu.com/people/memento-mori
http://www.zhihu.com/people/li-ruo-ruo
http://www.zhihu.com/people/liu-si-qi-58
http://www.zhihu.com/people/windmaple
http://www.zhihu.com/people/cheng-meng-meng-11
http://www.zhihu.com/people/zzzZZZtongxue
http://www.zhihu.com/people/wuchen
http://www.zhihu.com/people/miao-zhen
http://www.zhihu.com/people/wang-jia-wei-45-85
http://www.zhihu.com/people/li-lin-70
http://www.zhihu.com/people/wang-ruo-feng-28
http://www.zhihu.com/people/feng-xi-21
http://www.zhihu.com/people/weisiren
http://www.zhihu.com/people/linearrr
http://www.zhihu.com/people/ban-ya-tu
http://www.zhihu.com/people/heyuthere
http://www.zhihu.com/people/ChenZhangyu
http://www.zhihu.com/people/lin-yi-85
http://www.zhihu.com/people/zhang-liang-93
http://www.zhihu.com/people/jiang-hai-yang-67
http://www.zhihu.com/people/wooding
http://www.zhihu.com/people/GionCat
http://www.zhihu.com/people/gonw
http://www.zhihu.com/people/ltsingle
http://www.zhihu.com/people/liu-yang-7-13
http://www.zhihu.com/people/xiao-fan-55
http://www.zhihu.com/people/guo-jia-22
http://www.zhihu.com/people/ran-yu-81
http://www.zhihu.com/people/chen-xi-1
http://www.zhihu.com/people/zhou-hang-zheng-66
http://www.zhihu.com/people/zheng-chen-36
http://www.zhihu.com/people/lingyan
http://www.zhihu.com/people/bao-lei-60
http://www.zhihu.com/people/qiaomu
http://www.zhihu.com/people/cheng-zhang-55
http://www.zhihu.com/people/cytzrs
http://www.zhihu.com/people/li-jie-6
http://www.zhihu.com/people/liudongkun
http://www.zhihu.com/people/frank-17
http://www.zhihu.com/people/nyaball
http://www.zhihu.com/people/bubble-h
http://www.zhihu.com/people/hong-xiao-ming
http://www.zhihu.com/people/up-up-75
http://www.zhihu.com/people/xiao-long-chawu
http://www.zhihu.com/people/shi-shi-shi-shi
http://www.zhihu.com/people/huang-he-qin
http://www.zhihu.com/people/leehowe
http://www.zhihu.com/people/wei-zu-tuo
http://www.zhihu.com/people/zhi-bi-er
http://www.zhihu.com/people/wang-dong-54
http://www.zhihu.com/people/dianxiaoxian
http://www.zhihu.com/people/chuangzi
http://www.zhihu.com/people/li-dong-wei-47
http://www.zhihu.com/people/tarwon
http://www.zhihu.com/people/yin-yu-chen-26
http://www.zhihu.com/people/li-shun-ping
http://www.zhihu.com/people/Hiien
http://www.zhihu.com/people/liu-si-yi-4
http://www.zhihu.com/people/zhouyao
http://www.zhihu.com/people/zhang-jian-fei-95
http://www.zhihu.com/people/bydd1989
http://www.zhihu.com/people/Selerare
http://www.zhihu.com/people/bo-wen-49
http://www.zhihu.com/people/dan-fan-48
http://www.zhihu.com/people/ouyangli
http://www.zhihu.com/people/lining
http://www.zhihu.com/people/chen-xin-yan-65
http://www.zhihu.com/people/wangfangyi
http://www.zhihu.com/people/er-shi-yi
http://www.zhihu.com/people/susus
http://www.zhihu.com/people/xiao-du-sysu
http://www.zhihu.com/people/yuziduo
http://www.zhihu.com/people/xie-wei-74-75
http://www.zhihu.com/people/iaisin
http://www.zhihu.com/people/loopool
http://www.zhihu.com/people/xu-ming-yi
http://www.zhihu.com/people/chen-xing-68
http://www.zhihu.com/people/xinlinyang
http://www.zhihu.com/people/akb48
http://www.zhihu.com/people/zhang-jing-lin
http://www.zhihu.com/people/li-yan-76-62
http://www.zhihu.com/people/wu-bian-luo
http://www.zhihu.com/people/yang-shu-lin
http://www.zhihu.com/people/zhou-jin-song
http://www.zhihu.com/people/zeppra
http://www.zhihu.com/people/Paitanapilahmima
http://www.zhihu.com/people/jiu-ling-43
http://www.zhihu.com/people/han-yi-ling
http://www.zhihu.com/people/ddtou
http://www.zhihu.com/people/han-yan-hui
http://www.zhihu.com/people/eric-5
http://www.zhihu.com/people/gao-cheng-han
http://www.zhihu.com/people/wei-ma-46
http://www.zhihu.com/people/wangtengchuan
http://www.zhihu.com/people/jerryyu-86
http://www.zhihu.com/people/zengyingjia
http://www.zhihu.com/people/vincent-wu-30
http://www.zhihu.com/people/zidanehenry
http://www.zhihu.com/people/hu-zhan-jun
http://www.zhihu.com/people/solib
http://www.zhihu.com/people/he-mu-78
http://www.zhihu.com/people/mi-fan-bu-tiao-shi
http://www.zhihu.com/people/shi-xu-jing
http://www.zhihu.com/people/alextn
http://www.zhihu.com/people/yang-huan-huan-94
http://www.zhihu.com/people/suodi
http://www.zhihu.com/people/GilgameshK
http://www.zhihu.com/people/songjiayue
http://www.zhihu.com/people/liuxing
http://www.zhihu.com/people/ou-yang-27
http://www.zhihu.com/people/wang-chun-ze-44
http://www.zhihu.com/people/shen-yibing
http://www.zhihu.com/people/liao-ze-hao-41
http://www.zhihu.com/people/InitialC
http://www.zhihu.com/people/dio007
http://www.zhihu.com/people/chen-zhen-65
http://www.zhihu.com/people/zhu-fang-yuan
http://www.zhihu.com/people/dengjingdengjing
http://www.zhihu.com/people/oogoo
http://www.zhihu.com/people/karaki
http://www.zhihu.com/people/guxizhao
http://www.zhihu.com/people/zhao-ze-ren-56
http://www.zhihu.com/people/cui-ke
http://www.zhihu.com/people/wjazz
http://www.zhihu.com/people/fysly
http://www.zhihu.com/people/hiallrocky
http://www.zhihu.com/people/tigerscott
http://www.zhihu.com/people/LindsayD
http://www.zhihu.com/people/gongxiaofei
http://www.zhihu.com/people/alxe
http://www.zhihu.com/people/anymeow
http://www.zhihu.com/people/lipengbin
http://www.zhihu.com/people/syosang
http://www.zhihu.com/people/olivierenroute
http://www.zhihu.com/people/qiuchibao
http://www.zhihu.com/people/xia-jie-95
http://www.zhihu.com/people/stilljk
http://www.zhihu.com/people/yxue
http://www.zhihu.com/people/chen-zhi-yu-75
http://www.zhihu.com/people/yu-cheng-92
http://www.zhihu.com/people/cui-wei
http://www.zhihu.com/people/bxbxbai
http://www.zhihu.com/people/youko-you
http://www.zhihu.com/people/yang-yuan-40
http://www.zhihu.com/people/duchao
http://www.zhihu.com/people/fwzeng
http://www.zhihu.com/people/JoeyZhi
http://www.zhihu.com/people/damon-88
http://www.zhihu.com/people/godivafu-ren
http://www.zhihu.com/people/liu-cheng-jie-44
http://www.zhihu.com/people/wang-ze-heng
http://www.zhihu.com/people/lihexin
http://www.zhihu.com/people/wu-wen-bo-26
http://www.zhihu.com/people/zhu-wan
http://www.zhihu.com/people/tao-tie-32
http://www.zhihu.com/people/easy09
http://www.zhihu.com/people/youngki
http://www.zhihu.com/people/tcstar
http://www.zhihu.com/people/sara-1
http://www.zhihu.com/people/colorLee
http://www.zhihu.com/people/lin-bao-47
http://www.zhihu.com/people/fu-miao-rong
http://www.zhihu.com/people/di-xiao-bin
http://www.zhihu.com/people/leelooluu
http://www.zhihu.com/people/bighope
http://www.zhihu.com/people/9noon
http://www.zhihu.com/people/iphone5
http://www.zhihu.com/people/gao-wen-hui
http://www.zhihu.com/people/bi-you-72
http://www.zhihu.com/people/ivanxiang
http://www.zhihu.com/people/liu-yun-2-2
http://www.zhihu.com/people/zhao-dong-49
http://www.zhihu.com/people/zi-yan-9
http://www.zhihu.com/people/chloe666
http://www.zhihu.com/people/mmyww
http://www.zhihu.com/people/xiao_li
http://www.zhihu.com/people/sunbaoru
http://www.zhihu.com/people/zec-5
http://www.zhihu.com/people/phos
http://www.zhihu.com/people/feng-hong-liang
http://www.zhihu.com/people/wu-wen-kui
http://www.zhihu.com/people/xiao-jian-ren-71
http://www.zhihu.com/people/xuechengxi
http://www.zhihu.com/people/wang-jia-yue
http://www.zhihu.com/people/vviv
http://www.zhihu.com/people/li-zhi-sheng-66
http://www.zhihu.com/people/li-jia-jia-28
http://www.zhihu.com/people/yangxiaoyong
http://www.zhihu.com/people/wang-yuan-net
http://www.zhihu.com/people/acsaga
http://www.zhihu.com/people/10250
http://www.zhihu.com/people/jing-xiao-liang
http://www.zhihu.com/people/line
http://www.zhihu.com/people/checkking
http://www.zhihu.com/people/li-ping-fan-39
http://www.zhihu.com/people/heiheihei
http://www.zhihu.com/people/meiyouzhuya
http://www.zhihu.com/people/zhu-jin-xuan
http://www.zhihu.com/people/yuger.net
http://www.zhihu.com/people/wjbf
http://www.zhihu.com/people/li-ya-xiong
http://www.zhihu.com/people/kivenheart
http://www.zhihu.com/people/madouling
http://www.zhihu.com/people/cu-mu
http://www.zhihu.com/people/daoluan
http://www.zhihu.com/people/wang-jian-88-94
http://www.zhihu.com/people/ye-tian
http://www.zhihu.com/people/shuoliu
http://www.zhihu.com/people/silenout
http://www.zhihu.com/people/xibie
http://www.zhihu.com/people/que-xing-lasia
http://www.zhihu.com/people/merlin-47
http://www.zhihu.com/people/SkyWalkerAL
http://www.zhihu.com/people/abbylee
http://www.zhihu.com/people/qiumeng
http://www.zhihu.com/people/zhou-jia-wei-88
http://www.zhihu.com/people/huanghuihui1991
http://www.zhihu.com/people/windan0901
http://www.zhihu.com/people/sirius-86
http://www.zhihu.com/people/yue-yuan-yi
http://www.zhihu.com/people/bo-cai-28-7
http://www.zhihu.com/people/crossword
http://www.zhihu.com/people/hou-run-tian
http://www.zhihu.com/people/zhao-yan-bi-ri
http://www.zhihu.com/people/zhang-ming-huan
http://www.zhihu.com/people/beta1
http://www.zhihu.com/people/guang-mang-xing-huang
http://www.zhihu.com/people/qian-si-mao
http://www.zhihu.com/people/blufox
http://www.zhihu.com/people/TrusBe
http://www.zhihu.com/people/liang-yu-fan
http://www.zhihu.com/people/wntz
http://www.zhihu.com/people/bai-ye-51
http://www.zhihu.com/people/zhu-wen
http://www.zhihu.com/people/lin-hui-hao-5
http://www.zhihu.com/people/liujianwen
http://www.zhihu.com/people/CampusTree
http://www.zhihu.com/people/walter-32
http://www.zhihu.com/people/fono
http://www.zhihu.com/people/byewon
http://www.zhihu.com/people/shenxiaochun
http://www.zhihu.com/people/florence-wu
http://www.zhihu.com/people/wan-wan-28
http://www.zhihu.com/people/jian-yi-40
http://www.zhihu.com/people/wen-tao-4
http://www.zhihu.com/people/33lovesmayday
http://www.zhihu.com/people/zhu-jian-fei-72
http://www.zhihu.com/people/deng-yong-can
http://www.zhihu.com/people/guo-qin
http://www.zhihu.com/people/ceng-xiao-sheng
http://www.zhihu.com/people/hu-wei-75
http://www.zhihu.com/people/eramo
http://www.zhihu.com/people/shengzhiliang
http://www.zhihu.com/people/13igcat
http://www.zhihu.com/people/camp
http://www.zhihu.com/people/9889
http://www.zhihu.com/people/dalizhaoxiang
http://www.zhihu.com/people/vivixb
http://www.zhihu.com/people/mixture
http://www.zhihu.com/people/lookgod
http://www.zhihu.com/people/wu-yang-81-28
http://www.zhihu.com/people/mei-jia-33
http://www.zhihu.com/people/982693
http://www.zhihu.com/people/hou-yan-yu
http://www.zhihu.com/people/wang-yi-chun-01
http://www.zhihu.com/people/zhangga
http://www.zhihu.com/people/li-yue-jing
http://www.zhihu.com/people/qwhe
http://www.zhihu.com/people/li-hui-jie-10
http://www.zhihu.com/people/thundercat
http://www.zhihu.com/people/mochen
http://www.zhihu.com/people/wu-ting-ting
http://www.zhihu.com/people/zhao-xiao-jing-20
http://www.zhihu.com/people/cha-liang-80
http://www.zhihu.com/people/chen-xin-76
http://www.zhihu.com/people/jason_su
http://www.zhihu.com/people/buke
http://www.zhihu.com/people/man-tong
http://www.zhihu.com/people/cheungyz
http://www.zhihu.com/people/lin-fan-63-96
http://www.zhihu.com/people/yu-bo-yu
http://www.zhihu.com/people/daniel975
http://www.zhihu.com/people/li-gao-ren
http://www.zhihu.com/people/sansmoi
http://www.zhihu.com/people/eilif
http://www.zhihu.com/people/yousong
http://www.zhihu.com/people/gao-peng-92
http://www.zhihu.com/people/zhou-wen-jun-73
http://www.zhihu.com/people/twofrogs
http://www.zhihu.com/people/firefighter
http://www.zhihu.com/people/perry-song
http://www.zhihu.com/people/jack-35-66
http://www.zhihu.com/people/li-shu-han-57
http://www.zhihu.com/people/yehan
http://www.zhihu.com/people/tooyoung
http://www.zhihu.com/people/xie-zhi-zhi-60
http://www.zhihu.com/people/liu-shuai-65
http://www.zhihu.com/people/hans-archer
http://www.zhihu.com/people/xianglifei
http://www.zhihu.com/people/shi-zhen-xiang
http://www.zhihu.com/people/xiao-bo-97-41
http://www.zhihu.com/people/tazx
http://www.zhihu.com/people/shi-jia-ming-88
http://www.zhihu.com/people/zhouxiaoluo
http://www.zhihu.com/people/neptunez
http://www.zhihu.com/people/cochiti
http://www.zhihu.com/people/xrbing
http://www.zhihu.com/people/chongmu
http://www.zhihu.com/people/daydreamer
http://www.zhihu.com/people/zhang-ren-qing
http://www.zhihu.com/people/kelso
http://www.zhihu.com/people/liangers
http://www.zhihu.com/people/dubhe
http://www.zhihu.com/people/wang-ya-ping-92
http://www.zhihu.com/people/sonic-16
http://www.zhihu.com/people/zhengyin
http://www.zhihu.com/people/yu-ge-___
http://www.zhihu.com/people/jaimica
http://www.zhihu.com/people/roadkang
http://www.zhihu.com/people/zhao-ran-70
http://www.zhihu.com/people/wang-yuan-66-5
http://www.zhihu.com/people/mu-gu
http://www.zhihu.com/people/greyopps
http://www.zhihu.com/people/zhu-dong-qiang
http://www.zhihu.com/people/xu-yu-xiang-74
http://www.zhihu.com/people/ke-qian-xin
http://www.zhihu.com/people/kairen
http://www.zhihu.com/people/muliangyu
http://www.zhihu.com/people/xiaohg
http://www.zhihu.com/people/colorwill
http://www.zhihu.com/people/lepernext
http://www.zhihu.com/people/hweeken
http://www.zhihu.com/people/bitmirage
http://www.zhihu.com/people/likang
http://www.zhihu.com/people/zheng-yi-61
http://www.zhihu.com/people/nowhere-momo
http://www.zhihu.com/people/stayreal
http://www.zhihu.com/people/tong-ming-hui
http://www.zhihu.com/people/xia-mei-qing
http://www.zhihu.com/people/wildwilde
http://www.zhihu.com/people/fiyang
http://www.zhihu.com/people/flily
http://www.zhihu.com/people/su-fei-17
http://www.zhihu.com/people/galeno
http://www.zhihu.com/people/hanbing0102
http://www.zhihu.com/people/xu-shao-hua
http://www.zhihu.com/people/li-you-65
http://www.zhihu.com/people/ma-teng-42
http://www.zhihu.com/people/kino-72
http://www.zhihu.com/people/chai-pi-ma
http://www.zhihu.com/people/francisfung
http://www.zhihu.com/people/maxleaf
http://www.zhihu.com/people/lin-bo-84
http://www.zhihu.com/people/li-yuan-yuan-60
http://www.zhihu.com/people/shi-zhe-75
http://www.zhihu.com/people/zhang-lin-long
http://www.zhihu.com/people/pan-deng-86
http://www.zhihu.com/people/ReSur
http://www.zhihu.com/people/huangquanhj
http://www.zhihu.com/people/he-wei-wei-78
http://www.zhihu.com/people/deng-yu-chao
http://www.zhihu.com/people/jin-san-san-82
http://www.zhihu.com/people/imhk
http://www.zhihu.com/people/ssstao
http://www.zhihu.com/people/shuang-zhi
http://www.zhihu.com/people/zou-dao-kou
http://www.zhihu.com/people/ecmoment
http://www.zhihu.com/people/mou-jun-feng
http://www.zhihu.com/people/du-xiao-wei-14
http://www.zhihu.com/people/yang-kai-guang
http://www.zhihu.com/people/luoxr
http://www.zhihu.com/people/zhi-tian
http://www.zhihu.com/people/liu-bo-bo
http://www.zhihu.com/people/zhou-xiao-zhou-37
http://www.zhihu.com/people/li-jia-ming
http://www.zhihu.com/people/wang-wei-23
http://www.zhihu.com/people/cakvfcwz
http://www.zhihu.com/people/nie-shi-yong
http://www.zhihu.com/people/tan-xiao-lei
http://www.zhihu.com/people/zheng-xin-10
http://www.zhihu.com/people/shui-mu-dao
http://www.zhihu.com/people/danielwu89
http://www.zhihu.com/people/charles_chen
http://www.zhihu.com/people/xianlei
http://www.zhihu.com/people/ruby-dai
http://www.zhihu.com/people/qin-zong-jian
http://www.zhihu.com/people/hao-xiao-xu
http://www.zhihu.com/people/zhou-zheng-han
http://www.zhihu.com/people/yao-ze-yuan
http://www.zhihu.com/people/kiwiit
http://www.zhihu.com/people/tang-rong-ze
http://www.zhihu.com/people/helen-87
http://www.zhihu.com/people/lou-jun-ting
http://www.zhihu.com/people/jizounana
http://www.zhihu.com/people/zhao-tian-ze
http://www.zhihu.com/people/sinnnn
http://www.zhihu.com/people/momobaobao
http://www.zhihu.com/people/subucuo
http://www.zhihu.com/people/tang-hai-yang-4
http://www.zhihu.com/people/yolein
http://www.zhihu.com/people/hei-se-bo-luo
http://www.zhihu.com/people/laomian
http://www.zhihu.com/people/wind_shadow
http://www.zhihu.com/people/redwall
http://www.zhihu.com/people/yin-hao
http://www.zhihu.com/people/zhang-xiao-er-76
http://www.zhihu.com/people/garhom
http://www.zhihu.com/people/kaiwelo
http://www.zhihu.com/people/zhou-kai-43
http://www.zhihu.com/people/cheshire-cat
http://www.zhihu.com/people/qinyun
http://www.zhihu.com/people/wang-cong-20
http://www.zhihu.com/people/di-du-de-xing-tian
http://www.zhihu.com/people/philxu
http://www.zhihu.com/people/dai-dai-93
http://www.zhihu.com/people/zhou-xing-73
http://www.zhihu.com/people/hu-shou-bo
http://www.zhihu.com/people/feng-jian-ren
http://www.zhihu.com/people/shenjy
http://www.zhihu.com/people/liang-zhen-hua
http://www.zhihu.com/people/triky
http://www.zhihu.com/people/li-gou-hai-12-23
http://www.zhihu.com/people/liang-xiao-ju
http://www.zhihu.com/people/Agnesa
http://www.zhihu.com/people/Steveneo
http://www.zhihu.com/people/zhujiyu
http://www.zhihu.com/people/xiao-lin-80
http://www.zhihu.com/people/liu-da-chun-68
http://www.zhihu.com/people/xieci
http://www.zhihu.com/people/ceng-di-53
http://www.zhihu.com/people/Dream_Young
http://www.zhihu.com/people/qi-yu-64
http://www.zhihu.com/people/zhang-yue-ming-12
http://www.zhihu.com/people/heayon
http://www.zhihu.com/people/wu-kai-lun
http://www.zhihu.com/people/yshone
http://www.zhihu.com/people/qing-shan-xiu-shui
http://www.zhihu.com/people/cao-meng-di
http://www.zhihu.com/people/chen-xin-hong-85
http://www.zhihu.com/people/zhang-yang-60-19
http://www.zhihu.com/people/david-du
http://www.zhihu.com/people/yan-wei-47
http://www.zhihu.com/people/wang-ji-85
http://www.zhihu.com/people/psyhelen
http://www.zhihu.com/people/wang-zhong-tao
http://www.zhihu.com/people/mtshuang
http://www.zhihu.com/people/lyvanish
http://www.zhihu.com/people/autumn
http://www.zhihu.com/people/bowenbitch
http://www.zhihu.com/people/an-zhi-25
http://www.zhihu.com/people/chun-feng
http://www.zhihu.com/people/zhao-xiao-bei
http://www.zhihu.com/people/barto
http://www.zhihu.com/people/imceobitch
http://www.zhihu.com/people/mi-li-tuo
http://www.zhihu.com/people/zhxy-33
http://www.zhihu.com/people/zengjiajun
http://www.zhihu.com/people/neo-hee
http://www.zhihu.com/people/dong-lan-59
http://www.zhihu.com/people/zhang-hui-kun
http://www.zhihu.com/people/po-dai
http://www.zhihu.com/people/liu-yi-xuan-59
http://www.zhihu.com/people/lin-zhe-96
http://www.zhihu.com/people/liu-lin-37-8
http://www.zhihu.com/people/refusebt
http://www.zhihu.com/people/Morgoth
http://www.zhihu.com/people/so_called
http://www.zhihu.com/people/li-chao-93
http://www.zhihu.com/people/zhang-feng-68
http://www.zhihu.com/people/yan-qing-34
http://www.zhihu.com/people/su-xiao-___
http://www.zhihu.com/people/dai-jiao-85
http://www.zhihu.com/people/calmu
http://www.zhihu.com/people/liu-xing-yu-53
http://www.zhihu.com/people/tongjinghao
http://www.zhihu.com/people/yang-zhe-40-21
http://www.zhihu.com/people/zhaofengbin
http://www.zhihu.com/people/song-jia-50
http://www.zhihu.com/people/veronica-yang
http://www.zhihu.com/people/mo-da
http://www.zhihu.com/people/qiuyang413
http://www.zhihu.com/people/troyding
http://www.zhihu.com/people/vance92
http://www.zhihu.com/people/CrazyKoo
http://www.zhihu.com/people/wooden
http://www.zhihu.com/people/yskin
http://www.zhihu.com/people/he-meng-48
http://www.zhihu.com/people/wang-xiao-chi
http://www.zhihu.com/people/shallyluo
http://www.zhihu.com/people/dizzarz
http://www.zhihu.com/people/alexandrus
http://www.zhihu.com/people/lynnhu
http://www.zhihu.com/people/wang-___-bing
http://www.zhihu.com/people/kevinzoro
http://www.zhihu.com/people/yao-xing-guang
http://www.zhihu.com/people/tmkook
http://www.zhihu.com/people/hui-zhu
http://www.zhihu.com/people/eddiewithyou
http://www.zhihu.com/people/gu-ji
http://www.zhihu.com/people/zhanxin
http://www.zhihu.com/people/liang-peng-37
http://www.zhihu.com/people/wang-min-jun
http://www.zhihu.com/people/erbility
http://www.zhihu.com/people/yan-xiao-shou
http://www.zhihu.com/people/tobeyouth
http://www.zhihu.com/people/shek
http://www.zhihu.com/people/jiang-wen-zhen
http://www.zhihu.com/people/tassandar
http://www.zhihu.com/people/deng-shi-ze
http://www.zhihu.com/people/wenzhuo
http://www.zhihu.com/people/s0s0
http://www.zhihu.com/people/PeterDeng
http://www.zhihu.com/people/sun-chang-he
http://www.zhihu.com/people/vita22
http://www.zhihu.com/people/chouthen
http://www.zhihu.com/people/jin-xiao-hu
http://www.zhihu.com/people/lovefcb
http://www.zhihu.com/people/hlhl
http://www.zhihu.com/people/alucard
http://www.zhihu.com/people/zhengguoqiang
http://www.zhihu.com/people/wang-wen-ping
http://www.zhihu.com/people/ma-jia-sang
http://www.zhihu.com/people/cao-wen-xin
http://www.zhihu.com/people/Evershine
http://www.zhihu.com/people/trai25
http://www.zhihu.com/people/akara
http://www.zhihu.com/people/relex
http://www.zhihu.com/people/nan-yun
http://www.zhihu.com/people/huangpingwei
http://www.zhihu.com/people/lockeman
http://www.zhihu.com/people/byronyi
http://www.zhihu.com/people/liu-hao-yes
http://www.zhihu.com/people/zuohao
http://www.zhihu.com/people/jack_xu
http://www.zhihu.com/people/nie-yu-23
http://www.zhihu.com/people/wu-zhi-peng-48
http://www.zhihu.com/people/mo0o0fsjmf0icbi
http://www.zhihu.com/people/ZhangYifei2012
http://www.zhihu.com/people/ai-fei-ai
http://www.zhihu.com/people/jingyi
http://www.zhihu.com/people/hxddh
http://www.zhihu.com/people/badmilk
http://www.zhihu.com/people/ahxxm
http://www.zhihu.com/people/wang-fei-37-32
http://www.zhihu.com/people/wang-jin-bo-87
http://www.zhihu.com/people/huma
http://www.zhihu.com/people/aldous
http://www.zhihu.com/people/dong-fei
http://www.zhihu.com/people/skywalkerhan
http://www.zhihu.com/people/wu-wei-96-47
http://www.zhihu.com/people/mixt
http://www.zhihu.com/people/cici
http://www.zhihu.com/people/zhang-heng
http://www.zhihu.com/people/tangwhitepowder
http://www.zhihu.com/people/lixuan
http://www.zhihu.com/people/leavely
http://www.zhihu.com/people/wu-sheng-ming
http://www.zhihu.com/people/schweigen
http://www.zhihu.com/people/zhang-hua-chong
http://www.zhihu.com/people/xuxun
http://www.zhihu.com/people/yanghezhang
http://www.zhihu.com/people/treebeliever
http://www.zhihu.com/people/namiheike
http://www.zhihu.com/people/verloth
http://www.zhihu.com/people/inner-peace-yiyiyi
http://www.zhihu.com/people/yao-bin
http://www.zhihu.com/people/fan-juan-juan
http://www.zhihu.com/people/he-xiao-lei-6
http://www.zhihu.com/people/tiezhen
http://www.zhihu.com/people/huo-yu-ping
http://www.zhihu.com/people/songjian
http://www.zhihu.com/people/xia-gu-lin
http://www.zhihu.com/people/shu-ma-er
http://www.zhihu.com/people/lin-ai-24
http://www.zhihu.com/people/fanhu
http://www.zhihu.com/people/chen-peng-cheng-23
http://www.zhihu.com/people/cranks
http://www.zhihu.com/people/starknight
http://www.zhihu.com/people/zhangdashe
http://www.zhihu.com/people/richard.g
http://www.zhihu.com/people/eloise
http://www.zhihu.com/people/Marshallpku
http://www.zhihu.com/people/kingszar
http://www.zhihu.com/people/wang-zi-tong
http://www.zhihu.com/people/zhou-xiao-qing-52
http://www.zhihu.com/people/wu-xiao-sheng
http://www.zhihu.com/people/imike
http://www.zhihu.com/people/cha-men-hu-de-xiao-bei-xin
http://www.zhihu.com/people/dong-fei-57
http://www.zhihu.com/people/zhu-shi-yi
http://www.zhihu.com/people/zhang-cheng-yang
http://www.zhihu.com/people/zjxubinbin
http://www.zhihu.com/people/liang-peng-cheng-70
http://www.zhihu.com/people/jixin
http://www.zhihu.com/people/liu-xiao-yu-46
http://www.zhihu.com/people/wei-hua-zhen
http://www.zhihu.com/people/zhou-rui-jin
http://www.zhihu.com/people/gymitat
http://www.zhihu.com/people/ji-dee
http://www.zhihu.com/people/xiakezhuyi
http://www.zhihu.com/people/weng-huo
http://www.zhihu.com/people/tota
http://www.zhihu.com/people/tansuo19
http://www.zhihu.com/people/cave
http://www.zhihu.com/people/xu-zhe-heng
http://www.zhihu.com/people/sokoonwah
http://www.zhihu.com/people/kongxin
http://www.zhihu.com/people/lys-chueng
http://www.zhihu.com/people/wei-li-94
http://www.zhihu.com/people/my-god
http://www.zhihu.com/people/lclc
http://www.zhihu.com/people/yang-heng-95
http://www.zhihu.com/people/whitekatana
http://www.zhihu.com/people/wang-xiao-hui-58
http://www.zhihu.com/people/puyun
http://www.zhihu.com/people/slq-24
http://www.zhihu.com/people/yu-he-ping
http://www.zhihu.com/people/zhoulianchi
http://www.zhihu.com/people/nicing
http://www.zhihu.com/people/jia-ke-wei
http://www.zhihu.com/people/yning
http://www.zhihu.com/people/wan-qiu-qiu-34
http://www.zhihu.com/people/Crazychen
http://www.zhihu.com/people/he-jian-33
http://www.zhihu.com/people/iyucci
http://www.zhihu.com/people/MRRS
http://www.zhihu.com/people/tang-wen-tao
http://www.zhihu.com/people/chang-si-yuan
http://www.zhihu.com/people/sai-lan-de
http://www.zhihu.com/people/xie-sha-zi
http://www.zhihu.com/people/duan-xu-dong-54
http://www.zhihu.com/people/xing-zhuang-jie
http://www.zhihu.com/people/tong-qian
http://www.zhihu.com/people/sun-qi-bin
http://www.zhihu.com/people/liu-hui-72
http://www.zhihu.com/people/anyeyushu
http://www.zhihu.com/people/jiang-ruo-lin
http://www.zhihu.com/people/sgzhan
http://www.zhihu.com/people/xin-xiao-xiang
http://www.zhihu.com/people/badbye
http://www.zhihu.com/people/jamiyzeger
http://www.zhihu.com/people/moxi
http://www.zhihu.com/people/succosa
http://www.zhihu.com/people/yafei236
http://www.zhihu.com/people/an-xiao-xi
http://www.zhihu.com/people/wu-zhu-46
http://www.zhihu.com/people/keppei
http://www.zhihu.com/people/lilailiqu
http://www.zhihu.com/people/chenyuanhao
http://www.zhihu.com/people/wangqiang
http://www.zhihu.com/people/yu-gu
http://www.zhihu.com/people/fan-xiao-yong
http://www.zhihu.com/people/ju-zi-xiang-shui
http://www.zhihu.com/people/milan
http://www.zhihu.com/people/ultramanhu
http://www.zhihu.com/people/shuqian
http://www.zhihu.com/people/yucca
http://www.zhihu.com/people/prxh
http://www.zhihu.com/people/li-zhi-70-88
http://www.zhihu.com/people/xiyang
http://www.zhihu.com/people/yu-ming-gu-wen-chen-tao
http://www.zhihu.com/people/jiuye
http://www.zhihu.com/people/stephen-cheng
http://www.zhihu.com/people/zthinking
http://www.zhihu.com/people/lan-qiu-71
http://www.zhihu.com/people/darkwindsd
http://www.zhihu.com/people/princeray
http://www.zhihu.com/people/winterfell
http://www.zhihu.com/people/amoyqun
http://www.zhihu.com/people/richard-may
http://www.zhihu.com/people/unogzx
http://www.zhihu.com/people/wang-yifei
http://www.zhihu.com/people/rincos
http://www.zhihu.com/people/xiao-cong
http://www.zhihu.com/people/wanghaitao34
http://www.zhihu.com/people/limjr
http://www.zhihu.com/people/seule
http://www.zhihu.com/people/masterpiece
http://www.zhihu.com/people/sun-xiao-hu-21
http://www.zhihu.com/people/yeyi
http://www.zhihu.com/people/czj900520
http://www.zhihu.com/people/cklover
http://www.zhihu.com/people/boxun
http://www.zhihu.com/people/lei-lei-89
http://www.zhihu.com/people/lihongtao
http://www.zhihu.com/people/gaozongwen
http://www.zhihu.com/people/bianco
http://www.zhihu.com/people/alplee
http://www.zhihu.com/people/jin-fei
http://www.zhihu.com/people/aleegsyan
http://www.zhihu.com/people/gino
http://www.zhihu.com/people/sosoloveslife
http://www.zhihu.com/people/yang-xing-kai
http://www.zhihu.com/people/nicholezhou
http://www.zhihu.com/people/zhang-ge-84
http://www.zhihu.com/people/rhyn99
http://www.zhihu.com/people/guanxy
http://www.zhihu.com/people/yu-xiao-yu-91
http://www.zhihu.com/people/nphs
http://www.zhihu.com/people/ren-hao-5
http://www.zhihu.com/people/whale
http://www.zhihu.com/people/chen-jian-ping-5
http://www.zhihu.com/people/liujing
http://www.zhihu.com/people/huang-long-10
http://www.zhihu.com/people/luliang
http://www.zhihu.com/people/tangjingxin
http://www.zhihu.com/people/wang-li-ju
http://www.zhihu.com/people/annika
http://www.zhihu.com/people/zhou-zhou-70-90
http://www.zhihu.com/people/0001
http://www.zhihu.com/people/zkaip
http://www.zhihu.com/people/chen-yong-welcome
http://www.zhihu.com/people/ReVanTis
http://www.zhihu.com/people/keqiya
http://www.zhihu.com/people/pumpkinmage
http://www.zhihu.com/people/cai-tong
http://www.zhihu.com/people/lilyforever
http://www.zhihu.com/people/yuanshuaiemily
http://www.zhihu.com/people/wu-shao-qing
http://www.zhihu.com/people/Mumagag
http://www.zhihu.com/people/zilu
http://www.zhihu.com/people/lei-jun-57
http://www.zhihu.com/people/JackyZhu
http://www.zhihu.com/people/liangxuzhi
http://www.zhihu.com/people/tlxue
http://www.zhihu.com/people/anyan
http://www.zhihu.com/people/leplay
http://www.zhihu.com/people/davidx
http://www.zhihu.com/people/wan-tian-22
http://www.zhihu.com/people/mopjack
http://www.zhihu.com/people/ohjmy
http://www.zhihu.com/people/simplelove
http://www.zhihu.com/people/tuye1234
http://www.zhihu.com/people/guanxin8977
http://www.zhihu.com/people/nan-qi
http://www.zhihu.com/people/perfectz
http://www.zhihu.com/people/carpking
http://www.zhihu.com/people/hippoh
http://www.zhihu.com/people/jaxonxu
http://www.zhihu.com/people/104854
http://www.zhihu.com/people/iamexbug
http://www.zhihu.com/people/chang-wei
http://www.zhihu.com/people/kai-feng
http://www.zhihu.com/people/cq0121
http://www.zhihu.com/people/liu-zhen-feng
http://www.zhihu.com/people/sonomama
http://www.zhihu.com/people/dbqflying
http://www.zhihu.com/people/chaoren1641
http://www.zhihu.com/people/deanlee
http://www.zhihu.com/people/he-shu-guang
http://www.zhihu.com/people/gerrardyang
http://www.zhihu.com/people/kong-xiang-xu
http://www.zhihu.com/people/shifu
http://www.zhihu.com/people/littleVege
http://www.zhihu.com/people/hubing
http://www.zhihu.com/people/liu-shui-96
http://www.zhihu.com/people/chun-ji-sang
http://www.zhihu.com/people/jiluo
http://www.zhihu.com/people/jaydenkong
http://www.zhihu.com/people/johnsonliu
http://www.zhihu.com/people/lerik
http://www.zhihu.com/people/guo-jian
http://www.zhihu.com/people/mo-zhi
http://www.zhihu.com/people/zhangsimon
http://www.zhihu.com/people/feng-rou-zong
http://www.zhihu.com/people/guowenxin
http://www.zhihu.com/people/huangjinsong
http://www.zhihu.com/people/benbackman
http://www.zhihu.com/people/dream_on
http://www.zhihu.com/people/liuya802
http://www.zhihu.com/people/xqxx7su
http://www.zhihu.com/people/deeyee
http://www.zhihu.com/people/meng-fei-76
http://www.zhihu.com/people/liu-yan-yuan
http://www.zhihu.com/people/gkool
http://www.zhihu.com/people/delphi
http://www.zhihu.com/people/neaton
http://www.zhihu.com/people/wind
http://www.zhihu.com/people/chengyuan
