http://www.zhihu.com/people/darcy-5
http://www.zhihu.com/people/wang-song-mei
http://www.zhihu.com/people/liu-ming-qian
http://www.zhihu.com/people/he-tian-jiao
http://www.zhihu.com/people/loui-35
http://www.zhihu.com/people/pei-di-24
http://www.zhihu.com/people/LH
http://www.zhihu.com/people/fan-lin-lin
http://www.zhihu.com/people/yu-sheng-fei
http://www.zhihu.com/people/neo-hee
http://www.zhihu.com/people/wang-shu-min-14
http://www.zhihu.com/people/sun-conrad
http://www.zhihu.com/people/zheng-hu-li
http://www.zhihu.com/people/xie-zi-21-16
http://www.zhihu.com/people/dizzarz
http://www.zhihu.com/people/yaweizhang
http://www.zhihu.com/people/zhuo-xiao-cheng
http://www.zhihu.com/people/wang-xin-ge-98
http://www.zhihu.com/people/wang-ke-li-83
http://www.zhihu.com/people/gavin-50-94
http://www.zhihu.com/people/ying-feng
http://www.zhihu.com/people/veronica-yang
http://www.zhihu.com/people/deutsch-99
http://www.zhihu.com/people/wong-jostein
http://www.zhihu.com/people/meng-tai
http://www.zhihu.com/people/itian-chen
http://www.zhihu.com/people/beikagai
http://www.zhihu.com/people/gu-dan-bu-ding
http://www.zhihu.com/people/tao-guan-xian
http://www.zhihu.com/people/li-zhuo-xin
http://www.zhihu.com/people/Zhendong
http://www.zhihu.com/people/shi-ke-48-30
http://www.zhihu.com/people/paiyuen
http://www.zhihu.com/people/larzhang
http://www.zhihu.com/people/zhu-xing-zhou
http://www.zhihu.com/people/hai-yang
http://www.zhihu.com/people/pandaguo
http://www.zhihu.com/people/jin-du-jiang
http://www.zhihu.com/people/jeremy-53
http://www.zhihu.com/people/braveworld
http://www.zhihu.com/people/MISSSEXY
http://www.zhihu.com/people/just-zhe
http://www.zhihu.com/people/cicixioo
http://www.zhihu.com/people/belphegor
http://www.zhihu.com/people/cheng-cheng-36-10
http://www.zhihu.com/people/hong-shi-huan-78
http://www.zhihu.com/people/taguellepede
http://www.zhihu.com/people/brightside
http://www.zhihu.com/people/li-yuan-97-49
http://www.zhihu.com/people/myhuachen
http://www.zhihu.com/people/chong-xin-vincent
http://www.zhihu.com/people/ezio-lin
http://www.zhihu.com/people/li-yuan-may
http://www.zhihu.com/people/luo-kun-95
http://www.zhihu.com/people/whchology
http://www.zhihu.com/people/wang-lao-mao
http://www.zhihu.com/people/ji-ang-ang
http://www.zhihu.com/people/qi-yue-17-71
http://www.zhihu.com/people/jiong-xiao-ming
http://www.zhihu.com/people/qi-ran-ran-84
http://www.zhihu.com/people/selbyyy
http://www.zhihu.com/people/Mag1na
http://www.zhihu.com/people/xudong
http://www.zhihu.com/people/song-han-18
http://www.zhihu.com/people/zhang-jun-ming-50
http://www.zhihu.com/people/hu-wen-liu
http://www.zhihu.com/people/vicodinxyz
http://www.zhihu.com/people/han-zhe-9
http://www.zhihu.com/people/song-dong-zhe
http://www.zhihu.com/people/justinli
http://www.zhihu.com/people/david-du
http://www.zhihu.com/people/lao-chai-40
http://www.zhihu.com/people/Carbon
http://www.zhihu.com/people/zhu-xiao-gang-49
http://www.zhihu.com/people/a-wei-luo
http://www.zhihu.com/people/dou-sha-31
http://www.zhihu.com/people/liu-bai-44-78
http://www.zhihu.com/people/jiang-ying-wen-25
http://www.zhihu.com/people/litlit
http://www.zhihu.com/people/jing-22
http://www.zhihu.com/people/dannyhuang
http://www.zhihu.com/people/jimmy-zhou
http://www.zhihu.com/people/zhuyi
http://www.zhihu.com/people/Novamix
http://www.zhihu.com/people/drwong
http://www.zhihu.com/people/bazu
http://www.zhihu.com/people/he-xiang-36
http://www.zhihu.com/people/ccat
http://www.zhihu.com/people/he-yu-yang-73
http://www.zhihu.com/people/ai-shang-90
http://www.zhihu.com/people/young-ray
http://www.zhihu.com/people/wang-xiao-kan
http://www.zhihu.com/people/qi-xiao-chen
http://www.zhihu.com/people/yao-zu
http://www.zhihu.com/people/liu-tian-tian-35
http://www.zhihu.com/people/qing-lan-98
http://www.zhihu.com/people/cui-de-xing
http://www.zhihu.com/people/liuxiaoyao
http://www.zhihu.com/people/benjamin-ba
http://www.zhihu.com/people/vivian-xue
http://www.zhihu.com/people/lin-wei-56
http://www.zhihu.com/people/yue-yi-he
http://www.zhihu.com/people/wtttttt123
http://www.zhihu.com/people/yang-xiao-xiang-21
http://www.zhihu.com/people/li-yun-20
http://www.zhihu.com/people/ai-jia-yuan
http://www.zhihu.com/people/jun-yi-14
http://www.zhihu.com/people/ding-yi-kai
http://www.zhihu.com/people/du-wei-21-41
http://www.zhihu.com/people/po-yiya
http://www.zhihu.com/people/xiao-chu
http://www.zhihu.com/people/zhangyitao
http://www.zhihu.com/people/xsheng-13
http://www.zhihu.com/people/ma-cheng-yao
http://www.zhihu.com/people/mumu-wang-70
http://www.zhihu.com/people/zhou.zhuzhao
http://www.zhihu.com/people/duan-yu-29
http://www.zhihu.com/people/schumiq
http://www.zhihu.com/people/sentimental_animal
http://www.zhihu.com/people/cnwinds
http://www.zhihu.com/people/orangel
http://www.zhihu.com/people/cheng-wei-guo
http://www.zhihu.com/people/xi-hong-shi-48
http://www.zhihu.com/people/sun-lin-9
http://www.zhihu.com/people/zhanxin
http://www.zhihu.com/people/zhuo-xiao-nan-5-76
http://www.zhihu.com/people/xin-ruo-jing
http://www.zhihu.com/people/peoplegxs
http://www.zhihu.com/people/streetfox
http://www.zhihu.com/people/liu-zhu-yuan-73
http://www.zhihu.com/people/song-zhi-qiang-24
http://www.zhihu.com/people/huai-hao-tian
http://www.zhihu.com/people/li-xing-4
http://www.zhihu.com/people/wang-zi-86-86
http://www.zhihu.com/people/shang-zuo-63-37
http://www.zhihu.com/people/steelers
http://www.zhihu.com/people/pontus
http://www.zhihu.com/people/zang-serena
http://www.zhihu.com/people/zhang-yi-72-68
http://www.zhihu.com/people/chervun
http://www.zhihu.com/people/xia-chui-yan-shao-nu
http://www.zhihu.com/people/zhao-han-lin
http://www.zhihu.com/people/gao-gao-72
http://www.zhihu.com/people/bxbxbai
http://www.zhihu.com/people/li-yong-81-76
http://www.zhihu.com/people/GilgameshK
http://www.zhihu.com/people/fishinlake
http://www.zhihu.com/people/neng-ge-70
http://www.zhihu.com/people/ma-ya-85
http://www.zhihu.com/people/whshang
http://www.zhihu.com/people/zhang-yu-39-54
http://www.zhihu.com/people/lihongxing
http://www.zhihu.com/people/mixmatch
http://www.zhihu.com/people/song-jin-shu
http://www.zhihu.com/people/he-yuan-sheng
http://www.zhihu.com/people/inkelz7
http://www.zhihu.com/people/lu-gui-chen-26
http://www.zhihu.com/people/mochen
http://www.zhihu.com/people/zhangfanpc
http://www.zhihu.com/people/yun-heng-62
http://www.zhihu.com/people/baichen
http://www.zhihu.com/people/yuan-wai-wai-18
http://www.zhihu.com/people/yang-hong-min
http://www.zhihu.com/people/xiaohanscorpio
http://www.zhihu.com/people/xia-qi-la
http://www.zhihu.com/people/peterchang-57
http://www.zhihu.com/people/su-fei-17
http://www.zhihu.com/people/chen-bo-89
http://www.zhihu.com/people/soldiermoving
http://www.zhihu.com/people/jinghairanli
http://www.zhihu.com/people/Chorusist
http://www.zhihu.com/people/B-Mao-liu
http://www.zhihu.com/people/dabai-fang
http://www.zhihu.com/people/imxiaofeng
http://www.zhihu.com/people/liangsz
http://www.zhihu.com/people/liu-xuan-xuan-42
http://www.zhihu.com/people/WayneYue
http://www.zhihu.com/people/merlin-47
http://www.zhihu.com/people/sister
http://www.zhihu.com/people/youxu83
http://www.zhihu.com/people/wang-guo-yong-ne
http://www.zhihu.com/people/sun-yifan-23
http://www.zhihu.com/people/000088
http://www.zhihu.com/people/undozen
http://www.zhihu.com/people/libertrand
http://www.zhihu.com/people/dong-nan-86-55
http://www.zhihu.com/people/li-jin-xia-49
http://www.zhihu.com/people/jerixqualo
http://www.zhihu.com/people/marcher233
http://www.zhihu.com/people/dimlau
http://www.zhihu.com/people/taby
http://www.zhihu.com/people/jeffen
http://www.zhihu.com/people/zhu-yong-qian
http://www.zhihu.com/people/walker-54
http://www.zhihu.com/people/goodjelly
http://www.zhihu.com/people/guxizhao
http://www.zhihu.com/people/guaishushuV587
http://www.zhihu.com/people/uitony
http://www.zhihu.com/people/zhou-jing
http://www.zhihu.com/people/Hopin
http://www.zhihu.com/people/qian-li-72
http://www.zhihu.com/people/sunsimian
http://www.zhihu.com/people/zhang-lin-zhi007
http://www.zhihu.com/people/chemny
http://www.zhihu.com/people/wang-biao-99-71
http://www.zhihu.com/people/chen-xiong-97
http://www.zhihu.com/people/lee-ree
http://www.zhihu.com/people/yang-xiao-83
http://www.zhihu.com/people/hou-jin-yu
http://www.zhihu.com/people/hidigi
http://www.zhihu.com/people/he-chuan-37
http://www.zhihu.com/people/wanggaochen
http://www.zhihu.com/people/freefall
http://www.zhihu.com/people/takun
http://www.zhihu.com/people/donka
http://www.zhihu.com/people/kangxia
http://www.zhihu.com/people/zhaoxiaolinn
http://www.zhihu.com/people/melonmelon
http://www.zhihu.com/people/li-en-shu
http://www.zhihu.com/people/jession1989
http://www.zhihu.com/people/xiao-liang-moon
http://www.zhihu.com/people/wa-pian-er-jiang
http://www.zhihu.com/people/hweining
http://www.zhihu.com/people/shen-xiang-yi
http://www.zhihu.com/people/lifeng
http://www.zhihu.com/people/xia-jia-jun
http://www.zhihu.com/people/song-yan-1026
http://www.zhihu.com/people/maiziman
http://www.zhihu.com/people/lineara
http://www.zhihu.com/people/long-jing-70
http://www.zhihu.com/people/dingxiaotong
http://www.zhihu.com/people/helloben
http://www.zhihu.com/people/f.hugh
http://www.zhihu.com/people/sisterkids
http://www.zhihu.com/people/luoyang
http://www.zhihu.com/people/xuanli1012
http://www.zhihu.com/people/yanglin13
http://www.zhihu.com/people/hollyly
http://www.zhihu.com/people/nan-tian-yun
http://www.zhihu.com/people/HippoMatrix
http://www.zhihu.com/people/mi-mi-54
http://www.zhihu.com/people/iyucci
http://www.zhihu.com/people/ttluvotr
http://www.zhihu.com/people/summer-lee-52
http://www.zhihu.com/people/kuangzhou
http://www.zhihu.com/people/kennywong
http://www.zhihu.com/people/gao-dei
http://www.zhihu.com/people/wang-can-91
http://www.zhihu.com/people/qin-zhi-jun-77
http://www.zhihu.com/people/he-le-yi
http://www.zhihu.com/people/ryanyao
http://www.zhihu.com/people/eana-chan
http://www.zhihu.com/people/li-jian-hao-31
http://www.zhihu.com/people/xymark
http://www.zhihu.com/people/liao-ruo-fan
http://www.zhihu.com/people/samyhello
http://www.zhihu.com/people/sheldon-zhu
http://www.zhihu.com/people/wu-ke-11
http://www.zhihu.com/people/liu-cheng-yin-50
http://www.zhihu.com/people/vern
http://www.zhihu.com/people/disinfeqt
http://www.zhihu.com/people/fu-mu
http://www.zhihu.com/people/donhi
http://www.zhihu.com/people/tao-tie-32
http://www.zhihu.com/people/liu-xue-feng
http://www.zhihu.com/people/nidong
http://www.zhihu.com/people/duan-xiao-mie
http://www.zhihu.com/people/peacestreet
http://www.zhihu.com/people/kang-kai
http://www.zhihu.com/people/jiayizhen
http://www.zhihu.com/people/laststand
http://www.zhihu.com/people/vice-versa
http://www.zhihu.com/people/ling-xing-32-20
http://www.zhihu.com/people/JamesHsia
http://www.zhihu.com/people/xiao-yu-68-76
http://www.zhihu.com/people/lili
http://www.zhihu.com/people/zhouwenrong
http://www.zhihu.com/people/a-tong-mu-4
http://www.zhihu.com/people/gao-rui-jie
http://www.zhihu.com/people/brianlai
http://www.zhihu.com/people/orzwind
http://www.zhihu.com/people/qquan
http://www.zhihu.com/people/mehr
http://www.zhihu.com/people/jian-yi-40
http://www.zhihu.com/people/ssstao
http://www.zhihu.com/people/heimao
http://www.zhihu.com/people/yi-da-sen
http://www.zhihu.com/people/dai-dai-93
http://www.zhihu.com/people/pinta
http://www.zhihu.com/people/li-heng-92
http://www.zhihu.com/people/cui-da-wei
http://www.zhihu.com/people/chen-jun-hua
http://www.zhihu.com/people/xhw024
http://www.zhihu.com/people/sanqi
http://www.zhihu.com/people/imapollo
http://www.zhihu.com/people/alley-13
http://www.zhihu.com/people/zhujiyu
http://www.zhihu.com/people/zhang-jian-86-78
http://www.zhihu.com/people/xiao-lan-bob
http://www.zhihu.com/people/charmgene
http://www.zhihu.com/people/liang-yong-hao
http://www.zhihu.com/people/bumian
http://www.zhihu.com/people/dai-lei-kun
http://www.zhihu.com/people/chen-qing-33
http://www.zhihu.com/people/9410
http://www.zhihu.com/people/yiyibeta2
http://www.zhihu.com/people/ma-xiao-24
http://www.zhihu.com/people/loveye
http://www.zhihu.com/people/tina-lee
http://www.zhihu.com/people/zec-5
http://www.zhihu.com/people/cheng-fei
http://www.zhihu.com/people/juelu
http://www.zhihu.com/people/aimesimon
http://www.zhihu.com/people/jason-63
http://www.zhihu.com/people/lang-qian-yi
http://www.zhihu.com/people/my-god
http://www.zhihu.com/people/wang-qiang-4
http://www.zhihu.com/people/wang-xiao-jie-38
http://www.zhihu.com/people/jiabengg
http://www.zhihu.com/people/gong-zi-xiao-bai-24
http://www.zhihu.com/people/wangjifeng
http://www.zhihu.com/people/wei-wei-12-68
http://www.zhihu.com/people/northtree
http://www.zhihu.com/people/frfr
http://www.zhihu.com/people/lichengdongdong
http://www.zhihu.com/people/zhangshaojie
http://www.zhihu.com/people/wu-zhu-46
http://www.zhihu.com/people/guo-yu-11
http://www.zhihu.com/people/lidong
http://www.zhihu.com/people/imlazyone
http://www.zhihu.com/people/puyun
http://www.zhihu.com/people/iamzhangdabei
http://www.zhihu.com/people/herolifan
http://www.zhihu.com/people/koogle
http://www.zhihu.com/people/bachelor99
http://www.zhihu.com/people/hu-ya-xuan
http://www.zhihu.com/people/tangjingxin
http://www.zhihu.com/people/wangxiaofeng
http://www.zhihu.com/people/shang-zhen-wei
http://www.zhihu.com/people/zhu-jia-zhuang
http://www.zhihu.com/people/JeOam
http://www.zhihu.com/people/litlfaiv
http://www.zhihu.com/people/dawson
http://www.zhihu.com/people/syangtze
http://www.zhihu.com/people/yang-chun-17
http://www.zhihu.com/people/gao-yang-bo
http://www.zhihu.com/people/anyan
http://www.zhihu.com/people/tiziana
http://www.zhihu.com/people/peixiaolei
http://www.zhihu.com/people/cklover
http://www.zhihu.com/people/ersuwei
http://www.zhihu.com/people/gapa-83
http://www.zhihu.com/people/chenruihong
http://www.zhihu.com/people/Lynn-chai
http://www.zhihu.com/people/zong-zhao-dun
http://www.zhihu.com/people/kings
http://www.zhihu.com/people/leah
http://www.zhihu.com/people/xie-qiang
http://www.zhihu.com/people/mapengze
http://www.zhihu.com/people/fa-jun
http://www.zhihu.com/people/luzy
http://www.zhihu.com/people/weiweixia
http://www.zhihu.com/people/tang-mi-54
http://www.zhihu.com/people/zhu-hui-lai
http://www.zhihu.com/people/orderly
http://www.zhihu.com/people/mizzzhou
http://www.zhihu.com/people/hippyxu
http://www.zhihu.com/people/xie-jia-di
http://www.zhihu.com/people/hosni
http://www.zhihu.com/people/brucechang
http://www.zhihu.com/people/wenwei
http://www.zhihu.com/people/jinkang
http://www.zhihu.com/people/seekingalpha
http://www.zhihu.com/people/timeriver
http://www.zhihu.com/people/heely
http://www.zhihu.com/people/zsscity
http://www.zhihu.com/people/liu-zhi-chao
http://www.zhihu.com/people/yuanxinnan
http://www.zhihu.com/people/aimeng
http://www.zhihu.com/people/liyanyan
http://www.zhihu.com/people/song-ye
http://www.zhihu.com/people/colorwill
http://www.zhihu.com/people/zooeyme
http://www.zhihu.com/people/zhyt1985
http://www.zhihu.com/people/wu-zhen-13
http://www.zhihu.com/people/cobe
http://www.zhihu.com/people/su-you
http://www.zhihu.com/people/hillman
http://www.zhihu.com/people/chuliao
http://www.zhihu.com/people/liu-yan-yuan
http://www.zhihu.com/people/allenwong
http://www.zhihu.com/people/zongtong
http://www.zhihu.com/people/lala
http://www.zhihu.com/people/eva-11
http://www.zhihu.com/people/shunfeng
http://www.zhihu.com/people/cy-51
http://www.zhihu.com/people/jiabin
http://www.zhihu.com/people/wang-kun-peng-29
http://www.zhihu.com/people/nieyou
http://www.zhihu.com/people/huai-dan
http://www.zhihu.com/people/li-feng-95
http://www.zhihu.com/people/bucolic-35
http://www.zhihu.com/people/evov
http://www.zhihu.com/people/kekxili
http://www.zhihu.com/people/jobsfan
http://www.zhihu.com/people/neaton
http://www.zhihu.com/people/TheChyi
http://www.zhihu.com/people/su7ao
http://www.zhihu.com/people/jade1314ily
http://www.zhihu.com/people/jiksn
http://www.zhihu.com/people/liuya802
http://www.zhihu.com/people/qianjin
http://www.zhihu.com/people/freemem
http://www.zhihu.com/people/byron-lee
http://www.zhihu.com/people/hu-qian-qiu
http://www.zhihu.com/people/alang
http://www.zhihu.com/people/hu-die
http://www.zhihu.com/people/dingli
http://www.zhihu.com/people/chong
http://www.zhihu.com/people/tang-chen
http://www.zhihu.com/people/aimengmeng
http://www.zhihu.com/people/wind
http://www.zhihu.com/people/zebra
http://www.zhihu.com/people/tbbt
http://www.zhihu.com/people/mo-mo-mo-da-nian
http://www.zhihu.com/people/wangping
http://www.zhihu.com/people/amylv
http://www.zhihu.com/people/talentj
http://www.zhihu.com/people/yuanqz
http://www.zhihu.com/people/xuzhihong
http://www.zhihu.com/people/quiver
http://www.zhihu.com/people/frankzhang
http://www.zhihu.com/people/yang-zhong
http://www.zhihu.com/people/wanggnag
http://www.zhihu.com/people/fanhun
http://www.zhihu.com/people/beingv
http://www.zhihu.com/people/zonovo
http://www.zhihu.com/people/kai-lukoff
http://www.zhihu.com/people/xie-si-ming
http://www.zhihu.com/people/zsonic
http://www.zhihu.com/people/chen-xia-luo
http://www.zhihu.com/people/alonzotang
http://www.zhihu.com/people/lady
http://www.zhihu.com/people/shintemy
http://www.zhihu.com/people/fanhu
http://www.zhihu.com/people/cainiao
http://www.zhihu.com/people/qie-ge
http://www.zhihu.com/people/fqg309
http://www.zhihu.com/people/mifan
http://www.zhihu.com/people/wubaolong
http://www.zhihu.com/people/onlyswan
http://www.zhihu.com/people/bomb-chen
http://www.zhihu.com/people/tonnydan
http://www.zhihu.com/people/Lixunhuan
http://www.zhihu.com/people/pu-xu-dong
http://www.zhihu.com/people/dongxiaowei
http://www.zhihu.com/people/hushuqi
http://www.zhihu.com/people/vanemu
http://www.zhihu.com/people/su-fei
http://www.zhihu.com/people/gymitat
http://www.zhihu.com/people/happiness
http://www.zhihu.com/people/yuyouweimen
http://www.zhihu.com/people/luo-xian
http://www.zhihu.com/people/yu-ming-gu-wen-chen-tao
http://www.zhihu.com/people/blue
http://www.zhihu.com/people/ikbear
http://www.zhihu.com/people/tujian
http://www.zhihu.com/people/liumin
http://www.zhihu.com/people/fengduan
http://www.zhihu.com/people/blogkid
http://www.zhihu.com/people/ygwang
http://www.zhihu.com/people/mooqii
http://www.zhihu.com/people/molala
http://www.zhihu.com/people/Terryxiao
http://www.zhihu.com/people/nicoletsai
http://www.zhihu.com/people/leonpak
http://www.zhihu.com/people/livevol
http://www.zhihu.com/people/ch3nz
http://www.zhihu.com/people/meng-zhi
http://www.zhihu.com/people/mcbuder
http://www.zhihu.com/people/wangyue
http://www.zhihu.com/people/wangwei
http://www.zhihu.com/people/ecchanger
http://www.zhihu.com/people/applenate
http://www.zhihu.com/people/ecmoment
http://www.zhihu.com/people/jiang-shu-38
http://www.zhihu.com/people/renyingqi
http://www.zhihu.com/people/fengxu
http://www.zhihu.com/people/dong-ming-xuan
http://www.zhihu.com/people/romoo
http://www.zhihu.com/people/junwei
http://www.zhihu.com/people/nan-qi
http://www.zhihu.com/people/angela
http://www.zhihu.com/people/qusheng
http://www.zhihu.com/people/robaggio
http://www.zhihu.com/people/ripsky
http://www.zhihu.com/people/arki
http://www.zhihu.com/people/jiangtao
http://www.zhihu.com/people/beichen
http://www.zhihu.com/people/lubenyuan.com
http://www.zhihu.com/people/lianghai
http://www.zhihu.com/people/maidou
http://www.zhihu.com/people/beixr
http://www.zhihu.com/people/mrlinan
http://www.zhihu.com/people/localhost
http://www.zhihu.com/people/chouti
http://www.zhihu.com/people/lazylorna
http://www.zhihu.com/people/mimiqiao
http://www.zhihu.com/people/roys
http://www.zhihu.com/people/lu-ding
http://www.zhihu.com/people/wuwei
http://www.zhihu.com/people/Metaphox
http://www.zhihu.com/people/underland
http://www.zhihu.com/people/wanghe
http://www.zhihu.com/people/lixiangmin
http://www.zhihu.com/people/leegang
http://www.zhihu.com/people/feifei
http://www.zhihu.com/people/zhangga
http://www.zhihu.com/people/chengyuan
http://www.zhihu.com/people/unseendesire
http://www.zhihu.com/people/li-qi
http://www.zhihu.com/people/zoubo
http://www.zhihu.com/people/chenta
http://www.zhihu.com/people/zhangjing
http://www.zhihu.com/people/watsonxu
http://www.zhihu.com/people/flypig
http://www.zhihu.com/people/zengli
http://www.zhihu.com/people/imason
http://www.zhihu.com/people/infoman
http://www.zhihu.com/people/titan
http://www.zhihu.com/people/evilape
http://www.zhihu.com/people/wang-chun-hui
http://www.zhihu.com/people/delphi
http://www.zhihu.com/people/lawrencelry
http://www.zhihu.com/people/oxygen
http://www.zhihu.com/people/kennyshuai
http://www.zhihu.com/people/kwoh
http://www.zhihu.com/people/cooL
http://www.zhihu.com/people/whale
http://www.zhihu.com/people/gongjun
http://www.zhihu.com/people/jincute
http://www.zhihu.com/people/cooerson
http://www.zhihu.com/people/zhang-ding
http://www.zhihu.com/people/keepwalking
http://www.zhihu.com/people/keso
http://www.zhihu.com/people/zhouyuan
http://www.zhihu.com/people/junyu
http://www.zhihu.com/people/jixin
http://www.zhihu.com/people/shijun
http://www.zhihu.com/people/liang-xiao-di
http://www.zhihu.com/people/amonjok
http://www.zhihu.com/people/imike
