http://www.zhihu.com/people/zhang-jia-hui-55-15
http://www.zhihu.com/people/xiaxiangqi
http://www.zhihu.com/people/------
http://www.zhihu.com/people/liu-hua-55
http://www.zhihu.com/people/wang-bin-94-7
http://www.zhihu.com/people/94lpp94
http://www.zhihu.com/people/xiao-da-da-27
http://www.zhihu.com/people/liang-ye-qi
http://www.zhihu.com/people/li-xiao-cheng-88
http://www.zhihu.com/people/Len.
http://www.zhihu.com/people/DYdongyi
http://www.zhihu.com/people/fdeg
http://www.zhihu.com/people/song-xi-luo
http://www.zhihu.com/people/BeansTang
http://www.zhihu.com/people/shao-hao-ming
http://www.zhihu.com/people/wu-wei-99-42
http://www.zhihu.com/people/Little_White
http://www.zhihu.com/people/xuxiaowei
http://www.zhihu.com/people/liu-wei-lin-56
http://www.zhihu.com/people/kejinqian
http://www.zhihu.com/people/wan-yi-ming
http://www.zhihu.com/people/bella-zheng
http://www.zhihu.com/people/bruce-gong
http://www.zhihu.com/people/xi-er-luo
http://www.zhihu.com/people/eyuan
http://www.zhihu.com/people/hao-peng-cheng
http://www.zhihu.com/people/vicguo
http://www.zhihu.com/people/cong-guang-le
http://www.zhihu.com/people/ling-feng-mo-ran
http://www.zhihu.com/people/chdwu
http://www.zhihu.com/people/dafangdeliushu
http://www.zhihu.com/people/liutingji
http://www.zhihu.com/people/li-kai-64-64
http://www.zhihu.com/people/sleepingknight
http://www.zhihu.com/people/dolphin8534
http://www.zhihu.com/people/zhanglu
http://www.zhihu.com/people/guo-da-lu-13-28
http://www.zhihu.com/people/shawnzhang
http://www.zhihu.com/people/bhshang
http://www.zhihu.com/people/mao-mao-90-89
http://www.zhihu.com/people/zhou-peng-9
http://www.zhihu.com/people/eziopan22
http://www.zhihu.com/people/gao-lei-74
http://www.zhihu.com/people/zhangxiaodong
http://www.zhihu.com/people/coee
http://www.zhihu.com/people/li-yi-nan
http://www.zhihu.com/people/su-mi-fan
http://www.zhihu.com/people/jin-yu-shao-nu
http://www.zhihu.com/people/luo-guo-xiang
http://www.zhihu.com/people/drifter-16
http://www.zhihu.com/people/zhou-xin-45
http://www.zhihu.com/people/shoutaimu
http://www.zhihu.com/people/qiu-xu-10
http://www.zhihu.com/people/jamesky907
http://www.zhihu.com/people/pioneerjxf
http://www.zhihu.com/people/gao-chen-37
http://www.zhihu.com/people/itshui
http://www.zhihu.com/people/sunprin
http://www.zhihu.com/people/jianzhang
http://www.zhihu.com/people/wen-yidao
http://www.zhihu.com/people/bingoyao
http://www.zhihu.com/people/resugary
http://www.zhihu.com/people/han-ba-xi
http://www.zhihu.com/people/totolion
http://www.zhihu.com/people/gaga.zhn
http://www.zhihu.com/people/wang-xiao-song-27-97
http://www.zhihu.com/people/chen-fei-di
http://www.zhihu.com/people/guo-xun-16
http://www.zhihu.com/people/mi-chou
http://www.zhihu.com/people/lin-zi-cha
http://www.zhihu.com/people/steven-80
http://www.zhihu.com/people/zha-si-ting
http://www.zhihu.com/people/zhang-xiao-fan-25-69
http://www.zhihu.com/people/zhu-shuo-fei
http://www.zhihu.com/people/li-nan-7-98
http://www.zhihu.com/people/chen-wei-yuan
http://www.zhihu.com/people/liwende
http://www.zhihu.com/people/shen-hao-lang
http://www.zhihu.com/people/braveworld
http://www.zhihu.com/people/zyysama
http://www.zhihu.com/people/wa-xi-li
http://www.zhihu.com/people/wang-hong-fei-23
http://www.zhihu.com/people/ishaan
http://www.zhihu.com/people/xieranmaya
http://www.zhihu.com/people/sunyifeng
http://www.zhihu.com/people/luxiaoniao
http://www.zhihu.com/people/chen-sen-46
http://www.zhihu.com/people/glowdan
http://www.zhihu.com/people/li-yizhou
http://www.zhihu.com/people/wang-zhen-min
http://www.zhihu.com/people/shaomm
http://www.zhihu.com/people/hang-yang-1412
http://www.zhihu.com/people/lan-yue-14-62
http://www.zhihu.com/people/zhangxuanji
http://www.zhihu.com/people/ipony
http://www.zhihu.com/people/lionegun
http://www.zhihu.com/people/alexz-95
http://www.zhihu.com/people/forwhile
http://www.zhihu.com/people/lgravity
http://www.zhihu.com/people/anerun
http://www.zhihu.com/people/mu-mu-cheng-min
http://www.zhihu.com/people/xiang-jiang
http://www.zhihu.com/people/wei-ta-bing
http://www.zhihu.com/people/ma-que-10
http://www.zhihu.com/people/tu-wen-bin-9
http://www.zhihu.com/people/gu-chong-lun
http://www.zhihu.com/people/zhang-zhen-71-57
http://www.zhihu.com/people/yan-zi-85
http://www.zhihu.com/people/yymrsh
http://www.zhihu.com/people/neo-ke
http://www.zhihu.com/people/wang-bin-yu
http://www.zhihu.com/people/jiang-yuan-hao-91
http://www.zhihu.com/people/hlhl
http://www.zhihu.com/people/liu-ying-nan-10
http://www.zhihu.com/people/zhang-zhi-yong-86-13
http://www.zhihu.com/people/bao-li-di-tie
http://www.zhihu.com/people/castleyan
http://www.zhihu.com/people/powerajason
http://www.zhihu.com/people/chen-qiang-sheng-52
http://www.zhihu.com/people/zhao-lin-fei
http://www.zhihu.com/people/liu-xi-ming-3
http://www.zhihu.com/people/shen-ya-nan-44
http://www.zhihu.com/people/li-liang-bo
http://www.zhihu.com/people/12326
http://www.zhihu.com/people/huang-zhao-45
http://www.zhihu.com/people/zhou-jing-wei-12
http://www.zhihu.com/people/intper
http://www.zhihu.com/people/bo-wen-49
http://www.zhihu.com/people/ryan-73-42
http://www.zhihu.com/people/gao-ji-wei
http://www.zhihu.com/people/yi-zhi-60
http://www.zhihu.com/people/tong-xin-nan
http://www.zhihu.com/people/zhang-li-40-67
http://www.zhihu.com/people/zhou-kai-43
http://www.zhihu.com/people/renwang
http://www.zhihu.com/people/fu-lan-ke-lin
http://www.zhihu.com/people/kou-rui
http://www.zhihu.com/people/winiex
http://www.zhihu.com/people/claireququ
http://www.zhihu.com/people/marshall-34
http://www.zhihu.com/people/jerry-zhang-72
http://www.zhihu.com/people/ghyang
http://www.zhihu.com/people/jalonwang
http://www.zhihu.com/people/dai-zi-zai
http://www.zhihu.com/people/flow-12
http://www.zhihu.com/people/wu-kong-15
http://www.zhihu.com/people/yu-yuan-56
http://www.zhihu.com/people/zhang-kai-xu-95
http://www.zhihu.com/people/henuwang-kai
http://www.zhihu.com/people/manpak
http://www.zhihu.com/people/michex
http://www.zhihu.com/people/zhang-zhi-feng-45
http://www.zhihu.com/people/yang-xu-44
http://www.zhihu.com/people/hukai12417
http://www.zhihu.com/people/xiao-xiong-51
http://www.zhihu.com/people/alex-liu-49
http://www.zhihu.com/people/lv.zhaoyang
http://www.zhihu.com/people/donj
http://www.zhihu.com/people/man-man-yu-14
http://www.zhihu.com/people/crazyreal
http://www.zhihu.com/people/deng-xian-sheng-57
http://www.zhihu.com/people/hu-da-xia-5
http://www.zhihu.com/people/sirius_7
http://www.zhihu.com/people/yu-ge-71-45
http://www.zhihu.com/people/jia-hou-zi
http://www.zhihu.com/people/uouo-lu
http://www.zhihu.com/people/qu-ceng
http://www.zhihu.com/people/xia-yu-tian-3-49
http://www.zhihu.com/people/luo-xiao-wei
http://www.zhihu.com/people/fang-ming-hui
http://www.zhihu.com/people/xin-sheng-guo
http://www.zhihu.com/people/dai-kan
http://www.zhihu.com/people/liu-hong-bo
http://www.zhihu.com/people/xu-fang-qian
http://www.zhihu.com/people/huaqiangli
http://www.zhihu.com/people/E585885
http://www.zhihu.com/people/wu-shuai-90-16
http://www.zhihu.com/people/wang-wei-211-1220
http://www.zhihu.com/people/xiang-chang-yu
http://www.zhihu.com/people/cheng-le-yi
http://www.zhihu.com/people/xie-yu-qing-20
http://www.zhihu.com/people/sanool
http://www.zhihu.com/people/chengyuwen
http://www.zhihu.com/people/yan-jia-jun-14
http://www.zhihu.com/people/wang-chang
http://www.zhihu.com/people/xia-jiang-ai
http://www.zhihu.com/people/lin-jia-qi-79
http://www.zhihu.com/people/l123456
http://www.zhihu.com/people/mu-xiao-xia
http://www.zhihu.com/people/meng-jue-99
http://www.zhihu.com/people/mo-yan-jia-jia
http://www.zhihu.com/people/woodman
http://www.zhihu.com/people/hai-mian-25
http://www.zhihu.com/people/ghost-zhao
http://www.zhihu.com/people/young-ray
http://www.zhihu.com/people/peng-rui-11
http://www.zhihu.com/people/liao-zhou-yi
http://www.zhihu.com/people/zhang-ge-84
http://www.zhihu.com/people/qiubaipet
http://www.zhihu.com/people/wolekuduo
http://www.zhihu.com/people/NowayZhou
http://www.zhihu.com/people/liu-dan-yang-64
http://www.zhihu.com/people/tai-zai-yan
http://www.zhihu.com/people/chen-kai-xin-22
http://www.zhihu.com/people/yan-xin-qi
http://www.zhihu.com/people/li-ao-wen
http://www.zhihu.com/people/wu-zhi-mi
http://www.zhihu.com/people/lynnchen2
http://www.zhihu.com/people/ren-yi-8
http://www.zhihu.com/people/cao-zhou-li
http://www.zhihu.com/people/FantasticCathy
http://www.zhihu.com/people/lei-yu-60
http://www.zhihu.com/people/yin-gao-jie
http://www.zhihu.com/people/geminiyou
http://www.zhihu.com/people/gaoshan
http://www.zhihu.com/people/mote
http://www.zhihu.com/people/wu-da-bei
http://www.zhihu.com/people/shixi
http://www.zhihu.com/people/xiang-lu-en
http://www.zhihu.com/people/wang-peng-48
http://www.zhihu.com/people/qiyongwong
http://www.zhihu.com/people/yun-yun-54
http://www.zhihu.com/people/peng-yong-82
http://www.zhihu.com/people/weixixiao
http://www.zhihu.com/people/deviceperk
http://www.zhihu.com/people/chen-shuo-bin
http://www.zhihu.com/people/kang-wei
http://www.zhihu.com/people/chen-dai-jun
http://www.zhihu.com/people/fangqu
http://www.zhihu.com/people/gobaba
http://www.zhihu.com/people/lvsj
http://www.zhihu.com/people/wei-qin-de
http://www.zhihu.com/people/song-wei-98-98
http://www.zhihu.com/people/petercai
http://www.zhihu.com/people/ni-jin-hua
http://www.zhihu.com/people/chen-peng-67-22
http://www.zhihu.com/people/laura-2
http://www.zhihu.com/people/littleant
http://www.zhihu.com/people/there4
http://www.zhihu.com/people/heng-xing-will
http://www.zhihu.com/people/chen-jia-nan
http://www.zhihu.com/people/hu-zhan-jun
http://www.zhihu.com/people/dondiego
http://www.zhihu.com/people/sa-mu-59
http://www.zhihu.com/people/songweibiao
http://www.zhihu.com/people/iamyourshifu
http://www.zhihu.com/people/bies
http://www.zhihu.com/people/ga-beng-36
http://www.zhihu.com/people/huyibuct
http://www.zhihu.com/people/chentao
http://www.zhihu.com/people/ha-lu-de
http://www.zhihu.com/people/zhu-xiao-gang-49
http://www.zhihu.com/people/yu-hao-hai
http://www.zhihu.com/people/zhu-mai-dou
http://www.zhihu.com/people/VerucaChan
http://www.zhihu.com/people/xin-wang-62
http://www.zhihu.com/people/xu-xue-hen
http://www.zhihu.com/people/dylanninin
http://www.zhihu.com/people/verasun
http://www.zhihu.com/people/zhao-yuan-jie
http://www.zhihu.com/people/narcis
http://www.zhihu.com/people/guodalu008
http://www.zhihu.com/people/tc-liang-66
http://www.zhihu.com/people/virus11
http://www.zhihu.com/people/chen-dong-dong-56
http://www.zhihu.com/people/Te_cakam
http://www.zhihu.com/people/mull
http://www.zhihu.com/people/zhao-si-jia
http://www.zhihu.com/people/freetown
http://www.zhihu.com/people/shang-kun-61
http://www.zhihu.com/people/bingyucas
http://www.zhihu.com/people/yue-yi-he
http://www.zhihu.com/people/li_feng
http://www.zhihu.com/people/shabingxuan
http://www.zhihu.com/people/chen-xi-78-89-66
http://www.zhihu.com/people/da-van
http://www.zhihu.com/people/peng-yi-zhun
http://www.zhihu.com/people/guozhiheng
http://www.zhihu.com/people/li-meng-33
http://www.zhihu.com/people/yang-qian-65
http://www.zhihu.com/people/zhu-fang-bei
http://www.zhihu.com/people/lz-always
http://www.zhihu.com/people/bai-hong-bin
http://www.zhihu.com/people/houchong
http://www.zhihu.com/people/zhu-lu-hang-46
http://www.zhihu.com/people/chenbb
http://www.zhihu.com/people/ding-bo-10
http://www.zhihu.com/people/gtheric
http://www.zhihu.com/people/wayne-tong
http://www.zhihu.com/people/maojindao
http://www.zhihu.com/people/qie-wen
http://www.zhihu.com/people/he-fang-zi
http://www.zhihu.com/people/xiao-zhu-5
http://www.zhihu.com/people/yitianbantian
http://www.zhihu.com/people/shan-shan-98-28
http://www.zhihu.com/people/liu-jia-chang
http://www.zhihu.com/people/wittmann
http://www.zhihu.com/people/ipoyang7
http://www.zhihu.com/people/daisydeng-93
http://www.zhihu.com/people/hong-xiu-71
http://www.zhihu.com/people/lawrencepiao
http://www.zhihu.com/people/lonvelykids
http://www.zhihu.com/people/wang-rong-peng-14
http://www.zhihu.com/people/xiongyong
http://www.zhihu.com/people/wang-jiu-jiu
http://www.zhihu.com/people/fan-ye-leng
http://www.zhihu.com/people/elvislee-59
http://www.zhihu.com/people/kong-rong-26
http://www.zhihu.com/people/shikeyang
http://www.zhihu.com/people/dwoo
http://www.zhihu.com/people/tracy0617
http://www.zhihu.com/people/young-liu
http://www.zhihu.com/people/chen-hong-hong-33
http://www.zhihu.com/people/yang-yun-45
http://www.zhihu.com/people/wang-zi-han-69
http://www.zhihu.com/people/xing-hua-1994
http://www.zhihu.com/people/liao-wei-37
http://www.zhihu.com/people/john-99-21
http://www.zhihu.com/people/wangshishi
http://www.zhihu.com/people/zhiyumao
http://www.zhihu.com/people/liu-yuyang
http://www.zhihu.com/people/bao-ku-zi-huang
http://www.zhihu.com/people/dearxiwang
http://www.zhihu.com/people/cai-jin-cheng
http://www.zhihu.com/people/huang-meng-ying
http://www.zhihu.com/people/huo-shao-lin
http://www.zhihu.com/people/yao-zu
http://www.zhihu.com/people/wang-zhu-huan
http://www.zhihu.com/people/chen-yuan-42-67
http://www.zhihu.com/people/chen-yuan-chun
http://www.zhihu.com/people/song-zhi-zi
http://www.zhihu.com/people/jiedushi
http://www.zhihu.com/people/xue-bo-22
http://www.zhihu.com/people/huang-yao-peng
http://www.zhihu.com/people/acsaga
http://www.zhihu.com/people/helongke
http://www.zhihu.com/people/wang-ze-yu-70-52
http://www.zhihu.com/people/lujixin
http://www.zhihu.com/people/luo-xu-bo
http://www.zhihu.com/people/a-sha-27
http://www.zhihu.com/people/yang-rong-lei
http://www.zhihu.com/people/xiao-yu-64
http://www.zhihu.com/people/zhang-qing-77-7
http://www.zhihu.com/people/lu-zi-lu-76
http://www.zhihu.com/people/pingoflove
http://www.zhihu.com/people/wonderway
http://www.zhihu.com/people/li-jun-da-86
http://www.zhihu.com/people/fireos
http://www.zhihu.com/people/huangduanduan
http://www.zhihu.com/people/xiao-shan-12
http://www.zhihu.com/people/owl-43-79
http://www.zhihu.com/people/hai-hua
http://www.zhihu.com/people/ren-meng-xin
http://www.zhihu.com/people/guo-meng-16
http://www.zhihu.com/people/yemo
http://www.zhihu.com/people/he-ran-48
http://www.zhihu.com/people/li-meng-7-45
http://www.zhihu.com/people/hu-shu-kun
http://www.zhihu.com/people/zhao-xue-63
http://www.zhihu.com/people/li-gou-hai-12-23
http://www.zhihu.com/people/john-wei
http://www.zhihu.com/people/freevi
http://www.zhihu.com/people/wangjiao
http://www.zhihu.com/people/sheyingshi
http://www.zhihu.com/people/li-you-82-98
http://www.zhihu.com/people/hdbean
http://www.zhihu.com/people/jacob-jefferson
http://www.zhihu.com/people/game-web
http://www.zhihu.com/people/xu-man-ling-74
http://www.zhihu.com/people/patrick-gowers
http://www.zhihu.com/people/wu-ze-yong
http://www.zhihu.com/people/su-wen-bo-89
http://www.zhihu.com/people/lan-xiang-jiao-86
http://www.zhihu.com/people/li-qing-lan-36
http://www.zhihu.com/people/zhao-gogo
http://www.zhihu.com/people/chen-chen-41-83
http://www.zhihu.com/people/xian-he-32
http://www.zhihu.com/people/nicing
http://www.zhihu.com/people/yuuto
http://www.zhihu.com/people/rotcod
http://www.zhihu.com/people/shinji
http://www.zhihu.com/people/zhang-xiao-mai-8
http://www.zhihu.com/people/tian-yan-feng
http://www.zhihu.com/people/wang-da-mai-mai
http://www.zhihu.com/people/KatHex
http://www.zhihu.com/people/wang-da-bai-38
http://www.zhihu.com/people/whale
http://www.zhihu.com/people/yangsiyuan
http://www.zhihu.com/people/holsety
http://www.zhihu.com/people/chouyi
http://www.zhihu.com/people/yehai
http://www.zhihu.com/people/three-18
http://www.zhihu.com/people/gange
http://www.zhihu.com/people/chen-xin-wu-58
http://www.zhihu.com/people/zhangyitao
http://www.zhihu.com/people/walkxi
http://www.zhihu.com/people/shijing
http://www.zhihu.com/people/kennylin911
http://www.zhihu.com/people/wang-xian-ren-57
http://www.zhihu.com/people/gao-ruo-yan-50
http://www.zhihu.com/people/crazyguy
http://www.zhihu.com/people/wang-xiao-73-19
http://www.zhihu.com/people/pupa123
http://www.zhihu.com/people/jeff-21
http://www.zhihu.com/people/zhou-xiao-yu-24
http://www.zhihu.com/people/SEOer-chenbing
http://www.zhihu.com/people/gao-a-xiong
http://www.zhihu.com/people/GaoYihao
http://www.zhihu.com/people/jueshihaojian
http://www.zhihu.com/people/wiswood
http://www.zhihu.com/people/RichardZhang
http://www.zhihu.com/people/chen-jun-65
http://www.zhihu.com/people/leemoispace
http://www.zhihu.com/people/da-xiao-38-44
http://www.zhihu.com/people/hou-ye-60
http://www.zhihu.com/people/ihappybear
http://www.zhihu.com/people/S.M.L
http://www.zhihu.com/people/fengren
http://www.zhihu.com/people/sinixyang
http://www.zhihu.com/people/fan-xu-25
http://www.zhihu.com/people/braite
http://www.zhihu.com/people/vember
http://www.zhihu.com/people/lpgray
http://www.zhihu.com/people/chang-ge-zi-3
http://www.zhihu.com/people/mu-hua
http://www.zhihu.com/people/yang-su-guan-57
http://www.zhihu.com/people/tang-rong-xuan
http://www.zhihu.com/people/mi-xin-xin
http://www.zhihu.com/people/hu-yin-40
http://www.zhihu.com/people/zhang-ha-ha-31-79
http://www.zhihu.com/people/su-su-76-34
http://www.zhihu.com/people/luohaibing
http://www.zhihu.com/people/li-jin-gang
http://www.zhihu.com/people/li-tripp
http://www.zhihu.com/people/kenatsea
http://www.zhihu.com/people/wang-xin-1-35
http://www.zhihu.com/people/rio
http://www.zhihu.com/people/didu007
http://www.zhihu.com/people/madbigg
http://www.zhihu.com/people/kongdede
http://www.zhihu.com/people/chen-jin-99
http://www.zhihu.com/people/dong-ji-zai-hang-zhou
http://www.zhihu.com/people/zhanghexiangcn
http://www.zhihu.com/people/feng-shao-xiong
http://www.zhihu.com/people/allen-11-32
http://www.zhihu.com/people/hu-shui-99
http://www.zhihu.com/people/eacon
http://www.zhihu.com/people/zhang-shi-san-5
http://www.zhihu.com/people/timss-wu
http://www.zhihu.com/people/guo-jia-90
http://www.zhihu.com/people/chester-24
http://www.zhihu.com/people/kession
http://www.zhihu.com/people/biaotian
http://www.zhihu.com/people/soluna
http://www.zhihu.com/people/yang-yang-24
http://www.zhihu.com/people/feng-hao-84
http://www.zhihu.com/people/richardchang
http://www.zhihu.com/people/zhu-xiao-wu-77
http://www.zhihu.com/people/winson
http://www.zhihu.com/people/lucio
http://www.zhihu.com/people/qiu-sheng-32
http://www.zhihu.com/people/ma-___-___
http://www.zhihu.com/people/chen-yi-ming-66
http://www.zhihu.com/people/youyue
http://www.zhihu.com/people/li-yuan-56-20
http://www.zhihu.com/people/wang-he-xiang-82
http://www.zhihu.com/people/miao-qi-nan
http://www.zhihu.com/people/tony-20
http://www.zhihu.com/people/ivanhoforever
http://www.zhihu.com/people/panyifan2013
http://www.zhihu.com/people/yao-zhi-li
http://www.zhihu.com/people/song-zhi-qiang-24
http://www.zhihu.com/people/hupingyang
http://www.zhihu.com/people/tu-bi-zi-gu
http://www.zhihu.com/people/wang-you-cao-89
http://www.zhihu.com/people/chen-bin-shu
http://www.zhihu.com/people/abjkl
http://www.zhihu.com/people/wang-yu-jue-1
http://www.zhihu.com/people/mobozhi
http://www.zhihu.com/people/luo-yu-meng
http://www.zhihu.com/people/wu-ruo-xi-39
http://www.zhihu.com/people/he-bu-ke
http://www.zhihu.com/people/shan-mu-gu
http://www.zhihu.com/people/zhang-en-wen
http://www.zhihu.com/people/nourlcn
http://www.zhihu.com/people/lidaqing
http://www.zhihu.com/people/li-jing-72-90
http://www.zhihu.com/people/yun-huang
http://www.zhihu.com/people/li-xing-4
http://www.zhihu.com/people/aeonwang
http://www.zhihu.com/people/goldenoct
http://www.zhihu.com/people/zhu-shi-30
http://www.zhihu.com/people/long-bu-tiao
http://www.zhihu.com/people/freedomwyb
http://www.zhihu.com/people/wu-di-83
http://www.zhihu.com/people/wangbobo
http://www.zhihu.com/people/lang-bu-leng
http://www.zhihu.com/people/wei-li-gan
http://www.zhihu.com/people/bu-jian-81
http://www.zhihu.com/people/hey-you
http://www.zhihu.com/people/jonas-lu
http://www.zhihu.com/people/smartandsexy
http://www.zhihu.com/people/lionon
http://www.zhihu.com/people/listyluo
http://www.zhihu.com/people/liu-yun-xuan
http://www.zhihu.com/people/lieluren
http://www.zhihu.com/people/tang-sai-zhi
http://www.zhihu.com/people/pawaluopei
http://www.zhihu.com/people/sun-yi-13
http://www.zhihu.com/people/yang-xiao-hua-5
http://www.zhihu.com/people/loki951753
http://www.zhihu.com/people/zhong-an-jun
http://www.zhihu.com/people/zhang-he-ling-66
http://www.zhihu.com/people/jade1314ily
http://www.zhihu.com/people/liyonglin
http://www.zhihu.com/people/sunsimian
http://www.zhihu.com/people/caulfield
http://www.zhihu.com/people/carrie-is-on
http://www.zhihu.com/people/tian-yun-87
http://www.zhihu.com/people/chen-ban-zhuan
http://www.zhihu.com/people/hao-dan-30
http://www.zhihu.com/people/dwyane-50
http://www.zhihu.com/people/fang-yi-xing
http://www.zhihu.com/people/byears
http://www.zhihu.com/people/freeking
http://www.zhihu.com/people/xudekai
http://www.zhihu.com/people/wei-tian-jiu-dao
http://www.zhihu.com/people/li-fang-lei
http://www.zhihu.com/people/xiao-li-ping-8
http://www.zhihu.com/people/li-da-hai-98
http://www.zhihu.com/people/wu-jie-qi-72
http://www.zhihu.com/people/geekv5
http://www.zhihu.com/people/mao-shu-86
http://www.zhihu.com/people/wushao
http://www.zhihu.com/people/richard.g
http://www.zhihu.com/people/yan-yu-kun-11
http://www.zhihu.com/people/xulaohan
http://www.zhihu.com/people/lu-jin-rong-54
http://www.zhihu.com/people/libing
http://www.zhihu.com/people/zhang-cong-ying
http://www.zhihu.com/people/jiang-zhen-peng
http://www.zhihu.com/people/xiao-shan-ruo-shui
http://www.zhihu.com/people/LeoWilliam
http://www.zhihu.com/people/zhykate
http://www.zhihu.com/people/mu-liu-33-39
http://www.zhihu.com/people/lu-ming-yin-7
http://www.zhihu.com/people/wee1
http://www.zhihu.com/people/aaronchao
http://www.zhihu.com/people/he-wen-tao-99
http://www.zhihu.com/people/ding-zhao-sai
http://www.zhihu.com/people/mu-tian-80
http://www.zhihu.com/people/hu-ling-shuo
http://www.zhihu.com/people/tan-xiao-90
http://www.zhihu.com/people/yeneu
http://www.zhihu.com/people/hua-tian-95
http://www.zhihu.com/people/derr-78
http://www.zhihu.com/people/de-er-ba
http://www.zhihu.com/people/he-yu-hao
http://www.zhihu.com/people/xia-zi-xun
http://www.zhihu.com/people/he-ying-79
http://www.zhihu.com/people/tan-pan-88
http://www.zhihu.com/people/meroa
http://www.zhihu.com/people/zi-ke-xin
http://www.zhihu.com/people/zang-chou-chou
http://www.zhihu.com/people/jiang-hong-chang
http://www.zhihu.com/people/diode3
http://www.zhihu.com/people/peng-peng-65-18
http://www.zhihu.com/people/giiNNN
http://www.zhihu.com/people/liu-yu-chen-22
http://www.zhihu.com/people/wang-yiheng-99
http://www.zhihu.com/people/long-kun-72
http://www.zhihu.com/people/alone2007
http://www.zhihu.com/people/dong-dong-qiang-95
http://www.zhihu.com/people/he-yuan-41
http://www.zhihu.com/people/wang-yin-79-44
http://www.zhihu.com/people/zheng-jing-ren-76
http://www.zhihu.com/people/taomu
http://www.zhihu.com/people/al-joseph
http://www.zhihu.com/people/ao-wu-30
http://www.zhihu.com/people/shorttime
http://www.zhihu.com/people/song-ni-na-bei
http://www.zhihu.com/people/xiao-kang-kony
http://www.zhihu.com/people/chu-xuan-67
http://www.zhihu.com/people/wang-qing-11-75
http://www.zhihu.com/people/ting-liu-55
http://www.zhihu.com/people/qia-er-81
http://www.zhihu.com/people/tian-jun-26
http://www.zhihu.com/people/joyguard
http://www.zhihu.com/people/zhu-tian-li
http://www.zhihu.com/people/jerry_lee
http://www.zhihu.com/people/zisha360
http://www.zhihu.com/people/9527
http://www.zhihu.com/people/wisteria
http://www.zhihu.com/people/xia-huan-11
http://www.zhihu.com/people/feamung
http://www.zhihu.com/people/ashej
http://www.zhihu.com/people/dingshilei
http://www.zhihu.com/people/zi-ming-14
http://www.zhihu.com/people/mie-xuan
http://www.zhihu.com/people/li-xin-yi-48
http://www.zhihu.com/people/suniven
http://www.zhihu.com/people/homg-42
http://www.zhihu.com/people/beihaimianbi
http://www.zhihu.com/people/larzhang
http://www.zhihu.com/people/shark-lee-95
http://www.zhihu.com/people/sundance1000
http://www.zhihu.com/people/changyanchuan
http://www.zhihu.com/people/suyang123
http://www.zhihu.com/people/wang-bo-tong
http://www.zhihu.com/people/zooey
http://www.zhihu.com/people/folkyou
http://www.zhihu.com/people/zchening
http://www.zhihu.com/people/chen-yan-kun-62
http://www.zhihu.com/people/soun-shin
http://www.zhihu.com/people/wang-gao-yu
http://www.zhihu.com/people/sun-chong-wei-84
http://www.zhihu.com/people/antask
http://www.zhihu.com/people/zhang-ming-yuan-82
http://www.zhihu.com/people/tan-kai-xuan-62
http://www.zhihu.com/people/wangorm
http://www.zhihu.com/people/nicoleva
http://www.zhihu.com/people/Kevin_Sung
http://www.zhihu.com/people/Ninz
http://www.zhihu.com/people/zuo-xiao-zai-35
http://www.zhihu.com/people/tutu62
http://www.zhihu.com/people/erniemath
http://www.zhihu.com/people/manicom
http://www.zhihu.com/people/ma-zhong-58
http://www.zhihu.com/people/qiao-er-52
http://www.zhihu.com/people/CUHK-Steve
http://www.zhihu.com/people/wangyonghaoabraham
http://www.zhihu.com/people/biluo
http://www.zhihu.com/people/junzi520
http://www.zhihu.com/people/ding-zhu-62
http://www.zhihu.com/people/sun-conrad
http://www.zhihu.com/people/yuanbian007
http://www.zhihu.com/people/fa-jun
http://www.zhihu.com/people/cloudong
http://www.zhihu.com/people/li-jing-chen-45
http://www.zhihu.com/people/li-ming-65-21
http://www.zhihu.com/people/lxk1111
http://www.zhihu.com/people/li-ruo-fei-54
http://www.zhihu.com/people/yao-wei-70
http://www.zhihu.com/people/zhu-yun-85
http://www.zhihu.com/people/gdxgyp
http://www.zhihu.com/people/QiuNote
http://www.zhihu.com/people/ren-er-cheng
http://www.zhihu.com/people/zhang-zhao-20
http://www.zhihu.com/people/zhou-wen-jun-73
http://www.zhihu.com/people/zjxubinbin
http://www.zhihu.com/people/zhou-chi-58-62
http://www.zhihu.com/people/byerancy
http://www.zhihu.com/people/downapple
http://www.zhihu.com/people/chou-joe
http://www.zhihu.com/people/wu-mao-lin-64
http://www.zhihu.com/people/baichen
http://www.zhihu.com/people/fang-xiao-fan-23
http://www.zhihu.com/people/zhan-peng-30
http://www.zhihu.com/people/jiangtao
http://www.zhihu.com/people/garagin
http://www.zhihu.com/people/liu-bo-42
http://www.zhihu.com/people/starrrry
http://www.zhihu.com/people/cheng-cun-cao
http://www.zhihu.com/people/kaworu-nagisa
http://www.zhihu.com/people/liu-jing-kai
http://www.zhihu.com/people/meng-xiao-de
http://www.zhihu.com/people/wu-zi-da
http://www.zhihu.com/people/ceng-yi-84
http://www.zhihu.com/people/cao-dan-10
http://www.zhihu.com/people/tinybai
http://www.zhihu.com/people/xia-cheng-8
http://www.zhihu.com/people/gong-qin-kun
http://www.zhihu.com/people/zhao-bu-dao-45
http://www.zhihu.com/people/li-bin-61-64
http://www.zhihu.com/people/shenwenchao
http://www.zhihu.com/people/whattidebring
http://www.zhihu.com/people/sheffield-wang
http://www.zhihu.com/people/claire-90
http://www.zhihu.com/people/todayrocktodayroll
http://www.zhihu.com/people/long-fei-25
http://www.zhihu.com/people/five
http://www.zhihu.com/people/limboking
http://www.zhihu.com/people/drew
http://www.zhihu.com/people/su-jiang-32
http://www.zhihu.com/people/cheng-xiao-ming-69
http://www.zhihu.com/people/huang-yi-chen-94
http://www.zhihu.com/people/mu-mu-34-44
http://www.zhihu.com/people/ren-wen-gang
http://www.zhihu.com/people/lishangyuan
http://www.zhihu.com/people/dolphinwang
http://www.zhihu.com/people/bai-luo-bu
http://www.zhihu.com/people/fang-xiao-ai-37
http://www.zhihu.com/people/li-tai-yun
http://www.zhihu.com/people/ibezz
http://www.zhihu.com/people/li-peng-fei-34-10
http://www.zhihu.com/people/sushi
http://www.zhihu.com/people/paranoia-11
http://www.zhihu.com/people/dong-xun-59
http://www.zhihu.com/people/shi-jian-29
http://www.zhihu.com/people/yu-yu-qing-feng
http://www.zhihu.com/people/lin-zi-16-8
http://www.zhihu.com/people/a-qia-qia-suo
http://www.zhihu.com/people/gu-jia-ming-83
http://www.zhihu.com/people/tangfengqi
http://www.zhihu.com/people/zhong-yi-fei
http://www.zhihu.com/people/kyouma
http://www.zhihu.com/people/xuyang93
http://www.zhihu.com/people/su-7ren
http://www.zhihu.com/people/mao-shi-yue
http://www.zhihu.com/people/li-zhan-liang-99
http://www.zhihu.com/people/huyoung
http://www.zhihu.com/people/zhang-cheng-alex
http://www.zhihu.com/people/ecfans
http://www.zhihu.com/people/lobcn
http://www.zhihu.com/people/guohuanhuan
http://www.zhihu.com/people/windylcx
http://www.zhihu.com/people/huang-jia-nong
http://www.zhihu.com/people/wang-bin-26-56
http://www.zhihu.com/people/ni-kuo
http://www.zhihu.com/people/wang-chao-47-62
http://www.zhihu.com/people/hua-si-rui
http://www.zhihu.com/people/tan-xiao-69
http://www.zhihu.com/people/lu-shuang-1993
http://www.zhihu.com/people/zhou-neng-44
http://www.zhihu.com/people/lu-er-15
http://www.zhihu.com/people/shen-shi-ran
http://www.zhihu.com/people/yang-di-27-20
http://www.zhihu.com/people/stephenjwang
http://www.zhihu.com/people/cccesar
http://www.zhihu.com/people/miaomagallanes
http://www.zhihu.com/people/hu-cheng-88
http://www.zhihu.com/people/young-young-2
http://www.zhihu.com/people/dongdongqiang
http://www.zhihu.com/people/qian-liang-40
http://www.zhihu.com/people/zhe-zhe-35
http://www.zhihu.com/people/halfer53
http://www.zhihu.com/people/li-lu-37
http://www.zhihu.com/people/dakewang
http://www.zhihu.com/people/bu-lu-si-81
http://www.zhihu.com/people/parke
http://www.zhihu.com/people/fc1987
http://www.zhihu.com/people/staniel
http://www.zhihu.com/people/yang-tao-83-64
http://www.zhihu.com/people/stitch530
http://www.zhihu.com/people/cheng-si-zhou
http://www.zhihu.com/people/hh0571
http://www.zhihu.com/people/gao-gao-72
http://www.zhihu.com/people/niunai
http://www.zhihu.com/people/tan-jun-37
http://www.zhihu.com/people/neil-35-70
http://www.zhihu.com/people/zhou-yu-mo
http://www.zhihu.com/people/ayr1
http://www.zhihu.com/people/pandaslow
http://www.zhihu.com/people/echo-40-22
http://www.zhihu.com/people/qi-ren-jie-99
http://www.zhihu.com/people/li-dong-yu-1
http://www.zhihu.com/people/liusihao
http://www.zhihu.com/people/gui-sheng-74
http://www.zhihu.com/people/zuimai
http://www.zhihu.com/people/innernight
http://www.zhihu.com/people/luo-kang-45
http://www.zhihu.com/people/lu-xin-88
http://www.zhihu.com/people/maoxinyu
http://www.zhihu.com/people/tangsir
http://www.zhihu.com/people/yangming1472
http://www.zhihu.com/people/_itu
http://www.zhihu.com/people/peng-xiao-zhai
http://www.zhihu.com/people/dohu
http://www.zhihu.com/people/tuo-ni-cha
http://www.zhihu.com/people/wu-bin-94-94
http://www.zhihu.com/people/rocketball
http://www.zhihu.com/people/dou-ke-qin
http://www.zhihu.com/people/wang-yi-zhe-96
http://www.zhihu.com/people/gao-xiao-shan
http://www.zhihu.com/people/niu-ge
http://www.zhihu.com/people/zhou-bo-70-71
http://www.zhihu.com/people/su-kuang-55
http://www.zhihu.com/people/ou-yang-27
http://www.zhihu.com/people/subdragon
http://www.zhihu.com/people/su-bu-ming-shan
http://www.zhihu.com/people/linaishu
http://www.zhihu.com/people/anelva
http://www.zhihu.com/people/springbear
http://www.zhihu.com/people/yang-guang-31-63
http://www.zhihu.com/people/Rayma
http://www.zhihu.com/people/ximingcheng
http://www.zhihu.com/people/cui-xu-chen
http://www.zhihu.com/people/lisanke
http://www.zhihu.com/people/he-li-ying-13
http://www.zhihu.com/people/daisy-46-2
http://www.zhihu.com/people/Spinnist
http://www.zhihu.com/people/sun-xiao-fang-48
http://www.zhihu.com/people/BardT
http://www.zhihu.com/people/li-de-bao-32
http://www.zhihu.com/people/ray-guo-23
http://www.zhihu.com/people/X_Hamm
http://www.zhihu.com/people/wei-yuan-zhe
http://www.zhihu.com/people/wu-yi-fan-27
http://www.zhihu.com/people/mo-xiao-bai-66
http://www.zhihu.com/people/wlsy
http://www.zhihu.com/people/skylerzhang
http://www.zhihu.com/people/zhang-yuan-xiang
http://www.zhihu.com/people/zhang-ting-24-31
http://www.zhihu.com/people/tanghaiyan
http://www.zhihu.com/people/shi-tuo
http://www.zhihu.com/people/shaxjl
http://www.zhihu.com/people/tencent
http://www.zhihu.com/people/xu-shuo-fei
http://www.zhihu.com/people/zhang-zuo-di
http://www.zhihu.com/people/gu-si-bi-54
http://www.zhihu.com/people/zhao-xu-88-99
http://www.zhihu.com/people/xie-da-xia
http://www.zhihu.com/people/sakula
http://www.zhihu.com/people/lin-xiao-tou
http://www.zhihu.com/people/zhu-yong-qian
http://www.zhihu.com/people/li-jun-jian-52
http://www.zhihu.com/people/zhang-ruo-xi-95
http://www.zhihu.com/people/mengduo
http://www.zhihu.com/people/LukeGuo
http://www.zhihu.com/people/shanyuanfu
http://www.zhihu.com/people/pan-shi-hong
http://www.zhihu.com/people/a-miao-59
http://www.zhihu.com/people/zhang-yi-fan-48
http://www.zhihu.com/people/lookgod
http://www.zhihu.com/people/ssunhr
http://www.zhihu.com/people/fu-kai-yang-99
http://www.zhihu.com/people/rachel-xu-cn
http://www.zhihu.com/people/liao-run
http://www.zhihu.com/people/huayin789
http://www.zhihu.com/people/wu-fan-5-4
http://www.zhihu.com/people/gengyunzhe
http://www.zhihu.com/people/xyjmf
http://www.zhihu.com/people/jiang-xiaokong
http://www.zhihu.com/people/liang-yu-fan
http://www.zhihu.com/people/jun-lin-29
http://www.zhihu.com/people/zexiancui
http://www.zhihu.com/people/shanicky
http://www.zhihu.com/people/sackcentury
http://www.zhihu.com/people/zhang_lei
http://www.zhihu.com/people/poison_up
http://www.zhihu.com/people/sui-xin-er-an
http://www.zhihu.com/people/li-ning-ba
http://www.zhihu.com/people/poechant
http://www.zhihu.com/people/tan-ri-tian
http://www.zhihu.com/people/lu-gui-chen-26
http://www.zhihu.com/people/mylove
http://www.zhihu.com/people/san-pi
http://www.zhihu.com/people/sun-yao-dong-17
http://www.zhihu.com/people/su-yan-liang-60
http://www.zhihu.com/people/tirendushu
http://www.zhihu.com/people/buluka
http://www.zhihu.com/people/zheng-tao-64
http://www.zhihu.com/people/yang-yong-54-36
http://www.zhihu.com/people/pie-7
http://www.zhihu.com/people/li-jiong-67
http://www.zhihu.com/people/xiao-bian
http://www.zhihu.com/people/han-peng-qian
http://www.zhihu.com/people/wanghongyu
http://www.zhihu.com/people/kiki-81
http://www.zhihu.com/people/xiao-feng-83-87
http://www.zhihu.com/people/wu-hai-25
http://www.zhihu.com/people/yang-mo-11-27
http://www.zhihu.com/people/zhibai
http://www.zhihu.com/people/xie-zi-ang
http://www.zhihu.com/people/liuyingbo
http://www.zhihu.com/people/aipipi
http://www.zhihu.com/people/jiangweichuan
http://www.zhihu.com/people/Menonge
http://www.zhihu.com/people/laughingjacky
http://www.zhihu.com/people/tan-ding-shan
http://www.zhihu.com/people/wu-di
http://www.zhihu.com/people/nonodevil
http://www.zhihu.com/people/iamsuck
http://www.zhihu.com/people/fengai0915
http://www.zhihu.com/people/he-yuan-sheng
http://www.zhihu.com/people/lin-xin-ming-34
http://www.zhihu.com/people/fu-shu-shu-ying
http://www.zhihu.com/people/li-da-li-58
http://www.zhihu.com/people/dadao
http://www.zhihu.com/people/qi-qi-37-70
http://www.zhihu.com/people/jibin-ou
http://www.zhihu.com/people/alvin
http://www.zhihu.com/people/zoezhong
http://www.zhihu.com/people/da-xiang-69-30
http://www.zhihu.com/people/wang-tian-xiao
http://www.zhihu.com/people/titan.chen
http://www.zhihu.com/people/liaojunyuan.com
http://www.zhihu.com/people/elylyly
http://www.zhihu.com/people/zhang-sheng-jie-77
http://www.zhihu.com/people/bboymao
http://www.zhihu.com/people/flygon
http://www.zhihu.com/people/wu-ao-88
http://www.zhihu.com/people/kidteaing
http://www.zhihu.com/people/kang-kai-10
http://www.zhihu.com/people/jiang-san-19
http://www.zhihu.com/people/ku-rong-ku-rong
http://www.zhihu.com/people/xu-wen-52
http://www.zhihu.com/people/muse-liu
http://www.zhihu.com/people/eric-5
http://www.zhihu.com/people/geli
http://www.zhihu.com/people/pan-wen-bo-45
http://www.zhihu.com/people/zhangmingbo
http://www.zhihu.com/people/feixiaofei
http://www.zhihu.com/people/yin-tao-42
http://www.zhihu.com/people/xiao-chu
http://www.zhihu.com/people/denghui.hou
http://www.zhihu.com/people/wangfang
http://www.zhihu.com/people/vientchou
http://www.zhihu.com/people/hoposky
http://www.zhihu.com/people/lizhihong
http://www.zhihu.com/people/long-yang-56
http://www.zhihu.com/people/meicoog
http://www.zhihu.com/people/zhang-mao-yu
http://www.zhihu.com/people/feng-shu-tong
http://www.zhihu.com/people/xu-xing
http://www.zhihu.com/people/yousurm
http://www.zhihu.com/people/lihuawei
http://www.zhihu.com/people/zheng-rui-wei
http://www.zhihu.com/people/shitianxiao
http://www.zhihu.com/people/li-zhi-yuan-30
http://www.zhihu.com/people/shu-yun-36
http://www.zhihu.com/people/mczhong
http://www.zhihu.com/people/baozhu
http://www.zhihu.com/people/gao-wen-jun
http://www.zhihu.com/people/he-lian-bo-bo-da-wang
http://www.zhihu.com/people/wen-wen-le
http://www.zhihu.com/people/chen-qing-yang-51
http://www.zhihu.com/people/highend
http://www.zhihu.com/people/bei-ying
http://www.zhihu.com/people/wangwei
http://www.zhihu.com/people/du-fei-fei
http://www.zhihu.com/people/wang-___-lan
http://www.zhihu.com/people/c0.0dsummer
http://www.zhihu.com/people/banlon
http://www.zhihu.com/people/hanjiang
http://www.zhihu.com/people/xiemengfei
http://www.zhihu.com/people/jikuair
http://www.zhihu.com/people/lin-yiqian
http://www.zhihu.com/people/gangwang
http://www.zhihu.com/people/pirenmao
http://www.zhihu.com/people/qian-xiang-43
http://www.zhihu.com/people/lin-sir-64
http://www.zhihu.com/people/shipeiju
http://www.zhihu.com/people/huang-long-80
http://www.zhihu.com/people/smallsmall
http://www.zhihu.com/people/gao-yang-30
http://www.zhihu.com/people/richard-wang
http://www.zhihu.com/people/chengt03
http://www.zhihu.com/people/yellow-rice
http://www.zhihu.com/people/buhaoqiao
http://www.zhihu.com/people/hua-yan-yang
http://www.zhihu.com/people/imissyou
http://www.zhihu.com/people/lzxiaoning
http://www.zhihu.com/people/yao-jin-hui
http://www.zhihu.com/people/merak
http://www.zhihu.com/people/chengpf
http://www.zhihu.com/people/yin-meng-zhu
http://www.zhihu.com/people/hu-ri-yang
http://www.zhihu.com/people/peterlu
http://www.zhihu.com/people/huangyunbin
http://www.zhihu.com/people/merryjing
http://www.zhihu.com/people/shang-zhen-wei
http://www.zhihu.com/people/ruan-wei-ting
http://www.zhihu.com/people/sirius-nick
http://www.zhihu.com/people/chen-chi-9
http://www.zhihu.com/people/chu-meng-meng
http://www.zhihu.com/people/huai-zuo-qing-yi
http://www.zhihu.com/people/yisho
http://www.zhihu.com/people/Leslie0910
http://www.zhihu.com/people/zzllss
http://www.zhihu.com/people/xie-guo-he
http://www.zhihu.com/people/cheng-cheng-34-86
http://www.zhihu.com/people/li-xu-77
http://www.zhihu.com/people/zhuangmuzuoyang
http://www.zhihu.com/people/yetone
http://www.zhihu.com/people/Quieth
http://www.zhihu.com/people/zhaojian
http://www.zhihu.com/people/peng-xiong-28
http://www.zhihu.com/people/teng-xin
http://www.zhihu.com/people/du-chen-75-57
http://www.zhihu.com/people/wikif
http://www.zhihu.com/people/j7limit
http://www.zhihu.com/people/liu-li-ping-41
http://www.zhihu.com/people/qichong
http://www.zhihu.com/people/wu-chuan
http://www.zhihu.com/people/bignews
http://www.zhihu.com/people/yuke-fighting
http://www.zhihu.com/people/ouyangnufang
http://www.zhihu.com/people/tata1219
http://www.zhihu.com/people/xie-jun-ting-53
http://www.zhihu.com/people/yi-bo-20
http://www.zhihu.com/people/peng-yu-huai
http://www.zhihu.com/people/vwow
http://www.zhihu.com/people/chen-shu-93
http://www.zhihu.com/people/jing-xiao-liang
http://www.zhihu.com/people/blackswan
http://www.zhihu.com/people/wang-qing-hua-01
http://www.zhihu.com/people/liangbing
http://www.zhihu.com/people/wang-fang-7
http://www.zhihu.com/people/yuan-shao-cheng
http://www.zhihu.com/people/wang-lin-20-82
http://www.zhihu.com/people/sanjing
http://www.zhihu.com/people/signtopic
http://www.zhihu.com/people/de-nan
http://www.zhihu.com/people/kevin-hu
http://www.zhihu.com/people/zheng-xin-92
http://www.zhihu.com/people/maiziman
http://www.zhihu.com/people/zijian
http://www.zhihu.com/people/mingxinglai.com
http://www.zhihu.com/people/mo-gu-8-10
http://www.zhihu.com/people/wu-mian-qing
http://www.zhihu.com/people/wonglei
http://www.zhihu.com/people/tian-chuan-88
http://www.zhihu.com/people/sansmile
http://www.zhihu.com/people/sun-peng-chong
http://www.zhihu.com/people/xia-qian-11
http://www.zhihu.com/people/zhu-rui-xiang
http://www.zhihu.com/people/jeromek
http://www.zhihu.com/people/airbai
http://www.zhihu.com/people/cheng-ling-jian
http://www.zhihu.com/people/yellowrain
http://www.zhihu.com/people/wu-xiao-long-14
http://www.zhihu.com/people/ma-gang
http://www.zhihu.com/people/cong-yu-tai
http://www.zhihu.com/people/tong-off
http://www.zhihu.com/people/fan-kang
http://www.zhihu.com/people/smallstroll
http://www.zhihu.com/people/windy-baby
http://www.zhihu.com/people/bxs4ever
http://www.zhihu.com/people/liuzhuang
http://www.zhihu.com/people/azorey
http://www.zhihu.com/people/di-xiao-bin
http://www.zhihu.com/people/chen-wei-57
http://www.zhihu.com/people/loadin
http://www.zhihu.com/people/wen-tao-4
http://www.zhihu.com/people/luo-meng-jie
http://www.zhihu.com/people/christine-54
http://www.zhihu.com/people/wu-wen-kui
http://www.zhihu.com/people/mo-shen-94
http://www.zhihu.com/people/chu-pei-rui
http://www.zhihu.com/people/nickys
http://www.zhihu.com/people/allcoolboy
http://www.zhihu.com/people/namiheike
http://www.zhihu.com/people/19951121
http://www.zhihu.com/people/jonson-fang
http://www.zhihu.com/people/deng-qiao-78
http://www.zhihu.com/people/iamyukaiyang
http://www.zhihu.com/people/bugaosuni
http://www.zhihu.com/people/gao-da-li
http://www.zhihu.com/people/windfuture
http://www.zhihu.com/people/yuan-jun-74
http://www.zhihu.com/people/wang-yi-ren-35
http://www.zhihu.com/people/zhou-jing-zheng
http://www.zhihu.com/people/CharlieWoodss
http://www.zhihu.com/people/bei-ming-you-yu-95
http://www.zhihu.com/people/tian-chun-yao
http://www.zhihu.com/people/THFQ
http://www.zhihu.com/people/wu-xiao-long-39
http://www.zhihu.com/people/cuiyue
http://www.zhihu.com/people/butnono
http://www.zhihu.com/people/fang-peng-hao
http://www.zhihu.com/people/yang-jie-ying
http://www.zhihu.com/people/JiJu
http://www.zhihu.com/people/zhong-ye-zi-49
http://www.zhihu.com/people/deng-tao-39
http://www.zhihu.com/people/manner
http://www.zhihu.com/people/chen-ji-zhe-81
http://www.zhihu.com/people/iyucci
http://www.zhihu.com/people/xu-liu-wei
http://www.zhihu.com/people/liutong
http://www.zhihu.com/people/feishenyue
http://www.zhihu.com/people/yu2b
http://www.zhihu.com/people/ayqiu1984
http://www.zhihu.com/people/laohu86
http://www.zhihu.com/people/zhong-chao
http://www.zhihu.com/people/zhouxiaochuan
http://www.zhihu.com/people/zhaojun4084
http://www.zhihu.com/people/wang-er-xiao-25
http://www.zhihu.com/people/xiao-long-chawu
http://www.zhihu.com/people/susus
http://www.zhihu.com/people/yaba
http://www.zhihu.com/people/shuo-ba-48
http://www.zhihu.com/people/e-dai-er
http://www.zhihu.com/people/livevol
http://www.zhihu.com/people/shawnbai
http://www.zhihu.com/people/song-jin-chang
http://www.zhihu.com/people/chenboss
http://www.zhihu.com/people/liu-si-jiang
http://www.zhihu.com/people/yujingye
http://www.zhihu.com/people/wfloveyou
http://www.zhihu.com/people/icong
http://www.zhihu.com/people/li-te-33
http://www.zhihu.com/people/wu-zhi-xiang-98
http://www.zhihu.com/people/omaha
http://www.zhihu.com/people/allossurus
http://www.zhihu.com/people/chercher
http://www.zhihu.com/people/gao-dei
http://www.zhihu.com/people/jtang
http://www.zhihu.com/people/shi-ye-qiao
http://www.zhihu.com/people/aguihwang
http://www.zhihu.com/people/dualtang
http://www.zhihu.com/people/weixinsam
http://www.zhihu.com/people/laiming
http://www.zhihu.com/people/wheam
http://www.zhihu.com/people/geng-shao
http://www.zhihu.com/people/brucecao
http://www.zhihu.com/people/kuaidaoqingyi
http://www.zhihu.com/people/xie-xiao-wei-63
http://www.zhihu.com/people/xule
http://www.zhihu.com/people/joybeh
http://www.zhihu.com/people/cheng-fang-hang
http://www.zhihu.com/people/jon-well
http://www.zhihu.com/people/Acmenyz
http://www.zhihu.com/people/vvdpzz
http://www.zhihu.com/people/yao-hao-dong
http://www.zhihu.com/people/dian-dian-32-8
http://www.zhihu.com/people/DaniloShan
http://www.zhihu.com/people/landcolin
http://www.zhihu.com/people/stephencheung
http://www.zhihu.com/people/liu-charlie
http://www.zhihu.com/people/lattelatte
http://www.zhihu.com/people/yan-ke-90
http://www.zhihu.com/people/lanjian
http://www.zhihu.com/people/cai-zhe-51
http://www.zhihu.com/people/zhang-xiao-bin-60
http://www.zhihu.com/people/jinrongbaguanv
http://www.zhihu.com/people/davidhe
http://www.zhihu.com/people/chncwang
http://www.zhihu.com/people/GTK
http://www.zhihu.com/people/josmond
http://www.zhihu.com/people/augustd
http://www.zhihu.com/people/wu-qiong-11-59
http://www.zhihu.com/people/noyy
http://www.zhihu.com/people/foo-xu
http://www.zhihu.com/people/li-can-12
http://www.zhihu.com/people/passenger
http://www.zhihu.com/people/jiao-xiao-fan
http://www.zhihu.com/people/huang-xiao-huang
http://www.zhihu.com/people/qinmingyuan
http://www.zhihu.com/people/huang-ke-wang
http://www.zhihu.com/people/oogoo
http://www.zhihu.com/people/zhang-peng-lin
http://www.zhihu.com/people/song-yi-54
http://www.zhihu.com/people/diecxters
http://www.zhihu.com/people/hinotan
http://www.zhihu.com/people/dusonglovewuqi
http://www.zhihu.com/people/yi-sen-8
http://www.zhihu.com/people/li-ao-32-17
http://www.zhihu.com/people/zjwfan
http://www.zhihu.com/people/huang-jiao-yang
http://www.zhihu.com/people/wangxizhi
http://www.zhihu.com/people/Kevinspider
http://www.zhihu.com/people/yuan-jia-hao-10
http://www.zhihu.com/people/cheng-chang
http://www.zhihu.com/people/zhou-xiao-jing-69
http://www.zhihu.com/people/lunmico
http://www.zhihu.com/people/hirophy
http://www.zhihu.com/people/li-mo-wen-13
http://www.zhihu.com/people/gong-li-xi
http://www.zhihu.com/people/sunyfan
http://www.zhihu.com/people/techoxygen
http://www.zhihu.com/people/xu-hao-tian-21
http://www.zhihu.com/people/MartinESC
http://www.zhihu.com/people/penlion
http://www.zhihu.com/people/zhu-bo-tao
http://www.zhihu.com/people/funkymonkey
http://www.zhihu.com/people/xiaolizhi
http://www.zhihu.com/people/chen-yi-chong
http://www.zhihu.com/people/wei-xin-bai
http://www.zhihu.com/people/liu-hailin
http://www.zhihu.com/people/liu-meng-dong
http://www.zhihu.com/people/GionCat
http://www.zhihu.com/people/sun-jie-83
http://www.zhihu.com/people/xu-chen-15
http://www.zhihu.com/people/zhou-li-qi-ricky
http://www.zhihu.com/people/li-chuang-46
http://www.zhihu.com/people/cabinw
http://www.zhihu.com/people/shi-zhi-qiang-65
http://www.zhihu.com/people/cong-cong-71-47
http://www.zhihu.com/people/shubiao
http://www.zhihu.com/people/zhitiao
http://www.zhihu.com/people/zhou-yue-64
http://www.zhihu.com/people/fengyongzhi
http://www.zhihu.com/people/gu-li-jia
http://www.zhihu.com/people/butcherv
http://www.zhihu.com/people/jenson13
http://www.zhihu.com/people/liao-anchor
http://www.zhihu.com/people/yang-yi-68
http://www.zhihu.com/people/li-tie-zhu
http://www.zhihu.com/people/wei-xiao-san
http://www.zhihu.com/people/alan07
http://www.zhihu.com/people/derekliu
http://www.zhihu.com/people/myersguo
http://www.zhihu.com/people/liuyiming
http://www.zhihu.com/people/fajia
http://www.zhihu.com/people/lvpihuoche
http://www.zhihu.com/people/yang-chao-30-88
http://www.zhihu.com/people/yutian
http://www.zhihu.com/people/tong-feng
http://www.zhihu.com/people/li-nuo-26
http://www.zhihu.com/people/dylan-53
http://www.zhihu.com/people/qtmisewrxf
http://www.zhihu.com/people/hu-jian-ming-13
http://www.zhihu.com/people/zhou-jia-peng-6
http://www.zhihu.com/people/djean
http://www.zhihu.com/people/goal2scool
http://www.zhihu.com/people/stephen-cheng
http://www.zhihu.com/people/dong-tian-le
http://www.zhihu.com/people/ShouSuanLe
http://www.zhihu.com/people/changeself
http://www.zhihu.com/people/Beitso
http://www.zhihu.com/people/shan-kui-zhang
http://www.zhihu.com/people/ma-li-fang
http://www.zhihu.com/people/dai-xiao-lan
http://www.zhihu.com/people/10250
http://www.zhihu.com/people/enqiangli
http://www.zhihu.com/people/xu-de-ming
http://www.zhihu.com/people/davis
http://www.zhihu.com/people/chin
http://www.zhihu.com/people/liu-hai-bo-99-41
http://www.zhihu.com/people/cokecoder
http://www.zhihu.com/people/plhwin
http://www.zhihu.com/people/cha-la-xiao-yu
http://www.zhihu.com/people/sunchangqing
http://www.zhihu.com/people/huang-xiao-gang-80
http://www.zhihu.com/people/gao-cong-68
http://www.zhihu.com/people/chenxc
http://www.zhihu.com/people/zhou-xiao-neng-56
http://www.zhihu.com/people/lining777
http://www.zhihu.com/people/liu-yang-18-26-66
http://www.zhihu.com/people/xu-sri
http://www.zhihu.com/people/warf
http://www.zhihu.com/people/zheng-zao-li
http://www.zhihu.com/people/michaely
http://www.zhihu.com/people/xiao-su-27
http://www.zhihu.com/people/fiona-chan
http://www.zhihu.com/people/zhang-fang-zhou-54
http://www.zhihu.com/people/jill-52
http://www.zhihu.com/people/wang-xin-wen-61
http://www.zhihu.com/people/liao-ze-hao-41
http://www.zhihu.com/people/noff
http://www.zhihu.com/people/huangdx
http://www.zhihu.com/people/zheng-yuan-shan
http://www.zhihu.com/people/coca-colour
http://www.zhihu.com/people/watsonhaw
http://www.zhihu.com/people/fuwocheng
http://www.zhihu.com/people/lihua
http://www.zhihu.com/people/zhao-dong-49
http://www.zhihu.com/people/ilook
http://www.zhihu.com/people/miaocheng
http://www.zhihu.com/people/yuzhuoran
http://www.zhihu.com/people/er-qi
http://www.zhihu.com/people/armo
http://www.zhihu.com/people/sagasw
http://www.zhihu.com/people/li-pei-45
http://www.zhihu.com/people/tian-qia
http://www.zhihu.com/people/lizheng-27
http://www.zhihu.com/people/flyforever
http://www.zhihu.com/people/yu-long-71-12
http://www.zhihu.com/people/cyanday
http://www.zhihu.com/people/zhou-ze-ping
http://www.zhihu.com/people/huo-teng
http://www.zhihu.com/people/mou-wei-56
http://www.zhihu.com/people/fanxiaojie
http://www.zhihu.com/people/xinghan
http://www.zhihu.com/people/allenzhangkai
http://www.zhihu.com/people/xu-yin-zhou
http://www.zhihu.com/people/xiongharry
http://www.zhihu.com/people/anliu2014
http://www.zhihu.com/people/monica-liu
http://www.zhihu.com/people/dawaiwai
http://www.zhihu.com/people/ripley
http://www.zhihu.com/people/hou-fang-bin
http://www.zhihu.com/people/huangrong
http://www.zhihu.com/people/neopop
http://www.zhihu.com/people/zhuchongyang
http://www.zhihu.com/people/thea
http://www.zhihu.com/people/wjbf
http://www.zhihu.com/people/xiaochao
http://www.zhihu.com/people/wangheyun
http://www.zhihu.com/people/duan-feng-ting
http://www.zhihu.com/people/lihaoqiang
http://www.zhihu.com/people/jiang-xue-qian
http://www.zhihu.com/people/junjunxiao
http://www.zhihu.com/people/yutingzhao
http://www.zhihu.com/people/nanqiaoyiye
http://www.zhihu.com/people/xin-bi-1321
http://www.zhihu.com/people/fangwenyang
http://www.zhihu.com/people/dawnray
http://www.zhihu.com/people/brianlai
http://www.zhihu.com/people/yang-xiao-xiao-64
http://www.zhihu.com/people/kay.x
http://www.zhihu.com/people/xiao-jian-ren-71
http://www.zhihu.com/people/zhang-hao-22
http://www.zhihu.com/people/PeterDeng
http://www.zhihu.com/people/hu-xiang-78
http://www.zhihu.com/people/gao-long-long
http://www.zhihu.com/people/narrator
http://www.zhihu.com/people/meng-shui-yi-mou
http://www.zhihu.com/people/huang-te-jin
http://www.zhihu.com/people/liuxiaotong
http://www.zhihu.com/people/johannes
http://www.zhihu.com/people/lgmedia
http://www.zhihu.com/people/nilson
http://www.zhihu.com/people/teng-jing
http://www.zhihu.com/people/shi-jia-qi-72
http://www.zhihu.com/people/iyan
http://www.zhihu.com/people/guishou
http://www.zhihu.com/people/zhaohaijun
http://www.zhihu.com/people/whoisjesus
http://www.zhihu.com/people/jin-hui-76
http://www.zhihu.com/people/shaozhengmao
http://www.zhihu.com/people/wei-tao-4
http://www.zhihu.com/people/lucker
http://www.zhihu.com/people/sugarray34
http://www.zhihu.com/people/skiff
http://www.zhihu.com/people/tk321123
http://www.zhihu.com/people/xibie
http://www.zhihu.com/people/zou-dao-kou
http://www.zhihu.com/people/gaohanyu
http://www.zhihu.com/people/GilgameshK
http://www.zhihu.com/people/bbkinlin
http://www.zhihu.com/people/huang-yi-tian
http://www.zhihu.com/people/daizige
http://www.zhihu.com/people/rickyxl
http://www.zhihu.com/people/yijiao06
http://www.zhihu.com/people/hongzq
http://www.zhihu.com/people/ray80s
http://www.zhihu.com/people/beingeggache
http://www.zhihu.com/people/gaosong
http://www.zhihu.com/people/huanghuihui1991
http://www.zhihu.com/people/huangliyi
http://www.zhihu.com/people/longway
http://www.zhihu.com/people/mao-di
http://www.zhihu.com/people/chentianle
http://www.zhihu.com/people/doris-53-22
http://www.zhihu.com/people/xie-wei-89
http://www.zhihu.com/people/wang-si-qi-51
http://www.zhihu.com/people/caokun
http://www.zhihu.com/people/zvicky
http://www.zhihu.com/people/simon-64-15
http://www.zhihu.com/people/somethingthat
http://www.zhihu.com/people/peter-85
http://www.zhihu.com/people/coze
http://www.zhihu.com/people/gao-xing-93
http://www.zhihu.com/people/huma
http://www.zhihu.com/people/ch0ngl0u
http://www.zhihu.com/people/wang-bi-zhuo
http://www.zhihu.com/people/zhong-dong-hong
http://www.zhihu.com/people/jazzark
http://www.zhihu.com/people/li-li-gang
http://www.zhihu.com/people/li-qian317
http://www.zhihu.com/people/miloqian
http://www.zhihu.com/people/feng-qing-yang-87
http://www.zhihu.com/people/BillyHe
http://www.zhihu.com/people/wang-qiong-13
http://www.zhihu.com/people/MobileMe
http://www.zhihu.com/people/alexchan
http://www.zhihu.com/people/herak
http://www.zhihu.com/people/ofzihan
http://www.zhihu.com/people/gao-yin-pan
http://www.zhihu.com/people/marsxiang
http://www.zhihu.com/people/zhang-ze-43
http://www.zhihu.com/people/casement-lee
http://www.zhihu.com/people/larsu
http://www.zhihu.com/people/gui-dou
http://www.zhihu.com/people/dizzarz
http://www.zhihu.com/people/ledlaohuo
http://www.zhihu.com/people/li-li-fei
http://www.zhihu.com/people/wang-lei-52
http://www.zhihu.com/people/yinbaodian
http://www.zhihu.com/people/kunpeng
http://www.zhihu.com/people/lin-yu-jing
http://www.zhihu.com/people/jin-cheng-liang
http://www.zhihu.com/people/zhang-hui-kun
http://www.zhihu.com/people/venh
http://www.zhihu.com/people/taitaigao
http://www.zhihu.com/people/zhang-yang-60-19
http://www.zhihu.com/people/Mr.guo
http://www.zhihu.com/people/wang-ji-85
http://www.zhihu.com/people/yxshawn
http://www.zhihu.com/people/jacobevermore
http://www.zhihu.com/people/luo-ji-23
http://www.zhihu.com/people/zhu-jun-47
http://www.zhihu.com/people/li-hua-ting
http://www.zhihu.com/people/yan-bao-hui
http://www.zhihu.com/people/zhang-yi-yuan-37
http://www.zhihu.com/people/liu-yan-9-39
http://www.zhihu.com/people/pussir
http://www.zhihu.com/people/vivixb
http://www.zhihu.com/people/huangjie919
http://www.zhihu.com/people/you-zhi-qiang
http://www.zhihu.com/people/chen-si-ying-24
http://www.zhihu.com/people/chen-zhuo-17
http://www.zhihu.com/people/leilei-59
http://www.zhihu.com/people/holybreeze
http://www.zhihu.com/people/zheng-wei-8
http://www.zhihu.com/people/zhang-chuan-yao
http://www.zhihu.com/people/long-yuan-56
http://www.zhihu.com/people/tang-lin-89
http://www.zhihu.com/people/sereneyzy
http://www.zhihu.com/people/jiang-zheng-jun
http://www.zhihu.com/people/cyifei
http://www.zhihu.com/people/growingyears
http://www.zhihu.com/people/lingers
http://www.zhihu.com/people/wow808
http://www.zhihu.com/people/atolin
http://www.zhihu.com/people/yumeka
http://www.zhihu.com/people/ce-zhen-ren
http://www.zhihu.com/people/lisongke
http://www.zhihu.com/people/liu-xiao-hua-86
http://www.zhihu.com/people/lin-bo-84
http://www.zhihu.com/people/zheng-da-qian-96
http://www.zhihu.com/people/SailYang
http://www.zhihu.com/people/miao-zhong-yu
http://www.zhihu.com/people/ding-you-qian
http://www.zhihu.com/people/simon-67-67
http://www.zhihu.com/people/wlk-81
http://www.zhihu.com/people/zhoujunao
http://www.zhihu.com/people/zhao-zhen-wei-47
http://www.zhihu.com/people/he-lei-code
http://www.zhihu.com/people/shi-zhen-xiang
http://www.zhihu.com/people/zhaoxiaojun
http://www.zhihu.com/people/liuzhou
http://www.zhihu.com/people/xiao-yi-72
http://www.zhihu.com/people/lynnchang
http://www.zhihu.com/people/yish
http://www.zhihu.com/people/c4pr1c3
http://www.zhihu.com/people/niao-niao-54
http://www.zhihu.com/people/dongfangzhi
http://www.zhihu.com/people/linktalk
http://www.zhihu.com/people/linyifeng0616
http://www.zhihu.com/people/ding-guo-feng
http://www.zhihu.com/people/song-li-58
http://www.zhihu.com/people/wumingls
http://www.zhihu.com/people/leaneryi
http://www.zhihu.com/people/menbao
http://www.zhihu.com/people/wang-yi-ke-7
http://www.zhihu.com/people/xianlei
http://www.zhihu.com/people/katiie
http://www.zhihu.com/people/fan-shao-rui
http://www.zhihu.com/people/wen-yi-10
http://www.zhihu.com/people/essaye
http://www.zhihu.com/people/wangshuo
http://www.zhihu.com/people/coolxing
http://www.zhihu.com/people/xie-jia-di-29
http://www.zhihu.com/people/bakey
http://www.zhihu.com/people/liberty
http://www.zhihu.com/people/ocde
http://www.zhihu.com/people/applenate
http://www.zhihu.com/people/alohaschen
http://www.zhihu.com/people/eric-lee-18-7
http://www.zhihu.com/people/mondaylaugh
http://www.zhihu.com/people/han-yan-hui
http://www.zhihu.com/people/wang-lu-317
http://www.zhihu.com/people/damon-94
http://www.zhihu.com/people/zhuo-you
http://www.zhihu.com/people/youlingcn
http://www.zhihu.com/people/cynthiamoonlight
http://www.zhihu.com/people/silversliver
http://www.zhihu.com/people/phos
http://www.zhihu.com/people/zheng-ji
http://www.zhihu.com/people/gong-jun
http://www.zhihu.com/people/li-ye-61
http://www.zhihu.com/people/hong-zi-19
http://www.zhihu.com/people/tian-tian-23
http://www.zhihu.com/people/zckevin
http://www.zhihu.com/people/cnbruce
http://www.zhihu.com/people/zhou-peng-25
http://www.zhihu.com/people/flyouting
http://www.zhihu.com/people/neochen
http://www.zhihu.com/people/akirachang
http://www.zhihu.com/people/hardball
http://www.zhihu.com/people/suuyang
http://www.zhihu.com/people/xu-yu-xiang-74
http://www.zhihu.com/people/danielwu89
http://www.zhihu.com/people/sun-hai-hua
http://www.zhihu.com/people/wang-jin-bo-87
http://www.zhihu.com/people/chouthen
http://www.zhihu.com/people/alley-13
http://www.zhihu.com/people/zhou-peng
http://www.zhihu.com/people/ban-ji-35
http://www.zhihu.com/people/ethan-wang
http://www.zhihu.com/people/xu-zhao-jun
http://www.zhihu.com/people/hackwriter
http://www.zhihu.com/people/tian-rong-rong
http://www.zhihu.com/people/li-xiao-teng-81
http://www.zhihu.com/people/taylor-95
http://www.zhihu.com/people/charz
http://www.zhihu.com/people/zhang-xiao-qiang
http://www.zhihu.com/people/mo-mo-44
http://www.zhihu.com/people/xie-zhi-zhi-60
http://www.zhihu.com/people/wang-min-jun
http://www.zhihu.com/people/gu-xie-ting
http://www.zhihu.com/people/lin-zhe-96
http://www.zhihu.com/people/li-ya-hui
http://www.zhihu.com/people/lou2chen
http://www.zhihu.com/people/orangejane
http://www.zhihu.com/people/bbmm007
http://www.zhihu.com/people/xu-ya-qing
http://www.zhihu.com/people/tao-wen
http://www.zhihu.com/people/liu-an-wei
http://www.zhihu.com/people/zhang-xiao-65
http://www.zhihu.com/people/cuniao
http://www.zhihu.com/people/zhouts-chen
http://www.zhihu.com/people/xia-feng-43
http://www.zhihu.com/people/ArvinLiu
http://www.zhihu.com/people/xia-mei-qing
http://www.zhihu.com/people/wang-yu-kun
http://www.zhihu.com/people/zhuang-yuan-88
http://www.zhihu.com/people/yang-yong-chang
http://www.zhihu.com/people/luo-cao
http://www.zhihu.com/people/lfzeng
http://www.zhihu.com/people/chen-liang-45
http://www.zhihu.com/people/tigersu
http://www.zhihu.com/people/hong-jie-hong
http://www.zhihu.com/people/zkz7
http://www.zhihu.com/people/feng-zhi-ping
http://www.zhihu.com/people/lichengyu
http://www.zhihu.com/people/xie-hai-ping
http://www.zhihu.com/people/blankyao
http://www.zhihu.com/people/li-ye-27-65
http://www.zhihu.com/people/wang-qing-xiang
http://www.zhihu.com/people/jiang-yu-zheng-49
http://www.zhihu.com/people/mark919
http://www.zhihu.com/people/rancan
http://www.zhihu.com/people/chen-xiao-xi-71
http://www.zhihu.com/people/zong-zong
http://www.zhihu.com/people/airspuer
http://www.zhihu.com/people/yangjiansky
http://www.zhihu.com/people/yshone
http://www.zhihu.com/people/iGuang
http://www.zhihu.com/people/wang-zi-tong
http://www.zhihu.com/people/wuxiaowlx
http://www.zhihu.com/people/shi-rui-49
http://www.zhihu.com/people/qiao-ba-rui
http://www.zhihu.com/people/guo-lei-21
http://www.zhihu.com/people/nong-xiao-juan
http://www.zhihu.com/people/chen-shuai-hua
http://www.zhihu.com/people/zhu-yan-ming-51
http://www.zhihu.com/people/jin-cheng-tan
http://www.zhihu.com/people/liu-yan-ya
http://www.zhihu.com/people/xuzewei
http://www.zhihu.com/people/zhang-meng-meng-0927
http://www.zhihu.com/people/anzai3
http://www.zhihu.com/people/chengyuan
http://www.zhihu.com/people/myxydx
http://www.zhihu.com/people/windhk
http://www.zhihu.com/people/shishui
http://www.zhihu.com/people/lixinxyz
http://www.zhihu.com/people/changbinli
http://www.zhihu.com/people/cai-shu-hua
http://www.zhihu.com/people/tian-peng-23-46
http://www.zhihu.com/people/tian
http://www.zhihu.com/people/zheng-li-51
http://www.zhihu.com/people/liu-feng-18
http://www.zhihu.com/people/chen-wen-lan
http://www.zhihu.com/people/icylee
http://www.zhihu.com/people/wu-rui-81
http://www.zhihu.com/people/peng-lei-demon
http://www.zhihu.com/people/lin-yin-85
http://www.zhihu.com/people/zhangxing
http://www.zhihu.com/people/wanqi
http://www.zhihu.com/people/web-hu
http://www.zhihu.com/people/ma-xiao-tian-49
http://www.zhihu.com/people/guozeqian
http://www.zhihu.com/people/yu-xiao-bu
http://www.zhihu.com/people/zhang-quan-zhen
http://www.zhihu.com/people/bo-cai-28-7
http://www.zhihu.com/people/liu-zhi-43
http://www.zhihu.com/people/kong-wei-zhong
http://www.zhihu.com/people/chsqi
http://www.zhihu.com/people/luolei
http://www.zhihu.com/people/wei-tao
http://www.zhihu.com/people/jiang-jian-2
http://www.zhihu.com/people/nie-ying-26
http://www.zhihu.com/people/zhangdashe
http://www.zhihu.com/people/Agnesa
http://www.zhihu.com/people/shawnan
http://www.zhihu.com/people/windan0901
http://www.zhihu.com/people/11123
http://www.zhihu.com/people/fsfree
http://www.zhihu.com/people/lai-te
http://www.zhihu.com/people/xi-yu-man-di
http://www.zhihu.com/people/lobo-73
http://www.zhihu.com/people/yu-san-geng
http://www.zhihu.com/people/guo-dan-dan-7
http://www.zhihu.com/people/victorChou
http://www.zhihu.com/people/zhaigege
http://www.zhihu.com/people/patrickluo
http://www.zhihu.com/people/shzhuge
http://www.zhihu.com/people/zheng-yi-ling
http://www.zhihu.com/people/waiwai
http://www.zhihu.com/people/li-qiang-61
http://www.zhihu.com/people/heayon
http://www.zhihu.com/people/xiao-xiao-80
http://www.zhihu.com/people/xukun
http://www.zhihu.com/people/ren-wei-91
http://www.zhihu.com/people/jason2be
http://www.zhihu.com/people/zhangxvliang
http://www.zhihu.com/people/li-xin-yu-25
http://www.zhihu.com/people/welco
http://www.zhihu.com/people/li-rui-74
http://www.zhihu.com/people/xiao-nuo-79
http://www.zhihu.com/people/yang-bobo
http://www.zhihu.com/people/fanguofeng
http://www.zhihu.com/people/zou-zi-wen
http://www.zhihu.com/people/ge-wen-yuan
http://www.zhihu.com/people/henter
http://www.zhihu.com/people/garny
http://www.zhihu.com/people/penpenwang
http://www.zhihu.com/people/xiang-xiang
http://www.zhihu.com/people/mayghost
http://www.zhihu.com/people/chen-yang-zhu
http://www.zhihu.com/people/laibinqiang
http://www.zhihu.com/people/callmedani
http://www.zhihu.com/people/cao-cong-73
http://www.zhihu.com/people/ban-bei-zi
http://www.zhihu.com/people/asplin
http://www.zhihu.com/people/hugleecool
http://www.zhihu.com/people/guo-tao-26
http://www.zhihu.com/people/julystory
http://www.zhihu.com/people/joshua-96
http://www.zhihu.com/people/whoami4444-13-24
http://www.zhihu.com/people/hai-yang
http://www.zhihu.com/people/salleeshi
http://www.zhihu.com/people/magicying
http://www.zhihu.com/people/xuanjianfeng
http://www.zhihu.com/people/cniefrcn
http://www.zhihu.com/people/maidou
http://www.zhihu.com/people/fanrong
http://www.zhihu.com/people/jianhua
http://www.zhihu.com/people/yuquan
http://www.zhihu.com/people/a-hun
http://www.zhihu.com/people/ji-jin-jing
http://www.zhihu.com/people/sherrik
http://www.zhihu.com/people/singhwa
http://www.zhihu.com/people/huang-zheng-guan
http://www.zhihu.com/people/zhang-hua-shan
http://www.zhihu.com/people/weng-huo
http://www.zhihu.com/people/wang-hao-1-11
http://www.zhihu.com/people/bucterzpy
http://www.zhihu.com/people/wang-fei-37-32
http://www.zhihu.com/people/freedom_sui
http://www.zhihu.com/people/xu-peng-71-33
http://www.zhihu.com/people/chen-zheng-long-v
http://www.zhihu.com/people/wu-yi-53
http://www.zhihu.com/people/zschokke
http://www.zhihu.com/people/ivane
http://www.zhihu.com/people/onlyyou
http://www.zhihu.com/people/xiaoming
http://www.zhihu.com/people/zhenby
http://www.zhihu.com/people/zhang-lei-11
http://www.zhihu.com/people/yediot
http://www.zhihu.com/people/wang-zong-jue
http://www.zhihu.com/people/bonihe
http://www.zhihu.com/people/lian-chun
http://www.zhihu.com/people/cambridge
http://www.zhihu.com/people/1005gel
http://www.zhihu.com/people/leoluo
http://www.zhihu.com/people/loafer
http://www.zhihu.com/people/yuan-xin-ya
http://www.zhihu.com/people/kuvick
http://www.zhihu.com/people/imzxd
http://www.zhihu.com/people/zhutou
http://www.zhihu.com/people/yin-hao
http://www.zhihu.com/people/skillet
http://www.zhihu.com/people/Genkic
http://www.zhihu.com/people/meng-fei-76
http://www.zhihu.com/people/zhangsimon
http://www.zhihu.com/people/i-first
http://www.zhihu.com/people/jing-xiao-ze
http://www.zhihu.com/people/qi-ying
http://www.zhihu.com/people/xjpp
http://www.zhihu.com/people/helloyonghui
http://www.zhihu.com/people/fooling
http://www.zhihu.com/people/alonzotang
http://www.zhihu.com/people/xinminger
http://www.zhihu.com/people/mvj3
http://www.zhihu.com/people/huang-yi-xuan
http://www.zhihu.com/people/abchello
http://www.zhihu.com/people/duyib
http://www.zhihu.com/people/huang-liang-yi-69
http://www.zhihu.com/people/liu-jun-98
http://www.zhihu.com/people/xiao-xie-zi-48
http://www.zhihu.com/people/dianX
http://www.zhihu.com/people/wmichelle
http://www.zhihu.com/people/cuifuming
http://www.zhihu.com/people/qin-gen
http://www.zhihu.com/people/xuzhuozhen
http://www.zhihu.com/people/positive52energy
http://www.zhihu.com/people/ding-ke-95-13
http://www.zhihu.com/people/cuiliang
http://www.zhihu.com/people/jiang-wen-zhen
http://www.zhihu.com/people/huangfuyingjian
http://www.zhihu.com/people/sepra
http://www.zhihu.com/people/li-qi-55
http://www.zhihu.com/people/jazziris
http://www.zhihu.com/people/charmgene
http://www.zhihu.com/people/dai-hou-shuang
http://www.zhihu.com/people/seasonqu
http://www.zhihu.com/people/linz
http://www.zhihu.com/people/mao-wei-68
http://www.zhihu.com/people/kokoar
http://www.zhihu.com/people/fu-jia-qi
http://www.zhihu.com/people/jiang-nan-77
http://www.zhihu.com/people/zengfanqin
http://www.zhihu.com/people/filod
http://www.zhihu.com/people/charles-liu-50
http://www.zhihu.com/people/hu-zhen-sheng
http://www.zhihu.com/people/kidding
http://www.zhihu.com/people/lumin
http://www.zhihu.com/people/inchan
http://www.zhihu.com/people/wu-ke-ke
http://www.zhihu.com/people/he-guan-qiao
http://www.zhihu.com/people/songjun
http://www.zhihu.com/people/shaoshouwen
http://www.zhihu.com/people/yueyao
http://www.zhihu.com/people/cazhang
http://www.zhihu.com/people/jandk2009
http://www.zhihu.com/people/bai-song-85
http://www.zhihu.com/people/a-du
http://www.zhihu.com/people/song-xing-mao
http://www.zhihu.com/people/mrlinan
http://www.zhihu.com/people/Sam_Su
http://www.zhihu.com/people/heis
http://www.zhihu.com/people/zhou-yu
http://www.zhihu.com/people/wangfang010
http://www.zhihu.com/people/mujingyi
http://www.zhihu.com/people/yujun
http://www.zhihu.com/people/shui-di-76
http://www.zhihu.com/people/zhengjunyue
http://www.zhihu.com/people/wu-wei-96-47
http://www.zhihu.com/people/addren
http://www.zhihu.com/people/cathyxie
http://www.zhihu.com/people/chi-xiao-mei
http://www.zhihu.com/people/river404
http://www.zhihu.com/people/wang-ran
http://www.zhihu.com/people/lotusyuen1921
http://www.zhihu.com/people/workjie
http://www.zhihu.com/people/ding-yi-46
http://www.zhihu.com/people/ling-xiao-27
http://www.zhihu.com/people/ruizi613
http://www.zhihu.com/people/wang-jun-jun
http://www.zhihu.com/people/BrotherDragon
http://www.zhihu.com/people/xu-zi-chao
http://www.zhihu.com/people/liudongdong
http://www.zhihu.com/people/yi-teng
http://www.zhihu.com/people/liu-xiu-dong
http://www.zhihu.com/people/jerry8989
http://www.zhihu.com/people/li-liang-55
http://www.zhihu.com/people/wuwenwen
http://www.zhihu.com/people/yi-xiao-65
http://www.zhihu.com/people/happyface
http://www.zhihu.com/people/amuwang
http://www.zhihu.com/people/puzhi
http://www.zhihu.com/people/maitian
http://www.zhihu.com/people/zengmin
http://www.zhihu.com/people/tian-bao-wen
http://www.zhihu.com/people/zhan-tian-43
http://www.zhihu.com/people/zhu-xiao-yan-72
http://www.zhihu.com/people/quan
http://www.zhihu.com/people/shuai-ding-xin-real
http://www.zhihu.com/people/san-bao
http://www.zhihu.com/people/quzhan
http://www.zhihu.com/people/leewei
http://www.zhihu.com/people/nihaozzb
http://www.zhihu.com/people/henryhuang
http://www.zhihu.com/people/dewsong
http://www.zhihu.com/people/tuzebin
http://www.zhihu.com/people/huangxiuchuan
http://www.zhihu.com/people/ningba
http://www.zhihu.com/people/mo-xiao-jing-53
http://www.zhihu.com/people/sprite
http://www.zhihu.com/people/caoheyan
http://www.zhihu.com/people/yjpts
http://www.zhihu.com/people/cumt
http://www.zhihu.com/people/6364
http://www.zhihu.com/people/li-fan-mei
http://www.zhihu.com/people/gao-yuan-yuan
http://www.zhihu.com/people/zhang-cheng-yang
http://www.zhihu.com/people/eddiewithyou
http://www.zhihu.com/people/liu-cheng-yin-50
http://www.zhihu.com/people/nicholas_y
http://www.zhihu.com/people/softsword
http://www.zhihu.com/people/chenghan
http://www.zhihu.com/people/peterpeng-64
http://www.zhihu.com/people/liu-xiao-xue
http://www.zhihu.com/people/chen-jia-sheng
http://www.zhihu.com/people/hweeken
http://www.zhihu.com/people/da-bo-luo
http://www.zhihu.com/people/yhben
http://www.zhihu.com/people/bornre
http://www.zhihu.com/people/bxjboy
http://www.zhihu.com/people/jackyvip
http://www.zhihu.com/people/luobiying
http://www.zhihu.com/people/kongxin
http://www.zhihu.com/people/qi-lan-shan-yu-4
http://www.zhihu.com/people/li-da
http://www.zhihu.com/people/dday
http://www.zhihu.com/people/dingchen
http://www.zhihu.com/people/netsos
http://www.zhihu.com/people/huangdawei
http://www.zhihu.com/people/aling-chou
http://www.zhihu.com/people/dalaoshu
http://www.zhihu.com/people/bzhao
http://www.zhihu.com/people/yao-xing-guang
http://www.zhihu.com/people/kennyshuai
http://www.zhihu.com/people/ycflame
http://www.zhihu.com/people/loulijun
http://www.zhihu.com/people/quwei
http://www.zhihu.com/people/vincent-28
http://www.zhihu.com/people/ashnotes
http://www.zhihu.com/people/yang-shen-rui
http://www.zhihu.com/people/lipq
http://www.zhihu.com/people/lxk90
http://www.zhihu.com/people/anshen
http://www.zhihu.com/people/chen-jian-57
http://www.zhihu.com/people/webanalytics
http://www.zhihu.com/people/gao-yang-bo
http://www.zhihu.com/people/wangpengyu
http://www.zhihu.com/people/Zhang_Jian
http://www.zhihu.com/people/wan-qing-hui
http://www.zhihu.com/people/yuhao-85
http://www.zhihu.com/people/kekxili
http://www.zhihu.com/people/huangchi
http://www.zhihu.com/people/rare
http://www.zhihu.com/people/richard_lee
http://www.zhihu.com/people/jerryzy
http://www.zhihu.com/people/sniper53
http://www.zhihu.com/people/noexception
http://www.zhihu.com/people/hotspring
http://www.zhihu.com/people/huozb
http://www.zhihu.com/people/zhuang-peng
http://www.zhihu.com/people/suchangmao
http://www.zhihu.com/people/di-xin-tao
http://www.zhihu.com/people/oooz
http://www.zhihu.com/people/vanemu
http://www.zhihu.com/people/yangshuai
http://www.zhihu.com/people/jwfing
http://www.zhihu.com/people/wu-da
http://www.zhihu.com/people/langqixu
http://www.zhihu.com/people/xiangxiang
http://www.zhihu.com/people/rinco
http://www.zhihu.com/people/riverwq
http://www.zhihu.com/people/jiuye
http://www.zhihu.com/people/foku
http://www.zhihu.com/people/ou-yang-jian-chao-1
http://www.zhihu.com/people/xiang-huan-zhong
http://www.zhihu.com/people/xu-zhe-heng
http://www.zhihu.com/people/yan-shi-51
http://www.zhihu.com/people/ni-zhi-yong
http://www.zhihu.com/people/zhang-fu
http://www.zhihu.com/people/zhao-hua-99
http://www.zhihu.com/people/dai-qi
http://www.zhihu.com/people/livid
http://www.zhihu.com/people/zhang-zhan-tu
http://www.zhihu.com/people/ThinkHead
http://www.zhihu.com/people/li-hai-liang
http://www.zhihu.com/people/-2-78
http://www.zhihu.com/people/sandychiu
http://www.zhihu.com/people/sansi
http://www.zhihu.com/people/qingwan
http://www.zhihu.com/people/zhang-xiao-60-51
http://www.zhihu.com/people/hanboying
http://www.zhihu.com/people/xiaozha
http://www.zhihu.com/people/wavepencil
http://www.zhihu.com/people/SOCO.SO
http://www.zhihu.com/people/guocz
http://www.zhihu.com/people/liang-peng-cheng-70
http://www.zhihu.com/people/monday
http://www.zhihu.com/people/yukito
http://www.zhihu.com/people/long-bing-hua
http://www.zhihu.com/people/guchen
http://www.zhihu.com/people/bu-wei-27
http://www.zhihu.com/people/cao-yue
http://www.zhihu.com/people/Meaning
http://www.zhihu.com/people/cranks
http://www.zhihu.com/people/imusiq
http://www.zhihu.com/people/zhao-qi
http://www.zhihu.com/people/jinwyp
http://www.zhihu.com/people/yangl
http://www.zhihu.com/people/hz251
http://www.zhihu.com/people/jaxical
http://www.zhihu.com/people/qian-shi-kuai
http://www.zhihu.com/people/xiao-ming-58
http://www.zhihu.com/people/ji-qiang-22
http://www.zhihu.com/people/wan-yi-17-33
http://www.zhihu.com/people/scv119
http://www.zhihu.com/people/agentzero
http://www.zhihu.com/people/DannyWangX
http://www.zhihu.com/people/jiangzhongbo
http://www.zhihu.com/people/gz3094
http://www.zhihu.com/people/dummypx.com
http://www.zhihu.com/people/qing-meng-14
http://www.zhihu.com/people/hudongyang
http://www.zhihu.com/people/robmao
http://www.zhihu.com/people/niuxdale
http://www.zhihu.com/people/uitony
http://www.zhihu.com/people/tulongxia
http://www.zhihu.com/people/zhuixinjian
http://www.zhihu.com/people/robaggio
http://www.zhihu.com/people/zylew
http://www.zhihu.com/people/wangjia
http://www.zhihu.com/people/gnap
http://www.zhihu.com/people/xuzhe1224
http://www.zhihu.com/people/ronthree
http://www.zhihu.com/people/cheng-zeng-cun
http://www.zhihu.com/people/yan-dong
http://www.zhihu.com/people/qie-ge
http://www.zhihu.com/people/dang-dang-74
http://www.zhihu.com/people/beichen
http://www.zhihu.com/people/huang-chen-15
http://www.zhihu.com/people/bloodyxu
http://www.zhihu.com/people/advertisements
http://www.zhihu.com/people/nsep9527
http://www.zhihu.com/people/meng-wei-dong
http://www.zhihu.com/people/lin-han-10
http://www.zhihu.com/people/caoxiongfeng
http://www.zhihu.com/people/zhao-shu-yan
http://www.zhihu.com/people/gracechen
http://www.zhihu.com/people/suxx
http://www.zhihu.com/people/xidea
http://www.zhihu.com/people/aiiluo
http://www.zhihu.com/people/guoyihe
http://www.zhihu.com/people/gregchen
http://www.zhihu.com/people/austin
http://www.zhihu.com/people/craylin
http://www.zhihu.com/people/perryhau
http://www.zhihu.com/people/www.tripshare.cc
http://www.zhihu.com/people/snailgj
http://www.zhihu.com/people/timwong
http://www.zhihu.com/people/chenzhenbo
http://www.zhihu.com/people/li-chun-xiao-53
http://www.zhihu.com/people/yansisi
http://www.zhihu.com/people/0001
http://www.zhihu.com/people/xiaoo
http://www.zhihu.com/people/hu-you-ming
http://www.zhihu.com/people/hmfox
http://www.zhihu.com/people/zhoulei123
http://www.zhihu.com/people/me0mj
http://www.zhihu.com/people/www.malafang.com
http://www.zhihu.com/people/wwanna
http://www.zhihu.com/people/ding-lei-12
http://www.zhihu.com/people/tian-jun-55
http://www.zhihu.com/people/keepmovingzxw
http://www.zhihu.com/people/du-mian-19
http://www.zhihu.com/people/ckbus
http://www.zhihu.com/people/johntai
http://www.zhihu.com/people/yinjc
http://www.zhihu.com/people/libertrand
http://www.zhihu.com/people/xi-han
http://www.zhihu.com/people/jasonl
http://www.zhihu.com/people/studiobump
http://www.zhihu.com/people/cai-cai-27
http://www.zhihu.com/people/chi-xin-li
http://www.zhihu.com/people/whoyang
http://www.zhihu.com/people/Jerk
http://www.zhihu.com/people/qiu-hang-60
http://www.zhihu.com/people/peixiaolei
http://www.zhihu.com/people/chen-zhang
http://www.zhihu.com/people/zhuangke
http://www.zhihu.com/people/BygatesGu
http://www.zhihu.com/people/zhanghe
http://www.zhihu.com/people/akuan
http://www.zhihu.com/people/torres
http://www.zhihu.com/people/zhui-meng-nan-er
http://www.zhihu.com/people/lithium
http://www.zhihu.com/people/rakka
http://www.zhihu.com/people/ge-fei
http://www.zhihu.com/people/houniao
http://www.zhihu.com/people/lihongtao
http://www.zhihu.com/people/yu-ming-gu-wen-chen-tao
http://www.zhihu.com/people/neozhang
http://www.zhihu.com/people/manyi
http://www.zhihu.com/people/wei-zhi-cheng
http://www.zhihu.com/people/ecmoment
http://www.zhihu.com/people/zhujiyu
http://www.zhihu.com/people/myjoyking
http://www.zhihu.com/people/tigerinme
http://www.zhihu.com/people/doms
http://www.zhihu.com/people/hu-jing-jing-55
http://www.zhihu.com/people/fatuan
http://www.zhihu.com/people/harbuzi
http://www.zhihu.com/people/chen-pao-mian
http://www.zhihu.com/people/alchain
http://www.zhihu.com/people/shek
http://www.zhihu.com/people/nicolzp
http://www.zhihu.com/people/zheng-xiao-hao-52
http://www.zhihu.com/people/billhan
http://www.zhihu.com/people/lariver
http://www.zhihu.com/people/superwyh
http://www.zhihu.com/people/ytzong
http://www.zhihu.com/people/ou-yang-dan
http://www.zhihu.com/people/tangjingxin
http://www.zhihu.com/people/chenshuo
http://www.zhihu.com/people/ruidge
http://www.zhihu.com/people/luowen
http://www.zhihu.com/people/chang-peng-fei
http://www.zhihu.com/people/smartk
http://www.zhihu.com/people/kikoyang
http://www.zhihu.com/people/junwei
http://www.zhihu.com/people/houjun0129
http://www.zhihu.com/people/CCAV1
http://www.zhihu.com/people/thexihexi0
http://www.zhihu.com/people/wangyunfei
http://www.zhihu.com/people/xliberty
http://www.zhihu.com/people/guxizhao
http://www.zhihu.com/people/inaugust
http://www.zhihu.com/people/da-tou-56
http://www.zhihu.com/people/yuyong
http://www.zhihu.com/people/boatcloud
http://www.zhihu.com/people/yanfool
http://www.zhihu.com/people/dyno
http://www.zhihu.com/people/qingxia
http://www.zhihu.com/people/idongnou
http://www.zhihu.com/people/lizhecome
http://www.zhihu.com/people/amysmiles
http://www.zhihu.com/people/Goldstein
http://www.zhihu.com/people/ranran
http://www.zhihu.com/people/yang-yang-2
http://www.zhihu.com/people/tanchenhui
http://www.zhihu.com/people/haiger-25
http://www.zhihu.com/people/allanli
http://www.zhihu.com/people/lai-shu-jian
http://www.zhihu.com/people/enson99
http://www.zhihu.com/people/botong_xu
http://www.zhihu.com/people/gerrardyang
http://www.zhihu.com/people/lu-xian-ning
http://www.zhihu.com/people/hu-wei-wei
http://www.zhihu.com/people/hillerliao
http://www.zhihu.com/people/keppei
http://www.zhihu.com/people/huang-hai-62
http://www.zhihu.com/people/ji-xiao-le
http://www.zhihu.com/people/zhu-lei-89
http://www.zhihu.com/people/zhouyuan
http://www.zhihu.com/people/du-yu
http://www.zhihu.com/people/easthero
http://www.zhihu.com/people/fangyi2046
http://www.zhihu.com/people/guo-qing-tao
http://www.zhihu.com/people/chenruihong
http://www.zhihu.com/people/chamheg
http://www.zhihu.com/people/bulewater
http://www.zhihu.com/people/wang-fei-yu-64
http://www.zhihu.com/people/songjian
http://www.zhihu.com/people/ma-ke-14
http://www.zhihu.com/people/chenxinfeng
http://www.zhihu.com/people/wang-wu-bin
http://www.zhihu.com/people/wang-hai-feng-91
http://www.zhihu.com/people/jackycx
http://www.zhihu.com/people/shao
http://www.zhihu.com/people/chenqj
http://www.zhihu.com/people/rosemedia
http://www.zhihu.com/people/kouyubo
http://www.zhihu.com/people/reconder
http://www.zhihu.com/people/lidzh
http://www.zhihu.com/people/leo223
http://www.zhihu.com/people/GavinQi
http://www.zhihu.com/people/yangyuan
http://www.zhihu.com/people/yasur
http://www.zhihu.com/people/vincexie
http://www.zhihu.com/people/stevensui
http://www.zhihu.com/people/zhou-peng-peng
http://www.zhihu.com/people/ekousp
http://www.zhihu.com/people/jiang-ge
http://www.zhihu.com/people/moxi
http://www.zhihu.com/people/wanderer
http://www.zhihu.com/people/jayzhou
http://www.zhihu.com/people/shi-yang-10
http://www.zhihu.com/people/yaoxu
http://www.zhihu.com/people/Gromit
http://www.zhihu.com/people/panbin
http://www.zhihu.com/people/qu-ding-ding
http://www.zhihu.com/people/creane
http://www.zhihu.com/people/raymond-wang
http://www.zhihu.com/people/var87
http://www.zhihu.com/people/zhang-guang-ming
http://www.zhihu.com/people/rongyiren
http://www.zhihu.com/people/wanghaihe
http://www.zhihu.com/people/JeOam
http://www.zhihu.com/people/weimao
http://www.zhihu.com/people/mapengze
http://www.zhihu.com/people/daodao
http://www.zhihu.com/people/anyan
http://www.zhihu.com/people/tangluyao
http://www.zhihu.com/people/Alberta
http://www.zhihu.com/people/jixin
http://www.zhihu.com/people/oxygen
