http://www.zhihu.com/people/zheng-wei-peng-25
http://www.zhihu.com/people/zhu-wen-zhen-15
http://www.zhihu.com/people/chen-kai-83
http://www.zhihu.com/people/ni-ni-xiao
http://www.zhihu.com/people/tan-hao-92
http://www.zhihu.com/people/jade-22
http://www.zhihu.com/people/liao-ling-xiang
http://www.zhihu.com/people/yangbo-xia
http://www.zhihu.com/people/newbee_wang
http://www.zhihu.com/people/starlights
http://www.zhihu.com/people/tuo-mao-60
http://www.zhihu.com/people/li-ding-guo-33
http://www.zhihu.com/people/zhuang-yi-hao
http://www.zhihu.com/people/zhao-kang-bing
http://www.zhihu.com/people/ryanhuang
http://www.zhihu.com/people/wan-pu
http://www.zhihu.com/people/ye-chen-38
http://www.zhihu.com/people/gong-li-ming-43
http://www.zhihu.com/people/tonychen-79
http://www.zhihu.com/people/namedgod
http://www.zhihu.com/people/lio-snow
http://www.zhihu.com/people/suckitup
http://www.zhihu.com/people/dai-jiao-85
http://www.zhihu.com/people/chinalinbin
http://www.zhihu.com/people/zombie
http://www.zhihu.com/people/lufa
http://www.zhihu.com/people/zhang-zhuang-cun
http://www.zhihu.com/people/rainywannabeavet
http://www.zhihu.com/people/da-qiao-87
http://www.zhihu.com/people/red-zhang
http://www.zhihu.com/people/zhang-tong-zi
http://www.zhihu.com/people/789456123
http://www.zhihu.com/people/ni-chang-jun
http://www.zhihu.com/people/stupident
http://www.zhihu.com/people/li-sleepyn
http://www.zhihu.com/people/zhang-ju-zheng-54
http://www.zhihu.com/people/bai-lang-67
http://www.zhihu.com/people/zhang-qian-98-79
http://www.zhihu.com/people/yan-xin-qi
http://www.zhihu.com/people/mrweek
http://www.zhihu.com/people/zhu-yan-xia
http://www.zhihu.com/people/echo-g
http://www.zhihu.com/people/wiking-57
http://www.zhihu.com/people/chen-yong-hui-1
http://www.zhihu.com/people/wang-zheng-32-71
http://www.zhihu.com/people/woody-30
http://www.zhihu.com/people/da-long-mao-61
http://www.zhihu.com/people/carls-kavin
http://www.zhihu.com/people/busch
http://www.zhihu.com/people/fuwocheng
http://www.zhihu.com/people/rena-mua
http://www.zhihu.com/people/guan-ke-58
http://www.zhihu.com/people/kz-river
http://www.zhihu.com/people/tang-qie-70
http://www.zhihu.com/people/mou-kang-ni
http://www.zhihu.com/people/zhi-hu-44-79
http://www.zhihu.com/people/xiao-lin-67
http://www.zhihu.com/people/Whalers
http://www.zhihu.com/people/brightsum
http://www.zhihu.com/people/feng-ling-zi-57
http://www.zhihu.com/people/qiang-hua-er
http://www.zhihu.com/people/danielchen1995
http://www.zhihu.com/people/zhao-chen-hao-39
http://www.zhihu.com/people/li-li-chi-42
http://www.zhihu.com/people/cao-lin-nuo
http://www.zhihu.com/people/lin-jia-qi-79
http://www.zhihu.com/people/hamg
http://www.zhihu.com/people/mei-an-cha
http://www.zhihu.com/people/weapon-lin
http://www.zhihu.com/people/zhao-hong-yu-50
http://www.zhihu.com/people/fei-pei-pei
http://www.zhihu.com/people/lijincheng
http://www.zhihu.com/people/zhang-chun-yue-19
http://www.zhihu.com/people/su-yihang
http://www.zhihu.com/people/xuanzaibobo
http://www.zhihu.com/people/qiao-xiao-yue
http://www.zhihu.com/people/xin-yi-xin-96
http://www.zhihu.com/people/cai-zhi-fu
http://www.zhihu.com/people/ni-fan-le
http://www.zhihu.com/people/cheng-luo-72
http://www.zhihu.com/people/he-he-63
http://www.zhihu.com/people/byerancy
http://www.zhihu.com/people/beiming
http://www.zhihu.com/people/stanley-49
http://www.zhihu.com/people/anderson-lo
http://www.zhihu.com/people/qi-wen-feng
http://www.zhihu.com/people/wherekevin
http://www.zhihu.com/people/wujinzhi
http://www.zhihu.com/people/colintheunique
http://www.zhihu.com/people/huang-wei-12-62
http://www.zhihu.com/people/veronicacaca
http://www.zhihu.com/people/zhang-yi-fan-48
http://www.zhihu.com/people/zhou-ba-jin-1
http://www.zhihu.com/people/liu-ya-kun-1
http://www.zhihu.com/people/lu-xiao-bao-39
http://www.zhihu.com/people/huo-zhi-chao-78
http://www.zhihu.com/people/zhu-yong-qian
http://www.zhihu.com/people/notfan
http://www.zhihu.com/people/chen-jun-rong-25
http://www.zhihu.com/people/sunnyfei
http://www.zhihu.com/people/fegekic
http://www.zhihu.com/people/zexiancui
http://www.zhihu.com/people/wade-12
http://www.zhihu.com/people/dai-an-yi
http://www.zhihu.com/people/xiehe
http://www.zhihu.com/people/Victorique
http://www.zhihu.com/people/xia-xiao-yu-104
http://www.zhihu.com/people/zhao-wu-yi-62
http://www.zhihu.com/people/fang-ze-long-83
http://www.zhihu.com/people/qian-jia-ying
http://www.zhihu.com/people/jiushouniao
http://www.zhihu.com/people/cheng-wei-jie-66
http://www.zhihu.com/people/sun-fei-96
http://www.zhihu.com/people/gu-lu-xin
http://www.zhihu.com/people/chen-fan-63
http://www.zhihu.com/people/xu-meng-wang
http://www.zhihu.com/people/hao-di-pan
http://www.zhihu.com/people/hu-xiang-78
http://www.zhihu.com/people/declan-hao
http://www.zhihu.com/people/VasBrandon
http://www.zhihu.com/people/hint
http://www.zhihu.com/people/doors
http://www.zhihu.com/people/wang-yuan-66-5
http://www.zhihu.com/people/alfreda
http://www.zhihu.com/people/guxizhao
http://www.zhihu.com/people/hu-nicholas
http://www.zhihu.com/people/liang-xiao-xue-12
http://www.zhihu.com/people/zhang-tian-cheng-55
http://www.zhihu.com/people/xu-la-la-16
http://www.zhihu.com/people/zisha360
http://www.zhihu.com/people/zixiaxianzi
http://www.zhihu.com/people/yu-liu-55
http://www.zhihu.com/people/zhang-cheng-yan
http://www.zhihu.com/people/freya.zuo
http://www.zhihu.com/people/ren-yuan-fang-91
http://www.zhihu.com/people/cao-cao-2
http://www.zhihu.com/people/bee-jeff
http://www.zhihu.com/people/fantasy-45
http://www.zhihu.com/people/yu-xiao-feng-25
http://www.zhihu.com/people/dong-fang-wei-ming-44
http://www.zhihu.com/people/sinanlee
http://www.zhihu.com/people/mi-xian-17
http://www.zhihu.com/people/ling-long
http://www.zhihu.com/people/joseph-yuan
http://www.zhihu.com/people/wei-ran-leo
http://www.zhihu.com/people/he-mu-78
http://www.zhihu.com/people/RickHuang
http://www.zhihu.com/people/fendy
http://www.zhihu.com/people/zhang-xiao-bu-15
http://www.zhihu.com/people/murray-93
http://www.zhihu.com/people/smthsiwei
http://www.zhihu.com/people/mi-ao-lan
http://www.zhihu.com/people/zhao-xiao-long-56
http://www.zhihu.com/people/zheng-tian-yu-32
http://www.zhihu.com/people/rui-ao-13
http://www.zhihu.com/people/wang-fan-si
http://www.zhihu.com/people/liu-xiao-chun
http://www.zhihu.com/people/whoRobert
http://www.zhihu.com/people/ervin-37
http://www.zhihu.com/people/tom-70
http://www.zhihu.com/people/xiao-lan-bob
http://www.zhihu.com/people/huang-yu-heng-61
http://www.zhihu.com/people/amlty
http://www.zhihu.com/people/modig
http://www.zhihu.com/people/tao-zhi-60
http://www.zhihu.com/people/shui-mu-bai
http://www.zhihu.com/people/xiaojian-wang-30
http://www.zhihu.com/people/tu-gao-hui-ge
http://www.zhihu.com/people/mo-jie-61
http://www.zhihu.com/people/jin-cheng-tan
http://www.zhihu.com/people/wang-zi-mian-72
http://www.zhihu.com/people/kevin2013
http://www.zhihu.com/people/findmusic
http://www.zhihu.com/people/qu-liang-shan
http://www.zhihu.com/people/katie.wang
http://www.zhihu.com/people/chang-kai-xin-85
http://www.zhihu.com/people/mytifa
http://www.zhihu.com/people/xiao-lin-80
http://www.zhihu.com/people/fang-jia-ming-99
http://www.zhihu.com/people/zhang-yu-xuan-96-41
http://www.zhihu.com/people/zhao-yi-yi-84
http://www.zhihu.com/people/dong-jian-91
http://www.zhihu.com/people/zixuan-xiao
http://www.zhihu.com/people/lucybin
http://www.zhihu.com/people/ann-chan-91
http://www.zhihu.com/people/florence-3
http://www.zhihu.com/people/evan-chaung
http://www.zhihu.com/people/drifter-16
http://www.zhihu.com/people/kevin-hsuan
http://www.zhihu.com/people/yinsi
http://www.zhihu.com/people/shu-le-an-ding
http://www.zhihu.com/people/chen-hua-liang
http://www.zhihu.com/people/an-miao-miao-17
http://www.zhihu.com/people/cai-ti-ran
http://www.zhihu.com/people/kequan
http://www.zhihu.com/people/miaomagallanes
http://www.zhihu.com/people/cocoalee
http://www.zhihu.com/people/guozeqian
http://www.zhihu.com/people/lanna-v
http://www.zhihu.com/people/feng-han
http://www.zhihu.com/people/zhao-yun-70
http://www.zhihu.com/people/dai-xiao-lan
http://www.zhihu.com/people/da-yuan-16-96
http://www.zhihu.com/people/wolekuduo
http://www.zhihu.com/people/xu-shan-min
http://www.zhihu.com/people/yi-zhi-ran
http://www.zhihu.com/people/bao-bei-12
http://www.zhihu.com/people/hou-yi-vincent
http://www.zhihu.com/people/matrix-trueman-2
http://www.zhihu.com/people/xiaowenwen
http://www.zhihu.com/people/li-wei-46-72
http://www.zhihu.com/people/li-hong-yang-99
http://www.zhihu.com/people/mufener
http://www.zhihu.com/people/seraph0628
http://www.zhihu.com/people/zhang-zi-qiang-36
http://www.zhihu.com/people/fang-yi-cheng-73
http://www.zhihu.com/people/gu-yue-kun
http://www.zhihu.com/people/amuro1230
http://www.zhihu.com/people/florence-wu
http://www.zhihu.com/people/Changmingwei
http://www.zhihu.com/people/xubowen
http://www.zhihu.com/people/liubing
http://www.zhihu.com/people/zhang-a-feng-58
http://www.zhihu.com/people/wen-sen-te-86
http://www.zhihu.com/people/zhou-jiu-ling
http://www.zhihu.com/people/hynuza
http://www.zhihu.com/people/changeself
http://www.zhihu.com/people/zhang-yu-jin-37
http://www.zhihu.com/people/chuchu-chu
http://www.zhihu.com/people/miao-cc-96
http://www.zhihu.com/people/pang-luan-luan
http://www.zhihu.com/people/lidong-49
http://www.zhihu.com/people/da-niu-86
http://www.zhihu.com/people/aishahchen
http://www.zhihu.com/people/zhuijizhe
http://www.zhihu.com/people/long-fei-25
http://www.zhihu.com/people/zhang-zhou-an
http://www.zhihu.com/people/chen-wei-wei-37
http://www.zhihu.com/people/zhong-ye-zi-49
http://www.zhihu.com/people/qing-yoqing
http://www.zhihu.com/people/hei-bing
http://www.zhihu.com/people/juice-wong
http://www.zhihu.com/people/techoxygen
http://www.zhihu.com/people/ftium4
http://www.zhihu.com/people/zhang-yiliu
http://www.zhihu.com/people/lin-xiao-shao
http://www.zhihu.com/people/chen-xin-yan-65
http://www.zhihu.com/people/cindy-zhang-45
http://www.zhihu.com/people/guo-jia-22
http://www.zhihu.com/people/mo-zhu-18
http://www.zhihu.com/people/liu-yan-nan-82
http://www.zhihu.com/people/aimothene
http://www.zhihu.com/people/li-chao-93
http://www.zhihu.com/people/pan-deng-86
