http://www.zhihu.com/people/deeppacket
http://www.zhihu.com/people/lize
http://www.zhihu.com/people/wang-yan-17-79
http://www.zhihu.com/people/annodomini
http://www.zhihu.com/people/wolfxl
http://www.zhihu.com/people/monday
http://www.zhihu.com/people/kee-kue
http://www.zhihu.com/people/____
http://www.zhihu.com/people/deutsch-99
http://www.zhihu.com/people/wang-jiu-tian
http://www.zhihu.com/people/li-tai-xian
http://www.zhihu.com/people/luo-tong-16
http://www.zhihu.com/people/ccchen-xiao-zhi
http://www.zhihu.com/people/rainsky
http://www.zhihu.com/people/felix-libero
http://www.zhihu.com/people/ma-xiao-bao-5
http://www.zhihu.com/people/hailing
http://www.zhihu.com/people/zhang-bo-31-53
http://www.zhihu.com/people/samyhello
http://www.zhihu.com/people/earnan-shi
http://www.zhihu.com/people/will-cao
http://www.zhihu.com/people/wakaka-wakaka
http://www.zhihu.com/people/tuo-jing-86
http://www.zhihu.com/people/ren-zong-qing
http://www.zhihu.com/people/zhang-ze-min-72
http://www.zhihu.com/people/a-gu-43
http://www.zhihu.com/people/chen-bei-65
http://www.zhihu.com/people/wu-suo-wei-31-94
http://www.zhihu.com/people/jia-sheng-89
http://www.zhihu.com/people/yu-yang-jie-49
http://www.zhihu.com/people/lan-xun
http://www.zhihu.com/people/ying-ge-lan-85
http://www.zhihu.com/people/dong-ni-11
http://www.zhihu.com/people/zhou-peng-14-27
http://www.zhihu.com/people/hysic
http://www.zhihu.com/people/_zhao_xu_
http://www.zhihu.com/people/bai-lang-67
http://www.zhihu.com/people/wang-qing-lin-54
http://www.zhihu.com/people/pewu
http://www.zhihu.com/people/yi-da-sen
http://www.zhihu.com/people/heaven_000
http://www.zhihu.com/people/yang-xiao-yi-32-91
http://www.zhihu.com/people/kang-wei-57
http://www.zhihu.com/people/wade-12
http://www.zhihu.com/people/oogoo
http://www.zhihu.com/people/zhu-xiao-wen-1
http://www.zhihu.com/people/zhou-jing-wei-12
http://www.zhihu.com/people/su-tong-45
http://www.zhihu.com/people/jia-min-zhu-22
http://www.zhihu.com/people/li-cheng-zhi-68
http://www.zhihu.com/people/mu-mu-97-33
http://www.zhihu.com/people/simon-30
http://www.zhihu.com/people/feng-xiao-tao-21
http://www.zhihu.com/people/kong-fan-sheng-22
http://www.zhihu.com/people/su-wen-bo-89
http://www.zhihu.com/people/erzhu
http://www.zhihu.com/people/shi-lin-41
http://www.zhihu.com/people/xudekai
http://www.zhihu.com/people/wu-xie-45
http://www.zhihu.com/people/neil-35-70
http://www.zhihu.com/people/cao-dong-39
http://www.zhihu.com/people/fantasy-45
http://www.zhihu.com/people/zhongxiaotu
http://www.zhihu.com/people/ku-bi-de-niu-bi
http://www.zhihu.com/people/zhao-lin-fei
http://www.zhihu.com/people/lu-zi-75
http://www.zhihu.com/people/li-wei-jie-73
http://www.zhihu.com/people/jackie-lee-12
http://www.zhihu.com/people/liu-zhen-dong-82
http://www.zhihu.com/people/guo-jia-chen-67-64
http://www.zhihu.com/people/wu-hua-1
http://www.zhihu.com/people/yang-bing-chang
http://www.zhihu.com/people/zuimai
http://www.zhihu.com/people/owenne
http://www.zhihu.com/people/victor24yo
http://www.zhihu.com/people/posroachips
http://www.zhihu.com/people/zhu-hong-song-72
http://www.zhihu.com/people/di-xiao-bin
http://www.zhihu.com/people/li-shou-yin-89
http://www.zhihu.com/people/tedamiao
http://www.zhihu.com/people/chen-li-ming-67
http://www.zhihu.com/people/hu-bo-wen-62
http://www.zhihu.com/people/pang-luan-luan
http://www.zhihu.com/people/liuhy000
http://www.zhihu.com/people/zai-yi-luo
http://www.zhihu.com/people/li-zhao-zhao-65
http://www.zhihu.com/people/xia-bing-47-65
http://www.zhihu.com/people/qi-jiu-jiu-33
http://www.zhihu.com/people/finchwu
http://www.zhihu.com/people/lucas-18-13
http://www.zhihu.com/people/sailor0919
http://www.zhihu.com/people/zec-5
http://www.zhihu.com/people/kunbrother
http://www.zhihu.com/people/lowka
http://www.zhihu.com/people/lao-chuan-chang-51
http://www.zhihu.com/people/kai-tai-wang
http://www.zhihu.com/people/mu-rong-hua-81
http://www.zhihu.com/people/gotham
http://www.zhihu.com/people/tan-li-9800
http://www.zhihu.com/people/lvzhu
http://www.zhihu.com/people/guo-xin-90
http://www.zhihu.com/people/shi-bo-qing
http://www.zhihu.com/people/liu-zhuo-yu-58
http://www.zhihu.com/people/shuming-ge
http://www.zhihu.com/people/wei-jin-shuai
http://www.zhihu.com/people/shu-mi-63
http://www.zhihu.com/people/yong-sheng
http://www.zhihu.com/people/fu-qiang-40-1
http://www.zhihu.com/people/wang-jing-yu-18
http://www.zhihu.com/people/Xiao_Liang
http://www.zhihu.com/people/wu-chang-lin
http://www.zhihu.com/people/luo-wen-38
http://www.zhihu.com/people/curiozh
http://www.zhihu.com/people/Super-Fish
http://www.zhihu.com/people/xianshideliliang12
http://www.zhihu.com/people/wu-jia-ming-23
http://www.zhihu.com/people/khowarizmi
http://www.zhihu.com/people/huang-fu-gou-dan
http://www.zhihu.com/people/cheng-zhi-bo
http://www.zhihu.com/people/uzetatu
http://www.zhihu.com/people/liang-han-bing-2
http://www.zhihu.com/people/li-qi-yue-20
http://www.zhihu.com/people/ting-yin-97
http://www.zhihu.com/people/wang-zhe-4
http://www.zhihu.com/people/li-xiao-ge-1993
http://www.zhihu.com/people/zhang-hu-pan
http://www.zhihu.com/people/zheng-xin-56
http://www.zhihu.com/people/jht1018
http://www.zhihu.com/people/zhang-meng-fred
http://www.zhihu.com/people/cao-hui-jun
http://www.zhihu.com/people/tan-ri-tian
http://www.zhihu.com/people/guhongguangju
http://www.zhihu.com/people/qiu-hong-yang
http://www.zhihu.com/people/zou-hui-lei
http://www.zhihu.com/people/chen-wei-40-40
http://www.zhihu.com/people/ding-ke-jia
http://www.zhihu.com/people/wang-jia-lin-55
http://www.zhihu.com/people/wei-zhi-35
http://www.zhihu.com/people/bu-lan-yuan-yuanyuan
http://www.zhihu.com/people/lichengrant
http://www.zhihu.com/people/hu-yue-33-76
http://www.zhihu.com/people/jianchijianchi
http://www.zhihu.com/people/qing-liu-83-26
http://www.zhihu.com/people/llax
http://www.zhihu.com/people/viyguo
http://www.zhihu.com/people/hai-mian-25
http://www.zhihu.com/people/chenran
http://www.zhihu.com/people/melonrice
http://www.zhihu.com/people/linusg
http://www.zhihu.com/people/kunzhi
http://www.zhihu.com/people/li-chao-88
http://www.zhihu.com/people/ding-ping-sheng
http://www.zhihu.com/people/gaigai7610
http://www.zhihu.com/people/pan-yilu-7
http://www.zhihu.com/people/yu-xi-49-74
http://www.zhihu.com/people/tang-xiao-wei-41
http://www.zhihu.com/people/zheng-tian-yu-32
http://www.zhihu.com/people/niwentian
http://www.zhihu.com/people/xu-wei-lin-17
http://www.zhihu.com/people/shi-xiao-hang-19
http://www.zhihu.com/people/chen-xiao-cheng-38
http://www.zhihu.com/people/xu-ling-11
http://www.zhihu.com/people/lin-feng-28-90
http://www.zhihu.com/people/liu-po-48
http://www.zhihu.com/people/gao-gao-72
http://www.zhihu.com/people/ding-ruo-shui
http://www.zhihu.com/people/shiner-lau
http://www.zhihu.com/people/cai-ni-36
http://www.zhihu.com/people/laulon
http://www.zhihu.com/people/lord2014
http://www.zhihu.com/people/xiao-chu
http://www.zhihu.com/people/ChaletZ
http://www.zhihu.com/people/zhaohaoming
http://www.zhihu.com/people/gao-ye-xiang
http://www.zhihu.com/people/wakit-lin
http://www.zhihu.com/people/dongbobo
http://www.zhihu.com/people/yu-liang-37
http://www.zhihu.com/people/kong-liang-11
http://www.zhihu.com/people/bfjiaren
http://www.zhihu.com/people/chen-xi-78-89-66
http://www.zhihu.com/people/shan-kui-zhang
http://www.zhihu.com/people/liu-jun-wen-27
http://www.zhihu.com/people/yimuxia
http://www.zhihu.com/people/zhang-lai-xu
http://www.zhihu.com/people/merryjing
http://www.zhihu.com/people/hao-xiang-kai
http://www.zhihu.com/people/lyndonneu
http://www.zhihu.com/people/xie-wei-you
http://www.zhihu.com/people/ma-kai-47
http://www.zhihu.com/people/jackyue0906
http://www.zhihu.com/people/wen-sen-te-86
http://www.zhihu.com/people/zhao-ming-he
http://www.zhihu.com/people/leiqinbang
http://www.zhihu.com/people/yu-qiao-geng-du
http://www.zhihu.com/people/long-lu-92
http://www.zhihu.com/people/lin-yi-an
http://www.zhihu.com/people/napoli-76
http://www.zhihu.com/people/du-lai-lai
http://www.zhihu.com/people/shui-cheng-ming
http://www.zhihu.com/people/ren-xin-46-8
http://www.zhihu.com/people/xu-zi-liang
http://www.zhihu.com/people/huang-yi-peng
http://www.zhihu.com/people/zhang-yi-fan-48
http://www.zhihu.com/people/vincent-deng
http://www.zhihu.com/people/tang-li-24
http://www.zhihu.com/people/000088
http://www.zhihu.com/people/Soso_Mist
http://www.zhihu.com/people/jia-li-na
http://www.zhihu.com/people/y-u-e39
http://www.zhihu.com/people/xian-fa-hui
http://www.zhihu.com/people/hu-xiao-39-86
http://www.zhihu.com/people/huang-jun-93-19
http://www.zhihu.com/people/bigbeard
http://www.zhihu.com/people/kay.x
http://www.zhihu.com/people/fu-you-cai-cai
http://www.zhihu.com/people/huang-jia-cheng-21
http://www.zhihu.com/people/zhoulinglan
http://www.zhihu.com/people/liu-yan-feng-6
http://www.zhihu.com/people/IcyAngel
http://www.zhihu.com/people/umifam
http://www.zhihu.com/people/yuger.net
http://www.zhihu.com/people/zy-z
http://www.zhihu.com/people/karaki
http://www.zhihu.com/people/balai
http://www.zhihu.com/people/peng-hui-huang
http://www.zhihu.com/people/yuemingist
http://www.zhihu.com/people/a-hun
http://www.zhihu.com/people/yao-zhi-nan
http://www.zhihu.com/people/andinee
http://www.zhihu.com/people/zhaoql
http://www.zhihu.com/people/zi-lu-_hu-kai-_
http://www.zhihu.com/people/ding-feng-52
http://www.zhihu.com/people/cheng-ling-jian
http://www.zhihu.com/people/cheng-xiao-dong-29
http://www.zhihu.com/people/andycheng
http://www.zhihu.com/people/gaoshichao
http://www.zhihu.com/people/zhao-yang-xin
http://www.zhihu.com/people/zheng-jia-li
http://www.zhihu.com/people/zhao-shou-liang
http://www.zhihu.com/people/hsiang-kuo
http://www.zhihu.com/people/chenqi56
http://www.zhihu.com/people/tu-dou-18
http://www.zhihu.com/people/mi-xin-xin
http://www.zhihu.com/people/danielchen1995
http://www.zhihu.com/people/MichaelW
http://www.zhihu.com/people/gary-46
http://www.zhihu.com/people/bbkinlin
http://www.zhihu.com/people/he-bu-ke
http://www.zhihu.com/people/archy-ringo
http://www.zhihu.com/people/xi-sheng-wei-95
http://www.zhihu.com/people/mayitbe
http://www.zhihu.com/people/wang-yong-tao-93
http://www.zhihu.com/people/Rusca
http://www.zhihu.com/people/fan-qiong
http://www.zhihu.com/people/jellen-wang
http://www.zhihu.com/people/wang-tian-jun-68
http://www.zhihu.com/people/zhao-peng-59-86
http://www.zhihu.com/people/zhong-ye-zi-49
http://www.zhihu.com/people/xie-wei-4-35
http://www.zhihu.com/people/li-hui-44-8
http://www.zhihu.com/people/man-jiang-hong
http://www.zhihu.com/people/du-le-ding
http://www.zhihu.com/people/chiu-steven
http://www.zhihu.com/people/cao-hua-hua
http://www.zhihu.com/people/zhang-jia-xuan
http://www.zhihu.com/people/jiroas
http://www.zhihu.com/people/wang-zhi-guo-18
http://www.zhihu.com/people/chu-meng-meng
http://www.zhihu.com/people/yang-zhi-58
http://www.zhihu.com/people/zhe-xue-jia-feng-ge
http://www.zhihu.com/people/mo-fei-c
http://www.zhihu.com/people/sallyluo-xiao-cong
http://www.zhihu.com/people/wen-huan-12
http://www.zhihu.com/people/whamaya
http://www.zhihu.com/people/mo-shen-94
http://www.zhihu.com/people/deng-kang-er
http://www.zhihu.com/people/bai-xian-sheng-96
http://www.zhihu.com/people/liu-lai-ping
http://www.zhihu.com/people/pu-ti-82
http://www.zhihu.com/people/deereed
http://www.zhihu.com/people/xie-rong-peng
http://www.zhihu.com/people/fu-cheng-kai
http://www.zhihu.com/people/llllllllllll
http://www.zhihu.com/people/dake
http://www.zhihu.com/people/dong-jia-bin
http://www.zhihu.com/people/dong-ming-xuan
http://www.zhihu.com/people/huang-wei-ming-39
http://www.zhihu.com/people/techoxygen
http://www.zhihu.com/people/fu-xiao-yu-1
http://www.zhihu.com/people/pan-liang-jie
http://www.zhihu.com/people/ibezz
http://www.zhihu.com/people/ritue
http://www.zhihu.com/people/Hsiun
http://www.zhihu.com/people/liu-ran-9
http://www.zhihu.com/people/wang-chuan-lin
http://www.zhihu.com/people/liu-chun-73
http://www.zhihu.com/people/wei-hua-26
http://www.zhihu.com/people/polun-na
http://www.zhihu.com/people/daizhiyang
http://www.zhihu.com/people/WANSX
http://www.zhihu.com/people/he-yuan-sheng
http://www.zhihu.com/people/lian-tea
http://www.zhihu.com/people/tanfengyi
http://www.zhihu.com/people/maiziman
http://www.zhihu.com/people/li-chen-32
http://www.zhihu.com/people/helen-lv
http://www.zhihu.com/people/pan-chao-57
http://www.zhihu.com/people/he-awen
http://www.zhihu.com/people/pianran
http://www.zhihu.com/people/microsoft-.net
http://www.zhihu.com/people/qian-cao-50
http://www.zhihu.com/people/zhao-jing-45
http://www.zhihu.com/people/liu-xiao-lai
http://www.zhihu.com/people/pan-yue-66
http://www.zhihu.com/people/maphycs
http://www.zhihu.com/people/bbsunchen
http://www.zhihu.com/people/you-guo-59
http://www.zhihu.com/people/dai-wei-99
http://www.zhihu.com/people/wang-shi-jun-10
http://www.zhihu.com/people/xiang-yan-14
http://www.zhihu.com/people/li-xiang-66-68
http://www.zhihu.com/people/cha-er-si-hai-han
http://www.zhihu.com/people/lee-bwin
http://www.zhihu.com/people/Mr.F
http://www.zhihu.com/people/ShouSuanLe
http://www.zhihu.com/people/definiter
http://www.zhihu.com/people/iyucci
http://www.zhihu.com/people/0479
http://www.zhihu.com/people/laoliumang-78
http://www.zhihu.com/people/liu-yi-62
http://www.zhihu.com/people/tu-guo-qiang
http://www.zhihu.com/people/wang-zu-jian-89
http://www.zhihu.com/people/www.quhuaxue.com
http://www.zhihu.com/people/jessetw
http://www.zhihu.com/people/hu-xue-chun
http://www.zhihu.com/people/yang-san-jin
http://www.zhihu.com/people/qichu
http://www.zhihu.com/people/li-xiao-liang-18
http://www.zhihu.com/people/wan-yu-tao
http://www.zhihu.com/people/xian-yong-kang
http://www.zhihu.com/people/pan-deng-86
http://www.zhihu.com/people/liang-chong
http://www.zhihu.com/people/li-wei-chao-2
http://www.zhihu.com/people/robingbing
http://www.zhihu.com/people/fu-jia-qi
http://www.zhihu.com/people/maska
http://www.zhihu.com/people/mo-da
http://www.zhihu.com/people/wang-yao-2
http://www.zhihu.com/people/chuwentao
http://www.zhihu.com/people/kong-xiao-xiong
http://www.zhihu.com/people/garyfang
http://www.zhihu.com/people/xiao-ling-36
http://www.zhihu.com/people/hou-fang-bin
http://www.zhihu.com/people/xiao-zhi-69-4
http://www.zhihu.com/people/wang-fu-wen
http://www.zhihu.com/people/miaosjn
http://www.zhihu.com/people/qiao-yu-61
http://www.zhihu.com/people/xunger
http://www.zhihu.com/people/zhong-hao-78
http://www.zhihu.com/people/xia-lan-feng
http://www.zhihu.com/people/wu-hai-25
http://www.zhihu.com/people/yang-cong-quan-man-tou
http://www.zhihu.com/people/fang-xiao-hua-24
http://www.zhihu.com/people/fionace
http://www.zhihu.com/people/chen-yan-zhong
http://www.zhihu.com/people/GilgameshK
http://www.zhihu.com/people/jaytags
http://www.zhihu.com/people/li-ping-fan-39
http://www.zhihu.com/people/gao-yuan-glare
http://www.zhihu.com/people/koofrank
http://www.zhihu.com/people/xu-jin-cheng
http://www.zhihu.com/people/huang_violin
http://www.zhihu.com/people/yi-you-16
http://www.zhihu.com/people/liang-yu-fan
http://www.zhihu.com/people/tanronghui
http://www.zhihu.com/people/zhang-hai-yang-62
http://www.zhihu.com/people/meng-xiang-jing
http://www.zhihu.com/people/wang-bo-jie
http://www.zhihu.com/people/liu-xiao-guo-94
http://www.zhihu.com/people/hu-yi-mi-li-nuo
http://www.zhihu.com/people/gao-da-li
http://www.zhihu.com/people/li-jie-50
http://www.zhihu.com/people/chen-jia-sheng
http://www.zhihu.com/people/orzwind
http://www.zhihu.com/people/jiayizhen
http://www.zhihu.com/people/tu-gao-hui-ge
http://www.zhihu.com/people/kong-wei-zhong
http://www.zhihu.com/people/sanglei
http://www.zhihu.com/people/jysperm
http://www.zhihu.com/people/zimingforever
http://www.zhihu.com/people/ling-chen-65
http://www.zhihu.com/people/ren-xue-wu
http://www.zhihu.com/people/ckuaik
http://www.zhihu.com/people/diguage
http://www.zhihu.com/people/wo-luo
http://www.zhihu.com/people/du-xiao-wei-14
http://www.zhihu.com/people/haohaoxuexi
http://www.zhihu.com/people/hackertao
http://www.zhihu.com/people/li-xu-dong-59
http://www.zhihu.com/people/lwan160
http://www.zhihu.com/people/wang-xin-57-62
http://www.zhihu.com/people/we15
http://www.zhihu.com/people/eclipseSSH
http://www.zhihu.com/people/darrenliu
http://www.zhihu.com/people/gao-yu-zhuo
http://www.zhihu.com/people/san-pi
http://www.zhihu.com/people/lin-fan-63-96
http://www.zhihu.com/people/ncwen8090
http://www.zhihu.com/people/ma-chi
http://www.zhihu.com/people/lin-jing-07
http://www.zhihu.com/people/li-chao-93
http://www.zhihu.com/people/wang-wei-6-1
http://www.zhihu.com/people/feng-xiao-mei
http://www.zhihu.com/people/chen-xi-911
http://www.zhihu.com/people/dingzhengdong
http://www.zhihu.com/people/xiao-lang-49
http://www.zhihu.com/people/wang-wen-ping
http://www.zhihu.com/people/iloveyou1989
http://www.zhihu.com/people/RogerWong
http://www.zhihu.com/people/shijuns
http://www.zhihu.com/people/rare
http://www.zhihu.com/people/fu-er
http://www.zhihu.com/people/xieht
http://www.zhihu.com/people/rayman
http://www.zhihu.com/people/zhu-jia-zhuang
http://www.zhihu.com/people/mj1997
http://www.zhihu.com/people/looooooading
http://www.zhihu.com/people/ge-meng-68
http://www.zhihu.com/people/wangjian
http://www.zhihu.com/people/jin-wei-61
http://www.zhihu.com/people/lijiping
http://www.zhihu.com/people/lihua
http://www.zhihu.com/people/bai_jie
http://www.zhihu.com/people/alexyangfox
http://www.zhihu.com/people/wangguowei
http://www.zhihu.com/people/xu-si-wei
http://www.zhihu.com/people/alvin969
http://www.zhihu.com/people/yong-heng-56
http://www.zhihu.com/people/guo-zhi-kuan-kuan
http://www.zhihu.com/people/1111
http://www.zhihu.com/people/duomifa
http://www.zhihu.com/people/hao-howard
http://www.zhihu.com/people/beatbox
http://www.zhihu.com/people/mao-mao-chong-61
http://www.zhihu.com/people/luo-tian-rui
http://www.zhihu.com/people/du-qian
http://www.zhihu.com/people/pei-qian
http://www.zhihu.com/people/meganlan
http://www.zhihu.com/people/ren-fa
http://www.zhihu.com/people/liu-hui-hui-35
http://www.zhihu.com/people/qisee
http://www.zhihu.com/people/liu-xi-fei
http://www.zhihu.com/people/cklover
http://www.zhihu.com/people/garveyking
http://www.zhihu.com/people/wangweison
http://www.zhihu.com/people/xulin365
http://www.zhihu.com/people/lemal
http://www.zhihu.com/people/zhongzhuqiang
http://www.zhihu.com/people/HouLi
http://www.zhihu.com/people/wei-tao
http://www.zhihu.com/people/buou
http://www.zhihu.com/people/yuzhuoran
http://www.zhihu.com/people/wj1s
http://www.zhihu.com/people/qing-jing-ping-deng-jue
http://www.zhihu.com/people/cavier
http://www.zhihu.com/people/ding-zhi-qiang
http://www.zhihu.com/people/momo
http://www.zhihu.com/people/sunnyboy
http://www.zhihu.com/people/Anly
http://www.zhihu.com/people/imwaco
http://www.zhihu.com/people/scv119
http://www.zhihu.com/people/neaton
http://www.zhihu.com/people/wind
http://www.zhihu.com/people/a-du
http://www.zhihu.com/people/lotcup
http://www.zhihu.com/people/yu-ming-gu-wen-chen-tao
http://www.zhihu.com/people/herizhao
http://www.zhihu.com/people/hi3w
http://www.zhihu.com/people/baidoudou
