http://www.zhihu.com/people/qing-yang-81
http://www.zhihu.com/people/ding-tao-30
http://www.zhihu.com/people/ying-49
http://www.zhihu.com/people/guo-lily-71
http://www.zhihu.com/people/zhou-qian-11-63
http://www.zhihu.com/people/mao-yiduo
http://www.zhihu.com/people/bao-li-di-tie
http://www.zhihu.com/people/he-er-84
http://www.zhihu.com/people/wang-jing-27-65
http://www.zhihu.com/people/shen-dou-dou-15
http://www.zhihu.com/people/lao-da-ge-53
http://www.zhihu.com/people/ren-er-cheng
http://www.zhihu.com/people/liu-xiao-guai-89
http://www.zhihu.com/people/jiao-sha-ye
http://www.zhihu.com/people/sherry-yu-95
http://www.zhihu.com/people/zhengbuyuan
http://www.zhihu.com/people/kkkkkira
http://www.zhihu.com/people/zhen-yu-tong
http://www.zhihu.com/people/xie-jun-ting-53
http://www.zhihu.com/people/zhang-yong-28-69
http://www.zhihu.com/people/han-liang-hanl
http://www.zhihu.com/people/yao-mao-3
http://www.zhihu.com/people/liu-ze-18-75
http://www.zhihu.com/people/ding-ding-84-86
http://www.zhihu.com/people/marco-young
http://www.zhihu.com/people/yue-yu-lei
http://www.zhihu.com/people/shi-guang-82-9
http://www.zhihu.com/people/ma-xiao-tong-68
http://www.zhihu.com/people/qian-jing-wei
http://www.zhihu.com/people/han-sha-luo-yan
http://www.zhihu.com/people/khaki-29
http://www.zhihu.com/people/yin-qin-lin
http://www.zhihu.com/people/pan-shi-yun
http://www.zhihu.com/people/li-an-hong-59
http://www.zhihu.com/people/li-xiao-ge-1993
http://www.zhihu.com/people/mazimin
http://www.zhihu.com/people/shi-stone-9
http://www.zhihu.com/people/wu-___-fu
http://www.zhihu.com/people/bao-zi-20-83
http://www.zhihu.com/people/qiu-shan-86
http://www.zhihu.com/people/gao-ruo-yan-50
http://www.zhihu.com/people/yang-xiao-xie-60
http://www.zhihu.com/people/deutsch-99
http://www.zhihu.com/people/dong-xi-78-92
http://www.zhihu.com/people/lu-gui-chen-26
http://www.zhihu.com/people/li-xiao-jia-21
http://www.zhihu.com/people/bi-peng
http://www.zhihu.com/people/wen-da-ya-55
http://www.zhihu.com/people/huang-cheng-cheng-26
http://www.zhihu.com/people/xiang-xiang
http://www.zhihu.com/people/ri-ye-qian-chi
http://www.zhihu.com/people/qing-shu-63-15
http://www.zhihu.com/people/yuan-lin-56-60
http://www.zhihu.com/people/yeezi
http://www.zhihu.com/people/ma-xiao-jun-46
http://www.zhihu.com/people/ji-jie-66
http://www.zhihu.com/people/sediment-chen
http://www.zhihu.com/people/luo-yan-fang-19
http://www.zhihu.com/people/li-bo-yu-85
http://www.zhihu.com/people/song-xiao-guang-81
http://www.zhihu.com/people/yu-zhe-32-34
http://www.zhihu.com/people/xu-xiao-tu-65
http://www.zhihu.com/people/ace-zheng
http://www.zhihu.com/people/su-lu-79
http://www.zhihu.com/people/shen-ya-nan-44
http://www.zhihu.com/people/zhu-li-60-19
http://www.zhihu.com/people/zhang-yifan-35
http://www.zhihu.com/people/yang-tan-te
http://www.zhihu.com/people/chen-jiu-piao-xiang
http://www.zhihu.com/people/li-si-gu-niang
http://www.zhihu.com/people/all-indie
http://www.zhihu.com/people/hong-hua-jie
http://www.zhihu.com/people/megan-ma
http://www.zhihu.com/people/greyson-67
http://www.zhihu.com/people/chen-da-ben
http://www.zhihu.com/people/hu-di-57-16
http://www.zhihu.com/people/chen-da-gou-18
http://www.zhihu.com/people/li-yan-58-57
http://www.zhihu.com/people/zhang-zhi-qiang-12
http://www.zhihu.com/people/chen-yi-zhu-11
http://www.zhihu.com/people/young-young-2
http://www.zhihu.com/people/hua-jun-60
http://www.zhihu.com/people/shui-xiao-xian
http://www.zhihu.com/people/lobo-73
http://www.zhihu.com/people/merryjing
http://www.zhihu.com/people/xiaoo
http://www.zhihu.com/people/wwzcxqc
http://www.zhihu.com/people/lin-lindsey
http://www.zhihu.com/people/lei-yuan
http://www.zhihu.com/people/zhou-tian-83
http://www.zhihu.com/people/NormanTsan
http://www.zhihu.com/people/liang-yu-fan
http://www.zhihu.com/people/feng-hai-chao
http://www.zhihu.com/people/chen-hua-liang
http://www.zhihu.com/people/yi-yang-30
http://www.zhihu.com/people/li-kai-47-73
http://www.zhihu.com/people/cai-liang-60
http://www.zhihu.com/people/sunweiliang
http://www.zhihu.com/people/JamesHsia
http://www.zhihu.com/people/ikbear
http://www.zhihu.com/people/Bingchean
http://www.zhihu.com/people/wu-yan-qing
http://www.zhihu.com/people/zou-tong
