http://www.zhihu.com/people/lufa
http://www.zhihu.com/people/yao-zu
http://www.zhihu.com/people/mu-shu-53
http://www.zhihu.com/people/xie-zhi-yun
http://www.zhihu.com/people/gao-wen-93
http://www.zhihu.com/people/williamzhang515
http://www.zhihu.com/people/liu-xian-yu-70
http://www.zhihu.com/people/yvonnezen-yao-yang-5
http://www.zhihu.com/people/li-feng-54-67
http://www.zhihu.com/people/he-chang-89
http://www.zhihu.com/people/wei-ta-bing
http://www.zhihu.com/people/susus
http://www.zhihu.com/people/du-xing-xing-31
http://www.zhihu.com/people/mu-zi-nan
http://www.zhihu.com/people/mo-wei-zhi-57
http://www.zhihu.com/people/songtianyi
http://www.zhihu.com/people/yirang
http://www.zhihu.com/people/zhang-heng-14-92
http://www.zhihu.com/people/jun-an
http://www.zhihu.com/people/yan-xiao-xi-49
http://www.zhihu.com/people/ren-er-cheng
http://www.zhihu.com/people/bjchaodaye
http://www.zhihu.com/people/aspirinfox
http://www.zhihu.com/people/hou-yu-ping
http://www.zhihu.com/people/zhu-yixin-42
http://www.zhihu.com/people/fengren
http://www.zhihu.com/people/li-zi-37-34
http://www.zhihu.com/people/xu-shi-ming-18
http://www.zhihu.com/people/tao-ya-min
http://www.zhihu.com/people/yanru-gu
http://www.zhihu.com/people/zhaojian
http://www.zhihu.com/people/sleepingknight
http://www.zhihu.com/people/xiao-bo-97-41
http://www.zhihu.com/people/guan-yao-qu
http://www.zhihu.com/people/xiao-fei-25
http://www.zhihu.com/people/jun-yi-14
http://www.zhihu.com/people/zhang-wei-zhong
http://www.zhihu.com/people/mo-yan-47-99
http://www.zhihu.com/people/qujingshi
http://www.zhihu.com/people/annodomini
http://www.zhihu.com/people/li-meng-meng-10
http://www.zhihu.com/people/winn-woo
http://www.zhihu.com/people/song-ce-ce
http://www.zhihu.com/people/chougu
http://www.zhihu.com/people/weboo
http://www.zhihu.com/people/weijijiyu
http://www.zhihu.com/people/woichengc
http://www.zhihu.com/people/fang-wen-32
http://www.zhihu.com/people/zheng-rui-bin
http://www.zhihu.com/people/bobblin
http://www.zhihu.com/people/zhujiyang
http://www.zhihu.com/people/zhou-yu-31
http://www.zhihu.com/people/zhou-jiang-85
http://www.zhihu.com/people/stupident
http://www.zhihu.com/people/xieyanwei
http://www.zhihu.com/people/li-si-yuan-30
http://www.zhihu.com/people/jasonxu-86
http://www.zhihu.com/people/wu-nan-80
http://www.zhihu.com/people/zhou-hong-ji-6
http://www.zhihu.com/people/windyoung
http://www.zhihu.com/people/cao-xing-zhi
http://www.zhihu.com/people/albus-liber
http://www.zhihu.com/people/yin-qi-dong
http://www.zhihu.com/people/shu-yun-36
http://www.zhihu.com/people/wang-da-wei-16
http://www.zhihu.com/people/liaoyy
http://www.zhihu.com/people/yang-yu-yi
http://www.zhihu.com/people/duan-qian-90
http://www.zhihu.com/people/hong-xiao-dou
http://www.zhihu.com/people/lyndonneu
http://www.zhihu.com/people/guo-rui-15
http://www.zhihu.com/people/lordifeng
http://www.zhihu.com/people/chen-yong-lin-25
http://www.zhihu.com/people/zhou-xiao-ling-54
http://www.zhihu.com/people/liu-jia-yuan-7
http://www.zhihu.com/people/xue-yao-37
http://www.zhihu.com/people/he-yuan-sheng
http://www.zhihu.com/people/you-you-96-45
http://www.zhihu.com/people/lin-wei-zhi-39
http://www.zhihu.com/people/Cardio_zhang
http://www.zhihu.com/people/wang-liu-xie-zi
http://www.zhihu.com/people/huichou
http://www.zhihu.com/people/yang-xiao-ye-49
http://www.zhihu.com/people/zhenghuiwen
http://www.zhihu.com/people/mark-wu-20
http://www.zhihu.com/people/ChSail
http://www.zhihu.com/people/ooxxooxx
http://www.zhihu.com/people/zhu-wen
http://www.zhihu.com/people/_zhao_xu_
http://www.zhihu.com/people/nakutoki
http://www.zhihu.com/people/mu-ba-er
http://www.zhihu.com/people/wang-lei-48-90
http://www.zhihu.com/people/wang-xiao-kan
http://www.zhihu.com/people/xiao-chu
http://www.zhihu.com/people/yu-liang-21
http://www.zhihu.com/people/hu-zi-30
http://www.zhihu.com/people/xi-wei-10
http://www.zhihu.com/people/rener
http://www.zhihu.com/people/lichengrant
http://www.zhihu.com/people/li-di-34
http://www.zhihu.com/people/alexis-37-71
http://www.zhihu.com/people/eliven
http://www.zhihu.com/people/she-shi-hao
http://www.zhihu.com/people/rickey-yue
http://www.zhihu.com/people/johnboby-ray
http://www.zhihu.com/people/wang-qi-84
http://www.zhihu.com/people/wang-bin-58-41
http://www.zhihu.com/people/li-song-71
http://www.zhihu.com/people/circe_ashes
http://www.zhihu.com/people/bfjiaren
http://www.zhihu.com/people/jiang-whyniss
http://www.zhihu.com/people/zhang-yiyi-2
http://www.zhihu.com/people/eana-chan
http://www.zhihu.com/people/mi-tao
http://www.zhihu.com/people/ji-wei-70
http://www.zhihu.com/people/li-wen-85
http://www.zhihu.com/people/pan-wen-bo-45
http://www.zhihu.com/people/bourne-5
http://www.zhihu.com/people/zhu-bo-tao
http://www.zhihu.com/people/jin-xiao-he-19
http://www.zhihu.com/people/chu-meng-meng
http://www.zhihu.com/people/zhang-wei-10-7
http://www.zhihu.com/people/cai-jian-zheng-77
http://www.zhihu.com/people/li-zi-sheng
http://www.zhihu.com/people/xsclxin
http://www.zhihu.com/people/xiao-wan-zi-43
http://www.zhihu.com/people/ding-tian
http://www.zhihu.com/people/wang-yi-lian-45
http://www.zhihu.com/people/yang-yibo-23
http://www.zhihu.com/people/zhong-chen
http://www.zhihu.com/people/emwu
http://www.zhihu.com/people/chen-dong-dong-56
http://www.zhihu.com/people/alexpoo
http://www.zhihu.com/people/corsica
http://www.zhihu.com/people/sun-bo-46
http://www.zhihu.com/people/000088
http://www.zhihu.com/people/xie-jun-ting-53
http://www.zhihu.com/people/mtoc
http://www.zhihu.com/people/guo-da-ge
http://www.zhihu.com/people/yetone
http://www.zhihu.com/people/Janmy
http://www.zhihu.com/people/botong
http://www.zhihu.com/people/zhihu_weekly
http://www.zhihu.com/people/wwzcxqc
http://www.zhihu.com/people/cucjasonlee
http://www.zhihu.com/people/xuan-ran-39
http://www.zhihu.com/people/yanomami
http://www.zhihu.com/people/li-zuo-le
http://www.zhihu.com/people/candy-41
http://www.zhihu.com/people/muffin-yep
http://www.zhihu.com/people/samyhello
http://www.zhihu.com/people/sun-hao-ting
http://www.zhihu.com/people/zhu-xiao-wu-77
http://www.zhihu.com/people/liu-zhi-guo-4
http://www.zhihu.com/people/blackswan
http://www.zhihu.com/people/qiu-ling-66
http://www.zhihu.com/people/mqqq39
http://www.zhihu.com/people/lin-wang-wei
http://www.zhihu.com/people/zhao-lei-6-77
http://www.zhihu.com/people/zhang-xiao-fan-25-69
http://www.zhihu.com/people/yaochenhao
http://www.zhihu.com/people/wen-tao-4
http://www.zhihu.com/people/huxiaoyi
http://www.zhihu.com/people/luoxiaohua
http://www.zhihu.com/people/mark-wang-7
http://www.zhihu.com/people/he-ji-49
http://www.zhihu.com/people/sellsoda
http://www.zhihu.com/people/lan-bo-54
http://www.zhihu.com/people/walter-snow
http://www.zhihu.com/people/zhao-tian-ba
http://www.zhihu.com/people/jiang-qiao-lu
http://www.zhihu.com/people/lloyd_75
http://www.zhihu.com/people/jiroas
http://www.zhihu.com/people/dahai-61
http://www.zhihu.com/people/wu-mi-58
http://www.zhihu.com/people/runtion
http://www.zhihu.com/people/bo-wen-49
http://www.zhihu.com/people/chen-hua-liang
http://www.zhihu.com/people/wang-yan-98-4
http://www.zhihu.com/people/liu-dong-fu
http://www.zhihu.com/people/xue-heng
http://www.zhihu.com/people/yandeng
http://www.zhihu.com/people/dong-zhi-zhi
http://www.zhihu.com/people/wei-yong-xin
http://www.zhihu.com/people/superyu-mi-jiang
http://www.zhihu.com/people/li-bin-72
http://www.zhihu.com/people/zhang-yi-yi-63
http://www.zhihu.com/people/ling-feng-mo-ran
http://www.zhihu.com/people/yang-tian-nan
http://www.zhihu.com/people/yangtianyin
http://www.zhihu.com/people/tian-nan-gua
http://www.zhihu.com/people/scarlett-27
http://www.zhihu.com/people/que-xing-lasia
http://www.zhihu.com/people/du-yu-64
http://www.zhihu.com/people/jessie-chia-34
http://www.zhihu.com/people/liang-xiao-mi-44
http://www.zhihu.com/people/techoxygen
http://www.zhihu.com/people/najja
http://www.zhihu.com/people/chopsticks
http://www.zhihu.com/people/fan-shou-yu
http://www.zhihu.com/people/jin-yi-nuo
http://www.zhihu.com/people/limonzhou
http://www.zhihu.com/people/xu-chong-bo
http://www.zhihu.com/people/lin-jian-14
http://www.zhihu.com/people/zhu-zi-80
http://www.zhihu.com/people/queenathrun
http://www.zhihu.com/people/wqh-pure
http://www.zhihu.com/people/lu-xing-yu-42
http://www.zhihu.com/people/zhao-de-zhu-17
http://www.zhihu.com/people/wang-rong-85
http://www.zhihu.com/people/liu-zhu-50
http://www.zhihu.com/people/zhang-lei-12-60
http://www.zhihu.com/people/liu-min-58-2
http://www.zhihu.com/people/qian-jing-wei
http://www.zhihu.com/people/lou-ge
http://www.zhihu.com/people/zha-si-ting
http://www.zhihu.com/people/mo-ya-95
http://www.zhihu.com/people/liu-ao-qi
http://www.zhihu.com/people/zhou-fang-30
http://www.zhihu.com/people/K590s
http://www.zhihu.com/people/song-tian-zhu
http://www.zhihu.com/people/ruan-bei-qia
http://www.zhihu.com/people/bailob
http://www.zhihu.com/people/charlie-choi
http://www.zhihu.com/people/fajia
http://www.zhihu.com/people/meng-shui-yi-mou
http://www.zhihu.com/people/xiao-zhi-69-4
http://www.zhihu.com/people/davidqin
http://www.zhihu.com/people/ni-qian-yun
http://www.zhihu.com/people/neonyasushi
http://www.zhihu.com/people/jiang-xiao-mao
http://www.zhihu.com/people/zhang-cheng-yang
http://www.zhihu.com/people/tou-che
http://www.zhihu.com/people/THEROYBOTHS
http://www.zhihu.com/people/wang-yifan-30
http://www.zhihu.com/people/viviangel
http://www.zhihu.com/people/jiu-ling-43
http://www.zhihu.com/people/chen-yi-huan
http://www.zhihu.com/people/memento-mori
http://www.zhihu.com/people/huceo
http://www.zhihu.com/people/hong-yi
http://www.zhihu.com/people/xu-da-jun-51
http://www.zhihu.com/people/gang-zi-70
http://www.zhihu.com/people/mu-zi-li-75-13
http://www.zhihu.com/people/yangluhan1990
http://www.zhihu.com/people/bbsunchen
http://www.zhihu.com/people/fan-hua-wen
http://www.zhihu.com/people/dropby
http://www.zhihu.com/people/tao-pang-zi
http://www.zhihu.com/people/li-rou-xing
http://www.zhihu.com/people/zhang-rui-tao
http://www.zhihu.com/people/anyi90
http://www.zhihu.com/people/jollylui
http://www.zhihu.com/people/huang-lei-67
http://www.zhihu.com/people/wang-kun-18
http://www.zhihu.com/people/zya-ran
http://www.zhihu.com/people/lu-ren-jun-37
http://www.zhihu.com/people/9tail
http://www.zhihu.com/people/sin-51
http://www.zhihu.com/people/lu-ming-hao
http://www.zhihu.com/people/zhao-ze-ren-56
http://www.zhihu.com/people/peiyang1895
http://www.zhihu.com/people/zhou-zhi-zhi
http://www.zhihu.com/people/niu-han-han
http://www.zhihu.com/people/cartman
http://www.zhihu.com/people/ding-zhao-sai
http://www.zhihu.com/people/yang-mi-34
http://www.zhihu.com/people/wei-qing-min
http://www.zhihu.com/people/bboczeng
http://www.zhihu.com/people/tomorrow
http://www.zhihu.com/people/bai-heng-57
http://www.zhihu.com/people/AdamWong
http://www.zhihu.com/people/reyn-pei
http://www.zhihu.com/people/yang-xiao-lin-42-7
http://www.zhihu.com/people/bai-yan-shang-guan
http://www.zhihu.com/people/wuhongjian
http://www.zhihu.com/people/liu-hao-ran-57
http://www.zhihu.com/people/kings-90
http://www.zhihu.com/people/li-xin-38-88
http://www.zhihu.com/people/yan-xiao-ni
http://www.zhihu.com/people/liang-jin-yong
http://www.zhihu.com/people/feversun
http://www.zhihu.com/people/luoxr
http://www.zhihu.com/people/colorLee
http://www.zhihu.com/people/Paitanapilahmima
http://www.zhihu.com/people/sranky
http://www.zhihu.com/people/wang-dong-fang-74
http://www.zhihu.com/people/ding-sai-di
http://www.zhihu.com/people/weng-xiao-cong
http://www.zhihu.com/people/an-zhi-25
http://www.zhihu.com/people/zhuang-biao-wei
http://www.zhihu.com/people/sun-bai
http://www.zhihu.com/people/xiao-jian-ren-71
http://www.zhihu.com/people/zhu-yu-han-6
http://www.zhihu.com/people/there4
http://www.zhihu.com/people/feng-bo-zhao
http://www.zhihu.com/people/xiao-sha-93
http://www.zhihu.com/people/li-zhi-sheng-66
http://www.zhihu.com/people/suo-er-49
http://www.zhihu.com/people/tony-hong-43
http://www.zhihu.com/people/ni-zai-cai
http://www.zhihu.com/people/tom-j
http://www.zhihu.com/people/chouthen
http://www.zhihu.com/people/yang-jiang-he
http://www.zhihu.com/people/tao-xiao-bai
http://www.zhihu.com/people/han-yan-hui
http://www.zhihu.com/people/xie-yicheng
http://www.zhihu.com/people/wang-yuan-66-5
http://www.zhihu.com/people/tantou
http://www.zhihu.com/people/zhang-hao-22
http://www.zhihu.com/people/detwin
http://www.zhihu.com/people/shFung_dee
http://www.zhihu.com/people/chendayun
http://www.zhihu.com/people/jixin
http://www.zhihu.com/people/jiang-xue-qian
http://www.zhihu.com/people/meng-gai-xing
http://www.zhihu.com/people/wang-xue-ni
http://www.zhihu.com/people/hao-ao-fu
http://www.zhihu.com/people/byewon
http://www.zhihu.com/people/breeze
http://www.zhihu.com/people/sanxingju
http://www.zhihu.com/people/peng-fei-65
http://www.zhihu.com/people/xuyankang
http://www.zhihu.com/people/namiheike
http://www.zhihu.com/people/li-zhen-huan
http://www.zhihu.com/people/rincolor
http://www.zhihu.com/people/dxqtm
http://www.zhihu.com/people/dion
http://www.zhihu.com/people/wang-xin-ting
http://www.zhihu.com/people/chenbailing
http://www.zhihu.com/people/weijiang
http://www.zhihu.com/people/tassandar
http://www.zhihu.com/people/sonic-16
http://www.zhihu.com/people/chenghan
http://www.zhihu.com/people/da-bo-luo-20
http://www.zhihu.com/people/ban-ya-tu
http://www.zhihu.com/people/bombless
http://www.zhihu.com/people/ling-hai-xiao
http://www.zhihu.com/people/cd147
http://www.zhihu.com/people/yskin
http://www.zhihu.com/people/tanronghui
http://www.zhihu.com/people/huang-lei-si
http://www.zhihu.com/people/sky-86-5
http://www.zhihu.com/people/dianxiaoxian
http://www.zhihu.com/people/tuhuoqiu
http://www.zhihu.com/people/ma-jia-chen
http://www.zhihu.com/people/huang-ping-bo
http://www.zhihu.com/people/xiabuda
http://www.zhihu.com/people/yao-da-shan
http://www.zhihu.com/people/wang-hai-15
http://www.zhihu.com/people/zerg-duan
http://www.zhihu.com/people/jia-hao-85
http://www.zhihu.com/people/umifam
http://www.zhihu.com/people/ooops
http://www.zhihu.com/people/you-zhi-qiang
http://www.zhihu.com/people/sun-jun-feng
http://www.zhihu.com/people/PeterDeng
http://www.zhihu.com/people/zhang-bo-wen
http://www.zhihu.com/people/wang-heng-tong
http://www.zhihu.com/people/li-jie-50
http://www.zhihu.com/people/zhangsimon
http://www.zhihu.com/people/yansisi
http://www.zhihu.com/people/qin-ying-si
http://www.zhihu.com/people/yang-cong-quan-man-tou
http://www.zhihu.com/people/tooyoung
http://www.zhihu.com/people/xuzhihong
http://www.zhihu.com/people/kondi
http://www.zhihu.com/people/Leon.zh
http://www.zhihu.com/people/zaiyiqi
http://www.zhihu.com/people/gsun3000
http://www.zhihu.com/people/tiankeshan
http://www.zhihu.com/people/han-xiao-guang
http://www.zhihu.com/people/tutuyang
http://www.zhihu.com/people/zhuang-peng
http://www.zhihu.com/people/Tan_
http://www.zhihu.com/people/puyun
http://www.zhihu.com/people/li-he-dong
http://www.zhihu.com/people/daydaytest
http://www.zhihu.com/people/dong-jun-lin
http://www.zhihu.com/people/zhou-rui-jin
