http://www.zhihu.com/people/shao-shao-6
http://www.zhihu.com/people/guo-lian-kai
http://www.zhihu.com/people/you-zi-41-94
http://www.zhihu.com/people/duo-ba-e-94-55
http://www.zhihu.com/people/a-xia-19
http://www.zhihu.com/people/jessie-chia-34
http://www.zhihu.com/people/feng-yifei
http://www.zhihu.com/people/lu-kan-hua
http://www.zhihu.com/people/tang-xiao-bai-39
http://www.zhihu.com/people/xiao-shen-ke-de-jiu-shu-19
http://www.zhihu.com/people/wu-zhi-15-9
http://www.zhihu.com/people/li-xiang-29
http://www.zhihu.com/people/ying-zi-xian-duo
http://www.zhihu.com/people/zheng-lao-san-73
http://www.zhihu.com/people/yang-yu-77-18
http://www.zhihu.com/people/mazimin
http://www.zhihu.com/people/lin-zhi-pei-61
http://www.zhihu.com/people/su-molly
http://www.zhihu.com/people/mark-ge-45
http://www.zhihu.com/people/zhi-ai-bu-meng
http://www.zhihu.com/people/a-jiu-13
http://www.zhihu.com/people/xiao-qi-26-22
http://www.zhihu.com/people/hu-ya-nan-11
http://www.zhihu.com/people/lu-ye-5
http://www.zhihu.com/people/li-lao-da-4
http://www.zhihu.com/people/fu-jian-bo-35
http://www.zhihu.com/people/fu-ling-yu
http://www.zhihu.com/people/fang-fei-43
http://www.zhihu.com/people/weida-cui
http://www.zhihu.com/people/Gpass
http://www.zhihu.com/people/luo-qiu-ya
http://www.zhihu.com/people/qiu-hong-yang
http://www.zhihu.com/people/huang-jie-li-76
http://www.zhihu.com/people/ouyangnufang
http://www.zhihu.com/people/YIZI136
http://www.zhihu.com/people/gph
http://www.zhihu.com/people/wang-che-48
http://www.zhihu.com/people/zheng-shi-hui
http://www.zhihu.com/people/proNdev
http://www.zhihu.com/people/ji-han-yu-72
http://www.zhihu.com/people/ai-ai-4
http://www.zhihu.com/people/lei-yu-53-95
http://www.zhihu.com/people/Haandlei
http://www.zhihu.com/people/ai-ai-shou-de-1989
http://www.zhihu.com/people/tang-yuan-3-45
http://www.zhihu.com/people/zhang-hai-yang-62
http://www.zhihu.com/people/yu-yuan-ting
http://www.zhihu.com/people/ding-er-ding
http://www.zhihu.com/people/LoveLBX
http://www.zhihu.com/people/ji-ke-ai
http://www.zhihu.com/people/you-zhu-ren
http://www.zhihu.com/people/yuan-you-tao-25
http://www.zhihu.com/people/li-wan-dan
http://www.zhihu.com/people/li-jun-jun-67
http://www.zhihu.com/people/bfjiaren
http://www.zhihu.com/people/tian-chen-liang-nan-51
http://www.zhihu.com/people/he-san-14
http://www.zhihu.com/people/wine-26
http://www.zhihu.com/people/zhuang-ze-lin-19
http://www.zhihu.com/people/da-shu-jiang
http://www.zhihu.com/people/zhang-nan-fang
http://www.zhihu.com/people/yu-ji-16-87
http://www.zhihu.com/people/cong-bo
http://www.zhihu.com/people/zhang-bao-bao-93
http://www.zhihu.com/people/wang-zhi-51-3
http://www.zhihu.com/people/lebroncn
http://www.zhihu.com/people/zheng-fang-hu
http://www.zhihu.com/people/cheng-san-de-long-mao
http://www.zhihu.com/people/da-wu-gu-niang
http://www.zhihu.com/people/dong-jiu-jiu
http://www.zhihu.com/people/yan-ye-26
http://www.zhihu.com/people/yuan-sui-33
http://www.zhihu.com/people/zhu-zhi-zhi-63
http://www.zhihu.com/people/li-chun-ming-38
http://www.zhihu.com/people/kimomo
http://www.zhihu.com/people/li-tie-zhu
http://www.zhihu.com/people/wang-yu-fan-66
http://www.zhihu.com/people/alan-30-1
http://www.zhihu.com/people/cui-tyler-26
http://www.zhihu.com/people/wang-hu-27
http://www.zhihu.com/people/ke-shi-an
http://www.zhihu.com/people/zhu-dan-huang
http://www.zhihu.com/people/lin-yu-feng-73
http://www.zhihu.com/people/jin-zai-zhong-86
http://www.zhihu.com/people/lou-ge-82
http://www.zhihu.com/people/zhang-pan-48
http://www.zhihu.com/people/mao-yi-ding
http://www.zhihu.com/people/wan-yi-55
http://www.zhihu.com/people/bignews
http://www.zhihu.com/people/zhu-rui-8
http://www.zhihu.com/people/xlzzs
http://www.zhihu.com/people/sun-zhe-dong
http://www.zhihu.com/people/li-niu-er
http://www.zhihu.com/people/Evelyn0908
http://www.zhihu.com/people/maoyaozi
http://www.zhihu.com/people/xu-pei-li
http://www.zhihu.com/people/jiang-feng-66-77
http://www.zhihu.com/people/qingbai
http://www.zhihu.com/people/dexter-47
http://www.zhihu.com/people/pip-99
http://www.zhihu.com/people/fu-shi-yi
http://www.zhihu.com/people/metalchrist
http://www.zhihu.com/people/yue-xu-64
http://www.zhihu.com/people/li-er-46
http://www.zhihu.com/people/wu-yang-4
http://www.zhihu.com/people/liu-chu-san
http://www.zhihu.com/people/zhao-yi-27
http://www.zhihu.com/people/duo-duo-9-33
http://www.zhihu.com/people/zhang-shu-24-36
http://www.zhihu.com/people/wang-xiao-shuan
http://www.zhihu.com/people/yan-fang-47
http://www.zhihu.com/people/wang-da-dan-15
http://www.zhihu.com/people/liang-ye-51
http://www.zhihu.com/people/tian-su-jun
http://www.zhihu.com/people/ren-xiao-miao
http://www.zhihu.com/people/oobayouzou
http://www.zhihu.com/people/wfloveyou
http://www.zhihu.com/people/wang-gui-peng-40
http://www.zhihu.com/people/li-xiao-hui-78
http://www.zhihu.com/people/Perfectman
http://www.zhihu.com/people/yuan-ze-wu
