http://www.zhihu.com/people/qiaomu
http://www.zhihu.com/people/jonson-fang
http://www.zhihu.com/people/BeansTang
http://www.zhihu.com/people/joeyzhang
http://www.zhihu.com/people/zheng-yue-feng-7
http://www.zhihu.com/people/meng-qing-lei
http://www.zhihu.com/people/liu-jie-bin
http://www.zhihu.com/people/xiao-an-52
http://www.zhihu.com/people/jianguang-wang
http://www.zhihu.com/people/swizar
http://www.zhihu.com/people/guo-hai-feng-60
http://www.zhihu.com/people/ferlysky
http://www.zhihu.com/people/betaer
http://www.zhihu.com/people/qiuqiaaa
http://www.zhihu.com/people/xu-eric-91
http://www.zhihu.com/people/zhu-xia-lei
http://www.zhihu.com/people/yinwei
http://www.zhihu.com/people/liu-dan-90-65
http://www.zhihu.com/people/Spinnist
http://www.zhihu.com/people/xiao-mo-35
http://www.zhihu.com/people/zhou-jiang-ling
http://www.zhihu.com/people/mo_no
http://www.zhihu.com/people/wang-wen-han-Ted
http://www.zhihu.com/people/eriri
http://www.zhihu.com/people/yanjj
http://www.zhihu.com/people/mo-jf
http://www.zhihu.com/people/qiu-xu-10
http://www.zhihu.com/people/jin-wei-50
http://www.zhihu.com/people/janesoong
http://www.zhihu.com/people/zheng-gui-ping
http://www.zhihu.com/people/shu-ba-ge
http://www.zhihu.com/people/bu-xiang
http://www.zhihu.com/people/feng-hao-84
http://www.zhihu.com/people/zhuang-chun-hui
http://www.zhihu.com/people/nie-jie-31
http://www.zhihu.com/people/yuan-gang-52
http://www.zhihu.com/people/qin-yue-91
http://www.zhihu.com/people/xiao-ma-30
http://www.zhihu.com/people/pao-zi-55
http://www.zhihu.com/people/jiang-hong-xi-28
http://www.zhihu.com/people/hu-xiao-41
http://www.zhihu.com/people/xuemng
http://www.zhihu.com/people/zhzh
http://www.zhihu.com/people/dang-dang-74
http://www.zhihu.com/people/hai-yang
http://www.zhihu.com/people/thinkdancer
http://www.zhihu.com/people/shikaijie
http://www.zhihu.com/people/guo-qu-ji
http://www.zhihu.com/people/ashej
http://www.zhihu.com/people/zyzhang
http://www.zhihu.com/people/ayr1
http://www.zhihu.com/people/wuvist
http://www.zhihu.com/people/v5liyang
http://www.zhihu.com/people/gui-sheng-74
http://www.zhihu.com/people/froyoe
http://www.zhihu.com/people/gao-gao-72
http://www.zhihu.com/people/da-xiao-38-44
http://www.zhihu.com/people/zhang-shao-nan
http://www.zhihu.com/people/ghyang
http://www.zhihu.com/people/zuimai
http://www.zhihu.com/people/rinchy
http://www.zhihu.com/people/neil-35-70
http://www.zhihu.com/people/jasine
http://www.zhihu.com/people/sun-cai
http://www.zhihu.com/people/peng-chuan
http://www.zhihu.com/people/shimengchen
http://www.zhihu.com/people/54yuri
http://www.zhihu.com/people/peteryao
http://www.zhihu.com/people/long-bing-hua
http://www.zhihu.com/people/derek1985
http://www.zhihu.com/people/TT-in_The-Wind
http://www.zhihu.com/people/jasondstar
http://www.zhihu.com/people/kafka-63
http://www.zhihu.com/people/basaja
http://www.zhihu.com/people/liu-xiang-78-83
http://www.zhihu.com/people/liu-zhen-66
http://www.zhihu.com/people/huo-jing-lun
http://www.zhihu.com/people/guishou
http://www.zhihu.com/people/francisfang
http://www.zhihu.com/people/dong-jia-ming-63
http://www.zhihu.com/people/zhang-liang-liang-99
http://www.zhihu.com/people/ahwing
http://www.zhihu.com/people/apprentice1989
http://www.zhihu.com/people/khowarizmi
http://www.zhihu.com/people/wu-jin-han
http://www.zhihu.com/people/li-xin-37-68
http://www.zhihu.com/people/kula-71
http://www.zhihu.com/people/evangong
http://www.zhihu.com/people/han-xiang-tong
http://www.zhihu.com/people/chen-dong-dong-56
http://www.zhihu.com/people/luo-kuan-40
http://www.zhihu.com/people/wang-zhen-xing-69
http://www.zhihu.com/people/vele
http://www.zhihu.com/people/jun-yi-14
http://www.zhihu.com/people/liwende
http://www.zhihu.com/people/pristina-mei
http://www.zhihu.com/people/ideastorm
http://www.zhihu.com/people/zhao-pei-heng
http://www.zhihu.com/people/BOYSO
http://www.zhihu.com/people/zhang-mei-hua
http://www.zhihu.com/people/finchwu
http://www.zhihu.com/people/leef
http://www.zhihu.com/people/1028
http://www.zhihu.com/people/zhu-yixin-42
http://www.zhihu.com/people/huip
http://www.zhihu.com/people/tanghaiyan
http://www.zhihu.com/people/maple-12-59
http://www.zhihu.com/people/huang-zhen-xin
http://www.zhihu.com/people/chun-nuan-hua-kai
http://www.zhihu.com/people/liuyu
http://www.zhihu.com/people/BardT
http://www.zhihu.com/people/miloqian
http://www.zhihu.com/people/pianbei
http://www.zhihu.com/people/hover-57
http://www.zhihu.com/people/zhang-ming-yun-97
http://www.zhihu.com/people/xi-tang-75
http://www.zhihu.com/people/zheng-fei
http://www.zhihu.com/people/paulagent
http://www.zhihu.com/people/aerofloyd
http://www.zhihu.com/people/kongmiao
http://www.zhihu.com/people/xiao-kun-82
http://www.zhihu.com/people/ihairuo
http://www.zhihu.com/people/zheng-zao-li
http://www.zhihu.com/people/unanus
http://www.zhihu.com/people/HansenHo
http://www.zhihu.com/people/jiaozhu
http://www.zhihu.com/people/rachel-xu-cn
http://www.zhihu.com/people/zhao-bing
http://www.zhihu.com/people/zu-ji-65
http://www.zhihu.com/people/zhu-xian-po
http://www.zhihu.com/people/wang-chuan-hong
http://www.zhihu.com/people/wu-chang-lin
http://www.zhihu.com/people/jersey-new
http://www.zhihu.com/people/zhengping
http://www.zhihu.com/people/wujinzhi
http://www.zhihu.com/people/mirra
http://www.zhihu.com/people/cong-guang-le
http://www.zhihu.com/people/kikiko
http://www.zhihu.com/people/heziliang
http://www.zhihu.com/people/fan_er
http://www.zhihu.com/people/yanghao
http://www.zhihu.com/people/chen-xi-95-95
http://www.zhihu.com/people/zhang-hu-pan
http://www.zhihu.com/people/wang-yu-cheng-2
http://www.zhihu.com/people/tan-ri-tian
http://www.zhihu.com/people/qichangxing
http://www.zhihu.com/people/wei-tao-3-17
http://www.zhihu.com/people/chen-ge-lei-79
http://www.zhihu.com/people/gao-jian-wu
http://www.zhihu.com/people/yujingye
http://www.zhihu.com/people/lin-yi-35-32
http://www.zhihu.com/people/chen-zhu-yu
http://www.zhihu.com/people/microtoby
http://www.zhihu.com/people/kong-rong-26
http://www.zhihu.com/people/qian-mao-mao-84
http://www.zhihu.com/people/shu-yun-36
http://www.zhihu.com/people/yang-yong-54-36
http://www.zhihu.com/people/yinbaodian
http://www.zhihu.com/people/neoworld
http://www.zhihu.com/people/wang-zhao-yu-2
http://www.zhihu.com/people/cha-ling
http://www.zhihu.com/people/SeanParker
http://www.zhihu.com/people/chenjianferrari
http://www.zhihu.com/people/daosong
http://www.zhihu.com/people/JohnLou
http://www.zhihu.com/people/yixin-21
http://www.zhihu.com/people/thoreau-84
http://www.zhihu.com/people/qing-liu-83-26
http://www.zhihu.com/people/he-yuan-sheng
http://www.zhihu.com/people/wang-wei-xiong
http://www.zhihu.com/people/joe-hero
http://www.zhihu.com/people/steven-80
http://www.zhihu.com/people/deasen
http://www.zhihu.com/people/chenqj
http://www.zhihu.com/people/jing-yuan
http://www.zhihu.com/people/hu-yang-80-71
http://www.zhihu.com/people/yasur
http://www.zhihu.com/people/shui-xiao-xian
http://www.zhihu.com/people/lian-dong-23
http://www.zhihu.com/people/rongyiren
http://www.zhihu.com/people/nyanzhang
http://www.zhihu.com/people/pan-wen-bo-45
http://www.zhihu.com/people/xiao-chu
http://www.zhihu.com/people/ran-ye
http://www.zhihu.com/people/delab
http://www.zhihu.com/people/guo-guo-99-90
http://www.zhihu.com/people/deng-zhi-bin
http://www.zhihu.com/people/wang-yu-qing-32
http://www.zhihu.com/people/gu-zhong-heng
http://www.zhihu.com/people/just-zhe
http://www.zhihu.com/people/ling-tian-81
http://www.zhihu.com/people/wensisunny
http://www.zhihu.com/people/qie-ge
http://www.zhihu.com/people/zhang-yi-fan-48
http://www.zhihu.com/people/xu-yi-yu-71
http://www.zhihu.com/people/gao-wen-jun
http://www.zhihu.com/people/zhang-xiao-qi-62
http://www.zhihu.com/people/lin-fan-34-30
http://www.zhihu.com/people/aehan-aehan
http://www.zhihu.com/people/jianzhang
http://www.zhihu.com/people/eric-chen-80
http://www.zhihu.com/people/guang-qian-yuan
http://www.zhihu.com/people/tianyishengshui
http://www.zhihu.com/people/shi-jun-88-5
http://www.zhihu.com/people/wang-hai-chuan
http://www.zhihu.com/people/wang-min-90
http://www.zhihu.com/people/ren-zhi-gang
http://www.zhihu.com/people/wang-dong-67
http://www.zhihu.com/people/niu-yu-60
http://www.zhihu.com/people/nndnnd
http://www.zhihu.com/people/chen-yun-50-59
http://www.zhihu.com/people/mvie
http://www.zhihu.com/people/iSONY
http://www.zhihu.com/people/pang-luan-luan
http://www.zhihu.com/people/redhobor
http://www.zhihu.com/people/shangfly
http://www.zhihu.com/people/lichengrant
http://www.zhihu.com/people/xie-xin-cheng
http://www.zhihu.com/people/he-er-76
http://www.zhihu.com/people/yun-yi-12
http://www.zhihu.com/people/jia-he-liang-jie
http://www.zhihu.com/people/steveyao
http://www.zhihu.com/people/chu-meng-meng
http://www.zhihu.com/people/luo-er-87
http://www.zhihu.com/people/zhao-jian-53
http://www.zhihu.com/people/mu-rong-you-yue-65
http://www.zhihu.com/people/jerry-zhang-26
http://www.zhihu.com/people/dizhe
http://www.zhihu.com/people/ceng-ke
http://www.zhihu.com/people/Chen-Yaning
http://www.zhihu.com/people/9527
http://www.zhihu.com/people/pan-yilu-7
http://www.zhihu.com/people/lyooivan
http://www.zhihu.com/people/gu-xin-59
http://www.zhihu.com/people/udoo
http://www.zhihu.com/people/li-shou-yin-89
http://www.zhihu.com/people/ichabod
http://www.zhihu.com/people/cocoalee
http://www.zhihu.com/people/-a-dong
http://www.zhihu.com/people/wang-duan-duan
http://www.zhihu.com/people/andyyu
http://www.zhihu.com/people/zhangyitao
http://www.zhihu.com/people/lei-lei-2-99
http://www.zhihu.com/people/zhao-xue-63
http://www.zhihu.com/people/liu-xiao-hao-38
http://www.zhihu.com/people/luo-chen-88
http://www.zhihu.com/people/atom-66
http://www.zhihu.com/people/duan-ling-tong
http://www.zhihu.com/people/IamLilianWang
http://www.zhihu.com/people/li-yu-chen-37
http://www.zhihu.com/people/lvpihuoche
http://www.zhihu.com/people/wangying1
http://www.zhihu.com/people/liu-zhiquan
http://www.zhihu.com/people/shevchenko-57
http://www.zhihu.com/people/xu-chen-15
http://www.zhihu.com/people/li-xiao-zhu-85-15
http://www.zhihu.com/people/xiao-sa-06-16
http://www.zhihu.com/people/zhu-dong-hui-53
http://www.zhihu.com/people/zhang-qian-13-68
http://www.zhihu.com/people/jiakon
http://www.zhihu.com/people/wen-huan-12
http://www.zhihu.com/people/baishijian
http://www.zhihu.com/people/rosicky311
http://www.zhihu.com/people/chen-chui-geng
http://www.zhihu.com/people/hu-tao-jia-zi-56
http://www.zhihu.com/people/jiang-dong-52
http://www.zhihu.com/people/ai-wen
http://www.zhihu.com/people/zhang-ying-zhou-91
http://www.zhihu.com/people/be-with-lele
http://www.zhihu.com/people/damon-88
http://www.zhihu.com/people/zhan-hao-xun
http://www.zhihu.com/people/lin-ji-xin
http://www.zhihu.com/people/lu-gui-chen-26
http://www.zhihu.com/people/treyC
http://www.zhihu.com/people/li-yuan-93
http://www.zhihu.com/people/lemolee
http://www.zhihu.com/people/wang-qing-83
http://www.zhihu.com/people/xxiu
http://www.zhihu.com/people/daisydeng-93
http://www.zhihu.com/people/fan-jun-fei-70
http://www.zhihu.com/people/wang-hu-li-10
http://www.zhihu.com/people/li-qi-19
http://www.zhihu.com/people/Dr_se7en
http://www.zhihu.com/people/chang-cheng-jiang
http://www.zhihu.com/people/wangtengchuan
http://www.zhihu.com/people/ljdy
http://www.zhihu.com/people/chen-hao-98-63
http://www.zhihu.com/people/chanhs
http://www.zhihu.com/people/liang-yu-fan
http://www.zhihu.com/people/zhong-ye-zi-49
http://www.zhihu.com/people/yang-zhao-wei-85
http://www.zhihu.com/people/joshua_wu
http://www.zhihu.com/people/horace
http://www.zhihu.com/people/walter-snow
http://www.zhihu.com/people/lin-bi-mgal
http://www.zhihu.com/people/zhuo-zhi-ying
http://www.zhihu.com/people/huhaitao
http://www.zhihu.com/people/iyucci
http://www.zhihu.com/people/shinrakueki
http://www.zhihu.com/people/sky-fall
http://www.zhihu.com/people/ge-yang-7
http://www.zhihu.com/people/liu-shao-peng
http://www.zhihu.com/people/zhang-wei-wei-88
http://www.zhihu.com/people/sun-lin-9
http://www.zhihu.com/people/wang-hong-ying-27
http://www.zhihu.com/people/da-van
http://www.zhihu.com/people/li-peng-yu
http://www.zhihu.com/people/namiheike
http://www.zhihu.com/people/bingoyao
http://www.zhihu.com/people/wang.xiang.yu
http://www.zhihu.com/people/wang-jia-lu-49
http://www.zhihu.com/people/oyster-bingqian
http://www.zhihu.com/people/hedichunxiao
http://www.zhihu.com/people/wang-xiao-73-19
http://www.zhihu.com/people/qsthink
http://www.zhihu.com/people/yao-hao-dong
http://www.zhihu.com/people/xmsumi
http://www.zhihu.com/people/jeff_lee
http://www.zhihu.com/people/isno
http://www.zhihu.com/people/zhan-qi-61-39
http://www.zhihu.com/people/wang-yi-fan-40
http://www.zhihu.com/people/surfly
http://www.zhihu.com/people/cai-ti-ran
http://www.zhihu.com/people/chen-wen-77
http://www.zhihu.com/people/GaoYihao
http://www.zhihu.com/people/xian-liwei
http://www.zhihu.com/people/shi-zhi-qiang-65
http://www.zhihu.com/people/fan-zhu-guo
http://www.zhihu.com/people/hai-hua
http://www.zhihu.com/people/runtion
http://www.zhihu.com/people/central-park
http://www.zhihu.com/people/li-fang-lei
http://www.zhihu.com/people/chen-wei-bin-40
http://www.zhihu.com/people/jiang-nan-39
http://www.zhihu.com/people/iuser
http://www.zhihu.com/people/yi-sen-8
http://www.zhihu.com/people/luoyyu
http://www.zhihu.com/people/wu-wen-kui
http://www.zhihu.com/people/yanhui
http://www.zhihu.com/people/viuviu
http://www.zhihu.com/people/barry.zhihu.com
http://www.zhihu.com/people/cheneydeng
http://www.zhihu.com/people/whamaya
http://www.zhihu.com/people/sun-ye-19
http://www.zhihu.com/people/Meteoric_cry
http://www.zhihu.com/people/godEGS
http://www.zhihu.com/people/ernst-zermelo
http://www.zhihu.com/people/bai-min-20
http://www.zhihu.com/people/shang-song
http://www.zhihu.com/people/weiba
http://www.zhihu.com/people/zhaojiahong
http://www.zhihu.com/people/li-dao-wu
http://www.zhihu.com/people/zhou-qiu-qiu-8
http://www.zhihu.com/people/liang-zi-2013
http://www.zhihu.com/people/guan-de-lei
http://www.zhihu.com/people/techoxygen
http://www.zhihu.com/people/ssssss
http://www.zhihu.com/people/wang-xiao-feng-73-62
http://www.zhihu.com/people/kalvin
http://www.zhihu.com/people/lucybin
http://www.zhihu.com/people/zhang-en-wen
http://www.zhihu.com/people/tearod
http://www.zhihu.com/people/Lawlie
http://www.zhihu.com/people/fang-cheng-78-32
http://www.zhihu.com/people/kongxin
http://www.zhihu.com/people/diecxters
http://www.zhihu.com/people/liu-shi-shi
http://www.zhihu.com/people/oweninboston
http://www.zhihu.com/people/elichang
http://www.zhihu.com/people/loafer
http://www.zhihu.com/people/zhang-shi-pu
http://www.zhihu.com/people/ceng-zhao-hao
http://www.zhihu.com/people/hifever
http://www.zhihu.com/people/natt
http://www.zhihu.com/people/samyhello
http://www.zhihu.com/people/peng-xiao-han
http://www.zhihu.com/people/li-shi-shan
http://www.zhihu.com/people/hu-yi-dong
http://www.zhihu.com/people/huanggengtao
http://www.zhihu.com/people/liu-de-47
http://www.zhihu.com/people/ithinker
http://www.zhihu.com/people/marcolai
http://www.zhihu.com/people/bojincheng
http://www.zhihu.com/people/wang-si-heng-gino
http://www.zhihu.com/people/taloschen
http://www.zhihu.com/people/yi-lan-57
http://www.zhihu.com/people/xiao-meng-60
http://www.zhihu.com/people/li-qing-cheng-95
http://www.zhihu.com/people/han-yan-hui
http://www.zhihu.com/people/nie-xin-sheng
http://www.zhihu.com/people/jwang-62
http://www.zhihu.com/people/he-yue-feng-32
http://www.zhihu.com/people/kimhuang-57
http://www.zhihu.com/people/ofshellohicy
http://www.zhihu.com/people/changeself
http://www.zhihu.com/people/shan-kui-zhang
http://www.zhihu.com/people/wang-xiao-qiang-92
http://www.zhihu.com/people/tonvin
http://www.zhihu.com/people/yeahyeah
http://www.zhihu.com/people/tao-ye-82
http://www.zhihu.com/people/li-si-tong
http://www.zhihu.com/people/wang-chu-cheng
http://www.zhihu.com/people/zhu-bo-tao
http://www.zhihu.com/people/bo-yi-42
http://www.zhihu.com/people/zisha360
http://www.zhihu.com/people/fuwocheng
http://www.zhihu.com/people/fu-tian-yuan
http://www.zhihu.com/people/hou-fang-bin
http://www.zhihu.com/people/fireracer
http://www.zhihu.com/people/jurtaxia
http://www.zhihu.com/people/ceeji
http://www.zhihu.com/people/inaoh
http://www.zhihu.com/people/jason-huang
http://www.zhihu.com/people/lin-yi-an
http://www.zhihu.com/people/hu-hao-lin
http://www.zhihu.com/people/caijinxin
http://www.zhihu.com/people/wenrongbing
http://www.zhihu.com/people/zhou-xiao-long-74-98
http://www.zhihu.com/people/fanhui
http://www.zhihu.com/people/huang-yue-xiang
http://www.zhihu.com/people/michelle-xin
http://www.zhihu.com/people/zheng-li-51
http://www.zhihu.com/people/san-pi
http://www.zhihu.com/people/KunHsu
http://www.zhihu.com/people/xiaxiangqi
http://www.zhihu.com/people/ding-chuan-74
http://www.zhihu.com/people/xia-yi-meng
http://www.zhihu.com/people/tianpan
http://www.zhihu.com/people/yan-er-jane
http://www.zhihu.com/people/shenyou354
http://www.zhihu.com/people/xuwenlong
http://www.zhihu.com/people/lonnyliang
http://www.zhihu.com/people/li-yan-yan-57-61
http://www.zhihu.com/people/tigerinme
http://www.zhihu.com/people/ceelog
http://www.zhihu.com/people/li-wei-si-303
http://www.zhihu.com/people/wang-xin-wen-61
http://www.zhihu.com/people/song-li-58
http://www.zhihu.com/people/shitianxiao
http://www.zhihu.com/people/salleeshi
http://www.zhihu.com/people/leviou
http://www.zhihu.com/people/doors
http://www.zhihu.com/people/upup
http://www.zhihu.com/people/huangdx
http://www.zhihu.com/people/ma-jian-jun-59
http://www.zhihu.com/people/MrY0902
http://www.zhihu.com/people/maxzhang
http://www.zhihu.com/people/li-yan-76-62
http://www.zhihu.com/people/lai-fan-5
http://www.zhihu.com/people/braite
http://www.zhihu.com/people/aeonwang
http://www.zhihu.com/people/boyan
http://www.zhihu.com/people/feng-kui-zhi
http://www.zhihu.com/people/wang-yifan-30
http://www.zhihu.com/people/mu-ke-liu-fang
http://www.zhihu.com/people/xing-yun-88
http://www.zhihu.com/people/nonesuccess
http://www.zhihu.com/people/goldegg
http://www.zhihu.com/people/ai-ya-xiao-qiu
http://www.zhihu.com/people/echodu
http://www.zhihu.com/people/stevin-li
http://www.zhihu.com/people/wang-zhi-cong
http://www.zhihu.com/people/myersguo
http://www.zhihu.com/people/chen-yu-zhou-57
http://www.zhihu.com/people/liangyingnicole
http://www.zhihu.com/people/appleetliupei
http://www.zhihu.com/people/madonion
http://www.zhihu.com/people/linkoubian
http://www.zhihu.com/people/rao-yu
http://www.zhihu.com/people/welco
http://www.zhihu.com/people/cnpmf
http://www.zhihu.com/people/huangjingyun
http://www.zhihu.com/people/thkroc
http://www.zhihu.com/people/zhang-guo-yu
http://www.zhihu.com/people/newg
http://www.zhihu.com/people/shi-kai-54
http://www.zhihu.com/people/erix-zhang
http://www.zhihu.com/people/li-hong-72
http://www.zhihu.com/people/yi-da-sen
http://www.zhihu.com/people/qin-gen
http://www.zhihu.com/people/hua-cuo
http://www.zhihu.com/people/wang-zu-shan
http://www.zhihu.com/people/tao-tie-32
http://www.zhihu.com/people/lincoln-xie
http://www.zhihu.com/people/huxing0625
http://www.zhihu.com/people/qiaoxiansheng
http://www.zhihu.com/people/tang-xiao-ao
http://www.zhihu.com/people/liqineva
http://www.zhihu.com/people/dong-li-dong-li
http://www.zhihu.com/people/wang-ke-yang
http://www.zhihu.com/people/zhibuzhi
http://www.zhihu.com/people/liu-kun-62-90
http://www.zhihu.com/people/hushering
http://www.zhihu.com/people/su-zhe-16
http://www.zhihu.com/people/xi-yun-77
http://www.zhihu.com/people/agentzero
http://www.zhihu.com/people/keika
http://www.zhihu.com/people/woodboy456
http://www.zhihu.com/people/wuzhejun
http://www.zhihu.com/people/ou-yang-yong
http://www.zhihu.com/people/xu-dan-dan-27
http://www.zhihu.com/people/lijianjian
http://www.zhihu.com/people/gsq09
http://www.zhihu.com/people/douzi
http://www.zhihu.com/people/zhang-yi-gang
http://www.zhihu.com/people/wu-yi-fan-79
http://www.zhihu.com/people/yangpeng
http://www.zhihu.com/people/huang-hao-73
http://www.zhihu.com/people/wang-hao-yuan-44
http://www.zhihu.com/people/Paitanapilahmima
http://www.zhihu.com/people/jin-duo-93
http://www.zhihu.com/people/chen-wang-jiang
http://www.zhihu.com/people/ahrenng
http://www.zhihu.com/people/sagasw
http://www.zhihu.com/people/chun-sheng-9
http://www.zhihu.com/people/www.asfreya.com
http://www.zhihu.com/people/ilook
http://www.zhihu.com/people/taby
http://www.zhihu.com/people/cheng-jun-900
http://www.zhihu.com/people/virgoss
http://www.zhihu.com/people/li-ai-86
http://www.zhihu.com/people/hou-run-tian
http://www.zhihu.com/people/x_gy
http://www.zhihu.com/people/lichao
http://www.zhihu.com/people/kurt-liu
http://www.zhihu.com/people/GilgameshK
http://www.zhihu.com/people/rose-61
http://www.zhihu.com/people/zvicky
http://www.zhihu.com/people/wang-zhi-zhi-82
http://www.zhihu.com/people/guo-feng-44
http://www.zhihu.com/people/heropotato
http://www.zhihu.com/people/huang-zhi-93
http://www.zhihu.com/people/panluan
http://www.zhihu.com/people/idwalker
http://www.zhihu.com/people/huang-wei-12-62
http://www.zhihu.com/people/iwanglian
http://www.zhihu.com/people/lin-cui
http://www.zhihu.com/people/liu-hong-chen
http://www.zhihu.com/people/dakewang
http://www.zhihu.com/people/javen
http://www.zhihu.com/people/fengyongzhi
http://www.zhihu.com/people/lizhanhui
http://www.zhihu.com/people/a-da
http://www.zhihu.com/people/wei-hua-yuan
http://www.zhihu.com/people/scarlett982
http://www.zhihu.com/people/guo-jing
http://www.zhihu.com/people/wuweibo
http://www.zhihu.com/people/wangweizhe
http://www.zhihu.com/people/jinwei536
http://www.zhihu.com/people/orzwind
http://www.zhihu.com/people/rickyliu
http://www.zhihu.com/people/cheng-fang-hang
http://www.zhihu.com/people/mu-tian-80
http://www.zhihu.com/people/yang-min-81
http://www.zhihu.com/people/yin-xiao-zha
http://www.zhihu.com/people/zhuchongyang
http://www.zhihu.com/people/kuaiji
http://www.zhihu.com/people/@look
http://www.zhihu.com/people/twofrogs
http://www.zhihu.com/people/winglechen
http://www.zhihu.com/people/wu-di
http://www.zhihu.com/people/bietian
http://www.zhihu.com/people/tang-xi-fan
http://www.zhihu.com/people/zhouc-64
http://www.zhihu.com/people/shi-teng-long
http://www.zhihu.com/people/fan-he-40
http://www.zhihu.com/people/ge-hui
http://www.zhihu.com/people/jian-peng-10
http://www.zhihu.com/people/nhsoft
http://www.zhihu.com/people/yshone
http://www.zhihu.com/people/peng-hui-jian
http://www.zhihu.com/people/chi-lin
http://www.zhihu.com/people/liu-xiao-yu-46
http://www.zhihu.com/people/youlingcn
http://www.zhihu.com/people/wang-xiao-mo-27
http://www.zhihu.com/people/bug_ahoy
http://www.zhihu.com/people/sellsoda
http://www.zhihu.com/people/kuang-pei-lici
http://www.zhihu.com/people/garhom
http://www.zhihu.com/people/sui-feng-56
http://www.zhihu.com/people/zhao-shu-chen-29
http://www.zhihu.com/people/fang-hao-9
http://www.zhihu.com/people/benzhang
http://www.zhihu.com/people/yuan-jun-74
http://www.zhihu.com/people/he-de-wen
http://www.zhihu.com/people/lucio
http://www.zhihu.com/people/danielwu89
http://www.zhihu.com/people/haiger-25
http://www.zhihu.com/people/vincent-wang-20
http://www.zhihu.com/people/chen-tian-li
http://www.zhihu.com/people/teng-xin
http://www.zhihu.com/people/yan-tou
http://www.zhihu.com/people/po-dai
http://www.zhihu.com/people/gaohaining
http://www.zhihu.com/people/li-bai-he-62
http://www.zhihu.com/people/running0109
http://www.zhihu.com/people/huang-kun-95
http://www.zhihu.com/people/zengjiajun
http://www.zhihu.com/people/tulongxia
http://www.zhihu.com/people/tongjinghao
http://www.zhihu.com/people/changbinli
http://www.zhihu.com/people/godling
http://www.zhihu.com/people/zhang-wan-tao-24
http://www.zhihu.com/people/yang-cong-quan-man-tou
http://www.zhihu.com/people/bei-hu
http://www.zhihu.com/people/ouzy
http://www.zhihu.com/people/dizzarz
http://www.zhihu.com/people/pan-deng-86
http://www.zhihu.com/people/wmichelle
http://www.zhihu.com/people/song-zong-mei
http://www.zhihu.com/people/mi-lan-ge
http://www.zhihu.com/people/tianji-li
http://www.zhihu.com/people/xue-dong-yuan
http://www.zhihu.com/people/cyishere
http://www.zhihu.com/people/peterlu
http://www.zhihu.com/people/rainvoo
http://www.zhihu.com/people/liu-da-chun-68
http://www.zhihu.com/people/sparrow
http://www.zhihu.com/people/cheng-zeng-cun
http://www.zhihu.com/people/paul-shadow
http://www.zhihu.com/people/tian-li-bin
http://www.zhihu.com/people/a-hun
http://www.zhihu.com/people/wow808
http://www.zhihu.com/people/juxuejian
http://www.zhihu.com/people/pmstone
http://www.zhihu.com/people/kisufans
http://www.zhihu.com/people/jazziris
http://www.zhihu.com/people/charmgene
http://www.zhihu.com/people/zhizhiyang
http://www.zhihu.com/people/eric-zhao
http://www.zhihu.com/people/sanxingju
http://www.zhihu.com/people/guo-wei-86
http://www.zhihu.com/people/gxzc73
http://www.zhihu.com/people/cotion
http://www.zhihu.com/people/cycyril
http://www.zhihu.com/people/thinkind
http://www.zhihu.com/people/wu-xiao-qiang-83
http://www.zhihu.com/people/vision-31
http://www.zhihu.com/people/dyno
http://www.zhihu.com/people/dongdongcdy
http://www.zhihu.com/people/laser
http://www.zhihu.com/people/moxi
http://www.zhihu.com/people/zhouxiaohua
http://www.zhihu.com/people/wuming
http://www.zhihu.com/people/xianglifei
http://www.zhihu.com/people/GTK
http://www.zhihu.com/people/hu-zhen-sheng
http://www.zhihu.com/people/liji2046
http://www.zhihu.com/people/wei-zhi-cheng
http://www.zhihu.com/people/wei-bo-yang
http://www.zhihu.com/people/noupcn
http://www.zhihu.com/people/hangzhi
http://www.zhihu.com/people/zhang-tang-89
http://www.zhihu.com/people/sun-wu-neng
http://www.zhihu.com/people/wu-wei-96-47
http://www.zhihu.com/people/zhang-peng-1
http://www.zhihu.com/people/wu-shuang-82
http://www.zhihu.com/people/saraxue
http://www.zhihu.com/people/subucuo
http://www.zhihu.com/people/cuniao
http://www.zhihu.com/people/zhang-xin-93
http://www.zhihu.com/people/zhou-lei-4-25
http://www.zhihu.com/people/hongju-yang
http://www.zhihu.com/people/T-O-M
http://www.zhihu.com/people/libertrand
http://www.zhihu.com/people/wu-you-cai
http://www.zhihu.com/people/cai-guo-hai
http://www.zhihu.com/people/asics
http://www.zhihu.com/people/neo-70
http://www.zhihu.com/people/pb612
http://www.zhihu.com/people/Xue
http://www.zhihu.com/people/zengmin
http://www.zhihu.com/people/wang-qiang-4
http://www.zhihu.com/people/lao-xiao-nie
http://www.zhihu.com/people/renxue
http://www.zhihu.com/people/vagrant
http://www.zhihu.com/people/zhouchi
http://www.zhihu.com/people/orpheus
http://www.zhihu.com/people/wei-lei-32
http://www.zhihu.com/people/zhounan
http://www.zhihu.com/people/dongweiming
http://www.zhihu.com/people/heglin
http://www.zhihu.com/people/dawnray
http://www.zhihu.com/people/frank-52
http://www.zhihu.com/people/andreww
http://www.zhihu.com/people/richard.g
http://www.zhihu.com/people/patrickluo
http://www.zhihu.com/people/sara-38
http://www.zhihu.com/people/yi-ran-40
http://www.zhihu.com/people/ruan-chang-feng
http://www.zhihu.com/people/jiang-yu-zheng-49
http://www.zhihu.com/people/oogoo
http://www.zhihu.com/people/superwyh
http://www.zhihu.com/people/zhuxiaodong
http://www.zhihu.com/people/yeky
http://www.zhihu.com/people/gifts
http://www.zhihu.com/people/will-wang-69
http://www.zhihu.com/people/liqiao
http://www.zhihu.com/people/hugebear
http://www.zhihu.com/people/liangbing
http://www.zhihu.com/people/mattyy
http://www.zhihu.com/people/pyhaohao
http://www.zhihu.com/people/angel0610
http://www.zhihu.com/people/softsword
http://www.zhihu.com/people/liang-peng-cheng-70
http://www.zhihu.com/people/wang-ke-ke-20
http://www.zhihu.com/people/heretic
http://www.zhihu.com/people/zhao-jian-wen
http://www.zhihu.com/people/zhen-zhen-95
http://www.zhihu.com/people/wang-li-nuo-77-51
http://www.zhihu.com/people/du-wen-bin-34
http://www.zhihu.com/people/yang-xuan-78
http://www.zhihu.com/people/qinmingyuan
http://www.zhihu.com/people/hui-zhu-zi
http://www.zhihu.com/people/endlessturelove
http://www.zhihu.com/people/xinghency
http://www.zhihu.com/people/wuweiyang
http://www.zhihu.com/people/shu-yin
http://www.zhihu.com/people/SailYang
http://www.zhihu.com/people/garthz
http://www.zhihu.com/people/nilson
http://www.zhihu.com/people/William_zh
http://www.zhihu.com/people/sasiky
http://www.zhihu.com/people/lanqy
http://www.zhihu.com/people/imxiaofeng
http://www.zhihu.com/people/harbuzi
http://www.zhihu.com/people/fireos
http://www.zhihu.com/people/eilif
http://www.zhihu.com/people/wingman
http://www.zhihu.com/people/ezidane
http://www.zhihu.com/people/THFQ
http://www.zhihu.com/people/hydeyuan
http://www.zhihu.com/people/gao-pan
http://www.zhihu.com/people/sanjing
http://www.zhihu.com/people/yao-qing-tao
http://www.zhihu.com/people/netsos
http://www.zhihu.com/people/lynnling-yun
http://www.zhihu.com/people/manan
http://www.zhihu.com/people/zhang-yong-hao
http://www.zhihu.com/people/zhang-jin-jiang
http://www.zhihu.com/people/Steph
http://www.zhihu.com/people/shao-you
http://www.zhihu.com/people/xiao-bin
http://www.zhihu.com/people/ihuabing
http://www.zhihu.com/people/li-bin-45
http://www.zhihu.com/people/weifx
http://www.zhihu.com/people/chen-ding-ding
http://www.zhihu.com/people/linktalk
http://www.zhihu.com/people/programtic
http://www.zhihu.com/people/liu-hao-ran-57
http://www.zhihu.com/people/stardust
http://www.zhihu.com/people/liu-tian-34
http://www.zhihu.com/people/qiu-chen-17
http://www.zhihu.com/people/guo-guo-27
http://www.zhihu.com/people/yangshuai
http://www.zhihu.com/people/dai-xiao-bin
http://www.zhihu.com/people/vember
http://www.zhihu.com/people/wang-tao-43-95
http://www.zhihu.com/people/yu-ming-gu-wen-chen-tao
http://www.zhihu.com/people/pycsky
http://www.zhihu.com/people/rincolor
http://www.zhihu.com/people/jeanchen
http://www.zhihu.com/people/shenjiayou
http://www.zhihu.com/people/zhou-sheng-89
http://www.zhihu.com/people/heavenslv
http://www.zhihu.com/people/cookie-3
http://www.zhihu.com/people/yangxi
http://www.zhihu.com/people/yolein
http://www.zhihu.com/people/wubingjian
http://www.zhihu.com/people/qin-peng-18
http://www.zhihu.com/people/aaron.logosun
http://www.zhihu.com/people/yarkee
http://www.zhihu.com/people/justinby
http://www.zhihu.com/people/stevenwung
http://www.zhihu.com/people/liuxin
http://www.zhihu.com/people/Sam_Su
http://www.zhihu.com/people/wu-zhen-dong
http://www.zhihu.com/people/piao-piao-tang
http://www.zhihu.com/people/simonw
http://www.zhihu.com/people/wang-xiang-juan
http://www.zhihu.com/people/zhang-xiao-er-76
http://www.zhihu.com/people/cuizhanya
http://www.zhihu.com/people/wang-di
http://www.zhihu.com/people/gu-hui-63
http://www.zhihu.com/people/xuechengxi
http://www.zhihu.com/people/mo-bing-quan
http://www.zhihu.com/people/whale
http://www.zhihu.com/people/guanwei
http://www.zhihu.com/people/li-jian-bo
http://www.zhihu.com/people/eleven
http://www.zhihu.com/people/fatianxia
http://www.zhihu.com/people/care
http://www.zhihu.com/people/ashulo
http://www.zhihu.com/people/violet
http://www.zhihu.com/people/xie-zi-ang
http://www.zhihu.com/people/puyun
http://www.zhihu.com/people/wang-zi-yuan
http://www.zhihu.com/people/Ataraxia002
http://www.zhihu.com/people/sheng-xin-hua
http://www.zhihu.com/people/raoyi
http://www.zhihu.com/people/greysign
http://www.zhihu.com/people/jerryzy
http://www.zhihu.com/people/oceanwaga
http://www.zhihu.com/people/wang-jun-18
http://www.zhihu.com/people/qijing
http://www.zhihu.com/people/xiong-xiao-xiong-16
http://www.zhihu.com/people/qinlang
http://www.zhihu.com/people/tinyyuan
http://www.zhihu.com/people/plhwin
http://www.zhihu.com/people/huang-peng-xiao
http://www.zhihu.com/people/vanderick
http://www.zhihu.com/people/shirley-1
http://www.zhihu.com/people/spirit-dongdong
http://www.zhihu.com/people/chen-zhe-53
http://www.zhihu.com/people/nihao
http://www.zhihu.com/people/diff
http://www.zhihu.com/people/chuenlungwang
http://www.zhihu.com/people/zhoulei123
http://www.zhihu.com/people/kinga
http://www.zhihu.com/people/wang-bi-bo
http://www.zhihu.com/people/tang-gang-87
http://www.zhihu.com/people/zhu-jun-qiang
http://www.zhihu.com/people/lao-zhua-gong-zhu
http://www.zhihu.com/people/wang-jiang-long
http://www.zhihu.com/people/wu-di-zhou
http://www.zhihu.com/people/caoxiongfeng
http://www.zhihu.com/people/dong-ming-76
http://www.zhihu.com/people/dan-chao-9
http://www.zhihu.com/people/qzhken
http://www.zhihu.com/people/zhanghe
http://www.zhihu.com/people/peng-xiao-bai
http://www.zhihu.com/people/altonchou
http://www.zhihu.com/people/pilo
http://www.zhihu.com/people/kcwh
http://www.zhihu.com/people/peng-hao-6
http://www.zhihu.com/people/baoz
http://www.zhihu.com/people/jin-da-wei-48
http://www.zhihu.com/people/zhangyiland
http://www.zhihu.com/people/zhang-xing-80
http://www.zhihu.com/people/yangwencao
http://www.zhihu.com/people/rexor
http://www.zhihu.com/people/zhang-rui-66-74
http://www.zhihu.com/people/li-yi-bin
http://www.zhihu.com/people/summy
http://www.zhihu.com/people/anyan
http://www.zhihu.com/people/yin-zheng-jun
http://www.zhihu.com/people/di-hui
http://www.zhihu.com/people/huang-hai-62
http://www.zhihu.com/people/yichen
http://www.zhihu.com/people/michaelluyang
http://www.zhihu.com/people/cswhjiang
http://www.zhihu.com/people/ihanqi
http://www.zhihu.com/people/zhang-feng-52
http://www.zhihu.com/people/li-wen-peng
http://www.zhihu.com/people/zhang-an-na
http://www.zhihu.com/people/lenbo
http://www.zhihu.com/people/mo0o0fsjmf0icbi
http://www.zhihu.com/people/crystal90
http://www.zhihu.com/people/han-guang-ming
http://www.zhihu.com/people/liu-xiao-93
http://www.zhihu.com/people/Ansonyi
http://www.zhihu.com/people/bg365net
http://www.zhihu.com/people/ok123
http://www.zhihu.com/people/seanlmm
http://www.zhihu.com/people/hongbingji
http://www.zhihu.com/people/cheng-hu
http://www.zhihu.com/people/luo-biao
http://www.zhihu.com/people/xirurensheng
http://www.zhihu.com/people/su-jin-he
http://www.zhihu.com/people/sun-yi-86
http://www.zhihu.com/people/nsep9527
http://www.zhihu.com/people/emix
http://www.zhihu.com/people/jasonl
http://www.zhihu.com/people/hushuqi
http://www.zhihu.com/people/quxiaopei
http://www.zhihu.com/people/lilizong
http://www.zhihu.com/people/zhang-wei-92-14
http://www.zhihu.com/people/zthinking
http://www.zhihu.com/people/robbins
http://www.zhihu.com/people/wu-kai-lun
http://www.zhihu.com/people/kikoyang
http://www.zhihu.com/people/li-hui-21
http://www.zhihu.com/people/ni-quan
http://www.zhihu.com/people/airbob
http://www.zhihu.com/people/cao-yang-9
http://www.zhihu.com/people/zhangjixiang
http://www.zhihu.com/people/liuyuchao
http://www.zhihu.com/people/zhao-sir
http://www.zhihu.com/people/guo-zhi-kuan-kuan
http://www.zhihu.com/people/chen-er-guai
http://www.zhihu.com/people/liu-chang-28
http://www.zhihu.com/people/solifugus
http://www.zhihu.com/people/hanoi
http://www.zhihu.com/people/xiaoheng
http://www.zhihu.com/people/WangYangSky
http://www.zhihu.com/people/secondloop
http://www.zhihu.com/people/array
http://www.zhihu.com/people/weijunhui
http://www.zhihu.com/people/panbin
http://www.zhihu.com/people/jiang-lei-21
http://www.zhihu.com/people/ququjoy
http://www.zhihu.com/people/hongsen
http://www.zhihu.com/people/chen-yan-zhou
http://www.zhihu.com/people/andypan
http://www.zhihu.com/people/inaxu
http://www.zhihu.com/people/cazhang
http://www.zhihu.com/people/jmchief
http://www.zhihu.com/people/iyouth
http://www.zhihu.com/people/shobal
http://www.zhihu.com/people/wang-yichao
http://www.zhihu.com/people/Alberta
http://www.zhihu.com/people/zheng-xiao-fu
http://www.zhihu.com/people/freemem
http://www.zhihu.com/people/zhu-yi-rui
http://www.zhihu.com/people/luluinpeace
http://www.zhihu.com/people/xie-qiang
http://www.zhihu.com/people/zhou-jie-45
http://www.zhihu.com/people/dreamcog
http://www.zhihu.com/people/linxiansheng
http://www.zhihu.com/people/ge-fei
http://www.zhihu.com/people/fooling
http://www.zhihu.com/people/liu-xi-fei
http://www.zhihu.com/people/suntong
http://www.zhihu.com/people/chrisishungry
http://www.zhihu.com/people/cao-shu-yang
http://www.zhihu.com/people/liu-xu-bo
http://www.zhihu.com/people/cary.fan
http://www.zhihu.com/people/csryan
http://www.zhihu.com/people/gigglie
http://www.zhihu.com/people/caiyuhui
http://www.zhihu.com/people/Lingcoo
http://www.zhihu.com/people/yang-jie-75
http://www.zhihu.com/people/newleeli
http://www.zhihu.com/people/wshuobin
http://www.zhihu.com/people/zhui-meng-nan-er
http://www.zhihu.com/people/1841
http://www.zhihu.com/people/miao-zhong-yu
http://www.zhihu.com/people/wang-xiang-89
http://www.zhihu.com/people/liu-da-tong
http://www.zhihu.com/people/zhu-hui-lai
http://www.zhihu.com/people/hekang
http://www.zhihu.com/people/zhang-ji-qiang
http://www.zhihu.com/people/johnsonliu
http://www.zhihu.com/people/dezhenghao
http://www.zhihu.com/people/chen-zhen-qi
http://www.zhihu.com/people/ranger
http://www.zhihu.com/people/gaopingli
http://www.zhihu.com/people/xuanjianfeng
http://www.zhihu.com/people/sha-peng
http://www.zhihu.com/people/yu-hai-ze
http://www.zhihu.com/people/holybreeze
http://www.zhihu.com/people/he-xiao-yuan
http://www.zhihu.com/people/laoyoung
http://www.zhihu.com/people/zire
http://www.zhihu.com/people/linzhaoxu
http://www.zhihu.com/people/ma-hui-88
http://www.zhihu.com/people/ming-shu-liang
http://www.zhihu.com/people/yang-mou-peng
http://www.zhihu.com/people/zyx1st
http://www.zhihu.com/people/stoner
http://www.zhihu.com/people/skymountain
http://www.zhihu.com/people/xiang-huan-zhong
http://www.zhihu.com/people/tansuo19
http://www.zhihu.com/people/zhao-peng-jie
http://www.zhihu.com/people/uudui
http://www.zhihu.com/people/fu-cheng-bao
http://www.zhihu.com/people/xuanniao
http://www.zhihu.com/people/deanlee
http://www.zhihu.com/people/yeziyi
http://www.zhihu.com/people/ikeng
http://www.zhihu.com/people/xiu-luo-dao
http://www.zhihu.com/people/wang-yong-xiang
http://www.zhihu.com/people/wu-shu-guang
http://www.zhihu.com/people/raymond-wang
http://www.zhihu.com/people/beichen
http://www.zhihu.com/people/zhang-zhen-hao
http://www.zhihu.com/people/kang-wei
http://www.zhihu.com/people/yanglin13
http://www.zhihu.com/people/luoyundeng
http://www.zhihu.com/people/hutushen222
http://www.zhihu.com/people/benwin
http://www.zhihu.com/people/liuxianren
http://www.zhihu.com/people/laiwang
http://www.zhihu.com/people/nobody
http://www.zhihu.com/people/xu-jia-ming
http://www.zhihu.com/people/www.tripshare.cc
http://www.zhihu.com/people/leele111
http://www.zhihu.com/people/guocz
http://www.zhihu.com/people/dongsipeng
http://www.zhihu.com/people/coder2013
http://www.zhihu.com/people/linsen
http://www.zhihu.com/people/chen-wei-49
http://www.zhihu.com/people/guang
http://www.zhihu.com/people/fu-shou-dong
http://www.zhihu.com/people/chenruihong
http://www.zhihu.com/people/Tony.Chung
http://www.zhihu.com/people/kangkang
http://www.zhihu.com/people/jiang-feng-yu
http://www.zhihu.com/people/izhaopeng
http://www.zhihu.com/people/freedom_sui
http://www.zhihu.com/people/xiexinyu
http://www.zhihu.com/people/zhangjiabo
http://www.zhihu.com/people/dao-dao-62
http://www.zhihu.com/people/bai-zhi-long
http://www.zhihu.com/people/lu-ye-shu-huai
http://www.zhihu.com/people/Porridge-watermelon
http://www.zhihu.com/people/simonmuse
http://www.zhihu.com/people/jameswood
http://www.zhihu.com/people/zzzx8848
http://www.zhihu.com/people/weijieyou
http://www.zhihu.com/people/zhu-lu-te
http://www.zhihu.com/people/annie8023
http://www.zhihu.com/people/baijy
http://www.zhihu.com/people/czj900520
http://www.zhihu.com/people/lizhicong
http://www.zhihu.com/people/llian-jie
http://www.zhihu.com/people/tiaoge
http://www.zhihu.com/people/AndersonWalker
http://www.zhihu.com/people/camelduck
http://www.zhihu.com/people/wangbohan
http://www.zhihu.com/people/wangxing
http://www.zhihu.com/people/oakfire
http://www.zhihu.com/people/mike-64
http://www.zhihu.com/people/kouxin
http://www.zhihu.com/people/zhang-de-rong
http://www.zhihu.com/people/xiao-qing-32
http://www.zhihu.com/people/zhima
http://www.zhihu.com/people/interjc
http://www.zhihu.com/people/crysun
http://www.zhihu.com/people/wutongzi
http://www.zhihu.com/people/xi-kang
http://www.zhihu.com/people/yopomini
http://www.zhihu.com/people/jia-yue
http://www.zhihu.com/people/peixiaolei
http://www.zhihu.com/people/ding-bei-yu
http://www.zhihu.com/people/ran-tao-84
http://www.zhihu.com/people/forlong
http://www.zhihu.com/people/jamzo
http://www.zhihu.com/people/yanjun
http://www.zhihu.com/people/niu-he-qing
http://www.zhihu.com/people/chen-long-fei-84
http://www.zhihu.com/people/haoyeye
http://www.zhihu.com/people/liang-bei-fang
http://www.zhihu.com/people/vincentskywalker
http://www.zhihu.com/people/nanL
http://www.zhihu.com/people/lgn21st
http://www.zhihu.com/people/cheng-ke
http://www.zhihu.com/people/duanwenming
http://www.zhihu.com/people/mao-zhu
http://www.zhihu.com/people/wanghaihe
http://www.zhihu.com/people/eyhl
http://www.zhihu.com/people/ma-ke-14
http://www.zhihu.com/people/threeli
http://www.zhihu.com/people/stone
http://www.zhihu.com/people/adongdong
http://www.zhihu.com/people/error
http://www.zhihu.com/people/wanttofree
http://www.zhihu.com/people/zeng-ling-jian
http://www.zhihu.com/people/ding-zi-chang
http://www.zhihu.com/people/etao
http://www.zhihu.com/people/lei-fang
http://www.zhihu.com/people/cai-yong-hang
http://www.zhihu.com/people/dengyafeng
http://www.zhihu.com/people/chi-jing-ruo
http://www.zhihu.com/people/leaplee
http://www.zhihu.com/people/zhang-yun-76
http://www.zhihu.com/people/cao-fei
http://www.zhihu.com/people/shenweichao
http://www.zhihu.com/people/qianyong
http://www.zhihu.com/people/chaofeng
http://www.zhihu.com/people/xiaofu
http://www.zhihu.com/people/lnahy
http://www.zhihu.com/people/da-vinci
http://www.zhihu.com/people/prooxy
http://www.zhihu.com/people/chengl
http://www.zhihu.com/people/chen-lei-90
http://www.zhihu.com/people/jiudongwan
http://www.zhihu.com/people/learning
http://www.zhihu.com/people/li-miao-9
http://www.zhihu.com/people/enqiangli
http://www.zhihu.com/people/lin-yang
http://www.zhihu.com/people/chekuba
http://www.zhihu.com/people/GavinQi
http://www.zhihu.com/people/chinakr
http://www.zhihu.com/people/liuliuxiangzi
http://www.zhihu.com/people/zhang-wen-hua
http://www.zhihu.com/people/feidada
http://www.zhihu.com/people/cai-tong
http://www.zhihu.com/people/he-yang-72
http://www.zhihu.com/people/zhuixinjian
http://www.zhihu.com/people/thcode
http://www.zhihu.com/people/flyingfish
http://www.zhihu.com/people/lu-pi-xiong
http://www.zhihu.com/people/chan
http://www.zhihu.com/people/heixiong
http://www.zhihu.com/people/johnnyb
http://www.zhihu.com/people/katiie
http://www.zhihu.com/people/inext
http://www.zhihu.com/people/lugongzi
http://www.zhihu.com/people/haibinpark
http://www.zhihu.com/people/liang-yu
http://www.zhihu.com/people/yuan-yi-94
http://www.zhihu.com/people/ding
http://www.zhihu.com/people/jankerli
http://www.zhihu.com/people/Lake7
http://www.zhihu.com/people/qiu-huan-deng
http://www.zhihu.com/people/yangjun
http://www.zhihu.com/people/yin-le
http://www.zhihu.com/people/xiao-xiao-95
http://www.zhihu.com/people/liaoyy
http://www.zhihu.com/people/qinfwu
http://www.zhihu.com/people/niu-guang-hua
http://www.zhihu.com/people/kent03
http://www.zhihu.com/people/chico-lee
http://www.zhihu.com/people/rinco
http://www.zhihu.com/people/sang-ni
http://www.zhihu.com/people/zhutianyu
http://www.zhihu.com/people/feng-qin-yuan
http://www.zhihu.com/people/jin-hui-76
http://www.zhihu.com/people/shaohua
http://www.zhihu.com/people/kooyi
http://www.zhihu.com/people/wang-zheng-song
http://www.zhihu.com/people/chenhua-rong
http://www.zhihu.com/people/li-zhi-net
http://www.zhihu.com/people/guo-jian
http://www.zhihu.com/people/ren-xue-wu
http://www.zhihu.com/people/songyuwen
http://www.zhihu.com/people/sunset-8
http://www.zhihu.com/people/guo-yan-da
http://www.zhihu.com/people/liuxing429
http://www.zhihu.com/people/liu-yuan-54
http://www.zhihu.com/people/xiaozha
http://www.zhihu.com/people/liusongwei
http://www.zhihu.com/people/feelyou
http://www.zhihu.com/people/xu-le-32
http://www.zhihu.com/people/xu-guo-hui
http://www.zhihu.com/people/wangzhiyong
http://www.zhihu.com/people/livehao
http://www.zhihu.com/people/robinzhuyi
http://www.zhihu.com/people/bu-lu-bu-la-di-de-man
http://www.zhihu.com/people/eayoyo
http://www.zhihu.com/people/huntor
http://www.zhihu.com/people/shanglei
http://www.zhihu.com/people/feicien
http://www.zhihu.com/people/kevinsong
http://www.zhihu.com/people/tianxi
http://www.zhihu.com/people/XFei814
http://www.zhihu.com/people/shui-shui-yang
http://www.zhihu.com/people/felixwu
http://www.zhihu.com/people/wangyunfei
http://www.zhihu.com/people/chenfangyi
http://www.zhihu.com/people/supersam
http://www.zhihu.com/people/topboy
http://www.zhihu.com/people/MichaelYang
http://www.zhihu.com/people/liao-bu-qi-de-gai-ci-bi
http://www.zhihu.com/people/yt7589
http://www.zhihu.com/people/kerrzhang
http://www.zhihu.com/people/wangyang
http://www.zhihu.com/people/artmaniac
http://www.zhihu.com/people/zhangshu
http://www.zhihu.com/people/wu-song
http://www.zhihu.com/people/eva-11
http://www.zhihu.com/people/li-lu-69
http://www.zhihu.com/people/kingshuang
http://www.zhihu.com/people/qzwex2006
http://www.zhihu.com/people/mali
http://www.zhihu.com/people/liudongqing
http://www.zhihu.com/people/wagjie
http://www.zhihu.com/people/lymz
http://www.zhihu.com/people/flying-soft-rock
http://www.zhihu.com/people/water
http://www.zhihu.com/people/woooha
http://www.zhihu.com/people/lanhan
http://www.zhihu.com/people/yao-yang
http://www.zhihu.com/people/chen-lin-jian
http://www.zhihu.com/people/2gouzi
http://www.zhihu.com/people/wu-bin-79
http://www.zhihu.com/people/cklover
http://www.zhihu.com/people/he-yilei
http://www.zhihu.com/people/xie-peng-hui
http://www.zhihu.com/people/zei-xi-bao
http://www.zhihu.com/people/vinowan
http://www.zhihu.com/people/machi
http://www.zhihu.com/people/chenmeng
http://www.zhihu.com/people/baifeng
http://www.zhihu.com/people/qingweilau
http://www.zhihu.com/people/bai-er-shui
http://www.zhihu.com/people/Yeung-Robin
http://www.zhihu.com/people/wenwei
http://www.zhihu.com/people/kang-kai
http://www.zhihu.com/people/Shadowqian
http://www.zhihu.com/people/liu-yan-yuan
http://www.zhihu.com/people/james_ye
http://www.zhihu.com/people/qing-mu-7
http://www.zhihu.com/people/upstar
http://www.zhihu.com/people/chen-shi-yao
http://www.zhihu.com/people/gmayren
http://www.zhihu.com/people/plusix
http://www.zhihu.com/people/zhang-he-12
http://www.zhihu.com/people/sunzhengxin
http://www.zhihu.com/people/duan-jian-hua
http://www.zhihu.com/people/loyalsoldier
http://www.zhihu.com/people/fu-ling-jian
http://www.zhihu.com/people/tt9527
http://www.zhihu.com/people/wine-63
http://www.zhihu.com/people/amber.
http://www.zhihu.com/people/naituida
http://www.zhihu.com/people/nearmo
http://www.zhihu.com/people/xiyang
http://www.zhihu.com/people/fan-cong-85
http://www.zhihu.com/people/mobiuschen
http://www.zhihu.com/people/yangone
http://www.zhihu.com/people/li-feng-95
http://www.zhihu.com/people/cui-yi-6
http://www.zhihu.com/people/jackyhxy
http://www.zhihu.com/people/subdragon
http://www.zhihu.com/people/huangrenqing
http://www.zhihu.com/people/wang-zhi-71
http://www.zhihu.com/people/wangyue
http://www.zhihu.com/people/mrwc
http://www.zhihu.com/people/wolf
http://www.zhihu.com/people/hu-jia-yuan
http://www.zhihu.com/people/yao-chen
http://www.zhihu.com/people/filod
http://www.zhihu.com/people/xie-zi-long
http://www.zhihu.com/people/liuzhuang
http://www.zhihu.com/people/jiaxu
http://www.zhihu.com/people/junwei
http://www.zhihu.com/people/snailgj
http://www.zhihu.com/people/gu-xin
http://www.zhihu.com/people/wang-cui
http://www.zhihu.com/people/li-zhi-tao
http://www.zhihu.com/people/chen-yuan
http://www.zhihu.com/people/zclong
http://www.zhihu.com/people/dizhu
http://www.zhihu.com/people/smaty
http://www.zhihu.com/people/lakeshore
http://www.zhihu.com/people/Bryanzhao
http://www.zhihu.com/people/ma-ti
http://www.zhihu.com/people/transient_ai
http://www.zhihu.com/people/moyan
http://www.zhihu.com/people/freja
http://www.zhihu.com/people/leplay
http://www.zhihu.com/people/22121
http://www.zhihu.com/people/halzhang
http://www.zhihu.com/people/guo-kun-vic
http://www.zhihu.com/people/alan_zhang
http://www.zhihu.com/people/cai-yong-fu
http://www.zhihu.com/people/yanguang
http://www.zhihu.com/people/xu-zhe-42
http://www.zhihu.com/people/a-biao
http://www.zhihu.com/people/v2leon
http://www.zhihu.com/people/liu-jia-ming
http://www.zhihu.com/people/luojia
http://www.zhihu.com/people/JeOam
http://www.zhihu.com/people/towerjoo
http://www.zhihu.com/people/wule
http://www.zhihu.com/people/weiqi1933
http://www.zhihu.com/people/captiveguy
http://www.zhihu.com/people/zhiyu
http://www.zhihu.com/people/linhui
http://www.zhihu.com/people/xuzuozuo
http://www.zhihu.com/people/chenbinglin
http://www.zhihu.com/people/he-yu
http://www.zhihu.com/people/shenxiaolao
http://www.zhihu.com/people/lei-ri-jin
http://www.zhihu.com/people/zhangzifeng
http://www.zhihu.com/people/hezhoutingyu
http://www.zhihu.com/people/zhangjingbo
http://www.zhihu.com/people/gu-rong
http://www.zhihu.com/people/zhangxiangcheng
http://www.zhihu.com/people/wzjme
http://www.zhihu.com/people/han-yan
http://www.zhihu.com/people/shunfeng
http://www.zhihu.com/people/thels
http://www.zhihu.com/people/bao-jia-cheng
http://www.zhihu.com/people/du-yang-yu
http://www.zhihu.com/people/aqige
http://www.zhihu.com/people/cloudwang
http://www.zhihu.com/people/yue-lei
http://www.zhihu.com/people/yuansu
http://www.zhihu.com/people/nian
http://www.zhihu.com/people/xiaohei
http://www.zhihu.com/people/zhang-lin-lin-40
http://www.zhihu.com/people/shexinwei
http://www.zhihu.com/people/zhang-ji-70
http://www.zhihu.com/people/chin
http://www.zhihu.com/people/dismory
http://www.zhihu.com/people/wangpeng
http://www.zhihu.com/people/wxypaul
http://www.zhihu.com/people/davis
http://www.zhihu.com/people/andriy
http://www.zhihu.com/people/zhengdian
http://www.zhihu.com/people/timeriver
http://www.zhihu.com/people/wiswood
http://www.zhihu.com/people/mo-tian-ming
http://www.zhihu.com/people/yangshuting
http://www.zhihu.com/people/dai-wu-yu
http://www.zhihu.com/people/hubertzhou
http://www.zhihu.com/people/zhao-ke-qin
http://www.zhihu.com/people/zhou-zheng-xi
http://www.zhihu.com/people/gao_yang
http://www.zhihu.com/people/miao-qiang
http://www.zhihu.com/people/addice
http://www.zhihu.com/people/wu-kou
http://www.zhihu.com/people/imhui
http://www.zhihu.com/people/yekaiyuan
http://www.zhihu.com/people/shanegao
http://www.zhihu.com/people/GamerBun
http://www.zhihu.com/people/zhangchipapa
http://www.zhihu.com/people/liaolinbo
http://www.zhihu.com/people/jyper
http://www.zhihu.com/people/nonono
http://www.zhihu.com/people/yan-yan-21
http://www.zhihu.com/people/qian-wei-51
http://www.zhihu.com/people/jiazhubin
http://www.zhihu.com/people/drwang86
http://www.zhihu.com/people/puloon
http://www.zhihu.com/people/zhang-guo-jing-50
http://www.zhihu.com/people/wangshaoya
http://www.zhihu.com/people/winsyk
http://www.zhihu.com/people/hexter
http://www.zhihu.com/people/bluelove
http://www.zhihu.com/people/zqstarmoon
http://www.zhihu.com/people/peng-fei-29
http://www.zhihu.com/people/okwangxing
http://www.zhihu.com/people/rambler1122
http://www.zhihu.com/people/hafeyang
http://www.zhihu.com/people/yang-bo-13
http://www.zhihu.com/people/dalaoshu
http://www.zhihu.com/people/mylove
http://www.zhihu.com/people/zhang-ming-hui
http://www.zhihu.com/people/xdm77
http://www.zhihu.com/people/xiangku
http://www.zhihu.com/people/karam
http://www.zhihu.com/people/Panchen-1983
http://www.zhihu.com/people/yinfm
http://www.zhihu.com/people/aircross
http://www.zhihu.com/people/geforce
http://www.zhihu.com/people/hu-er
http://www.zhihu.com/people/matthew
http://www.zhihu.com/people/zhang-wei-68
http://www.zhihu.com/people/xcodeman
http://www.zhihu.com/people/liang-kai-95
http://www.zhihu.com/people/blood
http://www.zhihu.com/people/zhou-zhen
http://www.zhihu.com/people/xi-zhu-qing
http://www.zhihu.com/people/evnma
http://www.zhihu.com/people/zhou-can-hong-15
http://www.zhihu.com/people/popoer
http://www.zhihu.com/people/liu-wan-wei
http://www.zhihu.com/people/liu-xiao-xiang
http://www.zhihu.com/people/richard_cai
http://www.zhihu.com/people/fang-liang
http://www.zhihu.com/people/shi-yan-71
http://www.zhihu.com/people/yao-xin
http://www.zhihu.com/people/mixmatch
http://www.zhihu.com/people/luo-wei-wei
http://www.zhihu.com/people/cdrwinner
http://www.zhihu.com/people/xiao-yu-long
http://www.zhihu.com/people/gobuli
http://www.zhihu.com/people/zhouduo
http://www.zhihu.com/people/foxracle
http://www.zhihu.com/people/huwenfeng
http://www.zhihu.com/people/jiang-bin
http://www.zhihu.com/people/dddpppbox
http://www.zhihu.com/people/zhangwenliang
http://www.zhihu.com/people/naska
http://www.zhihu.com/people/wangjianshi
http://www.zhihu.com/people/chen-xiao-chun
http://www.zhihu.com/people/kavana
http://www.zhihu.com/people/yefeng
http://www.zhihu.com/people/zhang-ming-wei
http://www.zhihu.com/people/pangkunyi
http://www.zhihu.com/people/hheedat
http://www.zhihu.com/people/wen-da-tong
http://www.zhihu.com/people/yang-xin-gang
http://www.zhihu.com/people/yinxiaoyu
http://www.zhihu.com/people/jin-wen-xiang
http://www.zhihu.com/people/lirui
http://www.zhihu.com/people/shenkuohao
http://www.zhihu.com/people/seashell
http://www.zhihu.com/people/luo-da-yu
http://www.zhihu.com/people/a-du
http://www.zhihu.com/people/liang-xiao-an-92
http://www.zhihu.com/people/lazing
http://www.zhihu.com/people/chen-xiao-tu-66
http://www.zhihu.com/people/fungo
http://www.zhihu.com/people/koceanus
http://www.zhihu.com/people/popcorn
http://www.zhihu.com/people/xu-jing-jing
http://www.zhihu.com/people/veronica2865
http://www.zhihu.com/people/zhang-xiao-bo
http://www.zhihu.com/people/zhang-jing-wei
http://www.zhihu.com/people/urdaddy
http://www.zhihu.com/people/sln609
http://www.zhihu.com/people/liuya802
http://www.zhihu.com/people/qzmiss
http://www.zhihu.com/people/dafang
http://www.zhihu.com/people/gkon
http://www.zhihu.com/people/jayzhou
http://www.zhihu.com/people/shellwang
http://www.zhihu.com/people/jcccn
http://www.zhihu.com/people/hozi
http://www.zhihu.com/people/hugleecool
http://www.zhihu.com/people/houruiqi
http://www.zhihu.com/people/pengzhongyi
http://www.zhihu.com/people/deanxie
http://www.zhihu.com/people/miclove
http://www.zhihu.com/people/cheng-lin
http://www.zhihu.com/people/pijili
http://www.zhihu.com/people/zhoulin
http://www.zhihu.com/people/liutingji
http://www.zhihu.com/people/ryanbox
http://www.zhihu.com/people/gan-jiu-lu
http://www.zhihu.com/people/liuliming
http://www.zhihu.com/people/guanxiaoxiao
http://www.zhihu.com/people/tang-feng
http://www.zhihu.com/people/xiaoker
http://www.zhihu.com/people/qiuxinfu
http://www.zhihu.com/people/Amom
http://www.zhihu.com/people/anqila
http://www.zhihu.com/people/pmdeng
http://www.zhihu.com/people/wangtengchao
http://www.zhihu.com/people/niyan
http://www.zhihu.com/people/tao-jin
http://www.zhihu.com/people/lixiangmin
http://www.zhihu.com/people/biao-dai-san-ge
http://www.zhihu.com/people/kekxili
http://www.zhihu.com/people/herizhao
http://www.zhihu.com/people/yu-xiang-1987
http://www.zhihu.com/people/liu-li-36
http://www.zhihu.com/people/alvin0530
http://www.zhihu.com/people/freemanding
http://www.zhihu.com/people/wangwei-charles
http://www.zhihu.com/people/dave
http://www.zhihu.com/people/yipeng
http://www.zhihu.com/people/chen-hao-46
http://www.zhihu.com/people/zchening
http://www.zhihu.com/people/it139
http://www.zhihu.com/people/mou-mou-ran-li-jun
http://www.zhihu.com/people/yang-ban-xian
http://www.zhihu.com/people/0x1997
http://www.zhihu.com/people/li-chao-93
http://www.zhihu.com/people/heweigg
http://www.zhihu.com/people/icaiguobin
http://www.zhihu.com/people/yuanbo
http://www.zhihu.com/people/Hiro_yg
http://www.zhihu.com/people/w1zard
http://www.zhihu.com/people/wang-shuai-29
http://www.zhihu.com/people/yingyixu
http://www.zhihu.com/people/luolong
http://www.zhihu.com/people/jiu-hu
http://www.zhihu.com/people/he-ming-33
http://www.zhihu.com/people/wang-core
http://www.zhihu.com/people/fu-jun-royce
http://www.zhihu.com/people/tivan
http://www.zhihu.com/people/zheng-wen-tt
http://www.zhihu.com/people/huobf
http://www.zhihu.com/people/jiksn
http://www.zhihu.com/people/qu-shu
http://www.zhihu.com/people/dai-yi-cheng
http://www.zhihu.com/people/imeric
http://www.zhihu.com/people/sulizao
http://www.zhihu.com/people/du-mian-19
http://www.zhihu.com/people/zhang-yong-jun
http://www.zhihu.com/people/Lambo
http://www.zhihu.com/people/starwalk
http://www.zhihu.com/people/iurp
http://www.zhihu.com/people/daheda
http://www.zhihu.com/people/zouhe
http://www.zhihu.com/people/anzhuo
http://www.zhihu.com/people/wangzhigang
http://www.zhihu.com/people/smallbees
http://www.zhihu.com/people/liuqf
http://www.zhihu.com/people/wang-wan-ping
http://www.zhihu.com/people/bai-peng
http://www.zhihu.com/people/xiakai
http://www.zhihu.com/people/wanglizhou
http://www.zhihu.com/people/benbackman
http://www.zhihu.com/people/supporter
http://www.zhihu.com/people/yaoxu
http://www.zhihu.com/people/qi-xiao-qikennyqi
http://www.zhihu.com/people/mooqii
http://www.zhihu.com/people/think
http://www.zhihu.com/people/nicing
http://www.zhihu.com/people/zhangkai_ch
http://www.zhihu.com/people/qi-le
http://www.zhihu.com/people/li-si-11-90-5
http://www.zhihu.com/people/taoxiao
http://www.zhihu.com/people/chendayun
http://www.zhihu.com/people/alik
http://www.zhihu.com/people/tswang
http://www.zhihu.com/people/pentiumao
http://www.zhihu.com/people/yu-jing-4
http://www.zhihu.com/people/vision
http://www.zhihu.com/people/fang-jian-yong
http://www.zhihu.com/people/qian-jing
http://www.zhihu.com/people/wayne.zhang
http://www.zhihu.com/people/hworldjj
http://www.zhihu.com/people/dowell
http://www.zhihu.com/people/xiangge
http://www.zhihu.com/people/zhongqi
http://www.zhihu.com/people/jokry
http://www.zhihu.com/people/junyu
http://www.zhihu.com/people/chong
http://www.zhihu.com/people/cai-shu-hua
http://www.zhihu.com/people/tchen
http://www.zhihu.com/people/alex_sudong
http://www.zhihu.com/people/tang-chen
http://www.zhihu.com/people/frankfang
http://www.zhihu.com/people/wangke
http://www.zhihu.com/people/jinkang
http://www.zhihu.com/people/wangyi
http://www.zhihu.com/people/ahlon
http://www.zhihu.com/people/alchain
http://www.zhihu.com/people/hu-qian-qiu
http://www.zhihu.com/people/cheewu
http://www.zhihu.com/people/CharlieWoodss
http://www.zhihu.com/people/wuwei
http://www.zhihu.com/people/wind
http://www.zhihu.com/people/vvtommy
http://www.zhihu.com/people/wangping
http://www.zhihu.com/people/neaton
http://www.zhihu.com/people/mikiexu
http://www.zhihu.com/people/huang_violin
http://www.zhihu.com/people/xingzhi
http://www.zhihu.com/people/baraba
http://www.zhihu.com/people/zengwei
http://www.zhihu.com/people/mediacctv
http://www.zhihu.com/people/guohua
http://www.zhihu.com/people/hu-dong-hai
http://www.zhihu.com/people/yan-bin
http://www.zhihu.com/people/jiang-ge
http://www.zhihu.com/people/nsnull
http://www.zhihu.com/people/hoky
http://www.zhihu.com/people/jade1314ily
http://www.zhihu.com/people/li-zhe-gan
http://www.zhihu.com/people/linzhihai
http://www.zhihu.com/people/ooodong
http://www.zhihu.com/people/amoydavid
http://www.zhihu.com/people/gavenzhang
http://www.zhihu.com/people/tinyala
http://www.zhihu.com/people/liu_xin
http://www.zhihu.com/people/chenyuanhao
http://www.zhihu.com/people/ssss
http://www.zhihu.com/people/chanyuan
http://www.zhihu.com/people/pooyi
http://www.zhihu.com/people/meidun
http://www.zhihu.com/people/sunpeng
http://www.zhihu.com/people/robbiejiang
http://www.zhihu.com/people/huang-qi
http://www.zhihu.com/people/luc-lan
http://www.zhihu.com/people/ai-yin-si-tan-you
http://www.zhihu.com/people/wang-sheng-fu-chen
http://www.zhihu.com/people/hulei
http://www.zhihu.com/people/mouzhijian
http://www.zhihu.com/people/tiankeshan
http://www.zhihu.com/people/zhuyuewu
http://www.zhihu.com/people/mengdeyu
http://www.zhihu.com/people/liangxuzhi
http://www.zhihu.com/people/yesliwen
http://www.zhihu.com/people/yizhang-cheng
http://www.zhihu.com/people/liucan
http://www.zhihu.com/people/yujun
http://www.zhihu.com/people/qianjin
http://www.zhihu.com/people/kimxu
http://www.zhihu.com/people/junde
http://www.zhihu.com/people/iguazi
http://www.zhihu.com/people/dai-ji-sheng
http://www.zhihu.com/people/dreamer
http://www.zhihu.com/people/wu-da
http://www.zhihu.com/people/zonovo
http://www.zhihu.com/people/ceshi
http://www.zhihu.com/people/shen-yin
http://www.zhihu.com/people/tata1219
http://www.zhihu.com/people/chouti
http://www.zhihu.com/people/qichong
http://www.zhihu.com/people/zhiyi
http://www.zhihu.com/people/rancan
http://www.zhihu.com/people/wang-qing-xiang
http://www.zhihu.com/people/sanv
http://www.zhihu.com/people/jackdechanpinhutong
http://www.zhihu.com/people/liu-wen-tao
http://www.zhihu.com/people/chengyixiao
http://www.zhihu.com/people/wangliangufo
http://www.zhihu.com/people/yingwenlee
http://www.zhihu.com/people/kwangtow
http://www.zhihu.com/people/yikai
http://www.zhihu.com/people/qiang
http://www.zhihu.com/people/beingv
http://www.zhihu.com/people/qite
http://www.zhihu.com/people/fuchaoqun
http://www.zhihu.com/people/liufengju
http://www.zhihu.com/people/shiran
http://www.zhihu.com/people/showpower
http://www.zhihu.com/people/ou-yang-dan
http://www.zhihu.com/people/bomb-chen
http://www.zhihu.com/people/psyduck
http://www.zhihu.com/people/mrshang
http://www.zhihu.com/people/daodao
http://www.zhihu.com/people/94smart
http://www.zhihu.com/people/allenwong
http://www.zhihu.com/people/wctjerry
http://www.zhihu.com/people/changfan
http://www.zhihu.com/people/yuezhanren
http://www.zhihu.com/people/baidoudou
http://www.zhihu.com/people/zhaoyang
http://www.zhihu.com/people/hi3w
http://www.zhihu.com/people/vcalex
http://www.zhihu.com/people/irong
http://www.zhihu.com/people/cuiguangbin
http://www.zhihu.com/people/yanzhong
http://www.zhihu.com/people/testing
http://www.zhihu.com/people/liu-cong
http://www.zhihu.com/people/duncanzhang
http://www.zhihu.com/people/wemarketing
http://www.zhihu.com/people/xulei
http://www.zhihu.com/people/zhou-li
http://www.zhihu.com/people/jeffer
http://www.zhihu.com/people/gnap
http://www.zhihu.com/people/jielinglai
http://www.zhihu.com/people/fanquanquan
http://www.zhihu.com/people/dongwenqiang
http://www.zhihu.com/people/lolica
http://www.zhihu.com/people/alonzotang
http://www.zhihu.com/people/wang-fu-jun
http://www.zhihu.com/people/imason
http://www.zhihu.com/people/deng-ke
http://www.zhihu.com/people/leeyoubin
http://www.zhihu.com/people/zafka
http://www.zhihu.com/people/shen2
http://www.zhihu.com/people/yuquan
http://www.zhihu.com/people/djjian
http://www.zhihu.com/people/whoqiaoxin
http://www.zhihu.com/people/chenzhenbo
http://www.zhihu.com/people/ripley
http://www.zhihu.com/people/yuwenj
http://www.zhihu.com/people/panyh
http://www.zhihu.com/people/kaoyan
http://www.zhihu.com/people/alex
http://www.zhihu.com/people/cncy
http://www.zhihu.com/people/taoleite
http://www.zhihu.com/people/laotao
http://www.zhihu.com/people/yangbo
http://www.zhihu.com/people/dingchen
http://www.zhihu.com/people/windhk
http://www.zhihu.com/people/xuzewei
http://www.zhihu.com/people/qintao
http://www.zhihu.com/people/adamsxu
http://www.zhihu.com/people/kaifulee
http://www.zhihu.com/people/lava
http://www.zhihu.com/people/zhang-ding
http://www.zhihu.com/people/caohai
http://www.zhihu.com/people/g_will
http://www.zhihu.com/people/chenyukun
http://www.zhihu.com/people/zhang-yong-xi
http://www.zhihu.com/people/zhu-xiao-cao
http://www.zhihu.com/people/dragonfly
http://www.zhihu.com/people/tangtang
http://www.zhihu.com/people/yang-huan-huan
http://www.zhihu.com/people/caiqinyu
http://www.zhihu.com/people/qi-fei
http://www.zhihu.com/people/dingran
http://www.zhihu.com/people/AndyZhuang
http://www.zhihu.com/people/andyliung
http://www.zhihu.com/people/cao-zheng
http://www.zhihu.com/people/Jenson
http://www.zhihu.com/people/iiidche
http://www.zhihu.com/people/bai-xiao-rong
http://www.zhihu.com/people/Mr_James
http://www.zhihu.com/people/sophieued
http://www.zhihu.com/people/suxiaoyong
http://www.zhihu.com/people/qishimojun
http://www.zhihu.com/people/yu-jia
http://www.zhihu.com/people/liang
http://www.zhihu.com/people/shengjia
http://www.zhihu.com/people/zihong
http://www.zhihu.com/people/benye
http://www.zhihu.com/people/billhan
http://www.zhihu.com/people/var87
http://www.zhihu.com/people/chenta
http://www.zhihu.com/people/they
http://www.zhihu.com/people/Zhendong
http://www.zhihu.com/people/xiaoji
http://www.zhihu.com/people/seekingalpha
http://www.zhihu.com/people/mogu
http://www.zhihu.com/people/yangtse007
http://www.zhihu.com/people/cooerson
http://www.zhihu.com/people/chen-wen-wu
http://www.zhihu.com/people/xulaifei
http://www.zhihu.com/people/shellcode
http://www.zhihu.com/people/quiver
http://www.zhihu.com/people/liujing
http://www.zhihu.com/people/jimsang
http://www.zhihu.com/people/wang-shengjia
http://www.zhihu.com/people/molala
http://www.zhihu.com/people/kyth
http://www.zhihu.com/people/clickstone
http://www.zhihu.com/people/ycflame
http://www.zhihu.com/people/hanling
http://www.zhihu.com/people/zhengyun
http://www.zhihu.com/people/sparrowdu
http://www.zhihu.com/people/ipis
http://www.zhihu.com/people/aska
http://www.zhihu.com/people/hensejz
http://www.zhihu.com/people/pu-xu-dong
http://www.zhihu.com/people/lianghuan
http://www.zhihu.com/people/laolin
http://www.zhihu.com/people/huang-jing
http://www.zhihu.com/people/li-bao-ming-53
http://www.zhihu.com/people/banly
http://www.zhihu.com/people/starbury
http://www.zhihu.com/people/uxworks
http://www.zhihu.com/people/williamwoo
http://www.zhihu.com/people/robbin
http://www.zhihu.com/people/scv119
http://www.zhihu.com/people/zhijian
http://www.zhihu.com/people/li-kang
http://www.zhihu.com/people/vicguo
http://www.zhihu.com/people/yu-hai-yang
http://www.zhihu.com/people/flyshow
http://www.zhihu.com/people/shen
http://www.zhihu.com/people/liujiang
http://www.zhihu.com/people/limingshun
http://www.zhihu.com/people/shuiying
http://www.zhihu.com/people/blazingcd
http://www.zhihu.com/people/perryhau
http://www.zhihu.com/people/monday
http://www.zhihu.com/people/umihebi
http://www.zhihu.com/people/zhaohaijun
http://www.zhihu.com/people/zhang-xin
http://www.zhihu.com/people/imzxd
http://www.zhihu.com/people/vincent-28
http://www.zhihu.com/people/sealon
http://www.zhihu.com/people/yuxinlie
http://www.zhihu.com/people/shine
http://www.zhihu.com/people/tongxiaobai
http://www.zhihu.com/people/stanleygao
http://www.zhihu.com/people/chenvii
http://www.zhihu.com/people/xuzhihong
http://www.zhihu.com/people/xcvu
http://www.zhihu.com/people/ikbear
http://www.zhihu.com/people/dou-kai
http://www.zhihu.com/people/tian
http://www.zhihu.com/people/hudong
http://www.zhihu.com/people/shek
http://www.zhihu.com/people/cody
http://www.zhihu.com/people/wuzhining
http://www.zhihu.com/people/askhexiao
http://www.zhihu.com/people/zhang-hao
http://www.zhihu.com/people/aaronshen
http://www.zhihu.com/people/chinaman
http://www.zhihu.com/people/smallnuo
http://www.zhihu.com/people/baiya
http://www.zhihu.com/people/zhouyuan
http://www.zhihu.com/people/mcbuder
http://www.zhihu.com/people/Zhang_Jian
http://www.zhihu.com/people/anslugal
http://www.zhihu.com/people/shijun
http://www.zhihu.com/people/zhangga
http://www.zhihu.com/people/airbai
http://www.zhihu.com/people/leishao
http://www.zhihu.com/people/pillar
http://www.zhihu.com/people/keso
http://www.zhihu.com/people/gymitat
http://www.zhihu.com/people/jinzhihui
http://www.zhihu.com/people/oxygen
http://www.zhihu.com/people/imike
http://www.zhihu.com/people/axuan
http://www.zhihu.com/people/54550956
http://www.zhihu.com/people/chengyuan
http://www.zhihu.com/people/foober
http://www.zhihu.com/people/jiguorui
http://www.zhihu.com/people/yangkunbu
http://www.zhihu.com/people/delphi
http://www.zhihu.com/people/zouyu
http://www.zhihu.com/people/daxiong
http://www.zhihu.com/people/fuyou
http://www.zhihu.com/people/amonjok
http://www.zhihu.com/people/fenng
http://www.zhihu.com/people/bian
http://www.zhihu.com/people/vinciarts
http://www.zhihu.com/people/lubenyuan.com
http://www.zhihu.com/people/jixin
