http://www.zhihu.com/people/xi-men-yun-er
http://www.zhihu.com/people/fengsp
http://www.zhihu.com/people/xiao-yao-12
http://www.zhihu.com/people/aaron-wang-2
http://www.zhihu.com/people/slax
http://www.zhihu.com/people/peoplegxs
http://www.zhihu.com/people/shu-ba-ge
http://www.zhihu.com/people/feng-hao-84
http://www.zhihu.com/people/dddpppbox
http://www.zhihu.com/people/kejinqian
http://www.zhihu.com/people/unted
http://www.zhihu.com/people/guo-zeng-xin
http://www.zhihu.com/people/aboutdream
http://www.zhihu.com/people/zhang-wei-85-62
http://www.zhihu.com/people/liu-xing-55
http://www.zhihu.com/people/fengmoyan
http://www.zhihu.com/people/twostupid
http://www.zhihu.com/people/meltedgold
http://www.zhihu.com/people/jie-qi
http://www.zhihu.com/people/wu-zhong-jie
http://www.zhihu.com/people/ghyang
http://www.zhihu.com/people/xiaxiangqi
http://www.zhihu.com/people/neil-35-70
http://www.zhihu.com/people/vincent-28
http://www.zhihu.com/people/yin-hu-22
http://www.zhihu.com/people/caixun
http://www.zhihu.com/people/liyunliberty
http://www.zhihu.com/people/tigerinme
http://www.zhihu.com/people/zhao-shuai-60
http://www.zhihu.com/people/wang-xiao-feng-73-62
http://www.zhihu.com/people/rong-zhe
http://www.zhihu.com/people/xiong-hai-xiao
http://www.zhihu.com/people/Spinnist
http://www.zhihu.com/people/zhangzheng10
http://www.zhihu.com/people/li-qiu-heng
http://www.zhihu.com/people/fuwocheng
http://www.zhihu.com/people/pan-chen-xi
http://www.zhihu.com/people/caulfield
http://www.zhihu.com/people/tomhall
http://www.zhihu.com/people/zhang-zheng-88-38
http://www.zhihu.com/people/lipei
http://www.zhihu.com/people/jackzhang2014
http://www.zhihu.com/people/wan-pu
http://www.zhihu.com/people/zhibo-li
http://www.zhihu.com/people/guang-qian-yuan
http://www.zhihu.com/people/xmerge
http://www.zhihu.com/people/zhengping
http://www.zhihu.com/people/li-yang-35-42
http://www.zhihu.com/people/GilgameshK
http://www.zhihu.com/people/yu-lu
http://www.zhihu.com/people/tan-ri-tian
http://www.zhihu.com/people/dong-ye-jun-79
http://www.zhihu.com/people/niyanshi
http://www.zhihu.com/people/tclh123
http://www.zhihu.com/people/jiao-jiao-38
http://www.zhihu.com/people/zhou-gang-64
http://www.zhihu.com/people/yujingye
http://www.zhihu.com/people/fajingt
http://www.zhihu.com/people/jackie-69
http://www.zhihu.com/people/wang-zhe-58
http://www.zhihu.com/people/tan-xiao-yu-62
http://www.zhihu.com/people/wu-dong-liang-27
http://www.zhihu.com/people/SeanParker
http://www.zhihu.com/people/shi-bing-wen
http://www.zhihu.com/people/jhoon
http://www.zhihu.com/people/zehua
http://www.zhihu.com/people/zichaoli
http://www.zhihu.com/people/vanni
http://www.zhihu.com/people/he-yuan-sheng
http://www.zhihu.com/people/ishibo-ya-52
http://www.zhihu.com/people/zhang-yi-fan-48
http://www.zhihu.com/people/wen-zhong
http://www.zhihu.com/people/zeushera
http://www.zhihu.com/people/candyyu
http://www.zhihu.com/people/xiao-chu
http://www.zhihu.com/people/xingwudao
http://www.zhihu.com/people/xiao-jian-ren-71
http://www.zhihu.com/people/dong-fei
http://www.zhihu.com/people/zhang-kai-lei-29
http://www.zhihu.com/people/xuzuozuo
http://www.zhihu.com/people/Dominic_
http://www.zhihu.com/people/lu-gui-chen-26
http://www.zhihu.com/people/zheng-hua-bin
http://www.zhihu.com/people/hezudao313
http://www.zhihu.com/people/cheng-cheng-70-50
http://www.zhihu.com/people/xy_alan
http://www.zhihu.com/people/diamondtin
http://www.zhihu.com/people/judy-L
http://www.zhihu.com/people/ladon
http://www.zhihu.com/people/li-shou-yin-89
http://www.zhihu.com/people/li-cha-de-pa-ke
http://www.zhihu.com/people/albertyann
http://www.zhihu.com/people/zhu-bo-tao
http://www.zhihu.com/people/zhu-yixin-42
http://www.zhihu.com/people/he-qi-41
http://www.zhihu.com/people/a_kai
http://www.zhihu.com/people/zhou-yi-long-39
http://www.zhihu.com/people/000088
http://www.zhihu.com/people/qi-qi-52-78
http://www.zhihu.com/people/gordon-28
http://www.zhihu.com/people/xu-qian-78
http://www.zhihu.com/people/yofly
http://www.zhihu.com/people/xie-wei-you
http://www.zhihu.com/people/he-ming-ke
http://www.zhihu.com/people/xiao-sa-06-16
http://www.zhihu.com/people/fireflowers
http://www.zhihu.com/people/stanchu
http://www.zhihu.com/people/pan-yi-jun-84
http://www.zhihu.com/people/yu-yong-54
http://www.zhihu.com/people/zhutingting
http://www.zhihu.com/people/tan-wei-guo
http://www.zhihu.com/people/peng-xiao-yong-74
http://www.zhihu.com/people/jia-xiao-rain
http://www.zhihu.com/people/kevtyle
http://www.zhihu.com/people/zhong-ye-zi-49
http://www.zhihu.com/people/lian-wen-long
http://www.zhihu.com/people/stephanie-73
http://www.zhihu.com/people/antestad
http://www.zhihu.com/people/li-zhou-53
http://www.zhihu.com/people/yihui-3
http://www.zhihu.com/people/chengzhoukun
http://www.zhihu.com/people/blessyou
http://www.zhihu.com/people/wang-yuan-59-51
http://www.zhihu.com/people/caoxiongfeng
http://www.zhihu.com/people/zhuo-zhi-ying
http://www.zhihu.com/people/yukimdom
http://www.zhihu.com/people/yuan-jun-74
http://www.zhihu.com/people/er-he-tao-27
http://www.zhihu.com/people/southsoung
http://www.zhihu.com/people/fwgisbug
http://www.zhihu.com/people/zhou-jia-peng-6
http://www.zhihu.com/people/jmp0xf
http://www.zhihu.com/people/xiong-jun-wu
http://www.zhihu.com/people/zhang-xiao-guo-83
http://www.zhihu.com/people/vvdpzz
http://www.zhihu.com/people/hei-hey
http://www.zhihu.com/people/logichao
http://www.zhihu.com/people/hopenzic
http://www.zhihu.com/people/deng-yuan-66
http://www.zhihu.com/people/wu-gao-yu
http://www.zhihu.com/people/lleiou
http://www.zhihu.com/people/luo-ren
http://www.zhihu.com/people/imwaco
http://www.zhihu.com/people/chris-81
http://www.zhihu.com/people/liupc
http://www.zhihu.com/people/gongxin
http://www.zhihu.com/people/baima
http://www.zhihu.com/people/du-sen-30
http://www.zhihu.com/people/winglechen
http://www.zhihu.com/people/cyrusin
http://www.zhihu.com/people/kidult
http://www.zhihu.com/people/tangsir
http://www.zhihu.com/people/subrays
http://www.zhihu.com/people/abner
http://www.zhihu.com/people/yuzhuoran
http://www.zhihu.com/people/Xianrui_Chen
http://www.zhihu.com/people/ofshellohicy
http://www.zhihu.com/people/mastertian
http://www.zhihu.com/people/cheng-zeng-cun
http://www.zhihu.com/people/qmqy
http://www.zhihu.com/people/techoxygen
http://www.zhihu.com/people/kong-meng-14
http://www.zhihu.com/people/song-xin-65
http://www.zhihu.com/people/once-23
http://www.zhihu.com/people/liangzi
http://www.zhihu.com/people/sophie-chen
http://www.zhihu.com/people/hu-li-hua
http://www.zhihu.com/people/Luxiaohua
http://www.zhihu.com/people/zhang-hang-70
http://www.zhihu.com/people/archieyang
http://www.zhihu.com/people/ma-nong-64
http://www.zhihu.com/people/xu-yong-kai
http://www.zhihu.com/people/xuelianghan
http://www.zhihu.com/people/hexiangyang
http://www.zhihu.com/people/THFQ
http://www.zhihu.com/people/luchuan
http://www.zhihu.com/people/ywdong
http://www.zhihu.com/people/yu-cheng-69
http://www.zhihu.com/people/winni-88
http://www.zhihu.com/people/yu-long
http://www.zhihu.com/people/lizhifei
http://www.zhihu.com/people/han-peng-qian
http://www.zhihu.com/people/rubi-47
http://www.zhihu.com/people/yang-xiang-nan
http://www.zhihu.com/people/niao-niao-54
http://www.zhihu.com/people/winiex
http://www.zhihu.com/people/xiquanzi
http://www.zhihu.com/people/wu-xing-66
http://www.zhihu.com/people/wang-shui-89
http://www.zhihu.com/people/lebanner
http://www.zhihu.com/people/huang-de-xu
http://www.zhihu.com/people/alexwhu
http://www.zhihu.com/people/sagasw
http://www.zhihu.com/people/jin-duo-93
http://www.zhihu.com/people/gecanhui
http://www.zhihu.com/people/thanxiaoxin
http://www.zhihu.com/people/wang-xiao-xiang-26
http://www.zhihu.com/people/checkking
http://www.zhihu.com/people/tinybir
http://www.zhihu.com/people/pigletfly
http://www.zhihu.com/people/zhu-xi-62
http://www.zhihu.com/people/skydiver
http://www.zhihu.com/people/lin-qian-qian
http://www.zhihu.com/people/newg
http://www.zhihu.com/people/zhou-qian-jun
http://www.zhihu.com/people/aCayF
http://www.zhihu.com/people/flike
http://www.zhihu.com/people/yu-si-yuan-35
http://www.zhihu.com/people/zhihuclub
http://www.zhihu.com/people/li-xiao-wen-2
http://www.zhihu.com/people/manymingge
http://www.zhihu.com/people/jollychang
http://www.zhihu.com/people/xianlei
http://www.zhihu.com/people/jason-83-59
http://www.zhihu.com/people/chemny
http://www.zhihu.com/people/song-lin-feng
http://www.zhihu.com/people/xiao-shan-12
http://www.zhihu.com/people/stig-zhang
http://www.zhihu.com/people/ichabod
http://www.zhihu.com/people/elekchen
http://www.zhihu.com/people/zhouc-64
http://www.zhihu.com/people/yuanhang
http://www.zhihu.com/people/orzwind
http://www.zhihu.com/people/liangzhipeng
http://www.zhihu.com/people/dylanliuli
http://www.zhihu.com/people/wang-ya-ping-92
http://www.zhihu.com/people/qixia
http://www.zhihu.com/people/haohaoxuexi
http://www.zhihu.com/people/ren-xue-wu
http://www.zhihu.com/people/mtd798
http://www.zhihu.com/people/yanjunliu
http://www.zhihu.com/people/ai-hua-feng
http://www.zhihu.com/people/yang-cong-quan-man-tou
http://www.zhihu.com/people/ge-hui
http://www.zhihu.com/people/sun-chao-98
http://www.zhihu.com/people/nhsoft
http://www.zhihu.com/people/ceng-yi-84
http://www.zhihu.com/people/man-shao-chen
http://www.zhihu.com/people/zhao-nuo-nuo
http://www.zhihu.com/people/chinalinbin
http://www.zhihu.com/people/greg-li
http://www.zhihu.com/people/luo-wen-feng
http://www.zhihu.com/people/aerofloyd
http://www.zhihu.com/people/zhang-wei-quan-80
http://www.zhihu.com/people/dizzarz
http://www.zhihu.com/people/peng-LLL
http://www.zhihu.com/people/danielwu89
http://www.zhihu.com/people/fang-liang
http://www.zhihu.com/people/ban-ji-35
http://www.zhihu.com/people/li-bing-14-21
http://www.zhihu.com/people/chundonghu
http://www.zhihu.com/people/lxk1111
http://www.zhihu.com/people/lyuehh
http://www.zhihu.com/people/eloise
http://www.zhihu.com/people/yshone
http://www.zhihu.com/people/victor-80
http://www.zhihu.com/people/lei-mei-zhen
http://www.zhihu.com/people/wang-qing-xiang
http://www.zhihu.com/people/zengmin
http://www.zhihu.com/people/wu-da-bei
http://www.zhihu.com/people/tonyseek
http://www.zhihu.com/people/guxizhao
http://www.zhihu.com/people/zhilishu
http://www.zhihu.com/people/hifly
http://www.zhihu.com/people/tracert
http://www.zhihu.com/people/s5856338
http://www.zhihu.com/people/qie-ge
http://www.zhihu.com/people/xueyichen
http://www.zhihu.com/people/movie007wn
http://www.zhihu.com/people/wang-fei-37-32
http://www.zhihu.com/people/xu-xin-96
http://www.zhihu.com/people/wu-wei-96-47
http://www.zhihu.com/people/causu
http://www.zhihu.com/people/kennedy
http://www.zhihu.com/people/liu-zuo-hong-49
http://www.zhihu.com/people/kokoar
http://www.zhihu.com/people/uitony
http://www.zhihu.com/people/wang-wei-28
http://www.zhihu.com/people/zong-hua
http://www.zhihu.com/people/su-qing-58
http://www.zhihu.com/people/geodream
http://www.zhihu.com/people/zhang-niu-niu
http://www.zhihu.com/people/ryanhust
http://www.zhihu.com/people/charmgene
http://www.zhihu.com/people/bian-xiao-wei
http://www.zhihu.com/people/luo-lei
http://www.zhihu.com/people/bruce-75-64
http://www.zhihu.com/people/li-nuo-26
http://www.zhihu.com/people/chenshuo
http://www.zhihu.com/people/qu-zi
http://www.zhihu.com/people/liyonghua
http://www.zhihu.com/people/subucuo
http://www.zhihu.com/people/wang-lei-52
http://www.zhihu.com/people/hangzhi
http://www.zhihu.com/people/xuzhe1224
http://www.zhihu.com/people/guo-zhao-liang
http://www.zhihu.com/people/zhou-zi-han-17
http://www.zhihu.com/people/bigjoe
http://www.zhihu.com/people/verycb
http://www.zhihu.com/people/yang-xiao-liang-20
http://www.zhihu.com/people/sdxiaoding
http://www.zhihu.com/people/greengnn
http://www.zhihu.com/people/pei-fei-28
http://www.zhihu.com/people/zhuang-chun-hui
http://www.zhihu.com/people/ChenYingFeng
http://www.zhihu.com/people/lingting
http://www.zhihu.com/people/wang-ke-ke-20
http://www.zhihu.com/people/xu-ji-ming-75
http://www.zhihu.com/people/holys
http://www.zhihu.com/people/nomessi
http://www.zhihu.com/people/afio
http://www.zhihu.com/people/paulhandle
http://www.zhihu.com/people/libertrand
http://www.zhihu.com/people/88sir
http://www.zhihu.com/people/han-xiao-guang
http://www.zhihu.com/people/meng-shuang-paula
http://www.zhihu.com/people/he-yi-41
http://www.zhihu.com/people/wang-xiao-dong-91
http://www.zhihu.com/people/netsos
http://www.zhihu.com/people/zhou-mi-53
http://www.zhihu.com/people/shingu
http://www.zhihu.com/people/enbu
http://www.zhihu.com/people/adongdong
http://www.zhihu.com/people/elk-68
http://www.zhihu.com/people/tiezhen
http://www.zhihu.com/people/qin-yiyue
http://www.zhihu.com/people/zhu-zheng-tao
http://www.zhihu.com/people/xin-wu-77
http://www.zhihu.com/people/liu-zong-yao
http://www.zhihu.com/people/whd.thu
http://www.zhihu.com/people/exadata
http://www.zhihu.com/people/RyanShang
http://www.zhihu.com/people/pjhades
http://www.zhihu.com/people/pijili
http://www.zhihu.com/people/yiyibeta2
http://www.zhihu.com/people/cheka
http://www.zhihu.com/people/caiwensheng
http://www.zhihu.com/people/chuangbo
http://www.zhihu.com/people/osuke
http://www.zhihu.com/people/nodexy
http://www.zhihu.com/people/huang-chen-15
http://www.zhihu.com/people/huang-zhen-xin
http://www.zhihu.com/people/mountain
http://www.zhihu.com/people/xumaoquan
http://www.zhihu.com/people/ningwu
http://www.zhihu.com/people/wutongzi
http://www.zhihu.com/people/sqrabs
http://www.zhihu.com/people/yuan-feng-jing
http://www.zhihu.com/people/boviyoung
http://www.zhihu.com/people/hweeken
http://www.zhihu.com/people/mi-suo
http://www.zhihu.com/people/yu-xiao-yu-91
http://www.zhihu.com/people/yao-gun-ji-dan
http://www.zhihu.com/people/luoleicn
http://www.zhihu.com/people/wajiyi
http://www.zhihu.com/people/anyan
http://www.zhihu.com/people/wangguowei
http://www.zhihu.com/people/ban-bei-zi
http://www.zhihu.com/people/li-wen-peng
http://www.zhihu.com/people/xiaoronglv
http://www.zhihu.com/people/xcodeman
http://www.zhihu.com/people/zhangrongjie
http://www.zhihu.com/people/fffsss
http://www.zhihu.com/people/hanoi
http://www.zhihu.com/people/liujian
http://www.zhihu.com/people/chen-zhen-17
http://www.zhihu.com/people/huang-jian-jun
http://www.zhihu.com/people/zhu-hui-lai
http://www.zhihu.com/people/WebThinker
http://www.zhihu.com/people/amoydavid
http://www.zhihu.com/people/bangbig
http://www.zhihu.com/people/freedom_sui
http://www.zhihu.com/people/qilin90
http://www.zhihu.com/people/steveren
http://www.zhihu.com/people/li-bo-82
http://www.zhihu.com/people/robinli007
http://www.zhihu.com/people/caiyuhui
http://www.zhihu.com/people/fa-jun
http://www.zhihu.com/people/huang-cheng-wei
http://www.zhihu.com/people/Bknife
http://www.zhihu.com/people/jin-tong-bao
http://www.zhihu.com/people/rurong
http://www.zhihu.com/people/sonneblume
http://www.zhihu.com/people/tangzk
http://www.zhihu.com/people/visionwang
http://www.zhihu.com/people/a-du
http://www.zhihu.com/people/wzh420
http://www.zhihu.com/people/qingxia
http://www.zhihu.com/people/xiao-mao
http://www.zhihu.com/people/xu-ming-hui-61
http://www.zhihu.com/people/wangjifeng
http://www.zhihu.com/people/gaohao
http://www.zhihu.com/people/fanxiaojie
http://www.zhihu.com/people/williamwoo
http://www.zhihu.com/people/deanlee
http://www.zhihu.com/people/liuliming
http://www.zhihu.com/people/zhangyuantao
http://www.zhihu.com/people/fxzeng
http://www.zhihu.com/people/ma-ke-14
http://www.zhihu.com/people/zhizhen
http://www.zhihu.com/people/baylor
http://www.zhihu.com/people/hongming
http://www.zhihu.com/people/astrum
http://www.zhihu.com/people/xiaojay
http://www.zhihu.com/people/newleeli
http://www.zhihu.com/people/trumanlam
http://www.zhihu.com/people/huaijin
http://www.zhihu.com/people/wang-hai-bo-45
http://www.zhihu.com/people/peixiaolei
http://www.zhihu.com/people/ch3nz
http://www.zhihu.com/people/hudongyang
http://www.zhihu.com/people/niu-he-qing
http://www.zhihu.com/people/li-geng
http://www.zhihu.com/people/Pon9
http://www.zhihu.com/people/second-l
http://www.zhihu.com/people/fan-cong-85
http://www.zhihu.com/people/xian-shi-yu-shi-xian
http://www.zhihu.com/people/itpig
http://www.zhihu.com/people/haika
http://www.zhihu.com/people/etao
http://www.zhihu.com/people/huaikong
http://www.zhihu.com/people/allsaying
http://www.zhihu.com/people/huang-kun-95
http://www.zhihu.com/people/biao-dai-san-ge
http://www.zhihu.com/people/a-jian-79
http://www.zhihu.com/people/learning
http://www.zhihu.com/people/alexander-r
http://www.zhihu.com/people/li-miao-9
http://www.zhihu.com/people/unique
http://www.zhihu.com/people/zhang-yi-fan-38
http://www.zhihu.com/people/shenxiaochun
http://www.zhihu.com/people/yexiaowei
http://www.zhihu.com/people/chinakr
http://www.zhihu.com/people/cai-tong
http://www.zhihu.com/people/wang-cheng-zhao-18
http://www.zhihu.com/people/formula1
http://www.zhihu.com/people/yuanotes
http://www.zhihu.com/people/ming-wei-hao
http://www.zhihu.com/people/stonelau
http://www.zhihu.com/people/bewho
http://www.zhihu.com/people/superwyh
http://www.zhihu.com/people/say-bye
http://www.zhihu.com/people/zhang-rui-66-74
http://www.zhihu.com/people/zhang-tian-lei
http://www.zhihu.com/people/Zoge
http://www.zhihu.com/people/inext
http://www.zhihu.com/people/yangjun
http://www.zhihu.com/people/wuke
http://www.zhihu.com/people/ding-jun-56
http://www.zhihu.com/people/astonysh
http://www.zhihu.com/people/vance
http://www.zhihu.com/people/allinone
http://www.zhihu.com/people/Lake7
http://www.zhihu.com/people/zhang-zong-yi-73
http://www.zhihu.com/people/liu_xin
http://www.zhihu.com/people/tukeping
http://www.zhihu.com/people/su27
http://www.zhihu.com/people/dcer
http://www.zhihu.com/people/meroa
http://www.zhihu.com/people/fang-zi
http://www.zhihu.com/people/yiiran
http://www.zhihu.com/people/caohui
http://www.zhihu.com/people/wang-kun-peng-29
http://www.zhihu.com/people/chen-ding-81
http://www.zhihu.com/people/raindiao
http://www.zhihu.com/people/filod
http://www.zhihu.com/people/udonmai
http://www.zhihu.com/people/billhan
http://www.zhihu.com/people/mingxingzhang
http://www.zhihu.com/people/chaosong
http://www.zhihu.com/people/liangbing
http://www.zhihu.com/people/zhou-xiang-38
http://www.zhihu.com/people/qing-jing-ping-deng-jue
http://www.zhihu.com/people/hxddh
http://www.zhihu.com/people/nullpointer
http://www.zhihu.com/people/frankcai
http://www.zhihu.com/people/yq1013
http://www.zhihu.com/people/baotong
http://www.zhihu.com/people/wan-qing
http://www.zhihu.com/people/lu-xin-45
http://www.zhihu.com/people/mikemelon
http://www.zhihu.com/people/ahrenng
http://www.zhihu.com/people/chenbinglin
http://www.zhihu.com/people/kejun
http://www.zhihu.com/people/chen-wei-yuan
http://www.zhihu.com/people/lu-shi-si
http://www.zhihu.com/people/xxd79
http://www.zhihu.com/people/star
http://www.zhihu.com/people/dzl61717003
http://www.zhihu.com/people/wang-jing-wei
http://www.zhihu.com/people/shunfeng
http://www.zhihu.com/people/nourlcn
http://www.zhihu.com/people/xianglong-25
http://www.zhihu.com/people/bighead
http://www.zhihu.com/people/duan-xiao-yun
http://www.zhihu.com/people/zhao-ji-cheng
http://www.zhihu.com/people/chen-xiao-tu-66
http://www.zhihu.com/people/fanya
http://www.zhihu.com/people/li-dong-dong
http://www.zhihu.com/people/xie-nan
http://www.zhihu.com/people/cheng-yun-biao
http://www.zhihu.com/people/ycflame
http://www.zhihu.com/people/dengyafeng
http://www.zhihu.com/people/veronica2865
http://www.zhihu.com/people/orzcc
http://www.zhihu.com/people/reedboat
http://www.zhihu.com/people/yu-xing-zhe
http://www.zhihu.com/people/mvj3
http://www.zhihu.com/people/polyahu
http://www.zhihu.com/people/burado
http://www.zhihu.com/people/fungo
http://www.zhihu.com/people/0x1997
http://www.zhihu.com/people/apin
http://www.zhihu.com/people/ipheng
http://www.zhihu.com/people/yingfeng
http://www.zhihu.com/people/tao-fu-min
http://www.zhihu.com/people/magmawu
http://www.zhihu.com/people/xiongharry
http://www.zhihu.com/people/yan-peng-64
http://www.zhihu.com/people/sanjing
http://www.zhihu.com/people/leowyf
http://www.zhihu.com/people/inchan
http://www.zhihu.com/people/ma-gang
http://www.zhihu.com/people/triStone
http://www.zhihu.com/people/yanmingchao
http://www.zhihu.com/people/saic
http://www.zhihu.com/people/skylovemm
http://www.zhihu.com/people/laotao
http://www.zhihu.com/people/psjay
http://www.zhihu.com/people/cheng-lin
http://www.zhihu.com/people/zhunuo
http://www.zhihu.com/people/miya
http://www.zhihu.com/people/eric1120
http://www.zhihu.com/people/muhua
http://www.zhihu.com/people/jiangf
http://www.zhihu.com/people/icaiguobin
http://www.zhihu.com/people/alexzhan
http://www.zhihu.com/people/tang-hong-zhe
http://www.zhihu.com/people/qiaoy
http://www.zhihu.com/people/niyan
http://www.zhihu.com/people/noise
http://www.zhihu.com/people/irachex
http://www.zhihu.com/people/ooodong
http://www.zhihu.com/people/wentrue
http://www.zhihu.com/people/ourdearamy
http://www.zhihu.com/people/xie-jian-fen
http://www.zhihu.com/people/changsheng
http://www.zhihu.com/people/abjkl
http://www.zhihu.com/people/chengyuan
http://www.zhihu.com/people/onesuper
http://www.zhihu.com/people/shangfei
http://www.zhihu.com/people/jasonshoong
http://www.zhihu.com/people/liuya802
http://www.zhihu.com/people/supporter
http://www.zhihu.com/people/fanhun
http://www.zhihu.com/people/menghan
http://www.zhihu.com/people/cheewu
http://www.zhihu.com/people/alanfei
http://www.zhihu.com/people/kollinchu
http://www.zhihu.com/people/yaofur
http://www.zhihu.com/people/tanglei
http://www.zhihu.com/people/nirviaje
http://www.zhihu.com/people/arek
http://www.zhihu.com/people/chen-tao-55
http://www.zhihu.com/people/li-bao-ming-53
http://www.zhihu.com/people/liuguojun
http://www.zhihu.com/people/wanglongxi
http://www.zhihu.com/people/cao-ting-ting
http://www.zhihu.com/people/asamcount
http://www.zhihu.com/people/var87
http://www.zhihu.com/people/qi-le
http://www.zhihu.com/people/a-river
http://www.zhihu.com/people/ang.
http://www.zhihu.com/people/rchu-jiang-nan
http://www.zhihu.com/people/meck
http://www.zhihu.com/people/wangping
http://www.zhihu.com/people/zmsx
http://www.zhihu.com/people/lonelydancer
http://www.zhihu.com/people/qianjin
http://www.zhihu.com/people/wqshang
http://www.zhihu.com/people/lihua
http://www.zhihu.com/people/ni-nan
http://www.zhihu.com/people/curt_liu
http://www.zhihu.com/people/shawiz
http://www.zhihu.com/people/jesse_luo
http://www.zhihu.com/people/rong-hao
http://www.zhihu.com/people/mazure
http://www.zhihu.com/people/freemem
http://www.zhihu.com/people/brickhu
http://www.zhihu.com/people/xizhaoweiyang
http://www.zhihu.com/people/inextime
http://www.zhihu.com/people/hu-qian-qiu
http://www.zhihu.com/people/guowenxin
http://www.zhihu.com/people/houniao
http://www.zhihu.com/people/xiangge
http://www.zhihu.com/people/haiger-25
http://www.zhihu.com/people/yaoxu
http://www.zhihu.com/people/chong
http://www.zhihu.com/people/tang-chen
http://www.zhihu.com/people/bakey
http://www.zhihu.com/people/zhouyonggang
http://www.zhihu.com/people/wind
http://www.zhihu.com/people/konnin
http://www.zhihu.com/people/robhsiao
http://www.zhihu.com/people/JeOam
http://www.zhihu.com/people/hackdata
http://www.zhihu.com/people/oxygen
http://www.zhihu.com/people/i7xh
http://www.zhihu.com/people/robbin
http://www.zhihu.com/people/wuhaoxiang
http://www.zhihu.com/people/zhoucl
http://www.zhihu.com/people/dapeng
http://www.zhihu.com/people/alang
http://www.zhihu.com/people/guo-jin
http://www.zhihu.com/people/fuchaoqun
http://www.zhihu.com/people/san-pi
http://www.zhihu.com/people/learning-boy
http://www.zhihu.com/people/chen-yuan
http://www.zhihu.com/people/jeaklee
http://www.zhihu.com/people/qiuchao
http://www.zhihu.com/people/neaton
http://www.zhihu.com/people/iguazi
http://www.zhihu.com/people/winsunchen
http://www.zhihu.com/people/ikbear
http://www.zhihu.com/people/keso
http://www.zhihu.com/people/xiang-liang
http://www.zhihu.com/people/lalaguozhe
http://www.zhihu.com/people/liuyiding
http://www.zhihu.com/people/fang-ming-zi
http://www.zhihu.com/people/g_will
http://www.zhihu.com/people/alvin969
http://www.zhihu.com/people/tech
http://www.zhihu.com/people/alplee
http://www.zhihu.com/people/dilfish
http://www.zhihu.com/people/xlight
http://www.zhihu.com/people/shimuuu
http://www.zhihu.com/people/dulingqiang
http://www.zhihu.com/people/jasonchang
http://www.zhihu.com/people/dysalbert
http://www.zhihu.com/people/naoyeye
http://www.zhihu.com/people/linchangqing
http://www.zhihu.com/people/li-kang
http://www.zhihu.com/people/yu-ming-gu-wen-chen-tao
http://www.zhihu.com/people/gymitat
http://www.zhihu.com/people/luoyundeng
http://www.zhihu.com/people/dongxiaowei
http://www.zhihu.com/people/chenchangming
http://www.zhihu.com/people/qingfeng
http://www.zhihu.com/people/suave
http://www.zhihu.com/people/phxwang
http://www.zhihu.com/people/wang-jun-ru
http://www.zhihu.com/people/pengxzh
http://www.zhihu.com/people/quiver
http://www.zhihu.com/people/ezidane
http://www.zhihu.com/people/blue
http://www.zhihu.com/people/chenvii
http://www.zhihu.com/people/yangxiao
http://www.zhihu.com/people/qi-xiao-qikennyqi
http://www.zhihu.com/people/jokry
http://www.zhihu.com/people/bruce-dou
http://www.zhihu.com/people/lin-qing-piao
http://www.zhihu.com/people/chen_1st
http://www.zhihu.com/people/chenwenxiyue
http://www.zhihu.com/people/nightsailer
http://www.zhihu.com/people/linsk
http://www.zhihu.com/people/iandyh
http://www.zhihu.com/people/yanbin
http://www.zhihu.com/people/shenhaihuai
http://www.zhihu.com/people/wangshi
http://www.zhihu.com/people/fannan
http://www.zhihu.com/people/oyeoye
http://www.zhihu.com/people/shanelau
http://www.zhihu.com/people/feng-qin-yuan
http://www.zhihu.com/people/ecmoment
http://www.zhihu.com/people/mcbuder
http://www.zhihu.com/people/feir
http://www.zhihu.com/people/wuzhining
http://www.zhihu.com/people/shdiao
http://www.zhihu.com/people/yangchengbo
http://www.zhihu.com/people/kang-wei
http://www.zhihu.com/people/liu-yang
http://www.zhihu.com/people/fenglizhen
http://www.zhihu.com/people/joby
http://www.zhihu.com/people/maidou
http://www.zhihu.com/people/changfan
http://www.zhihu.com/people/liujiang
http://www.zhihu.com/people/drakexu
http://www.zhihu.com/people/dongyi
http://www.zhihu.com/people/iamin
http://www.zhihu.com/people/xiaozhibo
http://www.zhihu.com/people/ture
http://www.zhihu.com/people/feng_gao
http://www.zhihu.com/people/leonpak
http://www.zhihu.com/people/caoxiaowu
http://www.zhihu.com/people/think
http://www.zhihu.com/people/wangpengyun
http://www.zhihu.com/people/zhi42
http://www.zhihu.com/people/captiveguy
http://www.zhihu.com/people/whshang
http://www.zhihu.com/people/feng-ling-zi
http://www.zhihu.com/people/datouma
http://www.zhihu.com/people/tinyfool
http://www.zhihu.com/people/arki
http://www.zhihu.com/people/lubenyuan.com
http://www.zhihu.com/people/cinason
http://www.zhihu.com/people/youngton
http://www.zhihu.com/people/peng-shan
http://www.zhihu.com/people/clickstone
http://www.zhihu.com/people/noyy
http://www.zhihu.com/people/rainmanzzt
http://www.zhihu.com/people/jimsang
http://www.zhihu.com/people/xinghan
http://www.zhihu.com/people/liang
http://www.zhihu.com/people/zhang-jin-jiang
http://www.zhihu.com/people/kingszar
http://www.zhihu.com/people/idingbao
http://www.zhihu.com/people/zhangga
http://www.zhihu.com/people/ryutlis
http://www.zhihu.com/people/modou
http://www.zhihu.com/people/bian
http://www.zhihu.com/people/fenng
http://www.zhihu.com/people/milkr
http://www.zhihu.com/people/roys
http://www.zhihu.com/people/lixiangmin
http://www.zhihu.com/people/jimmyz
http://www.zhihu.com/people/hongqn
http://www.zhihu.com/people/pengyu
http://www.zhihu.com/people/alex
http://www.zhihu.com/people/gongjun
http://www.zhihu.com/people/zhengyun
http://www.zhihu.com/people/jixin
http://www.zhihu.com/people/chengang
http://www.zhihu.com/people/zhouyuan
http://www.zhihu.com/people/grep
http://www.zhihu.com/people/skyxqc
http://www.zhihu.com/people/shijun
http://www.zhihu.com/people/shen
