http://www.zhihu.com/people/ha-lu-de
http://www.zhihu.com/people/tian-dou-49
http://www.zhihu.com/people/liu-liu-gu-niang
http://www.zhihu.com/people/meng-jia-la
http://www.zhihu.com/people/gracieux.taobao.com
http://www.zhihu.com/people/zai-yi-luo
http://www.zhihu.com/people/zhang-bei-li-er
http://www.zhihu.com/people/rn1996
http://www.zhihu.com/people/diercn
http://www.zhihu.com/people/wen-tao-4
http://www.zhihu.com/people/pang-luan-luan
http://www.zhihu.com/people/ding-tao-30
http://www.zhihu.com/people/san-qian-piao
http://www.zhihu.com/people/weisibi
http://www.zhihu.com/people/lin-zi-16-8
http://www.zhihu.com/people/wu-xiao-yi-43
http://www.zhihu.com/people/li-yue-heng
http://www.zhihu.com/people/liu-jin-long-44
http://www.zhihu.com/people/chamouren
http://www.zhihu.com/people/nerojon
http://www.zhihu.com/people/bandianma
http://www.zhihu.com/people/li-mu-mu-88
http://www.zhihu.com/people/lin-wei-56
http://www.zhihu.com/people/cta-b
http://www.zhihu.com/people/shao-xiong-64
http://www.zhihu.com/people/li-ding-guo-33
http://www.zhihu.com/people/bang-xiao-hao
http://www.zhihu.com/people/jiang-bin-liang
http://www.zhihu.com/people/789456123
http://www.zhihu.com/people/nie-jie-31
http://www.zhihu.com/people/liu-zhou-1
http://www.zhihu.com/people/bao-li-di-tie
http://www.zhihu.com/people/he-er-84
http://www.zhihu.com/people/wang-hun-dan
http://www.zhihu.com/people/xiao-shan-78-50
http://www.zhihu.com/people/deathman
http://www.zhihu.com/people/qiaojiaxin
http://www.zhihu.com/people/an-kang-75
http://www.zhihu.com/people/long-hua-you-min
http://www.zhihu.com/people/andiely921
http://www.zhihu.com/people/wang-wei-6-1
http://www.zhihu.com/people/mu-xia-47
http://www.zhihu.com/people/xiao-luo-54
http://www.zhihu.com/people/jiang-tian-yi
http://www.zhihu.com/people/shi-hong-46
http://www.zhihu.com/people/wang-xiao-mao-50
http://www.zhihu.com/people/cai-jin-cheng
http://www.zhihu.com/people/cui-xu-chen
http://www.zhihu.com/people/deng-xin-xian
http://www.zhihu.com/people/peng-jian-bin
http://www.zhihu.com/people/luobupo
http://www.zhihu.com/people/li-si-yuan-30
http://www.zhihu.com/people/wang-xin-an-8
http://www.zhihu.com/people/andy-67-12
http://www.zhihu.com/people/zhou-xiao-xun-93
http://www.zhihu.com/people/wenyong
http://www.zhihu.com/people/mo-wei-zhi-57
http://www.zhihu.com/people/fan-lin-sen-61
http://www.zhihu.com/people/king-zin
http://www.zhihu.com/people/shi-xiao-chen-90
http://www.zhihu.com/people/bibo
http://www.zhihu.com/people/yang-guang-11-55
http://www.zhihu.com/people/chen-tian-biao
http://www.zhihu.com/people/Korvin
http://www.zhihu.com/people/wu-zhi-min-55
http://www.zhihu.com/people/dqw1990
http://www.zhihu.com/people/liu-xiao-miao-m
http://www.zhihu.com/people/guo-lu-50
http://www.zhihu.com/people/egoddly
http://www.zhihu.com/people/dong-jia-ming-63
http://www.zhihu.com/people/LH
http://www.zhihu.com/people/leemoispace
http://www.zhihu.com/people/wzzw
http://www.zhihu.com/people/kimchi-zhao
http://www.zhihu.com/people/zhengze
http://www.zhihu.com/people/zhang-yu-nie-68
http://www.zhihu.com/people/tang-fan-ming
http://www.zhihu.com/people/wang-jing-27-65
http://www.zhihu.com/people/dai-nora
http://www.zhihu.com/people/darcy-5
http://www.zhihu.com/people/max-hua
http://www.zhihu.com/people/wang-ze-yu-82
http://www.zhihu.com/people/alvens
http://www.zhihu.com/people/wu-yu-an
http://www.zhihu.com/people/xia-wei-zhu
http://www.zhihu.com/people/hou-ye-60
http://www.zhihu.com/people/shen-dou-dou-15
http://www.zhihu.com/people/luo-ke-xian-sheng
http://www.zhihu.com/people/xu-xing
http://www.zhihu.com/people/byerancy
http://www.zhihu.com/people/li-zong-long
http://www.zhihu.com/people/heaven_000
http://www.zhihu.com/people/fu-yun-xiao-jie
http://www.zhihu.com/people/liu-xiao-guai-89
http://www.zhihu.com/people/pizei
http://www.zhihu.com/people/yi-zhi-ran
http://www.zhihu.com/people/yu-yu-qing-feng
http://www.zhihu.com/people/saradush
http://www.zhihu.com/people/wang-jun-bin-55
http://www.zhihu.com/people/gotham-chen
http://www.zhihu.com/people/xie-yu-zhong-37
http://www.zhihu.com/people/kongdede
http://www.zhihu.com/people/peng-xiu-yi
http://www.zhihu.com/people/jun-pi
http://www.zhihu.com/people/jiao-sha-ye
http://www.zhihu.com/people/yun-duan-da-xia
http://www.zhihu.com/people/hen-ji-67
http://www.zhihu.com/people/wang-zu-73
http://www.zhihu.com/people/tang-jing-yu-24
http://www.zhihu.com/people/jerry-su
http://www.zhihu.com/people/cccesar
http://www.zhihu.com/people/TuringDon
http://www.zhihu.com/people/yang-ke-67
http://www.zhihu.com/people/wutong
http://www.zhihu.com/people/dt-wgu
http://www.zhihu.com/people/pan-richard
http://www.zhihu.com/people/feng-hao-84
http://www.zhihu.com/people/ryanlee-46
http://www.zhihu.com/people/ho-henry
http://www.zhihu.com/people/a-xin-de-xin
http://www.zhihu.com/people/dtm-glory
http://www.zhihu.com/people/xinjay
http://www.zhihu.com/people/chen-fan-63
http://www.zhihu.com/people/guo-yu-er
http://www.zhihu.com/people/zhujiaye
http://www.zhihu.com/people/kkkkkira
http://www.zhihu.com/people/yu-cheng-cheng-34
http://www.zhihu.com/people/liang-xiao-xin-84
http://www.zhihu.com/people/zhang-yuan-41-66
http://www.zhihu.com/people/chibole
http://www.zhihu.com/people/zhen-yu-tong
http://www.zhihu.com/people/zhao-xiao-fang-15
http://www.zhihu.com/people/lu-de-wei-xi-99
http://www.zhihu.com/people/suntf
http://www.zhihu.com/people/chunk
http://www.zhihu.com/people/eric-cao-54
http://www.zhihu.com/people/ren-er-cheng
http://www.zhihu.com/people/mustbe
http://www.zhihu.com/people/donj
http://www.zhihu.com/people/xie-kai-90
http://www.zhihu.com/people/yang-zheng-yin
http://www.zhihu.com/people/cloudong
http://www.zhihu.com/people/liu-zhe-44
http://www.zhihu.com/people/tangxionly
http://www.zhihu.com/people/lin-jia-qi-79
http://www.zhihu.com/people/zeraone
http://www.zhihu.com/people/yao-mao-3
http://www.zhihu.com/people/yang-zhe-18
http://www.zhihu.com/people/wang-ming-35-97
http://www.zhihu.com/people/rainsky
http://www.zhihu.com/people/mu-tou-16
http://www.zhihu.com/people/gao-gao-72
http://www.zhihu.com/people/pinkatropine
http://www.zhihu.com/people/wang-yuan-ting-17
http://www.zhihu.com/people/liu-ze-18-75
http://www.zhihu.com/people/pan-rong-rong
http://www.zhihu.com/people/ding-ding-84-86
http://www.zhihu.com/people/taihuxiaobaoyu
http://www.zhihu.com/people/leng-jia-lin
http://www.zhihu.com/people/joe
http://www.zhihu.com/people/xiaoluxin
http://www.zhihu.com/people/fan-ying-da
http://www.zhihu.com/people/tang-lian-rong
http://www.zhihu.com/people/shaxjl
http://www.zhihu.com/people/dong-qi-59
http://www.zhihu.com/people/ni-dong-de
http://www.zhihu.com/people/glacierlee
http://www.zhihu.com/people/dong-jia-bin
http://www.zhihu.com/people/zhao-ming-zhe-83
http://www.zhihu.com/people/a-miao-59
http://www.zhihu.com/people/pan-fan-65
http://www.zhihu.com/people/qian-jing-wei
http://www.zhihu.com/people/liu-xiao-kang-8
http://www.zhihu.com/people/ming-xiao-cheng-79
http://www.zhihu.com/people/yin-hu-22
http://www.zhihu.com/people/zhang-xiao-ming-49-55
http://www.zhihu.com/people/ji-ran-ran-31
http://www.zhihu.com/people/pingoflove
http://www.zhihu.com/people/cao-zi-han-22
http://www.zhihu.com/people/jun-lin-29
http://www.zhihu.com/people/bi-yu-cheng
http://www.zhihu.com/people/khaki-29
http://www.zhihu.com/people/yin-ni-ma
http://www.zhihu.com/people/linlin0101
http://www.zhihu.com/people/li-lian-41
http://www.zhihu.com/people/jonathanqiu
http://www.zhihu.com/people/woodman
http://www.zhihu.com/people/qdbmu-63
http://www.zhihu.com/people/su-chang-26
http://www.zhihu.com/people/zhenghaorocks
http://www.zhihu.com/people/ma-da-da-ming
http://www.zhihu.com/people/junoma
http://www.zhihu.com/people/qiaoerenwu
http://www.zhihu.com/people/liu-ting-ting-64
http://www.zhihu.com/people/pan-shi-yun
http://www.zhihu.com/people/zhu-meng-yan-87
http://www.zhihu.com/people/li-xiao-ge-1993
http://www.zhihu.com/people/xiao-su-27
http://www.zhihu.com/people/mazimin
http://www.zhihu.com/people/sun-lin-9
http://www.zhihu.com/people/lu-hao-20
http://www.zhihu.com/people/lu-jie-12
http://www.zhihu.com/people/shao-shuai-70
http://www.zhihu.com/people/jing-chen-92
http://www.zhihu.com/people/wang-xuan-41-49
http://www.zhihu.com/people/liu-jian-ming-61-25
http://www.zhihu.com/people/wang-zi-yang-42
http://www.zhihu.com/people/kingsley_kuo
http://www.zhihu.com/people/xiao-di-78
http://www.zhihu.com/people/abbigail
http://www.zhihu.com/people/tan-ri-tian
http://www.zhihu.com/people/yuan-kun-60
http://www.zhihu.com/people/guo-da-lu-13-28
http://www.zhihu.com/people/an-jing-19-19
http://www.zhihu.com/people/alone2007
http://www.zhihu.com/people/wee1
http://www.zhihu.com/people/shen-ya-nan-44
http://www.zhihu.com/people/svn_bj
http://www.zhihu.com/people/zuns
http://www.zhihu.com/people/xiang-nuan
http://www.zhihu.com/people/shangfly
http://www.zhihu.com/people/yuekun
http://www.zhihu.com/people/yang-xiao-xie-60
http://www.zhihu.com/people/jiayizhen
http://www.zhihu.com/people/dong-xi-78-92
http://www.zhihu.com/people/cai-xin-79
http://www.zhihu.com/people/chen-ji-88
http://www.zhihu.com/people/wang-li-bing
http://www.zhihu.com/people/chen-ti-mo
http://www.zhihu.com/people/chen-jing-74-86
http://www.zhihu.com/people/MelllLactee
http://www.zhihu.com/people/cheng-jia-peng
http://www.zhihu.com/people/yun-xiao-yun-29
http://www.zhihu.com/people/mo-ce
http://www.zhihu.com/people/zhang-wei-dong-59
http://www.zhihu.com/people/yao-miao-yan
http://www.zhihu.com/people/yi-lin515
http://www.zhihu.com/people/kiwee
http://www.zhihu.com/people/la-zha-ru-si
http://www.zhihu.com/people/utal
http://www.zhihu.com/people/bi-peng
http://www.zhihu.com/people/wen-da-ya-55
http://www.zhihu.com/people/jiang-nu
http://www.zhihu.com/people/zhui-rou-nu-yao
http://www.zhihu.com/people/ace-t
http://www.zhihu.com/people/Mr.guo
http://www.zhihu.com/people/ri-ye-qian-chi
http://www.zhihu.com/people/zhao-tian-ba
http://www.zhihu.com/people/helloben
http://www.zhihu.com/people/yuan-lin-56-60
http://www.zhihu.com/people/wangwei
http://www.zhihu.com/people/he-bu-ke
http://www.zhihu.com/people/zhou-neng-44
http://www.zhihu.com/people/yan-da-hai-919
http://www.zhihu.com/people/mi-xian-17
http://www.zhihu.com/people/ma-que-10
http://www.zhihu.com/people/linklinman
http://www.zhihu.com/people/pointfish
http://www.zhihu.com/people/chen-ming-34-23
http://www.zhihu.com/people/chi-a-79
http://www.zhihu.com/people/wang-xiao-qi-46
http://www.zhihu.com/people/sakula
http://www.zhihu.com/people/li-yang-52-66-5
http://www.zhihu.com/people/liaoyy
http://www.zhihu.com/people/chen-bin-shu
http://www.zhihu.com/people/lin-tu-tu-68
http://www.zhihu.com/people/suga
http://www.zhihu.com/people/zheng-yi-shi
http://www.zhihu.com/people/si-shu-yang
http://www.zhihu.com/people/morea
http://www.zhihu.com/people/hai-xi-83
http://www.zhihu.com/people/liu-bai-86-24
http://www.zhihu.com/people/qian-qian-80-6
http://www.zhihu.com/people/li-li-31-33
http://www.zhihu.com/people/lion-heart-
http://www.zhihu.com/people/bai-xiao-fei
http://www.zhihu.com/people/peng-xiao-han
http://www.zhihu.com/people/NGC2392
http://www.zhihu.com/people/zhang-xiao-juan-60
http://www.zhihu.com/people/newlifechou
http://www.zhihu.com/people/liu-zhi-guo-4
http://www.zhihu.com/people/dai-an-yi
http://www.zhihu.com/people/wawalala
http://www.zhihu.com/people/frinkhuang
http://www.zhihu.com/people/thoreau-84
http://www.zhihu.com/people/zhang-cai-jin
http://www.zhihu.com/people/liu-xing-zhi-ban
http://www.zhihu.com/people/hua-yan-yang
http://www.zhihu.com/people/macarthur
http://www.zhihu.com/people/gao-yun-fan
http://www.zhihu.com/people/zhang-cheng-yuan
http://www.zhihu.com/people/wang-meng-yi
http://www.zhihu.com/people/yong-sheng
http://www.zhihu.com/people/ryan-42-5
http://www.zhihu.com/people/hou-yi-vincent
http://www.zhihu.com/people/hjlee
http://www.zhihu.com/people/yue-yi-he
http://www.zhihu.com/people/feng-shao-xiong
http://www.zhihu.com/people/lin-ji-mi
http://www.zhihu.com/people/man-shu-95
http://www.zhihu.com/people/xu-jian-hua
http://www.zhihu.com/people/steve-70
http://www.zhihu.com/people/hongyi33
http://www.zhihu.com/people/lin-shu-xin
http://www.zhihu.com/people/yu-chuan-yi-59
http://www.zhihu.com/people/wei-yu-xin-47
http://www.zhihu.com/people/li-jian-74-81
http://www.zhihu.com/people/li-xiao-cheng-88
http://www.zhihu.com/people/li-bo-yu-85
http://www.zhihu.com/people/tsingbo
http://www.zhihu.com/people/CCTV01
http://www.zhihu.com/people/yang-yi-16
http://www.zhihu.com/people/li-hua-jiang
http://www.zhihu.com/people/sunshinestyle
http://www.zhihu.com/people/cold-cold
http://www.zhihu.com/people/veron
http://www.zhihu.com/people/yu-zhe-32-34
http://www.zhihu.com/people/liu-shi-jun-27
http://www.zhihu.com/people/chenwen
http://www.zhihu.com/people/flashcoast
http://www.zhihu.com/people/richard.g
http://www.zhihu.com/people/lu-di-56
http://www.zhihu.com/people/cosimolu
http://www.zhihu.com/people/xu-xiao-tu-65
http://www.zhihu.com/people/lin-yu-
http://www.zhihu.com/people/forkburn
http://www.zhihu.com/people/ahwing
http://www.zhihu.com/people/liu-ping-ping
http://www.zhihu.com/people/fornane
http://www.zhihu.com/people/qiao-feng-xue
http://www.zhihu.com/people/goal2scool
http://www.zhihu.com/people/jonson-fang
http://www.zhihu.com/people/kang-yu-ying
http://www.zhihu.com/people/zhou-lao-dao
http://www.zhihu.com/people/guo-sheng-23
http://www.zhihu.com/people/zheng-helen
http://www.zhihu.com/people/shevchenko-57
http://www.zhihu.com/people/shi-liu-46-82
http://www.zhihu.com/people/gong-fu-chen
http://www.zhihu.com/people/wang-xuan-yi-8
http://www.zhihu.com/people/yang-xiao-yong-76
http://www.zhihu.com/people/riverking
http://www.zhihu.com/people/su-lu-79
http://www.zhihu.com/people/vivefree
http://www.zhihu.com/people/zhang-yifan-35
http://www.zhihu.com/people/wang-zi-mian-72
http://www.zhihu.com/people/luo-kui-lin
http://www.zhihu.com/people/dhfl
http://www.zhihu.com/people/yangluhan1990
http://www.zhihu.com/people/wang-hao-yuan-44
http://www.zhihu.com/people/miao-cc-96
http://www.zhihu.com/people/li-si-gu-niang
http://www.zhihu.com/people/zhu-jin-heng
http://www.zhihu.com/people/qi-hong-wei
http://www.zhihu.com/people/megan-ma
http://www.zhihu.com/people/yan-lun-67
http://www.zhihu.com/people/fablefong
http://www.zhihu.com/people/zhang-tian-sheng-76
http://www.zhihu.com/people/max7m5s
http://www.zhihu.com/people/li-da-wei-70-61
http://www.zhihu.com/people/tao-hua-shui-mu
http://www.zhihu.com/people/meng-yang-40-35
http://www.zhihu.com/people/yang-liu-34
http://www.zhihu.com/people/long-li-hong
http://www.zhihu.com/people/ke-cha-cha
http://www.zhihu.com/people/ray-guo-23
http://www.zhihu.com/people/zhang-yi-fan-48
http://www.zhihu.com/people/shu-yun-36
http://www.zhihu.com/people/hu-di-57-16
http://www.zhihu.com/people/yang-hua-90
http://www.zhihu.com/people/chen-yi-zhu-11
http://www.zhihu.com/people/skhs
http://www.zhihu.com/people/Palomar123
http://www.zhihu.com/people/gao-yang-30
http://www.zhihu.com/people/wang-xiao-chi
http://www.zhihu.com/people/zhou-min-61
http://www.zhihu.com/people/liang-xiao-yi-27
http://www.zhihu.com/people/tian-xue-hao
http://www.zhihu.com/people/wei-jia-cheng-20
http://www.zhihu.com/people/qianhouzuoyou
http://www.zhihu.com/people/idiot-32
http://www.zhihu.com/people/chu-pei-rui
http://www.zhihu.com/people/jin-mu-96
http://www.zhihu.com/people/wen-zi-53-54
http://www.zhihu.com/people/li-wei-46-72
http://www.zhihu.com/people/tuobadaidai
http://www.zhihu.com/people/zheng-xia-ming
http://www.zhihu.com/people/peng-xian-sen-41
http://www.zhihu.com/people/wangchongyang
http://www.zhihu.com/people/han-jian-3
http://www.zhihu.com/people/kookliu
http://www.zhihu.com/people/Mag1na
http://www.zhihu.com/people/wang-xu-11-69
http://www.zhihu.com/people/hou-qi-wen
http://www.zhihu.com/people/hu-zhi-57
http://www.zhihu.com/people/li-peng-fei-55
http://www.zhihu.com/people/bai-bai-he-18
http://www.zhihu.com/people/wu-sean-58
http://www.zhihu.com/people/zhang-peng-fei-92
http://www.zhihu.com/people/cao-dong-39
http://www.zhihu.com/people/li-mo-moj
http://www.zhihu.com/people/zhu-bo-tao
http://www.zhihu.com/people/jiang-yuan-bo-81
http://www.zhihu.com/people/yi-kai-62
http://www.zhihu.com/people/chu-meng-meng
http://www.zhihu.com/people/linwang
http://www.zhihu.com/people/mu-rong-you-yue-65
http://www.zhihu.com/people/Xiao_Liang
http://www.zhihu.com/people/mctang
http://www.zhihu.com/people/xsclxin
http://www.zhihu.com/people/PeterCHANG
http://www.zhihu.com/people/yi-duo-duo-13
http://www.zhihu.com/people/xingtao-shen
http://www.zhihu.com/people/season-ont
http://www.zhihu.com/people/ivanlee
http://www.zhihu.com/people/lin-qing-91
http://www.zhihu.com/people/li-li-86-60
http://www.zhihu.com/people/haoyuantan
http://www.zhihu.com/people/lyu.l
http://www.zhihu.com/people/zhao-zi-quan
http://www.zhihu.com/people/zhong-hao-78
http://www.zhihu.com/people/wang-meng-48-47
http://www.zhihu.com/people/cxcomi
http://www.zhihu.com/people/li-cheng-gan
http://www.zhihu.com/people/peoplegxs
http://www.zhihu.com/people/jenningsatlarge
http://www.zhihu.com/people/qi-qi-52-78
http://www.zhihu.com/people/guo-shan-zheng
http://www.zhihu.com/people/ji-er-13
http://www.zhihu.com/people/nickwong
http://www.zhihu.com/people/tcstar
http://www.zhihu.com/people/beasum
http://www.zhihu.com/people/zhjuchjun-cheng
http://www.zhihu.com/people/zhang-ying-zhou-91
http://www.zhihu.com/people/stela
http://www.zhihu.com/people/yang-ou
http://www.zhihu.com/people/a-li-li-31
http://www.zhihu.com/people/zhu-dong-hui-53
http://www.zhihu.com/people/Fraecak_l
http://www.zhihu.com/people/ChineseWhisper
http://www.zhihu.com/people/guozhena
http://www.zhihu.com/people/hou-hui-si
http://www.zhihu.com/people/tao-li-1-15
http://www.zhihu.com/people/liu-jian-roger
http://www.zhihu.com/people/iyucci
http://www.zhihu.com/people/zhang-xing-xing-27
http://www.zhihu.com/people/tang-mi-54
http://www.zhihu.com/people/wen-sen-te-86
http://www.zhihu.com/people/zhang-hu-43
http://www.zhihu.com/people/tang-ming-yi
http://www.zhihu.com/people/xia-qi-la
http://www.zhihu.com/people/luliang
http://www.zhihu.com/people/li-qiang-55
http://www.zhihu.com/people/vintagepeanut
http://www.zhihu.com/people/wei-xu-25
http://www.zhihu.com/people/lyndonneu
http://www.zhihu.com/people/face-li
http://www.zhihu.com/people/wang-pan-91
http://www.zhihu.com/people/lily-leo
http://www.zhihu.com/people/likaifeng
http://www.zhihu.com/people/knightshady
http://www.zhihu.com/people/wang-wei-wei-89
http://www.zhihu.com/people/Stormyy
http://www.zhihu.com/people/dao-dao-62
http://www.zhihu.com/people/fanguofeng
http://www.zhihu.com/people/ahxxm
http://www.zhihu.com/people/just-zhe
http://www.zhihu.com/people/zhao-yang-xin
http://www.zhihu.com/people/tang-zi-qi-10
http://www.zhihu.com/people/jixin
http://www.zhihu.com/people/han-xiao-xiao-74
http://www.zhihu.com/people/stephanie-73
http://www.zhihu.com/people/zhu-di-53
http://www.zhihu.com/people/lin-zhi-hua-39
http://www.zhihu.com/people/wang-fu-kang
http://www.zhihu.com/people/zhong-ye-zi-49
http://www.zhihu.com/people/lei-hao-yi
http://www.zhihu.com/people/jin-xiang
http://www.zhihu.com/people/larry-56
http://www.zhihu.com/people/liu-xiao-zhui
http://www.zhihu.com/people/yanyuanmeng
http://www.zhihu.com/people/mu-hua
http://www.zhihu.com/people/fang-zhen-guo
http://www.zhihu.com/people/yuke-fighting
http://www.zhihu.com/people/zhang-zhen-92-15
http://www.zhihu.com/people/navigator-hsu
http://www.zhihu.com/people/kingljx
http://www.zhihu.com/people/noodle
http://www.zhihu.com/people/mophiest
http://www.zhihu.com/people/mutuyu
http://www.zhihu.com/people/fensilemon
http://www.zhihu.com/people/wrpm
http://www.zhihu.com/people/juice-wong
http://www.zhihu.com/people/ivywang
http://www.zhihu.com/people/jackdu
http://www.zhihu.com/people/blueice-68
http://www.zhihu.com/people/jin-dong-mei
http://www.zhihu.com/people/lightme
http://www.zhihu.com/people/ba-qi-95
http://www.zhihu.com/people/zi-sheng-zoe
http://www.zhihu.com/people/wu-wen-kui
http://www.zhihu.com/people/sheng-zhi-qing
http://www.zhihu.com/people/LisLove
http://www.zhihu.com/people/kevinvesper
http://www.zhihu.com/people/tao-zhi-26
http://www.zhihu.com/people/wang-xiao-yue-86
http://www.zhihu.com/people/mu-mu-ju
http://www.zhihu.com/people/li-xin-62-26
http://www.zhihu.com/people/xie-zheng-520
http://www.zhihu.com/people/su-guang
http://www.zhihu.com/people/zhang-dong-hui-38
http://www.zhihu.com/people/zhan-bo-wen-42
http://www.zhihu.com/people/zhang-zi-fu-14
http://www.zhihu.com/people/ma-bei-bei-96
http://www.zhihu.com/people/stellar
http://www.zhihu.com/people/yi-sen-8
http://www.zhihu.com/people/dong-xue-61
http://www.zhihu.com/people/shi-yilang-cai
http://www.zhihu.com/people/karaki
http://www.zhihu.com/people/liu-hai-yang-21-3
http://www.zhihu.com/people/zhu-xiao-wu-77
http://www.zhihu.com/people/butcherv
http://www.zhihu.com/people/lollipop3
http://www.zhihu.com/people/liu-ze-cheng
http://www.zhihu.com/people/fuxiucong
http://www.zhihu.com/people/tian-nan-gua
http://www.zhihu.com/people/su-chen-chen
http://www.zhihu.com/people/sellsoda
http://www.zhihu.com/people/yiwei-55
http://www.zhihu.com/people/zhang-yu-zhuo
http://www.zhihu.com/people/ashbei-er
http://www.zhihu.com/people/li-nuo-67-24
http://www.zhihu.com/people/bin-xin-80
http://www.zhihu.com/people/ge-la-si-wen
http://www.zhihu.com/people/killaxe-jie
http://www.zhihu.com/people/pan-chao-57
http://www.zhihu.com/people/qing-feng-yi-zhu
http://www.zhihu.com/people/bai-ye-51
http://www.zhihu.com/people/xu-wei-dong-83
http://www.zhihu.com/people/feng-yu-57
http://www.zhihu.com/people/ni-da-ye-40-87
http://www.zhihu.com/people/mondaylaugh
http://www.zhihu.com/people/cherrydcy
http://www.zhihu.com/people/yu-san-geng
http://www.zhihu.com/people/han-liang-hanl
http://www.zhihu.com/people/zi-yan-52
http://www.zhihu.com/people/icola
http://www.zhihu.com/people/taoqun
http://www.zhihu.com/people/wang-cong-20
http://www.zhihu.com/people/Charlieyue
http://www.zhihu.com/people/tongjinghao
http://www.zhihu.com/people/furuo-mo
http://www.zhihu.com/people/tsau.liu
http://www.zhihu.com/people/lin-bi-mgal
http://www.zhihu.com/people/Ricahrd.Light
http://www.zhihu.com/people/hongrunj
http://www.zhihu.com/people/aileenshi
http://www.zhihu.com/people/matrix-trueman-2
http://www.zhihu.com/people/yaoyouming
http://www.zhihu.com/people/tang-yiming-24
http://www.zhihu.com/people/dean-14
http://www.zhihu.com/people/feihong
http://www.zhihu.com/people/hai-yang
http://www.zhihu.com/people/xing-yun-88
http://www.zhihu.com/people/hu-lu-wa-58
http://www.zhihu.com/people/hua-qing-75
http://www.zhihu.com/people/qin-kang-bao
http://www.zhihu.com/people/yang-cong-quan-man-tou
http://www.zhihu.com/people/xiaodaoren
http://www.zhihu.com/people/shao-yi-61
http://www.zhihu.com/people/pan-deng-86
http://www.zhihu.com/people/li-li-34-58
http://www.zhihu.com/people/chang-kai-xin-85
http://www.zhihu.com/people/Robot-Yu
http://www.zhihu.com/people/detwin
http://www.zhihu.com/people/calliope
http://www.zhihu.com/people/chen-xiao-xi-71
http://www.zhihu.com/people/bian-yi-bin
http://www.zhihu.com/people/tian-rui-30
http://www.zhihu.com/people/dongdongqiang
http://www.zhihu.com/people/cui-yu-58
http://www.zhihu.com/people/jackey-jiang
http://www.zhihu.com/people/xkin
http://www.zhihu.com/people/chen-lei-142857
http://www.zhihu.com/people/techoxygen
http://www.zhihu.com/people/selongtoray
http://www.zhihu.com/people/cheng-hai-bo
http://www.zhihu.com/people/wang-fang-zhou
http://www.zhihu.com/people/dalizhaoxiang
http://www.zhihu.com/people/vayn
http://www.zhihu.com/people/zerg-duan
http://www.zhihu.com/people/zhang-yi-kang
http://www.zhihu.com/people/xi-bei-san-vc
http://www.zhihu.com/people/liu-xiao-yong-61
http://www.zhihu.com/people/ding-sai-di
http://www.zhihu.com/people/xddxy
http://www.zhihu.com/people/cozigrace
http://www.zhihu.com/people/chanlderbing
http://www.zhihu.com/people/zheng-lin-48
http://www.zhihu.com/people/lookgod
http://www.zhihu.com/people/chen-xiao-mo-33
http://www.zhihu.com/people/hao-zhu
http://www.zhihu.com/people/xu-yong-jia
http://www.zhihu.com/people/youngyik
http://www.zhihu.com/people/laststand
http://www.zhihu.com/people/adson
http://www.zhihu.com/people/chinalinbin
http://www.zhihu.com/people/paul-shadow
http://www.zhihu.com/people/SummerIndus
http://www.zhihu.com/people/xie-yuan-peng
http://www.zhihu.com/people/tian-fu-rong
http://www.zhihu.com/people/fan-zhu-guo
http://www.zhihu.com/people/zhang-shi-pu
http://www.zhihu.com/people/shui-di-76
http://www.zhihu.com/people/su-xiao-___
http://www.zhihu.com/people/eric-5
http://www.zhihu.com/people/elichang
http://www.zhihu.com/people/zhang-yue-ming-12
http://www.zhihu.com/people/zhang-yiliu
http://www.zhihu.com/people/yuanyahan
http://www.zhihu.com/people/dong-jiu-yue
http://www.zhihu.com/people/airwolf2026
http://www.zhihu.com/people/tang-nai-hua
http://www.zhihu.com/people/ymjrcc
http://www.zhihu.com/people/guang-feng
http://www.zhihu.com/people/tygoonray
http://www.zhihu.com/people/chriszhenzhen
http://www.zhihu.com/people/queenie.leung
http://www.zhihu.com/people/qiibeta
http://www.zhihu.com/people/chen-lin-jian
http://www.zhihu.com/people/fuckzhihu
http://www.zhihu.com/people/wang-xiao-qiang-92
http://www.zhihu.com/people/ding-tian
http://www.zhihu.com/people/mo-da
http://www.zhihu.com/people/sheng-yu-58
http://www.zhihu.com/people/zhou-mi-53
http://www.zhihu.com/people/lu-ren-jun-37
http://www.zhihu.com/people/tang-fan-fan
http://www.zhihu.com/people/wang-wen-yang
http://www.zhihu.com/people/stupident
http://www.zhihu.com/people/wbsanfeng
http://www.zhihu.com/people/huang-jia-18
http://www.zhihu.com/people/jiangruhua
http://www.zhihu.com/people/Eric-Young-007
http://www.zhihu.com/people/dai-yi-zhou
http://www.zhihu.com/people/xie-mao-88
http://www.zhihu.com/people/iamyukaiyang
http://www.zhihu.com/people/ding-zhu-73
http://www.zhihu.com/people/zhang-wei-zhong
http://www.zhihu.com/people/shi-tou-23
http://www.zhihu.com/people/qu-yiming
http://www.zhihu.com/people/jiang-dong-ming
http://www.zhihu.com/people/tony-hong-43
http://www.zhihu.com/people/er-gou-80
http://www.zhihu.com/people/duchao
http://www.zhihu.com/people/guo-wei-hua
http://www.zhihu.com/people/cloud-cheung
http://www.zhihu.com/people/shi-rui-49
http://www.zhihu.com/people/halfmile
http://www.zhihu.com/people/jonathan_pku
http://www.zhihu.com/people/song-xiao-fan
http://www.zhihu.com/people/ni-ren-jie
http://www.zhihu.com/people/xu-duo-79
http://www.zhihu.com/people/shouwangzhe
http://www.zhihu.com/people/neb-60
http://www.zhihu.com/people/hu-lai-71
http://www.zhihu.com/people/shan-kui-zhang
http://www.zhihu.com/people/zhou-ge-zi
http://www.zhihu.com/people/nehuo
http://www.zhihu.com/people/xie-tian-99
http://www.zhihu.com/people/chai-pi-ma
http://www.zhihu.com/people/THFQ
http://www.zhihu.com/people/cheng-fang-hang
http://www.zhihu.com/people/lu-duan-wei
http://www.zhihu.com/people/qian-qian-qian-qian
http://www.zhihu.com/people/Scott-Dong
http://www.zhihu.com/people/tang-jian
http://www.zhihu.com/people/phos
http://www.zhihu.com/people/joshua-96
http://www.zhihu.com/people/sun-xiao-lan-94
http://www.zhihu.com/people/kekewhui
http://www.zhihu.com/people/sabrina-71
http://www.zhihu.com/people/-zi-ting
http://www.zhihu.com/people/chen-dong-35-62
http://www.zhihu.com/people/virzen
http://www.zhihu.com/people/yu-si-yuan-35
http://www.zhihu.com/people/san-pi-ge
http://www.zhihu.com/people/amore721
http://www.zhihu.com/people/viviiz
http://www.zhihu.com/people/li-wei-78-56
http://www.zhihu.com/people/huang-hua-hua-21
http://www.zhihu.com/people/zhaoyuekent
http://www.zhihu.com/people/hu-xiao-4
http://www.zhihu.com/people/SUNYATSEN
http://www.zhihu.com/people/liang-yu-fan
http://www.zhihu.com/people/ilook
http://www.zhihu.com/people/zhang-bo-han-56
http://www.zhihu.com/people/shinji
http://www.zhihu.com/people/TheChyi
http://www.zhihu.com/people/liu-chen-26-38
http://www.zhihu.com/people/tu-zhi-jiang-silvia
http://www.zhihu.com/people/zhangleo
http://www.zhihu.com/people/xxpamh
http://www.zhihu.com/people/sang-da-peng
http://www.zhihu.com/people/gao-da-li
http://www.zhihu.com/people/pineal
http://www.zhihu.com/people/jiu-bao
http://www.zhihu.com/people/zhou-ze-ping
http://www.zhihu.com/people/s1798
http://www.zhihu.com/people/pang-da-14
http://www.zhihu.com/people/lzl-10
http://www.zhihu.com/people/luziang
http://www.zhihu.com/people/yan-jun-87
http://www.zhihu.com/people/cai-yan-ting-81
http://www.zhihu.com/people/zhou-shu-de
http://www.zhihu.com/people/nian-hua-re-cao
http://www.zhihu.com/people/ray-ma-57
http://www.zhihu.com/people/martin-bi
http://www.zhihu.com/people/gu-qing-11
http://www.zhihu.com/people/zhang-xiao-xian-77
http://www.zhihu.com/people/fabulousqi
http://www.zhihu.com/people/liqiaoo
http://www.zhihu.com/people/xia-gu-lin
http://www.zhihu.com/people/shi-yue-63
http://www.zhihu.com/people/li-ping-fan-39
http://www.zhihu.com/people/liaoqingping
http://www.zhihu.com/people/bing-mez
http://www.zhihu.com/people/wang-yuan-66-5
http://www.zhihu.com/people/wang-cheng-87
http://www.zhihu.com/people/chenyongren
http://www.zhihu.com/people/karryzhang
http://www.zhihu.com/people/J-zhihu
http://www.zhihu.com/people/tintuo
http://www.zhihu.com/people/guo-zi-yun-33
http://www.zhihu.com/people/tesla1984
http://www.zhihu.com/people/ma-san-xing
http://www.zhihu.com/people/yi-xiao-65
http://www.zhihu.com/people/psjay
http://www.zhihu.com/people/JiangTianZheng
http://www.zhihu.com/people/lizardxy
http://www.zhihu.com/people/zhang-qiang-3-51
http://www.zhihu.com/people/bo-wen-49
http://www.zhihu.com/people/bai-ye-joy
http://www.zhihu.com/people/weevil
http://www.zhihu.com/people/bohu
http://www.zhihu.com/people/bighau
http://www.zhihu.com/people/qmqy
http://www.zhihu.com/people/neonyasushi
http://www.zhihu.com/people/hydra-10
http://www.zhihu.com/people/jiang-zhen-peng
http://www.zhihu.com/people/peterlu
http://www.zhihu.com/people/zisha360
http://www.zhihu.com/people/uedtest
http://www.zhihu.com/people/danblue
http://www.zhihu.com/people/bing-deng-xing
http://www.zhihu.com/people/laser
http://www.zhihu.com/people/tian-min-cheng
http://www.zhihu.com/people/peter-85
http://www.zhihu.com/people/lucker
http://www.zhihu.com/people/detective-tan
http://www.zhihu.com/people/m-carol
http://www.zhihu.com/people/gai-yi-tian
http://www.zhihu.com/people/9tail
http://www.zhihu.com/people/zhao-jia-long-16
http://www.zhihu.com/people/yu-ming-gu-wen-chen-tao
http://www.zhihu.com/people/cen-cheng
http://www.zhihu.com/people/sometimes-61
http://www.zhihu.com/people/aimesimon
http://www.zhihu.com/people/wei.si
http://www.zhihu.com/people/sun-shi-jun
http://www.zhihu.com/people/james-fong
http://www.zhihu.com/people/zhu-wen
http://www.zhihu.com/people/li-hai-yuan
http://www.zhihu.com/people/luomoshiguang
http://www.zhihu.com/people/yao-she
http://www.zhihu.com/people/zengyingjia
http://www.zhihu.com/people/lu-zi-lu-76
http://www.zhihu.com/people/hao-shi-cong
http://www.zhihu.com/people/chen-dian-dian-40
http://www.zhihu.com/people/bigben
http://www.zhihu.com/people/te-te-54
http://www.zhihu.com/people/jack-35-66
http://www.zhihu.com/people/er-shi-yi
http://www.zhihu.com/people/zhao-wei
http://www.zhihu.com/people/dennis-41
http://www.zhihu.com/people/lin-shuang-shuang
http://www.zhihu.com/people/yanrui45
http://www.zhihu.com/people/wang-jian-88-94
http://www.zhihu.com/people/lu-gu-73
http://www.zhihu.com/people/liu-feng-18
http://www.zhihu.com/people/10250
http://www.zhihu.com/people/wang-wen-bo-55
http://www.zhihu.com/people/Paitanapilahmima
http://www.zhihu.com/people/littleVege
http://www.zhihu.com/people/yang-ban-xian
http://www.zhihu.com/people/shi-da-shu
http://www.zhihu.com/people/li-jiu-long
http://www.zhihu.com/people/woodboy456
http://www.zhihu.com/people/StudentofRiemann
http://www.zhihu.com/people/zheng-hu-li
http://www.zhihu.com/people/tangjingxin
http://www.zhihu.com/people/lin-zhao-wen-83
http://www.zhihu.com/people/patrickluo
http://www.zhihu.com/people/mobiuschen
http://www.zhihu.com/people/li-yan-76-62
http://www.zhihu.com/people/linglingfa
http://www.zhihu.com/people/cody-16
http://www.zhihu.com/people/robster
http://www.zhihu.com/people/wang-ran-ran-28
http://www.zhihu.com/people/cdtcai
http://www.zhihu.com/people/wei-hua
http://www.zhihu.com/people/886688
http://www.zhihu.com/people/jia-ke-wei
http://www.zhihu.com/people/trisyi
http://www.zhihu.com/people/li-peng-yu
http://www.zhihu.com/people/namiheike
http://www.zhihu.com/people/denisyao
http://www.zhihu.com/people/mxeso
http://www.zhihu.com/people/freefuture
