http://www.zhihu.com/people/anchor
http://www.zhihu.com/people/cheng-soy
http://www.zhihu.com/people/congcong009
http://www.zhihu.com/people/tearsring
http://www.zhihu.com/people/minch
http://www.zhihu.com/people/liwenjun
http://www.zhihu.com/people/enqiangli
http://www.zhihu.com/people/zhang-yi-fan-48
http://www.zhihu.com/people/qu-qi-46-53
http://www.zhihu.com/people/zhcx
http://www.zhihu.com/people/xiao-kun-82
http://www.zhihu.com/people/reknave
http://www.zhihu.com/people/suqin
http://www.zhihu.com/people/wen-zhu-80
http://www.zhihu.com/people/wenwu
http://www.zhihu.com/people/nen-teng
http://www.zhihu.com/people/wang-xiao-feng-73-62
http://www.zhihu.com/people/xie-wei-you
http://www.zhihu.com/people/aipsme
http://www.zhihu.com/people/forkburn
http://www.zhihu.com/people/he-yuan-sheng
http://www.zhihu.com/people/lovemtl
http://www.zhihu.com/people/chen-bo-89
http://www.zhihu.com/people/ethan-75
http://www.zhihu.com/people/Alan777
http://www.zhihu.com/people/wang-peng-18-74
http://www.zhihu.com/people/imhanwu
http://www.zhihu.com/people/nyanzhang
http://www.zhihu.com/people/song-song-76
http://www.zhihu.com/people/linjiex
http://www.zhihu.com/people/infoman
http://www.zhihu.com/people/aimesimon
http://www.zhihu.com/people/xiao-chu
http://www.zhihu.com/people/langzhasq
http://www.zhihu.com/people/liyali
http://www.zhihu.com/people/su-fei-17
http://www.zhihu.com/people/guranzhi
http://www.zhihu.com/people/chen-mo-62-77
http://www.zhihu.com/people/chen-qing-wen-14
http://www.zhihu.com/people/Eth4n
http://www.zhihu.com/people/hexiaobing
http://www.zhihu.com/people/lvsedanongchang
http://www.zhihu.com/people/zhu-yi-ge
http://www.zhihu.com/people/zhang-chun-yue-19
http://www.zhihu.com/people/cao-zhi-hai
http://www.zhihu.com/people/sunmingshen
http://www.zhihu.com/people/pan-xiao-25
http://www.zhihu.com/people/huo-jia-14
http://www.zhihu.com/people/zhou-an
http://www.zhihu.com/people/chendanqing
http://www.zhihu.com/people/raymond-wang
http://www.zhihu.com/people/freedomwaitwei
http://www.zhihu.com/people/zhu-lin-87
http://www.zhihu.com/people/banlon
http://www.zhihu.com/people/rambler1122
http://www.zhihu.com/people/zec-5
http://www.zhihu.com/people/kevin-hu
http://www.zhihu.com/people/sagasw
http://www.zhihu.com/people/huang-peng-xiao
http://www.zhihu.com/people/zhong-ye-zi-49
http://www.zhihu.com/people/chopsticks
http://www.zhihu.com/people/jiebanla
http://www.zhihu.com/people/zhangbin
http://www.zhihu.com/people/fu-rui-67
http://www.zhihu.com/people/qru-loong
http://www.zhihu.com/people/techoxygen
http://www.zhihu.com/people/huchangyi
http://www.zhihu.com/people/sVicente
http://www.zhihu.com/people/vie365
http://www.zhihu.com/people/wwzcxqc
http://www.zhihu.com/people/zhangsantu
http://www.zhihu.com/people/donhi
http://www.zhihu.com/people/vicareicaros
http://www.zhihu.com/people/bo-wen-49
http://www.zhihu.com/people/mo-mo-cha
http://www.zhihu.com/people/xie-rong-peng
http://www.zhihu.com/people/youlili
http://www.zhihu.com/people/hong-wei-96
http://www.zhihu.com/people/yexingF
http://www.zhihu.com/people/eric-5
http://www.zhihu.com/people/zhou-gong-jin-23
http://www.zhihu.com/people/xiefeng
http://www.zhihu.com/people/zhengwuzhou
http://www.zhihu.com/people/wangyue
http://www.zhihu.com/people/wanhu
http://www.zhihu.com/people/websec
http://www.zhihu.com/people/he-shi-jun
http://www.zhihu.com/people/luochao
http://www.zhihu.com/people/netsos
http://www.zhihu.com/people/yu-gu-69
http://www.zhihu.com/people/song-guang-chun
http://www.zhihu.com/people/leelooluu
http://www.zhihu.com/people/GilgameshK
http://www.zhihu.com/people/lin-cui
http://www.zhihu.com/people/tmkook
http://www.zhihu.com/people/bandengzong
http://www.zhihu.com/people/holybreeze
http://www.zhihu.com/people/cao-wei-wei
http://www.zhihu.com/people/wangweison
http://www.zhihu.com/people/pan-yu-qi
http://www.zhihu.com/people/bu_zhi
http://www.zhihu.com/people/yang-cong-quan-man-tou
http://www.zhihu.com/people/feisky
http://www.zhihu.com/people/haiger-25
http://www.zhihu.com/people/fu-jia-qi
http://www.zhihu.com/people/li-yizhou
http://www.zhihu.com/people/thinkind
http://www.zhihu.com/people/yshone
http://www.zhihu.com/people/sven-64
http://www.zhihu.com/people/mo-hen-rou
http://www.zhihu.com/people/li-xin-yu-25
http://www.zhihu.com/people/lanmao
http://www.zhihu.com/people/hxl0708
http://www.zhihu.com/people/li-wei-9-83
http://www.zhihu.com/people/xiao-dong-6
http://www.zhihu.com/people/Anewczs
http://www.zhihu.com/people/heisn
http://www.zhihu.com/people/zhuang-biao-wei
http://www.zhihu.com/people/liang-peng-cheng-70
http://www.zhihu.com/people/dingjiayuan
http://www.zhihu.com/people/he-xiu-wei
http://www.zhihu.com/people/ai-chen-34
http://www.zhihu.com/people/wu-jing-tian-1
http://www.zhihu.com/people/cherryhuang-10
http://www.zhihu.com/people/niexiaoyi
http://www.zhihu.com/people/christina-18
http://www.zhihu.com/people/ztcngadget
http://www.zhihu.com/people/chen-gang-81
http://www.zhihu.com/people/shu-sang
http://www.zhihu.com/people/zhao-xin-79
http://www.zhihu.com/people/www.ikeji123.com
http://www.zhihu.com/people/aaron-zhang-40
http://www.zhihu.com/people/fatuan
http://www.zhihu.com/people/ma-xiao-er
http://www.zhihu.com/people/tang-lin-34
http://www.zhihu.com/people/xie-feng-fan
http://www.zhihu.com/people/pan-zhi-hao
http://www.zhihu.com/people/hyukming
http://www.zhihu.com/people/zhang-xiu-jia
http://www.zhihu.com/people/wang-jin-bo-87
http://www.zhihu.com/people/cai-chu-xi
http://www.zhihu.com/people/xu-chang-43
http://www.zhihu.com/people/ivanbecks7
http://www.zhihu.com/people/S.M.L
http://www.zhihu.com/people/broxten
http://www.zhihu.com/people/jinkang
http://www.zhihu.com/people/secret
http://www.zhihu.com/people/lichengdongdong
http://www.zhihu.com/people/lyisice
http://www.zhihu.com/people/levin0215
http://www.zhihu.com/people/qu-ya-jun
http://www.zhihu.com/people/wangyuzhen
http://www.zhihu.com/people/harbuzi
http://www.zhihu.com/people/anyan
http://www.zhihu.com/people/mengan
http://www.zhihu.com/people/yanyiwu
http://www.zhihu.com/people/206562123
http://www.zhihu.com/people/keepmovingzxw
http://www.zhihu.com/people/yydy
http://www.zhihu.com/people/roy-lee
http://www.zhihu.com/people/hnss
http://www.zhihu.com/people/line
http://www.zhihu.com/people/maieve
http://www.zhihu.com/people/zhu-tou-xiao-dui-chang
http://www.zhihu.com/people/joe2
http://www.zhihu.com/people/gai-xiao-chuan
http://www.zhihu.com/people/tab_
http://www.zhihu.com/people/eternalolin
http://www.zhihu.com/people/shoutaimu
http://www.zhihu.com/people/hertz
http://www.zhihu.com/people/chenyuanhao
http://www.zhihu.com/people/GavinQi
http://www.zhihu.com/people/jin-tong-bao
http://www.zhihu.com/people/lidaobing
http://www.zhihu.com/people/vincent-wen
http://www.zhihu.com/people/jfxiao
http://www.zhihu.com/people/zxb888
http://www.zhihu.com/people/qu-zhuo
http://www.zhihu.com/people/cailiang
http://www.zhihu.com/people/windmin
http://www.zhihu.com/people/feng-ming-peng
http://www.zhihu.com/people/deanlee
http://www.zhihu.com/people/li-miao-9
http://www.zhihu.com/people/zhangxiaoyao
http://www.zhihu.com/people/visoar
http://www.zhihu.com/people/huang-yue-43
http://www.zhihu.com/people/visionwang
http://www.zhihu.com/people/zhuang-yuan-88
http://www.zhihu.com/people/trumanlam
http://www.zhihu.com/people/heatherm
http://www.zhihu.com/people/hillerliao
http://www.zhihu.com/people/lymz
http://www.zhihu.com/people/sln9
http://www.zhihu.com/people/www.1lehuo.com
http://www.zhihu.com/people/yves
http://www.zhihu.com/people/bai-er-shui
http://www.zhihu.com/people/beckchao
http://www.zhihu.com/people/vincentskywalker
http://www.zhihu.com/people/chen-guang-yuan
http://www.zhihu.com/people/yuba100
http://www.zhihu.com/people/qiu-fu-nan
http://www.zhihu.com/people/he-ming-ke
http://www.zhihu.com/people/nirgone
http://www.zhihu.com/people/huaxia
http://www.zhihu.com/people/VinceChen
http://www.zhihu.com/people/cherry
http://www.zhihu.com/people/kaola
http://www.zhihu.com/people/shen2
http://www.zhihu.com/people/vinian
http://www.zhihu.com/people/hensejz
http://www.zhihu.com/people/he-jia-qiang
http://www.zhihu.com/people/evan-yellow
http://www.zhihu.com/people/ashwu
http://www.zhihu.com/people/vicguo
http://www.zhihu.com/people/whitecrow
http://www.zhihu.com/people/woniu
http://www.zhihu.com/people/ferlysky
http://www.zhihu.com/people/alvin
http://www.zhihu.com/people/she-zhu-xiang
http://www.zhihu.com/people/ettazy
http://www.zhihu.com/people/lizheng-27
http://www.zhihu.com/people/gu-ze-xin
http://www.zhihu.com/people/nanL
http://www.zhihu.com/people/fanhu
http://www.zhihu.com/people/dufeilong
http://www.zhihu.com/people/luyi_61
http://www.zhihu.com/people/MichaelYang
http://www.zhihu.com/people/hiwein
http://www.zhihu.com/people/nicklv
http://www.zhihu.com/people/xdash
http://www.zhihu.com/people/dakid
http://www.zhihu.com/people/neodymium
http://www.zhihu.com/people/zhaobati
http://www.zhihu.com/people/lava
http://www.zhihu.com/people/interjc
http://www.zhihu.com/people/aiyi
http://www.zhihu.com/people/feeng
http://www.zhihu.com/people/wintbros
http://www.zhihu.com/people/ningzexi
http://www.zhihu.com/people/numb3r3
http://www.zhihu.com/people/skylovemm
http://www.zhihu.com/people/donsunny46664
http://www.zhihu.com/people/tiankeshan
http://www.zhihu.com/people/tccz
http://www.zhihu.com/people/lidehui
http://www.zhihu.com/people/zi-yi
http://www.zhihu.com/people/lipq
http://www.zhihu.com/people/hardball
http://www.zhihu.com/people/zhang-jin-jiang
http://www.zhihu.com/people/chuliao
http://www.zhihu.com/people/chenshuo
http://www.zhihu.com/people/sanxingju
http://www.zhihu.com/people/huashao
http://www.zhihu.com/people/wang-yi-fei-18
http://www.zhihu.com/people/livehao
http://www.zhihu.com/people/feng-li-zhong
http://www.zhihu.com/people/blues
http://www.zhihu.com/people/eva-11
http://www.zhihu.com/people/chenfangyi
http://www.zhihu.com/people/shunfeng
http://www.zhihu.com/people/zhaomeng
http://www.zhihu.com/people/Bryanzhao
http://www.zhihu.com/people/alexzhan
http://www.zhihu.com/people/sunzhengxin
http://www.zhihu.com/people/zizai
http://www.zhihu.com/people/billhan
http://www.zhihu.com/people/yan-xb
http://www.zhihu.com/people/elaineliu56
http://www.zhihu.com/people/cheng-lin
http://www.zhihu.com/people/hhalloyy
http://www.zhihu.com/people/kuhn
http://www.zhihu.com/people/rapstone
http://www.zhihu.com/people/icaiguobin
http://www.zhihu.com/people/niyan
http://www.zhihu.com/people/wangping
http://www.zhihu.com/people/shangfei
http://www.zhihu.com/people/konnin
http://www.zhihu.com/people/supporter
http://www.zhihu.com/people/neaton
http://www.zhihu.com/people/oulove
http://www.zhihu.com/people/dondonlau
http://www.zhihu.com/people/chengyuan
http://www.zhihu.com/people/bomboy
http://www.zhihu.com/people/gong-jin-62
http://www.zhihu.com/people/liuya802
http://www.zhihu.com/people/li-bao-ming-53
http://www.zhihu.com/people/a-river
http://www.zhihu.com/people/var87
http://www.zhihu.com/people/hu-qian-qiu
http://www.zhihu.com/people/housne
http://www.zhihu.com/people/gloom_sunday
http://www.zhihu.com/people/kevincs
http://www.zhihu.com/people/chendayun
http://www.zhihu.com/people/zhouyiping
http://www.zhihu.com/people/chenvii
http://www.zhihu.com/people/scavin
http://www.zhihu.com/people/freemem
http://www.zhihu.com/people/hzksh
http://www.zhihu.com/people/azhu
http://www.zhihu.com/people/jobsfan
http://www.zhihu.com/people/sun-jun-feng
http://www.zhihu.com/people/chong
http://www.zhihu.com/people/tang-chen
http://www.zhihu.com/people/wangqiang
http://www.zhihu.com/people/qianjin
http://www.zhihu.com/people/wind
http://www.zhihu.com/people/liangbing
http://www.zhihu.com/people/gong-le-tian
http://www.zhihu.com/people/todd
http://www.zhihu.com/people/leeking001
http://www.zhihu.com/people/zfreet
http://www.zhihu.com/people/teng-wei
http://www.zhihu.com/people/jokry
http://www.zhihu.com/people/wang-fu-jun
http://www.zhihu.com/people/yuanqz
http://www.zhihu.com/people/dowell
http://www.zhihu.com/people/houjie
http://www.zhihu.com/people/blackhumor
http://www.zhihu.com/people/tian-xiang
http://www.zhihu.com/people/allenwong
http://www.zhihu.com/people/guo-yao-qi
http://www.zhihu.com/people/Freshmedia
http://www.zhihu.com/people/shao
http://www.zhihu.com/people/jarod
http://www.zhihu.com/people/sanv
http://www.zhihu.com/people/chenglong
http://www.zhihu.com/people/laotao
http://www.zhihu.com/people/yan-yun
http://www.zhihu.com/people/lugang
http://www.zhihu.com/people/adamsxu
http://www.zhihu.com/people/CCAV1
http://www.zhihu.com/people/onlyswan
http://www.zhihu.com/people/jasonchang
http://www.zhihu.com/people/zhksheaxyj
http://www.zhihu.com/people/linchangqing
http://www.zhihu.com/people/pu-xu-dong
http://www.zhihu.com/people/wangxiaobin
http://www.zhihu.com/people/just
http://www.zhihu.com/people/dongxiaowei
http://www.zhihu.com/people/hushuqi
http://www.zhihu.com/people/rock
http://www.zhihu.com/people/Ataraxia002
http://www.zhihu.com/people/ibuzzo
http://www.zhihu.com/people/Zhang_Jian
http://www.zhihu.com/people/zhang-rui-79
http://www.zhihu.com/people/fantasysoft
http://www.zhihu.com/people/vincent4j
http://www.zhihu.com/people/quiver
http://www.zhihu.com/people/douban
http://www.zhihu.com/people/dingli
http://www.zhihu.com/people/blue
http://www.zhihu.com/people/lightory
http://www.zhihu.com/people/wilson.lin
http://www.zhihu.com/people/ikbear
http://www.zhihu.com/people/hifly
http://www.zhihu.com/people/mooqii
http://www.zhihu.com/people/guo-jin
http://www.zhihu.com/people/joby
http://www.zhihu.com/people/jamzo
http://www.zhihu.com/people/soulhacker
http://www.zhihu.com/people/xuzhihong
http://www.zhihu.com/people/mcbuder
http://www.zhihu.com/people/caoxiaowu
http://www.zhihu.com/people/gymitat
http://www.zhihu.com/people/coco
http://www.zhihu.com/people/gnap
http://www.zhihu.com/people/benimaru0407
http://www.zhihu.com/people/tinyfool
http://www.zhihu.com/people/bighead
http://www.zhihu.com/people/qusheng
http://www.zhihu.com/people/sunyu
http://www.zhihu.com/people/rosicky311
http://www.zhihu.com/people/stanchu
http://www.zhihu.com/people/hujie
http://www.zhihu.com/people/leonyau
http://www.zhihu.com/people/lubenyuan.com
http://www.zhihu.com/people/maidou
http://www.zhihu.com/people/a-wei
http://www.zhihu.com/people/zhang-fu
http://www.zhihu.com/people/liuchuang
http://www.zhihu.com/people/jophie
http://www.zhihu.com/people/gavenzhang
http://www.zhihu.com/people/lixiangmin
http://www.zhihu.com/people/yangpeng
http://www.zhihu.com/people/idingbao
http://www.zhihu.com/people/POPOEVER
http://www.zhihu.com/people/riku
http://www.zhihu.com/people/zhao-zhi-xiong
http://www.zhihu.com/people/applenate
http://www.zhihu.com/people/zhutou
http://www.zhihu.com/people/mali
http://www.zhihu.com/people/sun-xue-feng
http://www.zhihu.com/people/jimmyz
http://www.zhihu.com/people/lina
http://www.zhihu.com/people/kwoh
http://www.zhihu.com/people/cooL
http://www.zhihu.com/people/gongjun
http://www.zhihu.com/people/yoyicue
http://www.zhihu.com/people/ahau
http://www.zhihu.com/people/boshfish
http://www.zhihu.com/people/therealist
http://www.zhihu.com/people/zhangga
http://www.zhihu.com/people/zhang-ding
http://www.zhihu.com/people/cooerson
http://www.zhihu.com/people/dong-ming-xuan
http://www.zhihu.com/people/zhanglu
http://www.zhihu.com/people/ripley
http://www.zhihu.com/people/wang-chun-hui
http://www.zhihu.com/people/webleon
http://www.zhihu.com/people/changfan
http://www.zhihu.com/people/woody
http://www.zhihu.com/people/qichong
http://www.zhihu.com/people/fanquanquan
http://www.zhihu.com/people/sealon
http://www.zhihu.com/people/cindyjiang
http://www.zhihu.com/people/1111
http://www.zhihu.com/people/liyong03
http://www.zhihu.com/people/si-jian
http://www.zhihu.com/people/daodao
http://www.zhihu.com/people/zhang-li-nan
http://www.zhihu.com/people/shijun
http://www.zhihu.com/people/keso
http://www.zhihu.com/people/linan
http://www.zhihu.com/people/jeff
http://www.zhihu.com/people/semwatchlao-gao
http://www.zhihu.com/people/jinzhihui
http://www.zhihu.com/people/detecti1914
http://www.zhihu.com/people/jason5ng32
http://www.zhihu.com/people/oxygen
http://www.zhihu.com/people/wang-zi-yuan
http://www.zhihu.com/people/imzxd
http://www.zhihu.com/people/bian
http://www.zhihu.com/people/Dian
http://www.zhihu.com/people/imike
http://www.zhihu.com/people/jixin
http://www.zhihu.com/people/whale
http://www.zhihu.com/people/zhouyuan
