http://www.zhihu.com/people/fang-fan-12
http://www.zhihu.com/people/hang-yang-1412
http://www.zhihu.com/people/NGC2392
http://www.zhihu.com/people/xiao-chu
http://www.zhihu.com/people/zhu-yixin-42
http://www.zhihu.com/people/yaochenhao
http://www.zhihu.com/people/wei-ta-bing
http://www.zhihu.com/people/zhang-yu-nie-68
http://www.zhihu.com/people/li-jia-yuan-70
http://www.zhihu.com/people/tyche-xu
http://www.zhihu.com/people/findmusic
http://www.zhihu.com/people/hu-ke-30
http://www.zhihu.com/people/wujinzhi
http://www.zhihu.com/people/jiang-yuan-hao-91
http://www.zhihu.com/people/jun-jun-67
http://www.zhihu.com/people/tao-tie-32
http://www.zhihu.com/people/zhu-bo-tao
http://www.zhihu.com/people/ding-da-lu
http://www.zhihu.com/people/lin-yiqian
http://www.zhihu.com/people/zhao-en-hua
http://www.zhihu.com/people/zblshine1989
http://www.zhihu.com/people/wang-qing-83
http://www.zhihu.com/people/techoxygen
http://www.zhihu.com/people/zhong-ye-zi-49
http://www.zhihu.com/people/lixuan
http://www.zhihu.com/people/yin-si-bu
http://www.zhihu.com/people/happy-life
http://www.zhihu.com/people/2372558
http://www.zhihu.com/people/qmqy
http://www.zhihu.com/people/shuo-shuo-17
http://www.zhihu.com/people/huang-shi-jian-80
http://www.zhihu.com/people/liu-chun-73
http://www.zhihu.com/people/miao-zhong-yu
http://www.zhihu.com/people/zhangxiaoliang
http://www.zhihu.com/people/jiaowei
http://www.zhihu.com/people/gao-chong-14
http://www.zhihu.com/people/chen-chen-93-44
http://www.zhihu.com/people/zhou-yi-song-48
http://www.zhihu.com/people/cliffy
http://www.zhihu.com/people/mo-xiao-xi-15
http://www.zhihu.com/people/feng-tian-ze
http://www.zhihu.com/people/liu-hui-84-16
http://www.zhihu.com/people/yang-xiao-man-15
http://www.zhihu.com/people/2012k
http://www.zhihu.com/people/du-shen-yan
http://www.zhihu.com/people/meng-shui-yi-mou
http://www.zhihu.com/people/lei-chao-80
http://www.zhihu.com/people/ke-ji-45
http://www.zhihu.com/people/zhang-su-41
http://www.zhihu.com/people/xu-mao-yu
http://www.zhihu.com/people/he-ji-fei
http://www.zhihu.com/people/wang-tao-37-87
http://www.zhihu.com/people/wang-xi-10
http://www.zhihu.com/people/bei-er-y
http://www.zhihu.com/people/guo-ke-82
http://www.zhihu.com/people/lin-liu-wen
http://www.zhihu.com/people/whaleintheriver
http://www.zhihu.com/people/goghl
http://www.zhihu.com/people/dou-shuai-62
http://www.zhihu.com/people/guan-xuan
http://www.zhihu.com/people/zhi-xin-39
http://www.zhihu.com/people/zhao-fei-82
http://www.zhihu.com/people/xiang-cun
http://www.zhihu.com/people/liu-liu-54
http://www.zhihu.com/people/jiao-hong-ru
http://www.zhihu.com/people/queen-felinea
http://www.zhihu.com/people/6Spy
http://www.zhihu.com/people/li-teng-fei-74
http://www.zhihu.com/people/boxiaotu
http://www.zhihu.com/people/liu-yi-62
http://www.zhihu.com/people/ecaqs
http://www.zhihu.com/people/gan-zeng
http://www.zhihu.com/people/chi-tang
http://www.zhihu.com/people/jia-lan-41
http://www.zhihu.com/people/zhang-hao-91-6
http://www.zhihu.com/people/wu-qi-wei-71
http://www.zhihu.com/people/chen-ya-huan-00
http://www.zhihu.com/people/bao-tian-shuai
http://www.zhihu.com/people/sayhi987
http://www.zhihu.com/people/liang-chen-69
http://www.zhihu.com/people/wu-wen-kui
http://www.zhihu.com/people/li-ying-peng-861103
http://www.zhihu.com/people/lin-mai-wei
http://www.zhihu.com/people/12341
http://www.zhihu.com/people/wei-yang-88
http://www.zhihu.com/people/djean
http://www.zhihu.com/people/jonaslu
http://www.zhihu.com/people/wang-wen-18
http://www.zhihu.com/people/pan-zi-xi
http://www.zhihu.com/people/zhou-wan-wan-24
http://www.zhihu.com/people/zhang-xuan-wei
http://www.zhihu.com/people/luo-bing-yu
http://www.zhihu.com/people/qiao-an-16
http://www.zhihu.com/people/mo-qian-47
http://www.zhihu.com/people/ma-jia-29
http://www.zhihu.com/people/xu-ran-38
http://www.zhihu.com/people/xie-yi-song-82
http://www.zhihu.com/people/zhang-shi-long-29
http://www.zhihu.com/people/zhang-kang-kang-9
http://www.zhihu.com/people/yeshun
http://www.zhihu.com/people/shi-liang-mu
http://www.zhihu.com/people/lin-jia-jun-28
http://www.zhihu.com/people/liu-yu-40-27
http://www.zhihu.com/people/zhu-kan-34
http://www.zhihu.com/people/chen-jing-yuan-6
http://www.zhihu.com/people/zhong-jun-12-48
http://www.zhihu.com/people/ma-chen-44
http://www.zhihu.com/people/han-peng-qian
http://www.zhihu.com/people/cai-bo-71
http://www.zhihu.com/people/zhang-yang-55-29
http://www.zhihu.com/people/hu-xiao-ke-48
http://www.zhihu.com/people/fang-jun-46
http://www.zhihu.com/people/du-yun-67
http://www.zhihu.com/people/sun-chao-98
http://www.zhihu.com/people/luo-hai-ni
http://www.zhihu.com/people/chen-cong-98
http://www.zhihu.com/people/guo-qi-68
http://www.zhihu.com/people/february
http://www.zhihu.com/people/r-sir
http://www.zhihu.com/people/tigr
http://www.zhihu.com/people/huang-lujie
http://www.zhihu.com/people/lin-bao-shi
http://www.zhihu.com/people/ceng-yi-84
http://www.zhihu.com/people/gao-yu-shen
http://www.zhihu.com/people/shu-xiong-69
http://www.zhihu.com/people/yu-yang-37
http://www.zhihu.com/people/nan-xi-ren
http://www.zhihu.com/people/wen-yi-ren-30
http://www.zhihu.com/people/boboball
http://www.zhihu.com/people/zhanghaichuan
http://www.zhihu.com/people/zhou-shu-ming
http://www.zhihu.com/people/lanjian
http://www.zhihu.com/people/amphetamien
http://www.zhihu.com/people/wu-ruo-bing-9
http://www.zhihu.com/people/vincent-GDUFSer
http://www.zhihu.com/people/zhao-chun-ze
http://www.zhihu.com/people/sonmi
http://www.zhihu.com/people/ren-mu-yi
http://www.zhihu.com/people/redwinam
http://www.zhihu.com/people/marsokit
http://www.zhihu.com/people/gu-yue-89-76
http://www.zhihu.com/people/bai-ge
http://www.zhihu.com/people/cai-yu-5
http://www.zhihu.com/people/tang-wei-bo
http://www.zhihu.com/people/shao-ding
http://www.zhihu.com/people/kong-ling-___
http://www.zhihu.com/people/mi-lan-ge
http://www.zhihu.com/people/zuimai
http://www.zhihu.com/people/lu-jia-81
http://www.zhihu.com/people/huang-ya-meng-59
http://www.zhihu.com/people/zhang-yang-60-19
http://www.zhihu.com/people/luo-xiao-luo-5
http://www.zhihu.com/people/liu-ru-chen
http://www.zhihu.com/people/alley-13
http://www.zhihu.com/people/wen-song-lin
http://www.zhihu.com/people/xu-de-ming
http://www.zhihu.com/people/shi-lin-peng
http://www.zhihu.com/people/lu-qie-66
http://www.zhihu.com/people/jiang-xiao-hong-45
http://www.zhihu.com/people/xu-ran-97
http://www.zhihu.com/people/lu-lei-74
http://www.zhihu.com/people/wu-jiang-bin
http://www.zhihu.com/people/zhang-yang-85
http://www.zhihu.com/people/kommmmmt
http://www.zhihu.com/people/ceng-zi-88
http://www.zhihu.com/people/ke-luo-di-ya
http://www.zhihu.com/people/jia-han-zhong
http://www.zhihu.com/people/lin-tou-16
http://www.zhihu.com/people/moran-2
http://www.zhihu.com/people/xiahao
http://www.zhihu.com/people/xiao-lin-80
http://www.zhihu.com/people/tianyue-jiang
http://www.zhihu.com/people/zheng-rui-bin
http://www.zhihu.com/people/li-jian-peng-68
http://www.zhihu.com/people/zi-gong-73
http://www.zhihu.com/people/zhang-di-hui
http://www.zhihu.com/people/sun-chuan-wu
http://www.zhihu.com/people/chen-liang-91-79
http://www.zhihu.com/people/chen-jie-26-90
http://www.zhihu.com/people/leo-75-31
http://www.zhihu.com/people/an-shu-ran
http://www.zhihu.com/people/zhang-zhi-hao-39
http://www.zhihu.com/people/li-xiao-guang-23
http://www.zhihu.com/people/wei-bo-yang
http://www.zhihu.com/people/da-peng-64
http://www.zhihu.com/people/xie-chuan-28
http://www.zhihu.com/people/funnyfly
http://www.zhihu.com/people/wan-yu-ming
http://www.zhihu.com/people/chi-bing-ting
http://www.zhihu.com/people/li-wei-xin-96
http://www.zhihu.com/people/jeremymoo
http://www.zhihu.com/people/chen-dong-chen
http://www.zhihu.com/people/memento-mori
http://www.zhihu.com/people/wanduzi
http://www.zhihu.com/people/wan-lun
http://www.zhihu.com/people/xu-yan-3
http://www.zhihu.com/people/liu-yu-41-88
http://www.zhihu.com/people/peng-ren-wang
http://www.zhihu.com/people/tanzhihuei
http://www.zhihu.com/people/queeniexc
http://www.zhihu.com/people/liaoqing
http://www.zhihu.com/people/sissi-16
http://www.zhihu.com/people/hou-meng-yao
http://www.zhihu.com/people/zifei
http://www.zhihu.com/people/pan-tao-86
http://www.zhihu.com/people/wu-han-bin
http://www.zhihu.com/people/he-man-1
http://www.zhihu.com/people/fu-dong-59
http://www.zhihu.com/people/xulaohan
http://www.zhihu.com/people/zheng-xin-long
http://www.zhihu.com/people/futures_newcomer
http://www.zhihu.com/people/dawnchorus
http://www.zhihu.com/people/li-xin-70
http://www.zhihu.com/people/su-nian
http://www.zhihu.com/people/zeng-wei-zhan
http://www.zhihu.com/people/jalonwang
http://www.zhihu.com/people/qiu-quan
http://www.zhihu.com/people/phoenix-71
http://www.zhihu.com/people/zhang-tian-qi-32
http://www.zhihu.com/people/zou-wen-xin
http://www.zhihu.com/people/ciel-49
http://www.zhihu.com/people/jiang-pan-zi
http://www.zhihu.com/people/reccoon
http://www.zhihu.com/people/romy-w
http://www.zhihu.com/people/guo-tao-85
http://www.zhihu.com/people/zhanghb_
http://www.zhihu.com/people/sun-xiao-xiong-18
http://www.zhihu.com/people/lu-yuan-bao
http://www.zhihu.com/people/zheng-hui-99
http://www.zhihu.com/people/wang-li-84-19
http://www.zhihu.com/people/wang-qiu-xiang
http://www.zhihu.com/people/shao-hong-24
http://www.zhihu.com/people/shi-xiong-52
http://www.zhihu.com/people/li-ke-yan-25
http://www.zhihu.com/people/qichengzx
http://www.zhihu.com/people/yangtwotwo
http://www.zhihu.com/people/puyun
http://www.zhihu.com/people/MISSSEXY
http://www.zhihu.com/people/xuechengxi
http://www.zhihu.com/people/yiyibeta2
http://www.zhihu.com/people/tintinwong
http://www.zhihu.com/people/anyan
http://www.zhihu.com/people/timaobrother
http://www.zhihu.com/people/terryyang
http://www.zhihu.com/people/fa-jun
http://www.zhihu.com/people/cricket
http://www.zhihu.com/people/wang-li-qun-1976
http://www.zhihu.com/people/xie-jun-wei-24
http://www.zhihu.com/people/sun-fei-44
http://www.zhihu.com/people/chen-rui-qi-88
http://www.zhihu.com/people/lolocho
http://www.zhihu.com/people/helloben
http://www.zhihu.com/people/edmundzw
http://www.zhihu.com/people/liu-ya-fei
http://www.zhihu.com/people/liu-chuan-jin
http://www.zhihu.com/people/amore721
http://www.zhihu.com/people/li-peng-22-5
http://www.zhihu.com/people/zhang-zhi-lin
http://www.zhihu.com/people/gao-xiang-61-67
http://www.zhihu.com/people/meilo
http://www.zhihu.com/people/ran-lang-lang
http://www.zhihu.com/people/lin-bin-61
http://www.zhihu.com/people/peanut
http://www.zhihu.com/people/jin-tong-bao
http://www.zhihu.com/people/delete252
http://www.zhihu.com/people/li-peng-8
http://www.zhihu.com/people/li-qi-tong
http://www.zhihu.com/people/sun-si
http://www.zhihu.com/people/xia-qing-71
http://www.zhihu.com/people/xiao-lan-bob
http://www.zhihu.com/people/huang-shao-tao
http://www.zhihu.com/people/fz77
http://www.zhihu.com/people/ji-de-wei
http://www.zhihu.com/people/caozhen
http://www.zhihu.com/people/e-beetle
http://www.zhihu.com/people/zhao-chen-guang-95
http://www.zhihu.com/people/aileen-74
http://www.zhihu.com/people/qsmile
http://www.zhihu.com/people/terrill
http://www.zhihu.com/people/ying-nian-zao-fei
http://www.zhihu.com/people/qu-qiang-19
http://www.zhihu.com/people/mogudee
http://www.zhihu.com/people/guo-meng
http://www.zhihu.com/people/zhao-jian-xin
http://www.zhihu.com/people/zha5
http://www.zhihu.com/people/chen-yun-70
http://www.zhihu.com/people/lidong88
http://www.zhihu.com/people/emiledai
http://www.zhihu.com/people/mutuyu
http://www.zhihu.com/people/zhang-xiang-bin-20
http://www.zhihu.com/people/duan-xiao-bo
http://www.zhihu.com/people/song-peng-33
http://www.zhihu.com/people/lao-wu-69
http://www.zhihu.com/people/csmyzi
http://www.zhihu.com/people/blackeyedalex
http://www.zhihu.com/people/nikou
http://www.zhihu.com/people/loadingxxxxx
http://www.zhihu.com/people/you-zou-wang
http://www.zhihu.com/people/zhao-jiang-hua-89
http://www.zhihu.com/people/zhizhiweizhizhi
http://www.zhihu.com/people/li-ming-81
http://www.zhihu.com/people/scissorking
http://www.zhihu.com/people/ding-dong-16
http://www.zhihu.com/people/yougang
http://www.zhihu.com/people/li-song-71
http://www.zhihu.com/people/zhu-jie-ming
http://www.zhihu.com/people/gumyam
http://www.zhihu.com/people/ruo-mu-5
http://www.zhihu.com/people/noe132
http://www.zhihu.com/people/hao-bing
http://www.zhihu.com/people/xiao-yao-20
http://www.zhihu.com/people/yoyoworks
http://www.zhihu.com/people/li-shuang-jiang
http://www.zhihu.com/people/goal_lawyer
http://www.zhihu.com/people/wang-jing-72
http://www.zhihu.com/people/dong-feng-cui
http://www.zhihu.com/people/gukr001
http://www.zhihu.com/people/yankee
http://www.zhihu.com/people/jillian
http://www.zhihu.com/people/xin-wei-50
http://www.zhihu.com/people/ryokokoro
http://www.zhihu.com/people/wu-xiao-sheng
http://www.zhihu.com/people/lin-fang-hua
http://www.zhihu.com/people/ylorn
http://www.zhihu.com/people/zhang-xiao-bei-10
http://www.zhihu.com/people/fu-xiao-yu
http://www.zhihu.com/people/tao-zhi-yao
http://www.zhihu.com/people/luo-chan
http://www.zhihu.com/people/houhuan1006
http://www.zhihu.com/people/sujan
http://www.zhihu.com/people/stevetinne
http://www.zhihu.com/people/zhang-tao-9-22
http://www.zhihu.com/people/piza
http://www.zhihu.com/people/ma-jun-73
http://www.zhihu.com/people/mr-zhang
http://www.zhihu.com/people/nanj
http://www.zhihu.com/people/melinda34
http://www.zhihu.com/people/devilazy
http://www.zhihu.com/people/yeung
http://www.zhihu.com/people/zhang-wei-wei-69
http://www.zhihu.com/people/su-hui-54
http://www.zhihu.com/people/xie-jia-di
http://www.zhihu.com/people/NNIMM
http://www.zhihu.com/people/Deng_wei
http://www.zhihu.com/people/li-pei-zhe
http://www.zhihu.com/people/Sixie-Lee
http://www.zhihu.com/people/wang-zhi-feng-22
http://www.zhihu.com/people/li-yong-liang
http://www.zhihu.com/people/wang-sheng-9
http://www.zhihu.com/people/zhang-ji-airforce
http://www.zhihu.com/people/ecwen
http://www.zhihu.com/people/zheng-quan
http://www.zhihu.com/people/tuo-er
http://www.zhihu.com/people/wu-xu-feng-67
http://www.zhihu.com/people/mollywu
http://www.zhihu.com/people/rong-yao
http://www.zhihu.com/people/coraline_tang
http://www.zhihu.com/people/xu-yuan-62-62
http://www.zhihu.com/people/vanvanyou
http://www.zhihu.com/people/you-yang-guang-de-zao-chen
http://www.zhihu.com/people/leojiang
http://www.zhihu.com/people/li-bing-49
http://www.zhihu.com/people/liuzhibin
http://www.zhihu.com/people/qu-zhuo
http://www.zhihu.com/people/liu-fang-50
http://www.zhihu.com/people/jog-ui
http://www.zhihu.com/people/ke-li-si-92
http://www.zhihu.com/people/aurora-l
http://www.zhihu.com/people/zhang-yun-zhi
http://www.zhihu.com/people/kissearth
http://www.zhihu.com/people/sunshaozhi
http://www.zhihu.com/people/liu-alex
http://www.zhihu.com/people/onono
http://www.zhihu.com/people/huang-xiao-yue
http://www.zhihu.com/people/aster
http://www.zhihu.com/people/wan-qing-56
http://www.zhihu.com/people/smithing
http://www.zhihu.com/people/allan-sun
http://www.zhihu.com/people/jerry_hut
http://www.zhihu.com/people/qi-ying
http://www.zhihu.com/people/doginwind
http://www.zhihu.com/people/zuo-xiao-ai
http://www.zhihu.com/people/he-xiao-guo
http://www.zhihu.com/people/dqange
http://www.zhihu.com/people/chuwentao
http://www.zhihu.com/people/liu-xiao-ting-shelley
http://www.zhihu.com/people/shu-ye-8
http://www.zhihu.com/people/liu-chao-4
http://www.zhihu.com/people/daniel26
http://www.zhihu.com/people/canon112
http://www.zhihu.com/people/he-rui-zhi
http://www.zhihu.com/people/tonyhua
http://www.zhihu.com/people/zhao-fei-lin
http://www.zhihu.com/people/puruidong
http://www.zhihu.com/people/zhang-ming-ming-47
http://www.zhihu.com/people/imwangshuai
http://www.zhihu.com/people/leonlee
http://www.zhihu.com/people/wei-xiao-53
http://www.zhihu.com/people/zhang-cheng-zhi
http://www.zhihu.com/people/wang-da-wei-88
http://www.zhihu.com/people/guan-wen-ming
http://www.zhihu.com/people/zhouxiaoqin
http://www.zhihu.com/people/wang-da-yu
http://www.zhihu.com/people/zyjfay
http://www.zhihu.com/people/zhu-lin-87
http://www.zhihu.com/people/qiu-yi-yun
http://www.zhihu.com/people/wang-jin-tai
http://www.zhihu.com/people/worldsy
http://www.zhihu.com/people/sinnnn
http://www.zhihu.com/people/suigewu
http://www.zhihu.com/people/szdesign
http://www.zhihu.com/people/liuyuchao
http://www.zhihu.com/people/liu-lin-45
http://www.zhihu.com/people/zhengcy
http://www.zhihu.com/people/zhangjianbo
http://www.zhihu.com/people/mency89
http://www.zhihu.com/people/zhou-li-peng
http://www.zhihu.com/people/htchance
http://www.zhihu.com/people/ding-rui
http://www.zhihu.com/people/cinemaparadiso
http://www.zhihu.com/people/suckitup
http://www.zhihu.com/people/zhang-quan-14
http://www.zhihu.com/people/gu-yue-36
http://www.zhihu.com/people/zhang-cong-he-27
http://www.zhihu.com/people/yang-hong-kai
http://www.zhihu.com/people/linsf
http://www.zhihu.com/people/tanxu
http://www.zhihu.com/people/xing-xiao-long
http://www.zhihu.com/people/outsider728
http://www.zhihu.com/people/lzxiaoning
http://www.zhihu.com/people/li-xue-yu-30
http://www.zhihu.com/people/linmowang
http://www.zhihu.com/people/wang-pei-80
http://www.zhihu.com/people/junenana
http://www.zhihu.com/people/shao-jing
http://www.zhihu.com/people/liuyetian
http://www.zhihu.com/people/fifthworld
http://www.zhihu.com/people/feng-yu-yi
http://www.zhihu.com/people/wang-wei-60-55
http://www.zhihu.com/people/wu-chuan-hua
http://www.zhihu.com/people/chenyixun
http://www.zhihu.com/people/hou-jing-qian
http://www.zhihu.com/people/wangqi-41
http://www.zhihu.com/people/parseeci
http://www.zhihu.com/people/wen-zi-qi
http://www.zhihu.com/people/zhou-wei-70
http://www.zhihu.com/people/xastle
http://www.zhihu.com/people/prodi
http://www.zhihu.com/people/li-yue-cheng
http://www.zhihu.com/people/peng-an-qi-48
http://www.zhihu.com/people/BizModel
http://www.zhihu.com/people/qiu-feng
http://www.zhihu.com/people/guqin
http://www.zhihu.com/people/Elizen
http://www.zhihu.com/people/fanyaohua
http://www.zhihu.com/people/goldjin1014
http://www.zhihu.com/people/diego1990
http://www.zhihu.com/people/ma-yun-zheng
http://www.zhihu.com/people/lu-jun-7-67
http://www.zhihu.com/people/wodi
http://www.zhihu.com/people/cheng-zhen
http://www.zhihu.com/people/luo-zhi-hu
http://www.zhihu.com/people/dan-hui
http://www.zhihu.com/people/chougu
http://www.zhihu.com/people/fan-jin-lie
http://www.zhihu.com/people/bay2fun
http://www.zhihu.com/people/li-bo-82
http://www.zhihu.com/people/zourui55
http://www.zhihu.com/people/rajowang
http://www.zhihu.com/people/yu-jiang-70
http://www.zhihu.com/people/northlodger
http://www.zhihu.com/people/lomo90
http://www.zhihu.com/people/li-yan-55
http://www.zhihu.com/people/molica
http://www.zhihu.com/people/athenasaga
http://www.zhihu.com/people/zhangpengju
http://www.zhihu.com/people/chen-qing-da
http://www.zhihu.com/people/huang-ke-13
http://www.zhihu.com/people/joe-fang
http://www.zhihu.com/people/cocoabob
http://www.zhihu.com/people/chen-li-64
http://www.zhihu.com/people/shen-yang
http://www.zhihu.com/people/zhang-yu-yang-32
http://www.zhihu.com/people/blackcat
http://www.zhihu.com/people/goldegg
http://www.zhihu.com/people/li-guang-zhe
http://www.zhihu.com/people/duan-jia-hui
http://www.zhihu.com/people/yun-qi-7
http://www.zhihu.com/people/qian-yuan-xin
http://www.zhihu.com/people/intellectual
http://www.zhihu.com/people/jiang-xiao-xian-94
http://www.zhihu.com/people/xiaohua001
http://www.zhihu.com/people/shan-yang
http://www.zhihu.com/people/chen-yu-68
http://www.zhihu.com/people/chen-zhao-hong
http://www.zhihu.com/people/nutz
http://www.zhihu.com/people/zhang-yun-64
http://www.zhihu.com/people/wang-cheng-he
http://www.zhihu.com/people/xinvi
http://www.zhihu.com/people/wuyangbing
http://www.zhihu.com/people/chouryoung
http://www.zhihu.com/people/huangbq
http://www.zhihu.com/people/ihawk
http://www.zhihu.com/people/csums
http://www.zhihu.com/people/cao-fei-42
http://www.zhihu.com/people/deng-tai-di
http://www.zhihu.com/people/244087104
http://www.zhihu.com/people/shi-tian
http://www.zhihu.com/people/ag108lau
http://www.zhihu.com/people/li-gang-87
http://www.zhihu.com/people/wang-ai-ai
http://www.zhihu.com/people/xu-xiao-ping-87
http://www.zhihu.com/people/anothercloz
http://www.zhihu.com/people/maxwell025
http://www.zhihu.com/people/xuyufeng
http://www.zhihu.com/people/mymiss
http://www.zhihu.com/people/KylinSoo
http://www.zhihu.com/people/hao-zhi-bing
http://www.zhihu.com/people/li-ying-zhen
http://www.zhihu.com/people/liuwei6v
http://www.zhihu.com/people/wang-xin-37-37
http://www.zhihu.com/people/wang-jun-jun
http://www.zhihu.com/people/yangshuai
http://www.zhihu.com/people/haminmars
http://www.zhihu.com/people/ambrosio
http://www.zhihu.com/people/nickDay
http://www.zhihu.com/people/zhaomai
http://www.zhihu.com/people/goal2scool
http://www.zhihu.com/people/liujingyu
http://www.zhihu.com/people/ciogao
http://www.zhihu.com/people/receo
http://www.zhihu.com/people/zhan-da-cong
http://www.zhihu.com/people/chen-xi-62
http://www.zhihu.com/people/zhao-jie-73
http://www.zhihu.com/people/d9wing
http://www.zhihu.com/people/zhangxinxu
http://www.zhihu.com/people/ruo-shui
http://www.zhihu.com/people/simonmuse
http://www.zhihu.com/people/imnotceo
http://www.zhihu.com/people/turf
http://www.zhihu.com/people/guo-chun-long-45
http://www.zhihu.com/people/guo-yue
http://www.zhihu.com/people/zhang-qian-77
http://www.zhihu.com/people/lu-sen
http://www.zhihu.com/people/zhuangsirui
http://www.zhihu.com/people/fanzy
http://www.zhihu.com/people/regulous
http://www.zhihu.com/people/li-yang-7-27
http://www.zhihu.com/people/yahuo
http://www.zhihu.com/people/SeeYOu
http://www.zhihu.com/people/byron-wang
http://www.zhihu.com/people/sandoo-liang
http://www.zhihu.com/people/wang-yi-cai
http://www.zhihu.com/people/LEAVESLWS
http://www.zhihu.com/people/du-qian
http://www.zhihu.com/people/melody-wang
http://www.zhihu.com/people/guotaigui
http://www.zhihu.com/people/songchen
http://www.zhihu.com/people/little-lu
http://www.zhihu.com/people/zan-dong
http://www.zhihu.com/people/hanxuesong
http://www.zhihu.com/people/iriart
http://www.zhihu.com/people/royeegg
http://www.zhihu.com/people/iam6uem
http://www.zhihu.com/people/tianyug
http://www.zhihu.com/people/wei-tao
http://www.zhihu.com/people/liu-hai-liang
http://www.zhihu.com/people/buou
http://www.zhihu.com/people/cheng-hu
http://www.zhihu.com/people/xing-hao-peng
http://www.zhihu.com/people/zhang-run
http://www.zhihu.com/people/kiddhe
http://www.zhihu.com/people/rain-diao
http://www.zhihu.com/people/nicklv
http://www.zhihu.com/people/wang-meng-ran
http://www.zhihu.com/people/pinkid
http://www.zhihu.com/people/zhang-jie-22
http://www.zhihu.com/people/quxg
http://www.zhihu.com/people/duanli
http://www.zhihu.com/people/jin-ming
http://www.zhihu.com/people/wangze
http://www.zhihu.com/people/YuuMin
http://www.zhihu.com/people/sosasker
http://www.zhihu.com/people/argus
http://www.zhihu.com/people/gong-sun
http://www.zhihu.com/people/yan-guo-liang
http://www.zhihu.com/people/haopo
http://www.zhihu.com/people/wangy1ng
http://www.zhihu.com/people/wkpars
http://www.zhihu.com/people/cranks
http://www.zhihu.com/people/li-peng-tao
http://www.zhihu.com/people/moioi
http://www.zhihu.com/people/woozhu
http://www.zhihu.com/people/wuxianseng
http://www.zhihu.com/people/ren-lin
http://www.zhihu.com/people/wang-xiao-21
http://www.zhihu.com/people/lin-sen-30
http://www.zhihu.com/people/zhang-yong-hai-20
http://www.zhihu.com/people/wei-sha-sha
http://www.zhihu.com/people/chen87
http://www.zhihu.com/people/xinluo
http://www.zhihu.com/people/liu-ping-ping-32
http://www.zhihu.com/people/alsharpay
http://www.zhihu.com/people/jin-xi
http://www.zhihu.com/people/chenqiangpan
http://www.zhihu.com/people/spekol
http://www.zhihu.com/people/vanni
http://www.zhihu.com/people/sh382
http://www.zhihu.com/people/gao-shi-bo
http://www.zhihu.com/people/stefanie-chow
http://www.zhihu.com/people/farell
http://www.zhihu.com/people/xinminger
http://www.zhihu.com/people/himavis
http://www.zhihu.com/people/moremore
http://www.zhihu.com/people/wang-da-fa-82
http://www.zhihu.com/people/shushuhao
http://www.zhihu.com/people/xin266
http://www.zhihu.com/people/ruanzhijun
http://www.zhihu.com/people/luyi61
http://www.zhihu.com/people/wang-bo-wei-41
http://www.zhihu.com/people/feidada
http://www.zhihu.com/people/hardball
http://www.zhihu.com/people/snakeyi
http://www.zhihu.com/people/zhang-duo-si
http://www.zhihu.com/people/xu-yiming
http://www.zhihu.com/people/willorfang
http://www.zhihu.com/people/redrobin
http://www.zhihu.com/people/song-jian-56
http://www.zhihu.com/people/yi-xuan
http://www.zhihu.com/people/jackeyzdx
http://www.zhihu.com/people/tesla1
http://www.zhihu.com/people/liuuze
http://www.zhihu.com/people/liumeijun
http://www.zhihu.com/people/waaddy
http://www.zhihu.com/people/susus
http://www.zhihu.com/people/guo-xiao-chou
http://www.zhihu.com/people/chang-yu-ge
http://www.zhihu.com/people/muniao
http://www.zhihu.com/people/pray
http://www.zhihu.com/people/vincent-deng
http://www.zhihu.com/people/garyxiao
http://www.zhihu.com/people/ifbool
http://www.zhihu.com/people/he-xiao-qia
http://www.zhihu.com/people/guo-jin-lei
http://www.zhihu.com/people/zhou-chen-14
http://www.zhihu.com/people/zheng-jian
http://www.zhihu.com/people/zhang-ji-jun
http://www.zhihu.com/people/wang-shuai-49
http://www.zhihu.com/people/Janus
http://www.zhihu.com/people/jason-fang
http://www.zhihu.com/people/ck4ever
http://www.zhihu.com/people/timwen
http://www.zhihu.com/people/colorwill
http://www.zhihu.com/people/quiescence
http://www.zhihu.com/people/shawn-40
http://www.zhihu.com/people/xu-yue-chen
http://www.zhihu.com/people/jaredchan
http://www.zhihu.com/people/es335
http://www.zhihu.com/people/hujiayan
http://www.zhihu.com/people/teng-teng
http://www.zhihu.com/people/tonyhead
http://www.zhihu.com/people/sming
http://www.zhihu.com/people/ma-ke-14
http://www.zhihu.com/people/lao-bai-21
http://www.zhihu.com/people/s1026
http://www.zhihu.com/people/funthomas
http://www.zhihu.com/people/shi-lei-8
http://www.zhihu.com/people/yuzhuoran
http://www.zhihu.com/people/yu-han
http://www.zhihu.com/people/da-tai
http://www.zhihu.com/people/alexanderx
http://www.zhihu.com/people/maieve
http://www.zhihu.com/people/wu-kong-47
http://www.zhihu.com/people/zhang-cheng-5
http://www.zhihu.com/people/zhi123
http://www.zhihu.com/people/zhu-yi-nan
http://www.zhihu.com/people/wang-heng-chong
http://www.zhihu.com/people/wu-chun-miao
http://www.zhihu.com/people/snailhuangyi
http://www.zhihu.com/people/phoenix-1917
http://www.zhihu.com/people/liuhaneva
http://www.zhihu.com/people/wishq
http://www.zhihu.com/people/shuanzi
http://www.zhihu.com/people/fangliangchen
http://www.zhihu.com/people/dai-le-he
http://www.zhihu.com/people/steveren
http://www.zhihu.com/people/bus930
http://www.zhihu.com/people/luo-jing-51
http://www.zhihu.com/people/chen-yu-han
http://www.zhihu.com/people/shui-cheng-ming
http://www.zhihu.com/people/Jimmy-Z
http://www.zhihu.com/people/swizar
http://www.zhihu.com/people/hu-pan-pan
http://www.zhihu.com/people/reconder
http://www.zhihu.com/people/pan-bu-kun
http://www.zhihu.com/people/deerheart
http://www.zhihu.com/people/tian-xia-di-yisha
http://www.zhihu.com/people/liuyh
http://www.zhihu.com/people/huang-zheng-guan
http://www.zhihu.com/people/renbinglin
http://www.zhihu.com/people/zhou-shi-jie
http://www.zhihu.com/people/pan-xin
http://www.zhihu.com/people/chen-gen
http://www.zhihu.com/people/chan-lao-pei
http://www.zhihu.com/people/mr-yizhi
http://www.zhihu.com/people/tuifeide
http://www.zhihu.com/people/superwyh
http://www.zhihu.com/people/pangu
http://www.zhihu.com/people/weijiaqi
http://www.zhihu.com/people/chefwang
http://www.zhihu.com/people/linkinmars
http://www.zhihu.com/people/morea
http://www.zhihu.com/people/henter
http://www.zhihu.com/people/benlee
http://www.zhihu.com/people/leyar
http://www.zhihu.com/people/gaby
http://www.zhihu.com/people/lycheeorange
http://www.zhihu.com/people/huang-yi-xuan
http://www.zhihu.com/people/hua-kai
http://www.zhihu.com/people/wang-si-meng
http://www.zhihu.com/people/xie-xiao-cen
http://www.zhihu.com/people/liuyiming
http://www.zhihu.com/people/pi-qia-er
http://www.zhihu.com/people/xianlei
http://www.zhihu.com/people/johahchen
http://www.zhihu.com/people/le-you-53
http://www.zhihu.com/people/zheng-shi-qian
http://www.zhihu.com/people/mang-guo-12
http://www.zhihu.com/people/xin-xiao-xiang
http://www.zhihu.com/people/jing-bai-sha
http://www.zhihu.com/people/chuxiai
http://www.zhihu.com/people/Lohoboo
http://www.zhihu.com/people/chen-yang-53
http://www.zhihu.com/people/sai-wen-ting
http://www.zhihu.com/people/zheng-jie-7
http://www.zhihu.com/people/chenfangyi
http://www.zhihu.com/people/xinlinyang
http://www.zhihu.com/people/telen
http://www.zhihu.com/people/ji-zhi-kun
http://www.zhihu.com/people/2and2makes5
http://www.zhihu.com/people/zhao-da-bao
http://www.zhihu.com/people/autoloop
http://www.zhihu.com/people/kingshuang
http://www.zhihu.com/people/wang-jian-wei-36
http://www.zhihu.com/people/xia-yige-xia
http://www.zhihu.com/people/yu-xiao-long-loong
http://www.zhihu.com/people/dayu
http://www.zhihu.com/people/liffree
http://www.zhihu.com/people/jia-xi-bei
http://www.zhihu.com/people/huangrenqing
http://www.zhihu.com/people/zhen-wen-xing
http://www.zhihu.com/people/lynn-83
http://www.zhihu.com/people/ka-pei-you-tiao
http://www.zhihu.com/people/wang-wei-yu
http://www.zhihu.com/people/xianyujie
http://www.zhihu.com/people/stelladingding
http://www.zhihu.com/people/chandlerwang
http://www.zhihu.com/people/ta_shuo
http://www.zhihu.com/people/abemess
http://www.zhihu.com/people/shi-guang-ji
http://www.zhihu.com/people/shao-bin
http://www.zhihu.com/people/a-xiang-70
http://www.zhihu.com/people/Jerk
http://www.zhihu.com/people/shunfeng
http://www.zhihu.com/people/wu-shu-guang
http://www.zhihu.com/people/rangerQ
http://www.zhihu.com/people/unclegl
http://www.zhihu.com/people/zt.freedom
http://www.zhihu.com/people/xu-kangli
http://www.zhihu.com/people/primalscream
http://www.zhihu.com/people/liang-chen
http://www.zhihu.com/people/VioW
http://www.zhihu.com/people/fan-mu
http://www.zhihu.com/people/syeria
http://www.zhihu.com/people/baloyou
http://www.zhihu.com/people/ZhangJian.me
http://www.zhihu.com/people/cheng-yu-hang
http://www.zhihu.com/people/techno
http://www.zhihu.com/people/magicying
http://www.zhihu.com/people/llwei
http://www.zhihu.com/people/liu-tian-yu
http://www.zhihu.com/people/lacmo
http://www.zhihu.com/people/tsinghug
http://www.zhihu.com/people/zhangxingdong
http://www.zhihu.com/people/lin-qian-qian
http://www.zhihu.com/people/lofi
http://www.zhihu.com/people/kingking9342
http://www.zhihu.com/people/rambler1122
http://www.zhihu.com/people/tang-ben-yuan
http://www.zhihu.com/people/wang-jing-kai
http://www.zhihu.com/people/a-du
http://www.zhihu.com/people/chen-xiao-tu-66
http://www.zhihu.com/people/gong-zhi-yang
http://www.zhihu.com/people/zhang-ming-yu
http://www.zhihu.com/people/ding-xi-ran
http://www.zhihu.com/people/puloon
http://www.zhihu.com/people/la-mu
http://www.zhihu.com/people/yi-teng
http://www.zhihu.com/people/angirlv
http://www.zhihu.com/people/pang-kai
http://www.zhihu.com/people/yang-lin-shan
http://www.zhihu.com/people/guo-dong
http://www.zhihu.com/people/steven-lu-08
http://www.zhihu.com/people/fang-xin-74
http://www.zhihu.com/people/Zeng-hui-14
http://www.zhihu.com/people/bei-lun
http://www.zhihu.com/people/lin-li
http://www.zhihu.com/people/yuan-qian
http://www.zhihu.com/people/wang-zhen-bang
http://www.zhihu.com/people/bater
http://www.zhihu.com/people/rickysu
http://www.zhihu.com/people/wu-dan-xia
http://www.zhihu.com/people/wei-yi
http://www.zhihu.com/people/alan_blake
http://www.zhihu.com/people/li-li-42-30-71
http://www.zhihu.com/people/penpenwang
http://www.zhihu.com/people/baidaxia
http://www.zhihu.com/people/hanliang
http://www.zhihu.com/people/gotevil
http://www.zhihu.com/people/gingerbear
http://www.zhihu.com/people/pippowu
http://www.zhihu.com/people/scapemars
http://www.zhihu.com/people/hua-hua-61
http://www.zhihu.com/people/zhao-xiao-30
http://www.zhihu.com/people/sunlm
http://www.zhihu.com/people/michael-63
http://www.zhihu.com/people/guo-ji-chang
http://www.zhihu.com/people/pei-wen-bin
http://www.zhihu.com/people/caochao
http://www.zhihu.com/people/wang-li-34
http://www.zhihu.com/people/ostiary
http://www.zhihu.com/people/niubi
http://www.zhihu.com/people/zhu-qing-kai
http://www.zhihu.com/people/cao-yi-qi-yue
http://www.zhihu.com/people/max-96
http://www.zhihu.com/people/ifree0
http://www.zhihu.com/people/xuwen
http://www.zhihu.com/people/li-zi-zhou
http://www.zhihu.com/people/weevil
http://www.zhihu.com/people/li-kai-hua
http://www.zhihu.com/people/hemon
http://www.zhihu.com/people/luohao
http://www.zhihu.com/people/qianjin
http://www.zhihu.com/people/liqiang18
http://www.zhihu.com/people/kira-24
http://www.zhihu.com/people/wu-kai-18
http://www.zhihu.com/people/dancewiththesea
http://www.zhihu.com/people/wu-chen-ma-que
http://www.zhihu.com/people/dimlau
http://www.zhihu.com/people/jiao-xiao-yi
http://www.zhihu.com/people/liaoyy
http://www.zhihu.com/people/yuanbo
http://www.zhihu.com/people/melissarobin
http://www.zhihu.com/people/nexou
http://www.zhihu.com/people/hanhan-83
http://www.zhihu.com/people/mihuaer
http://www.zhihu.com/people/jobsfan
http://www.zhihu.com/people/yong-yi-68
http://www.zhihu.com/people/misterwang2
http://www.zhihu.com/people/wws_vincent
http://www.zhihu.com/people/ottovon
http://www.zhihu.com/people/neaton
http://www.zhihu.com/people/liuliming
http://www.zhihu.com/people/skaiy
http://www.zhihu.com/people/riveryang
http://www.zhihu.com/people/xiao-er-10
http://www.zhihu.com/people/sigmund
http://www.zhihu.com/people/wu-wei-80-7
http://www.zhihu.com/people/fatalist
http://www.zhihu.com/people/log318
http://www.zhihu.com/people/gaoguojun
http://www.zhihu.com/people/robin-54-34
http://www.zhihu.com/people/liuya802
http://www.zhihu.com/people/li-bao-ming-53
http://www.zhihu.com/people/watert
http://www.zhihu.com/people/dake
http://www.zhihu.com/people/hu-cheng-long
http://www.zhihu.com/people/icaiguobin
http://www.zhihu.com/people/tinyyuan
http://www.zhihu.com/people/zohofc
http://www.zhihu.com/people/wang-ying-7
http://www.zhihu.com/people/gloom_sunday
http://www.zhihu.com/people/sailor-82
http://www.zhihu.com/people/dearroy
http://www.zhihu.com/people/fendadoris
http://www.zhihu.com/people/mystryl
http://www.zhihu.com/people/ninjazhang
http://www.zhihu.com/people/zhumingzu
http://www.zhihu.com/people/hu-qian-qiu
http://www.zhihu.com/people/chong
http://www.zhihu.com/people/tang-chen
http://www.zhihu.com/people/wangping
http://www.zhihu.com/people/xiao-bai-43
http://www.zhihu.com/people/wind
http://www.zhihu.com/people/xiao-jian
http://www.zhihu.com/people/wu-bin-bin
http://www.zhihu.com/people/ma-jia-sang
http://www.zhihu.com/people/li-bing-81-23
http://www.zhihu.com/people/dxer-69
http://www.zhihu.com/people/printfabcd
http://www.zhihu.com/people/li-dian-dian
http://www.zhihu.com/people/xie-su
http://www.zhihu.com/people/yuanqz
http://www.zhihu.com/people/chanyuan
http://www.zhihu.com/people/chen-yuan
http://www.zhihu.com/people/atlivebox
http://www.zhihu.com/people/ericye
http://www.zhihu.com/people/zzk1974
http://www.zhihu.com/people/shyandsy
http://www.zhihu.com/people/shane-lu
http://www.zhihu.com/people/vincent-hou
http://www.zhihu.com/people/xian-yong-kang
http://www.zhihu.com/people/quiver
http://www.zhihu.com/people/he-xu-wen
http://www.zhihu.com/people/benben
http://www.zhihu.com/people/fakejason
http://www.zhihu.com/people/duanwenming
http://www.zhihu.com/people/lishuhang
http://www.zhihu.com/people/liyingjun
http://www.zhihu.com/people/geekinmedia
http://www.zhihu.com/people/233253
http://www.zhihu.com/people/ch721
http://www.zhihu.com/people/li-effie
http://www.zhihu.com/people/matt-86
http://www.zhihu.com/people/geekdada
http://www.zhihu.com/people/wu-yan-zhi
http://www.zhihu.com/people/cptbtptpbcptdtptp
http://www.zhihu.com/people/shi-chen-zhe
http://www.zhihu.com/people/panda2232
http://www.zhihu.com/people/putin
http://www.zhihu.com/people/ycflame
http://www.zhihu.com/people/zhang-jin
http://www.zhihu.com/people/tota
http://www.zhihu.com/people/candykill
http://www.zhihu.com/people/zhang-xiao-hei
http://www.zhihu.com/people/keenkang
http://www.zhihu.com/people/yu-ming-gu-wen-chen-tao
http://www.zhihu.com/people/blue
http://www.zhihu.com/people/jiang-li-50
http://www.zhihu.com/people/telemedia
http://www.zhihu.com/people/imyutao
http://www.zhihu.com/people/liu-qing
http://www.zhihu.com/people/mcbuder
http://www.zhihu.com/people/bjhyyc
http://www.zhihu.com/people/imqy
http://www.zhihu.com/people/water
http://www.zhihu.com/people/cao-xiao
http://www.zhihu.com/people/wangshiqi
http://www.zhihu.com/people/gymitat
http://www.zhihu.com/people/caoxiaowu
http://www.zhihu.com/people/ducky
http://www.zhihu.com/people/zhangga
http://www.zhihu.com/people/ipis
http://www.zhihu.com/people/lubenyuan.com
http://www.zhihu.com/people/iamlijing
http://www.zhihu.com/people/cooerson
http://www.zhihu.com/people/whale
http://www.zhihu.com/people/jixin
http://www.zhihu.com/people/shijun
http://www.zhihu.com/people/grandma
http://www.zhihu.com/people/bigscience
http://www.zhihu.com/people/zhang-cong-86
http://www.zhihu.com/people/li-da
http://www.zhihu.com/people/unseendesire
http://www.zhihu.com/people/amonjok
