http://www.zhihu.com/people/xu-qian-78
http://www.zhihu.com/people/xulaohan
http://www.zhihu.com/people/xujianpeng
http://www.zhihu.com/people/deutsch-99
http://www.zhihu.com/people/chen-ke-5
http://www.zhihu.com/people/aaronsu
http://www.zhihu.com/people/bai-lang-67
http://www.zhihu.com/people/yin-shi-17-60
http://www.zhihu.com/people/annodomini
http://www.zhihu.com/people/yp-wang
http://www.zhihu.com/people/cheng-kun-35
http://www.zhihu.com/people/heaven_000
http://www.zhihu.com/people/owenne
http://www.zhihu.com/people/echo-40-22
http://www.zhihu.com/people/feng-er-14
http://www.zhihu.com/people/primo-24
http://www.zhihu.com/people/yuprince
http://www.zhihu.com/people/ayr1
http://www.zhihu.com/people/chang-ge-zi-3
http://www.zhihu.com/people/ai-si-xi-er
http://www.zhihu.com/people/cheng-xiao-dong-29
http://www.zhihu.com/people/xudekai
http://www.zhihu.com/people/chan24
http://www.zhihu.com/people/gao-gao-72
http://www.zhihu.com/people/song-li-58
http://www.zhihu.com/people/wang-ting-ting-28-65
http://www.zhihu.com/people/neil-35-70
http://www.zhihu.com/people/li-cheng-gan
http://www.zhihu.com/people/wolf_wu
http://www.zhihu.com/people/yan-sheng-20-44
http://www.zhihu.com/people/graphic
http://www.zhihu.com/people/li-jian-hao-26
http://www.zhihu.com/people/jiayizhen
http://www.zhihu.com/people/dostoevsky-55
http://www.zhihu.com/people/wang-xiao-bai-95
http://www.zhihu.com/people/yong-sheng
http://www.zhihu.com/people/summerfeeling
http://www.zhihu.com/people/cui-wang
http://www.zhihu.com/people/li-shou-yin-89
http://www.zhihu.com/people/tang-jing-yu-24
http://www.zhihu.com/people/zhang-mei-hua
http://www.zhihu.com/people/zhang-mie-mie-78
http://www.zhihu.com/people/tiandaofei
http://www.zhihu.com/people/kikiko
http://www.zhihu.com/people/sun-lin-9
http://www.zhihu.com/people/wang-you-sheng
http://www.zhihu.com/people/tang-meng-meng-87
http://www.zhihu.com/people/losangela
http://www.zhihu.com/people/xieyanwei
http://www.zhihu.com/people/tu-gao-hui-ge
http://www.zhihu.com/people/promise-zhang
http://www.zhihu.com/people/wu-da-qun-10
http://www.zhihu.com/people/stephen-cheng
http://www.zhihu.com/people/gayscript
http://www.zhihu.com/people/tomasi-rollo
http://www.zhihu.com/people/tian-su-jun
http://www.zhihu.com/people/guo-da-meng-45
http://www.zhihu.com/people/zhang-cheng-86-27
http://www.zhihu.com/people/mylove
http://www.zhihu.com/people/LPWY
http://www.zhihu.com/people/tan-ri-tian
http://www.zhihu.com/people/kimi-lin-84
http://www.zhihu.com/people/ji-zi-87
http://www.zhihu.com/people/qian-cao-50
http://www.zhihu.com/people/yin-zhong-lin
http://www.zhihu.com/people/yu-xiao-mao-30
http://www.zhihu.com/people/gentlebeast
http://www.zhihu.com/people/lchad
http://www.zhihu.com/people/thoreau-84
http://www.zhihu.com/people/he-yuan-sheng
http://www.zhihu.com/people/hei-zi-49
http://www.zhihu.com/people/tang-tang-40-20
http://www.zhihu.com/people/cao-zhi-hai
http://www.zhihu.com/people/shu-yun-36
http://www.zhihu.com/people/hong-xiao-dou
http://www.zhihu.com/people/xiao-chu
http://www.zhihu.com/people/liang-yi-44-78
http://www.zhihu.com/people/sleepingknight
http://www.zhihu.com/people/wei-xue-ping
http://www.zhihu.com/people/zhang-yi-fan-48
http://www.zhihu.com/people/pang-luan-luan
http://www.zhihu.com/people/zhu-zhi-yin
http://www.zhihu.com/people/huang-long-80
http://www.zhihu.com/people/zhang-lai-xu
http://www.zhihu.com/people/li-xiang-85
http://www.zhihu.com/people/liang-wei-jin
http://www.zhihu.com/people/suda-82
http://www.zhihu.com/people/light-47
http://www.zhihu.com/people/zhu-bo-tao
http://www.zhihu.com/people/lu-gui-chen-26
http://www.zhihu.com/people/Chen-Yaning
http://www.zhihu.com/people/zhu-yixin-42
http://www.zhihu.com/people/simon-xi-24
http://www.zhihu.com/people/li-xiao-teng-81
http://www.zhihu.com/people/000088
http://www.zhihu.com/people/lattelatte
http://www.zhihu.com/people/xingtao-shen
http://www.zhihu.com/people/zhang-xu-12-34
http://www.zhihu.com/people/zhao-yang-xin
http://www.zhihu.com/people/chang-cheng-jiang
http://www.zhihu.com/people/shi-sheng-15
http://www.zhihu.com/people/wang-bo-chang
http://www.zhihu.com/people/zhang-yao-55-85
http://www.zhihu.com/people/sun-wen-quan
http://www.zhihu.com/people/boyan
http://www.zhihu.com/people/huang-peng-xiao
http://www.zhihu.com/people/hao_bai
http://www.zhihu.com/people/yang-fan-60-8
http://www.zhihu.com/people/shi-kai-54
http://www.zhihu.com/people/zhong-ye-zi-49
http://www.zhihu.com/people/JohnLou
http://www.zhihu.com/people/jinson-gnosis
http://www.zhihu.com/people/xiaojuan
http://www.zhihu.com/people/zhao-fa-cai-56
http://www.zhihu.com/people/yang-zhi-58
http://www.zhihu.com/people/li-xin-62-26
http://www.zhihu.com/people/lin-xiao-shu-12
http://www.zhihu.com/people/happy-life
http://www.zhihu.com/people/lin-yiqian
http://www.zhihu.com/people/hei-hey
http://www.zhihu.com/people/xymark
http://www.zhihu.com/people/zhang-jun-ya
http://www.zhihu.com/people/huang-wen-6
http://www.zhihu.com/people/zheng-mu-rong
http://www.zhihu.com/people/zhang-shi-pu
http://www.zhihu.com/people/shubo909
http://www.zhihu.com/people/Dominic_
http://www.zhihu.com/people/bo-wen-49
http://www.zhihu.com/people/iyixiang
http://www.zhihu.com/people/luyanzhang
http://www.zhihu.com/people/liu-teng-yuan
http://www.zhihu.com/people/hu-li-hua
http://www.zhihu.com/people/hou-fang-bin
http://www.zhihu.com/people/xddxy
http://www.zhihu.com/people/paiyuen
http://www.zhihu.com/people/su-xiao-___
http://www.zhihu.com/people/xiao-ma-9
http://www.zhihu.com/people/iyucci
http://www.zhihu.com/people/yang-ye-meng
http://www.zhihu.com/people/li-wei-si-303
http://www.zhihu.com/people/lin-qiu-xia
http://www.zhihu.com/people/maxzhang
http://www.zhihu.com/people/zheng-rui-wei
http://www.zhihu.com/people/hanz-chen
http://www.zhihu.com/people/lincoln-xie
http://www.zhihu.com/people/nishiliu
http://www.zhihu.com/people/qiaoxiansheng
http://www.zhihu.com/people/chen-jiang-63
http://www.zhihu.com/people/zengyingjia
http://www.zhihu.com/people/kings-90
http://www.zhihu.com/people/yetone
http://www.zhihu.com/people/chen-bo-49
http://www.zhihu.com/people/honwhy-35
http://www.zhihu.com/people/roy-he
http://www.zhihu.com/people/zhang-jia-jing-20
http://www.zhihu.com/people/nonodevil
http://www.zhihu.com/people/fan-yong-xian
http://www.zhihu.com/people/shi-cai-meng
http://www.zhihu.com/people/cu-mu
http://www.zhihu.com/people/ma-de-li-56
http://www.zhihu.com/people/mo-xiao-nian
http://www.zhihu.com/people/ideastorm
http://www.zhihu.com/people/hao-ao-fu
http://www.zhihu.com/people/holybreeze
http://www.zhihu.com/people/name-dennis
http://www.zhihu.com/people/qu-peng-55
http://www.zhihu.com/people/reginal
http://www.zhihu.com/people/ikeng
http://www.zhihu.com/people/sixty_nine
http://www.zhihu.com/people/zhenghuiwen
http://www.zhihu.com/people/lu-zi-lu-76
http://www.zhihu.com/people/mrkaiser
http://www.zhihu.com/people/huxiaoyi
http://www.zhihu.com/people/zheng-liang-tian
http://www.zhihu.com/people/lizhen56
http://www.zhihu.com/people/Zhendong
http://www.zhihu.com/people/lin-hui-hao-5
http://www.zhihu.com/people/jeremylei
http://www.zhihu.com/people/leelooluu
http://www.zhihu.com/people/maishi
http://www.zhihu.com/people/yan-hao-22
http://www.zhihu.com/people/li-hai-yuan-5
http://www.zhihu.com/people/yi-zhi-83
http://www.zhihu.com/people/jesse-77
http://www.zhihu.com/people/shengzhiliang
http://www.zhihu.com/people/xiexiaopang
http://www.zhihu.com/people/p36288
http://www.zhihu.com/people/xu-hui-10
http://www.zhihu.com/people/hai-hua
http://www.zhihu.com/people/sam-26
http://www.zhihu.com/people/chen-zhi-yu-75
http://www.zhihu.com/people/yan-liu
http://www.zhihu.com/people/chen-chen-60
http://www.zhihu.com/people/zhang-___-chuan
http://www.zhihu.com/people/ding-xiao-han-31
http://www.zhihu.com/people/huang-yi-tian
http://www.zhihu.com/people/gao-liang-62
http://www.zhihu.com/people/heiheihei
http://www.zhihu.com/people/Misaki
http://www.zhihu.com/people/zhong-sheng-41
http://www.zhihu.com/people/whtsky
http://www.zhihu.com/people/gao-yi-yuan
http://www.zhihu.com/people/niruochengfeng
http://www.zhihu.com/people/steven-shi-28
http://www.zhihu.com/people/liu-xue-feng
http://www.zhihu.com/people/hao-shi-cong
http://www.zhihu.com/people/quiescence
http://www.zhihu.com/people/wang-yang-59-7
http://www.zhihu.com/people/wu-wen-kui
http://www.zhihu.com/people/zhao-ming-chao
http://www.zhihu.com/people/Nora_Chan
http://www.zhihu.com/people/wonderhao
http://www.zhihu.com/people/lu-lu-1-65
http://www.zhihu.com/people/quickerzane
http://www.zhihu.com/people/li-chen-53
http://www.zhihu.com/people/Janmy
http://www.zhihu.com/people/metaphy
http://www.zhihu.com/people/mirisa
http://www.zhihu.com/people/daozhou
http://www.zhihu.com/people/lou-wei-22
http://www.zhihu.com/people/kiyawong
http://www.zhihu.com/people/chenjiajun
http://www.zhihu.com/people/feng-chu-zhu
http://www.zhihu.com/people/mo-chen-96-25
http://www.zhihu.com/people/jun-ya
http://www.zhihu.com/people/hu-xing-zhi
http://www.zhihu.com/people/gymitat
http://www.zhihu.com/people/jayce
http://www.zhihu.com/people/jiu-ling-43
http://www.zhihu.com/people/liu-xiao-huan-81
http://www.zhihu.com/people/wang-xiang-jian
http://www.zhihu.com/people/colorLee
http://www.zhihu.com/people/chen-feng-17
http://www.zhihu.com/people/Paitanapilahmima
http://www.zhihu.com/people/xu-yi-yu-71
http://www.zhihu.com/people/wen-sen-te-86
http://www.zhihu.com/people/yang-si-yan
http://www.zhihu.com/people/yaocoder
http://www.zhihu.com/people/zhang-hao-22
http://www.zhihu.com/people/10250
http://www.zhihu.com/people/chen-zhuo-69
http://www.zhihu.com/people/eason-73
http://www.zhihu.com/people/wang-bo-jie
http://www.zhihu.com/people/leemoispace
http://www.zhihu.com/people/aquarius_sally
http://www.zhihu.com/people/stig-zhang
http://www.zhihu.com/people/autumnust
http://www.zhihu.com/people/tanfengyi
http://www.zhihu.com/people/wu-ze-92
http://www.zhihu.com/people/liu-guo-hui-24
http://www.zhihu.com/people/jeong-zeno
http://www.zhihu.com/people/Lucife
http://www.zhihu.com/people/zou-chang-li
http://www.zhihu.com/people/rancho-42
http://www.zhihu.com/people/cheng-jun-900
http://www.zhihu.com/people/abbylee
http://www.zhihu.com/people/li-zheng-ning
http://www.zhihu.com/people/xieranmaya
http://www.zhihu.com/people/yan-xing-guang
http://www.zhihu.com/people/tt2012
http://www.zhihu.com/people/xu-chong-bo
http://www.zhihu.com/people/sosoloveslife
http://www.zhihu.com/people/yan-xiao-zhi
http://www.zhihu.com/people/zhang-hai-dong-25
http://www.zhihu.com/people/ren-si-qi-27
http://www.zhihu.com/people/sellsoda
http://www.zhihu.com/people/zuojun
http://www.zhihu.com/people/zhu-chen-ge
http://www.zhihu.com/people/yun-zi-76
http://www.zhihu.com/people/huanghuihui1991
http://www.zhihu.com/people/lu-peng-wei
http://www.zhihu.com/people/hou-run-tian
http://www.zhihu.com/people/miki-hau
http://www.zhihu.com/people/strangebanman
http://www.zhihu.com/people/ban-ya-tu
http://www.zhihu.com/people/liu-wen-tao
http://www.zhihu.com/people/wu-xiao-fu
http://www.zhihu.com/people/wicket-gate
http://www.zhihu.com/people/huang-bei-xin
http://www.zhihu.com/people/lan-qi-chang
http://www.zhihu.com/people/ningyuchen
http://www.zhihu.com/people/yi-sen-8
http://www.zhihu.com/people/polyahu
http://www.zhihu.com/people/rush-bull
http://www.zhihu.com/people/pany
http://www.zhihu.com/people/fireracer
http://www.zhihu.com/people/zhou-yu
http://www.zhihu.com/people/tang-zhi-qian
http://www.zhihu.com/people/li-mo-ran-15-39
http://www.zhihu.com/people/liu-li-ping-41
http://www.zhihu.com/people/xia-xiao-qiu-34
http://www.zhihu.com/people/daniel-84
http://www.zhihu.com/people/deng-yu-chao
http://www.zhihu.com/people/wu-yang-81-28
http://www.zhihu.com/people/yps-93
http://www.zhihu.com/people/li-qing-fang
http://www.zhihu.com/people/GilgameshK
http://www.zhihu.com/people/cyan-wong
http://www.zhihu.com/people/bywwss
http://www.zhihu.com/people/wangyanran
http://www.zhihu.com/people/lijianjian
http://www.zhihu.com/people/kizer
http://www.zhihu.com/people/wangyongxin
http://www.zhihu.com/people/qian-zi-chao
http://www.zhihu.com/people/notfall
http://www.zhihu.com/people/Timemachine
http://www.zhihu.com/people/tinyala
http://www.zhihu.com/people/ding-rui-12
http://www.zhihu.com/people/wang-fan-si
http://www.zhihu.com/people/imok
http://www.zhihu.com/people/wang-wei-82-36-82
http://www.zhihu.com/people/iammaker
http://www.zhihu.com/people/lu-ming-hao
http://www.zhihu.com/people/feinaiji
http://www.zhihu.com/people/ifreedom
http://www.zhihu.com/people/ma-jing-zhao
http://www.zhihu.com/people/merlin-47
http://www.zhihu.com/people/chao-fan-70
http://www.zhihu.com/people/chen-yi-ming-66
http://www.zhihu.com/people/wang-wei-6-1
http://www.zhihu.com/people/meng-tai
http://www.zhihu.com/people/man-qing
http://www.zhihu.com/people/calmu
http://www.zhihu.com/people/yannispang
http://www.zhihu.com/people/rinehart
http://www.zhihu.com/people/gemwuu
http://www.zhihu.com/people/wang-ze-heng
http://www.zhihu.com/people/wuchen
http://www.zhihu.com/people/zhuchongyang
http://www.zhihu.com/people/echohn
http://www.zhihu.com/people/dubhe
http://www.zhihu.com/people/wule
http://www.zhihu.com/people/1jun
http://www.zhihu.com/people/giraffee
http://www.zhihu.com/people/Chorusist
http://www.zhihu.com/people/luomo
http://www.zhihu.com/people/yu-wen-fei-52
http://www.zhihu.com/people/jiesoll
http://www.zhihu.com/people/erik
http://www.zhihu.com/people/liujianwen
http://www.zhihu.com/people/huangjunbuzaijia
http://www.zhihu.com/people/ary-shinko
http://www.zhihu.com/people/TedQ
http://www.zhihu.com/people/morlay
http://www.zhihu.com/people/ran-de-hui
http://www.zhihu.com/people/shang-ren-ruo-feng
http://www.zhihu.com/people/zhou-qian-jun
http://www.zhihu.com/people/hllcme
http://www.zhihu.com/people/byerancy
http://www.zhihu.com/people/fuwocheng
http://www.zhihu.com/people/shao-hao-ming
http://www.zhihu.com/people/miss-Lindt
http://www.zhihu.com/people/chen-fei-40
http://www.zhihu.com/people/liang-yu-fan
http://www.zhihu.com/people/ma-bin-wei
http://www.zhihu.com/people/chen-jian-33-39
http://www.zhihu.com/people/afeng
http://www.zhihu.com/people/zhuo-yu-zi
http://www.zhihu.com/people/huang-wei-12-62
http://www.zhihu.com/people/yun-yun-54
http://www.zhihu.com/people/feng-xiao-chang
http://www.zhihu.com/people/li-fan-56-74
http://www.zhihu.com/people/xiao-xiao-54
http://www.zhihu.com/people/zheng-jun-53
http://www.zhihu.com/people/liu-yang-84-7
http://www.zhihu.com/people/riki
http://www.zhihu.com/people/csonezp
http://www.zhihu.com/people/chen-shao-qing-34
http://www.zhihu.com/people/zhang-xiao-85
http://www.zhihu.com/people/li-di-32-68
http://www.zhihu.com/people/lycanlancelot
http://www.zhihu.com/people/cao-wei-yu
http://www.zhihu.com/people/yang-jiang-he
http://www.zhihu.com/people/defer
http://www.zhihu.com/people/winiex
http://www.zhihu.com/people/ruan-qi-chun
http://www.zhihu.com/people/mituzhifan
http://www.zhihu.com/people/jason-83-59
http://www.zhihu.com/people/xurankuan
http://www.zhihu.com/people/xiabuda
http://www.zhihu.com/people/luo-cheng-yuan
http://www.zhihu.com/people/tcstar
http://www.zhihu.com/people/zhang-yu-1
http://www.zhihu.com/people/san-83
http://www.zhihu.com/people/fireos
http://www.zhihu.com/people/wu-de-feng
http://www.zhihu.com/people/zhang-zhi-81
http://www.zhihu.com/people/Morgoth
http://www.zhihu.com/people/wang-jun-hong
http://www.zhihu.com/people/75041197
http://www.zhihu.com/people/ronronronron
http://www.zhihu.com/people/wenrongbing
http://www.zhihu.com/people/xinvi
http://www.zhihu.com/people/guokb
http://www.zhihu.com/people/mu-yun-99
http://www.zhihu.com/people/jian-zhu-61
http://www.zhihu.com/people/zhang-tong-47
http://www.zhihu.com/people/zhang-bo-82-86
http://www.zhihu.com/people/guozhena
http://www.zhihu.com/people/li-hao-nan-59
http://www.zhihu.com/people/yang-kui-70
http://www.zhihu.com/people/zhaoyuekent
http://www.zhihu.com/people/zi-you-zi-zai
http://www.zhihu.com/people/chen-liang-42-69
http://www.zhihu.com/people/hu-jian-ming-13
http://www.zhihu.com/people/wu-ting-ting
http://www.zhihu.com/people/DannyWangX
http://www.zhihu.com/people/ling-xi-96
http://www.zhihu.com/people/dalizhaoxiang
http://www.zhihu.com/people/wang-yu-dong-15
http://www.zhihu.com/people/lei-fu
http://www.zhihu.com/people/lai-xiao-chao
http://www.zhihu.com/people/arwen
http://www.zhihu.com/people/ai-kai-fa
http://www.zhihu.com/people/lv-ye-jing-jing
http://www.zhihu.com/people/guang-feng
http://www.zhihu.com/people/desiree-xia
http://www.zhihu.com/people/yu-si-yuan-35
http://www.zhihu.com/people/du-qing-feng
http://www.zhihu.com/people/mi-qi
http://www.zhihu.com/people/ding-guo-feng
http://www.zhihu.com/people/zhou-peng-92
http://www.zhihu.com/people/li-qi-yi
http://www.zhihu.com/people/nan-xi-ren
http://www.zhihu.com/people/wu-yue-37
http://www.zhihu.com/people/Ophelia_L
http://www.zhihu.com/people/wang-jiang-fei
http://www.zhihu.com/people/wang-xiao-meng-59
http://www.zhihu.com/people/su-fan-51
http://www.zhihu.com/people/fly-6
http://www.zhihu.com/people/ding-guo-min
http://www.zhihu.com/people/crossword
http://www.zhihu.com/people/huang-ping-bo
http://www.zhihu.com/people/arronleung
http://www.zhihu.com/people/orzwind
http://www.zhihu.com/people/hou-ya-hui
http://www.zhihu.com/people/lawdong
http://www.zhihu.com/people/zhou-yu-rong
http://www.zhihu.com/people/ma-chang-jiu-11
http://www.zhihu.com/people/wu-kai-lun
http://www.zhihu.com/people/zheng-xiao-fu
http://www.zhihu.com/people/lu-jing-si
http://www.zhihu.com/people/jiang-jiao-7
http://www.zhihu.com/people/kun-peng
http://www.zhihu.com/people/fabregaszy
http://www.zhihu.com/people/hans-archer
http://www.zhihu.com/people/mvie
http://www.zhihu.com/people/han-yan-hui
http://www.zhihu.com/people/li-han-jia-11
http://www.zhihu.com/people/zhang-bo-6-75
http://www.zhihu.com/people/cao-nan-62
http://www.zhihu.com/people/li-guo-jun-26
http://www.zhihu.com/people/tian-xue-hao
http://www.zhihu.com/people/xnzhang
http://www.zhihu.com/people/evepig
http://www.zhihu.com/people/jia-pi-ren
http://www.zhihu.com/people/an-de-6
http://www.zhihu.com/people/chbkill
http://www.zhihu.com/people/ge-ge-wu
http://www.zhihu.com/people/SailYang
http://www.zhihu.com/people/perfmon
http://www.zhihu.com/people/rabitv
http://www.zhihu.com/people/yang-yang-14-48
http://www.zhihu.com/people/tianchen-wang
http://www.zhihu.com/people/li-mi-ya
http://www.zhihu.com/people/gan-qiang
http://www.zhihu.com/people/never-51
http://www.zhihu.com/people/cang-ke
http://www.zhihu.com/people/damon-88
http://www.zhihu.com/people/humanSprite
http://www.zhihu.com/people/hanruis
http://www.zhihu.com/people/qian-feng-27
http://www.zhihu.com/people/zhang-xin-wang
http://www.zhihu.com/people/flike
http://www.zhihu.com/people/journeyonmyway
http://www.zhihu.com/people/sunflowers
http://www.zhihu.com/people/tcdona
http://www.zhihu.com/people/wu-yin-bing
http://www.zhihu.com/people/hong-xiao-qiang
http://www.zhihu.com/people/pei-fang-rui
http://www.zhihu.com/people/ge-chuan-xin
http://www.zhihu.com/people/zhang-xu-xu-1
http://www.zhihu.com/people/dan-xian
http://www.zhihu.com/people/evercr8
http://www.zhihu.com/people/camus
http://www.zhihu.com/people/wang-qiong-13
http://www.zhihu.com/people/weijx
http://www.zhihu.com/people/lys-chueng
http://www.zhihu.com/people/dreamevil
http://www.zhihu.com/people/li-ping-fan-39
http://www.zhihu.com/people/andyliu
http://www.zhihu.com/people/yan9yu
http://www.zhihu.com/people/xia-mei-qing
http://www.zhihu.com/people/dan-xiao-yu-86
http://www.zhihu.com/people/gao-yuan-glare
http://www.zhihu.com/people/zhang-seng
http://www.zhihu.com/people/seppun
http://www.zhihu.com/people/doris-53-22
http://www.zhihu.com/people/sun-peng-chong
http://www.zhihu.com/people/myericnic
http://www.zhihu.com/people/sun-meng-meng
http://www.zhihu.com/people/dz_s
http://www.zhihu.com/people/jin4074
http://www.zhihu.com/people/qisee
http://www.zhihu.com/people/liuyong25
http://www.zhihu.com/people/chen-chuan-xin
http://www.zhihu.com/people/lingyan
http://www.zhihu.com/people/zhao-xiao-jing-20
http://www.zhihu.com/people/liu-chang-1
http://www.zhihu.com/people/wooding
http://www.zhihu.com/people/simcin
http://www.zhihu.com/people/herolifan
http://www.zhihu.com/people/zhu-hui-lai
http://www.zhihu.com/people/dong-lan-59
http://www.zhihu.com/people/wang-yuan-net
http://www.zhihu.com/people/airpigxl
http://www.zhihu.com/people/ma-bo-ping
http://www.zhihu.com/people/seebeebee
http://www.zhihu.com/people/liuhai
http://www.zhihu.com/people/homer-49
http://www.zhihu.com/people/zhang-xiao-60-51
http://www.zhihu.com/people/peterhu
http://www.zhihu.com/people/youlingcn
http://www.zhihu.com/people/zhout
http://www.zhihu.com/people/coolxing
http://www.zhihu.com/people/tomhall
http://www.zhihu.com/people/wang-tian
http://www.zhihu.com/people/leiming
http://www.zhihu.com/people/peng-jian-qiao
http://www.zhihu.com/people/zclong
http://www.zhihu.com/people/li-xiao-xuan-95
http://www.zhihu.com/people/hong-zi-19
http://www.zhihu.com/people/jiang-fang-zhou
http://www.zhihu.com/people/hao-ran-20
http://www.zhihu.com/people/liao-han-yu
http://www.zhihu.com/people/zi-yan-52
http://www.zhihu.com/people/cuicui777
http://www.zhihu.com/people/holys
http://www.zhihu.com/people/anslugal
http://www.zhihu.com/people/xiaobei
http://www.zhihu.com/people/yuanhang
http://www.zhihu.com/people/mixture
http://www.zhihu.com/people/notvip
http://www.zhihu.com/people/tong-qian
http://www.zhihu.com/people/yanghongyang
http://www.zhihu.com/people/littleyi
http://www.zhihu.com/people/jing-yuan
http://www.zhihu.com/people/big-orange
http://www.zhihu.com/people/ceng-di-53
http://www.zhihu.com/people/sunsun-57
http://www.zhihu.com/people/li-shu-han-57
http://www.zhihu.com/people/lizizheng
http://www.zhihu.com/people/coca-colour
http://www.zhihu.com/people/zhaojie-ds
http://www.zhihu.com/people/eacon
http://www.zhihu.com/people/li-xiang-30
http://www.zhihu.com/people/tao-yuan-59
http://www.zhihu.com/people/meng-si-yan-87
http://www.zhihu.com/people/liu-sheng-30
http://www.zhihu.com/people/du-mian-19
http://www.zhihu.com/people/wang-liang-50-93
http://www.zhihu.com/people/zhouc-64
http://www.zhihu.com/people/wang-wei-49-53
http://www.zhihu.com/people/scale-28
http://www.zhihu.com/people/guo-qin
http://www.zhihu.com/people/detwin
http://www.zhihu.com/people/ba-ta-fei-lai
http://www.zhihu.com/people/wu-si-26
http://www.zhihu.com/people/vance-74
http://www.zhihu.com/people/molimu
http://www.zhihu.com/people/gui-meng-yuan
http://www.zhihu.com/people/huang-xiao-55
http://www.zhihu.com/people/wang-sheng-61
http://www.zhihu.com/people/hongshu
http://www.zhihu.com/people/mayimayi
http://www.zhihu.com/people/chinalinbin
http://www.zhihu.com/people/zhou-hong-ren
http://www.zhihu.com/people/li-er-hao
http://www.zhihu.com/people/tong-ren-dong
http://www.zhihu.com/people/ai-zi-17
http://www.zhihu.com/people/haohaoxuexi
http://www.zhihu.com/people/niao-niao-54
http://www.zhihu.com/people/hzksh
http://www.zhihu.com/people/so_called
http://www.zhihu.com/people/shimengchen
http://www.zhihu.com/people/peter-shen
http://www.zhihu.com/people/peng-zhi-ran
http://www.zhihu.com/people/wen-tao-4
http://www.zhihu.com/people/liu-xing-chi
http://www.zhihu.com/people/huang-peng-36
http://www.zhihu.com/people/hu-jia-cheng
http://www.zhihu.com/people/liu-___-___
http://www.zhihu.com/people/ge-hui
http://www.zhihu.com/people/lihaoqiang
http://www.zhihu.com/people/wang-xiao-mei-35
http://www.zhihu.com/people/lanisle
http://www.zhihu.com/people/wen-cheng-hui
http://www.zhihu.com/people/linyifeng0616
http://www.zhihu.com/people/chang-hai
http://www.zhihu.com/people/zhanghaichuan
http://www.zhihu.com/people/shangfei
http://www.zhihu.com/people/LisLove
http://www.zhihu.com/people/cao-zhen-46
http://www.zhihu.com/people/callme314
http://www.zhihu.com/people/shi-rui-49
http://www.zhihu.com/people/zhang-ming-21-51
http://www.zhihu.com/people/kaiser
http://www.zhihu.com/people/eranlife
http://www.zhihu.com/people/wangtengchuan
http://www.zhihu.com/people/liangxing
http://www.zhihu.com/people/mondaylaugh
http://www.zhihu.com/people/andrew-yang
http://www.zhihu.com/people/alien
http://www.zhihu.com/people/jie-shuai-bing
http://www.zhihu.com/people/wincol
http://www.zhihu.com/people/wang-yifan-30
http://www.zhihu.com/people/jeffli
http://www.zhihu.com/people/sun-xi-ting
http://www.zhihu.com/people/xian-yu-bo
http://www.zhihu.com/people/chen-su-49
http://www.zhihu.com/people/may-fx
http://www.zhihu.com/people/ehua9588
http://www.zhihu.com/people/tomsheep
http://www.zhihu.com/people/ecmoment
http://www.zhihu.com/people/liang-qi-73
http://www.zhihu.com/people/ou-la
http://www.zhihu.com/people/tang-wen-tao
http://www.zhihu.com/people/neeland
http://www.zhihu.com/people/chen-fang-80
http://www.zhihu.com/people/definiter
http://www.zhihu.com/people/shang-li
http://www.zhihu.com/people/cazhang
http://www.zhihu.com/people/wang-xiao-mo-27
http://www.zhihu.com/people/hibye
http://www.zhihu.com/people/wang-wei-zhao
http://www.zhihu.com/people/zhang-en-wen
http://www.zhihu.com/people/lu-hai-bin
http://www.zhihu.com/people/jonliu
http://www.zhihu.com/people/kuang-yu-88
http://www.zhihu.com/people/bao-yong-35
http://www.zhihu.com/people/gong-zheng-xuan
http://www.zhihu.com/people/lu-meng-jiao-68
http://www.zhihu.com/people/gu-ning-quan
http://www.zhihu.com/people/dawnyaya
http://www.zhihu.com/people/zhao-shu-chen-29
http://www.zhihu.com/people/li-yi-85
http://www.zhihu.com/people/zhang-xiao-xi-41
http://www.zhihu.com/people/xu-xu-dan
http://www.zhihu.com/people/auspicesaint
http://www.zhihu.com/people/zhang-zhi-cheng-49
http://www.zhihu.com/people/ren-xue-wu
http://www.zhihu.com/people/an-zhi-25
http://www.zhihu.com/people/albertyann
http://www.zhihu.com/people/lixiaoxun
http://www.zhihu.com/people/vera-wei
http://www.zhihu.com/people/toraj
http://www.zhihu.com/people/chaang-an
http://www.zhihu.com/people/zheng-ji
http://www.zhihu.com/people/su-yao
http://www.zhihu.com/people/Judge
http://www.zhihu.com/people/mo-jie
http://www.zhihu.com/people/cai-yu-5
http://www.zhihu.com/people/juju
http://www.zhihu.com/people/feng-jun-yuan
http://www.zhihu.com/people/Challenger800
http://www.zhihu.com/people/xu-yang-52
http://www.zhihu.com/people/yan-chang-you
http://www.zhihu.com/people/heimao
http://www.zhihu.com/people/lin-hao-16
http://www.zhihu.com/people/peng-hui-jian
http://www.zhihu.com/people/pei-wei-52
http://www.zhihu.com/people/jinchen
http://www.zhihu.com/people/george-lau
http://www.zhihu.com/people/lin-zi-chen-15
http://www.zhihu.com/people/zhang-wei-30-69
http://www.zhihu.com/people/lufo
http://www.zhihu.com/people/qian-gui-shen
http://www.zhihu.com/people/kondi
http://www.zhihu.com/people/zkz7
http://www.zhihu.com/people/wolfwithdream
http://www.zhihu.com/people/zhang-ting-yao-45
http://www.zhihu.com/people/starryxue
http://www.zhihu.com/people/xu-yu-xiang-74
http://www.zhihu.com/people/rockace1
http://www.zhihu.com/people/junius_lou
http://www.zhihu.com/people/teabag
http://www.zhihu.com/people/viki-zhang
http://www.zhihu.com/people/liu-bo-42
http://www.zhihu.com/people/jiao-yi-xuan
http://www.zhihu.com/people/udxsx
http://www.zhihu.com/people/xia-yu-bin
http://www.zhihu.com/people/wang-mao-sheng
http://www.zhihu.com/people/chen-zuo-lin-16
http://www.zhihu.com/people/phos
http://www.zhihu.com/people/fyl00
http://www.zhihu.com/people/folin
http://www.zhihu.com/people/xiao-yang-45
http://www.zhihu.com/people/wang-yuan-66-5
http://www.zhihu.com/people/mo-da
http://www.zhihu.com/people/cheristorm
http://www.zhihu.com/people/chen-tian-li
http://www.zhihu.com/people/wang-cong-20
http://www.zhihu.com/people/huachend
http://www.zhihu.com/people/shen-lu-85
http://www.zhihu.com/people/yujingyi
http://www.zhihu.com/people/liuyang-37
http://www.zhihu.com/people/bo-ye-9
http://www.zhihu.com/people/yang-yuan-40
http://www.zhihu.com/people/taoky
http://www.zhihu.com/people/zhou-qi-84
http://www.zhihu.com/people/chen-wei-50-1
http://www.zhihu.com/people/chen-heng-guan
http://www.zhihu.com/people/bitmirage
http://www.zhihu.com/people/huai-biao
http://www.zhihu.com/people/fan-xu-53
http://www.zhihu.com/people/SailBoat
http://www.zhihu.com/people/yan-su-jun
http://www.zhihu.com/people/wu-mu-fei
http://www.zhihu.com/people/rocgo
http://www.zhihu.com/people/zhang-zhan-tu
http://www.zhihu.com/people/zhujiyu
http://www.zhihu.com/people/zhou-hang-zheng-66
http://www.zhihu.com/people/simonmuse
http://www.zhihu.com/people/zhao-tian-87
http://www.zhihu.com/people/hongrunj
http://www.zhihu.com/people/wang-hong-ying-27
http://www.zhihu.com/people/fuyongkaikai
http://www.zhihu.com/people/lai-ya-qi
http://www.zhihu.com/people/gluttony
http://www.zhihu.com/people/lepernext
http://www.zhihu.com/people/ji-ye-54
http://www.zhihu.com/people/fang-fang-85-6
http://www.zhihu.com/people/yan-fei-88
http://www.zhihu.com/people/plav
http://www.zhihu.com/people/dai-bai
http://www.zhihu.com/people/li-bai-he-62
http://www.zhihu.com/people/alex-10
http://www.zhihu.com/people/yan-er-jane
http://www.zhihu.com/people/essaye
http://www.zhihu.com/people/su-bao-lin
http://www.zhihu.com/people/duoduokuaipao
http://www.zhihu.com/people/InitialC
http://www.zhihu.com/people/zhou-xiao-zhou-37
http://www.zhihu.com/people/lian-wen-long
http://www.zhihu.com/people/di-guan-xun
http://www.zhihu.com/people/shoo
http://www.zhihu.com/people/qian-si-mao
http://www.zhihu.com/people/harris-fun
http://www.zhihu.com/people/liamchzh
http://www.zhihu.com/people/phoebe-t
http://www.zhihu.com/people/chu-zhao-sheng
http://www.zhihu.com/people/lydreamer
http://www.zhihu.com/people/huangliyi
http://www.zhihu.com/people/zhaigege
http://www.zhihu.com/people/cao-yu-76
http://www.zhihu.com/people/zi-quan-26
http://www.zhihu.com/people/ccat
http://www.zhihu.com/people/zhilishu
http://www.zhihu.com/people/kaven
http://www.zhihu.com/people/colorball
http://www.zhihu.com/people/xia-yu-37-31
http://www.zhihu.com/people/zhou-kai-43
http://www.zhihu.com/people/liang-zhen-hua
http://www.zhihu.com/people/nextec
http://www.zhihu.com/people/heroic
http://www.zhihu.com/people/greenkiller
http://www.zhihu.com/people/atplai
http://www.zhihu.com/people/icylee
http://www.zhihu.com/people/xrbing
http://www.zhihu.com/people/zhao-guang-22
http://www.zhihu.com/people/yang-yu-ting-98
http://www.zhihu.com/people/DreamingCorporation
http://www.zhihu.com/people/yang-kai-guang
http://www.zhihu.com/people/zhou-peng
http://www.zhihu.com/people/zheng-han-yang
http://www.zhihu.com/people/root-32
http://www.zhihu.com/people/darkgt
http://www.zhihu.com/people/urdaddy
http://www.zhihu.com/people/chen-jia-nan
http://www.zhihu.com/people/zhang-xiao-dong-46
http://www.zhihu.com/people/just1n
http://www.zhihu.com/people/timcheung
http://www.zhihu.com/people/yu-zheng-55
http://www.zhihu.com/people/wooden
http://www.zhihu.com/people/yshone
http://www.zhihu.com/people/shao-chun-lin
http://www.zhihu.com/people/nowhere-momo
http://www.zhihu.com/people/wang-ran-ran-28
http://www.zhihu.com/people/wang-xiao-hui-58
http://www.zhihu.com/people/alntan
http://www.zhihu.com/people/john-28
http://www.zhihu.com/people/jie-ying
http://www.zhihu.com/people/wang-bi-bo
http://www.zhihu.com/people/c0in
http://www.zhihu.com/people/peng-jian-bin
http://www.zhihu.com/people/kooyi
http://www.zhihu.com/people/zhang-nan-81-79
http://www.zhihu.com/people/sai-lan-de
http://www.zhihu.com/people/harbuzi
http://www.zhihu.com/people/zhou-rui-jin
http://www.zhihu.com/people/po-dai
http://www.zhihu.com/people/sunmingshen
http://www.zhihu.com/people/jlxiong
http://www.zhihu.com/people/liudongdong
http://www.zhihu.com/people/tlwu
http://www.zhihu.com/people/hu-wei-75
http://www.zhihu.com/people/sun2moon
http://www.zhihu.com/people/wei-jia-li
http://www.zhihu.com/people/huhulee
http://www.zhihu.com/people/zhou-wen-shan
http://www.zhihu.com/people/shui-xiao-xian
http://www.zhihu.com/people/zhouyao
http://www.zhihu.com/people/qiuyang413
http://www.zhihu.com/people/wang-jian-88-94
http://www.zhihu.com/people/zhaofengbin
http://www.zhihu.com/people/newlifechou
http://www.zhihu.com/people/cheng-fang-hang
http://www.zhihu.com/people/pi-pi-3
http://www.zhihu.com/people/yi-teng
http://www.zhihu.com/people/ceng-yu-10
http://www.zhihu.com/people/mengzhang
http://www.zhihu.com/people/wavelet-14
http://www.zhihu.com/people/jokii
http://www.zhihu.com/people/guo-guo-you
http://www.zhihu.com/people/lxdream
http://www.zhihu.com/people/bigface
http://www.zhihu.com/people/erickchen
http://www.zhihu.com/people/zhengguoqiang
http://www.zhihu.com/people/silentsilas
http://www.zhihu.com/people/jacomo
http://www.zhihu.com/people/pigtwo
http://www.zhihu.com/people/rainvoo
http://www.zhihu.com/people/chen-hao-86-48
http://www.zhihu.com/people/tree-69
http://www.zhihu.com/people/xian-jun-tao
http://www.zhihu.com/people/Paaaam
http://www.zhihu.com/people/jiang--jiang
http://www.zhihu.com/people/zheng-en-yang-93
http://www.zhihu.com/people/juxuejian
http://www.zhihu.com/people/fans656
http://www.zhihu.com/people/liu-xiao-chong
http://www.zhihu.com/people/alfreding
http://www.zhihu.com/people/li-jian-ke-10
http://www.zhihu.com/people/lin-fan-63-96
http://www.zhihu.com/people/gao-lu-ji
http://www.zhihu.com/people/jiang-lei-12
http://www.zhihu.com/people/lu-yao-38-28
http://www.zhihu.com/people/thkroc
http://www.zhihu.com/people/zhang-yang-60-19
http://www.zhihu.com/people/jiang-ge
http://www.zhihu.com/people/tooyoung
http://www.zhihu.com/people/qin-nan-55
http://www.zhihu.com/people/TrusBe
http://www.zhihu.com/people/zhang-feng-hua
http://www.zhihu.com/people/shuai-ding-xin-real
http://www.zhihu.com/people/huang-guo-qing-60
http://www.zhihu.com/people/bo-zi-47
http://www.zhihu.com/people/die-qi
http://www.zhihu.com/people/maymaysee
http://www.zhihu.com/people/zang-xi-xi-33
http://www.zhihu.com/people/yideng
http://www.zhihu.com/people/wang-wei-cun
http://www.zhihu.com/people/ou-yang-yong
http://www.zhihu.com/people/wu-xie-58
http://www.zhihu.com/people/etsir
http://www.zhihu.com/people/kidlg
http://www.zhihu.com/people/howardsu
http://www.zhihu.com/people/JacobYueng
http://www.zhihu.com/people/yuukyuu
http://www.zhihu.com/people/px5000
http://www.zhihu.com/people/dengjingdengjing
http://www.zhihu.com/people/wzf1990
http://www.zhihu.com/people/doors
http://www.zhihu.com/people/ricky11
http://www.zhihu.com/people/keymaker
http://www.zhihu.com/people/qianmo
http://www.zhihu.com/people/guoqiaotudou
http://www.zhihu.com/people/xiehe
http://www.zhihu.com/people/ahao
http://www.zhihu.com/people/owen-56
http://www.zhihu.com/people/adwelling
http://www.zhihu.com/people/liu-yang-35
http://www.zhihu.com/people/meng-zhuo-la-mu
http://www.zhihu.com/people/wu-ke-ke
http://www.zhihu.com/people/rockygao
http://www.zhihu.com/people/wang-lu-xing
http://www.zhihu.com/people/deng-shi-ze
http://www.zhihu.com/people/luther-78
http://www.zhihu.com/people/i7xh
http://www.zhihu.com/people/zhang-li-35-21
http://www.zhihu.com/people/chihwang
http://www.zhihu.com/people/yang-zhong-chuan
http://www.zhihu.com/people/herak
http://www.zhihu.com/people/mobiuschen
http://www.zhihu.com/people/likang
http://www.zhihu.com/people/hamishz
http://www.zhihu.com/people/lingeng
http://www.zhihu.com/people/vincexie
http://www.zhihu.com/people/francisfung
http://www.zhihu.com/people/leaneryi
http://www.zhihu.com/people/hebang
http://www.zhihu.com/people/dai-wei-99
http://www.zhihu.com/people/guitay
http://www.zhihu.com/people/xu-xing
http://www.zhihu.com/people/li-fei-lai
http://www.zhihu.com/people/greyopps
http://www.zhihu.com/people/Vane
http://www.zhihu.com/people/stayreal
http://www.zhihu.com/people/CrazyKoo
http://www.zhihu.com/people/liu-shao-peng
http://www.zhihu.com/people/jiang-you-78
http://www.zhihu.com/people/jackyxiong
http://www.zhihu.com/people/veann
http://www.zhihu.com/people/wowodavid
http://www.zhihu.com/people/chi-lin
http://www.zhihu.com/people/dawn110110
http://www.zhihu.com/people/wen-da-zhuang
http://www.zhihu.com/people/feng-yu-yao
http://www.zhihu.com/people/JiangTianZheng
http://www.zhihu.com/people/rincolor
http://www.zhihu.com/people/chuyue
http://www.zhihu.com/people/li-rui-16-21
http://www.zhihu.com/people/szewan
http://www.zhihu.com/people/jiang-shan-75
http://www.zhihu.com/people/sokoonwah
http://www.zhihu.com/people/ai-hua-69-56
http://www.zhihu.com/people/lobo-73
http://www.zhihu.com/people/gu-qing-11
http://www.zhihu.com/people/maboo
http://www.zhihu.com/people/laufy
http://www.zhihu.com/people/liu-jia-lin-81
http://www.zhihu.com/people/xueyichen
http://www.zhihu.com/people/zou-peng-0127
http://www.zhihu.com/people/Daiversity
http://www.zhihu.com/people/jiang-zheng-58
http://www.zhihu.com/people/gu-si-bi-54
http://www.zhihu.com/people/wang-lei-52
http://www.zhihu.com/people/huo-kan-kan
http://www.zhihu.com/people/kimberly-chan
http://www.zhihu.com/people/xiao-jin-wen-93
http://www.zhihu.com/people/zhu-jing-hui
http://www.zhihu.com/people/lu-tian-shi
http://www.zhihu.com/people/liang-xiao-ju
http://www.zhihu.com/people/kyle
http://www.zhihu.com/people/rlog
http://www.zhihu.com/people/xaver-16
http://www.zhihu.com/people/xiao-feng-92
http://www.zhihu.com/people/liu-ya-dong-86
http://www.zhihu.com/people/sys52008
http://www.zhihu.com/people/xhacker
http://www.zhihu.com/people/huang-yong-kang
http://www.zhihu.com/people/hudongyang
http://www.zhihu.com/people/zhu-qiu-yong
http://www.zhihu.com/people/stevens
http://www.zhihu.com/people/wang-shu-tan
http://www.zhihu.com/people/liyadong
http://www.zhihu.com/people/wang-liang-rong
http://www.zhihu.com/people/cen-feng
http://www.zhihu.com/people/wangfang
http://www.zhihu.com/people/yansucl
http://www.zhihu.com/people/huang-yi-xuan
http://www.zhihu.com/people/waiwyh
http://www.zhihu.com/people/zhang-ze-43
http://www.zhihu.com/people/damonsnow
http://www.zhihu.com/people/han-bo-wen
http://www.zhihu.com/people/thegreat
http://www.zhihu.com/people/tmacjunwei
http://www.zhihu.com/people/cha-jing
http://www.zhihu.com/people/jiang-wen-zhen
http://www.zhihu.com/people/wang-yuan-qi
http://www.zhihu.com/people/xiao-lin-ling
http://www.zhihu.com/people/lei-yu-hao
http://www.zhihu.com/people/liu-xiao-lu-91
http://www.zhihu.com/people/ericsun
http://www.zhihu.com/people/li-ying-xin
http://www.zhihu.com/people/yuele
http://www.zhihu.com/people/zhang-yang-85
http://www.zhihu.com/people/voyager7
http://www.zhihu.com/people/mutuyu
http://www.zhihu.com/people/zhou.zhuzhao
http://www.zhihu.com/people/arber
http://www.zhihu.com/people/hong-yi
http://www.zhihu.com/people/lisa-49
http://www.zhihu.com/people/xu-liu-wei
http://www.zhihu.com/people/chang-kai-xin-85
http://www.zhihu.com/people/halfer53
http://www.zhihu.com/people/loyalsoldier
http://www.zhihu.com/people/zhangchongtan
http://www.zhihu.com/people/zhou-xiao-nong
http://www.zhihu.com/people/chen-zi-yao
http://www.zhihu.com/people/ligang
http://www.zhihu.com/people/bai-jin-zhong
http://www.zhihu.com/people/lu-ye-shu-huai
http://www.zhihu.com/people/wu-wei-54-14
http://www.zhihu.com/people/chen-sheng-26
http://www.zhihu.com/people/geng-xiao
http://www.zhihu.com/people/patto
http://www.zhihu.com/people/yourLiuPing
http://www.zhihu.com/people/lubinwei
http://www.zhihu.com/people/chen-lie-72
http://www.zhihu.com/people/Zind
http://www.zhihu.com/people/uiie
http://www.zhihu.com/people/liu-yi-xuan-59
http://www.zhihu.com/people/czs05
http://www.zhihu.com/people/xiangyongkong
http://www.zhihu.com/people/imwaco
http://www.zhihu.com/people/tracert
http://www.zhihu.com/people/frank-99
http://www.zhihu.com/people/jiao-jiao-91
http://www.zhihu.com/people/zhang-lin-14
http://www.zhihu.com/people/yeningcha
http://www.zhihu.com/people/lu-qing-xiang
http://www.zhihu.com/people/flaresky
http://www.zhihu.com/people/kookliu
http://www.zhihu.com/people/kyler
http://www.zhihu.com/people/yue-shi-jie
http://www.zhihu.com/people/ayse.l
http://www.zhihu.com/people/granguo
http://www.zhihu.com/people/fang-yuan-jing
http://www.zhihu.com/people/xiao-yang-tu-tu
http://www.zhihu.com/people/meng-bin-jian
http://www.zhihu.com/people/boblee002
http://www.zhihu.com/people/zhang-ping-yi
http://www.zhihu.com/people/you-guo-59
http://www.zhihu.com/people/blackswan
http://www.zhihu.com/people/zheng-li-51
http://www.zhihu.com/people/lin-chen-42
http://www.zhihu.com/people/jiu-mu-67
http://www.zhihu.com/people/jin-jiao-77
http://www.zhihu.com/people/xixian
http://www.zhihu.com/people/Steveneo
http://www.zhihu.com/people/1750
http://www.zhihu.com/people/iamyukaiyang
http://www.zhihu.com/people/leomex
http://www.zhihu.com/people/sun-garry
http://www.zhihu.com/people/yang-chun-31
http://www.zhihu.com/people/wang-fan-79
http://www.zhihu.com/people/li-chuan-fei-59
http://www.zhihu.com/people/freilaoxuepi
http://www.zhihu.com/people/karenliu
http://www.zhihu.com/people/seven-95
http://www.zhihu.com/people/esperanza
http://www.zhihu.com/people/yang-xiao-lin-42-7
http://www.zhihu.com/people/fu-jia-qi
http://www.zhihu.com/people/jxb8901
http://www.zhihu.com/people/marie-38
http://www.zhihu.com/people/bonnieho
http://www.zhihu.com/people/cuizhanya
http://www.zhihu.com/people/lvkun
http://www.zhihu.com/people/yu-xiang-58
http://www.zhihu.com/people/qingxin
http://www.zhihu.com/people/hanqixue
http://www.zhihu.com/people/cakvfcwz
http://www.zhihu.com/people/cyxhorse
http://www.zhihu.com/people/lu-xing-ren-er
http://www.zhihu.com/people/wang-chen-hong
http://www.zhihu.com/people/zhen-hao
http://www.zhihu.com/people/charmgene
http://www.zhihu.com/people/dickeylth
http://www.zhihu.com/people/vvvvvvvz
http://www.zhihu.com/people/zhao-wu-de
http://www.zhihu.com/people/grey5on
http://www.zhihu.com/people/dannie-35
http://www.zhihu.com/people/zhang-lei-87-23
http://www.zhihu.com/people/chenwentao5
http://www.zhihu.com/people/ma-___-___
http://www.zhihu.com/people/chen-lin-nan
http://www.zhihu.com/people/bei-ming-you-yu
http://www.zhihu.com/people/tangxiaoxiong
http://www.zhihu.com/people/joycezhai
http://www.zhihu.com/people/guo-ruo-bin
http://www.zhihu.com/people/lixiaolin
http://www.zhihu.com/people/dantetan
http://www.zhihu.com/people/cocoaye
http://www.zhihu.com/people/ou-fei-ao
http://www.zhihu.com/people/checkking
http://www.zhihu.com/people/chen-jing-zhan
http://www.zhihu.com/people/fu-miao-rong
http://www.zhihu.com/people/hong-3
http://www.zhihu.com/people/sun-kang-87
http://www.zhihu.com/people/fan-shou-yu
http://www.zhihu.com/people/phyee
http://www.zhihu.com/people/wang-yu-chao-39
http://www.zhihu.com/people/mo-fei-82
http://www.zhihu.com/people/heis
http://www.zhihu.com/people/aspirinfox
http://www.zhihu.com/people/lin-yu-peng
http://www.zhihu.com/people/zou-ming-yu
http://www.zhihu.com/people/wei-jing-88
http://www.zhihu.com/people/rainsky
http://www.zhihu.com/people/chen-huang-kang
http://www.zhihu.com/people/zou-ri-jia
http://www.zhihu.com/people/jessetw
http://www.zhihu.com/people/licoco
http://www.zhihu.com/people/lu-zou-qi
http://www.zhihu.com/people/gao-cong-68
http://www.zhihu.com/people/zhang-jun-peng
http://www.zhihu.com/people/xie-si-ming
http://www.zhihu.com/people/gao-yin-pan
http://www.zhihu.com/people/yinwm
http://www.zhihu.com/people/shenyi26
http://www.zhihu.com/people/su-fei-17
http://www.zhihu.com/people/yexiaofei
http://www.zhihu.com/people/chong-ruo
http://www.zhihu.com/people/charles-liu-50
http://www.zhihu.com/people/crossknight
http://www.zhihu.com/people/gu-wei-9
http://www.zhihu.com/people/jin-cheng-tan
http://www.zhihu.com/people/constantine-47
http://www.zhihu.com/people/chen-jia-liang-009
http://www.zhihu.com/people/chanext
http://www.zhihu.com/people/triyte
http://www.zhihu.com/people/juleehwa
http://www.zhihu.com/people/taky
http://www.zhihu.com/people/lin-zhi-cheng
http://www.zhihu.com/people/patron
http://www.zhihu.com/people/liu-yu-jing
http://www.zhihu.com/people/kongxin
http://www.zhihu.com/people/kaoa
http://www.zhihu.com/people/gao-shao-bo
http://www.zhihu.com/people/hweeken
http://www.zhihu.com/people/shepherd
http://www.zhihu.com/people/luoyang
http://www.zhihu.com/people/hitbastank
http://www.zhihu.com/people/eddie-66
http://www.zhihu.com/people/copper-friddle
http://www.zhihu.com/people/tian-qi-74
http://www.zhihu.com/people/yangjialan
http://www.zhihu.com/people/myjoyking
http://www.zhihu.com/people/luo-yu-meng
http://www.zhihu.com/people/chen-zhe-53
http://www.zhihu.com/people/jersey-54
http://www.zhihu.com/people/zhang-xiao-nan-84
http://www.zhihu.com/people/a-nuo-la
http://www.zhihu.com/people/jing-xiao-ze
http://www.zhihu.com/people/xuxing
http://www.zhihu.com/people/sun-jun-93
http://www.zhihu.com/people/zengxinhan
http://www.zhihu.com/people/zhengyingying
http://www.zhihu.com/people/loongX
http://www.zhihu.com/people/lu-xing-yu-42
http://www.zhihu.com/people/mapleiny
http://www.zhihu.com/people/wang-ri-zhen
http://www.zhihu.com/people/fanting
http://www.zhihu.com/people/dong-gua-39
http://www.zhihu.com/people/cha-la-xiao-yu
http://www.zhihu.com/people/casement-lee
http://www.zhihu.com/people/feng-jian-ren
http://www.zhihu.com/people/seanlmm
http://www.zhihu.com/people/lockeman
http://www.zhihu.com/people/a-hun
http://www.zhihu.com/people/spidermanlhg
http://www.zhihu.com/people/mu-gu
http://www.zhihu.com/people/chen-rong-hui-96
http://www.zhihu.com/people/tgsunny
http://www.zhihu.com/people/vrin
http://www.zhihu.com/people/gaoguojun
http://www.zhihu.com/people/aeonwang
http://www.zhihu.com/people/cocl
http://www.zhihu.com/people/Agnesa
http://www.zhihu.com/people/paicha
http://www.zhihu.com/people/mao-li-zi
http://www.zhihu.com/people/guanlixing
http://www.zhihu.com/people/ruan-chang-feng
http://www.zhihu.com/people/cuniao
http://www.zhihu.com/people/peng-liang-2
http://www.zhihu.com/people/zhang-yi-yuan-37
http://www.zhihu.com/people/fruitjellycc
http://www.zhihu.com/people/alley-13
http://www.zhihu.com/people/iamin
http://www.zhihu.com/people/blackspot
http://www.zhihu.com/people/sem-wa
http://www.zhihu.com/people/sunlongold
http://www.zhihu.com/people/lmchn
http://www.zhihu.com/people/james-fong
http://www.zhihu.com/people/miao-li-42
http://www.zhihu.com/people/dai-xiao-lan
http://www.zhihu.com/people/huangyunbin
http://www.zhihu.com/people/liang-bo-wen
http://www.zhihu.com/people/lee-ricky
http://www.zhihu.com/people/hui-zhu
http://www.zhihu.com/people/huang-hao-73
http://www.zhihu.com/people/linusg
http://www.zhihu.com/people/guo-liang-7
http://www.zhihu.com/people/hysic
http://www.zhihu.com/people/zhao-hua-99
http://www.zhihu.com/people/btpig
http://www.zhihu.com/people/tigerinme
http://www.zhihu.com/people/garhom
http://www.zhihu.com/people/luo-yiyu
http://www.zhihu.com/people/just-zhe
http://www.zhihu.com/people/baifeng
http://www.zhihu.com/people/xu-meng-yang
http://www.zhihu.com/people/tangjingxin
http://www.zhihu.com/people/linwang
http://www.zhihu.com/people/IwfWcf
http://www.zhihu.com/people/tang-mi-54
http://www.zhihu.com/people/billhan
http://www.zhihu.com/people/zhao-qi-wei
http://www.zhihu.com/people/siyang
http://www.zhihu.com/people/han-jian-3
http://www.zhihu.com/people/shadows
http://www.zhihu.com/people/xu-peng-71-33
http://www.zhihu.com/people/国之君子™
http://www.zhihu.com/people/li-tao-ye
http://www.zhihu.com/people/unanus
http://www.zhihu.com/people/yang-yi-70-69
http://www.zhihu.com/people/xu-yun-long
http://www.zhihu.com/people/zhu-pai-hua
http://www.zhihu.com/people/luzern
http://www.zhihu.com/people/cai-yuan-pei
http://www.zhihu.com/people/xiao-bo-97-41
http://www.zhihu.com/people/skywen
http://www.zhihu.com/people/huangquanhj
http://www.zhihu.com/people/yu-guang-44
http://www.zhihu.com/people/fsfree
http://www.zhihu.com/people/wang-long-17
http://www.zhihu.com/people/jibin-ou
http://www.zhihu.com/people/equator
http://www.zhihu.com/people/andreww
http://www.zhihu.com/people/KatzenBach
http://www.zhihu.com/people/mayghost
http://www.zhihu.com/people/jia-ke-wei
http://www.zhihu.com/people/xi-bei-xin-he
http://www.zhihu.com/people/angel0610
http://www.zhihu.com/people/zhou-wen-jun-73
http://www.zhihu.com/people/michael-39-45
http://www.zhihu.com/people/luoxr
http://www.zhihu.com/people/linjunhalida
http://www.zhihu.com/people/so0nan
http://www.zhihu.com/people/lekfigure
http://www.zhihu.com/people/chen-yibin-60
http://www.zhihu.com/people/fiction
http://www.zhihu.com/people/banly
http://www.zhihu.com/people/cdma2000
http://www.zhihu.com/people/qianyan
http://www.zhihu.com/people/dahuang
http://www.zhihu.com/people/xu-liang-51
http://www.zhihu.com/people/ysbl
http://www.zhihu.com/people/Kira
http://www.zhihu.com/people/alpoet
http://www.zhihu.com/people/jiahuihu
http://www.zhihu.com/people/liu-si-qi-58
http://www.zhihu.com/people/akirachang
http://www.zhihu.com/people/lin-zhe-96
http://www.zhihu.com/people/cherrydcy
http://www.zhihu.com/people/han-xiao-guang
http://www.zhihu.com/people/mo-mo-44
http://www.zhihu.com/people/lin-zheng-hui
http://www.zhihu.com/people/qiyongwong
http://www.zhihu.com/people/sheenshuay
http://www.zhihu.com/people/zhu-zheng-tao
http://www.zhihu.com/people/yin-da-jie
http://www.zhihu.com/people/hu-chen-61
http://www.zhihu.com/people/regulus-63
http://www.zhihu.com/people/shi-yue-jie
http://www.zhihu.com/people/jacob-14
http://www.zhihu.com/people/hellofish0723
http://www.zhihu.com/people/steveren
http://www.zhihu.com/people/chen-ke-56
http://www.zhihu.com/people/gao-ya-xin
http://www.zhihu.com/people/zuimai
http://www.zhihu.com/people/biubiuchan
http://www.zhihu.com/people/xiaozi
http://www.zhihu.com/people/wang-zhi-32
http://www.zhihu.com/people/qcbetter
http://www.zhihu.com/people/feng-xi-21
http://www.zhihu.com/people/chen-mu-zhuang
http://www.zhihu.com/people/wang-ya-bing
http://www.zhihu.com/people/xu-xiao-man-78
http://www.zhihu.com/people/yang8692
http://www.zhihu.com/people/___-hui-11
http://www.zhihu.com/people/mandymandy-wang
http://www.zhihu.com/people/zhu-li-97
http://www.zhihu.com/people/chenran
http://www.zhihu.com/people/goss
http://www.zhihu.com/people/padawan
http://www.zhihu.com/people/randy1900
http://www.zhihu.com/people/frost1990.net
http://www.zhihu.com/people/xiaojielu
http://www.zhihu.com/people/shaoyaoz
http://www.zhihu.com/people/fox-84-16
http://www.zhihu.com/people/tutu-lux
http://www.zhihu.com/people/gao-ying-kai
http://www.zhihu.com/people/ou-yang-27
http://www.zhihu.com/people/dawson
http://www.zhihu.com/people/laixiaolai
http://www.zhihu.com/people/yeyu-67
http://www.zhihu.com/people/guo-zhen-an
http://www.zhihu.com/people/hu-ming-qing
http://www.zhihu.com/people/zhou-shu-de
http://www.zhihu.com/people/zhou-an
http://www.zhihu.com/people/qi-xin
http://www.zhihu.com/people/jackma
http://www.zhihu.com/people/cztchoice
http://www.zhihu.com/people/abigroybot
http://www.zhihu.com/people/jun-hua
http://www.zhihu.com/people/hai-yang
http://www.zhihu.com/people/chaosilver
http://www.zhihu.com/people/an-xiao-xi
http://www.zhihu.com/people/elichang
http://www.zhihu.com/people/ma-xiao-tian-49
http://www.zhihu.com/people/Whiteshadows
http://www.zhihu.com/people/eolithr
http://www.zhihu.com/people/Libertasss
http://www.zhihu.com/people/cainiao
http://www.zhihu.com/people/klingons
http://www.zhihu.com/people/li-shan-hu
http://www.zhihu.com/people/hsiuling
http://www.zhihu.com/people/zhao-hong-yu-50
http://www.zhihu.com/people/linvimer
http://www.zhihu.com/people/summervillejia
http://www.zhihu.com/people/bi-shan-shan
http://www.zhihu.com/people/liu-hao-yes
http://www.zhihu.com/people/lin-yi-85
http://www.zhihu.com/people/zhang-yi-33-21
http://www.zhihu.com/people/zuohao
http://www.zhihu.com/people/sinopitt
http://www.zhihu.com/people/chen-xin-hong-85
http://www.zhihu.com/people/zx1986
http://www.zhihu.com/people/tiziana
http://www.zhihu.com/people/zhang-ge-84
http://www.zhihu.com/people/zhao-yifang
http://www.zhihu.com/people/yemo
http://www.zhihu.com/people/pei-fei-28
http://www.zhihu.com/people/wang-lin-6
http://www.zhihu.com/people/s1798
http://www.zhihu.com/people/tony-20
http://www.zhihu.com/people/xiaogaozi
http://www.zhihu.com/people/medicimedici
http://www.zhihu.com/people/ren-tian-ya
http://www.zhihu.com/people/yinhao
http://www.zhihu.com/people/lin-yi-wen
http://www.zhihu.com/people/addren
http://www.zhihu.com/people/yu-cheng-92
http://www.zhihu.com/people/joshua-96
http://www.zhihu.com/people/zhangpu
http://www.zhihu.com/people/stevenliuyi
http://www.zhihu.com/people/xu-guo-hui
http://www.zhihu.com/people/xucheng
http://www.zhihu.com/people/chen-shao-wei
http://www.zhihu.com/people/liang-jia-xin-84
http://www.zhihu.com/people/kokoar
http://www.zhihu.com/people/myjfm
http://www.zhihu.com/people/Jellzone
http://www.zhihu.com/people/jasonyang
http://www.zhihu.com/people/guqiangqiang
http://www.zhihu.com/people/nikita-18
http://www.zhihu.com/people/ma-jian-xun
http://www.zhihu.com/people/zhangguangyu
http://www.zhihu.com/people/da-peng-64
http://www.zhihu.com/people/IrfanStyle
http://www.zhihu.com/people/ma-hao-55
http://www.zhihu.com/people/chen-cheng-long
http://www.zhihu.com/people/gaga.zhn
http://www.zhihu.com/people/coaku
http://www.zhihu.com/people/sun-li-41
http://www.zhihu.com/people/chen-lin-90
http://www.zhihu.com/people/tongjinghao
http://www.zhihu.com/people/yang-qing-zhao
http://www.zhihu.com/people/lai-jun-xiong
http://www.zhihu.com/people/zhaotong
http://www.zhihu.com/people/wind_shadow
http://www.zhihu.com/people/yongxinge
http://www.zhihu.com/people/blackbeard
http://www.zhihu.com/people/chouthen
http://www.zhihu.com/people/laser
http://www.zhihu.com/people/feng-han
http://www.zhihu.com/people/song_90
http://www.zhihu.com/people/wei-tong-yun-60
http://www.zhihu.com/people/tsui
http://www.zhihu.com/people/kissinger
http://www.zhihu.com/people/nina-rong
http://www.zhihu.com/people/rexchan
http://www.zhihu.com/people/kevin-21-5
http://www.zhihu.com/people/horsley
http://www.zhihu.com/people/liu-xi-fei
http://www.zhihu.com/people/liao-bin-13
http://www.zhihu.com/people/surprise-m
http://www.zhihu.com/people/xiang-xing-long
http://www.zhihu.com/people/haohongda
http://www.zhihu.com/people/gao-cheng-han
http://www.zhihu.com/people/woodboy456
http://www.zhihu.com/people/jonson-fang
http://www.zhihu.com/people/yang-ban-xian
http://www.zhihu.com/people/pipipp
http://www.zhihu.com/people/liu-ke-7-32
http://www.zhihu.com/people/copypeng
http://www.zhihu.com/people/bo-hai-1905
http://www.zhihu.com/people/xuelianghan
http://www.zhihu.com/people/ceng-sai-86
http://www.zhihu.com/people/izturn
http://www.zhihu.com/people/xiao-bo-81
http://www.zhihu.com/people/elot
http://www.zhihu.com/people/qi-ming-ke
http://www.zhihu.com/people/hui-feng-hua
http://www.zhihu.com/people/shih
http://www.zhihu.com/people/danielwu89
http://www.zhihu.com/people/wang-yang-long
http://www.zhihu.com/people/hu-ya-xuan
http://www.zhihu.com/people/nothinggg
http://www.zhihu.com/people/imclee
http://www.zhihu.com/people/jaytai
http://www.zhihu.com/people/djyjyb
http://www.zhihu.com/people/airwolf2026
http://www.zhihu.com/people/Lambo
http://www.zhihu.com/people/wangzhaojing
http://www.zhihu.com/people/sahikaru
http://www.zhihu.com/people/li-yao-15
http://www.zhihu.com/people/cnhawkorg
http://www.zhihu.com/people/zhou-yu-31
http://www.zhihu.com/people/tu-zhi-jiang-silvia
http://www.zhihu.com/people/kinvv
http://www.zhihu.com/people/hangzhi
http://www.zhihu.com/people/zhou-li-xing-90
http://www.zhihu.com/people/zichengzhang
http://www.zhihu.com/people/wu-jun-28
http://www.zhihu.com/people/suomali
http://www.zhihu.com/people/hans-lee
http://www.zhihu.com/people/shui-mu-dao
http://www.zhihu.com/people/psjay
http://www.zhihu.com/people/vagrant
http://www.zhihu.com/people/skyphen
http://www.zhihu.com/people/ihuabing
http://www.zhihu.com/people/miao-si-ji
http://www.zhihu.com/people/azhihu
http://www.zhihu.com/people/luca-14
http://www.zhihu.com/people/li-yue-71-42
http://www.zhihu.com/people/cycyril
http://www.zhihu.com/people/chen-huan-xin
http://www.zhihu.com/people/vance92
http://www.zhihu.com/people/huo-xing-jing
http://www.zhihu.com/people/huma
http://www.zhihu.com/people/Rome
http://www.zhihu.com/people/xin-bi-1321
http://www.zhihu.com/people/zhang-yu-long-55
http://www.zhihu.com/people/ofzihan
http://www.zhihu.com/people/weizhao
http://www.zhihu.com/people/gaohanyu
http://www.zhihu.com/people/vangan0612
http://www.zhihu.com/people/wu-wei-96-47
http://www.zhihu.com/people/chen-xin-74
http://www.zhihu.com/people/qu-yiming
http://www.zhihu.com/people/tian-min-cheng
http://www.zhihu.com/people/ma-tian-yi
http://www.zhihu.com/people/leexiang-70
http://www.zhihu.com/people/luo-wei-37
http://www.zhihu.com/people/dalady
http://www.zhihu.com/people/theblind
http://www.zhihu.com/people/wang-jin-bo-87
http://www.zhihu.com/people/laura-2
http://www.zhihu.com/people/cachewang
http://www.zhihu.com/people/yangzheng1992
http://www.zhihu.com/people/ding-tian-yao
http://www.zhihu.com/people/deletenehs
http://www.zhihu.com/people/sheng-bei-hai
http://www.zhihu.com/people/li-gou-hai-12-23
http://www.zhihu.com/people/jasonyinda
http://www.zhihu.com/people/Keenor
http://www.zhihu.com/people/yuan-xiang-57
http://www.zhihu.com/people/hu-feng-12
http://www.zhihu.com/people/zhaochunqi
http://www.zhihu.com/people/chi-xiao-mei
http://www.zhihu.com/people/yescyz
http://www.zhihu.com/people/chen-biao-long
http://www.zhihu.com/people/hong-jun-50
http://www.zhihu.com/people/lai-xu-sen
http://www.zhihu.com/people/dizzarz
http://www.zhihu.com/people/yao-ze-yuan
http://www.zhihu.com/people/lin-da-yuan-72
http://www.zhihu.com/people/zhang-dan-feng-79
http://www.zhihu.com/people/MotoPig
http://www.zhihu.com/people/huang-xin-99
http://www.zhihu.com/people/chen-guang-yu-8
http://www.zhihu.com/people/iceblues
http://www.zhihu.com/people/bluellow
http://www.zhihu.com/people/angry
http://www.zhihu.com/people/lzfei1124
http://www.zhihu.com/people/zhu-hong-sheng-25
http://www.zhihu.com/people/yanyuan
http://www.zhihu.com/people/yiyibeta2
http://www.zhihu.com/people/saraxue
http://www.zhihu.com/people/peng-liang-mei
http://www.zhihu.com/people/zefeng
http://www.zhihu.com/people/gctang
http://www.zhihu.com/people/ceng-ya
http://www.zhihu.com/people/tudo
http://www.zhihu.com/people/JourneyHans
http://www.zhihu.com/people/gonw
http://www.zhihu.com/people/zheng-hui-99
http://www.zhihu.com/people/chen-peng-ju
http://www.zhihu.com/people/huntor
http://www.zhihu.com/people/9410
http://www.zhihu.com/people/patrickluo
http://www.zhihu.com/people/lichenghe
http://www.zhihu.com/people/xie-cao-dong
http://www.zhihu.com/people/huang-xiao-ming-75
http://www.zhihu.com/people/happy10086
http://www.zhihu.com/people/Ponder
http://www.zhihu.com/people/shinji
http://www.zhihu.com/people/lemal
http://www.zhihu.com/people/zhou-lei-4-25
http://www.zhihu.com/people/zhao-ge-91
http://www.zhihu.com/people/tazx
http://www.zhihu.com/people/tony-will
http://www.zhihu.com/people/wangyuan270
http://www.zhihu.com/people/li-fang-ji
http://www.zhihu.com/people/issey
http://www.zhihu.com/people/looking
http://www.zhihu.com/people/K-none
http://www.zhihu.com/people/zhang-ya-dong-9
http://www.zhihu.com/people/li-peng-yu
http://www.zhihu.com/people/xiao-li-zi-69
http://www.zhihu.com/people/asdzheng
http://www.zhihu.com/people/feng-xin-98
http://www.zhihu.com/people/ding-tian
http://www.zhihu.com/people/cheewu
http://www.zhihu.com/people/dallaslu
http://www.zhihu.com/people/da-chang-gan-jun
http://www.zhihu.com/people/Simonzhang
http://www.zhihu.com/people/aldous
http://www.zhihu.com/people/hsmwm
http://www.zhihu.com/people/su-da-lian
http://www.zhihu.com/people/liu-feng-67
http://www.zhihu.com/people/yan-wei-chao
http://www.zhihu.com/people/littlecup
http://www.zhihu.com/people/lvlvbuaa
http://www.zhihu.com/people/w1zard
http://www.zhihu.com/people/wang-xu-xin-37
http://www.zhihu.com/people/gino-23
http://www.zhihu.com/people/DreadLocks
http://www.zhihu.com/people/bambreeze
http://www.zhihu.com/people/shao-you
http://www.zhihu.com/people/wei-wei-12-68
http://www.zhihu.com/people/ericorner
http://www.zhihu.com/people/howietsui
http://www.zhihu.com/people/guo-jia-9
http://www.zhihu.com/people/yimuxia
http://www.zhihu.com/people/xu-liang-dong
http://www.zhihu.com/people/liu-shi-shi
http://www.zhihu.com/people/chen-xin-76
http://www.zhihu.com/people/yang-yang-11-93
http://www.zhihu.com/people/gao-lei-2
http://www.zhihu.com/people/wang-hong-qiang-40
http://www.zhihu.com/people/zao-meng-zi-yong
http://www.zhihu.com/people/nitrohsu
http://www.zhihu.com/people/twowolf
http://www.zhihu.com/people/ponlee
http://www.zhihu.com/people/zhang-jun-yuan-98
http://www.zhihu.com/people/chen-chi-xuan
http://www.zhihu.com/people/CodeMonkey
http://www.zhihu.com/people/ma-mian
http://www.zhihu.com/people/henrylee
http://www.zhihu.com/people/costi
http://www.zhihu.com/people/zhong-zhao
http://www.zhihu.com/people/jin-bing-wen
http://www.zhihu.com/people/wang-kun-peng-61
http://www.zhihu.com/people/spiderraven
http://www.zhihu.com/people/yuhao-85
http://www.zhihu.com/people/ma-nong-64
http://www.zhihu.com/people/rene-zhu
http://www.zhihu.com/people/wu-han-bin
http://www.zhihu.com/people/wwxs
http://www.zhihu.com/people/li-tian-ming-88
http://www.zhihu.com/people/jing-xiao-liang
http://www.zhihu.com/people/peibin
http://www.zhihu.com/people/huangzanzhi
http://www.zhihu.com/people/qiao-heng-bo
http://www.zhihu.com/people/fan-qi-29
http://www.zhihu.com/people/StevenBen
http://www.zhihu.com/people/jiuye
http://www.zhihu.com/people/yang-ou
http://www.zhihu.com/people/liu-chen-xi-00
http://www.zhihu.com/people/xu-run
http://www.zhihu.com/people/zhong-yun-long
http://www.zhihu.com/people/fang-bo-rui
http://www.zhihu.com/people/david-du
http://www.zhihu.com/people/probe
http://www.zhihu.com/people/evan77
http://www.zhihu.com/people/shi-jia-lai
http://www.zhihu.com/people/hang-lu
http://www.zhihu.com/people/Leon.zh
http://www.zhihu.com/people/wajiyi
http://www.zhihu.com/people/cheng-fei
http://www.zhihu.com/people/mo-mo-wu-wen
http://www.zhihu.com/people/zhou-ze-ping
http://www.zhihu.com/people/wu-xiao-sheng
http://www.zhihu.com/people/hu-hao-35
http://www.zhihu.com/people/wang-hai-long-64
http://www.zhihu.com/people/puke
http://www.zhihu.com/people/bbsunchen
http://www.zhihu.com/people/liu-zhen-chuan-98
http://www.zhihu.com/people/ye-tian
http://www.zhihu.com/people/wu-nan-80
http://www.zhihu.com/people/xing-yong-wei
http://www.zhihu.com/people/liji2046
http://www.zhihu.com/people/zhuxy
http://www.zhihu.com/people/huang-xian-sheng-32
http://www.zhihu.com/people/zheng-bin
http://www.zhihu.com/people/RogerWong
http://www.zhihu.com/people/li-xin-92-29
http://www.zhihu.com/people/li-bing-shuai
http://www.zhihu.com/people/amonwu
http://www.zhihu.com/people/wu-yue-66
http://www.zhihu.com/people/li-xiang-55
http://www.zhihu.com/people/M02E
http://www.zhihu.com/people/linkgod
http://www.zhihu.com/people/james-26
http://www.zhihu.com/people/wei-lei-32
http://www.zhihu.com/people/zhou-peng-peng
http://www.zhihu.com/people/yinxiaoyu
http://www.zhihu.com/people/liang-sa-sa
http://www.zhihu.com/people/artwalk
http://www.zhihu.com/people/wang-hao-ran-91
http://www.zhihu.com/people/lin-yu-bin
http://www.zhihu.com/people/liu-fei-33
http://www.zhihu.com/people/sonnenlicht
http://www.zhihu.com/people/zxdy
http://www.zhihu.com/people/gsq09
http://www.zhihu.com/people/vsnt
http://www.zhihu.com/people/qingweilau
http://www.zhihu.com/people/orpheus
http://www.zhihu.com/people/wang-ming-long
http://www.zhihu.com/people/liu-jing-001
http://www.zhihu.com/people/major7ken
http://www.zhihu.com/people/Victorique
http://www.zhihu.com/people/lin-zhuo-jie
http://www.zhihu.com/people/gao-da-li
http://www.zhihu.com/people/yanghezhang
http://www.zhihu.com/people/yan-yi-19
http://www.zhihu.com/people/cao-huan-huan
http://www.zhihu.com/people/aerofloyd
http://www.zhihu.com/people/feng-yuan-8
http://www.zhihu.com/people/zhou-zhou-70-90
http://www.zhihu.com/people/wang-jian-jun1989
http://www.zhihu.com/people/HeyJo
http://www.zhihu.com/people/yami
http://www.zhihu.com/people/zhen-ni-53
http://www.zhihu.com/people/zhu-xiao-wu-77
http://www.zhihu.com/people/wei-li-si
http://www.zhihu.com/people/gong-huan-qi
http://www.zhihu.com/people/xingx
http://www.zhihu.com/people/yan-wei-47
http://www.zhihu.com/people/shinenola
http://www.zhihu.com/people/huan-le-yan
http://www.zhihu.com/people/leng-ye-96
http://www.zhihu.com/people/zhangxvliang
http://www.zhihu.com/people/abelxing
http://www.zhihu.com/people/mvj3
http://www.zhihu.com/people/zhou-xiao-qing-52
http://www.zhihu.com/people/jerryweiaaa
http://www.zhihu.com/people/lovetree
http://www.zhihu.com/people/sunshinez
http://www.zhihu.com/people/Abracadabra-pepinot
http://www.zhihu.com/people/jing-quan-qi
http://www.zhihu.com/people/guo-yu
http://www.zhihu.com/people/bao-xingchen
http://www.zhihu.com/people/one_demon
http://www.zhihu.com/people/qun-zhi
http://www.zhihu.com/people/guo-hong-jie-90
http://www.zhihu.com/people/kuangji
http://www.zhihu.com/people/zhiqiang.niu
http://www.zhihu.com/people/fancy-83
http://www.zhihu.com/people/htedsv
http://www.zhihu.com/people/wang-jie-81
http://www.zhihu.com/people/chentao
http://www.zhihu.com/people/gao-sai-jie
http://www.zhihu.com/people/hehe
http://www.zhihu.com/people/ding-rui
http://www.zhihu.com/people/he-wei-wei-78
http://www.zhihu.com/people/youliugui
http://www.zhihu.com/people/lu-yi-lin
http://www.zhihu.com/people/waynewu
http://www.zhihu.com/people/ma-zhe-chao
http://www.zhihu.com/people/xia-gu-lin
http://www.zhihu.com/people/wang-yao-2
http://www.zhihu.com/people/jiang-yun
http://www.zhihu.com/people/namiheike
http://www.zhihu.com/people/charon
http://www.zhihu.com/people/hua-shi-16
http://www.zhihu.com/people/richard.g
http://www.zhihu.com/people/lai-xiao-an
http://www.zhihu.com/people/abyss-feng
http://www.zhihu.com/people/guang-qian-yuan
http://www.zhihu.com/people/VinceChen
http://www.zhihu.com/people/zhong-chao
http://www.zhihu.com/people/sun-xiao-hu-21
http://www.zhihu.com/people/lining
http://www.zhihu.com/people/ran-tao-84
http://www.zhihu.com/people/zhou-peng-25
http://www.zhihu.com/people/nicing
http://www.zhihu.com/people/zhou-yu-yan
http://www.zhihu.com/people/lin-kun-43
http://www.zhihu.com/people/JamesHsia
http://www.zhihu.com/people/sky-deng
http://www.zhihu.com/people/zhou-mian-77
http://www.zhihu.com/people/bu-zhi-xian-sheng-78
http://www.zhihu.com/people/xu-ji-ming-75
http://www.zhihu.com/people/zhan-xiao-jian
http://www.zhihu.com/people/lizardxy
http://www.zhihu.com/people/oliverxu
http://www.zhihu.com/people/hunao
http://www.zhihu.com/people/danielchen1995
http://www.zhihu.com/people/sweetsmile
http://www.zhihu.com/people/123q
http://www.zhihu.com/people/sanchar
http://www.zhihu.com/people/nuan10
http://www.zhihu.com/people/hzshen
http://www.zhihu.com/people/rancho-fang
http://www.zhihu.com/people/guo-xiao-can
http://www.zhihu.com/people/jiangzhongbo
http://www.zhihu.com/people/sunorry
http://www.zhihu.com/people/cheng-ni
http://www.zhihu.com/people/lynettedai
http://www.zhihu.com/people/mikemelon
http://www.zhihu.com/people/sophiazheng
http://www.zhihu.com/people/yang-xiao-liang-20
http://www.zhihu.com/people/hao-yi-89
http://www.zhihu.com/people/robotdiy
http://www.zhihu.com/people/hu-tian-yang
http://www.zhihu.com/people/peterzhang
http://www.zhihu.com/people/zhou-zi-han-17
http://www.zhihu.com/people/chengt03
http://www.zhihu.com/people/yeky
http://www.zhihu.com/people/hsowaq
http://www.zhihu.com/people/cbsheng
http://www.zhihu.com/people/mindlee
http://www.zhihu.com/people/cloudless
http://www.zhihu.com/people/atomd
http://www.zhihu.com/people/sakuyayc
http://www.zhihu.com/people/ou-jing-ge
http://www.zhihu.com/people/fan-cheng-da
http://www.zhihu.com/people/guyson
http://www.zhihu.com/people/monicaguiji
http://www.zhihu.com/people/renxue
http://www.zhihu.com/people/zhao-zhi-jing
http://www.zhihu.com/people/hydra-10
http://www.zhihu.com/people/zhang-hua-shan
http://www.zhihu.com/people/hu-ling-huan
http://www.zhihu.com/people/wu-zhen-13
http://www.zhihu.com/people/zaiyiqi
http://www.zhihu.com/people/mugglezly
http://www.zhihu.com/people/caoxiongfeng
http://www.zhihu.com/people/lai-shu-jian
http://www.zhihu.com/people/xin-xiao-xiang
http://www.zhihu.com/people/peach
http://www.zhihu.com/people/xu-zhe-42
http://www.zhihu.com/people/haoqiang
http://www.zhihu.com/people/mrsunli
http://www.zhihu.com/people/newle
http://www.zhihu.com/people/paul-shadow
http://www.zhihu.com/people/ding-sai-di
http://www.zhihu.com/people/lan-qiu-71
http://www.zhihu.com/people/xie-wei-89
http://www.zhihu.com/people/liu-wen-yu-87
http://www.zhihu.com/people/xiao-bin
http://www.zhihu.com/people/positive52energy
http://www.zhihu.com/people/bxbxbai
http://www.zhihu.com/people/yijiu56
http://www.zhihu.com/people/lerik
http://www.zhihu.com/people/zhang-fei-4-22
http://www.zhihu.com/people/huang-chen-15
http://www.zhihu.com/people/ryekee
http://www.zhihu.com/people/henter
http://www.zhihu.com/people/li-zhang-quan
http://www.zhihu.com/people/davi-d
http://www.zhihu.com/people/guo-liang
http://www.zhihu.com/people/cao-lin-nuo
http://www.zhihu.com/people/lu-wu-shuang-25
http://www.zhihu.com/people/yskin
http://www.zhihu.com/people/wang-yan-yuan
http://www.zhihu.com/people/zhang-yi-gang
http://www.zhihu.com/people/alucard
http://www.zhihu.com/people/gnap
http://www.zhihu.com/people/cao-mou-mou
http://www.zhihu.com/people/88sir
http://www.zhihu.com/people/li-fan-59
http://www.zhihu.com/people/Hiro_yg
http://www.zhihu.com/people/zhang-hong-ge
http://www.zhihu.com/people/liang-bo-51
http://www.zhihu.com/people/chung
http://www.zhihu.com/people/yin-hao
http://www.zhihu.com/people/cq0121
http://www.zhihu.com/people/zhoulianchi
http://www.zhihu.com/people/zhu-han-ao
http://www.zhihu.com/people/lao-chang
http://www.zhihu.com/people/shog
http://www.zhihu.com/people/say-bye
http://www.zhihu.com/people/sharewind
http://www.zhihu.com/people/fu-pan-7
http://www.zhihu.com/people/verloth
http://www.zhihu.com/people/nuo-tie
http://www.zhihu.com/people/jog-ui
http://www.zhihu.com/people/luliang
http://www.zhihu.com/people/zhang-xu-86-29
http://www.zhihu.com/people/gao-si-bo
http://www.zhihu.com/people/zhao-peng-jie
http://www.zhihu.com/people/pan-qian-hua
http://www.zhihu.com/people/huang-sheng-66
http://www.zhihu.com/people/leisurewang
http://www.zhihu.com/people/xuzhuozhen
http://www.zhihu.com/people/baoz
http://www.zhihu.com/people/ee_11
http://www.zhihu.com/people/shengtudou
http://www.zhihu.com/people/wangxiaogang
http://www.zhihu.com/people/xi-ge-yue
http://www.zhihu.com/people/huo-yu-ping
http://www.zhihu.com/people/ceng-dao
http://www.zhihu.com/people/netsos
http://www.zhihu.com/people/weijijiyu
http://www.zhihu.com/people/bin.c.chen
http://www.zhihu.com/people/shyandsy
http://www.zhihu.com/people/ma-xin-lei-97
http://www.zhihu.com/people/veightz
http://www.zhihu.com/people/xiaozhi123
http://www.zhihu.com/people/ge-wei-sheng
http://www.zhihu.com/people/zuojiwang
http://www.zhihu.com/people/lakujira
http://www.zhihu.com/people/mi-suo
http://www.zhihu.com/people/zhangyingfeng
http://www.zhihu.com/people/cao-meng-di
http://www.zhihu.com/people/hlhl
http://www.zhihu.com/people/qiao-yu-61
http://www.zhihu.com/people/astrum
http://www.zhihu.com/people/craylin
http://www.zhihu.com/people/li-long-bai-88
http://www.zhihu.com/people/loeshine
http://www.zhihu.com/people/poundlimbo
http://www.zhihu.com/people/bird_lock
http://www.zhihu.com/people/loveye
http://www.zhihu.com/people/zdw1224
http://www.zhihu.com/people/Lovezhangkun
http://www.zhihu.com/people/zobor
http://www.zhihu.com/people/zou-dao-kou
http://www.zhihu.com/people/lin-xiang-yu
http://www.zhihu.com/people/Yvonyo
http://www.zhihu.com/people/wang-wen-jin
http://www.zhihu.com/people/liang-ai-zhou
http://www.zhihu.com/people/andylee-29
http://www.zhihu.com/people/zhao-yan-80
http://www.zhihu.com/people/guol
http://www.zhihu.com/people/zhenpeng
http://www.zhihu.com/people/tclh123
http://www.zhihu.com/people/smallni
http://www.zhihu.com/people/lao-zhao
http://www.zhihu.com/people/qingtian
http://www.zhihu.com/people/jiang-xiang-ling
http://www.zhihu.com/people/sun-chang-he
http://www.zhihu.com/people/yang-cong-quan-man-tou
http://www.zhihu.com/people/chunliu
http://www.zhihu.com/people/gardeniababy
http://www.zhihu.com/people/wang-wen-ping
http://www.zhihu.com/people/aihop
http://www.zhihu.com/people/cheng-xin-64
http://www.zhihu.com/people/cinderellaing
http://www.zhihu.com/people/sun-jian-wei
http://www.zhihu.com/people/chen-jin-feng
http://www.zhihu.com/people/ma-feng-bo
http://www.zhihu.com/people/zhenqu
http://www.zhihu.com/people/spirit-dongdong
http://www.zhihu.com/people/fanhu
http://www.zhihu.com/people/tan-xu-long
http://www.zhihu.com/people/happyli
http://www.zhihu.com/people/kaitian
http://www.zhihu.com/people/mjmengjie
http://www.zhihu.com/people/wangfang010
http://www.zhihu.com/people/adam-86
http://www.zhihu.com/people/yuzhuoran
http://www.zhihu.com/people/li-yang
http://www.zhihu.com/people/Screamjeff
http://www.zhihu.com/people/Gerrard
http://www.zhihu.com/people/wwzcxqc
http://www.zhihu.com/people/chriszhang01
http://www.zhihu.com/people/robbins
http://www.zhihu.com/people/rickyzhang
http://www.zhihu.com/people/godEGS
http://www.zhihu.com/people/THFQ
http://www.zhihu.com/people/lokizone
http://www.zhihu.com/people/lynnhu
http://www.zhihu.com/people/su-qi
http://www.zhihu.com/people/gaojihe
http://www.zhihu.com/people/xiaolurao
http://www.zhihu.com/people/li-hui-98
http://www.zhihu.com/people/xu-chao-76
http://www.zhihu.com/people/chenzhenbo
http://www.zhihu.com/people/chongzaizai
http://www.zhihu.com/people/jiangf
http://www.zhihu.com/people/Ralph_Liu
http://www.zhihu.com/people/arsenal
http://www.zhihu.com/people/jia-yu-min
http://www.zhihu.com/people/zyypku
http://www.zhihu.com/people/stardust
http://www.zhihu.com/people/zhao-zhong-min
http://www.zhihu.com/people/kong-mu
http://www.zhihu.com/people/chen-xiao-mei
http://www.zhihu.com/people/eric-zhao
http://www.zhihu.com/people/starknight
http://www.zhihu.com/people/zhao-yue-yu
http://www.zhihu.com/people/chang-jarod
http://www.zhihu.com/people/zhang-zhi-dong-77
http://www.zhihu.com/people/sanxingju
http://www.zhihu.com/people/xxnotepad
http://www.zhihu.com/people/funphy
http://www.zhihu.com/people/foreal
http://www.zhihu.com/people/ban-ma
http://www.zhihu.com/people/zhouyuan
http://www.zhihu.com/people/jiyinyiyong
http://www.zhihu.com/people/ouzy
http://www.zhihu.com/people/lu-wei-qiang
http://www.zhihu.com/people/imxiaofeng
http://www.zhihu.com/people/zhang-zun-bao
http://www.zhihu.com/people/li-yang-87-35
http://www.zhihu.com/people/liu-rui-bo
http://www.zhihu.com/people/san-liu
http://www.zhihu.com/people/zhang-yi-kang
http://www.zhihu.com/people/steven-lu-08
http://www.zhihu.com/people/geekdada
http://www.zhihu.com/people/davidyoung8906
http://www.zhihu.com/people/rickysu
http://www.zhihu.com/people/wu-lei-75
http://www.zhihu.com/people/filod
http://www.zhihu.com/people/zhu-wen
http://www.zhihu.com/people/lang-zi-tian-ya
http://www.zhihu.com/people/huang-pan-da
http://www.zhihu.com/people/changchao
http://www.zhihu.com/people/sgzhan
http://www.zhihu.com/people/endlessturelove
http://www.zhihu.com/people/fanyi
http://www.zhihu.com/people/yu.wang
http://www.zhihu.com/people/neo-70
http://www.zhihu.com/people/alvin969
http://www.zhihu.com/people/gu-wen-qian
http://www.zhihu.com/people/edwin7
http://www.zhihu.com/people/wildzhang
http://www.zhihu.com/people/foo-xu
http://www.zhihu.com/people/liu-hong-wei-31
http://www.zhihu.com/people/jingya
http://www.zhihu.com/people/wu-qing-30
http://www.zhihu.com/people/tiezhen
http://www.zhihu.com/people/hu-xin-chun
http://www.zhihu.com/people/suncuss
http://www.zhihu.com/people/superwyh
http://www.zhihu.com/people/xizhaoweiyang
http://www.zhihu.com/people/david_wang
http://www.zhihu.com/people/advertisements
http://www.zhihu.com/people/inroading
http://www.zhihu.com/people/huangchi
http://www.zhihu.com/people/cheng-zeng-cun
http://www.zhihu.com/people/wang-jun-jun
http://www.zhihu.com/people/bigpotatoc
http://www.zhihu.com/people/oldwolfnwf
http://www.zhihu.com/people/shifu
http://www.zhihu.com/people/flyer103
http://www.zhihu.com/people/wang-xu-11-69
http://www.zhihu.com/people/beichen
http://www.zhihu.com/people/fu-er
http://www.zhihu.com/people/teresa-wong
http://www.zhihu.com/people/leo-29
http://www.zhihu.com/people/xuechengxi
http://www.zhihu.com/people/zhu-jia-zhuang
http://www.zhihu.com/people/pang-bo-8
http://www.zhihu.com/people/hackwriter
http://www.zhihu.com/people/kanbian
http://www.zhihu.com/people/roquin
http://www.zhihu.com/people/jessicacheung
http://www.zhihu.com/people/RichardZhang
http://www.zhihu.com/people/jiang-ming-long
http://www.zhihu.com/people/ma-ke-14
http://www.zhihu.com/people/sagasw
http://www.zhihu.com/people/whitekatana
http://www.zhihu.com/people/inext
http://www.zhihu.com/people/si-tu-ling-yun
http://www.zhihu.com/people/dingzhengdong
http://www.zhihu.com/people/qu-jing-tong
http://www.zhihu.com/people/yao-gang-qiang
http://www.zhihu.com/people/tang-xiao-wu
http://www.zhihu.com/people/shuqian
http://www.zhihu.com/people/chen-wei-71-91
http://www.zhihu.com/people/xiangku
http://www.zhihu.com/people/ezreal
http://www.zhihu.com/people/gongting
http://www.zhihu.com/people/odinchs
http://www.zhihu.com/people/Gosin
http://www.zhihu.com/people/huangkun
http://www.zhihu.com/people/tian-zhi-lin
http://www.zhihu.com/people/chen-jie-79
http://www.zhihu.com/people/melaniening
http://www.zhihu.com/people/chengangcs
http://www.zhihu.com/people/bonjee
http://www.zhihu.com/people/yafei236
http://www.zhihu.com/people/liu-yu-62
http://www.zhihu.com/people/jungledrum
http://www.zhihu.com/people/oratis
http://www.zhihu.com/people/z-wang
http://www.zhihu.com/people/izhidao
http://www.zhihu.com/people/Linkzhao
http://www.zhihu.com/people/icaiguobin
http://www.zhihu.com/people/zombie
http://www.zhihu.com/people/tfan
http://www.zhihu.com/people/xuzhe1224
http://www.zhihu.com/people/SidneyZhang
http://www.zhihu.com/people/guo-qing-tao
http://www.zhihu.com/people/yang-bobo
http://www.zhihu.com/people/xiaodaoren
http://www.zhihu.com/people/chen_1st
http://www.zhihu.com/people/wang-wei-63
http://www.zhihu.com/people/Marshallpku
http://www.zhihu.com/people/peng-di
http://www.zhihu.com/people/rishon-li
http://www.zhihu.com/people/lianghai
http://www.zhihu.com/people/yaoxu
http://www.zhihu.com/people/dismory
http://www.zhihu.com/people/sui-xiang
http://www.zhihu.com/people/VegasWang
http://www.zhihu.com/people/uedreamer
http://www.zhihu.com/people/linfeng365
http://www.zhihu.com/people/yiplee
http://www.zhihu.com/people/keshaoqin
http://www.zhihu.com/people/long-yi-nan-90
http://www.zhihu.com/people/xielei
http://www.zhihu.com/people/lao-l
http://www.zhihu.com/people/wolftankk
http://www.zhihu.com/people/zhang-kun-30
http://www.zhihu.com/people/tangqi
http://www.zhihu.com/people/derekliu
http://www.zhihu.com/people/wang-zhi-zhi-82
http://www.zhihu.com/people/soong
http://www.zhihu.com/people/alswl
http://www.zhihu.com/people/Jayziven
http://www.zhihu.com/people/xiaozhibo
http://www.zhihu.com/people/cecwxf
http://www.zhihu.com/people/bluegoat
http://www.zhihu.com/people/fan-wen-rong
http://www.zhihu.com/people/he-xiao-yuan
http://www.zhihu.com/people/phelps-michael
http://www.zhihu.com/people/aceli
http://www.zhihu.com/people/paradisor
http://www.zhihu.com/people/zhang-hu-66-1
http://www.zhihu.com/people/aeolus
http://www.zhihu.com/people/contrafuegos
http://www.zhihu.com/people/xiao-xing-xing-61
http://www.zhihu.com/people/geng-shuai-bo
http://www.zhihu.com/people/zeng-en-quan
http://www.zhihu.com/people/czj900520
http://www.zhihu.com/people/yezhuang
http://www.zhihu.com/people/yankee
http://www.zhihu.com/people/mu-ge-dai-zi
http://www.zhihu.com/people/techzi
http://www.zhihu.com/people/jiang-ruo-lin
http://www.zhihu.com/people/Julianchan
http://www.zhihu.com/people/bai-zhi-long
http://www.zhihu.com/people/zhao-yun-fei-29
http://www.zhihu.com/people/whale
http://www.zhihu.com/people/sequence
http://www.zhihu.com/people/fangke
http://www.zhihu.com/people/ghostcomputing
http://www.zhihu.com/people/chougu
http://www.zhihu.com/people/pijili
http://www.zhihu.com/people/xiao-ye-li-xiang
http://www.zhihu.com/people/ChenYingFeng
http://www.zhihu.com/people/lilyforever
http://www.zhihu.com/people/youtube
http://www.zhihu.com/people/chen-shu-yi-21
http://www.zhihu.com/people/jiuwanni
http://www.zhihu.com/people/ywzgb
http://www.zhihu.com/people/orzcc
http://www.zhihu.com/people/ultramanhu
http://www.zhihu.com/people/lin_fan
http://www.zhihu.com/people/yuanli
http://www.zhihu.com/people/zhang-cheng-yang
http://www.zhihu.com/people/gaoshan
http://www.zhihu.com/people/li-lu-69
http://www.zhihu.com/people/jovial
http://www.zhihu.com/people/azureviolin
http://www.zhihu.com/people/cranks
http://www.zhihu.com/people/yang-xing-kai
http://www.zhihu.com/people/oceanthink
http://www.zhihu.com/people/zhihu_lxl
http://www.zhihu.com/people/addice
http://www.zhihu.com/people/spsftshuma
http://www.zhihu.com/people/wan-yi-17-33
http://www.zhihu.com/people/luo-tian-rui
http://www.zhihu.com/people/yangtianyin
http://www.zhihu.com/people/laofish
http://www.zhihu.com/people/yeyi
http://www.zhihu.com/people/xia-xiao-xiao
http://www.zhihu.com/people/keving
http://www.zhihu.com/people/zhao-chang-cun
http://www.zhihu.com/people/Jeff_zhang
http://www.zhihu.com/people/tangshao
http://www.zhihu.com/people/ahlon
http://www.zhihu.com/people/xu-rui-34
http://www.zhihu.com/people/jin-xiao-guang
http://www.zhihu.com/people/982693
http://www.zhihu.com/people/lu-hao-17-49
http://www.zhihu.com/people/louisecheng
http://www.zhihu.com/people/liang-yuan-76
http://www.zhihu.com/people/yu-xiang-8
http://www.zhihu.com/people/bookcold
http://www.zhihu.com/people/wang-jun-18
http://www.zhihu.com/people/ztcore
http://www.zhihu.com/people/xu-jia-ming
http://www.zhihu.com/people/xu-cheng-yang
http://www.zhihu.com/people/dearrooney
http://www.zhihu.com/people/zhu-feng-xiang
http://www.zhihu.com/people/qing-ru-xu
http://www.zhihu.com/people/zhao-dan-98
http://www.zhihu.com/people/yao-xing-guang
http://www.zhihu.com/people/chanjian-bruce
http://www.zhihu.com/people/kylehu
http://www.zhihu.com/people/chen87
http://www.zhihu.com/people/stanleysong
http://www.zhihu.com/people/ruby-35
http://www.zhihu.com/people/li-yang-46
http://www.zhihu.com/people/qian-zi-qiang
http://www.zhihu.com/people/li-song-ze
http://www.zhihu.com/people/ensky00
http://www.zhihu.com/people/xiao-bai-lao-gong
http://www.zhihu.com/people/herbert7
http://www.zhihu.com/people/soulmachine
http://www.zhihu.com/people/peng-xiao-long
http://www.zhihu.com/people/zhu-jun-qiang
http://www.zhihu.com/people/ahrenng
http://www.zhihu.com/people/fangqu
http://www.zhihu.com/people/chen-zhang
http://www.zhihu.com/people/vance
http://www.zhihu.com/people/liangzhipeng
http://www.zhihu.com/people/altonchou
http://www.zhihu.com/people/narts
http://www.zhihu.com/people/wuxudong
http://www.zhihu.com/people/salleeshi
http://www.zhihu.com/people/lei-lei-89
http://www.zhihu.com/people/sissilver
http://www.zhihu.com/people/duanbingnan
http://www.zhihu.com/people/Felicity
http://www.zhihu.com/people/cao-rui-weng
http://www.zhihu.com/people/xiao-cong
http://www.zhihu.com/people/wangshiyang
http://www.zhihu.com/people/fookwood
http://www.zhihu.com/people/feng-kui-zhi
http://www.zhihu.com/people/zhang-jian-fei
http://www.zhihu.com/people/luobiying
http://www.zhihu.com/people/guchen
http://www.zhihu.com/people/wang-wei-yan
http://www.zhihu.com/people/zhou-qian-yu
http://www.zhihu.com/people/bobo-22
http://www.zhihu.com/people/eric_hu
http://www.zhihu.com/people/sparrow
http://www.zhihu.com/people/c166
http://www.zhihu.com/people/manghost
http://www.zhihu.com/people/wang8118
http://www.zhihu.com/people/highsword
http://www.zhihu.com/people/guannan
http://www.zhihu.com/people/channe
http://www.zhihu.com/people/wang-yaqing
http://www.zhihu.com/people/wang-ze-han
http://www.zhihu.com/people/anyan
http://www.zhihu.com/people/ranran
http://www.zhihu.com/people/simaziyu
http://www.zhihu.com/people/ruidge
http://www.zhihu.com/people/PeterDeng
http://www.zhihu.com/people/nai-kui-si-te
http://www.zhihu.com/people/mo0o0fsjmf0icbi
http://www.zhihu.com/people/liu-su-yuan
http://www.zhihu.com/people/zhu-zhao-long-3
http://www.zhihu.com/people/stevensui
http://www.zhihu.com/people/njubianyuan
http://www.zhihu.com/people/Stage1st
http://www.zhihu.com/people/pyth0n
http://www.zhihu.com/people/guo-da-lu-13
http://www.zhihu.com/people/eyuan
http://www.zhihu.com/people/13igcat
http://www.zhihu.com/people/viperchaos
http://www.zhihu.com/people/zhou-zheng-74
http://www.zhihu.com/people/qiuer
http://www.zhihu.com/people/rrandom
http://www.zhihu.com/people/elmo
http://www.zhihu.com/people/zhangbin
http://www.zhihu.com/people/kabi
http://www.zhihu.com/people/zhao-hao
http://www.zhihu.com/people/thinkevd
http://www.zhihu.com/people/xiao-mao
http://www.zhihu.com/people/qilin90
http://www.zhihu.com/people/zhao-wen-bo
http://www.zhihu.com/people/tao-rui-42-48
http://www.zhihu.com/people/qixia
http://www.zhihu.com/people/duxudong
http://www.zhihu.com/people/neo00000
http://www.zhihu.com/people/tanglu
http://www.zhihu.com/people/roy-lee
http://www.zhihu.com/people/liu-chan-yuan
http://www.zhihu.com/people/wen-bin-bin
http://www.zhihu.com/people/noyy
http://www.zhihu.com/people/zan-qing
http://www.zhihu.com/people/zheng-hui-wen
http://www.zhihu.com/people/frfr
http://www.zhihu.com/people/beatbox
http://www.zhihu.com/people/mo-er-ben
http://www.zhihu.com/people/ihacku
http://www.zhihu.com/people/chen-pu
http://www.zhihu.com/people/hhewhu
http://www.zhihu.com/people/knightshady
http://www.zhihu.com/people/lvfei
http://www.zhihu.com/people/niuye
http://www.zhihu.com/people/vision
http://www.zhihu.com/people/lijigang.com
http://www.zhihu.com/people/huang-fei-bj
http://www.zhihu.com/people/fotowild
http://www.zhihu.com/people/mjl_zhihu
http://www.zhihu.com/people/yang-zhen-yu
http://www.zhihu.com/people/wang-qiang-4
http://www.zhihu.com/people/zkaip
http://www.zhihu.com/people/hannus
http://www.zhihu.com/people/fa-jun
http://www.zhihu.com/people/toochio
http://www.zhihu.com/people/san-yang-68
http://www.zhihu.com/people/xiaozhezi
http://www.zhihu.com/people/wei-yan-22
http://www.zhihu.com/people/lolocho
http://www.zhihu.com/people/liu-yang-1987
http://www.zhihu.com/people/huang-le-jun
http://www.zhihu.com/people/sujiangdong
http://www.zhihu.com/people/dinojoe
http://www.zhihu.com/people/yin-zeng-hui
http://www.zhihu.com/people/zhang-yu-liang
http://www.zhihu.com/people/zhang-zhi-lin
http://www.zhihu.com/people/li-long-66
http://www.zhihu.com/people/shi-dou
http://www.zhihu.com/people/xian_bei
http://www.zhihu.com/people/wu-xin-ji
http://www.zhihu.com/people/peanut
http://www.zhihu.com/people/yuan-erer
http://www.zhihu.com/people/jing-xiang-zheng
http://www.zhihu.com/people/iphone5
http://www.zhihu.com/people/huang-shao-tao
http://www.zhihu.com/people/augustus
http://www.zhihu.com/people/ji-de-wei
http://www.zhihu.com/people/caozhen
http://www.zhihu.com/people/fredpata
http://www.zhihu.com/people/e-beetle
http://www.zhihu.com/people/xin-yong-jie
http://www.zhihu.com/people/aileen-74
http://www.zhihu.com/people/hejinchi
http://www.zhihu.com/people/gerui
http://www.zhihu.com/people/dr-satyr
http://www.zhihu.com/people/sun-zhong-hao
http://www.zhihu.com/people/ying-nian-zao-fei
http://www.zhihu.com/people/niujiachen
http://www.zhihu.com/people/gao-yao-hui
http://www.zhihu.com/people/wang-xu-39-58
http://www.zhihu.com/people/jacob-52
http://www.zhihu.com/people/xiyu
http://www.zhihu.com/people/chesanqi
http://www.zhihu.com/people/raymond-wang
http://www.zhihu.com/people/chen-yun-70
http://www.zhihu.com/people/a-du
http://www.zhihu.com/people/chenruihong
http://www.zhihu.com/people/Spinnist
http://www.zhihu.com/people/jiang-tao-38
http://www.zhihu.com/people/emiledai
http://www.zhihu.com/people/feng-dong
http://www.zhihu.com/people/lu-ding
http://www.zhihu.com/people/wmichelle
http://www.zhihu.com/people/zhou-zhen-xiao
http://www.zhihu.com/people/duan-xiao-bo
http://www.zhihu.com/people/chen-qing-33
http://www.zhihu.com/people/gao-hua-6
http://www.zhihu.com/people/pengvv
http://www.zhihu.com/people/wei-ji-hong
http://www.zhihu.com/people/wu-ling-chen
http://www.zhihu.com/people/li-ming-81
http://www.zhihu.com/people/idealtimes
http://www.zhihu.com/people/chen-ping-49
http://www.zhihu.com/people/haoren
http://www.zhihu.com/people/sunny-28-46
http://www.zhihu.com/people/liu-min-jie
http://www.zhihu.com/people/he-shan-33
http://www.zhihu.com/people/li-shi-93
http://www.zhihu.com/people/bangkok3
http://www.zhihu.com/people/wangyunfei
http://www.zhihu.com/people/elk-68
http://www.zhihu.com/people/shi-tou-23
http://www.zhihu.com/people/jerry-hu
http://www.zhihu.com/people/zhengjp600
http://www.zhihu.com/people/wei-wei-78
http://www.zhihu.com/people/cy-51
http://www.zhihu.com/people/zan-dong
http://www.zhihu.com/people/xliberty
http://www.zhihu.com/people/zhou-yong-liang
http://www.zhihu.com/people/bi-ya
http://www.zhihu.com/people/zhang-san-fan
http://www.zhihu.com/people/osiris-wind
http://www.zhihu.com/people/JeOam
http://www.zhihu.com/people/yu-wen-qi
http://www.zhihu.com/people/wu-da
http://www.zhihu.com/people/fang-yuan
http://www.zhihu.com/people/langqixu
http://www.zhihu.com/people/zxb888
http://www.zhihu.com/people/michael-10-3
http://www.zhihu.com/people/zhang-lin-zhi007
http://www.zhihu.com/people/cowcomic
http://www.zhihu.com/people/happyface
http://www.zhihu.com/people/Nephele
http://www.zhihu.com/people/wang-jie-92-52
http://www.zhihu.com/people/wu-xiao-dong-6
http://www.zhihu.com/people/li-geng
http://www.zhihu.com/people/gumyam
http://www.zhihu.com/people/alfredC
http://www.zhihu.com/people/noe132
http://www.zhihu.com/people/oulove
http://www.zhihu.com/people/hao-bing
http://www.zhihu.com/people/xiao-yao-20
http://www.zhihu.com/people/lukechen
http://www.zhihu.com/people/wang-jing-72
http://www.zhihu.com/people/you-yang
http://www.zhihu.com/people/li-jun-xiang
http://www.zhihu.com/people/dong-feng-cui
http://www.zhihu.com/people/gukr001
http://www.zhihu.com/people/fred-lin-6
http://www.zhihu.com/people/fruitfact
http://www.zhihu.com/people/jillian
http://www.zhihu.com/people/li-nan-77
http://www.zhihu.com/people/fei-yang-48
http://www.zhihu.com/people/xin-wei-50
http://www.zhihu.com/people/wang-jian-29-22
http://www.zhihu.com/people/kingsoon
http://www.zhihu.com/people/dawenci
http://www.zhihu.com/people/tansuo19
http://www.zhihu.com/people/ryokokoro
http://www.zhihu.com/people/epsilon
http://www.zhihu.com/people/lou-da-jing
http://www.zhihu.com/people/lihua
http://www.zhihu.com/people/chen-ji-88
http://www.zhihu.com/people/trance-92
http://www.zhihu.com/people/houhuan1006
http://www.zhihu.com/people/colin314
http://www.zhihu.com/people/wei-shu-fa
http://www.zhihu.com/people/qiyizhi
http://www.zhihu.com/people/picspin
http://www.zhihu.com/people/deanlee
http://www.zhihu.com/people/nanj
http://www.zhihu.com/people/liu-di-91
http://www.zhihu.com/people/devilazy
http://www.zhihu.com/people/yeung
http://www.zhihu.com/people/chenghehe321
http://www.zhihu.com/people/su-hui-54
http://www.zhihu.com/people/liu-yun-tao
http://www.zhihu.com/people/wang-li-bing
http://www.zhihu.com/people/li-pei-zhe
http://www.zhihu.com/people/li-bao-hua
http://www.zhihu.com/people/demomo
http://www.zhihu.com/people/wang-sheng-9
http://www.zhihu.com/people/lin-songyin
http://www.zhihu.com/people/deng-yun-20
http://www.zhihu.com/people/wu-xu-feng-67
http://www.zhihu.com/people/linklion
http://www.zhihu.com/people/yangyuehao1616
http://www.zhihu.com/people/rong-yao
http://www.zhihu.com/people/vanvanyou
http://www.zhihu.com/people/you-yang-guang-de-zao-chen
http://www.zhihu.com/people/xu-lei-97-56
http://www.zhihu.com/people/jacquesdon
http://www.zhihu.com/people/yang-rui-an
http://www.zhihu.com/people/aurora-l
http://www.zhihu.com/people/smilenet
http://www.zhihu.com/people/guanlingyu
http://www.zhihu.com/people/huaijin
http://www.zhihu.com/people/itansy
http://www.zhihu.com/people/zhou-ping-62
http://www.zhihu.com/people/keyearth
http://www.zhihu.com/people/wang-meng-28-37
http://www.zhihu.com/people/dynamicstream
http://www.zhihu.com/people/onono
http://www.zhihu.com/people/dreamtale
http://www.zhihu.com/people/allan-sun
http://www.zhihu.com/people/zhang-jun-46
http://www.zhihu.com/people/doginwind
http://www.zhihu.com/people/jixin
http://www.zhihu.com/people/wang-jing-jing-66-60
http://www.zhihu.com/people/dqange
http://www.zhihu.com/people/liu-chao-4
http://www.zhihu.com/people/li-zhan
http://www.zhihu.com/people/calvin-niu
http://www.zhihu.com/people/wang-yifei
http://www.zhihu.com/people/gjingran
http://www.zhihu.com/people/yan-dan-ling
http://www.zhihu.com/people/bobsue
http://www.zhihu.com/people/guan-wen-ming
http://www.zhihu.com/people/zhouxiaoqin
http://www.zhihu.com/people/wang-da-yu
http://www.zhihu.com/people/zhang-liang-mao
http://www.zhihu.com/people/onduty
http://www.zhihu.com/people/worldsy
http://www.zhihu.com/people/byzhaohuan
http://www.zhihu.com/people/qi-fan
http://www.zhihu.com/people/wang-li-kun
http://www.zhihu.com/people/idzhuang
http://www.zhihu.com/people/hangyu
http://www.zhihu.com/people/liu-lin-45
http://www.zhihu.com/people/kai-duan-91
http://www.zhihu.com/people/zhengcy
http://www.zhihu.com/people/zhangjianbo
http://www.zhihu.com/people/mency89
http://www.zhihu.com/people/zhou-li-peng
http://www.zhihu.com/people/du-yong-long
http://www.zhihu.com/people/suckitup
http://www.zhihu.com/people/sprone
http://www.zhihu.com/people/zhang-quan-14
http://www.zhihu.com/people/nuo-fu
http://www.zhihu.com/people/tanxu
http://www.zhihu.com/people/luo-zhi-ren
http://www.zhihu.com/people/xing-xiao-long
http://www.zhihu.com/people/lzxiaoning
http://www.zhihu.com/people/li-man-6-25
http://www.zhihu.com/people/sabrina-71
http://www.zhihu.com/people/zhangsimon
http://www.zhihu.com/people/fifthworld
http://www.zhihu.com/people/feng-yu-yi
http://www.zhihu.com/people/wang-wei-60-55
http://www.zhihu.com/people/wu-chuan-hua
http://www.zhihu.com/people/tang-xiao-feng
http://www.zhihu.com/people/hu-tian-yi
http://www.zhihu.com/people/lisedong
http://www.zhihu.com/people/zeng-sheng-sui
http://www.zhihu.com/people/chenyixun
http://www.zhihu.com/people/woiwei
http://www.zhihu.com/people/ho_hago
http://www.zhihu.com/people/zhou-wei-70
http://www.zhihu.com/people/duan-zi-jie
http://www.zhihu.com/people/prodi
http://www.zhihu.com/people/BizModel
http://www.zhihu.com/people/fusong
http://www.zhihu.com/people/ma-cen
http://www.zhihu.com/people/qiu-feng
http://www.zhihu.com/people/qi-qian-qian
http://www.zhihu.com/people/loolac
http://www.zhihu.com/people/Elizen
http://www.zhihu.com/people/liu-da-chun-68
http://www.zhihu.com/people/fanyaohua
http://www.zhihu.com/people/diego1990
http://www.zhihu.com/people/luchenhwa
http://www.zhihu.com/people/ma-yun-zheng
http://www.zhihu.com/people/wang-teng-yue
http://www.zhihu.com/people/dilfish
http://www.zhihu.com/people/lu-jun-7-67
http://www.zhihu.com/people/cheng-zhen
http://www.zhihu.com/people/alex-wang-39
http://www.zhihu.com/people/li-bo-82
http://www.zhihu.com/people/gaohao
http://www.zhihu.com/people/rajowang
http://www.zhihu.com/people/yang-min-53
http://www.zhihu.com/people/zhang-de-rong
http://www.zhihu.com/people/ClutchBear
http://www.zhihu.com/people/fairy1009
http://www.zhihu.com/people/mxturing
http://www.zhihu.com/people/chuwentao
http://www.zhihu.com/people/puyun
http://www.zhihu.com/people/guoq
http://www.zhihu.com/people/sulizao
http://www.zhihu.com/people/zemy
http://www.zhihu.com/people/alexander-r
http://www.zhihu.com/people/yu-ting
http://www.zhihu.com/people/luolong
http://www.zhihu.com/people/wangbohan
http://www.zhihu.com/people/laintheal
http://www.zhihu.com/people/kimyle
http://www.zhihu.com/people/Ataraxia002
http://www.zhihu.com/people/wang-you-51
http://www.zhihu.com/people/lao-shi-jing
http://www.zhihu.com/people/yangxiao
http://www.zhihu.com/people/tangzl
http://www.zhihu.com/people/chang-qing-quan
http://www.zhihu.com/people/dong-meng-lu
http://www.zhihu.com/people/shafreeck
http://www.zhihu.com/people/wei-guan-dong
http://www.zhihu.com/people/yan-xue-fei
http://www.zhihu.com/people/HePong
http://www.zhihu.com/people/zouyu
http://www.zhihu.com/people/jasonshoong
http://www.zhihu.com/people/learning
http://www.zhihu.com/people/nicholas_y
http://www.zhihu.com/people/lippia
http://www.zhihu.com/people/qiu-yi-xin
http://www.zhihu.com/people/li-ming-fei
http://www.zhihu.com/people/kirin
http://www.zhihu.com/people/LAOGUDONG
http://www.zhihu.com/people/chengyixiao
http://www.zhihu.com/people/sunboxuan
http://www.zhihu.com/people/yangtwotwo
http://www.zhihu.com/people/fuyu89
http://www.zhihu.com/people/eyhl
http://www.zhihu.com/people/filestorm
http://www.zhihu.com/people/yougalin
http://www.zhihu.com/people/lovefcb
http://www.zhihu.com/people/yangxi
http://www.zhihu.com/people/joetail
http://www.zhihu.com/people/mostlyharmful
http://www.zhihu.com/people/chen-yi-chong
http://www.zhihu.com/people/bigeast
http://www.zhihu.com/people/gino
http://www.zhihu.com/people/wwsi
http://www.zhihu.com/people/yliang
http://www.zhihu.com/people/zheng-xiao-qiang-6
http://www.zhihu.com/people/gu-fo
http://www.zhihu.com/people/flyingray
http://www.zhihu.com/people/cici
http://www.zhihu.com/people/hongye
http://www.zhihu.com/people/jing-lei
http://www.zhihu.com/people/li-miao-9
http://www.zhihu.com/people/zhushaojun
http://www.zhihu.com/people/cong
http://www.zhihu.com/people/chaosong
http://www.zhihu.com/people/yyxz007
http://www.zhihu.com/people/naituida
http://www.zhihu.com/people/traveler
http://www.zhihu.com/people/huai-dan
http://www.zhihu.com/people/bit_kevin
http://www.zhihu.com/people/wei-sheng-79
http://www.zhihu.com/people/xu-xiao-62
http://www.zhihu.com/people/yu-ming-gu-wen-chen-tao
http://www.zhihu.com/people/onlyice
http://www.zhihu.com/people/sunset
http://www.zhihu.com/people/ringo
http://www.zhihu.com/people/panchito
http://www.zhihu.com/people/renmiss
http://www.zhihu.com/people/yanxinyou
http://www.zhihu.com/people/hxddh
http://www.zhihu.com/people/hylok
http://www.zhihu.com/people/grep
http://www.zhihu.com/people/zodiac207
http://www.zhihu.com/people/yixingtianxia
http://www.zhihu.com/people/TheChyi
http://www.zhihu.com/people/ifree0
http://www.zhihu.com/people/ma-lu-26
http://www.zhihu.com/people/zuohaocheng
http://www.zhihu.com/people/chengyuan
http://www.zhihu.com/people/fangliang
http://www.zhihu.com/people/annika
http://www.zhihu.com/people/tswang
http://www.zhihu.com/people/hu-guo-hua
http://www.zhihu.com/people/jian-he-ying
http://www.zhihu.com/people/kuqin
http://www.zhihu.com/people/okay
http://www.zhihu.com/people/neaton
http://www.zhihu.com/people/hina
http://www.zhihu.com/people/wind
http://www.zhihu.com/people/xuhan
