http://www.zhihu.com/people/wayne-tong
http://www.zhihu.com/people/zhihu_lxl
http://www.zhihu.com/people/gong-zheng-xuan
http://www.zhihu.com/people/subi
http://www.zhihu.com/people/wang-bu-er-96
http://www.zhihu.com/people/jerryjazzy
http://www.zhihu.com/people/shu-yun-36
http://www.zhihu.com/people/kehao
http://www.zhihu.com/people/yin-qi-dong
http://www.zhihu.com/people/fang-xing-nan-91
http://www.zhihu.com/people/vviv
http://www.zhihu.com/people/deng-kang-er
http://www.zhihu.com/people/su-7ren
http://www.zhihu.com/people/neil-35-70
http://www.zhihu.com/people/nicole-cb
http://www.zhihu.com/people/Unknownable
http://www.zhihu.com/people/ma-ping-chuan-13
http://www.zhihu.com/people/oulove
http://www.zhihu.com/people/liu-ya-kun-1
http://www.zhihu.com/people/heaven_000
http://www.zhihu.com/people/whodunnit
http://www.zhihu.com/people/zuimai
http://www.zhihu.com/people/xiao-chu
http://www.zhihu.com/people/liu-shuai-ernest
http://www.zhihu.com/people/AirS
http://www.zhihu.com/people/wang-dou-dou-2
http://www.zhihu.com/people/kiwiiii
http://www.zhihu.com/people/la-la-ba-xi-lie
http://www.zhihu.com/people/dong-jia-bin
http://www.zhihu.com/people/chen-fan-63
http://www.zhihu.com/people/loadin
http://www.zhihu.com/people/yun-xia-74
http://www.zhihu.com/people/pSyk
http://www.zhihu.com/people/lordifeng
http://www.zhihu.com/people/violor
http://www.zhihu.com/people/jaxical
http://www.zhihu.com/people/pandaguo
http://www.zhihu.com/people/imajin
http://www.zhihu.com/people/sisi05
http://www.zhihu.com/people/sellsoda
http://www.zhihu.com/people/anna-5-88
http://www.zhihu.com/people/tan-ri-tian
http://www.zhihu.com/people/shabby
http://www.zhihu.com/people/milkr
http://www.zhihu.com/people/ai-tian-ya-82
http://www.zhihu.com/people/he-yuan-sheng
http://www.zhihu.com/people/longyige
http://www.zhihu.com/people/dong-chui-chui
http://www.zhihu.com/people/Dabbler
http://www.zhihu.com/people/qi-xuan
http://www.zhihu.com/people/kiwee
http://www.zhihu.com/people/xi-yun-77
http://www.zhihu.com/people/cang-mang-6
http://www.zhihu.com/people/alohaschen
http://www.zhihu.com/people/amos-9
http://www.zhihu.com/people/2gouzi
http://www.zhihu.com/people/candyyu
http://www.zhihu.com/people/GilgameshK
http://www.zhihu.com/people/lu-gui-chen-26
http://www.zhihu.com/people/yi-lin515
http://www.zhihu.com/people/carrie-is-on
http://www.zhihu.com/people/sanqiangz
http://www.zhihu.com/people/jonson-fang
http://www.zhihu.com/people/xie-wen-di
http://www.zhihu.com/people/peng-hui-32
http://www.zhihu.com/people/caomidanwei
http://www.zhihu.com/people/wangbohan
http://www.zhihu.com/people/moski-ivan
http://www.zhihu.com/people/huang-wan-qing-66
http://www.zhihu.com/people/susus
http://www.zhihu.com/people/zhu-bo-tao
http://www.zhihu.com/people/celery
http://www.zhihu.com/people/sa-dan-73
http://www.zhihu.com/people/_zhao_xu_
http://www.zhihu.com/people/yang-shu-lin
http://www.zhihu.com/people/000088
http://www.zhihu.com/people/zhuo-zhi-ying
http://www.zhihu.com/people/iyucci
http://www.zhihu.com/people/cheng-xing-ping
http://www.zhihu.com/people/cheng-fang-hang
http://www.zhihu.com/people/leepengbo
http://www.zhihu.com/people/alexzhan
http://www.zhihu.com/people/techoxygen
http://www.zhihu.com/people/shelockcrc
http://www.zhihu.com/people/mutu
http://www.zhihu.com/people/liu-gao-yuan
http://www.zhihu.com/people/tuo-er
http://www.zhihu.com/people/surexuan
http://www.zhihu.com/people/dong-xin-bo
http://www.zhihu.com/people/zhang-yiliu
http://www.zhihu.com/people/velox
http://www.zhihu.com/people/ou-yang-27
http://www.zhihu.com/people/steve-65
http://www.zhihu.com/people/ai-jia-yuan
http://www.zhihu.com/people/memento-mori
http://www.zhihu.com/people/jaysowen
http://www.zhihu.com/people/suodi
http://www.zhihu.com/people/zhang-ai-fei
http://www.zhihu.com/people/liu-bo-07-10
http://www.zhihu.com/people/zhuyawen
http://www.zhihu.com/people/merlin-47
http://www.zhihu.com/people/hong-wei-96
http://www.zhihu.com/people/yesmyloard
http://www.zhihu.com/people/vincexie
http://www.zhihu.com/people/zhao-rui-yang
http://www.zhihu.com/people/jeff_lee
http://www.zhihu.com/people/solib
http://www.zhihu.com/people/feng-hong-liang
http://www.zhihu.com/people/gao-liang-62
http://www.zhihu.com/people/detwin
http://www.zhihu.com/people/zhou-zuo
http://www.zhihu.com/people/tao-tie-32
http://www.zhihu.com/people/niuniu
http://www.zhihu.com/people/wei-yang-88
http://www.zhihu.com/people/Paitanapilahmima
http://www.zhihu.com/people/hou-run-tian
http://www.zhihu.com/people/huanghuihui1991
http://www.zhihu.com/people/wang-jie-25
http://www.zhihu.com/people/ge-hui
http://www.zhihu.com/people/an-zhi-25
http://www.zhihu.com/people/miss-Lindt
http://www.zhihu.com/people/greyopps
http://www.zhihu.com/people/xu-yu-xiang-74
http://www.zhihu.com/people/nicolezhu
http://www.zhihu.com/people/yshone
http://www.zhihu.com/people/forrest-jing
http://www.zhihu.com/people/xiaoxiao
http://www.zhihu.com/people/yu-hai-86
http://www.zhihu.com/people/liu-yang-26-48
http://www.zhihu.com/people/han-xiao-peng
http://www.zhihu.com/people/po-dai
http://www.zhihu.com/people/fu-jia-qi
http://www.zhihu.com/people/li-jian-peng-68
http://www.zhihu.com/people/lanisle
http://www.zhihu.com/people/recalling
http://www.zhihu.com/people/bu-xiao-de-21
http://www.zhihu.com/people/wang-jing-29-44
http://www.zhihu.com/people/imusiq
http://www.zhihu.com/people/juelu
http://www.zhihu.com/people/zhang-wei-zhong
http://www.zhihu.com/people/wang-mu-yu-44
http://www.zhihu.com/people/li-jia-yuan-70
http://www.zhihu.com/people/xu-zi-ang-27
http://www.zhihu.com/people/Victorique
http://www.zhihu.com/people/dzsftbh
http://www.zhihu.com/people/loo2k
http://www.zhihu.com/people/rooockyang
http://www.zhihu.com/people/wezzard
http://www.zhihu.com/people/song-jia-50
http://www.zhihu.com/people/xiangyongkong
http://www.zhihu.com/people/bai-zhe
http://www.zhihu.com/people/chen-xin-hong-85
http://www.zhihu.com/people/oliverxu
http://www.zhihu.com/people/yin-xiao-bo-11
http://www.zhihu.com/people/xuyankang
http://www.zhihu.com/people/ruanzhijun
http://www.zhihu.com/people/sun-chang-he
http://www.zhihu.com/people/cactuspillow
http://www.zhihu.com/people/mmyww
http://www.zhihu.com/people/parkgrass
http://www.zhihu.com/people/sheenshuay
http://www.zhihu.com/people/zhou-lang
http://www.zhihu.com/people/zhou-shu-de
http://www.zhihu.com/people/gao-da-li
http://www.zhihu.com/people/treebeliever
http://www.zhihu.com/people/jasonshaw
http://www.zhihu.com/people/Libertasss
http://www.zhihu.com/people/hu-bing-67
http://www.zhihu.com/people/aerome
http://www.zhihu.com/people/hu-xuan-xuan-96
http://www.zhihu.com/people/linwang
http://www.zhihu.com/people/liu-bu-ming
http://www.zhihu.com/people/zhan-qiu-feng
http://www.zhihu.com/people/mo0o0fsjmf0icbi
http://www.zhihu.com/people/qiyongwong
http://www.zhihu.com/people/sometimes-61
http://www.zhihu.com/people/kangfei
http://www.zhihu.com/people/rojay
http://www.zhihu.com/people/flyxuyi
http://www.zhihu.com/people/chang-si-jie
http://www.zhihu.com/people/peach
http://www.zhihu.com/people/zengjiajun
http://www.zhihu.com/people/chouthen
http://www.zhihu.com/people/sun-yuanjing
http://www.zhihu.com/people/seventeen
http://www.zhihu.com/people/aqag
http://www.zhihu.com/people/iphone5
http://www.zhihu.com/people/ai-chen-34
http://www.zhihu.com/people/li-ming-22-90
http://www.zhihu.com/people/wu-wei-96-47
http://www.zhihu.com/people/psjay
http://www.zhihu.com/people/nie-yu-23
http://www.zhihu.com/people/wu-sheng-ming
http://www.zhihu.com/people/lin-fan-63-96
http://www.zhihu.com/people/zhao-zi-hua
http://www.zhihu.com/people/yaokaige
http://www.zhihu.com/people/shenyou354
http://www.zhihu.com/people/buadlh
http://www.zhihu.com/people/wang-jian-jun1989
http://www.zhihu.com/people/hei-gua-niu
http://www.zhihu.com/people/yi-dan
http://www.zhihu.com/people/huntor
http://www.zhihu.com/people/zhu-jun-qiang
http://www.zhihu.com/people/shan-hong
http://www.zhihu.com/people/xuxun
http://www.zhihu.com/people/xin-xiao-xiang
http://www.zhihu.com/people/caodelei
http://www.zhihu.com/people/yskin
http://www.zhihu.com/people/zhang-pei-long-99
http://www.zhihu.com/people/3asic
http://www.zhihu.com/people/qiibeta
http://www.zhihu.com/people/tu-cha-zi
http://www.zhihu.com/people/bu-zhi-xian-sheng-78
http://www.zhihu.com/people/su-xiao-___
http://www.zhihu.com/people/Yanquan_Shi
http://www.zhihu.com/people/park
http://www.zhihu.com/people/twiispa
http://www.zhihu.com/people/edyfox
http://www.zhihu.com/people/chen-yi-chong
http://www.zhihu.com/people/dongxi8
http://www.zhihu.com/people/jin-zheng
http://www.zhihu.com/people/ohlife
http://www.zhihu.com/people/twph
http://www.zhihu.com/people/tao-ye-87
http://www.zhihu.com/people/ma-nong-64
http://www.zhihu.com/people/windripple
http://www.zhihu.com/people/wu-xiao-sheng
http://www.zhihu.com/people/wei-hua-zhen
http://www.zhihu.com/people/manday
http://www.zhihu.com/people/howietsui
http://www.zhihu.com/people/hlhl
http://www.zhihu.com/people/vector-x
http://www.zhihu.com/people/dewsong
http://www.zhihu.com/people/jian-xing
http://www.zhihu.com/people/chen-yang-53
http://www.zhihu.com/people/chen-peng-cheng-23
http://www.zhihu.com/people/futrace
http://www.zhihu.com/people/alucard
http://www.zhihu.com/people/wei-wei-12-68
http://www.zhihu.com/people/ssnau
http://www.zhihu.com/people/JoeyWzx
http://www.zhihu.com/people/wu-zi-rong
http://www.zhihu.com/people/parsley
http://www.zhihu.com/people/weevil
http://www.zhihu.com/people/ma-xiao-24
http://www.zhihu.com/people/IrfanStyle
http://www.zhihu.com/people/tmkook
http://www.zhihu.com/people/li-bin-19
http://www.zhihu.com/people/zhangjoshua
http://www.zhihu.com/people/itsnotyangjing
http://www.zhihu.com/people/huang-guan-hao
http://www.zhihu.com/people/dingge
http://www.zhihu.com/people/yang-jia-yao
http://www.zhihu.com/people/yning
http://www.zhihu.com/people/niu-zi-jian
http://www.zhihu.com/people/wang-lei-52
http://www.zhihu.com/people/gao-shan-liu-jiong
http://www.zhihu.com/people/luoxr
http://www.zhihu.com/people/namiheike
http://www.zhihu.com/people/ma-tian-yi
http://www.zhihu.com/people/zhang-de-rong
http://www.zhihu.com/people/yang-yi-9-51
http://www.zhihu.com/people/major7ken
http://www.zhihu.com/people/flitpend
http://www.zhihu.com/people/rollenholt
http://www.zhihu.com/people/yao-wang-67
http://www.zhihu.com/people/luo-zhi-ren
http://www.zhihu.com/people/knightshady
http://www.zhihu.com/people/jixin
http://www.zhihu.com/people/icat
http://www.zhihu.com/people/augustus
http://www.zhihu.com/people/lu-yi-lin
http://www.zhihu.com/people/liu-cheng-yin-50
http://www.zhihu.com/people/qiao-bang
http://www.zhihu.com/people/gao-lei-2
http://www.zhihu.com/people/unogzx
http://www.zhihu.com/people/emmalu
http://www.zhihu.com/people/ashmateinu
http://www.zhihu.com/people/cochiti
http://www.zhihu.com/people/yipkoonyui
http://www.zhihu.com/people/guo-da-lu-13
http://www.zhihu.com/people/shenbin
http://www.zhihu.com/people/zhuang-biao-wei
http://www.zhihu.com/people/shi-tou-23
http://www.zhihu.com/people/ma-li-fang
http://www.zhihu.com/people/huang-long-10
http://www.zhihu.com/people/yutou
http://www.zhihu.com/people/mapleiny
http://www.zhihu.com/people/alicesham
http://www.zhihu.com/people/lihua
http://www.zhihu.com/people/billhan
http://www.zhihu.com/people/mao-zhu
http://www.zhihu.com/people/zeng-zi-ying
http://www.zhihu.com/people/zheng-chen-xin
http://www.zhihu.com/people/tiziana
http://www.zhihu.com/people/my_lch
http://www.zhihu.com/people/oldmeng
http://www.zhihu.com/people/esperanza
http://www.zhihu.com/people/li-qing-fang
http://www.zhihu.com/people/you-miao
http://www.zhihu.com/people/zhen-ni-53
http://www.zhihu.com/people/li-ling-10
http://www.zhihu.com/people/chen-yu-ping-10
http://www.zhihu.com/people/zou-ming-yu
http://www.zhihu.com/people/checkking
http://www.zhihu.com/people/houxiyang
http://www.zhihu.com/people/hitjuly
http://www.zhihu.com/people/folkyou
http://www.zhihu.com/people/tusiji
http://www.zhihu.com/people/zhang-xiao-yue-27
http://www.zhihu.com/people/lu-wei-qiang
http://www.zhihu.com/people/zlxlucy
http://www.zhihu.com/people/netsos
http://www.zhihu.com/people/littlecup
http://www.zhihu.com/people/mogudee
http://www.zhihu.com/people/keshaoqin
http://www.zhihu.com/people/yuan-jun-53
http://www.zhihu.com/people/xu-meng-yang
http://www.zhihu.com/people/AirBlue
http://www.zhihu.com/people/hulihao
http://www.zhihu.com/people/ihacku
http://www.zhihu.com/people/tansuo19
http://www.zhihu.com/people/lin--25
http://www.zhihu.com/people/halu-98
http://www.zhihu.com/people/ban-xiao-zhuan
http://www.zhihu.com/people/ycflame
http://www.zhihu.com/people/eddiewithyou
http://www.zhihu.com/people/liang-xiao-an
http://www.zhihu.com/people/lvfei
http://www.zhihu.com/people/ppphoenixhai-peng-x
http://www.zhihu.com/people/liu-hui-72
http://www.zhihu.com/people/allsaying
http://www.zhihu.com/people/weijijiyu
http://www.zhihu.com/people/yi-xiao-fan
http://www.zhihu.com/people/dong-fei
http://www.zhihu.com/people/e-xiu-ping
http://www.zhihu.com/people/cupoftea
http://www.zhihu.com/people/he-bin-34
http://www.zhihu.com/people/melaniening
http://www.zhihu.com/people/cklover
http://www.zhihu.com/people/bao-zou
http://www.zhihu.com/people/chen-jie-79
http://www.zhihu.com/people/zaiyiqi
http://www.zhihu.com/people/nanamint
http://www.zhihu.com/people/choy
http://www.zhihu.com/people/elementx
http://www.zhihu.com/people/wang-ji-jun
http://www.zhihu.com/people/qin-lu
http://www.zhihu.com/people/huangdx
http://www.zhihu.com/people/inchan
http://www.zhihu.com/people/VegasWang
http://www.zhihu.com/people/coraguo
http://www.zhihu.com/people/wu-da
http://www.zhihu.com/people/guqin
http://www.zhihu.com/people/ancle
http://www.zhihu.com/people/zhu-wen
http://www.zhihu.com/people/yao-xing-guang
http://www.zhihu.com/people/puyun
http://www.zhihu.com/people/gaoguojun
http://www.zhihu.com/people/liu-hong-wei-31
http://www.zhihu.com/people/tfan
http://www.zhihu.com/people/liuxiaobao
http://www.zhihu.com/people/jingya
http://www.zhihu.com/people/davyzhong
http://www.zhihu.com/people/chenran
http://www.zhihu.com/people/zhu-jia-zhuang
http://www.zhihu.com/people/a-jian-79
http://www.zhihu.com/people/ma-ke-14
http://www.zhihu.com/people/inroading
http://www.zhihu.com/people/yankee
http://www.zhihu.com/people/wangfang010
http://www.zhihu.com/people/baal
http://www.zhihu.com/people/airbai
http://www.zhihu.com/people/tiezhen
http://www.zhihu.com/people/derekliu
http://www.zhihu.com/people/zi-mu-yoyo
http://www.zhihu.com/people/zhangsimon
http://www.zhihu.com/people/ultramanhu
http://www.zhihu.com/people/whitekatana
http://www.zhihu.com/people/chen-xiao-mei
http://www.zhihu.com/people/qiu-hui
http://www.zhihu.com/people/julysuna
http://www.zhihu.com/people/wu-zhi-peng-48
http://www.zhihu.com/people/wei-tao-3-17
http://www.zhihu.com/people/stoggy
http://www.zhihu.com/people/veightz
http://www.zhihu.com/people/su7ao
http://www.zhihu.com/people/laomian
http://www.zhihu.com/people/tan-li-9800
http://www.zhihu.com/people/xu-ming-xi
http://www.zhihu.com/people/zhao-yun-fei-29
http://www.zhihu.com/people/xuechengxi
http://www.zhihu.com/people/sosoloveslife
http://www.zhihu.com/people/even-s-13
http://www.zhihu.com/people/esri
http://www.zhihu.com/people/wang-li-ju
http://www.zhihu.com/people/vivianhu
http://www.zhihu.com/people/elephant-owl
http://www.zhihu.com/people/elmo
http://www.zhihu.com/people/cy-51
http://www.zhihu.com/people/xidea
http://www.zhihu.com/people/gao-sai-jie
http://www.zhihu.com/people/will-37
http://www.zhihu.com/people/fanyi
http://www.zhihu.com/people/xu-mao-long
http://www.zhihu.com/people/lihaoqiang
http://www.zhihu.com/people/wei-sheng-79
http://www.zhihu.com/people/zhangta
http://www.zhihu.com/people/lianghai
http://www.zhihu.com/people/mikema
http://www.zhihu.com/people/guo-yu
http://www.zhihu.com/people/cathyxie
http://www.zhihu.com/people/chen-ruo-peng
http://www.zhihu.com/people/chengyuan
http://www.zhihu.com/people/JeOam
http://www.zhihu.com/people/superwyh
http://www.zhihu.com/people/yanshar
http://www.zhihu.com/people/gino
http://www.zhihu.com/people/pumpkinmage
http://www.zhihu.com/people/zombie
http://www.zhihu.com/people/Jerk
http://www.zhihu.com/people/zhangle42
http://www.zhihu.com/people/holmeson
http://www.zhihu.com/people/ideastorm
http://www.zhihu.com/people/xu-tu-zi
http://www.zhihu.com/people/marsable
http://www.zhihu.com/people/wei-liang-32
http://www.zhihu.com/people/uedreamer
http://www.zhihu.com/people/houwa
http://www.zhihu.com/people/wang-li-qun-1976
http://www.zhihu.com/people/yang-bo-sen
http://www.zhihu.com/people/pywahaha
http://www.zhihu.com/people/kings-90
http://www.zhihu.com/people/yangyuan
http://www.zhihu.com/people/qiqige-19-89
http://www.zhihu.com/people/zhao-min
http://www.zhihu.com/people/lu-ze-liang
http://www.zhihu.com/people/liu-chan-yuan
http://www.zhihu.com/people/bao-ya-yong
http://www.zhihu.com/people/luoxiaoju
http://www.zhihu.com/people/binzhe
http://www.zhihu.com/people/loveyu
http://www.zhihu.com/people/wangweizhe
http://www.zhihu.com/people/mirrkoliu
http://www.zhihu.com/people/feng-xin-98
http://www.zhihu.com/people/li-bai-19
http://www.zhihu.com/people/kingcj
http://www.zhihu.com/people/dummypx.com
http://www.zhihu.com/people/juzicallee
http://www.zhihu.com/people/chanpinjingli
http://www.zhihu.com/people/Jeneya
http://www.zhihu.com/people/sunyan0723
http://www.zhihu.com/people/ywzgb
http://www.zhihu.com/people/huang-tao-43
http://www.zhihu.com/people/thomasluo
http://www.zhihu.com/people/worda
http://www.zhihu.com/people/Yiqueen
http://www.zhihu.com/people/zeng-xi-xi
http://www.zhihu.com/people/nixy
http://www.zhihu.com/people/guchen
http://www.zhihu.com/people/angelina
http://www.zhihu.com/people/chen-ming-can
http://www.zhihu.com/people/wang-ying-12
http://www.zhihu.com/people/zhengjny
http://www.zhihu.com/people/riverwq
http://www.zhihu.com/people/rabbitgod
http://www.zhihu.com/people/holys
http://www.zhihu.com/people/zhenghuiwen
http://www.zhihu.com/people/benwin
http://www.zhihu.com/people/fan-cheng-da
http://www.zhihu.com/people/wang-hai-bo-45
http://www.zhihu.com/people/beatbox
http://www.zhihu.com/people/wang-qiang-4
http://www.zhihu.com/people/guanxin8977
http://www.zhihu.com/people/zhu-hui-lai
http://www.zhihu.com/people/iamdemi
http://www.zhihu.com/people/gregchen
http://www.zhihu.com/people/fu-yan-xin
http://www.zhihu.com/people/jasen
http://www.zhihu.com/people/moxi
http://www.zhihu.com/people/perfect007
http://www.zhihu.com/people/roamer
http://www.zhihu.com/people/jaxonxu
http://www.zhihu.com/people/terryyang
http://www.zhihu.com/people/shifu
http://www.zhihu.com/people/luo-yi-lin
http://www.zhihu.com/people/ashurxuan
http://www.zhihu.com/people/apin
http://www.zhihu.com/people/lydia-li
http://www.zhihu.com/people/daben
http://www.zhihu.com/people/xu-shan-shan-58
http://www.zhihu.com/people/sequence
http://www.zhihu.com/people/hui-zhu
http://www.zhihu.com/people/sun-qi-bin
http://www.zhihu.com/people/yish
http://www.zhihu.com/people/guo-guo-27
http://www.zhihu.com/people/xu-hao-ran-86
http://www.zhihu.com/people/sparrow
http://www.zhihu.com/people/afio
http://www.zhihu.com/people/wen-wen-ri
http://www.zhihu.com/people/uprit
http://www.zhihu.com/people/yudonghan
http://www.zhihu.com/people/taoqixiaopan
http://www.zhihu.com/people/chen-qiu-xuan
http://www.zhihu.com/people/ya-tou-jun-r
http://www.zhihu.com/people/tian-lei
http://www.zhihu.com/people/leoboy
http://www.zhihu.com/people/vict
http://www.zhihu.com/people/bomb-chen
http://www.zhihu.com/people/anyan
http://www.zhihu.com/people/chenruihong
http://www.zhihu.com/people/jason911
http://www.zhihu.com/people/muchen
http://www.zhihu.com/people/zhangxinxu
http://www.zhihu.com/people/gracelu
http://www.zhihu.com/people/li-qi-55
http://www.zhihu.com/people/huaqiangli
http://www.zhihu.com/people/nicole1900
http://www.zhihu.com/people/plzdonoevil
http://www.zhihu.com/people/kookoo
http://www.zhihu.com/people/zhan-jia
http://www.zhihu.com/people/vision
http://www.zhihu.com/people/tembohu
http://www.zhihu.com/people/ryans
http://www.zhihu.com/people/whiteorchid
http://www.zhihu.com/people/soleline
http://www.zhihu.com/people/rain-diao
http://www.zhihu.com/people/springparker
http://www.zhihu.com/people/chen-qing-18
http://www.zhihu.com/people/andrewxia
http://www.zhihu.com/people/Ataraxia002
http://www.zhihu.com/people/nicing
http://www.zhihu.com/people/leona
http://www.zhihu.com/people/yexh
http://www.zhihu.com/people/ding-cheng
http://www.zhihu.com/people/zhangchipapa
http://www.zhihu.com/people/eggzhao
http://www.zhihu.com/people/jiangyijing
http://www.zhihu.com/people/duran
http://www.zhihu.com/people/yaozhaoyz
http://www.zhihu.com/people/nihaiyu
http://www.zhihu.com/people/xswy
http://www.zhihu.com/people/zhangkai_ch
http://www.zhihu.com/people/xie-jiao
http://www.zhihu.com/people/zhao-yan-80
http://www.zhihu.com/people/c8h10n4o2
http://www.zhihu.com/people/tortorse
http://www.zhihu.com/people/xiatao
http://www.zhihu.com/people/icxm
http://www.zhihu.com/people/xu-kangli
http://www.zhihu.com/people/dorotoo
http://www.zhihu.com/people/aslan1
http://www.zhihu.com/people/chin
http://www.zhihu.com/people/feng-rou-zong
http://www.zhihu.com/people/livecn
http://www.zhihu.com/people/zfan
http://www.zhihu.com/people/abby122
http://www.zhihu.com/people/zhaoyang
http://www.zhihu.com/people/imqijun
http://www.zhihu.com/people/blessingear
http://www.zhihu.com/people/ke_ming
http://www.zhihu.com/people/chen-xiao-tu-66
http://www.zhihu.com/people/puloon
http://www.zhihu.com/people/cha-men-hu-de-xiao-bei-xin
http://www.zhihu.com/people/zlear
http://www.zhihu.com/people/wmichelle
http://www.zhihu.com/people/alswl
http://www.zhihu.com/people/kandaoliu
http://www.zhihu.com/people/buduo
http://www.zhihu.com/people/gong-jin-62
http://www.zhihu.com/people/niyan
http://www.zhihu.com/people/dexter
http://www.zhihu.com/people/tahe
http://www.zhihu.com/people/alonzotang
http://www.zhihu.com/people/hyace
http://www.zhihu.com/people/jobsfan
http://www.zhihu.com/people/demx
http://www.zhihu.com/people/neaton
http://www.zhihu.com/people/wangping
http://www.zhihu.com/people/inmay
http://www.zhihu.com/people/idemon
http://www.zhihu.com/people/huangqiuli
http://www.zhihu.com/people/qianjin
http://www.zhihu.com/people/amylv
http://www.zhihu.com/people/xie-xiao-yao
http://www.zhihu.com/people/stosion
http://www.zhihu.com/people/zhou-ying-57
http://www.zhihu.com/people/tutuyang
http://www.zhihu.com/people/huangyongtao
http://www.zhihu.com/people/kidcvs
http://www.zhihu.com/people/guo-jun
http://www.zhihu.com/people/tang-chen
http://www.zhihu.com/people/wind
http://www.zhihu.com/people/Jmax
http://www.zhihu.com/people/onlyswan
http://www.zhihu.com/people/chenfangyi
http://www.zhihu.com/people/zhangga
http://www.zhihu.com/people/quiver
http://www.zhihu.com/people/ma-zhi-zhou
http://www.zhihu.com/people/sophieued
http://www.zhihu.com/people/jin-lu-61
http://www.zhihu.com/people/blue
http://www.zhihu.com/people/jjying
