http://www.zhihu.com/people/gao-jing-14
http://www.zhihu.com/people/xulaohan
http://www.zhihu.com/people/swizar
http://www.zhihu.com/people/xujianpeng
http://www.zhihu.com/people/dai-si-ran
http://www.zhihu.com/people/pang-luan-luan
http://www.zhihu.com/people/wang-zhen-ya-94
http://www.zhihu.com/people/kui-en-64
http://www.zhihu.com/people/ding-tao-30
http://www.zhihu.com/people/ying-49
http://www.zhihu.com/people/ashej
http://www.zhihu.com/people/lin-lian-zi
http://www.zhihu.com/people/wang-yu-97-23
http://www.zhihu.com/people/zhou-qing-chang
http://www.zhihu.com/people/yin-shi-17-60
http://www.zhihu.com/people/echo-40-22
http://www.zhihu.com/people/vita-55
http://www.zhihu.com/people/yang-xin-53
http://www.zhihu.com/people/caoxiongfeng
http://www.zhihu.com/people/xu-ye-7-70
http://www.zhihu.com/people/fu-wei-xiang
http://www.zhihu.com/people/wu-hua-yu-68
http://www.zhihu.com/people/zhu-xiao-dong-55
http://www.zhihu.com/people/wen-huan-12
http://www.zhihu.com/people/chen-xiao-yong-92
http://www.zhihu.com/people/xiao-da-da-27
http://www.zhihu.com/people/he-luo-wu
http://www.zhihu.com/people/simixn
http://www.zhihu.com/people/shen-ya-nan-44
http://www.zhihu.com/people/ni-yang-99
http://www.zhihu.com/people/li-ping-fan-39
http://www.zhihu.com/people/zhang-kai-xu-95
http://www.zhihu.com/people/mu-xiao-juan
http://www.zhihu.com/people/moziju
http://www.zhihu.com/people/wu-zi-xuan-8
http://www.zhihu.com/people/liang-yi-44-78
http://www.zhihu.com/people/virideao
http://www.zhihu.com/people/wang-yilin-97
http://www.zhihu.com/people/li-pei-qing
http://www.zhihu.com/people/hu-rui-15
http://www.zhihu.com/people/li-shuang-er-94
http://www.zhihu.com/people/hang-yang-1412
http://www.zhihu.com/people/owenne
http://www.zhihu.com/people/qiao-ru-ma
http://www.zhihu.com/people/xierkaixi
http://www.zhihu.com/people/zizaixiaoxiong
http://www.zhihu.com/people/ayr1
http://www.zhihu.com/people/qing-cha-56
http://www.zhihu.com/people/bai-lang-67
http://www.zhihu.com/people/wang-li-zhuo-73
http://www.zhihu.com/people/zhangdoris
http://www.zhihu.com/people/ren-er-cheng
http://www.zhihu.com/people/gua-niu-98-92
http://www.zhihu.com/people/xia-yu-98-27
http://www.zhihu.com/people/liu-xiao-guai-89
http://www.zhihu.com/people/heaven_000
http://www.zhihu.com/people/lin-xin-hao-40
http://www.zhihu.com/people/mtoc
http://www.zhihu.com/people/bao-xia-ting
http://www.zhihu.com/people/chen-gang-3-1
http://www.zhihu.com/people/jiang-hong-xi-28
http://www.zhihu.com/people/horting
http://www.zhihu.com/people/jia-zhi-20
http://www.zhihu.com/people/CNOoo
http://www.zhihu.com/people/mu-xi-wen
http://www.zhihu.com/people/vanny
http://www.zhihu.com/people/aroundit
http://www.zhihu.com/people/wang-shi-lin
http://www.zhihu.com/people/lizy-green
http://www.zhihu.com/people/zhengrong
http://www.zhihu.com/people/chang-ge-96
http://www.zhihu.com/people/gao-gao-72
http://www.zhihu.com/people/liang-zhi-51-43
http://www.zhihu.com/people/kkkkkira
http://www.zhihu.com/people/tan-chun-lei
http://www.zhihu.com/people/partingsea
http://www.zhihu.com/people/yan-sheng-20-44
http://www.zhihu.com/people/qiao-dou
http://www.zhihu.com/people/kikima
http://www.zhihu.com/people/arnold-pei
http://www.zhihu.com/people/zanzhu.net
http://www.zhihu.com/people/neil-35-70
http://www.zhihu.com/people/meixiaonini
http://www.zhihu.com/people/xudekai
http://www.zhihu.com/people/feng-gu-53
http://www.zhihu.com/people/melody-911
http://www.zhihu.com/people/yuan-sui-33
http://www.zhihu.com/people/jiayizhen
http://www.zhihu.com/people/li-wei-jie-73
http://www.zhihu.com/people/huan-le-yan
http://www.zhihu.com/people/ironsunny
http://www.zhihu.com/people/chen-bing-hong-73
http://www.zhihu.com/people/mo-mo-17-13
http://www.zhihu.com/people/huang-yu-hao-88
http://www.zhihu.com/people/lin-qian-hua
http://www.zhihu.com/people/guo-jia-chen-67-64
http://www.zhihu.com/people/bajie8
http://www.zhihu.com/people/alex-huang-9
http://www.zhihu.com/people/tian-su-jun
http://www.zhihu.com/people/twofox
http://www.zhihu.com/people/e-tong
http://www.zhihu.com/people/zhang-xiao-yan-50
http://www.zhihu.com/people/dao-dao-1400
http://www.zhihu.com/people/brianlai
http://www.zhihu.com/people/khowarizmi
http://www.zhihu.com/people/yeah619
http://www.zhihu.com/people/leibao
http://www.zhihu.com/people/emma1123
http://www.zhihu.com/people/fei-rui-ke
http://www.zhihu.com/people/kula-71
http://www.zhihu.com/people/cui-wang
http://www.zhihu.com/people/klark
http://www.zhihu.com/people/chenran
http://www.zhihu.com/people/fu-ling-yu
http://www.zhihu.com/people/nansoneric
http://www.zhihu.com/people/hong-yiqing-quan
http://www.zhihu.com/people/liu-ze-18-75
http://www.zhihu.com/people/liu-zhao-yang-14
http://www.zhihu.com/people/pwj1568
http://www.zhihu.com/people/ding-ding-84-86
http://www.zhihu.com/people/jun-yi-14
http://www.zhihu.com/people/wang-yu-jue-90
http://www.zhihu.com/people/heijiajia
http://www.zhihu.com/people/carolineeu
http://www.zhihu.com/people/suiyuerushandao
http://www.zhihu.com/people/wolf_wu
http://www.zhihu.com/people/wen-ting-rui
http://www.zhihu.com/people/red-army
http://www.zhihu.com/people/ni-chang-jun
http://www.zhihu.com/people/li-jian-hao-26
http://www.zhihu.com/people/wang-vivi-4
http://www.zhihu.com/people/sunny-28-46
http://www.zhihu.com/people/huang-zi-chang-86
http://www.zhihu.com/people/li-san-fan
http://www.zhihu.com/people/tao-yi-li
http://www.zhihu.com/people/ti-ta
http://www.zhihu.com/people/shaxjl
http://www.zhihu.com/people/ba-yi-51
http://www.zhihu.com/people/deng-qing-hang
http://www.zhihu.com/people/howiechou
http://www.zhihu.com/people/alice-45-16
http://www.zhihu.com/people/neofdy
http://www.zhihu.com/people/yiwei-55
http://www.zhihu.com/people/li-dong-34-52
http://www.zhihu.com/people/mo-yao-62
http://www.zhihu.com/people/yan-le-peng
http://www.zhihu.com/people/huang-sheng-6
http://www.zhihu.com/people/cheng-xiang-qian-42
http://www.zhihu.com/people/ijyao-yao
http://www.zhihu.com/people/susanlee
http://www.zhihu.com/people/li-ya-ya-80
http://www.zhihu.com/people/sheng-tao
http://www.zhihu.com/people/sun-lin-9
http://www.zhihu.com/people/yuechen-
http://www.zhihu.com/people/shi-guang-82-9
http://www.zhihu.com/people/zhu-yong-qian
http://www.zhihu.com/people/qian-jing-wei
http://www.zhihu.com/people/yang-xiao-yun-9
http://www.zhihu.com/people/yin-wei-jie-94
http://www.zhihu.com/people/hong-zhuang-52
http://www.zhihu.com/people/haoo-71
http://www.zhihu.com/people/jin-du-jiang
http://www.zhihu.com/people/gu-xiang-30-66
http://www.zhihu.com/people/allison-wei
http://www.zhihu.com/people/xiakai
http://www.zhihu.com/people/kastier
http://www.zhihu.com/people/DonQuixote
http://www.zhihu.com/people/will-37
http://www.zhihu.com/people/mindseeker
http://www.zhihu.com/people/guo-xin-90
http://www.zhihu.com/people/gejia021
http://www.zhihu.com/people/chen-ru-yi-49
http://www.zhihu.com/people/henuwang-kai
http://www.zhihu.com/people/nyanzhang
http://www.zhihu.com/people/li-rong-peng-80
http://www.zhihu.com/people/wang-er-xiao-229
http://www.zhihu.com/people/li-xia-xia-84
http://www.zhihu.com/people/xieyanwei
http://www.zhihu.com/people/jin-lei-48-33
http://www.zhihu.com/people/doors
http://www.zhihu.com/people/khaki-29
http://www.zhihu.com/people/yu-xiao-mao-30
http://www.zhihu.com/people/zhang-wen-xi-24
http://www.zhihu.com/people/yu-hui-feng-24
http://www.zhihu.com/people/wang-fu-gui-7-89
http://www.zhihu.com/people/lin-qiao-35
http://www.zhihu.com/people/tu-gao-hui-ge
http://www.zhihu.com/people/xian-he-32
http://www.zhihu.com/people/sakin-poom
http://www.zhihu.com/people/niewei
http://www.zhihu.com/people/jun-lin-29
http://www.zhihu.com/people/zhang-bo-67-32
http://www.zhihu.com/people/qian-qian-jun-zi-81
http://www.zhihu.com/people/liu-lei-80
http://www.zhihu.com/people/zhang-dong-34
http://www.zhihu.com/people/dongyewang
http://www.zhihu.com/people/more-value
http://www.zhihu.com/people/websec
http://www.zhihu.com/people/eyonfresh
http://www.zhihu.com/people/qin-shou-45
http://www.zhihu.com/people/stupident
http://www.zhihu.com/people/li-yan-yi-91312
http://www.zhihu.com/people/fenng
http://www.zhihu.com/people/liu-ting-ting-64
http://www.zhihu.com/people/pan-shi-yun
http://www.zhihu.com/people/zexiancui
http://www.zhihu.com/people/gayscript
http://www.zhihu.com/people/kingdomling
http://www.zhihu.com/people/gaoliaoliao
http://www.zhihu.com/people/melancolia
http://www.zhihu.com/people/davidying15
http://www.zhihu.com/people/ai-ti-hong-zi
http://www.zhihu.com/people/pedrad
http://www.zhihu.com/people/liuzhuang
http://www.zhihu.com/people/li-yang-53-74
http://www.zhihu.com/people/Roy0205816
http://www.zhihu.com/people/li-kai-xin-55-33
http://www.zhihu.com/people/knightshady
http://www.zhihu.com/people/lxXXXxl
http://www.zhihu.com/people/kikiko
http://www.zhihu.com/people/yue-yi-he
http://www.zhihu.com/people/jia-zhang-ke
http://www.zhihu.com/people/tan-li-9800
http://www.zhihu.com/people/yang-yong-54-36
http://www.zhihu.com/people/liu-chang-jiang-39
http://www.zhihu.com/people/sunfuming
http://www.zhihu.com/people/youyue
http://www.zhihu.com/people/sakula
http://www.zhihu.com/people/hysic
http://www.zhihu.com/people/zhang-xiao-bing-81
http://www.zhihu.com/people/xu-xue-hen
http://www.zhihu.com/people/mu-mian-shu
http://www.zhihu.com/people/qing-xin
http://www.zhihu.com/people/slcwindy
http://www.zhihu.com/people/gklifg
http://www.zhihu.com/people/chen-qiang-sheng-52
http://www.zhihu.com/people/dai-xiao-xi-70
http://www.zhihu.com/people/Maximilian2009
http://www.zhihu.com/people/li-yuan-99-3
http://www.zhihu.com/people/cgdgc
http://www.zhihu.com/people/bai-ye-51
http://www.zhihu.com/people/happyleaf
http://www.zhihu.com/people/jiang-yi-xing-25
http://www.zhihu.com/people/qiao-bang
http://www.zhihu.com/people/tian-qi-74
http://www.zhihu.com/people/wang-xiao-feng-73-62
http://www.zhihu.com/people/chen-chang-dong-77
http://www.zhihu.com/people/huang-feng-7
http://www.zhihu.com/people/zhou-you-23
http://www.zhihu.com/people/ray-pan
http://www.zhihu.com/people/liu-bai-lu-16
http://www.zhihu.com/people/dansong
http://www.zhihu.com/people/liu-tong-77
http://www.zhihu.com/people/zhu-li-juan-5
http://www.zhihu.com/people/zhang-hu-pan
http://www.zhihu.com/people/meicoog
http://www.zhihu.com/people/chen-chang-gen-30
http://www.zhihu.com/people/zhang-mie-mie-78
http://www.zhihu.com/people/wu-hai-25
http://www.zhihu.com/people/caribbean
http://www.zhihu.com/people/yu-bo-64-23
http://www.zhihu.com/people/wangliudoit
http://www.zhihu.com/people/li-cheng-gan
http://www.zhihu.com/people/mickizeng
http://www.zhihu.com/people/he-ran-48
http://www.zhihu.com/people/yang-tian-91
http://www.zhihu.com/people/yu-ni-ta
http://www.zhihu.com/people/fang-yu-huan
http://www.zhihu.com/people/wang-dongqing
http://www.zhihu.com/people/huang-yang-35
http://www.zhihu.com/people/du-bo-qi
http://www.zhihu.com/people/feixiaofei
http://www.zhihu.com/people/ma-xiao-24
http://www.zhihu.com/people/long-fei-25
http://www.zhihu.com/people/hiro-77
http://www.zhihu.com/people/wu-shi-xiong
http://www.zhihu.com/people/si-shui-liu-nian-jian
http://www.zhihu.com/people/liu-chun-73
http://www.zhihu.com/people/feng-yuan-27
http://www.zhihu.com/people/han-jing-79
http://www.zhihu.com/people/asurali
http://www.zhihu.com/people/liu-peng-fei-48
http://www.zhihu.com/people/suqige
http://www.zhihu.com/people/qu-ye-chen
http://www.zhihu.com/people/Corey_Chan
http://www.zhihu.com/people/wei-hao-jie
http://www.zhihu.com/people/hanmingyao
http://www.zhihu.com/people/qi-cheng-17
http://www.zhihu.com/people/LoveLBX
http://www.zhihu.com/people/zhang-jing-yuan-16
http://www.zhihu.com/people/themanuela
http://www.zhihu.com/people/sun-zheng-qing
http://www.zhihu.com/people/jackzhang2014
http://www.zhihu.com/people/castleyan
http://www.zhihu.com/people/haoyaochange
http://www.zhihu.com/people/gu-kai-kai
http://www.zhihu.com/people/jme-28
http://www.zhihu.com/people/hong-xiao-dou
http://www.zhihu.com/people/December
http://www.zhihu.com/people/zhang-run1991
http://www.zhihu.com/people/lyonlyonlyon
http://www.zhihu.com/people/ji-pang
http://www.zhihu.com/people/fu-yun-xiao-jie
http://www.zhihu.com/people/weixixiao
http://www.zhihu.com/people/deng-kang-er
http://www.zhihu.com/people/irenelake
http://www.zhihu.com/people/zhou-xu-yi
http://www.zhihu.com/people/xu-sen-lin
http://www.zhihu.com/people/tian-tian-16-5
http://www.zhihu.com/people/kcwh
http://www.zhihu.com/people/zheng-hao-74-37
http://www.zhihu.com/people/pei-tong-tong
http://www.zhihu.com/people/song-fei-yang
http://www.zhihu.com/people/ye-mu-zhen
http://www.zhihu.com/people/xie-fan-25
http://www.zhihu.com/people/peng-yan-zhi
http://www.zhihu.com/people/li-chou-yi
http://www.zhihu.com/people/sunnysos
http://www.zhihu.com/people/young-iris
http://www.zhihu.com/people/ttyy-99
http://www.zhihu.com/people/he-hao-liang-4
http://www.zhihu.com/people/jysm
http://www.zhihu.com/people/wei-hao-33
http://www.zhihu.com/people/yu-chuan-yi-59
http://www.zhihu.com/people/lulu-zhang-72
http://www.zhihu.com/people/wen-kun-guo
http://www.zhihu.com/people/jiang-jia-yin-18
http://www.zhihu.com/people/wang-yijing-63
http://www.zhihu.com/people/seventeen
http://www.zhihu.com/people/tansuo19
http://www.zhihu.com/people/jamlerros
http://www.zhihu.com/people/yang-yu-yi
http://www.zhihu.com/people/nan-guo-lao-you-zi
http://www.zhihu.com/people/Vioal
http://www.zhihu.com/people/yeyu-67
http://www.zhihu.com/people/li-jin-yuan-53-18
http://www.zhihu.com/people/qiu-sheng-32
http://www.zhihu.com/people/qiwenyu_up
http://www.zhihu.com/people/marsrabel
http://www.zhihu.com/people/wjbf
http://www.zhihu.com/people/diesans
http://www.zhihu.com/people/jiang-bai-du
http://www.zhihu.com/people/zhou-jiang-85
http://www.zhihu.com/people/wang-feng-85-24
http://www.zhihu.com/people/jonson-fang
http://www.zhihu.com/people/helianthusyi
http://www.zhihu.com/people/xiao-tian-qie-rang
http://www.zhihu.com/people/ChSail
http://www.zhihu.com/people/kang-xi-58
http://www.zhihu.com/people/wang-xiao-80-42
http://www.zhihu.com/people/qian-feng-27
http://www.zhihu.com/people/cksloth
http://www.zhihu.com/people/liao-jing-rui
http://www.zhihu.com/people/wang-ji-65
http://www.zhihu.com/people/jilingbhl
http://www.zhihu.com/people/ling-xiao-yu-89
http://www.zhihu.com/people/liu-zhen-chuan-98
http://www.zhihu.com/people/zhou-cong
http://www.zhihu.com/people/kevinzoro
http://www.zhihu.com/people/li-xin-47-92
http://www.zhihu.com/people/cherry-3-66
http://www.zhihu.com/people/sangxiamu
http://www.zhihu.com/people/gan-summer
http://www.zhihu.com/people/peng-zi-huan
http://www.zhihu.com/people/lenn
http://www.zhihu.com/people/fang-yi-cheng-73
http://www.zhihu.com/people/lu-chuan-62
http://www.zhihu.com/people/lowka
http://www.zhihu.com/people/shi-jun-88-5
http://www.zhihu.com/people/xiao-ya-24
http://www.zhihu.com/people/cold-cold
http://www.zhihu.com/people/lei-ting-12
http://www.zhihu.com/people/Mr.F
http://www.zhihu.com/people/winter-84
http://www.zhihu.com/people/li-xiang-17
http://www.zhihu.com/people/su-shi-liu
http://www.zhihu.com/people/yu-yang-41
http://www.zhihu.com/people/du-gang-43
http://www.zhihu.com/people/tian-wei-7
http://www.zhihu.com/people/lu-ming-hao
http://www.zhihu.com/people/leesiyn
http://www.zhihu.com/people/wn1986
http://www.zhihu.com/people/he-li-66
http://www.zhihu.com/people/wang-dao-piao
http://www.zhihu.com/people/lunatic-61
http://www.zhihu.com/people/bai-ding-88
http://www.zhihu.com/people/di-lu-mu-duo
http://www.zhihu.com/people/jacky-jacky-82
http://www.zhihu.com/people/fu-si-qin
http://www.zhihu.com/people/xinjay
http://www.zhihu.com/people/kevin-liu-15
http://www.zhihu.com/people/sun-xi-gua
http://www.zhihu.com/people/su-wan-79
http://www.zhihu.com/people/qi-gang-65
http://www.zhihu.com/people/chen-wen-hong-33
http://www.zhihu.com/people/yu-ting-51-94
http://www.zhihu.com/people/joe.xu
http://www.zhihu.com/people/yong-sheng
http://www.zhihu.com/people/yan-hong-bin
http://www.zhihu.com/people/bai-xue-22
http://www.zhihu.com/people/yang-cheng-sen-29
http://www.zhihu.com/people/msjk
http://www.zhihu.com/people/jia-dai-72
http://www.zhihu.com/people/stevie8t
http://www.zhihu.com/people/ma-er-ji
http://www.zhihu.com/people/chen-lei-142857
http://www.zhihu.com/people/chen-xu-fan-17
http://www.zhihu.com/people/lordifeng
http://www.zhihu.com/people/yang-guang-11-55
http://www.zhihu.com/people/huang-cheng-cheng-26
http://www.zhihu.com/people/lan-bo-71
http://www.zhihu.com/people/xiao-gu-74
http://www.zhihu.com/people/zhqjuice
http://www.zhihu.com/people/zhu-yi-ge
http://www.zhihu.com/people/ivanlee
http://www.zhihu.com/people/chendayun
http://www.zhihu.com/people/yucca
http://www.zhihu.com/people/zhu-xiao-gang-49
http://www.zhihu.com/people/zhang-qun-xiao
http://www.zhihu.com/people/mei-mo-58
http://www.zhihu.com/people/lookgod
http://www.zhihu.com/people/zi-wan-ying
http://www.zhihu.com/people/yu-shi-52
http://www.zhihu.com/people/guo-da-lu-13-28
http://www.zhihu.com/people/allen-chen-57
http://www.zhihu.com/people/floating-32
http://www.zhihu.com/people/jiang-tian-xiang-64
http://www.zhihu.com/people/tan-ri-tian
http://www.zhihu.com/people/sugar-58
http://www.zhihu.com/people/zheng-xia-ming
http://www.zhihu.com/people/thoreau-84
http://www.zhihu.com/people/bai-zhi-long
http://www.zhihu.com/people/deutsch-99
http://www.zhihu.com/people/dongyanlong
http://www.zhihu.com/people/hu-rou
http://www.zhihu.com/people/SeanParker
http://www.zhihu.com/people/xie-he-10
http://www.zhihu.com/people/duan-yue-rong
http://www.zhihu.com/people/cui-xiao-er
http://www.zhihu.com/people/aabi
http://www.zhihu.com/people/cheng-xiao-dong-29
http://www.zhihu.com/people/chenjianferrari
http://www.zhihu.com/people/bi-peng
http://www.zhihu.com/people/wen-da-ya-55
http://www.zhihu.com/people/andoyuu
http://www.zhihu.com/people/wang-yu-tang-72
http://www.zhihu.com/people/ri-ye-qian-chi
http://www.zhihu.com/people/wang-sen-shine
http://www.zhihu.com/people/zhu-yuan-yu-run-40
http://www.zhihu.com/people/chen-fei-46-22
http://www.zhihu.com/people/dh024219
http://www.zhihu.com/people/ethan-54
http://www.zhihu.com/people/ma-que-10
http://www.zhihu.com/people/joe-hero
http://www.zhihu.com/people/guren
http://www.zhihu.com/people/qi-hong-wei
http://www.zhihu.com/people/zhu-yu-han-6
http://www.zhihu.com/people/gracelu
http://www.zhihu.com/people/shen-connie
http://www.zhihu.com/people/lin-tu-tu-68
http://www.zhihu.com/people/chou-zhi-lin
http://www.zhihu.com/people/waican
http://www.zhihu.com/people/li-di-34
http://www.zhihu.com/people/ge-li-fen
http://www.zhihu.com/people/yang-ji-chuan-15
http://www.zhihu.com/people/jiu-ke
http://www.zhihu.com/people/cang-mang-6
http://www.zhihu.com/people/li-bo-yu-85
http://www.zhihu.com/people/li-xiao-ge-1993
http://www.zhihu.com/people/qqw-ssdd
http://www.zhihu.com/people/yu-zhe-32-34
http://www.zhihu.com/people/sun-mo-mo-83
http://www.zhihu.com/people/mrwc
http://www.zhihu.com/people/yuwen-xiong
http://www.zhihu.com/people/possibilities
http://www.zhihu.com/people/chen-mo-mo-32
http://www.zhihu.com/people/jasminee
http://www.zhihu.com/people/hiuwahhh
http://www.zhihu.com/people/CathyWanqing
http://www.zhihu.com/people/jim-lu
http://www.zhihu.com/people/killua-26
http://www.zhihu.com/people/chen-rui-rafael
http://www.zhihu.com/people/shu-yun-36
http://www.zhihu.com/people/du-si-yuan
http://www.zhihu.com/people/addie-chou
http://www.zhihu.com/people/kangqian
http://www.zhihu.com/people/bao-cai-jun
http://www.zhihu.com/people/li-si-gu-niang
http://www.zhihu.com/people/li-jiu-zhe
http://www.zhihu.com/people/xiao-chu
http://www.zhihu.com/people/wang-lei-86-20
http://www.zhihu.com/people/cai-xiao-gao
http://www.zhihu.com/people/zedex
http://www.zhihu.com/people/huang-yu-liang-20
http://www.zhihu.com/people/cawen
http://www.zhihu.com/people/TT-in_The-Wind
http://www.zhihu.com/people/cosimolu
http://www.zhihu.com/people/zourui55
http://www.zhihu.com/people/bingno
http://www.zhihu.com/people/xiao-yan-jing-43
http://www.zhihu.com/people/zhao-ru-49-38
http://www.zhihu.com/people/yang-xiao-hua-99
http://www.zhihu.com/people/mvie
http://www.zhihu.com/people/nakutoki
http://www.zhihu.com/people/zhang-yin-20
http://www.zhihu.com/people/happy10086
http://www.zhihu.com/people/li-yun-yun-76
http://www.zhihu.com/people/mannia
http://www.zhihu.com/people/graceyeuk
http://www.zhihu.com/people/sfesly
http://www.zhihu.com/people/wu-qing-gui-28
http://www.zhihu.com/people/ding-yu-26
http://www.zhihu.com/people/xu-fei-60-36
http://www.zhihu.com/people/long-yang-56
http://www.zhihu.com/people/chen-jun-jie-23-33
http://www.zhihu.com/people/rambler1122
http://www.zhihu.com/people/zhu-zhi-yin
http://www.zhihu.com/people/hong-shi-huan-78
http://www.zhihu.com/people/hu-di-57-16
http://www.zhihu.com/people/chen-da-gou-18
http://www.zhihu.com/people/blackpanther
http://www.zhihu.com/people/chen-yi-zhu-11
http://www.zhihu.com/people/lu2ux
http://www.zhihu.com/people/zhang-peng-29-14
http://www.zhihu.com/people/yang-er-jing
http://www.zhihu.com/people/cha-hu-zi
http://www.zhihu.com/people/pan-di-36-46
http://www.zhihu.com/people/liu-charlie
http://www.zhihu.com/people/guan-er-san-pi
http://www.zhihu.com/people/Feat
http://www.zhihu.com/people/he-yuan-sheng
http://www.zhihu.com/people/kong-rong-26
http://www.zhihu.com/people/bitmirage
http://www.zhihu.com/people/sandeeee
http://www.zhihu.com/people/yi-lin515
http://www.zhihu.com/people/qdhei521
http://www.zhihu.com/people/frank-26
http://www.zhihu.com/people/wang-jun-chou
http://www.zhihu.com/people/sun-zheng-yao
http://www.zhihu.com/people/nndnnd
http://www.zhihu.com/people/yi-yun-yy
http://www.zhihu.com/people/ren-meng-yan
http://www.zhihu.com/people/tan-sheng-32
http://www.zhihu.com/people/wang-windy
http://www.zhihu.com/people/wang-meng-jun-98
http://www.zhihu.com/people/qin-ling-75
http://www.zhihu.com/people/chen-yong-lin-25
http://www.zhihu.com/people/merryjing
http://www.zhihu.com/people/lyncle
http://www.zhihu.com/people/zhu-bo-tao
http://www.zhihu.com/people/prayeryang
http://www.zhihu.com/people/hu-ba-ge
http://www.zhihu.com/people/agaguk
http://www.zhihu.com/people/chu-meng-meng
http://www.zhihu.com/people/ding-hong-yuan-28
http://www.zhihu.com/people/chen-ciao
http://www.zhihu.com/people/dreamk
http://www.zhihu.com/people/Xiao_Liang
http://www.zhihu.com/people/tian-xiao-e-14
http://www.zhihu.com/people/zhu-dong-hui-53
http://www.zhihu.com/people/andyfoolish
http://www.zhihu.com/people/Chen-Yaning
http://www.zhihu.com/people/an-ying-77
http://www.zhihu.com/people/zhou-hao-yu-59
http://www.zhihu.com/people/xianshideliliang12
http://www.zhihu.com/people/frondosomuelle
http://www.zhihu.com/people/zhao-qian-ni
http://www.zhihu.com/people/ji-yan-lin
http://www.zhihu.com/people/transformertung
http://www.zhihu.com/people/tencrance
http://www.zhihu.com/people/vwow
http://www.zhihu.com/people/li-shou-yin-89
http://www.zhihu.com/people/lin-ji-mi
http://www.zhihu.com/people/chen-le-yang
http://www.zhihu.com/people/lu-gui-chen-26
http://www.zhihu.com/people/liu-jing-tong-58
http://www.zhihu.com/people/zhaojian
http://www.zhihu.com/people/tang-mei-le
http://www.zhihu.com/people/rockrationality
http://www.zhihu.com/people/lin-yiqian
http://www.zhihu.com/people/su-chao-qun
http://www.zhihu.com/people/wanggaochen
http://www.zhihu.com/people/shi-jia-hao-54
http://www.zhihu.com/people/sun-jing-16
http://www.zhihu.com/people/chen-dou-dou-69
http://www.zhihu.com/people/edire2k
http://www.zhihu.com/people/ceng-yi-can
http://www.zhihu.com/people/shengxinhu
http://www.zhihu.com/people/liang-tian-fu
http://www.zhihu.com/people/li-li-guan
http://www.zhihu.com/people/yuan-jun-74
http://www.zhihu.com/people/Victorique
http://www.zhihu.com/people/gaorunning
http://www.zhihu.com/people/garhom
http://www.zhihu.com/people/tian-da-feng
http://www.zhihu.com/people/mu-yang-ren
http://www.zhihu.com/people/wu-da-lang
http://www.zhihu.com/people/ji-er-13
http://www.zhihu.com/people/StevenTsao
http://www.zhihu.com/people/li-xiang-85
http://www.zhihu.com/people/morgan-66
http://www.zhihu.com/people/pengyi
http://www.zhihu.com/people/zhu-yixin-42
http://www.zhihu.com/people/ha-lu
http://www.zhihu.com/people/lu-ye
http://www.zhihu.com/people/liu-jin-long-44
http://www.zhihu.com/people/chen-yu-shi-79
http://www.zhihu.com/people/begier-lern
http://www.zhihu.com/people/diao-yuan-yuan
http://www.zhihu.com/people/xiao-sa-06-16
http://www.zhihu.com/people/ruirong_xie
http://www.zhihu.com/people/qi-se-jia-19
http://www.zhihu.com/people/ai-you-tian
http://www.zhihu.com/people/chen-chu-shi
http://www.zhihu.com/people/fu-yona
http://www.zhihu.com/people/dannyhuang
http://www.zhihu.com/people/ma-hui-hui-
http://www.zhihu.com/people/hua-yan-yang
http://www.zhihu.com/people/umifam
http://www.zhihu.com/people/he-ling-30
http://www.zhihu.com/people/richardliu
http://www.zhihu.com/people/weijiaqi
http://www.zhihu.com/people/weng-xiao-tong
http://www.zhihu.com/people/zhou-nan-80
http://www.zhihu.com/people/yin-chen-run
http://www.zhihu.com/people/cheng-chun-xiao
http://www.zhihu.com/people/zhihu_weekly
http://www.zhihu.com/people/fivewood
http://www.zhihu.com/people/shen-chang-00
http://www.zhihu.com/people/shi-sheng-15
http://www.zhihu.com/people/zasuny
http://www.zhihu.com/people/cui-yong-fang
http://www.zhihu.com/people/zhou-wei-85
http://www.zhihu.com/people/blueby
http://www.zhihu.com/people/zhou-yu
http://www.zhihu.com/people/wu-nan-9
http://www.zhihu.com/people/tai-qing-28
http://www.zhihu.com/people/jia-shuai-long
http://www.zhihu.com/people/ma-xiao-feng-75
http://www.zhihu.com/people/swjz
http://www.zhihu.com/people/face-li
http://www.zhihu.com/people/tu-dou-li-sha
http://www.zhihu.com/people/hou-hui-si
http://www.zhihu.com/people/he-zhi-85
http://www.zhihu.com/people/_zhao_xu_
http://www.zhihu.com/people/wang-qing-83
http://www.zhihu.com/people/HippoMatrix
http://www.zhihu.com/people/chen-da-tou-42-26
http://www.zhihu.com/people/simbelmyne
http://www.zhihu.com/people/Otta
http://www.zhihu.com/people/qiu-ling-66
http://www.zhihu.com/people/jiangnanxi
http://www.zhihu.com/people/cheng-si-wei
http://www.zhihu.com/people/a-jian-dj
http://www.zhihu.com/people/leoyang
http://www.zhihu.com/people/Dabbler
http://www.zhihu.com/people/chen-shi-yi-90
http://www.zhihu.com/people/yi-da-1
http://www.zhihu.com/people/stephanie-73
http://www.zhihu.com/people/cheng-ling-jian
http://www.zhihu.com/people/xinvi
http://www.zhihu.com/people/chang-cheng-jiang
http://www.zhihu.com/people/wang-fu-kang
http://www.zhihu.com/people/zhong-ye-zi-49
http://www.zhihu.com/people/yuan-zhi-3
http://www.zhihu.com/people/xiao-c-18
http://www.zhihu.com/people/metalchrist
http://www.zhihu.com/people/huang-qi-jie
http://www.zhihu.com/people/zhang-yi-fan-48
http://www.zhihu.com/people/aoimishi
http://www.zhihu.com/people/li-bei-bei-1
http://www.zhihu.com/people/zhuo-zhi-ying
http://www.zhihu.com/people/liu-xiang-yu-62
http://www.zhihu.com/people/fang-yong-bo
http://www.zhihu.com/people/iyucci
http://www.zhihu.com/people/deathman
http://www.zhihu.com/people/xu-xiao-ye-53
http://www.zhihu.com/people/shinrakueki
http://www.zhihu.com/people/zhao-jia-long-16
http://www.zhihu.com/people/mavericks
http://www.zhihu.com/people/lattelatte
http://www.zhihu.com/people/han-yan-hui
http://www.zhihu.com/people/gong-li-xi
http://www.zhihu.com/people/huang-xiao-huang-20
http://www.zhihu.com/people/gapa-83
http://www.zhihu.com/people/m-isty
http://www.zhihu.com/people/eleven-du
http://www.zhihu.com/people/chichiu-lee
http://www.zhihu.com/people/susus
http://www.zhihu.com/people/wang-qi-rui-53
http://www.zhihu.com/people/tian-nan-gua
http://www.zhihu.com/people/zhao-fa-cai-56
http://www.zhihu.com/people/mengying0960
http://www.zhihu.com/people/liou-anata
http://www.zhihu.com/people/jimmynovember
http://www.zhihu.com/people/li-xiao-meng-85
http://www.zhihu.com/people/fu-you-cai-cai
http://www.zhihu.com/people/xiao-wen-50
http://www.zhihu.com/people/sellsoda
http://www.zhihu.com/people/qiu-teng-jiang
http://www.zhihu.com/people/prayer
http://www.zhihu.com/people/wang-in-e
http://www.zhihu.com/people/Jeight
http://www.zhihu.com/people/mengxian
http://www.zhihu.com/people/wangzhaowen
http://www.zhihu.com/people/li-rui-qi-96
http://www.zhihu.com/people/iian
http://www.zhihu.com/people/chen-jian-de
http://www.zhihu.com/people/hu-hao-lin
http://www.zhihu.com/people/shan-ji-5
http://www.zhihu.com/people/wu-zhi-65
http://www.zhihu.com/people/yin-ming-38
http://www.zhihu.com/people/jzone
http://www.zhihu.com/people/ran-wen-jie
http://www.zhihu.com/people/rrxieke
http://www.zhihu.com/people/li-jia-ye
http://www.zhihu.com/people/wang-yan-yu-64
http://www.zhihu.com/people/zhang-ting-6-32
http://www.zhihu.com/people/wu-yan-zhi
http://www.zhihu.com/people/xiao-bao-75-91
http://www.zhihu.com/people/hou-ye
http://www.zhihu.com/people/chen-bo-49
http://www.zhihu.com/people/miracle-21
http://www.zhihu.com/people/feamung
http://www.zhihu.com/people/betteryaki
http://www.zhihu.com/people/ashbei-er
http://www.zhihu.com/people/kay.x
http://www.zhihu.com/people/qian-fan
http://www.zhihu.com/people/bin-xin-80
http://www.zhihu.com/people/fabregas
http://www.zhihu.com/people/bai-wen-ming
http://www.zhihu.com/people/chen-qing-23
http://www.zhihu.com/people/wakin-liang
http://www.zhihu.com/people/ni-da-ye-40-87
http://www.zhihu.com/people/xuanjianfeng
http://www.zhihu.com/people/cocoalee
http://www.zhihu.com/people/chopsticks
http://www.zhihu.com/people/qin-kang-bao
http://www.zhihu.com/people/qin-xiao-27
http://www.zhihu.com/people/wang-mang-66
http://www.zhihu.com/people/chen-a-hua
http://www.zhihu.com/people/han-liang-hanl
http://www.zhihu.com/people/manhodl
http://www.zhihu.com/people/wang-xiao-lin-92
http://www.zhihu.com/people/heidfled
http://www.zhihu.com/people/doctorqq
http://www.zhihu.com/people/liuzhou
http://www.zhihu.com/people/you-yong
http://www.zhihu.com/people/linan
http://www.zhihu.com/people/sui-lin-5
http://www.zhihu.com/people/bigteeth
http://www.zhihu.com/people/riko
http://www.zhihu.com/people/xiefaner
http://www.zhihu.com/people/diaosi
http://www.zhihu.com/people/tang-yiming-24
http://www.zhihu.com/people/du-shen-yan
http://www.zhihu.com/people/qmqy
http://www.zhihu.com/people/limonzhou
http://www.zhihu.com/people/huangkinglong
http://www.zhihu.com/people/spencer-47
http://www.zhihu.com/people/chentong
http://www.zhihu.com/people/wu-chuan
http://www.zhihu.com/people/shi-tou-72
http://www.zhihu.com/people/qi-jun-zhu
http://www.zhihu.com/people/techoxygen
http://www.zhihu.com/people/Dominic_
http://www.zhihu.com/people/zhao-xue-fei
http://www.zhihu.com/people/shi-fang-66
http://www.zhihu.com/people/lilizong
http://www.zhihu.com/people/sun-jing-tian-jt
http://www.zhihu.com/people/raeeeee
http://www.zhihu.com/people/san-shi-niang
http://www.zhihu.com/people/lidzh
http://www.zhihu.com/people/liu-xiao-lai
http://www.zhihu.com/people/rubbermanryan
http://www.zhihu.com/people/liu-teng-yuan
http://www.zhihu.com/people/9410
http://www.zhihu.com/people/yan6000
http://www.zhihu.com/people/miao-zhen
http://www.zhihu.com/people/yangluhan1990
http://www.zhihu.com/people/fan-ruo-xi-29
http://www.zhihu.com/people/zeroyeung
http://www.zhihu.com/people/ymjrcc
http://www.zhihu.com/people/yeahyeah
http://www.zhihu.com/people/hele
http://www.zhihu.com/people/fengjuanchengfu
http://www.zhihu.com/people/shuuka
http://www.zhihu.com/people/zisha360
http://www.zhihu.com/people/tarwon
http://www.zhihu.com/people/zhang-zhuo-26
http://www.zhihu.com/people/li-dong-wei-47
http://www.zhihu.com/people/yin-xiao-yu-6
http://www.zhihu.com/people/manday
http://www.zhihu.com/people/san-pi-ge
http://www.zhihu.com/people/kianhuang01
http://www.zhihu.com/people/gao-peng-92
http://www.zhihu.com/people/lotusyuen1921
http://www.zhihu.com/people/fu-shu-shu-ying
http://www.zhihu.com/people/linyangkaka
http://www.zhihu.com/people/peteryao
http://www.zhihu.com/people/zhang-xue-qiang
http://www.zhihu.com/people/changeself
http://www.zhihu.com/people/yang-yang-2
http://www.zhihu.com/people/yang-chao-30-88
http://www.zhihu.com/people/dou-shuai-62
http://www.zhihu.com/people/strangebanman
http://www.zhihu.com/people/yuanrong
http://www.zhihu.com/people/definiter
http://www.zhihu.com/people/wang-xiao-juan-92-12
http://www.zhihu.com/people/huang-rong-zhuang
http://www.zhihu.com/people/yang-tian-nan
http://www.zhihu.com/people/eric-5
http://www.zhihu.com/people/zeng-hui-ying
http://www.zhihu.com/people/tao-ye-82
http://www.zhihu.com/people/li-lu-92
http://www.zhihu.com/people/huang-jia-nong
http://www.zhihu.com/people/peng-sen
http://www.zhihu.com/people/steve-65
http://www.zhihu.com/people/fu-tian-yuan
http://www.zhihu.com/people/qing-zhou-79
http://www.zhihu.com/people/warren-51
http://www.zhihu.com/people/laoliumang-78
http://www.zhihu.com/people/jing-xiao-liang
http://www.zhihu.com/people/anslugal
http://www.zhihu.com/people/chen-tan-yue-61
http://www.zhihu.com/people/thea
http://www.zhihu.com/people/supermian
http://www.zhihu.com/people/gao-yiyan
http://www.zhihu.com/people/zhu-jing-hui
http://www.zhihu.com/people/cdtcai
http://www.zhihu.com/people/NormanTsan
http://www.zhihu.com/people/li-zhe-19
http://www.zhihu.com/people/chen-xin-wu-58
http://www.zhihu.com/people/vincent-91
http://www.zhihu.com/people/keqi
http://www.zhihu.com/people/zhang-xi-an
http://www.zhihu.com/people/yan-chuan-21
http://www.zhihu.com/people/zhao-yue-7
http://www.zhihu.com/people/lostbenjamin
http://www.zhihu.com/people/panchito
http://www.zhihu.com/people/ling-dao
http://www.zhihu.com/people/ma-ying-zhi
http://www.zhihu.com/people/yuanlili
http://www.zhihu.com/people/1230
http://www.zhihu.com/people/alice-yu
http://www.zhihu.com/people/oweninboston
http://www.zhihu.com/people/liu-yi-62
http://www.zhihu.com/people/wuzhonghua91
http://www.zhihu.com/people/queengao-xiao-bai
http://www.zhihu.com/people/mi-fan-bu-tiao-shi
http://www.zhihu.com/people/hao-de-zuo-qu-jia-tou
http://www.zhihu.com/people/monk-22
http://www.zhihu.com/people/mo-zhi-tong-xue
http://www.zhihu.com/people/yan-er-jane
http://www.zhihu.com/people/ianks
http://www.zhihu.com/people/tiankuoci
http://www.zhihu.com/people/ou-yang-27
http://www.zhihu.com/people/lizhifei
http://www.zhihu.com/people/wang-yu-peng-77
http://www.zhihu.com/people/sang-qi
http://www.zhihu.com/people/li-wei-si-303
http://www.zhihu.com/people/lydia-7
http://www.zhihu.com/people/ji-zheng-qi
http://www.zhihu.com/people/zhang-tai-xin
http://www.zhihu.com/people/xulunyao
http://www.zhihu.com/people/xie-zi-yang-16
http://www.zhihu.com/people/wei-qing-min
http://www.zhihu.com/people/snowlord
http://www.zhihu.com/people/xian-yong-kang
http://www.zhihu.com/people/wu-liang-jie-yi
http://www.zhihu.com/people/hu-yi-5-28
http://www.zhihu.com/people/wang-chao-87-35
http://www.zhihu.com/people/wang-ran-ran-28
http://www.zhihu.com/people/sophie-chen
http://www.zhihu.com/people/tian-chuan-88
http://www.zhihu.com/people/ai-ya-xiao-qiu
http://www.zhihu.com/people/kangxia
http://www.zhihu.com/people/zhou-zuo
http://www.zhihu.com/people/sofia-96
http://www.zhihu.com/people/muse-liu
http://www.zhihu.com/people/madouling
http://www.zhihu.com/people/xia-jie-95
http://www.zhihu.com/people/lin-zheng-32
http://www.zhihu.com/people/jeffen
http://www.zhihu.com/people/ywzgb
http://www.zhihu.com/people/qu-yiming
http://www.zhihu.com/people/xie-juan-13
http://www.zhihu.com/people/tan-hao-92
http://www.zhihu.com/people/zengmin
http://www.zhihu.com/people/xiao-le-67
http://www.zhihu.com/people/lipengbin
http://www.zhihu.com/people/zhang-guan-ren
http://www.zhihu.com/people/tumbler-75
http://www.zhihu.com/people/liang-yu-fan
http://www.zhihu.com/people/lincoln-xie
http://www.zhihu.com/people/guo-quan-qing
http://www.zhihu.com/people/gu-yue-90
http://www.zhihu.com/people/qiaoxiansheng
http://www.zhihu.com/people/yi-shu-94
http://www.zhihu.com/people/zhang-zhuang-lu
http://www.zhihu.com/people/yue-hua-shi-se
http://www.zhihu.com/people/tao-tie-32
http://www.zhihu.com/people/wu-___-fu
http://www.zhihu.com/people/daniel-70-68
http://www.zhihu.com/people/jeremylei
http://www.zhihu.com/people/cui-yu-58
http://www.zhihu.com/people/leelooluu
http://www.zhihu.com/people/lonelist
http://www.zhihu.com/people/suodi
http://www.zhihu.com/people/wolfpan
http://www.zhihu.com/people/zhang-peng-yu-79
http://www.zhihu.com/people/lian-wen-zhao
http://www.zhihu.com/people/zhu-li-nan
http://www.zhihu.com/people/li-chen-32-24
http://www.zhihu.com/people/an-ran-15
http://www.zhihu.com/people/leng-shuai
http://www.zhihu.com/people/wang-miao-35
http://www.zhihu.com/people/da-hu-zi-tina
http://www.zhihu.com/people/cui-bing-bing
http://www.zhihu.com/people/zhao-peng-jie
http://www.zhihu.com/people/wang-sheng-43-24
http://www.zhihu.com/people/googlem
http://www.zhihu.com/people/li-jin-54-4
http://www.zhihu.com/people/scv119
http://www.zhihu.com/people/xu-meng-yin
http://www.zhihu.com/people/nfcheng
http://www.zhihu.com/people/iris-chen-97
http://www.zhihu.com/people/yi-shu-27
http://www.zhihu.com/people/agassihou
http://www.zhihu.com/people/yang-mi-34
http://www.zhihu.com/people/clare-tong
http://www.zhihu.com/people/gspaita
http://www.zhihu.com/people/feversun
http://www.zhihu.com/people/dong-lan-59
http://www.zhihu.com/people/song-tao-4
http://www.zhihu.com/people/guo-lu-50
http://www.zhihu.com/people/xin-yi-29
http://www.zhihu.com/people/ilab
http://www.zhihu.com/people/ledlaohuo
http://www.zhihu.com/people/zhao-zi-chu
http://www.zhihu.com/people/wang-xiao-xiao-71
http://www.zhihu.com/people/aumoney
http://www.zhihu.com/people/ai-shang-du
http://www.zhihu.com/people/liu-chang-1
http://www.zhihu.com/people/zhu-xiao-wu-77
http://www.zhihu.com/people/guisheng-w
http://www.zhihu.com/people/liudongkun
http://www.zhihu.com/people/li-da-ding
http://www.zhihu.com/people/newcomer
http://www.zhihu.com/people/mutuyu
http://www.zhihu.com/people/viking-51
http://www.zhihu.com/people/wu-wen-kui
http://www.zhihu.com/people/cheng-fang-hang
http://www.zhihu.com/people/kiyawong
http://www.zhihu.com/people/tony-hong-43
http://www.zhihu.com/people/dianxiaoxian
http://www.zhihu.com/people/yaoyeR
http://www.zhihu.com/people/li-da-li-58
http://www.zhihu.com/people/chuanhou
http://www.zhihu.com/people/lu-zi-lu-76
http://www.zhihu.com/people/receo
http://www.zhihu.com/people/xiong-mao-chuan-ren
http://www.zhihu.com/people/changkong
http://www.zhihu.com/people/jin-hui-13
http://www.zhihu.com/people/zhang-wu-ren
http://www.zhihu.com/people/su-xiao-___
http://www.zhihu.com/people/li-chen-yang
http://www.zhihu.com/people/Joey9094
http://www.zhihu.com/people/chen-yan-juan
http://www.zhihu.com/people/qiao-yu-61
http://www.zhihu.com/people/li-zhi-94-60
http://www.zhihu.com/people/li-ruo-ruo
http://www.zhihu.com/people/yuger.net
http://www.zhihu.com/people/yao-di-xiao
http://www.zhihu.com/people/xiaochao
http://www.zhihu.com/people/liu-jin-wu-46
http://www.zhihu.com/people/shan-tian
http://www.zhihu.com/people/djean
http://www.zhihu.com/people/ma-ding-17
http://www.zhihu.com/people/zhou-qian-bin
http://www.zhihu.com/people/zao-hu
http://www.zhihu.com/people/lin-wei-jun
http://www.zhihu.com/people/tcstar
http://www.zhihu.com/people/zhu-chen-ge
http://www.zhihu.com/people/hong-hua-jie
http://www.zhihu.com/people/willhall
http://www.zhihu.com/people/ilook
http://www.zhihu.com/people/meng-shui-yi-mou
http://www.zhihu.com/people/ahlex
http://www.zhihu.com/people/zhang-yu-meng-74
http://www.zhihu.com/people/fredomy
http://www.zhihu.com/people/zhou-qian-jun
http://www.zhihu.com/people/mituzhifan
http://www.zhihu.com/people/michael-10-3
http://www.zhihu.com/people/TrusBe
http://www.zhihu.com/people/stig-zhang
http://www.zhihu.com/people/zhou-jia-peng-6
http://www.zhihu.com/people/pei-le
http://www.zhihu.com/people/zheng-yu-wen
http://www.zhihu.com/people/sharonlin
http://www.zhihu.com/people/zhao-yi-jia
http://www.zhihu.com/people/zhang-tian-qi-32
http://www.zhihu.com/people/yun-zi-76
http://www.zhihu.com/people/newlifechou
http://www.zhihu.com/people/GilgameshK
http://www.zhihu.com/people/anyi90
http://www.zhihu.com/people/zheng-jun-53
http://www.zhihu.com/people/shuang-zhi
http://www.zhihu.com/people/wang-wei-49-53
http://www.zhihu.com/people/bo-wen-49
http://www.zhihu.com/people/yu-yang-45
http://www.zhihu.com/people/chanyuanhang
http://www.zhihu.com/people/somethingthat
http://www.zhihu.com/people/ant313
http://www.zhihu.com/people/chenwenguo
http://www.zhihu.com/people/wshiadai
http://www.zhihu.com/people/liu-si-si
http://www.zhihu.com/people/li-gou-hai-12-23
http://www.zhihu.com/people/heerer
http://www.zhihu.com/people/gong-zheng-xuan
http://www.zhihu.com/people/zhang-jia-ling-93
http://www.zhihu.com/people/que-xing-lasia
http://www.zhihu.com/people/zhou-tian-83
http://www.zhihu.com/people/feng-ding-xing
http://www.zhihu.com/people/peng-zhi-ran
http://www.zhihu.com/people/hllcme
http://www.zhihu.com/people/chen-si-ying-24
http://www.zhihu.com/people/zhangta
http://www.zhihu.com/people/zou-dao-kou
http://www.zhihu.com/people/rong-xiao-xiao-82
http://www.zhihu.com/people/wei-zu-tuo
http://www.zhihu.com/people/there4
http://www.zhihu.com/people/zhang-li-63
http://www.zhihu.com/people/lu-cheng-zhang
http://www.zhihu.com/people/qu-peng-55
http://www.zhihu.com/people/wen-tao-4
http://www.zhihu.com/people/wang-yuan-66-5
http://www.zhihu.com/people/ssdcz
http://www.zhihu.com/people/xie-feng-87
http://www.zhihu.com/people/zhong-xin-yue
http://www.zhihu.com/people/lchaox
http://www.zhihu.com/people/leemoispace
http://www.zhihu.com/people/li-an
http://www.zhihu.com/people/zhong-dong-hong
http://www.zhihu.com/people/hei-yan-94
http://www.zhihu.com/people/lu-wen-kai-17
http://www.zhihu.com/people/liao-jia-97
http://www.zhihu.com/people/liang-chao-fei
http://www.zhihu.com/people/jiang-xiao-mao
http://www.zhihu.com/people/wu-xiao-sheng
http://www.zhihu.com/people/lobo-73
http://www.zhihu.com/people/lu-yu-fan
http://www.zhihu.com/people/gu-ji
http://www.zhihu.com/people/yi-you-16
http://www.zhihu.com/people/edword
http://www.zhihu.com/people/peiyang1895
http://www.zhihu.com/people/jiang-hong-chang
http://www.zhihu.com/people/hu-hao-35
http://www.zhihu.com/people/lekai_huang
http://www.zhihu.com/people/namiheike
http://www.zhihu.com/people/chen-___-xi
http://www.zhihu.com/people/chang-kai-xin-85
http://www.zhihu.com/people/yuyanowen
http://www.zhihu.com/people/vivixb
http://www.zhihu.com/people/ran-ye
http://www.zhihu.com/people/mi-qi
http://www.zhihu.com/people/zhou-peng-92
http://www.zhihu.com/people/li-qi-yi
http://www.zhihu.com/people/chen-xiao-mei
http://www.zhihu.com/people/chbkill
http://www.zhihu.com/people/Ophelia_L
http://www.zhihu.com/people/wang-lu-317
http://www.zhihu.com/people/yang-zhi-wen
http://www.zhihu.com/people/hong-xue-ni
http://www.zhihu.com/people/zhao-xiao-jing-20
http://www.zhihu.com/people/shi-da-shu
http://www.zhihu.com/people/miao-zhong-yu
http://www.zhihu.com/people/nuan-yang-jiu-dian
http://www.zhihu.com/people/dou-he
http://www.zhihu.com/people/li-han-jia-11
http://www.zhihu.com/people/yu-bo-yu
http://www.zhihu.com/people/lin-chen-42
http://www.zhihu.com/people/yu-san-geng
http://www.zhihu.com/people/gao-cong-68
http://www.zhihu.com/people/jie-ying
http://www.zhihu.com/people/wang-si-heng-gino
http://www.zhihu.com/people/zhang-peng-1
http://www.zhihu.com/people/zhao-nan-zi
http://www.zhihu.com/people/xiao-lin-80
http://www.zhihu.com/people/chen-ji-88
http://www.zhihu.com/people/zhou-guo-wei
http://www.zhihu.com/people/liu-hong-cai
http://www.zhihu.com/people/bjchaodaye
http://www.zhihu.com/people/zhang-mo-gu-88
http://www.zhihu.com/people/shu-zhan-38
http://www.zhihu.com/people/li-xiao-xuan-95
http://www.zhihu.com/people/lu-bei-er
http://www.zhihu.com/people/liuyulin
http://www.zhihu.com/people/mondaylaugh
http://www.zhihu.com/people/A3R2012
http://www.zhihu.com/people/wicket-gate
http://www.zhihu.com/people/yanghongyang
http://www.zhihu.com/people/bigbod
http://www.zhihu.com/people/anxious
http://www.zhihu.com/people/zheng-ji
http://www.zhihu.com/people/meng-si-yan-87
http://www.zhihu.com/people/kondi
http://www.zhihu.com/people/s1798
http://www.zhihu.com/people/zhouc-64
http://www.zhihu.com/people/saner
http://www.zhihu.com/people/SkyWalkerAL
http://www.zhihu.com/people/fan-he-40
http://www.zhihu.com/people/jie-shuai-bing
http://www.zhihu.com/people/cai-zheng-gen
http://www.zhihu.com/people/ehua9588
http://www.zhihu.com/people/ma-bin-wei
http://www.zhihu.com/people/xie-ming-ke
http://www.zhihu.com/people/zhang-shuo-70-43
http://www.zhihu.com/people/r-sir
http://www.zhihu.com/people/kongxiangyuan
http://www.zhihu.com/people/chaos
http://www.zhihu.com/people/elekchen
http://www.zhihu.com/people/zuo-han-26
http://www.zhihu.com/people/sun-xiao-fang-48
http://www.zhihu.com/people/yang-kai-guang
http://www.zhihu.com/people/ludwigweib
http://www.zhihu.com/people/di-xiao-bin
http://www.zhihu.com/people/li-qiang-24-97
http://www.zhihu.com/people/nicky-53
http://www.zhihu.com/people/wu-zhi-peng-48
http://www.zhihu.com/people/erik
http://www.zhihu.com/people/zhao-li-59
http://www.zhihu.com/people/su-yao
http://www.zhihu.com/people/pan-rong-rong
http://www.zhihu.com/people/zheng-wei-liang
http://www.zhihu.com/people/zhang-hu-66-1
http://www.zhihu.com/people/linkinmars
http://www.zhihu.com/people/zhang-fu-qing-28
http://www.zhihu.com/people/danielwu89
http://www.zhihu.com/people/callme314
http://www.zhihu.com/people/xu-yu-xiang-74
http://www.zhihu.com/people/wtttttt123
http://www.zhihu.com/people/keqiya
http://www.zhihu.com/people/zhang-ting-ting-94
http://www.zhihu.com/people/li-min-70
http://www.zhihu.com/people/brucmao
http://www.zhihu.com/people/luo-dao-yun
http://www.zhihu.com/people/bai-ju-18
http://www.zhihu.com/people/lu-xiao-qian
http://www.zhihu.com/people/xiaozi
http://www.zhihu.com/people/whoami4444-13-24
http://www.zhihu.com/people/shek
http://www.zhihu.com/people/dai-bai
http://www.zhihu.com/people/lu-peng-wen-5
http://www.zhihu.com/people/wang-wei-12-50
http://www.zhihu.com/people/sun-chang-he
http://www.zhihu.com/people/lanslife
http://www.zhihu.com/people/shui-ci-wu-fang
http://www.zhihu.com/people/zi-quan-26
http://www.zhihu.com/people/yang-yuan-40
http://www.zhihu.com/people/wooden
http://www.zhihu.com/people/lu-peng-wei
http://www.zhihu.com/people/qcalex
http://www.zhihu.com/people/mmyww
http://www.zhihu.com/people/yshone
http://www.zhihu.com/people/onelite
http://www.zhihu.com/people/wang-chao-59
http://www.zhihu.com/people/kennyshuai
http://www.zhihu.com/people/huang-yi-xuan
http://www.zhihu.com/people/zhou-mian-77
http://www.zhihu.com/people/xu-jun-59-87
http://www.zhihu.com/people/liu-yichun
http://www.zhihu.com/people/tongjinghao
http://www.zhihu.com/people/po-dai
http://www.zhihu.com/people/jin-xiao-jian-63
http://www.zhihu.com/people/xun-xun-17
http://www.zhihu.com/people/xuzhihong
http://www.zhihu.com/people/li-lu-37
http://www.zhihu.com/people/ying-wang-hua
http://www.zhihu.com/people/Paaaam
http://www.zhihu.com/people/liu-quan-chao
http://www.zhihu.com/people/yanglifei
http://www.zhihu.com/people/fan-juan-juan
http://www.zhihu.com/people/starryxue
http://www.zhihu.com/people/hu-tu-tu-97
http://www.zhihu.com/people/blackswan
http://www.zhihu.com/people/jameshsu
http://www.zhihu.com/people/awp33
http://www.zhihu.com/people/fanting
http://www.zhihu.com/people/jiang-you-78
http://www.zhihu.com/people/ava-liu
http://www.zhihu.com/people/Eth4n
http://www.zhihu.com/people/tian-qi-98
http://www.zhihu.com/people/alley-13
http://www.zhihu.com/people/jasonyang
http://www.zhihu.com/people/zhu-li-97
http://www.zhihu.com/people/lichzy
http://www.zhihu.com/people/imceobitch
http://www.zhihu.com/people/leungma
http://www.zhihu.com/people/zhu-zi-13-51
http://www.zhihu.com/people/te-te-54
http://www.zhihu.com/people/jack-35-66
http://www.zhihu.com/people/wu-dan-68
http://www.zhihu.com/people/li-li-gang
http://www.zhihu.com/people/ca01ei
http://www.zhihu.com/people/jiu-ling-43
http://www.zhihu.com/people/zhang-yang-85
http://www.zhihu.com/people/su-fei-17
http://www.zhihu.com/people/fu-jia-qi
http://www.zhihu.com/people/OursLeya
http://www.zhihu.com/people/an-zhi-25
http://www.zhihu.com/people/raymond-wang
http://www.zhihu.com/people/shu-zi-36
http://www.zhihu.com/people/charmgene
http://www.zhihu.com/people/lisa-49
http://www.zhihu.com/people/chouthen
http://www.zhihu.com/people/huo-xing-jing
http://www.zhihu.com/people/keat
http://www.zhihu.com/people/mixt
http://www.zhihu.com/people/wang-lei-52
http://www.zhihu.com/people/adam-suen
http://www.zhihu.com/people/liang-zhao-xin-81
http://www.zhihu.com/people/chen-zhan-zhu
http://www.zhihu.com/people/endlessturelove
http://www.zhihu.com/people/qiyongwong
http://www.zhihu.com/people/zhou-rui-3
http://www.zhihu.com/people/andy-2-79
http://www.zhihu.com/people/paicha
http://www.zhihu.com/people/hao-cun
http://www.zhihu.com/people/stconstance
http://www.zhihu.com/people/jin-zhi-yu
http://www.zhihu.com/people/imapollo
http://www.zhihu.com/people/leunja
http://www.zhihu.com/people/cherrydcy
http://www.zhihu.com/people/gao-ya-xin
http://www.zhihu.com/people/KrisLiu
http://www.zhihu.com/people/da-peng-64
http://www.zhihu.com/people/yujingye
http://www.zhihu.com/people/xuexue
http://www.zhihu.com/people/shen-xing-you
http://www.zhihu.com/people/zengjiajun
http://www.zhihu.com/people/zhang-ge-84
http://www.zhihu.com/people/tan-yan-51
http://www.zhihu.com/people/yuchilinfeng
http://www.zhihu.com/people/gao-da-li
http://www.zhihu.com/people/liang-peng-cheng-70
http://www.zhihu.com/people/lifetune
http://www.zhihu.com/people/kyonkoo
http://www.zhihu.com/people/xixian
http://www.zhihu.com/people/davyzhong
http://www.zhihu.com/people/lynnchang
http://www.zhihu.com/people/sophie-f
http://www.zhihu.com/people/song-kai-li
http://www.zhihu.com/people/chi-yi-75
http://www.zhihu.com/people/rene-zhu
http://www.zhihu.com/people/zqstarmoon
http://www.zhihu.com/people/suckitup
http://www.zhihu.com/people/zhou-xiao-long-23
http://www.zhihu.com/people/queenie-83
http://www.zhihu.com/people/xie-kai-63
http://www.zhihu.com/people/meng-yu-meng-80
http://www.zhihu.com/people/qing-si
http://www.zhihu.com/people/liu-li-hua-49
http://www.zhihu.com/people/li-lin-quan
http://www.zhihu.com/people/kan-chi-you
http://www.zhihu.com/people/li-mu-zi-62
http://www.zhihu.com/people/liu-xiao-lu-20
http://www.zhihu.com/people/zhouzhou-75
http://www.zhihu.com/people/wu-wei-96-47
http://www.zhihu.com/people/derricktaug
http://www.zhihu.com/people/pan-jie-yao
http://www.zhihu.com/people/chen-xin-13
http://www.zhihu.com/people/daguo
http://www.zhihu.com/people/zhang-jian-qiang-28
http://www.zhihu.com/people/lang-lang-27
http://www.zhihu.com/people/singlex
http://www.zhihu.com/people/zhang-run-zi
http://www.zhihu.com/people/zhao-hong-yu-75
http://www.zhihu.com/people/positive52energy
http://www.zhihu.com/people/luoyang
http://www.zhihu.com/people/zhibaishouhei-43
http://www.zhihu.com/people/yang-xiao-dong-55
http://www.zhihu.com/people/june-74
http://www.zhihu.com/people/bao-zheng-liang
http://www.zhihu.com/people/yan-han-8-47
http://www.zhihu.com/people/zhou-pei-kun
http://www.zhihu.com/people/xiaofengfu
http://www.zhihu.com/people/vechen
http://www.zhihu.com/people/ma-xiao-yue
http://www.zhihu.com/people/jerry-cen
http://www.zhihu.com/people/zhang-zhuo-15-61
http://www.zhihu.com/people/li-hao-xian-30
http://www.zhihu.com/people/xia-xia
http://www.zhihu.com/people/yang-zhong-min
http://www.zhihu.com/people/teng-xin
http://www.zhihu.com/people/xu-yi-bin-2
http://www.zhihu.com/people/zhuang-yi-hao
http://www.zhihu.com/people/xu-feng-74
http://www.zhihu.com/people/yang-er-ya
http://www.zhihu.com/people/Knact
http://www.zhihu.com/people/alvin2027
http://www.zhihu.com/people/dawei101
http://www.zhihu.com/people/fanpancn
http://www.zhihu.com/people/zhou-lei-4-25
http://www.zhihu.com/people/penson
http://www.zhihu.com/people/Icinderella
http://www.zhihu.com/people/zhou-ling-tao
http://www.zhihu.com/people/zhu-qing-80
http://www.zhihu.com/people/wang-peng-peng-50
http://www.zhihu.com/people/tounitony
http://www.zhihu.com/people/sarah-48
http://www.zhihu.com/people/teng-xun
http://www.zhihu.com/people/yang-feng-74
http://www.zhihu.com/people/chen-yuan-81
http://www.zhihu.com/people/wang-yiyi-75
http://www.zhihu.com/people/zhu-ming-37
http://www.zhihu.com/people/IrfanStyle
http://www.zhihu.com/people/yu-ju
http://www.zhihu.com/people/yu-jia-ming
http://www.zhihu.com/people/yang-xiu-feng-84
http://www.zhihu.com/people/paprikaz
http://www.zhihu.com/people/yang-cong-quan-man-tou
http://www.zhihu.com/people/wu-han-bin
http://www.zhihu.com/people/leochin
http://www.zhihu.com/people/xia-mi-3-82
http://www.zhihu.com/people/cai-yan-ting-81
http://www.zhihu.com/people/qiu-yong-cun
http://www.zhihu.com/people/vent
http://www.zhihu.com/people/qingxia
http://www.zhihu.com/people/liu-xiao-qi-87
http://www.zhihu.com/people/shuai-ding-xin-real
http://www.zhihu.com/people/jia-chuan
http://www.zhihu.com/people/zhou-jie-40
http://www.zhihu.com/people/iyan
http://www.zhihu.com/people/qian-bo-wen
http://www.zhihu.com/people/li-ze-hua-39
http://www.zhihu.com/people/yao-xing-guang
http://www.zhihu.com/people/fan-chao-83
http://www.zhihu.com/people/shao-bin-bin
http://www.zhihu.com/people/654321
http://www.zhihu.com/people/zhang-xue-wei
http://www.zhihu.com/people/mo-tai-meng
http://www.zhihu.com/people/xia-hai-long-27
http://www.zhihu.com/people/sun-zhuo-42
http://www.zhihu.com/people/rubia-38
http://www.zhihu.com/people/lin-ai-24
http://www.zhihu.com/people/chen-dong-35-62
http://www.zhihu.com/people/deng-yu-chao
http://www.zhihu.com/people/memento-mori
http://www.zhihu.com/people/cao-wang
http://www.zhihu.com/people/gong-huan-qi
http://www.zhihu.com/people/zhang-hua-shan
http://www.zhihu.com/people/dohu
http://www.zhihu.com/people/guo-qiu-hua
http://www.zhihu.com/people/dai-dai-93
http://www.zhihu.com/people/j-tardis
http://www.zhihu.com/people/cai-jun-lian
http://www.zhihu.com/people/changhen
http://www.zhihu.com/people/an-jian-qi
http://www.zhihu.com/people/zhu-miao-62
http://www.zhihu.com/people/liudongdong
http://www.zhihu.com/people/wu-xiao-qiang-83
http://www.zhihu.com/people/alvis-zhong
http://www.zhihu.com/people/luo-zhi-gang
http://www.zhihu.com/people/kang-zhong-ze
http://www.zhihu.com/people/xia-gu-lin
http://www.zhihu.com/people/liu-bing-15
http://www.zhihu.com/people/qi-da
http://www.zhihu.com/people/xiaohg
http://www.zhihu.com/people/sallysisyphus
http://www.zhihu.com/people/wang-jun-jun
http://www.zhihu.com/people/xizon
http://www.zhihu.com/people/he-yong-xiang
http://www.zhihu.com/people/wang-wei-yang-53
http://www.zhihu.com/people/wang-zhen-min
http://www.zhihu.com/people/zhou-cheng-xuan
http://www.zhihu.com/people/zhang-jian-yuan-62
http://www.zhihu.com/people/delphiki-wang
http://www.zhihu.com/people/cg286
http://www.zhihu.com/people/xiao-xi-39
http://www.zhihu.com/people/wu-zhen-yu-81
http://www.zhihu.com/people/qun-zhi
http://www.zhihu.com/people/monicaguiji
http://www.zhihu.com/people/cheng-ni
http://www.zhihu.com/people/CINDYBABY
http://www.zhihu.com/people/zhang-jun-feng-88
http://www.zhihu.com/people/chen-jian-12-47
http://www.zhihu.com/people/yang-shu-ting-43
http://www.zhihu.com/people/fan-chao-45
http://www.zhihu.com/people/wu-nan-long
http://www.zhihu.com/people/cinderellaing
http://www.zhihu.com/people/ttalice
http://www.zhihu.com/people/gan-lan-48
http://www.zhihu.com/people/garycruise
http://www.zhihu.com/people/chen-lai-65
http://www.zhihu.com/people/wang-wen-ping
http://www.zhihu.com/people/carriage-clock
http://www.zhihu.com/people/katiie
http://www.zhihu.com/people/vance92
http://www.zhihu.com/people/ccat
http://www.zhihu.com/people/yediot
http://www.zhihu.com/people/yi-nu
http://www.zhihu.com/people/xiao-gang-71
http://www.zhihu.com/people/fuzhi
http://www.zhihu.com/people/lao-qiang-80
http://www.zhihu.com/people/zhang-yan-31-99
http://www.zhihu.com/people/zhangbula
http://www.zhihu.com/people/luo-hao-45
http://www.zhihu.com/people/vagrant
http://www.zhihu.com/people/zhou-zhou-70-90
http://www.zhihu.com/people/li-xin-92-29
http://www.zhihu.com/people/prxh
http://www.zhihu.com/people/dwade
http://www.zhihu.com/people/miaomiF
http://www.zhihu.com/people/wangping102
http://www.zhihu.com/people/liu-qing-1
http://www.zhihu.com/people/tang-ming-21
http://www.zhihu.com/people/zhu-yi-lin-41
http://www.zhihu.com/people/yao-wang-67
http://www.zhihu.com/people/xiao-jing-69-6
http://www.zhihu.com/people/yonneyubu
http://www.zhihu.com/people/Novamix
http://www.zhihu.com/people/sentimental_animal
http://www.zhihu.com/people/laixiaolai
http://www.zhihu.com/people/xiao-jun-99
http://www.zhihu.com/people/wang-zhi-yang-40
http://www.zhihu.com/people/viplcy
http://www.zhihu.com/people/feng-shao-jie
http://www.zhihu.com/people/yao
http://www.zhihu.com/people/gino-23
http://www.zhihu.com/people/Crachman
http://www.zhihu.com/people/huang-chen-15
http://www.zhihu.com/people/wei-zhi-49
http://www.zhihu.com/people/a-li-daniel
http://www.zhihu.com/people/sneakercn
http://www.zhihu.com/people/lulu-43
http://www.zhihu.com/people/zichengzhang
http://www.zhihu.com/people/summer2flower
http://www.zhihu.com/people/li-zheng-dao
http://www.zhihu.com/people/juelu
http://www.zhihu.com/people/chenghan
http://www.zhihu.com/people/ihacku
http://www.zhihu.com/people/yu-bo-yang
http://www.zhihu.com/people/eilif
http://www.zhihu.com/people/wang-xiao-jie-38
http://www.zhihu.com/people/halu-98
http://www.zhihu.com/people/mirisa
http://www.zhihu.com/people/THFQ
http://www.zhihu.com/people/gina-guo
http://www.zhihu.com/people/wen-jian
http://www.zhihu.com/people/slq-24
http://www.zhihu.com/people/david-du
http://www.zhihu.com/people/yuyiyouxia
http://www.zhihu.com/people/sophiazheng
http://www.zhihu.com/people/nicholezhou
http://www.zhihu.com/people/lu-xiao-xun
http://www.zhihu.com/people/gao-fan-90
http://www.zhihu.com/people/leo-51-32
http://www.zhihu.com/people/shengtudou
http://www.zhihu.com/people/alex-10
http://www.zhihu.com/people/zhang-cheng-yang
http://www.zhihu.com/people/shrioneko
http://www.zhihu.com/people/yision
http://www.zhihu.com/people/qia-qia-tuo
http://www.zhihu.com/people/MelodyORZ
http://www.zhihu.com/people/zhao-zhi-jing
http://www.zhihu.com/people/paranoid
http://www.zhihu.com/people/triyte
http://www.zhihu.com/people/jiang-xiang-ling
http://www.zhihu.com/people/xiaolud
http://www.zhihu.com/people/lynnling-yun
http://www.zhihu.com/people/dancewiththesea
http://www.zhihu.com/people/fang-fang-85-6
http://www.zhihu.com/people/peng-xiao-long
http://www.zhihu.com/people/qiu-yi-xin
http://www.zhihu.com/people/fan-yong-xian
http://www.zhihu.com/people/wu-di-4
http://www.zhihu.com/people/song-yue-yuan
http://www.zhihu.com/people/bai-peng
http://www.zhihu.com/people/jeeson
http://www.zhihu.com/people/saintpeter
http://www.zhihu.com/people/cen-cheng
http://www.zhihu.com/people/zhou-rui-jin
http://www.zhihu.com/people/zhounan
http://www.zhihu.com/people/Renlianfu
http://www.zhihu.com/people/tong-qian
http://www.zhihu.com/people/88sir
http://www.zhihu.com/people/yuanyue
http://www.zhihu.com/people/timcheung
http://www.zhihu.com/people/myericnic
http://www.zhihu.com/people/gao-yu-15
http://www.zhihu.com/people/shu-yan-76
http://www.zhihu.com/people/xu-tao-27
http://www.zhihu.com/people/zhangxvliang
http://www.zhihu.com/people/wu-zhu-46
http://www.zhihu.com/people/di-xin-tao
http://www.zhihu.com/people/yi-yang-30
http://www.zhihu.com/people/tian-qia
http://www.zhihu.com/people/peter-39-92
http://www.zhihu.com/people/potatows
http://www.zhihu.com/people/liang-yuan-76
http://www.zhihu.com/people/advertisements
http://www.zhihu.com/people/sun-jian-wei
http://www.zhihu.com/people/malance1019
http://www.zhihu.com/people/yang-meng-
http://www.zhihu.com/people/lao-l
http://www.zhihu.com/people/darkwindsd
http://www.zhihu.com/people/jwfing
http://www.zhihu.com/people/wu-zhen-13
http://www.zhihu.com/people/shawphy
http://www.zhihu.com/people/sun-jian-53
http://www.zhihu.com/people/zhenghuiwen
http://www.zhihu.com/people/hu-kun
http://www.zhihu.com/people/mashengkang
http://www.zhihu.com/people/chai-pi-ma
http://www.zhihu.com/people/herolifan
http://www.zhihu.com/people/chen-hao-23
http://www.zhihu.com/people/gaozongwen
http://www.zhihu.com/people/DDou
http://www.zhihu.com/people/jonas-yang
http://www.zhihu.com/people/elaines
http://www.zhihu.com/people/alice-75
http://www.zhihu.com/people/litchiliu
http://www.zhihu.com/people/rare
http://www.zhihu.com/people/liu-tian-34
http://www.zhihu.com/people/yuany
http://www.zhihu.com/people/hao-ren-73
http://www.zhihu.com/people/dingge
http://www.zhihu.com/people/kebord
http://www.zhihu.com/people/renecn530
http://www.zhihu.com/people/yan-wei-47
http://www.zhihu.com/people/pan7an
http://www.zhihu.com/people/zuimai
http://www.zhihu.com/people/zhu-wen
http://www.zhihu.com/people/kone
http://www.zhihu.com/people/leimingjeff
http://www.zhihu.com/people/dismory
http://www.zhihu.com/people/dong-chun-peng
http://www.zhihu.com/people/lao-chang
http://www.zhihu.com/people/yin-jing-can
http://www.zhihu.com/people/smoclock
http://www.zhihu.com/people/zaiyiqi
http://www.zhihu.com/people/huo-di-xiang
http://www.zhihu.com/people/amuro1230
http://www.zhihu.com/people/JamesHsia
http://www.zhihu.com/people/bear143
http://www.zhihu.com/people/azhu
http://www.zhihu.com/people/zhangshengjie
http://www.zhihu.com/people/pan-duo-fei
http://www.zhihu.com/people/chen-yun-tian
http://www.zhihu.com/people/tiezhen
http://www.zhihu.com/people/xu-zhe-heng
http://www.zhihu.com/people/chang-gong
http://www.zhihu.com/people/xiaoo
http://www.zhihu.com/people/VegasWang
http://www.zhihu.com/people/lin-hui-hao-5
http://www.zhihu.com/people/adozoo
http://www.zhihu.com/people/huahui
http://www.zhihu.com/people/pan-da-mo
http://www.zhihu.com/people/perry-song
http://www.zhihu.com/people/yan-hao
http://www.zhihu.com/people/wang-zhu-54
http://www.zhihu.com/people/xu-jing-78
http://www.zhihu.com/people/guo-xiao-meng
http://www.zhihu.com/people/zhang-zhan-tu
http://www.zhihu.com/people/lan-qiu-71
http://www.zhihu.com/people/he-he-he-38
http://www.zhihu.com/people/stephen-cheng
http://www.zhihu.com/people/siqin
http://www.zhihu.com/people/choupiyang
http://www.zhihu.com/people/liu-li-yan
http://www.zhihu.com/people/yiyibeta2
http://www.zhihu.com/people/ge-ge-wu
http://www.zhihu.com/people/addice
http://www.zhihu.com/people/yarkee
http://www.zhihu.com/people/justinby
http://www.zhihu.com/people/maoxxcn
http://www.zhihu.com/people/GTK
http://www.zhihu.com/people/mo-wen-49
http://www.zhihu.com/people/evenstar
http://www.zhihu.com/people/feng-kui-zhi
http://www.zhihu.com/people/chougu
http://www.zhihu.com/people/gigglie
http://www.zhihu.com/people/rebecca-30
http://www.zhihu.com/people/talina
http://www.zhihu.com/people/zhenqu
http://www.zhihu.com/people/wu-tian-yu-46
http://www.zhihu.com/people/hu-ya-xuan
http://www.zhihu.com/people/du-zhi-hong
http://www.zhihu.com/people/once-gun
http://www.zhihu.com/people/cranks
http://www.zhihu.com/people/marshallzhang
http://www.zhihu.com/people/li-lu-69
http://www.zhihu.com/people/raywang
http://www.zhihu.com/people/yang-si-yuan-30
http://www.zhihu.com/people/zhang-xiao-60-51
http://www.zhihu.com/people/bookcold
http://www.zhihu.com/people/he-kuan
http://www.zhihu.com/people/li-jia-ming
http://www.zhihu.com/people/ya-tou-jun-r
http://www.zhihu.com/people/zoe-zhou-9
http://www.zhihu.com/people/shan-lu
http://www.zhihu.com/people/xiaodaoren
http://www.zhihu.com/people/jiangzhongbo
http://www.zhihu.com/people/bu-xiang
http://www.zhihu.com/people/tian-ji-shun
http://www.zhihu.com/people/xuechengxi
http://www.zhihu.com/people/xiao-lan-bob
http://www.zhihu.com/people/cybersaber
http://www.zhihu.com/people/gekko
http://www.zhihu.com/people/miss-guo
http://www.zhihu.com/people/jabi
http://www.zhihu.com/people/zhangminxing
http://www.zhihu.com/people/yesliwen
http://www.zhihu.com/people/gengxuoxu
http://www.zhihu.com/people/RegulusW
http://www.zhihu.com/people/hzksh
http://www.zhihu.com/people/lu-ming-hua-11
http://www.zhihu.com/people/kang-sheng-jin
http://www.zhihu.com/people/key4ever
http://www.zhihu.com/people/highend
http://www.zhihu.com/people/li-yang-46
http://www.zhihu.com/people/zhihu_lxl
http://www.zhihu.com/people/yan-peng-61
http://www.zhihu.com/people/gu-hui-63
http://www.zhihu.com/people/anant
http://www.zhihu.com/people/zkaip
http://www.zhihu.com/people/dai-da-bei
http://www.zhihu.com/people/yansisi
http://www.zhihu.com/people/xiaomasong
http://www.zhihu.com/people/hubird
http://www.zhihu.com/people/li-da
http://www.zhihu.com/people/chung
http://www.zhihu.com/people/zhang-jian-wei-1225
http://www.zhihu.com/people/wang-li-ju
http://www.zhihu.com/people/li-tai-xian
http://www.zhihu.com/people/puyun
http://www.zhihu.com/people/jovial
http://www.zhihu.com/people/wang-lan-ying
http://www.zhihu.com/people/zhu-feng-xiang
http://www.zhihu.com/people/sirnani
http://www.zhihu.com/people/chen-yong-welcome
http://www.zhihu.com/people/lin-yuan
http://www.zhihu.com/people/shenpl
http://www.zhihu.com/people/waynezhang
http://www.zhihu.com/people/Judesi
http://www.zhihu.com/people/cicixioo
http://www.zhihu.com/people/tang-gang-87
http://www.zhihu.com/people/wu-hong-liang
http://www.zhihu.com/people/pastbai
http://www.zhihu.com/people/li-xiao-wen-2
http://www.zhihu.com/people/bai-ban
http://www.zhihu.com/people/zhang-jian-fei
http://www.zhihu.com/people/leecm
http://www.zhihu.com/people/shoujiyonghu007
http://www.zhihu.com/people/a-wei-17
http://www.zhihu.com/people/lynn023
http://www.zhihu.com/people/su-jun-yang
http://www.zhihu.com/people/fjjfjj
http://www.zhihu.com/people/uniquet
http://www.zhihu.com/people/xu-ming-xi
http://www.zhihu.com/people/zhou-xiao-nong
http://www.zhihu.com/people/wang-xiao-hui-58
http://www.zhihu.com/people/intuitive
http://www.zhihu.com/people/bcstyle
http://www.zhihu.com/people/huang-wei-jun-36
http://www.zhihu.com/people/thinkind
http://www.zhihu.com/people/iplawyer
http://www.zhihu.com/people/jia-qi-28
http://www.zhihu.com/people/chenjuan
http://www.zhihu.com/people/ding-yan-qing
http://www.zhihu.com/people/gu-ke-fan
http://www.zhihu.com/people/song-fei
http://www.zhihu.com/people/chen-can
http://www.zhihu.com/people/zhupengjing
http://www.zhihu.com/people/daozhuang
http://www.zhihu.com/people/linsong
http://www.zhihu.com/people/pilo
http://www.zhihu.com/people/sasaki
http://www.zhihu.com/people/li-jing-sheng
http://www.zhihu.com/people/xie-qiang
http://www.zhihu.com/people/tong-yan-80
http://www.zhihu.com/people/lu-zhong-shu
http://www.zhihu.com/people/mj1997
http://www.zhihu.com/people/fanxiaohe
http://www.zhihu.com/people/anyyj
http://www.zhihu.com/people/wan-ying
http://www.zhihu.com/people/wu-xin-zhao
http://www.zhihu.com/people/zhang-bing-hui
http://www.zhihu.com/people/gao-qiang-69
http://www.zhihu.com/people/lu-hua-hai
http://www.zhihu.com/people/gerrardyang
http://www.zhihu.com/people/luo-zi-lun
http://www.zhihu.com/people/gao-shun
http://www.zhihu.com/people/wang-fei-yu-64
http://www.zhihu.com/people/sunyan0723
http://www.zhihu.com/people/yexiaofei
http://www.zhihu.com/people/jerry-hu
http://www.zhihu.com/people/joancheng
http://www.zhihu.com/people/bai-zhi-yang
http://www.zhihu.com/people/2fly
http://www.zhihu.com/people/guokeru
http://www.zhihu.com/people/jiang-yi-yi
http://www.zhihu.com/people/jcli-run-tao
http://www.zhihu.com/people/xiao-fei-17
http://www.zhihu.com/people/stelladingding
http://www.zhihu.com/people/hanchuanle
http://www.zhihu.com/people/ben-ben-32
http://www.zhihu.com/people/wanghou
http://www.zhihu.com/people/peng-ren
http://www.zhihu.com/people/huang-qing-77
http://www.zhihu.com/people/kang-li-49
http://www.zhihu.com/people/honey3000
http://www.zhihu.com/people/zhu-jun-56
http://www.zhihu.com/people/ba-fei
http://www.zhihu.com/people/li-hui-21
http://www.zhihu.com/people/zhang-wei-jing
http://www.zhihu.com/people/xiao-dong-zg
http://www.zhihu.com/people/yehaoyong
http://www.zhihu.com/people/flyingray
http://www.zhihu.com/people/wang-xue-qing
http://www.zhihu.com/people/liu-yizhuo
http://www.zhihu.com/people/zhaolei
http://www.zhihu.com/people/beique
http://www.zhihu.com/people/zhang-feng-yue
http://www.zhihu.com/people/zhang-lian-jie
http://www.zhihu.com/people/hanoi
http://www.zhihu.com/people/cmdyl
http://www.zhihu.com/people/littlesoda
http://www.zhihu.com/people/zhong-nan-40
http://www.zhihu.com/people/yihuixue
http://www.zhihu.com/people/zhao-shu-yan
http://www.zhihu.com/people/ringo
http://www.zhihu.com/people/huang-xiao-song-86
http://www.zhihu.com/people/tigerscott
http://www.zhihu.com/people/Benj.W
http://www.zhihu.com/people/lu-lu-1-65
http://www.zhihu.com/people/panfeng
http://www.zhihu.com/people/sinopitt
http://www.zhihu.com/people/xing-xiao-long
http://www.zhihu.com/people/jian-jian-13
http://www.zhihu.com/people/costi
http://www.zhihu.com/people/song-he-44
http://www.zhihu.com/people/jiang-lei-21
http://www.zhihu.com/people/cklover
http://www.zhihu.com/people/hu-hu-42
http://www.zhihu.com/people/suparni
http://www.zhihu.com/people/xuxing
http://www.zhihu.com/people/cris91
http://www.zhihu.com/people/melaniening
http://www.zhihu.com/people/wei-tao
http://www.zhihu.com/people/florence-wu
http://www.zhihu.com/people/li-jin-gang
http://www.zhihu.com/people/yao-xiao-xuan-74
http://www.zhihu.com/people/senz
http://www.zhihu.com/people/chandlersu
http://www.zhihu.com/people/JeOam
http://www.zhihu.com/people/zhou-hua-song
http://www.zhihu.com/people/luo-yi-lin
http://www.zhihu.com/people/evoleo
http://www.zhihu.com/people/wang-xiao-49
http://www.zhihu.com/people/wang-wei-63
http://www.zhihu.com/people/miao-de-ling
http://www.zhihu.com/people/lianghuan
http://www.zhihu.com/people/addjdkxeke
http://www.zhihu.com/people/liu-hang-62
http://www.zhihu.com/people/GavinQi
http://www.zhihu.com/people/li-a-xiao
http://www.zhihu.com/people/rangerqu
http://www.zhihu.com/people/bai-ze
http://www.zhihu.com/people/fengdecong
http://www.zhihu.com/people/wenxiaoqiu
http://www.zhihu.com/people/myxydx
http://www.zhihu.com/people/wangzhaojing
http://www.zhihu.com/people/liu-shui-96
http://www.zhihu.com/people/juncus
http://www.zhihu.com/people/hugotang.info
http://www.zhihu.com/people/xiaoqing80s
http://www.zhihu.com/people/huang-xing-67
http://www.zhihu.com/people/zei-xi-bao
http://www.zhihu.com/people/taoqixiaopan
http://www.zhihu.com/people/22net
http://www.zhihu.com/people/jia-tian-chang
http://www.zhihu.com/people/langqixu
http://www.zhihu.com/people/niuye
http://www.zhihu.com/people/beckchao
http://www.zhihu.com/people/dxqtm
http://www.zhihu.com/people/zhu-hui-lai
http://www.zhihu.com/people/dan-shu-hang
http://www.zhihu.com/people/lxk90
http://www.zhihu.com/people/lyzbeishida
http://www.zhihu.com/people/leiming
http://www.zhihu.com/people/zzxadi
http://www.zhihu.com/people/zxb888
http://www.zhihu.com/people/alexpoo
http://www.zhihu.com/people/guoxuan
http://www.zhihu.com/people/zzzx8848
http://www.zhihu.com/people/lu-yi-68
http://www.zhihu.com/people/caixun
http://www.zhihu.com/people/terse-prome
http://www.zhihu.com/people/caozhiwei
http://www.zhihu.com/people/ananproduct
http://www.zhihu.com/people/cai-tong
http://www.zhihu.com/people/anyan
http://www.zhihu.com/people/nina-rong
http://www.zhihu.com/people/akirabread
http://www.zhihu.com/people/gongxin
http://www.zhihu.com/people/liuxiang
http://www.zhihu.com/people/lu-qing
http://www.zhihu.com/people/oxygen
http://www.zhihu.com/people/ninikin
http://www.zhihu.com/people/kingsoon
http://www.zhihu.com/people/neozhang
http://www.zhihu.com/people/calmu
http://www.zhihu.com/people/yahuo
http://www.zhihu.com/people/sivona0524
http://www.zhihu.com/people/shi-da-fu-72
http://www.zhihu.com/people/colorwill
http://www.zhihu.com/people/sepsea
http://www.zhihu.com/people/ritawu
http://www.zhihu.com/people/gongcavalry
http://www.zhihu.com/people/beatallsaints
http://www.zhihu.com/people/anzai3
http://www.zhihu.com/people/zhangjishan
http://www.zhihu.com/people/chen-xiao-tian
http://www.zhihu.com/people/richard_lee
http://www.zhihu.com/people/wang-wen-huo
http://www.zhihu.com/people/enqiangli
http://www.zhihu.com/people/imike
http://www.zhihu.com/people/pcfool
http://www.zhihu.com/people/xu-bang-zheng
http://www.zhihu.com/people/zhao-yan-80
http://www.zhihu.com/people/huma
http://www.zhihu.com/people/zslvictor
http://www.zhihu.com/people/ZengLei
http://www.zhihu.com/people/deanlee
http://www.zhihu.com/people/suoyufeiren
http://www.zhihu.com/people/sanxingju
http://www.zhihu.com/people/lin-songyin
http://www.zhihu.com/people/li-xin-mei
http://www.zhihu.com/people/xuzhenyu
http://www.zhihu.com/people/chun-nuan-hua-kai
http://www.zhihu.com/people/chenruihong
http://www.zhihu.com/people/lu-lu-54-4
http://www.zhihu.com/people/yang-zhen-1212
http://www.zhihu.com/people/zhaopengfei
http://www.zhihu.com/people/timger
http://www.zhihu.com/people/qiulin
http://www.zhihu.com/people/panbin
http://www.zhihu.com/people/dina-zhao
http://www.zhihu.com/people/xiaobuding
http://www.zhihu.com/people/detwin
http://www.zhihu.com/people/chenfangyi
http://www.zhihu.com/people/qian-zi-qiang
http://www.zhihu.com/people/li-song-zhuo
http://www.zhihu.com/people/foo-xu
http://www.zhihu.com/people/chuwentao
http://www.zhihu.com/people/cy-51
http://www.zhihu.com/people/wangliangabc
http://www.zhihu.com/people/tang-jin-rong
http://www.zhihu.com/people/wang-li-bing
http://www.zhihu.com/people/zheng-xiao-fu
http://www.zhihu.com/people/subdragon
http://www.zhihu.com/people/hsuehtien
http://www.zhihu.com/people/feng_gao
http://www.zhihu.com/people/zhkzyth
http://www.zhihu.com/people/geekdada
http://www.zhihu.com/people/joeaniu
http://www.zhihu.com/people/ClutchBear
http://www.zhihu.com/people/bai-lan
http://www.zhihu.com/people/guangyi-43
http://www.zhihu.com/people/annie8023
http://www.zhihu.com/people/dramaticworld
http://www.zhihu.com/people/ooodong
http://www.zhihu.com/people/wenwei
http://www.zhihu.com/people/imwaco
http://www.zhihu.com/people/nyswj
http://www.zhihu.com/people/dong-dong-13-55
http://www.zhihu.com/people/wang-cheng-he
http://www.zhihu.com/people/shallm
http://www.zhihu.com/people/wang-feng-85
http://www.zhihu.com/people/vsking
http://www.zhihu.com/people/mykent
http://www.zhihu.com/people/li-gang-87
http://www.zhihu.com/people/timwong
http://www.zhihu.com/people/chang-jiang
http://www.zhihu.com/people/camelduck
http://www.zhihu.com/people/xidiandaily
http://www.zhihu.com/people/wang-chang-an
http://www.zhihu.com/people/alexander-r
http://www.zhihu.com/people/hai-yang
http://www.zhihu.com/people/gaohao
http://www.zhihu.com/people/Gromit
http://www.zhihu.com/people/robinli007
http://www.zhihu.com/people/su7ao
http://www.zhihu.com/people/li-zhe-gan
http://www.zhihu.com/people/2lun
http://www.zhihu.com/people/hexinqiang
http://www.zhihu.com/people/zyfang
http://www.zhihu.com/people/boviyoung
http://www.zhihu.com/people/wei-qiang-70
http://www.zhihu.com/people/tulongxia
http://www.zhihu.com/people/zhang-chun-rong
http://www.zhihu.com/people/dongfangxiao
http://www.zhihu.com/people/astrian
http://www.zhihu.com/people/bujianjimo
http://www.zhihu.com/people/ge-shu-ye-dai-dao
http://www.zhihu.com/people/jiang-feng-yu
http://www.zhihu.com/people/ran-tao-84
http://www.zhihu.com/people/lartigue
http://www.zhihu.com/people/JoeyZhi
http://www.zhihu.com/people/jason911
http://www.zhihu.com/people/xiao-bing-25
http://www.zhihu.com/people/niu-he-qing
http://www.zhihu.com/people/snailgj
http://www.zhihu.com/people/summ
http://www.zhihu.com/people/dreamworm
http://www.zhihu.com/people/paocat
http://www.zhihu.com/people/zhanghao
http://www.zhihu.com/people/zhang-zun-bao
http://www.zhihu.com/people/yuba100
http://www.zhihu.com/people/guo-bei
http://www.zhihu.com/people/zsscity
http://www.zhihu.com/people/sayno
http://www.zhihu.com/people/jintina
http://www.zhihu.com/people/zhu-wen-qiu
http://www.zhihu.com/people/sionyao
http://www.zhihu.com/people/yutenging
http://www.zhihu.com/people/caramelgrace
http://www.zhihu.com/people/mimosa
http://www.zhihu.com/people/zhaohaijun
http://www.zhihu.com/people/chen-yi-qun
http://www.zhihu.com/people/johnsonliu
http://www.zhihu.com/people/renrenkaixin
http://www.zhihu.com/people/wwsi
http://www.zhihu.com/people/ligong
http://www.zhihu.com/people/stevenhubin
http://www.zhihu.com/people/banxiaogen
http://www.zhihu.com/people/leaven
http://www.zhihu.com/people/eyhl
http://www.zhihu.com/people/xu-bao-hua
http://www.zhihu.com/people/mao-zhu
http://www.zhihu.com/people/liu-wen-yu-87
http://www.zhihu.com/people/zhke
http://www.zhihu.com/people/lizhenlive
http://www.zhihu.com/people/zheng-jin-tao
http://www.zhihu.com/people/chinawangyong
http://www.zhihu.com/people/yi-xiao-han
http://www.zhihu.com/people/aimeng
http://www.zhihu.com/people/hua-man-lou
http://www.zhihu.com/people/li-peng-tao
http://www.zhihu.com/people/steven-23
http://www.zhihu.com/people/ligexiao
http://www.zhihu.com/people/li-ming-fei
http://www.zhihu.com/people/198Q
http://www.zhihu.com/people/bachelor99
http://www.zhihu.com/people/bu-zhu
http://www.zhihu.com/people/liyanyan
http://www.zhihu.com/people/himavis
http://www.zhihu.com/people/Meaning
http://www.zhihu.com/people/guxizhao
http://www.zhihu.com/people/wang-wan-ting
http://www.zhihu.com/people/sakuraski
http://www.zhihu.com/people/lin-yu-jing
http://www.zhihu.com/people/he-xu-68
http://www.zhihu.com/people/cha-men-hu-de-xiao-bei-xin
http://www.zhihu.com/people/blueshang
http://www.zhihu.com/people/yvette-liu
http://www.zhihu.com/people/zhu-bei-ying
http://www.zhihu.com/people/sunyaqiong
http://www.zhihu.com/people/marguerite
http://www.zhihu.com/people/magie
http://www.zhihu.com/people/fu-feng-yuan
http://www.zhihu.com/people/mali
http://www.zhihu.com/people/206562123
http://www.zhihu.com/people/thcode
http://www.zhihu.com/people/dingzhihu.com
http://www.zhihu.com/people/su-you
http://www.zhihu.com/people/spam
http://www.zhihu.com/people/a-du
http://www.zhihu.com/people/yao-ya
http://www.zhihu.com/people/fountie
http://www.zhihu.com/people/agina1106
http://www.zhihu.com/people/zhangweilai
http://www.zhihu.com/people/chun-ji-sang
http://www.zhihu.com/people/zhong-zhan
http://www.zhihu.com/people/LittleV
http://www.zhihu.com/people/Lake7
http://www.zhihu.com/people/hiokay
http://www.zhihu.com/people/li-xiang-hao
http://www.zhihu.com/people/vember
http://www.zhihu.com/people/shuaibiao
http://www.zhihu.com/people/fa-jun
http://www.zhihu.com/people/liu-yan-yuan
http://www.zhihu.com/people/chen-gen
http://www.zhihu.com/people/wuruxiang
http://www.zhihu.com/people/huai-dan
http://www.zhihu.com/people/rovs
http://www.zhihu.com/people/delphi
http://www.zhihu.com/people/liaoyy
http://www.zhihu.com/people/pang-chong
http://www.zhihu.com/people/xswy
http://www.zhihu.com/people/he-ke
http://www.zhihu.com/people/zhang-lin-zhi007
http://www.zhihu.com/people/zhao-kan-kafka
http://www.zhihu.com/people/shaoyu
http://www.zhihu.com/people/DDTer
http://www.zhihu.com/people/blackanger
http://www.zhihu.com/people/Lambo
http://www.zhihu.com/people/zouwei
http://www.zhihu.com/people/var87
http://www.zhihu.com/people/da-er-bi
http://www.zhihu.com/people/JackyZhu
http://www.zhihu.com/people/li-ze-hang
http://www.zhihu.com/people/liu-chen-1
http://www.zhihu.com/people/hxddh
http://www.zhihu.com/people/gutou
http://www.zhihu.com/people/yu_mia
http://www.zhihu.com/people/liu-xing-ye
http://www.zhihu.com/people/eva-11
http://www.zhihu.com/people/wu-li-xiang
http://www.zhihu.com/people/pu-luo-mi-xiu-si
http://www.zhihu.com/people/qixi
http://www.zhihu.com/people/sheilawx
http://www.zhihu.com/people/wmichelle
http://www.zhihu.com/people/eater
http://www.zhihu.com/people/lu-shi-si
http://www.zhihu.com/people/aerofloyd
http://www.zhihu.com/people/erguozi
http://www.zhihu.com/people/yin-dao-gui
http://www.zhihu.com/people/huang-jia-yang
http://www.zhihu.com/people/yisu
http://www.zhihu.com/people/li-xin-yang
http://www.zhihu.com/people/a-pei-89
http://www.zhihu.com/people/shunfeng
http://www.zhihu.com/people/tigerinme
http://www.zhihu.com/people/ztwto.com
http://www.zhihu.com/people/linwang
http://www.zhihu.com/people/guan-jun
http://www.zhihu.com/people/chen-xiao-tu-66
http://www.zhihu.com/people/puloon
http://www.zhihu.com/people/li-zhou
http://www.zhihu.com/people/samcn
http://www.zhihu.com/people/nightwing36
http://www.zhihu.com/people/waiwai
http://www.zhihu.com/people/godoo
http://www.zhihu.com/people/wuzhen
http://www.zhihu.com/people/liyifei
http://www.zhihu.com/people/supporter
http://www.zhihu.com/people/zhilishu
http://www.zhihu.com/people/smilenet
http://www.zhihu.com/people/xname
http://www.zhihu.com/people/icaiguobin
http://www.zhihu.com/people/zy1Q81
http://www.zhihu.com/people/amelie5211
http://www.zhihu.com/people/superroubaozi
http://www.zhihu.com/people/christinaliu
http://www.zhihu.com/people/herizhao
http://www.zhihu.com/people/alvin0530
http://www.zhihu.com/people/fabulousqi
http://www.zhihu.com/people/yaoxu
http://www.zhihu.com/people/xiao-cong
http://www.zhihu.com/people/shangfei
http://www.zhihu.com/people/niyan
http://www.zhihu.com/people/peng-hu
http://www.zhihu.com/people/lan-qi-chang
http://www.zhihu.com/people/fengduan
http://www.zhihu.com/people/yong-yi-68
http://www.zhihu.com/people/sevenli
http://www.zhihu.com/people/think2action
http://www.zhihu.com/people/neaton
http://www.zhihu.com/people/zhoumou
http://www.zhihu.com/people/liu-xiao-shu-49
http://www.zhihu.com/people/situjun
http://www.zhihu.com/people/wang-yuan-6
http://www.zhihu.com/people/shao-pan-pan
http://www.zhihu.com/people/deng-dong
http://www.zhihu.com/people/dake
http://www.zhihu.com/people/sunshine_joy
http://www.zhihu.com/people/liuya802
http://www.zhihu.com/people/wanghaihe
http://www.zhihu.com/people/jade1314ily
http://www.zhihu.com/people/li-bao-ming-53
http://www.zhihu.com/people/chenhu
http://www.zhihu.com/people/illaby
http://www.zhihu.com/people/woody
http://www.zhihu.com/people/a-river
http://www.zhihu.com/people/awei1015
http://www.zhihu.com/people/chenhua
http://www.zhihu.com/people/chen-qing-yang
http://www.zhihu.com/people/freemem
http://www.zhihu.com/people/enyu
http://www.zhihu.com/people/magua
http://www.zhihu.com/people/iyangfan
http://www.zhihu.com/people/pillar
http://www.zhihu.com/people/qianjin
http://www.zhihu.com/people/yangqinyu
http://www.zhihu.com/people/billhan
http://www.zhihu.com/people/yansy
http://www.zhihu.com/people/jing-lei
http://www.zhihu.com/people/breeze
http://www.zhihu.com/people/zhou-ying-57
http://www.zhihu.com/people/chesanqi
http://www.zhihu.com/people/qian-bi
http://www.zhihu.com/people/han-ling-xu
http://www.zhihu.com/people/hackdata
http://www.zhihu.com/people/zhou-jiang-ling
http://www.zhihu.com/people/fenghaitao
http://www.zhihu.com/people/aibo
http://www.zhihu.com/people/niao-shi
http://www.zhihu.com/people/youyancanbei
http://www.zhihu.com/people/chen-zi-yao
http://www.zhihu.com/people/wangping
http://www.zhihu.com/people/li-hai-peng
http://www.zhihu.com/people/water
http://www.zhihu.com/people/hu-qian-qiu
http://www.zhihu.com/people/chong
http://www.zhihu.com/people/tang-chen
http://www.zhihu.com/people/leonpak
http://www.zhihu.com/people/jinkang
http://www.zhihu.com/people/wind
http://www.zhihu.com/people/liang
http://www.zhihu.com/people/mo-mo-mo-da-nian
http://www.zhihu.com/people/flycondor
http://www.zhihu.com/people/zhang-peng
http://www.zhihu.com/people/riverscn
http://www.zhihu.com/people/blackhumor
http://www.zhihu.com/people/iAladdin
http://www.zhihu.com/people/jokry
http://www.zhihu.com/people/nan-gua
http://www.zhihu.com/people/pearl
http://www.zhihu.com/people/lsch
http://www.zhihu.com/people/middle6
http://www.zhihu.com/people/icarian
http://www.zhihu.com/people/lauren-pan
http://www.zhihu.com/people/snipwu
http://www.zhihu.com/people/lixing
http://www.zhihu.com/people/heisn
http://www.zhihu.com/people/aimengmeng
http://www.zhihu.com/people/yan-xiao-shou
http://www.zhihu.com/people/wanggnag
http://www.zhihu.com/people/wang-chun-hui
http://www.zhihu.com/people/xiaoming
http://www.zhihu.com/people/foku
http://www.zhihu.com/people/jiyinyiyong
http://www.zhihu.com/people/fantasysoft
http://www.zhihu.com/people/lihua
http://www.zhihu.com/people/abjkl
http://www.zhihu.com/people/dong-ming-xuan
http://www.zhihu.com/people/yinshanlan-97
http://www.zhihu.com/people/2gouzi
http://www.zhihu.com/people/shang-jin
http://www.zhihu.com/people/udonmai
http://www.zhihu.com/people/yu-ming-gu-wen-chen-tao
http://www.zhihu.com/people/tutuyang
http://www.zhihu.com/people/kai-lukoff
http://www.zhihu.com/people/qi-yin-liang
http://www.zhihu.com/people/alonzotang
http://www.zhihu.com/people/kkdog
http://www.zhihu.com/people/toma1989
http://www.zhihu.com/people/xuzhe
http://www.zhihu.com/people/si-jian
http://www.zhihu.com/people/laotao
http://www.zhihu.com/people/liumin
http://www.zhihu.com/people/_cxa
http://www.zhihu.com/people/cranew
http://www.zhihu.com/people/Ataraxia002
http://www.zhihu.com/people/onlyswan
http://www.zhihu.com/people/li-ying
http://www.zhihu.com/people/fei-chang-bu-xiao-xin
http://www.zhihu.com/people/fangkc
http://www.zhihu.com/people/yuezhanren
http://www.zhihu.com/people/laufei
http://www.zhihu.com/people/amonjok
http://www.zhihu.com/people/deng-ke
http://www.zhihu.com/people/chenglong
http://www.zhihu.com/people/yhying
http://www.zhihu.com/people/quiver
http://www.zhihu.com/people/shi-song
http://www.zhihu.com/people/pu-xu-dong
http://www.zhihu.com/people/li-kang
http://www.zhihu.com/people/watsonxu
http://www.zhihu.com/people/gymitat
http://www.zhihu.com/people/zhitiao
http://www.zhihu.com/people/smartweb
http://www.zhihu.com/people/wang-xin
http://www.zhihu.com/people/pprainbow
http://www.zhihu.com/people/blue
http://www.zhihu.com/people/Zhang_Jian
http://www.zhihu.com/people/zhu-qi-qi
http://www.zhihu.com/people/song-xing
http://www.zhihu.com/people/chai-jia-chuan
http://www.zhihu.com/people/dupola
http://www.zhihu.com/people/linhui
http://www.zhihu.com/people/shanglei
http://www.zhihu.com/people/Terryxiao
http://www.zhihu.com/people/tiankeshan
http://www.zhihu.com/people/xufeng
http://www.zhihu.com/people/nongfu
http://www.zhihu.com/people/panda
http://www.zhihu.com/people/fiveroc
http://www.zhihu.com/people/zengli
http://www.zhihu.com/people/molala
http://www.zhihu.com/people/mcbuder
http://www.zhihu.com/people/jimsang
http://www.zhihu.com/people/iamin
http://www.zhihu.com/people/bender
http://www.zhihu.com/people/wangwei
http://www.zhihu.com/people/tianlin
http://www.zhihu.com/people/caoxiaowu
http://www.zhihu.com/people/bian
http://www.zhihu.com/people/zhang-feng-52
http://www.zhihu.com/people/youthfilm
http://www.zhihu.com/people/yuanli
http://www.zhihu.com/people/maidou
http://www.zhihu.com/people/vvtomato
http://www.zhihu.com/people/linklion
http://www.zhihu.com/people/notor
http://www.zhihu.com/people/beixr
http://www.zhihu.com/people/luoyan
http://www.zhihu.com/people/milo
http://www.zhihu.com/people/qusheng
http://www.zhihu.com/people/localhost
http://www.zhihu.com/people/ripsky
http://www.zhihu.com/people/liangjian
http://www.zhihu.com/people/cooerson
http://www.zhihu.com/people/beichen
http://www.zhihu.com/people/lubenyuan.com
http://www.zhihu.com/people/shao-jing-li
http://www.zhihu.com/people/wangxiaofeng
http://www.zhihu.com/people/fu-er
http://www.zhihu.com/people/lazylorna
http://www.zhihu.com/people/gavenzhang
http://www.zhihu.com/people/titan
http://www.zhihu.com/people/zhangga
http://www.zhihu.com/people/shdiao
http://www.zhihu.com/people/elya
http://www.zhihu.com/people/liu-jun-tao
http://www.zhihu.com/people/infoman
http://www.zhihu.com/people/leafgay
http://www.zhihu.com/people/zhutou
http://www.zhihu.com/people/weilai
http://www.zhihu.com/people/gongjun
http://www.zhihu.com/people/lixiangmin
http://www.zhihu.com/people/luzern
http://www.zhihu.com/people/alex
http://www.zhihu.com/people/keepwalking
http://www.zhihu.com/people/zhouyuan
http://www.zhihu.com/people/chengyuan
http://www.zhihu.com/people/mai8304
http://www.zhihu.com/people/jixin
http://www.zhihu.com/people/shijun
http://www.zhihu.com/people/keso
http://www.zhihu.com/people/whale
