http://www.zhihu.com/people/qin-shang
http://www.zhihu.com/people/fu-cun-zhi
http://www.zhihu.com/people/egopan
http://www.zhihu.com/people/lu-wu-91
http://www.zhihu.com/people/bi-xin-qi
http://www.zhihu.com/people/tou-mou-ren
http://www.zhihu.com/people/kang-qiao-58
http://www.zhihu.com/people/la-la-liu
http://www.zhihu.com/people/wang-jia-geng
http://www.zhihu.com/people/zhou-yi-ran-
http://www.zhihu.com/people/lin-kun-43
http://www.zhihu.com/people/goodbird
http://www.zhihu.com/people/hu-nan-2
http://www.zhihu.com/people/liu-xia-mi-1
http://www.zhihu.com/people/lan-ni-26
http://www.zhihu.com/people/justcodeit
http://www.zhihu.com/people/haijiaxuan
http://www.zhihu.com/people/chang-ge-96
http://www.zhihu.com/people/navigator-hsu
http://www.zhihu.com/people/eric-die
http://www.zhihu.com/people/zzuieliyaoli
http://www.zhihu.com/people/chen-mo-81-10
http://www.zhihu.com/people/yan-tong-18
http://www.zhihu.com/people/liu-jun-wen-27
http://www.zhihu.com/people/gong-zheng-xuan
http://www.zhihu.com/people/freezing
http://www.zhihu.com/people/liu-zhe-44
http://www.zhihu.com/people/zuoanqiyue
http://www.zhihu.com/people/xia-xiao-5-13
http://www.zhihu.com/people/chen-mo-62-77
http://www.zhihu.com/people/bcstyle
http://www.zhihu.com/people/andy-67-12
http://www.zhihu.com/people/shi-xiao-min-35
http://www.zhihu.com/people/wen-liang-93
http://www.zhihu.com/people/forkburn
http://www.zhihu.com/people/wu-shuang-58
http://www.zhihu.com/people/pan-xiao-25
http://www.zhihu.com/people/han-bei-kuang
http://www.zhihu.com/people/hhua
http://www.zhihu.com/people/qing-shan-wei-te
http://www.zhihu.com/people/liuxiaoyao
http://www.zhihu.com/people/cai-tong
http://www.zhihu.com/people/liu-li-yuan-91-50
http://www.zhihu.com/people/zhou-chong-61
http://www.zhihu.com/people/zhang-jian-xi
http://www.zhihu.com/people/coward
http://www.zhihu.com/people/dorawang-71
http://www.zhihu.com/people/lu-ren-jun-37
http://www.zhihu.com/people/kangxia
http://www.zhihu.com/people/shang-guan-yun-15
http://www.zhihu.com/people/zi10
http://www.zhihu.com/people/kevinchen8810
http://www.zhihu.com/people/Akim
http://www.zhihu.com/people/ma-da-yiwei-90
http://www.zhihu.com/people/carry.actual.2013
http://www.zhihu.com/people/aaronsu
http://www.zhihu.com/people/jiligulu
http://www.zhihu.com/people/tantalus
http://www.zhihu.com/people/xiao-yu-92-72
http://www.zhihu.com/people/yue-yi-he
http://www.zhihu.com/people/wu-wei-76-79
http://www.zhihu.com/people/zhang-hao-70-83
http://www.zhihu.com/people/huangleping9334
http://www.zhihu.com/people/yu-bo-87-73
http://www.zhihu.com/people/jiggersong
http://www.zhihu.com/people/qin-qiu-90
http://www.zhihu.com/people/abenshit
http://www.zhihu.com/people/zhou-xi-quan
http://www.zhihu.com/people/miao-yi-nan
http://www.zhihu.com/people/cao-ji-er
http://www.zhihu.com/people/wu-wei-80-7
http://www.zhihu.com/people/booooooook
http://www.zhihu.com/people/chen-yan-kun-62
http://www.zhihu.com/people/ding-lenny
http://www.zhihu.com/people/niao-ren-66-64
http://www.zhihu.com/people/linearsky
http://www.zhihu.com/people/dave-zhao
http://www.zhihu.com/people/zydaniel
http://www.zhihu.com/people/feng-hao-84
http://www.zhihu.com/people/mei-chen-zi
http://www.zhihu.com/people/gu-zhe-ning
http://www.zhihu.com/people/gao-chong-14
http://www.zhihu.com/people/zhu-shi-jie-6
http://www.zhihu.com/people/xingmo
http://www.zhihu.com/people/shi-ke-48-30
http://www.zhihu.com/people/wu-ze-yong
http://www.zhihu.com/people/zhang-hao-62-6
http://www.zhihu.com/people/luoyang
http://www.zhihu.com/people/mikalababy
http://www.zhihu.com/people/zhou-zhou-89-51
http://www.zhihu.com/people/zai-jian-nan-jing
http://www.zhihu.com/people/chen-bo-49
http://www.zhihu.com/people/zhang-chun-jiang-82
http://www.zhihu.com/people/yang-xi-73
http://www.zhihu.com/people/liu-hui-78-51
http://www.zhihu.com/people/lin-ying-yun
http://www.zhihu.com/people/zhang-tian-cheng-55
http://www.zhihu.com/people/bzda
http://www.zhihu.com/people/chen-ri-geng
http://www.zhihu.com/people/yang-mi-34
http://www.zhihu.com/people/sun-xi-gua
http://www.zhihu.com/people/zhou-zuo
http://www.zhihu.com/people/chen-fan-63
http://www.zhihu.com/people/li-chen-95
http://www.zhihu.com/people/zhang-zhao-hui-83
http://www.zhihu.com/people/zhou-nan-4
http://www.zhihu.com/people/chen-jing-87-60
http://www.zhihu.com/people/xie-ran-88-74
http://www.zhihu.com/people/fan-he-40
http://www.zhihu.com/people/liu-bin-50-54
http://www.zhihu.com/people/sun-conrad
http://www.zhihu.com/people/keren-0117
http://www.zhihu.com/people/ding-cheng-24-30
http://www.zhihu.com/people/cherry-ting
http://www.zhihu.com/people/liu-xiao-tong-46
http://www.zhihu.com/people/shang-song
http://www.zhihu.com/people/cao-yi-an
http://www.zhihu.com/people/eddix
http://www.zhihu.com/people/yang-shi-ying-64
http://www.zhihu.com/people/zenithdie
http://www.zhihu.com/people/wang-tian-long-52
http://www.zhihu.com/people/zhu-wen-qian
http://www.zhihu.com/people/floating-32
http://www.zhihu.com/people/lin-bo-34
http://www.zhihu.com/people/su-huo-61
http://www.zhihu.com/people/huang-xiao-pi-96
http://www.zhihu.com/people/xiao-jian-27-60
http://www.zhihu.com/people/armstrong1030
http://www.zhihu.com/people/li-xu-yi
http://www.zhihu.com/people/bob-wang-9
http://www.zhihu.com/people/gwshen
http://www.zhihu.com/people/yu-mai-ga-40
http://www.zhihu.com/people/gao-yuan-yuan-61
http://www.zhihu.com/people/zhou-xiao-jing-69
http://www.zhihu.com/people/bu-yi-jie
http://www.zhihu.com/people/liao-qi-can
http://www.zhihu.com/people/li-xiao-18-55
http://www.zhihu.com/people/yin-wei-jie-94
http://www.zhihu.com/people/luo-chen-55
http://www.zhihu.com/people/duan-xiao-xue-77
http://www.zhihu.com/people/wang-shuo-38-7
http://www.zhihu.com/people/zhang-yu-cheng-25
http://www.zhihu.com/people/miao-xiao-zhi-89
http://www.zhihu.com/people/ma-bei-bei-96
http://www.zhihu.com/people/yi-xia-19
http://www.zhihu.com/people/mingyi-5
http://www.zhihu.com/people/yang-yao-yao
http://www.zhihu.com/people/li-si-yao-12
http://www.zhihu.com/people/xiao-wen-50
http://www.zhihu.com/people/an-fang-xi-zi
http://www.zhihu.com/people/yabaobao-ma
http://www.zhihu.com/people/linyxy
http://www.zhihu.com/people/gao-ming-2-44
http://www.zhihu.com/people/killua-26
http://www.zhihu.com/people/cindy-cui-4
http://www.zhihu.com/people/li-shu-31
http://www.zhihu.com/people/wang-xing-hao-41
http://www.zhihu.com/people/lyzhihu
http://www.zhihu.com/people/derekchen
http://www.zhihu.com/people/neil-hg
http://www.zhihu.com/people/li-pei-ran-52
http://www.zhihu.com/people/an-kang-75
http://www.zhihu.com/people/zheng-xiao-hang
http://www.zhihu.com/people/nixy
http://www.zhihu.com/people/zhang-yun-qi-88
http://www.zhihu.com/people/ye-an-ran
http://www.zhihu.com/people/hui-da-shi
http://www.zhihu.com/people/jiang-lei-90-28
http://www.zhihu.com/people/amy-lv-82
http://www.zhihu.com/people/liu-jing-yuan-48
http://www.zhihu.com/people/guo-xiao-qiu
http://www.zhihu.com/people/zhang-hao-yang-48-78
http://www.zhihu.com/people/cherrydcy
http://www.zhihu.com/people/chen-jue-72
http://www.zhihu.com/people/cosmia
http://www.zhihu.com/people/sun-si-ye
http://www.zhihu.com/people/xie-kai-wen-themisgu
http://www.zhihu.com/people/katie.wang
http://www.zhihu.com/people/ai-quan-17
http://www.zhihu.com/people/ding-sai-di
http://www.zhihu.com/people/he-zi-xuan-41
http://www.zhihu.com/people/zhang-zi-yu-23
http://www.zhihu.com/people/xiao-pian-zi-62
http://www.zhihu.com/people/li-zheng-91-39
http://www.zhihu.com/people/jessica-xu-30
http://www.zhihu.com/people/miao-dong-er
http://www.zhihu.com/people/dong-fang-yun-84
http://www.zhihu.com/people/he-shui-you
http://www.zhihu.com/people/wang-jing-yang-94
http://www.zhihu.com/people/xuhuicn
http://www.zhihu.com/people/LIBERTINEB
http://www.zhihu.com/people/xuexiaozhe
http://www.zhihu.com/people/bluewhite
http://www.zhihu.com/people/bang-xiao-hao
http://www.zhihu.com/people/hui-yang-77
http://www.zhihu.com/people/insanity
http://www.zhihu.com/people/li-ao-wen
http://www.zhihu.com/people/freeyiyi1993
http://www.zhihu.com/people/wu-yi-yi
http://www.zhihu.com/people/tanruoqiao
http://www.zhihu.com/people/lin-xiao-bai-38
http://www.zhihu.com/people/xi-lan-51
http://www.zhihu.com/people/da-ou
http://www.zhihu.com/people/chen-yan-30-57
http://www.zhihu.com/people/ma-xin-04-11
http://www.zhihu.com/people/sharnodo
http://www.zhihu.com/people/luo-fei-77
http://www.zhihu.com/people/xiao-fan-25
http://www.zhihu.com/people/fang-zhen-guo
http://www.zhihu.com/people/selbyyy
http://www.zhihu.com/people/hao-hao-41-53
http://www.zhihu.com/people/tang-yuan-94-45
http://www.zhihu.com/people/quan-feng-63
http://www.zhihu.com/people/sun-cyril
http://www.zhihu.com/people/zhou-chi-22
http://www.zhihu.com/people/bai-fan-18-70
http://www.zhihu.com/people/wang-ji-71
http://www.zhihu.com/people/lin-lin-lin-1
http://www.zhihu.com/people/suiyueyouchang_
http://www.zhihu.com/people/wenid823
http://www.zhihu.com/people/wang-dongqing
http://www.zhihu.com/people/xu-yuan-54
http://www.zhihu.com/people/liang-xiao-shuang-55
http://www.zhihu.com/people/lily-wen
http://www.zhihu.com/people/wang-wen-han-Ted
http://www.zhihu.com/people/hu-qiu-shuang
http://www.zhihu.com/people/quintuplesmog
http://www.zhihu.com/people/jellen-wang
http://www.zhihu.com/people/wfill
http://www.zhihu.com/people/han-yue-21
http://www.zhihu.com/people/hua-man-lou-45
http://www.zhihu.com/people/merlin-47
http://www.zhihu.com/people/wang-mcc
http://www.zhihu.com/people/liu-an-38
http://www.zhihu.com/people/zhang-jing-hui-35
http://www.zhihu.com/people/haley_lu
http://www.zhihu.com/people/zhou-shi-quan
http://www.zhihu.com/people/bao-gu-di-zhu
http://www.zhihu.com/people/mobozhi
http://www.zhihu.com/people/chen-charles
http://www.zhihu.com/people/su-fei-17
http://www.zhihu.com/people/ming-xiao-cheng-79
http://www.zhihu.com/people/paranoia.mao
http://www.zhihu.com/people/imy-j
http://www.zhihu.com/people/yu-xin-tian-80
http://www.zhihu.com/people/valelu
http://www.zhihu.com/people/mu-mian-shu
http://www.zhihu.com/people/wang-ru-86
http://www.zhihu.com/people/chu-ren-82
http://www.zhihu.com/people/chris-chi
http://www.zhihu.com/people/luo-sa-ma
http://www.zhihu.com/people/gao-chen-37
http://www.zhihu.com/people/long-bu-tiao
http://www.zhihu.com/people/aileenshi
http://www.zhihu.com/people/sato-16
http://www.zhihu.com/people/meng-jue-99
http://www.zhihu.com/people/dong-xing-xing-91
http://www.zhihu.com/people/chen-ze-jin-27
http://www.zhihu.com/people/qu-zheng-yang
http://www.zhihu.com/people/tian-nan-16
http://www.zhihu.com/people/bao-bao-59-66
http://www.zhihu.com/people/zhou-tai-yang
http://www.zhihu.com/people/xun-lu-ren
http://www.zhihu.com/people/zi-liu-jing-37
http://www.zhihu.com/people/wei-qin-de
http://www.zhihu.com/people/lin-wei-zhi-39
http://www.zhihu.com/people/fishardy
http://www.zhihu.com/people/tai-zai-yan
http://www.zhihu.com/people/li-shu-zhu
http://www.zhihu.com/people/iamzoe
http://www.zhihu.com/people/a-juan-12
http://www.zhihu.com/people/he-min-39-90
http://www.zhihu.com/people/wang-xun-91
http://www.zhihu.com/people/jin-gui-16
http://www.zhihu.com/people/chen-ning-feng
http://www.zhihu.com/people/52533
http://www.zhihu.com/people/huang-yu-63-39
http://www.zhihu.com/people/yang-guang-11-55
http://www.zhihu.com/people/onewrong
http://www.zhihu.com/people/you-yu-85
http://www.zhihu.com/people/jiang-hui-ying-15
http://www.zhihu.com/people/kongdede
http://www.zhihu.com/people/wan-chang-6
http://www.zhihu.com/people/lou-xin-yue-64
http://www.zhihu.com/people/tcstar
http://www.zhihu.com/people/iriszyc
http://www.zhihu.com/people/mu-yin-qing
http://www.zhihu.com/people/zhang-yu-39-63
http://www.zhihu.com/people/liu-ru-yan-36
http://www.zhihu.com/people/ji-ran-ran-31
http://www.zhihu.com/people/lance-xi
http://www.zhihu.com/people/guan-yu-qiu
http://www.zhihu.com/people/yu-zhu-yi-xing
http://www.zhihu.com/people/neil-35-70
http://www.zhihu.com/people/a-yu-er
http://www.zhihu.com/people/hu-ming-wei-29
http://www.zhihu.com/people/liao-ying-ling
http://www.zhihu.com/people/bao-ying-28-56
http://www.zhihu.com/people/kashinging
http://www.zhihu.com/people/RoranH
http://www.zhihu.com/people/mou-kang-ni
http://www.zhihu.com/people/shi-er-22-54
http://www.zhihu.com/people/jeffery-wang-81
http://www.zhihu.com/people/yan-ling-17
http://www.zhihu.com/people/yaochenhao
http://www.zhihu.com/people/du-yi-zhuo
http://www.zhihu.com/people/huang-yi-yi-59
http://www.zhihu.com/people/asurali
http://www.zhihu.com/people/popomore
http://www.zhihu.com/people/zhao-meng-di-53
http://www.zhihu.com/people/wang-ci-an
http://www.zhihu.com/people/dong-chao-24
http://www.zhihu.com/people/jiang-cong-32
http://www.zhihu.com/people/miao-jiang-43
http://www.zhihu.com/people/wang-er-71
http://www.zhihu.com/people/qinghuan1211
http://www.zhihu.com/people/li-yuan-56-20
http://www.zhihu.com/people/qin-xu-qian
http://www.zhihu.com/people/ma-hui-52
http://www.zhihu.com/people/xiao-sa-06-16
http://www.zhihu.com/people/ka-ji-yixia
http://www.zhihu.com/people/thx1104
http://www.zhihu.com/people/cui-zheng-39
http://www.zhihu.com/people/he-shu-guang
http://www.zhihu.com/people/hao-yue-32
http://www.zhihu.com/people/fu-zhen-25
http://www.zhihu.com/people/yuan-hao-han-jwhh
http://www.zhihu.com/people/shi-bo-qing
http://www.zhihu.com/people/lan-nian-75
http://www.zhihu.com/people/raido
http://www.zhihu.com/people/hua-xiao-bang
http://www.zhihu.com/people/dong-dong-94-47
http://www.zhihu.com/people/huang-yun-fei-52
http://www.zhihu.com/people/dou-bao-2-42
http://www.zhihu.com/people/wu-shuang-66-93
