http://www.zhihu.com/people/wu-tao-3
http://www.zhihu.com/people/wang-bo-61
http://www.zhihu.com/people/chengzhoukun
http://www.zhihu.com/people/pandamio
http://www.zhihu.com/people/tencrance
http://www.zhihu.com/people/xiaokang
http://www.zhihu.com/people/gao-xue-yuan-98
http://www.zhihu.com/people/JinL
http://www.zhihu.com/people/shi-xiu-feng
http://www.zhihu.com/people/yao-pei-sen
http://www.zhihu.com/people/zhang-jia-jie-89
http://www.zhihu.com/people/94lpp94
http://www.zhihu.com/people/darasion
http://www.zhihu.com/people/xiao-wen-cong
http://www.zhihu.com/people/littlecup
http://www.zhihu.com/people/joyeu
http://www.zhihu.com/people/wealong-c
http://www.zhihu.com/people/hao-peng-cheng
http://www.zhihu.com/people/wangzhe5509
http://www.zhihu.com/people/huangleping9334
http://www.zhihu.com/people/chen-bo-yuan-11
http://www.zhihu.com/people/OneDouble
http://www.zhihu.com/people/x-sky
http://www.zhihu.com/people/li-chuang-46
http://www.zhihu.com/people/wingszero
http://www.zhihu.com/people/rn1996
http://www.zhihu.com/people/jing-yuan
http://www.zhihu.com/people/vayn
http://www.zhihu.com/people/yao-zu
http://www.zhihu.com/people/Dr-hao
http://www.zhihu.com/people/dombyangular
http://www.zhihu.com/people/du-jia-hui-52
http://www.zhihu.com/people/he-lei-code
http://www.zhihu.com/people/yu-kun-27
http://www.zhihu.com/people/wolfxl
http://www.zhihu.com/people/xiong-hai-xiao
http://www.zhihu.com/people/jeromezhang
http://www.zhihu.com/people/deeppacket
http://www.zhihu.com/people/TrusBe
http://www.zhihu.com/people/goodbird
http://www.zhihu.com/people/cao-yulei
http://www.zhihu.com/people/gong-zheng-xuan
http://www.zhihu.com/people/sssky
http://www.zhihu.com/people/halfer53
http://www.zhihu.com/people/kingsmalltwo
http://www.zhihu.com/people/lu-xiao-bao-39
http://www.zhihu.com/people/li-chen-95
http://www.zhihu.com/people/zixiaxianzi
http://www.zhihu.com/people/Ohshit
http://www.zhihu.com/people/liu-yidao-58
http://www.zhihu.com/people/sleepingknight
http://www.zhihu.com/people/congzhao
http://www.zhihu.com/people/jin-ke-65
http://www.zhihu.com/people/zhang-bei-li-er
http://www.zhihu.com/people/han-li-50
http://www.zhihu.com/people/gui-sheng-74
http://www.zhihu.com/people/yang-qin-bao
http://www.zhihu.com/people/pai-da-xing-6-28
http://www.zhihu.com/people/xin-rui-22-58
http://www.zhihu.com/people/marlboro
http://www.zhihu.com/people/yaochenhao
http://www.zhihu.com/people/yiran-li
http://www.zhihu.com/people/xiao-nai-niu-28
http://www.zhihu.com/people/jackjajack
http://www.zhihu.com/people/shen-jing-9
http://www.zhihu.com/people/xue-yao-37
http://www.zhihu.com/people/letcy
http://www.zhihu.com/people/chu-pei-rui
http://www.zhihu.com/people/snowvivi
http://www.zhihu.com/people/wang-ruo-yu-21
http://www.zhihu.com/people/feng-hao-84
http://www.zhihu.com/people/cao-yi-an
http://www.zhihu.com/people/xie-ran-88-74
http://www.zhihu.com/people/yang-xu-8
http://www.zhihu.com/people/niubishanshan
http://www.zhihu.com/people/song-zhi-zi
http://www.zhihu.com/people/yshlmlr
http://www.zhihu.com/people/leunggamciu
http://www.zhihu.com/people/twofrogs
http://www.zhihu.com/people/Selerare
http://www.zhihu.com/people/wu-fan-76-99
http://www.zhihu.com/people/ji-er-83
http://www.zhihu.com/people/li-xue-he
http://www.zhihu.com/people/hu-huo-huo-50
http://www.zhihu.com/people/wang-qing-lin-54
http://www.zhihu.com/people/jjgod
http://www.zhihu.com/people/hao-chi-de
http://www.zhihu.com/people/gan-lan-48
http://www.zhihu.com/people/pandaguo
http://www.zhihu.com/people/liu-gao-yuan
http://www.zhihu.com/people/zhi-zhi-65-79
http://www.zhihu.com/people/zhang-san-65-26
http://www.zhihu.com/people/ivywang
http://www.zhihu.com/people/wu-sheng-94-99
http://www.zhihu.com/people/du-juan-77
http://www.zhihu.com/people/e_chen
http://www.zhihu.com/people/nail
http://www.zhihu.com/people/yu-wen-hong-yi
http://www.zhihu.com/people/wang-du-du-2
http://www.zhihu.com/people/bloodycat
http://www.zhihu.com/people/zhang-hang-66
http://www.zhihu.com/people/shuo-ke
http://www.zhihu.com/people/rick-yang
http://www.zhihu.com/people/li-ding-guo-33
http://www.zhihu.com/people/wang-zi-tong-78
http://www.zhihu.com/people/xin-ruo-jing
http://www.zhihu.com/people/zhang-lei-83-53
http://www.zhihu.com/people/xu-tian-kuo
http://www.zhihu.com/people/rich-36
http://www.zhihu.com/people/captain-bill
http://www.zhihu.com/people/wei-yu-xin-47
http://www.zhihu.com/people/love375
http://www.zhihu.com/people/begier-lern
http://www.zhihu.com/people/wei-chu-qiao-24
http://www.zhihu.com/people/yang-wen-li
http://www.zhihu.com/people/saradush
http://www.zhihu.com/people/miao-zhen
http://www.zhihu.com/people/chentong
http://www.zhihu.com/people/qin-da-mou
http://www.zhihu.com/people/kokomi
http://www.zhihu.com/people/feng-bo-fei
http://www.zhihu.com/people/zhou-yi-long-39
http://www.zhihu.com/people/zhao-an-nuo-84
http://www.zhihu.com/people/xiao-chang-rong-mao
http://www.zhihu.com/people/wang-xiao-mu-46
http://www.zhihu.com/people/zhang-yuan-xiang
http://www.zhihu.com/people/annie-liu-59
http://www.zhihu.com/people/ding-tian
http://www.zhihu.com/people/Dabbler
http://www.zhihu.com/people/pang-bai-19
http://www.zhihu.com/people/silentwindy
http://www.zhihu.com/people/lu-ke-qing
http://www.zhihu.com/people/liu-yi-76-16-75
http://www.zhihu.com/people/liu-xin-fang
http://www.zhihu.com/people/al-joseph
http://www.zhihu.com/people/li-feng-54-67
http://www.zhihu.com/people/luo-jia-xi
http://www.zhihu.com/people/wu-ming-66-73
http://www.zhihu.com/people/su-an
http://www.zhihu.com/people/niu-xiao-li
http://www.zhihu.com/people/sun-garry
http://www.zhihu.com/people/ma-xiao-shun-26
http://www.zhihu.com/people/luo-ding-9
http://www.zhihu.com/people/sanool
http://www.zhihu.com/people/hu-xiao-ying-94
http://www.zhihu.com/people/chibole
http://www.zhihu.com/people/heidfled
http://www.zhihu.com/people/laufy
http://www.zhihu.com/people/liu-jing-tong-58
http://www.zhihu.com/people/pansz
http://www.zhihu.com/people/wu-shuang-10-03
http://www.zhihu.com/people/yu-tou-tou-tou
http://www.zhihu.com/people/zhu-huan-7
http://www.zhihu.com/people/luoxr
http://www.zhihu.com/people/eleanor1
http://www.zhihu.com/people/nadia-32
http://www.zhihu.com/people/wang-tian-yi-92
http://www.zhihu.com/people/zhang-jie-22
http://www.zhihu.com/people/zhang-xiao-xian-77
http://www.zhihu.com/people/lu-jia-qing
http://www.zhihu.com/people/chen-wen-shu
http://www.zhihu.com/people/jzone
http://www.zhihu.com/people/ou-ni-jiang
http://www.zhihu.com/people/noyy
http://www.zhihu.com/people/jacky-2
http://www.zhihu.com/people/zhang-san-feng-81-29
http://www.zhihu.com/people/lu-shuang-1993
http://www.zhihu.com/people/miao-miao-miao-miao-miao-20
http://www.zhihu.com/people/yang-yan-hong-27
http://www.zhihu.com/people/dakewang
http://www.zhihu.com/people/zhou-tai-yang
http://www.zhihu.com/people/mochen
http://www.zhihu.com/people/liu-xuan-de-17
http://www.zhihu.com/people/wang-ru-jie
http://www.zhihu.com/people/liu-lian-15-70
http://www.zhihu.com/people/he-lu-65-26
http://www.zhihu.com/people/wang-hui-60-74
http://www.zhihu.com/people/zhu-fan-96
http://www.zhihu.com/people/peng-hui-jian
http://www.zhihu.com/people/echo-40-22
http://www.zhihu.com/people/yier-3-96
http://www.zhihu.com/people/wei-ke-lin
http://www.zhihu.com/people/youwakehimup
http://www.zhihu.com/people/chinetman
http://www.zhihu.com/people/jia-jia-60
http://www.zhihu.com/people/five
http://www.zhihu.com/people/banly
http://www.zhihu.com/people/aspirinfox
http://www.zhihu.com/people/youshengrong
http://www.zhihu.com/people/yang-xi-73
http://www.zhihu.com/people/654321
http://www.zhihu.com/people/heaven_000
http://www.zhihu.com/people/soha
http://www.zhihu.com/people/woundman
http://www.zhihu.com/people/zheng-ru-he
http://www.zhihu.com/people/yang-momo1993
http://www.zhihu.com/people/tian-wei-zhi
http://www.zhihu.com/people/qmigh
http://www.zhihu.com/people/zhuan-sun-xiao-tong
http://www.zhihu.com/people/zhuang-biao-wei
http://www.zhihu.com/people/zhan-peng-30
http://www.zhihu.com/people/vicguo
http://www.zhihu.com/people/tao
http://www.zhihu.com/people/elaineliu
http://www.zhihu.com/people/cardioio
http://www.zhihu.com/people/songxuesong
http://www.zhihu.com/people/yin-qing-xin-jian
http://www.zhihu.com/people/tiger-raymond
http://www.zhihu.com/people/j-kwong
http://www.zhihu.com/people/chen-jian-wen-75
http://www.zhihu.com/people/maziyi
http://www.zhihu.com/people/helen-lu-84
http://www.zhihu.com/people/wu-ze-yong
http://www.zhihu.com/people/migangel
http://www.zhihu.com/people/____
http://www.zhihu.com/people/minghui-liao
http://www.zhihu.com/people/lazytony
http://www.zhihu.com/people/sunshead
http://www.zhihu.com/people/wang-zi-xiang
http://www.zhihu.com/people/pwj1568
http://www.zhihu.com/people/StudentofRiemann
http://www.zhihu.com/people/zhang.chi
http://www.zhihu.com/people/fay-wen
http://www.zhihu.com/people/kirawang
http://www.zhihu.com/people/wang-yu-cheng-2
http://www.zhihu.com/people/halfmile
http://www.zhihu.com/people/li-chao-94-31
http://www.zhihu.com/people/brigittegu
http://www.zhihu.com/people/feng-qing-38
http://www.zhihu.com/people/zombie
http://www.zhihu.com/people/huang-jian-wen-75
http://www.zhihu.com/people/summar
http://www.zhihu.com/people/chuan7i
http://www.zhihu.com/people/lu-pi-xiong
http://www.zhihu.com/people/rush
http://www.zhihu.com/people/monk-22
http://www.zhihu.com/people/leenkwun
http://www.zhihu.com/people/wan-chang-6
http://www.zhihu.com/people/guang-qian-yuan
http://www.zhihu.com/people/fancyblock
http://www.zhihu.com/people/shepherd
http://www.zhihu.com/people/zhao-sheng-jun
http://www.zhihu.com/people/pang-da-14
http://www.zhihu.com/people/dyno
http://www.zhihu.com/people/pontus
http://www.zhihu.com/people/ylnb91
http://www.zhihu.com/people/_zhao_xu_
http://www.zhihu.com/people/shang-ke-15
http://www.zhihu.com/people/ivan-64
http://www.zhihu.com/people/yinwei
http://www.zhihu.com/people/wangpengyu
http://www.zhihu.com/people/Chase
http://www.zhihu.com/people/sunus
http://www.zhihu.com/people/phineas
http://www.zhihu.com/people/hu-chu-chu
http://www.zhihu.com/people/pu-lu-shi-hu-li
http://www.zhihu.com/people/snailgj
http://www.zhihu.com/people/zhong-nan-77
http://www.zhihu.com/people/ni-nan
http://www.zhihu.com/people/hvvw
http://www.zhihu.com/people/icytrojan
http://www.zhihu.com/people/wu-ruo-xi-39
http://www.zhihu.com/people/zhao-dian-34
http://www.zhihu.com/people/chen-ji-93-30
http://www.zhihu.com/people/zhang-xiao-dong-71
http://www.zhihu.com/people/foxmuldery
http://www.zhihu.com/people/francisfang
http://www.zhihu.com/people/ywzgb
http://www.zhihu.com/people/zhu-yong-qian
http://www.zhihu.com/people/sheng-xi-men
http://www.zhihu.com/people/qing-song-lu
http://www.zhihu.com/people/zhang-san-san-51-39
http://www.zhihu.com/people/a-le-21
http://www.zhihu.com/people/linzelong
http://www.zhihu.com/people/wayne-tong
http://www.zhihu.com/people/tan-yin-10
http://www.zhihu.com/people/tan-xiao-yan-2
http://www.zhihu.com/people/xiao-chi-68
http://www.zhihu.com/people/feng-chen-98
http://www.zhihu.com/people/xiao-chu
http://www.zhihu.com/people/zhao-xiao-jun-70
http://www.zhihu.com/people/tian-zi-22
http://www.zhihu.com/people/zhuo-xiao-nan-5-76
http://www.zhihu.com/people/ke-hao-33
http://www.zhihu.com/people/kennykung
http://www.zhihu.com/people/wannian
http://www.zhihu.com/people/changdi
http://www.zhihu.com/people/cydu
http://www.zhihu.com/people/zhu-shi-jie-6
http://www.zhihu.com/people/ma-chi
http://www.zhihu.com/people/jixin
http://www.zhihu.com/people/panjunyong
http://www.zhihu.com/people/fwgisbug
http://www.zhihu.com/people/yu-bo-yu
http://www.zhihu.com/people/zhang-bo-67-32
http://www.zhihu.com/people/hansun-lam
http://www.zhihu.com/people/liuyue
http://www.zhihu.com/people/qing-lan-98
http://www.zhihu.com/people/liuchao
http://www.zhihu.com/people/xiang-hui-95
http://www.zhihu.com/people/phoenix-71
http://www.zhihu.com/people/fireracer
http://www.zhihu.com/people/tian-nan-gua
http://www.zhihu.com/people/wang-biao-99-71
http://www.zhihu.com/people/RickyXia
http://www.zhihu.com/people/xsheng-13
http://www.zhihu.com/people/yang-yong-54-36
http://www.zhihu.com/people/wang-xiao-feng-73-62
http://www.zhihu.com/people/xing-yi-xun
http://www.zhihu.com/people/wang-xiao-miao-45
http://www.zhihu.com/people/klark
http://www.zhihu.com/people/fengzee-me
http://www.zhihu.com/people/cao-meng-di
http://www.zhihu.com/people/zhang-hao-21-64
http://www.zhihu.com/people/lu-gui-chen-26
http://www.zhihu.com/people/1731
http://www.zhihu.com/people/chun-ye-19
http://www.zhihu.com/people/carlxia
http://www.zhihu.com/people/xiao-pei-pei-3
http://www.zhihu.com/people/rickey-yue
http://www.zhihu.com/people/qx-j-49
http://www.zhihu.com/people/ren-ping-50-52
http://www.zhihu.com/people/conniehuang
http://www.zhihu.com/people/kai-wang-48
http://www.zhihu.com/people/hejuefei
http://www.zhihu.com/people/lu-xiao-xun
http://www.zhihu.com/people/wang-xiao-bao-16-24
http://www.zhihu.com/people/yang-xiao-28-85
http://www.zhihu.com/people/yi-da-sen
http://www.zhihu.com/people/lin-xiao-bin-26
http://www.zhihu.com/people/zhao-yong-19
http://www.zhihu.com/people/THFQ
http://www.zhihu.com/people/kimleo
http://www.zhihu.com/people/cao-xing-zhi
http://www.zhihu.com/people/ji-dong-ze
http://www.zhihu.com/people/ada-wang-24
http://www.zhihu.com/people/youmineyoumine
http://www.zhihu.com/people/han-wei-11
http://www.zhihu.com/people/a-qiu-94
http://www.zhihu.com/people/li-an-qi-pan
http://www.zhihu.com/people/wang-hao-69
http://www.zhihu.com/people/jia-lu-xi
http://www.zhihu.com/people/geniusvczh
http://www.zhihu.com/people/wangyizhuo
http://www.zhihu.com/people/ccat
http://www.zhihu.com/people/mo-zhi-xian-sheng
http://www.zhihu.com/people/lin-ke-51
http://www.zhihu.com/people/wen-jing-58
http://www.zhihu.com/people/liu-jiang-69
http://www.zhihu.com/people/laiyonghao
http://www.zhihu.com/people/zhangshanhai
http://www.zhihu.com/people/leochin
http://www.zhihu.com/people/tomsheep
http://www.zhihu.com/people/ddtou
http://www.zhihu.com/people/2bzhihu
http://www.zhihu.com/people/wangguowei
http://www.zhihu.com/people/chenruihong
http://www.zhihu.com/people/xiongwhu
http://www.zhihu.com/people/anylzer
http://www.zhihu.com/people/puloon
http://www.zhihu.com/people/zhangleo
http://www.zhihu.com/people/neaton
http://www.zhihu.com/people/hu-qian-qiu
http://www.zhihu.com/people/subdragon
http://www.zhihu.com/people/huang-rong-jia-rex
http://www.zhihu.com/people/junde
http://www.zhihu.com/people/chong
http://www.zhihu.com/people/jeff-kit
http://www.zhihu.com/people/tang-chen
http://www.zhihu.com/people/wind
http://www.zhihu.com/people/kuqin
http://www.zhihu.com/people/blue
http://www.zhihu.com/people/wilson.lin
http://www.zhihu.com/people/mcbuder
http://www.zhihu.com/people/pu-xu-dong
http://www.zhihu.com/people/xiaoxin
