http://www.zhihu.com/people/zhao-xiao-fang-15
http://www.zhihu.com/people/chasears
http://www.zhihu.com/people/wu-han-bing-35
http://www.zhihu.com/people/xu-rui-44-16
http://www.zhihu.com/people/echo-40-22
http://www.zhihu.com/people/gao-gao-72
http://www.zhihu.com/people/ren-er-cheng
http://www.zhihu.com/people/wen-kun-guo
http://www.zhihu.com/people/deng-kang-er
http://www.zhihu.com/people/zuimai
http://www.zhihu.com/people/aoimishi
http://www.zhihu.com/people/marlin-31
http://www.zhihu.com/people/zheng-zha-22
http://www.zhihu.com/people/eliton
http://www.zhihu.com/people/cumthx
http://www.zhihu.com/people/liu-ya-kun-1
http://www.zhihu.com/people/yang-yong-54-36
http://www.zhihu.com/people/jake-young
http://www.zhihu.com/people/dong-su-hao
http://www.zhihu.com/people/aida
http://www.zhihu.com/people/tan-ri-tian
http://www.zhihu.com/people/wang-dong-79
http://www.zhihu.com/people/wang-sen-shine
http://www.zhihu.com/people/wan-zi-niu
http://www.zhihu.com/people/he-yuan-sheng
http://www.zhihu.com/people/zheng-xia-ming
http://www.zhihu.com/people/brook-lee-43
http://www.zhihu.com/people/BeansTang
http://www.zhihu.com/people/cang-mang-6
http://www.zhihu.com/people/tata-ciara
http://www.zhihu.com/people/guhongguangju
http://www.zhihu.com/people/xiao-chu
http://www.zhihu.com/people/zhang-bo-67-32
http://www.zhihu.com/people/shu-yun-36
http://www.zhihu.com/people/chen-feng-wang
http://www.zhihu.com/people/long-yang-56
http://www.zhihu.com/people/aaronsu
http://www.zhihu.com/people/drifter-16
http://www.zhihu.com/people/qing-jia-4
http://www.zhihu.com/people/zhu-huan-jie
http://www.zhihu.com/people/yu.liang
http://www.zhihu.com/people/will-tam
http://www.zhihu.com/people/zhang-yi-fan-48
http://www.zhihu.com/people/yaochenhao
http://www.zhihu.com/people/MASTER-of-chaos-42
http://www.zhihu.com/people/andyfoolish
http://www.zhihu.com/people/li-ming-yao-20
http://www.zhihu.com/people/zhu-bo-tao
http://www.zhihu.com/people/xsclxin
http://www.zhihu.com/people/yao-zhi-li
http://www.zhihu.com/people/damon-tu
http://www.zhihu.com/people/000088
http://www.zhihu.com/people/li-xiang-85
http://www.zhihu.com/people/AirBlue
http://www.zhihu.com/people/liu-jin-long-44
http://www.zhihu.com/people/sun-lin-9
http://www.zhihu.com/people/shao-yu-lin
http://www.zhihu.com/people/vvtommy
http://www.zhihu.com/people/lingyan
http://www.zhihu.com/people/_zhao_xu_
http://www.zhihu.com/people/lin-gui-ren
http://www.zhihu.com/people/li-fan-95
http://www.zhihu.com/people/wang-wen-ping
http://www.zhihu.com/people/lu-zhao-jie
http://www.zhihu.com/people/zhong-ye-zi-49
http://www.zhihu.com/people/wwzcxqc
http://www.zhihu.com/people/llq6072
http://www.zhihu.com/people/zhuo-zhi-ying
http://www.zhihu.com/people/yuke-fighting
http://www.zhihu.com/people/sellsoda
http://www.zhihu.com/people/nadaloveluna
http://www.zhihu.com/people/mavericks
http://www.zhihu.com/people/kingljx
http://www.zhihu.com/people/liu-ying-ying-81
http://www.zhihu.com/people/tian-nan-gua
http://www.zhihu.com/people/lobo-73
http://www.zhihu.com/people/shengxinhu
http://www.zhihu.com/people/wangtengchuan
http://www.zhihu.com/people/mengxian
http://www.zhihu.com/people/changeself
http://www.zhihu.com/people/sky-fall
http://www.zhihu.com/people/yi-zhong-wei
http://www.zhihu.com/people/chen-jian-de
http://www.zhihu.com/people/wang-peng-95-52
http://www.zhihu.com/people/li-zi-zhu-47
http://www.zhihu.com/people/celine-53
http://www.zhihu.com/people/hexilou
http://www.zhihu.com/people/zhu-dong-hui-53
http://www.zhihu.com/people/dawn110110
http://www.zhihu.com/people/wang-yao-84
http://www.zhihu.com/people/zhang-jia-jing-20
http://www.zhihu.com/people/fiyang
http://www.zhihu.com/people/qi-gang-65
http://www.zhihu.com/people/li-yao-fu
http://www.zhihu.com/people/lin-geng-rui-58
http://www.zhihu.com/people/xie-ting-wei
http://www.zhihu.com/people/wang-yuan-66-5
http://www.zhihu.com/people/bin-xin-80
http://www.zhihu.com/people/xiang-yan-14
http://www.zhihu.com/people/he-bo-bo
http://www.zhihu.com/people/qing-feng-yi-zhu
http://www.zhihu.com/people/liufatiao
http://www.zhihu.com/people/canon-14
http://www.zhihu.com/people/chopsticks
http://www.zhihu.com/people/glacierlee
http://www.zhihu.com/people/zhenghaorocks
http://www.zhihu.com/people/qinyun
http://www.zhihu.com/people/qin-kang-bao
http://www.zhihu.com/people/yue-yi-he
http://www.zhihu.com/people/li-ha-ha-leo
http://www.zhihu.com/people/bulewater
http://www.zhihu.com/people/imxiaofeng
http://www.zhihu.com/people/liu-zhen-chuan-98
http://www.zhihu.com/people/su-chen-chen
http://www.zhihu.com/people/han-liang-hanl
http://www.zhihu.com/people/lvli
http://www.zhihu.com/people/hu-hao-lin
http://www.zhihu.com/people/icola
http://www.zhihu.com/people/zhao-zhe-8
http://www.zhihu.com/people/wang-min-jun
http://www.zhihu.com/people/heyuthere
http://www.zhihu.com/people/wang-jia-wei-45-85
http://www.zhihu.com/people/wall-90
http://www.zhihu.com/people/killaxe-jie
http://www.zhihu.com/people/lin-bi-mgal
http://www.zhihu.com/people/breakyang2012
http://www.zhihu.com/people/Dominic_
http://www.zhihu.com/people/yangluhan1990
http://www.zhihu.com/people/yang-bei-65
http://www.zhihu.com/people/mou-chen-65
http://www.zhihu.com/people/sopor
http://www.zhihu.com/people/ri-ben-da-cong
http://www.zhihu.com/people/zhang-qiao-jian
http://www.zhihu.com/people/up-up-75
http://www.zhihu.com/people/bing-mez
http://www.zhihu.com/people/juelu
http://www.zhihu.com/people/wayneshun
http://www.zhihu.com/people/zhang-wei-dong-59
http://www.zhihu.com/people/lerik
http://www.zhihu.com/people/guan-xing-12
http://www.zhihu.com/people/starose
http://www.zhihu.com/people/zhang-san-niu
http://www.zhihu.com/people/chen-zhe-53
http://www.zhihu.com/people/siwenxiaojie
http://www.zhihu.com/people/strangebanman
http://www.zhihu.com/people/Mohu
http://www.zhihu.com/people/red-fighter
http://www.zhihu.com/people/mingzhu
http://www.zhihu.com/people/insofe
http://www.zhihu.com/people/Dian
http://www.zhihu.com/people/he-kai-52
http://www.zhihu.com/people/katiie
http://www.zhihu.com/people/hangj
http://www.zhihu.com/people/cong-jin-zheng
http://www.zhihu.com/people/jonl
http://www.zhihu.com/people/wen-ze-yu
http://www.zhihu.com/people/chi-tang
http://www.zhihu.com/people/wsivoky
http://www.zhihu.com/people/zhaoxiaominzi
http://www.zhihu.com/people/zhi-yan-50
http://www.zhihu.com/people/yang-fan-cc
http://www.zhihu.com/people/zhang-zi-chuan-84
http://www.zhihu.com/people/techoxygen
http://www.zhihu.com/people/guo-chao-94
http://www.zhihu.com/people/yan-zi-qi
http://www.zhihu.com/people/ji-bu-de-48
http://www.zhihu.com/people/eastenluis
http://www.zhihu.com/people/wang-long-79
http://www.zhihu.com/people/zhang-yiliu
http://www.zhihu.com/people/nanasole
http://www.zhihu.com/people/chi-xiao-ming
http://www.zhihu.com/people/yang-shuang-1
http://www.zhihu.com/people/yolo-green
http://www.zhihu.com/people/twowolf
http://www.zhihu.com/people/yi-zhi-88
http://www.zhihu.com/people/qmqy
http://www.zhihu.com/people/lin-a-da-42
http://www.zhihu.com/people/li-song-54
http://www.zhihu.com/people/yang-ren-ran
http://www.zhihu.com/people/zhongyang
http://www.zhihu.com/people/acacac
http://www.zhihu.com/people/sai-lan-de
http://www.zhihu.com/people/xuexue
http://www.zhihu.com/people/Challenger800
http://www.zhihu.com/people/yuan-jun-74
http://www.zhihu.com/people/jin4074
http://www.zhihu.com/people/haiger-25
http://www.zhihu.com/people/shuang-wang
http://www.zhihu.com/people/zeaker
http://www.zhihu.com/people/shuangye
http://www.zhihu.com/people/susus
http://www.zhihu.com/people/ling-xi-96
http://www.zhihu.com/people/iyucci
http://www.zhihu.com/people/wang-ran-ran-28
http://www.zhihu.com/people/Sony
http://www.zhihu.com/people/captain-bill
http://www.zhihu.com/people/han-peng-qian
http://www.zhihu.com/people/tang-fan-fan
http://www.zhihu.com/people/ou-yang-27
http://www.zhihu.com/people/hu-xing-zhi
http://www.zhihu.com/people/zhu-xiao-wu-77
http://www.zhihu.com/people/xie-yipeng-33
http://www.zhihu.com/people/bgsj
http://www.zhihu.com/people/li-jin-xin-88
http://www.zhihu.com/people/tseng-xiao-shao
http://www.zhihu.com/people/zhuang-biao-wei
http://www.zhihu.com/people/zhu-wei-cheng-33
http://www.zhihu.com/people/lin-zheng-32
http://www.zhihu.com/people/jeffen
http://www.zhihu.com/people/feng-hong-liang
http://www.zhihu.com/people/merlin-47
http://www.zhihu.com/people/tumbler-75
http://www.zhihu.com/people/allen-chen-57
http://www.zhihu.com/people/yps-93
http://www.zhihu.com/people/shek
http://www.zhihu.com/people/wu-nan-80
http://www.zhihu.com/people/zengyingjia
http://www.zhihu.com/people/liu-a-qiu
http://www.zhihu.com/people/he-xiao-long
http://www.zhihu.com/people/ling-hu-chou
http://www.zhihu.com/people/magie
http://www.zhihu.com/people/liuzihua
http://www.zhihu.com/people/colorLee
http://www.zhihu.com/people/peng-zhi-ran
http://www.zhihu.com/people/taotao-45
http://www.zhihu.com/people/pipipp
http://www.zhihu.com/people/li-ping-fan-39
http://www.zhihu.com/people/chenran
http://www.zhihu.com/people/198401
http://www.zhihu.com/people/gnor
http://www.zhihu.com/people/Paitanapilahmima
http://www.zhihu.com/people/drimdo
http://www.zhihu.com/people/linglingfa
http://www.zhihu.com/people/yuger.net
http://www.zhihu.com/people/wicket-gate
http://www.zhihu.com/people/xiao-di-78
http://www.zhihu.com/people/meng-shui-yi-mou
http://www.zhihu.com/people/chen-jian-33-39
http://www.zhihu.com/people/xu-min-hui
http://www.zhihu.com/people/phos
http://www.zhihu.com/people/yu-he-ping
http://www.zhihu.com/people/ye-tian
http://www.zhihu.com/people/bai-wen-ming
http://www.zhihu.com/people/stig-zhang
http://www.zhihu.com/people/huanghuihui1991
http://www.zhihu.com/people/wu-ting-ting
http://www.zhihu.com/people/zhan-ci
http://www.zhihu.com/people/bo-wen-49
http://www.zhihu.com/people/ruih
http://www.zhihu.com/people/TrusBe
http://www.zhihu.com/people/man-qing
http://www.zhihu.com/people/liu-xiao-ran-50
http://www.zhihu.com/people/haohaoxuexi
http://www.zhihu.com/people/zhu-wen
http://www.zhihu.com/people/leelooluu
http://www.zhihu.com/people/lgravity
http://www.zhihu.com/people/tian-feng-lin
http://www.zhihu.com/people/timaobrother
http://www.zhihu.com/people/ledlaohuo
http://www.zhihu.com/people/su-man-21
http://www.zhihu.com/people/liu-kai-li-49
http://www.zhihu.com/people/yang-jiang-he
http://www.zhihu.com/people/chen-shao-qing-34
http://www.zhihu.com/people/di-xiao-bin
http://www.zhihu.com/people/byewon
http://www.zhihu.com/people/deng-yong-can
http://www.zhihu.com/people/chensihan
http://www.zhihu.com/people/zhang-hui-yu
http://www.zhihu.com/people/mr.lady
http://www.zhihu.com/people/xu-xin-96
http://www.zhihu.com/people/fei-di
http://www.zhihu.com/people/superwyh
http://www.zhihu.com/people/lipengbin
http://www.zhihu.com/people/laysaw
http://www.zhihu.com/people/rotate8
http://www.zhihu.com/people/littlecup
http://www.zhihu.com/people/zahetang
http://www.zhihu.com/people/huang-xiao-qiang
http://www.zhihu.com/people/zhong-dong-hong
http://www.zhihu.com/people/lzsy
http://www.zhihu.com/people/orzwind
http://www.zhihu.com/people/zi-liu
http://www.zhihu.com/people/li-li-fei
http://www.zhihu.com/people/peng-tu-fei
http://www.zhihu.com/people/han-song-50
http://www.zhihu.com/people/jeanne-liu
http://www.zhihu.com/people/miao-zhong-yu
http://www.zhihu.com/people/receo
http://www.zhihu.com/people/wang-tian
http://www.zhihu.com/people/kun-yu
http://www.zhihu.com/people/hanqixue
http://www.zhihu.com/people/zblc
http://www.zhihu.com/people/zhyang-liu
http://www.zhihu.com/people/chen-shi-yao
http://www.zhihu.com/people/arronleung
http://www.zhihu.com/people/wang-yan-fei-53
http://www.zhihu.com/people/chuyue
http://www.zhihu.com/people/zzyzxd
http://www.zhihu.com/people/weijiang
http://www.zhihu.com/people/wavesan
http://www.zhihu.com/people/xrbing
http://www.zhihu.com/people/lin-zhe-96
http://www.zhihu.com/people/lu-bei-er
http://www.zhihu.com/people/peng-hui-jian
http://www.zhihu.com/people/billquan
http://www.zhihu.com/people/boxun
http://www.zhihu.com/people/madouling
http://www.zhihu.com/people/garhom
http://www.zhihu.com/people/zhang-xiao-ai
http://www.zhihu.com/people/li-min-70
http://www.zhihu.com/people/yuan-hao-jun
http://www.zhihu.com/people/wei.kong
http://www.zhihu.com/people/xiao-wei-11-19
http://www.zhihu.com/people/yshone
http://www.zhihu.com/people/li-chao-93
http://www.zhihu.com/people/blackswan
http://www.zhihu.com/people/xie-jun-qing
http://www.zhihu.com/people/an-zhi-25
http://www.zhihu.com/people/yifu-he
http://www.zhihu.com/people/hans-lee
http://www.zhihu.com/people/zhang-zhao-yue
http://www.zhihu.com/people/bucterzpy
http://www.zhihu.com/people/xiao-jin-wen-93
http://www.zhihu.com/people/ma-xiang-wen
http://www.zhihu.com/people/zi-tian-ran
http://www.zhihu.com/people/tooyoung
http://www.zhihu.com/people/zengjiajun
http://www.zhihu.com/people/cai-yuan-pei
http://www.zhihu.com/people/bian-xiao-wei
http://www.zhihu.com/people/jun-jie-64
http://www.zhihu.com/people/xu-jia-ming
http://www.zhihu.com/people/shui-di-76
http://www.zhihu.com/people/zhuchongyang
http://www.zhihu.com/people/chang-kai-xin-85
http://www.zhihu.com/people/eddie-66
http://www.zhihu.com/people/ying-yan-89
http://www.zhihu.com/people/chenyixun
http://www.zhihu.com/people/kevinzoro
http://www.zhihu.com/people/treebeliever
http://www.zhihu.com/people/hu-zheng-93
http://www.zhihu.com/people/madonion
http://www.zhihu.com/people/Libertasss
http://www.zhihu.com/people/chouthen
http://www.zhihu.com/people/tian-qi-74
http://www.zhihu.com/people/chen-he-82
http://www.zhihu.com/people/sheenshuay
http://www.zhihu.com/people/KrisLiu
http://www.zhihu.com/people/cherrydcy
http://www.zhihu.com/people/zhangbin
http://www.zhihu.com/people/mario1990
http://www.zhihu.com/people/NoTr
http://www.zhihu.com/people/zhang-xu-86-29
http://www.zhihu.com/people/hexianlong
http://www.zhihu.com/people/Rome
http://www.zhihu.com/people/PeterDeng
http://www.zhihu.com/people/sun-chang-he
http://www.zhihu.com/people/sha-sha-58
http://www.zhihu.com/people/greyopps
http://www.zhihu.com/people/unogzx
http://www.zhihu.com/people/chen-xiao-mei
http://www.zhihu.com/people/wang-li-qun-1976
http://www.zhihu.com/people/zhang-hua-chong
http://www.zhihu.com/people/elichang
http://www.zhihu.com/people/jiang-hong-chang
http://www.zhihu.com/people/violor
http://www.zhihu.com/people/noodles
http://www.zhihu.com/people/li-peng-yu
http://www.zhihu.com/people/lihua
http://www.zhihu.com/people/Marshallpku
http://www.zhihu.com/people/danielchen1995
http://www.zhihu.com/people/azhu
http://www.zhihu.com/people/shiningray
http://www.zhihu.com/people/chaosilver
http://www.zhihu.com/people/cakvfcwz
http://www.zhihu.com/people/guanxy
http://www.zhihu.com/people/zao-tian-dui-yuan
http://www.zhihu.com/people/yangsen
http://www.zhihu.com/people/jonson-fang
http://www.zhihu.com/people/walkerwzy
http://www.zhihu.com/people/yimuxia
http://www.zhihu.com/people/wang-xiao-jia-36
http://www.zhihu.com/people/dusonglovewuqi
http://www.zhihu.com/people/buzhiqiu
http://www.zhihu.com/people/pansz
http://www.zhihu.com/people/xuxun
http://www.zhihu.com/people/mo-zhi
http://www.zhihu.com/people/huang-li-lu-shi
http://www.zhihu.com/people/choq
http://www.zhihu.com/people/leatherover
http://www.zhihu.com/people/zlxlucy
http://www.zhihu.com/people/starknight
http://www.zhihu.com/people/fiona751
http://www.zhihu.com/people/li-xin-92-29
http://www.zhihu.com/people/Himawari
http://www.zhihu.com/people/forteen.lin
http://www.zhihu.com/people/kooyi
http://www.zhihu.com/people/junased
http://www.zhihu.com/people/Dream_Young
http://www.zhihu.com/people/zhu-dong-qiang
http://www.zhihu.com/people/solocm
http://www.zhihu.com/people/huangquanhj
http://www.zhihu.com/people/whoRobert
http://www.zhihu.com/people/hongju-yang
http://www.zhihu.com/people/zhou-zi-han-17
http://www.zhihu.com/people/zhou-rui-jin
http://www.zhihu.com/people/yang-wen-guang
http://www.zhihu.com/people/duchao
http://www.zhihu.com/people/lyu.l
http://www.zhihu.com/people/edword
http://www.zhihu.com/people/qian-mian
http://www.zhihu.com/people/yesorno
http://www.zhihu.com/people/vip5555
http://www.zhihu.com/people/interjc
http://www.zhihu.com/people/liu-yuan-shan
http://www.zhihu.com/people/wu-xiao-sheng
http://www.zhihu.com/people/chai-pi-ma
http://www.zhihu.com/people/luoyandi
http://www.zhihu.com/people/liu-xi-fei
http://www.zhihu.com/people/zakk
http://www.zhihu.com/people/jiang-dong-52
http://www.zhihu.com/people/zhou-xiao-qing-52
http://www.zhihu.com/people/chongmu
http://www.zhihu.com/people/xyjmf
http://www.zhihu.com/people/pi-si-mi
http://www.zhihu.com/people/cha-xiao-zhan
http://www.zhihu.com/people/steveren
http://www.zhihu.com/people/vector-x
http://www.zhihu.com/people/yang-cong-quan-man-tou
http://www.zhihu.com/people/san-pi
http://www.zhihu.com/people/zhang-fan2580
http://www.zhihu.com/people/wang-heng-tong
http://www.zhihu.com/people/c8h10n4o2
http://www.zhihu.com/people/relex
http://www.zhihu.com/people/cha-men-hu-de-xiao-bei-xin
http://www.zhihu.com/people/wsph123
http://www.zhihu.com/people/kevin-47-41
http://www.zhihu.com/people/wang-shi-5
http://www.zhihu.com/people/songyuxiao
http://www.zhihu.com/people/jandk2009
http://www.zhihu.com/people/lu-ming-hao
http://www.zhihu.com/people/davidx
http://www.zhihu.com/people/yipkoonyui
http://www.zhihu.com/people/shao-pan-pan
http://www.zhihu.com/people/iheyang
http://www.zhihu.com/people/tutuyang
http://www.zhihu.com/people/gutao
http://www.zhihu.com/people/wang-liang-rong
http://www.zhihu.com/people/zhuangmingren
http://www.zhihu.com/people/luoxr
http://www.zhihu.com/people/joechik
http://www.zhihu.com/people/bwv988
http://www.zhihu.com/people/mutuyu
http://www.zhihu.com/people/NextMe
http://www.zhihu.com/people/lafuers
http://www.zhihu.com/people/zaiyiqi
http://www.zhihu.com/people/verloth
http://www.zhihu.com/people/jianghan
http://www.zhihu.com/people/yskin
http://www.zhihu.com/people/listen1999
http://www.zhihu.com/people/jeff
http://www.zhihu.com/people/zhangleo
http://www.zhihu.com/people/lin-songyin
http://www.zhihu.com/people/yuanshuaiemily
http://www.zhihu.com/people/alexandrus
http://www.zhihu.com/people/endlessturelove
http://www.zhihu.com/people/li-long-bai-88
http://www.zhihu.com/people/zhou-jiang-ling
http://www.zhihu.com/people/lu-xing-ren-er
http://www.zhihu.com/people/netsos
http://www.zhihu.com/people/chen-qing-33
http://www.zhihu.com/people/zhang-chen-qing
http://www.zhihu.com/people/jixin
http://www.zhihu.com/people/cklover
http://www.zhihu.com/people/jianyang
http://www.zhihu.com/people/yu-ming-gu-wen-chen-tao
http://www.zhihu.com/people/shi-xiong-52
http://www.zhihu.com/people/gao-gang
http://www.zhihu.com/people/jiang-ming-long
http://www.zhihu.com/people/moxi
http://www.zhihu.com/people/li-ren-wei
