http://www.zhihu.com/people/cao-yi-qi-yue
http://www.zhihu.com/people/wen-huan-12
http://www.zhihu.com/people/ding-yi-28-40
http://www.zhihu.com/people/lu-ye-77
http://www.zhihu.com/people/marlboro
http://www.zhihu.com/people/zhang-zhi-xing-89
http://www.zhihu.com/people/bi-hua-shao-nian-82
http://www.zhihu.com/people/silkshadow
http://www.zhihu.com/people/lilyyang
http://www.zhihu.com/people/mo-kong-79
http://www.zhihu.com/people/coderfox
http://www.zhihu.com/people/liu-zhi-da
http://www.zhihu.com/people/gao-a-xiong
http://www.zhihu.com/people/lai-jun-long
http://www.zhihu.com/people/al-joseph
http://www.zhihu.com/people/qiubaipet
http://www.zhihu.com/people/wenwenerya
http://www.zhihu.com/people/J899M
http://www.zhihu.com/people/heaven_000
http://www.zhihu.com/people/wang-shi-shi-63
http://www.zhihu.com/people/wu-quan-yin-68
http://www.zhihu.com/people/kong-rong-26
http://www.zhihu.com/people/jasonlee-89
http://www.zhihu.com/people/zhang-kai-xu-95
http://www.zhihu.com/people/fang-wen-32
http://www.zhihu.com/people/shi-de-ge-ren
http://www.zhihu.com/people/dong-ni-11
http://www.zhihu.com/people/bai-wei-14
http://www.zhihu.com/people/zhang-xiao-yu-23-65
http://www.zhihu.com/people/chang-ge-zi-3
http://www.zhihu.com/people/qu-zhi-36
http://www.zhihu.com/people/zhou-neng-44
http://www.zhihu.com/people/an-fang-xi-zi
http://www.zhihu.com/people/xu-chuan-zhou
http://www.zhihu.com/people/qiyongwong
http://www.zhihu.com/people/yang-xiao-hua-5
http://www.zhihu.com/people/jia-hou-zi
http://www.zhihu.com/people/rush
http://www.zhihu.com/people/ren-er-cheng
http://www.zhihu.com/people/windyoung
http://www.zhihu.com/people/cheng-xiao-dong-29
http://www.zhihu.com/people/ttyy-99
http://www.zhihu.com/people/cuanju
http://www.zhihu.com/people/never1994
http://www.zhihu.com/people/joe-joe-84
http://www.zhihu.com/people/dahai-61
http://www.zhihu.com/people/wayne-tong
http://www.zhihu.com/people/chan-31
http://www.zhihu.com/people/yan-sheng-20-44
http://www.zhihu.com/people/ifreedom
http://www.zhihu.com/people/luckdavis
http://www.zhihu.com/people/han-yixin
http://www.zhihu.com/people/zhang-chen-57
http://www.zhihu.com/people/kael-10
http://www.zhihu.com/people/wannian
http://www.zhihu.com/people/hou-zi-xiao-jie-52
http://www.zhihu.com/people/pwj1568
http://www.zhihu.com/people/hu-di-57-16
http://www.zhihu.com/people/yin-gao-jie
http://www.zhihu.com/people/alex-huang-9
http://www.zhihu.com/people/qi-qi-96
http://www.zhihu.com/people/xing-chen-64-8
http://www.zhihu.com/people/gu-xiang-30-66
http://www.zhihu.com/people/winsunchen
http://www.zhihu.com/people/kingsmalltwo
http://www.zhihu.com/people/alice-45-16
http://www.zhihu.com/people/zai-yi-luo
http://www.zhihu.com/people/ma-mi-nuo
http://www.zhihu.com/people/joyneop
http://www.zhihu.com/people/cheng-wei-guo
http://www.zhihu.com/people/weisibi
http://www.zhihu.com/people/zheng-nan-0527
http://www.zhihu.com/people/Huining-Lee
http://www.zhihu.com/people/brian-bravo
http://www.zhihu.com/people/wei-ta-bing
http://www.zhihu.com/people/zhou-biao-34
http://www.zhihu.com/people/liu-hua-79-78
http://www.zhihu.com/people/sanghai89110224
http://www.zhihu.com/people/jiayizhen
http://www.zhihu.com/people/junyang24
http://www.zhihu.com/people/shaxjl
http://www.zhihu.com/people/wang-wei-jia-86
http://www.zhihu.com/people/mou-kang-ni
http://www.zhihu.com/people/Metamorphosis_Du
http://www.zhihu.com/people/heywang13
http://www.zhihu.com/people/tian-bao-wen
http://www.zhihu.com/people/ze-mu-qi-40
http://www.zhihu.com/people/an-nuo-41-82
http://www.zhihu.com/people/fangsiryeah
http://www.zhihu.com/people/qi-gang-65
http://www.zhihu.com/people/long-xiao-12
http://www.zhihu.com/people/bruce-66-86
http://www.zhihu.com/people/eva-wang-46
http://www.zhihu.com/people/qin-yu-han
http://www.zhihu.com/people/airwangyun
http://www.zhihu.com/people/bboymao
http://www.zhihu.com/people/SilenceSu
http://www.zhihu.com/people/sun-zhu-68-81
http://www.zhihu.com/people/qing-mao-95
http://www.zhihu.com/people/standingwall
http://www.zhihu.com/people/wang-zi-tong-78
http://www.zhihu.com/people/hang-hang-7
http://www.zhihu.com/people/nan-qiang-20
http://www.zhihu.com/people/lei-xiao-hua-16
http://www.zhihu.com/people/long-lu-92
http://www.zhihu.com/people/song-cai
http://www.zhihu.com/people/xiao-bai-yang-16
http://www.zhihu.com/people/yi-hong-gong-zi
http://www.zhihu.com/people/qi-cheng-17
http://www.zhihu.com/people/yang-zhi-man
http://www.zhihu.com/people/django-3
http://www.zhihu.com/people/acetylcholine
http://www.zhihu.com/people/liu-yi-65-90
http://www.zhihu.com/people/frank-17
http://www.zhihu.com/people/wangxizhi
http://www.zhihu.com/people/jht1018
http://www.zhihu.com/people/lun-tai
http://www.zhihu.com/people/jun-an
http://www.zhihu.com/people/songchuang
http://www.zhihu.com/people/NeoLau
http://www.zhihu.com/people/CNOoo
http://www.zhihu.com/people/fan-xiao-xuan-41
http://www.zhihu.com/people/zsq332
http://www.zhihu.com/people/zhu-wu-si
http://www.zhihu.com/people/circe_ashes
http://www.zhihu.com/people/fay-wen
http://www.zhihu.com/people/liu-zhong-kui
http://www.zhihu.com/people/heijiajia
http://www.zhihu.com/people/yllyll
http://www.zhihu.com/people/yang-chun-17
http://www.zhihu.com/people/gooeyforms
http://www.zhihu.com/people/xie-feng-17-98
http://www.zhihu.com/people/ren-chang-feng
http://www.zhihu.com/people/jpjj
http://www.zhihu.com/people/liu-ting-ting-64
http://www.zhihu.com/people/buhaoqiao
http://www.zhihu.com/people/zha-li-li
http://www.zhihu.com/people/zhang-yi-fan-48
http://www.zhihu.com/people/calibre-chow
http://www.zhihu.com/people/tan-ri-tian
http://www.zhihu.com/people/brook-lee-43
http://www.zhihu.com/people/zhangdashe
http://www.zhihu.com/people/nuo-nuo-98
http://www.zhihu.com/people/Chorusist
http://www.zhihu.com/people/deutsch-99
http://www.zhihu.com/people/fu-dou-jia
http://www.zhihu.com/people/lu-gui-chen-26
http://www.zhihu.com/people/zed-89
http://www.zhihu.com/people/hu-xiao-zhou-13
http://www.zhihu.com/people/chen-jun-rong-25
http://www.zhihu.com/people/mi-xian-17
http://www.zhihu.com/people/ding-shi-san-48
http://www.zhihu.com/people/hanjiangxue
http://www.zhihu.com/people/bjchaodaye
http://www.zhihu.com/people/wanghaoran
http://www.zhihu.com/people/zisijiang
http://www.zhihu.com/people/meijingliangchen
http://www.zhihu.com/people/zhao-hai-di
http://www.zhihu.com/people/zhao-yu-dong-83
http://www.zhihu.com/people/jia-min-yu
http://www.zhihu.com/people/glacierlee
http://www.zhihu.com/people/qi-hong-wei
http://www.zhihu.com/people/zhou-quan-18
http://www.zhihu.com/people/long-bao-19
http://www.zhihu.com/people/xuedingedemiao
http://www.zhihu.com/people/mo-xiao-nian
http://www.zhihu.com/people/dai-xiao-xi-70
http://www.zhihu.com/people/li-zi-wei-44
http://www.zhihu.com/people/chen-yu-25
http://www.zhihu.com/people/cang-mang-6
http://www.zhihu.com/people/tuo-ni-cha
http://www.zhihu.com/people/wen-kun-guo
http://www.zhihu.com/people/deodou-dou
http://www.zhihu.com/people/wu-cheng-en
http://www.zhihu.com/people/tang-jing-yu-24
http://www.zhihu.com/people/zhang-lin-quan
http://www.zhihu.com/people/duffy
http://www.zhihu.com/people/huang-ruo-lan-95
http://www.zhihu.com/people/liu-hu-lu-76
http://www.zhihu.com/people/wangzhenpeng
http://www.zhihu.com/people/ru-zhu-94
http://www.zhihu.com/people/zhong717
http://www.zhihu.com/people/gu-ni-ma
http://www.zhihu.com/people/sometimes-61
http://www.zhihu.com/people/li-ye-27-65
http://www.zhihu.com/people/luchun
http://www.zhihu.com/people/freedomwyb
http://www.zhihu.com/people/zhang-hai-yang-62
http://www.zhihu.com/people/niu-xiao-piao
http://www.zhihu.com/people/han-jian-3
http://www.zhihu.com/people/feng-qian-shui
http://www.zhihu.com/people/cocolee
http://www.zhihu.com/people/claire923
http://www.zhihu.com/people/xiao-chu
http://www.zhihu.com/people/chuchu-chu
http://www.zhihu.com/people/huluwahappy
http://www.zhihu.com/people/aaronsu
http://www.zhihu.com/people/mileo
http://www.zhihu.com/people/long-li-hong
http://www.zhihu.com/people/stan-wei
http://www.zhihu.com/people/liangsz
http://www.zhihu.com/people/frankli-28
http://www.zhihu.com/people/yetone
http://www.zhihu.com/people/zhang-bo-67-32
http://www.zhihu.com/people/li-er-bing
http://www.zhihu.com/people/nansoneric
http://www.zhihu.com/people/ling-hu-cong
http://www.zhihu.com/people/zhao-mo-er
http://www.zhihu.com/people/lian-dong-23
http://www.zhihu.com/people/zhang-xiao-sha-78
http://www.zhihu.com/people/tang-lian-rong
http://www.zhihu.com/people/jueee
http://www.zhihu.com/people/qdhei521
http://www.zhihu.com/people/gao-gao-72
http://www.zhihu.com/people/huanghaiyan
http://www.zhihu.com/people/dai-wei-99
http://www.zhihu.com/people/tian-qi-74
http://www.zhihu.com/people/bingyucas
http://www.zhihu.com/people/MrBar
http://www.zhihu.com/people/byring
http://www.zhihu.com/people/huang-xiao-xi-30
http://www.zhihu.com/people/he-ji-chong
http://www.zhihu.com/people/wang-ting-ting-28-65
http://www.zhihu.com/people/miao-cheng-64
http://www.zhihu.com/people/shu-yun-36
http://www.zhihu.com/people/raoy2010
http://www.zhihu.com/people/xiangchuyi
http://www.zhihu.com/people/Korvin
http://www.zhihu.com/people/chen-jun-jie-23-33
http://www.zhihu.com/people/zhou-xing-xing-71-22
http://www.zhihu.com/people/xu-xue-hen
http://www.zhihu.com/people/er-dong-pin
http://www.zhihu.com/people/gayscript
http://www.zhihu.com/people/luo-cheng-xiang
http://www.zhihu.com/people/yaocoder
http://www.zhihu.com/people/yong-sheng
http://www.zhihu.com/people/findmusic
http://www.zhihu.com/people/foiu-ikii
http://www.zhihu.com/people/c0in
http://www.zhihu.com/people/xu-zhi-guan
http://www.zhihu.com/people/andyfoolish
http://www.zhihu.com/people/chen-jun-cheng-19
http://www.zhihu.com/people/liu-pang-zi-23
http://www.zhihu.com/people/yu-ming-gu-wen-chen-tao
http://www.zhihu.com/people/wangzhaowen
http://www.zhihu.com/people/zhang-hankui
http://www.zhihu.com/people/nicol-chen
http://www.zhihu.com/people/li-lin-70
http://www.zhihu.com/people/little-beast
http://www.zhihu.com/people/cui-wang
http://www.zhihu.com/people/vice-versa
http://www.zhihu.com/people/Xieyiyao
http://www.zhihu.com/people/chen-ya-fei-71
http://www.zhihu.com/people/lin-yiqian
http://www.zhihu.com/people/a-qiu-94
http://www.zhihu.com/people/he-qi-41
http://www.zhihu.com/people/zhang-jing-88-76
http://www.zhihu.com/people/gao-yuan-yuan-61
http://www.zhihu.com/people/nior
http://www.zhihu.com/people/li-zuo-hang
http://www.zhihu.com/people/du-tu-su
http://www.zhihu.com/people/shmilypeter
http://www.zhihu.com/people/jclaire
http://www.zhihu.com/people/lyndonneu
http://www.zhihu.com/people/xue-heng
http://www.zhihu.com/people/dou-dou-42
http://www.zhihu.com/people/yi-lin515
http://www.zhihu.com/people/jonson-fang
http://www.zhihu.com/people/ma-xiao-bao-5
http://www.zhihu.com/people/zhang-wei-zhong
http://www.zhihu.com/people/quan-quan-35-32
http://www.zhihu.com/people/IcyAngel
http://www.zhihu.com/people/klark
http://www.zhihu.com/people/Woman-day
http://www.zhihu.com/people/guqiangqiang
http://www.zhihu.com/people/shi-bing-lan
http://www.zhihu.com/people/245871090
http://www.zhihu.com/people/eric-die
http://www.zhihu.com/people/huhuiquan
http://www.zhihu.com/people/chu-meng-meng
http://www.zhihu.com/people/onlyeating_nowashing
http://www.zhihu.com/people/xsclxin
http://www.zhihu.com/people/xiao-lu-hua-mao
http://www.zhihu.com/people/wan-pu
http://www.zhihu.com/people/zhang-wei-10-7
http://www.zhihu.com/people/xuzhihong
http://www.zhihu.com/people/sunth
http://www.zhihu.com/people/ling-hu-cong-28
http://www.zhihu.com/people/calmu
http://www.zhihu.com/people/li-jin-xing-45
http://www.zhihu.com/people/dong-ming-xuan
http://www.zhihu.com/people/van-gogh
http://www.zhihu.com/people/000088
http://www.zhihu.com/people/zhong-guang-42
http://www.zhihu.com/people/yofly
http://www.zhihu.com/people/wang-min-ya
http://www.zhihu.com/people/liu-chang-jie-94
http://www.zhihu.com/people/hua-hua-33-37
http://www.zhihu.com/people/xu-yun-fang-49
http://www.zhihu.com/people/wu-yan-zi-14
http://www.zhihu.com/people/dai-da-bei
http://www.zhihu.com/people/shi-ye-qiao
http://www.zhihu.com/people/jayliu
http://www.zhihu.com/people/deng-kang-er
http://www.zhihu.com/people/sanglei
http://www.zhihu.com/people/ChineseWhisper
http://www.zhihu.com/people/zhang-ying-zhou-91
http://www.zhihu.com/people/bai-ye-48
http://www.zhihu.com/people/hong-xiao-dou
http://www.zhihu.com/people/sukiilzhr
http://www.zhihu.com/people/david.dai
http://www.zhihu.com/people/zhou-wang-17
http://www.zhihu.com/people/_zhao_xu_
http://www.zhihu.com/people/tang-shun-lei
http://www.zhihu.com/people/zhu-hui-31
http://www.zhihu.com/people/jia-ke-wei
http://www.zhihu.com/people/sys52008
http://www.zhihu.com/people/yccluo
http://www.zhihu.com/people/gao-yue-hua
http://www.zhihu.com/people/kinvy
http://www.zhihu.com/people/Fraecak_l
http://www.zhihu.com/people/zhang-jing-yuan-16
http://www.zhihu.com/people/icebrook
http://www.zhihu.com/people/DavidChou
http://www.zhihu.com/people/tian-xue-hao
http://www.zhihu.com/people/646351
http://www.zhihu.com/people/lin-long-91
http://www.zhihu.com/people/wfloveyou
http://www.zhihu.com/people/bowenbitch
http://www.zhihu.com/people/yang-xiao-xiang-21
http://www.zhihu.com/people/li-xuan-14-48
http://www.zhihu.com/people/deng-pan-37
http://www.zhihu.com/people/lin-wang-wei
http://www.zhihu.com/people/qiu-ling-66
http://www.zhihu.com/people/wan-wan-lai-ji-jing
http://www.zhihu.com/people/namiheike
http://www.zhihu.com/people/lu-zhao-jie
http://www.zhihu.com/people/baodaotiexiaohe
http://www.zhihu.com/people/zhong-ye-zi-49
http://www.zhihu.com/people/kevtyle
http://www.zhihu.com/people/smallcase
http://www.zhihu.com/people/Sophie98
http://www.zhihu.com/people/dr-satyr
http://www.zhihu.com/people/xuan-yue-13
http://www.zhihu.com/people/dai-si-ran
http://www.zhihu.com/people/lin-yi-85
http://www.zhihu.com/people/iphone5
http://www.zhihu.com/people/Jessicaa
http://www.zhihu.com/people/ling-chen-43-57
http://www.zhihu.com/people/rocky-sun
http://www.zhihu.com/people/yu-ting
http://www.zhihu.com/people/wei-wei-87-88
http://www.zhihu.com/people/liu-zi-xuan-42
http://www.zhihu.com/people/huang-xian-dong
http://www.zhihu.com/people/li-jun-13-31
http://www.zhihu.com/people/flygon
http://www.zhihu.com/people/zhang-dong-dong-23-46
http://www.zhihu.com/people/li-dian-dian-12
http://www.zhihu.com/people/Gorky-is-not-Gay
http://www.zhihu.com/people/lin-xin-hao-40
http://www.zhihu.com/people/zhang-er-gou-55
http://www.zhihu.com/people/eddie-66
http://www.zhihu.com/people/xinps
http://www.zhihu.com/people/suikaixin
http://www.zhihu.com/people/wu-ting-ying
http://www.zhihu.com/people/qingxin
http://www.zhihu.com/people/chen-wei-bin-40
http://www.zhihu.com/people/wang-ling-shan
http://www.zhihu.com/people/taylor-kong
http://www.zhihu.com/people/lieder
http://www.zhihu.com/people/sVicente
http://www.zhihu.com/people/summer-lee-52
http://www.zhihu.com/people/daweibasongshu
http://www.zhihu.com/people/he-bu-ke
http://www.zhihu.com/people/you-shu-60
http://www.zhihu.com/people/dai-xiao-lan
http://www.zhihu.com/people/zhang-di-40
http://www.zhihu.com/people/Dominic_
http://www.zhihu.com/people/lu-zhuo-pei
http://www.zhihu.com/people/li-xin-62-26
http://www.zhihu.com/people/sayes
http://www.zhihu.com/people/wei-mao-zeng
http://www.zhihu.com/people/yi-zhong-wei
http://www.zhihu.com/people/zhang-quan-yuan
http://www.zhihu.com/people/xu-chu-feng
http://www.zhihu.com/people/cheng-fang-hang
http://www.zhihu.com/people/liu-ba-dao
http://www.zhihu.com/people/scarlett-jj
http://www.zhihu.com/people/hou-wei-52
http://www.zhihu.com/people/de-fu-nu
http://www.zhihu.com/people/novostary
http://www.zhihu.com/people/yang-tian-nan
http://www.zhihu.com/people/apollochow
http://www.zhihu.com/people/sun-hao-69-75
http://www.zhihu.com/people/li-qi-qi-24
http://www.zhihu.com/people/pang-ding-wang
http://www.zhihu.com/people/yang-chen-70-99
http://www.zhihu.com/people/atlantis-96
http://www.zhihu.com/people/yuanfei0304
http://www.zhihu.com/people/hanqixue
http://www.zhihu.com/people/gao-le-61
http://www.zhihu.com/people/hou-nan-67
http://www.zhihu.com/people/gui-zhuo
http://www.zhihu.com/people/chopsticks
http://www.zhihu.com/people/xu-ming-yi
http://www.zhihu.com/people/liu-jing-kai
http://www.zhihu.com/people/cu-mu
http://www.zhihu.com/people/guhongguangju
http://www.zhihu.com/people/ma-song-wei
http://www.zhihu.com/people/grace-43
http://www.zhihu.com/people/die-qi
http://www.zhihu.com/people/de-nan
http://www.zhihu.com/people/shepherd
http://www.zhihu.com/people/wang-zhi-xin-4
http://www.zhihu.com/people/liu-da-chun-68
http://www.zhihu.com/people/cheng-qing-22
http://www.zhihu.com/people/cvforl
http://www.zhihu.com/people/yuan-jun-74
http://www.zhihu.com/people/tian-wu-79
http://www.zhihu.com/people/violynne
http://www.zhihu.com/people/tian-nan-gua
http://www.zhihu.com/people/sunbaoru
http://www.zhihu.com/people/xu-yuan-54
http://www.zhihu.com/people/majinyun0802
http://www.zhihu.com/people/jerrfy
http://www.zhihu.com/people/aoimishi
http://www.zhihu.com/people/mastertian
http://www.zhihu.com/people/chen-chun-chun-13
http://www.zhihu.com/people/blood
http://www.zhihu.com/people/hweining
http://www.zhihu.com/people/jiang-ge
http://www.zhihu.com/people/xymark
http://www.zhihu.com/people/li-yu-chen
http://www.zhihu.com/people/liu-jian-roger
http://www.zhihu.com/people/song-yu-55-80
http://www.zhihu.com/people/donhi
http://www.zhihu.com/people/wang-bin-26-89
http://www.zhihu.com/people/zhengguoqiang
http://www.zhihu.com/people/zhu-xiao-wu-77
http://www.zhihu.com/people/iyucci
http://www.zhihu.com/people/chen-bing-hong-73
http://www.zhihu.com/people/limonzhou
http://www.zhihu.com/people/zxcupdating
http://www.zhihu.com/people/shi-teng-long
http://www.zhihu.com/people/fan-jia-rui
http://www.zhihu.com/people/ma-ya-93
http://www.zhihu.com/people/meng-ling-shi
http://www.zhihu.com/people/miaomiaomiao
http://www.zhihu.com/people/qiao-feng-xue
http://www.zhihu.com/people/xiao-chen-68-85
http://www.zhihu.com/people/dina
http://www.zhihu.com/people/cakvfcwz
http://www.zhihu.com/people/turanjian
http://www.zhihu.com/people/li-chun-you
http://www.zhihu.com/people/guo-da-lu-13
http://www.zhihu.com/people/mei-chen-zi
http://www.zhihu.com/people/Robot-Yu
http://www.zhihu.com/people/mtoc
http://www.zhihu.com/people/malcolmyu
http://www.zhihu.com/people/runtion
http://www.zhihu.com/people/GionCat
http://www.zhihu.com/people/han-chen-72
http://www.zhihu.com/people/zhang-peng-lin
http://www.zhihu.com/people/duoduojiang
http://www.zhihu.com/people/wu-qiong-11-59
http://www.zhihu.com/people/lan-ruo-xi
http://www.zhihu.com/people/huang-qiang-63
http://www.zhihu.com/people/sapphiron
http://www.zhihu.com/people/sellsoda
http://www.zhihu.com/people/yesudewanyan
http://www.zhihu.com/people/a-hun
http://www.zhihu.com/people/loem
http://www.zhihu.com/people/techoxygen
http://www.zhihu.com/people/zhang-le-25-58
http://www.zhihu.com/people/cheng-hao-81
http://www.zhihu.com/people/yuan-ming-17
http://www.zhihu.com/people/dannnnn
http://www.zhihu.com/people/pan-xiao-25
http://www.zhihu.com/people/chen-liang-29
http://www.zhihu.com/people/sheldon-wata
http://www.zhihu.com/people/19951121
http://www.zhihu.com/people/twofrogs
http://www.zhihu.com/people/suo-shi
http://www.zhihu.com/people/qiu-zeng-cheng
http://www.zhihu.com/people/xiaodaoren
http://www.zhihu.com/people/sun-xiao-tao-67
http://www.zhihu.com/people/madsnake
http://www.zhihu.com/people/you-guo-59
http://www.zhihu.com/people/zhang-yue-ming-12
http://www.zhihu.com/people/wen-xin-6
http://www.zhihu.com/people/websec
http://www.zhihu.com/people/xiao-du-sysu
http://www.zhihu.com/people/ou-yang-27
http://www.zhihu.com/people/susus
http://www.zhihu.com/people/ftium4
http://www.zhihu.com/people/hu-pai-pai
http://www.zhihu.com/people/jiang-bai-du
http://www.zhihu.com/people/lilizong
http://www.zhihu.com/people/yin-li-feng
http://www.zhihu.com/people/te-te-54
http://www.zhihu.com/people/id-malong
http://www.zhihu.com/people/yuan-da-guang
http://www.zhihu.com/people/li-kun-77-20
http://www.zhihu.com/people/stupident
http://www.zhihu.com/people/tuo-zi
http://www.zhihu.com/people/shanyl
http://www.zhihu.com/people/li-dong-yi-51
http://www.zhihu.com/people/chen-ai-luo-ding-29
http://www.zhihu.com/people/qu-chong-dong
http://www.zhihu.com/people/hao-ao-fu
http://www.zhihu.com/people/luckeeee
http://www.zhihu.com/people/buke
http://www.zhihu.com/people/alex23
http://www.zhihu.com/people/zoooey
http://www.zhihu.com/people/fu-shu-shu-ying
http://www.zhihu.com/people/chentong
http://www.zhihu.com/people/tu-guo-qiang
http://www.zhihu.com/people/tao-ye-82
http://www.zhihu.com/people/hong-lin-39
http://www.zhihu.com/people/junyu-88
http://www.zhihu.com/people/chen-ying-08-94
http://www.zhihu.com/people/qi-xuan
http://www.zhihu.com/people/wang-jia-wei-45-85
http://www.zhihu.com/people/li-gou-hai-12-23
http://www.zhihu.com/people/tcstar
http://www.zhihu.com/people/Dabbler
http://www.zhihu.com/people/zhenghuiwen
http://www.zhihu.com/people/henter
http://www.zhihu.com/people/cui-xiao-er
http://www.zhihu.com/people/xiao-tie-he
http://www.zhihu.com/people/lu-hai-bin
http://www.zhihu.com/people/justinli
http://www.zhihu.com/people/yehuai
http://www.zhihu.com/people/duan-xiao-mie
http://www.zhihu.com/people/chasedream
http://www.zhihu.com/people/jiang-___-min
http://www.zhihu.com/people/yan-er-jane
http://www.zhihu.com/people/chendayun
http://www.zhihu.com/people/jin-yi-nuo
http://www.zhihu.com/people/bazinga-38
http://www.zhihu.com/people/zengyingjia
http://www.zhihu.com/people/iaisin
http://www.zhihu.com/people/ding-zhao-sai
http://www.zhihu.com/people/mochen
http://www.zhihu.com/people/lydia-7
http://www.zhihu.com/people/oogoo
http://www.zhihu.com/people/wei-qing-min
http://www.zhihu.com/people/longniao
http://www.zhihu.com/people/co1q84
http://www.zhihu.com/people/beck-w
http://www.zhihu.com/people/zhang-jing-78-7
http://www.zhihu.com/people/tian-feng-lin
http://www.zhihu.com/people/jing-22
http://www.zhihu.com/people/dao-xiang-87
http://www.zhihu.com/people/bu-xiao-de-21
http://www.zhihu.com/people/naausica
http://www.zhihu.com/people/zhao-yong-chao-79
http://www.zhihu.com/people/tumbler-75
http://www.zhihu.com/people/xu-mao-mao-79
http://www.zhihu.com/people/alxe
http://www.zhihu.com/people/zhengwu
http://www.zhihu.com/people/gao-shao-bo
http://www.zhihu.com/people/bai-yan-shang-guan
http://www.zhihu.com/people/lzl-10
http://www.zhihu.com/people/frizen
http://www.zhihu.com/people/nitianhou
http://www.zhihu.com/people/lei-a-bao
http://www.zhihu.com/people/hou-xuan-42
http://www.zhihu.com/people/zhuyawen
http://www.zhihu.com/people/sylovelp
http://www.zhihu.com/people/hexiaobing
http://www.zhihu.com/people/wang-huan-36
http://www.zhihu.com/people/ma-xiao-chuan-21
http://www.zhihu.com/people/shang-shang-qian-26
http://www.zhihu.com/people/xu-yong-jia
http://www.zhihu.com/people/leon-lee-37
http://www.zhihu.com/people/liujianwen
http://www.zhihu.com/people/deng-yong-can
http://www.zhihu.com/people/liang-yu-fan
http://www.zhihu.com/people/MrY0902
http://www.zhihu.com/people/nie-wu-hui
http://www.zhihu.com/people/yu-wen-qi
http://www.zhihu.com/people/boya-88
http://www.zhihu.com/people/ren-he-53
http://www.zhihu.com/people/colorwill
http://www.zhihu.com/people/wang-chu-cheng
http://www.zhihu.com/people/zhang-xiao-ai
http://www.zhihu.com/people/li-zheng-52
http://www.zhihu.com/people/peng-ge-61-48
http://www.zhihu.com/people/han-xiao-kui-82
http://www.zhihu.com/people/zhaojie-ds
http://www.zhihu.com/people/rancoo
http://www.zhihu.com/people/yang-yang-2
http://www.zhihu.com/people/wang-jiang-fei
http://www.zhihu.com/people/zhang-ya-chao
http://www.zhihu.com/people/lanqing
http://www.zhihu.com/people/monk-22
http://www.zhihu.com/people/babyfacer
http://www.zhihu.com/people/deedeebai
http://www.zhihu.com/people/bibo
http://www.zhihu.com/people/chi-shuai
http://www.zhihu.com/people/zhong-yu-qi
http://www.zhihu.com/people/shui-di-76
http://www.zhihu.com/people/cherry-3-66
http://www.zhihu.com/people/madouling
http://www.zhihu.com/people/jacexh
http://www.zhihu.com/people/zhen-zhen-39-22
http://www.zhihu.com/people/li-ya-fei-28
http://www.zhihu.com/people/xiaovxia
http://www.zhihu.com/people/an-ran-15
http://www.zhihu.com/people/onlyswan
http://www.zhihu.com/people/wangr927
http://www.zhihu.com/people/mensmen
http://www.zhihu.com/people/ling-zi-46
http://www.zhihu.com/people/zhang-hai-dong-25
http://www.zhihu.com/people/ma3jia
http://www.zhihu.com/people/PeterDeng
http://www.zhihu.com/people/hola-59
http://www.zhihu.com/people/bi-you-72
http://www.zhihu.com/people/lin-hui-hao-5
http://www.zhihu.com/people/zuimai
http://www.zhihu.com/people/zhou-kai-43
http://www.zhihu.com/people/lupeining
http://www.zhihu.com/people/ai-jia-yuan
http://www.zhihu.com/people/zha-si-ting
http://www.zhihu.com/people/jayce
http://www.zhihu.com/people/su-liang-chen
http://www.zhihu.com/people/jia-jian-81
http://www.zhihu.com/people/wang-___-lan
http://www.zhihu.com/people/cheng-xing-ping
http://www.zhihu.com/people/wen-tao-4
http://www.zhihu.com/people/niuston
http://www.zhihu.com/people/andy-du
http://www.zhihu.com/people/lz549436
http://www.zhihu.com/people/fan-wen-jie
http://www.zhihu.com/people/wule
http://www.zhihu.com/people/ling-xing-56
http://www.zhihu.com/people/yskin
http://www.zhihu.com/people/guisheng-w
http://www.zhihu.com/people/suo-er-49
http://www.zhihu.com/people/you-shui-han
http://www.zhihu.com/people/li-xi-ling
http://www.zhihu.com/people/li-jing-yan-12
http://www.zhihu.com/people/shi-zhen-xiang
http://www.zhihu.com/people/ding-zhu-62
http://www.zhihu.com/people/peng-zhi-ran
http://www.zhihu.com/people/zhang-lin-long
http://www.zhihu.com/people/haoyeye
http://www.zhihu.com/people/li-jun-eileen
http://www.zhihu.com/people/qian-zi-chao
http://www.zhihu.com/people/jingya
http://www.zhihu.com/people/lingyan
http://www.zhihu.com/people/lu-zou-qi
http://www.zhihu.com/people/say-bye
http://www.zhihu.com/people/nigoli
http://www.zhihu.com/people/andylee-29
http://www.zhihu.com/people/megamind
http://www.zhihu.com/people/chenwen
http://www.zhihu.com/people/steven-lu-08
http://www.zhihu.com/people/quickerzane
http://www.zhihu.com/people/gu-cheng-li-40
http://www.zhihu.com/people/li-ping-fan-39
http://www.zhihu.com/people/tantou
http://www.zhihu.com/people/fang-che-dan
http://www.zhihu.com/people/xia-xiao-qiu-34
http://www.zhihu.com/people/troyding
http://www.zhihu.com/people/wangchenyu-knight
http://www.zhihu.com/people/liao-ke-32
http://www.zhihu.com/people/hu-meng-83
http://www.zhihu.com/people/liu-xiao-huan-81
http://www.zhihu.com/people/hiworldofice
http://www.zhihu.com/people/yuger.net
http://www.zhihu.com/people/chen-yang-fan
http://www.zhihu.com/people/deng-xiao-chong
http://www.zhihu.com/people/charles-cha
http://www.zhihu.com/people/chen-xiang-72
http://www.zhihu.com/people/wsivoky
http://www.zhihu.com/people/emily-26
http://www.zhihu.com/people/shi-xu-jing
http://www.zhihu.com/people/dontbeevil
http://www.zhihu.com/people/fredli-39
http://www.zhihu.com/people/li-pei-45
http://www.zhihu.com/people/zhou-liu-yu
http://www.zhihu.com/people/qun0554
http://www.zhihu.com/people/yang-jiang-he
http://www.zhihu.com/people/huang-xiao-55
http://www.zhihu.com/people/que-xing-lasia
http://www.zhihu.com/people/muliangyu
http://www.zhihu.com/people/stephenr
http://www.zhihu.com/people/san-pi-ge
http://www.zhihu.com/people/yu-san-geng
http://www.zhihu.com/people/liu-bin-15-3
http://www.zhihu.com/people/10250
http://www.zhihu.com/people/punksketch
http://www.zhihu.com/people/blackbeard
http://www.zhihu.com/people/deng-gao-sheng
http://www.zhihu.com/people/tony-hong-43
http://www.zhihu.com/people/huanghuihui1991
http://www.zhihu.com/people/janed
http://www.zhihu.com/people/li-cheng-gan
http://www.zhihu.com/people/merlin-47
http://www.zhihu.com/people/xia-mei-qing
http://www.zhihu.com/people/parsley
http://www.zhihu.com/people/fei-ye-55-58
http://www.zhihu.com/people/hou-run-tian
http://www.zhihu.com/people/so_called
http://www.zhihu.com/people/wang-xiao-shan-90
http://www.zhihu.com/people/xu-de-ming
http://www.zhihu.com/people/anyi90
http://www.zhihu.com/people/bo-wen-49
http://www.zhihu.com/people/puyun
http://www.zhihu.com/people/gong-zheng-xuan
http://www.zhihu.com/people/wei-tong-yun-60
http://www.zhihu.com/people/hei-se-bo-luo
http://www.zhihu.com/people/zhang-lei-5-94
http://www.zhihu.com/people/lin-zhe-96
http://www.zhihu.com/people/susummer
http://www.zhihu.com/people/xiao-ming-58
http://www.zhihu.com/people/li-zhi-35-20
http://www.zhihu.com/people/yu-he-ping
http://www.zhihu.com/people/cbasky
http://www.zhihu.com/people/max-shao
http://www.zhihu.com/people/sun-xi-ting
http://www.zhihu.com/people/shen-lan-93
http://www.zhihu.com/people/miao-li-42
http://www.zhihu.com/people/byronyi
http://www.zhihu.com/people/yu-sheng-qi
http://www.zhihu.com/people/mituzhifan
http://www.zhihu.com/people/ttmot
http://www.zhihu.com/people/wang-xiao-mei-35
http://www.zhihu.com/people/chevalierwang
http://www.zhihu.com/people/TrusBe
http://www.zhihu.com/people/jiao-de-qiang
http://www.zhihu.com/people/shuang-wang
http://www.zhihu.com/people/di-xiao-bin
http://www.zhihu.com/people/yang-shang-wen
http://www.zhihu.com/people/lu-wei-qiang
http://www.zhihu.com/people/goldegg
http://www.zhihu.com/people/huang-hai-long-85
http://www.zhihu.com/people/lianzeliang
http://www.zhihu.com/people/zhang-yang-60-19
http://www.zhihu.com/people/vivixb
http://www.zhihu.com/people/wang-yi-chun-01
http://www.zhihu.com/people/wangtengchuan
http://www.zhihu.com/people/jackey-jiang
http://www.zhihu.com/people/sunorry
http://www.zhihu.com/people/li-yue-jing
http://www.zhihu.com/people/xiao-xi-xia
http://www.zhihu.com/people/jing-xiao-liang
http://www.zhihu.com/people/peiyang1895
http://www.zhihu.com/people/flynntsc
http://www.zhihu.com/people/aquarius_sally
http://www.zhihu.com/people/luoxr
http://www.zhihu.com/people/chen-zhi-yu-75
http://www.zhihu.com/people/an-zhi-25
http://www.zhihu.com/people/gutao
http://www.zhihu.com/people/blessyou
http://www.zhihu.com/people/gong-zi-wen
http://www.zhihu.com/people/jxzhumin
http://www.zhihu.com/people/yao-ze-yuan
http://www.zhihu.com/people/li-peng-yu
http://www.zhihu.com/people/su-mu-lan
http://www.zhihu.com/people/yu-qi-long
http://www.zhihu.com/people/xie-jun-qing
http://www.zhihu.com/people/li-mu-qing-521
http://www.zhihu.com/people/lixiaoxun
http://www.zhihu.com/people/huang-wei-12-62
http://www.zhihu.com/people/yxue
http://www.zhihu.com/people/yang-yuan-40
http://www.zhihu.com/people/ding-guo-feng
http://www.zhihu.com/people/yu-bo-yu
http://www.zhihu.com/people/windan0901
http://www.zhihu.com/people/chouthen
http://www.zhihu.com/people/tang-hai-yang-4
http://www.zhihu.com/people/jiao-xiao-fan
http://www.zhihu.com/people/netsos
http://www.zhihu.com/people/receo
http://www.zhihu.com/people/knightshady
http://www.zhihu.com/people/suithink
http://www.zhihu.com/people/han-yan-hui
http://www.zhihu.com/people/li-li-fei
http://www.zhihu.com/people/zhang-yun-lei-77
http://www.zhihu.com/people/dereck
http://www.zhihu.com/people/fu-jia-qi
http://www.zhihu.com/people/tlwu
http://www.zhihu.com/people/duchao
http://www.zhihu.com/people/tooyoung
http://www.zhihu.com/people/zhuchongyang
http://www.zhihu.com/people/hlhl
http://www.zhihu.com/people/shi-wei-56
http://www.zhihu.com/people/snowsword
http://www.zhihu.com/people/tollbay
http://www.zhihu.com/people/lipengbin
http://www.zhihu.com/people/chen-shao-wei-7
http://www.zhihu.com/people/vincent-wang-20
http://www.zhihu.com/people/lin-fan-63-96
http://www.zhihu.com/people/wang-yuan-66-5
http://www.zhihu.com/people/tangxiaoxiong
http://www.zhihu.com/people/song-fei
http://www.zhihu.com/people/yang-guang-xin
http://www.zhihu.com/people/du-xiao-wei-14
http://www.zhihu.com/people/jixiaomo
http://www.zhihu.com/people/ma-bo-ping
http://www.zhihu.com/people/lu-bei-er
http://www.zhihu.com/people/li-yao-hua
http://www.zhihu.com/people/song-jia-50
http://www.zhihu.com/people/xu-yu-xiang-74
http://www.zhihu.com/people/xi-yun-77
http://www.zhihu.com/people/my-god
http://www.zhihu.com/people/wang-wen-ping
http://www.zhihu.com/people/monicazi-you-xin
http://www.zhihu.com/people/intellectual
http://www.zhihu.com/people/li-fei-fan-42
http://www.zhihu.com/people/cklover
http://www.zhihu.com/people/sophie-lin
http://www.zhihu.com/people/zhang-zhong-jian
http://www.zhihu.com/people/chengyuan
http://www.zhihu.com/people/nxbtch
