http://www.zhihu.com/people/zhou-zheng-54
http://www.zhihu.com/people/castleyan
http://www.zhihu.com/people/jiesu
http://www.zhihu.com/people/chen-si-yue-70
http://www.zhihu.com/people/qinqin616
http://www.zhihu.com/people/shawn-ruan
http://www.zhihu.com/people/liu-hai-bo-99-41
http://www.zhihu.com/people/henter
http://www.zhihu.com/people/cuizhaoyang
http://www.zhihu.com/people/zhu-shi-30
http://www.zhihu.com/people/moni-viva
http://www.zhihu.com/people/desperatecat
http://www.zhihu.com/people/li-qiao-yu-91
http://www.zhihu.com/people/zhou-wen-jun-73
http://www.zhihu.com/people/wang-wei-xiong
http://www.zhihu.com/people/giany9
http://www.zhihu.com/people/joeyzhang
http://www.zhihu.com/people/wu-ke-fei
http://www.zhihu.com/people/wangpengyu
http://www.zhihu.com/people/he-he-30
http://www.zhihu.com/people/tortorse
http://www.zhihu.com/people/huang-zhi-ping-14
http://www.zhihu.com/people/tianying-chu
http://www.zhihu.com/people/jary
http://www.zhihu.com/people/yang-zi-63
http://www.zhihu.com/people/wu-wei-di
http://www.zhihu.com/people/enno_zhong
http://www.zhihu.com/people/huo-kan-kan
http://www.zhihu.com/people/xiao-zhe-31
http://www.zhihu.com/people/sunprin
http://www.zhihu.com/people/tanghaiyan
http://www.zhihu.com/people/zhong-cun-bruce
http://www.zhihu.com/people/foreveryoung
http://www.zhihu.com/people/chen-da-shu-91
http://www.zhihu.com/people/dinoyu
http://www.zhihu.com/people/qing-mao-95
http://www.zhihu.com/people/cheung-tim
http://www.zhihu.com/people/zhimengzhe
http://www.zhihu.com/people/ji-jia-7
http://www.zhihu.com/people/song-jin-chang
http://www.zhihu.com/people/jonson-fang
http://www.zhihu.com/people/andy-5
http://www.zhihu.com/people/cat-23
http://www.zhihu.com/people/orzzhang
http://www.zhihu.com/people/angirlv
http://www.zhihu.com/people/zhang-shi-hua-25
http://www.zhihu.com/people/vicguo
http://www.zhihu.com/people/iaisin
http://www.zhihu.com/people/yi-sen-8
http://www.zhihu.com/people/kondi
http://www.zhihu.com/people/lin-xiao-bin-26
http://www.zhihu.com/people/victoryan
http://www.zhihu.com/people/xulaohan
http://www.zhihu.com/people/wang-li-bing
http://www.zhihu.com/people/dickyshu
http://www.zhihu.com/people/li-wen-tao-3
http://www.zhihu.com/people/LPWY
http://www.zhihu.com/people/aista
http://www.zhihu.com/people/KateSung
http://www.zhihu.com/people/jjying
http://www.zhihu.com/people/gong-si-yuan-41
http://www.zhihu.com/people/hoovay
http://www.zhihu.com/people/liang-yu-fan
http://www.zhihu.com/people/zhanglichuan
http://www.zhihu.com/people/jin-xiao-he-19
http://www.zhihu.com/people/immediate
http://www.zhihu.com/people/zhang-yu-bo
http://www.zhihu.com/people/soong
http://www.zhihu.com/people/zhang-cheng-chen
http://www.zhihu.com/people/hu-ling-huan
http://www.zhihu.com/people/xiao-chu
http://www.zhihu.com/people/Dominic_
http://www.zhihu.com/people/nyanzhang
http://www.zhihu.com/people/xiao-feng-83-87
http://www.zhihu.com/people/gao-wen-jun
http://www.zhihu.com/people/wen-sen-te-86
http://www.zhihu.com/people/xu-wei-68
http://www.zhihu.com/people/noff
http://www.zhihu.com/people/three_three
http://www.zhihu.com/people/hong-shi-huan-78
http://www.zhihu.com/people/zhou-diao
http://www.zhihu.com/people/jun-jie-64
http://www.zhihu.com/people/keepage
http://www.zhihu.com/people/jiang-dong-52
http://www.zhihu.com/people/rambler1122
http://www.zhihu.com/people/he-wo
http://www.zhihu.com/people/duan-xiao-mie
http://www.zhihu.com/people/wang-shang-77
http://www.zhihu.com/people/haopo
http://www.zhihu.com/people/li-yifan-27
http://www.zhihu.com/people/sin-51
http://www.zhihu.com/people/stanlee
http://www.zhihu.com/people/stone96
http://www.zhihu.com/people/hinotan
http://www.zhihu.com/people/davidchang
http://www.zhihu.com/people/xuanjianfeng
http://www.zhihu.com/people/gu-zhong-heng
http://www.zhihu.com/people/tu-teng-young
http://www.zhihu.com/people/zhu-bo-tao
http://www.zhihu.com/people/pang-bo-95
http://www.zhihu.com/people/boodorg
http://www.zhihu.com/people/lytous
http://www.zhihu.com/people/chen-yuan-hang
http://www.zhihu.com/people/kikiko
http://www.zhihu.com/people/wang-peng-48
http://www.zhihu.com/people/gao-ling-ling
http://www.zhihu.com/people/zhao-xuan-18
http://www.zhihu.com/people/bo-ye-9
http://www.zhihu.com/people/yan-shi-51
http://www.zhihu.com/people/cui-ling-yun-66
http://www.zhihu.com/people/snkwing-93
http://www.zhihu.com/people/he-yuan-sheng
http://www.zhihu.com/people/lin-liu-ru
http://www.zhihu.com/people/nigelcheng
http://www.zhihu.com/people/xibie
http://www.zhihu.com/people/ymri-lee
http://www.zhihu.com/people/chen-wei-57
http://www.zhihu.com/people/an-zhi-25
http://www.zhihu.com/people/yang-shu-lin
http://www.zhihu.com/people/onlyyoko
http://www.zhihu.com/people/zhang-yong-22-66
http://www.zhihu.com/people/mengnie
http://www.zhihu.com/people/dreamer24
http://www.zhihu.com/people/UID-JasonLee
http://www.zhihu.com/people/hao-yue-chen-46
http://www.zhihu.com/people/peng-xiao-yong-74
http://www.zhihu.com/people/violynne
http://www.zhihu.com/people/ichth
http://www.zhihu.com/people/wang-hui-yi-59
http://www.zhihu.com/people/zydaniel
http://www.zhihu.com/people/jerry-cen
http://www.zhihu.com/people/li-jin-bo
http://www.zhihu.com/people/eggzhao
http://www.zhihu.com/people/yukimdom
http://www.zhihu.com/people/lin-ai-24
http://www.zhihu.com/people/wang-da-6
http://www.zhihu.com/people/li-wei-36-39
http://www.zhihu.com/people/han-yong-biao-61
http://www.zhihu.com/people/zhou-jia-peng-6
http://www.zhihu.com/people/fengthn
http://www.zhihu.com/people/leepengbo
http://www.zhihu.com/people/therewillbe
http://www.zhihu.com/people/taylor-95
http://www.zhihu.com/people/dddxxx
http://www.zhihu.com/people/Meteoric_cry
http://www.zhihu.com/people/jtang
http://www.zhihu.com/people/cai-qing-qing
http://www.zhihu.com/people/suer
http://www.zhihu.com/people/liu-yu-han
http://www.zhihu.com/people/jimsoupchen
http://www.zhihu.com/people/shi-an
http://www.zhihu.com/people/zhang-ze-43
http://www.zhihu.com/people/eddie-66
http://www.zhihu.com/people/sam-xia
http://www.zhihu.com/people/techoxygen
http://www.zhihu.com/people/shan-kui-zhang
http://www.zhihu.com/people/yuan-jun-74
http://www.zhihu.com/people/liu-xiao-ting-89
http://www.zhihu.com/people/LindsayD
http://www.zhihu.com/people/wei-ma-46
http://www.zhihu.com/people/wang-dou-dou-88
http://www.zhihu.com/people/li-er-40
http://www.zhihu.com/people/yang-zi-92
http://www.zhihu.com/people/pei-wei-52
http://www.zhihu.com/people/dou-ya-mei-er
http://www.zhihu.com/people/nei-nei-1-2-3
http://www.zhihu.com/people/barney.worship
http://www.zhihu.com/people/mrfern
http://www.zhihu.com/people/todayrocktodayroll
http://www.zhihu.com/people/sen-shu
http://www.zhihu.com/people/liu-shu-liang
http://www.zhihu.com/people/cai-xiao-yun-60
http://www.zhihu.com/people/idealjay
http://www.zhihu.com/people/li-lei-43
http://www.zhihu.com/people/qi-huo-he-ci
http://www.zhihu.com/people/zhang-lei-5-94
http://www.zhihu.com/people/wangweizhe
http://www.zhihu.com/people/xinghui
http://www.zhihu.com/people/nicing
http://www.zhihu.com/people/qixun
http://www.zhihu.com/people/wang-xiao-mei-35
http://www.zhihu.com/people/zhao-er-68
http://www.zhihu.com/people/junyang
http://www.zhihu.com/people/zhou-yuan-21
http://www.zhihu.com/people/purpleli
http://www.zhihu.com/people/cao-ji-yin
http://www.zhihu.com/people/ftium4
http://www.zhihu.com/people/awokeman
http://www.zhihu.com/people/su-fei-mei
http://www.zhihu.com/people/jaydenkong
http://www.zhihu.com/people/oogoo
http://www.zhihu.com/people/lynnchang
http://www.zhihu.com/people/liao-anchor
http://www.zhihu.com/people/zhang-li-ya
http://www.zhihu.com/people/laiwei
http://www.zhihu.com/people/ericbox
http://www.zhihu.com/people/fajia
http://www.zhihu.com/people/elya
http://www.zhihu.com/people/lin-kai-69
http://www.zhihu.com/people/geelee
http://www.zhihu.com/people/alancaii
http://www.zhihu.com/people/tusiji
http://www.zhihu.com/people/zhang-yi-peng
http://www.zhihu.com/people/fory-zhou
http://www.zhihu.com/people/yu-lei-ming
http://www.zhihu.com/people/kiayon
http://www.zhihu.com/people/chen-tian-hua-97
http://www.zhihu.com/people/fireos
http://www.zhihu.com/people/jog-ui
http://www.zhihu.com/people/ryan-73-42
http://www.zhihu.com/people/niuniu
http://www.zhihu.com/people/xuzhe1224
http://www.zhihu.com/people/zhao-ying-jian
http://www.zhihu.com/people/tumbler-75
http://www.zhihu.com/people/leiqinbang
http://www.zhihu.com/people/wang-ze-heng
http://www.zhihu.com/people/liang-24
http://www.zhihu.com/people/iceblues
http://www.zhihu.com/people/gegewu
http://www.zhihu.com/people/twph
http://www.zhihu.com/people/xu-chu-yun
http://www.zhihu.com/people/amizhang
http://www.zhihu.com/people/li-zhi-sheng-66
http://www.zhihu.com/people/suo-er-49
http://www.zhihu.com/people/li-xi-ling
http://www.zhihu.com/people/Lohoboo
http://www.zhihu.com/people/cranks
http://www.zhihu.com/people/tangke
http://www.zhihu.com/people/sui-lin-5
http://www.zhihu.com/people/orangejane
http://www.zhihu.com/people/zhang-xiao-wen-62
http://www.zhihu.com/people/mengyaozhao
http://www.zhihu.com/people/moonmonster
http://www.zhihu.com/people/zhang-shuo-70-43
http://www.zhihu.com/people/takun
http://www.zhihu.com/people/awguo
http://www.zhihu.com/people/lamueno
http://www.zhihu.com/people/justin001
http://www.zhihu.com/people/lee_
http://www.zhihu.com/people/riverwind
http://www.zhihu.com/people/liang-qi-qin
http://www.zhihu.com/people/gregchen
http://www.zhihu.com/people/jessie
http://www.zhihu.com/people/yi-yan-cheng
http://www.zhihu.com/people/luobiying
http://www.zhihu.com/people/juelu
http://www.zhihu.com/people/cambridge
http://www.zhihu.com/people/toddmi
http://www.zhihu.com/people/Aven_
http://www.zhihu.com/people/yao-xing-guang
http://www.zhihu.com/people/pigtwo
http://www.zhihu.com/people/luo-fu-xin
http://www.zhihu.com/people/qiao-sheng-joe-48
http://www.zhihu.com/people/zhenghuiwen
http://www.zhihu.com/people/tian-min-cheng
http://www.zhihu.com/people/zhang-xian-feng
http://www.zhihu.com/people/markhung
http://www.zhihu.com/people/fyl00
http://www.zhihu.com/people/lakujira
http://www.zhihu.com/people/tian-rong-rong
http://www.zhihu.com/people/yuanhang
http://www.zhihu.com/people/mouji
http://www.zhihu.com/people/keshaoqin
http://www.zhihu.com/people/loidco
http://www.zhihu.com/people/le-yan
http://www.zhihu.com/people/minyu
http://www.zhihu.com/people/leif
http://www.zhihu.com/people/liutingji
http://www.zhihu.com/people/guo-jun-jie-11
http://www.zhihu.com/people/jasonchang
http://www.zhihu.com/people/PeterDeng
http://www.zhihu.com/people/wangshuo
http://www.zhihu.com/people/wang-qi-71
http://www.zhihu.com/people/mar01
http://www.zhihu.com/people/xie-jin-fu
http://www.zhihu.com/people/chengzida
http://www.zhihu.com/people/huang-xing-zhi-28
http://www.zhihu.com/people/wen-qi-51
http://www.zhihu.com/people/lattelatte
http://www.zhihu.com/people/kang-wei
http://www.zhihu.com/people/libra_zeng
http://www.zhihu.com/people/momoko
http://www.zhihu.com/people/zi-mu-yoyo
http://www.zhihu.com/people/de-chuan-liang
http://www.zhihu.com/people/Ataraxia002
http://www.zhihu.com/people/matthew-chen
http://www.zhihu.com/people/feversun
http://www.zhihu.com/people/yshone
http://www.zhihu.com/people/ihuabing
http://www.zhihu.com/people/Alex-Woo
http://www.zhihu.com/people/wu-zhi-peng-48
http://www.zhihu.com/people/nong-jun
http://www.zhihu.com/people/godwinwang
http://www.zhihu.com/people/helen-87
http://www.zhihu.com/people/wu-fan-5-4
http://www.zhihu.com/people/uedreamer
http://www.zhihu.com/people/xiaoy
http://www.zhihu.com/people/feng-ming-peng
http://www.zhihu.com/people/jerrylu
http://www.zhihu.com/people/oklai
http://www.zhihu.com/people/13igcat
http://www.zhihu.com/people/chen-meng-qi-67
http://www.zhihu.com/people/ming-hao-78
http://www.zhihu.com/people/mona
http://www.zhihu.com/people/liwenjun
http://www.zhihu.com/people/zhou-kai-43
http://www.zhihu.com/people/vanl
http://www.zhihu.com/people/fen-die-jing-ling
http://www.zhihu.com/people/dong-shao-yang
http://www.zhihu.com/people/wang-jing-29-44
http://www.zhihu.com/people/maishi
http://www.zhihu.com/people/hong-jie-hong
http://www.zhihu.com/people/aboutalex
http://www.zhihu.com/people/shinetse
http://www.zhihu.com/people/hu-bing-67
http://www.zhihu.com/people/tood
http://www.zhihu.com/people/lv-miao-94
http://www.zhihu.com/people/lavi
http://www.zhihu.com/people/li-yang-yang-88
http://www.zhihu.com/people/chenjieda
http://www.zhihu.com/people/leunja
http://www.zhihu.com/people/alohaschen
http://www.zhihu.com/people/guanxy
http://www.zhihu.com/people/xi-li
http://www.zhihu.com/people/mcjiffy
http://www.zhihu.com/people/xuxun
http://www.zhihu.com/people/jiezuo
http://www.zhihu.com/people/fangxiaojian
http://www.zhihu.com/people/zhang-dan-dan-23
http://www.zhihu.com/people/meng-tian-42
http://www.zhihu.com/people/shi-qian-qian
http://www.zhihu.com/people/zhangxvliang
http://www.zhihu.com/people/vipjqy
http://www.zhihu.com/people/zhang-chen-qing
http://www.zhihu.com/people/chenshuo
http://www.zhihu.com/people/lichaochao
http://www.zhihu.com/people/zhen-ni-53
http://www.zhihu.com/people/wang-min-jun
http://www.zhihu.com/people/yang-cong-quan-man-tou
http://www.zhihu.com/people/eddiewithyou
http://www.zhihu.com/people/twocity
http://www.zhihu.com/people/yan-wei-47
http://www.zhihu.com/people/jksun
http://www.zhihu.com/people/shi-jia-lai
http://www.zhihu.com/people/chenchenonly
http://www.zhihu.com/people/chen-qing-33
http://www.zhihu.com/people/zhu-rui-hui
http://www.zhihu.com/people/mo-xiao-jing-53
http://www.zhihu.com/people/army-41
http://www.zhihu.com/people/wang-yao-2
http://www.zhihu.com/people/qiaoxiaodu
http://www.zhihu.com/people/yijiao06
http://www.zhihu.com/people/renxue
http://www.zhihu.com/people/Jenson
http://www.zhihu.com/people/chen-95
http://www.zhihu.com/people/freud
http://www.zhihu.com/people/tarwon
http://www.zhihu.com/people/iyucci
http://www.zhihu.com/people/zhao-cai-hong
http://www.zhihu.com/people/zhang-duo-bao
http://www.zhihu.com/people/abchello
http://www.zhihu.com/people/rainboo
http://www.zhihu.com/people/qi-hui-27
http://www.zhihu.com/people/xu-xin-96
http://www.zhihu.com/people/implication
http://www.zhihu.com/people/madyangyi
http://www.zhihu.com/people/jiazhubin
http://www.zhihu.com/people/forl
http://www.zhihu.com/people/woodman
http://www.zhihu.com/people/mirr
http://www.zhihu.com/people/zhang-bo-82-86
http://www.zhihu.com/people/chenruihong
http://www.zhihu.com/people/kuaidaoqingyi
http://www.zhihu.com/people/cvforl
http://www.zhihu.com/people/violet
http://www.zhihu.com/people/gray-zhao
http://www.zhihu.com/people/da-bo-luo-20
http://www.zhihu.com/people/verloth
http://www.zhihu.com/people/Hiien
http://www.zhihu.com/people/huangchi
http://www.zhihu.com/people/xing-hong-bo
http://www.zhihu.com/people/sasiky
http://www.zhihu.com/people/larsu
http://www.zhihu.com/people/zhang-cheng-yang
http://www.zhihu.com/people/JIUI
http://www.zhihu.com/people/mobile
http://www.zhihu.com/people/benjien
http://www.zhihu.com/people/e-xiu-ping
http://www.zhihu.com/people/hitjuly
http://www.zhihu.com/people/laserzhang
http://www.zhihu.com/people/yan-ting-89
http://www.zhihu.com/people/wyting
http://www.zhihu.com/people/rongk-35
http://www.zhihu.com/people/ban-ju
http://www.zhihu.com/people/yueyao
http://www.zhihu.com/people/yanghaiyu
http://www.zhihu.com/people/joseph
http://www.zhihu.com/people/mufei
http://www.zhihu.com/people/dashai
http://www.zhihu.com/people/zaiyiqi
http://www.zhihu.com/people/yansisi
http://www.zhihu.com/people/huai-zuo-qing-yi
http://www.zhihu.com/people/wujinzhi
http://www.zhihu.com/people/xuanyuan
http://www.zhihu.com/people/sunnist
http://www.zhihu.com/people/hxddh
http://www.zhihu.com/people/yskin
http://www.zhihu.com/people/zhang-wen-yi
http://www.zhihu.com/people/zouhe
http://www.zhihu.com/people/yan-yan-66
http://www.zhihu.com/people/chen-ying-49-51
http://www.zhihu.com/people/xu-jia-liang-93
http://www.zhihu.com/people/ma-ke-14
http://www.zhihu.com/people/kennygirl
http://www.zhihu.com/people/javier
http://www.zhihu.com/people/liu-chan-yuan
http://www.zhihu.com/people/harbuzi
http://www.zhihu.com/people/gao11
http://www.zhihu.com/people/anyan
http://www.zhihu.com/people/lynnhu
http://www.zhihu.com/people/zylew
http://www.zhihu.com/people/lin-fang-hua
http://www.zhihu.com/people/zhang-li-ping-36
http://www.zhihu.com/people/jazz-wang
http://www.zhihu.com/people/hanoi
http://www.zhihu.com/people/yan-jiang-tao
http://www.zhihu.com/people/f2er
http://www.zhihu.com/people/axuan
http://www.zhihu.com/people/daniel-91-86
http://www.zhihu.com/people/neroh
http://www.zhihu.com/people/qing-xin
http://www.zhihu.com/people/zhao-pan
http://www.zhihu.com/people/uudui
http://www.zhihu.com/people/botong_xu
http://www.zhihu.com/people/lonelynight
http://www.zhihu.com/people/wallyhf
http://www.zhihu.com/people/hauy
http://www.zhihu.com/people/perrywang
http://www.zhihu.com/people/qiuqiu
http://www.zhihu.com/people/jaycai
http://www.zhihu.com/people/tembohu
http://www.zhihu.com/people/tian-hong-yu
http://www.zhihu.com/people/li-yan-yu-25
http://www.zhihu.com/people/chen-yan-zhao
http://www.zhihu.com/people/jameswood
http://www.zhihu.com/people/wei-tao
http://www.zhihu.com/people/wiswood
http://www.zhihu.com/people/spekol
http://www.zhihu.com/people/browsnet
http://www.zhihu.com/people/liu-lai-ping
http://www.zhihu.com/people/sh382
http://www.zhihu.com/people/sunxiaonian
http://www.zhihu.com/people/gao-shi-bo
http://www.zhihu.com/people/coaku
http://www.zhihu.com/people/yangjiansky
http://www.zhihu.com/people/tan-jin-long
http://www.zhihu.com/people/huzishu
http://www.zhihu.com/people/struggling
http://www.zhihu.com/people/shushuhao
http://www.zhihu.com/people/fakefish
http://www.zhihu.com/people/feng-zi-9
http://www.zhihu.com/people/befinal
http://www.zhihu.com/people/mjl_zhihu
http://www.zhihu.com/people/youyiyui
http://www.zhihu.com/people/aprillyw
http://www.zhihu.com/people/jamiesun
http://www.zhihu.com/people/liu-xiao-che
http://www.zhihu.com/people/hardball
http://www.zhihu.com/people/alex12121212
http://www.zhihu.com/people/wang-fu-jun
http://www.zhihu.com/people/zhang-duo-si
http://www.zhihu.com/people/dajin
http://www.zhihu.com/people/xu-yiming
http://www.zhihu.com/people/ghhhh
http://www.zhihu.com/people/jiguang
http://www.zhihu.com/people/ding-nan
http://www.zhihu.com/people/song-jian-56
http://www.zhihu.com/people/gaochen
http://www.zhihu.com/people/fang-yuan-69
http://www.zhihu.com/people/huang-zhen-xin
http://www.zhihu.com/people/wang-wan-ting
http://www.zhihu.com/people/luo-wei-60
http://www.zhihu.com/people/tesla1
http://www.zhihu.com/people/boyhao
http://www.zhihu.com/people/wang-bin-68
http://www.zhihu.com/people/esalive
http://www.zhihu.com/people/chang-yu-ge
http://www.zhihu.com/people/niaogebiji
http://www.zhihu.com/people/pray
http://www.zhihu.com/people/zero-19
http://www.zhihu.com/people/huai-dan
http://www.zhihu.com/people/vincent-deng
http://www.zhihu.com/people/cong-yang
http://www.zhihu.com/people/pigletfly
http://www.zhihu.com/people/fevone
http://www.zhihu.com/people/guo-jin-lei
http://www.zhihu.com/people/heyinana
http://www.zhihu.com/people/rocandroll
http://www.zhihu.com/people/ideamonger
http://www.zhihu.com/people/zhang-ji-jun
http://www.zhihu.com/people/yami-86
http://www.zhihu.com/people/dandanone
http://www.zhihu.com/people/xu-guang-yuan
http://www.zhihu.com/people/zhu-yan-dong
http://www.zhihu.com/people/wang-shuai-49
http://www.zhihu.com/people/jason-fang
http://www.zhihu.com/people/ck4ever
http://www.zhihu.com/people/timwen
http://www.zhihu.com/people/sheng-yi-sladen
http://www.zhihu.com/people/zhang-chu-wu
http://www.zhihu.com/people/xie-zi-74
http://www.zhihu.com/people/idwalker
http://www.zhihu.com/people/laycher
http://www.zhihu.com/people/verso
http://www.zhihu.com/people/Toyqiu
http://www.zhihu.com/people/hao-wei-guang
http://www.zhihu.com/people/midana
http://www.zhihu.com/people/hackwriter
http://www.zhihu.com/people/li-miao-9
http://www.zhihu.com/people/tonyhead
http://www.zhihu.com/people/lu-shui-shui
http://www.zhihu.com/people/sming
http://www.zhihu.com/people/s1026
http://www.zhihu.com/people/guo-yao-16
http://www.zhihu.com/people/funthomas
http://www.zhihu.com/people/lizheng-27
http://www.zhihu.com/people/fengchang
http://www.zhihu.com/people/zhang-feng-71
http://www.zhihu.com/people/feng-chun-yan-20
http://www.zhihu.com/people/yuzhuoran
http://www.zhihu.com/people/passionke
http://www.zhihu.com/people/tommyfan
http://www.zhihu.com/people/wu-kong-47
http://www.zhihu.com/people/gracechen
http://www.zhihu.com/people/zhu-yi-nan
http://www.zhihu.com/people/wang-heng-chong
http://www.zhihu.com/people/elvyo
http://www.zhihu.com/people/snailhuangyi
http://www.zhihu.com/people/wei-fei-ling
http://www.zhihu.com/people/su7ao
http://www.zhihu.com/people/hu-wei-wei-93
http://www.zhihu.com/people/shunfeng
http://www.zhihu.com/people/chengxiao
http://www.zhihu.com/people/heretic
http://www.zhihu.com/people/fungo
http://www.zhihu.com/people/kevinjay
http://www.zhihu.com/people/springparker
http://www.zhihu.com/people/qianjin
http://www.zhihu.com/people/bakey
http://www.zhihu.com/people/neaton
http://www.zhihu.com/people/gongbo
http://www.zhihu.com/people/xiao-qing-32
http://www.zhihu.com/people/chenbinglin
http://www.zhihu.com/people/ni-nan
http://www.zhihu.com/people/liuya802
http://www.zhihu.com/people/coco
http://www.zhihu.com/people/s5s5
http://www.zhihu.com/people/weiqi1933
http://www.zhihu.com/people/dummypx.com
http://www.zhihu.com/people/chong
http://www.zhihu.com/people/tang-chen
http://www.zhihu.com/people/wangping
http://www.zhihu.com/people/wind
http://www.zhihu.com/people/xiao-qi
http://www.zhihu.com/people/tashgy
http://www.zhihu.com/people/he-si
http://www.zhihu.com/people/alitedesign
http://www.zhihu.com/people/lijinyang
http://www.zhihu.com/people/ivane
http://www.zhihu.com/people/btpig
http://www.zhihu.com/people/quiver
http://www.zhihu.com/people/5key
http://www.zhihu.com/people/tolyer
http://www.zhihu.com/people/kidult
http://www.zhihu.com/people/pu-xu-dong
http://www.zhihu.com/people/jackly
http://www.zhihu.com/people/gymitat
http://www.zhihu.com/people/oxygen
http://www.zhihu.com/people/kida
http://www.zhihu.com/people/askhexiao
http://www.zhihu.com/people/wang-liang
http://www.zhihu.com/people/lishuang
http://www.zhihu.com/people/jin-zhong-kun
http://www.zhihu.com/people/mooqii
http://www.zhihu.com/people/mcbuder
http://www.zhihu.com/people/shijun
http://www.zhihu.com/people/jixin
http://www.zhihu.com/people/rock
http://www.zhihu.com/people/lubenyuan.com
http://www.zhihu.com/people/ourdearamy
