http://www.zhihu.com/people/wang-lan-ping-83
http://www.zhihu.com/people/zhu-yong-qian
http://www.zhihu.com/people/twowolf
http://www.zhihu.com/people/jadejourney
http://www.zhihu.com/people/yiqiedouhao
http://www.zhihu.com/people/miao-miao-77-93
http://www.zhihu.com/people/Dabbler
http://www.zhihu.com/people/SKYyu
http://www.zhihu.com/people/he-bu-ke
http://www.zhihu.com/people/acmilanprince
http://www.zhihu.com/people/klark
http://www.zhihu.com/people/lin-an-ran-52
http://www.zhihu.com/people/huang-xue-qun
http://www.zhihu.com/people/zheng-yu-han-16
http://www.zhihu.com/people/wan-qiu-27
http://www.zhihu.com/people/li-zai-fang
http://www.zhihu.com/people/li-xiao-yi-64
http://www.zhihu.com/people/lin-qiao-35
http://www.zhihu.com/people/si-ma-mu
http://www.zhihu.com/people/chen-ruo-shui
http://www.zhihu.com/people/yi-he-61
http://www.zhihu.com/people/jiumy
http://www.zhihu.com/people/ceng-zhen-xing-18
http://www.zhihu.com/people/never1994
http://www.zhihu.com/people/mao-qi-huan
http://www.zhihu.com/people/chen-shao-dong-97
http://www.zhihu.com/people/zhou-yu-mo
http://www.zhihu.com/people/vecsey
http://www.zhihu.com/people/xie-zi-feng-90
http://www.zhihu.com/people/desperano
http://www.zhihu.com/people/zhang-tong-zi
http://www.zhihu.com/people/bai-kai-shui-17
http://www.zhihu.com/people/mu-zi-nan
http://www.zhihu.com/people/xi-hui-hui
http://www.zhihu.com/people/li-lin-70
http://www.zhihu.com/people/tian-lan-se-de-meng
http://www.zhihu.com/people/jia-hou-zi
http://www.zhihu.com/people/ren-er-cheng
http://www.zhihu.com/people/li-dong-rao
http://www.zhihu.com/people/wangorm
http://www.zhihu.com/people/shi-xiao-chen-90
http://www.zhihu.com/people/sxcsfan
http://www.zhihu.com/people/jason-pu
http://www.zhihu.com/people/jia-jia-60
http://www.zhihu.com/people/mandy-wong-12
http://www.zhihu.com/people/yfqs
http://www.zhihu.com/people/liangsz
http://www.zhihu.com/people/rainticket
http://www.zhihu.com/people/aimanong
http://www.zhihu.com/people/qdhei521
http://www.zhihu.com/people/chi-xiao-ming
http://www.zhihu.com/people/fay-wen
http://www.zhihu.com/people/19951121
http://www.zhihu.com/people/feng-er-14
http://www.zhihu.com/people/yin-gao-jie
http://www.zhihu.com/people/huan-dong-20
http://www.zhihu.com/people/zhang-yan-lei-69
http://www.zhihu.com/people/lun-tai
http://www.zhihu.com/people/wang-ci-an
http://www.zhihu.com/people/yang-chun-17
http://www.zhihu.com/people/he-zi-xuan-41
http://www.zhihu.com/people/bai-bai-he-18
http://www.zhihu.com/people/wang-ya-bing
http://www.zhihu.com/people/echo-40-22
http://www.zhihu.com/people/zhang-lei-80-10
http://www.zhihu.com/people/xiao-chi-68
http://www.zhihu.com/people/xiao-chu
http://www.zhihu.com/people/tangYY
http://www.zhihu.com/people/davew
http://www.zhihu.com/people/yun-huang
http://www.zhihu.com/people/lin-lin-98-23
http://www.zhihu.com/people/lu-xie-65
http://www.zhihu.com/people/deviceperk
http://www.zhihu.com/people/xiao-shang-wen
http://www.zhihu.com/people/wang-er-10-66
http://www.zhihu.com/people/shao-bing
http://www.zhihu.com/people/zhong-ren-lei-35
http://www.zhihu.com/people/Mag1na
http://www.zhihu.com/people/bao-ku-zi-huang
http://www.zhihu.com/people/kingsmalltwo
http://www.zhihu.com/people/zshan
http://www.zhihu.com/people/guo-zi-jun-14
http://www.zhihu.com/people/Mrclyy
http://www.zhihu.com/people/zheng-hao-74-37
http://www.zhihu.com/people/lin-wang-wei
http://www.zhihu.com/people/xuexiaozhe
http://www.zhihu.com/people/1+1=1
http://www.zhihu.com/people/wang-wen-bo-55
http://www.zhihu.com/people/fu-dou-jia
http://www.zhihu.com/people/cai-zi-cheng-42
http://www.zhihu.com/people/gao-jin-30
http://www.zhihu.com/people/luckdavis
http://www.zhihu.com/people/Qiaorge
http://www.zhihu.com/people/li-zheng-91-39
http://www.zhihu.com/people/chen-jun-jie-23-33
http://www.zhihu.com/people/yuan-hong-yu-33
http://www.zhihu.com/people/kcwh
http://www.zhihu.com/people/chen-zi-yao
http://www.zhihu.com/people/tian-jing-10
http://www.zhihu.com/people/li-lang
http://www.zhihu.com/people/lu-xiao-qi-34
http://www.zhihu.com/people/wihoho
http://www.zhihu.com/people/sleepingknight
http://www.zhihu.com/people/yi-sen-8
http://www.zhihu.com/people/yu-luo-suo
http://www.zhihu.com/people/fegekic
http://www.zhihu.com/people/lenn
http://www.zhihu.com/people/guo-shao
http://www.zhihu.com/people/maoshu
http://www.zhihu.com/people/xiao-duan
http://www.zhihu.com/people/blank-86
http://www.zhihu.com/people/flyfish-46
http://www.zhihu.com/people/shi-ke-48-30
http://www.zhihu.com/people/qiang-li-sha-hua
http://www.zhihu.com/people/tian-nan-16
http://www.zhihu.com/people/ma-jing-66
http://www.zhihu.com/people/bai-ye-48
http://www.zhihu.com/people/song-lao-mo
http://www.zhihu.com/people/cai-jin-cheng
http://www.zhihu.com/people/jin-qiao-chu
http://www.zhihu.com/people/mo-ye-6
http://www.zhihu.com/people/yuan-wan-79
http://www.zhihu.com/people/liang-shuang-15
http://www.zhihu.com/people/linyangjames
http://www.zhihu.com/people/you-zi-38-79
http://www.zhihu.com/people/wang-tao-90-52
http://www.zhihu.com/people/yu-xing-fu
http://www.zhihu.com/people/cai-jing-ming
http://www.zhihu.com/people/jun-pi
http://www.zhihu.com/people/harryQ
http://www.zhihu.com/people/lu-rui-ming-2
http://www.zhihu.com/people/zhang-yao-55-85
http://www.zhihu.com/people/neandertal
http://www.zhihu.com/people/liu-hua-ming-8
http://www.zhihu.com/people/ge-zhi-46
http://www.zhihu.com/people/miao-66
http://www.zhihu.com/people/cheung-nick-20
http://www.zhihu.com/people/lu-zi-xuan-60
http://www.zhihu.com/people/gong-panda
http://www.zhihu.com/people/xiao-ke-83
http://www.zhihu.com/people/flyingsky
http://www.zhihu.com/people/tao-zhi-60
http://www.zhihu.com/people/li-mo-bai-27
http://www.zhihu.com/people/bai-xiao-bai-64-44
http://www.zhihu.com/people/luo-cheng-85-95
http://www.zhihu.com/people/hu-hao-tian
http://www.zhihu.com/people/hynguyen
http://www.zhihu.com/people/joe-joe-84
http://www.zhihu.com/people/cactus-73
http://www.zhihu.com/people/xie-fan-25
http://www.zhihu.com/people/zhou-yun-8
http://www.zhihu.com/people/zhou-xing-xing-71-22
http://www.zhihu.com/people/zheng-zha-22
http://www.zhihu.com/people/qi-xiao-xi-62
http://www.zhihu.com/people/yuan-yu-42
http://www.zhihu.com/people/pooh
http://www.zhihu.com/people/sip-yi-yue
http://www.zhihu.com/people/su-chun-61
http://www.zhihu.com/people/wan-chang-6
http://www.zhihu.com/people/lu_zhou
http://www.zhihu.com/people/long-bao-19
http://www.zhihu.com/people/zhou-cai-dong
http://www.zhihu.com/people/chen-feng-wang
http://www.zhihu.com/people/zhang-zi-qiang-36
http://www.zhihu.com/people/joyann
http://www.zhihu.com/people/chinaxing
http://www.zhihu.com/people/xiao-lu-16
http://www.zhihu.com/people/lu-zi-lu-76
http://www.zhihu.com/people/zhang-yi-fan-48
http://www.zhihu.com/people/zoozle
http://www.zhihu.com/people/zhou-xiao-hu-2
http://www.zhihu.com/people/lu-chen-shuang
http://www.zhihu.com/people/licht-81
http://www.zhihu.com/people/jiang-zi-yu-48
http://www.zhihu.com/people/qian-cao-50
http://www.zhihu.com/people/nuo-nuo-98
http://www.zhihu.com/people/immediate
http://www.zhihu.com/people/dong-li-dong-li
http://www.zhihu.com/people/Mr.guo
http://www.zhihu.com/people/yang-qing-78
http://www.zhihu.com/people/ren-jie-77-31
http://www.zhihu.com/people/alone2007
http://www.zhihu.com/people/yi-ya-xi
http://www.zhihu.com/people/Ysis
http://www.zhihu.com/people/cjfyuan
http://www.zhihu.com/people/liang-yu-fan
http://www.zhihu.com/people/ding-er-ding
http://www.zhihu.com/people/tao-lu
http://www.zhihu.com/people/liang-lu-3
http://www.zhihu.com/people/dai-an-yi
http://www.zhihu.com/people/feixiaofei
http://www.zhihu.com/people/po-wang-shen-you
http://www.zhihu.com/people/CCTV01
http://www.zhihu.com/people/cai-hua-22
http://www.zhihu.com/people/cai-jia-xiong-72
http://www.zhihu.com/people/lyriclee
http://www.zhihu.com/people/zhang_lei
http://www.zhihu.com/people/chen-chen-51-95
http://www.zhihu.com/people/sun-de-zhong-24
http://www.zhihu.com/people/zhou-feng-lan
http://www.zhihu.com/people/li-xiao-lin-68
http://www.zhihu.com/people/skydiver
http://www.zhihu.com/people/yu-nong-6
http://www.zhihu.com/people/hiuwahhh
http://www.zhihu.com/people/da-xuan-zai
http://www.zhihu.com/people/dian-dian-86
http://www.zhihu.com/people/aaaaale
http://www.zhihu.com/people/lee-ree
http://www.zhihu.com/people/thinkqob
http://www.zhihu.com/people/lu-meng-65
http://www.zhihu.com/people/alianpaul
http://www.zhihu.com/people/zhang-bo-67-32
http://www.zhihu.com/people/han-yan-hui
http://www.zhihu.com/people/sen-lin-22
http://www.zhihu.com/people/wei-wei-87-88
http://www.zhihu.com/people/yao-zhi-li
http://www.zhihu.com/people/li-shou-yin-89
http://www.zhihu.com/people/guhongguangju
http://www.zhihu.com/people/zhang-zi-xian-4
http://www.zhihu.com/people/lastingmissi
http://www.zhihu.com/people/dearlin
http://www.zhihu.com/people/c0in
http://www.zhihu.com/people/fan-xian
http://www.zhihu.com/people/shi-yao-30
http://www.zhihu.com/people/hfitp
http://www.zhihu.com/people/su-chi-chi
http://www.zhihu.com/people/luo-ji-29-3
http://www.zhihu.com/people/zhao-en-hua
http://www.zhihu.com/people/zhan-chen-25
http://www.zhihu.com/people/yangjie6020
http://www.zhihu.com/people/kaerxifa
http://www.zhihu.com/people/huang-mao-mao-58
http://www.zhihu.com/people/qi-hong-wei
http://www.zhihu.com/people/huoyan
http://www.zhihu.com/people/PJYHIT
http://www.zhihu.com/people/song-kai-51
http://www.zhihu.com/people/ruo-shui-23
http://www.zhihu.com/people/buhaoqiao
http://www.zhihu.com/people/cai-xiao-gao
http://www.zhihu.com/people/zhaohaoming
http://www.zhihu.com/people/nan-xi-ren
http://www.zhihu.com/people/wei-hao-33
http://www.zhihu.com/people/doudoubai
http://www.zhihu.com/people/zec-5
http://www.zhihu.com/people/dong-fei
http://www.zhihu.com/people/ren-jing-71
http://www.zhihu.com/people/wang-yang-9-37
http://www.zhihu.com/people/jiayizhen
http://www.zhihu.com/people/lian-ben
http://www.zhihu.com/people/wang-wen-ping-27
http://www.zhihu.com/people/yi-jiu-yi-nuan
http://www.zhihu.com/people/zhang-nicolas
http://www.zhihu.com/people/guqiangqiang
http://www.zhihu.com/people/xiong-ti-ti
http://www.zhihu.com/people/shui-niao-tu-zi-yu
http://www.zhihu.com/people/huang-wan-qing-66
http://www.zhihu.com/people/cawen
http://www.zhihu.com/people/liu-hong-zhi-21
http://www.zhihu.com/people/lu-zhen-78
http://www.zhihu.com/people/gao-ran-78
http://www.zhihu.com/people/zhang-wei-10-7
http://www.zhihu.com/people/lu-gui-chen-26
http://www.zhihu.com/people/mindom
http://www.zhihu.com/people/zhang-lai-xu
http://www.zhihu.com/people/gao-da-li
http://www.zhihu.com/people/diercn
http://www.zhihu.com/people/cai-zhu-xin
http://www.zhihu.com/people/jiang-dong-52
http://www.zhihu.com/people/dai-xiao-lan
http://www.zhihu.com/people/shabingxuan
http://www.zhihu.com/people/dong-ming-xuan
http://www.zhihu.com/people/tian-su-jun
http://www.zhihu.com/people/jing-xiao-liang
http://www.zhihu.com/people/aishahchen
http://www.zhihu.com/people/karl-lightman
http://www.zhihu.com/people/wei-yu-luo
http://www.zhihu.com/people/zhang-hu-pan
http://www.zhihu.com/people/xiao-sa-06-16
http://www.zhihu.com/people/camellia-5
http://www.zhihu.com/people/shang-shi-3
http://www.zhihu.com/people/peng-cheng-45
http://www.zhihu.com/people/zhi-yan-ming-ming
http://www.zhihu.com/people/jilingbhl
http://www.zhihu.com/people/liuxuemei
http://www.zhihu.com/people/cheng-hao-81
http://www.zhihu.com/people/yang-xiao-xiang-21
http://www.zhihu.com/people/zhang-guo-wei-21
http://www.zhihu.com/people/ma-que-10
http://www.zhihu.com/people/li-ya-wei-36
http://www.zhihu.com/people/erdem
http://www.zhihu.com/people/ding-jia-wei-37
http://www.zhihu.com/people/qquan
http://www.zhihu.com/people/zhou-yu-hang-40
http://www.zhihu.com/people/zhong-ye-zi-49
http://www.zhihu.com/people/charson
http://www.zhihu.com/people/jing-wu-xie
http://www.zhihu.com/people/vincent-91
http://www.zhihu.com/people/zhu-yixin-42
http://www.zhihu.com/people/mao-zhi-yuan-5
http://www.zhihu.com/people/xiao-lei-22
http://www.zhihu.com/people/imxz.me
http://www.zhihu.com/people/chang-an-65
http://www.zhihu.com/people/cao-meng-di
http://www.zhihu.com/people/luo-na-er-duo-85
http://www.zhihu.com/people/li-ban-72
http://www.zhihu.com/people/wzz-pku
http://www.zhihu.com/people/davi-d
http://www.zhihu.com/people/xiao-xiao-mu-31
http://www.zhihu.com/people/fan-ruo-xi-29
http://www.zhihu.com/people/wang-qing-83
http://www.zhihu.com/people/techoxygen
http://www.zhihu.com/people/yang-fang-34
http://www.zhihu.com/people/qidouer
http://www.zhihu.com/people/xuan-yue-13
http://www.zhihu.com/people/zeng-fan-wei
http://www.zhihu.com/people/bo-wen-49
http://www.zhihu.com/people/zhang-zheng-michael
http://www.zhihu.com/people/dong-fang-zhi-ma
http://www.zhihu.com/people/wang-ling-shan
http://www.zhihu.com/people/lu-ke-wang-xian-sheng
http://www.zhihu.com/people/walker-54
http://www.zhihu.com/people/wang-ke-li-83
http://www.zhihu.com/people/pinyiner
http://www.zhihu.com/people/rabbit-jack
http://www.zhihu.com/people/xia-yu-51-13
http://www.zhihu.com/people/zhang-bi-ya-22
http://www.zhihu.com/people/flyingray
http://www.zhihu.com/people/liu-jian-36-70
http://www.zhihu.com/people/xu-yong-jia
http://www.zhihu.com/people/feng-hong-liang
http://www.zhihu.com/people/tian-nan-gua
http://www.zhihu.com/people/xu-wen-52
http://www.zhihu.com/people/hou-xue-cun
http://www.zhihu.com/people/geekplux
http://www.zhihu.com/people/lin-hai-99
http://www.zhihu.com/people/yuan-ming-49
http://www.zhihu.com/people/a-piao-5
http://www.zhihu.com/people/zhongyu0
http://www.zhihu.com/people/chen-yong-lin-25
http://www.zhihu.com/people/giraffee
http://www.zhihu.com/people/sellsoda
http://www.zhihu.com/people/mo-zhi
http://www.zhihu.com/people/lin-deng-wan-44
http://www.zhihu.com/people/lin-zhi-cheng
http://www.zhihu.com/people/liu-zhi-xiang
http://www.zhihu.com/people/quan-28
http://www.zhihu.com/people/liu-wang-94
http://www.zhihu.com/people/netsos
http://www.zhihu.com/people/chi-xiao-mei
http://www.zhihu.com/people/chen-chang-dong-77
http://www.zhihu.com/people/li-chuang-46
http://www.zhihu.com/people/cheng-qing-22
http://www.zhihu.com/people/abowang
http://www.zhihu.com/people/chen-jia-xin-11-97
http://www.zhihu.com/people/chen-xi-73-96
http://www.zhihu.com/people/cu-mu
http://www.zhihu.com/people/magie
http://www.zhihu.com/people/wangzhaowen
http://www.zhihu.com/people/wang-yuan-66-5
http://www.zhihu.com/people/imlucern
http://www.zhihu.com/people/li-zi-zhu-47
http://www.zhihu.com/people/dio007
http://www.zhihu.com/people/williamzhang515
http://www.zhihu.com/people/ge-lin-95
http://www.zhihu.com/people/zhang-kai-wen-64
http://www.zhihu.com/people/zolen-j
http://www.zhihu.com/people/mo-shen-94
http://www.zhihu.com/people/liu-tong-91
http://www.zhihu.com/people/frank-17
http://www.zhihu.com/people/SummerIndus
http://www.zhihu.com/people/tooyoung
http://www.zhihu.com/people/shi-wei-56
http://www.zhihu.com/people/qian-mian
http://www.zhihu.com/people/yu-ming-gu-wen-chen-tao
http://www.zhihu.com/people/ma-tao-75
http://www.zhihu.com/people/xiao-fei-17
http://www.zhihu.com/people/mj1997
