http://www.zhihu.com/people/yin-xiao-tian
http://www.zhihu.com/people/jim-wong
http://www.zhihu.com/people/jiang-jie-38
http://www.zhihu.com/people/alexander-r
http://www.zhihu.com/people/sangshi
http://www.zhihu.com/people/wosunsun
http://www.zhihu.com/people/yin-hao
http://www.zhihu.com/people/bunnyred
http://www.zhihu.com/people/a-yin
http://www.zhihu.com/people/threebodies
http://www.zhihu.com/people/ding-tao-30
http://www.zhihu.com/people/cbeeq98
http://www.zhihu.com/people/li-fan-fan-1
http://www.zhihu.com/people/swimgreen
http://www.zhihu.com/people/xiang-pei
http://www.zhihu.com/people/zhou-yu-19-84
http://www.zhihu.com/people/linklinman
http://www.zhihu.com/people/guishou
http://www.zhihu.com/people/meng-tai
http://www.zhihu.com/people/wtong813
http://www.zhihu.com/people/hereur
http://www.zhihu.com/people/chuan-chen
http://www.zhihu.com/people/nuril
http://www.zhihu.com/people/cai-lin-zhi
http://www.zhihu.com/people/huang-wang-wang-28
http://www.zhihu.com/people/liu-di-91
http://www.zhihu.com/people/RefreshedPrayer
http://www.zhihu.com/people/yang-wei-47-98
http://www.zhihu.com/people/yao-xing-guang
http://www.zhihu.com/people/bao-li-di-tie
http://www.zhihu.com/people/brian-bravo
http://www.zhihu.com/people/kong-er-er-10
http://www.zhihu.com/people/annodomini
http://www.zhihu.com/people/he-bu-ke
http://www.zhihu.com/people/bocher
http://www.zhihu.com/people/li-sheng-shuai
http://www.zhihu.com/people/liang-chuan-54
http://www.zhihu.com/people/huang-dong-cheng
http://www.zhihu.com/people/liu-ping-92
http://www.zhihu.com/people/live_with_anywhere
http://www.zhihu.com/people/a-wu-luan-31
http://www.zhihu.com/people/tai-yi-65
http://www.zhihu.com/people/liu-ai-yu-40
http://www.zhihu.com/people/tian-jing-10
http://www.zhihu.com/people/feng-ji-xu-chui-andy
http://www.zhihu.com/people/hao-peng-cheng
http://www.zhihu.com/people/xiong-ba-ya
http://www.zhihu.com/people/lin-xiao-bin-26
http://www.zhihu.com/people/xu-hong-yuan-53
http://www.zhihu.com/people/fan-ye-86
http://www.zhihu.com/people/wang-zi-tong-78
http://www.zhihu.com/people/heaven_000
http://www.zhihu.com/people/sky-86-5
http://www.zhihu.com/people/wang-yu-97-23
http://www.zhihu.com/people/MichaelW
http://www.zhihu.com/people/li-qing-he-74
http://www.zhihu.com/people/pan-jie-72
http://www.zhihu.com/people/pewu
http://www.zhihu.com/people/cui-xiao-lin-81
http://www.zhihu.com/people/yoghurtming
http://www.zhihu.com/people/hao-nan-53
http://www.zhihu.com/people/fu-da-da-27
http://www.zhihu.com/people/liu-guo-jing-23
http://www.zhihu.com/people/zhu-yixin-42
http://www.zhihu.com/people/mu-rong-qi-95
http://www.zhihu.com/people/siyin_automan
http://www.zhihu.com/people/meng-jia-la
http://www.zhihu.com/people/liang-yu-hao-7-10
http://www.zhihu.com/people/wannian
http://www.zhihu.com/people/li-zheng-91-39
http://www.zhihu.com/people/myqqhero
http://www.zhihu.com/people/chao8888.com
http://www.zhihu.com/people/lcsanssavoir
http://www.zhihu.com/people/ai-xiao-69
http://www.zhihu.com/people/ding-ding-84-86
http://www.zhihu.com/people/ji-tian-wang
http://www.zhihu.com/people/zhang-joy-78
http://www.zhihu.com/people/deng-liang-hua-lq
http://www.zhihu.com/people/ou-ni-jiang
http://www.zhihu.com/people/maqw
http://www.zhihu.com/people/deng-jia-ming-4
http://www.zhihu.com/people/jiggersong
http://www.zhihu.com/people/zshan
http://www.zhihu.com/people/camellia-5
http://www.zhihu.com/people/yuan-you-tao-25
http://www.zhihu.com/people/zhao-han-86
http://www.zhihu.com/people/wang-xiao-feng-73-62
http://www.zhihu.com/people/airspuer
http://www.zhihu.com/people/niu-ji-ye
http://www.zhihu.com/people/vivian-ding-17
http://www.zhihu.com/people/sun-er-88
http://www.zhihu.com/people/luobupo
http://www.zhihu.com/people/qian-jing-wei
http://www.zhihu.com/people/ding-er-ding
http://www.zhihu.com/people/xing-lu-11-54
http://www.zhihu.com/people/li-qiao-35
http://www.zhihu.com/people/clare-zhu
http://www.zhihu.com/people/khaki-29
http://www.zhihu.com/people/ling-long
http://www.zhihu.com/people/liu-yinan-23
http://www.zhihu.com/people/wu-wu-48-86
http://www.zhihu.com/people/pan-shi-yun
http://www.zhihu.com/people/tylerchuh
http://www.zhihu.com/people/wang-chong-62-55
http://www.zhihu.com/people/bao-er
http://www.zhihu.com/people/lu-ke-wang-xian-sheng
http://www.zhihu.com/people/bao-zi-20-83
http://www.zhihu.com/people/bai-ye-51
http://www.zhihu.com/people/zhang-mei-hua
http://www.zhihu.com/people/yang-xu-87
http://www.zhihu.com/people/zhu-huan-7
http://www.zhihu.com/people/jia-lei-82
http://www.zhihu.com/people/yuan-rui-fang-zi
http://www.zhihu.com/people/jasnon
http://www.zhihu.com/people/zhang-wei-zhong
http://www.zhihu.com/people/zen
http://www.zhihu.com/people/hugoboss
http://www.zhihu.com/people/lydialuo
http://www.zhihu.com/people/luobiying
http://www.zhihu.com/people/xiong-yun-feng-47
http://www.zhihu.com/people/liu-yier-91
http://www.zhihu.com/people/cheng-hao-83
http://www.zhihu.com/people/chanson-19
http://www.zhihu.com/people/lvli
http://www.zhihu.com/people/gu-ke-12
http://www.zhihu.com/people/liu-xiao-yang-86
http://www.zhihu.com/people/tao-green
http://www.zhihu.com/people/huo-jia-14
http://www.zhihu.com/people/mtoc
http://www.zhihu.com/people/chen-lu-yao-52
http://www.zhihu.com/people/ChenZhangyu
http://www.zhihu.com/people/fang-yi-cheng-73
http://www.zhihu.com/people/yang-yu-yi
http://www.zhihu.com/people/tai-di-xiong-97
http://www.zhihu.com/people/xiao-nai-niu-28
http://www.zhihu.com/people/zhou-gang-64
http://www.zhihu.com/people/xue-wa-qia
http://www.zhihu.com/people/gao-yun-fan
http://www.zhihu.com/people/taoqun
http://www.zhihu.com/people/liu-shu-peng
http://www.zhihu.com/people/li-bin-77-75
http://www.zhihu.com/people/bo-bo-41-51
http://www.zhihu.com/people/bi-peng
http://www.zhihu.com/people/yan-yan-41-19
http://www.zhihu.com/people/qing-chen-27-87
http://www.zhihu.com/people/wen-da-ya-55
http://www.zhihu.com/people/ri-ye-qian-chi
http://www.zhihu.com/people/bao-bao-59-66
http://www.zhihu.com/people/liu-jing-yuan-48
http://www.zhihu.com/people/zhang-lin-zhi007
http://www.zhihu.com/people/mingchaoyan
http://www.zhihu.com/people/shenjiebuliwo
http://www.zhihu.com/people/xu-sen-lin
http://www.zhihu.com/people/codewalker
http://www.zhihu.com/people/callmeyan
http://www.zhihu.com/people/xulaohan
http://www.zhihu.com/people/yang-qi-bin
http://www.zhihu.com/people/zheng-jia-yu-63
http://www.zhihu.com/people/cold-cold
http://www.zhihu.com/people/stark-46
http://www.zhihu.com/people/guren
http://www.zhihu.com/people/sayes
http://www.zhihu.com/people/calista-wang
http://www.zhihu.com/people/da-chang-gan-jun
http://www.zhihu.com/people/guo-xuan-27-17
http://www.zhihu.com/people/dbdb
http://www.zhihu.com/people/chengxiaoyi
http://www.zhihu.com/people/li-wyeth
http://www.zhihu.com/people/yongxinge
http://www.zhihu.com/people/ding-ping-sheng
http://www.zhihu.com/people/xie-zun-zun
http://www.zhihu.com/people/jia-sheng-89
http://www.zhihu.com/people/li-bo-yu-85
http://www.zhihu.com/people/wang-dan-dan-75-30
http://www.zhihu.com/people/wangwei
http://www.zhihu.com/people/mao-dou-61
http://www.zhihu.com/people/olive-sweet
http://www.zhihu.com/people/xiao-gu-74
http://www.zhihu.com/people/ri-zhao-qing-yuan
http://www.zhihu.com/people/li-xiao-tian-82
http://www.zhihu.com/people/xiao-chu
http://www.zhihu.com/people/Scarpel
http://www.zhihu.com/people/du-ding-68
http://www.zhihu.com/people/qing-jia-4
http://www.zhihu.com/people/wen-sen-te-86
http://www.zhihu.com/people/zhang-ke-32
http://www.zhihu.com/people/yang-tan-te
http://www.zhihu.com/people/xia-dong-40
http://www.zhihu.com/people/liu-zhi-da
http://www.zhihu.com/people/kinvy
http://www.zhihu.com/people/yu-han
http://www.zhihu.com/people/megan-ma
http://www.zhihu.com/people/hang-cha-cha
http://www.zhihu.com/people/shane106
http://www.zhihu.com/people/yue-yuan-yi
http://www.zhihu.com/people/tong-ye-fei
http://www.zhihu.com/people/wang-min-jiao
http://www.zhihu.com/people/chen-zhong-yi-16
http://www.zhihu.com/people/jingwaizhiwa
http://www.zhihu.com/people/suer
http://www.zhihu.com/people/xsheng-13
http://www.zhihu.com/people/sendzc
http://www.zhihu.com/people/su-yuan-chen
http://www.zhihu.com/people/chu-tian-shu-9
http://www.zhihu.com/people/Dian
http://www.zhihu.com/people/qqing
http://www.zhihu.com/people/xia-xia-57-73
http://www.zhihu.com/people/yang-zi-hui
http://www.zhihu.com/people/zhao-sheng-9
http://www.zhihu.com/people/xiaoxiao-xue
http://www.zhihu.com/people/zhao-yue-35-24
http://www.zhihu.com/people/wu-zhai-nan
http://www.zhihu.com/people/wu-qing-gui-28
http://www.zhihu.com/people/hu-che-40
http://www.zhihu.com/people/zhang-yong-hao
http://www.zhihu.com/people/li-da-li-58
http://www.zhihu.com/people/zhang-qian-yi-91
http://www.zhihu.com/people/toughts
http://www.zhihu.com/people/chen-yan-ru-55
http://www.zhihu.com/people/shang-ke-15
http://www.zhihu.com/people/xiong-xiong-93
http://www.zhihu.com/people/zhu-bo-tao
http://www.zhihu.com/people/pei-qi-43
http://www.zhihu.com/people/zhao-yue-7
http://www.zhihu.com/people/yu-shi-qin-68
http://www.zhihu.com/people/wu-jia-ming-23
http://www.zhihu.com/people/li-ye-27-65
http://www.zhihu.com/people/andriylin
http://www.zhihu.com/people/xavier-zhuang
http://www.zhihu.com/people/advertisements
http://www.zhihu.com/people/xu-chi-87
http://www.zhihu.com/people/jeffrey-lin-55
http://www.zhihu.com/people/lao-zhao-1
http://www.zhihu.com/people/Xiao_Liang
http://www.zhihu.com/people/jiang-yuan-bo-81
http://www.zhihu.com/people/nathan-40
http://www.zhihu.com/people/judith-wong
http://www.zhihu.com/people/stevezh
http://www.zhihu.com/people/zhu-dong-hui-53
http://www.zhihu.com/people/xiao-su-da
http://www.zhihu.com/people/flyingray
http://www.zhihu.com/people/mvie
http://www.zhihu.com/people/ray-chin
http://www.zhihu.com/people/yi-rong-53-47
http://www.zhihu.com/people/qi
http://www.zhihu.com/people/cao-meng-di
http://www.zhihu.com/people/wjbf
http://www.zhihu.com/people/lu-gui-chen-26
http://www.zhihu.com/people/darasion
http://www.zhihu.com/people/vkle
http://www.zhihu.com/people/kimleo
http://www.zhihu.com/people/zheng-zha-22
http://www.zhihu.com/people/lineara
http://www.zhihu.com/people/000088
http://www.zhihu.com/people/mai-xiao-qi-55
http://www.zhihu.com/people/andycheng
http://www.zhihu.com/people/jysm
http://www.zhihu.com/people/guo-meng-fei
http://www.zhihu.com/people/raawaa
http://www.zhihu.com/people/chen-bu-zhuang
http://www.zhihu.com/people/lobo-73
http://www.zhihu.com/people/wang-xiao-he-50
http://www.zhihu.com/people/liu-hu-lu-76
http://www.zhihu.com/people/tangjingxin
http://www.zhihu.com/people/li-tian-ming
http://www.zhihu.com/people/zhang-dong-19-62
http://www.zhihu.com/people/wuwenwen
http://www.zhihu.com/people/rola-li
http://www.zhihu.com/people/guan-you-hong
http://www.zhihu.com/people/lyndonneu
http://www.zhihu.com/people/face-li
http://www.zhihu.com/people/gu-gu-73
http://www.zhihu.com/people/ding-jia-wei-37
http://www.zhihu.com/people/yaochenhao
http://www.zhihu.com/people/sakin-poom
http://www.zhihu.com/people/yeon-lau
http://www.zhihu.com/people/li-deng-kun
http://www.zhihu.com/people/walter-32
http://www.zhihu.com/people/zhi-hu-75-20
http://www.zhihu.com/people/tan-xu-long
http://www.zhihu.com/people/zhong-ye-zi-49
http://www.zhihu.com/people/zhao-yang-xin
http://www.zhihu.com/people/zhu-peng-fei-tc
http://www.zhihu.com/people/wang-hao-yuan-44
http://www.zhihu.com/people/li-xi-mi-1
http://www.zhihu.com/people/inclear
http://www.zhihu.com/people/antony-sunn
http://www.zhihu.com/people/lei-hao-yi
http://www.zhihu.com/people/sheeta-91
http://www.zhihu.com/people/chenxc
http://www.zhihu.com/people/zhang-zhen-92-15
http://www.zhihu.com/people/yue-du-40
http://www.zhihu.com/people/elichang
http://www.zhihu.com/people/han-yixin
http://www.zhihu.com/people/chun-feng
http://www.zhihu.com/people/10250
http://www.zhihu.com/people/lengqingru
http://www.zhihu.com/people/xu_c
http://www.zhihu.com/people/jerry-cen
http://www.zhihu.com/people/lin-gui-ren
http://www.zhihu.com/people/seaven
http://www.zhihu.com/people/mo-mo-de-ying
http://www.zhihu.com/people/KateSung
http://www.zhihu.com/people/wei-fu-shao
http://www.zhihu.com/people/lu-jian-31-91
http://www.zhihu.com/people/huang-mu-chuan
http://www.zhihu.com/people/yu-wen-ci
http://www.zhihu.com/people/ysbl
http://www.zhihu.com/people/tongjinghao
http://www.zhihu.com/people/jiangweichuan
http://www.zhihu.com/people/vividrose
http://www.zhihu.com/people/ji-yun
http://www.zhihu.com/people/will-11
http://www.zhihu.com/people/zycooper
http://www.zhihu.com/people/ybbswc
http://www.zhihu.com/people/zhou-wan-wan-24
http://www.zhihu.com/people/frank-liu-14
http://www.zhihu.com/people/turanjian
http://www.zhihu.com/people/lan-bo-71
http://www.zhihu.com/people/niao-niao-54
http://www.zhihu.com/people/xie-sha-zi
http://www.zhihu.com/people/yi-sen-8
http://www.zhihu.com/people/shi-gao-fei-94
http://www.zhihu.com/people/fiyang
http://www.zhihu.com/people/lanson
http://www.zhihu.com/people/han-de-sheng
http://www.zhihu.com/people/wang-xiao-kan
http://www.zhihu.com/people/cai-zhu-xin
http://www.zhihu.com/people/zhihuun
http://www.zhihu.com/people/techoxygen
http://www.zhihu.com/people/jack-li-61
http://www.zhihu.com/people/pavlov
http://www.zhihu.com/people/henghua
http://www.zhihu.com/people/yin-xiao-xiong-86
http://www.zhihu.com/people/wang-qian-24-87
http://www.zhihu.com/people/james-yang-91
http://www.zhihu.com/people/du-zi-teng-40
http://www.zhihu.com/people/guo-hao-17
http://www.zhihu.com/people/zhong-sheng-41
http://www.zhihu.com/people/Hsiun
http://www.zhihu.com/people/jiong-cong
http://www.zhihu.com/people/tang-wen-ling
http://www.zhihu.com/people/kan-xin
http://www.zhihu.com/people/shanfeng-xie
http://www.zhihu.com/people/liu-xiao-tu
http://www.zhihu.com/people/chanjian-bruce
http://www.zhihu.com/people/skywalkerhunter
http://www.zhihu.com/people/wangofjian
http://www.zhihu.com/people/jixin
http://www.zhihu.com/people/tanfengyi
http://www.zhihu.com/people/siwenxiaojie
http://www.zhihu.com/people/ba-qi-95
http://www.zhihu.com/people/lartigue
http://www.zhihu.com/people/zhang-yiliu
http://www.zhihu.com/people/jksun
http://www.zhihu.com/people/Timepoet
http://www.zhihu.com/people/mai-tian-19
http://www.zhihu.com/people/yuting-huang
http://www.zhihu.com/people/gozo
http://www.zhihu.com/people/zhang-yuan-yuan-94
http://www.zhihu.com/people/wwzcxqc
http://www.zhihu.com/people/jiaowei
http://www.zhihu.com/people/Simonzhang
http://www.zhihu.com/people/houjoe
http://www.zhihu.com/people/yang-shuang-1
http://www.zhihu.com/people/huang-lei-83
http://www.zhihu.com/people/ruan-zhong-er
http://www.zhihu.com/people/luo-yi-lin
http://www.zhihu.com/people/oceannagirl
http://www.zhihu.com/people/ai-jia-yuan
http://www.zhihu.com/people/tommyan
http://www.zhihu.com/people/wangtengchuan
http://www.zhihu.com/people/benson-chen
http://www.zhihu.com/people/you-guo-59
http://www.zhihu.com/people/yi-qiu-40
http://www.zhihu.com/people/nancyzhang-40
http://www.zhihu.com/people/luo-xiao-jun-32-84
http://www.zhihu.com/people/xiaoyu.tai
http://www.zhihu.com/people/gaoan
http://www.zhihu.com/people/chang-cheng-93
http://www.zhihu.com/people/lincoln
http://www.zhihu.com/people/hou-peng-fei
http://www.zhihu.com/people/alex-41-18
http://www.zhihu.com/people/qu-jing-tong
http://www.zhihu.com/people/raymond-wang
http://www.zhihu.com/people/wang-sheng-43-24
http://www.zhihu.com/people/bei-ming-46
http://www.zhihu.com/people/daniel975
http://www.zhihu.com/people/shirinli
http://www.zhihu.com/people/yanglu
http://www.zhihu.com/people/wx-wx
http://www.zhihu.com/people/feng-si-zheng
http://www.zhihu.com/people/cheng-cheng
http://www.zhihu.com/people/mu-hua
http://www.zhihu.com/people/jiu-ling-43
http://www.zhihu.com/people/mayday-88
http://www.zhihu.com/people/zhang-ming-qing
http://www.zhihu.com/people/shui-di-76
http://www.zhihu.com/people/tangsyau
http://www.zhihu.com/people/liu-jian-nan
http://www.zhihu.com/people/leon-lee-37
http://www.zhihu.com/people/chen-ting-68
http://www.zhihu.com/people/li-xi-ling
http://www.zhihu.com/people/yang-guo-qing
http://www.zhihu.com/people/Lucife
http://www.zhihu.com/people/patrickluo
http://www.zhihu.com/people/miaosjn
http://www.zhihu.com/people/woodliu
http://www.zhihu.com/people/qi-jia-chen
http://www.zhihu.com/people/luxinguo2012
http://www.zhihu.com/people/rangerqu
http://www.zhihu.com/people/lao-chai-40
http://www.zhihu.com/people/zhang-lin-long
http://www.zhihu.com/people/zombie
