http://www.zhihu.com/people/gong-zheng-xuan
http://www.zhihu.com/people/pang-luan-luan
http://www.zhihu.com/people/li-si-qi-41
http://www.zhihu.com/people/xiang-xi-qing
http://www.zhihu.com/people/xiao-hua-sheng-63
http://www.zhihu.com/people/shen-ze-xiao
http://www.zhihu.com/people/hong-shao-ya-chi-32
http://www.zhihu.com/people/peiyang1895
http://www.zhihu.com/people/york-cheung
http://www.zhihu.com/people/ge-ni-9
http://www.zhihu.com/people/chen-fei-37-45
http://www.zhihu.com/people/zhu-niu-79
http://www.zhihu.com/people/ai-jia-yuan
http://www.zhihu.com/people/da-long-mao-61
http://www.zhihu.com/people/eastwoodnet
http://www.zhihu.com/people/diao-en-mao
http://www.zhihu.com/people/zhang-yang-62-78
http://www.zhihu.com/people/ni-chang-jun
http://www.zhihu.com/people/yangluhan1990
http://www.zhihu.com/people/super1
http://www.zhihu.com/people/zhu-mai-dou
http://www.zhihu.com/people/fan-fei-4
http://www.zhihu.com/people/liu-yan-yu-80
http://www.zhihu.com/people/luo-er-96-32
http://www.zhihu.com/people/liu-dong-shan-19
http://www.zhihu.com/people/guo-___-fan
http://www.zhihu.com/people/lin-chun-bo
http://www.zhihu.com/people/zhang-min-35-93
http://www.zhihu.com/people/mu-xi-75
http://www.zhihu.com/people/liu-jing-tong-58
http://www.zhihu.com/people/rui-tang-tang
http://www.zhihu.com/people/ma-mi-ma-mi-hong-10
http://www.zhihu.com/people/ou-yang-zheng-yi
http://www.zhihu.com/people/he-zhong-yu-87
http://www.zhihu.com/people/ryansun54
http://www.zhihu.com/people/yu-hou-wang
http://www.zhihu.com/people/han-xue-sen
http://www.zhihu.com/people/yang-shu-rui
http://www.zhihu.com/people/zhu-da-da-24
http://www.zhihu.com/people/qing-shu-63-15
http://www.zhihu.com/people/li-xiao-er-50
http://www.zhihu.com/people/qing-cha-56
http://www.zhihu.com/people/xie-xi-22
http://www.zhihu.com/people/xieyanwei
http://www.zhihu.com/people/OneDouble
http://www.zhihu.com/people/peoplegxs
http://www.zhihu.com/people/ethan-li-28
http://www.zhihu.com/people/jiang-mo-29
http://www.zhihu.com/people/changdi
http://www.zhihu.com/people/he-he-42-98
http://www.zhihu.com/people/rener
http://www.zhihu.com/people/cheng-fang-hang
http://www.zhihu.com/people/niao-hua-shi
http://www.zhihu.com/people/rainywannabeavet
http://www.zhihu.com/people/byewon
http://www.zhihu.com/people/yirang
http://www.zhihu.com/people/lilacx
http://www.zhihu.com/people/zhang-hui-44
http://www.zhihu.com/people/sylvia-hsu
http://www.zhihu.com/people/lu-shuang-1993
http://www.zhihu.com/people/guo-guo-87-47
http://www.zhihu.com/people/yu-xi-80
http://www.zhihu.com/people/liu-qi-25
http://www.zhihu.com/people/dawn-27
http://www.zhihu.com/people/hinotan
http://www.zhihu.com/people/little-beast
http://www.zhihu.com/people/yanrui45
http://www.zhihu.com/people/he-jian-57
http://www.zhihu.com/people/xing-ye-84-24
http://www.zhihu.com/people/beanrobbie
http://www.zhihu.com/people/chendonglin
http://www.zhihu.com/people/bai-yuan-yuan-73
http://www.zhihu.com/people/jimmy-zhang-86
http://www.zhihu.com/people/seannnn
http://www.zhihu.com/people/brad-16
http://www.zhihu.com/people/vayn
http://www.zhihu.com/people/fansang
http://www.zhihu.com/people/shu-dai-xiong-86
http://www.zhihu.com/people/kiyawong
http://www.zhihu.com/people/shih
http://www.zhihu.com/people/cheng-si-you-che
http://www.zhihu.com/people/zei-cheng
http://www.zhihu.com/people/shawnju
http://www.zhihu.com/people/wangmo
http://www.zhihu.com/people/li-san-su
http://www.zhihu.com/people/liu-xiao-miao-m
http://www.zhihu.com/people/wang-dou-sha-95
http://www.zhihu.com/people/wang-zi-quan-16
http://www.zhihu.com/people/zhou-xiao-mi
http://www.zhihu.com/people/bian-yi-bin
http://www.zhihu.com/people/chen-yu-yang-98-93
http://www.zhihu.com/people/liu-song-23
http://www.zhihu.com/people/botaowei
http://www.zhihu.com/people/dan-dan-36-36
http://www.zhihu.com/people/hu-chu-chu
http://www.zhihu.com/people/he-yun-87
http://www.zhihu.com/people/yan-hui-bin-22
http://www.zhihu.com/people/yovey-wan
http://www.zhihu.com/people/masterofwild
http://www.zhihu.com/people/ottery
http://www.zhihu.com/people/bing-tong-56
http://www.zhihu.com/people/smail-joker
http://www.zhihu.com/people/sundance1000
http://www.zhihu.com/people/jie-kong-98
http://www.zhihu.com/people/lion-tby
http://www.zhihu.com/people/caicai-78
http://www.zhihu.com/people/wei-wei-87-88
http://www.zhihu.com/people/debe
http://www.zhihu.com/people/zhou-xiao-jing-69
http://www.zhihu.com/people/liu-li-74-48-61
http://www.zhihu.com/people/zhou-chong-4
http://www.zhihu.com/people/li-zi-37-34
http://www.zhihu.com/people/ding-sai-di
http://www.zhihu.com/people/spencer-47
http://www.zhihu.com/people/su-mu-zhe-87
http://www.zhihu.com/people/mu-mu-34-44
http://www.zhihu.com/people/xie-lin-jun-35
http://www.zhihu.com/people/zhyang-liu
http://www.zhihu.com/people/guo-shu-jian
http://www.zhihu.com/people/xiao-da-da-27
http://www.zhihu.com/people/mo-yi-you
http://www.zhihu.com/people/so-what-9
http://www.zhihu.com/people/ivywang
http://www.zhihu.com/people/fang-yu-huan
http://www.zhihu.com/people/cao-ru-chen
http://www.zhihu.com/people/gu-yiyigu
http://www.zhihu.com/people/zixiaxianzi
http://www.zhihu.com/people/aliceleeeee
http://www.zhihu.com/people/liu-meng-hua
http://www.zhihu.com/people/sun-xiao-tong-43
http://www.zhihu.com/people/tingting-shieh
http://www.zhihu.com/people/bbelly
http://www.zhihu.com/people/zhang-ai-chen
http://www.zhihu.com/people/mason-36
http://www.zhihu.com/people/shi-yong-shan
http://www.zhihu.com/people/star-guo
http://www.zhihu.com/people/breezeling
http://www.zhihu.com/people/andiely921
http://www.zhihu.com/people/zhu-jin-ye
http://www.zhihu.com/people/li-li-han
http://www.zhihu.com/people/qu-zhi-36
http://www.zhihu.com/people/yang-cong-quan-man-tou
http://www.zhihu.com/people/voyager7
http://www.zhihu.com/people/pan-jie-72
http://www.zhihu.com/people/luo-sa-ma
http://www.zhihu.com/people/jessie-levine
http://www.zhihu.com/people/jun-jun-66-14
http://www.zhihu.com/people/jie-yuan-32
http://www.zhihu.com/people/mo-ze-cheng
http://www.zhihu.com/people/lawrencepiao
http://www.zhihu.com/people/yang-xun-62
http://www.zhihu.com/people/gong-sheng-36
http://www.zhihu.com/people/hzhowie
http://www.zhihu.com/people/huo-jia-14
http://www.zhihu.com/people/su-xi-99
http://www.zhihu.com/people/yang-xue-chun
http://www.zhihu.com/people/cao-yi-an
http://www.zhihu.com/people/hai-yang
http://www.zhihu.com/people/eltondisney
http://www.zhihu.com/people/ha-shu-23-2
http://www.zhihu.com/people/xi-bei-san-vc
http://www.zhihu.com/people/he-ma-xiao-jie
http://www.zhihu.com/people/sun-yu-ming
http://www.zhihu.com/people/roger-yun
http://www.zhihu.com/people/ly-de
http://www.zhihu.com/people/cloverdreaming
http://www.zhihu.com/people/zhang-wei-96-23
http://www.zhihu.com/people/zhong-ren-lei-35
http://www.zhihu.com/people/mei-yu-71
http://www.zhihu.com/people/sun-meng-yu-34
http://www.zhihu.com/people/jiang-chong-bao
http://www.zhihu.com/people/bu-gu-3
http://www.zhihu.com/people/li-bu-gou
http://www.zhihu.com/people/wangpengyu
http://www.zhihu.com/people/sanwei-tim
http://www.zhihu.com/people/qi-yuan-yuan-52
http://www.zhihu.com/people/shao-yi-86
http://www.zhihu.com/people/zhang-yue-83-1
http://www.zhihu.com/people/ruo-chen-42
http://www.zhihu.com/people/snowvivi
http://www.zhihu.com/people/wei-fan-18
http://www.zhihu.com/people/avicihu
http://www.zhihu.com/people/clarkyu-39
http://www.zhihu.com/people/ba-hai-shan
http://www.zhihu.com/people/spec
http://www.zhihu.com/people/he-bu-ke
http://www.zhihu.com/people/xia-mo-17-92
http://www.zhihu.com/people/wu-you-tong
http://www.zhihu.com/people/li-qiang-55
http://www.zhihu.com/people/wu-qiong-jin
http://www.zhihu.com/people/rinn-lynn
http://www.zhihu.com/people/c0.0dsummer
http://www.zhihu.com/people/sky-86-5
http://www.zhihu.com/people/logics12
http://www.zhihu.com/people/adrian-yao
http://www.zhihu.com/people/bo-wen-49
http://www.zhihu.com/people/wang-xiao-yang-23
http://www.zhihu.com/people/woody-30
http://www.zhihu.com/people/zhao-xing-sheng-17
http://www.zhihu.com/people/yuenshan-cheung
http://www.zhihu.com/people/zhang-qi-qi-39-91
http://www.zhihu.com/people/dizzarz
http://www.zhihu.com/people/lanisle
http://www.zhihu.com/people/kelvin-king
http://www.zhihu.com/people/chen-yi-wen-BC
http://www.zhihu.com/people/jevons
http://www.zhihu.com/people/an-kang-75
http://www.zhihu.com/people/huangwang
http://www.zhihu.com/people/mo-gu-37
http://www.zhihu.com/people/li-shuang-34
http://www.zhihu.com/people/xiao-xiao-zhou
http://www.zhihu.com/people/mo-gu-dian-dian
http://www.zhihu.com/people/heidfled
http://www.zhihu.com/people/zhu-hou-chuan
http://www.zhihu.com/people/aileenshi
http://www.zhihu.com/people/xia-yi-fei-45
http://www.zhihu.com/people/lin-xiao-62-15
http://www.zhihu.com/people/danielchen1995
http://www.zhihu.com/people/kanixoxo
http://www.zhihu.com/people/guo-hui-19
http://www.zhihu.com/people/elena-ma
http://www.zhihu.com/people/zhang-zi-yu-53
http://www.zhihu.com/people/zhi-zhi-65-79
http://www.zhihu.com/people/wei-ke-84-14
http://www.zhihu.com/people/xie-yi-ran-87
http://www.zhihu.com/people/bai-bai-he-18
http://www.zhihu.com/people/braveworld
http://www.zhihu.com/people/claireququ
http://www.zhihu.com/people/yan-zi-85
http://www.zhihu.com/people/jeanne-liu
http://www.zhihu.com/people/wendy-he
http://www.zhihu.com/people/rccr
http://www.zhihu.com/people/xujinyu
http://www.zhihu.com/people/wei-qin-de
http://www.zhihu.com/people/zhuang-xiao-meng
http://www.zhihu.com/people/regulus-63
http://www.zhihu.com/people/zhang-wei-dong-59
http://www.zhihu.com/people/zhang-yun-fei-47
http://www.zhihu.com/people/hong-shi-huan-78
http://www.zhihu.com/people/xiang-hui-95
http://www.zhihu.com/people/zouchan
http://www.zhihu.com/people/bao-gu-di-zhu
http://www.zhihu.com/people/xuan-eason
http://www.zhihu.com/people/qi-qi-qi-73
http://www.zhihu.com/people/gao-gao-72
http://www.zhihu.com/people/calibre-chow
http://www.zhihu.com/people/bhuztez
http://www.zhihu.com/people/wan-pu
http://www.zhihu.com/people/liao-ling-xiang
http://www.zhihu.com/people/heaven_000
http://www.zhihu.com/people/harriet
http://www.zhihu.com/people/cedricsolar
http://www.zhihu.com/people/pan-ling-15-1
http://www.zhihu.com/people/iplawyer
http://www.zhihu.com/people/shen-le-nian-si
http://www.zhihu.com/people/ayr1
http://www.zhihu.com/people/Olixia
http://www.zhihu.com/people/Akim
http://www.zhihu.com/people/yu-si-yue-65
http://www.zhihu.com/people/nicol-chen
http://www.zhihu.com/people/hu-nicholas
http://www.zhihu.com/people/liuniandate
http://www.zhihu.com/people/huang-wan-li-66
http://www.zhihu.com/people/nanay-007
http://www.zhihu.com/people/liu-jian-kang-45
http://www.zhihu.com/people/ma-yuan-48
http://www.zhihu.com/people/xin-ruo-jing
http://www.zhihu.com/people/hu-qian-ting-8
http://www.zhihu.com/people/jerry-cen
http://www.zhihu.com/people/pewu
http://www.zhihu.com/people/lu-suo
http://www.zhihu.com/people/enda-liu
http://www.zhihu.com/people/gui-li-ming
http://www.zhihu.com/people/lizhou
http://www.zhihu.com/people/hussey-64
http://www.zhihu.com/people/yang-zhong-chuan
http://www.zhihu.com/people/cerulean-45
http://www.zhihu.com/people/ericknows
http://www.zhihu.com/people/holmeson
http://www.zhihu.com/people/dimlau
http://www.zhihu.com/people/chen-qiong-19
http://www.zhihu.com/people/su-ma-li-31
http://www.zhihu.com/people/lynnlin-25
http://www.zhihu.com/people/zhuo-xiao-cheng
http://www.zhihu.com/people/he-xiang-36
http://www.zhihu.com/people/lucky365ye
http://www.zhihu.com/people/leng-dong-xue
http://www.zhihu.com/people/hingism
http://www.zhihu.com/people/jun-yi-14
http://www.zhihu.com/people/zuimai
http://www.zhihu.com/people/wang-yu-20-70
http://www.zhihu.com/people/zhang-jin-hui-75
http://www.zhihu.com/people/a-bei-4
http://www.zhihu.com/people/bennie-50
http://www.zhihu.com/people/deng-yuan-66
http://www.zhihu.com/people/chentong
http://www.zhihu.com/people/liu-xue-jiao-34
http://www.zhihu.com/people/song-chan-7
http://www.zhihu.com/people/fang-qian-qian
http://www.zhihu.com/people/kang-wei-57
http://www.zhihu.com/people/williamzhang515
http://www.zhihu.com/people/veann
http://www.zhihu.com/people/lian-yang
http://www.zhihu.com/people/liz-71
http://www.zhihu.com/people/da-yu-zi-29
http://www.zhihu.com/people/rickey-yue
http://www.zhihu.com/people/mo-zhi-xian-sheng
http://www.zhihu.com/people/wu-ren-25
http://www.zhihu.com/people/_zhao_xu_
http://www.zhihu.com/people/vanilla
http://www.zhihu.com/people/ding-lenny
http://www.zhihu.com/people/jiangnanxi
http://www.zhihu.com/people/zhou-zhi-zhi
http://www.zhihu.com/people/xie-yan-zhu
http://www.zhihu.com/people/phos
http://www.zhihu.com/people/chen-zhang-ping-78
http://www.zhihu.com/people/chen-hao-bin
http://www.zhihu.com/people/xiao-chu
http://www.zhihu.com/people/tangYY
http://www.zhihu.com/people/lu-yi-lin
http://www.zhihu.com/people/xuexiaozhe
http://www.zhihu.com/people/kukudi1028
http://www.zhihu.com/people/tie-zhu-52
http://www.zhihu.com/people/lifestyle
http://www.zhihu.com/people/bai-xiao-yu-93
http://www.zhihu.com/people/up-up-75
http://www.zhihu.com/people/cheng-yi-nan
http://www.zhihu.com/people/wwwwwhen
http://www.zhihu.com/people/fan-wu-mu
http://www.zhihu.com/people/tao-yuan-yuan-38
http://www.zhihu.com/people/ryan-42-5
http://www.zhihu.com/people/an-jing-19-19
http://www.zhihu.com/people/wywang
http://www.zhihu.com/people/alex-huang-9
http://www.zhihu.com/people/ma-___-___
http://www.zhihu.com/people/la-la-ba-xi-lie
http://www.zhihu.com/people/dong-jia-bin
http://www.zhihu.com/people/tian-qi-61-77
http://www.zhihu.com/people/liu-pang-zi-23
http://www.zhihu.com/people/ying-ye-78
http://www.zhihu.com/people/kedoo
http://www.zhihu.com/people/guo-zhen-jie-42
http://www.zhihu.com/people/luo-zhi-ren
http://www.zhihu.com/people/yi-xia-19
http://www.zhihu.com/people/shaxjl
http://www.zhihu.com/people/wang-zhen-min
http://www.zhihu.com/people/pan-richard
http://www.zhihu.com/people/xiebowen
http://www.zhihu.com/people/alice-45-16
http://www.zhihu.com/people/zhang-ding-chen-52
http://www.zhihu.com/people/threerepublic
http://www.zhihu.com/people/zhouyao
http://www.zhihu.com/people/luo-jia-xi
http://www.zhihu.com/people/li-zhuo-xin
http://www.zhihu.com/people/wang-jian-fei
http://www.zhihu.com/people/liu-xiao-yang-86
http://www.zhihu.com/people/jzone
http://www.zhihu.com/people/neng-ge-70
http://www.zhihu.com/people/annie-liu-59
http://www.zhihu.com/people/sakyatang
http://www.zhihu.com/people/MisterThRush
http://www.zhihu.com/people/wang-nai-luo-20
http://www.zhihu.com/people/lan-qiao-81
http://www.zhihu.com/people/zacharyxsz
http://www.zhihu.com/people/lin-yu-97
http://www.zhihu.com/people/ptolemaeus
http://www.zhihu.com/people/zhao-an-nuo-84
http://www.zhihu.com/people/bibattery
http://www.zhihu.com/people/ceng-da-pao
http://www.zhihu.com/people/pipi-lpy
http://www.zhihu.com/people/ha-long-32
http://www.zhihu.com/people/david-lau-25
http://www.zhihu.com/people/iian
http://www.zhihu.com/people/zhou-min-61
http://www.zhihu.com/people/ji-wang-hao
http://www.zhihu.com/people/zexiancui
http://www.zhihu.com/people/mu-ji-27-80
http://www.zhihu.com/people/fang-wen-32
http://www.zhihu.com/people/xiong-lu-ming
http://www.zhihu.com/people/zheng-hu-li
http://www.zhihu.com/people/di-jian-ru
http://www.zhihu.com/people/zhu-xie-zi
http://www.zhihu.com/people/chen-hai-bin-36
http://www.zhihu.com/people/zhang-wen-xi-24
http://www.zhihu.com/people/bao-ku-zi-huang
http://www.zhihu.com/people/chen-rui-rafael
http://www.zhihu.com/people/streetfox
http://www.zhihu.com/people/qian-cang-nan
http://www.zhihu.com/people/alfreda
http://www.zhihu.com/people/sakin-poom
http://www.zhihu.com/people/wibile
http://www.zhihu.com/people/feng-xue-12
http://www.zhihu.com/people/he-mu-78
http://www.zhihu.com/people/li-jie-wu
http://www.zhihu.com/people/yi-stanm
http://www.zhihu.com/people/zhang-yu-nie-68
http://www.zhihu.com/people/xu-ruan-zhu
http://www.zhihu.com/people/chen-lin-jie-54
http://www.zhihu.com/people/cindyandrainy
http://www.zhihu.com/people/li-qiao-35
http://www.zhihu.com/people/sun-da-peng-64
http://www.zhihu.com/people/liu-lian-15-70
http://www.zhihu.com/people/liu-ting-ting-64
http://www.zhihu.com/people/jiachong
http://www.zhihu.com/people/xiong-jian-18
http://www.zhihu.com/people/luckiesparrow
http://www.zhihu.com/people/GOUKI9999
http://www.zhihu.com/people/chen-wei-jia-5
http://www.zhihu.com/people/numberlee
http://www.zhihu.com/people/huo-zhi-chao-78
http://www.zhihu.com/people/re-xia-yao-yao
http://www.zhihu.com/people/sanqiangz
http://www.zhihu.com/people/miaomiaomiao
http://www.zhihu.com/people/squarexx
http://www.zhihu.com/people/bai-xiao-ying-39
http://www.zhihu.com/people/yang-xiao-hua-5
http://www.zhihu.com/people/wu-zhen-13
http://www.zhihu.com/people/wu-xiao-hua-57
http://www.zhihu.com/people/tian-chuan-88
http://www.zhihu.com/people/yuki-chen-52
http://www.zhihu.com/people/chai-zhou-yue
http://www.zhihu.com/people/hongyi33
http://www.zhihu.com/people/li-yifan-27
http://www.zhihu.com/people/zhangweizhong
http://www.zhihu.com/people/eric-5
http://www.zhihu.com/people/zi-mo-qi
http://www.zhihu.com/people/li-bai-50
http://www.zhihu.com/people/wasabi-79
http://www.zhihu.com/people/xiao-xiao-meng-92
http://www.zhihu.com/people/li-da-li-58
http://www.zhihu.com/people/wolf_wu
http://www.zhihu.com/people/yang-yong-54-36
http://www.zhihu.com/people/bakanohero
http://www.zhihu.com/people/wangtengchuan
http://www.zhihu.com/people/nuonuolili
http://www.zhihu.com/people/lvli
http://www.zhihu.com/people/dan-feng-29
http://www.zhihu.com/people/liuheyang
http://www.zhihu.com/people/tao-zhi-60
http://www.zhihu.com/people/zhang-dong-sheng-1
http://www.zhihu.com/people/fajia
http://www.zhihu.com/people/luan-da-lian
http://www.zhihu.com/people/jiang-meng-jun-71
http://www.zhihu.com/people/Eli1994
http://www.zhihu.com/people/treenewbeer
http://www.zhihu.com/people/wu-bei-47-18
http://www.zhihu.com/people/liu-shi-tou-92
http://www.zhihu.com/people/liu-chao-64
http://www.zhihu.com/people/pei-han-12
http://www.zhihu.com/people/shi-yan-cheng
http://www.zhihu.com/people/ssenkrad
http://www.zhihu.com/people/mou-jun-feng
http://www.zhihu.com/people/li-xue-shan
http://www.zhihu.com/people/chang-jarod
http://www.zhihu.com/people/feng-yu-han-21
http://www.zhihu.com/people/du-yu-jing
http://www.zhihu.com/people/tao-gu-niang
http://www.zhihu.com/people/qin-hui-34
http://www.zhihu.com/people/wang-xuan-41-49
http://www.zhihu.com/people/fancy-34
http://www.zhihu.com/people/shuoliu
http://www.zhihu.com/people/guxizhao
http://www.zhihu.com/people/tian-zi-22
http://www.zhihu.com/people/xu-da-li-60
http://www.zhihu.com/people/UncleDavid
http://www.zhihu.com/people/chilly-67
http://www.zhihu.com/people/Quieth
http://www.zhihu.com/people/xi-lan-26
http://www.zhihu.com/people/wang-kun-69-12
http://www.zhihu.com/people/meng-jia-la
http://www.zhihu.com/people/GO0GLE
http://www.zhihu.com/people/a-long
http://www.zhihu.com/people/yvonne-yang-82
http://www.zhihu.com/people/1zhou-zhou
http://www.zhihu.com/people/cindy-cui-4
http://www.zhihu.com/people/hsiang-kuo
http://www.zhihu.com/people/liu-yun-xuan
http://www.zhihu.com/people/xaoo
http://www.zhihu.com/people/yang-guang-11-55
http://www.zhihu.com/people/liu-jun-you-99
http://www.zhihu.com/people/chun-zhi-ting
http://www.zhihu.com/people/caleper
http://www.zhihu.com/people/liu-yun-fan-43
http://www.zhihu.com/people/tan-yin-10
http://www.zhihu.com/people/he-hong-yuan
http://www.zhihu.com/people/frank-17
http://www.zhihu.com/people/zhang-gen-42
http://www.zhihu.com/people/applamoffy
http://www.zhihu.com/people/yan-xiao-xi-49
http://www.zhihu.com/people/lion-heart-
http://www.zhihu.com/people/zhang-da-zhuo-70
http://www.zhihu.com/people/cheng-cheng-36-10
http://www.zhihu.com/people/jin-xiao-nan
http://www.zhihu.com/people/zhou-zuo
http://www.zhihu.com/people/jutang
http://www.zhihu.com/people/amyyeung
http://www.zhihu.com/people/wei-qi-kang
http://www.zhihu.com/people/litlit
http://www.zhihu.com/people/liu-kai-xi
http://www.zhihu.com/people/sun-chang-he
http://www.zhihu.com/people/chu-er-qian
http://www.zhihu.com/people/potatoyu
http://www.zhihu.com/people/bai-jue-525
http://www.zhihu.com/people/li-si-yao-12
http://www.zhihu.com/people/zheng-xia-ming
http://www.zhihu.com/people/jackhamans
http://www.zhihu.com/people/owenne
http://www.zhihu.com/people/Chorusist
http://www.zhihu.com/people/jin-nuo-75
http://www.zhihu.com/people/han-yan-hui
http://www.zhihu.com/people/john-smith-99
http://www.zhihu.com/people/vesion
http://www.zhihu.com/people/sirius-geng
http://www.zhihu.com/people/onlychaos
http://www.zhihu.com/people/yao-tian-shuai
http://www.zhihu.com/people/gu-jia-ming-83
http://www.zhihu.com/people/huma
http://www.zhihu.com/people/li-po-75
http://www.zhihu.com/people/anymore-40
http://www.zhihu.com/people/bai-li
http://www.zhihu.com/people/wang-xin-di
http://www.zhihu.com/people/jiang-xing-tao-77
http://www.zhihu.com/people/Smartnale
http://www.zhihu.com/people/jeremy-53
http://www.zhihu.com/people/wang-mou-qiang
http://www.zhihu.com/people/luo-hen-wu-sheng
http://www.zhihu.com/people/si-tu-yu-wei
http://www.zhihu.com/people/long-yi-nan-90
http://www.zhihu.com/people/fuwocheng
http://www.zhihu.com/people/niaojun
http://www.zhihu.com/people/wang-feng-16
http://www.zhihu.com/people/yong-sheng
http://www.zhihu.com/people/ss-wei
http://www.zhihu.com/people/sunprin
http://www.zhihu.com/people/hu-dian-69
http://www.zhihu.com/people/12341
http://www.zhihu.com/people/xiaoluxin
http://www.zhihu.com/people/zhang-ji-zhe
http://www.zhihu.com/people/alexpoo
http://www.zhihu.com/people/lordifeng
http://www.zhihu.com/people/xin-yan
http://www.zhihu.com/people/be-with-lele
http://www.zhihu.com/people/chenghan
http://www.zhihu.com/people/luo-yin-bin-fen
http://www.zhihu.com/people/xie-nuo-92-85
http://www.zhihu.com/people/qiao-liang-58
http://www.zhihu.com/people/chen-yang-53
http://www.zhihu.com/people/cang-mang-6
http://www.zhihu.com/people/zhangyang8605
http://www.zhihu.com/people/zhang-da-mai
http://www.zhihu.com/people/paradisor
http://www.zhihu.com/people/shang-linxuan
http://www.zhihu.com/people/yi-sen-8
http://www.zhihu.com/people/he-shui-you
http://www.zhihu.com/people/yu-gu-69
http://www.zhihu.com/people/dong-chen-xi-0205
http://www.zhihu.com/people/kingtony
http://www.zhihu.com/people/wang-chun-yang-12
http://www.zhihu.com/people/huan-huan-40-43
http://www.zhihu.com/people/nopeopele
http://www.zhihu.com/people/situchuifeng
http://www.zhihu.com/people/zhang-jiang-nan-76
http://www.zhihu.com/people/haley_lu
http://www.zhihu.com/people/Ponder
http://www.zhihu.com/people/yang-shi-ying-64
http://www.zhihu.com/people/qing-chen-27-87
http://www.zhihu.com/people/qing-song-lu
http://www.zhihu.com/people/jonson-fang
http://www.zhihu.com/people/tata-ciara
http://www.zhihu.com/people/ren-xiao-mao
http://www.zhihu.com/people/ArvinLiu
http://www.zhihu.com/people/ada-wang-24
http://www.zhihu.com/people/shi-bo-si-ti-ju
http://www.zhihu.com/people/tao-tie-32
http://www.zhihu.com/people/da-mi-36
http://www.zhihu.com/people/zhao-cai-a-zhuo
http://www.zhihu.com/people/xia-qi-la
http://www.zhihu.com/people/lao-chai-40
http://www.zhihu.com/people/wang-yu-67
http://www.zhihu.com/people/tan-ri-tian
http://www.zhihu.com/people/albus-liber
http://www.zhihu.com/people/yaochenhao
http://www.zhihu.com/people/magie
http://www.zhihu.com/people/li-feng-72-82
http://www.zhihu.com/people/yang-chun-yan-31
http://www.zhihu.com/people/tai-di-xiong-97
http://www.zhihu.com/people/liu-lao-san
http://www.zhihu.com/people/lan-xue-21
http://www.zhihu.com/people/hong-xiao-dou
http://www.zhihu.com/people/biby
http://www.zhihu.com/people/elvelyhsu
http://www.zhihu.com/people/lu-qi-58
http://www.zhihu.com/people/lin-xu-75-9
http://www.zhihu.com/people/hu-yan-92
http://www.zhihu.com/people/iwiner
http://www.zhihu.com/people/xie-jia-87
http://www.zhihu.com/people/django-3
http://www.zhihu.com/people/navigator-hsu
http://www.zhihu.com/people/lei-meng-si-30
http://www.zhihu.com/people/dou-jie-16
http://www.zhihu.com/people/zhang-yu-feng-58
http://www.zhihu.com/people/xue-wa-qia
http://www.zhihu.com/people/lzr-mammon
http://www.zhihu.com/people/lai-feng-77
http://www.zhihu.com/people/dai-di-ni
http://www.zhihu.com/people/imajin
http://www.zhihu.com/people/zombie
http://www.zhihu.com/people/yin-da-jie
http://www.zhihu.com/people/yang-fan-44-11-25
http://www.zhihu.com/people/weiruopu
http://www.zhihu.com/people/thinkinglk
http://www.zhihu.com/people/mandymandy-wang
http://www.zhihu.com/people/yan-hui-35-80
http://www.zhihu.com/people/liu-ya-kun-1
http://www.zhihu.com/people/hou-zhao-gan
http://www.zhihu.com/people/sxchenpeng
http://www.zhihu.com/people/lucifer-k
http://www.zhihu.com/people/li-xiang-85
http://www.zhihu.com/people/lu-chen-shuang
http://www.zhihu.com/people/huhuaxiaoshuai
http://www.zhihu.com/people/cawen
http://www.zhihu.com/people/diercn
http://www.zhihu.com/people/JiangTianZheng
http://www.zhihu.com/people/zshengqi
http://www.zhihu.com/people/sparkle-pig
http://www.zhihu.com/people/pkpkppk3607
http://www.zhihu.com/people/li-le-ting
http://www.zhihu.com/people/zhong-cun-bruce
http://www.zhihu.com/people/zhuang-zi-shan
http://www.zhihu.com/people/zhu-jin-xuan
http://www.zhihu.com/people/shi-yao-30
http://www.zhihu.com/people/Qiqiao
http://www.zhihu.com/people/chen-zi-long-30
http://www.zhihu.com/people/xsheng-13
http://www.zhihu.com/people/keqiya
http://www.zhihu.com/people/s0s0
http://www.zhihu.com/people/czpd
http://www.zhihu.com/people/iamxieqiang
http://www.zhihu.com/people/leoaeo
http://www.zhihu.com/people/gapa-83
http://www.zhihu.com/people/huang-ri-chen
http://www.zhihu.com/people/luo-zi-chen
http://www.zhihu.com/people/han-wei-11
http://www.zhihu.com/people/xu-jun-fei
http://www.zhihu.com/people/icytrojan
http://www.zhihu.com/people/feng-xi-21
http://www.zhihu.com/people/avatarye
http://www.zhihu.com/people/liu-yijiao
http://www.zhihu.com/people/wang-dan-ni-51
http://www.zhihu.com/people/zhao-xiao-lu
http://www.zhihu.com/people/big_caaat
http://www.zhihu.com/people/pandaguo
http://www.zhihu.com/people/mao-dou-61
http://www.zhihu.com/people/steven-35
http://www.zhihu.com/people/echozhong
http://www.zhihu.com/people/guo-zi-jun-14
http://www.zhihu.com/people/dou-ya-mei-er
http://www.zhihu.com/people/zheng-ya-dong
http://www.zhihu.com/people/kennethtse
http://www.zhihu.com/people/ning-you
http://www.zhihu.com/people/jia-he-liang-jie
http://www.zhihu.com/people/yu-san-geng
http://www.zhihu.com/people/zhou-gang-64
http://www.zhihu.com/people/mo-bu-gu
http://www.zhihu.com/people/riya
http://www.zhihu.com/people/ma-ya-93
http://www.zhihu.com/people/yang-hou-ze
http://www.zhihu.com/people/tian-nan-gua
http://www.zhihu.com/people/zhou-zi-tong
http://www.zhihu.com/people/verojuice
http://www.zhihu.com/people/retsnom
http://www.zhihu.com/people/zhang-le-12-73
http://www.zhihu.com/people/li-ruo-yu-46
http://www.zhihu.com/people/bluedrum
http://www.zhihu.com/people/wang-yong-tao-93
http://www.zhihu.com/people/chen-chen-52-67
http://www.zhihu.com/people/holy-peng
http://www.zhihu.com/people/sonic-16
http://www.zhihu.com/people/xudekai
http://www.zhihu.com/people/eddie-66
http://www.zhihu.com/people/lawrencelry
http://www.zhihu.com/people/yier-yi-19
http://www.zhihu.com/people/ren-tian
http://www.zhihu.com/people/sandzn
http://www.zhihu.com/people/mmyww
http://www.zhihu.com/people/nyako
http://www.zhihu.com/people/lihaoacm
http://www.zhihu.com/people/lee-ree
http://www.zhihu.com/people/zhang-zhi-yuan-54-84
http://www.zhihu.com/people/yandeng
http://www.zhihu.com/people/gui-zhuo
http://www.zhihu.com/people/li-dian-dian-12
http://www.zhihu.com/people/yue-yi-he
http://www.zhihu.com/people/xu-mei-dong
http://www.zhihu.com/people/li-chen-95
http://www.zhihu.com/people/xiao-chuan-9
http://www.zhihu.com/people/bi-ya-64
http://www.zhihu.com/people/wang-pan-91
http://www.zhihu.com/people/shang-guan-yun-qing-10
http://www.zhihu.com/people/tan-xiao-yan-2
http://www.zhihu.com/people/melody-su-71
http://www.zhihu.com/people/guo-yu-8
http://www.zhihu.com/people/luzern
http://www.zhihu.com/people/li-feng-54-67
http://www.zhihu.com/people/ccat
http://www.zhihu.com/people/xiemuyang
http://www.zhihu.com/people/deng-ying-zhi
http://www.zhihu.com/people/gangeliaoluo
http://www.zhihu.com/people/zhang-xiao-hei-16
http://www.zhihu.com/people/li-li-42-30-71
http://www.zhihu.com/people/ming-wei
http://www.zhihu.com/people/xie-zhi-yuan-64
http://www.zhihu.com/people/qian-qian-80-6
http://www.zhihu.com/people/mo-ke-huan
http://www.zhihu.com/people/xu-sheng-39-75
http://www.zhihu.com/people/missstone
http://www.zhihu.com/people/shi-xiu-feng
http://www.zhihu.com/people/supernb
http://www.zhihu.com/people/hiro-77
http://www.zhihu.com/people/hmx5230
http://www.zhihu.com/people/qieling
http://www.zhihu.com/people/dingxiaoxiong
http://www.zhihu.com/people/fireos
http://www.zhihu.com/people/gao-ji-wei
http://www.zhihu.com/people/wu-bian-luo
http://www.zhihu.com/people/nyanzhang
http://www.zhihu.com/people/qing-lan-98
http://www.zhihu.com/people/hynuza
http://www.zhihu.com/people/zhang-bi-ya-22
http://www.zhihu.com/people/windfuture
http://www.zhihu.com/people/xiao-jian-ren-71
http://www.zhihu.com/people/paiyuen
http://www.zhihu.com/people/keren-0117
http://www.zhihu.com/people/oushixiaoxie
http://www.zhihu.com/people/pandacc
http://www.zhihu.com/people/gao-xiao-feng-73-27
http://www.zhihu.com/people/lakujira
http://www.zhihu.com/people/day-sun-94
http://www.zhihu.com/people/april-han
http://www.zhihu.com/people/shebaili
http://www.zhihu.com/people/pang-da-14
http://www.zhihu.com/people/wangdake
http://www.zhihu.com/people/li-da-shu-12
http://www.zhihu.com/people/da-lian-mao-54
http://www.zhihu.com/people/hong-yiqing-quan
http://www.zhihu.com/people/qu-yu-miao
http://www.zhihu.com/people/wu-shen-meng
http://www.zhihu.com/people/seedingboy
http://www.zhihu.com/people/jiang-ge-58
http://www.zhihu.com/people/litterkid
http://www.zhihu.com/people/chen-guo-zhu
http://www.zhihu.com/people/aslan
http://www.zhihu.com/people/liao-zi-yu
http://www.zhihu.com/people/hao-zhe-36
http://www.zhihu.com/people/DANNY1120
http://www.zhihu.com/people/dramaticworld
http://www.zhihu.com/people/fu-shu-shu-ying
http://www.zhihu.com/people/zhang-bo-67-32
http://www.zhihu.com/people/ji-wei-70
http://www.zhihu.com/people/ihewei
http://www.zhihu.com/people/Selerare
http://www.zhihu.com/people/___-fang-tong-xing
http://www.zhihu.com/people/yin-xiang-72
http://www.zhihu.com/people/zhao-jin-ling
http://www.zhihu.com/people/3ears
http://www.zhihu.com/people/a-zhu-24
http://www.zhihu.com/people/zhang-wei-77-82
http://www.zhihu.com/people/wang-yier-16
http://www.zhihu.com/people/sun-___-mo
http://www.zhihu.com/people/sai27
http://www.zhihu.com/people/rong-she
http://www.zhihu.com/people/long-li-hong
http://www.zhihu.com/people/zhang-zhi-hao-39
http://www.zhihu.com/people/yang-wen-ITER
http://www.zhihu.com/people/flitpend
http://www.zhihu.com/people/hakunamatata-60
http://www.zhihu.com/people/01189998819991197253
http://www.zhihu.com/people/xubowen
http://www.zhihu.com/people/lei-jia-zhu-10
http://www.zhihu.com/people/li-shou-yin-89
http://www.zhihu.com/people/lingjiu
