http://www.zhihu.com/people/zhang-quan-83-87
http://www.zhihu.com/people/hou-nan-67
http://www.zhihu.com/people/dai-wei-99
http://www.zhihu.com/people/lawrencepiao
http://www.zhihu.com/people/zou1993
http://www.zhihu.com/people/qiao-liang-58
http://www.zhihu.com/people/vict
http://www.zhihu.com/people/jie-ao-joy
http://www.zhihu.com/people/SYIU8
http://www.zhihu.com/people/xia-cheng-8
http://www.zhihu.com/people/jamesky907
http://www.zhihu.com/people/neptune16
http://www.zhihu.com/people/huhuaxiaoshuai
http://www.zhihu.com/people/zhang-zi-yu-23
http://www.zhihu.com/people/li-jun-da-86
http://www.zhihu.com/people/yan-zi-85
http://www.zhihu.com/people/dcn01
http://www.zhihu.com/people/wang-sign
http://www.zhihu.com/people/toylori
http://www.zhihu.com/people/xue-heng
http://www.zhihu.com/people/chang-ge-zi-3
http://www.zhihu.com/people/jing-yuan
http://www.zhihu.com/people/zhong-jiu-80
http://www.zhihu.com/people/storymanliu
http://www.zhihu.com/people/zhang-ding-chen-52
http://www.zhihu.com/people/li-chou-yi
http://www.zhihu.com/people/fei-ge-figo
http://www.zhihu.com/people/wu-chang-wu
http://www.zhihu.com/people/choose
http://www.zhihu.com/people/hean
http://www.zhihu.com/people/zhu-jun-19-2
http://www.zhihu.com/people/zhang-qi-cheng-83
http://www.zhihu.com/people/wu-ke-fei
http://www.zhihu.com/people/tian-tian-16-5
http://www.zhihu.com/people/xingtao-shen
http://www.zhihu.com/people/tian-jing-10
http://www.zhihu.com/people/zhang-li-dong-5
http://www.zhihu.com/people/fang-wen-32
http://www.zhihu.com/people/bai-bai-he-18
http://www.zhihu.com/people/lu-shuang-1993
http://www.zhihu.com/people/castleyan
http://www.zhihu.com/people/creke
http://www.zhihu.com/people/zhou-xiao-mi-40-25
http://www.zhihu.com/people/xu-yong-chang
http://www.zhihu.com/people/winni-88
http://www.zhihu.com/people/bennie-50
http://www.zhihu.com/people/hexiyin
http://www.zhihu.com/people/yi-stanm
http://www.zhihu.com/people/cui-wei-dong
http://www.zhihu.com/people/ghyang
http://www.zhihu.com/people/chen-ji-88
http://www.zhihu.com/people/zhang-tao-55-24
http://www.zhihu.com/people/zhitiao
http://www.zhihu.com/people/gu-li-46-39
http://www.zhihu.com/people/liu-ya-kun-1
http://www.zhihu.com/people/mtoc
http://www.zhihu.com/people/zhougan
http://www.zhihu.com/people/dong-rong-hua
http://www.zhihu.com/people/xiong-wei-10
http://www.zhihu.com/people/wei-ta-bing
http://www.zhihu.com/people/zhong-xin-yue
http://www.zhihu.com/people/wang-ya-bing
http://www.zhihu.com/people/a-xiang-70
http://www.zhihu.com/people/ying-xian
http://www.zhihu.com/people/wang-chao-35-39
http://www.zhihu.com/people/scottdong
http://www.zhihu.com/people/wangkevin5626
http://www.zhihu.com/people/sun-jing-jing-99
http://www.zhihu.com/people/hee-erving
http://www.zhihu.com/people/blues
http://www.zhihu.com/people/pwj1568
http://www.zhihu.com/people/e_chen
http://www.zhihu.com/people/cklover
http://www.zhihu.com/people/wang-jing-yu-18
http://www.zhihu.com/people/yiyan-qiu
http://www.zhihu.com/people/wosunsun
http://www.zhihu.com/people/TrusBe
http://www.zhihu.com/people/lin-yu-5
http://www.zhihu.com/people/cheng-zhong-you
http://www.zhihu.com/people/lin-jia-qi-79
http://www.zhihu.com/people/paul-32
http://www.zhihu.com/people/li-yan-zhen-45
http://www.zhihu.com/people/wangorm
http://www.zhihu.com/people/myqqhero
http://www.zhihu.com/people/mark-ge-45
http://www.zhihu.com/people/la-la-ba-xi-lie
http://www.zhihu.com/people/dong-jia-bin
http://www.zhihu.com/people/young-young-2
http://www.zhihu.com/people/zhang-yi-fan-48
http://www.zhihu.com/people/tintuo
http://www.zhihu.com/people/fatpa
http://www.zhihu.com/people/yuan-guo-xin
http://www.zhihu.com/people/laito
http://www.zhihu.com/people/a-sheng-95
http://www.zhihu.com/people/nuonuolili
http://www.zhihu.com/people/wang-li-li-65
http://www.zhihu.com/people/zhang-mei-hua
http://www.zhihu.com/people/zhuo-xiao-nan-5-76
http://www.zhihu.com/people/zhang-tian-cheng-55
http://www.zhihu.com/people/gui-zhuo
http://www.zhihu.com/people/honwhy-35
http://www.zhihu.com/people/hezudao313
http://www.zhihu.com/people/zeraone
http://www.zhihu.com/people/carrie-chen-62
http://www.zhihu.com/people/zhong-cun-bruce
http://www.zhihu.com/people/wangbohan
http://www.zhihu.com/people/lovely-little-ting
http://www.zhihu.com/people/liuxiaoshi
http://www.zhihu.com/people/zhang-lu-yao-53
http://www.zhihu.com/people/yang-zhe-18
http://www.zhihu.com/people/fathu
http://www.zhihu.com/people/qu-zhi-36
http://www.zhihu.com/people/yang-yang-32-76
http://www.zhihu.com/people/yvan-35
http://www.zhihu.com/people/winter-84
http://www.zhihu.com/people/dannyhuang
http://www.zhihu.com/people/zhang-fan-99-23
http://www.zhihu.com/people/zhu-xiao-wu-77
http://www.zhihu.com/people/zhouxiaoluo
http://www.zhihu.com/people/shi-bo-qing
http://www.zhihu.com/people/mu-rong-you-yue-65
http://www.zhihu.com/people/yang-chun-17
http://www.zhihu.com/people/ha-long-32
http://www.zhihu.com/people/jason-pu
http://www.zhihu.com/people/pingoflove
http://www.zhihu.com/people/aimesimon
http://www.zhihu.com/people/acatinthebox
http://www.zhihu.com/people/coldedward
http://www.zhihu.com/people/wang-zhao-yu-2
http://www.zhihu.com/people/yang-cheng-41-87
http://www.zhihu.com/people/hoxton
http://www.zhihu.com/people/hui-zhi-ai
http://www.zhihu.com/people/zhang-cheng-yan
http://www.zhihu.com/people/linhuiqi
http://www.zhihu.com/people/li-kai-64-64
http://www.zhihu.com/people/vesion
http://www.zhihu.com/people/li-xuan-85-75
http://www.zhihu.com/people/li-ping-fan-39
http://www.zhihu.com/people/zheng-cheng-37
http://www.zhihu.com/people/jing-chen-92
http://www.zhihu.com/people/michael-swift
http://www.zhihu.com/people/pingshanlanjian
http://www.zhihu.com/people/yang-ling-fei
http://www.zhihu.com/people/prcjzw
http://www.zhihu.com/people/wer5lcy
http://www.zhihu.com/people/zhang-xiao-qing-88
http://www.zhihu.com/people/kellod
http://www.zhihu.com/people/zhou-xing-73
http://www.zhihu.com/people/chen-feng-28
http://www.zhihu.com/people/zheng-hu-li
http://www.zhihu.com/people/MichaelW
http://www.zhihu.com/people/mu-rong-bing
http://www.zhihu.com/people/liu-sha-22
http://www.zhihu.com/people/wu-tong-56
http://www.zhihu.com/people/hamg
http://www.zhihu.com/people/zhang-jia-nan-65
http://www.zhihu.com/people/liao-chun-17
http://www.zhihu.com/people/you-shu-60
http://www.zhihu.com/people/forkburn
http://www.zhihu.com/people/zhouxianzhang
http://www.zhihu.com/people/yong-sheng
http://www.zhihu.com/people/qi-hong-wei
http://www.zhihu.com/people/xuexiaozhe
http://www.zhihu.com/people/babyfacer
http://www.zhihu.com/people/bai-jue-525
http://www.zhihu.com/people/mu-zi-jia
http://www.zhihu.com/people/hanjiangxue
http://www.zhihu.com/people/yu-qing-di
http://www.zhihu.com/people/dallaslu
http://www.zhihu.com/people/dianxiaoxian
http://www.zhihu.com/people/jin-si-ji
http://www.zhihu.com/people/zhang-dong-sheng-1
http://www.zhihu.com/people/bruce-66-86
http://www.zhihu.com/people/Gyue
http://www.zhihu.com/people/iseesea
http://www.zhihu.com/people/JamesHsia
http://www.zhihu.com/people/sanqiangz
http://www.zhihu.com/people/yang-xiao-xiang-21
http://www.zhihu.com/people/zhou-kun-21-17
http://www.zhihu.com/people/18-55
http://www.zhihu.com/people/song-cai
http://www.zhihu.com/people/cai-zhu-xin
http://www.zhihu.com/people/tan-ri-tian
http://www.zhihu.com/people/oulove
http://www.zhihu.com/people/da-van
http://www.zhihu.com/people/liu-yier-91
http://www.zhihu.com/people/shao-xiong-64
http://www.zhihu.com/people/nickwong
http://www.zhihu.com/people/jeremy-53
http://www.zhihu.com/people/Gimo
http://www.zhihu.com/people/lian-wen-long
http://www.zhihu.com/people/liu-yu-tong-92-31
http://www.zhihu.com/people/sheldon-wata
http://www.zhihu.com/people/retsnom
http://www.zhihu.com/people/lihongxing
http://www.zhihu.com/people/qi-xian-79
http://www.zhihu.com/people/hou-qi-wen
http://www.zhihu.com/people/sun-bai
http://www.zhihu.com/people/liu-lao-san
http://www.zhihu.com/people/xue-yao-37
http://www.zhihu.com/people/zheng-xia-ming
http://www.zhihu.com/people/wen-kun-guo
http://www.zhihu.com/people/sanghai89110224
http://www.zhihu.com/people/leekai-di
http://www.zhihu.com/people/ding-ke-jia
http://www.zhihu.com/people/@look
http://www.zhihu.com/people/xiao-da-da
http://www.zhihu.com/people/li-dong-91-32
http://www.zhihu.com/people/wa-xi-li
http://www.zhihu.com/people/junjieliu
http://www.zhihu.com/people/li-xiang-85
http://www.zhihu.com/people/ChenHbin
http://www.zhihu.com/people/bicycling
http://www.zhihu.com/people/wu-yue-77-22
http://www.zhihu.com/people/yu-yan-qiang
http://www.zhihu.com/people/li-niu-niu-25
http://www.zhihu.com/people/cheng-xiao-dong-29
http://www.zhihu.com/people/robin-52
http://www.zhihu.com/people/jiang-yixie
http://www.zhihu.com/people/henry007
http://www.zhihu.com/people/de-nan
http://www.zhihu.com/people/298097917
http://www.zhihu.com/people/paul-tung
http://www.zhihu.com/people/li-yi-39-78-14
http://www.zhihu.com/people/pan-yi-qi
http://www.zhihu.com/people/chen-peng-67-22
http://www.zhihu.com/people/xie-bing-87
http://www.zhihu.com/people/456312345645
http://www.zhihu.com/people/tinybir
http://www.zhihu.com/people/po-wang-shen-you
http://www.zhihu.com/people/forcube
http://www.zhihu.com/people/ChSail
http://www.zhihu.com/people/wang-ruo-yu-21
http://www.zhihu.com/people/guo-jing
http://www.zhihu.com/people/inclear
http://www.zhihu.com/people/fay-wen
http://www.zhihu.com/people/Chorusist
http://www.zhihu.com/people/wu-hai-ming-9
http://www.zhihu.com/people/bzda
http://www.zhihu.com/people/fai-andy
http://www.zhihu.com/people/qingfeng01
http://www.zhihu.com/people/shu-yun-36
http://www.zhihu.com/people/hou-hou-hou-58
http://www.zhihu.com/people/nan-xi-ren
http://www.zhihu.com/people/qujingshi
http://www.zhihu.com/people/fengzy
http://www.zhihu.com/people/wang-zi-yue
http://www.zhihu.com/people/jia-jia-60
http://www.zhihu.com/people/zhou-gang-64
http://www.zhihu.com/people/jjguoxh
http://www.zhihu.com/people/yunqi608
http://www.zhihu.com/people/bourneren
http://www.zhihu.com/people/tiantianshuijiao
http://www.zhihu.com/people/luo-chen-88
http://www.zhihu.com/people/pointfish
http://www.zhihu.com/people/liu-cheng-an
http://www.zhihu.com/people/shenbin
http://www.zhihu.com/people/zhang-bo-tong
http://www.zhihu.com/people/INFI-SAGA
http://www.zhihu.com/people/yan-xiao-xi-49
http://www.zhihu.com/people/gao-jing-song-37
http://www.zhihu.com/people/jenny-young
http://www.zhihu.com/people/lai-feng-77
http://www.zhihu.com/people/sun-da-peng-64
http://www.zhihu.com/people/gin-55
http://www.zhihu.com/people/imajin
http://www.zhihu.com/people/hao-zhe-36
http://www.zhihu.com/people/zhang-wei-77-82
http://www.zhihu.com/people/lian-zheng-35
http://www.zhihu.com/people/shenwan
http://www.zhihu.com/people/wang-kun-69-12
http://www.zhihu.com/people/yjfx
http://www.zhihu.com/people/chen-lei-142857
http://www.zhihu.com/people/zhu-cheng-xi
http://www.zhihu.com/people/lu-xu-53
http://www.zhihu.com/people/feng-jie-peng
http://www.zhihu.com/people/lu-gui-chen-26
http://www.zhihu.com/people/zhang-feng-98-82
http://www.zhihu.com/people/wengbin
http://www.zhihu.com/people/he-yu-26
http://www.zhihu.com/people/luo-li-wu-jiang
http://www.zhihu.com/people/xiao-bian
http://www.zhihu.com/people/li-chun-xiao-53
http://www.zhihu.com/people/leaplee
http://www.zhihu.com/people/majinyun0802
http://www.zhihu.com/people/li-di-34
http://www.zhihu.com/people/huo-jia-14
http://www.zhihu.com/people/yi-sen-8
http://www.zhihu.com/people/mi-sheng
http://www.zhihu.com/people/jin-mu-yang
http://www.zhihu.com/people/sasdigg
http://www.zhihu.com/people/liziming_simon
http://www.zhihu.com/people/zheng-sheng-wei-20
http://www.zhihu.com/people/django-3
http://www.zhihu.com/people/xie-yuan-peng
http://www.zhihu.com/people/zhang-bo-67-32
http://www.zhihu.com/people/sangxiamu
http://www.zhihu.com/people/frankli-28
http://www.zhihu.com/people/yang-hou-ze
http://www.zhihu.com/people/kedashu
http://www.zhihu.com/people/yan-er-jane
http://www.zhihu.com/people/hong-xiao-dou
http://www.zhihu.com/people/lian-jian-60
http://www.zhihu.com/people/he-a-wei
http://www.zhihu.com/people/rao-shun
http://www.zhihu.com/people/nie-fei-0504
http://www.zhihu.com/people/bao-ku-zi-huang
http://www.zhihu.com/people/fei-ying
http://www.zhihu.com/people/xiepanda
http://www.zhihu.com/people/mu-ba-er
http://www.zhihu.com/people/huang-guo-wei
http://www.zhihu.com/people/ximeir
http://www.zhihu.com/people/xiong-zhe-teng
http://www.zhihu.com/people/li-quan-zhen
http://www.zhihu.com/people/train1110
http://www.zhihu.com/people/zhang-nicolas
http://www.zhihu.com/people/mugee
http://www.zhihu.com/people/duan-yu-29
http://www.zhihu.com/people/kang-kai
http://www.zhihu.com/people/xu-yong-jia
http://www.zhihu.com/people/ma-zhen-28
http://www.zhihu.com/people/dai-yu-xiu
http://www.zhihu.com/people/liu-ying-ge
http://www.zhihu.com/people/wanggaochen
http://www.zhihu.com/people/tansuo19
http://www.zhihu.com/people/lubinwei
http://www.zhihu.com/people/klingon
http://www.zhihu.com/people/gao-yang-bo
http://www.zhihu.com/people/chang-si-jie
http://www.zhihu.com/people/yang-ming-quan
http://www.zhihu.com/people/alvens
http://www.zhihu.com/people/weijiaqi
http://www.zhihu.com/people/liu-liang-86
http://www.zhihu.com/people/peoplegxs
http://www.zhihu.com/people/huang-shan-jing
http://www.zhihu.com/people/jackzhang2014
http://www.zhihu.com/people/davidying15
http://www.zhihu.com/people/gao-gao-72
http://www.zhihu.com/people/cheng-xiao-xiao-15
http://www.zhihu.com/people/hugoyuan
http://www.zhihu.com/people/yu-jia-21-47
http://www.zhihu.com/people/parry
http://www.zhihu.com/people/there4
http://www.zhihu.com/people/lu-chi-59
http://www.zhihu.com/people/li-yang-89
http://www.zhihu.com/people/fei-niao-bing-he
http://www.zhihu.com/people/wu-zheng-bin
http://www.zhihu.com/people/matkiller
http://www.zhihu.com/people/xie-xiao-shui
http://www.zhihu.com/people/lai-zi-xin
http://www.zhihu.com/people/tiandaofei
http://www.zhihu.com/people/lan-xiao-tian-71
http://www.zhihu.com/people/hanjiang
http://www.zhihu.com/people/ray-guo-23
http://www.zhihu.com/people/dai-ren-zhi
http://www.zhihu.com/people/chung
http://www.zhihu.com/people/bill-jiones
http://www.zhihu.com/people/inferiorlove
http://www.zhihu.com/people/hjlee
http://www.zhihu.com/people/li-zhe-19
http://www.zhihu.com/people/a-fei-39-96
http://www.zhihu.com/people/chenghan
http://www.zhihu.com/people/liu-yi-ran-62
http://www.zhihu.com/people/yuwen-xiong
http://www.zhihu.com/people/liu-quan-wei-39
http://www.zhihu.com/people/xiaoksile
http://www.zhihu.com/people/shenjiebuliwo
http://www.zhihu.com/people/dai-chen-long-31
http://www.zhihu.com/people/menthollin
http://www.zhihu.com/people/wang-datou
http://www.zhihu.com/people/abel_phyllis
http://www.zhihu.com/people/peng-zi-huan
http://www.zhihu.com/people/li-jun-jun-67
http://www.zhihu.com/people/alex23
http://www.zhihu.com/people/zkaip
http://www.zhihu.com/people/xi-bei-san-vc
http://www.zhihu.com/people/jonson-fang
http://www.zhihu.com/people/bi-wen-zhi-26
http://www.zhihu.com/people/chouthen
http://www.zhihu.com/people/sleepingknight
http://www.zhihu.com/people/yang-wei-47-98
http://www.zhihu.com/people/tang-he-jun
http://www.zhihu.com/people/maskn
http://www.zhihu.com/people/gymitat
http://www.zhihu.com/people/smile747
http://www.zhihu.com/people/sister
http://www.zhihu.com/people/shan-kui-zhang
http://www.zhihu.com/people/parke
http://www.zhihu.com/people/liulv85
http://www.zhihu.com/people/sang-yifan
http://www.zhihu.com/people/han-yan-hui
http://www.zhihu.com/people/miao-cheng-64
http://www.zhihu.com/people/qing-lan-98
http://www.zhihu.com/people/ling-tou-zhao
http://www.zhihu.com/people/zhao-zhao-94-95
http://www.zhihu.com/people/drinking-63
http://www.zhihu.com/people/du-tu-su
http://www.zhihu.com/people/yang-yun-45
http://www.zhihu.com/people/shelockcrc
http://www.zhihu.com/people/wei-xin-37
http://www.zhihu.com/people/wangwang-90
http://www.zhihu.com/people/zjxubinbin
http://www.zhihu.com/people/dou-dou-42
http://www.zhihu.com/people/zhang-rui-8
http://www.zhihu.com/people/ironsunny
http://www.zhihu.com/people/kongdede
http://www.zhihu.com/people/kokomi
http://www.zhihu.com/people/niu-niu-91
http://www.zhihu.com/people/david.dai
http://www.zhihu.com/people/1750
http://www.zhihu.com/people/xia-xiao-xiao
http://www.zhihu.com/people/zhao-bo-cheng
http://www.zhihu.com/people/yi-da-sen
http://www.zhihu.com/people/zhang-ying-zhou-91
http://www.zhihu.com/people/TheDayDreamer
http://www.zhihu.com/people/aaronsu
http://www.zhihu.com/people/liu-zhe-44
http://www.zhihu.com/people/jin-jiao-77
http://www.zhihu.com/people/xxnotepad
http://www.zhihu.com/people/gu-zhong-heng
http://www.zhihu.com/people/wen-jin-rong-28
http://www.zhihu.com/people/zec-5
http://www.zhihu.com/people/wen-tao-19
http://www.zhihu.com/people/jin-xiao-nan
http://www.zhihu.com/people/alexpoo
http://www.zhihu.com/people/barto
http://www.zhihu.com/people/kennethtse
http://www.zhihu.com/people/fang-zhen-guo
http://www.zhihu.com/people/shi-jia-ming-88
http://www.zhihu.com/people/weiba
http://www.zhihu.com/people/qian-jing-wei
http://www.zhihu.com/people/haodong
http://www.zhihu.com/people/yangfan7823
http://www.zhihu.com/people/wangqian0707
http://www.zhihu.com/people/WymanY
http://www.zhihu.com/people/FrankSo
http://www.zhihu.com/people/nihaiyu
http://www.zhihu.com/people/lobo-73
http://www.zhihu.com/people/xu-chao-75-3
http://www.zhihu.com/people/ciciduff
http://www.zhihu.com/people/bibo
http://www.zhihu.com/people/zhang-cheng-yang
http://www.zhihu.com/people/xia-wei-zhu
http://www.zhihu.com/people/achilles-bob
http://www.zhihu.com/people/kyle-pan
http://www.zhihu.com/people/youyue
http://www.zhihu.com/people/yu-bo-yu
http://www.zhihu.com/people/jackjajack
http://www.zhihu.com/people/xraccoon
http://www.zhihu.com/people/zhang-jerry-78
http://www.zhihu.com/people/huang-jia-wei
http://www.zhihu.com/people/paul-14-93
http://www.zhihu.com/people/wanhoo
http://www.zhihu.com/people/wan-pu
http://www.zhihu.com/people/xiao-sa-06-16
http://www.zhihu.com/people/c0in
http://www.zhihu.com/people/man-flame
http://www.zhihu.com/people/zhou-an
http://www.zhihu.com/people/S-He
http://www.zhihu.com/people/lucker
http://www.zhihu.com/people/tian-nan-gua
http://www.zhihu.com/people/liu-guo-qiang-69
http://www.zhihu.com/people/tian-su-jun
http://www.zhihu.com/people/cheng-yan-yan
http://www.zhihu.com/people/zhujia
http://www.zhihu.com/people/leady
http://www.zhihu.com/people/zhao-yun-ze
http://www.zhihu.com/people/jun-ya
http://www.zhihu.com/people/ueding
http://www.zhihu.com/people/shi-zheng-39
http://www.zhihu.com/people/uncletrey
http://www.zhihu.com/people/byron-26
http://www.zhihu.com/people/pandax
http://www.zhihu.com/people/www.zhihushi.com
http://www.zhihu.com/people/iyan
http://www.zhihu.com/people/mu-hua
http://www.zhihu.com/people/wraithhero
http://www.zhihu.com/people/chao-liu-icon
http://www.zhihu.com/people/azu-2013
http://www.zhihu.com/people/zhu-wei-sai
http://www.zhihu.com/people/wangtiancheng
http://www.zhihu.com/people/mi-xiao-li-10
http://www.zhihu.com/people/hu-xin-yao
http://www.zhihu.com/people/tongjinghao
http://www.zhihu.com/people/chen-yi-2-92
http://www.zhihu.com/people/zhu-yixin-42
http://www.zhihu.com/people/zhengguoqiang
http://www.zhihu.com/people/chen-ting-88
http://www.zhihu.com/people/wei-piao
http://www.zhihu.com/people/wang-yuan-66-5
http://www.zhihu.com/people/gao-ying-kai
http://www.zhihu.com/people/zhang-yan-36
http://www.zhihu.com/people/wang-xiang-gan
http://www.zhihu.com/people/tooyoung
http://www.zhihu.com/people/dai-xiao-lan
http://www.zhihu.com/people/wang8118
http://www.zhihu.com/people/sellsoda
http://www.zhihu.com/people/zhang-xiao-suan
http://www.zhihu.com/people/bazhuazhangyu
http://www.zhihu.com/people/ziddim
http://www.zhihu.com/people/medges-11
http://www.zhihu.com/people/cao-nan
http://www.zhihu.com/people/chu-pei-rui
http://www.zhihu.com/people/hong-qian
http://www.zhihu.com/people/xiao-feng-zhang
http://www.zhihu.com/people/wang-yue-89-19
http://www.zhihu.com/people/ning-schue
http://www.zhihu.com/people/guo-jin-li-42
http://www.zhihu.com/people/wang-wen-ping
http://www.zhihu.com/people/refire
http://www.zhihu.com/people/wang-xiao-qiang-92
http://www.zhihu.com/people/cniefrcn
http://www.zhihu.com/people/Sensation
http://www.zhihu.com/people/zhong-ye-zi-49
http://www.zhihu.com/people/zshengqi
http://www.zhihu.com/people/gao-da-quan-32
http://www.zhihu.com/people/liu-yi-62
http://www.zhihu.com/people/cdtcai
http://www.zhihu.com/people/deathman
http://www.zhihu.com/people/qiuchibao
http://www.zhihu.com/people/viphuo
http://www.zhihu.com/people/nuomihaochix
http://www.zhihu.com/people/tian-qia
http://www.zhihu.com/people/liu-chao-49-38
http://www.zhihu.com/people/shaneguo
http://www.zhihu.com/people/linkst
http://www.zhihu.com/people/xu-shao-hua
http://www.zhihu.com/people/zhang-zhi-hao-39
http://www.zhihu.com/people/sun-ming-ting
http://www.zhihu.com/people/venh
http://www.zhihu.com/people/li-jun-13-31
http://www.zhihu.com/people/li-yong-81-76
http://www.zhihu.com/people/bjchaodaye
http://www.zhihu.com/people/wjwen
http://www.zhihu.com/people/mo-shen-94
http://www.zhihu.com/people/walter-snow
http://www.zhihu.com/people/whale
http://www.zhihu.com/people/e-mo-de-nai-ba
http://www.zhihu.com/people/susus
http://www.zhihu.com/people/yang-hong-ju-66
http://www.zhihu.com/people/chico-lee
http://www.zhihu.com/people/ha-pi-bao
http://www.zhihu.com/people/kuvick
http://www.zhihu.com/people/changeself
http://www.zhihu.com/people/welco
http://www.zhihu.com/people/zhang-jia-pin-ming-da-lang
http://www.zhihu.com/people/guang-feng
http://www.zhihu.com/people/wang-yi-chun-01
http://www.zhihu.com/people/backring
http://www.zhihu.com/people/walker-54
http://www.zhihu.com/people/umifam
http://www.zhihu.com/people/heng-ye
