http://www.zhihu.com/people/fan-xiao-ting
http://www.zhihu.com/people/li-xing-78
http://www.zhihu.com/people/ace-t
http://www.zhihu.com/people/wen-kun-guo
http://www.zhihu.com/people/xie-jia-hong-20
http://www.zhihu.com/people/zhang-luo
http://www.zhihu.com/people/wu-wei-99-42
http://www.zhihu.com/people/shen-ya-nan-44
http://www.zhihu.com/people/shao-zi-83
http://www.zhihu.com/people/newblue
http://www.zhihu.com/people/kai-jia
http://www.zhihu.com/people/neil-35-70
http://www.zhihu.com/people/heaven_000
http://www.zhihu.com/people/hugleecool
http://www.zhihu.com/people/liu-huo-58
http://www.zhihu.com/people/hover-57
http://www.zhihu.com/people/fang-wen-32
http://www.zhihu.com/people/yang-yong-54-36
http://www.zhihu.com/people/tan-ri-tian
http://www.zhihu.com/people/wang-hua-20-18
http://www.zhihu.com/people/master-yan
http://www.zhihu.com/people/cocolee
http://www.zhihu.com/people/fors
http://www.zhihu.com/people/he-bu-ke
http://www.zhihu.com/people/liu-xiao-xie-62
http://www.zhihu.com/people/he-jin-9022
http://www.zhihu.com/people/li-zhi-peng-damon
http://www.zhihu.com/people/yan-xin-qi
http://www.zhihu.com/people/ebenz
http://www.zhihu.com/people/ericfish
http://www.zhihu.com/people/lionon
http://www.zhihu.com/people/zuipinxuan
http://www.zhihu.com/people/wang-feng
http://www.zhihu.com/people/deng-jiao-47
http://www.zhihu.com/people/hu-qing-niu-46
http://www.zhihu.com/people/kongdede
http://www.zhihu.com/people/ju-tao-46
http://www.zhihu.com/people/hu-yan-92
http://www.zhihu.com/people/huang-chen-15
http://www.zhihu.com/people/dexterchung
http://www.zhihu.com/people/wang-huai-37
http://www.zhihu.com/people/fengweizhou
http://www.zhihu.com/people/zhao-zhao-94-95
http://www.zhihu.com/people/linmahua
http://www.zhihu.com/people/hu-yu-zhao
http://www.zhihu.com/people/liu-xiao-peng
http://www.zhihu.com/people/wenjie8873
http://www.zhihu.com/people/da-mao-miles
http://www.zhihu.com/people/xsclxin
http://www.zhihu.com/people/paininuo.tmall.com
http://www.zhihu.com/people/zhao-xin-yu-89
http://www.zhihu.com/people/chen-yiwei-83
http://www.zhihu.com/people/su-an-an-68
http://www.zhihu.com/people/mydeway
http://www.zhihu.com/people/matt-zhang
http://www.zhihu.com/people/liu-meng-jin
http://www.zhihu.com/people/stevie8t
http://www.zhihu.com/people/song-kai-51
http://www.zhihu.com/people/wangzhixiao
http://www.zhihu.com/people/rui-tang-tang
http://www.zhihu.com/people/wang-dong-67
http://www.zhihu.com/people/lina22222
http://www.zhihu.com/people/wang-saka
http://www.zhihu.com/people/zhu-li-juan-5
http://www.zhihu.com/people/cynthia
http://www.zhihu.com/people/hu-sir
http://www.zhihu.com/people/cy-51
http://www.zhihu.com/people/li-ting-91-78
http://www.zhihu.com/people/zhao-lu-yue
http://www.zhihu.com/people/yi-bao-bao-46
http://www.zhihu.com/people/guranzhi
http://www.zhihu.com/people/aabi
http://www.zhihu.com/people/zhang-yi-fan-48
http://www.zhihu.com/people/liu-peng-1
http://www.zhihu.com/people/jianchijianchi
http://www.zhihu.com/people/li-qin-51
http://www.zhihu.com/people/xiaoluyouming
http://www.zhihu.com/people/hengshuo
http://www.zhihu.com/people/wang-kun-69-12
http://www.zhihu.com/people/ren-jie-77-31
http://www.zhihu.com/people/chen-xin-jun
http://www.zhihu.com/people/sui-feng-61-56
http://www.zhihu.com/people/deshui-ruyu
http://www.zhihu.com/people/cang-mang-6
http://www.zhihu.com/people/li-yifan-27
http://www.zhihu.com/people/yan-dong-41
http://www.zhihu.com/people/chang-ming-73
http://www.zhihu.com/people/zhu-chao-zhong
http://www.zhihu.com/people/zhang-ka-li-98
http://www.zhihu.com/people/man-tong
http://www.zhihu.com/people/mou-feng-shan
http://www.zhihu.com/people/CCTV01
http://www.zhihu.com/people/xie-qing-bo
http://www.zhihu.com/people/wang-yu-ming-76
http://www.zhihu.com/people/wei-fei-36
http://www.zhihu.com/people/yofly
http://www.zhihu.com/people/StuGuan
http://www.zhihu.com/people/jiguorui
http://www.zhihu.com/people/bohu
http://www.zhihu.com/people/li-wen-gang-94
http://www.zhihu.com/people/alex-huang-9
http://www.zhihu.com/people/luo-sa-ma
http://www.zhihu.com/people/wu-long-yin
http://www.zhihu.com/people/xie-yi-43
http://www.zhihu.com/people/shan-bu-yu
http://www.zhihu.com/people/michael-10-3
http://www.zhihu.com/people/fan-he-40
http://www.zhihu.com/people/xiao-chu
http://www.zhihu.com/people/zhang-ai-lun-57
http://www.zhihu.com/people/huo-jia-14
http://www.zhihu.com/people/xi-bei-san-vc
http://www.zhihu.com/people/zhoulinglan
http://www.zhihu.com/people/zhang-bo-67-32
http://www.zhihu.com/people/xu-wen-liang-83
http://www.zhihu.com/people/tcdona
http://www.zhihu.com/people/flyingsky
http://www.zhihu.com/people/yang-xiao-yong-76
http://www.zhihu.com/people/litcookie
http://www.zhihu.com/people/wang-you-5
http://www.zhihu.com/people/Enlil-27
http://www.zhihu.com/people/miao-4
http://www.zhihu.com/people/shu-yun-36
http://www.zhihu.com/people/jysm
http://www.zhihu.com/people/huangxisheng
http://www.zhihu.com/people/wei-yan-4
http://www.zhihu.com/people/cai-xiao-gao
http://www.zhihu.com/people/lian-dong-23
http://www.zhihu.com/people/yaochenhao
http://www.zhihu.com/people/wang-yan-98-4
http://www.zhihu.com/people/liang-zi-2013
http://www.zhihu.com/people/li-zuo-le
http://www.zhihu.com/people/alison-hong
http://www.zhihu.com/people/mu-mu-90-82
http://www.zhihu.com/people/slowtz
http://www.zhihu.com/people/ding-jian-22
http://www.zhihu.com/people/xie-xiao-shui
http://www.zhihu.com/people/wang-xin-yin
http://www.zhihu.com/people/ming-ming-37-12
http://www.zhihu.com/people/li-yue-heng
http://www.zhihu.com/people/wang-zhu-yuan
http://www.zhihu.com/people/fan-xiao-xuan-41
http://www.zhihu.com/people/li-zheng-5-12
http://www.zhihu.com/people/a_kai
http://www.zhihu.com/people/chen-shi-san-64
http://www.zhihu.com/people/uruk60kg
http://www.zhihu.com/people/zhang-wei-zhong
http://www.zhihu.com/people/yuhan-49
http://www.zhihu.com/people/meng-jia-la
http://www.zhihu.com/people/yang-xiao-ye-49
http://www.zhihu.com/people/hfitp
http://www.zhihu.com/people/xie-ling-45
http://www.zhihu.com/people/zhu-wei-tao
http://www.zhihu.com/people/wu-bei-47-18
http://www.zhihu.com/people/lin-qian-qian
http://www.zhihu.com/people/robin-98
http://www.zhihu.com/people/ichabod
http://www.zhihu.com/people/bluebbc
http://www.zhihu.com/people/yu-jiang-40
http://www.zhihu.com/people/dai-da-bei
http://www.zhihu.com/people/hei-zi-49
http://www.zhihu.com/people/dong-mo-70
http://www.zhihu.com/people/zuojiwang
http://www.zhihu.com/people/chen-dai-zhuo
http://www.zhihu.com/people/wu-xue-1
http://www.zhihu.com/people/xsheng-13
http://www.zhihu.com/people/liao-jun-bo
http://www.zhihu.com/people/apple-baozou
http://www.zhihu.com/people/liulizhu
http://www.zhihu.com/people/zhang-yang-85
http://www.zhihu.com/people/wang-lin-tao-92
http://www.zhihu.com/people/wangyongxin
http://www.zhihu.com/people/shao-lin-33
http://www.zhihu.com/people/peoplegxs
http://www.zhihu.com/people/luo-da-yu
http://www.zhihu.com/people/chen-wei-57
http://www.zhihu.com/people/kong-wu-94-21
http://www.zhihu.com/people/zhu-shi-jie-6
http://www.zhihu.com/people/jiroas
http://www.zhihu.com/people/heidfled
http://www.zhihu.com/people/wu-hai-25
http://www.zhihu.com/people/cao-yuan-13
http://www.zhihu.com/people/chen-sheng-26
http://www.zhihu.com/people/yingzi01
http://www.zhihu.com/people/chen-zhen-guang-12
http://www.zhihu.com/people/liang-wen-xuan-35
http://www.zhihu.com/people/mihua
http://www.zhihu.com/people/hu-qiao-yu
http://www.zhihu.com/people/dong-zhen-45
http://www.zhihu.com/people/wang-wei-long-6
http://www.zhihu.com/people/huobf
http://www.zhihu.com/people/he-yuan-sheng
http://www.zhihu.com/people/liu-dan-20-96
http://www.zhihu.com/people/sheffield-wang
http://www.zhihu.com/people/luyi168
http://www.zhihu.com/people/jiayizhen
http://www.zhihu.com/people/zheng-zha-22
http://www.zhihu.com/people/kedashu
http://www.zhihu.com/people/zhihuclub
http://www.zhihu.com/people/Songx2013
http://www.zhihu.com/people/mo-wei-zhi-57
http://www.zhihu.com/people/michael-mak-39
http://www.zhihu.com/people/yoyo_zhu
http://www.zhihu.com/people/wang-wei-23
http://www.zhihu.com/people/caoxiaofen
http://www.zhihu.com/people/dwwwwwwwwwwww
http://www.zhihu.com/people/li-jiu-zhe
http://www.zhihu.com/people/liang-hai-xiang
http://www.zhihu.com/people/000088
http://www.zhihu.com/people/justwanna
http://www.zhihu.com/people/stayreal
http://www.zhihu.com/people/yang-wang-8
http://www.zhihu.com/people/huadianshijian
http://www.zhihu.com/people/w1zard
http://www.zhihu.com/people/zhang-ying-da-88
http://www.zhihu.com/people/xiaoheng
http://www.zhihu.com/people/xue-lang-zi
http://www.zhihu.com/people/Alger
http://www.zhihu.com/people/freezehot
http://www.zhihu.com/people/songhy
http://www.zhihu.com/people/bu-yu-xuan
http://www.zhihu.com/people/tianze
http://www.zhihu.com/people/long-lu-92
http://www.zhihu.com/people/xuyankang
http://www.zhihu.com/people/wang-long-biao
http://www.zhihu.com/people/ma-xiao-bao-5
http://www.zhihu.com/people/caoxiongfeng
http://www.zhihu.com/people/liang-yu-fan
http://www.zhihu.com/people/li-jian-wang
http://www.zhihu.com/people/lu-gui-chen-26
http://www.zhihu.com/people/botaowei
http://www.zhihu.com/people/tian-tian-16-5
http://www.zhihu.com/people/gina-guo
http://www.zhihu.com/people/wang-shi-cheng-5
http://www.zhihu.com/people/baitu
http://www.zhihu.com/people/pandait
http://www.zhihu.com/people/yu-qian-hui
http://www.zhihu.com/people/tang-li-24
http://www.zhihu.com/people/lin-zhe-96
http://www.zhihu.com/people/louise-92
http://www.zhihu.com/people/su-tong-45
http://www.zhihu.com/people/mu-qing-23
http://www.zhihu.com/people/duoluoyuan
http://www.zhihu.com/people/xiaopeicat
http://www.zhihu.com/people/shabingxuan
http://www.zhihu.com/people/ke-ke-73-43
http://www.zhihu.com/people/fang-fang-er
http://www.zhihu.com/people/linjiazuozuo
http://www.zhihu.com/people/lexie-han
http://www.zhihu.com/people/tian-su-jun
http://www.zhihu.com/people/lu-zi-xuan-60
http://www.zhihu.com/people/kidskyblue
http://www.zhihu.com/people/stela
http://www.zhihu.com/people/linjiewen
http://www.zhihu.com/people/dudu222
http://www.zhihu.com/people/wang-xiao-wang-10
http://www.zhihu.com/people/liyong98847
http://www.zhihu.com/people/chi-xiao-mei
http://www.zhihu.com/people/sun-lin-9
http://www.zhihu.com/people/shifa
http://www.zhihu.com/people/farseereye
http://www.zhihu.com/people/_zhao_xu_
http://www.zhihu.com/people/zhang-heng-81
http://www.zhihu.com/people/shinrakueki
http://www.zhihu.com/people/dao-dao-62
http://www.zhihu.com/people/li-chang-feng-10
http://www.zhihu.com/people/ai-you-tian
http://www.zhihu.com/people/li-xiao-teng-81
http://www.zhihu.com/people/xiao-shi-jie-34
http://www.zhihu.com/people/w-x-0
http://www.zhihu.com/people/THFQ
http://www.zhihu.com/people/liuyilou
http://www.zhihu.com/people/face-li
http://www.zhihu.com/people/shey
http://www.zhihu.com/people/yun-heng-62
http://www.zhihu.com/people/plhwin
http://www.zhihu.com/people/wu-ya-nan-2
http://www.zhihu.com/people/he-tang
http://www.zhihu.com/people/liu-a-qiu
http://www.zhihu.com/people/cheng-ling-jian
http://www.zhihu.com/people/carina-25
http://www.zhihu.com/people/gao-you-mou
http://www.zhihu.com/people/scorpio-fly
http://www.zhihu.com/people/smallsmall
http://www.zhihu.com/people/zhao-yang-xin
http://www.zhihu.com/people/yi-da-1
http://www.zhihu.com/people/zhou-hao-55
http://www.zhihu.com/people/natt
http://www.zhihu.com/people/backto_
http://www.zhihu.com/people/KateSung
http://www.zhihu.com/people/chen-qun-12
http://www.zhihu.com/people/wang-xiao-yue-86
http://www.zhihu.com/people/zhong-ye-zi-49
http://www.zhihu.com/people/lei-hao-yi
http://www.zhihu.com/people/yanwu
http://www.zhihu.com/people/xin-yang-15
http://www.zhihu.com/people/huang-jin-fa
http://www.zhihu.com/people/wen-yu-88
http://www.zhihu.com/people/cheng-cang-long
http://www.zhihu.com/people/hjz15k6
http://www.zhihu.com/people/shu-mu-mu
http://www.zhihu.com/people/lee-kevin-15
http://www.zhihu.com/people/shi-nan
http://www.zhihu.com/people/www.zhihushi.com
http://www.zhihu.com/people/xing-chen-31
http://www.zhihu.com/people/mengying0960
http://www.zhihu.com/people/chen-ze-jin-27
http://www.zhihu.com/people/sun-ting-86
http://www.zhihu.com/people/tan-xiao-yan-2
http://www.zhihu.com/people/xie-wu
http://www.zhihu.com/people/chefendou
http://www.zhihu.com/people/chen-xiao-peng-91
http://www.zhihu.com/people/sellsoda
http://www.zhihu.com/people/du-yu-jing
http://www.zhihu.com/people/randy-54
http://www.zhihu.com/people/li-bi-lin
http://www.zhihu.com/people/liao-anchor
http://www.zhihu.com/people/wang-chao-59
http://www.zhihu.com/people/bbkinlin
http://www.zhihu.com/people/yin-ming-38
http://www.zhihu.com/people/nicolas-micheal
http://www.zhihu.com/people/weizheng0449
http://www.zhihu.com/people/yin-si-bu
http://www.zhihu.com/people/yang-xiao-hua-99
http://www.zhihu.com/people/mu-ta
http://www.zhihu.com/people/chen-ting-88
http://www.zhihu.com/people/pegasuz
http://www.zhihu.com/people/cai-xin-79
http://www.zhihu.com/people/feng-lin-ji
http://www.zhihu.com/people/zhu-yixin-42
http://www.zhihu.com/people/li-xiao-xing
http://www.zhihu.com/people/fang-zi-mu-mu
http://www.zhihu.com/people/long-hong-bo
http://www.zhihu.com/people/li-lan-fen
http://www.zhihu.com/people/zhang-ben-niao
http://www.zhihu.com/people/zhang-jin-long-1-59
http://www.zhihu.com/people/googlegoogle
http://www.zhihu.com/people/mengxian
http://www.zhihu.com/people/guan-cheng
http://www.zhihu.com/people/lixumin
http://www.zhihu.com/people/zhao-fa-cai-56
http://www.zhihu.com/people/ruxpin
http://www.zhihu.com/people/hou-xue-cun
http://www.zhihu.com/people/tylxyfy
http://www.zhihu.com/people/Tammychow
http://www.zhihu.com/people/sky-fall
http://www.zhihu.com/people/xiong-jun-wu
http://www.zhihu.com/people/ding-rui
http://www.zhihu.com/people/ji-peng-fei-58
http://www.zhihu.com/people/tun-tan
http://www.zhihu.com/people/an-mo-sheng
http://www.zhihu.com/people/masksum41
http://www.zhihu.com/people/xie-zi-feng-90
http://www.zhihu.com/people/li-wu-yi-70
http://www.zhihu.com/people/ni-bei-jun
http://www.zhihu.com/people/monlulu
http://www.zhihu.com/people/oratis
http://www.zhihu.com/people/lin-ke-48
http://www.zhihu.com/people/rocgo
http://www.zhihu.com/people/damao
http://www.zhihu.com/people/smile-re
http://www.zhihu.com/people/callmedani
http://www.zhihu.com/people/9889
http://www.zhihu.com/people/yin-gao-jie
http://www.zhihu.com/people/zhang-chao-91-77
http://www.zhihu.com/people/bjchaodaye
http://www.zhihu.com/people/chen-jun-wen-6
http://www.zhihu.com/people/yang-kai-guang
http://www.zhihu.com/people/silentcat
http://www.zhihu.com/people/zhang.chi
http://www.zhihu.com/people/jin-xiao-hu-84
http://www.zhihu.com/people/song-long-fei-1
http://www.zhihu.com/people/ji-qiang-22
http://www.zhihu.com/people/guisheng-w
http://www.zhihu.com/people/liu-jian-kang-45
http://www.zhihu.com/people/ding-zhi-yu-ken
http://www.zhihu.com/people/a-le-21
http://www.zhihu.com/people/mu-qing-han
http://www.zhihu.com/people/li-li-34-58
http://www.zhihu.com/people/zhang-xiang-bin-20
http://www.zhihu.com/people/chen-ting-ting-7
http://www.zhihu.com/people/shao-peng-75
http://www.zhihu.com/people/apollochow
http://www.zhihu.com/people/aben-12
http://www.zhihu.com/people/chen-zong-su
http://www.zhihu.com/people/pengxing
http://www.zhihu.com/people/oxdwayne
http://www.zhihu.com/people/wei-sheng-79
http://www.zhihu.com/people/yi-dan
http://www.zhihu.com/people/larzhang
http://www.zhihu.com/people/li-chen-8
http://www.zhihu.com/people/zhao-gogo
http://www.zhihu.com/people/chen-yu-92-38
http://www.zhihu.com/people/jin-du-jiang
http://www.zhihu.com/people/cao-nan
http://www.zhihu.com/people/joan-65
http://www.zhihu.com/people/su-chang-an
http://www.zhihu.com/people/zhong-sheng-41
http://www.zhihu.com/people/dtcool
http://www.zhihu.com/people/cbeeq98
http://www.zhihu.com/people/yu-yang-41
http://www.zhihu.com/people/ran-wen-jie
http://www.zhihu.com/people/song-he-44
http://www.zhihu.com/people/xu-jing-21
http://www.zhihu.com/people/mingyi
http://www.zhihu.com/people/zhang-qun-xiao
http://www.zhihu.com/people/linwu
http://www.zhihu.com/people/guang-feng
http://www.zhihu.com/people/wensisunny
http://www.zhihu.com/people/kneadtime
http://www.zhihu.com/people/younggko
http://www.zhihu.com/people/li-zhou
http://www.zhihu.com/people/sunnysos
http://www.zhihu.com/people/ruan-qi-chun
http://www.zhihu.com/people/gu-cheng-hua-man-lou
http://www.zhihu.com/people/wang-sen-lin-84
http://www.zhihu.com/people/wang-wei-cun
http://www.zhihu.com/people/wang-jian-1990
http://www.zhihu.com/people/qian-wen-bin
http://www.zhihu.com/people/liu-jing-97-8
http://www.zhihu.com/people/hai-yang-98
http://www.zhihu.com/people/chen-xiao-tu-61
http://www.zhihu.com/people/the-sims
http://www.zhihu.com/people/ding-guo-min
http://www.zhihu.com/people/eilif
http://www.zhihu.com/people/sun-dan-yang
http://www.zhihu.com/people/zhufei
http://www.zhihu.com/people/zhang-zi-qiang-36
http://www.zhihu.com/people/tan-wei-guo
http://www.zhihu.com/people/tao-wan-jun
http://www.zhihu.com/people/liu-jun-yu-31
http://www.zhihu.com/people/halfmile
http://www.zhihu.com/people/lin-hai-99
http://www.zhihu.com/people/meng-ya-kai
http://www.zhihu.com/people/song-li-58
http://www.zhihu.com/people/liu-chang-xian
http://www.zhihu.com/people/shu-hai-meng
http://www.zhihu.com/people/chen-ming-can
http://www.zhihu.com/people/dr-satyr
http://www.zhihu.com/people/tonyyongyu
http://www.zhihu.com/people/yu-he-fei
http://www.zhihu.com/people/licht-81
http://www.zhihu.com/people/chenxc
http://www.zhihu.com/people/sun-zi-bing-3
http://www.zhihu.com/people/nikkkkkk
http://www.zhihu.com/people/izcq
http://www.zhihu.com/people/mason-36
http://www.zhihu.com/people/rojay
http://www.zhihu.com/people/jayce
http://www.zhihu.com/people/liangpeng
http://www.zhihu.com/people/huai-biao
http://www.zhihu.com/people/xymark
http://www.zhihu.com/people/wang-zheng-78
http://www.zhihu.com/people/yan-ke-90
http://www.zhihu.com/people/techoxygen
http://www.zhihu.com/people/liu-ming-74-53
http://www.zhihu.com/people/yirenzuoshiyirentang
http://www.zhihu.com/people/qmqy
http://www.zhihu.com/people/liu-chen-15
http://www.zhihu.com/people/lidengke
http://www.zhihu.com/people/xiao-yu-long
http://www.zhihu.com/people/yinwei
http://www.zhihu.com/people/pzwei
http://www.zhihu.com/people/cang-qi
http://www.zhihu.com/people/xu-yong-jia
http://www.zhihu.com/people/bearsiji417
http://www.zhihu.com/people/wingpro
http://www.zhihu.com/people/lu-ye
http://www.zhihu.com/people/name-dennis
http://www.zhihu.com/people/jeff_lee
http://www.zhihu.com/people/liang-dan-21
http://www.zhihu.com/people/guo-jin-5
http://www.zhihu.com/people/zhang-jia-long
http://www.zhihu.com/people/frank-17
http://www.zhihu.com/people/DreadLocks
http://www.zhihu.com/people/wang-yuan-66-5
http://www.zhihu.com/people/lu-ye-shu-huai
http://www.zhihu.com/people/cherrydcy
http://www.zhihu.com/people/fu-cheng-kai
http://www.zhihu.com/people/wang-zi-kai
http://www.zhihu.com/people/wjbf
http://www.zhihu.com/people/aClown
http://www.zhihu.com/people/zhang-ming-yuan
http://www.zhihu.com/people/ycziyou
http://www.zhihu.com/people/BrandonWong
http://www.zhihu.com/people/du-mian-19
http://www.zhihu.com/people/shopro
http://www.zhihu.com/people/rechyo
http://www.zhihu.com/people/belphegor
http://www.zhihu.com/people/rogeryhc
http://www.zhihu.com/people/sha-de-xuan
http://www.zhihu.com/people/di-xiao-bin
http://www.zhihu.com/people/tinaic
http://www.zhihu.com/people/wyf71459
http://www.zhihu.com/people/smallrabbit
http://www.zhihu.com/people/zou-dao-kou
http://www.zhihu.com/people/tang-yiming-24
http://www.zhihu.com/people/hinsingho
http://www.zhihu.com/people/tohato
http://www.zhihu.com/people/jackzhang2014
http://www.zhihu.com/people/qu-ping-ze
http://www.zhihu.com/people/JoeyWzx
http://www.zhihu.com/people/justin-ma
http://www.zhihu.com/people/doors
http://www.zhihu.com/people/xiwentao
http://www.zhihu.com/people/winson
http://www.zhihu.com/people/zhao-an
http://www.zhihu.com/people/susus
http://www.zhihu.com/people/Yiqueen
http://www.zhihu.com/people/huxiaoguai
http://www.zhihu.com/people/xiaoyequ
http://www.zhihu.com/people/whoRobert
http://www.zhihu.com/people/jiugege
http://www.zhihu.com/people/bu-qianwen
http://www.zhihu.com/people/zhuang-xiao-meng
http://www.zhihu.com/people/sofia-liu
http://www.zhihu.com/people/kingshuo
http://www.zhihu.com/people/wang-xiao-kan
http://www.zhihu.com/people/magie
http://www.zhihu.com/people/ken-88
http://www.zhihu.com/people/yipkoonyui
http://www.zhihu.com/people/wang-ling-shan
http://www.zhihu.com/people/yu-jun-feng-85
http://www.zhihu.com/people/mo-lin-chen
http://www.zhihu.com/people/yinpeng99
http://www.zhihu.com/people/nuomihaochix
http://www.zhihu.com/people/cui-yu-long-93
http://www.zhihu.com/people/lightme
http://www.zhihu.com/people/Blue.Blue
http://www.zhihu.com/people/junesk
http://www.zhihu.com/people/wang-bin-26-89
http://www.zhihu.com/people/yang-yilei-18
http://www.zhihu.com/people/oobleck
http://www.zhihu.com/people/doublehero
http://www.zhihu.com/people/zhang-liang-93
http://www.zhihu.com/people/yi-sha-22
http://www.zhihu.com/people/279734816
http://www.zhihu.com/people/da-peng-64
http://www.zhihu.com/people/liu-wei-1-75
http://www.zhihu.com/people/pang-da-45
http://www.zhihu.com/people/guiyuplus
http://www.zhihu.com/people/hei-tao
http://www.zhihu.com/people/huceo
http://www.zhihu.com/people/yang-zhen-8
http://www.zhihu.com/people/han-qi-zhao
http://www.zhihu.com/people/xin-yue-2
http://www.zhihu.com/people/zhang-jing-98-36
http://www.zhihu.com/people/huang-hai-li
http://www.zhihu.com/people/sunny-69
http://www.zhihu.com/people/shi-zhan-feng
http://www.zhihu.com/people/elliboy
http://www.zhihu.com/people/xiao-dong-zg
http://www.zhihu.com/people/xiao-bin
http://www.zhihu.com/people/yu-long-bin
http://www.zhihu.com/people/jhhuawei.com
http://www.zhihu.com/people/cheng-fang-hang
http://www.zhihu.com/people/ambrosio
http://www.zhihu.com/people/gao-song-yun
http://www.zhihu.com/people/zhengyin
http://www.zhihu.com/people/kang-shu
http://www.zhihu.com/people/huang-lei-83
http://www.zhihu.com/people/youshengrong
http://www.zhihu.com/people/yun-zhong-jun-46
http://www.zhihu.com/people/yang-tao-93-69
http://www.zhihu.com/people/libertrand
http://www.zhihu.com/people/michelle716
http://www.zhihu.com/people/li-jun-13-31
http://www.zhihu.com/people/www.yunyunwei.com
http://www.zhihu.com/people/sallyxu
http://www.zhihu.com/people/xonlongmeng
http://www.zhihu.com/people/vivianshuai
http://www.zhihu.com/people/li-tao-guan
http://www.zhihu.com/people/chen-lang-xxx
http://www.zhihu.com/people/auto-shutten
http://www.zhihu.com/people/mocmoc
http://www.zhihu.com/people/si-di-guang
http://www.zhihu.com/people/li-mu-qing-521
http://www.zhihu.com/people/lei-wei-92
http://www.zhihu.com/people/hanz-chen
http://www.zhihu.com/people/yang-shuang-1
http://www.zhihu.com/people/luckyfish
http://www.zhihu.com/people/song-song-99
http://www.zhihu.com/people/liu-xu-becky
http://www.zhihu.com/people/ledlaohuo
http://www.zhihu.com/people/manday
http://www.zhihu.com/people/ling-long
http://www.zhihu.com/people/you-wei-16
http://www.zhihu.com/people/cheng-chang-87-12
http://www.zhihu.com/people/pang-da-14
http://www.zhihu.com/people/peng-jian-qiao
http://www.zhihu.com/people/yxd-78
http://www.zhihu.com/people/zhu-wen
http://www.zhihu.com/people/han-liang-36
http://www.zhihu.com/people/trance-92
http://www.zhihu.com/people/jiang-ge
http://www.zhihu.com/people/doc-young
http://www.zhihu.com/people/hu-yu-song-60
http://www.zhihu.com/people/sayes
http://www.zhihu.com/people/xu-chong-bo
http://www.zhihu.com/people/hanwei...
http://www.zhihu.com/people/yeliever
http://www.zhihu.com/people/shouwangzhe
http://www.zhihu.com/people/waters
http://www.zhihu.com/people/li-zheng-bi
http://www.zhihu.com/people/cai-yu-5
http://www.zhihu.com/people/shui-ci-wu-fang
http://www.zhihu.com/people/luo-rui-62
http://www.zhihu.com/people/qtmisewrxf
http://www.zhihu.com/people/cherry-3-66
http://www.zhihu.com/people/fansang
http://www.zhihu.com/people/allcoolboy
http://www.zhihu.com/people/guxianbang
http://www.zhihu.com/people/wang-jia-yue
http://www.zhihu.com/people/shen-jq
http://www.zhihu.com/people/allossurus
http://www.zhihu.com/people/madbigg
http://www.zhihu.com/people/li-cheng-gan
http://www.zhihu.com/people/yuyu-88
http://www.zhihu.com/people/tokillthelights
http://www.zhihu.com/people/yilin101
http://www.zhihu.com/people/alan07
http://www.zhihu.com/people/julia-727
http://www.zhihu.com/people/sailor-82-30
http://www.zhihu.com/people/jackdinner
http://www.zhihu.com/people/zhongyang
http://www.zhihu.com/people/huang-jian-nan-64
http://www.zhihu.com/people/zhang-peng-zhen
http://www.zhihu.com/people/wn1986
http://www.zhihu.com/people/lining
http://www.zhihu.com/people/1230
http://www.zhihu.com/people/liu-bo-bo
http://www.zhihu.com/people/dai-xiao-lan
http://www.zhihu.com/people/tan-xiao-luo
http://www.zhihu.com/people/wang-xiang-jian
http://www.zhihu.com/people/fu-ji-zi
http://www.zhihu.com/people/meicoog
http://www.zhihu.com/people/chen-wei-yuan
http://www.zhihu.com/people/soong
http://www.zhihu.com/people/ShouSuanLe
http://www.zhihu.com/people/li-rou-xing
http://www.zhihu.com/people/wang-rui-13
http://www.zhihu.com/people/wangwen
http://www.zhihu.com/people/zhengguoqiang
http://www.zhihu.com/people/garhom
http://www.zhihu.com/people/chen-feng-28
http://www.zhihu.com/people/HePong
http://www.zhihu.com/people/xie-yao-xin
http://www.zhihu.com/people/zhu-xiao-wu-77
http://www.zhihu.com/people/zhang-wei-biao
http://www.zhihu.com/people/yang-yu-67-70
http://www.zhihu.com/people/yanrui45
http://www.zhihu.com/people/jiang-yu-lan
http://www.zhihu.com/people/wang-zhao-yang-1
http://www.zhihu.com/people/surui24
http://www.zhihu.com/people/jiushouniao
http://www.zhihu.com/people/senlin
http://www.zhihu.com/people/li-shan-lin
http://www.zhihu.com/people/lin-bi-mgal
http://www.zhihu.com/people/qianniaoqifei
http://www.zhihu.com/people/song001
http://www.zhihu.com/people/luziang
http://www.zhihu.com/people/dai-xiao-bin
http://www.zhihu.com/people/pineal
http://www.zhihu.com/people/zhangkai_ch
http://www.zhihu.com/people/lushen
http://www.zhihu.com/people/caijinxin
http://www.zhihu.com/people/fei-ying-81
http://www.zhihu.com/people/hao-ao-fu
http://www.zhihu.com/people/yaogun
http://www.zhihu.com/people/yan-zhi-yuan-74
http://www.zhihu.com/people/chen-shou-qun
http://www.zhihu.com/people/jaytags
http://www.zhihu.com/people/yang-yi-ran
http://www.zhihu.com/people/zhang-shao-fei
http://www.zhihu.com/people/iamxieqiang
http://www.zhihu.com/people/zhao-yan-bi-ri
http://www.zhihu.com/people/zhu-fang-yuan
http://www.zhihu.com/people/lynnchang
http://www.zhihu.com/people/wangyunfei
http://www.zhihu.com/people/chenruihong
http://www.zhihu.com/people/zhongxiaotu
http://www.zhihu.com/people/mo-he
http://www.zhihu.com/people/altrixe
http://www.zhihu.com/people/yu-xing-en
http://www.zhihu.com/people/JiangTianZheng
http://www.zhihu.com/people/xiao-jian-ren-71
http://www.zhihu.com/people/TwoWei
http://www.zhihu.com/people/woodman
http://www.zhihu.com/people/qingganwan
http://www.zhihu.com/people/huang-wei-jun-36
http://www.zhihu.com/people/wang-jia-wei-45-85
http://www.zhihu.com/people/gao-ya-xin
http://www.zhihu.com/people/han-yan-hui
http://www.zhihu.com/people/freya1988
http://www.zhihu.com/people/henter
http://www.zhihu.com/people/liu-cheng-jie-44
http://www.zhihu.com/people/oogoo
http://www.zhihu.com/people/li-yi-sha
http://www.zhihu.com/people/gapa-83
http://www.zhihu.com/people/wei-xiao-mao
http://www.zhihu.com/people/marsxiang
http://www.zhihu.com/people/zhang-hai-dong-25
http://www.zhihu.com/people/vidaai-chi-pao-fu
http://www.zhihu.com/people/ming-yue-36
http://www.zhihu.com/people/shilh
http://www.zhihu.com/people/qing-zhou-79
http://www.zhihu.com/people/lang-qian-yi
http://www.zhihu.com/people/chexiangbei
http://www.zhihu.com/people/zhu-yi-ge
http://www.zhihu.com/people/stephanie-73
http://www.zhihu.com/people/Art-Joker
http://www.zhihu.com/people/young-35
http://www.zhihu.com/people/zhang-da-kun
http://www.zhihu.com/people/li-yan-peng-98
http://www.zhihu.com/people/li-pei-45
http://www.zhihu.com/people/longniao
http://www.zhihu.com/people/chenxiaorong
http://www.zhihu.com/people/tian-qia
http://www.zhihu.com/people/xiao-su-27
http://www.zhihu.com/people/zhu-jin-xuan
http://www.zhihu.com/people/fan-zhi-cheng
http://www.zhihu.com/people/tumbler-75
http://www.zhihu.com/people/zhang-zhao-ming-53
http://www.zhihu.com/people/bai-yan-shang-guan
http://www.zhihu.com/people/zhou-zhu-2
http://www.zhihu.com/people/tao-tie-32
http://www.zhihu.com/people/sosoloveslife
http://www.zhihu.com/people/chouthen
http://www.zhihu.com/people/jiang-wen-qian-11
http://www.zhihu.com/people/liu-chang-6
http://www.zhihu.com/people/liu-huan-78
http://www.zhihu.com/people/cui-da-wei
http://www.zhihu.com/people/a-hua-63
http://www.zhihu.com/people/fanxiaoye
http://www.zhihu.com/people/zhang-ding-feng
http://www.zhihu.com/people/feversun
http://www.zhihu.com/people/yuanhang
http://www.zhihu.com/people/10250
http://www.zhihu.com/people/huiyuanpi
http://www.zhihu.com/people/li-tao-1-78
http://www.zhihu.com/people/chanlderbing
http://www.zhihu.com/people/wei-xiao-xu
http://www.zhihu.com/people/yangyanghong
http://www.zhihu.com/people/fanjunwen
http://www.zhihu.com/people/wang-chu-cheng
http://www.zhihu.com/people/shi-xiao-jie-83
http://www.zhihu.com/people/gorteng
http://www.zhihu.com/people/ryan-he
http://www.zhihu.com/people/aquarius_sally
http://www.zhihu.com/people/tedeyang
http://www.zhihu.com/people/fuxinzhi
http://www.zhihu.com/people/chun-sheng-9
http://www.zhihu.com/people/yang-bo-30
http://www.zhihu.com/people/jie-shuai-bing
http://www.zhihu.com/people/njudongtao
http://www.zhihu.com/people/wangchenyu-knight
http://www.zhihu.com/people/madouling
http://www.zhihu.com/people/hans-archer
http://www.zhihu.com/people/linyangjames
http://www.zhihu.com/people/dannywang
http://www.zhihu.com/people/daichu
http://www.zhihu.com/people/rainvoo
http://www.zhihu.com/people/li-peng-yu
http://www.zhihu.com/people/jin-hui-76
http://www.zhihu.com/people/wang-wei-49-53
http://www.zhihu.com/people/zhima_zhima
http://www.zhihu.com/people/zhou-chen-19
http://www.zhihu.com/people/sun-yu-bo-78
http://www.zhihu.com/people/yao-hang
http://www.zhihu.com/people/cykor
http://www.zhihu.com/people/Kevinspider
http://www.zhihu.com/people/pppp
http://www.zhihu.com/people/chen-xu-56
http://www.zhihu.com/people/chen-yan-zhong
http://www.zhihu.com/people/wang-wu
http://www.zhihu.com/people/zhuang-biao-wei
http://www.zhihu.com/people/chenghang
http://www.zhihu.com/people/yi-wen-63-87
http://www.zhihu.com/people/ren-zhi-xing
http://www.zhihu.com/people/guo-fei
http://www.zhihu.com/people/wctjerry
http://www.zhihu.com/people/diyizhipianren
http://www.zhihu.com/people/peiyang1895
http://www.zhihu.com/people/jinwei536
http://www.zhihu.com/people/liang-zi-60
http://www.zhihu.com/people/sylovelp
http://www.zhihu.com/people/wu-de-feng
http://www.zhihu.com/people/zhang-xue-76
http://www.zhihu.com/people/zhao-kang-95-57
http://www.zhihu.com/people/huang-li-bin-44
http://www.zhihu.com/people/rocky-17
http://www.zhihu.com/people/meng-tai
http://www.zhihu.com/people/shuangye
http://www.zhihu.com/people/zhuo-xiao-qi
http://www.zhihu.com/people/lu-xing-yu-42
http://www.zhihu.com/people/xiongyanan
http://www.zhihu.com/people/anchorchen
http://www.zhihu.com/people/li-hai-jun-17
http://www.zhihu.com/people/kang-le-45
http://www.zhihu.com/people/Felicity
http://www.zhihu.com/people/liu-hong-cai
http://www.zhihu.com/people/ccat
http://www.zhihu.com/people/snowsword
http://www.zhihu.com/people/tbzxiucom
http://www.zhihu.com/people/zhu-jun-qiang
http://www.zhihu.com/people/hao-ran-20
http://www.zhihu.com/people/zhi-ge
http://www.zhihu.com/people/jet-95
http://www.zhihu.com/people/winjoy1990
http://www.zhihu.com/people/cyy-f
http://www.zhihu.com/people/peng-zhi-ran
http://www.zhihu.com/people/yeluoguzhou
http://www.zhihu.com/people/the-riverlau
http://www.zhihu.com/people/tong-lin-feng
http://www.zhihu.com/people/xu-yu-xiang-74
http://www.zhihu.com/people/lanstonpeng
http://www.zhihu.com/people/shang-zhen-44
http://www.zhihu.com/people/ma-ying-long-64
http://www.zhihu.com/people/zhou-kai-43
http://www.zhihu.com/people/scv119
http://www.zhihu.com/people/hi-henry
http://www.zhihu.com/people/jin-wei-50
http://www.zhihu.com/people/yan-liu
http://www.zhihu.com/people/guo-shu-jian
http://www.zhihu.com/people/yjpts
http://www.zhihu.com/people/chen-qing-18
http://www.zhihu.com/people/feng-si-zheng
http://www.zhihu.com/people/yangshuting
http://www.zhihu.com/people/zhu-wei-cheng-33
http://www.zhihu.com/people/shileiee
http://www.zhihu.com/people/yang-lin-yldesky
http://www.zhihu.com/people/qiu-shui
http://www.zhihu.com/people/yuan-hao-jun
http://www.zhihu.com/people/hu-di-luo
http://www.zhihu.com/people/80386
http://www.zhihu.com/people/xiao-xie-zi-41
http://www.zhihu.com/people/wang-fei-37-32
http://www.zhihu.com/people/zuolaohan
http://www.zhihu.com/people/ssstao
http://www.zhihu.com/people/bo-tong
http://www.zhihu.com/people/li-li-76
http://www.zhihu.com/people/yi-da-sen
http://www.zhihu.com/people/asdzheng
http://www.zhihu.com/people/hellow2000
http://www.zhihu.com/people/910316
http://www.zhihu.com/people/wu-qin-bei-68
http://www.zhihu.com/people/suugou
http://www.zhihu.com/people/lin-ai-24
http://www.zhihu.com/people/oliverliu
http://www.zhihu.com/people/blessyou
http://www.zhihu.com/people/jia-ming-65
http://www.zhihu.com/people/yuekun
http://www.zhihu.com/people/oldwolfnwf
http://www.zhihu.com/people/wangfang010
http://www.zhihu.com/people/feng-hong-liang
http://www.zhihu.com/people/qi-feng-61
http://www.zhihu.com/people/fang-liang
http://www.zhihu.com/people/xu-hong-lin
http://www.zhihu.com/people/terryzhang
http://www.zhihu.com/people/yang-di-an
http://www.zhihu.com/people/mochen
http://www.zhihu.com/people/win-lau
http://www.zhihu.com/people/zahetang
http://www.zhihu.com/people/luobi
http://www.zhihu.com/people/peng-xue-qi
http://www.zhihu.com/people/xieranmaya
http://www.zhihu.com/people/luo-huan-06
http://www.zhihu.com/people/feng-da-chen
http://www.zhihu.com/people/cai-ji-36
http://www.zhihu.com/people/ling-zai-lei
http://www.zhihu.com/people/ou-yang-dan
http://www.zhihu.com/people/netsos
http://www.zhihu.com/people/dai-bai
http://www.zhihu.com/people/zxc-64
http://www.zhihu.com/people/ding-shi-chuan
http://www.zhihu.com/people/she-yong
http://www.zhihu.com/people/zhang-jia-wei-72
http://www.zhihu.com/people/kong-xiao-xiong
http://www.zhihu.com/people/wang-qian-24-87
http://www.zhihu.com/people/benye
http://www.zhihu.com/people/wang-___-71
http://www.zhihu.com/people/wang-lin-47
http://www.zhihu.com/people/di-er
http://www.zhihu.com/people/li-qing-hua-42
http://www.zhihu.com/people/jia-pi-ren
http://www.zhihu.com/people/yu-gong-de
http://www.zhihu.com/people/zhou-xiao-qing-52
http://www.zhihu.com/people/luan-jun-yi
http://www.zhihu.com/people/ge-bing-63
http://www.zhihu.com/people/noel-lo
http://www.zhihu.com/people/lee-12-84
http://www.zhihu.com/people/nian-hua-re-cao
http://www.zhihu.com/people/jarod-zhang
http://www.zhihu.com/people/songyu-54
http://www.zhihu.com/people/peng-yu-wei
http://www.zhihu.com/people/sun-yang-57
http://www.zhihu.com/people/qiaoyan
http://www.zhihu.com/people/jing-xiang-zheng
http://www.zhihu.com/people/tyro
http://www.zhihu.com/people/roychou
http://www.zhihu.com/people/liulv85
http://www.zhihu.com/people/virgil
http://www.zhihu.com/people/zhou-ze-feng
http://www.zhihu.com/people/amy-zhang
http://www.zhihu.com/people/airwolf2026
http://www.zhihu.com/people/domire
http://www.zhihu.com/people/teng-jin-guang
http://www.zhihu.com/people/lijigang.com
http://www.zhihu.com/people/wu-chun-jin
http://www.zhihu.com/people/wanghyde
http://www.zhihu.com/people/li-you-19-65
http://www.zhihu.com/people/lin-yin-85
http://www.zhihu.com/people/zhang-xiu-cai
http://www.zhihu.com/people/wang-hao-1-11
http://www.zhihu.com/people/ceng-di-53
http://www.zhihu.com/people/chen-jin-gen
http://www.zhihu.com/people/zhangrongjie
http://www.zhihu.com/people/zhang-yong-hai-63
http://www.zhihu.com/people/Vincenty
http://www.zhihu.com/people/A3R2012
http://www.zhihu.com/people/mark919
http://www.zhihu.com/people/feelwinds
http://www.zhihu.com/people/yintao1990
http://www.zhihu.com/people/zhuang-chang-kuan
http://www.zhihu.com/people/gao-shuai-21
http://www.zhihu.com/people/kerry-96
http://www.zhihu.com/people/zhaigege
http://www.zhihu.com/people/du-xiao-wei-14
http://www.zhihu.com/people/sun-yan-jun
http://www.zhihu.com/people/jingshuai
http://www.zhihu.com/people/guozhen
http://www.zhihu.com/people/yang-yu-ting-98
http://www.zhihu.com/people/zheng-huan-50
http://www.zhihu.com/people/yao-xing-guang
http://www.zhihu.com/people/er-jun-jing
http://www.zhihu.com/people/liu-yong-heng-9
http://www.zhihu.com/people/chen-hao-86-48
http://www.zhihu.com/people/xie-fei-fei-50
http://www.zhihu.com/people/li-qing-fei-29
http://www.zhihu.com/people/jack_xu
http://www.zhihu.com/people/chen-xiao-xi-71
http://www.zhihu.com/people/shuaige
http://www.zhihu.com/people/killua-26
http://www.zhihu.com/people/zhonghairong
http://www.zhihu.com/people/yansucl
http://www.zhihu.com/people/liu-zhen-chuan-98
http://www.zhihu.com/people/lan-xiao-bai
http://www.zhihu.com/people/joshua-96
http://www.zhihu.com/people/song-li-li-27
http://www.zhihu.com/people/wang-ji-85
http://www.zhihu.com/people/xacmer
http://www.zhihu.com/people/fu-jia-qi
http://www.zhihu.com/people/zhao-hong-yi
http://www.zhihu.com/people/jiang-nan-64
http://www.zhihu.com/people/wang-ya-ping-92
http://www.zhihu.com/people/guang-qian-yuan
http://www.zhihu.com/people/vinciarts
http://www.zhihu.com/people/dai-ren-zhi
http://www.zhihu.com/people/lu-peng-wei
http://www.zhihu.com/people/lun-ba
http://www.zhihu.com/people/wang-qing-xiang
http://www.zhihu.com/people/wang-wen-bo-55
http://www.zhihu.com/people/leonpak
http://www.zhihu.com/people/ai-li-si
http://www.zhihu.com/people/ooFate
http://www.zhihu.com/people/yanghan
http://www.zhihu.com/people/chen-jin-96
http://www.zhihu.com/people/liu-xiang-long
http://www.zhihu.com/people/ma-qing-ming
http://www.zhihu.com/people/jinbin
http://www.zhihu.com/people/gnap
http://www.zhihu.com/people/ding-chao-128
http://www.zhihu.com/people/penny-x
http://www.zhihu.com/people/wang-jian-nan
http://www.zhihu.com/people/blackswan
http://www.zhihu.com/people/li-rui-16-21
http://www.zhihu.com/people/zhang-wen-lu-66
http://www.zhihu.com/people/a-white
http://www.zhihu.com/people/harvey-shen
http://www.zhihu.com/people/guo-shan-feng
http://www.zhihu.com/people/martin-bi
http://www.zhihu.com/people/liu-tao-44-15
http://www.zhihu.com/people/hetou
http://www.zhihu.com/people/jiu-mu-67
http://www.zhihu.com/people/karenliu
http://www.zhihu.com/people/lgravity
http://www.zhihu.com/people/zhang-dong-jian
http://www.zhihu.com/people/chi-lin
http://www.zhihu.com/people/c166
http://www.zhihu.com/people/erickchen
http://www.zhihu.com/people/ren-jing-yao
http://www.zhihu.com/people/nicolezhu
http://www.zhihu.com/people/yang-yixing
http://www.zhihu.com/people/a-kai-99
http://www.zhihu.com/people/VegasWang
http://www.zhihu.com/people/kang-kai
http://www.zhihu.com/people/seanlmm
http://www.zhihu.com/people/liang-___
http://www.zhihu.com/people/xu-yang-70
http://www.zhihu.com/people/chen-yang-17
http://www.zhihu.com/people/chang-kai-xin-85
http://www.zhihu.com/people/mazimin
http://www.zhihu.com/people/yu-tian-80-88
http://www.zhihu.com/people/fei-xiang-zhu
http://www.zhihu.com/people/dusonglovewuqi
http://www.zhihu.com/people/lindage
http://www.zhihu.com/people/zhao-qi-wei
http://www.zhihu.com/people/mashicong
http://www.zhihu.com/people/lovefcb
http://www.zhihu.com/people/livevol
http://www.zhihu.com/people/aotian
http://www.zhihu.com/people/su-qing-58
http://www.zhihu.com/people/ryan-42-5
http://www.zhihu.com/people/wu-heng-90
http://www.zhihu.com/people/chiu
http://www.zhihu.com/people/li-chao-93
http://www.zhihu.com/people/shi-ri
http://www.zhihu.com/people/wang-liang-rong
http://www.zhihu.com/people/gua-cang-cale
http://www.zhihu.com/people/gu-yiyigu
http://www.zhihu.com/people/zhenghuiwen
http://www.zhihu.com/people/wu-wei-96-47
http://www.zhihu.com/people/sun-bo-19
http://www.zhihu.com/people/cklover
http://www.zhihu.com/people/yanglin13
http://www.zhihu.com/people/li-zan-qiang
http://www.zhihu.com/people/puyun
http://www.zhihu.com/people/0001
http://www.zhihu.com/people/yu-ming-gu-wen-chen-tao
http://www.zhihu.com/people/yezhuo
http://www.zhihu.com/people/neaton
http://www.zhihu.com/people/liuya802
http://www.zhihu.com/people/qianjin
http://www.zhihu.com/people/chong
http://www.zhihu.com/people/tang-chen
http://www.zhihu.com/people/wind
http://www.zhihu.com/people/matt-86
http://www.zhihu.com/people/blue
http://www.zhihu.com/people/pillar
http://www.zhihu.com/people/pu-xu-dong
http://www.zhihu.com/people/gymitat
http://www.zhihu.com/people/xufeng
http://www.zhihu.com/people/shao
http://www.zhihu.com/people/mcbuder
http://www.zhihu.com/people/qusheng
http://www.zhihu.com/people/lubenyuan.com
http://www.zhihu.com/people/lixiangmin
http://www.zhihu.com/people/kwoh
http://www.zhihu.com/people/sun-xue-feng
http://www.zhihu.com/people/cooL
http://www.zhihu.com/people/tu-shuai
http://www.zhihu.com/people/qiu-hui
http://www.zhihu.com/people/zhangga
http://www.zhihu.com/people/cooerson
http://www.zhihu.com/people/zhang-ding
http://www.zhihu.com/people/keso
http://www.zhihu.com/people/jixin
http://www.zhihu.com/people/shijun
http://www.zhihu.com/people/whale
