http://www.zhihu.com/people/wei-xu-25
http://www.zhihu.com/people/he-zhong-yu-87
http://www.zhihu.com/people/gong-zheng-xuan
http://www.zhihu.com/people/liu-wei-lin-56
http://www.zhihu.com/people/qian-xue-jia
http://www.zhihu.com/people/hua-ying-6
http://www.zhihu.com/people/pang-luan-luan
http://www.zhihu.com/people/dan-nuo-71
http://www.zhihu.com/people/shang-long
http://www.zhihu.com/people/rayafjyblue
http://www.zhihu.com/people/deutsch-99
http://www.zhihu.com/people/lin-feng-57-71
http://www.zhihu.com/people/cao-yi-an
http://www.zhihu.com/people/luoyang
http://www.zhihu.com/people/db3100
http://www.zhihu.com/people/jiang-hai-tao-23
http://www.zhihu.com/people/jin-ke-42
http://www.zhihu.com/people/xin-yan-22
http://www.zhihu.com/people/Ningziyu95
http://www.zhihu.com/people/yvette-3
http://www.zhihu.com/people/ceng-niou
http://www.zhihu.com/people/xu-jian-xiong-73
http://www.zhihu.com/people/dolphin8534
http://www.zhihu.com/people/dan-ba-duo-jie
http://www.zhihu.com/people/hezudao313
http://www.zhihu.com/people/helongke
http://www.zhihu.com/people/huang-guan-si
http://www.zhihu.com/people/liuxiaoxiao
http://www.zhihu.com/people/qiu-xu-10
http://www.zhihu.com/people/paul-tung
http://www.zhihu.com/people/fang-zhen-guo
http://www.zhihu.com/people/avicihu
http://www.zhihu.com/people/he-xin-16
http://www.zhihu.com/people/liu-jing-tong-58
http://www.zhihu.com/people/zha-si-ting
http://www.zhihu.com/people/jin-cheng-tan
http://www.zhihu.com/people/liu-la-ma-32
http://www.zhihu.com/people/xun-yin-mi-guo-30
http://www.zhihu.com/people/mu-tou-60
http://www.zhihu.com/people/ender.viking
http://www.zhihu.com/people/tian-zi-22
http://www.zhihu.com/people/mu-zi-nan
http://www.zhihu.com/people/hua-jie-yu
http://www.zhihu.com/people/morgen
http://www.zhihu.com/people/Alexander-Shen
http://www.zhihu.com/people/meng-fan
http://www.zhihu.com/people/wendy-he
http://www.zhihu.com/people/shu-ji-tian
http://www.zhihu.com/people/luo-feng-50
http://www.zhihu.com/people/chen-su-san
http://www.zhihu.com/people/cha-er-si-hai-han
http://www.zhihu.com/people/lu-hai-dong
http://www.zhihu.com/people/slimbloody
http://www.zhihu.com/people/alexpoo
http://www.zhihu.com/people/ren-er-cheng
http://www.zhihu.com/people/xia-gan-lin
http://www.zhihu.com/people/yu-xiang-5-33
http://www.zhihu.com/people/sojournnyc
http://www.zhihu.com/people/wang-sheng-43-24
http://www.zhihu.com/people/peoplegxs
http://www.zhihu.com/people/fan-xin-yuan-80
http://www.zhihu.com/people/guoheng
http://www.zhihu.com/people/zhao-liang-35-3
http://www.zhihu.com/people/bu-fan-23
http://www.zhihu.com/people/yu-ge-71-45
http://www.zhihu.com/people/lu-jian-ping-62-88
http://www.zhihu.com/people/Mr.Y
http://www.zhihu.com/people/lin-wei-56
http://www.zhihu.com/people/bo-wen-49
http://www.zhihu.com/people/zhang-gong-35
http://www.zhihu.com/people/rui-ge-48
http://www.zhihu.com/people/chu-pei-rui
http://www.zhihu.com/people/miao-er-miao-er
http://www.zhihu.com/people/zhao-de-lin
http://www.zhihu.com/people/qian-cang-nan
http://www.zhihu.com/people/linearrr
http://www.zhihu.com/people/dan-dan-36-36
http://www.zhihu.com/people/lang-xiao-yang
http://www.zhihu.com/people/yunshu
http://www.zhihu.com/people/ray-guo-23
http://www.zhihu.com/people/felix-libero
http://www.zhihu.com/people/chen-si-98-82
http://www.zhihu.com/people/funphy
http://www.zhihu.com/people/halixiaoqiu
http://www.zhihu.com/people/li-xiang-85
http://www.zhihu.com/people/loVERA
http://www.zhihu.com/people/ma-da-sen
http://www.zhihu.com/people/cui-yang-15
http://www.zhihu.com/people/feng-er-14
http://www.zhihu.com/people/pu-lin-58
http://www.zhihu.com/people/li-yu-mei-hu
http://www.zhihu.com/people/niu-yu-60
http://www.zhihu.com/people/young-liu
http://www.zhihu.com/people/JamesHsia
http://www.zhihu.com/people/wang-feng-16
http://www.zhihu.com/people/shi-jia-zhuang-jian-sheng
http://www.zhihu.com/people/LeoWilliam
http://www.zhihu.com/people/haijiaxuan
http://www.zhihu.com/people/hua-yan-yang
http://www.zhihu.com/people/da-van
http://www.zhihu.com/people/wang-zhi-36-51
http://www.zhihu.com/people/an-yifang
http://www.zhihu.com/people/zheng-xin-68
http://www.zhihu.com/people/huang-yi-chen-94
http://www.zhihu.com/people/ou-ni-jiang
http://www.zhihu.com/people/lin-sir-64
http://www.zhihu.com/people/zhang-zi-qiang-36
http://www.zhihu.com/people/xixiyu038
http://www.zhihu.com/people/se7vins
http://www.zhihu.com/people/chentianze
http://www.zhihu.com/people/wang-yu-jie-63
http://www.zhihu.com/people/yang-zi-92
http://www.zhihu.com/people/zi-ming-14
http://www.zhihu.com/people/yang-zi-qi-60
http://www.zhihu.com/people/he-ruo-qiao
http://www.zhihu.com/people/lian-jian-60
http://www.zhihu.com/people/wang-chao-59
http://www.zhihu.com/people/zhou-xiao-xun-93
http://www.zhihu.com/people/xu-ya-qing-62
http://www.zhihu.com/people/xu-chen-8
http://www.zhihu.com/people/lao-lu-36
http://www.zhihu.com/people/chang-ge-96
http://www.zhihu.com/people/zhou-yu-mo
http://www.zhihu.com/people/wang-wen-han-Ted
http://www.zhihu.com/people/qu-zhi-36
http://www.zhihu.com/people/li-wei-shan-43
http://www.zhihu.com/people/dou-sha-31
http://www.zhihu.com/people/sunbasten
http://www.zhihu.com/people/zhang-wei-96-23
http://www.zhihu.com/people/eudaemonia
http://www.zhihu.com/people/xuan-yuan-lie-35
http://www.zhihu.com/people/zheng-quan-quan-63
http://www.zhihu.com/people/hussey-64
http://www.zhihu.com/people/alright-74
http://www.zhihu.com/people/yang-ding-101
http://www.zhihu.com/people/zhong-jiu-80
http://www.zhihu.com/people/chuan-kou-jiang
http://www.zhihu.com/people/manpak
http://www.zhihu.com/people/yintao1990
http://www.zhihu.com/people/pang-chao-16
http://www.zhihu.com/people/william-shaw
http://www.zhihu.com/people/KirkChang
http://www.zhihu.com/people/lemon-tsui
http://www.zhihu.com/people/ou-yang-27
http://www.zhihu.com/people/chen-jue-72
http://www.zhihu.com/people/wang-hong-ying-27
http://www.zhihu.com/people/meng-fan-bo-47
http://www.zhihu.com/people/snow9312
http://www.zhihu.com/people/li-guo-bao-43
http://www.zhihu.com/people/zheng-hu-li
http://www.zhihu.com/people/zeroyeung
http://www.zhihu.com/people/zou-qian-53
http://www.zhihu.com/people/deng-xian-sheng-57
http://www.zhihu.com/people/xu-yong-chang
http://www.zhihu.com/people/an-kang-75
http://www.zhihu.com/people/TedQ
http://www.zhihu.com/people/pan-chen-xi
http://www.zhihu.com/people/ji-li-21-35
http://www.zhihu.com/people/li-ping-fan-39
http://www.zhihu.com/people/meilihan
http://www.zhihu.com/people/never1994
http://www.zhihu.com/people/lin-jia-qi-79
http://www.zhihu.com/people/he-peng-fei-90
http://www.zhihu.com/people/sun-chen-1116
http://www.zhihu.com/people/mo-zhi-lin
http://www.zhihu.com/people/lett-scar-47
http://www.zhihu.com/people/cai-hua-22
http://www.zhihu.com/people/guan-ze-yi
http://www.zhihu.com/people/zheng-nai-gong
http://www.zhihu.com/people/cher-63
http://www.zhihu.com/people/heaven_000
http://www.zhihu.com/people/ying-feng
http://www.zhihu.com/people/fan-ye-86
http://www.zhihu.com/people/sun-shuo-46
http://www.zhihu.com/people/song-zhen-wei
http://www.zhihu.com/people/he-shi-yu-46
http://www.zhihu.com/people/canoe-35
http://www.zhihu.com/people/kingkongli
http://www.zhihu.com/people/shen-meng
http://www.zhihu.com/people/zhang-ji-li-mi
http://www.zhihu.com/people/hning
http://www.zhihu.com/people/yzcc
http://www.zhihu.com/people/chen-dong-dong-56
http://www.zhihu.com/people/bobye
http://www.zhihu.com/people/cedricsolar
http://www.zhihu.com/people/cui-nao-nao
http://www.zhihu.com/people/he-ran-48
http://www.zhihu.com/people/guo-jia-chen-67-64
http://www.zhihu.com/people/bai-zhu-shui-99
http://www.zhihu.com/people/nadia-32
http://www.zhihu.com/people/cao-xing-zhi
http://www.zhihu.com/people/liu-bai-44-78
http://www.zhihu.com/people/bao-you-li
http://www.zhihu.com/people/dong-dong-qiang-95
http://www.zhihu.com/people/mikalababy
http://www.zhihu.com/people/chen-ji-88
http://www.zhihu.com/people/heidfled
http://www.zhihu.com/people/shang-xiao-hua-69
http://www.zhihu.com/people/li-zhe-54-7
http://www.zhihu.com/people/san-san-wu
http://www.zhihu.com/people/lu-tong-tong
http://www.zhihu.com/people/yang-xiao-shi-83
http://www.zhihu.com/people/deng-lei-lei
http://www.zhihu.com/people/long-tan-49
http://www.zhihu.com/people/chang-ge-zi-3
http://www.zhihu.com/people/liu-ya-kun-1
http://www.zhihu.com/people/xia-zhen-46
http://www.zhihu.com/people/shan-kui-zhang
http://www.zhihu.com/people/jiang-hui-ying-15
http://www.zhihu.com/people/lin-y-71
http://www.zhihu.com/people/yang-yang-39-49
http://www.zhihu.com/people/jun-yi-14
http://www.zhihu.com/people/xiaojuan
http://www.zhihu.com/people/chen-zi-qi-29
http://www.zhihu.com/people/vie365
http://www.zhihu.com/people/tai-zai-yan
http://www.zhihu.com/people/su-xi-99
http://www.zhihu.com/people/li-di-52
http://www.zhihu.com/people/nan-yang-63
http://www.zhihu.com/people/vivianz
http://www.zhihu.com/people/toto-23
http://www.zhihu.com/people/li-shou-yin-89
http://www.zhihu.com/people/dan-feng-29
http://www.zhihu.com/people/li-fei-yang-75
http://www.zhihu.com/people/feversun
http://www.zhihu.com/people/shi-ke-48-30
http://www.zhihu.com/people/jiu-ru-63
http://www.zhihu.com/people/ning-meng-32
http://www.zhihu.com/people/qingyu-zhao
http://www.zhihu.com/people/feng-qing-yu-luo
http://www.zhihu.com/people/jia-jia-60
http://www.zhihu.com/people/lin-yu-peng
http://www.zhihu.com/people/yuenshan-cheung
http://www.zhihu.com/people/aimanong
http://www.zhihu.com/people/cai-wang-tian
http://www.zhihu.com/people/tao-tie-32
http://www.zhihu.com/people/zhong-ren-lei-35
http://www.zhihu.com/people/yang-xing-kai
http://www.zhihu.com/people/silu-lyu
http://www.zhihu.com/people/xingtao-shen
http://www.zhihu.com/people/wei-wei-18-46
http://www.zhihu.com/people/hu-qing-niu-46
http://www.zhihu.com/people/flowerish
http://www.zhihu.com/people/justcodeit
http://www.zhihu.com/people/huang-scott
http://www.zhihu.com/people/zheng-lei-59
http://www.zhihu.com/people/zhang-mei-80-24
http://www.zhihu.com/people/lin-zhao-wen-83
http://www.zhihu.com/people/ding-xiao-han-31
http://www.zhihu.com/people/zhang-xiao-guo-83
http://www.zhihu.com/people/eilif
http://www.zhihu.com/people/ywzgb
http://www.zhihu.com/people/songhy
http://www.zhihu.com/people/brian-bravo
http://www.zhihu.com/people/shawn-6
http://www.zhihu.com/people/vera-wei
http://www.zhihu.com/people/zec-5
http://www.zhihu.com/people/deng-han-lu-32
http://www.zhihu.com/people/zhangshijian
http://www.zhihu.com/people/samyhello
http://www.zhihu.com/people/yu-zhu-yi-xing
http://www.zhihu.com/people/hang-98
http://www.zhihu.com/people/neil-35-70
http://www.zhihu.com/people/bian-xuan-chen
http://www.zhihu.com/people/wang-rong-peng-14
http://www.zhihu.com/people/zhang-kai-rong
http://www.zhihu.com/people/liao-ying-ling
http://www.zhihu.com/people/shang-guan-jing-yu
http://www.zhihu.com/people/kashinging
http://www.zhihu.com/people/he-jingyu
http://www.zhihu.com/people/chenyitian1992
http://www.zhihu.com/people/xiao-lang-4-61
http://www.zhihu.com/people/huang-mou-8
http://www.zhihu.com/people/muffinq
http://www.zhihu.com/people/lu-zi-75
http://www.zhihu.com/people/chenzhu1
http://www.zhihu.com/people/cang-zhu-xie
http://www.zhihu.com/people/chen-xiao-qiang-52
http://www.zhihu.com/people/jaqea-shey
http://www.zhihu.com/people/jian-nuo-7
http://www.zhihu.com/people/feng-xiong-89
http://www.zhihu.com/people/vincent-wang-20
http://www.zhihu.com/people/jinzhu
http://www.zhihu.com/people/yin-qin-lin
http://www.zhihu.com/people/chengzhoukun
http://www.zhihu.com/people/xie-kai-yu
http://www.zhihu.com/people/yu-si-yu-66
http://www.zhihu.com/people/jia-jun-66
http://www.zhihu.com/people/li-wei-yan-35
http://www.zhihu.com/people/euan
http://www.zhihu.com/people/wan-pu
http://www.zhihu.com/people/chang-yi-22
http://www.zhihu.com/people/xian-zi-28-3
http://www.zhihu.com/people/6049
http://www.zhihu.com/people/zhao-wei-rs
http://www.zhihu.com/people/vincent-37-89
http://www.zhihu.com/people/zhong-rong-rong-51
http://www.zhihu.com/people/shi-min-min-86
http://www.zhihu.com/people/wei-yuan-zhe
http://www.zhihu.com/people/chen-fan-63
http://www.zhihu.com/people/laprily.X
http://www.zhihu.com/people/schumiq
http://www.zhihu.com/people/xu-xiao-tian-42
http://www.zhihu.com/people/biheye
http://www.zhihu.com/people/jerry-76
http://www.zhihu.com/people/liu-bai-lu-16
http://www.zhihu.com/people/xie-qiu-94
http://www.zhihu.com/people/liu-feng-ling-82
http://www.zhihu.com/people/zhang-lei-yang-47
http://www.zhihu.com/people/ferch
http://www.zhihu.com/people/tony-jang
http://www.zhihu.com/people/lu-fei-31-59
http://www.zhihu.com/people/la-la-ba-xi-lie
http://www.zhihu.com/people/dong-jia-bin
http://www.zhihu.com/people/mi-mao-73
http://www.zhihu.com/people/hui-da-shi
http://www.zhihu.com/people/Metamorphosis_Du
http://www.zhihu.com/people/shen-lan-hai
http://www.zhihu.com/people/kevin-love-42
http://www.zhihu.com/people/charleschan
http://www.zhihu.com/people/li-jian-hao-26
http://www.zhihu.com/people/cocorocha
http://www.zhihu.com/people/8hpencil
http://www.zhihu.com/people/zhu-yixin-42
http://www.zhihu.com/people/yu-run-xi
http://www.zhihu.com/people/abccafe
http://www.zhihu.com/people/wang-zhen-min
http://www.zhihu.com/people/niu-niu-6-1
http://www.zhihu.com/people/xia-tian-29-79
http://www.zhihu.com/people/yongshixiaomao
http://www.zhihu.com/people/curiozh
http://www.zhihu.com/people/dai-nora
http://www.zhihu.com/people/liang-tian-yu
http://www.zhihu.com/people/fang-yan-gui-lin
http://www.zhihu.com/people/zhang-yang-45-45
http://www.zhihu.com/people/lu-qia-er
http://www.zhihu.com/people/Mozhiyi
http://www.zhihu.com/people/huimingming
http://www.zhihu.com/people/zshengqi
http://www.zhihu.com/people/mo-shen-94
http://www.zhihu.com/people/n-emo
http://www.zhihu.com/people/gong-si-liang
http://www.zhihu.com/people/xu-bang-zheng
http://www.zhihu.com/people/tian-lu-yi
http://www.zhihu.com/people/chun-zhi-ting
http://www.zhihu.com/people/bicycling
http://www.zhihu.com/people/sun-wei-cheng
http://www.zhihu.com/people/yu-le-87-47
http://www.zhihu.com/people/baimo
http://www.zhihu.com/people/imajin
http://www.zhihu.com/people/qu-xiao-hou
http://www.zhihu.com/people/wang-meng-chang
http://www.zhihu.com/people/sunshead
http://www.zhihu.com/people/lu-gui-chen-26
http://www.zhihu.com/people/jason-ding-28
http://www.zhihu.com/people/peng-yu-winnie
http://www.zhihu.com/people/ma-san-jin-83
http://www.zhihu.com/people/chenran
http://www.zhihu.com/people/mo-zhi-ye
http://www.zhihu.com/people/angela-qong
http://www.zhihu.com/people/zyqmorefree
http://www.zhihu.com/people/zhang-xiang-sheng-32
http://www.zhihu.com/people/wu-shuang-66-93
http://www.zhihu.com/people/jeremy-53
http://www.zhihu.com/people/jiu-shi-yong-cha
http://www.zhihu.com/people/Wangyixie
http://www.zhihu.com/people/he-yi-fei-71
http://www.zhihu.com/people/zheng-fang-hu
http://www.zhihu.com/people/luo-jia-mo-xie
http://www.zhihu.com/people/mutuyu
http://www.zhihu.com/people/wang-ze-yu-51-59
http://www.zhihu.com/people/wei-yang-88
http://www.zhihu.com/people/yu-tou-tou-tou
http://www.zhihu.com/people/li-jin-yuan-53-18
http://www.zhihu.com/people/cai-tong
http://www.zhihu.com/people/chen-wen-yong-22
http://www.zhihu.com/people/liu-jing-xin-88
http://www.zhihu.com/people/li-ming-89-5
http://www.zhihu.com/people/yin-gao-jie
http://www.zhihu.com/people/sun-de-zhong-24
http://www.zhihu.com/people/xue-wa-qia
http://www.zhihu.com/people/yang-wei-wei-62
http://www.zhihu.com/people/ying-zai
http://www.zhihu.com/people/zhang-zi-yang-25-10
http://www.zhihu.com/people/marc-21
http://www.zhihu.com/people/he-xiao-fei-fei-fei
http://www.zhihu.com/people/woshiamiaojiang
http://www.zhihu.com/people/a-ze-23
http://www.zhihu.com/people/hom-zhong
http://www.zhihu.com/people/wanghaoran
http://www.zhihu.com/people/dong-wen-di
http://www.zhihu.com/people/peng-yi-dou
http://www.zhihu.com/people/yu-hui-feng-24
http://www.zhihu.com/people/chen-qi-cheng
http://www.zhihu.com/people/qi-xian-79
http://www.zhihu.com/people/c447279704
http://www.zhihu.com/people/Eski147
http://www.zhihu.com/people/li-xiao-lin-68
http://www.zhihu.com/people/yue-yi-he
http://www.zhihu.com/people/ying-ying-lau
http://www.zhihu.com/people/nyanzhang
http://www.zhihu.com/people/xi-lan-26
http://www.zhihu.com/people/xie-feng-17-98
http://www.zhihu.com/people/zhang-yi-chi-12
http://www.zhihu.com/people/tu-liao-liao
http://www.zhihu.com/people/yu-jia-73-47
http://www.zhihu.com/people/CathyWanqing
http://www.zhihu.com/people/long-bu-tiao
http://www.zhihu.com/people/bao-ying-28-56
http://www.zhihu.com/people/glacierlee
http://www.zhihu.com/people/li-an-hong-59
http://www.zhihu.com/people/li-jun-da-86
http://www.zhihu.com/people/ben-xiang-84
http://www.zhihu.com/people/huntershi
http://www.zhihu.com/people/windson-33
http://www.zhihu.com/people/wang-zhi-lin--
http://www.zhihu.com/people/hun-en-en-96
http://www.zhihu.com/people/shen-li-bo
http://www.zhihu.com/people/chen-da-tou-42-26
http://www.zhihu.com/people/wang-li-li-65
http://www.zhihu.com/people/zhang-kang-kang-56
http://www.zhihu.com/people/pwj1568
http://www.zhihu.com/people/taylor-chueng
http://www.zhihu.com/people/hu-di-57-16
http://www.zhihu.com/people/eva-wang-46
http://www.zhihu.com/people/kang-da-30
http://www.zhihu.com/people/zzy-lee
http://www.zhihu.com/people/guo-zi-jun-14
http://www.zhihu.com/people/gxyfish
http://www.zhihu.com/people/halfer53
http://www.zhihu.com/people/gao-jia-nan-8
http://www.zhihu.com/people/da-shu-ge-ge
http://www.zhihu.com/people/sun-yue-zhe
http://www.zhihu.com/people/ming-xiao-cheng-79
http://www.zhihu.com/people/tian-ye-61
http://www.zhihu.com/people/davi-d
http://www.zhihu.com/people/wei-te-23
http://www.zhihu.com/people/dong-ge-pi
http://www.zhihu.com/people/pi-nu-lu
http://www.zhihu.com/people/abcdeleteb
http://www.zhihu.com/people/fang-jia-ming-99
http://www.zhihu.com/people/zhang-zhuo-yue
http://www.zhihu.com/people/qianwen.young
http://www.zhihu.com/people/tang-bin-3-84
http://www.zhihu.com/people/annodomini
http://www.zhihu.com/people/dizhe
http://www.zhihu.com/people/mark-ge-45
http://www.zhihu.com/people/inkelz7
http://www.zhihu.com/people/qian-xi-25
http://www.zhihu.com/people/zhu-li-juan-5
http://www.zhihu.com/people/leaderweb
http://www.zhihu.com/people/ling-tian-81
http://www.zhihu.com/people/sun-xiu-yuan
http://www.zhihu.com/people/yang-ling-nan-leo-young
http://www.zhihu.com/people/wyf71459
http://www.zhihu.com/people/sister
http://www.zhihu.com/people/dai-wei-99
http://www.zhihu.com/people/hu-shou-bo
http://www.zhihu.com/people/ba-si-sheng-jiang
http://www.zhihu.com/people/xiaojie668329
http://www.zhihu.com/people/yushanren
http://www.zhihu.com/people/lu-shuang-1993
http://www.zhihu.com/people/BlueOcasr
http://www.zhihu.com/people/yilin-39
http://www.zhihu.com/people/mu-qing-23
http://www.zhihu.com/people/yumingyi
http://www.zhihu.com/people/young-young-2
http://www.zhihu.com/people/Maynie
http://www.zhihu.com/people/gao-you-mou
http://www.zhihu.com/people/ti-ta
http://www.zhihu.com/people/xiao-xiang-viola
http://www.zhihu.com/people/cai-xiao-gao
http://www.zhihu.com/people/fuwocheng
http://www.zhihu.com/people/vivinevaeh
http://www.zhihu.com/people/shi-kai-81
http://www.zhihu.com/people/cao-xiao-18
http://www.zhihu.com/people/zheng-zha-22
http://www.zhihu.com/people/99rin
http://www.zhihu.com/people/taloschen
http://www.zhihu.com/people/zhang-da-zhuo-70
http://www.zhihu.com/people/yi-zhong-wei
http://www.zhihu.com/people/wang-zu-73
http://www.zhihu.com/people/shuchengzhou
http://www.zhihu.com/people/guo-er-gu-niang
http://www.zhihu.com/people/suziqing
http://www.zhihu.com/people/huang-yao-peng
http://www.zhihu.com/people/zhang-da-bao-8-6
http://www.zhihu.com/people/huang-ming-liang
http://www.zhihu.com/people/lin-shi-yu-54
http://www.zhihu.com/people/yang-zhen-hai
http://www.zhihu.com/people/jun-ya
http://www.zhihu.com/people/allison-wei
http://www.zhihu.com/people/guo-rui-yuan-84
http://www.zhihu.com/people/liu-xu-jun-24
http://www.zhihu.com/people/xiao-ming-38
http://www.zhihu.com/people/sun-yu-hao
http://www.zhihu.com/people/yiruo-zhang
http://www.zhihu.com/people/yu-qin-61
http://www.zhihu.com/people/Jeffsun
http://www.zhihu.com/people/si-lei-lei
http://www.zhihu.com/people/riveryau
http://www.zhihu.com/people/luna-2013
http://www.zhihu.com/people/hu-yi-dong-79
http://www.zhihu.com/people/hydra-10
http://www.zhihu.com/people/li-ying-54-70
http://www.zhihu.com/people/gong-yichen
http://www.zhihu.com/people/marshall-34
http://www.zhihu.com/people/liyunliberty
http://www.zhihu.com/people/chuckwang94
http://www.zhihu.com/people/jin-xiao-nan
http://www.zhihu.com/people/jacy-su
http://www.zhihu.com/people/huangwang
http://www.zhihu.com/people/xiao-nai-niu-28
http://www.zhihu.com/people/ma-xiao-li-47
http://www.zhihu.com/people/yang-lisle
http://www.zhihu.com/people/eva-xu-25
http://www.zhihu.com/people/hiroluvmayday
http://www.zhihu.com/people/mila-zhu
http://www.zhihu.com/people/myqqhero
http://www.zhihu.com/people/jingqiaoqiao
http://www.zhihu.com/people/noahgu
http://www.zhihu.com/people/reed-yen
http://www.zhihu.com/people/catmiaomiaodolphin
http://www.zhihu.com/people/jin-yu-han-36
http://www.zhihu.com/people/ge-peng-cheng-97
http://www.zhihu.com/people/liu-hui-78-51
http://www.zhihu.com/people/xiao-jian-16
http://www.zhihu.com/people/zhangchen-86
http://www.zhihu.com/people/ding-ling-ling-29
http://www.zhihu.com/people/fridaHM
http://www.zhihu.com/people/liu-chang-38
http://www.zhihu.com/people/guo-liu-bai
http://www.zhihu.com/people/zephyr-66
http://www.zhihu.com/people/wangyonghaoabraham
http://www.zhihu.com/people/yang-xiao-yu-40-82
http://www.zhihu.com/people/qing-shu-63-15
http://www.zhihu.com/people/liu-yi-76-16-75
http://www.zhihu.com/people/zhang-tian-cheng-55
http://www.zhihu.com/people/dahuilang
http://www.zhihu.com/people/li-lu-yun
http://www.zhihu.com/people/zhu-hao-jie-97
http://www.zhihu.com/people/zhang-bo-67-32
http://www.zhihu.com/people/xiao-ji-71-53
http://www.zhihu.com/people/erein-yaung
http://www.zhihu.com/people/bao-ku-zi-huang
http://www.zhihu.com/people/suntf
http://www.zhihu.com/people/bingoboy
http://www.zhihu.com/people/lin-xiao-ning
http://www.zhihu.com/people/hou-qi-wen
http://www.zhihu.com/people/liang-de-jian
http://www.zhihu.com/people/luo-yu-8
http://www.zhihu.com/people/an-ling-yi
http://www.zhihu.com/people/li-run-ze-73
http://www.zhihu.com/people/cztchoice
http://www.zhihu.com/people/xue-jing-long
http://www.zhihu.com/people/chuangbo
http://www.zhihu.com/people/mingyi-5
http://www.zhihu.com/people/wang-ruo-yu-21
http://www.zhihu.com/people/xi-xu-fu-si-17
http://www.zhihu.com/people/li-li-31-33
http://www.zhihu.com/people/lau-musen
http://www.zhihu.com/people/ssyydd
http://www.zhihu.com/people/mengzhang
http://www.zhihu.com/people/wei-jun-yong
http://www.zhihu.com/people/amoucha
http://www.zhihu.com/people/chen-xu-fan-17
http://www.zhihu.com/people/feng-jun-yuan
http://www.zhihu.com/people/aspirinfox
http://www.zhihu.com/people/cang-mang-6
http://www.zhihu.com/people/li-hui-jie-10
http://www.zhihu.com/people/mei-ren-yao-skp
http://www.zhihu.com/people/zhang-yu-xuan-10
http://www.zhihu.com/people/mdrof
http://www.zhihu.com/people/chen-wa
http://www.zhihu.com/people/shengtudou
http://www.zhihu.com/people/huangchi
http://www.zhihu.com/people/calibre-chow
http://www.zhihu.com/people/chouthen
http://www.zhihu.com/people/cai-si-64
http://www.zhihu.com/people/ihuabing
http://www.zhihu.com/people/li-chou-yi
http://www.zhihu.com/people/xia-qi-la
http://www.zhihu.com/people/chen-ke-5
http://www.zhihu.com/people/rlex
http://www.zhihu.com/people/tang-xiong-fei
http://www.zhihu.com/people/po-wang-shen-you
http://www.zhihu.com/people/shi-yu-tong-xue
http://www.zhihu.com/people/zhang-yu-nie-68
http://www.zhihu.com/people/liu-ru-shi-44
http://www.zhihu.com/people/yu-gu-69
http://www.zhihu.com/people/zhou-jiu-61
http://www.zhihu.com/people/guo-xiao-63
http://www.zhihu.com/people/yu_mia
http://www.zhihu.com/people/li-lang
http://www.zhihu.com/people/hyacinth-45
http://www.zhihu.com/people/zheng-zhi-chao-8
http://www.zhihu.com/people/little-beast
http://www.zhihu.com/people/gui-bo-yang
http://www.zhihu.com/people/liang-kai-zhe-huo-49
http://www.zhihu.com/people/huang-xiao-mi-88
http://www.zhihu.com/people/ma-bo-ping
http://www.zhihu.com/people/retsnom
http://www.zhihu.com/people/xiong-xiang-88
http://www.zhihu.com/people/Ho_Beelzebu
http://www.zhihu.com/people/zhang-nicolas
http://www.zhihu.com/people/ethan-yang-33
http://www.zhihu.com/people/jysm
http://www.zhihu.com/people/a-bei-ban-leon
http://www.zhihu.com/people/li-mu-shu
http://www.zhihu.com/people/li-wyeth
http://www.zhihu.com/people/chen-jun-rong-25
http://www.zhihu.com/people/flyingrabbit
http://www.zhihu.com/people/yu-yang-41
http://www.zhihu.com/people/wengbin
http://www.zhihu.com/people/dylan-han
http://www.zhihu.com/people/yu-guang-tong-chen-99
http://www.zhihu.com/people/jing-chen-92
http://www.zhihu.com/people/wang-que-mu
http://www.zhihu.com/people/yin-yu-chen-26
http://www.zhihu.com/people/xiong-zhe-teng
http://www.zhihu.com/people/maphycs
http://www.zhihu.com/people/mou-yang-73
http://www.zhihu.com/people/terry-9
http://www.zhihu.com/people/gui-zhuo
http://www.zhihu.com/people/qian-lu-ze
http://www.zhihu.com/people/feng-lan-33
http://www.zhihu.com/people/sunxinmadao
http://www.zhihu.com/people/Radars-Capture
http://www.zhihu.com/people/wangfang
http://www.zhihu.com/people/ren-dong-hu
http://www.zhihu.com/people/zhang-___-chuan
http://www.zhihu.com/people/huangdingben
http://www.zhihu.com/people/zhang-yuan-97-63
http://www.zhihu.com/people/xiao-yan-jing-43
http://www.zhihu.com/people/ling-feng-42
http://www.zhihu.com/people/missrevolver
http://www.zhihu.com/people/kingwinbin
http://www.zhihu.com/people/miaomiaonuannuan
http://www.zhihu.com/people/JiangTianZheng
http://www.zhihu.com/people/ding-er-ding
http://www.zhihu.com/people/li-yue-cheng-42
http://www.zhihu.com/people/jiapu
http://www.zhihu.com/people/shu-yun-36
http://www.zhihu.com/people/ding-mo-cun
http://www.zhihu.com/people/lei-yu-hao
http://www.zhihu.com/people/qu-chong-dong
http://www.zhihu.com/people/CNOoo
http://www.zhihu.com/people/feng-ji-ji-2
http://www.zhihu.com/people/stan-wei
http://www.zhihu.com/people/net-neo
http://www.zhihu.com/people/chen-jia-lin-68
http://www.zhihu.com/people/ma-jiang-18
http://www.zhihu.com/people/zheng-tao-64
http://www.zhihu.com/people/chen-ke-bin-21
http://www.zhihu.com/people/wibile
http://www.zhihu.com/people/ericauditore
http://www.zhihu.com/people/zhang-dong-sheng-1
http://www.zhihu.com/people/liucs
http://www.zhihu.com/people/tcdona
http://www.zhihu.com/people/be-with-lele
http://www.zhihu.com/people/liuniandate
http://www.zhihu.com/people/yin-zhong-lin
http://www.zhihu.com/people/cao-nan-62
http://www.zhihu.com/people/setfree
http://www.zhihu.com/people/zhouyurui
http://www.zhihu.com/people/tian-yan-ze
http://www.zhihu.com/people/zou-peng-0127
http://www.zhihu.com/people/dizzarz
http://www.zhihu.com/people/zyx1st
http://www.zhihu.com/people/deletenehs
http://www.zhihu.com/people/keren-0117
http://www.zhihu.com/people/zhou-kai-43
http://www.zhihu.com/people/huang-jia-ren
http://www.zhihu.com/people/wang-yu-cheng-2
http://www.zhihu.com/people/jia-hou-zi
http://www.zhihu.com/people/zhang-shi-kui
http://www.zhihu.com/people/qiu-shan
http://www.zhihu.com/people/wang-yuan-66-5
http://www.zhihu.com/people/yaochenhao
http://www.zhihu.com/people/15.10
http://www.zhihu.com/people/liu-kun-peng
http://www.zhihu.com/people/zheng-ye-15
http://www.zhihu.com/people/yang-chun-17
http://www.zhihu.com/people/tan-xiao-yan-2
http://www.zhihu.com/people/hunterxmoon
http://www.zhihu.com/people/gao-jing-song-37
http://www.zhihu.com/people/zhu-du-xu
http://www.zhihu.com/people/zhou-zi-han-17
http://www.zhihu.com/people/chiang-cyrus
http://www.zhihu.com/people/limonzhou
http://www.zhihu.com/people/guren
http://www.zhihu.com/people/zhou-yi-72-70
http://www.zhihu.com/people/li-yong-3-33
http://www.zhihu.com/people/duan-qian-90
http://www.zhihu.com/people/liu-guo-qiang-69
http://www.zhihu.com/people/shi-teng-long
http://www.zhihu.com/people/gong-zi-xiao-bai-27
http://www.zhihu.com/people/zu-yi-6
http://www.zhihu.com/people/barretlee
http://www.zhihu.com/people/garagin
http://www.zhihu.com/people/dai-di-ni
http://www.zhihu.com/people/fisssss
http://www.zhihu.com/people/yang-hou-ze
http://www.zhihu.com/people/su-yin-55
http://www.zhihu.com/people/lang-mou-hi
http://www.zhihu.com/people/liuzongqi
http://www.zhihu.com/people/liu-mu-chen-59
http://www.zhihu.com/people/sillykiti
http://www.zhihu.com/people/liu-chao-4
http://www.zhihu.com/people/zhang-seng
http://www.zhihu.com/people/huang-jin-fa
http://www.zhihu.com/people/a-fei-52
http://www.zhihu.com/people/li-jiu-zhe
http://www.zhihu.com/people/zhang-jin-shuo-11
http://www.zhihu.com/people/cheng-xun-tao
http://www.zhihu.com/people/frankli-28
http://www.zhihu.com/people/mou-kang-ni
http://www.zhihu.com/people/cai-jia-xiong-72
http://www.zhihu.com/people/zhi-bi-er
http://www.zhihu.com/people/shuming-ge
http://www.zhihu.com/people/lee-ree
http://www.zhihu.com/people/zixiaxianzi
http://www.zhihu.com/people/zhu-wei-bin
http://www.zhihu.com/people/wingszero
http://www.zhihu.com/people/liu-si-si-84-56
http://www.zhihu.com/people/yangjie6020
http://www.zhihu.com/people/gao-cheng-han
http://www.zhihu.com/people/alvin-50
http://www.zhihu.com/people/sang-yifan
http://www.zhihu.com/people/liao-xiao-dang
http://www.zhihu.com/people/leetom
http://www.zhihu.com/people/meng-si-tong
http://www.zhihu.com/people/qian-shu-34
http://www.zhihu.com/people/zhang-zi-xian-4
http://www.zhihu.com/people/liu-tian-tian-35
http://www.zhihu.com/people/luo-kui-lin
http://www.zhihu.com/people/hou-ye-60
http://www.zhihu.com/people/lin-da-yuan-72
http://www.zhihu.com/people/rui-xiao-87
http://www.zhihu.com/people/xie-lu-47
http://www.zhihu.com/people/twofrogs
http://www.zhihu.com/people/sellsoda
http://www.zhihu.com/people/yang-ke-67
http://www.zhihu.com/people/EvaFlYs
http://www.zhihu.com/people/yang-yifan
http://www.zhihu.com/people/gavin-ni
http://www.zhihu.com/people/carolineling
http://www.zhihu.com/people/alexis-37-71
http://www.zhihu.com/people/gou-zi-yi
http://www.zhihu.com/people/aspirine-52
http://www.zhihu.com/people/danielchen1995
http://www.zhihu.com/people/jonson-fang
http://www.zhihu.com/people/tintuo
http://www.zhihu.com/people/chen-qi-3
http://www.zhihu.com/people/kissone
http://www.zhihu.com/people/sun-yong-48
http://www.zhihu.com/people/fallenpal
http://www.zhihu.com/people/rapid7
http://www.zhihu.com/people/udonmai
http://www.zhihu.com/people/liurx
http://www.zhihu.com/people/yuan-ming-17
http://www.zhihu.com/people/chingsang
http://www.zhihu.com/people/mongtuan
http://www.zhihu.com/people/fengzee-me
http://www.zhihu.com/people/xiao-meng-24
http://www.zhihu.com/people/da-weng
http://www.zhihu.com/people/charlie-choi
http://www.zhihu.com/people/hu-tian-yang
http://www.zhihu.com/people/nikkixie
http://www.zhihu.com/people/blenda-leung
http://www.zhihu.com/people/de-la-gong-ma-si-te
http://www.zhihu.com/people/ge-ge-74-87
http://www.zhihu.com/people/tcstar
http://www.zhihu.com/people/luo-zhou-bin
http://www.zhihu.com/people/zhang-wen-92-41
http://www.zhihu.com/people/chenn
http://www.zhihu.com/people/huang-xin-20-97
http://www.zhihu.com/people/zhang-feng-23-51
http://www.zhihu.com/people/cheng-cheng-70-50
http://www.zhihu.com/people/wang-ya-bing
http://www.zhihu.com/people/sleepingknight
http://www.zhihu.com/people/ohmyv
http://www.zhihu.com/people/elegant-85
http://www.zhihu.com/people/2375
http://www.zhihu.com/people/shen-xian
http://www.zhihu.com/people/wqfan
http://www.zhihu.com/people/yi-sen-8
http://www.zhihu.com/people/stong
http://www.zhihu.com/people/qdhei521
http://www.zhihu.com/people/zhang-jia-jing-20
http://www.zhihu.com/people/deng-xin-xian
http://www.zhihu.com/people/thxtin
http://www.zhihu.com/people/wang-xiao-xing-47
http://www.zhihu.com/people/bigbeard
http://www.zhihu.com/people/zhang-tianyi
http://www.zhihu.com/people/bai-mao-monica
http://www.zhihu.com/people/yijun-xie
http://www.zhihu.com/people/yutingnanxun
http://www.zhihu.com/people/laoqiao
http://www.zhihu.com/people/zhao-ze-ren-56
http://www.zhihu.com/people/kang-jia-rui
http://www.zhihu.com/people/wu-wen-kui
http://www.zhihu.com/people/lucybin
http://www.zhihu.com/people/keqi
http://www.zhihu.com/people/shi-lin-37
http://www.zhihu.com/people/veron
http://www.zhihu.com/people/jiang-zhen-hua-53
http://www.zhihu.com/people/florence-wu
http://www.zhihu.com/people/lengqingru
http://www.zhihu.com/people/philcn
http://www.zhihu.com/people/yi-lin515
http://www.zhihu.com/people/drinking-63
http://www.zhihu.com/people/ye-feng-lin
http://www.zhihu.com/people/mapengze
http://www.zhihu.com/people/lu-zhao-hui-93
http://www.zhihu.com/people/lintj
http://www.zhihu.com/people/junjiemao
http://www.zhihu.com/people/licht-81
http://www.zhihu.com/people/jennifer-wang-97
http://www.zhihu.com/people/jackjajack
http://www.zhihu.com/people/chen-yu-25
http://www.zhihu.com/people/huqiuxiangdadi
http://www.zhihu.com/people/she-zhao-zhuo
http://www.zhihu.com/people/bian-yi-bin
http://www.zhihu.com/people/tian-zi-xiao
http://www.zhihu.com/people/aaronsu
http://www.zhihu.com/people/liang-hai-xiang
http://www.zhihu.com/people/sentimental_animal
http://www.zhihu.com/people/wu-yue-43
http://www.zhihu.com/people/Xieyiyao
http://www.zhihu.com/people/jiahui-su
http://www.zhihu.com/people/jixiaoju
http://www.zhihu.com/people/jia-ming-zi-40
http://www.zhihu.com/people/wang-shuo-73-49
http://www.zhihu.com/people/wasabi-79
http://www.zhihu.com/people/qi-xiao-chen
http://www.zhihu.com/people/jiang-feng-yu-huo-dui-chou-mian
http://www.zhihu.com/people/mandymandy-wang
http://www.zhihu.com/people/xu-jing-21
http://www.zhihu.com/people/suki531
http://www.zhihu.com/people/baigege
http://www.zhihu.com/people/li-da-li-58
http://www.zhihu.com/people/tan-yin-10
http://www.zhihu.com/people/hong-qian
http://www.zhihu.com/people/lu-kun-49
http://www.zhihu.com/people/baiyusheng
http://www.zhihu.com/people/wang-yi-xiang
http://www.zhihu.com/people/chen-nuo-64
http://www.zhihu.com/people/lvsedanongchang
http://www.zhihu.com/people/wang-yin-lue
http://www.zhihu.com/people/hu-ling-huan
http://www.zhihu.com/people/daisy-wang-27
http://www.zhihu.com/people/GuLynda
http://www.zhihu.com/people/parischen
http://www.zhihu.com/people/chen-jia-jie-28
http://www.zhihu.com/people/miniiii
http://www.zhihu.com/people/yining93
http://www.zhihu.com/people/joshua-96
http://www.zhihu.com/people/liang-tian-fu
http://www.zhihu.com/people/liu-ba-dao
http://www.zhihu.com/people/XXXCLX
http://www.zhihu.com/people/wang-ming-94-81
http://www.zhihu.com/people/liziming_simon
http://www.zhihu.com/people/curiosity
