http://www.zhihu.com/people/____
http://www.zhihu.com/people/jonson-fang
http://www.zhihu.com/people/evelyn-cherise
http://www.zhihu.com/people/lu-ming-yin-7
http://www.zhihu.com/people/xi-gua-54
http://www.zhihu.com/people/ding-tao-30
http://www.zhihu.com/people/ying-49
http://www.zhihu.com/people/lei-wei-92
http://www.zhihu.com/people/feng-xiao-bo-93
http://www.zhihu.com/people/zhuang-xiao-meng
http://www.zhihu.com/people/buhaoqiao
http://www.zhihu.com/people/wang-tao-74-74
http://www.zhihu.com/people/cang-zhu-xie
http://www.zhihu.com/people/andrea-lighting
http://www.zhihu.com/people/chen-xiao-yang-58-21
http://www.zhihu.com/people/stupident
http://www.zhihu.com/people/avicihu
http://www.zhihu.com/people/you-yu-zhong-nan
http://www.zhihu.com/people/duanwenming
http://www.zhihu.com/people/ling-bo
http://www.zhihu.com/people/liu-di-91
http://www.zhihu.com/people/kinoooooo
http://www.zhihu.com/people/li-xu-yi
http://www.zhihu.com/people/zzuieliyaoli
http://www.zhihu.com/people/xiao-nan-65-85
http://www.zhihu.com/people/liuzongqi
http://www.zhihu.com/people/wang-leran
http://www.zhihu.com/people/wayne-tong
http://www.zhihu.com/people/mai-ge-52
http://www.zhihu.com/people/ban-qiao-yi-smoke
http://www.zhihu.com/people/wang-zi-teng-lantkin
http://www.zhihu.com/people/xiao-shan-78-50
http://www.zhihu.com/people/huang-xiao-mi-88
http://www.zhihu.com/people/cao-tian-que
http://www.zhihu.com/people/lin-lin-89-79-4
http://www.zhihu.com/people/pu-lin-58
http://www.zhihu.com/people/chinamaxli
http://www.zhihu.com/people/li-ji-bing-6
http://www.zhihu.com/people/jessie-peng-75
http://www.zhihu.com/people/wei-piao
http://www.zhihu.com/people/wendy-wang-4
http://www.zhihu.com/people/soha
http://www.zhihu.com/people/gao-yu-cong
http://www.zhihu.com/people/idiot-32
http://www.zhihu.com/people/menglinhuang
http://www.zhihu.com/people/jiao-sha-ye
http://www.zhihu.com/people/mu-mu-87-98-18
http://www.zhihu.com/people/phos
http://www.zhihu.com/people/zhang-jing-88-76
http://www.zhihu.com/people/hu-hu-54-30
http://www.zhihu.com/people/xiao-chu
http://www.zhihu.com/people/luoxiaoju
http://www.zhihu.com/people/kkkkkira
http://www.zhihu.com/people/zhen-ni-53
http://www.zhihu.com/people/tao-yuan-yuan-38
http://www.zhihu.com/people/spencer-song-6
http://www.zhihu.com/people/mo-ran-72
http://www.zhihu.com/people/khowarizmi
http://www.zhihu.com/people/hai-mian-25
http://www.zhihu.com/people/miao-li-yang
http://www.zhihu.com/people/wei-mao-zeng
http://www.zhihu.com/people/wei-yuan-zhe
http://www.zhihu.com/people/lin-sir-64
http://www.zhihu.com/people/huang-zi-jin-48
http://www.zhihu.com/people/zhang-hai-bin-23
http://www.zhihu.com/people/liu-ze-18-75
http://www.zhihu.com/people/lin-xiao-cha-68
http://www.zhihu.com/people/ding-ding-84-86
http://www.zhihu.com/people/xie-yi-feng-87
http://www.zhihu.com/people/li-li-chi
http://www.zhihu.com/people/tcstar
http://www.zhihu.com/people/Metamorphosis_Du
http://www.zhihu.com/people/lukawwa
http://www.zhihu.com/people/ma-shuang-xi
http://www.zhihu.com/people/yuan-you-tao-25
http://www.zhihu.com/people/xian-zi-28-3
http://www.zhihu.com/people/schumiq
http://www.zhihu.com/people/cheung-tim
http://www.zhihu.com/people/ding
http://www.zhihu.com/people/zhang-ling-kang
http://www.zhihu.com/people/niu-ji-ye
http://www.zhihu.com/people/zhang-da-na-44
http://www.zhihu.com/people/duanduan520
http://www.zhihu.com/people/bigpanda
http://www.zhihu.com/people/liu-xin-ran-79
http://www.zhihu.com/people/langzhasq
http://www.zhihu.com/people/qian-jing-wei
http://www.zhihu.com/people/chen-xi-nian-46
http://www.zhihu.com/people/lin-xiao-62-15
http://www.zhihu.com/people/rush
http://www.zhihu.com/people/guo-hua-qiao
http://www.zhihu.com/people/wang-wei-79-70
http://www.zhihu.com/people/yin-xiao-yu-6
http://www.zhihu.com/people/xie-wei-you
http://www.zhihu.com/people/huang-zhi-jie-885
http://www.zhihu.com/people/xiaowen-yang-61
http://www.zhihu.com/people/zhihuwh
http://www.zhihu.com/people/mou-kang-ni
http://www.zhihu.com/people/wicket-gate
http://www.zhihu.com/people/fang-wen-32
http://www.zhihu.com/people/yu-shi-52
http://www.zhihu.com/people/khaki-29
http://www.zhihu.com/people/yao
http://www.zhihu.com/people/forrest-12
http://www.zhihu.com/people/ma-ya-93
http://www.zhihu.com/people/yin-qin-lin
http://www.zhihu.com/people/xi-xi-42-7
http://www.zhihu.com/people/chen-zi-hao-95
http://www.zhihu.com/people/hao-zi-xu
http://www.zhihu.com/people/danielwu89
http://www.zhihu.com/people/pan-shi-yun
http://www.zhihu.com/people/wujinzhi
http://www.zhihu.com/people/yan-ran-55
http://www.zhihu.com/people/kevinzoro
http://www.zhihu.com/people/liu-xiao-yang-86
http://www.zhihu.com/people/lu-zi-75
http://www.zhihu.com/people/tata507
http://www.zhihu.com/people/dong-su-hao
http://www.zhihu.com/people/jiangqinyi
http://www.zhihu.com/people/wu-zhen-13
http://www.zhihu.com/people/fan-xiao-fan-63-75
http://www.zhihu.com/people/long-bu-tiao
http://www.zhihu.com/people/zhang-nic-86
http://www.zhihu.com/people/qiang-wen-95
http://www.zhihu.com/people/leeelie-woo
http://www.zhihu.com/people/zhang-yiyi-69
http://www.zhihu.com/people/bang-xiao-hao
http://www.zhihu.com/people/yang-su-wen
http://www.zhihu.com/people/hui-zi-51
http://www.zhihu.com/people/li-xing-78
http://www.zhihu.com/people/yongkang-49
http://www.zhihu.com/people/anson-young
http://www.zhihu.com/people/gao-ruo-yan-50
http://www.zhihu.com/people/joybeh
http://www.zhihu.com/people/yandeng
http://www.zhihu.com/people/alonso-68
http://www.zhihu.com/people/xu-zhou-32-54
http://www.zhihu.com/people/yang-lisle
http://www.zhihu.com/people/dungkhag
http://www.zhihu.com/people/li-xiao-jia-21
http://www.zhihu.com/people/wei-zhi-35
http://www.zhihu.com/people/yue-yi-he
http://www.zhihu.com/people/bi-peng
http://www.zhihu.com/people/ada-wang-24
http://www.zhihu.com/people/wen-da-ya-55
http://www.zhihu.com/people/ri-ye-qian-chi
http://www.zhihu.com/people/he-yuan-sheng
http://www.zhihu.com/people/jia-nan-36
http://www.zhihu.com/people/zhang-yi-fan-48
http://www.zhihu.com/people/xiao-xiang-viola
http://www.zhihu.com/people/yuan-xiao-mei
http://www.zhihu.com/people/penny-dong
http://www.zhihu.com/people/ya-li-ou-si-ma-ke-lei-yin
http://www.zhihu.com/people/li-bo-yu-85
http://www.zhihu.com/people/florence-3
http://www.zhihu.com/people/liugaoshan
http://www.zhihu.com/people/gong-zi-xiao-bai-27
http://www.zhihu.com/people/su-yun
http://www.zhihu.com/people/duan-cheng-jia
http://www.zhihu.com/people/he-zhi-40
http://www.zhihu.com/people/guxizhao
http://www.zhihu.com/people/dai-xiao-lan
http://www.zhihu.com/people/cao-hui-jun
http://www.zhihu.com/people/possibilities
http://www.zhihu.com/people/chen-wei-40-40
http://www.zhihu.com/people/guo-guo-99-90
http://www.zhihu.com/people/liu-zhi-da
http://www.zhihu.com/people/jiang-hai-tao-23
http://www.zhihu.com/people/megan-ma
http://www.zhihu.com/people/yan-lun-67
http://www.zhihu.com/people/zhu-ge-chen-yi
http://www.zhihu.com/people/huang-kang-zhu
http://www.zhihu.com/people/zhu-yi-ge
http://www.zhihu.com/people/reese717
http://www.zhihu.com/people/ding-er-ding
http://www.zhihu.com/people/yang-yang-69-37
http://www.zhihu.com/people/they
http://www.zhihu.com/people/chen-zhong-yi-16
http://www.zhihu.com/people/chenran
http://www.zhihu.com/people/li-yun-yun-76
http://www.zhihu.com/people/su-ke-qian
http://www.zhihu.com/people/wang-hu-ya
http://www.zhihu.com/people/shi-zi-yue-48
http://www.zhihu.com/people/chen-tong-22-19
http://www.zhihu.com/people/chu-tian-shu-9
http://www.zhihu.com/people/li-da-ye-19
http://www.zhihu.com/people/huang-yang-97-15
http://www.zhihu.com/people/hei-qia-pu-li-ao
http://www.zhihu.com/people/zhenghaorocks
http://www.zhihu.com/people/jiang-xiao-xiao-6
http://www.zhihu.com/people/xiang-dang-dang-47
http://www.zhihu.com/people/blenda-leung
http://www.zhihu.com/people/jiayizhen
http://www.zhihu.com/people/wang-windy
http://www.zhihu.com/people/wang-wen-ping-27
http://www.zhihu.com/people/pao-pao
http://www.zhihu.com/people/yongshixiaomao
http://www.zhihu.com/people/fu-ban
http://www.zhihu.com/people/li-shou-yin-89
http://www.zhihu.com/people/lu-gui-chen-26
http://www.zhihu.com/people/hudanqi
http://www.zhihu.com/people/daisydeng-93
http://www.zhihu.com/people/WymanY
http://www.zhihu.com/people/florence-wu
http://www.zhihu.com/people/tian-da-feng
http://www.zhihu.com/people/qian-mian
http://www.zhihu.com/people/zhou-jin-27-67
http://www.zhihu.com/people/mu-yang-ren
http://www.zhihu.com/people/yuan-cheng-bo
http://www.zhihu.com/people/kuai_yu
http://www.zhihu.com/people/luckeeee
http://www.zhihu.com/people/liuniandate
http://www.zhihu.com/people/shabingxuan
http://www.zhihu.com/people/fabio
http://www.zhihu.com/people/carrie-is-on
http://www.zhihu.com/people/qiu-yi-yun
http://www.zhihu.com/people/sun-lin-9
http://www.zhihu.com/people/xiaozi
http://www.zhihu.com/people/yining_inei
http://www.zhihu.com/people/bei-ming-you-yu
http://www.zhihu.com/people/albertfengli
http://www.zhihu.com/people/lin-yin-feng
http://www.zhihu.com/people/zhu-yu-han-6
http://www.zhihu.com/people/000088
http://www.zhihu.com/people/tangjingxin
http://www.zhihu.com/people/bai-ye-48
http://www.zhihu.com/people/jasnon
http://www.zhihu.com/people/wolf_wu
http://www.zhihu.com/people/santiago
http://www.zhihu.com/people/ron-young-94
http://www.zhihu.com/people/cheng-wei
http://www.zhihu.com/people/llq6072
http://www.zhihu.com/people/lyndonneu
http://www.zhihu.com/people/zuo-han-26
http://www.zhihu.com/people/fang-fang-er
http://www.zhihu.com/people/zhang-zi-qiang-36
http://www.zhihu.com/people/be-with-lele
http://www.zhihu.com/people/cheng-ling-jian
http://www.zhihu.com/people/li-zhen-huan-66
http://www.zhihu.com/people/xu-xiao-ye-53
http://www.zhihu.com/people/tencrance
http://www.zhihu.com/people/zhu-mo-27
http://www.zhihu.com/people/zhong-ye-zi-49
http://www.zhihu.com/people/longyinleung
http://www.zhihu.com/people/liu-zhao-jian
http://www.zhihu.com/people/he-kai-52
http://www.zhihu.com/people/wu-da-lang
http://www.zhihu.com/people/liu-ding-67
http://www.zhihu.com/people/vahva
http://www.zhihu.com/people/peach
http://www.zhihu.com/people/dhfl
http://www.zhihu.com/people/liu-kai-luo-cairo
http://www.zhihu.com/people/zhouyuan
http://www.zhihu.com/people/mao-mao-54-54
http://www.zhihu.com/people/dreaming-78
http://www.zhihu.com/people/vian-li
http://www.zhihu.com/people/lin-lin-98-23
http://www.zhihu.com/people/liu-yi-cheng-13
http://www.zhihu.com/people/elfmedy
http://www.zhihu.com/people/stephen-cheng
http://www.zhihu.com/people/cranew
http://www.zhihu.com/people/li-qing-hua-44
http://www.zhihu.com/people/li-ying-54-70
http://www.zhihu.com/people/stopcoward
http://www.zhihu.com/people/feng-jun-yuan
http://www.zhihu.com/people/vieplivee
http://www.zhihu.com/people/dong-zi-hui
http://www.zhihu.com/people/summer
http://www.zhihu.com/people/yang-yang-35-30
http://www.zhihu.com/people/pydison
http://www.zhihu.com/people/frankie-l
http://www.zhihu.com/people/mengxian
http://www.zhihu.com/people/seantan-3
http://www.zhihu.com/people/whamaya
http://www.zhihu.com/people/sky-fall
http://www.zhihu.com/people/wang-cheng-wei-86
http://www.zhihu.com/people/deng-yuan-66
http://www.zhihu.com/people/liuxinzheng
http://www.zhihu.com/people/tu-tu-13
http://www.zhihu.com/people/susus
http://www.zhihu.com/people/ceciliacat
http://www.zhihu.com/people/watermelondamon
http://www.zhihu.com/people/zhu-zheng
http://www.zhihu.com/people/PeterDeng
http://www.zhihu.com/people/han-de-sheng
http://www.zhihu.com/people/wang-wen-ping
http://www.zhihu.com/people/techoxygen
http://www.zhihu.com/people/leiqinbang
http://www.zhihu.com/people/umifam
http://www.zhihu.com/people/wang-zi-xiang
http://www.zhihu.com/people/caramelgrace
http://www.zhihu.com/people/wang-er-1
http://www.zhihu.com/people/ruan-bei-qia
http://www.zhihu.com/people/gao-ya-xin
http://www.zhihu.com/people/jixin
http://www.zhihu.com/people/yue-dong-xu
http://www.zhihu.com/people/er-dian-ling
http://www.zhihu.com/people/jin-xiao-nan
http://www.zhihu.com/people/waynezhang
http://www.zhihu.com/people/rui-jiu-jiu
http://www.zhihu.com/people/WellBoy
http://www.zhihu.com/people/raymond-wang
http://www.zhihu.com/people/jiang-da-pang
http://www.zhihu.com/people/ong-mysti
http://www.zhihu.com/people/sofia-liu
http://www.zhihu.com/people/yushuo
http://www.zhihu.com/people/xiao-jian-ren-71
http://www.zhihu.com/people/fu-miao-rong
http://www.zhihu.com/people/xuzhihong
http://www.zhihu.com/people/almondmilk
http://www.zhihu.com/people/zhibinchen
http://www.zhihu.com/people/shuoliu
http://www.zhihu.com/people/yuyuliang
http://www.zhihu.com/people/zhao-xiao-meng
http://www.zhihu.com/people/Marshallpku
http://www.zhihu.com/people/missskye
http://www.zhihu.com/people/junjiemao
http://www.zhihu.com/people/gao-qing-yan
http://www.zhihu.com/people/yu.dan
http://www.zhihu.com/people/zeaker
http://www.zhihu.com/people/liu-hai-bo-99-41
http://www.zhihu.com/people/iyucci
http://www.zhihu.com/people/0479
http://www.zhihu.com/people/wang-wen-bo-55
http://www.zhihu.com/people/magie
http://www.zhihu.com/people/misink
http://www.zhihu.com/people/yang-cong-quan-man-tou
http://www.zhihu.com/people/shuangye
http://www.zhihu.com/people/judyzhang-ji-si
http://www.zhihu.com/people/louisecheng
