http://www.zhihu.com/people/cai-dong-63
http://www.zhihu.com/people/neo-zhu
http://www.zhihu.com/people/zhong-zhong-zhong
http://www.zhihu.com/people/zhang-1024
http://www.zhihu.com/people/zhao-xiao-she
http://www.zhihu.com/people/ygq321
http://www.zhihu.com/people/jin-ke-65
http://www.zhihu.com/people/zhan-bo-wen-42
http://www.zhihu.com/people/hong-shi-huan-78
http://www.zhihu.com/people/jiesu
http://www.zhihu.com/people/yang-yang-46-59
http://www.zhihu.com/people/wty-76-48
http://www.zhihu.com/people/yang-guang-11-55
http://www.zhihu.com/people/lu-xiao-90
http://www.zhihu.com/people/kevin-21-5
http://www.zhihu.com/people/huang-jian-wen-75
http://www.zhihu.com/people/tsui
http://www.zhihu.com/people/daqiwancheng
http://www.zhihu.com/people/zhang-lei-12-60
http://www.zhihu.com/people/coderfox
http://www.zhihu.com/people/huang-shao-ji
http://www.zhihu.com/people/jiao-en-wei
http://www.zhihu.com/people/zhao-zi-ye-63
http://www.zhihu.com/people/yue-luo-90
http://www.zhihu.com/people/chen-luo-43-1
http://www.zhihu.com/people/liujing
http://www.zhihu.com/people/chu-pei-rui
http://www.zhihu.com/people/zhou-zhi-yuan-56
http://www.zhihu.com/people/zheng-bin-52-74
http://www.zhihu.com/people/yeswjh
http://www.zhihu.com/people/wang-zhe-58
http://www.zhihu.com/people/ping-61
http://www.zhihu.com/people/leng-xiao-fei
http://www.zhihu.com/people/yin-sang
http://www.zhihu.com/people/li-ying-87
http://www.zhihu.com/people/an-kang-75
http://www.zhihu.com/people/han-zong-fang-fang
http://www.zhihu.com/people/xuan-zang-bu-shi-tang-seng
http://www.zhihu.com/people/baorenjun
http://www.zhihu.com/people/mao-shu-86
http://www.zhihu.com/people/qian-liang-40
http://www.zhihu.com/people/wang-jing-yang-94
http://www.zhihu.com/people/JohnsonJohnson
http://www.zhihu.com/people/chen-an-sheng-92
http://www.zhihu.com/people/yang-tao-83-64
http://www.zhihu.com/people/reasinwong
http://www.zhihu.com/people/mr_do
http://www.zhihu.com/people/zhang-ding-chen-52
http://www.zhihu.com/people/gui-sheng-74
http://www.zhihu.com/people/wang-feng-yu-11
http://www.zhihu.com/people/yangsongdesign
http://www.zhihu.com/people/sangxiamu
http://www.zhihu.com/people/wan-pu
http://www.zhihu.com/people/qinyiyu
http://www.zhihu.com/people/wang-mo-91
http://www.zhihu.com/people/ashej
http://www.zhihu.com/people/li-zheng-16-26
http://www.zhihu.com/people/jason-ding-28
http://www.zhihu.com/people/mr-cc
http://www.zhihu.com/people/xu-xiao-tian-42
http://www.zhihu.com/people/a-chu-13
http://www.zhihu.com/people/zhang-ying-bo-3
http://www.zhihu.com/people/tingting-shieh
http://www.zhihu.com/people/zhang-ruofan-refine
http://www.zhihu.com/people/liu-yu-71-27
http://www.zhihu.com/people/yu-si-yue-65
http://www.zhihu.com/people/liu-dong-shan-19
http://www.zhihu.com/people/Akagi201
http://www.zhihu.com/people/tianyu123
http://www.zhihu.com/people/zhao-xiao-yu-28
http://www.zhihu.com/people/jiang-yi-fei-25
http://www.zhihu.com/people/yin-ming-38
http://www.zhihu.com/people/swimgreen
http://www.zhihu.com/people/draco-leo
http://www.zhihu.com/people/zheng-si-yao-48
http://www.zhihu.com/people/heaven_000
http://www.zhihu.com/people/fang-qian-qian
http://www.zhihu.com/people/bloomsbury
http://www.zhihu.com/people/p36288
http://www.zhihu.com/people/zhang-xiao-dong-97-75
http://www.zhihu.com/people/_zhao_xu_
http://www.zhihu.com/people/lei-ming-shi
http://www.zhihu.com/people/boyarayophthal
http://www.zhihu.com/people/xuexiaozhe
http://www.zhihu.com/people/liu-ruo-ji
http://www.zhihu.com/people/zan-zhao-yang
http://www.zhihu.com/people/eyonfresh
http://www.zhihu.com/people/zhao-shi-nu-wang
http://www.zhihu.com/people/su-mou-chen
http://www.zhihu.com/people/shen-lan-hai
http://www.zhihu.com/people/brian-bravo
http://www.zhihu.com/people/lei-xiao-tao
http://www.zhihu.com/people/xiao-chu
http://www.zhihu.com/people/he-ji-chong
http://www.zhihu.com/people/tang-tian-ren
http://www.zhihu.com/people/sanghai89110224
http://www.zhihu.com/people/ou-yong-yong
http://www.zhihu.com/people/lin-xin-hao-40
http://www.zhihu.com/people/zhang-peng-ju
http://www.zhihu.com/people/song-chun-liang-67
http://www.zhihu.com/people/wang-ting-ting-28-65
http://www.zhihu.com/people/jasonxu-86
http://www.zhihu.com/people/ren-er-cheng
http://www.zhihu.com/people/wu-suo-wei-31-94
http://www.zhihu.com/people/fang-liang-76
http://www.zhihu.com/people/jianjiaodexiaolu
http://www.zhihu.com/people/wangchenxiao
http://www.zhihu.com/people/shi-rui-89
http://www.zhihu.com/people/wolf_wu
http://www.zhihu.com/people/huobazi
http://www.zhihu.com/people/yan-da-hai-919
http://www.zhihu.com/people/deng-xian-sheng-57
http://www.zhihu.com/people/cheng-jia-peng
http://www.zhihu.com/people/li-xu-chu-85
http://www.zhihu.com/people/ma-nan-gua
http://www.zhihu.com/people/kafka-63
http://www.zhihu.com/people/ma-ying-long-64
http://www.zhihu.com/people/zhu-cong-shu
http://www.zhihu.com/people/han-yan-hui
http://www.zhihu.com/people/sun-liang-29
http://www.zhihu.com/people/dectinc
http://www.zhihu.com/people/huang-ruo-lan-95
http://www.zhihu.com/people/wang-yan-bo-91
http://www.zhihu.com/people/shang-guan-wen-shang
http://www.zhihu.com/people/changdi
http://www.zhihu.com/people/tang-rong-xuan
http://www.zhihu.com/people/huang-wei-12-62
http://www.zhihu.com/people/li-sen-39
http://www.zhihu.com/people/shi-hong-46
http://www.zhihu.com/people/na-nian-de-qing-shu
http://www.zhihu.com/people/kinglon
http://www.zhihu.com/people/dong-jia-bin
http://www.zhihu.com/people/noise
http://www.zhihu.com/people/wolfxl
http://www.zhihu.com/people/sionzone
http://www.zhihu.com/people/sisyphose
http://www.zhihu.com/people/imajin
http://www.zhihu.com/people/ray-guo-23
http://www.zhihu.com/people/jk631233
http://www.zhihu.com/people/john-luo
http://www.zhihu.com/people/rahcel-sun
http://www.zhihu.com/people/wang-feng-85-24
http://www.zhihu.com/people/yuan-meng-xi
http://www.zhihu.com/people/chuchu-chu
http://www.zhihu.com/people/fang-yu-31
http://www.zhihu.com/people/qian-qian-jun-zi-81
http://www.zhihu.com/people/wangtiancheng
http://www.zhihu.com/people/junsjourney
http://www.zhihu.com/people/zhang-mei-hua
http://www.zhihu.com/people/zhou-gang-64
http://www.zhihu.com/people/xu-si-yu-74
http://www.zhihu.com/people/wei-jin-shuai
http://www.zhihu.com/people/qin-yang-fan
http://www.zhihu.com/people/zhao-xiao-long-56
http://www.zhihu.com/people/xStars
http://www.zhihu.com/people/lei-meng-si-30
http://www.zhihu.com/people/tang-lian-rong
http://www.zhihu.com/people/slowtz
http://www.zhihu.com/people/liu-xiao-yang-86
http://www.zhihu.com/people/wennyyuan
http://www.zhihu.com/people/shenzehao
http://www.zhihu.com/people/xiao-fei-25
http://www.zhihu.com/people/su-leng-lu
http://www.zhihu.com/people/tao
http://www.zhihu.com/people/sunning
http://www.zhihu.com/people/lan-kai-si-te-li
http://www.zhihu.com/people/liu-lian-15-70
http://www.zhihu.com/people/django-3
http://www.zhihu.com/people/fan-ying-da
http://www.zhihu.com/people/lu-chen-shuang
http://www.zhihu.com/people/da-van
http://www.zhihu.com/people/ivanlee
http://www.zhihu.com/people/zheng-zha-22
http://www.zhihu.com/people/wa-xi-li
http://www.zhihu.com/people/wang-ye-43-58
http://www.zhihu.com/people/lili-lili
http://www.zhihu.com/people/Hitman-in-silence
http://www.zhihu.com/people/dai-ke-24
http://www.zhihu.com/people/san-pi-ge
http://www.zhihu.com/people/dao-bi-li
http://www.zhihu.com/people/qiao-mu-58
http://www.zhihu.com/people/fang-wen-32
http://www.zhihu.com/people/liu-si-jiang
http://www.zhihu.com/people/yang-yong-54-36
http://www.zhihu.com/people/wang-zhen-xing-69
http://www.zhihu.com/people/xia-yu-51-13
http://www.zhihu.com/people/xie-wei-you
http://www.zhihu.com/people/tang-jing-yu-24
http://www.zhihu.com/people/li-jian-yun-11-89
http://www.zhihu.com/people/mandy-zhao
http://www.zhihu.com/people/iamloje
http://www.zhihu.com/people/chen-zhan-zhu
http://www.zhihu.com/people/eranlife
http://www.zhihu.com/people/hao-peng-cheng
http://www.zhihu.com/people/yan-ling-17
http://www.zhihu.com/people/wang-chao-38
http://www.zhihu.com/people/liu-ya-kun-1
http://www.zhihu.com/people/dawei101
http://www.zhihu.com/people/tan-ri-tian
http://www.zhihu.com/people/jacob-14
http://www.zhihu.com/people/jiang-yixie
http://www.zhihu.com/people/phonism
http://www.zhihu.com/people/snowvivi
http://www.zhihu.com/people/wang-zu-shun
http://www.zhihu.com/people/ChenHbin
http://www.zhihu.com/people/ji-wang-hao
http://www.zhihu.com/people/liu-jun-zhe
http://www.zhihu.com/people/willic
http://www.zhihu.com/people/jiang-chen-28-78
http://www.zhihu.com/people/zhang-xiao-fei-79
http://www.zhihu.com/people/zi-dao-58
http://www.zhihu.com/people/shimizumint
http://www.zhihu.com/people/zhang-bo-67-32
http://www.zhihu.com/people/yanbin
http://www.zhihu.com/people/bjchaodaye
http://www.zhihu.com/people/blues
http://www.zhihu.com/people/cocolee
http://www.zhihu.com/people/zhou-liu-yu
http://www.zhihu.com/people/marklee-26
http://www.zhihu.com/people/dr-satyr
http://www.zhihu.com/people/zhang-wei-zhong
http://www.zhihu.com/people/pojunxiao
http://www.zhihu.com/people/kou-min
http://www.zhihu.com/people/tan-yin-10
http://www.zhihu.com/people/wen-qing-wan
http://www.zhihu.com/people/xiao-ming-4
http://www.zhihu.com/people/meng-jue-99
http://www.zhihu.com/people/xie-chang-ming
http://www.zhihu.com/people/pan-chen-23
http://www.zhihu.com/people/hengshuo
http://www.zhihu.com/people/kanfou
http://www.zhihu.com/people/michael-10-3
http://www.zhihu.com/people/zheng-xia-ming
http://www.zhihu.com/people/wkonline94o
http://www.zhihu.com/people/wang-wei-23-6
http://www.zhihu.com/people/mi-tao
http://www.zhihu.com/people/zhang-feng-98-82
http://www.zhihu.com/people/he-yuan-sheng
http://www.zhihu.com/people/xulaohan
http://www.zhihu.com/people/dakong
http://www.zhihu.com/people/linjiex
http://www.zhihu.com/people/xiaoluxin
http://www.zhihu.com/people/yan-jin-xiong
http://www.zhihu.com/people/wu-hai-25
http://www.zhihu.com/people/oli-ko
http://www.zhihu.com/people/gao-yu-long-5
http://www.zhihu.com/people/li-yang-quan
http://www.zhihu.com/people/train1110
http://www.zhihu.com/people/zhang-yi-fan-48
http://www.zhihu.com/people/liu-xing-yu-53
http://www.zhihu.com/people/zhu-zhen-xu
http://www.zhihu.com/people/ji-wei-70
http://www.zhihu.com/people/virgoss
http://www.zhihu.com/people/su-ri-na
http://www.zhihu.com/people/mai-zi-7
http://www.zhihu.com/people/wang-xun-91
http://www.zhihu.com/people/yaochenhao
http://www.zhihu.com/people/ruo-shui-23
http://www.zhihu.com/people/Hotzenplotz
http://www.zhihu.com/people/song-kai-51
http://www.zhihu.com/people/virideao
http://www.zhihu.com/people/noff
http://www.zhihu.com/people/wang-qi-75-56
http://www.zhihu.com/people/huangjingyun
http://www.zhihu.com/people/zhu-yan-yan-62
http://www.zhihu.com/people/fsfree
http://www.zhihu.com/people/Gwendolyn09
http://www.zhihu.com/people/zizai
http://www.zhihu.com/people/liang-zhuo
http://www.zhihu.com/people/jing-xiao-liang
http://www.zhihu.com/people/guxianbang
http://www.zhihu.com/people/IcyAngel
http://www.zhihu.com/people/littlecup
http://www.zhihu.com/people/li-ya-wei-33
http://www.zhihu.com/people/shao-yu-lin
http://www.zhihu.com/people/gnaggnoyil
http://www.zhihu.com/people/wang-xin-68-31
http://www.zhihu.com/people/wang-hao-69
http://www.zhihu.com/people/cai-yuan-pei
http://www.zhihu.com/people/zhang-wei-10-7
http://www.zhihu.com/people/peteryao
http://www.zhihu.com/people/xiao-xiong-51
http://www.zhihu.com/people/merryjing
http://www.zhihu.com/people/hou-qi-wen
http://www.zhihu.com/people/fu-zi-yuan
http://www.zhihu.com/people/000088
http://www.zhihu.com/people/sellsoda
http://www.zhihu.com/people/zhang-ming-21-51
http://www.zhihu.com/people/zhou-yi-long-39
http://www.zhihu.com/people/sun-yu-bo-78
http://www.zhihu.com/people/zhu-shi-jie-6
http://www.zhihu.com/people/MartinESC
http://www.zhihu.com/people/lu-gui-chen-26
http://www.zhihu.com/people/li-shou-yin-89
http://www.zhihu.com/people/cai-jian-zheng-77
http://www.zhihu.com/people/ou-yang-xi-68
http://www.zhihu.com/people/baiyusheng
http://www.zhihu.com/people/wang-ya-bing
http://www.zhihu.com/people/damon-tu
http://www.zhihu.com/people/jiang-bai-du
http://www.zhihu.com/people/face-li
http://www.zhihu.com/people/hailing
http://www.zhihu.com/people/jiang-dong-52
http://www.zhihu.com/people/tian-zhi-hao
http://www.zhihu.com/people/bao-fu-jie-48
http://www.zhihu.com/people/niexiaoyi
http://www.zhihu.com/people/cao-nan
http://www.zhihu.com/people/pan-wen-bo-45
http://www.zhihu.com/people/tong-yi-83
http://www.zhihu.com/people/xu-yun-fang-49
http://www.zhihu.com/people/ring-lee-21
http://www.zhihu.com/people/jindl
http://www.zhihu.com/people/jinhao9989
http://www.zhihu.com/people/cai-xin-79
http://www.zhihu.com/people/liu-jin-long-44
http://www.zhihu.com/people/complete
http://www.zhihu.com/people/yang-sheng-26
http://www.zhihu.com/people/yin-deng-ke
http://www.zhihu.com/people/S-He
http://www.zhihu.com/people/id-malong
http://www.zhihu.com/people/zhang-ben-39
http://www.zhihu.com/people/dotsdotsdots
http://www.zhihu.com/people/tian-nan-gua
http://www.zhihu.com/people/wu-gao-yu
http://www.zhihu.com/people/lai-qi-hao
http://www.zhihu.com/people/xu-xiao-ye-53
http://www.zhihu.com/people/joyneop
http://www.zhihu.com/people/ling-feng-42
http://www.zhihu.com/people/coofly
http://www.zhihu.com/people/hai-dao-36
http://www.zhihu.com/people/zhang-ying-zhou-91
http://www.zhihu.com/people/craftsman
http://www.zhihu.com/people/yofly
http://www.zhihu.com/people/iian
http://www.zhihu.com/people/shu-mu-mu
http://www.zhihu.com/people/pang-ding-wang
http://www.zhihu.com/people/selangtao
http://www.zhihu.com/people/she-shi-hao
http://www.zhihu.com/people/samyhello
http://www.zhihu.com/people/tian-su-jun
http://www.zhihu.com/people/xu-shuo-fei
http://www.zhihu.com/people/thoughtcook
http://www.zhihu.com/people/drifter-16
http://www.zhihu.com/people/li-lin-70
http://www.zhihu.com/people/forteen.lin
http://www.zhihu.com/people/yang-shuang-1
http://www.zhihu.com/people/wu-shan-53-53
http://www.zhihu.com/people/mi-zhan
http://www.zhihu.com/people/yuger.net
http://www.zhihu.com/people/zhao-yun-ze
http://www.zhihu.com/people/yin-li-feng
http://www.zhihu.com/people/zhu-heng-li
http://www.zhihu.com/people/luo-meng-jie
http://www.zhihu.com/people/corfishy
http://www.zhihu.com/people/nadaloveluna
http://www.zhihu.com/people/tonyhead
http://www.zhihu.com/people/lowrain
http://www.zhihu.com/people/kermitc
http://www.zhihu.com/people/chun-wei-rui
http://www.zhihu.com/people/li-mu-qing-521
http://www.zhihu.com/people/hei-bing
http://www.zhihu.com/people/zhuo-zhi-ying
http://www.zhihu.com/people/iyucci
http://www.zhihu.com/people/peoplegxs
http://www.zhihu.com/people/kingljx
http://www.zhihu.com/people/zhuang-xiao-meng
http://www.zhihu.com/people/zhou-jin-song
http://www.zhihu.com/people/cheng-fang-hang
http://www.zhihu.com/people/zhang-zi-qiang-36
http://www.zhihu.com/people/zhu-huan-jie
http://www.zhihu.com/people/air00dd
http://www.zhihu.com/people/shi-jian-tao
http://www.zhihu.com/people/chen-ning-feng
http://www.zhihu.com/people/yi-lin515
http://www.zhihu.com/people/gao-jie-54
http://www.zhihu.com/people/eracq
http://www.zhihu.com/people/mike-51
http://www.zhihu.com/people/tao-lu
http://www.zhihu.com/people/Sophie98
http://www.zhihu.com/people/butcherv
http://www.zhihu.com/people/li-ke-yan-25
http://www.zhihu.com/people/wei-xiao-mao
http://www.zhihu.com/people/veens
http://www.zhihu.com/people/Tevlev
http://www.zhihu.com/people/guo-yi-jiang-85
http://www.zhihu.com/people/ianzhao
http://www.zhihu.com/people/zhao-zhao-54
http://www.zhihu.com/people/adadada
http://www.zhihu.com/people/xiao-yi-21
http://www.zhihu.com/people/NGC2392
http://www.zhihu.com/people/drimdo
http://www.zhihu.com/people/dz_s
http://www.zhihu.com/people/wang-zi-xiang
http://www.zhihu.com/people/domains
http://www.zhihu.com/people/hama
http://www.zhihu.com/people/li-zheng-bi
http://www.zhihu.com/people/chen-chen-93-44
http://www.zhihu.com/people/guhongguangju
http://www.zhihu.com/people/fan-xian
http://www.zhihu.com/people/cheng-le-yi
http://www.zhihu.com/people/liu-ying-ge
http://www.zhihu.com/people/ailogx
http://www.zhihu.com/people/Dominic_
http://www.zhihu.com/people/mayimayi
http://www.zhihu.com/people/hozi
http://www.zhihu.com/people/liu-yang-03-31
http://www.zhihu.com/people/xymark
http://www.zhihu.com/people/wang-jia-lu-82
http://www.zhihu.com/people/johndeep
http://www.zhihu.com/people/zhong-hui-99
http://www.zhihu.com/people/jiroas
http://www.zhihu.com/people/cjfyuan
http://www.zhihu.com/people/zhang-hang-70
http://www.zhihu.com/people/wang-meng-56
http://www.zhihu.com/people/zhizhiweizhizhi
http://www.zhihu.com/people/deng-qiao-78
http://www.zhihu.com/people/xu-zhong-yi-40
http://www.zhihu.com/people/StarSayseve7ndays
http://www.zhihu.com/people/riki
http://www.zhihu.com/people/franklin-yan
http://www.zhihu.com/people/crystal06
http://www.zhihu.com/people/dake
http://www.zhihu.com/people/brucechang
http://www.zhihu.com/people/zhang-lu-zheng
http://www.zhihu.com/people/yang-mi-34
http://www.zhihu.com/people/jimmy-zhou
http://www.zhihu.com/people/feng-shao-xiong
http://www.zhihu.com/people/du-xiao-wei-14
http://www.zhihu.com/people/diercn
http://www.zhihu.com/people/ruan-yixiao
http://www.zhihu.com/people/huxiaoyi
http://www.zhihu.com/people/wang-guo-dong-34
http://www.zhihu.com/people/yin-yu-chen-26
http://www.zhihu.com/people/fanniu
http://www.zhihu.com/people/qiao-feng-xue
http://www.zhihu.com/people/lin-bi-mgal
http://www.zhihu.com/people/nicing
http://www.zhihu.com/people/fuzhu
http://www.zhihu.com/people/pan-jie-yao
http://www.zhihu.com/people/liang-zhao-81
http://www.zhihu.com/people/fengjuanchengfu
http://www.zhihu.com/people/tou-tou-tou-tou-tou-tou
http://www.zhihu.com/people/chai-rui-33
http://www.zhihu.com/people/bian-yi-bin
http://www.zhihu.com/people/ingqi
http://www.zhihu.com/people/Perfectman
http://www.zhihu.com/people/li-kang-kang-72
http://www.zhihu.com/people/happy10086
http://www.zhihu.com/people/iamxieqiang
http://www.zhihu.com/people/wang-bin-26-89
http://www.zhihu.com/people/xi-bei-san-vc
http://www.zhihu.com/people/lonely-fish
http://www.zhihu.com/people/witsky
http://www.zhihu.com/people/wangmingyang
http://www.zhihu.com/people/techoxygen
http://www.zhihu.com/people/da-yuan
http://www.zhihu.com/people/RBTSAMA
http://www.zhihu.com/people/mondaylaugh
http://www.zhihu.com/people/qu-ping-ze
http://www.zhihu.com/people/song-song-99
http://www.zhihu.com/people/mao-da-shu
http://www.zhihu.com/people/meiyouzhuya
http://www.zhihu.com/people/irresisxiong
http://www.zhihu.com/people/QiuNote
http://www.zhihu.com/people/Paitanapilahmima
http://www.zhihu.com/people/luo-xiao-wei
http://www.zhihu.com/people/zhangxiaoliang
http://www.zhihu.com/people/ahlex
http://www.zhihu.com/people/qi-gang-65
http://www.zhihu.com/people/kimmking
http://www.zhihu.com/people/li-cheng-gan
http://www.zhihu.com/people/su-an
http://www.zhihu.com/people/xiong-fei-fei
http://www.zhihu.com/people/huang-rong-zhuang
http://www.zhihu.com/people/dylan-53
http://www.zhihu.com/people/taotao-45
http://www.zhihu.com/people/mingda
http://www.zhihu.com/people/THFQ
http://www.zhihu.com/people/yu-shi-san
http://www.zhihu.com/people/li-xi-lie
http://www.zhihu.com/people/zha-si-ting
http://www.zhihu.com/people/zhou-gong-long
http://www.zhihu.com/people/Acmenyz
http://www.zhihu.com/people/henter
http://www.zhihu.com/people/gao-shu-sen-84
http://www.zhihu.com/people/zhang-ma-dan
http://www.zhihu.com/people/susus
http://www.zhihu.com/people/zhang-shao-fei
http://www.zhihu.com/people/xu-yong-jia
http://www.zhihu.com/people/xddxy
http://www.zhihu.com/people/chen-zong-su
http://www.zhihu.com/people/shimengchen
http://www.zhihu.com/people/wang-jia-wei-45-85
http://www.zhihu.com/people/886688
http://www.zhihu.com/people/bosschen
http://www.zhihu.com/people/freyaliu
http://www.zhihu.com/people/up-up-75
http://www.zhihu.com/people/braite
http://www.zhihu.com/people/jaee
http://www.zhihu.com/people/zhang-ze-79
http://www.zhihu.com/people/tianpan
http://www.zhihu.com/people/erickwok
http://www.zhihu.com/people/qiao-bang
http://www.zhihu.com/people/iaisin
http://www.zhihu.com/people/lydia-7
http://www.zhihu.com/people/chen-lin-23-5
http://www.zhihu.com/people/colorLee
http://www.zhihu.com/people/hai-mi-tian
http://www.zhihu.com/people/ilook
http://www.zhihu.com/people/wang-long-17
http://www.zhihu.com/people/free1978
http://www.zhihu.com/people/orvice
http://www.zhihu.com/people/huaqiangli
http://www.zhihu.com/people/lusam
http://www.zhihu.com/people/vahva
http://www.zhihu.com/people/liu-xiu-dong
http://www.zhihu.com/people/wang-xiang-jian
http://www.zhihu.com/people/xi-yun-77
http://www.zhihu.com/people/hu-hao-35
http://www.zhihu.com/people/WANSX
http://www.zhihu.com/people/goodan
http://www.zhihu.com/people/cui-bing-bing
http://www.zhihu.com/people/bi-you-72
http://www.zhihu.com/people/ai-jia-yuan
http://www.zhihu.com/people/dong-jing-jing
http://www.zhihu.com/people/fuzhi
http://www.zhihu.com/people/li-zhi-sheng-66
http://www.zhihu.com/people/suo-er-49
http://www.zhihu.com/people/wang-yuan-66-5
http://www.zhihu.com/people/zhu-xiao-wu-77
http://www.zhihu.com/people/xu-chu-feng
http://www.zhihu.com/people/guangyi-43
http://www.zhihu.com/people/lijianjian
http://www.zhihu.com/people/heroying
http://www.zhihu.com/people/li-jun-eileen
http://www.zhihu.com/people/yu-han
http://www.zhihu.com/people/lihexin
http://www.zhihu.com/people/zou-ming-51
http://www.zhihu.com/people/yuan-shao-cheng
http://www.zhihu.com/people/lzsy
http://www.zhihu.com/people/meicoog
http://www.zhihu.com/people/yezhixing
http://www.zhihu.com/people/zhu-jing-66-53
http://www.zhihu.com/people/lotcup
http://www.zhihu.com/people/xia-lan-feng
http://www.zhihu.com/people/han-jian-3
http://www.zhihu.com/people/panhui
http://www.zhihu.com/people/zm1104
http://www.zhihu.com/people/lihongtao
http://www.zhihu.com/people/zhao-zi-hua
http://www.zhihu.com/people/cao-yong-liang
http://www.zhihu.com/people/tou-che
http://www.zhihu.com/people/freebirdy
http://www.zhihu.com/people/fan-he-40
http://www.zhihu.com/people/jin-cheng-tan
http://www.zhihu.com/people/cu-mu
http://www.zhihu.com/people/yufeiwu
http://www.zhihu.com/people/sunbaoru
http://www.zhihu.com/people/europa-53
http://www.zhihu.com/people/zhang-hai-dong-25
http://www.zhihu.com/people/xie-wei-4-35
http://www.zhihu.com/people/WellBoy
http://www.zhihu.com/people/tcstar
http://www.zhihu.com/people/zblc
http://www.zhihu.com/people/gao-da-li
http://www.zhihu.com/people/weifx
http://www.zhihu.com/people/youngjiahui
http://www.zhihu.com/people/jiayizhen
http://www.zhihu.com/people/knightshady
http://www.zhihu.com/people/gavingao
http://www.zhihu.com/people/zimingforever
http://www.zhihu.com/people/liu-jiang-ling-63
http://www.zhihu.com/people/huang-xiao-55
http://www.zhihu.com/people/shu-zhan-38
http://www.zhihu.com/people/tukela
http://www.zhihu.com/people/wan-qing-hui
http://www.zhihu.com/people/xiaoqiangzhao
http://www.zhihu.com/people/xuechengxi
http://www.zhihu.com/people/sun-xi-ting
http://www.zhihu.com/people/carlincai
http://www.zhihu.com/people/buke
http://www.zhihu.com/people/yang-er-niu
http://www.zhihu.com/people/yu-xing-en
http://www.zhihu.com/people/xu-xu-dan
http://www.zhihu.com/people/nekor
http://www.zhihu.com/people/tujian
http://www.zhihu.com/people/chu-zhao-sheng
http://www.zhihu.com/people/yangtaishou
http://www.zhihu.com/people/ceng-ling-lin
http://www.zhihu.com/people/lang-gou-da-ren
http://www.zhihu.com/people/qin-nan-55
http://www.zhihu.com/people/jme-28
http://www.zhihu.com/people/huang-he-li
http://www.zhihu.com/people/Gorgonheart
http://www.zhihu.com/people/fan-shao-rui
http://www.zhihu.com/people/searchkong
http://www.zhihu.com/people/yipkoonyui
http://www.zhihu.com/people/bianlun
http://www.zhihu.com/people/chen-hao-86-48
http://www.zhihu.com/people/tang-chao-27
http://www.zhihu.com/people/li-qing-fei-29
http://www.zhihu.com/people/li-hua-ting
http://www.zhihu.com/people/kbdmw
http://www.zhihu.com/people/yuguoyi
http://www.zhihu.com/people/zhang-ze-43
http://www.zhihu.com/people/xiaohg
http://www.zhihu.com/people/peterlu
http://www.zhihu.com/people/hui-xin
http://www.zhihu.com/people/hanqixue
http://www.zhihu.com/people/madouling
http://www.zhihu.com/people/chengyuan
http://www.zhihu.com/people/huang-jian-ke
http://www.zhihu.com/people/zhongxiaotu
http://www.zhihu.com/people/hsowaq
http://www.zhihu.com/people/cui-da-wei
http://www.zhihu.com/people/oneperson
http://www.zhihu.com/people/fu-miao-rong
http://www.zhihu.com/people/zhang_lei
http://www.zhihu.com/people/shi-yue-jie
http://www.zhihu.com/people/pengdwei
http://www.zhihu.com/people/wooden
http://www.zhihu.com/people/huang-long-80
http://www.zhihu.com/people/K-none
http://www.zhihu.com/people/voldemort
http://www.zhihu.com/people/shuai-ding-xin-real
http://www.zhihu.com/people/gong-huan-qi
http://www.zhihu.com/people/shao-peng-78
http://www.zhihu.com/people/tooyoung
http://www.zhihu.com/people/mayghost
http://www.zhihu.com/people/lubinwei
http://www.zhihu.com/people/sereneyzy
http://www.zhihu.com/people/jiang-wen-zhen
http://www.zhihu.com/people/trai25
http://www.zhihu.com/people/lang-qian-yi
http://www.zhihu.com/people/xiao-lin-80
http://www.zhihu.com/people/caesar-56
http://www.zhihu.com/people/camelduck
http://www.zhihu.com/people/think
http://www.zhihu.com/people/www.donglifang.com
http://www.zhihu.com/people/an-zhi-25
http://www.zhihu.com/people/zhang-han-feng
http://www.zhihu.com/people/nie-wu-hui
http://www.zhihu.com/people/fu-jia-qi
http://www.zhihu.com/people/yanshar
http://www.zhihu.com/people/breeze
http://www.zhihu.com/people/chen-ming-hui-43-95
http://www.zhihu.com/people/fanhu
http://www.zhihu.com/people/vance92
http://www.zhihu.com/people/jones
http://www.zhihu.com/people/buou
http://www.zhihu.com/people/li-yong-liang
http://www.zhihu.com/people/will-zhang-1
http://www.zhihu.com/people/qiu-fu-nan
http://www.zhihu.com/people/tu-shuai
http://www.zhihu.com/people/hu-xuan-xuan-96
http://www.zhihu.com/people/xie-xiao-dong-42
http://www.zhihu.com/people/devin-qiu
http://www.zhihu.com/people/zhou-qi-84
http://www.zhihu.com/people/flyingfish
http://www.zhihu.com/people/ostiary
http://www.zhihu.com/people/luan-jian-65
http://www.zhihu.com/people/lin-fan-63-96
http://www.zhihu.com/people/cherrydcy
http://www.zhihu.com/people/Libertasss
http://www.zhihu.com/people/chouthen
http://www.zhihu.com/people/ywlwywd
http://www.zhihu.com/people/xu-guo-hui
http://www.zhihu.com/people/chen-yong-welcome
http://www.zhihu.com/people/loveye
http://www.zhihu.com/people/li-chao-93
http://www.zhihu.com/people/prowang
http://www.zhihu.com/people/jieshao
http://www.zhihu.com/people/xie-fen-36
http://www.zhihu.com/people/youxy
http://www.zhihu.com/people/mr.rain
http://www.zhihu.com/people/yuan-hui-79
http://www.zhihu.com/people/acrobat
http://www.zhihu.com/people/zhu-en-81
http://www.zhihu.com/people/walter
http://www.zhihu.com/people/leunja
http://www.zhihu.com/people/zhang-zhi-hao-39
http://www.zhihu.com/people/gao-xiang-21
http://www.zhihu.com/people/yanglifei
http://www.zhihu.com/people/guqiangqiang
http://www.zhihu.com/people/paradisor
http://www.zhihu.com/people/nixy
http://www.zhihu.com/people/wang-ji-85
http://www.zhihu.com/people/hitbastank
http://www.zhihu.com/people/stardust
http://www.zhihu.com/people/liang-peng-cheng-70
http://www.zhihu.com/people/jiangyuhang
http://www.zhihu.com/people/yangcongluofu
http://www.zhihu.com/people/flychicken
http://www.zhihu.com/people/mynameislegion
http://www.zhihu.com/people/myyandong
http://www.zhihu.com/people/shuailv
http://www.zhihu.com/people/dannie-35
http://www.zhihu.com/people/wu-wei-96-47
http://www.zhihu.com/people/twowolf
http://www.zhihu.com/people/wang-xiao-jia-36
http://www.zhihu.com/people/laura-2
http://www.zhihu.com/people/sgzhan
http://www.zhihu.com/people/guo-jia-9
http://www.zhihu.com/people/liu-si-qi-58
http://www.zhihu.com/people/Toclife
http://www.zhihu.com/people/zhao-xiao-fan-78
http://www.zhihu.com/people/li-ya-hui
http://www.zhihu.com/people/mao-qi
http://www.zhihu.com/people/yuhui614
http://www.zhihu.com/people/wang-xi-zheng
http://www.zhihu.com/people/dzhazha
http://www.zhihu.com/people/xianglifei
http://www.zhihu.com/people/wu-sheng-ming
http://www.zhihu.com/people/jishui-83
http://www.zhihu.com/people/adson
http://www.zhihu.com/people/xu-zhe-heng
http://www.zhihu.com/people/zhu-jun-qiang
http://www.zhihu.com/people/tan-xu-long
http://www.zhihu.com/people/liu-zi-jin
http://www.zhihu.com/people/zhao-bo-44
http://www.zhihu.com/people/zthinking
http://www.zhihu.com/people/yang-wen-guang
http://www.zhihu.com/people/haiger-25
http://www.zhihu.com/people/gao-ya-xin
http://www.zhihu.com/people/zhang-nan-71
http://www.zhihu.com/people/hiheng
http://www.zhihu.com/people/ppphoenixhai-peng-x
http://www.zhihu.com/people/lu-hao-4
http://www.zhihu.com/people/pansz
http://www.zhihu.com/people/kanbian
http://www.zhihu.com/people/sunshimile
http://www.zhihu.com/people/guo-rui-chao
http://www.zhihu.com/people/robb
http://www.zhihu.com/people/chang9260
http://www.zhihu.com/people/cumt
http://www.zhihu.com/people/Sylvan
http://www.zhihu.com/people/avskin
http://www.zhihu.com/people/gu-si-bi-54
http://www.zhihu.com/people/trainburning
http://www.zhihu.com/people/jeffrey-85
http://www.zhihu.com/people/kooyi
http://www.zhihu.com/people/hexianlong
http://www.zhihu.com/people/steveren
http://www.zhihu.com/people/shi-cai-meng
http://www.zhihu.com/people/xuxun
http://www.zhihu.com/people/qu-ding-ding
http://www.zhihu.com/people/easy09
http://www.zhihu.com/people/jasonyinda
http://www.zhihu.com/people/yaozhicheng
http://www.zhihu.com/people/wang-heng-tong
http://www.zhihu.com/people/mopjack
http://www.zhihu.com/people/li-jun-34-52
http://www.zhihu.com/people/feir
http://www.zhihu.com/people/felixzheng
http://www.zhihu.com/people/zhou-lei-4-25
http://www.zhihu.com/people/cycyril
http://www.zhihu.com/people/allenmei
http://www.zhihu.com/people/the7space
http://www.zhihu.com/people/GoodSemer
http://www.zhihu.com/people/wang-zhi-zhi-82
http://www.zhihu.com/people/wang-lei-52
http://www.zhihu.com/people/zhuxiaodong
http://www.zhihu.com/people/tiyee
http://www.zhihu.com/people/xiao-lang-49
http://www.zhihu.com/people/huang-yuan-xiang
http://www.zhihu.com/people/zhu-yi-song
http://www.zhihu.com/people/kamal
http://www.zhihu.com/people/BrownZhan
http://www.zhihu.com/people/shifa
http://www.zhihu.com/people/wajiyi
http://www.zhihu.com/people/li-jia-50
http://www.zhihu.com/people/li-xue-yu-30
http://www.zhihu.com/people/laomian
http://www.zhihu.com/people/nhsoft
http://www.zhihu.com/people/spiderraven
http://www.zhihu.com/people/xiaodaoren
http://www.zhihu.com/people/chen-peng-cheng-23
http://www.zhihu.com/people/zheng-ai-ai
http://www.zhihu.com/people/wu-you-cai
http://www.zhihu.com/people/yuan-qiang-83
http://www.zhihu.com/people/positive52energy
http://www.zhihu.com/people/ballacks
http://www.zhihu.com/people/li-chen-chen-88
http://www.zhihu.com/people/hu-tian-yi
http://www.zhihu.com/people/vincentzoo
http://www.zhihu.com/people/zhou-rui-jin
http://www.zhihu.com/people/yolein
http://www.zhihu.com/people/NoTr
http://www.zhihu.com/people/liu-fei-42-73
http://www.zhihu.com/people/lin-songyin
http://www.zhihu.com/people/hui-bao-ta-die
http://www.zhihu.com/people/zuixiaolai
http://www.zhihu.com/people/li-wen-yu-47
http://www.zhihu.com/people/du-hao-70
http://www.zhihu.com/people/wgyi
http://www.zhihu.com/people/chenxi
http://www.zhihu.com/people/sacowiw
http://www.zhihu.com/people/wei-wen-hao-1
http://www.zhihu.com/people/alexander-75
http://www.zhihu.com/people/lin1000
http://www.zhihu.com/people/zhangxvliang
http://www.zhihu.com/people/hexingbo
http://www.zhihu.com/people/cq0121
http://www.zhihu.com/people/OnlyApartment
http://www.zhihu.com/people/interjc
http://www.zhihu.com/people/li-da-shan
http://www.zhihu.com/people/cao-kai-cheng
http://www.zhihu.com/people/ikeng
http://www.zhihu.com/people/a-jian-79
http://www.zhihu.com/people/zouwei
http://www.zhihu.com/people/ncwen8090
http://www.zhihu.com/people/chen-zhe-53
http://www.zhihu.com/people/lei-lei-89
http://www.zhihu.com/people/qian-shu-47
http://www.zhihu.com/people/wang-er-71
http://www.zhihu.com/people/Chihhsin
http://www.zhihu.com/people/luckyally
http://www.zhihu.com/people/zhang-hua-shan
http://www.zhihu.com/people/rick-yang
http://www.zhihu.com/people/kaitian
http://www.zhihu.com/people/song-li-58
http://www.zhihu.com/people/bye-xin
http://www.zhihu.com/people/neo-70
http://www.zhihu.com/people/he-li-ying-13
http://www.zhihu.com/people/su-xiao-___
http://www.zhihu.com/people/liu-wei-61-51
http://www.zhihu.com/people/ying-yan-89
http://www.zhihu.com/people/jiang-ruo-lin
http://www.zhihu.com/people/siva
http://www.zhihu.com/people/endlessturelove
http://www.zhihu.com/people/zi-mu-77
http://www.zhihu.com/people/feng-da-chen
http://www.zhihu.com/people/zhang-xiao-yue-27
http://www.zhihu.com/people/yimuxia
http://www.zhihu.com/people/huo-xiao-ping
http://www.zhihu.com/people/luzern
http://www.zhihu.com/people/Sam_Su
http://www.zhihu.com/people/xuyankang
http://www.zhihu.com/people/zty3q
http://www.zhihu.com/people/idingbao
http://www.zhihu.com/people/zhu-zi-miao-ran
http://www.zhihu.com/people/he-pei
http://www.zhihu.com/people/wang-wen-ping
http://www.zhihu.com/people/ma-xiao-jun-61
http://www.zhihu.com/people/zaiyiqi
http://www.zhihu.com/people/luo-gu-shu
http://www.zhihu.com/people/anyu
http://www.zhihu.com/people/cody-16
http://www.zhihu.com/people/xiao-yu-shi-ge-wei-guan-di
http://www.zhihu.com/people/zhihulilong
http://www.zhihu.com/people/he-jian-33
http://www.zhihu.com/people/hlhl
http://www.zhihu.com/people/fengbai
http://www.zhihu.com/people/tao-xu-tian
http://www.zhihu.com/people/thinkind
http://www.zhihu.com/people/iwiner
http://www.zhihu.com/people/rela
http://www.zhihu.com/people/xiao-shi-hou
http://www.zhihu.com/people/lao-chang
http://www.zhihu.com/people/zuojiwang
http://www.zhihu.com/people/lao3
http://www.zhihu.com/people/wang-yang-long
http://www.zhihu.com/people/qiuman
http://www.zhihu.com/people/jaytags
http://www.zhihu.com/people/su-dong-15
http://www.zhihu.com/people/bing.peng
http://www.zhihu.com/people/zuimai
http://www.zhihu.com/people/xu-cheng-yang
http://www.zhihu.com/people/li-kai-49
http://www.zhihu.com/people/Chonny
http://www.zhihu.com/people/imkter
http://www.zhihu.com/people/li-chen-tu
http://www.zhihu.com/people/kession
http://www.zhihu.com/people/xiaoo
http://www.zhihu.com/people/prxh
http://www.zhihu.com/people/tiezhen
http://www.zhihu.com/people/balian
http://www.zhihu.com/people/ique
http://www.zhihu.com/people/weijx
http://www.zhihu.com/people/L-du
http://www.zhihu.com/people/rotate8
http://www.zhihu.com/people/huang-chao-qiang
http://www.zhihu.com/people/tmkook
http://www.zhihu.com/people/lu-hao-17-49
http://www.zhihu.com/people/huangquanhj
http://www.zhihu.com/people/gan-li-liang
http://www.zhihu.com/people/chengyigao
http://www.zhihu.com/people/zhang-ge-84
http://www.zhihu.com/people/dawson
http://www.zhihu.com/people/1841
http://www.zhihu.com/people/santoo
http://www.zhihu.com/people/Himawari
http://www.zhihu.com/people/chenwenhao
http://www.zhihu.com/people/genio-crane
http://www.zhihu.com/people/mo0o0fsjmf0icbi
http://www.zhihu.com/people/augustus
http://www.zhihu.com/people/OnlyIndex
http://www.zhihu.com/people/lovefcb
http://www.zhihu.com/people/sbqs
http://www.zhihu.com/people/jun-hua
http://www.zhihu.com/people/zhou-zheng-kun
http://www.zhihu.com/people/Rome
http://www.zhihu.com/people/lianyi
http://www.zhihu.com/people/liu-xi-fei
http://www.zhihu.com/people/xpnhcnsh
http://www.zhihu.com/people/zhou-jiang-ling
http://www.zhihu.com/people/zhu-zheng
http://www.zhihu.com/people/cranks
http://www.zhihu.com/people/wuzhijian
http://www.zhihu.com/people/www.phpno.com
http://www.zhihu.com/people/songvision
http://www.zhihu.com/people/chancehuang
http://www.zhihu.com/people/he-shun-ji
http://www.zhihu.com/people/yang-yong-zhi
http://www.zhihu.com/people/zheng-yi-61
http://www.zhihu.com/people/hou-bo-tan
http://www.zhihu.com/people/zhao-bo-cheng
http://www.zhihu.com/people/liu-xiang-long
http://www.zhihu.com/people/wang-li-qun-1976
http://www.zhihu.com/people/suo-chen-xi
http://www.zhihu.com/people/zhang-yi-da
http://www.zhihu.com/people/Felicity
http://www.zhihu.com/people/zhou-hao-88
http://www.zhihu.com/people/weiweixia
http://www.zhihu.com/people/guiqide
http://www.zhihu.com/people/lao-ying-88
http://www.zhihu.com/people/zhu-yu-hua
http://www.zhihu.com/people/chenshuo
http://www.zhihu.com/people/duwulun
http://www.zhihu.com/people/anyan
http://www.zhihu.com/people/lining777
http://www.zhihu.com/people/zhupengfei
http://www.zhihu.com/people/guan-cheng
http://www.zhihu.com/people/wang-kai-_yuan-chang-_
http://www.zhihu.com/people/chengdu
http://www.zhihu.com/people/lihua
http://www.zhihu.com/people/zhang-wei-dong-2
http://www.zhihu.com/people/xueqing
http://www.zhihu.com/people/teresa-wong
http://www.zhihu.com/people/guan-yuan-yu-yang
http://www.zhihu.com/people/monicazi-you-xin
http://www.zhihu.com/people/seanlmm
http://www.zhihu.com/people/tiny-ming
http://www.zhihu.com/people/taotie
http://www.zhihu.com/people/roy-lee
http://www.zhihu.com/people/kone
http://www.zhihu.com/people/li-hui-21
http://www.zhihu.com/people/ru-shi-wo-wen
http://www.zhihu.com/people/zhufei
http://www.zhihu.com/people/zhang-dong-jian
http://www.zhihu.com/people/zhu-hui-lai
http://www.zhihu.com/people/goto
http://www.zhihu.com/people/kayjack
http://www.zhihu.com/people/lxk90
http://www.zhihu.com/people/lin-jiang-cheng
http://www.zhihu.com/people/ninjacn
http://www.zhihu.com/people/haoren
http://www.zhihu.com/people/sethyou
http://www.zhihu.com/people/Robot-Yu
http://www.zhihu.com/people/panfeng
http://www.zhihu.com/people/shenhaihuai
http://www.zhihu.com/people/wanghero
http://www.zhihu.com/people/zhou-lei
http://www.zhihu.com/people/chen-xiao-tu-66
http://www.zhihu.com/people/qianyugang
http://www.zhihu.com/people/view2future
http://www.zhihu.com/people/c2u234nxi
http://www.zhihu.com/people/xu-hao-ran-86
http://www.zhihu.com/people/yskin
http://www.zhihu.com/people/da-xiong
http://www.zhihu.com/people/feng-dong
http://www.zhihu.com/people/ranger
http://www.zhihu.com/people/zan-dong
http://www.zhihu.com/people/xuedan
http://www.zhihu.com/people/du-zhen-yu
http://www.zhihu.com/people/puyun
http://www.zhihu.com/people/Ataraxia002
http://www.zhihu.com/people/caiyang
http://www.zhihu.com/people/cklover
http://www.zhihu.com/people/nov13
http://www.zhihu.com/people/wang-chang-an
http://www.zhihu.com/people/law_ee
http://www.zhihu.com/people/demomo
http://www.zhihu.com/people/zhongod
http://www.zhihu.com/people/yun-hua-zi
http://www.zhihu.com/people/aimeng
http://www.zhihu.com/people/104854
http://www.zhihu.com/people/wmichelle
http://www.zhihu.com/people/sha-quan
http://www.zhihu.com/people/zhui-meng-nan-er
http://www.zhihu.com/people/luo-li-mi
http://www.zhihu.com/people/you-hong-wu-ming
http://www.zhihu.com/people/deanlee
http://www.zhihu.com/people/jaytai
http://www.zhihu.com/people/wangge
http://www.zhihu.com/people/xun-huan-li
http://www.zhihu.com/people/tu-mo-zi
http://www.zhihu.com/people/meixiaowu
http://www.zhihu.com/people/glowdan
http://www.zhihu.com/people/mrno
http://www.zhihu.com/people/celery
http://www.zhihu.com/people/eric.chen
http://www.zhihu.com/people/wenwei
http://www.zhihu.com/people/shadows
http://www.zhihu.com/people/Airaurum
http://www.zhihu.com/people/icoovoo
http://www.zhihu.com/people/Terryxiao
http://www.zhihu.com/people/vincent-wen
http://www.zhihu.com/people/bao-zou
http://www.zhihu.com/people/leafgay
http://www.zhihu.com/people/receo
http://www.zhihu.com/people/huangtianwen
http://www.zhihu.com/people/li-xiao-wen-2
http://www.zhihu.com/people/lonelynight
http://www.zhihu.com/people/zhu-wei
http://www.zhihu.com/people/hiokay
http://www.zhihu.com/people/yexiaofei
http://www.zhihu.com/people/mokita
http://www.zhihu.com/people/mcgeek
http://www.zhihu.com/people/hexinqiang
http://www.zhihu.com/people/yangxiaogai
http://www.zhihu.com/people/zhu-feng-xiang
http://www.zhihu.com/people/yems
http://www.zhihu.com/people/UnderSn0w
http://www.zhihu.com/people/ermao
http://www.zhihu.com/people/vision
http://www.zhihu.com/people/skill
http://www.zhihu.com/people/jayzhou
http://www.zhihu.com/people/wang-cheng-he
http://www.zhihu.com/people/kerling
http://www.zhihu.com/people/wangruoyu
http://www.zhihu.com/people/kou-dai
http://www.zhihu.com/people/yuba100
http://www.zhihu.com/people/jin-ming
http://www.zhihu.com/people/han-li-ting
http://www.zhihu.com/people/lubaolin
http://www.zhihu.com/people/wanghaihe
http://www.zhihu.com/people/wu-xu
http://www.zhihu.com/people/artmaniac
http://www.zhihu.com/people/tsinghua
http://www.zhihu.com/people/xia-wei-tong
http://www.zhihu.com/people/jacklinchan
http://www.zhihu.com/people/biansutao
http://www.zhihu.com/people/xiuer
http://www.zhihu.com/people/ding-mo
http://www.zhihu.com/people/xiaowenzi
http://www.zhihu.com/people/caizhenghai
http://www.zhihu.com/people/fsjx
http://www.zhihu.com/people/wasntme
http://www.zhihu.com/people/xi-kang
http://www.zhihu.com/people/zhaohan
http://www.zhihu.com/people/wang-wan-ting
http://www.zhihu.com/people/yu-lu-44
http://www.zhihu.com/people/song-jian-56
http://www.zhihu.com/people/wei-tao
http://www.zhihu.com/people/zhangjiankun
http://www.zhihu.com/people/mo-zhi
http://www.zhihu.com/people/r-q-r
http://www.zhihu.com/people/B.Archer
http://www.zhihu.com/people/FreedomLeadPerson
http://www.zhihu.com/people/twitter-mydf
http://www.zhihu.com/people/zei-xi-bao
http://www.zhihu.com/people/lan-ruo-xi
http://www.zhihu.com/people/cha-men-hu-de-xiao-bei-xin
http://www.zhihu.com/people/bucolic-35
http://www.zhihu.com/people/loyalsoldier
http://www.zhihu.com/people/amoyqun
http://www.zhihu.com/people/yichen
http://www.zhihu.com/people/sluke
http://www.zhihu.com/people/bu-de-bud
http://www.zhihu.com/people/huai-dan
http://www.zhihu.com/people/sparrowdu
http://www.zhihu.com/people/dhl314
http://www.zhihu.com/people/pyleaf
http://www.zhihu.com/people/sun-wei-cui
http://www.zhihu.com/people/shi-yu-30-79
http://www.zhihu.com/people/zhao-yan-80
http://www.zhihu.com/people/itmouse
http://www.zhihu.com/people/SailBoat
http://www.zhihu.com/people/tutuyang
http://www.zhihu.com/people/yi-wen-yu
http://www.zhihu.com/people/jia-jue-shi
http://www.zhihu.com/people/joyce-20
http://www.zhihu.com/people/donsunny46664
http://www.zhihu.com/people/elivs-zhang
http://www.zhihu.com/people/yanjiang
http://www.zhihu.com/people/li-zhi-hui
http://www.zhihu.com/people/qiujun
http://www.zhihu.com/people/li-wei-qiang
http://www.zhihu.com/people/chen-gen
http://www.zhihu.com/people/vvwww
http://www.zhihu.com/people/zhou-lun-er
http://www.zhihu.com/people/jie-yun-hao
http://www.zhihu.com/people/blackanger
http://www.zhihu.com/people/feelyou
http://www.zhihu.com/people/colliun
http://www.zhihu.com/people/tian-yuan-79
http://www.zhihu.com/people/yiyeluwei
http://www.zhihu.com/people/jenniferqiu
http://www.zhihu.com/people/santiago
http://www.zhihu.com/people/gao-jie-36
http://www.zhihu.com/people/hxddh
http://www.zhihu.com/people/shunfeng
http://www.zhihu.com/people/coolxiaoyan
http://www.zhihu.com/people/ClutchBear
http://www.zhihu.com/people/du-tu-su
http://www.zhihu.com/people/liu-fei-peng
http://www.zhihu.com/people/mihuaer
http://www.zhihu.com/people/fabulousqi
http://www.zhihu.com/people/geontn
http://www.zhihu.com/people/zhou-ci-wei
http://www.zhihu.com/people/puloon
http://www.zhihu.com/people/naituida
http://www.zhihu.com/people/lailaiququ
http://www.zhihu.com/people/shan-kui-zhang
http://www.zhihu.com/people/yanghaiyu
http://www.zhihu.com/people/sansi
http://www.zhihu.com/people/w1zard
http://www.zhihu.com/people/neaton
http://www.zhihu.com/people/wiwjxx
http://www.zhihu.com/people/oxox
http://www.zhihu.com/people/enyu
http://www.zhihu.com/people/liuya802
http://www.zhihu.com/people/li-bao-ming-53
http://www.zhihu.com/people/Louis
http://www.zhihu.com/people/planeboy
http://www.zhihu.com/people/hao-li-jie
http://www.zhihu.com/people/du-mian-19
http://www.zhihu.com/people/domainfans
http://www.zhihu.com/people/lu-qing
http://www.zhihu.com/people/gutao
http://www.zhihu.com/people/xie-xiao-yao
http://www.zhihu.com/people/jobsfan
http://www.zhihu.com/people/felix-76
http://www.zhihu.com/people/liu-xiao-xue
http://www.zhihu.com/people/zhou-ying-57
http://www.zhihu.com/people/wang-min-min
http://www.zhihu.com/people/hensejz
http://www.zhihu.com/people/crazyguy
http://www.zhihu.com/people/hackdata
http://www.zhihu.com/people/ibuzzo
http://www.zhihu.com/people/lude
http://www.zhihu.com/people/sprite
http://www.zhihu.com/people/xuzhihong
http://www.zhihu.com/people/lao-hu
http://www.zhihu.com/people/chong
http://www.zhihu.com/people/azhu
http://www.zhihu.com/people/qite
http://www.zhihu.com/people/hu-qian-qiu
http://www.zhihu.com/people/tang-chen
http://www.zhihu.com/people/linktalk
http://www.zhihu.com/people/wangping
http://www.zhihu.com/people/wind
http://www.zhihu.com/people/tbbt
http://www.zhihu.com/people/sandaray
http://www.zhihu.com/people/Junejin
http://www.zhihu.com/people/dzai
http://www.zhihu.com/people/junzi
http://www.zhihu.com/people/xuyifan
http://www.zhihu.com/people/pooyi
http://www.zhihu.com/people/xianweizhang
http://www.zhihu.com/people/lanpi
http://www.zhihu.com/people/liu-xiu-lun
http://www.zhihu.com/people/timerecorder
http://www.zhihu.com/people/zhaoyang
http://www.zhihu.com/people/zebra
http://www.zhihu.com/people/diane
http://www.zhihu.com/people/lijinyang
http://www.zhihu.com/people/wu-da
http://www.zhihu.com/people/cdma2000
http://www.zhihu.com/people/jayjq
http://www.zhihu.com/people/hunk
http://www.zhihu.com/people/fu-shui-liu
http://www.zhihu.com/people/lihao
http://www.zhihu.com/people/xiaoji
http://www.zhihu.com/people/zhgc
http://www.zhihu.com/people/sunrui
http://www.zhihu.com/people/cash
http://www.zhihu.com/people/itike
http://www.zhihu.com/people/growingyears
http://www.zhihu.com/people/lujing
http://www.zhihu.com/people/jixin
http://www.zhihu.com/people/leo4u
http://www.zhihu.com/people/Zhang_Jian
http://www.zhihu.com/people/wubaolong
http://www.zhihu.com/people/zhu-xiao-cao
http://www.zhihu.com/people/beingv
http://www.zhihu.com/people/AnXian
http://www.zhihu.com/people/beta
http://www.zhihu.com/people/shengjia
http://www.zhihu.com/people/cody
http://www.zhihu.com/people/ccxxyy
http://www.zhihu.com/people/lin-jian
http://www.zhihu.com/people/quiver
http://www.zhihu.com/people/youthfilm
http://www.zhihu.com/people/zengwei
http://www.zhihu.com/people/5189808
http://www.zhihu.com/people/manu
http://www.zhihu.com/people/zhouyufeng
http://www.zhihu.com/people/wpyzone
http://www.zhihu.com/people/pu-xu-dong
http://www.zhihu.com/people/vicguo
http://www.zhihu.com/people/milo
http://www.zhihu.com/people/CCAV1
http://www.zhihu.com/people/gymitat
http://www.zhihu.com/people/zhangga
http://www.zhihu.com/people/alvin
http://www.zhihu.com/people/pillar
http://www.zhihu.com/people/jiachan
http://www.zhihu.com/people/qianjin
http://www.zhihu.com/people/liu-jun-tao
http://www.zhihu.com/people/hily
http://www.zhihu.com/people/shijun
http://www.zhihu.com/people/sealon
http://www.zhihu.com/people/infoman
http://www.zhihu.com/people/keenkang
http://www.zhihu.com/people/lizhihong
http://www.zhihu.com/people/mifan
http://www.zhihu.com/people/ceshi
http://www.zhihu.com/people/shao
http://www.zhihu.com/people/delphi
http://www.zhihu.com/people/qichong
http://www.zhihu.com/people/mcbuder
http://www.zhihu.com/people/lubenyuan.com
