http://www.zhihu.com/people/ding-tao-30
http://www.zhihu.com/people/ying-49
http://www.zhihu.com/people/liu-jin-long-44
http://www.zhihu.com/people/su-su-76-34
http://www.zhihu.com/people/khowarizmi
http://www.zhihu.com/people/yang-qi-han-50
http://www.zhihu.com/people/daisy-51-58
http://www.zhihu.com/people/wannian
http://www.zhihu.com/people/e-tong
http://www.zhihu.com/people/liu-ze-18-75
http://www.zhihu.com/people/niu-ji-ye
http://www.zhihu.com/people/sun-lin-9
http://www.zhihu.com/people/qian-jing-wei
http://www.zhihu.com/people/KinKanDesu
http://www.zhihu.com/people/stupident
http://www.zhihu.com/people/wu-song-65
http://www.zhihu.com/people/jiang-jia-yin-18
http://www.zhihu.com/people/deutsch-99
http://www.zhihu.com/people/cheng-jia-peng
http://www.zhihu.com/people/wen-da-ya-55
http://www.zhihu.com/people/ri-ye-qian-chi
http://www.zhihu.com/people/wang-li-bing
http://www.zhihu.com/people/carmencissy
http://www.zhihu.com/people/YEESA
http://www.zhihu.com/people/li-bo-yu-85
http://www.zhihu.com/people/qqw-ssdd
http://www.zhihu.com/people/steveten
http://www.zhihu.com/people/li-si-gu-niang
http://www.zhihu.com/people/megan-ma
http://www.zhihu.com/people/he-li-ying-13
http://www.zhihu.com/people/happy10086
http://www.zhihu.com/people/liu-lang-9
http://www.zhihu.com/people/chen-da-gou-18
http://www.zhihu.com/people/chen-yi-zhu-11
http://www.zhihu.com/people/yang-guang-xiao
http://www.zhihu.com/people/peoplegxs
http://www.zhihu.com/people/aullik5
http://www.zhihu.com/people/cai-yuan-zi-48
http://www.zhihu.com/people/tian-nan-gua
http://www.zhihu.com/people/bing-bing-30-82
http://www.zhihu.com/people/karaki
http://www.zhihu.com/people/TheChyi
http://www.zhihu.com/people/stephanie-73
http://www.zhihu.com/people/iyucci
http://www.zhihu.com/people/jessica-lau
http://www.zhihu.com/people/shi-yilang-cai
http://www.zhihu.com/people/peng-xing-qi
http://www.zhihu.com/people/zhou-mei-chen
http://www.zhihu.com/people/jephie
http://www.zhihu.com/people/zhou-hang-zheng-66
http://www.zhihu.com/people/frankd
http://www.zhihu.com/people/ri-ben-da-cong
http://www.zhihu.com/people/shao-yi-61
http://www.zhihu.com/people/wang-jia-wei-45-85
http://www.zhihu.com/people/techoxygen
http://www.zhihu.com/people/zhang-yiliu
http://www.zhihu.com/people/chen-qing-jun
http://www.zhihu.com/people/augustd
http://www.zhihu.com/people/bombless
http://www.zhihu.com/people/wu-kai-18
http://www.zhihu.com/people/zi-yan-9
http://www.zhihu.com/people/lebanner
http://www.zhihu.com/people/xiaohei
http://www.zhihu.com/people/ningba
http://www.zhihu.com/people/yan-bing-55
http://www.zhihu.com/people/brandeer
http://www.zhihu.com/people/TrusBe
http://www.zhihu.com/people/yao-xing-guang
http://www.zhihu.com/people/liu-xin-24-54
http://www.zhihu.com/people/allank21
http://www.zhihu.com/people/li-bai-he-62
http://www.zhihu.com/people/zflairz
http://www.zhihu.com/people/wujinzhi
http://www.zhihu.com/people/mengzhang
http://www.zhihu.com/people/yshone
http://www.zhihu.com/people/liu-yan-ya
http://www.zhihu.com/people/wu-wei-96-47
http://www.zhihu.com/people/endlessturelove
http://www.zhihu.com/people/chai-pi-ma
http://www.zhihu.com/people/zhang-de-rong
http://www.zhihu.com/people/cheng-fei
http://www.zhihu.com/people/wang-fang-fang-87
http://www.zhihu.com/people/taozi000
http://www.zhihu.com/people/houniao
http://www.zhihu.com/people/whale
http://www.zhihu.com/people/mo0o0fsjmf0icbi
http://www.zhihu.com/people/zhang-niu-niu
http://www.zhihu.com/people/huma
http://www.zhihu.com/people/mjmengjie
http://www.zhihu.com/people/chen-qing-33
http://www.zhihu.com/people/kyle928
http://www.zhihu.com/people/li-ya-nan-84
http://www.zhihu.com/people/jacochan
http://www.zhihu.com/people/xu-min-cong
http://www.zhihu.com/people/zoozle
http://www.zhihu.com/people/li-effie
http://www.zhihu.com/people/wen-peng
http://www.zhihu.com/people/zhu-hui-lai
http://www.zhihu.com/people/djjian
http://www.zhihu.com/people/chenruihong
http://www.zhihu.com/people/JoeyZhi
http://www.zhihu.com/people/anyan
http://www.zhihu.com/people/hanoi
http://www.zhihu.com/people/yuan-erer
http://www.zhihu.com/people/liu-shou-ye
http://www.zhihu.com/people/burado
http://www.zhihu.com/people/addjdkxeke
http://www.zhihu.com/people/fang-sheng-91
http://www.zhihu.com/people/allsaying
http://www.zhihu.com/people/ma-ke-14
http://www.zhihu.com/people/chen-zhou-zhou
http://www.zhihu.com/people/iamin
http://www.zhihu.com/people/jesse_luo
http://www.zhihu.com/people/oyeoye
http://www.zhihu.com/people/kingszar
http://www.zhihu.com/people/jinpengyuan
http://www.zhihu.com/people/skyxqc
http://www.zhihu.com/people/mochaz
http://www.zhihu.com/people/tang-mi-54
http://www.zhihu.com/people/nhsoft
http://www.zhihu.com/people/oxygen
http://www.zhihu.com/people/bei-wen-zhu-de-qing-wa
http://www.zhihu.com/people/xie-qiang
http://www.zhihu.com/people/oldtime
http://www.zhihu.com/people/adongdong
http://www.zhihu.com/people/xiaoqiushui
http://www.zhihu.com/people/tinjapp
http://www.zhihu.com/people/biao-dai-san-ge
http://www.zhihu.com/people/kooyi
http://www.zhihu.com/people/wu-da
http://www.zhihu.com/people/jimie
http://www.zhihu.com/people/flyingfish
http://www.zhihu.com/people/nautilus
http://www.zhihu.com/people/shbtr
http://www.zhihu.com/people/xiatao
http://www.zhihu.com/people/rovs
http://www.zhihu.com/people/wan-qing
http://www.zhihu.com/people/crazyguy
http://www.zhihu.com/people/xie-ting-wei
http://www.zhihu.com/people/chen-xiao-tu-66
http://www.zhihu.com/people/puloon
http://www.zhihu.com/people/pirate-henry
http://www.zhihu.com/people/zhangsimon
http://www.zhihu.com/people/billhan
http://www.zhihu.com/people/ai-zhi-ren
http://www.zhihu.com/people/jing-lei
http://www.zhihu.com/people/ni-nan
http://www.zhihu.com/people/skylovemm
http://www.zhihu.com/people/liuya802
http://www.zhihu.com/people/hu-qian-qiu
http://www.zhihu.com/people/leonpak
http://www.zhihu.com/people/r-t-iserlohn
http://www.zhihu.com/people/duck_1984
http://www.zhihu.com/people/tang-chen
http://www.zhihu.com/people/wangping
http://www.zhihu.com/people/wind
http://www.zhihu.com/people/neaton
http://www.zhihu.com/people/calmu
http://www.zhihu.com/people/Ataraxia002
http://www.zhihu.com/people/bomb-chen
http://www.zhihu.com/people/zhangga
http://www.zhihu.com/people/qianjin
http://www.zhihu.com/people/hehongwen
http://www.zhihu.com/people/cash
http://www.zhihu.com/people/jshisan
http://www.zhihu.com/people/chengyuan
http://www.zhihu.com/people/starbury
http://www.zhihu.com/people/huangjingyun
http://www.zhihu.com/people/quiver
http://www.zhihu.com/people/mifan
http://www.zhihu.com/people/fu-er
http://www.zhihu.com/people/li-bao-ming-53
http://www.zhihu.com/people/xu-jia-ming
http://www.zhihu.com/people/pu-xu-dong
http://www.zhihu.com/people/luoyundeng
http://www.zhihu.com/people/yu-ming-gu-wen-chen-tao
http://www.zhihu.com/people/sealon
http://www.zhihu.com/people/zhang-xiao-hei
http://www.zhihu.com/people/chengyin
http://www.zhihu.com/people/lubenyuan.com
http://www.zhihu.com/people/xuzhihong
http://www.zhihu.com/people/mcbuder
http://www.zhihu.com/people/gotit
