http://www.zhihu.com/people/bi-xin-qi
http://www.zhihu.com/people/gong-zheng-xuan
http://www.zhihu.com/people/hong-shi-huan-78
http://www.zhihu.com/people/ying-49
http://www.zhihu.com/people/cao-yi-an
http://www.zhihu.com/people/liu-jin-long-44
http://www.zhihu.com/people/guan-shu-ren
http://www.zhihu.com/people/boomop
http://www.zhihu.com/people/li-xiao-yong-65
http://www.zhihu.com/people/mo-tao-76-91
http://www.zhihu.com/people/xiang-pei
http://www.zhihu.com/people/li-zi-hao-31-76
http://www.zhihu.com/people/yan-zi-85
http://www.zhihu.com/people/emily-37-4
http://www.zhihu.com/people/li-shi-tou-48
http://www.zhihu.com/people/xu-ke-35-53
http://www.zhihu.com/people/chen-zhong-72
http://www.zhihu.com/people/zhang-mei-hua
http://www.zhihu.com/people/wang-jing-27-65
http://www.zhihu.com/people/Zorina
http://www.zhihu.com/people/zhou-zi-qin
http://www.zhihu.com/people/zhang-ting-6-32
http://www.zhihu.com/people/wang-zhen-ya-94
http://www.zhihu.com/people/zhengbuyuan
http://www.zhihu.com/people/hai-shan-23
http://www.zhihu.com/people/xiao-chu
http://www.zhihu.com/people/kkkkkira
http://www.zhihu.com/people/zhu-yixin-42
http://www.zhihu.com/people/zhen-yu-tong
http://www.zhihu.com/people/hou-ye-60
http://www.zhihu.com/people/tao-gu-niang
http://www.zhihu.com/people/zhang-jing-88-76
http://www.zhihu.com/people/sun-san-81
http://www.zhihu.com/people/zehang-li
http://www.zhihu.com/people/zhang-jing-yu-35-2
http://www.zhihu.com/people/lcsanssavoir
http://www.zhihu.com/people/liu-ze-18-75
http://www.zhihu.com/people/ding-ding-84-86
http://www.zhihu.com/people/jun-yi-14
http://www.zhihu.com/people/la-la-ba-xi-lie
http://www.zhihu.com/people/dong-jia-bin
http://www.zhihu.com/people/wu-min-jie-32
http://www.zhihu.com/people/fan-fan-40-41
http://www.zhihu.com/people/ma-shuang-xi
http://www.zhihu.com/people/zhang-chen-57
http://www.zhihu.com/people/yuan-you-tao-25
http://www.zhihu.com/people/pimgeek
http://www.zhihu.com/people/ding-ze-yu-97
http://www.zhihu.com/people/wei-chao-feng
http://www.zhihu.com/people/qian-jing-wei
http://www.zhihu.com/people/lu-yao-23-74
http://www.zhihu.com/people/li-chou-yi
http://www.zhihu.com/people/khaki-29
http://www.zhihu.com/people/2gouzi
http://www.zhihu.com/people/pan-shi-yun
http://www.zhihu.com/people/mo-xu-you-20
http://www.zhihu.com/people/ruan-qi-chun
http://www.zhihu.com/people/jin-xin-46-39
http://www.zhihu.com/people/Lovezhangkun
http://www.zhihu.com/people/imajin
http://www.zhihu.com/people/dong-chen-xi-0205
http://www.zhihu.com/people/gangeliaoluo
http://www.zhihu.com/people/he-ming-han
http://www.zhihu.com/people/tan-ri-tian
http://www.zhihu.com/people/xubowen
http://www.zhihu.com/people/nuonuolili
http://www.zhihu.com/people/hu-rou
http://www.zhihu.com/people/nijing
http://www.zhihu.com/people/pang-chao-16
http://www.zhihu.com/people/bi-peng
http://www.zhihu.com/people/yi-zhi-83
http://www.zhihu.com/people/wen-da-ya-55
http://www.zhihu.com/people/ri-ye-qian-chi
http://www.zhihu.com/people/cheng-ling-ling-9
http://www.zhihu.com/people/li-bo-yu-85
http://www.zhihu.com/people/xiong-zhuang-44
http://www.zhihu.com/people/yu-zhe-32-34
http://www.zhihu.com/people/train1110
http://www.zhihu.com/people/zhang-yi-fan-48
http://www.zhihu.com/people/megan-ma
http://www.zhihu.com/people/chen-zhong-yi-16
http://www.zhihu.com/people/li-yun-yun-76
http://www.zhihu.com/people/michelleyan
http://www.zhihu.com/people/hei-qia-pu-li-ao
http://www.zhihu.com/people/xiang-dang-dang-47
http://www.zhihu.com/people/zhu-bo-tao
http://www.zhihu.com/people/jiang-yuan-bo-81
http://www.zhihu.com/people/li-shou-yin-89
http://www.zhihu.com/people/cao-meng-di
http://www.zhihu.com/people/stela
http://www.zhihu.com/people/yao-yao-28-52
http://www.zhihu.com/people/tao-li-1-15
http://www.zhihu.com/people/xu-yun-fang-49
http://www.zhihu.com/people/umifam
http://www.zhihu.com/people/xuexx
http://www.zhihu.com/people/face-li
http://www.zhihu.com/people/tang-zi-qi-10
http://www.zhihu.com/people/yi-da-1
http://www.zhihu.com/people/stephanie-73
http://www.zhihu.com/people/peoplegxs
http://www.zhihu.com/people/AirBlue
http://www.zhihu.com/people/wang-fu-kang
http://www.zhihu.com/people/hong-cheng-52-9
http://www.zhihu.com/people/zhong-ye-zi-49
http://www.zhihu.com/people/liu-xiao-zhui
http://www.zhihu.com/people/yuke-fighting
http://www.zhihu.com/people/ma-jia-chen
http://www.zhihu.com/people/iyucci
http://www.zhihu.com/people/zhang-zhen-92-15
http://www.zhihu.com/people/tian-yu-93
http://www.zhihu.com/people/lancedu-nan-ban
http://www.zhihu.com/people/hu-jacky
http://www.zhihu.com/people/helo-wei
http://www.zhihu.com/people/zhaojun4084
http://www.zhihu.com/people/fajia
http://www.zhihu.com/people/ahuman
http://www.zhihu.com/people/zaiyiqi
http://www.zhihu.com/people/xia-fei-35
http://www.zhihu.com/people/liu-yuan-shan
http://www.zhihu.com/people/techoxygen
http://www.zhihu.com/people/nooyo
http://www.zhihu.com/people/mo-zhi-tong-xue
http://www.zhihu.com/people/cai-ji-feng-19
http://www.zhihu.com/people/wu-wen-kui
http://www.zhihu.com/people/jack-35-66
http://www.zhihu.com/people/shao-xiao-28
http://www.zhihu.com/people/wen-da-zhuang
http://www.zhihu.com/people/he-mu-78
http://www.zhihu.com/people/zhuyawen
http://www.zhihu.com/people/an-zhi-25
http://www.zhihu.com/people/bboczeng
http://www.zhihu.com/people/lin-bo-84
http://www.zhihu.com/people/li-da-ding
http://www.zhihu.com/people/liu-xiao-huan-81
http://www.zhihu.com/people/feng-jin-yang
http://www.zhihu.com/people/rita-14-47
http://www.zhihu.com/people/imceobitch
http://www.zhihu.com/people/zhang-de-rong
http://www.zhihu.com/people/Bingchean
http://www.zhihu.com/people/huanghuihui1991
http://www.zhihu.com/people/big-orange
http://www.zhihu.com/people/will-37
http://www.zhihu.com/people/zhuye
http://www.zhihu.com/people/xutosca
http://www.zhihu.com/people/xie-jia-di-29
http://www.zhihu.com/people/li-peng-yu
http://www.zhihu.com/people/zhang-jian-wei-1225
http://www.zhihu.com/people/flitpend
http://www.zhihu.com/people/shi-jia-ming-88
http://www.zhihu.com/people/xu-yu-xiang-74
http://www.zhihu.com/people/yshone
http://www.zhihu.com/people/wang-chen-46-51
http://www.zhihu.com/people/game
http://www.zhihu.com/people/winter549
http://www.zhihu.com/people/xu-meng-yang
http://www.zhihu.com/people/xiaodaoren
http://www.zhihu.com/people/zhangle42
http://www.zhihu.com/people/siegr
http://www.zhihu.com/people/chouthen
http://www.zhihu.com/people/laura-2
http://www.zhihu.com/people/maxrain
http://www.zhihu.com/people/shi-zhen-xiang
http://www.zhihu.com/people/wang-li-nuo-77-51
http://www.zhihu.com/people/shen-li-85
http://www.zhihu.com/people/masterpiece
http://www.zhihu.com/people/bnomb3
http://www.zhihu.com/people/suodi
http://www.zhihu.com/people/yang-cong-quan-man-tou
http://www.zhihu.com/people/hokum
http://www.zhihu.com/people/zhangbin
http://www.zhihu.com/people/luo-tian-rui
http://www.zhihu.com/people/elk-68
http://www.zhihu.com/people/qiao-bang
http://www.zhihu.com/people/puyun
http://www.zhihu.com/people/liu-shuang-yang
http://www.zhihu.com/people/ma-yu-fei-58
http://www.zhihu.com/people/cai-yuan-pei
http://www.zhihu.com/people/beichen
http://www.zhihu.com/people/wu-da
http://www.zhihu.com/people/zengguihong
http://www.zhihu.com/people/dan-shu-hang
http://www.zhihu.com/people/leng-shuai
http://www.zhihu.com/people/zhilishu
http://www.zhihu.com/people/pan-qian-hua
http://www.zhihu.com/people/song-yuan-jia-77
http://www.zhihu.com/people/zhu-jun-qiang
http://www.zhihu.com/people/zombie
http://www.zhihu.com/people/wang-feng
http://www.zhihu.com/people/ma-qing-ming
http://www.zhihu.com/people/bcstyle
http://www.zhihu.com/people/lihaoacm
http://www.zhihu.com/people/suncuss
http://www.zhihu.com/people/liu-xiang-long
http://www.zhihu.com/people/wo-xin-qi-qi
http://www.zhihu.com/people/shenjiebuliwo
http://www.zhihu.com/people/chen-jian-de
http://www.zhihu.com/people/penpenwang
http://www.zhihu.com/people/zhangteng
http://www.zhihu.com/people/shicheng
http://www.zhihu.com/people/liu-zhi-43
http://www.zhihu.com/people/thomas8589
http://www.zhihu.com/people/yeyi
http://www.zhihu.com/people/jixin
http://www.zhihu.com/people/shek
http://www.zhihu.com/people/xin-xin-91
http://www.zhihu.com/people/ywzgb
http://www.zhihu.com/people/cao-rui-weng
http://www.zhihu.com/people/guqiang
http://www.zhihu.com/people/osiris-wind
http://www.zhihu.com/people/wang-heng-tong
http://www.zhihu.com/people/lihua
http://www.zhihu.com/people/laoqian
