http://www.zhihu.com/people/li-ding-guo-33
http://www.zhihu.com/people/wang-lu-25-53
http://www.zhihu.com/people/dong-ni-11
http://www.zhihu.com/people/oogoo
http://www.zhihu.com/people/holyperry
http://www.zhihu.com/people/Daniel_Lu
http://www.zhihu.com/people/wu-tong-92-50
http://www.zhihu.com/people/pan-yu-ting-37
http://www.zhihu.com/people/xie-ke-ke-4
http://www.zhihu.com/people/se-kong-bu-er
http://www.zhihu.com/people/knowwei
http://www.zhihu.com/people/sandrene
http://www.zhihu.com/people/dinglis
http://www.zhihu.com/people/chen-wei-bin-40
http://www.zhihu.com/people/ding-mo-cun
http://www.zhihu.com/people/Yakinrossa
http://www.zhihu.com/people/wang-jiang-89
http://www.zhihu.com/people/someboby
http://www.zhihu.com/people/bfjiaren
http://www.zhihu.com/people/wang-yue-guan-ma
http://www.zhihu.com/people/zhu-bo-tao
http://www.zhihu.com/people/morphine-TN
http://www.zhihu.com/people/yu-qiu-31
http://www.zhihu.com/people/bluer-mr
http://www.zhihu.com/people/york-cheung
http://www.zhihu.com/people/tina-li-69
http://www.zhihu.com/people/tian-xue-hao
http://www.zhihu.com/people/yu-liu-25
http://www.zhihu.com/people/chuan-99
http://www.zhihu.com/people/wang-guo-han
http://www.zhihu.com/people/cheng-ruizar
http://www.zhihu.com/people/balai
http://www.zhihu.com/people/be-with-lele
http://www.zhihu.com/people/peoplegxs
http://www.zhihu.com/people/lchongbo
http://www.zhihu.com/people/he-men-ya
http://www.zhihu.com/people/jamesky907
http://www.zhihu.com/people/liu-lang-23
http://www.zhihu.com/people/zhang-yan-lei-69
http://www.zhihu.com/people/bai-shi-58
http://www.zhihu.com/people/sun-chen-1116
http://www.zhihu.com/people/jdoi
http://www.zhihu.com/people/zorrot-ui
http://www.zhihu.com/people/xin-yang-15
http://www.zhihu.com/people/wei-qian-26
http://www.zhihu.com/people/liu-su-9
http://www.zhihu.com/people/carlzai
http://www.zhihu.com/people/xiaoshuai-63
http://www.zhihu.com/people/milkcold
http://www.zhihu.com/people/xu-dan-62
http://www.zhihu.com/people/yeon-lau
http://www.zhihu.com/people/bailob
http://www.zhihu.com/people/xuzhihong
http://www.zhihu.com/people/wang-jiang-fei
http://www.zhihu.com/people/chen-fei-40
http://www.zhihu.com/people/liao-chang-kong
http://www.zhihu.com/people/lizzyo
http://www.zhihu.com/people/cai-bo-gang
http://www.zhihu.com/people/patron
http://www.zhihu.com/people/huanghuihui1991
http://www.zhihu.com/people/yuan-cheng-86
http://www.zhihu.com/people/sherry-2
http://www.zhihu.com/people/Jene
http://www.zhihu.com/people/shi-qing-53
http://www.zhihu.com/people/tth901022
http://www.zhihu.com/people/mike-51
http://www.zhihu.com/people/jin-qiao-chu
http://www.zhihu.com/people/the-sims
http://www.zhihu.com/people/px5000
http://www.zhihu.com/people/chen-xi-32-77
http://www.zhihu.com/people/luckystar
http://www.zhihu.com/people/aNiuV5
http://www.zhihu.com/people/mo-zhu-18
http://www.zhihu.com/people/echo-53
http://www.zhihu.com/people/wang-tian-jun-68
http://www.zhihu.com/people/rexchan
http://www.zhihu.com/people/zhouwenrong
http://www.zhihu.com/people/ge-zhong
http://www.zhihu.com/people/PeterDeng
http://www.zhihu.com/people/jixin
http://www.zhihu.com/people/hmzhou
http://www.zhihu.com/people/xuanjianfeng
http://www.zhihu.com/people/katiejiang
http://www.zhihu.com/people/davidqin
http://www.zhihu.com/people/wu-sheng-ming
http://www.zhihu.com/people/raymond-wang
http://www.zhihu.com/people/alan-zc
