http://www.zhihu.com/people/gong-zheng-xuan
http://www.zhihu.com/people/SYIU8
http://www.zhihu.com/people/cao-yi-an
http://www.zhihu.com/people/jia-xiao-tai
http://www.zhihu.com/people/liu-jin-long-44
http://www.zhihu.com/people/bao-li-di-tie
http://www.zhihu.com/people/wangchao821
http://www.zhihu.com/people/luoxiaoju
http://www.zhihu.com/people/xia-mo-46
http://www.zhihu.com/people/jiang-hui-ying-15
http://www.zhihu.com/people/xie-pei-li
http://www.zhihu.com/people/tcstar
http://www.zhihu.com/people/liu-xiao-guai-89
http://www.zhihu.com/people/yang-chun-17
http://www.zhihu.com/people/leileibaby
http://www.zhihu.com/people/sherry-yu-95
http://www.zhihu.com/people/deng-han-lu-32
http://www.zhihu.com/people/yu-zhu-yi-xing
http://www.zhihu.com/people/tonng
http://www.zhihu.com/people/bao-ying-28-56
http://www.zhihu.com/people/kashinging
http://www.zhihu.com/people/zhang-yi-fan-48
http://www.zhihu.com/people/li-ao-ao
http://www.zhihu.com/people/liang-yu-hao-7-10
http://www.zhihu.com/people/zhang-xi-yue-doris
http://www.zhihu.com/people/deviceperk
http://www.zhihu.com/people/Sensation
http://www.zhihu.com/people/lu-xie-65
http://www.zhihu.com/people/alex-huang-9
http://www.zhihu.com/people/wu-shuang-66-93
http://www.zhihu.com/people/jiang-wen-zhen
http://www.zhihu.com/people/jia-hou-zi
http://www.zhihu.com/people/kang-niu-niu-89
http://www.zhihu.com/people/tu-dou-si-18
http://www.zhihu.com/people/zhao-fei-yi
http://www.zhihu.com/people/lan-qiao-81
http://www.zhihu.com/people/li-ao-wen
http://www.zhihu.com/people/zhong-ren-lei-35
http://www.zhihu.com/people/xuexiaozhe
http://www.zhihu.com/people/fireracer
http://www.zhihu.com/people/huang-miao-miao-55
http://www.zhihu.com/people/Dominic_
http://www.zhihu.com/people/xiao-luo-54
http://www.zhihu.com/people/yang-guang-jin
http://www.zhihu.com/people/shevchenko-57
http://www.zhihu.com/people/xie-wei-you
http://www.zhihu.com/people/ding-ding-84-86
http://www.zhihu.com/people/bo-wen-49
http://www.zhihu.com/people/syss-yu
http://www.zhihu.com/people/jiang-xiao-yang-58
http://www.zhihu.com/people/xu-shuo-fei
http://www.zhihu.com/people/sun-wu-jing-4
http://www.zhihu.com/people/yuan-you-tao-25
http://www.zhihu.com/people/niu-ji-ye
http://www.zhihu.com/people/ming-feng-82
http://www.zhihu.com/people/qian-jing-wei
http://www.zhihu.com/people/yiruo-zhang
http://www.zhihu.com/people/khaki-29
http://www.zhihu.com/people/fabulousqi
http://www.zhihu.com/people/xiao-fei-25
http://www.zhihu.com/people/folkyou
http://www.zhihu.com/people/rose-61
http://www.zhihu.com/people/yi-lin515
http://www.zhihu.com/people/yi-sen-8
http://www.zhihu.com/people/huo-jia-14
http://www.zhihu.com/people/oweninboston
http://www.zhihu.com/people/pan-shi-yun
http://www.zhihu.com/people/mazimin
http://www.zhihu.com/people/li-shu-fen-76
http://www.zhihu.com/people/tian-jing-10
http://www.zhihu.com/people/langzhasq
http://www.zhihu.com/people/xiepanda
http://www.zhihu.com/people/erikyang
http://www.zhihu.com/people/guo-yun-he
http://www.zhihu.com/people/wen-kun-guo
http://www.zhihu.com/people/bai-ye-51
http://www.zhihu.com/people/GilgameshK
http://www.zhihu.com/people/namiheike
http://www.zhihu.com/people/zhang-jing-lin
http://www.zhihu.com/people/messi-ling
http://www.zhihu.com/people/zhou-hui-shao
http://www.zhihu.com/people/live-dong
http://www.zhihu.com/people/chen-wei-57
http://www.zhihu.com/people/xue-er-33
http://www.zhihu.com/people/ivanlee
http://www.zhihu.com/people/yi-jia-23
http://www.zhihu.com/people/tang-jing-yu-24
http://www.zhihu.com/people/zhong-guo-gong-ren
http://www.zhihu.com/people/mi-sheng-qiang
http://www.zhihu.com/people/he-de-wen
http://www.zhihu.com/people/j-tardis
http://www.zhihu.com/people/erik
http://www.zhihu.com/people/li-gou-hai-12-23
http://www.zhihu.com/people/wangtengchuan
http://www.zhihu.com/people/flusky
http://www.zhihu.com/people/han-shui-jia-huo
http://www.zhihu.com/people/jysm
http://www.zhihu.com/people/huo-cheng-68
http://www.zhihu.com/people/li-zi-shu
http://www.zhihu.com/people/lle-ade
http://www.zhihu.com/people/wangpengyu
http://www.zhihu.com/people/dan-feng-29
http://www.zhihu.com/people/lin-zhao-wen-83
http://www.zhihu.com/people/xi-xi-yang-9
http://www.zhihu.com/people/cai-xiao-fan
http://www.zhihu.com/people/zhang-qiang-93-1
http://www.zhihu.com/people/liu-lei-2-79
http://www.zhihu.com/people/song-jin-shu
http://www.zhihu.com/people/cuizhanya
http://www.zhihu.com/people/wang-feng-85-24
http://www.zhihu.com/people/loadin
http://www.zhihu.com/people/su-mo-xiao-yi
http://www.zhihu.com/people/shi-lan-12
http://www.zhihu.com/people/tan-ri-tian
http://www.zhihu.com/people/soluna
http://www.zhihu.com/people/shao-xiong-64
http://www.zhihu.com/people/bear143
http://www.zhihu.com/people/torres
http://www.zhihu.com/people/dizhe
http://www.zhihu.com/people/zhao-han-70
http://www.zhihu.com/people/lycheeorange
http://www.zhihu.com/people/zhaoxiaominzi
http://www.zhihu.com/people/everte
http://www.zhihu.com/people/Changmingwei
http://www.zhihu.com/people/dai-xiao-lan
http://www.zhihu.com/people/quan-quan-35-32
http://www.zhihu.com/people/andyfoolish
http://www.zhihu.com/people/douzifly
http://www.zhihu.com/people/gxyfish
http://www.zhihu.com/people/chen-zi-wei-31
http://www.zhihu.com/people/cheng-jia-peng
http://www.zhihu.com/people/huang-ye-lou
http://www.zhihu.com/people/zhang-bo-67-32
http://www.zhihu.com/people/zhang-zhou-an
http://www.zhihu.com/people/li-bin-77-75
http://www.zhihu.com/people/li-wyeth
http://www.zhihu.com/people/jian-guang-60
http://www.zhihu.com/people/albert-hu
http://www.zhihu.com/people/ci-li-li
http://www.zhihu.com/people/hxl0708
http://www.zhihu.com/people/mao-jia-71
http://www.zhihu.com/people/bi-peng
http://www.zhihu.com/people/yan-yan-41-19
http://www.zhihu.com/people/wen-da-ya-55
http://www.zhihu.com/people/myqqhero
http://www.zhihu.com/people/bitmirage
http://www.zhihu.com/people/li-yang-52-66-5
http://www.zhihu.com/people/ri-ye-qian-chi
http://www.zhihu.com/people/jing-xiao-liang
http://www.zhihu.com/people/florence-3
http://www.zhihu.com/people/amiskeiv
http://www.zhihu.com/people/tansuo19
http://www.zhihu.com/people/a-zhu-24
http://www.zhihu.com/people/li-bo-yu-85
http://www.zhihu.com/people/xu-ting-70
http://www.zhihu.com/people/nyanzhang
http://www.zhihu.com/people/ri-zhao-qing-yuan
http://www.zhihu.com/people/delab
http://www.zhihu.com/people/megan-ma
http://www.zhihu.com/people/bi-hua-shao-nian-82
http://www.zhihu.com/people/xia-wei-zhu
http://www.zhihu.com/people/tao-hua-shui-mu
http://www.zhihu.com/people/li-yun-yun-76
http://www.zhihu.com/people/chu-tian-shu-9
http://www.zhihu.com/people/jonson-fang
http://www.zhihu.com/people/kateausten
http://www.zhihu.com/people/walter-32
http://www.zhihu.com/people/qian-chao-42
http://www.zhihu.com/people/guo-ming-yang-49
http://www.zhihu.com/people/jia-zhi-20
http://www.zhihu.com/people/shang-tai-kun
http://www.zhihu.com/people/qi-qi-52-78
http://www.zhihu.com/people/chengyuan
http://www.zhihu.com/people/li-wen-24
http://www.zhihu.com/people/xiong-zhuang-44
http://www.zhihu.com/people/wang-chu-cheng
http://www.zhihu.com/people/hu-dian-69
http://www.zhihu.com/people/yang-xiao-er-72
http://www.zhihu.com/people/stephanie-73
http://www.zhihu.com/people/drifter-16
http://www.zhihu.com/people/fan-xu-51
http://www.zhihu.com/people/catpart
http://www.zhihu.com/people/hangaoyong
http://www.zhihu.com/people/changeself
http://www.zhihu.com/people/shi-jia-qi-72
http://www.zhihu.com/people/SUNYATSEN
http://www.zhihu.com/people/zhuang-chu-qin-zhang-yu
http://www.zhihu.com/people/wang-tian-jun-68
http://www.zhihu.com/people/liu-bin-15-3
http://www.zhihu.com/people/gaorunning
http://www.zhihu.com/people/linyishu
http://www.zhihu.com/people/pydison
http://www.zhihu.com/people/song-lu-12
http://www.zhihu.com/people/wang-zheng-32-71
http://www.zhihu.com/people/zhang-kai-rong
http://www.zhihu.com/people/hu-kf
http://www.zhihu.com/people/bai-wen-ming
http://www.zhihu.com/people/techoxygen
http://www.zhihu.com/people/zhihuun
http://www.zhihu.com/people/zhu-xiao-wu-77
http://www.zhihu.com/people/leepengbo
http://www.zhihu.com/people/jackie-69
http://www.zhihu.com/people/chi-xiao-ming
http://www.zhihu.com/people/wu-han-bin
http://www.zhihu.com/people/chen-yan-zhong
http://www.zhihu.com/people/rui-jiu-jiu
http://www.zhihu.com/people/mali
http://www.zhihu.com/people/zhang-yiliu
http://www.zhihu.com/people/vicareicaros
http://www.zhihu.com/people/wu-chen-24-59
http://www.zhihu.com/people/luoyandi
http://www.zhihu.com/people/gao-yu-bo
http://www.zhihu.com/people/jia-lu-zhang
http://www.zhihu.com/people/orzzhang
http://www.zhihu.com/people/hu-xin-21
http://www.zhihu.com/people/bi-you-72
http://www.zhihu.com/people/edison-84
http://www.zhihu.com/people/zhu-jun-qiang
http://www.zhihu.com/people/shao-lin-33
http://www.zhihu.com/people/zouyun
http://www.zhihu.com/people/chang-kai-xin-85
http://www.zhihu.com/people/liang-yu-fan
http://www.zhihu.com/people/ricky-83
http://www.zhihu.com/people/R00T
http://www.zhihu.com/people/yu-ming-gu-wen-chen-tao
http://www.zhihu.com/people/Paitanapilahmima
http://www.zhihu.com/people/yu-hao
http://www.zhihu.com/people/chang-hong-jia
http://www.zhihu.com/people/tongeril
http://www.zhihu.com/people/ai-jia-yuan
http://www.zhihu.com/people/a-hua-63
http://www.zhihu.com/people/li-zhi-hui-96
http://www.zhihu.com/people/li-ping-fan-39
http://www.zhihu.com/people/miaosjn
http://www.zhihu.com/people/tazx
http://www.zhihu.com/people/castiel-83
http://www.zhihu.com/people/feng-chu-zhu
http://www.zhihu.com/people/10250
http://www.zhihu.com/people/liu-xian-fei
http://www.zhihu.com/people/bitaylor
http://www.zhihu.com/people/qi-xuan
http://www.zhihu.com/people/jiayizhen
http://www.zhihu.com/people/xia-ruolan
http://www.zhihu.com/people/zhang-hao-22
http://www.zhihu.com/people/chen-yan-huan-94
http://www.zhihu.com/people/zhao-zi-chu
http://www.zhihu.com/people/wang-yuan-66-5
http://www.zhihu.com/people/gymitat
http://www.zhihu.com/people/ling-xing-56
http://www.zhihu.com/people/tu-guo-qiang
http://www.zhihu.com/people/laprily.X
http://www.zhihu.com/people/hai-yang
http://www.zhihu.com/people/luodachuan
http://www.zhihu.com/people/Yiqueen
http://www.zhihu.com/people/yskin
http://www.zhihu.com/people/zinph
http://www.zhihu.com/people/rita-14-47
http://www.zhihu.com/people/SkyWalkerAL
http://www.zhihu.com/people/misink
http://www.zhihu.com/people/drimdo
http://www.zhihu.com/people/xddxy
http://www.zhihu.com/people/ma-hao-55
http://www.zhihu.com/people/handong1986
http://www.zhihu.com/people/dizzarz
