http://www.zhihu.com/people/youted-youted
http://www.zhihu.com/people/wee1
http://www.zhihu.com/people/yoyo1412
http://www.zhihu.com/people/li-yu-mei-hu
http://www.zhihu.com/people/bumz
http://www.zhihu.com/people/wu-bei-47-18
http://www.zhihu.com/people/hu-di-57-16
http://www.zhihu.com/people/tobeornottobe
http://www.zhihu.com/people/zhou-zi-qin
http://www.zhihu.com/people/oddsu
http://www.zhihu.com/people/chengz-93
http://www.zhihu.com/people/jia-zhi-84
http://www.zhihu.com/people/wu-yan-de-22
http://www.zhihu.com/people/wang-kun-7-73
http://www.zhihu.com/people/sediment-chen
http://www.zhihu.com/people/li-bin-0718
http://www.zhihu.com/people/yetsun-lam
http://www.zhihu.com/people/huang-guan-si
http://www.zhihu.com/people/wang-wen-han-Ted
http://www.zhihu.com/people/mi-hui-zi-7
http://www.zhihu.com/people/pan-yu-feng
http://www.zhihu.com/people/philoxiaofeiji
http://www.zhihu.com/people/forw65
http://www.zhihu.com/people/yang-guan-yu-82
http://www.zhihu.com/people/avicihu
http://www.zhihu.com/people/hu-wei-13
http://www.zhihu.com/people/dou-zi-82
http://www.zhihu.com/people/yin-en-chen
http://www.zhihu.com/people/deng-kang-er
http://www.zhihu.com/people/zhang-wei-85-62
http://www.zhihu.com/people/ou-ni-jiang
http://www.zhihu.com/people/sun-an-nan
http://www.zhihu.com/people/mu-shu-53
http://www.zhihu.com/people/chen-zhi-zhi-85-63
http://www.zhihu.com/people/hu-bian-19
http://www.zhihu.com/people/shan-kui-zhang
http://www.zhihu.com/people/tcstar
http://www.zhihu.com/people/zhang-san-feng-85-81
http://www.zhihu.com/people/fakingstats
http://www.zhihu.com/people/byerancy
http://www.zhihu.com/people/yan-yu-56-81
http://www.zhihu.com/people/qiu-mou-ren
http://www.zhihu.com/people/zhao-li-ji-53
http://www.zhihu.com/people/qiao-hua-hua
http://www.zhihu.com/people/song-rui-84
http://www.zhihu.com/people/samyhello
http://www.zhihu.com/people/mingon-von
http://www.zhihu.com/people/zi-jin-74
http://www.zhihu.com/people/ma-ding-71-92
http://www.zhihu.com/people/guo-yu-er
http://www.zhihu.com/people/shao-xiong-64
http://www.zhihu.com/people/li-peng-peng-18
http://www.zhihu.com/people/long-yan-xi-85
http://www.zhihu.com/people/sai-er-kai-da
http://www.zhihu.com/people/mao-que-li
http://www.zhihu.com/people/wolf_wu
http://www.zhihu.com/people/raoquancheng
http://www.zhihu.com/people/stonephilips
http://www.zhihu.com/people/luanxiaoyong
http://www.zhihu.com/people/chan-31
http://www.zhihu.com/people/xuan-ting-ting
http://www.zhihu.com/people/peiyong
http://www.zhihu.com/people/shi-rui-89
http://www.zhihu.com/people/wei-yuan-zhe
http://www.zhihu.com/people/guo-du-zhi
http://www.zhihu.com/people/lun-tai
http://www.zhihu.com/people/pojunxiao
http://www.zhihu.com/people/ironsunny
http://www.zhihu.com/people/li-zhe-54-7
http://www.zhihu.com/people/xiao-tan-43
http://www.zhihu.com/people/ma-guang-31
http://www.zhihu.com/people/yan-da-hai-919
http://www.zhihu.com/people/michelleyan
http://www.zhihu.com/people/yuan-you-tao-25
http://www.zhihu.com/people/yongshixiaomao
http://www.zhihu.com/people/shu-xiong-88
http://www.zhihu.com/people/feng-yang-16
http://www.zhihu.com/people/gao-ming-89
http://www.zhihu.com/people/cao-xing-zhi
http://www.zhihu.com/people/yang-ya-di
http://www.zhihu.com/people/huang-di-xiao-sheng
http://www.zhihu.com/people/wei-jun-72-33
http://www.zhihu.com/people/zhibo-li
http://www.zhihu.com/people/gua-niu-52-52
http://www.zhihu.com/people/chen-xi-8-72
http://www.zhihu.com/people/alice-45-16
http://www.zhihu.com/people/yao-miao-yan
http://www.zhihu.com/people/tan-li-9800
http://www.zhihu.com/people/xie-xi-22
http://www.zhihu.com/people/xie-li-36
http://www.zhihu.com/people/wei-xie-chuan
http://www.zhihu.com/people/song-xiao-chen-35
http://www.zhihu.com/people/hao-qing-shan
http://www.zhihu.com/people/hang-hang-7
http://www.zhihu.com/people/queen-ann-54
http://www.zhihu.com/people/nickys
http://www.zhihu.com/people/peng-xiao-han
http://www.zhihu.com/people/chenjianferrari
http://www.zhihu.com/people/ben-xiang-84
http://www.zhihu.com/people/huo-jia-14
http://www.zhihu.com/people/xuexiaozhe
http://www.zhihu.com/people/he-er-76
http://www.zhihu.com/people/hysic
http://www.zhihu.com/people/xiao-xiao-nuo-15
http://www.zhihu.com/people/jing350124
http://www.zhihu.com/people/ciel-by
http://www.zhihu.com/people/zhang-xiao-ming-49-55
http://www.zhihu.com/people/haoo-71
http://www.zhihu.com/people/zhu-jun-78-13
http://www.zhihu.com/people/peng-yi-dou
http://www.zhihu.com/people/yu-hui-feng-24
http://www.zhihu.com/people/jingqiaoqiao
http://www.zhihu.com/people/cai-ni-36
http://www.zhihu.com/people/ryan-42-5
http://www.zhihu.com/people/mou-kang-ni
http://www.zhihu.com/people/Mr.F
http://www.zhihu.com/people/wu-shi-xiong
http://www.zhihu.com/people/Zuodun
http://www.zhihu.com/people/tang-xun-83
http://www.zhihu.com/people/ma-ling-yi
http://www.zhihu.com/people/tan-ri-tian
http://www.zhihu.com/people/glacierlee
http://www.zhihu.com/people/yao-huang-wei-zi-42
http://www.zhihu.com/people/wang-hong-69
http://www.zhihu.com/people/themanuela
http://www.zhihu.com/people/messi-ling
http://www.zhihu.com/people/Jason.Chen
http://www.zhihu.com/people/guo-san-40
http://www.zhihu.com/people/xu-peng-jie
http://www.zhihu.com/people/dizhe
http://www.zhihu.com/people/jesse-wang-53
http://www.zhihu.com/people/li-li-31-33
http://www.zhihu.com/people/xiao-gu-74
http://www.zhihu.com/people/si-ci-yuan-shen-da-shao
http://www.zhihu.com/people/shensa
http://www.zhihu.com/people/graphic
http://www.zhihu.com/people/guo-da-lu-13-28
http://www.zhihu.com/people/liu-chen-15
http://www.zhihu.com/people/qi-si-mavis
http://www.zhihu.com/people/godfly
http://www.zhihu.com/people/chen-xiang-48-47
http://www.zhihu.com/people/shao-ta-yi
http://www.zhihu.com/people/bad-phi
http://www.zhihu.com/people/liu-ya-kun-1
http://www.zhihu.com/people/yang-lisle
http://www.zhihu.com/people/tang-yue-ying
http://www.zhihu.com/people/mi-xian-17
http://www.zhihu.com/people/zhang-tian-cheng-55
http://www.zhihu.com/people/fan-li-41
http://www.zhihu.com/people/trip49
http://www.zhihu.com/people/sellsoda
http://www.zhihu.com/people/wu-le-27
http://www.zhihu.com/people/wang-yuan-ting-17
http://www.zhihu.com/people/da-lian-wang-jue
http://www.zhihu.com/people/keqi
http://www.zhihu.com/people/mira-11
http://www.zhihu.com/people/wang-wei-82-36-82
http://www.zhihu.com/people/kuang-kuang-kuang-83
http://www.zhihu.com/people/jing-miss
http://www.zhihu.com/people/zhang-yang-3
http://www.zhihu.com/people/wang-xiao-min-86
http://www.zhihu.com/people/xia-qi-la
http://www.zhihu.com/people/hu-sir
http://www.zhihu.com/people/andrea-lighting
http://www.zhihu.com/people/zhu-wan-min
http://www.zhihu.com/people/wen-xi-79
http://www.zhihu.com/people/dong-xing-pe
http://www.zhihu.com/people/yin-ju
http://www.zhihu.com/people/Metamorphosis_Du
http://www.zhihu.com/people/yu-shuang-lin
http://www.zhihu.com/people/she-fu-qin-ke-bi
http://www.zhihu.com/people/raylaw
http://www.zhihu.com/people/jiang-lei-12
http://www.zhihu.com/people/piaopiaoecho
http://www.zhihu.com/people/yu-shao-yuan
http://www.zhihu.com/people/yu-long-71-12
http://www.zhihu.com/people/phonism
http://www.zhihu.com/people/l-shine-90
http://www.zhihu.com/people/dou-ya-mei-er
http://www.zhihu.com/people/cai-wang-tian
http://www.zhihu.com/people/zhang-mao-yu
http://www.zhihu.com/people/stark-46
http://www.zhihu.com/people/song-jing-ji-niao
http://www.zhihu.com/people/hong-xiao-dou
http://www.zhihu.com/people/liuniandate
http://www.zhihu.com/people/wenlong-55
http://www.zhihu.com/people/man-shu-95
http://www.zhihu.com/people/delab
http://www.zhihu.com/people/xiao-dao-uniq
http://www.zhihu.com/people/cao-yi-ke-47
http://www.zhihu.com/people/dudu222
http://www.zhihu.com/people/luo-kui-lin
http://www.zhihu.com/people/xu-xiao-tian-42
http://www.zhihu.com/people/zhang-yi-di
http://www.zhihu.com/people/zhou-yang-37-99
http://www.zhihu.com/people/miaomiaonuannuan
http://www.zhihu.com/people/andybearhsu
http://www.zhihu.com/people/da-van
http://www.zhihu.com/people/jin-dan
http://www.zhihu.com/people/feng-qing-yang-90-79
http://www.zhihu.com/people/lin-lin-98-23
http://www.zhihu.com/people/wu-song-65
http://www.zhihu.com/people/evelyn10
http://www.zhihu.com/people/zhou-wen-6
http://www.zhihu.com/people/rolin-lu
http://www.zhihu.com/people/stein-11
http://www.zhihu.com/people/gong-fang-ran
http://www.zhihu.com/people/he-you-mu
http://www.zhihu.com/people/zhang-lao-yi
http://www.zhihu.com/people/wang-hao-47-9
http://www.zhihu.com/people/hans-99
http://www.zhihu.com/people/tao-lin-27-63
http://www.zhihu.com/people/wei-guo-guo-65
http://www.zhihu.com/people/sun-wen-74
http://www.zhihu.com/people/tian-zi-22
http://www.zhihu.com/people/niu-wen-ke
http://www.zhihu.com/people/qi-xiao-chen
http://www.zhihu.com/people/yang-song-xiao
http://www.zhihu.com/people/fu-xin-hua-15
http://www.zhihu.com/people/iyucci
http://www.zhihu.com/people/colorwill
http://www.zhihu.com/people/lilo-peng
http://www.zhihu.com/people/fred_graham
http://www.zhihu.com/people/chu-pei-rui
http://www.zhihu.com/people/duan-xiu-34
http://www.zhihu.com/people/xsclxin
http://www.zhihu.com/people/rosecoral
http://www.zhihu.com/people/cai-ti-ran
http://www.zhihu.com/people/da-yu-zhi
http://www.zhihu.com/people/he-shui-you
http://www.zhihu.com/people/hhstore
http://www.zhihu.com/people/daozhanggao
http://www.zhihu.com/people/rika903
http://www.zhihu.com/people/suixi
http://www.zhihu.com/people/shevchenko-57
http://www.zhihu.com/people/yishao-yishao-chi
http://www.zhihu.com/people/wang-saka
http://www.zhihu.com/people/li-ye-27-65
http://www.zhihu.com/people/cheng-chang
http://www.zhihu.com/people/wu-wen-kui
http://www.zhihu.com/people/aileenshi
http://www.zhihu.com/people/xie-bing-qing
http://www.zhihu.com/people/Stargazer42
http://www.zhihu.com/people/zasuny
http://www.zhihu.com/people/liu-shi-mu
http://www.zhihu.com/people/he-luo-64
http://www.zhihu.com/people/leng-yu-qing-19
http://www.zhihu.com/people/......
http://www.zhihu.com/people/zhu-ji-han
http://www.zhihu.com/people/cui-xiao-er
http://www.zhihu.com/people/zhao-lu-yue
http://www.zhihu.com/people/chen-yi-neng
http://www.zhihu.com/people/meng-jue-99
http://www.zhihu.com/people/frankfan
http://www.zhihu.com/people/denim_wang
http://www.zhihu.com/people/cai-zhe-51
http://www.zhihu.com/people/bai-bai-he-18
http://www.zhihu.com/people/wang-ya-bing
http://www.zhihu.com/people/viuviu
http://www.zhihu.com/people/11ming
http://www.zhihu.com/people/maverickz
http://www.zhihu.com/people/zhou-gang-64
http://www.zhihu.com/people/lin-jia-16
http://www.zhihu.com/people/bing-hsiao
http://www.zhihu.com/people/zhu-yan-yan-62
http://www.zhihu.com/people/gong-li-xi
http://www.zhihu.com/people/wan-pu
http://www.zhihu.com/people/chu-meng-meng
http://www.zhihu.com/people/chen-qun-12
http://www.zhihu.com/people/yang-chun-17
http://www.zhihu.com/people/liu-xuan-39
http://www.zhihu.com/people/lynnchen2
http://www.zhihu.com/people/mao-ying-hui
http://www.zhihu.com/people/qi-qi-52-78
http://www.zhihu.com/people/he-yu-hao
http://www.zhihu.com/people/bai-xiao-fei
http://www.zhihu.com/people/ji-qing-tian-96
http://www.zhihu.com/people/zink
http://www.zhihu.com/people/linyxy
http://www.zhihu.com/people/chenzhe01
http://www.zhihu.com/people/zhou-xiao-diao-50
http://www.zhihu.com/people/chen-yong-lin-25
http://www.zhihu.com/people/xiao-meng-16
http://www.zhihu.com/people/jiroas
http://www.zhihu.com/people/vintagepeanut
http://www.zhihu.com/people/xin-yi-29
http://www.zhihu.com/people/taoweiqian
http://www.zhihu.com/people/si-tu-lu
http://www.zhihu.com/people/jiang-ge-74
http://www.zhihu.com/people/niu-xiao-li
http://www.zhihu.com/people/August_Zhou
http://www.zhihu.com/people/weijiali
http://www.zhihu.com/people/zhou-xin-59-6
http://www.zhihu.com/people/yuanhang
http://www.zhihu.com/people/yyan
http://www.zhihu.com/people/blueblood
http://www.zhihu.com/people/jinnan527
http://www.zhihu.com/people/gu-zhong-heng
http://www.zhihu.com/people/bonaba-67
http://www.zhihu.com/people/zhong-ye-zi-49
http://www.zhihu.com/people/gmingming
http://www.zhihu.com/people/fu-jia-zhu
http://www.zhihu.com/people/jason-j
http://www.zhihu.com/people/sophialu
http://www.zhihu.com/people/yu-qi-12
http://www.zhihu.com/people/de-fu-nu
http://www.zhihu.com/people/gu-zhe-ning
http://www.zhihu.com/people/liu-didn
http://www.zhihu.com/people/ge-lin-95
http://www.zhihu.com/people/techoxygen
http://www.zhihu.com/people/zhao-cai-a-zhuo
http://www.zhihu.com/people/fan-hua-deng
http://www.zhihu.com/people/younggko
http://www.zhihu.com/people/wang-yue-kun-66
http://www.zhihu.com/people/li-ming-qiang
http://www.zhihu.com/people/yang-yong-kang-60
http://www.zhihu.com/people/wang-xiao-wei-85
http://www.zhihu.com/people/tai-wen-yuan
http://www.zhihu.com/people/yang-ling-fei
http://www.zhihu.com/people/li-wei-35-98
http://www.zhihu.com/people/zhou-hao-yu-59
http://www.zhihu.com/people/icaros
http://www.zhihu.com/people/whattidebring
http://www.zhihu.com/people/xu-xu-dan
http://www.zhihu.com/people/yxd-78
http://www.zhihu.com/people/namiheike
http://www.zhihu.com/people/tang-yi-qun
http://www.zhihu.com/people/xia-ji-92
http://www.zhihu.com/people/luoshuiyifang-fendou
http://www.zhihu.com/people/xiahao
http://www.zhihu.com/people/li-xiang-ling-91
http://www.zhihu.com/people/kong-dong-yao
http://www.zhihu.com/people/bekeyed
http://www.zhihu.com/people/umifam
http://www.zhihu.com/people/xqlee
http://www.zhihu.com/people/ding-xiao-han-31
http://www.zhihu.com/people/li-ying-lyly
http://www.zhihu.com/people/george-giuseppe
http://www.zhihu.com/people/wen-ya-62
http://www.zhihu.com/people/zhushaoyue
http://www.zhihu.com/people/ruan-yixiao
http://www.zhihu.com/people/wangfang
http://www.zhihu.com/people/yuki-miao
http://www.zhihu.com/people/linjiahao
http://www.zhihu.com/people/jerry-cen
http://www.zhihu.com/people/jnmakai
http://www.zhihu.com/people/li-da-peng-93
http://www.zhihu.com/people/liu-shu-chen-10
http://www.zhihu.com/people/wu-lai-64
http://www.zhihu.com/people/wang-jie-81-97
http://www.zhihu.com/people/liu-chun-lei-58
http://www.zhihu.com/people/yang-mona
http://www.zhihu.com/people/you-guo-59
http://www.zhihu.com/people/yuyouweimen
http://www.zhihu.com/people/ling-dao
http://www.zhihu.com/people/zhang-wei-50-36
http://www.zhihu.com/people/hong-shou
http://www.zhihu.com/people/dannichen
http://www.zhihu.com/people/chen-ying-08-94
http://www.zhihu.com/people/nadaloveluna
http://www.zhihu.com/people/zhuang-chu-qin-zhang-yu
http://www.zhihu.com/people/zheng-ji
http://www.zhihu.com/people/unogzx
http://www.zhihu.com/people/wang-ai-guo-23
http://www.zhihu.com/people/wk633
http://www.zhihu.com/people/celia-85
http://www.zhihu.com/people/dong-rong-hua
http://www.zhihu.com/people/ma-long-83
http://www.zhihu.com/people/wang-chuan-lin
http://www.zhihu.com/people/pei-wei-52
http://www.zhihu.com/people/lin-xiao-shu-83
http://www.zhihu.com/people/huakaibuyu
http://www.zhihu.com/people/wang-yuan-66-5
http://www.zhihu.com/people/zhu-bao-ping
http://www.zhihu.com/people/hong-lin-39
http://www.zhihu.com/people/li-run-56-10
http://www.zhihu.com/people/chendayun
http://www.zhihu.com/people/chen-hao-23
http://www.zhihu.com/people/ai-lue-te-72
http://www.zhihu.com/people/qin-yang-9
http://www.zhihu.com/people/yang-min-21
http://www.zhihu.com/people/edison-84
http://www.zhihu.com/people/reesezhang-xiao-xin
http://www.zhihu.com/people/jiang-yuan-song
http://www.zhihu.com/people/chentong
http://www.zhihu.com/people/wen-lei-7
http://www.zhihu.com/people/Victorique
http://www.zhihu.com/people/zheng-li-pei
http://www.zhihu.com/people/peng-si-jie
http://www.zhihu.com/people/shi-xiu-feng
http://www.zhihu.com/people/gao-cong-68
