http://www.zhihu.com/people/jin-cheng-tan
http://www.zhihu.com/people/zhang-bei-li-er
http://www.zhihu.com/people/jun-dian-jun-fdas
http://www.zhihu.com/people/stanleysong
http://www.zhihu.com/people/qieling
http://www.zhihu.com/people/bai-yuan-yuan-73
http://www.zhihu.com/people/zhan-mu-si-88
http://www.zhihu.com/people/ai-xie-20
http://www.zhihu.com/people/jerome-76
http://www.zhihu.com/people/yangbo-xia
http://www.zhihu.com/people/liu-pei-26
http://www.zhihu.com/people/xiang-jin-75
http://www.zhihu.com/people/huang-zuo-ming
http://www.zhihu.com/people/stupident
http://www.zhihu.com/people/yangkee-zhang
http://www.zhihu.com/people/li-yong-hua-69
http://www.zhihu.com/people/ohtintin
http://www.zhihu.com/people/peng-shuang-yu-71
http://www.zhihu.com/people/lu-pi-xiong
http://www.zhihu.com/people/zhang-yi-72-68
http://www.zhihu.com/people/xiao-xi-si
http://www.zhihu.com/people/cornelia-kerr
http://www.zhihu.com/people/delphiki-wang
http://www.zhihu.com/people/su-yihang
http://www.zhihu.com/people/vivealex
http://www.zhihu.com/people/xi-li-tu
http://www.zhihu.com/people/wu-zhi-hui
http://www.zhihu.com/people/fantasy-45
http://www.zhihu.com/people/guo-ru-yi
http://www.zhihu.com/people/internationalpimp
http://www.zhihu.com/people/da-fa-ge
http://www.zhihu.com/people/gaohan
http://www.zhihu.com/people/nonocast
http://www.zhihu.com/people/zi-mo-qi
http://www.zhihu.com/people/huang-jing-song
http://www.zhihu.com/people/wang-frank-60
http://www.zhihu.com/people/yan-shi-49
http://www.zhihu.com/people/huang-w
http://www.zhihu.com/people/xu-li-cheng
http://www.zhihu.com/people/Changmingwei
http://www.zhihu.com/people/du-hao-70
http://www.zhihu.com/people/jiang-rong-cheng
http://www.zhihu.com/people/li-shui-shui-43
http://www.zhihu.com/people/xzydk
http://www.zhihu.com/people/bai-ban
http://www.zhihu.com/people/marshall-34
http://www.zhihu.com/people/huang-ming-liang
http://www.zhihu.com/people/liu-xiang-78-83
http://www.zhihu.com/people/ma-da-da-ming
http://www.zhihu.com/people/wangxiaoming222
http://www.zhihu.com/people/789456123
http://www.zhihu.com/people/sun-mu-mu-9
http://www.zhihu.com/people/wu-jin-han
http://www.zhihu.com/people/wzz-pku
http://www.zhihu.com/people/liu-ya-kun-1
http://www.zhihu.com/people/sun-lu-83
http://www.zhihu.com/people/xia-tian-29-79
http://www.zhihu.com/people/shi-guang-yuan-51
http://www.zhihu.com/people/liu-tao-77-61
http://www.zhihu.com/people/li-ju-ge
http://www.zhihu.com/people/lijincheng
http://www.zhihu.com/people/hun-qing
http://www.zhihu.com/people/yang-li-ying-88
http://www.zhihu.com/people/zhang-yan-lei-69
http://www.zhihu.com/people/chen-xi-75-92
http://www.zhihu.com/people/yin-qin-lin
http://www.zhihu.com/people/liu-xiao-chun
http://www.zhihu.com/people/wei-ran-leo
http://www.zhihu.com/people/liang-xiao-xue-12
http://www.zhihu.com/people/bella-joe
http://www.zhihu.com/people/john-leon
http://www.zhihu.com/people/yu-zhi-ze
http://www.zhihu.com/people/sun-lin-9
http://www.zhihu.com/people/akb480
http://www.zhihu.com/people/luan-sha
http://www.zhihu.com/people/miao-qiang
http://www.zhihu.com/people/chen-ji-88
http://www.zhihu.com/people/Mr.F
http://www.zhihu.com/people/genggeng
http://www.zhihu.com/people/wen-yan-87
http://www.zhihu.com/people/xia-qi-la
http://www.zhihu.com/people/liufengju
http://www.zhihu.com/people/yao-jing-ru
http://www.zhihu.com/people/luo-sen-46
http://www.zhihu.com/people/nie-wei-88-36
http://www.zhihu.com/people/hu-yu-zhao
http://www.zhihu.com/people/mu-tian-80
http://www.zhihu.com/people/xieyanwei
http://www.zhihu.com/people/kssaaa
http://www.zhihu.com/people/shu-shan-xing-zhe
http://www.zhihu.com/people/wang-yang-fan
http://www.zhihu.com/people/hu-pei-tao
http://www.zhihu.com/people/chen-feng-wang
http://www.zhihu.com/people/vayn
http://www.zhihu.com/people/peoplegxs
http://www.zhihu.com/people/duan-wei-ji
http://www.zhihu.com/people/zhang-tian-cheng-55
http://www.zhihu.com/people/morea
http://www.zhihu.com/people/li-yao-yao-3-33
http://www.zhihu.com/people/Amies-U
http://www.zhihu.com/people/ai-zi-35
http://www.zhihu.com/people/sun-___-mo
http://www.zhihu.com/people/Tyraan
http://www.zhihu.com/people/cao-meng-di
http://www.zhihu.com/people/cheng-soy
http://www.zhihu.com/people/zhang-feng-98-82
http://www.zhihu.com/people/candice-chan-40
http://www.zhihu.com/people/da-van
http://www.zhihu.com/people/ye-mu-zhen
http://www.zhihu.com/people/chenqi56
http://www.zhihu.com/people/CCTV01
http://www.zhihu.com/people/bo-wen-49
http://www.zhihu.com/people/cao-kai-cheng
http://www.zhihu.com/people/ikeng
http://www.zhihu.com/people/li-zheng-5-12
http://www.zhihu.com/people/haseric
http://www.zhihu.com/people/su-dong-15
http://www.zhihu.com/people/liu-wen-83
http://www.zhihu.com/people/yoyofrompairs
http://www.zhihu.com/people/ithinco
http://www.zhihu.com/people/fan-ying-da
http://www.zhihu.com/people/li-wen-qu
http://www.zhihu.com/people/da-tan
http://www.zhihu.com/people/hu-zhuo-yi
http://www.zhihu.com/people/scott-xx
http://www.zhihu.com/people/xi-zao-18
http://www.zhihu.com/people/ZCfang
http://www.zhihu.com/people/wang-dan-dan-75-30
http://www.zhihu.com/people/cha-ling
http://www.zhihu.com/people/yang-yc
http://www.zhihu.com/people/gong-zi-wu-ji
http://www.zhihu.com/people/dai-xiao-lan
http://www.zhihu.com/people/liu-guan-de
http://www.zhihu.com/people/an-ran-zhong-ran
http://www.zhihu.com/people/jinxi
http://www.zhihu.com/people/busch
http://www.zhihu.com/people/shevchenko-57
http://www.zhihu.com/people/idiot-32
http://www.zhihu.com/people/xiao-jian-ren-71
http://www.zhihu.com/people/zheng-zha-22
http://www.zhihu.com/people/xia-feng-88
http://www.zhihu.com/people/chuchu-chu
http://www.zhihu.com/people/winnie-47-96
http://www.zhihu.com/people/tian-qia
http://www.zhihu.com/people/licohere
http://www.zhihu.com/people/yuan-fang-fang-87
http://www.zhihu.com/people/Mattwang11
http://www.zhihu.com/people/chouthen
http://www.zhihu.com/people/wu-de-feng
http://www.zhihu.com/people/mapengze
http://www.zhihu.com/people/iamwill
http://www.zhihu.com/people/lian-dong-23
http://www.zhihu.com/people/yaya-34
http://www.zhihu.com/people/shi-yun-5
http://www.zhihu.com/people/zhang-zuo-lu
http://www.zhihu.com/people/phoenix-71
http://www.zhihu.com/people/bingoloveyou
http://www.zhihu.com/people/gu-li-sha
http://www.zhihu.com/people/zhu-bo-tao
http://www.zhihu.com/people/wolekuduo
http://www.zhihu.com/people/liu-le-le-99-44
http://www.zhihu.com/people/bardohan
http://www.zhihu.com/people/pandaslow
http://www.zhihu.com/people/sdccds
http://www.zhihu.com/people/-a-dong
http://www.zhihu.com/people/liu-hong-zhi-21
http://www.zhihu.com/people/xuhuafeng
http://www.zhihu.com/people/gu-han-zhen
http://www.zhihu.com/people/zzzzzgd
http://www.zhihu.com/people/liu-ming-28-50
http://www.zhihu.com/people/blackswan
http://www.zhihu.com/people/ray-who-72
http://www.zhihu.com/people/zhang-wan-tao-24
http://www.zhihu.com/people/fei-di
http://www.zhihu.com/people/suo-xiao-die
http://www.zhihu.com/people/zhi-fou-21
http://www.zhihu.com/people/sanqiangz
http://www.zhihu.com/people/yuan-kai-96
http://www.zhihu.com/people/hai-hua
http://www.zhihu.com/people/xu-wen-52
http://www.zhihu.com/people/zdoris
http://www.zhihu.com/people/zhuang-yi-hao
http://www.zhihu.com/people/nan-qu-xiong-mao
http://www.zhihu.com/people/wang-ke-li-83
http://www.zhihu.com/people/plus99
http://www.zhihu.com/people/feamung
http://www.zhihu.com/people/Monkiwei
http://www.zhihu.com/people/zhihuclub
http://www.zhihu.com/people/lin-jia-3
http://www.zhihu.com/people/lynnlin-25
http://www.zhihu.com/people/yi-zhou-27
http://www.zhihu.com/people/tangjingxin
http://www.zhihu.com/people/lan-yang-yang-77
http://www.zhihu.com/people/iyucci
http://www.zhihu.com/people/ni-er-shao-ye-wo
http://www.zhihu.com/people/hfitp
http://www.zhihu.com/people/wu-jing-70
http://www.zhihu.com/people/aimesimon
http://www.zhihu.com/people/lin-mu-lue
http://www.zhihu.com/people/wjbf
http://www.zhihu.com/people/peng-hao-74
http://www.zhihu.com/people/xi-xi-yang-9
http://www.zhihu.com/people/zhang-jerry-78
http://www.zhihu.com/people/jonson-fang
http://www.zhihu.com/people/davidcharge
http://www.zhihu.com/people/ycziyou
http://www.zhihu.com/people/tooyoung
http://www.zhihu.com/people/gu-zhe-ning
http://www.zhihu.com/people/sun-chen-heng
http://www.zhihu.com/people/li-fan-56-74
http://www.zhihu.com/people/zhang-xiao-mo-41
http://www.zhihu.com/people/herolifan
http://www.zhihu.com/people/tun-tan
http://www.zhihu.com/people/xia-xiao-feng-54
http://www.zhihu.com/people/tsau.liu
http://www.zhihu.com/people/wang-___-fan-45
http://www.zhihu.com/people/lee-jj
http://www.zhihu.com/people/jiahui-su
http://www.zhihu.com/people/duan-xiao-mie
http://www.zhihu.com/people/zhang-hao-lei
http://www.zhihu.com/people/brilliant-polaris
http://www.zhihu.com/people/wang-bao-ni
http://www.zhihu.com/people/medges-11
http://www.zhihu.com/people/linco-39
http://www.zhihu.com/people/zheng-zao-li
http://www.zhihu.com/people/guo-ruo
http://www.zhihu.com/people/li-bao-hua
http://www.zhihu.com/people/zhang-zi-qiang-36
http://www.zhihu.com/people/Jeffsun
http://www.zhihu.com/people/turanjian
http://www.zhihu.com/people/jiangtao
http://www.zhihu.com/people/HermioneQune
http://www.zhihu.com/people/liu-guo-qiang-12
http://www.zhihu.com/people/gong-xiao-xiao-xiao
http://www.zhihu.com/people/zhang-yi-fu
http://www.zhihu.com/people/hello-hi-33
http://www.zhihu.com/people/nan-nan-82
http://www.zhihu.com/people/wenzel
http://www.zhihu.com/people/zolibra
http://www.zhihu.com/people/ou-bao-bao
http://www.zhihu.com/people/xun-babe
http://www.zhihu.com/people/li-rong-gang
http://www.zhihu.com/people/wu-wen-kui
http://www.zhihu.com/people/liu-yi-62
http://www.zhihu.com/people/jerry-lu-6
http://www.zhihu.com/people/zisha360
http://www.zhihu.com/people/jiang-ge
http://www.zhihu.com/people/limonzhou
http://www.zhihu.com/people/jixin
http://www.zhihu.com/people/heizaozi
http://www.zhihu.com/people/zi-gong-73
http://www.zhihu.com/people/he-ren-qing-57
http://www.zhihu.com/people/chen-chen-48-57
http://www.zhihu.com/people/zheng-kang-bo
http://www.zhihu.com/people/qin-yu-fan
http://www.zhihu.com/people/yang-yang-69-37
http://www.zhihu.com/people/perry-song
http://www.zhihu.com/people/wang-long-79
http://www.zhihu.com/people/zhang-yun-76
http://www.zhihu.com/people/andrew-16-88
http://www.zhihu.com/people/york-cheung
http://www.zhihu.com/people/declan-hao
http://www.zhihu.com/people/wang-xiao-xing-47
http://www.zhihu.com/people/shawn-yang-74
http://www.zhihu.com/people/growth
http://www.zhihu.com/people/wangbobo
http://www.zhihu.com/people/THFQ
http://www.zhihu.com/people/ritaqu
http://www.zhihu.com/people/liu-xin-84-51
http://www.zhihu.com/people/joys-wu
http://www.zhihu.com/people/wang-qi-qi-86
http://www.zhihu.com/people/c166
http://www.zhihu.com/people/donkeeeeey
http://www.zhihu.com/people/landeros
http://www.zhihu.com/people/evilliu
http://www.zhihu.com/people/wu-li-jun-34
http://www.zhihu.com/people/holyperry
http://www.zhihu.com/people/superwanker
http://www.zhihu.com/people/cao-lin-nuo
http://www.zhihu.com/people/oleg-vodnik
http://www.zhihu.com/people/liu-yang-35
http://www.zhihu.com/people/gu-yue-kun
http://www.zhihu.com/people/wen-yu-88
http://www.zhihu.com/people/KateSung
http://www.zhihu.com/people/yxue
http://www.zhihu.com/people/cody-16
http://www.zhihu.com/people/wang-teng-91
http://www.zhihu.com/people/nie-zhu
http://www.zhihu.com/people/cheng-chang
http://www.zhihu.com/people/derek-li
http://www.zhihu.com/people/ruan-bei-qia
http://www.zhihu.com/people/dhfl
http://www.zhihu.com/people/nicing
http://www.zhihu.com/people/xiao-nuo-79
http://www.zhihu.com/people/hmzhou
http://www.zhihu.com/people/tan-tou-tan-nao-57
http://www.zhihu.com/people/zhibinchen
http://www.zhihu.com/people/danblue
http://www.zhihu.com/people/weizhi.pan
http://www.zhihu.com/people/li-gou-hai-12-23
http://www.zhihu.com/people/bai-shi-58
http://www.zhihu.com/people/cheng-jun-900
http://www.zhihu.com/people/han-de-sheng
http://www.zhihu.com/people/zhang-san-niu
http://www.zhihu.com/people/techoxygen
http://www.zhihu.com/people/ze-shu
http://www.zhihu.com/people/di-xiao-bin
http://www.zhihu.com/people/rocgo
http://www.zhihu.com/people/ze-mian
http://www.zhihu.com/people/chen-hua-liang
http://www.zhihu.com/people/secrain
http://www.zhihu.com/people/yuan-ming-17
http://www.zhihu.com/people/jiushouniao
http://www.zhihu.com/people/zhou-yue-64
http://www.zhihu.com/people/xie-jia-ming-5
http://www.zhihu.com/people/zhu-xiao-wu-77
http://www.zhihu.com/people/wang-hao-yuan-44
http://www.zhihu.com/people/liang-yu-fan
http://www.zhihu.com/people/jeff_lee
http://www.zhihu.com/people/hong-yiqing-quan
http://www.zhihu.com/people/fuyuanp
http://www.zhihu.com/people/lin-wei-25-76
http://www.zhihu.com/people/wangyansheng
http://www.zhihu.com/people/wang-long-pu
http://www.zhihu.com/people/hai-yang
http://www.zhihu.com/people/peng-mu-91
http://www.zhihu.com/people/linyangjames
http://www.zhihu.com/people/liu-fan-84
http://www.zhihu.com/people/wins
http://www.zhihu.com/people/depifany
http://www.zhihu.com/people/yu-jie-82
http://www.zhihu.com/people/skywen
http://www.zhihu.com/people/jiang-zhen-peng
http://www.zhihu.com/people/ma-jia-chen
http://www.zhihu.com/people/garhom
http://www.zhihu.com/people/GilgameshK
http://www.zhihu.com/people/patrickluo
http://www.zhihu.com/people/ryan-42-5
http://www.zhihu.com/people/zhu-qian-dai-30
http://www.zhihu.com/people/tth901022
http://www.zhihu.com/people/lihongchao
http://www.zhihu.com/people/hengzhi
http://www.zhihu.com/people/disillusione
http://www.zhihu.com/people/wei-mu
http://www.zhihu.com/people/bu-chen
http://www.zhihu.com/people/xie-jia-xin
http://www.zhihu.com/people/liu-hao-yes
http://www.zhihu.com/people/zhu-yi-rui
http://www.zhihu.com/people/cynthia
http://www.zhihu.com/people/wtzyhl
http://www.zhihu.com/people/xiao-fei-30-39
http://www.zhihu.com/people/xu-ke-72-42
http://www.zhihu.com/people/aaajia
http://www.zhihu.com/people/li-shu-shu
http://www.zhihu.com/people/nxbtch
http://www.zhihu.com/people/alex-41-18
http://www.zhihu.com/people/aceli
http://www.zhihu.com/people/zhao-yun-fei-29
http://www.zhihu.com/people/ling-long
http://www.zhihu.com/people/liu-xiang-long
http://www.zhihu.com/people/cinderellaing
http://www.zhihu.com/people/li-shu-heng
http://www.zhihu.com/people/zhouchi
http://www.zhihu.com/people/r-q-r
http://www.zhihu.com/people/li-xue-yu-30
http://www.zhihu.com/people/chengyuan
http://www.zhihu.com/people/sojournnyc
http://www.zhihu.com/people/cao-wei-50
http://www.zhihu.com/people/hydeyuan
http://www.zhihu.com/people/xirurensheng
http://www.zhihu.com/people/tang-mi-54
http://www.zhihu.com/people/long-qun-bi-kong
http://www.zhihu.com/people/leo-jixiang
http://www.zhihu.com/people/BillyHe
http://www.zhihu.com/people/raymond-wang
