http://www.zhihu.com/people/a-bu-nu
http://www.zhihu.com/people/PeterDeng
http://www.zhihu.com/people/zhang-shi-zheng
http://www.zhihu.com/people/xu-xue-hen
http://www.zhihu.com/people/liu-wei-lin-56
http://www.zhihu.com/people/ju-zi-81-67
http://www.zhihu.com/people/li-yifan-27
http://www.zhihu.com/people/ji-ran-ran-31
http://www.zhihu.com/people/wei-li-gan
http://www.zhihu.com/people/SYIU8
http://www.zhihu.com/people/ding-tao-30
http://www.zhihu.com/people/tingting-shieh
http://www.zhihu.com/people/yolanda-han-5
http://www.zhihu.com/people/zhu-xiao-xing-32
http://www.zhihu.com/people/liu-jin-long-44
http://www.zhihu.com/people/anyan
http://www.zhihu.com/people/zhang-pei518710
http://www.zhihu.com/people/breakmentor
http://www.zhihu.com/people/qian-qian-jun-zi-81
http://www.zhihu.com/people/lai-jun-long
http://www.zhihu.com/people/xiao-yi-47-49
http://www.zhihu.com/people/zhang-jin-shuo-11
http://www.zhihu.com/people/chouthen
http://www.zhihu.com/people/shear-mia
http://www.zhihu.com/people/dai-si-ran
http://www.zhihu.com/people/yang-shu-24
http://www.zhihu.com/people/jia-da-mi-28
http://www.zhihu.com/people/stephen-cheng
http://www.zhihu.com/people/mi-mao-73
http://www.zhihu.com/people/vivien-quan
http://www.zhihu.com/people/wang-qiao-ke
http://www.zhihu.com/people/bo-wen-49
http://www.zhihu.com/people/lu-chen-shuang
http://www.zhihu.com/people/he-er-84
http://www.zhihu.com/people/jiu-cheng-89
http://www.zhihu.com/people/bu-er-82-90
http://www.zhihu.com/people/miyliu
http://www.zhihu.com/people/shen-min-lei
http://www.zhihu.com/people/han-bin-xu
http://www.zhihu.com/people/mo-hui-81
http://www.zhihu.com/people/he-ran-48
http://www.zhihu.com/people/pao-fu-1
http://www.zhihu.com/people/wu-su-fang
http://www.zhihu.com/people/yuan-sui-33
http://www.zhihu.com/people/shi-jie-jun
http://www.zhihu.com/people/yu-hui-feng-24
http://www.zhihu.com/people/smile747
http://www.zhihu.com/people/chang-ge-zi-3
http://www.zhihu.com/people/meng-jue-99
http://www.zhihu.com/people/niunai
http://www.zhihu.com/people/lin-bo-song-57
http://www.zhihu.com/people/xu-da-yu-98
http://www.zhihu.com/people/12turbo
http://www.zhihu.com/people/gan-lin-59
http://www.zhihu.com/people/heaven_000
http://www.zhihu.com/people/wang-jing-27-65
http://www.zhihu.com/people/lin-yu-yu-9
http://www.zhihu.com/people/saigke
http://www.zhihu.com/people/li-guo-hao-91
http://www.zhihu.com/people/wang-long-7-71
http://www.zhihu.com/people/qiu-hong-sen
http://www.zhihu.com/people/chen-nick
http://www.zhihu.com/people/al-joseph
http://www.zhihu.com/people/shang-song
http://www.zhihu.com/people/liu-lu-61-80
http://www.zhihu.com/people/xun1
http://www.zhihu.com/people/zha-zha-94
http://www.zhihu.com/people/lin-xiao-50-47
http://www.zhihu.com/people/du-jia-yi-81
http://www.zhihu.com/people/yi-jia-10
http://www.zhihu.com/people/du-xing-zhi
http://www.zhihu.com/people/qiao-xiao-xiao-53
http://www.zhihu.com/people/zhang-san-pi-13
http://www.zhihu.com/people/qi-cheng-17
http://www.zhihu.com/people/zhang-zi-jie-50
http://www.zhihu.com/people/geogin
http://www.zhihu.com/people/chen-jia-hao-22
http://www.zhihu.com/people/zhao-wu-de
http://www.zhihu.com/people/luoxiaohuifuti
http://www.zhihu.com/people/ren-yi-6
http://www.zhihu.com/people/tan-yin-10
http://www.zhihu.com/people/hong-jie-hong
http://www.zhihu.com/people/han-peng-qian
http://www.zhihu.com/people/magnexir
http://www.zhihu.com/people/li-ping-fan-39
http://www.zhihu.com/people/xiexiaobin
http://www.zhihu.com/people/prealvin
http://www.zhihu.com/people/ni-ying-kan
http://www.zhihu.com/people/lin-zhi-cheng-huiyi
http://www.zhihu.com/people/yi-he-61
http://www.zhihu.com/people/liu-xiao-miao-m
http://www.zhihu.com/people/wang-xiao-wei-50
http://www.zhihu.com/people/desperado1987
http://www.zhihu.com/people/mu-xiao-wei
http://www.zhihu.com/people/zuo-qiu-ming
http://www.zhihu.com/people/lau-musen
http://www.zhihu.com/people/zhong717
http://www.zhihu.com/people/bazu
http://www.zhihu.com/people/lun-tai
http://www.zhihu.com/people/s85b50a
http://www.zhihu.com/people/ma-que-10
http://www.zhihu.com/people/lu-xiao-bao-39
http://www.zhihu.com/people/atearsan
http://www.zhihu.com/people/yi-jun-42
http://www.zhihu.com/people/cycyril
http://www.zhihu.com/people/shao-xiong-64
http://www.zhihu.com/people/cui-de-xing
http://www.zhihu.com/people/xiao-sha-53
http://www.zhihu.com/people/san-pi-ge
http://www.zhihu.com/people/li-hong-yang-99
http://www.zhihu.com/people/xia-hal-shi
http://www.zhihu.com/people/huang-yi-chen-94
http://www.zhihu.com/people/bai-xiao-fei
http://www.zhihu.com/people/xia-jiang-ai
http://www.zhihu.com/people/zhang-bo-31-53
http://www.zhihu.com/people/li-tuo-heng
http://www.zhihu.com/people/dong-chao-24
http://www.zhihu.com/people/lu-zhi-shen-si-ji
http://www.zhihu.com/people/triforce-wrx
http://www.zhihu.com/people/lu-wei-6-46
http://www.zhihu.com/people/long-shuai
http://www.zhihu.com/people/wu-yue-qian-tang
http://www.zhihu.com/people/meng-xiao-qiu
http://www.zhihu.com/people/cheng-xiao-dong-29
http://www.zhihu.com/people/jiao-sha-ye
http://www.zhihu.com/people/chris-chi
http://www.zhihu.com/people/xulilu
http://www.zhihu.com/people/ji-shuang-yu
http://www.zhihu.com/people/niu-ben-18
http://www.zhihu.com/people/hou-ye-60
http://www.zhihu.com/people/huang-wei-12-62
http://www.zhihu.com/people/pan-chen-xi
http://www.zhihu.com/people/sun-da-mi
http://www.zhihu.com/people/shen-yu-yang-82
http://www.zhihu.com/people/fang-li-nuo
http://www.zhihu.com/people/liu-shui-bin
http://www.zhihu.com/people/zhang-bo-lun-32
http://www.zhihu.com/people/dr-satyr
http://www.zhihu.com/people/wantfu
http://www.zhihu.com/people/xingmo
http://www.zhihu.com/people/kkkkkira
http://www.zhihu.com/people/hu-hu-54-30
http://www.zhihu.com/people/meng-yan-2
http://www.zhihu.com/people/cha-hu-zi
http://www.zhihu.com/people/bigbod99
http://www.zhihu.com/people/qing-jia-4
http://www.zhihu.com/people/luke-lee-cn
http://www.zhihu.com/people/doubleuhy
http://www.zhihu.com/people/ai-shang-xiao-yin
http://www.zhihu.com/people/chen-dong-dong-56
http://www.zhihu.com/people/gao-san-shui
http://www.zhihu.com/people/shineyue
http://www.zhihu.com/people/quan-quan-35-32
http://www.zhihu.com/people/annie-liu-59
http://www.zhihu.com/people/wu-quan-yin-68
http://www.zhihu.com/people/zhang-zhen-ming-38
http://www.zhihu.com/people/xiang-zi-18
http://www.zhihu.com/people/shen-chang-wei
http://www.zhihu.com/people/wang-xue-hao
http://www.zhihu.com/people/fan-li-41
http://www.zhihu.com/people/su-xun-22
http://www.zhihu.com/people/chai-pi-ma
http://www.zhihu.com/people/jackyzjx
http://www.zhihu.com/people/xiao-bai-mu
http://www.zhihu.com/people/lin-feng-57-71
http://www.zhihu.com/people/fu-ling-yu
http://www.zhihu.com/people/chen-xiao-zhai-83
http://www.zhihu.com/people/eroally
http://www.zhihu.com/people/lenglu
http://www.zhihu.com/people/yang-jing-51-9
http://www.zhihu.com/people/li-an
http://www.zhihu.com/people/zjunji
http://www.zhihu.com/people/yaochenhao
http://www.zhihu.com/people/miyabethia
http://www.zhihu.com/people/ma-la-42
http://www.zhihu.com/people/wang-ke-49
http://www.zhihu.com/people/tian-su-jun
http://www.zhihu.com/people/hu-nicholas
http://www.zhihu.com/people/shi-ke-48-30
http://www.zhihu.com/people/kong-rong-26
http://www.zhihu.com/people/chai-huo-79
http://www.zhihu.com/people/xuanli1012
http://www.zhihu.com/people/chen-hong-chao-46
http://www.zhihu.com/people/wu-yuan-5297
http://www.zhihu.com/people/sowhut
http://www.zhihu.com/people/chutzpah-29
http://www.zhihu.com/people/xu-fei-7
http://www.zhihu.com/people/ji-mu-87-38
http://www.zhihu.com/people/foxmuldery
http://www.zhihu.com/people/qing-yu-37
http://www.zhihu.com/people/yugutiantang
http://www.zhihu.com/people/han-liang-hanl
http://www.zhihu.com/people/lan-ya-48
http://www.zhihu.com/people/yu-xiao-mao-30
http://www.zhihu.com/people/roc-lee-md
http://www.zhihu.com/people/reese717
http://www.zhihu.com/people/ivens-2
http://www.zhihu.com/people/he-yi-fei-71
http://www.zhihu.com/people/J899M
http://www.zhihu.com/people/dai-xiao-xi-70
http://www.zhihu.com/people/liu-xiao-yang-86
http://www.zhihu.com/people/guhongguangju
http://www.zhihu.com/people/tracy-36-57
http://www.zhihu.com/people/zhang-wei-zhong
http://www.zhihu.com/people/schumiq
http://www.zhihu.com/people/forkburn
http://www.zhihu.com/people/ge-zhi-46
http://www.zhihu.com/people/liu-ze-18-75
http://www.zhihu.com/people/estg
http://www.zhihu.com/people/sl7m
http://www.zhihu.com/people/LIBERTINEB
http://www.zhihu.com/people/wang-mou-qiang
http://www.zhihu.com/people/mu-rong-qi-95
http://www.zhihu.com/people/chu-yang-40
http://www.zhihu.com/people/zhang-yuan-xiang
http://www.zhihu.com/people/little-beast
http://www.zhihu.com/people/jueee
http://www.zhihu.com/people/byewon
http://www.zhihu.com/people/zhang-dan-yao
http://www.zhihu.com/people/ge-li-fen
http://www.zhihu.com/people/wang-li-bing
http://www.zhihu.com/people/su-yi-chen-15
http://www.zhihu.com/people/dong-ya-ya-55
http://www.zhihu.com/people/shi-yu-qing-46
http://www.zhihu.com/people/Mr.guo
http://www.zhihu.com/people/yanzij
http://www.zhihu.com/people/yin-mai-zi
http://www.zhihu.com/people/han-jing-79
http://www.zhihu.com/people/vincent-tsai-66
http://www.zhihu.com/people/carls-kavin
http://www.zhihu.com/people/li-jie-45-66
http://www.zhihu.com/people/david.dai
http://www.zhihu.com/people/max-tim
http://www.zhihu.com/people/zhang-zuo-di
http://www.zhihu.com/people/ren-xin-46-8
http://www.zhihu.com/people/er-zi-30
http://www.zhihu.com/people/GilgameshK
http://www.zhihu.com/people/yu-xiao-ming-35
http://www.zhihu.com/people/zou-ji
http://www.zhihu.com/people/liaojunyuan.com
http://www.zhihu.com/people/sun-conrad
http://www.zhihu.com/people/wu-xiao-qing-58
http://www.zhihu.com/people/sun-yu-89-88
http://www.zhihu.com/people/fangsiryeah
http://www.zhihu.com/people/aloysha
http://www.zhihu.com/people/shinrakueki
http://www.zhihu.com/people/acmilanprince
http://www.zhihu.com/people/freya.zuo
http://www.zhihu.com/people/ti-ta
http://www.zhihu.com/people/wang-ba-a-gan
http://www.zhihu.com/people/lin-wang-wei
http://www.zhihu.com/people/Mohu
http://www.zhihu.com/people/ou-yang-jin-cheng
http://www.zhihu.com/people/da-jun-da-jun
http://www.zhihu.com/people/sunbaoru
http://www.zhihu.com/people/tyche-xu
http://www.zhihu.com/people/nyanzhang
http://www.zhihu.com/people/xastle
http://www.zhihu.com/people/andyfoolish
http://www.zhihu.com/people/cranks
http://www.zhihu.com/people/wo-dan-2
http://www.zhihu.com/people/pang-da-14
http://www.zhihu.com/people/cold-cold
http://www.zhihu.com/people/wang-zi-mian-72
http://www.zhihu.com/people/zhu-hao-ran-55
http://www.zhihu.com/people/zhuo-xiao-nan-5-76
http://www.zhihu.com/people/xavierwu
http://www.zhihu.com/people/lordifeng
http://www.zhihu.com/people/xia-mu-69-55
http://www.zhihu.com/people/shu-hai-meng
http://www.zhihu.com/people/li-ao-wen
http://www.zhihu.com/people/wu-nan-80
http://www.zhihu.com/people/wujinlvcheng
http://www.zhihu.com/people/anio
http://www.zhihu.com/people/xie-feng-17-98
http://www.zhihu.com/people/xinjay
http://www.zhihu.com/people/zhong-yao-88
http://www.zhihu.com/people/lu-peng-wen-5
http://www.zhihu.com/people/ruya
http://www.zhihu.com/people/xu-lao-cheng-shi
http://www.zhihu.com/people/kaxocheung
http://www.zhihu.com/people/li-chou-yi
http://www.zhihu.com/people/feng-jun-97
http://www.zhihu.com/people/zhao-zao-2
http://www.zhihu.com/people/lu-xiao-mao-92
http://www.zhihu.com/people/qian-jing-wei
http://www.zhihu.com/people/wangyongxin
http://www.zhihu.com/people/wei-wei-yi-xiao
http://www.zhihu.com/people/zhou-jiu-61
http://www.zhihu.com/people/xiaoyaozizai
http://www.zhihu.com/people/yizhu-9
http://www.zhihu.com/people/chowjl
http://www.zhihu.com/people/sakin-poom
http://www.zhihu.com/people/fajia
http://www.zhihu.com/people/stan-wei
http://www.zhihu.com/people/bao-er-11
http://www.zhihu.com/people/wang-chuan-hong
http://www.zhihu.com/people/liu-hang-50
http://www.zhihu.com/people/aries-lee-10
http://www.zhihu.com/people/kuang-yuan-yuan-21
http://www.zhihu.com/people/cai-jin-cheng
http://www.zhihu.com/people/dong-dong-ding
http://www.zhihu.com/people/coldloving
http://www.zhihu.com/people/mazimin
http://www.zhihu.com/people/liu-ya-kun-1
http://www.zhihu.com/people/yang-yong-54-36
http://www.zhihu.com/people/tan-ri-tian
http://www.zhihu.com/people/shi-stone-9
http://www.zhihu.com/people/zhang-jing-88-76
http://www.zhihu.com/people/zhang-yiyi-69
http://www.zhihu.com/people/derr-78
http://www.zhihu.com/people/yang-xue-chun
http://www.zhihu.com/people/zhu-yan-zhen-14
http://www.zhihu.com/people/baraba
http://www.zhihu.com/people/cheng-jia-peng
http://www.zhihu.com/people/bo-bo-41-51
http://www.zhihu.com/people/bi-peng
http://www.zhihu.com/people/wen-da-ya-55
http://www.zhihu.com/people/liu-shuai-55-43
http://www.zhihu.com/people/Leo-Lau-1211
http://www.zhihu.com/people/zhang-peng-zhen
http://www.zhihu.com/people/ri-ye-qian-chi
http://www.zhihu.com/people/michael-10-3
http://www.zhihu.com/people/dong-su-hao
http://www.zhihu.com/people/ye-mu-zhen
http://www.zhihu.com/people/li-bo-yu-85
http://www.zhihu.com/people/qqw-ssdd
http://www.zhihu.com/people/yzzz
http://www.zhihu.com/people/ri-zhao-qing-yuan
http://www.zhihu.com/people/Dominic_
http://www.zhihu.com/people/yin-gao-jie
http://www.zhihu.com/people/wang-xiao-80-42
http://www.zhihu.com/people/xiao-chu
http://www.zhihu.com/people/zhang-shui-shui-78
http://www.zhihu.com/people/chen-wei-40-40
http://www.zhihu.com/people/zhang-jerry-78
http://www.zhihu.com/people/megan-ma
http://www.zhihu.com/people/zhuang-biao-wei
http://www.zhihu.com/people/wang-li-ming-94
http://www.zhihu.com/people/buhaoqiao
http://www.zhihu.com/people/wu-yu-29
http://www.zhihu.com/people/liu-chao-64
http://www.zhihu.com/people/tian-nan-gua
http://www.zhihu.com/people/hu-jia-93
http://www.zhihu.com/people/wu-le-27
http://www.zhihu.com/people/rickey-yue
http://www.zhihu.com/people/wang-rong-gang
http://www.zhihu.com/people/dongbobo
http://www.zhihu.com/people/feng-yuan-27
http://www.zhihu.com/people/qi-yue-34
http://www.zhihu.com/people/li-yun-yun-76
http://www.zhihu.com/people/zhou-mei-chen
http://www.zhihu.com/people/ruan-ruan-97
http://www.zhihu.com/people/kingljx
http://www.zhihu.com/people/wang-fei-86-52
http://www.zhihu.com/people/lz549436
http://www.zhihu.com/people/liu-lu
http://www.zhihu.com/people/ryan-fong
http://www.zhihu.com/people/lan-ting-zi
http://www.zhihu.com/people/wang-fu-shui
http://www.zhihu.com/people/shevchenko-57
http://www.zhihu.com/people/yang-wen-guang
http://www.zhihu.com/people/ning-you
http://www.zhihu.com/people/yan-ting-17
http://www.zhihu.com/people/shang-shi-3
http://www.zhihu.com/people/zao-hu
http://www.zhihu.com/people/ccat
http://www.zhihu.com/people/zheng-xia-ming
http://www.zhihu.com/people/zhang-yi-fan-48
http://www.zhihu.com/people/nakutoki
http://www.zhihu.com/people/yang-bo-71
http://www.zhihu.com/people/chen-yi-zhu-11
http://www.zhihu.com/people/xi-xi-91
http://www.zhihu.com/people/zhangdaibo
http://www.zhihu.com/people/yi-wen-ling
http://www.zhihu.com/people/wei-jia-cheng-20
http://www.zhihu.com/people/zhang-lai-xu
http://www.zhihu.com/people/NGC2392
http://www.zhihu.com/people/ted-lee-70
http://www.zhihu.com/people/teng-dou-dou
http://www.zhihu.com/people/rainbowfish
http://www.zhihu.com/people/cindy-cui-4
http://www.zhihu.com/people/kang-tian-yu
http://www.zhihu.com/people/wu-sean-58
http://www.zhihu.com/people/yu-jia-21-47
http://www.zhihu.com/people/zhang-xi-xi-53-83
http://www.zhihu.com/people/zhu-bo-tao
http://www.zhihu.com/people/pan-richard
http://www.zhihu.com/people/mu-rong-you-yue-65
http://www.zhihu.com/people/jiang-yuan-bo-81
http://www.zhihu.com/people/yang-hao-62-72
http://www.zhihu.com/people/yi-shou-heng
http://www.zhihu.com/people/zhihu_lxl
http://www.zhihu.com/people/gina-guo
http://www.zhihu.com/people/li-li-86-60
http://www.zhihu.com/people/wang-wen-ping
http://www.zhihu.com/people/shi-jia-jun-63
http://www.zhihu.com/people/bilao-shi
http://www.zhihu.com/people/yun-jian-hua-luo
http://www.zhihu.com/people/zhou-xiao-yu-24
http://www.zhihu.com/people/li-xiao-teng-81
http://www.zhihu.com/people/yue-lang-73
http://www.zhihu.com/people/zheng-zha-22
http://www.zhihu.com/people/lyncle
http://www.zhihu.com/people/buru
http://www.zhihu.com/people/onelite
http://www.zhihu.com/people/yetone
http://www.zhihu.com/people/li-yong-81-76
http://www.zhihu.com/people/wang-yu-65-31
http://www.zhihu.com/people/wang-han-6
http://www.zhihu.com/people/chenghan
http://www.zhihu.com/people/damon-tu
http://www.zhihu.com/people/fu-da-you
http://www.zhihu.com/people/ling-bo
http://www.zhihu.com/people/zhjuchjun-cheng
http://www.zhihu.com/people/memento-mori
http://www.zhihu.com/people/qin-shu-jian
http://www.zhihu.com/people/ophelia-36
http://www.zhihu.com/people/zhang-ying-zhou-91
http://www.zhihu.com/people/xin-xiao-xiang
http://www.zhihu.com/people/zhu-dong-hui-53
http://www.zhihu.com/people/chen-jia-zhi-zun-bao
http://www.zhihu.com/people/puff.moa
http://www.zhihu.com/people/mao-wen-tong
http://www.zhihu.com/people/a-fei-52
http://www.zhihu.com/people/jiangnanxi
http://www.zhihu.com/people/bu-jian-81
http://www.zhihu.com/people/yan-xiao-zhi
http://www.zhihu.com/people/zhang-li-chao
http://www.zhihu.com/people/liu-yang-xue
http://www.zhihu.com/people/REALMTB
http://www.zhihu.com/people/li-dian-dian-12
http://www.zhihu.com/people/pengyi
http://www.zhihu.com/people/veelam-tse
http://www.zhihu.com/people/zhang-bin-90-88
http://www.zhihu.com/people/huang-jia-wei
http://www.zhihu.com/people/yu-xiao-yang-8
http://www.zhihu.com/people/abenshit
http://www.zhihu.com/people/gao-yang-23
http://www.zhihu.com/people/djean
http://www.zhihu.com/people/zhu-xuan-71
http://www.zhihu.com/people/jimmy-zhou
http://www.zhihu.com/people/llfilm
http://www.zhihu.com/people/li-xuan-11-89
http://www.zhihu.com/people/wang-bin-xiang
http://www.zhihu.com/people/zhaojun4084
http://www.zhihu.com/people/matkiller
http://www.zhihu.com/people/wu-yong-tao-63
http://www.zhihu.com/people/Mag1na
http://www.zhihu.com/people/bowenbitch
http://www.zhihu.com/people/luo-xiao-wei
http://www.zhihu.com/people/miao-de-ling
http://www.zhihu.com/people/pan-sang-qian-sui
http://www.zhihu.com/people/huan-le-yan
http://www.zhihu.com/people/jia-guan-zhong
http://www.zhihu.com/people/wu-ting-ting
http://www.zhihu.com/people/mi-mi-15
http://www.zhihu.com/people/li-jun-jian-22
http://www.zhihu.com/people/chen-wei-wei-37
http://www.zhihu.com/people/lengqingru
http://www.zhihu.com/people/faye663
http://www.zhihu.com/people/sebastian-31-82
http://www.zhihu.com/people/hint
http://www.zhihu.com/people/fang-zhen-guo
http://www.zhihu.com/people/face-li
http://www.zhihu.com/people/yuan-lei-69
http://www.zhihu.com/people/da-weng
http://www.zhihu.com/people/anitavivi
http://www.zhihu.com/people/li-xiao-qiang-24
http://www.zhihu.com/people/stephanie-73
http://www.zhihu.com/people/wuho
http://www.zhihu.com/people/lu-jia-11
http://www.zhihu.com/people/wang-xiao-yue-86
http://www.zhihu.com/people/zhong-ye-zi-49
http://www.zhihu.com/people/yuke-fighting
http://www.zhihu.com/people/shenmie
http://www.zhihu.com/people/qing-yoqing
http://www.zhihu.com/people/hei-bing
http://www.zhihu.com/people/juice-wong
http://www.zhihu.com/people/wei-sheng-79
http://www.zhihu.com/people/zhang_lei
http://www.zhihu.com/people/xing-chen-31
http://www.zhihu.com/people/ychao-chao
http://www.zhihu.com/people/chen-yi-yang-64
http://www.zhihu.com/people/chen-jing-wei-66
http://www.zhihu.com/people/yi-luo
http://www.zhihu.com/people/aoimishi
http://www.zhihu.com/people/bai-fan-66
http://www.zhihu.com/people/tian-qia
http://www.zhihu.com/people/whamaya
http://www.zhihu.com/people/mahongwei
http://www.zhihu.com/people/meng-fan-lei
http://www.zhihu.com/people/zhouxiaocai
http://www.zhihu.com/people/lu-yan-shou
http://www.zhihu.com/people/wang-peng-22-36
http://www.zhihu.com/people/def1984
http://www.zhihu.com/people/ashbei-er
http://www.zhihu.com/people/chen-mo-59-75
http://www.zhihu.com/people/bin-xin-80
http://www.zhihu.com/people/er-shao-ye-48
http://www.zhihu.com/people/chen-qing-23
http://www.zhihu.com/people/qiao-nan-97
http://www.zhihu.com/people/wu-wen-kui
http://www.zhihu.com/people/z-ian
http://www.zhihu.com/people/qin-kang-bao
http://www.zhihu.com/people/susus
http://www.zhihu.com/people/tao-ye-82
http://www.zhihu.com/people/polimoda
http://www.zhihu.com/people/bing-mez
http://www.zhihu.com/people/icola
http://www.zhihu.com/people/zhao-zhe-8
http://www.zhihu.com/people/shi-xuan-yi
http://www.zhihu.com/people/fengjuanchengfu
http://www.zhihu.com/people/HanedaNakayama
http://www.zhihu.com/people/mao-jia-71
http://www.zhihu.com/people/chen-bing-hong-73
http://www.zhihu.com/people/dao-xiang-87
http://www.zhihu.com/people/mayday-88
http://www.zhihu.com/people/techoxygen
http://www.zhihu.com/people/po-yiya
http://www.zhihu.com/people/fan-ruo-xi-29
http://www.zhihu.com/people/you-guo-59
http://www.zhihu.com/people/han-chen-72
http://www.zhihu.com/people/yangluhan1990
http://www.zhihu.com/people/zheng-hu-li
http://www.zhihu.com/people/li-jun-13-31
http://www.zhihu.com/people/cheng-fang-hang
http://www.zhihu.com/people/liu-huan-78
http://www.zhihu.com/people/ou-yang-27
http://www.zhihu.com/people/zhangrongjie
http://www.zhihu.com/people/deserts-22
http://www.zhihu.com/people/feng-jun-peng
http://www.zhihu.com/people/wang-jia-wei-45-85
http://www.zhihu.com/people/zhen-ming-zhi
http://www.zhihu.com/people/davehong
http://www.zhihu.com/people/qiao-zhi-nuo
http://www.zhihu.com/people/zhudi
http://www.zhihu.com/people/li-xuan-xing
http://www.zhihu.com/people/wang-biao-88
http://www.zhihu.com/people/sasaki
http://www.zhihu.com/people/vivizhang1202
http://www.zhihu.com/people/naausica
http://www.zhihu.com/people/clisun
http://www.zhihu.com/people/yan-er-jane
http://www.zhihu.com/people/tumbler-75
http://www.zhihu.com/people/hao-shi-cong
http://www.zhihu.com/people/jason-xu-20
http://www.zhihu.com/people/li-yan-peng-98
http://www.zhihu.com/people/Chonny
http://www.zhihu.com/people/streaker
http://www.zhihu.com/people/p36288
http://www.zhihu.com/people/yehuai
http://www.zhihu.com/people/li-jia-jia-28
http://www.zhihu.com/people/jing-xiao-liang
http://www.zhihu.com/people/colorLee
http://www.zhihu.com/people/ju-zi-4
http://www.zhihu.com/people/bai-yan-shang-guan
http://www.zhihu.com/people/yipkoonyui
http://www.zhihu.com/people/zhuyawen
http://www.zhihu.com/people/luxjuve
http://www.zhihu.com/people/jilingbhl
http://www.zhihu.com/people/an-zhi-25
http://www.zhihu.com/people/cykor
http://www.zhihu.com/people/zhou-rui-jin
http://www.zhihu.com/people/junyue
http://www.zhihu.com/people/da-long-mao
http://www.zhihu.com/people/hu-jun-jie-83
http://www.zhihu.com/people/maiwangz
http://www.zhihu.com/people/movie007wn
http://www.zhihu.com/people/feng-kui-zhi
http://www.zhihu.com/people/liu-wen-yu-87
http://www.zhihu.com/people/ye-feng-lin
http://www.zhihu.com/people/yu-ming-gu-wen-chen-tao
http://www.zhihu.com/people/qiu-mu-zi
http://www.zhihu.com/people/garfield-43
http://www.zhihu.com/people/du-yun-67
http://www.zhihu.com/people/melon-ding
http://www.zhihu.com/people/eaststars
http://www.zhihu.com/people/yangxiaoche
http://www.zhihu.com/people/ma-jun-long-35
http://www.zhihu.com/people/jokii
http://www.zhihu.com/people/li-ya-fei-28
http://www.zhihu.com/people/guo-yu-chen-29
http://www.zhihu.com/people/zhang-wang-51
http://www.zhihu.com/people/sirius-86
http://www.zhihu.com/people/zhou-yi-bu-er
http://www.zhihu.com/people/ChSail
http://www.zhihu.com/people/hei-se-bo-luo
http://www.zhihu.com/people/mu-wen-yu
http://www.zhihu.com/people/qiu-yun-kai
http://www.zhihu.com/people/li-cheng-gan
http://www.zhihu.com/people/wu-xiao-ling-40
http://www.zhihu.com/people/zhang-gu-wei
http://www.zhihu.com/people/imceobitch
http://www.zhihu.com/people/wang-yuan-66-5
http://www.zhihu.com/people/zhang-jin-hui-75
http://www.zhihu.com/people/chu-zhao-sheng
http://www.zhihu.com/people/espresso-86
http://www.zhihu.com/people/zhang-xiang-52-47
http://www.zhihu.com/people/huanghuihui1991
http://www.zhihu.com/people/dong-ji-zai-hang-zhou
http://www.zhihu.com/people/muum
http://www.zhihu.com/people/mensmen
http://www.zhihu.com/people/squarex
http://www.zhihu.com/people/shhh-73
http://www.zhihu.com/people/gao-yi-yuan
http://www.zhihu.com/people/cai-bo-gang
http://www.zhihu.com/people/li-xue-jing-92
http://www.zhihu.com/people/liu-hong-48-93
http://www.zhihu.com/people/biheye
http://www.zhihu.com/people/jun-hua
http://www.zhihu.com/people/zhao-yuan-mo
http://www.zhihu.com/people/he-wen-hua
http://www.zhihu.com/people/juwa
http://www.zhihu.com/people/cbasky
http://www.zhihu.com/people/dai-feng-33
http://www.zhihu.com/people/xie-bei-bei-42
http://www.zhihu.com/people/yang-zhong-chuan
http://www.zhihu.com/people/zhao-jian-56
http://www.zhihu.com/people/bi-you-72
http://www.zhihu.com/people/wang-cheng-87
http://www.zhihu.com/people/zhongqi
http://www.zhihu.com/people/huang-pan-da
http://www.zhihu.com/people/dai-dai-93
http://www.zhihu.com/people/lin-lan-64-47
http://www.zhihu.com/people/yuan-you-tao-25
http://www.zhihu.com/people/bu-lan-yuan-yuanyuan
http://www.zhihu.com/people/ao-tu-kou-tian
http://www.zhihu.com/people/qiaoy
http://www.zhihu.com/people/sun-zhen-hua
http://www.zhihu.com/people/tong-zhou-14
http://www.zhihu.com/people/yi-qiu-40
http://www.zhihu.com/people/wildwilde
http://www.zhihu.com/people/mo-qi-rui
http://www.zhihu.com/people/phos
http://www.zhihu.com/people/guo-sheng-yu
http://www.zhihu.com/people/vincent0815
http://www.zhihu.com/people/icat
http://www.zhihu.com/people/lei-lei-89
http://www.zhihu.com/people/gino-23
http://www.zhihu.com/people/Yolo
http://www.zhihu.com/people/shuo-guo-xi-wen
http://www.zhihu.com/people/hua-he-shang
http://www.zhihu.com/people/sentimental_animal
http://www.zhihu.com/people/victor-shaw
http://www.zhihu.com/people/agassihou
http://www.zhihu.com/people/dong-yang-7
http://www.zhihu.com/people/lai-ya-qi
http://www.zhihu.com/people/fu-er
http://www.zhihu.com/people/song-xiao-fan
http://www.zhihu.com/people/lu-li-li
http://www.zhihu.com/people/atomd
http://www.zhihu.com/people/zhuyu
http://www.zhihu.com/people/huang-zhi-93
http://www.zhihu.com/people/holybreeze
http://www.zhihu.com/people/hua-wei-77
http://www.zhihu.com/people/superdiary
http://www.zhihu.com/people/chen-ying-ying-23
http://www.zhihu.com/people/cherrybomb
http://www.zhihu.com/people/hua-man-lou-17
http://www.zhihu.com/people/jeensk
http://www.zhihu.com/people/peng-fei-65
http://www.zhihu.com/people/ashes2
http://www.zhihu.com/people/zhang-xiao-guo-83
http://www.zhihu.com/people/qian-chang
http://www.zhihu.com/people/maste
http://www.zhihu.com/people/zhan-lei-94
http://www.zhihu.com/people/elliboy
http://www.zhihu.com/people/xuzhe1224
http://www.zhihu.com/people/po-dai
http://www.zhihu.com/people/yu-hua-70
http://www.zhihu.com/people/sunlee89
http://www.zhihu.com/people/hanz-chen
http://www.zhihu.com/people/wangpengyu
http://www.zhihu.com/people/bin-han
http://www.zhihu.com/people/fan-lin-lin
http://www.zhihu.com/people/lu-xiao-90
http://www.zhihu.com/people/zou-ming-51
http://www.zhihu.com/people/straybird
http://www.zhihu.com/people/mo-fei-si
http://www.zhihu.com/people/xiesheng-24
http://www.zhihu.com/people/nagily
http://www.zhihu.com/people/zicolau
http://www.zhihu.com/people/lidzh
http://www.zhihu.com/people/micky
http://www.zhihu.com/people/xiao-tian-51
http://www.zhihu.com/people/nainai
http://www.zhihu.com/people/luo-jia-xi
http://www.zhihu.com/people/fang-zilan
http://www.zhihu.com/people/li-ruo-ruo
http://www.zhihu.com/people/irismang
http://www.zhihu.com/people/christine-54
http://www.zhihu.com/people/li-fei-72
http://www.zhihu.com/people/manle
http://www.zhihu.com/people/fu-shui-liu
http://www.zhihu.com/people/cris91
http://www.zhihu.com/people/jiayizhen
http://www.zhihu.com/people/dbor
http://www.zhihu.com/people/xie-zong-yu
http://www.zhihu.com/people/nong-jun
http://www.zhihu.com/people/moya
http://www.zhihu.com/people/luipang
http://www.zhihu.com/people/xia-mei-qing
http://www.zhihu.com/people/nanj
http://www.zhihu.com/people/haoyeye
http://www.zhihu.com/people/jamesjiangchn
http://www.zhihu.com/people/10250
http://www.zhihu.com/people/bird-13
http://www.zhihu.com/people/noel-lo
http://www.zhihu.com/people/chenhua
http://www.zhihu.com/people/lailaiququ
http://www.zhihu.com/people/wang-xiang-jian
http://www.zhihu.com/people/silkisland
http://www.zhihu.com/people/adam-86
http://www.zhihu.com/people/shishan
http://www.zhihu.com/people/hellopeixing
http://www.zhihu.com/people/vviv
http://www.zhihu.com/people/zhao-sheng-di
http://www.zhihu.com/people/kevinzoro
http://www.zhihu.com/people/cuppacho
http://www.zhihu.com/people/mai-qia-te-ni
http://www.zhihu.com/people/yang-che-41
http://www.zhihu.com/people/bluntsword
http://www.zhihu.com/people/han-yan-hui
http://www.zhihu.com/people/cha-la-xiao-yu
http://www.zhihu.com/people/zuomomo
http://www.zhihu.com/people/tian-wei-7
http://www.zhihu.com/people/waner
http://www.zhihu.com/people/li-ling-ling-29
http://www.zhihu.com/people/wang-zhong-tao
http://www.zhihu.com/people/l3on
http://www.zhihu.com/people/ouzy
http://www.zhihu.com/people/jazzark
http://www.zhihu.com/people/leafgay
http://www.zhihu.com/people/duchao
http://www.zhihu.com/people/li-yang-89-33
http://www.zhihu.com/people/garhom
http://www.zhihu.com/people/chen-xing-68
http://www.zhihu.com/people/zou-zhi-jie
http://www.zhihu.com/people/mo-chen-96-25
http://www.zhihu.com/people/ericsun-71
http://www.zhihu.com/people/leongao
http://www.zhihu.com/people/gjw88
http://www.zhihu.com/people/nan-xi-ren
http://www.zhihu.com/people/avatarye
http://www.zhihu.com/people/jixin
http://www.zhihu.com/people/li-xiang-48-61
http://www.zhihu.com/people/jran
http://www.zhihu.com/people/czs05
http://www.zhihu.com/people/Smartnale
http://www.zhihu.com/people/marsxiang
http://www.zhihu.com/people/leaneryi
http://www.zhihu.com/people/xuexue
http://www.zhihu.com/people/ma-bo-ping
http://www.zhihu.com/people/yskin
http://www.zhihu.com/people/li-jin-ming-28
http://www.zhihu.com/people/wang-xiao-mei-35
http://www.zhihu.com/people/jin-xiao-nan
http://www.zhihu.com/people/babyfacer
http://www.zhihu.com/people/zhao-zi-chu
http://www.zhihu.com/people/misink
http://www.zhihu.com/people/xiepanda
http://www.zhihu.com/people/yuliwen
http://www.zhihu.com/people/rincolor
http://www.zhihu.com/people/zaiyiqi
http://www.zhihu.com/people/knightshady
http://www.zhihu.com/people/cklover
http://www.zhihu.com/people/ziofat
http://www.zhihu.com/people/boxun
http://www.zhihu.com/people/li-yang-89
http://www.zhihu.com/people/neaton
http://www.zhihu.com/people/wind
http://www.zhihu.com/people/huang-ze-kai
