http://www.zhihu.com/people/li-jun-jun-67
http://www.zhihu.com/people/jia-ying-80
http://www.zhihu.com/people/wen-tao-4
http://www.zhihu.com/people/lin-liu-17
http://www.zhihu.com/people/bibo
http://www.zhihu.com/people/yao-yao-43-64
http://www.zhihu.com/people/wei-ke-lin
http://www.zhihu.com/people/zetan-zzu
http://www.zhihu.com/people/wshiadai
http://www.zhihu.com/people/yu-ya-jun-72
http://www.zhihu.com/people/miaao
http://www.zhihu.com/people/zhang-zi-qiang-36
http://www.zhihu.com/people/zhou-huan-yu-49
http://www.zhihu.com/people/xu-yuan-54
http://www.zhihu.com/people/zhang-tian-jian-socooi
http://www.zhihu.com/people/meng-jue-99
http://www.zhihu.com/people/odinlai
http://www.zhihu.com/people/ren-er-cheng
http://www.zhihu.com/people/heaven_000
http://www.zhihu.com/people/zhou-jia-qi-55
http://www.zhihu.com/people/wujinzhi
http://www.zhihu.com/people/du-ying-jie
http://www.zhihu.com/people/eleven171
http://www.zhihu.com/people/yao-miao-yan
http://www.zhihu.com/people/Hitman-in-silence
http://www.zhihu.com/people/feng-xiang-wang
http://www.zhihu.com/people/peng-si-jie
http://www.zhihu.com/people/vanny
http://www.zhihu.com/people/qiu-zhi-ding
http://www.zhihu.com/people/gao-gao-72
http://www.zhihu.com/people/liu-shuai-65
http://www.zhihu.com/people/TedQ
http://www.zhihu.com/people/chen-xiao-huan-48
http://www.zhihu.com/people/zhang-xin-16-85
http://www.zhihu.com/people/qiao-xiao-xiao-53
http://www.zhihu.com/people/you-chen
http://www.zhihu.com/people/leehom19919
http://www.zhihu.com/people/wang-yuan-ting-17
http://www.zhihu.com/people/luke-lee-cn
http://www.zhihu.com/people/noah-yuan
http://www.zhihu.com/people/zhu-yixin-42
http://www.zhihu.com/people/zorbas
http://www.zhihu.com/people/tian-yu-93
http://www.zhihu.com/people/Zzway
http://www.zhihu.com/people/bao-zi-72
http://www.zhihu.com/people/altrixe
http://www.zhihu.com/people/schumiq
http://www.zhihu.com/people/ipoyang7
http://www.zhihu.com/people/chen-tai-nao
http://www.zhihu.com/people/fang-yan-gui-lin
http://www.zhihu.com/people/zhuozhuo-zhang
http://www.zhihu.com/people/ryan-wang-79
http://www.zhihu.com/people/gao-jin-30
http://www.zhihu.com/people/la-la-ba-xi-lie
http://www.zhihu.com/people/dan-huang-64
http://www.zhihu.com/people/qiubaipet
http://www.zhihu.com/people/sometimes-61
http://www.zhihu.com/people/wang-han-6
http://www.zhihu.com/people/shaxjl
http://www.zhihu.com/people/wang-zhen-min
http://www.zhihu.com/people/gu-nan-sheng
http://www.zhihu.com/people/phonism
http://www.zhihu.com/people/kang-xi-58
http://www.zhihu.com/people/mengqi-zhang-53
http://www.zhihu.com/people/baimo
http://www.zhihu.com/people/zao-tang-mi-xiang
http://www.zhihu.com/people/hou-hai-bo
http://www.zhihu.com/people/zuns
http://www.zhihu.com/people/hysic
http://www.zhihu.com/people/kingwinbin
http://www.zhihu.com/people/li-ling-ling-29
http://www.zhihu.com/people/Xieyiyao
http://www.zhihu.com/people/Leo-Lau-1211
http://www.zhihu.com/people/meng-yu-yao
http://www.zhihu.com/people/l3on
http://www.zhihu.com/people/doors
http://www.zhihu.com/people/zexiancui
http://www.zhihu.com/people/li-chang-yan
http://www.zhihu.com/people/ruan-zhong-er
http://www.zhihu.com/people/huntershi
http://www.zhihu.com/people/codesunday
http://www.zhihu.com/people/zhao-mo-er
http://www.zhihu.com/people/hu-li-yan
http://www.zhihu.com/people/Selerare
http://www.zhihu.com/people/ai-meng-65
http://www.zhihu.com/people/ye-zi-le
http://www.zhihu.com/people/warren-51
http://www.zhihu.com/people/su-ye-jie
http://www.zhihu.com/people/liu-lian-15-70
http://www.zhihu.com/people/zhao-deng-di
http://www.zhihu.com/people/ma-hang-3
http://www.zhihu.com/people/allenzhangkai
http://www.zhihu.com/people/guoying-zhong
http://www.zhihu.com/people/xu-xue-hen
http://www.zhihu.com/people/ming-ji-44
http://www.zhihu.com/people/ma-wen-jie-72
http://www.zhihu.com/people/li-ke-yan-25
http://www.zhihu.com/people/destiny-yan
http://www.zhihu.com/people/imlaputa
http://www.zhihu.com/people/vechen
http://www.zhihu.com/people/peter-85
http://www.zhihu.com/people/chen-bei-25
http://www.zhihu.com/people/Mr.cat
http://www.zhihu.com/people/qu-liang-shan
http://www.zhihu.com/people/abinarylifestyle
http://www.zhihu.com/people/li-hao-82-11
http://www.zhihu.com/people/li-che-44
http://www.zhihu.com/people/chen-fan-63
http://www.zhihu.com/people/yang-ya-4
http://www.zhihu.com/people/li-yi-39-78-14
http://www.zhihu.com/people/cao-zhi-dong-38
http://www.zhihu.com/people/Yangff
http://www.zhihu.com/people/huo-shao-lin
http://www.zhihu.com/people/chibole
http://www.zhihu.com/people/duan-yue-rong
http://www.zhihu.com/people/davidying15
http://www.zhihu.com/people/cu-mu
http://www.zhihu.com/people/huang-jun-feng-15
http://www.zhihu.com/people/zhou-gang-64
http://www.zhihu.com/people/shen-connie
http://www.zhihu.com/people/li-wan-fu
http://www.zhihu.com/people/tan-ri-tian
http://www.zhihu.com/people/camp
http://www.zhihu.com/people/xie-kuang-kuang
http://www.zhihu.com/people/xiao-hui-58-30
http://www.zhihu.com/people/chen-fei-47
http://www.zhihu.com/people/mo-wan
http://www.zhihu.com/people/tang-tang-16-7
http://www.zhihu.com/people/chen-cheng-6-65
http://www.zhihu.com/people/lefeng-liu
http://www.zhihu.com/people/nuo-nuo-98
http://www.zhihu.com/people/cocolee
http://www.zhihu.com/people/wang-kun-69-12
http://www.zhihu.com/people/chen-liang-19
http://www.zhihu.com/people/guo-bao-zhu
http://www.zhihu.com/people/xiao-ai-mao
http://www.zhihu.com/people/vivianlee
http://www.zhihu.com/people/liu-sha-22
http://www.zhihu.com/people/bicycling
http://www.zhihu.com/people/xulaohan
http://www.zhihu.com/people/huang-xiao-49
http://www.zhihu.com/people/ma-wen-chao-58
http://www.zhihu.com/people/zhi-yang-7
http://www.zhihu.com/people/li-li-31-33
http://www.zhihu.com/people/oracle33
http://www.zhihu.com/people/cheng-wei-67-64
http://www.zhihu.com/people/lee-ree
http://www.zhihu.com/people/cai-jin-cheng
http://www.zhihu.com/people/chenghan
http://www.zhihu.com/people/xunbao
http://www.zhihu.com/people/lian-tea
http://www.zhihu.com/people/qi-yuan-yuan-52
http://www.zhihu.com/people/you-yu-85
http://www.zhihu.com/people/jeremy-53
http://www.zhihu.com/people/wei-wei-79-3
http://www.zhihu.com/people/chen-kai-73-7
http://www.zhihu.com/people/pointfish
http://www.zhihu.com/people/sodapig
http://www.zhihu.com/people/liaoyy
http://www.zhihu.com/people/chen-yu-11-79
http://www.zhihu.com/people/fuwocheng
http://www.zhihu.com/people/heygrisy
http://www.zhihu.com/people/tolivebetter
http://www.zhihu.com/people/li-mie-mie-16
http://www.zhihu.com/people/hou-ye-60
http://www.zhihu.com/people/456312345645
http://www.zhihu.com/people/fan-xiao-xuan-41
http://www.zhihu.com/people/wang-ze-yu-82
http://www.zhihu.com/people/bei-dan-xiao-wo
http://www.zhihu.com/people/yang-hou-ze
http://www.zhihu.com/people/syhtayu
http://www.zhihu.com/people/hu-wei-18
http://www.zhihu.com/people/keepsmilence
http://www.zhihu.com/people/cold-cold
http://www.zhihu.com/people/da-du-he-shang
http://www.zhihu.com/people/cerulean-45
http://www.zhihu.com/people/huo-jia-14
http://www.zhihu.com/people/ding-rui-12
http://www.zhihu.com/people/rong-sir
http://www.zhihu.com/people/lei-zhang-50
http://www.zhihu.com/people/hongtayfeng
http://www.zhihu.com/people/zhang-xiao-xian-77
http://www.zhihu.com/people/xuqixun
http://www.zhihu.com/people/zhyang-liu
http://www.zhihu.com/people/zihuyouyisi
http://www.zhihu.com/people/feichai_dashu
http://www.zhihu.com/people/shi-teng-long
http://www.zhihu.com/people/li-si-yuan-89
http://www.zhihu.com/people/yjfx
http://www.zhihu.com/people/cherrypeach
http://www.zhihu.com/people/tangYY
http://www.zhihu.com/people/bian-xiao-wei
http://www.zhihu.com/people/yang-yu-chao-50
http://www.zhihu.com/people/su-huo-61
http://www.zhihu.com/people/liu-qiang-25
http://www.zhihu.com/people/tao-gong
http://www.zhihu.com/people/wang-xu-xin-37
http://www.zhihu.com/people/kqx1987
http://www.zhihu.com/people/ma-que-10
http://www.zhihu.com/people/yuan-dong-qiang
http://www.zhihu.com/people/derek-chum
http://www.zhihu.com/people/yu-long-71-12
http://www.zhihu.com/people/wang-shi-5
http://www.zhihu.com/people/xiao-chu
http://www.zhihu.com/people/wang-shang-77
http://www.zhihu.com/people/yan-er-jane
http://www.zhihu.com/people/alexpoo
http://www.zhihu.com/people/Vering
http://www.zhihu.com/people/xiao-wang-30
http://www.zhihu.com/people/wang-xiao-jian-20
http://www.zhihu.com/people/you-shu-60
http://www.zhihu.com/people/nyanzhang
http://www.zhihu.com/people/cao-zi-han-22
http://www.zhihu.com/people/zhang-yi-fan-48
http://www.zhihu.com/people/buhao-wo
http://www.zhihu.com/people/zhang-lei-9-37
http://www.zhihu.com/people/zhang-nicolas
http://www.zhihu.com/people/tong-fan-wen
http://www.zhihu.com/people/song-rui-rui
http://www.zhihu.com/people/su-ri-na
http://www.zhihu.com/people/yue-yi-he
http://www.zhihu.com/people/bi-jun-cheng
http://www.zhihu.com/people/wu-wen-kui
http://www.zhihu.com/people/THFQ
http://www.zhihu.com/people/zhang-xiao-fei-79
http://www.zhihu.com/people/wang-ce-9
http://www.zhihu.com/people/sleepingknight
http://www.zhihu.com/people/frankd
http://www.zhihu.com/people/fen-pa
http://www.zhihu.com/people/lin-yiqian
http://www.zhihu.com/people/echo-55-6
http://www.zhihu.com/people/mytifa
http://www.zhihu.com/people/malcolmyu
http://www.zhihu.com/people/csoni
http://www.zhihu.com/people/kokomi
http://www.zhihu.com/people/pu-jiao
http://www.zhihu.com/people/puyun
http://www.zhihu.com/people/gui-bo-yang
http://www.zhihu.com/people/wakit-lin
http://www.zhihu.com/people/butcherv
http://www.zhihu.com/people/francisscot
http://www.zhihu.com/people/wu-le-27
http://www.zhihu.com/people/guqiangqiang
http://www.zhihu.com/people/zhang-hankui
http://www.zhihu.com/people/hoposky
http://www.zhihu.com/people/yao-tai-ran
http://www.zhihu.com/people/shui-niao-tu-zi-yu
http://www.zhihu.com/people/shi-bing-lan
http://www.zhihu.com/people/bei-cheng-64
http://www.zhihu.com/people/marz-deng
http://www.zhihu.com/people/deng-yong-gang
http://www.zhihu.com/people/zhu-bo-tao
http://www.zhihu.com/people/lynness
http://www.zhihu.com/people/zhang-di-40
http://www.zhihu.com/people/cawen
http://www.zhihu.com/people/chen-jie-1
http://www.zhihu.com/people/eric-die
http://www.zhihu.com/people/shen-hui-zhong
http://www.zhihu.com/people/dai-si-ran
http://www.zhihu.com/people/xsclxin
http://www.zhihu.com/people/TheDayDreamer
http://www.zhihu.com/people/baraba
http://www.zhihu.com/people/kasmo
http://www.zhihu.com/people/luzern
http://www.zhihu.com/people/paperagain
http://www.zhihu.com/people/sin-51
http://www.zhihu.com/people/dong-feng-90
http://www.zhihu.com/people/you-da-86
http://www.zhihu.com/people/xu-zhi-kang-9
http://www.zhihu.com/people/xxnotepad
http://www.zhihu.com/people/xie-zhao-yuan-28
http://www.zhihu.com/people/aaronsu
http://www.zhihu.com/people/tan-ni
http://www.zhihu.com/people/muxiaogang
http://www.zhihu.com/people/wang-chun-ze-44
http://www.zhihu.com/people/jyjiang
http://www.zhihu.com/people/bai-xuan-63
http://www.zhihu.com/people/chen-zan-50
http://www.zhihu.com/people/wang-hai-bo-44
http://www.zhihu.com/people/richardhly
http://www.zhihu.com/people/lin-yun-peng
http://www.zhihu.com/people/mars20
http://www.zhihu.com/people/xie-qiang-97
http://www.zhihu.com/people/gao-fan-15
http://www.zhihu.com/people/deng-xin-xian
http://www.zhihu.com/people/justin001
http://www.zhihu.com/people/a-dao-44
http://www.zhihu.com/people/chuching
http://www.zhihu.com/people/song-96
http://www.zhihu.com/people/dao-xiang-87
http://www.zhihu.com/people/liu-wang-94
http://www.zhihu.com/people/rubi-47
http://www.zhihu.com/people/newzero
http://www.zhihu.com/people/sun-jing-16
http://www.zhihu.com/people/shi-wen-jun-19
http://www.zhihu.com/people/ma-ying-long-64
http://www.zhihu.com/people/long-bao-19
http://www.zhihu.com/people/xu-yantao
http://www.zhihu.com/people/yang-fei-85-59
http://www.zhihu.com/people/zhang-bo-28-61
http://www.zhihu.com/people/haohao4713
http://www.zhihu.com/people/ping-61
http://www.zhihu.com/people/chen-nian-hui
http://www.zhihu.com/people/diercn
http://www.zhihu.com/people/ecseeker
http://www.zhihu.com/people/yang-yu-58
http://www.zhihu.com/people/li-xiang-85
http://www.zhihu.com/people/peoplegxs
http://www.zhihu.com/people/cheng-hao-81
http://www.zhihu.com/people/zhou-ying-61
http://www.zhihu.com/people/Vc1991
http://www.zhihu.com/people/hanjiangxue
http://www.zhihu.com/people/dan-dan-31-66
http://www.zhihu.com/people/hong-shou
http://www.zhihu.com/people/su-xiao-bei1911
http://www.zhihu.com/people/Alex-Woo
http://www.zhihu.com/people/AirBlue
http://www.zhihu.com/people/jiang-dong-52
http://www.zhihu.com/people/cinderellaing
http://www.zhihu.com/people/van-gogh
http://www.zhihu.com/people/wywang
http://www.zhihu.com/people/dong-jia-bin
http://www.zhihu.com/people/wudachui
http://www.zhihu.com/people/zkaiyu
http://www.zhihu.com/people/yu-jia-21-47
http://www.zhihu.com/people/artemis-50
http://www.zhihu.com/people/ciciduff
http://www.zhihu.com/people/xie-yuan-95-81
http://www.zhihu.com/people/jiang-ge
http://www.zhihu.com/people/liu-long-48
http://www.zhihu.com/people/chu-ellen-43
http://www.zhihu.com/people/gao-da-li
http://www.zhihu.com/people/zhang-xin-wei
http://www.zhihu.com/people/yan-qing-34
http://www.zhihu.com/people/chen-feng-28
http://www.zhihu.com/people/zhu-huan-jie
http://www.zhihu.com/people/asaka
http://www.zhihu.com/people/chen-zhen-yue
http://www.zhihu.com/people/Yuliyapeach
http://www.zhihu.com/people/xingtao-shen
http://www.zhihu.com/people/sixfeet-80
http://www.zhihu.com/people/kevin-liu-15
http://www.zhihu.com/people/qi-jun-zhu
http://www.zhihu.com/people/weijiaqi
http://www.zhihu.com/people/kuang-yu-88
http://www.zhihu.com/people/liu-meng-46-66
http://www.zhihu.com/people/conscience
http://www.zhihu.com/people/yu-bo-yu
http://www.zhihu.com/people/tao-li-1-15
http://www.zhihu.com/people/yu-san-geng
http://www.zhihu.com/people/yao-hui-99
http://www.zhihu.com/people/zhao-zhi-xin-70
http://www.zhihu.com/people/bzda
http://www.zhihu.com/people/miketheshrimp
http://www.zhihu.com/people/triforce-wrx
http://www.zhihu.com/people/zhang-feng-68
http://www.zhihu.com/people/yao-___-fan
http://www.zhihu.com/people/dstny
http://www.zhihu.com/people/zhang-ru-cheng-46
http://www.zhihu.com/people/bxbxbai
http://www.zhihu.com/people/detective-tan
http://www.zhihu.com/people/li-yong-81-76
http://www.zhihu.com/people/stela
http://www.zhihu.com/people/xiong-yiquan
http://www.zhihu.com/people/yang-sheng-cheng
http://www.zhihu.com/people/zhao-rui-yang
http://www.zhihu.com/people/vance92
http://www.zhihu.com/people/liu-yang-xue
http://www.zhihu.com/people/jorisyuan
http://www.zhihu.com/people/zhao-zhao-94-95
http://www.zhihu.com/people/medges-11
http://www.zhihu.com/people/charles-11
http://www.zhihu.com/people/sheng-zhi-qing
http://www.zhihu.com/people/wwzcxqc
http://www.zhihu.com/people/wang-yi-fan-40
http://www.zhihu.com/people/li-yun-zhe-13
http://www.zhihu.com/people/hu-zhan-jun
http://www.zhihu.com/people/1zhou-zhou
http://www.zhihu.com/people/xuzhe1224
http://www.zhihu.com/people/lu-zhan-yan
http://www.zhihu.com/people/sunjiaxu
http://www.zhihu.com/people/dai-xiao-lan
http://www.zhihu.com/people/zhang-dong-19-62
http://www.zhihu.com/people/liuhai
http://www.zhihu.com/people/happiness
http://www.zhihu.com/people/wang-shuo-73-49
http://www.zhihu.com/people/wei-jun-72-33
http://www.zhihu.com/people/ning-meng-32
http://www.zhihu.com/people/hu-bao-dong
http://www.zhihu.com/people/huang-xiao-mi-88
http://www.zhihu.com/people/xie-jun-ting-53
http://www.zhihu.com/people/xu-yun-fang-49
http://www.zhihu.com/people/cittie
http://www.zhihu.com/people/TheChyi
http://www.zhihu.com/people/liu-xin-xin-99
http://www.zhihu.com/people/teabag
http://www.zhihu.com/people/xiao-tu-1
http://www.zhihu.com/people/lu-chen-3
http://www.zhihu.com/people/dianxiaoxian
http://www.zhihu.com/people/killaxe-jie
http://www.zhihu.com/people/pan-chen-23
http://www.zhihu.com/people/zhang-wei-10-7
http://www.zhihu.com/people/JoeyZhi
http://www.zhihu.com/people/wan-pu
http://www.zhihu.com/people/su-mo-ru
http://www.zhihu.com/people/jiang-41
http://www.zhihu.com/people/knight-sun
http://www.zhihu.com/people/wang-xiao-he-50
http://www.zhihu.com/people/lihao90
http://www.zhihu.com/people/fan-wu-zhi
http://www.zhihu.com/people/begier-lern
http://www.zhihu.com/people/jerry-cen
http://www.zhihu.com/people/zhang-han-bing
http://www.zhihu.com/people/robin-98
http://www.zhihu.com/people/Luo
http://www.zhihu.com/people/li-young-13
http://www.zhihu.com/people/li-yi-chen-53
http://www.zhihu.com/people/bai-hong-bin
http://www.zhihu.com/people/Ho_Beelzebu
http://www.zhihu.com/people/ryanlee-46
http://www.zhihu.com/people/asdzheng
http://www.zhihu.com/people/xinbing
http://www.zhihu.com/people/reachout
http://www.zhihu.com/people/zhang-ying-zhou-91
http://www.zhihu.com/people/zhu-ming-ming-13
http://www.zhihu.com/people/wang-yan-yu-64
http://www.zhihu.com/people/r-cheung
http://www.zhihu.com/people/cztchoice
http://www.zhihu.com/people/hao-ao-fu
http://www.zhihu.com/people/ai-fei-ai
http://www.zhihu.com/people/zhao-zhong-wei-6
http://www.zhihu.com/people/fisch
http://www.zhihu.com/people/qian-feng-27
http://www.zhihu.com/people/jackjajack
http://www.zhihu.com/people/wangdake
http://www.zhihu.com/people/liang-shu-jun
http://www.zhihu.com/people/lu-yao-23-74
http://www.zhihu.com/people/de-fu-48
http://www.zhihu.com/people/halcyonall
http://www.zhihu.com/people/nie-jun-3
http://www.zhihu.com/people/sniper53
http://www.zhihu.com/people/you-zi-han
http://www.zhihu.com/people/andy12530
http://www.zhihu.com/people/er-gou-80
http://www.zhihu.com/people/xun-babe
http://www.zhihu.com/people/zhou-xiang-hua-22
http://www.zhihu.com/people/fajia
http://www.zhihu.com/people/li-xiao-lin-68
http://www.zhihu.com/people/zhou-gan
http://www.zhihu.com/people/zhang-yue-ming-12
http://www.zhihu.com/people/jun-ya
http://www.zhihu.com/people/lin-dai-xiong-66
http://www.zhihu.com/people/tobenorth
http://www.zhihu.com/people/yu-gu-69
http://www.zhihu.com/people/lu-tian-88
http://www.zhihu.com/people/xiaoxingchange
http://www.zhihu.com/people/18-55
http://www.zhihu.com/people/fu-peng-47
http://www.zhihu.com/people/bai-wen-ming
http://www.zhihu.com/people/simonlau-6
http://www.zhihu.com/people/wang-fu-shui
http://www.zhihu.com/people/li-dong-91-32
http://www.zhihu.com/people/cocoalee
http://www.zhihu.com/people/mtoc
http://www.zhihu.com/people/amok-reen
http://www.zhihu.com/people/dai-yu-xiu
http://www.zhihu.com/people/Vincenty
http://www.zhihu.com/people/geng-mu-di
http://www.zhihu.com/people/wolf_wu
http://www.zhihu.com/people/wjbf
http://www.zhihu.com/people/chuangzi
http://www.zhihu.com/people/houxiaogeng
http://www.zhihu.com/people/davidqin
http://www.zhihu.com/people/achilles-bob
http://www.zhihu.com/people/qinmushang
http://www.zhihu.com/people/xie-chuan-28
http://www.zhihu.com/people/cha-wu-ming
http://www.zhihu.com/people/cheng-zhong-you
http://www.zhihu.com/people/Jeight
http://www.zhihu.com/people/xun-xun-17
http://www.zhihu.com/people/gongting
http://www.zhihu.com/people/zhang-yi-19
http://www.zhihu.com/people/deng-kang-er
http://www.zhihu.com/people/han_lao_liu
http://www.zhihu.com/people/Len.
http://www.zhihu.com/people/damon-tu
http://www.zhihu.com/people/chen-feng-wang
http://www.zhihu.com/people/hou-hui-si
http://www.zhihu.com/people/han-jian-bin-69
http://www.zhihu.com/people/wei-wei-87-88
http://www.zhihu.com/people/luo-meng-jie
http://www.zhihu.com/people/retsnom
http://www.zhihu.com/people/kingljx
http://www.zhihu.com/people/lu-run-da
http://www.zhihu.com/people/highend
http://www.zhihu.com/people/gao-zhen-ming-g
http://www.zhihu.com/people/li-ying-87
http://www.zhihu.com/people/duanyun
http://www.zhihu.com/people/xiao-lei-53
http://www.zhihu.com/people/martin-bi
http://www.zhihu.com/people/pingsheng
http://www.zhihu.com/people/SUNYATSEN
http://www.zhihu.com/people/yangluhan1990
http://www.zhihu.com/people/huang-he-8
http://www.zhihu.com/people/zhang-wei-zhong-58
http://www.zhihu.com/people/zhang-yiliu
http://www.zhihu.com/people/li-yu-he-51
http://www.zhihu.com/people/daniel975
http://www.zhihu.com/people/fly-6
http://www.zhihu.com/people/landeros
http://www.zhihu.com/people/audit
http://www.zhihu.com/people/mo-shen-94
http://www.zhihu.com/people/liu-xin-51-69
http://www.zhihu.com/people/hwdlc
http://www.zhihu.com/people/liuyu9045
http://www.zhihu.com/people/zhang-yu-feng-58
http://www.zhihu.com/people/yarkb
http://www.zhihu.com/people/luo-tao-31
http://www.zhihu.com/people/19951121
http://www.zhihu.com/people/yemoke
http://www.zhihu.com/people/tan-jing-gui
http://www.zhihu.com/people/zhougan
http://www.zhihu.com/people/dengduck
http://www.zhihu.com/people/wei-chen-wei
http://www.zhihu.com/people/xie-wei-24
http://www.zhihu.com/people/cnbeining
http://www.zhihu.com/people/zi-mo-qi
http://www.zhihu.com/people/tongjinghao
http://www.zhihu.com/people/wangj
http://www.zhihu.com/people/kennethtse
http://www.zhihu.com/people/zhang-dong-sheng-1
http://www.zhihu.com/people/luo-lin-80-13
http://www.zhihu.com/people/tinytub
http://www.zhihu.com/people/li-xiao-qiang-24
http://www.zhihu.com/people/da-weng
http://www.zhihu.com/people/zhang-gang-gang
http://www.zhihu.com/people/ren-fei-yan-82
http://www.zhihu.com/people/guxizhao
http://www.zhihu.com/people/adam-ye
http://www.zhihu.com/people/beishang
http://www.zhihu.com/people/forkburn
http://www.zhihu.com/people/zhu-zhi-yuan-52
http://www.zhihu.com/people/li-lan-fen
http://www.zhihu.com/people/david.dai
http://www.zhihu.com/people/ruan-qi-chun
http://www.zhihu.com/people/lee-64-57
http://www.zhihu.com/people/zhaozhemin
http://www.zhihu.com/people/wang-yi-86-58
http://www.zhihu.com/people/zhounan
http://www.zhihu.com/people/zhang-xiao-yue-72
http://www.zhihu.com/people/luo-sen-41-53
http://www.zhihu.com/people/meng-yi-yang
http://www.zhihu.com/people/li-yue-jing
http://www.zhihu.com/people/ning-schue
http://www.zhihu.com/people/yukixz
http://www.zhihu.com/people/shang-shi-3
http://www.zhihu.com/people/yan-xiao-xi-49
http://www.zhihu.com/people/gao-jie-54
http://www.zhihu.com/people/darkwater
http://www.zhihu.com/people/chen-you-lin-21
http://www.zhihu.com/people/luckeeee
http://www.zhihu.com/people/zshengqi
http://www.zhihu.com/people/walter-32
http://www.zhihu.com/people/xu-zhi-jia
http://www.zhihu.com/people/yang-zhi-58
http://www.zhihu.com/people/selbyyy
http://www.zhihu.com/people/freakchen
http://www.zhihu.com/people/feng-yan
http://www.zhihu.com/people/dong-ming-xuan
http://www.zhihu.com/people/goal_lawyer
http://www.zhihu.com/people/tian-nan-gua
http://www.zhihu.com/people/li-jun-58-42
http://www.zhihu.com/people/bing-mez
http://www.zhihu.com/people/daguo
http://www.zhihu.com/people/GionCat
http://www.zhihu.com/people/niu-hao-42
http://www.zhihu.com/people/xu-da-jun-51
http://www.zhihu.com/people/chen-xin-76
http://www.zhihu.com/people/karaki
http://www.zhihu.com/people/dou-shuai-62
http://www.zhihu.com/people/shan-you
http://www.zhihu.com/people/zheng-hu-li
http://www.zhihu.com/people/ma-jia-29
http://www.zhihu.com/people/zhang-yan-36
http://www.zhihu.com/people/they
http://www.zhihu.com/people/rui-yuan-yi
http://www.zhihu.com/people/sun-bai
http://www.zhihu.com/people/zi-bai
http://www.zhihu.com/people/li-hao-93-27
http://www.zhihu.com/people/feng-hong-liang
http://www.zhihu.com/people/li-zhao-meng
http://www.zhihu.com/people/zhang-___-chuan
http://www.zhihu.com/people/tian-wei-7
http://www.zhihu.com/people/song-qian-88
http://www.zhihu.com/people/bohu
http://www.zhihu.com/people/zec-5
http://www.zhihu.com/people/xia-jie-95
http://www.zhihu.com/people/lin-zhe-96
http://www.zhihu.com/people/song-song-99
http://www.zhihu.com/people/liu-bo-07-10
http://www.zhihu.com/people/miaomiaomiao
http://www.zhihu.com/people/cheng-bai-lao
http://www.zhihu.com/people/wang-yi-chun-01
http://www.zhihu.com/people/ju-zi-4
http://www.zhihu.com/people/dubhe
