http://www.zhihu.com/people/trigkit4
http://www.zhihu.com/people/Jesion
http://www.zhihu.com/people/gu-an-zhu
http://www.zhihu.com/people/____
http://www.zhihu.com/people/lin-jia-qi-79
http://www.zhihu.com/people/deutsch-99
http://www.zhihu.com/people/udoo
http://www.zhihu.com/people/jiangf
http://www.zhihu.com/people/lxliori
http://www.zhihu.com/people/fork
http://www.zhihu.com/people/mu-you-cun-65
http://www.zhihu.com/people/zuimai
http://www.zhihu.com/people/zhu-yong-qian
http://www.zhihu.com/people/yang-xi-49-36
http://www.zhihu.com/people/mazhen
http://www.zhihu.com/people/li-long-25
http://www.zhihu.com/people/xirongliu
http://www.zhihu.com/people/liu-chuan-feng-1
http://www.zhihu.com/people/peng-cong-12
http://www.zhihu.com/people/gao-gao-72
http://www.zhihu.com/people/song-xue-wei-29
http://www.zhihu.com/people/wu-yu-an
http://www.zhihu.com/people/liu-xiao-ci
http://www.zhihu.com/people/alohaschen
http://www.zhihu.com/people/Hitman-in-silence
http://www.zhihu.com/people/akb480
http://www.zhihu.com/people/zyzhang
http://www.zhihu.com/people/su-mi-fan
http://www.zhihu.com/people/gao-xing-93
http://www.zhihu.com/people/lanisle
http://www.zhihu.com/people/jerry-cen
http://www.zhihu.com/people/marlin-31
http://www.zhihu.com/people/ren-er-cheng
http://www.zhihu.com/people/jun-yi-14
http://www.zhihu.com/people/li-shuang-er-94
http://www.zhihu.com/people/wu-zhong-jie
http://www.zhihu.com/people/mi-mao-73
http://www.zhihu.com/people/lijieyuan
http://www.zhihu.com/people/neil-35-70
http://www.zhihu.com/people/nfyn
http://www.zhihu.com/people/xuyidoudou
http://www.zhihu.com/people/feng-hao-84
http://www.zhihu.com/people/liyunliberty
http://www.zhihu.com/people/terrylee
http://www.zhihu.com/people/vincentsi
http://www.zhihu.com/people/mi-xian-17
http://www.zhihu.com/people/li-shi-jun
http://www.zhihu.com/people/zhangqiang9876
http://www.zhihu.com/people/fsfree
http://www.zhihu.com/people/feng-wei-wen
http://www.zhihu.com/people/liu-huo-58
http://www.zhihu.com/people/xulaohan
http://www.zhihu.com/people/twlkyao
http://www.zhihu.com/people/ho-henry
http://www.zhihu.com/people/yangshenme
http://www.zhihu.com/people/yan-hong-bin
http://www.zhihu.com/people/tian-yan-feng
http://www.zhihu.com/people/huo-di-xiang
http://www.zhihu.com/people/tao-zhi0328
http://www.zhihu.com/people/miao-xiao-cheng
http://www.zhihu.com/people/luoxiaohuifuti
http://www.zhihu.com/people/lun-tai
http://www.zhihu.com/people/McGrady_pan
http://www.zhihu.com/people/yao-tom
http://www.zhihu.com/people/chen-yuan-hang
http://www.zhihu.com/people/Mclean
http://www.zhihu.com/people/wonderhao
http://www.zhihu.com/people/qi-xiao-chen
http://www.zhihu.com/people/liang-han-bing-2
http://www.zhihu.com/people/tomorrow
http://www.zhihu.com/people/jian-nuo-7
http://www.zhihu.com/people/zhou-yong-liang
http://www.zhihu.com/people/lightory
http://www.zhihu.com/people/liu-da-chun-68
http://www.zhihu.com/people/zhao-yan-bi-ri
http://www.zhihu.com/people/jun-jie-64
http://www.zhihu.com/people/aehan-aehan
http://www.zhihu.com/people/lord2014
http://www.zhihu.com/people/hylan
http://www.zhihu.com/people/djean
http://www.zhihu.com/people/xuexiaozhe
http://www.zhihu.com/people/zhang-xue-qiang
http://www.zhihu.com/people/zhouyuan
http://www.zhihu.com/people/gui-sheng-74
http://www.zhihu.com/people/maryoffice.com
http://www.zhihu.com/people/wujinzhi
http://www.zhihu.com/people/virgil
http://www.zhihu.com/people/zhang-mei-hua
http://www.zhihu.com/people/John.z
http://www.zhihu.com/people/huo-wan-ming
http://www.zhihu.com/people/tang-jing-yu-24
http://www.zhihu.com/people/wei-ke-duo
http://www.zhihu.com/people/huan-le-yan
http://www.zhihu.com/people/windhk
http://www.zhihu.com/people/li-chuang-46
http://www.zhihu.com/people/fireracer
http://www.zhihu.com/people/liu-chu-san
http://www.zhihu.com/people/iamsdx
http://www.zhihu.com/people/wang-ting-ting-28-65
http://www.zhihu.com/people/kennylin911
http://www.zhihu.com/people/wang-yu-5-48
http://www.zhihu.com/people/logichao
http://www.zhihu.com/people/kula-71
http://www.zhihu.com/people/sunlm
http://www.zhihu.com/people/zhang-jia-qi-19
http://www.zhihu.com/people/wang-peng-48
http://www.zhihu.com/people/noff
http://www.zhihu.com/people/zhang-wei-zhong
http://www.zhihu.com/people/caoxiongfeng
http://www.zhihu.com/people/han-zheng
http://www.zhihu.com/people/xi-leon
http://www.zhihu.com/people/sangxiamu
http://www.zhihu.com/people/zheng-zhi-chao-8
http://www.zhihu.com/people/yadun
http://www.zhihu.com/people/li-rong-peng-80
http://www.zhihu.com/people/liubey
http://www.zhihu.com/people/zhizhen
http://www.zhihu.com/people/zhibo-li
http://www.zhihu.com/people/guo-biao-38
http://www.zhihu.com/people/leobron
http://www.zhihu.com/people/kevzyu
http://www.zhihu.com/people/song-en-liang
http://www.zhihu.com/people/cao-xi-yu
http://www.zhihu.com/people/coldair
http://www.zhihu.com/people/lisanke
http://www.zhihu.com/people/tan-ri-tian
http://www.zhihu.com/people/zhaojian
http://www.zhihu.com/people/luo-hao-20
http://www.zhihu.com/people/nickwong
http://www.zhihu.com/people/yujingye
http://www.zhihu.com/people/yang-mi-34
http://www.zhihu.com/people/zheng-xia-ming
http://www.zhihu.com/people/fajingt
http://www.zhihu.com/people/jiang-nan-77
http://www.zhihu.com/people/tompound
http://www.zhihu.com/people/guo-da-lu-13-28
http://www.zhihu.com/people/yang-yong-54-36
http://www.zhihu.com/people/catcoder
http://www.zhihu.com/people/cnhawkorg
http://www.zhihu.com/people/ren-jie-77-31
http://www.zhihu.com/people/umifam
http://www.zhihu.com/people/wang-zhao-yu-2
http://www.zhihu.com/people/SeanParker
http://www.zhihu.com/people/he-yuan-sheng
http://www.zhihu.com/people/wang-wen-ping-27
http://www.zhihu.com/people/dylan-32
http://www.zhihu.com/people/xinzhyu
http://www.zhihu.com/people/zhu-xiao-wu-77
http://www.zhihu.com/people/zhang-feng-98-82
http://www.zhihu.com/people/jianchijianchi
http://www.zhihu.com/people/kondi
http://www.zhihu.com/people/qu-chong-dong
http://www.zhihu.com/people/zhang-xi-ting
http://www.zhihu.com/people/digitalboy
http://www.zhihu.com/people/senps
http://www.zhihu.com/people/kevinandlong
http://www.zhihu.com/people/wolf_wu
http://www.zhihu.com/people/imwilsonxu
http://www.zhihu.com/people/pan-wen-bo-45
http://www.zhihu.com/people/liquanchao
http://www.zhihu.com/people/he-jian-57
http://www.zhihu.com/people/xiao-chu
http://www.zhihu.com/people/possibilities
http://www.zhihu.com/people/poechant
http://www.zhihu.com/people/hoposky
http://www.zhihu.com/people/han-jing-79
http://www.zhihu.com/people/konakona
http://www.zhihu.com/people/jeffyuan
http://www.zhihu.com/people/du-yan-chao
http://www.zhihu.com/people/SKYyu
http://www.zhihu.com/people/buhaoqiao
http://www.zhihu.com/people/li-shou-yin-89
http://www.zhihu.com/people/feamung
http://www.zhihu.com/people/shao-yu-lin
http://www.zhihu.com/people/yishao
http://www.zhihu.com/people/lao-zhao-1
http://www.zhihu.com/people/yang-guang-84-94
http://www.zhihu.com/people/lu-gui-chen-26
http://www.zhihu.com/people/gao-yang-30
http://www.zhihu.com/people/loo2k
http://www.zhihu.com/people/shi-jia-jun-63
http://www.zhihu.com/people/000088
http://www.zhihu.com/people/xulei-92
http://www.zhihu.com/people/darasion
http://www.zhihu.com/people/bzda
http://www.zhihu.com/people/yofly
http://www.zhihu.com/people/shinn
http://www.zhihu.com/people/xiao-sa-06-16
http://www.zhihu.com/people/li_feng
http://www.zhihu.com/people/maiziman
http://www.zhihu.com/people/tang-sai-zhi
http://www.zhihu.com/people/liu-gao-yuan
http://www.zhihu.com/people/reconder
http://www.zhihu.com/people/february
http://www.zhihu.com/people/fan-kang
http://www.zhihu.com/people/cheng-ling-jian
http://www.zhihu.com/people/ykliu
http://www.zhihu.com/people/lin-yiqian
http://www.zhihu.com/people/fengweizhou
http://www.zhihu.com/people/iyucci
http://www.zhihu.com/people/bojincheng
http://www.zhihu.com/people/tian-feng-lin
http://www.zhihu.com/people/xu-xiao-ye-53
http://www.zhihu.com/people/chen-wei-57
http://www.zhihu.com/people/pikapika
http://www.zhihu.com/people/zhu-shao-hua-4
http://www.zhihu.com/people/mengxian
http://www.zhihu.com/people/detecti1914
http://www.zhihu.com/people/li-rui-qi-96
http://www.zhihu.com/people/mashicong
http://www.zhihu.com/people/li-jia-ye
http://www.zhihu.com/people/jeffo
http://www.zhihu.com/people/pigletfly
http://www.zhihu.com/people/jiang-ge
http://www.zhihu.com/people/ma-nong-64
http://www.zhihu.com/people/doita
http://www.zhihu.com/people/techoxygen
http://www.zhihu.com/people/qsthink
http://www.zhihu.com/people/kidding
http://www.zhihu.com/people/alexwhu
http://www.zhihu.com/people/sui-lin-5
http://www.zhihu.com/people/ekousp
http://www.zhihu.com/people/tang-yiming-24
http://www.zhihu.com/people/liao-ruo-fan
http://www.zhihu.com/people/liu-xin-yu-49
http://www.zhihu.com/people/er-gou-80
http://www.zhihu.com/people/yuan-xiaoqi
http://www.zhihu.com/people/gauin
http://www.zhihu.com/people/tong-wei-64
http://www.zhihu.com/people/xiao-yi-21
http://www.zhihu.com/people/binihao5bei
http://www.zhihu.com/people/kinvy
http://www.zhihu.com/people/yunshu
http://www.zhihu.com/people/easthero
http://www.zhihu.com/people/zhengguoqiang
http://www.zhihu.com/people/li-curt
http://www.zhihu.com/people/yi-zhen-fei
http://www.zhihu.com/people/hu-li-hua
http://www.zhihu.com/people/Luxiaohua
http://www.zhihu.com/people/ganyi
http://www.zhihu.com/people/yun-zhong-jun-46
http://www.zhihu.com/people/xie-jia-yu-90
http://www.zhihu.com/people/zhao-yu-kun-69
http://www.zhihu.com/people/michelle-xin
http://www.zhihu.com/people/ni-ze-76
http://www.zhihu.com/people/yan-yu-yan
http://www.zhihu.com/people/li-dong-bin-94
http://www.zhihu.com/people/cuiyanboys
http://www.zhihu.com/people/jhhuawei.com
http://www.zhihu.com/people/zeaker
http://www.zhihu.com/people/lin-zhuo-zhao
http://www.zhihu.com/people/zhan-jia
http://www.zhihu.com/people/chen-ying-08-94
http://www.zhihu.com/people/warren-51
http://www.zhihu.com/people/mi-lu-50
http://www.zhihu.com/people/imnov
http://www.zhihu.com/people/xu-xu-39
http://www.zhihu.com/people/gang-zi-70
http://www.zhihu.com/people/han-yan-hui
http://www.zhihu.com/people/fu-tian-yuan
http://www.zhihu.com/people/jansty
http://www.zhihu.com/people/THFQ
http://www.zhihu.com/people/wei-xiao-mao
http://www.zhihu.com/people/huang-liang-69
http://www.zhihu.com/people/wang-ran-ran-28
http://www.zhihu.com/people/liu-yi-62
http://www.zhihu.com/people/yang-kai-88-53
http://www.zhihu.com/people/YY.song
http://www.zhihu.com/people/henry-29
http://www.zhihu.com/people/zhao-hong-e-67
http://www.zhihu.com/people/ri-nian
http://www.zhihu.com/people/wang-huan-ran
http://www.zhihu.com/people/GilgameshK
http://www.zhihu.com/people/li-qing-hua-23
http://www.zhihu.com/people/tan-wei-guo
http://www.zhihu.com/people/chenxinfeng
http://www.zhihu.com/people/6677
http://www.zhihu.com/people/celery-49
http://www.zhihu.com/people/cai-wen-qiao
http://www.zhihu.com/people/wangyue
http://www.zhihu.com/people/su7ao
http://www.zhihu.com/people/liang-yi-18-42
http://www.zhihu.com/people/anthonyxu
http://www.zhihu.com/people/xu-yin-zhou
http://www.zhihu.com/people/mo0o0fsjmf0icbi
http://www.zhihu.com/people/wang-ji-yan
http://www.zhihu.com/people/bigtran
http://www.zhihu.com/people/lxf8
http://www.zhihu.com/people/jeffen
http://www.zhihu.com/people/shen-tong-14
http://www.zhihu.com/people/su-de-7
http://www.zhihu.com/people/merlin-47
http://www.zhihu.com/people/lu-wen-long-28
http://www.zhihu.com/people/anio
http://www.zhihu.com/people/qethan
http://www.zhihu.com/people/huang-de-xu
http://www.zhihu.com/people/yao-sa
http://www.zhihu.com/people/zhang-yi-87-73
http://www.zhihu.com/people/tang-shu-3
http://www.zhihu.com/people/kamuel
http://www.zhihu.com/people/raining
http://www.zhihu.com/people/woodboy456
http://www.zhihu.com/people/tang-jian-98
http://www.zhihu.com/people/wang-shui-89
http://www.zhihu.com/people/deng-yong-gang
http://www.zhihu.com/people/shenyou354
http://www.zhihu.com/people/www.90iter.com
http://www.zhihu.com/people/ke-duo-52
http://www.zhihu.com/people/chundonghu
http://www.zhihu.com/people/renwang
http://www.zhihu.com/people/rancho-42
http://www.zhihu.com/people/han-yixin
http://www.zhihu.com/people/chen-chen-84-78
http://www.zhihu.com/people/twohrs
http://www.zhihu.com/people/tong-chong
http://www.zhihu.com/people/sagasw
http://www.zhihu.com/people/wei-yang-88
http://www.zhihu.com/people/sasiky
http://www.zhihu.com/people/xiao-hong-jian
http://www.zhihu.com/people/stig-zhang
http://www.zhihu.com/people/wnngcn
http://www.zhihu.com/people/xiong-zi-yi
http://www.zhihu.com/people/zhang-kai-qi-89
http://www.zhihu.com/people/tuweihao
http://www.zhihu.com/people/leixiao
http://www.zhihu.com/people/flike
http://www.zhihu.com/people/screwu
http://www.zhihu.com/people/somethingthat
http://www.zhihu.com/people/citywill
http://www.zhihu.com/people/wuie
http://www.zhihu.com/people/zhou-bang-65
http://www.zhihu.com/people/wang-song-64-66
http://www.zhihu.com/people/erguozi
http://www.zhihu.com/people/huang-yuan-pu
http://www.zhihu.com/people/yan-shi-51
http://www.zhihu.com/people/yangfan7823
http://www.zhihu.com/people/ran-ye
http://www.zhihu.com/people/huangchaoqiong
http://www.zhihu.com/people/yang-bobo
http://www.zhihu.com/people/qi-lin-17
http://www.zhihu.com/people/zeroyeung
http://www.zhihu.com/people/qu-peng-55
http://www.zhihu.com/people/damon-88
http://www.zhihu.com/people/hou-wen-xuan
http://www.zhihu.com/people/orzwind
http://www.zhihu.com/people/fanguofeng
http://www.zhihu.com/people/yu-bo-yu
http://www.zhihu.com/people/a-du
http://www.zhihu.com/people/lin-nuo-82
http://www.zhihu.com/people/he-chao
http://www.zhihu.com/people/cytzrs
http://www.zhihu.com/people/xu-qi-qiang-26
http://www.zhihu.com/people/wei-piao
http://www.zhihu.com/people/leif
http://www.zhihu.com/people/han-chang-jiang-31
http://www.zhihu.com/people/li-xue-jiao-3
http://www.zhihu.com/people/liufugui
http://www.zhihu.com/people/chen-tao-1-60
http://www.zhihu.com/people/rotate8
http://www.zhihu.com/people/liu-hong-cai
http://www.zhihu.com/people/yanjunliu
http://www.zhihu.com/people/zhang-yang-44-1
http://www.zhihu.com/people/daizhixin
http://www.zhihu.com/people/mono-shang
http://www.zhihu.com/people/ai-hua-feng
http://www.zhihu.com/people/huang-yi-chao-67
http://www.zhihu.com/people/mickizeng
http://www.zhihu.com/people/jiang-xiao-ming-33
http://www.zhihu.com/people/li-gang-23-4
http://www.zhihu.com/people/nhsoft
http://www.zhihu.com/people/xrbing
http://www.zhihu.com/people/wang-yu-hao-46
http://www.zhihu.com/people/hao-wei-heng
http://www.zhihu.com/people/ceng-yi-84
http://www.zhihu.com/people/sheenshuay
http://www.zhihu.com/people/chinalinbin
http://www.zhihu.com/people/qi-xuan-8
http://www.zhihu.com/people/su-yao
http://www.zhihu.com/people/luo-wen-feng
http://www.zhihu.com/people/rambler1122
http://www.zhihu.com/people/mihua
http://www.zhihu.com/people/zhang-jian-yuan-3
http://www.zhihu.com/people/xu-hao-tian-21
http://www.zhihu.com/people/yang-qi-8
http://www.zhihu.com/people/wolfer-55
http://www.zhihu.com/people/zhou-yi-ran
http://www.zhihu.com/people/zi-liu
http://www.zhihu.com/people/allenhung
http://www.zhihu.com/people/iwascaoqiang
http://www.zhihu.com/people/li-hua-ting
http://www.zhihu.com/people/wu-hao-tian-32
http://www.zhihu.com/people/shu-hui-5
http://www.zhihu.com/people/zhou-li-xing-90
http://www.zhihu.com/people/wooden
http://www.zhihu.com/people/yshone
http://www.zhihu.com/people/yang-chao-32
http://www.zhihu.com/people/gao-jian-34
http://www.zhihu.com/people/supperpig
http://www.zhihu.com/people/visionwang
http://www.zhihu.com/people/rayman
http://www.zhihu.com/people/yexiaowei
http://www.zhihu.com/people/fredericw
http://www.zhihu.com/people/longyao
http://www.zhihu.com/people/wang-shao-hui-74
http://www.zhihu.com/people/yuan-peng-yang
http://www.zhihu.com/people/zhang-wei-59-54
http://www.zhihu.com/people/he-jing-73
http://www.zhihu.com/people/zhang-jian-bai
http://www.zhihu.com/people/zhang-___-lin
http://www.zhihu.com/people/myersguo
http://www.zhihu.com/people/MobileMe
http://www.zhihu.com/people/zou-xiao-zhang
http://www.zhihu.com/people/ou-yang-fan
http://www.zhihu.com/people/zi-xuan-48
http://www.zhihu.com/people/kennedy
http://www.zhihu.com/people/hsiaofan
http://www.zhihu.com/people/jin-zhi-yu
http://www.zhihu.com/people/cy-liang
http://www.zhihu.com/people/gowk
http://www.zhihu.com/people/zation
http://www.zhihu.com/people/chingsesame
http://www.zhihu.com/people/lingaoyi
http://www.zhihu.com/people/mirra
http://www.zhihu.com/people/zbetter-18
http://www.zhihu.com/people/tormnet
http://www.zhihu.com/people/yang-fan-60-8
http://www.zhihu.com/people/ding-dong-chao
http://www.zhihu.com/people/wang-min-jun
http://www.zhihu.com/people/shi-yong-zhen
http://www.zhihu.com/people/zou-ming-51
http://www.zhihu.com/people/dai-yu-jia
http://www.zhihu.com/people/fu-jia-qi
http://www.zhihu.com/people/Linkc
http://www.zhihu.com/people/wang-xiao-lei-41
http://www.zhihu.com/people/xiang-fang-sui
http://www.zhihu.com/people/addren
http://www.zhihu.com/people/yinwm
http://www.zhihu.com/people/yezhongli
http://www.zhihu.com/people/orzzhang
http://www.zhihu.com/people/wuxudong
http://www.zhihu.com/people/mu-ta
http://www.zhihu.com/people/leunja
http://www.zhihu.com/people/chong-ruo
http://www.zhihu.com/people/wang-jin-feng-26
http://www.zhihu.com/people/hu-jian-bo
http://www.zhihu.com/people/wang-tao-18
http://www.zhihu.com/people/cocacole
http://www.zhihu.com/people/tsangdh
http://www.zhihu.com/people/qin-qin-25
http://www.zhihu.com/people/dong-jun-lin
http://www.zhihu.com/people/xufei
http://www.zhihu.com/people/li-peng-yu
http://www.zhihu.com/people/huang-lei-74
http://www.zhihu.com/people/liulinhai
http://www.zhihu.com/people/xieguanghua
http://www.zhihu.com/people/huangyunbin
http://www.zhihu.com/people/wu-wei-96-47
http://www.zhihu.com/people/qu-zi
http://www.zhihu.com/people/cai-lu-59
http://www.zhihu.com/people/guo-ya-zhu-53
http://www.zhihu.com/people/kamiyalv
http://www.zhihu.com/people/blu-ray
http://www.zhihu.com/people/xie-qing-bo
http://www.zhihu.com/people/yang-gui-yu
http://www.zhihu.com/people/zheng-hao-37
http://www.zhihu.com/people/aullik5
http://www.zhihu.com/people/MartinESC
http://www.zhihu.com/people/jerryweiaaa
http://www.zhihu.com/people/xia-xiao-xuan-87
http://www.zhihu.com/people/zion-17
http://www.zhihu.com/people/Morgoth
http://www.zhihu.com/people/yinqianxiang
http://www.zhihu.com/people/lin-yi-85
http://www.zhihu.com/people/wangfang010
http://www.zhihu.com/people/yang-xiao-liang-20
http://www.zhihu.com/people/xuejiapeng
http://www.zhihu.com/people/jiang-xiang-ling
http://www.zhihu.com/people/liudongdong
http://www.zhihu.com/people/xu-wei-xian
http://www.zhihu.com/people/dieter
http://www.zhihu.com/people/skyphen
http://www.zhihu.com/people/teng.teng
http://www.zhihu.com/people/LilHayah
http://www.zhihu.com/people/shuai-ding-xin-real
http://www.zhihu.com/people/chen-ying-guo
http://www.zhihu.com/people/yang-chang-long
http://www.zhihu.com/people/wang-jun-jun
http://www.zhihu.com/people/yang-luo
http://www.zhihu.com/people/xu-li-xiao-26
http://www.zhihu.com/people/li-yin-1
http://www.zhihu.com/people/albertzzy
http://www.zhihu.com/people/zhoulin
http://www.zhihu.com/people/zhao-liang-51
http://www.zhihu.com/people/niu-bao-shu
http://www.zhihu.com/people/tovibox
http://www.zhihu.com/people/sara-38
http://www.zhihu.com/people/zhang-liu-chun
http://www.zhihu.com/people/shang-jin-13
http://www.zhihu.com/people/he-shan-33
http://www.zhihu.com/people/ran-wen-jie
http://www.zhihu.com/people/aspirinfox
http://www.zhihu.com/people/lu-quan
http://www.zhihu.com/people/ti-mi-su-la
http://www.zhihu.com/people/song-si-yuan
http://www.zhihu.com/people/xiao-li-60
http://www.zhihu.com/people/naituida
http://www.zhihu.com/people/han-wei-11
http://www.zhihu.com/people/wangyan123
http://www.zhihu.com/people/laiyonghao
http://www.zhihu.com/people/zhang-jian-kang-58
http://www.zhihu.com/people/han-yi-70
http://www.zhihu.com/people/lai-ni-97
http://www.zhihu.com/people/zhao-bo-18
http://www.zhihu.com/people/zhang-zhi-jie-31
http://www.zhihu.com/people/kokoar
http://www.zhihu.com/people/zhong-a-kong
http://www.zhihu.com/people/gao-yu-15
http://www.zhihu.com/people/ceng-dao
http://www.zhihu.com/people/harbuzi
http://www.zhihu.com/people/xiaogaozi
http://www.zhihu.com/people/meng-shuang-paula
http://www.zhihu.com/people/gu-gu-94
http://www.zhihu.com/people/wang-yao-2
http://www.zhihu.com/people/BygatesGu
http://www.zhihu.com/people/liu-wen-shu
http://www.zhihu.com/people/starknight
http://www.zhihu.com/people/netsos
http://www.zhihu.com/people/tansuo19
http://www.zhihu.com/people/zhang-zong-yi-73
http://www.zhihu.com/people/wendy-35
http://www.zhihu.com/people/hlhl
http://www.zhihu.com/people/playmobil
http://www.zhihu.com/people/qi-lan-shan-yu-4
http://www.zhihu.com/people/andi
http://www.zhihu.com/people/yi-yang-30
http://www.zhihu.com/people/haiger-25
http://www.zhihu.com/people/dingxiaobu
http://www.zhihu.com/people/zhaoyuanyuan
http://www.zhihu.com/people/yskin
http://www.zhihu.com/people/puyun
http://www.zhihu.com/people/shanfeng-xie
http://www.zhihu.com/people/yang-lei-86
http://www.zhihu.com/people/liu-feng-li
http://www.zhihu.com/people/yuhao-85
http://www.zhihu.com/people/yang-cong-quan-man-tou
http://www.zhihu.com/people/cong
http://www.zhihu.com/people/noyy
http://www.zhihu.com/people/magie
http://www.zhihu.com/people/astrum
http://www.zhihu.com/people/lilailiqu
http://www.zhihu.com/people/yanglin13
http://www.zhihu.com/people/endlessturelove
http://www.zhihu.com/people/muzili
http://www.zhihu.com/people/lu-xin-lin
http://www.zhihu.com/people/vicbo
http://www.zhihu.com/people/huang-wei-jun-36
http://www.zhihu.com/people/pei-fei-28
http://www.zhihu.com/people/liu-zong-yao
http://www.zhihu.com/people/heyue
http://www.zhihu.com/people/flyingfish
http://www.zhihu.com/people/han-lu
http://www.zhihu.com/people/wang-jian-61-70
http://www.zhihu.com/people/lymz
http://www.zhihu.com/people/tonvin
http://www.zhihu.com/people/qiujing
http://www.zhihu.com/people/pijili
http://www.zhihu.com/people/snakeyi
http://www.zhihu.com/people/welbin
http://www.zhihu.com/people/yjpts
http://www.zhihu.com/people/dabin
http://www.zhihu.com/people/feng-kui-zhi
http://www.zhihu.com/people/lanhan
http://www.zhihu.com/people/qi-xin
http://www.zhihu.com/people/zyx1st
http://www.zhihu.com/people/vinowan
http://www.zhihu.com/people/yeskk
http://www.zhihu.com/people/qi-xiao-qikennyqi
http://www.zhihu.com/people/part
http://www.zhihu.com/people/qihao
http://www.zhihu.com/people/Gromit
http://www.zhihu.com/people/wang-jun-hong
http://www.zhihu.com/people/pucca
http://www.zhihu.com/people/fanzy
http://www.zhihu.com/people/ayon
http://www.zhihu.com/people/wheat
http://www.zhihu.com/people/adongdong
http://www.zhihu.com/people/terryzhang
http://www.zhihu.com/people/robaggio
http://www.zhihu.com/people/interma
http://www.zhihu.com/people/billhan
http://www.zhihu.com/people/leomoon
http://www.zhihu.com/people/yao-xing-guang
http://www.zhihu.com/people/yan-mu
http://www.zhihu.com/people/zhengping
http://www.zhihu.com/people/liu-xiu-dong
http://www.zhihu.com/people/zhangkf
http://www.zhihu.com/people/yangyuan
http://www.zhihu.com/people/iwanglian
http://www.zhihu.com/people/izhidao
http://www.zhihu.com/people/xie-wei-89
http://www.zhihu.com/people/sherrik
http://www.zhihu.com/people/xxxxx
http://www.zhihu.com/people/frank-99
http://www.zhihu.com/people/zhao-dan-98
http://www.zhihu.com/people/helloharry
http://www.zhihu.com/people/li-kui
http://www.zhihu.com/people/li-ming-jin
http://www.zhihu.com/people/yang-xiang-nan
http://www.zhihu.com/people/secret
http://www.zhihu.com/people/monique-fong
http://www.zhihu.com/people/zhang-feng-52
http://www.zhihu.com/people/Leader
http://www.zhihu.com/people/pigtwo
http://www.zhihu.com/people/blankyao
http://www.zhihu.com/people/johnfang-jun
http://www.zhihu.com/people/haijiaxuan
http://www.zhihu.com/people/yu-wen-ming
http://www.zhihu.com/people/outlier
http://www.zhihu.com/people/Amom
http://www.zhihu.com/people/kaniel
http://www.zhihu.com/people/chen-chun-81
http://www.zhihu.com/people/chun-lei
http://www.zhihu.com/people/luliang
http://www.zhihu.com/people/du-yu
http://www.zhihu.com/people/zhao-shu-yan
http://www.zhihu.com/people/cswhjiang
http://www.zhihu.com/people/yifu
http://www.zhihu.com/people/qi-zhao
http://www.zhihu.com/people/fanfan1985
http://www.zhihu.com/people/songlipeng2003
http://www.zhihu.com/people/jerryzy
http://www.zhihu.com/people/xbai
http://www.zhihu.com/people/liao-shi-chuan
http://www.zhihu.com/people/chenruihong
http://www.zhihu.com/people/liu-shi-chao-12
http://www.zhihu.com/people/ding-tian
http://www.zhihu.com/people/dao-dao-62
http://www.zhihu.com/people/zhong-jia
http://www.zhihu.com/people/eileen-lee
http://www.zhihu.com/people/CCAV1
http://www.zhihu.com/people/li-jian-bo
http://www.zhihu.com/people/he-jia-qiang
http://www.zhihu.com/people/zhang-zi-yi
http://www.zhihu.com/people/jaconey
http://www.zhihu.com/people/laruku
http://www.zhihu.com/people/lihua
http://www.zhihu.com/people/raymond-wang
http://www.zhihu.com/people/piercehou
http://www.zhihu.com/people/probe
http://www.zhihu.com/people/xi-mi-huang
http://www.zhihu.com/people/applenate
http://www.zhihu.com/people/wang-sheng-fu-chen
http://www.zhihu.com/people/victor-80
http://www.zhihu.com/people/zhangrongjie
http://www.zhihu.com/people/beatbox
http://www.zhihu.com/people/hanoi
http://www.zhihu.com/people/huang-xiao-song-86
http://www.zhihu.com/people/zhenghuiwen
http://www.zhihu.com/people/cklover
http://www.zhihu.com/people/liujian
http://www.zhihu.com/people/yuanqz
http://www.zhihu.com/people/velochina
http://www.zhihu.com/people/guoqiaotudou
http://www.zhihu.com/people/tanglu
http://www.zhihu.com/people/ge-wei-sheng
http://www.zhihu.com/people/zhang-yan-74
http://www.zhihu.com/people/liu-xi-fei
http://www.zhihu.com/people/ding-jun-56
http://www.zhihu.com/people/qilin90
http://www.zhihu.com/people/daming
http://www.zhihu.com/people/Cyspber
http://www.zhihu.com/people/zhao-wei
http://www.zhihu.com/people/habin
http://www.zhihu.com/people/wang-zhi-feng-22
http://www.zhihu.com/people/ianzhao
http://www.zhihu.com/people/enqiangli
http://www.zhihu.com/people/perryhau
http://www.zhihu.com/people/fa-jun
http://www.zhihu.com/people/soulmachine
http://www.zhihu.com/people/yuan-erer
http://www.zhihu.com/people/miao-zhong-yu
http://www.zhihu.com/people/tang-mi-54
http://www.zhihu.com/people/lu-shui-shui
http://www.zhihu.com/people/wmichelle
http://www.zhihu.com/people/hanter.hu
http://www.zhihu.com/people/wanttofree
http://www.zhihu.com/people/wanghaihe
http://www.zhihu.com/people/zhangbin
http://www.zhihu.com/people/photoxu
http://www.zhihu.com/people/jiang-feng-yu
http://www.zhihu.com/people/tangzk
http://www.zhihu.com/people/anyan
http://www.zhihu.com/people/panbin
http://www.zhihu.com/people/lin-lin-46-13
http://www.zhihu.com/people/congmiao
http://www.zhihu.com/people/linxiangyang
http://www.zhihu.com/people/xiao-mao
http://www.zhihu.com/people/zxb888
http://www.zhihu.com/people/digitxp
http://www.zhihu.com/people/liuyingbo
http://www.zhihu.com/people/violet
http://www.zhihu.com/people/deanlee
http://www.zhihu.com/people/yuxc
http://www.zhihu.com/people/sanxingju
http://www.zhihu.com/people/kang-wei
http://www.zhihu.com/people/chinabestgirl
http://www.zhihu.com/people/view2future
http://www.zhihu.com/people/cai-tong
http://www.zhihu.com/people/wenwei
http://www.zhihu.com/people/shek
http://www.zhihu.com/people/alexon
http://www.zhihu.com/people/fengdecong
http://www.zhihu.com/people/jiaopen
http://www.zhihu.com/people/ma-ke-14
http://www.zhihu.com/people/liuqf
http://www.zhihu.com/people/he-yang-72
http://www.zhihu.com/people/Porridge-watermelon
http://www.zhihu.com/people/skyloper
http://www.zhihu.com/people/pcwl21s
http://www.zhihu.com/people/trumanlam
http://www.zhihu.com/people/boviyoung
http://www.zhihu.com/people/r-q-r
http://www.zhihu.com/people/liaolinbo
http://www.zhihu.com/people/PeterCHANG
http://www.zhihu.com/people/tanchenhui
http://www.zhihu.com/people/niu-he-qing
http://www.zhihu.com/people/zhi42
http://www.zhihu.com/people/yuba100
http://www.zhihu.com/people/gui-kai
http://www.zhihu.com/people/lgn21st
http://www.zhihu.com/people/huang_violin
http://www.zhihu.com/people/tallrain
http://www.zhihu.com/people/itpig
http://www.zhihu.com/people/sui-xiang
http://www.zhihu.com/people/taby
http://www.zhihu.com/people/zhutou
http://www.zhihu.com/people/zhangleo
http://www.zhihu.com/people/lastomato
http://www.zhihu.com/people/haika
http://www.zhihu.com/people/gembler
http://www.zhihu.com/people/smilenet
http://www.zhihu.com/people/buou
http://www.zhihu.com/people/allsaying
http://www.zhihu.com/people/gavenzhang
http://www.zhihu.com/people/cody
http://www.zhihu.com/people/nicholas_y
http://www.zhihu.com/people/captain-65
http://www.zhihu.com/people/lanwen
http://www.zhihu.com/people/qu-ding-ding
http://www.zhihu.com/people/coolzyt
http://www.zhihu.com/people/wei-tao
http://www.zhihu.com/people/wiswood
http://www.zhihu.com/people/huyipeng
http://www.zhihu.com/people/alexzhan
http://www.zhihu.com/people/zhu-zhao-long-3
http://www.zhihu.com/people/learning
http://www.zhihu.com/people/huang-jian-jun
http://www.zhihu.com/people/ahlon
http://www.zhihu.com/people/inext
http://www.zhihu.com/people/liu-en-yan
http://www.zhihu.com/people/hardball
http://www.zhihu.com/people/waitd
http://www.zhihu.com/people/ohjmy
http://www.zhihu.com/people/vanemu
http://www.zhihu.com/people/flycondor
http://www.zhihu.com/people/bewho
http://www.zhihu.com/people/hiokay
http://www.zhihu.com/people/wang-cheng-zhao-18
http://www.zhihu.com/people/guo-jian
http://www.zhihu.com/people/Lake7
http://www.zhihu.com/people/caohui
http://www.zhihu.com/people/tukeping
http://www.zhihu.com/people/lendream
http://www.zhihu.com/people/jungledrum
http://www.zhihu.com/people/fang-zi
http://www.zhihu.com/people/zhang-peng-43
http://www.zhihu.com/people/imusiq
http://www.zhihu.com/people/livehao
http://www.zhihu.com/people/lonelydancer
http://www.zhihu.com/people/pu-ti-82
http://www.zhihu.com/people/lailaiququ
http://www.zhihu.com/people/lu-xin-45
http://www.zhihu.com/people/alan_zhang
http://www.zhihu.com/people/baotong
http://www.zhihu.com/people/zclong
http://www.zhihu.com/people/chen-wei-yuan
http://www.zhihu.com/people/zhangyuantao
http://www.zhihu.com/people/frankcai
http://www.zhihu.com/people/ycflame
http://www.zhihu.com/people/shunfeng
http://www.zhihu.com/people/bao-la
http://www.zhihu.com/people/fireflyman
http://www.zhihu.com/people/bookcold
http://www.zhihu.com/people/wong2
http://www.zhihu.com/people/bonjesse
http://www.zhihu.com/people/puloon
http://www.zhihu.com/people/cheng-yun-biao
http://www.zhihu.com/people/gongyin
http://www.zhihu.com/people/reedboat
http://www.zhihu.com/people/polyahu
http://www.zhihu.com/people/yakexi
http://www.zhihu.com/people/linfeng365
http://www.zhihu.com/people/garrylee
http://www.zhihu.com/people/wangping
http://www.zhihu.com/people/dengqiang
http://www.zhihu.com/people/lidaobing
http://www.zhihu.com/people/xiongharry
http://www.zhihu.com/people/leowyf
http://www.zhihu.com/people/wanghongming
http://www.zhihu.com/people/ma-gang
http://www.zhihu.com/people/triStone
http://www.zhihu.com/people/yanmingchao
http://www.zhihu.com/people/oumu
http://www.zhihu.com/people/lakeshore
http://www.zhihu.com/people/skylovemm
http://www.zhihu.com/people/chen-dong-ming
http://www.zhihu.com/people/ifreedom
http://www.zhihu.com/people/easongfan
http://www.zhihu.com/people/icaiguobin
http://www.zhihu.com/people/hanguofeng
http://www.zhihu.com/people/superroubaozi
http://www.zhihu.com/people/hooopo
http://www.zhihu.com/people/xie-jian-fen
http://www.zhihu.com/people/shu-ju-yuan-su
http://www.zhihu.com/people/huashao
http://www.zhihu.com/people/liulang
http://www.zhihu.com/people/zhilishu
http://www.zhihu.com/people/huobf
http://www.zhihu.com/people/neaton
http://www.zhihu.com/people/hu-qian-qiu
http://www.zhihu.com/people/alanfei
http://www.zhihu.com/people/shi-chen-zhe
http://www.zhihu.com/people/liangpeng
http://www.zhihu.com/people/burado
http://www.zhihu.com/people/li-bao-ming-53
http://www.zhihu.com/people/liuguojun
http://www.zhihu.com/people/chen-tao-55
http://www.zhihu.com/people/wanglongxi
http://www.zhihu.com/people/cao-ting-ting
http://www.zhihu.com/people/asamcount
http://www.zhihu.com/people/var87
http://www.zhihu.com/people/qi-le
http://www.zhihu.com/people/ni-nan
http://www.zhihu.com/people/vincentskywalker
http://www.zhihu.com/people/li-si-11-90-5
http://www.zhihu.com/people/yangxi
http://www.zhihu.com/people/quzheng
http://www.zhihu.com/people/qianjin
http://www.zhihu.com/people/kuhn
http://www.zhihu.com/people/shaofang
http://www.zhihu.com/people/yongxinge
http://www.zhihu.com/people/curt_liu
http://www.zhihu.com/people/kingbox
http://www.zhihu.com/people/tianchunfeng
http://www.zhihu.com/people/inextime
http://www.zhihu.com/people/CharlieWoodss
http://www.zhihu.com/people/chen-zi-yao
http://www.zhihu.com/people/etsir
http://www.zhihu.com/people/alang
http://www.zhihu.com/people/wu-yong-tian
http://www.zhihu.com/people/chong
http://www.zhihu.com/people/tang-chen
http://www.zhihu.com/people/rzsl
http://www.zhihu.com/people/wind
http://www.zhihu.com/people/JeOam
http://www.zhihu.com/people/yaoxu
http://www.zhihu.com/people/wingoo
http://www.zhihu.com/people/lixueming
http://www.zhihu.com/people/zelfendo
http://www.zhihu.com/people/alswl
http://www.zhihu.com/people/beiyuu
http://www.zhihu.com/people/frankfang
http://www.zhihu.com/people/jiyinyiyong
http://www.zhihu.com/people/wang-wu-bin
http://www.zhihu.com/people/loujianwen
http://www.zhihu.com/people/guo-jin
http://www.zhihu.com/people/miza
http://www.zhihu.com/people/sunset
http://www.zhihu.com/people/8080
http://www.zhihu.com/people/fannheyward
http://www.zhihu.com/people/yu-jia
http://www.zhihu.com/people/btpig
http://www.zhihu.com/people/vince
http://www.zhihu.com/people/wang-yuan-6
http://www.zhihu.com/people/blazingcd
http://www.zhihu.com/people/huluanqi
http://www.zhihu.com/people/alonzotang
http://www.zhihu.com/people/xuanfei
http://www.zhihu.com/people/ibuzzo
http://www.zhihu.com/people/tianzhuo
http://www.zhihu.com/people/bonizai
http://www.zhihu.com/people/riku
http://www.zhihu.com/people/linglingfa
http://www.zhihu.com/people/xiang-liang
http://www.zhihu.com/people/foku
http://www.zhihu.com/people/liu-yan-wu
http://www.zhihu.com/people/allenwong
http://www.zhihu.com/people/JiangTianZheng
http://www.zhihu.com/people/kennyQi
http://www.zhihu.com/people/xiaoqiushui
http://www.zhihu.com/people/lalaguozhe
http://www.zhihu.com/people/dtconan
http://www.zhihu.com/people/liuyiding
http://www.zhihu.com/people/littleben
http://www.zhihu.com/people/weblog
http://www.zhihu.com/people/tongxiaobai
http://www.zhihu.com/people/teng-wei
http://www.zhihu.com/people/blue
http://www.zhihu.com/people/zi-lu-_hu-kai-_
http://www.zhihu.com/people/wintbros
http://www.zhihu.com/people/orangly
http://www.zhihu.com/people/dongwang
http://www.zhihu.com/people/free_POC
http://www.zhihu.com/people/jayjq
http://www.zhihu.com/people/putin
http://www.zhihu.com/people/wanghongyu
http://www.zhihu.com/people/huxing
http://www.zhihu.com/people/fuzhi
http://www.zhihu.com/people/longway
http://www.zhihu.com/people/diamondtin
http://www.zhihu.com/people/noir
http://www.zhihu.com/people/thinkind
http://www.zhihu.com/people/kidult
http://www.zhihu.com/people/jadexlaw
http://www.zhihu.com/people/pu-xu-dong
http://www.zhihu.com/people/iafei
http://www.zhihu.com/people/williamlong
http://www.zhihu.com/people/linchangqing
http://www.zhihu.com/people/levin108
http://www.zhihu.com/people/xlight
http://www.zhihu.com/people/henryhuang
http://www.zhihu.com/people/ihead
http://www.zhihu.com/people/robhsiao
http://www.zhihu.com/people/starbury
http://www.zhihu.com/people/yu-ming-gu-wen-chen-tao
http://www.zhihu.com/people/gymitat
http://www.zhihu.com/people/anoxia
http://www.zhihu.com/people/jiangzhongbo
http://www.zhihu.com/people/smartweb
http://www.zhihu.com/people/sunrui
http://www.zhihu.com/people/luoyundeng
http://www.zhihu.com/people/isummers
http://www.zhihu.com/people/leonyau
http://www.zhihu.com/people/cnsns
http://www.zhihu.com/people/kenyth
http://www.zhihu.com/people/yinjc
http://www.zhihu.com/people/dongxiaowei
http://www.zhihu.com/people/yava
http://www.zhihu.com/people/fuchaoqun
http://www.zhihu.com/people/siva
http://www.zhihu.com/people/caiwangqin
http://www.zhihu.com/people/blogkid
http://www.zhihu.com/people/ohlife
http://www.zhihu.com/people/IwfWcf
http://www.zhihu.com/people/phxwang
http://www.zhihu.com/people/eveloque
http://www.zhihu.com/people/iplawyer
http://www.zhihu.com/people/geli
http://www.zhihu.com/people/yang-dong-jie
http://www.zhihu.com/people/roamlog
http://www.zhihu.com/people/lebanner
http://www.zhihu.com/people/mobiuschen
http://www.zhihu.com/people/quiver
http://www.zhihu.com/people/douban
http://www.zhihu.com/people/elya
http://www.zhihu.com/people/shenjy
http://www.zhihu.com/people/captain777
http://www.zhihu.com/people/chenvii
http://www.zhihu.com/people/Zhang_Jian
http://www.zhihu.com/people/lala
http://www.zhihu.com/people/yangxiao
http://www.zhihu.com/people/dupola
http://www.zhihu.com/people/flytodie
http://www.zhihu.com/people/jokry
http://www.zhihu.com/people/fong
http://www.zhihu.com/people/lin-qing-piao
http://www.zhihu.com/people/fangliang
http://www.zhihu.com/people/liumin
http://www.zhihu.com/people/lspanv
http://www.zhihu.com/people/andyw
http://www.zhihu.com/people/wu-qi-zheng
http://www.zhihu.com/people/ikbear
http://www.zhihu.com/people/wilson.lin
http://www.zhihu.com/people/chaim
http://www.zhihu.com/people/nightsailer
http://www.zhihu.com/people/laotao
http://www.zhihu.com/people/Terryxiao
http://www.zhihu.com/people/ecseeker
http://www.zhihu.com/people/maidou
http://www.zhihu.com/people/ifire
http://www.zhihu.com/people/xingshuo
http://www.zhihu.com/people/duia
http://www.zhihu.com/people/huasheng
http://www.zhihu.com/people/fannan
http://www.zhihu.com/people/oyeoye
http://www.zhihu.com/people/patrick-gowers
http://www.zhihu.com/people/huan
http://www.zhihu.com/people/xufeng
http://www.zhihu.com/people/kxboy
http://www.zhihu.com/people/nishuang
http://www.zhihu.com/people/riojiang
http://www.zhihu.com/people/kandher
http://www.zhihu.com/people/panchi
http://www.zhihu.com/people/mcbuder
http://www.zhihu.com/people/huazi
http://www.zhihu.com/people/wubingjian
http://www.zhihu.com/people/tianyawenda
http://www.zhihu.com/people/freestyler
http://www.zhihu.com/people/yangchengbo
http://www.zhihu.com/people/qie-ge
http://www.zhihu.com/people/libertrand
http://www.zhihu.com/people/xiaojay
http://www.zhihu.com/people/robbin
http://www.zhihu.com/people/ladygrass
http://www.zhihu.com/people/sun-xue-feng
http://www.zhihu.com/people/weiwuhui
http://www.zhihu.com/people/gnap
http://www.zhihu.com/people/dosou
http://www.zhihu.com/people/imwaco
http://www.zhihu.com/people/lixing
http://www.zhihu.com/people/idongnou
http://www.zhihu.com/people/OnlyApartment
http://www.zhihu.com/people/tomyiyun
http://www.zhihu.com/people/hi-id
http://www.zhihu.com/people/houniao
http://www.zhihu.com/people/meroa
http://www.zhihu.com/people/captiveguy
http://www.zhihu.com/people/sunny
http://www.zhihu.com/people/yancy
http://www.zhihu.com/people/shimuuu
http://www.zhihu.com/people/beichen
http://www.zhihu.com/people/i7xh
http://www.zhihu.com/people/mcgeek
http://www.zhihu.com/people/nihaiyu
http://www.zhihu.com/people/cooerson
http://www.zhihu.com/people/jorlei
http://www.zhihu.com/people/lubenyuan.com
http://www.zhihu.com/people/pengpeng
http://www.zhihu.com/people/wang-zi-yuan
http://www.zhihu.com/people/dylen
http://www.zhihu.com/people/snowland
http://www.zhihu.com/people/ivane
http://www.zhihu.com/people/elgoog
http://www.zhihu.com/people/lugongzi
http://www.zhihu.com/people/clickstone
http://www.zhihu.com/people/jimsang
http://www.zhihu.com/people/live
http://www.zhihu.com/people/fenglizhen
http://www.zhihu.com/people/imzxd
http://www.zhihu.com/people/gevin
http://www.zhihu.com/people/lazylorna
http://www.zhihu.com/people/sealon
http://www.zhihu.com/people/luoyan
http://www.zhihu.com/people/mijia
http://www.zhihu.com/people/xuhan
http://www.zhihu.com/people/xgjames
http://www.zhihu.com/people/wuqing
http://www.zhihu.com/people/liangxuzhi
http://www.zhihu.com/people/wangxin
http://www.zhihu.com/people/daodao
http://www.zhihu.com/people/gaowei
http://www.zhihu.com/people/ripley
http://www.zhihu.com/people/lu-xin-xin
http://www.zhihu.com/people/wemarketing
http://www.zhihu.com/people/roys
http://www.zhihu.com/people/disinfeqt
http://www.zhihu.com/people/Rayma
http://www.zhihu.com/people/keepwalking
http://www.zhihu.com/people/livevol
http://www.zhihu.com/people/overboming
http://www.zhihu.com/people/luosheng
http://www.zhihu.com/people/chen-xi
http://www.zhihu.com/people/wang-shou-kun
http://www.zhihu.com/people/liu-jun-tao
http://www.zhihu.com/people/yanming
http://www.zhihu.com/people/lixiangmin
http://www.zhihu.com/people/titan
http://www.zhihu.com/people/cicada
http://www.zhihu.com/people/alex
http://www.zhihu.com/people/modou
http://www.zhihu.com/people/leafgay
http://www.zhihu.com/people/whale
http://www.zhihu.com/people/gongjun
http://www.zhihu.com/people/aooyoo
http://www.zhihu.com/people/li-gen-89-13
http://www.zhihu.com/people/zhangga
http://www.zhihu.com/people/chengyuan
http://www.zhihu.com/people/jixin
http://www.zhihu.com/people/shijun
http://www.zhihu.com/people/wu-da
http://www.zhihu.com/people/keso
http://www.zhihu.com/people/oxygen
