http://www.zhihu.com/people/wjphdu
http://www.zhihu.com/people/hu-zhi-jing
http://www.zhihu.com/people/ericfish
http://www.zhihu.com/people/tcstar
http://www.zhihu.com/people/yang-jiali
http://www.zhihu.com/people/lin-hua-hao
http://www.zhihu.com/people/wangxuejiao
http://www.zhihu.com/people/chen-shi-qin
http://www.zhihu.com/people/yi-zhong-wei
http://www.zhihu.com/people/SYIU8
http://www.zhihu.com/people/chen-xiao-xin-33-52
http://www.zhihu.com/people/lian-jian-60
http://www.zhihu.com/people/lxz86
http://www.zhihu.com/people/akb480
http://www.zhihu.com/people/wu-jian-wei-17
http://www.zhihu.com/people/awesome-song
http://www.zhihu.com/people/liu-luxas
http://www.zhihu.com/people/ma-ke-xian-sheng
http://www.zhihu.com/people/helongke
http://www.zhihu.com/people/zhu-wen-xuan-76
http://www.zhihu.com/people/zui-mo-50
http://www.zhihu.com/people/venessa-zhou
http://www.zhihu.com/people/wu-hao-dong-888
http://www.zhihu.com/people/sun-mu-mu-9
http://www.zhihu.com/people/wu-xin-yao
http://www.zhihu.com/people/hai-ye-68
http://www.zhihu.com/people/fang-qian-qian
http://www.zhihu.com/people/liu-sha-10-71
http://www.zhihu.com/people/zhou-xiao-xun-93
http://www.zhihu.com/people/tu-dou-23-74
http://www.zhihu.com/people/gao-a-xiong
http://www.zhihu.com/people/wei-er-sen-9
http://www.zhihu.com/people/linyxy
http://www.zhihu.com/people/cg_ares
http://www.zhihu.com/people/cui-yi-xiao
http://www.zhihu.com/people/mu-tian-80
http://www.zhihu.com/people/Dabbler
http://www.zhihu.com/people/nei-nei-1-2-3
http://www.zhihu.com/people/jun-yi-14
http://www.zhihu.com/people/kang-wei-57
http://www.zhihu.com/people/yuan-jun-86
http://www.zhihu.com/people/cai-wang-tian
http://www.zhihu.com/people/yang-sheng-26
http://www.zhihu.com/people/hover-57
http://www.zhihu.com/people/zhang-xiong-fei-42
http://www.zhihu.com/people/qiutf
http://www.zhihu.com/people/yao-xiao-tian
http://www.zhihu.com/people/zui-mo-58
http://www.zhihu.com/people/yaohuan
http://www.zhihu.com/people/diwusiran
http://www.zhihu.com/people/nicai-sui
http://www.zhihu.com/people/peng-yong-82
http://www.zhihu.com/people/feng-er-14
http://www.zhihu.com/people/zhang-gong-35
http://www.zhihu.com/people/la-la-ba-xi-lie
http://www.zhihu.com/people/dong-jia-bin
http://www.zhihu.com/people/zhang-mei-hua
http://www.zhihu.com/people/shaxjl
http://www.zhihu.com/people/jing-xiao-liang
http://www.zhihu.com/people/mi-mi-54
http://www.zhihu.com/people/ludwigweib
http://www.zhihu.com/people/jing-sheng
http://www.zhihu.com/people/ceng-hua-64
http://www.zhihu.com/people/mou-kang-ni
http://www.zhihu.com/people/novae
http://www.zhihu.com/people/xiao-feng-83-87
http://www.zhihu.com/people/will-lian
http://www.zhihu.com/people/li-xin-77-81
http://www.zhihu.com/people/lin-xiao-62-15
http://www.zhihu.com/people/wang-kai-94-51
http://www.zhihu.com/people/zhu-js
http://www.zhihu.com/people/wei-li-gan
http://www.zhihu.com/people/liu-hang-80
http://www.zhihu.com/people/zhang-shao-mai
http://www.zhihu.com/people/serena-wu-33
http://www.zhihu.com/people/doors
http://www.zhihu.com/people/samyhello
http://www.zhihu.com/people/peng-yi-dou
http://www.zhihu.com/people/qiao-shan-xiao
http://www.zhihu.com/people/avatars
http://www.zhihu.com/people/lin-bo-34
http://www.zhihu.com/people/wu-xiao-di
http://www.zhihu.com/people/gao-er-ji
http://www.zhihu.com/people/michaelzhang-40
http://www.zhihu.com/people/wbdun
http://www.zhihu.com/people/zao-meng-ji
http://www.zhihu.com/people/zhu-lin-yi-yun
http://www.zhihu.com/people/steven-lu-30
http://www.zhihu.com/people/wujinzhi
http://www.zhihu.com/people/little_owen
http://www.zhihu.com/people/yomoo
http://www.zhihu.com/people/cheng-bai-lao
http://www.zhihu.com/people/qin-yu-48
http://www.zhihu.com/people/ruyuan
http://www.zhihu.com/people/imajin
http://www.zhihu.com/people/Changmingwei
http://www.zhihu.com/people/pla6
http://www.zhihu.com/people/wang-er-10-66
http://www.zhihu.com/people/tan-ri-tian
http://www.zhihu.com/people/he-ji-chong
http://www.zhihu.com/people/gao-sheng-96
http://www.zhihu.com/people/zexiancui
http://www.zhihu.com/people/geng-jie-zhi
http://www.zhihu.com/people/xiao-yao-wan-44
http://www.zhihu.com/people/ma-la-42
http://www.zhihu.com/people/cong-ming-hui
http://www.zhihu.com/people/zhang-yong-hui-717
http://www.zhihu.com/people/shi-kou
http://www.zhihu.com/people/lordifeng
http://www.zhihu.com/people/wang-guo-36
http://www.zhihu.com/people/shi-liu-46-82
http://www.zhihu.com/people/huang-jin-fa
http://www.zhihu.com/people/bu-lan-yuan-yuanyuan
http://www.zhihu.com/people/liu-xiao-he-74
http://www.zhihu.com/people/shao-jin-song
http://www.zhihu.com/people/ijixiangus
http://www.zhihu.com/people/lu-lu-63-75
http://www.zhihu.com/people/jin-ke-42
http://www.zhihu.com/people/wang-su-40
http://www.zhihu.com/people/liang-chen-53
http://www.zhihu.com/people/LPWY
http://www.zhihu.com/people/liu-yu-cheng-77
http://www.zhihu.com/people/gao-po-19
http://www.zhihu.com/people/chen-feng-28
http://www.zhihu.com/people/yang-mi-34
http://www.zhihu.com/people/cai-jia-he
http://www.zhihu.com/people/hu-ling-huan
http://www.zhihu.com/people/wang-chao-38
http://www.zhihu.com/people/qiao-du-du-20
http://www.zhihu.com/people/xu-cong-20
http://www.zhihu.com/people/liu-shuang-yang
http://www.zhihu.com/people/cuzhuwebhome
http://www.zhihu.com/people/ma-zhi-zhou
http://www.zhihu.com/people/zhang-cheng-yang
http://www.zhihu.com/people/liu-hong-liu
http://www.zhihu.com/people/joe-joe-84
http://www.zhihu.com/people/lruri
http://www.zhihu.com/people/web-3
http://www.zhihu.com/people/tan-ding-shan
http://www.zhihu.com/people/reep-c
http://www.zhihu.com/people/tangyu
http://www.zhihu.com/people/zhan-fan-65
http://www.zhihu.com/people/shilin0127
http://www.zhihu.com/people/he-yuan-sheng
http://www.zhihu.com/people/xiao-ming-4
http://www.zhihu.com/people/tong-xin-nan
http://www.zhihu.com/people/yan-er-jane
http://www.zhihu.com/people/sunlau
http://www.zhihu.com/people/yi-yi-48-1
http://www.zhihu.com/people/tian-zi-22
http://www.zhihu.com/people/lai-yao
http://www.zhihu.com/people/haohaoxuexi
http://www.zhihu.com/people/jran
http://www.zhihu.com/people/zan-xiao-xi
http://www.zhihu.com/people/zihuyouyisi
http://www.zhihu.com/people/hu-zhao-80
http://www.zhihu.com/people/zhao-cai-a-zhuo
http://www.zhihu.com/people/hong-chen-meng-yu
http://www.zhihu.com/people/zhou-yi-jie-47
http://www.zhihu.com/people/shijn
http://www.zhihu.com/people/sinaweibo
http://www.zhihu.com/people/Tomcity
http://www.zhihu.com/people/wangtengchuan
http://www.zhihu.com/people/ai-mu-mo-er
http://www.zhihu.com/people/shan-bu-yu
http://www.zhihu.com/people/benlieben
http://www.zhihu.com/people/zhang-shu-yan-98
http://www.zhihu.com/people/gu-su-zhi-xia
http://www.zhihu.com/people/lyriclee
http://www.zhihu.com/people/xia-lan-feng
http://www.zhihu.com/people/sxchenpeng
http://www.zhihu.com/people/da-xiang-22-32
http://www.zhihu.com/people/you-yu-85
http://www.zhihu.com/people/ma-li-lian-67
http://www.zhihu.com/people/su-zi-qing-50
http://www.zhihu.com/people/li-zhi-kun-35
http://www.zhihu.com/people/wang-hua-20-18
http://www.zhihu.com/people/jun-ran-ying-zhe
http://www.zhihu.com/people/da-du-cao
http://www.zhihu.com/people/xie-jia-peng-48
http://www.zhihu.com/people/j-zhang-27
http://www.zhihu.com/people/kan-nm
http://www.zhihu.com/people/gao-kai-60
http://www.zhihu.com/people/Playbad
http://www.zhihu.com/people/hua-zi-71-75
http://www.zhihu.com/people/s5s5
http://www.zhihu.com/people/sendzc
http://www.zhihu.com/people/zhu-li-juan-5
http://www.zhihu.com/people/kcwh
http://www.zhihu.com/people/zhuang-jia-85
http://www.zhihu.com/people/stoneforever
http://www.zhihu.com/people/yu-xian-cosine
http://www.zhihu.com/people/feng-xiao-hei
http://www.zhihu.com/people/zhang-yu-cui-9
http://www.zhihu.com/people/ma-jia-nan
http://www.zhihu.com/people/li-si-lu
http://www.zhihu.com/people/Mu-sea
http://www.zhihu.com/people/Xieyiyao
http://www.zhihu.com/people/tony.wong.hk
http://www.zhihu.com/people/cui-jian-10
http://www.zhihu.com/people/zombie
http://www.zhihu.com/people/Alexander
http://www.zhihu.com/people/fly-6
http://www.zhihu.com/people/tang-lian-rong
http://www.zhihu.com/people/xiaolongtangbao
http://www.zhihu.com/people/lcqixia
http://www.zhihu.com/people/sayes
http://www.zhihu.com/people/sun-garry
http://www.zhihu.com/people/liu-zhen-chuan-98
http://www.zhihu.com/people/wang-yier-16
http://www.zhihu.com/people/gu-zhe-ning
http://www.zhihu.com/people/tang-li-24
http://www.zhihu.com/people/liu-yi-65-90
http://www.zhihu.com/people/yonghuo-wang
http://www.zhihu.com/people/qi-xian-79
http://www.zhihu.com/people/delab
http://www.zhihu.com/people/bai-wei-14
http://www.zhihu.com/people/bater
http://www.zhihu.com/people/chen-dai-zhuo
http://www.zhihu.com/people/lyonzhao
http://www.zhihu.com/people/Elizen
http://www.zhihu.com/people/zhang-heng-44
http://www.zhihu.com/people/su-fei-mei
http://www.zhihu.com/people/shang-jin-13
http://www.zhihu.com/people/cao-hui-96
http://www.zhihu.com/people/moemoe
http://www.zhihu.com/people/ba-bie-35
http://www.zhihu.com/people/locorqi-hai
http://www.zhihu.com/people/jiang-xiang-ling
http://www.zhihu.com/people/panghao
http://www.zhihu.com/people/wang-tao-74-74
http://www.zhihu.com/people/nie-bing-37
http://www.zhihu.com/people/fan-guang-rui
http://www.zhihu.com/people/lin-hai-42-40
http://www.zhihu.com/people/yang-guang-61-46
http://www.zhihu.com/people/1379
http://www.zhihu.com/people/jks-liu
http://www.zhihu.com/people/zhou-li-xing-90
http://www.zhihu.com/people/leiyuAndrea
http://www.zhihu.com/people/sjyx
http://www.zhihu.com/people/taloschen
http://www.zhihu.com/people/myleon
http://www.zhihu.com/people/yibudong
http://www.zhihu.com/people/Radars-Capture
http://www.zhihu.com/people/guo-qie-zi
http://www.zhihu.com/people/chendeshen
http://www.zhihu.com/people/lu-jia-liang-37
http://www.zhihu.com/people/zhang-ze-kai-58
http://www.zhihu.com/people/xie-yong-40
http://www.zhihu.com/people/zhang-jing-48-52
http://www.zhihu.com/people/steveren
http://www.zhihu.com/people/tao-jun-50
http://www.zhihu.com/people/mao-tian-bai
http://www.zhihu.com/people/zhang-yan-74
http://www.zhihu.com/people/huang-xia-qing-48
http://www.zhihu.com/people/li-shou-yin-89
http://www.zhihu.com/people/mimike
http://www.zhihu.com/people/ma-he-bei
http://www.zhihu.com/people/yi-ruo-xu
http://www.zhihu.com/people/hu-shi-yuan-38
http://www.zhihu.com/people/aerospace-doggy
http://www.zhihu.com/people/ma-rui-lei
http://www.zhihu.com/people/jiachen-du
http://www.zhihu.com/people/Detachment
http://www.zhihu.com/people/weiyang517
http://www.zhihu.com/people/yuan-jhen
http://www.zhihu.com/people/xiao-huo-niao-xhn
http://www.zhihu.com/people/foolooo
http://www.zhihu.com/people/sun-yang-cheng
http://www.zhihu.com/people/di-kai-36
http://www.zhihu.com/people/faye663
http://www.zhihu.com/people/ben-wu-23
http://www.zhihu.com/people/zheng-yi-jun-12
http://www.zhihu.com/people/feng-shao-xiong
http://www.zhihu.com/people/yang-xiao-lang-67
http://www.zhihu.com/people/kkelsey10
http://www.zhihu.com/people/zhang-mu-zhi-71
http://www.zhihu.com/people/zhao-han-lin
http://www.zhihu.com/people/zi-cheng-bo
http://www.zhihu.com/people/lin-yiqian
http://www.zhihu.com/people/damon-9
http://www.zhihu.com/people/zhang-mao-yu
http://www.zhihu.com/people/han-peng-qian
http://www.zhihu.com/people/CNOoo
http://www.zhihu.com/people/xieyanwei
http://www.zhihu.com/people/jysm
http://www.zhihu.com/people/fang-jun-liang-81
http://www.zhihu.com/people/vivefree
http://www.zhihu.com/people/lai-long-1
http://www.zhihu.com/people/yao-jun-sheng
http://www.zhihu.com/people/chen-peng-ju
http://www.zhihu.com/people/li-jun-yu-24
http://www.zhihu.com/people/wang-zi-mian-72
http://www.zhihu.com/people/hzdds
http://www.zhihu.com/people/yang-yang-47-19
http://www.zhihu.com/people/ivanml
http://www.zhihu.com/people/zhang-xin-gang-40
http://www.zhihu.com/people/geqi2012
http://www.zhihu.com/people/yi-yan-xue
http://www.zhihu.com/people/qin-mian-61
http://www.zhihu.com/people/shane106
http://www.zhihu.com/people/zhang-jiang-nan
http://www.zhihu.com/people/pi-zi-qi-qi
http://www.zhihu.com/people/a-chi-77
http://www.zhihu.com/people/luo-yuan-qing
http://www.zhihu.com/people/wen-kun-guo
http://www.zhihu.com/people/li-shuo-20
http://www.zhihu.com/people/wu-long-89
http://www.zhihu.com/people/yangayang
http://www.zhihu.com/people/bing-bing-30-82
http://www.zhihu.com/people/sun-79
http://www.zhihu.com/people/wolfxl
http://www.zhihu.com/people/susie1991
http://www.zhihu.com/people/zhu-chong
http://www.zhihu.com/people/li-xiao-pi-31
http://www.zhihu.com/people/wei-ren-19
http://www.zhihu.com/people/wang-hao-90-95
http://www.zhihu.com/people/Derek-Mei
http://www.zhihu.com/people/xu-peng-fei-47
http://www.zhihu.com/people/lin-san-wan
http://www.zhihu.com/people/huang-zi-ling
http://www.zhihu.com/people/wang-wei-yu
http://www.zhihu.com/people/lu-ming-hao
http://www.zhihu.com/people/iian
http://www.zhihu.com/people/li-qi-71-24
http://www.zhihu.com/people/zhiyumao
http://www.zhihu.com/people/feng-bing-77
http://www.zhihu.com/people/ma-xiao-chuan-21
http://www.zhihu.com/people/chi-shuai
http://www.zhihu.com/people/gao-yiyan
http://www.zhihu.com/people/si-kong-si-ma
http://www.zhihu.com/people/xia-qi-la
http://www.zhihu.com/people/zhang-jun-23-73
http://www.zhihu.com/people/lin-jian-14
http://www.zhihu.com/people/xie-pei-zhong
http://www.zhihu.com/people/qi-lin-5
http://www.zhihu.com/people/ye-meng-25
http://www.zhihu.com/people/wing-sally
http://www.zhihu.com/people/pang-bo-87
http://www.zhihu.com/people/lan-wan-ting
http://www.zhihu.com/people/cui-yu-58
http://www.zhihu.com/people/zhang-zhao-long-4
http://www.zhihu.com/people/liu-guang-zhou
http://www.zhihu.com/people/gao-shang-lin
http://www.zhihu.com/people/zhengzipeng
http://www.zhihu.com/people/xiaokang
http://www.zhihu.com/people/netsos
http://www.zhihu.com/people/meilin
http://www.zhihu.com/people/wang-sheng-shuang
http://www.zhihu.com/people/guo-zhang-82
http://www.zhihu.com/people/zhou-ying-61
http://www.zhihu.com/people/dai-yun-long-4
http://www.zhihu.com/people/hezudao313
http://www.zhihu.com/people/twocold
http://www.zhihu.com/people/senllay-song
http://www.zhihu.com/people/li-xu-chu-85
http://www.zhihu.com/people/jin-nian-75
http://www.zhihu.com/people/wang-lei-79
http://www.zhihu.com/people/bao-xiao-kang
http://www.zhihu.com/people/xiaohongalive
http://www.zhihu.com/people/misery-luo
http://www.zhihu.com/people/serenayu
http://www.zhihu.com/people/aiolos-12
http://www.zhihu.com/people/jishangjie
http://www.zhihu.com/people/tian-xin-8-76
http://www.zhihu.com/people/wushuang64
http://www.zhihu.com/people/wang-chu-wen
http://www.zhihu.com/people/lu-sen
http://www.zhihu.com/people/tian-yu-yang-53
http://www.zhihu.com/people/tiankong
http://www.zhihu.com/people/0vens
http://www.zhihu.com/people/lyricer
http://www.zhihu.com/people/sunyixun
http://www.zhihu.com/people/eshiyi
http://www.zhihu.com/people/guo-xiao-feng
http://www.zhihu.com/people/ji-da-xi
http://www.zhihu.com/people/huang-guo-qing-60
http://www.zhihu.com/people/Justyl
http://www.zhihu.com/people/gao-er-er
http://www.zhihu.com/people/wang-bo-38
http://www.zhihu.com/people/yu-cheng-xiang
http://www.zhihu.com/people/pedx-satrol
http://www.zhihu.com/people/xiao-chi-68
http://www.zhihu.com/people/jerrytalk
http://www.zhihu.com/people/tan-ling-3
http://www.zhihu.com/people/lu-zhou-xing
http://www.zhihu.com/people/lin-xiao-37-39
http://www.zhihu.com/people/hu-yang-shu-6
http://www.zhihu.com/people/peng-sen
http://www.zhihu.com/people/dingshilei
http://www.zhihu.com/people/wei-jie-62
http://www.zhihu.com/people/zhang-yi-fan-48
http://www.zhihu.com/people/tian-tian-65-18
http://www.zhihu.com/people/wang-mou-qiang
http://www.zhihu.com/people/wang-hui-42-37
http://www.zhihu.com/people/sang-ni-zhu
http://www.zhihu.com/people/sleepingknight
http://www.zhihu.com/people/nettrotter
http://www.zhihu.com/people/deng-fei-57
http://www.zhihu.com/people/yu-da-ping
http://www.zhihu.com/people/chen-hai-79
http://www.zhihu.com/people/Lutein
http://www.zhihu.com/people/DarinJi
http://www.zhihu.com/people/ai-you-tian
http://www.zhihu.com/people/bato-bale
http://www.zhihu.com/people/cps61m74ka
http://www.zhihu.com/people/aidayong
http://www.zhihu.com/people/wang-he-xiang-82
http://www.zhihu.com/people/liu-liang-zhu-56
http://www.zhihu.com/people/jie-ang-zi
http://www.zhihu.com/people/mi-si-yao-26
http://www.zhihu.com/people/gu-yu-hou
http://www.zhihu.com/people/wangsijie93
http://www.zhihu.com/people/deletenehs
http://www.zhihu.com/people/wang-man-man-25
http://www.zhihu.com/people/ethanbest
http://www.zhihu.com/people/kang-kang-90
http://www.zhihu.com/people/ganjinzhong
http://www.zhihu.com/people/mai-jian-80
http://www.zhihu.com/people/zhi-yan-ming-ming
http://www.zhihu.com/people/TT-in_The-Wind
http://www.zhihu.com/people/li-ye-27-65
http://www.zhihu.com/people/you-fu-feng
http://www.zhihu.com/people/long904
http://www.zhihu.com/people/liang-tian-feng
http://www.zhihu.com/people/zhoulinglan
http://www.zhihu.com/people/Peric
http://www.zhihu.com/people/masterpa
http://www.zhihu.com/people/TheChyi
http://www.zhihu.com/people/huyibuct
http://www.zhihu.com/people/OreoLiu
http://www.zhihu.com/people/zhang-da-chuan
http://www.zhihu.com/people/rocker3
http://www.zhihu.com/people/guo-ruo-bin
http://www.zhihu.com/people/yan-xiao-xi-49
http://www.zhihu.com/people/gengyixiong
http://www.zhihu.com/people/huhuiquan
http://www.zhihu.com/people/silverstone
http://www.zhihu.com/people/eudaemonia
http://www.zhihu.com/people/david-chen-65
http://www.zhihu.com/people/li-song-46
http://www.zhihu.com/people/rainsky
http://www.zhihu.com/people/sun-wu-57
http://www.zhihu.com/people/suhui
http://www.zhihu.com/people/eric-lin-16-91
http://www.zhihu.com/people/schumi-yu
http://www.zhihu.com/people/chen-ji-53
http://www.zhihu.com/people/Xia-Feng-27
http://www.zhihu.com/people/sun-xiao-fan-30
http://www.zhihu.com/people/daniel-20
http://www.zhihu.com/people/wells-shang
http://www.zhihu.com/people/mrvoid
http://www.zhihu.com/people/yang-jia-chun-73
http://www.zhihu.com/people/newraina
http://www.zhihu.com/people/lei-lei-sang
http://www.zhihu.com/people/meiyo
http://www.zhihu.com/people/cang-feng-zhe
http://www.zhihu.com/people/li-yao-hua
http://www.zhihu.com/people/cai-xin-79
http://www.zhihu.com/people/fu-lei-69
http://www.zhihu.com/people/beerdu
http://www.zhihu.com/people/chen-dong-98-48
http://www.zhihu.com/people/zhangzuliang
http://www.zhihu.com/people/jxzhumin
http://www.zhihu.com/people/Helen-Tse
http://www.zhihu.com/people/a-jian-dj
http://www.zhihu.com/people/deng-ru-jing
http://www.zhihu.com/people/Roy0205816
http://www.zhihu.com/people/mutuyu
http://www.zhihu.com/people/RobbieF
http://www.zhihu.com/people/zichengzhang
http://www.zhihu.com/people/lucifer-h
http://www.zhihu.com/people/guo-feng-38
http://www.zhihu.com/people/wei-dong-jian
http://www.zhihu.com/people/faith-87
http://www.zhihu.com/people/yang-wei-47-98
http://www.zhihu.com/people/zheng-wei-27-62
http://www.zhihu.com/people/yu-rou
http://www.zhihu.com/people/hdkn235
http://www.zhihu.com/people/gymitat
http://www.zhihu.com/people/chen-qi-48
http://www.zhihu.com/people/bad-phi
http://www.zhihu.com/people/wang-jiang-fei
http://www.zhihu.com/people/hhua
http://www.zhihu.com/people/gkool
http://www.zhihu.com/people/li-zhi-yuan-30
http://www.zhihu.com/people/wang-an-dong-58
http://www.zhihu.com/people/rachel-32-98
http://www.zhihu.com/people/luo-xu-bo
http://www.zhihu.com/people/liu-bo-79
http://www.zhihu.com/people/zhang-yang-23-96
http://www.zhihu.com/people/he-bu-ke
http://www.zhihu.com/people/guo-mian-mian
http://www.zhihu.com/people/zhou-xing-xing-73
http://www.zhihu.com/people/zhou-mian-77
http://www.zhihu.com/people/zhang-yi-54-33
http://www.zhihu.com/people/jun-pan
http://www.zhihu.com/people/edword
http://www.zhihu.com/people/zhu-jie-13
http://www.zhihu.com/people/zhou-qing-xuan
http://www.zhihu.com/people/san-pi
http://www.zhihu.com/people/nadaloveluna
http://www.zhihu.com/people/luo-na-er-duo-85
http://www.zhihu.com/people/yang-jin-long-13
http://www.zhihu.com/people/zhu-lei-89
http://www.zhihu.com/people/ma-zi-yu-ma-zi-yu
http://www.zhihu.com/people/lu-meng-yao-12
http://www.zhihu.com/people/sanghai89110224
http://www.zhihu.com/people/bertrandxu
http://www.zhihu.com/people/zhu-zhen-xu
http://www.zhihu.com/people/gu-zi-cheng
http://www.zhihu.com/people/liu-tao-88
http://www.zhihu.com/people/shi-yu-qi
http://www.zhihu.com/people/yeshun
http://www.zhihu.com/people/wang-chen-yang-77
http://www.zhihu.com/people/cong-jin-zheng
http://www.zhihu.com/people/sundayun
http://www.zhihu.com/people/yu-xing-yuan
http://www.zhihu.com/people/newzero
http://www.zhihu.com/people/chen-su-44
http://www.zhihu.com/people/wangpengyu
http://www.zhihu.com/people/zhou-yu-57-73
http://www.zhihu.com/people/ma-ying-yun
http://www.zhihu.com/people/hanksuun
http://www.zhihu.com/people/anderson-yiu
http://www.zhihu.com/people/alvin-92
http://www.zhihu.com/people/shadows
http://www.zhihu.com/people/niuhaha
http://www.zhihu.com/people/knightshady
http://www.zhihu.com/people/jacky-2
http://www.zhihu.com/people/song-kun-lun
http://www.zhihu.com/people/saintknight
http://www.zhihu.com/people/more-value
http://www.zhihu.com/people/zhang-san-feng-82-44
http://www.zhihu.com/people/daniel-gao-87
http://www.zhihu.com/people/abyss-feng
http://www.zhihu.com/people/wang-qiu-shi-76
http://www.zhihu.com/people/tang-wei-73
http://www.zhihu.com/people/ding-chen-49
http://www.zhihu.com/people/zhouyuan
http://www.zhihu.com/people/zheng-dai
http://www.zhihu.com/people/neil-22
http://www.zhihu.com/people/shirley_wong
http://www.zhihu.com/people/chen-hao-10
http://www.zhihu.com/people/reyn-pei
http://www.zhihu.com/people/chen-feng-wang
http://www.zhihu.com/people/fly710
http://www.zhihu.com/people/hao-93
http://www.zhihu.com/people/dong-dong-74
http://www.zhihu.com/people/jeffrey-hsu
http://www.zhihu.com/people/xu-fei-60-36
http://www.zhihu.com/people/bai-ye-48
http://www.zhihu.com/people/tang-li-49
http://www.zhihu.com/people/drinking-63
http://www.zhihu.com/people/wang-long-xiang
http://www.zhihu.com/people/xu-chuan-17
http://www.zhihu.com/people/yuuto
http://www.zhihu.com/people/foxiang
http://www.zhihu.com/people/vane-z
http://www.zhihu.com/people/weite-zhan
http://www.zhihu.com/people/279734816
http://www.zhihu.com/people/zhang-xiao-yin
http://www.zhihu.com/people/zheng-han-yang
http://www.zhihu.com/people/lu-xiao-long-25
http://www.zhihu.com/people/huma
http://www.zhihu.com/people/long-ze-60
http://www.zhihu.com/people/J-Lui
http://www.zhihu.com/people/su-liang-liang
http://www.zhihu.com/people/gao-ying-ju
http://www.zhihu.com/people/wang-ke-ke-20
http://www.zhihu.com/people/3media
http://www.zhihu.com/people/chen-shi-jun-74
http://www.zhihu.com/people/mi-su
http://www.zhihu.com/people/shijianbin
http://www.zhihu.com/people/chen-gang-90
http://www.zhihu.com/people/razorliu
http://www.zhihu.com/people/wang-lu-317
http://www.zhihu.com/people/xie-wei-you
http://www.zhihu.com/people/AgentKay
http://www.zhihu.com/people/huang-zhu-jing
http://www.zhihu.com/people/wang-chu-cheng
http://www.zhihu.com/people/jpuncle
http://www.zhihu.com/people/chen-qing-jun
http://www.zhihu.com/people/li-yi-wei-68
http://www.zhihu.com/people/doworking
http://www.zhihu.com/people/chen-peng-95-16
http://www.zhihu.com/people/klniu
http://www.zhihu.com/people/wuzhimin
http://www.zhihu.com/people/masikkk
http://www.zhihu.com/people/xi-xi
http://www.zhihu.com/people/ai-lin-53
http://www.zhihu.com/people/liang-jia-ji
http://www.zhihu.com/people/yaogun
http://www.zhihu.com/people/zhu-jun-47
http://www.zhihu.com/people/wang-tian-yu-22
http://www.zhihu.com/people/bingyucas
http://www.zhihu.com/people/jsttng
http://www.zhihu.com/people/zhang-wei-79-14
http://www.zhihu.com/people/ye-tian-ya
http://www.zhihu.com/people/xin-nian
http://www.zhihu.com/people/xu-zhe-heng
http://www.zhihu.com/people/lin-jun-77
http://www.zhihu.com/people/kira-24
http://www.zhihu.com/people/baixiaolu
http://www.zhihu.com/people/yofly
http://www.zhihu.com/people/li-yao-15
http://www.zhihu.com/people/xie-hai-yong
http://www.zhihu.com/people/minihe-shang
http://www.zhihu.com/people/anoxia
http://www.zhihu.com/people/hu-jie-43
http://www.zhihu.com/people/lu-xiao-90
http://www.zhihu.com/people/andriylin
http://www.zhihu.com/people/beanrobbie
http://www.zhihu.com/people/joeKoala
http://www.zhihu.com/people/flily
http://www.zhihu.com/people/vseca
http://www.zhihu.com/people/du-ming-shang
http://www.zhihu.com/people/chen-xi-95-95
http://www.zhihu.com/people/renbinglin
http://www.zhihu.com/people/shadyflower
http://www.zhihu.com/people/kugin
http://www.zhihu.com/people/chen-lu-ke
http://www.zhihu.com/people/michaellw
http://www.zhihu.com/people/hoxton
http://www.zhihu.com/people/Challenger800
http://www.zhihu.com/people/yu-xiao-ming-1
http://www.zhihu.com/people/huangdx
http://www.zhihu.com/people/niuston
http://www.zhihu.com/people/wen-xiang-mao
http://www.zhihu.com/people/chen-ji-88
http://www.zhihu.com/people/song-rui-rui
http://www.zhihu.com/people/zhudi
http://www.zhihu.com/people/wang-yuan-66-5
http://www.zhihu.com/people/kinvy
http://www.zhihu.com/people/zhang-qiang-20
http://www.zhihu.com/people/luo-yang-70
http://www.zhihu.com/people/edmond-43
http://www.zhihu.com/people/ma-bo-ping
http://www.zhihu.com/people/demo_3
http://www.zhihu.com/people/yang-zhe-40-21
http://www.zhihu.com/people/wu-yu-kun
http://www.zhihu.com/people/mingchaoyan
http://www.zhihu.com/people/moya
http://www.zhihu.com/people/zhang-ke-89-56
http://www.zhihu.com/people/zhang-hao-62-6
http://www.zhihu.com/people/ying-shan-hong
http://www.zhihu.com/people/zhang-lei-44
http://www.zhihu.com/people/qqyi
http://www.zhihu.com/people/mi-xin-lei
http://www.zhihu.com/people/warf
http://www.zhihu.com/people/ledark
http://www.zhihu.com/people/brianz
http://www.zhihu.com/people/ling-yun-mu
http://www.zhihu.com/people/yu-shu-peng
http://www.zhihu.com/people/yang-tian-han
http://www.zhihu.com/people/yang-xuan-78
http://www.zhihu.com/people/fuwocheng
http://www.zhihu.com/people/chowhak
http://www.zhihu.com/people/Gosin
http://www.zhihu.com/people/chang-yu-ge
http://www.zhihu.com/people/wibile
http://www.zhihu.com/people/you-guo-59
http://www.zhihu.com/people/arayzou
http://www.zhihu.com/people/lanmo520
http://www.zhihu.com/people/wang-han-zhi-8
http://www.zhihu.com/people/wangmiao
http://www.zhihu.com/people/noff
http://www.zhihu.com/people/zhqjuice
http://www.zhihu.com/people/liu-xiong-47
http://www.zhihu.com/people/wang-hua-xin
http://www.zhihu.com/people/jie-mo
http://www.zhihu.com/people/JacobYueng
http://www.zhihu.com/people/lipengbin
http://www.zhihu.com/people/alicesham
http://www.zhihu.com/people/dingran
http://www.zhihu.com/people/qing-ru-xu
http://www.zhihu.com/people/vernon13
http://www.zhihu.com/people/VANS
http://www.zhihu.com/people/pandatun
http://www.zhihu.com/people/liu-pei-yu
http://www.zhihu.com/people/cao-zhen-46
http://www.zhihu.com/people/sosoloveslife
http://www.zhihu.com/people/jackzhang2014
http://www.zhihu.com/people/jonson-fang
http://www.zhihu.com/people/zhong-zhi-xing
http://www.zhihu.com/people/frogod
http://www.zhihu.com/people/zhuang-ji-yuan
http://www.zhihu.com/people/yang-xiao-xiao-69
http://www.zhihu.com/people/zhao-li-1989
http://www.zhihu.com/people/you-zi-li
http://www.zhihu.com/people/ITHACAWONG
http://www.zhihu.com/people/zhao-jun-69
http://www.zhihu.com/people/ihuabing
http://www.zhihu.com/people/chen-yuan-hang
http://www.zhihu.com/people/unever
http://www.zhihu.com/people/woniuniu
http://www.zhihu.com/people/lunasunny
http://www.zhihu.com/people/dongbobo
http://www.zhihu.com/people/nexklee
http://www.zhihu.com/people/kneadtime
http://www.zhihu.com/people/zhang-ping-89
http://www.zhihu.com/people/movie007wn
http://www.zhihu.com/people/shenxian
http://www.zhihu.com/people/huhuhang
http://www.zhihu.com/people/wuyangbing
http://www.zhihu.com/people/lan_sh
http://www.zhihu.com/people/xie-yao
http://www.zhihu.com/people/dakewang
http://www.zhihu.com/people/lan-bo-71
http://www.zhihu.com/people/erhu
http://www.zhihu.com/people/13igcat
http://www.zhihu.com/people/ma-li-fang
http://www.zhihu.com/people/k7inas
http://www.zhihu.com/people/guranzhi
http://www.zhihu.com/people/yin-tao-42
http://www.zhihu.com/people/vict
http://www.zhihu.com/people/liu-yun-long
http://www.zhihu.com/people/cuisaihu
http://www.zhihu.com/people/sun-qiang-47
http://www.zhihu.com/people/lastfuture
http://www.zhihu.com/people/toby941
http://www.zhihu.com/people/leaplee
http://www.zhihu.com/people/hzqedison
http://www.zhihu.com/people/wontufree
http://www.zhihu.com/people/infoman
http://www.zhihu.com/people/gousheng
http://www.zhihu.com/people/luzern
http://www.zhihu.com/people/imusiq
http://www.zhihu.com/people/yvancao
http://www.zhihu.com/people/amuro1230
http://www.zhihu.com/people/ntxtzr
http://www.zhihu.com/people/zhuang-xiao-meng
http://www.zhihu.com/people/GilgameshK
http://www.zhihu.com/people/wang-zi-xiao-78
http://www.zhihu.com/people/THFQ
http://www.zhihu.com/people/cai-xiao-gao
http://www.zhihu.com/people/imxiaofeng
http://www.zhihu.com/people/chen-xing-48
http://www.zhihu.com/people/wang-ze-liang-42
http://www.zhihu.com/people/li-hai-yuan-5
http://www.zhihu.com/people/xiao-shu-shan
http://www.zhihu.com/people/konglong
http://www.zhihu.com/people/xie-pao
http://www.zhihu.com/people/zhou-zuo
http://www.zhihu.com/people/tang-jin-rong
http://www.zhihu.com/people/cheng-xiao-mo-90
http://www.zhihu.com/people/wangliudoit
http://www.zhihu.com/people/blackswan
http://www.zhihu.com/people/li-zhi-32-69
http://www.zhihu.com/people/ju-miao
http://www.zhihu.com/people/chang-bai-shan-xiao-xiang-zhu
http://www.zhihu.com/people/shu-ming-zi
http://www.zhihu.com/people/hukai426
http://www.zhihu.com/people/jiang-yu-yang-90
http://www.zhihu.com/people/liu-jing-tong-58
http://www.zhihu.com/people/andyfoolish
http://www.zhihu.com/people/Terryxiao
http://www.zhihu.com/people/tongjinghao
http://www.zhihu.com/people/xiaogaozi
http://www.zhihu.com/people/qmqy
http://www.zhihu.com/people/yamakasi
http://www.zhihu.com/people/li-shao-jie-52
http://www.zhihu.com/people/li-yi-fan-63
http://www.zhihu.com/people/jie-xiao-tian
http://www.zhihu.com/people/fan-rui-xi
http://www.zhihu.com/people/hu-chang-jun-23
http://www.zhihu.com/people/sunnyfei
http://www.zhihu.com/people/ding-xiao-lei-4
http://www.zhihu.com/people/cao-nan
http://www.zhihu.com/people/dfl2pac
http://www.zhihu.com/people/ths2013
http://www.zhihu.com/people/bonderwu
http://www.zhihu.com/people/song-yan-66
http://www.zhihu.com/people/hu-sha-cha
http://www.zhihu.com/people/shuo-yan
http://www.zhihu.com/people/imnov
http://www.zhihu.com/people/wang-jian-jun-89
http://www.zhihu.com/people/qplus
http://www.zhihu.com/people/andyjames
http://www.zhihu.com/people/Selerare
http://www.zhihu.com/people/zheng-wei-86
http://www.zhihu.com/people/onestar
http://www.zhihu.com/people/xperience
http://www.zhihu.com/people/chen-tao-68-95
http://www.zhihu.com/people/san-yue-99
http://www.zhihu.com/people/duanduan520
http://www.zhihu.com/people/zhang-kai-rong
http://www.zhihu.com/people/kong-yan-71
http://www.zhihu.com/people/corsica
http://www.zhihu.com/people/finely
http://www.zhihu.com/people/williamlam
http://www.zhihu.com/people/zhang-feng-87-88
http://www.zhihu.com/people/stupy
http://www.zhihu.com/people/remanda-chen
http://www.zhihu.com/people/xsclxin
http://www.zhihu.com/people/fan-mo-36
http://www.zhihu.com/people/zhang-zhi-chao-44
http://www.zhihu.com/people/yin-xia-80
http://www.zhihu.com/people/moski-ivan
http://www.zhihu.com/people/qcj_137
http://www.zhihu.com/people/dick9494
http://www.zhihu.com/people/yuan-wei-jie-27
http://www.zhihu.com/people/wang-tie-jian-19
http://www.zhihu.com/people/nekosuke
http://www.zhihu.com/people/lin-jiang-yuan
http://www.zhihu.com/people/wang-song-yang-88
http://www.zhihu.com/people/van-gogh
http://www.zhihu.com/people/sdo1024
http://www.zhihu.com/people/long-bao-19
http://www.zhihu.com/people/hou-zhao-qian
http://www.zhihu.com/people/ayqiu1984
http://www.zhihu.com/people/bicycling
http://www.zhihu.com/people/li-ming-97-59
http://www.zhihu.com/people/sun-shuo-46
http://www.zhihu.com/people/vkle
http://www.zhihu.com/people/luckeeee
http://www.zhihu.com/people/xiao-chu
http://www.zhihu.com/people/wang-tian-xiao
http://www.zhihu.com/people/gao-zheng
http://www.zhihu.com/people/zhou-ziliang
http://www.zhihu.com/people/ymjrcc
http://www.zhihu.com/people/shear-mia
http://www.zhihu.com/people/lei-lei-89
http://www.zhihu.com/people/wang-zi-kuang
http://www.zhihu.com/people/li-hui-44-8
http://www.zhihu.com/people/zhang-yao-yuan-53
http://www.zhihu.com/people/wang-hua-58-57
http://www.zhihu.com/people/leecm
http://www.zhihu.com/people/wangtiancheng
http://www.zhihu.com/people/omell
http://www.zhihu.com/people/jayliu
http://www.zhihu.com/people/pipipp
http://www.zhihu.com/people/wangfang
http://www.zhihu.com/people/bowenbitch
http://www.zhihu.com/people/shu-ying-9
http://www.zhihu.com/people/zhao-liang-28-82
http://www.zhihu.com/people/baidoudou
http://www.zhihu.com/people/yangyue
http://www.zhihu.com/people/cai-zhe-51
http://www.zhihu.com/people/xiao-zhi-nong
http://www.zhihu.com/people/barbarossa
http://www.zhihu.com/people/fan-he-40
http://www.zhihu.com/people/leocc
http://www.zhihu.com/people/yu-san-geng
http://www.zhihu.com/people/highburyboy
http://www.zhihu.com/people/be-with-lele
http://www.zhihu.com/people/jiu-ling-43
http://www.zhihu.com/people/huanghaozh
http://www.zhihu.com/people/qian-wen-bin
http://www.zhihu.com/people/hu-hao-tian
http://www.zhihu.com/people/92588dudu
http://www.zhihu.com/people/zhong-fu-bin
http://www.zhihu.com/people/yang-li-fan-70
http://www.zhihu.com/people/susus
http://www.zhihu.com/people/wangorm
http://www.zhihu.com/people/justin-zhang-83
http://www.zhihu.com/people/torres
http://www.zhihu.com/people/linjunjie1103
http://www.zhihu.com/people/moxi
