http://www.zhihu.com/people/zhangyinhan
http://www.zhihu.com/people/gao-jing-14
http://www.zhihu.com/people/zhang-tian-cheng-55
http://www.zhihu.com/people/guo-xiao-ye
http://www.zhihu.com/people/sui-sui-nian
http://www.zhihu.com/people/wuxuanzhang
http://www.zhihu.com/people/wang-da-dan-15
http://www.zhihu.com/people/chen-xin-qiao
http://www.zhihu.com/people/lin-xiao-62-15
http://www.zhihu.com/people/chen-mian-mian-2
http://www.zhihu.com/people/li-li-han
http://www.zhihu.com/people/zhou-fu-you
http://www.zhihu.com/people/a-hun
http://www.zhihu.com/people/chen-jun-rong-25
http://www.zhihu.com/people/zi-meng-xiao-hu-li
http://www.zhihu.com/people/yu-wen-hong-yi
http://www.zhihu.com/people/zhao-yan-lin-66
http://www.zhihu.com/people/izeblink
http://www.zhihu.com/people/zhao-liu-qi-55
http://www.zhihu.com/people/mr-dos
http://www.zhihu.com/people/he-zi-lu
http://www.zhihu.com/people/guishou
http://www.zhihu.com/people/zhang-yue-ming-12
http://www.zhihu.com/people/desperatecat
http://www.zhihu.com/people/sayes
http://www.zhihu.com/people/leesizhe
http://www.zhihu.com/people/wu-you-cai
http://www.zhihu.com/people/xymark
http://www.zhihu.com/people/chu-qiong
http://www.zhihu.com/people/ztoooony
http://www.zhihu.com/people/penson
http://www.zhihu.com/people/zou-shi-lin
http://www.zhihu.com/people/ding-er-ding
http://www.zhihu.com/people/xinlinyang
http://www.zhihu.com/people/li-wan-dan
http://www.zhihu.com/people/xun1
http://www.zhihu.com/people/yang-guang-11-55
http://www.zhihu.com/people/lu-chen-shuang
http://www.zhihu.com/people/du-mai
http://www.zhihu.com/people/gaoshanliushui
http://www.zhihu.com/people/cai-ji-feng-19
http://www.zhihu.com/people/ou-ni-jiang
http://www.zhihu.com/people/felix-libero
http://www.zhihu.com/people/bao-you-li
http://www.zhihu.com/people/zhang-yu-jie-20
http://www.zhihu.com/people/wang-ying-ting-42
http://www.zhihu.com/people/qing-cha-56
http://www.zhihu.com/people/deng-kang-er
http://www.zhihu.com/people/gui-sheng-74
http://www.zhihu.com/people/yang-shuo-28-2
http://www.zhihu.com/people/liuxiaoxiao
http://www.zhihu.com/people/hong-xiao-86
http://www.zhihu.com/people/echo-40-22
http://www.zhihu.com/people/xiao-zhang-3-23
http://www.zhihu.com/people/sun-yue-zhe
http://www.zhihu.com/people/xie-xuan-3-63
http://www.zhihu.com/people/naso-pan
http://www.zhihu.com/people/ding-chen-49
http://www.zhihu.com/people/zhan-zhan-31
http://www.zhihu.com/people/duan-jiu-ri
http://www.zhihu.com/people/zhou-xiao-xun-93
http://www.zhihu.com/people/jiejie_my_lover
http://www.zhihu.com/people/mingscavalry
http://www.zhihu.com/people/wei-ta-bing
http://www.zhihu.com/people/bo-luo-ming
http://www.zhihu.com/people/yang-hong-lin-16
http://www.zhihu.com/people/fangqu
http://www.zhihu.com/people/huang-jun-feng-15
http://www.zhihu.com/people/sunlilac
http://www.zhihu.com/people/cocolee
http://www.zhihu.com/people/zuimai
http://www.zhihu.com/people/xie-meng-meng-2
http://www.zhihu.com/people/mao-xiao-mao-30
http://www.zhihu.com/people/gao-gao-72
http://www.zhihu.com/people/cheng-xiao-dong-29
http://www.zhihu.com/people/wujinzhi
http://www.zhihu.com/people/dong-bao-zi
http://www.zhihu.com/people/xie-wei-4-35
http://www.zhihu.com/people/liangsz
http://www.zhihu.com/people/yuan-sui-33
http://www.zhihu.com/people/zhang-he-ling-66
http://www.zhihu.com/people/neil-35-70
http://www.zhihu.com/people/xia-zhen-46
http://www.zhihu.com/people/rui-an-98
http://www.zhihu.com/people/zhang-ji-jia
http://www.zhihu.com/people/li-si-yao-12
http://www.zhihu.com/people/you-lin-25
http://www.zhihu.com/people/a-bu-nu
http://www.zhihu.com/people/huang-mou-8
http://www.zhihu.com/people/wwwwwhen
http://www.zhihu.com/people/mai-zi-65
http://www.zhihu.com/people/yarkb
http://www.zhihu.com/people/xu-ze-36-93
http://www.zhihu.com/people/chen-xiu-zhen-32
http://www.zhihu.com/people/yue-yu-han
http://www.zhihu.com/people/sui-xin-er-an
http://www.zhihu.com/people/monkeytammy
http://www.zhihu.com/people/christiany
http://www.zhihu.com/people/wildwilde
http://www.zhihu.com/people/elvishLeung
http://www.zhihu.com/people/ivydreamer
http://www.zhihu.com/people/li-xiao-peng-45-18
http://www.zhihu.com/people/sun-chang-lao-66
http://www.zhihu.com/people/wu-li-42
http://www.zhihu.com/people/xu-jia-hong-95
http://www.zhihu.com/people/zzzZZZtongxue
http://www.zhihu.com/people/da-chu-chu-23
http://www.zhihu.com/people/annie-liu-59
http://www.zhihu.com/people/reed-yen
http://www.zhihu.com/people/xiao-qiang-58-96
http://www.zhihu.com/people/knight-46
http://www.zhihu.com/people/ding-xiang-xue
http://www.zhihu.com/people/1+1=1
http://www.zhihu.com/people/chougu
http://www.zhihu.com/people/hao-cheng-35-43
http://www.zhihu.com/people/cactus-73
http://www.zhihu.com/people/dao-xiang-87
http://www.zhihu.com/people/SnO_opy
http://www.zhihu.com/people/dong-chao-24
http://www.zhihu.com/people/gu-cao-cao
http://www.zhihu.com/people/guangli-liu
http://www.zhihu.com/people/schumiq
http://www.zhihu.com/people/xue-jing-long
http://www.zhihu.com/people/heaven_000
http://www.zhihu.com/people/yong-sheng
http://www.zhihu.com/people/brian-bravo
http://www.zhihu.com/people/qian-gui-shen
http://www.zhihu.com/people/wang-ao-ni
http://www.zhihu.com/people/shi-si-84-62
http://www.zhihu.com/people/shalajiang-yida
http://www.zhihu.com/people/posroachips
http://www.zhihu.com/people/cherryvivid
http://www.zhihu.com/people/song-jing-wen
http://www.zhihu.com/people/chen-chen-24-33
http://www.zhihu.com/people/jaqea-shey
http://www.zhihu.com/people/zhang-yi-fan-48
http://www.zhihu.com/people/liu-hui-78-51
http://www.zhihu.com/people/zhqjuice
http://www.zhihu.com/people/diao-sean
http://www.zhihu.com/people/li-ming-hui-91
http://www.zhihu.com/people/li-lang
http://www.zhihu.com/people/leocc
http://www.zhihu.com/people/leeelie-woo
http://www.zhihu.com/people/samesame
http://www.zhihu.com/people/zhang-mei-hua
http://www.zhihu.com/people/zhang-mie-mie-78
http://www.zhihu.com/people/xu-xiao-yuan-4
http://www.zhihu.com/people/sun-zhen-hua
http://www.zhihu.com/people/qian-feng-27
http://www.zhihu.com/people/lowka
http://www.zhihu.com/people/indigo-51
http://www.zhihu.com/people/xiong-qchen
http://www.zhihu.com/people/chen-xi-8-72
http://www.zhihu.com/people/yong-yi-68
http://www.zhihu.com/people/zhang-lu-81
http://www.zhihu.com/people/zhao-ma-ke
http://www.zhihu.com/people/kurumi
http://www.zhihu.com/people/di-xiao-bin
http://www.zhihu.com/people/yang-xue-chun
http://www.zhihu.com/people/shu-ying-29
http://www.zhihu.com/people/xia-tian-29-79
http://www.zhihu.com/people/ericsun-71
http://www.zhihu.com/people/lin-fei-91
http://www.zhihu.com/people/fang-wen-32
http://www.zhihu.com/people/eric-cao-54
http://www.zhihu.com/people/miao-miao-77-93
http://www.zhihu.com/people/chen-zhao-xiang-87
http://www.zhihu.com/people/chen-shen-shen-69
http://www.zhihu.com/people/chang-yi-22
http://www.zhihu.com/people/tian-nan-gua
http://www.zhihu.com/people/vickey-61
http://www.zhihu.com/people/zi-ming-91
http://www.zhihu.com/people/charlottewyy
http://www.zhihu.com/people/tan-yin-10
http://www.zhihu.com/people/zexiancui
http://www.zhihu.com/people/limaocn
http://www.zhihu.com/people/wu-chang-wu
http://www.zhihu.com/people/jingqiaoqiao
http://www.zhihu.com/people/guan-shan-7
http://www.zhihu.com/people/li-xiao-bai-16
http://www.zhihu.com/people/wang-san-dian-21
http://www.zhihu.com/people/wang-xiang-ru-21
http://www.zhihu.com/people/eees
http://www.zhihu.com/people/xie-zi-11-70
http://www.zhihu.com/people/nan-lin-71
http://www.zhihu.com/people/marco-wong
http://www.zhihu.com/people/tan-ri-tian
http://www.zhihu.com/people/mou-chen-65
http://www.zhihu.com/people/noahgu
http://www.zhihu.com/people/dabai-fang
http://www.zhihu.com/people/yining93
http://www.zhihu.com/people/a-minn
http://www.zhihu.com/people/liu-yuan-yuan-12-81
http://www.zhihu.com/people/nuo-nuo-98
http://www.zhihu.com/people/di-xiao-fei-93
http://www.zhihu.com/people/he-wo
http://www.zhihu.com/people/zhang-mao-yu
http://www.zhihu.com/people/QiuNote
http://www.zhihu.com/people/sun-yilin
http://www.zhihu.com/people/echozhong
http://www.zhihu.com/people/wang-sha-sha-49
http://www.zhihu.com/people/he-yuan-sheng
http://www.zhihu.com/people/pei-pei-82-21
http://www.zhihu.com/people/ning-schue
http://www.zhihu.com/people/liu-jia-yuan-7
http://www.zhihu.com/people/mu-tian-80
http://www.zhihu.com/people/zhang-bo-67-32
http://www.zhihu.com/people/yu-xin-yu-90
http://www.zhihu.com/people/xi-zhuo-jun
http://www.zhihu.com/people/morea
http://www.zhihu.com/people/ahino-k
http://www.zhihu.com/people/leochin
http://www.zhihu.com/people/zuo-zuo-16-34
http://www.zhihu.com/people/mi-xiao-li-10
http://www.zhihu.com/people/chuanhou
http://www.zhihu.com/people/Metamorphosis_Du
http://www.zhihu.com/people/guo-da-lu-13
http://www.zhihu.com/people/fuwocheng
http://www.zhihu.com/people/ru-zhu-94
http://www.zhihu.com/people/wang-ke-ke-20
http://www.zhihu.com/people/cheng-zhang-55
http://www.zhihu.com/people/J.Lee
http://www.zhihu.com/people/nie-qi-qi-79
http://www.zhihu.com/people/pinkatropine
http://www.zhihu.com/people/chun-ye-19
http://www.zhihu.com/people/BeansTang
http://www.zhihu.com/people/wen-qing-wan
http://www.zhihu.com/people/zhang-pi-shi
http://www.zhihu.com/people/starrrry
http://www.zhihu.com/people/douze
http://www.zhihu.com/people/Dabbler
http://www.zhihu.com/people/freedomwyb
http://www.zhihu.com/people/xu-mao-mao-79
http://www.zhihu.com/people/lu-peng-wen-5
http://www.zhihu.com/people/xia-miao-67
http://www.zhihu.com/people/TheChyi
http://www.zhihu.com/people/sun-wei-zong
http://www.zhihu.com/people/Bananonina
http://www.zhihu.com/people/orzzhang
http://www.zhihu.com/people/zhang-zhan-tu
http://www.zhihu.com/people/zheng-cheng-37
http://www.zhihu.com/people/guan-xuan
http://www.zhihu.com/people/wen-jia-9
http://www.zhihu.com/people/qin-yu-fan
http://www.zhihu.com/people/shi-lin-37
http://www.zhihu.com/people/liu-zhao-yang-14
http://www.zhihu.com/people/wu-yue-43
http://www.zhihu.com/people/xiang-ru-75
http://www.zhihu.com/people/cold-cold
http://www.zhihu.com/people/Xieyiyao
http://www.zhihu.com/people/wang-ding-chang
http://www.zhihu.com/people/xulaohan
http://www.zhihu.com/people/mou-jun-feng
http://www.zhihu.com/people/liu-yi-39-44
http://www.zhihu.com/people/raylaw
http://www.zhihu.com/people/carola
http://www.zhihu.com/people/liulv85
http://www.zhihu.com/people/www.wmxz.com
http://www.zhihu.com/people/ben-xiang-84
http://www.zhihu.com/people/wang-yifan-60-86
http://www.zhihu.com/people/yukiZ
http://www.zhihu.com/people/li-sha-xiong
http://www.zhihu.com/people/wang-ying-97-70
http://www.zhihu.com/people/zhao-zhao-94-95
http://www.zhihu.com/people/sixue
http://www.zhihu.com/people/amoskim
http://www.zhihu.com/people/ceng-liang-zi
http://www.zhihu.com/people/ming-xi-82
http://www.zhihu.com/people/fu-shui-nan-shou-79
http://www.zhihu.com/people/joe
http://www.zhihu.com/people/qin-di-3
http://www.zhihu.com/people/hong-xiao-dou
http://www.zhihu.com/people/young-iris
http://www.zhihu.com/people/jolllllly
http://www.zhihu.com/people/JohnLou
http://www.zhihu.com/people/yu-gu-69
http://www.zhihu.com/people/junjieliu
http://www.zhihu.com/people/ma-qi-qi-31
http://www.zhihu.com/people/jonson-fang
http://www.zhihu.com/people/xixixixi
http://www.zhihu.com/people/xiao-chu
http://www.zhihu.com/people/lin-qing-qing-72
http://www.zhihu.com/people/su-chen-chen
http://www.zhihu.com/people/sui-xiang
http://www.zhihu.com/people/possibilities
http://www.zhihu.com/people/wei-wei-87-88
http://www.zhihu.com/people/xiong-zhe-teng
http://www.zhihu.com/people/wen-kun-guo
http://www.zhihu.com/people/chenna
http://www.zhihu.com/people/heidfled
http://www.zhihu.com/people/zheng-xin-56
http://www.zhihu.com/people/michelleyan
http://www.zhihu.com/people/liuyue
http://www.zhihu.com/people/a_kai
http://www.zhihu.com/people/hu-zi-30
http://www.zhihu.com/people/xi-wei-10
http://www.zhihu.com/people/chai-pi-ma
http://www.zhihu.com/people/huo-jia-14
http://www.zhihu.com/people/wen-sen-te-86
http://www.zhihu.com/people/liu-yang-xue
http://www.zhihu.com/people/guo-xin-60
http://www.zhihu.com/people/zhuang-chao-90-18
http://www.zhihu.com/people/demasquer
http://www.zhihu.com/people/peng-si-jie
http://www.zhihu.com/people/zhou-xin-yi-2
http://www.zhihu.com/people/zhaoyuanyun
http://www.zhihu.com/people/zhang-wen-xi-57
http://www.zhihu.com/people/zheng-zha-22
http://www.zhihu.com/people/wei-mao-80
http://www.zhihu.com/people/momoko-tao
http://www.zhihu.com/people/zhang-yu-feng-58
http://www.zhihu.com/people/mapengze
http://www.zhihu.com/people/li-yichi-82
http://www.zhihu.com/people/he-ban-tang
http://www.zhihu.com/people/xiao-jin-47
http://www.zhihu.com/people/li-jia-ye
http://www.zhihu.com/people/wu-ya-dong-79
http://www.zhihu.com/people/wu-xiao-qing-58
http://www.zhihu.com/people/shu-yun-36
http://www.zhihu.com/people/mu-tou-ren-er
http://www.zhihu.com/people/kong-rong-26
http://www.zhihu.com/people/yang-yi-96-8
http://www.zhihu.com/people/hipartner.cn
http://www.zhihu.com/people/xu-xue-hen
http://www.zhihu.com/people/dreamandpoets
http://www.zhihu.com/people/loem
http://www.zhihu.com/people/kaidi-guo
http://www.zhihu.com/people/cui-xiao-er
http://www.zhihu.com/people/turbo-lee
http://www.zhihu.com/people/hu-hui-45
http://www.zhihu.com/people/ning-you
http://www.zhihu.com/people/liuhaneva
http://www.zhihu.com/people/zhou-tai-yang
http://www.zhihu.com/people/liu-xin-ji-4-92
http://www.zhihu.com/people/ke-er-jin
http://www.zhihu.com/people/wangfang
http://www.zhihu.com/people/bitmirage
http://www.zhihu.com/people/zourui55
http://www.zhihu.com/people/zhaojun4084
http://www.zhihu.com/people/alison-80
http://www.zhihu.com/people/zhang-lai-xu
http://www.zhihu.com/people/xu-xiao-dao-11
http://www.zhihu.com/people/keren-0117
http://www.zhihu.com/people/feng-shao-jie-44
http://www.zhihu.com/people/lunayang
http://www.zhihu.com/people/gu-zhong-heng
http://www.zhihu.com/people/kokomi
http://www.zhihu.com/people/qi-gang-65
http://www.zhihu.com/people/ren-meng-xin
http://www.zhihu.com/people/rui-tang-tang
http://www.zhihu.com/people/hai-tang-47
http://www.zhihu.com/people/zhang-zhong-qi
http://www.zhihu.com/people/hanjiangxue
http://www.zhihu.com/people/wang-wen-ping-27
http://www.zhihu.com/people/ke-xue-34
http://www.zhihu.com/people/yu-meng-xin
http://www.zhihu.com/people/li-yan-cheng-33
http://www.zhihu.com/people/he-tan
http://www.zhihu.com/people/li-chang-jian-87
http://www.zhihu.com/people/wang-rui-53-30
http://www.zhihu.com/people/wang-xiao-sheng-52
http://www.zhihu.com/people/qian-xun-miao
http://www.zhihu.com/people/qing-teng-5
http://www.zhihu.com/people/guqiangqiang
http://www.zhihu.com/people/a-tu-79
http://www.zhihu.com/people/feversun
http://www.zhihu.com/people/19951121
http://www.zhihu.com/people/kang-xi-58
http://www.zhihu.com/people/tang-shun-lei
http://www.zhihu.com/people/zhu-bo-tao
http://www.zhihu.com/people/liu-jing-tong-58
http://www.zhihu.com/people/qiao-xin-qi
http://www.zhihu.com/people/helloharry
http://www.zhihu.com/people/cheng-jun-yu
http://www.zhihu.com/people/jiang-zhi-peng-91
http://www.zhihu.com/people/Grace-xia-qian-qian
http://www.zhihu.com/people/guranzhi
http://www.zhihu.com/people/lu-yi-75
http://www.zhihu.com/people/juelu
http://www.zhihu.com/people/ban-ya-tu
http://www.zhihu.com/people/cui-wang
http://www.zhihu.com/people/zhu-hou-chuan
http://www.zhihu.com/people/li-chen-8
http://www.zhihu.com/people/zhang-lin-quan
http://www.zhihu.com/people/zhang-zuo-di
http://www.zhihu.com/people/yandeng
http://www.zhihu.com/people/chu-meng-meng
http://www.zhihu.com/people/nanqiaoyiye
http://www.zhihu.com/people/miniiii
http://www.zhihu.com/people/zhao-yue-7
http://www.zhihu.com/people/nikooo
http://www.zhihu.com/people/brian-76
http://www.zhihu.com/people/yang-hao-62-72
http://www.zhihu.com/people/zhang-xiao-fan-25-69
http://www.zhihu.com/people/zhou-bo-70-71
http://www.zhihu.com/people/li-hua-10
http://www.zhihu.com/people/mu-hua
http://www.zhihu.com/people/zhang-wei-10-7
http://www.zhihu.com/people/xiang-jun-31
http://www.zhihu.com/people/zhao-yu-hao-58
http://www.zhihu.com/people/ding-xiao-han-31
http://www.zhihu.com/people/eryeah
http://www.zhihu.com/people/xiao-lt
http://www.zhihu.com/people/river404
http://www.zhihu.com/people/diercn
http://www.zhihu.com/people/bu-xian-nan
http://www.zhihu.com/people/xiao-guai-shou-catherine
http://www.zhihu.com/people/jason-59-49
http://www.zhihu.com/people/zink
http://www.zhihu.com/people/jession1989
http://www.zhihu.com/people/dai-da-bei
http://www.zhihu.com/people/liustein
http://www.zhihu.com/people/id-malong
http://www.zhihu.com/people/yellingbytes
http://www.zhihu.com/people/zhang-ying-zhou-91
http://www.zhihu.com/people/achilles-bob
http://www.zhihu.com/people/kelso
http://www.zhihu.com/people/neng-ge-70
http://www.zhihu.com/people/zhang-zi-lin-35
http://www.zhihu.com/people/li-shou-yin-89
http://www.zhihu.com/people/acetylcholine
http://www.zhihu.com/people/yao-du-min
http://www.zhihu.com/people/huang-dou-6
http://www.zhihu.com/people/zheng-bu-zheng-chang
http://www.zhihu.com/people/lulu-zhang-72
http://www.zhihu.com/people/junmy
http://www.zhihu.com/people/tiandaofei
http://www.zhihu.com/people/feng-xue-12
http://www.zhihu.com/people/tangjingxin
http://www.zhihu.com/people/jordan-yu-40
http://www.zhihu.com/people/loong
http://www.zhihu.com/people/000088
http://www.zhihu.com/people/hua-yan-yang
http://www.zhihu.com/people/yan-er-jane
http://www.zhihu.com/people/huangyating
http://www.zhihu.com/people/tian-su-jun
http://www.zhihu.com/people/wang-fen-fang
http://www.zhihu.com/people/liang-24
http://www.zhihu.com/people/naomi-n
http://www.zhihu.com/people/han-jian-bin-69
http://www.zhihu.com/people/yin-wen-jun-55
http://www.zhihu.com/people/yetone
http://www.zhihu.com/people/lemoxa
http://www.zhihu.com/people/takumiii
http://www.zhihu.com/people/androidream
http://www.zhihu.com/people/limonzhou
http://www.zhihu.com/people/you-ren
http://www.zhihu.com/people/pwj1568
http://www.zhihu.com/people/wang-zi-yang-42
http://www.zhihu.com/people/TrusBe
http://www.zhihu.com/people/ark17
http://www.zhihu.com/people/JoeyZhi
http://www.zhihu.com/people/JacobYueng
http://www.zhihu.com/people/lailaiovo
http://www.zhihu.com/people/gu-jia-5
http://www.zhihu.com/people/changeself
http://www.zhihu.com/people/you-guo-59
http://www.zhihu.com/people/wolf_wu
http://www.zhihu.com/people/zhang-jia-qiang-21-10
http://www.zhihu.com/people/hu-meng-hua
http://www.zhihu.com/people/shang-shi-3
http://www.zhihu.com/people/xiao-jian-ren-71
http://www.zhihu.com/people/chen-chao-yi
http://www.zhihu.com/people/tang-zhen-xiang
http://www.zhihu.com/people/zhouyao
http://www.zhihu.com/people/wang-zhi-zhi-82
http://www.zhihu.com/people/lin-wang-wei
http://www.zhihu.com/people/tikin
http://www.zhihu.com/people/lackar
http://www.zhihu.com/people/bai-xiao-miao-22
http://www.zhihu.com/people/eana-chan
http://www.zhihu.com/people/li-ao-wen
http://www.zhihu.com/people/bonnieho
http://www.zhihu.com/people/xie-hang-yu
http://www.zhihu.com/people/ma-que-10
http://www.zhihu.com/people/liu-xiao-dou
http://www.zhihu.com/people/lu-jia-11
http://www.zhihu.com/people/wuzhonghua91
http://www.zhihu.com/people/sellsoda
http://www.zhihu.com/people/zhang-zi-qiang-36
http://www.zhihu.com/people/zhang-qiang-95-59
http://www.zhihu.com/people/bing-mez
http://www.zhihu.com/people/tontonchuan-zhang
http://www.zhihu.com/people/wang-xiao-ming-36
http://www.zhihu.com/people/chen-zuo
http://www.zhihu.com/people/you-yong
http://www.zhihu.com/people/bai-leo
http://www.zhihu.com/people/zhuang-xiao-meng
http://www.zhihu.com/people/zaiyiqi
http://www.zhihu.com/people/peoplegxs
http://www.zhihu.com/people/meifei
http://www.zhihu.com/people/ha-shu-23-2
http://www.zhihu.com/people/yu-wen-70
http://www.zhihu.com/people/gongxiaofei
http://www.zhihu.com/people/li-ha-ha-leo
http://www.zhihu.com/people/wwzcxqc
http://www.zhihu.com/people/zhu-yixin-42
http://www.zhihu.com/people/wen-xi-79
http://www.zhihu.com/people/bai-shu-qi-ya
http://www.zhihu.com/people/untitledteresa
http://www.zhihu.com/people/liuheyang
http://www.zhihu.com/people/stephen-cheng
http://www.zhihu.com/people/zxcupdating
http://www.zhihu.com/people/ge-lin-95
http://www.zhihu.com/people/xiao-xiao-80
http://www.zhihu.com/people/huang-long-80
http://www.zhihu.com/people/len-no
http://www.zhihu.com/people/zhou-yang-cheng-44
http://www.zhihu.com/people/waiwyh
http://www.zhihu.com/people/he-xiao-lei-6
http://www.zhihu.com/people/xu-shu-xian
http://www.zhihu.com/people/polimoda
http://www.zhihu.com/people/wang-xiao-yue-86
http://www.zhihu.com/people/yin-yu-chen-26
http://www.zhihu.com/people/wang-ji-65
http://www.zhihu.com/people/wang-wen-han-Ted
http://www.zhihu.com/people/song-xin-xin-47
http://www.zhihu.com/people/zhang-qian-13-68
http://www.zhihu.com/people/wang-dou-dou-88
http://www.zhihu.com/people/chenxc
http://www.zhihu.com/people/fang-m
http://www.zhihu.com/people/pian
http://www.zhihu.com/people/zheng-ye-15
http://www.zhihu.com/people/wang-yi-45-85
http://www.zhihu.com/people/zhong-xin-yue
http://www.zhihu.com/people/su-li-zhen-36
http://www.zhihu.com/people/linjiahao
http://www.zhihu.com/people/vagrant
http://www.zhihu.com/people/han-yan-hui
http://www.zhihu.com/people/steve-70
http://www.zhihu.com/people/pi-pi-3
http://www.zhihu.com/people/miao-jiang-43
http://www.zhihu.com/people/zhu-jun-qiang
http://www.zhihu.com/people/li-zhi-sheng-66
http://www.zhihu.com/people/dong-lan-59
http://www.zhihu.com/people/ma-bei-bei-96
http://www.zhihu.com/people/cai-zhe-51
http://www.zhihu.com/people/laughingge-xiong
http://www.zhihu.com/people/giiNNN
http://www.zhihu.com/people/jiao-mo-27
http://www.zhihu.com/people/yi-sen-8
http://www.zhihu.com/people/liao-zhi-yuan
http://www.zhihu.com/people/kukudi1028
http://www.zhihu.com/people/zhang-ge-84
http://www.zhihu.com/people/bai-xiao-yu-93
http://www.zhihu.com/people/lin-zhe-96
http://www.zhihu.com/people/sky-fall
http://www.zhihu.com/people/yyuq
http://www.zhihu.com/people/finderland
http://www.zhihu.com/people/younggko
http://www.zhihu.com/people/solib
http://www.zhihu.com/people/llllllllllll
http://www.zhihu.com/people/xian-fa-hui
http://www.zhihu.com/people/linearrr
http://www.zhihu.com/people/de-ma-66
http://www.zhihu.com/people/david-tam
http://www.zhihu.com/people/bei-ming-46
http://www.zhihu.com/people/woodsjan
http://www.zhihu.com/people/zhouxiaocai
http://www.zhihu.com/people/Evelyn0908
http://www.zhihu.com/people/xia-tian-76-62
http://www.zhihu.com/people/sir-hello-38
http://www.zhihu.com/people/liaoshangyou
http://www.zhihu.com/people/guo-shuo
http://www.zhihu.com/people/tan-wei-guo
http://www.zhihu.com/people/wk633
http://www.zhihu.com/people/shuaige
http://www.zhihu.com/people/gu-ke-12
http://www.zhihu.com/people/lin-long-6
http://www.zhihu.com/people/mugglezly
http://www.zhihu.com/people/he-ting-ye
http://www.zhihu.com/people/chouthen
http://www.zhihu.com/people/kashinging
http://www.zhihu.com/people/zhu-dong-hui-53
http://www.zhihu.com/people/hai-tao-11-83
http://www.zhihu.com/people/pherob
http://www.zhihu.com/people/fang-fang-er
http://www.zhihu.com/people/xie-ting-wei
http://www.zhihu.com/people/rui-jiu-jiu
http://www.zhihu.com/people/donhi
http://www.zhihu.com/people/bin-xin-80
http://www.zhihu.com/people/he-wei-wei-78
http://www.zhihu.com/people/fu-cheng-kai
http://www.zhihu.com/people/liang-tian-fu
http://www.zhihu.com/people/dong-rong-hua
http://www.zhihu.com/people/coka
http://www.zhihu.com/people/zhang-hong-tao-14-66
http://www.zhihu.com/people/mo-ya-95
http://www.zhihu.com/people/pan-chao-57
http://www.zhihu.com/people/xu-zhi-jia
http://www.zhihu.com/people/mg12
http://www.zhihu.com/people/faith-87
http://www.zhihu.com/people/godling
http://www.zhihu.com/people/zhouxx
http://www.zhihu.com/people/wang-ban-dou
http://www.zhihu.com/people/wu-yun-long-72
http://www.zhihu.com/people/lu-dou-dou
http://www.zhihu.com/people/bingbing-67
http://www.zhihu.com/people/MEFISTO
http://www.zhihu.com/people/ironsunny
http://www.zhihu.com/people/iyucci
http://www.zhihu.com/people/wang-qian-mo
http://www.zhihu.com/people/xie-lin-jun-35
http://www.zhihu.com/people/li-chen-zhou-68
http://www.zhihu.com/people/xu-yong-jia
http://www.zhihu.com/people/youngjiahui
http://www.zhihu.com/people/pan-xiao-25
http://www.zhihu.com/people/lang-qian-yi
http://www.zhihu.com/people/neeland
http://www.zhihu.com/people/August_Zhou
http://www.zhihu.com/people/ou-yang-kang-87
http://www.zhihu.com/people/liu-xiao-hui-68
http://www.zhihu.com/people/heyuthere
http://www.zhihu.com/people/ye-tao-rui
http://www.zhihu.com/people/liu-yang-70-36
http://www.zhihu.com/people/ri-ben-da-cong
http://www.zhihu.com/people/butcherv
http://www.zhihu.com/people/qin-kang-bao
http://www.zhihu.com/people/cherrydcy
http://www.zhihu.com/people/cheng-cheng
http://www.zhihu.com/people/jiangqinyi
http://www.zhihu.com/people/meng-xiao-che
http://www.zhihu.com/people/yvonne-92
http://www.zhihu.com/people/shishan
http://www.zhihu.com/people/jafechang
http://www.zhihu.com/people/he-er-xin-gen
http://www.zhihu.com/people/Royec
http://www.zhihu.com/people/zhang-zi-chuan-84
http://www.zhihu.com/people/cooL
http://www.zhihu.com/people/Maynie
http://www.zhihu.com/people/zhang-qun-xiao
http://www.zhihu.com/people/nan-xun-58
http://www.zhihu.com/people/liu-zhi-gao
http://www.zhihu.com/people/cheng-chang-87-12
http://www.zhihu.com/people/zhao-zhe-8
http://www.zhihu.com/people/zai-jian-ding-er-mu
http://www.zhihu.com/people/que-xing-lasia
http://www.zhihu.com/people/cheng-fang-hang
http://www.zhihu.com/people/killaxe-jie
http://www.zhihu.com/people/aoimishi
http://www.zhihu.com/people/rina-lee-90
http://www.zhihu.com/people/li-xiang-18-82
http://www.zhihu.com/people/cynthia-xinyi
http://www.zhihu.com/people/feng-xue-qing-lan
http://www.zhihu.com/people/yang-hui-hui-78
http://www.zhihu.com/people/chen-xin-76-57
http://www.zhihu.com/people/lichengrant
http://www.zhihu.com/people/thinkdeeply
http://www.zhihu.com/people/woodboy456
http://www.zhihu.com/people/riccinei
http://www.zhihu.com/people/zhangdashe
http://www.zhihu.com/people/refire
http://www.zhihu.com/people/jaychang-34
http://www.zhihu.com/people/wang-yang-90-89
http://www.zhihu.com/people/li-ban-72
http://www.zhihu.com/people/nooyo
http://www.zhihu.com/people/nuomihaochix
http://www.zhihu.com/people/gu-gu-73
http://www.zhihu.com/people/rockydd
http://www.zhihu.com/people/jia-hao-85
http://www.zhihu.com/people/liu-min-58-2
http://www.zhihu.com/people/zi-xiao-chun
http://www.zhihu.com/people/wangofjian
http://www.zhihu.com/people/yehuai
http://www.zhihu.com/people/jenningsatlarge
http://www.zhihu.com/people/meng-yun-57
http://www.zhihu.com/people/zhang-yi-xin-60
http://www.zhihu.com/people/micco-35
http://www.zhihu.com/people/bian-yi-bin
http://www.zhihu.com/people/tou-tou-tou-tou-tou-tou
http://www.zhihu.com/people/fan-fei-4
http://www.zhihu.com/people/wei-ren-19
http://www.zhihu.com/people/jiggersong
http://www.zhihu.com/people/icola
http://www.zhihu.com/people/chai-rui-33
http://www.zhihu.com/people/xie-yuan-peng
http://www.zhihu.com/people/jiroas
http://www.zhihu.com/people/lvli
http://www.zhihu.com/people/kuangzhou
http://www.zhihu.com/people/yan-ke-90
http://www.zhihu.com/people/A3R2012
http://www.zhihu.com/people/yu-xi-33-36
http://www.zhihu.com/people/opaa
http://www.zhihu.com/people/hahaheheha
http://www.zhihu.com/people/baidoudou
http://www.zhihu.com/people/JiangTianZheng
http://www.zhihu.com/people/robster
http://www.zhihu.com/people/nan-fang-47-76
http://www.zhihu.com/people/xi-yun-77
http://www.zhihu.com/people/yi-zhong-wei
http://www.zhihu.com/people/huang-jia-nong
http://www.zhihu.com/people/remixbig
http://www.zhihu.com/people/realfish
http://www.zhihu.com/people/egopan
http://www.zhihu.com/people/fajia
http://www.zhihu.com/people/gaowsh
http://www.zhihu.com/people/cloud-han
http://www.zhihu.com/people/orange-49
http://www.zhihu.com/people/ahalo
http://www.zhihu.com/people/xxxwdoo
http://www.zhihu.com/people/techoxygen
http://www.zhihu.com/people/xu-ke-73
http://www.zhihu.com/people/Dominic_
http://www.zhihu.com/people/guo-xiao-meng
http://www.zhihu.com/people/er-shi-yi
http://www.zhihu.com/people/neo-hee
http://www.zhihu.com/people/xuan-qiu-shuang
http://www.zhihu.com/people/yun-ji-37
http://www.zhihu.com/people/ma-bo-ping
http://www.zhihu.com/people/sophia1990
http://www.zhihu.com/people/xiang-zi-li
http://www.zhihu.com/people/Robot-Yu
http://www.zhihu.com/people/kuang-yu-88
http://www.zhihu.com/people/xiao-yu-64
http://www.zhihu.com/people/MichaelW
http://www.zhihu.com/people/zheng-ji-yu
http://www.zhihu.com/people/zhang-shi-pu
http://www.zhihu.com/people/caizhaolun
http://www.zhihu.com/people/zhang-xiao-qing-88
http://www.zhihu.com/people/ran-yu-81
http://www.zhihu.com/people/yan6000
http://www.zhihu.com/people/deletenehs
http://www.zhihu.com/people/baiyusheng
http://www.zhihu.com/people/9noon
http://www.zhihu.com/people/huang-hai-li
http://www.zhihu.com/people/liu-jia-2-57
http://www.zhihu.com/people/tao-yan-nick
http://www.zhihu.com/people/yu-yan-2
http://www.zhihu.com/people/luoyandi
http://www.zhihu.com/people/lynnaugust
http://www.zhihu.com/people/chenzhe01
http://www.zhihu.com/people/cui-yi-nan
http://www.zhihu.com/people/mo-mo-wu-wen
http://www.zhihu.com/people/jzone
http://www.zhihu.com/people/liu-ying-79
http://www.zhihu.com/people/xiaocccai
http://www.zhihu.com/people/liu-shu-liang
http://www.zhihu.com/people/marvin-46
http://www.zhihu.com/people/huang-jing-yi-14
http://www.zhihu.com/people/yangluhan1990
http://www.zhihu.com/people/wang-yifan-3
http://www.zhihu.com/people/zhang-da-dou
http://www.zhihu.com/people/zhang-chen-69
http://www.zhihu.com/people/sun-meng-chen
http://www.zhihu.com/people/diao-yuan-yuan
http://www.zhihu.com/people/mondrian-chau
http://www.zhihu.com/people/li-dong-wei-47
http://www.zhihu.com/people/gui-yan-60
http://www.zhihu.com/people/allen-wong
http://www.zhihu.com/people/zhang-yong-heng
http://www.zhihu.com/people/hu-yu-di
http://www.zhihu.com/people/chen-xiao-yu-94
http://www.zhihu.com/people/mao-qi
http://www.zhihu.com/people/jian-yi-40
http://www.zhihu.com/people/ma-man-qing
http://www.zhihu.com/people/colin0914
http://www.zhihu.com/people/victoriashi
http://www.zhihu.com/people/ge-chuan-xin
http://www.zhihu.com/people/helterskelter
http://www.zhihu.com/people/yang-zhong-chuan
http://www.zhihu.com/people/cui-ke
http://www.zhihu.com/people/dtmql
http://www.zhihu.com/people/lin-yi-37
http://www.zhihu.com/people/ma-xiao-yang
http://www.zhihu.com/people/yu-xian-cosine
http://www.zhihu.com/people/colorwill
http://www.zhihu.com/people/dai-wei-99
http://www.zhihu.com/people/li-jia-lin-22
http://www.zhihu.com/people/qtmisewrxf
http://www.zhihu.com/people/shi-xiu-feng
http://www.zhihu.com/people/wang-xiao-meng-38
http://www.zhihu.com/people/YY.song
http://www.zhihu.com/people/junius_lou
http://www.zhihu.com/people/unogzx
http://www.zhihu.com/people/chentong
http://www.zhihu.com/people/zhongyang
http://www.zhihu.com/people/fishhh
http://www.zhihu.com/people/yi-feng-shan
http://www.zhihu.com/people/wang-yi-cheng-77-69
http://www.zhihu.com/people/ming-da-29
http://www.zhihu.com/people/shan-kui-zhang
http://www.zhihu.com/people/whitecoffee
http://www.zhihu.com/people/chen-hao-84
http://www.zhihu.com/people/zhou-fang-30
http://www.zhihu.com/people/zhengguoqiang
http://www.zhihu.com/people/li-jie-6
http://www.zhihu.com/people/zhao-jia-long-16
http://www.zhihu.com/people/zhang-song-ran
http://www.zhihu.com/people/tygoonray
http://www.zhihu.com/people/packer
http://www.zhihu.com/people/rachel-32-98
http://www.zhihu.com/people/zhu-hai-76
http://www.zhihu.com/people/tao-ye-82
http://www.zhihu.com/people/ying-49
http://www.zhihu.com/people/zhou-yi-72-75
http://www.zhihu.com/people/it_withers
http://www.zhihu.com/people/chen-rong-hua-94
http://www.zhihu.com/people/laoliumang-78
http://www.zhihu.com/people/guxianbang
http://www.zhihu.com/people/dianxiaoxian
http://www.zhihu.com/people/wuyamt
http://www.zhihu.com/people/hanjinbao
http://www.zhihu.com/people/yang-shuang-1
http://www.zhihu.com/people/bo-wen-49
http://www.zhihu.com/people/lu-bei-bei-3
http://www.zhihu.com/people/wang-jia-wei-45-85
http://www.zhihu.com/people/jysm
http://www.zhihu.com/people/solodolo
http://www.zhihu.com/people/wang-ai-why
http://www.zhihu.com/people/esqliu
http://www.zhihu.com/people/allossurus
http://www.zhihu.com/people/zhang-jing-98-36
http://www.zhihu.com/people/websec
http://www.zhihu.com/people/li-gou-hai-12-23
http://www.zhihu.com/people/tsangdh
http://www.zhihu.com/people/kong-lang
http://www.zhihu.com/people/yi-ran-40
http://www.zhihu.com/people/U-N-O
http://www.zhihu.com/people/tera
http://www.zhihu.com/people/chi-li-jie
http://www.zhihu.com/people/qing-zhou-79
http://www.zhihu.com/people/wangxzi
http://www.zhihu.com/people/morncello
http://www.zhihu.com/people/marie-91
http://www.zhihu.com/people/zhang-shuo-70-43
http://www.zhihu.com/people/charmaine1020
http://www.zhihu.com/people/Paitanapilahmima
http://www.zhihu.com/people/feng-xing-xia
http://www.zhihu.com/people/zhang-ma-dan
http://www.zhihu.com/people/wang-dan-24-67
http://www.zhihu.com/people/zhang-jing-lin
http://www.zhihu.com/people/lin-liang-jie
http://www.zhihu.com/people/cdtcai
http://www.zhihu.com/people/passerbycrk
http://www.zhihu.com/people/xu-chong-bo
http://www.zhihu.com/people/xie-cao
http://www.zhihu.com/people/xddxy
http://www.zhihu.com/people/huangbincheng
http://www.zhihu.com/people/yang-yilei-18
http://www.zhihu.com/people/chenxiaochuan
http://www.zhihu.com/people/andy-silver
http://www.zhihu.com/people/li-pian-pian-521
http://www.zhihu.com/people/tu-guo-qiang
http://www.zhihu.com/people/hao-ao-fu
http://www.zhihu.com/people/zhang-xiao-ai
http://www.zhihu.com/people/dan-wei-po
http://www.zhihu.com/people/lanyusea
http://www.zhihu.com/people/cheng-hao-81
http://www.zhihu.com/people/light-47
http://www.zhihu.com/people/1230
http://www.zhihu.com/people/cui-de-cheng
http://www.zhihu.com/people/wu-jie-97
http://www.zhihu.com/people/guang-feng
http://www.zhihu.com/people/zhou-yu-31
http://www.zhihu.com/people/wangtengchuan
http://www.zhihu.com/people/wang-long-79
http://www.zhihu.com/people/wu-nan-80
http://www.zhihu.com/people/wang-hui-yi-59
http://www.zhihu.com/people/changkong
http://www.zhihu.com/people/xuechengxi
http://www.zhihu.com/people/eric-5
http://www.zhihu.com/people/loewe
http://www.zhihu.com/people/li-shun-ping
http://www.zhihu.com/people/amos-9
http://www.zhihu.com/people/he-liang-53
http://www.zhihu.com/people/yanzhenzhong
http://www.zhihu.com/people/po-dai
http://www.zhihu.com/people/Maktong
http://www.zhihu.com/people/zhang-cheng-yang
http://www.zhihu.com/people/howard-dominic
http://www.zhihu.com/people/bubble5144
http://www.zhihu.com/people/Misaki
http://www.zhihu.com/people/han-liang-36
http://www.zhihu.com/people/hanz-chen
http://www.zhihu.com/people/zhao-da-pai
http://www.zhihu.com/people/zhang-fuguang
http://www.zhihu.com/people/winiex
http://www.zhihu.com/people/madyangyi
http://www.zhihu.com/people/chen-shu-yi-21
http://www.zhihu.com/people/bai-jing-wen
http://www.zhihu.com/people/die-jia-tai
http://www.zhihu.com/people/bobohe
http://www.zhihu.com/people/lan-zhang
http://www.zhihu.com/people/baixiaoci
http://www.zhihu.com/people/wang-xiao-mei-35
http://www.zhihu.com/people/cheng-yan-yan
http://www.zhihu.com/people/veronica-yang
http://www.zhihu.com/people/hu-xing-zhi
http://www.zhihu.com/people/stupident
http://www.zhihu.com/people/zhangrongjie
http://www.zhihu.com/people/ai-fei-ai
http://www.zhihu.com/people/zhu-jin-xuan
http://www.zhihu.com/people/adam-86
http://www.zhihu.com/people/zhengqia
http://www.zhihu.com/people/wei-qing-min
http://www.zhihu.com/people/lufo
http://www.zhihu.com/people/feng-hong-liang
http://www.zhihu.com/people/lu-mo-15
http://www.zhihu.com/people/tian-feng-lin
http://www.zhihu.com/people/tiziana
http://www.zhihu.com/people/ryoko1990
http://www.zhihu.com/people/Corey_Chan
http://www.zhihu.com/people/he-hui-wen
http://www.zhihu.com/people/ti-ti-68-21
http://www.zhihu.com/people/lin-tao-50-16
http://www.zhihu.com/people/cakvfcwz
http://www.zhihu.com/people/yang-rui-21
http://www.zhihu.com/people/caramelgrace
http://www.zhihu.com/people/huang-te-jin
http://www.zhihu.com/people/shao-lin-33
http://www.zhihu.com/people/isla
http://www.zhihu.com/people/rosemary-75
http://www.zhihu.com/people/awp33
http://www.zhihu.com/people/wang-yu-han-51
http://www.zhihu.com/people/fee-lam
http://www.zhihu.com/people/xiao-bo-97-41
http://www.zhihu.com/people/gaohanyu
http://www.zhihu.com/people/zheng-tao-64
http://www.zhihu.com/people/li-qiang-24-97
http://www.zhihu.com/people/zan-xiong-feng
http://www.zhihu.com/people/leon-lee-37
http://www.zhihu.com/people/ren-he-53
http://www.zhihu.com/people/fu-miao-rong
http://www.zhihu.com/people/thkroc
http://www.zhihu.com/people/chen-cheng-68
http://www.zhihu.com/people/kkkkbao-chi-di-diao
http://www.zhihu.com/people/lonlon-ago
http://www.zhihu.com/people/chen-ai-luo-ding-29
http://www.zhihu.com/people/chen-yi-huan
http://www.zhihu.com/people/verloth
http://www.zhihu.com/people/chen-yun-yun
http://www.zhihu.com/people/xu-bu-fan-92
http://www.zhihu.com/people/tongjinghao
http://www.zhihu.com/people/kuhn-56
http://www.zhihu.com/people/li-cheng-gan
http://www.zhihu.com/people/chen-liang-bing
http://www.zhihu.com/people/wang-datou
http://www.zhihu.com/people/iamlisong
http://www.zhihu.com/people/edie
http://www.zhihu.com/people/ai-ya-xiao-qiu
http://www.zhihu.com/people/busch
http://www.zhihu.com/people/shu-hai-meng
http://www.zhihu.com/people/yi-zhi-83
http://www.zhihu.com/people/chen-ying-08-94
http://www.zhihu.com/people/wu-bian-luo
http://www.zhihu.com/people/merlin-47
http://www.zhihu.com/people/suodi
http://www.zhihu.com/people/peng-yu-huai
http://www.zhihu.com/people/feng-jian-ren
http://www.zhihu.com/people/easier
http://www.zhihu.com/people/jiang-ge
http://www.zhihu.com/people/chen-xiao-mei
http://www.zhihu.com/people/yang-hong-66
http://www.zhihu.com/people/xu-da-li-60
http://www.zhihu.com/people/ku-teng-feng-ya
http://www.zhihu.com/people/da-che
http://www.zhihu.com/people/yutong-zhu
http://www.zhihu.com/people/wang-lu-4-86
http://www.zhihu.com/people/luvair
http://www.zhihu.com/people/yang-jiang-he
http://www.zhihu.com/people/hynuza
http://www.zhihu.com/people/wendy-wang-4
http://www.zhihu.com/people/shuang-zhi
http://www.zhihu.com/people/williamho
http://www.zhihu.com/people/liujianwen
http://www.zhihu.com/people/wang-ding-ding
http://www.zhihu.com/people/chen-chao-9-71
http://www.zhihu.com/people/chang-kai-xin-85
http://www.zhihu.com/people/yaohsieh
http://www.zhihu.com/people/princeray
http://www.zhihu.com/people/jin-ling-21
http://www.zhihu.com/people/dlifes
http://www.zhihu.com/people/shuoliu
http://www.zhihu.com/people/gsq09
http://www.zhihu.com/people/zhang-yi-kang
http://www.zhihu.com/people/loveWZ
http://www.zhihu.com/people/summermer-53
http://www.zhihu.com/people/lan-yu-chong-shui
http://www.zhihu.com/people/huang-lu-meng
http://www.zhihu.com/people/lei-tian-yu
http://www.zhihu.com/people/duan-qian-90
http://www.zhihu.com/people/niuniu
http://www.zhihu.com/people/likang
http://www.zhihu.com/people/zhao-bu-xuan
http://www.zhihu.com/people/zhang-ting-ting-94
http://www.zhihu.com/people/an-qi-43
http://www.zhihu.com/people/mio-40
http://www.zhihu.com/people/yw-zhang
http://www.zhihu.com/people/lu-___-fei
http://www.zhihu.com/people/ma-da-sen
http://www.zhihu.com/people/sofia-96
http://www.zhihu.com/people/bigben
http://www.zhihu.com/people/steveren
http://www.zhihu.com/people/mondaylaugh
http://www.zhihu.com/people/Blue.Blue
http://www.zhihu.com/people/zhu-cheng-64
http://www.zhihu.com/people/qu-chong-dong
http://www.zhihu.com/people/mao-zhu-feng
http://www.zhihu.com/people/xiang-jin-xin
http://www.zhihu.com/people/Challenger800
http://www.zhihu.com/people/cheristorm
http://www.zhihu.com/people/audrey-14
http://www.zhihu.com/people/wang-ji-85
http://www.zhihu.com/people/janed
http://www.zhihu.com/people/imceobitch
http://www.zhihu.com/people/qingzi
http://www.zhihu.com/people/laura-2
http://www.zhihu.com/people/xu-guo-cheng
http://www.zhihu.com/people/paiyuen
http://www.zhihu.com/people/han-peng-qian
http://www.zhihu.com/people/han-yue-11-35
http://www.zhihu.com/people/kamyushing
http://www.zhihu.com/people/han-xin-yong
http://www.zhihu.com/people/gao-ya-xin
http://www.zhihu.com/people/xie-xiao-shuai
http://www.zhihu.com/people/ceng-di-53
http://www.zhihu.com/people/zhang-hua-chong
http://www.zhihu.com/people/zhong-yu-qi
http://www.zhihu.com/people/noobylord-bj
http://www.zhihu.com/people/hexiaobing
http://www.zhihu.com/people/li-ping-fan-39
http://www.zhihu.com/people/onething
http://www.zhihu.com/people/hao-de-zuo-qu-jia-tou
http://www.zhihu.com/people/clisun
http://www.zhihu.com/people/zhang-min-42
http://www.zhihu.com/people/wang-zhen-chao
http://www.zhihu.com/people/li-yan-76-62
http://www.zhihu.com/people/swanheart
http://www.zhihu.com/people/melody-chang
http://www.zhihu.com/people/guxizhao
http://www.zhihu.com/people/jingya
http://www.zhihu.com/people/chen-xiao-liu
http://www.zhihu.com/people/li-yong-hao
http://www.zhihu.com/people/shuang-wang
http://www.zhihu.com/people/xu-shao-hua
http://www.zhihu.com/people/auspicesaint
http://www.zhihu.com/people/hai-mo-mo-chi
http://www.zhihu.com/people/tumbler-75
http://www.zhihu.com/people/chen-jian-33-39
http://www.zhihu.com/people/zhang-hui-91-95
http://www.zhihu.com/people/abourne
http://www.zhihu.com/people/sun-jing-ya-35
http://www.zhihu.com/people/zhang-su-han
http://www.zhihu.com/people/huo-teng
http://www.zhihu.com/people/jason-law-40
http://www.zhihu.com/people/chen-san-dao
http://www.zhihu.com/people/thegreat
http://www.zhihu.com/people/qiyongwong
http://www.zhihu.com/people/tian-zhen-10
http://www.zhihu.com/people/taihuxiaobaoyu
http://www.zhihu.com/people/jiao-mu-jiao
http://www.zhihu.com/people/wang-ze-heng
http://www.zhihu.com/people/cheng-xun-tao
http://www.zhihu.com/people/yucca
http://www.zhihu.com/people/tcstar
http://www.zhihu.com/people/zengyingjia
http://www.zhihu.com/people/zelin
http://www.zhihu.com/people/alan-seven
http://www.zhihu.com/people/guai-shu-chi
http://www.zhihu.com/people/song-yuan-jia-77
http://www.zhihu.com/people/nie-wu-hui
http://www.zhihu.com/people/xinhu
http://www.zhihu.com/people/ji-ya-88
http://www.zhihu.com/people/bxbxbai
http://www.zhihu.com/people/youngki
http://www.zhihu.com/people/dake
http://www.zhihu.com/people/sosoloveslife
http://www.zhihu.com/people/huang-wei-yun
http://www.zhihu.com/people/qian-qian-qian-qian
http://www.zhihu.com/people/pu-yuan-64
http://www.zhihu.com/people/ywzgb
http://www.zhihu.com/people/moxi
http://www.zhihu.com/people/zhengrong
http://www.zhihu.com/people/jeanne-liu
http://www.zhihu.com/people/chloe666
http://www.zhihu.com/people/huang-yu-kun-49
http://www.zhihu.com/people/huma
http://www.zhihu.com/people/feng_gao
http://www.zhihu.com/people/zhao-zi-chu
http://www.zhihu.com/people/rainvoo
http://www.zhihu.com/people/zhang-xiao-guo-83
http://www.zhihu.com/people/cranks
http://www.zhihu.com/people/spark-45
http://www.zhihu.com/people/yang-cong-quan-man-tou
http://www.zhihu.com/people/Gosin
http://www.zhihu.com/people/wangfangyi
http://www.zhihu.com/people/luyannan
http://www.zhihu.com/people/hangzhi
http://www.zhihu.com/people/ilook
http://www.zhihu.com/people/han-xiao-kui-82
http://www.zhihu.com/people/zhang-lei-5-94
http://www.zhihu.com/people/liu-kun-62-90
http://www.zhihu.com/people/rancoo
http://www.zhihu.com/people/bai-da-bai
http://www.zhihu.com/people/kings-90
http://www.zhihu.com/people/zheng-jia-yu-63
http://www.zhihu.com/people/du-xiao-yu-70
http://www.zhihu.com/people/zhao-cai-a-zhuo
http://www.zhihu.com/people/panchito
http://www.zhihu.com/people/yi-mi-47
http://www.zhihu.com/people/zhang-wei-qiang-62
http://www.zhihu.com/people/zhong-dong-hong
http://www.zhihu.com/people/carrie-is-on
http://www.zhihu.com/people/anya-43
http://www.zhihu.com/people/wang-qiong-qiong
http://www.zhihu.com/people/huang-xiao-55
http://www.zhihu.com/people/xiao-mu-tou-49
http://www.zhihu.com/people/sundy-chao
http://www.zhihu.com/people/he-xiao-he-96
http://www.zhihu.com/people/fu-jia-qi
http://www.zhihu.com/people/notfall
http://www.zhihu.com/people/zhao-pei-heng
http://www.zhihu.com/people/ma-hao-55
http://www.zhihu.com/people/Tyenol_Cheung
http://www.zhihu.com/people/ma-dai-dai-11
http://www.zhihu.com/people/cavatou
http://www.zhihu.com/people/aaronwwf
http://www.zhihu.com/people/frances-14
http://www.zhihu.com/people/hola-59
http://www.zhihu.com/people/chentuanlier
http://www.zhihu.com/people/deedeebai
http://www.zhihu.com/people/bibo
http://www.zhihu.com/people/sniper53
http://www.zhihu.com/people/yu-hua-70
http://www.zhihu.com/people/bin-han
http://www.zhihu.com/people/wang-si-da
http://www.zhihu.com/people/yuyu-88
http://www.zhihu.com/people/sun-yi-ge
http://www.zhihu.com/people/lonvelykids
http://www.zhihu.com/people/liu-fang-72-7
http://www.zhihu.com/people/aurora-l
http://www.zhihu.com/people/cao-wei-39
http://www.zhihu.com/people/mu-kun
http://www.zhihu.com/people/654321
http://www.zhihu.com/people/zhang-dan-zhu
http://www.zhihu.com/people/fanziye
http://www.zhihu.com/people/goldegg
http://www.zhihu.com/people/shi-nan
http://www.zhihu.com/people/paradisor
http://www.zhihu.com/people/meishao
http://www.zhihu.com/people/liu-hong-cai
http://www.zhihu.com/people/choupiyang
http://www.zhihu.com/people/alanolory
http://www.zhihu.com/people/sagerastar
http://www.zhihu.com/people/naausica
http://www.zhihu.com/people/tongxiaobai
http://www.zhihu.com/people/Zita
http://www.zhihu.com/people/chengyuan
http://www.zhihu.com/people/a-du
http://www.zhihu.com/people/jackyxiong
http://www.zhihu.com/people/miao-li-42
http://www.zhihu.com/people/chenbailing
http://www.zhihu.com/people/liu-chen-26-38
http://www.zhihu.com/people/jiang-cong-32
http://www.zhihu.com/people/dina
http://www.zhihu.com/people/kommmmmt
http://www.zhihu.com/people/jixin
http://www.zhihu.com/people/astridz
http://www.zhihu.com/people/qiu-hong-zhou-ying
http://www.zhihu.com/people/guo-yu-chen-29
http://www.zhihu.com/people/shi-wei-shu
http://www.zhihu.com/people/phos
http://www.zhihu.com/people/cao-meng-di
http://www.zhihu.com/people/jing-xiao-liang
http://www.zhihu.com/people/zhan-ci
http://www.zhihu.com/people/ou-de-shi
http://www.zhihu.com/people/bi-you-72
http://www.zhihu.com/people/youko-you
http://www.zhihu.com/people/Chowei
http://www.zhihu.com/people/zhou-yuan-xiang
http://www.zhihu.com/people/yi-shu-27
http://www.zhihu.com/people/mo-yi-you
http://www.zhihu.com/people/zhu-xing-qiang
http://www.zhihu.com/people/zhang-ting-ting-3-51
http://www.zhihu.com/people/feng-chu-zhu
http://www.zhihu.com/people/qingjia
http://www.zhihu.com/people/tang-li-49
http://www.zhihu.com/people/hong-qian
http://www.zhihu.com/people/xie-xiao-ying-zi
http://www.zhihu.com/people/wang-yuan-66-5
http://www.zhihu.com/people/li-jia-jia-28
http://www.zhihu.com/people/qi-jun-zhu
http://www.zhihu.com/people/yang-yi-5-11
http://www.zhihu.com/people/neutrinozeng
http://www.zhihu.com/people/lin-bao-47
http://www.zhihu.com/people/jacobevermore
http://www.zhihu.com/people/shengzhiliang
http://www.zhihu.com/people/luoxr
http://www.zhihu.com/people/rainbowfish
http://www.zhihu.com/people/annedy
http://www.zhihu.com/people/yu-xing-en
http://www.zhihu.com/people/namiheike
http://www.zhihu.com/people/penny-x
http://www.zhihu.com/people/jin-chen-yu
http://www.zhihu.com/people/gymitat
http://www.zhihu.com/people/fu-er
http://www.zhihu.com/people/wu-kai-lun
http://www.zhihu.com/people/viking-51
http://www.zhihu.com/people/chen-chun-long
http://www.zhihu.com/people/cherrybomb
http://www.zhihu.com/people/fjjfjj
http://www.zhihu.com/people/wo-xiao-fei
http://www.zhihu.com/people/coca-colour
http://www.zhihu.com/people/lou-wei-22
http://www.zhihu.com/people/mmyww
http://www.zhihu.com/people/rexchen
http://www.zhihu.com/people/li-xiao-tong-3
http://www.zhihu.com/people/ding-yi-gong
http://www.zhihu.com/people/xurankuan
http://www.zhihu.com/people/liu-ding-97
http://www.zhihu.com/people/li-yi-sha
http://www.zhihu.com/people/xiahao
http://www.zhihu.com/people/li-peng-yu
http://www.zhihu.com/people/zhang-hao-22
http://www.zhihu.com/people/itsokok
http://www.zhihu.com/people/erbility
