http://www.zhihu.com/people/siegr
http://www.zhihu.com/people/shu-yun-36
http://www.zhihu.com/people/wang-xiao-guo-97
http://www.zhihu.com/people/yinwei
http://www.zhihu.com/people/thomas.zhou
http://www.zhihu.com/people/yang-cong-quan-man-tou
http://www.zhihu.com/people/huo-jing-lun
http://www.zhihu.com/people/qingganwan
http://www.zhihu.com/people/zuimai
http://www.zhihu.com/people/sunqingxin
http://www.zhihu.com/people/gui-sheng-74
http://www.zhihu.com/people/alex-68
http://www.zhihu.com/people/benson-chen
http://www.zhihu.com/people/jun-yi-14
http://www.zhihu.com/people/yang-xiao-hua-5
http://www.zhihu.com/people/zhu-feng-93
http://www.zhihu.com/people/lisanke
http://www.zhihu.com/people/civilwei
http://www.zhihu.com/people/neil-35-70
http://www.zhihu.com/people/zhu-li-jun
http://www.zhihu.com/people/tang-gang-87
http://www.zhihu.com/people/dong-hai-fei
http://www.zhihu.com/people/inferiorlove
http://www.zhihu.com/people/mai-ke-mike
http://www.zhihu.com/people/huang-guan-si
http://www.zhihu.com/people/linter
http://www.zhihu.com/people/lu-xiao-bai-89
http://www.zhihu.com/people/illusionaddict
http://www.zhihu.com/people/nontin
http://www.zhihu.com/people/si-zi-hang
http://www.zhihu.com/people/alitedesign
http://www.zhihu.com/people/wang-zhen-min
http://www.zhihu.com/people/zhu-yong-qian
http://www.zhihu.com/people/pianbei
http://www.zhihu.com/people/hua-tian-95
http://www.zhihu.com/people/wang-xiao-feng-73-62
http://www.zhihu.com/people/ayr1
http://www.zhihu.com/people/dogpan
http://www.zhihu.com/people/luoxr
http://www.zhihu.com/people/sheyingshi
http://www.zhihu.com/people/fang-yi-cheng-73
http://www.zhihu.com/people/peng-yi-dou
http://www.zhihu.com/people/1028
http://www.zhihu.com/people/hu-su-29
http://www.zhihu.com/people/he-pu-wei
http://www.zhihu.com/people/kui-en-64
http://www.zhihu.com/people/gerrardyang
http://www.zhihu.com/people/wujinzhi
http://www.zhihu.com/people/wang-xiao-he-50
http://www.zhihu.com/people/he-de-wen
http://www.zhihu.com/people/lu-hao-20
http://www.zhihu.com/people/dong-nan-86-55
http://www.zhihu.com/people/rendy
http://www.zhihu.com/people/wu-song-65
http://www.zhihu.com/people/xiao-an-52
http://www.zhihu.com/people/sui-xin-er-an
http://www.zhihu.com/people/tan-ri-tian
http://www.zhihu.com/people/love1980s
http://www.zhihu.com/people/mylove
http://www.zhihu.com/people/anna-5-88
http://www.zhihu.com/people/yang-lei-86
http://www.zhihu.com/people/he-fly
http://www.zhihu.com/people/edward-31-35
http://www.zhihu.com/people/chengyuwen
http://www.zhihu.com/people/feng-ming-chen
http://www.zhihu.com/people/gan-rui
http://www.zhihu.com/people/wang-zhao-yu-2
http://www.zhihu.com/people/he-yuan-sheng
http://www.zhihu.com/people/SeanParker
http://www.zhihu.com/people/da-xiang-69-30
http://www.zhihu.com/people/liang-yu-fan
http://www.zhihu.com/people/chenjianferrari
http://www.zhihu.com/people/summer2flower
http://www.zhihu.com/people/juanyong
http://www.zhihu.com/people/li-yifan-27
http://www.zhihu.com/people/joe-hero
http://www.zhihu.com/people/juwee
http://www.zhihu.com/people/tang-cai-lin-68
http://www.zhihu.com/people/steven-80
http://www.zhihu.com/people/liu-chan-yuan
http://www.zhihu.com/people/yang-su
http://www.zhihu.com/people/shui-xiao-xian
http://www.zhihu.com/people/nyanzhang
http://www.zhihu.com/people/pan-wen-bo-45
http://www.zhihu.com/people/JohnLou
http://www.zhihu.com/people/xiao-chu
http://www.zhihu.com/people/bai-yang-51-90
http://www.zhihu.com/people/steveten
http://www.zhihu.com/people/zhang-xiao-qian-94
http://www.zhihu.com/people/ma-bo-ping
http://www.zhihu.com/people/gao-gao-72
http://www.zhihu.com/people/a_kai
http://www.zhihu.com/people/iseesea
http://www.zhihu.com/people/NIQI
http://www.zhihu.com/people/ju-tao-46
http://www.zhihu.com/people/aehan-aehan
http://www.zhihu.com/people/rambler1122
http://www.zhihu.com/people/xie-dan-9
http://www.zhihu.com/people/watsonxu
http://www.zhihu.com/people/damaomao
http://www.zhihu.com/people/webanalytics
http://www.zhihu.com/people/yi-bao-bao-46
http://www.zhihu.com/people/tan-ding-shan
http://www.zhihu.com/people/rongyiren
http://www.zhihu.com/people/xie-wei-you
http://www.zhihu.com/people/chen-yao-qiang
http://www.zhihu.com/people/bai-hong-bin
http://www.zhihu.com/people/youliugui
http://www.zhihu.com/people/bing-mez
http://www.zhihu.com/people/william-16
http://www.zhihu.com/people/chinawords
http://www.zhihu.com/people/benjamin
http://www.zhihu.com/people/ferrysoon
http://www.zhihu.com/people/congyang
http://www.zhihu.com/people/chen-he-43-1
http://www.zhihu.com/people/baijason
http://www.zhihu.com/people/su-bao
http://www.zhihu.com/people/chen-qing-feng-81
http://www.zhihu.com/people/Super-Fish
http://www.zhihu.com/people/nndnnd
http://www.zhihu.com/people/li-shou-yin-89
http://www.zhihu.com/people/xu-shuo-fei
http://www.zhihu.com/people/nonodevil
http://www.zhihu.com/people/san-pi
http://www.zhihu.com/people/feamung
http://www.zhihu.com/people/cai-xin-79
http://www.zhihu.com/people/yan-qing-34
http://www.zhihu.com/people/ji-yan-lin
http://www.zhihu.com/people/sellsoda
http://www.zhihu.com/people/zhang-wei-10-7
http://www.zhihu.com/people/luo-sen-46
http://www.zhihu.com/people/zhu-shi-jie-6
http://www.zhihu.com/people/zhao-sheng-9
http://www.zhihu.com/people/shevchenko-57
http://www.zhihu.com/people/li-xiao-zhu-85-15
http://www.zhihu.com/people/xiao-sa-06-16
http://www.zhihu.com/people/zblshine1989
http://www.zhihu.com/people/gougoutou
http://www.zhihu.com/people/zhanghexiangcn
http://www.zhihu.com/people/lee-jj
http://www.zhihu.com/people/zhou-xing-xin
http://www.zhihu.com/people/shu-mu-mu
http://www.zhihu.com/people/teng-xin
http://www.zhihu.com/people/lu-yun-feng
http://www.zhihu.com/people/be-with-lele
http://www.zhihu.com/people/gaoshan
http://www.zhihu.com/people/programtic
http://www.zhihu.com/people/liu-xing-fei-zhu
http://www.zhihu.com/people/9889
http://www.zhihu.com/people/niao-niao-54
http://www.zhihu.com/people/zhu-re-2
http://www.zhihu.com/people/xxiu
http://www.zhihu.com/people/fan-jun-fei-70
http://www.zhihu.com/people/zhong-ye-zi-49
http://www.zhihu.com/people/tooyoung
http://www.zhihu.com/people/zhou-peng-9
http://www.zhihu.com/people/xiao-yi-yang
http://www.zhihu.com/people/iyucci
http://www.zhihu.com/people/yang-chen-70-99
http://www.zhihu.com/people/wang-fei-24
http://www.zhihu.com/people/sun-lin-9
http://www.zhihu.com/people/yi-cheng-58
http://www.zhihu.com/people/chen-shi-san-64
http://www.zhihu.com/people/shawnbai
http://www.zhihu.com/people/luoyyu
http://www.zhihu.com/people/wu-wen-kui
http://www.zhihu.com/people/lin-xiao-shu-83
http://www.zhihu.com/people/enic
http://www.zhihu.com/people/B-Mao-liu
http://www.zhihu.com/people/zhou-jia-peng-6
http://www.zhihu.com/people/ma-nong-64
http://www.zhihu.com/people/a-hun
http://www.zhihu.com/people/joybeh
http://www.zhihu.com/people/wang-___-bing
http://www.zhihu.com/people/zhaojiahong
http://www.zhihu.com/people/yao-hao-dong
http://www.zhihu.com/people/techoxygen
http://www.zhihu.com/people/sai-lan-de
http://www.zhihu.com/people/bingoyao
http://www.zhihu.com/people/tearod
http://www.zhihu.com/people/yaocoder
http://www.zhihu.com/people/jorlei
http://www.zhihu.com/people/huang-wen-6
http://www.zhihu.com/people/qmqy
http://www.zhihu.com/people/VasBrandon
http://www.zhihu.com/people/xoxo-1160
http://www.zhihu.com/people/xiang-xiao-wang
http://www.zhihu.com/people/kunee
http://www.zhihu.com/people/zhang-xuan-wei
http://www.zhihu.com/people/liu-teng-yuan
http://www.zhihu.com/people/zhang-yu-zhuo
http://www.zhihu.com/people/wang-wen-24
http://www.zhihu.com/people/yanqing
http://www.zhihu.com/people/EvaFlYs
http://www.zhihu.com/people/xiao-yi-21
http://www.zhihu.com/people/wang-guan-hua-85
http://www.zhihu.com/people/zhao-zi-quan
http://www.zhihu.com/people/wang-xiao-juan-92-12
http://www.zhihu.com/people/li-si-tong
http://www.zhihu.com/people/qing-feng-wu-ying-93
http://www.zhihu.com/people/roy-li
http://www.zhihu.com/people/fu-tian-yuan
http://www.zhihu.com/people/hou-fang-bin
http://www.zhihu.com/people/li-rui-qi-96
http://www.zhihu.com/people/lian-xiao-peng
http://www.zhihu.com/people/li-ya-wei-36
http://www.zhihu.com/people/aeonwang
http://www.zhihu.com/people/jansty
http://www.zhihu.com/people/hong-le-tian
http://www.zhihu.com/people/steven-lu-30
http://www.zhihu.com/people/liu-yi-62
http://www.zhihu.com/people/zi-you-de-feng
http://www.zhihu.com/people/jiggersong
http://www.zhihu.com/people/li-yang-55-83
http://www.zhihu.com/people/yan-er-jane
http://www.zhihu.com/people/liu-wen-92
http://www.zhihu.com/people/wang-huan-ran
http://www.zhihu.com/people/gpz-73
http://www.zhihu.com/people/li-wei-si-303
http://www.zhihu.com/people/chen-lin-23-5
http://www.zhihu.com/people/wei-qing-min
http://www.zhihu.com/people/zhang-dong-34
http://www.zhihu.com/people/lincoln-xie
http://www.zhihu.com/people/dong-mo-70
http://www.zhihu.com/people/piaoyishusheng
http://www.zhihu.com/people/qiaoxiansheng
http://www.zhihu.com/people/li-bei-go
http://www.zhihu.com/people/michael-54
http://www.zhihu.com/people/chenjacken
http://www.zhihu.com/people/waysnotes
http://www.zhihu.com/people/williamwoo
http://www.zhihu.com/people/san-83
http://www.zhihu.com/people/chen-hui-lin-91
http://www.zhihu.com/people/huachend
http://www.zhihu.com/people/zhang-kai-94
http://www.zhihu.com/people/kession
http://www.zhihu.com/people/brad-16
http://www.zhihu.com/people/xu-dan-dan-27
http://www.zhihu.com/people/dexterdeng
http://www.zhihu.com/people/liu-chen-26-38
http://www.zhihu.com/people/jin-xiao-ming
http://www.zhihu.com/people/malinlang
http://www.zhihu.com/people/liu-lian-26
http://www.zhihu.com/people/zhang-yi-gang
http://www.zhihu.com/people/Paitanapilahmima
http://www.zhihu.com/people/umifam
http://www.zhihu.com/people/tangshou101314
http://www.zhihu.com/people/seasonqu
http://www.zhihu.com/people/chun-sheng-9
http://www.zhihu.com/people/zhang-hao-yang-92
http://www.zhihu.com/people/luotaijia
http://www.zhihu.com/people/li-che-44
http://www.zhihu.com/people/zhou-en-bo
http://www.zhihu.com/people/ilook
http://www.zhihu.com/people/guo-hong-xiang
http://www.zhihu.com/people/andyliung
http://www.zhihu.com/people/meng-you-87
http://www.zhihu.com/people/PeterDeng
http://www.zhihu.com/people/li-ai-86
http://www.zhihu.com/people/sunjiafeng
http://www.zhihu.com/people/xu-ru-cun
http://www.zhihu.com/people/lichao
http://www.zhihu.com/people/cao-lin-nuo
http://www.zhihu.com/people/longway
http://www.zhihu.com/people/yang-xuan-78
http://www.zhihu.com/people/kurt-liu
http://www.zhihu.com/people/GilgameshK
http://www.zhihu.com/people/noise
http://www.zhihu.com/people/fan-he-40
http://www.zhihu.com/people/lijun122
http://www.zhihu.com/people/wu-li-jun-34
http://www.zhihu.com/people/huang-wei-12-62
http://www.zhihu.com/people/ripper-65
http://www.zhihu.com/people/davi-d
http://www.zhihu.com/people/casement-lee
http://www.zhihu.com/people/yang-jiang-he
http://www.zhihu.com/people/shenyou354
http://www.zhihu.com/people/zhu-xiao-wu-77
http://www.zhihu.com/people/wu-ze-92
http://www.zhihu.com/people/zhou-gui-xin
http://www.zhihu.com/people/luo-fei-yu
http://www.zhihu.com/people/pawaluopei
http://www.zhihu.com/people/jiang-rong-cheng
http://www.zhihu.com/people/chundonghu
http://www.zhihu.com/people/luke-wong-83
http://www.zhihu.com/people/ge-ge-wu
http://www.zhihu.com/people/zhoujunao
http://www.zhihu.com/people/zhang-yun-82
http://www.zhihu.com/people/hao-jing-55
http://www.zhihu.com/people/cao-yu-55-74
http://www.zhihu.com/people/gao-zi-xu
http://www.zhihu.com/people/sun-wu-kong-88
http://www.zhihu.com/people/frankli-28
http://www.zhihu.com/people/ellen-wong
http://www.zhihu.com/people/shao-peng-75
http://www.zhihu.com/people/zhengjunyue
http://www.zhihu.com/people/lai-zhu-43
http://www.zhihu.com/people/luobiying
http://www.zhihu.com/people/zahetang
http://www.zhihu.com/people/riyueyansi
http://www.zhihu.com/people/ge-hui
http://www.zhihu.com/people/ma-rui-20-49
http://www.zhihu.com/people/ceng-yi-84
http://www.zhihu.com/people/li-jian-29-94
http://www.zhihu.com/people/soluna
http://www.zhihu.com/people/dan-xiao-yu-86
http://www.zhihu.com/people/lin-ji-xin
http://www.zhihu.com/people/chen-xiao-shao
http://www.zhihu.com/people/fang-hao-9
http://www.zhihu.com/people/xiao-wen-30
http://www.zhihu.com/people/dong-mu-43
http://www.zhihu.com/people/alibaba
http://www.zhihu.com/people/leng-xi-xi
http://www.zhihu.com/people/cao-zheng
http://www.zhihu.com/people/danielwu89
http://www.zhihu.com/people/xie-nan-53
http://www.zhihu.com/people/chen-jing-83-24
http://www.zhihu.com/people/winjoy1990
http://www.zhihu.com/people/li-hua-ting
http://www.zhihu.com/people/garhom
http://www.zhihu.com/people/xiao-zhuo-79
http://www.zhihu.com/people/nana-88
http://www.zhihu.com/people/zhou-jian-rui
http://www.zhihu.com/people/ling-xiao-27
http://www.zhihu.com/people/kevind
http://www.zhihu.com/people/wooden
http://www.zhihu.com/people/yshone
http://www.zhihu.com/people/jude-27-34
http://www.zhihu.com/people/liangxing
http://www.zhihu.com/people/nan-fang-86
http://www.zhihu.com/people/peterlu
http://www.zhihu.com/people/julystory
http://www.zhihu.com/people/topku
http://www.zhihu.com/people/li-quan-97
http://www.zhihu.com/people/xinminger
http://www.zhihu.com/people/bywwss
http://www.zhihu.com/people/sun-chang-he
http://www.zhihu.com/people/5566
http://www.zhihu.com/people/fanxiaojie
http://www.zhihu.com/people/cai-xi-xi
http://www.zhihu.com/people/ruan-wen-jun
http://www.zhihu.com/people/huang-hong-bin-2
http://www.zhihu.com/people/effiy
http://www.zhihu.com/people/tian-xiao-ye-52
http://www.zhihu.com/people/wayneshiong
http://www.zhihu.com/people/hu-yi-dong
http://www.zhihu.com/people/iwang
http://www.zhihu.com/people/zi-yi
http://www.zhihu.com/people/peng-shan
http://www.zhihu.com/people/xing-zhi-wei
http://www.zhihu.com/people/charmgene
http://www.zhihu.com/people/zhan-yan-hao
http://www.zhihu.com/people/thourgh
http://www.zhihu.com/people/googlesky
http://www.zhihu.com/people/zhangxvliang
http://www.zhihu.com/people/xi-zhu-qing
http://www.zhihu.com/people/wang-jia-xue
http://www.zhihu.com/people/aerotian
http://www.zhihu.com/people/geli
http://www.zhihu.com/people/liyang
http://www.zhihu.com/people/oxford3891
http://www.zhihu.com/people/xingshuo
http://www.zhihu.com/people/quiclink
http://www.zhihu.com/people/jackyzjx
http://www.zhihu.com/people/davis
http://www.zhihu.com/people/hu-dong-hai
http://www.zhihu.com/people/feng-hai-chao
http://www.zhihu.com/people/guang-qian-yuan
http://www.zhihu.com/people/zengfanqin
http://www.zhihu.com/people/chenzhenbo
http://www.zhihu.com/people/yin-ping-92
http://www.zhihu.com/people/bai-xue-29
http://www.zhihu.com/people/gaohaining
http://www.zhihu.com/people/qi-yue-xiu-xiu
http://www.zhihu.com/people/vipjqy
http://www.zhihu.com/people/bingege
http://www.zhihu.com/people/airwolf2026
http://www.zhihu.com/people/yangmao
http://www.zhihu.com/people/seanlmm
http://www.zhihu.com/people/alex
http://www.zhihu.com/people/iGuang
http://www.zhihu.com/people/luo-liang
http://www.zhihu.com/people/GavinQi
http://www.zhihu.com/people/qi-ming-ke
http://www.zhihu.com/people/zuo-zhi-jian
http://www.zhihu.com/people/wmichelle
http://www.zhihu.com/people/cai-yuan-pei
http://www.zhihu.com/people/he-yue-feng-32
http://www.zhihu.com/people/wang-yi-ke-7
http://www.zhihu.com/people/graysky
http://www.zhihu.com/people/sanjing
http://www.zhihu.com/people/dai-hou-shuang
http://www.zhihu.com/people/qiyongwong
http://www.zhihu.com/people/chenran
http://www.zhihu.com/people/ma-ke-14
http://www.zhihu.com/people/K-none
http://www.zhihu.com/people/knightshady
http://www.zhihu.com/people/ceng-ya
http://www.zhihu.com/people/wangtiancheng
http://www.zhihu.com/people/smartweb
http://www.zhihu.com/people/ninjacn
http://www.zhihu.com/people/liang-yong-hao
http://www.zhihu.com/people/waiwai
http://www.zhihu.com/people/climber
http://www.zhihu.com/people/laomian
http://www.zhihu.com/people/cuizhanya
http://www.zhihu.com/people/dowell
http://www.zhihu.com/people/yangtiecheng
http://www.zhihu.com/people/zhen14
http://www.zhihu.com/people/tanyaup
http://www.zhihu.com/people/1750
http://www.zhihu.com/people/mandaren
http://www.zhihu.com/people/cosmo-dark
http://www.zhihu.com/people/cheng-zeng-cun
http://www.zhihu.com/people/chen-fu-48
http://www.zhihu.com/people/peiyang1895
http://www.zhihu.com/people/hao-shuang
http://www.zhihu.com/people/novaiv
http://www.zhihu.com/people/nhsoft
http://www.zhihu.com/people/inaugust
http://www.zhihu.com/people/liuyingbo
http://www.zhihu.com/people/tcl007
http://www.zhihu.com/people/shi-ya-18
http://www.zhihu.com/people/winiex
http://www.zhihu.com/people/wei-zhi-cheng
http://www.zhihu.com/people/kering
http://www.zhihu.com/people/chen-yu-97-2
http://www.zhihu.com/people/dyno
http://www.zhihu.com/people/williamke
http://www.zhihu.com/people/li-peng-3-19
http://www.zhihu.com/people/cao-rui-zhi
http://www.zhihu.com/people/chen-75
http://www.zhihu.com/people/nswez
http://www.zhihu.com/people/liang-peng-cheng-70
http://www.zhihu.com/people/yu-hao-hai
http://www.zhihu.com/people/xiefaner
http://www.zhihu.com/people/qiao-shao-hua-98
http://www.zhihu.com/people/wu-wei-96-47
http://www.zhihu.com/people/elichang
http://www.zhihu.com/people/liu-zhi-guo-4
http://www.zhihu.com/people/ceng-tong
http://www.zhihu.com/people/liulubin
http://www.zhihu.com/people/sun-xiao-cong-10
http://www.zhihu.com/people/positive52energy
http://www.zhihu.com/people/dawei101
http://www.zhihu.com/people/hlhl
http://www.zhihu.com/people/StudentofRiemann
http://www.zhihu.com/people/chen-lei-30-97
http://www.zhihu.com/people/li-yue-zhao
http://www.zhihu.com/people/zhu-yu-wei-45
http://www.zhihu.com/people/hu-xiao-yan
http://www.zhihu.com/people/haungjianli
http://www.zhihu.com/people/yangkunbu
http://www.zhihu.com/people/wei-lei-32
http://www.zhihu.com/people/tu-tu-chuan
http://www.zhihu.com/people/zhu-ping-63
http://www.zhihu.com/people/lin-yu-peng
http://www.zhihu.com/people/tovibox
http://www.zhihu.com/people/qian-jin-13
http://www.zhihu.com/people/lina-lee
http://www.zhihu.com/people/bowenbitch
http://www.zhihu.com/people/qun-zhi
http://www.zhihu.com/people/xulinfeng
http://www.zhihu.com/people/guo-jian-hang
http://www.zhihu.com/people/han-jun-35
http://www.zhihu.com/people/superwyh
http://www.zhihu.com/people/charles-50
http://www.zhihu.com/people/chenxi
http://www.zhihu.com/people/ihuabing
http://www.zhihu.com/people/keomars
http://www.zhihu.com/people/xiakai
http://www.zhihu.com/people/liu-jie-74
http://www.zhihu.com/people/tang-ming-21
http://www.zhihu.com/people/liu-lang-11
http://www.zhihu.com/people/zheng-xiao-xiao-2
http://www.zhihu.com/people/li-jun-jiao-72
http://www.zhihu.com/people/wangnannan
http://www.zhihu.com/people/zhang-he-jun
http://www.zhihu.com/people/liao-chun-17
http://www.zhihu.com/people/ti-ti-68-21
http://www.zhihu.com/people/zhang-xin-bai-he
http://www.zhihu.com/people/a-li-daniel
http://www.zhihu.com/people/li-zheng-dao
http://www.zhihu.com/people/netsos
http://www.zhihu.com/people/han-xiao-guang
http://www.zhihu.com/people/zhang-han-42
http://www.zhihu.com/people/liu-cong
http://www.zhihu.com/people/mahongwei
http://www.zhihu.com/people/haiger-25
http://www.zhihu.com/people/cuniao
http://www.zhihu.com/people/rare
http://www.zhihu.com/people/cui-kai-45
http://www.zhihu.com/people/jarod-zhang
http://www.zhihu.com/people/zhu-da-xin
http://www.zhihu.com/people/neo-70
http://www.zhihu.com/people/zhang-fei-4-22
http://www.zhihu.com/people/xin-cai-fu-ren-lao-shi
http://www.zhihu.com/people/habenhe
http://www.zhihu.com/people/fu-ling-jian
http://www.zhihu.com/people/mo-bing-quan
http://www.zhihu.com/people/qi-xiao-qikennyqi
http://www.zhihu.com/people/replanting
http://www.zhihu.com/people/busijiugui
http://www.zhihu.com/people/shirley-1
http://www.zhihu.com/people/bob.wang
http://www.zhihu.com/people/chuenlungwang
http://www.zhihu.com/people/ningba
http://www.zhihu.com/people/wu-xiao-mo
http://www.zhihu.com/people/peterpeng-64
http://www.zhihu.com/people/zhu-jun-qiang
http://www.zhihu.com/people/shareskill.com.cn
http://www.zhihu.com/people/libifu
http://www.zhihu.com/people/zhanghe
http://www.zhihu.com/people/blade001
http://www.zhihu.com/people/kcwh
http://www.zhihu.com/people/zhangyiland
http://www.zhihu.com/people/izouying
http://www.zhihu.com/people/wenwei
http://www.zhihu.com/people/mo0o0fsjmf0icbi
http://www.zhihu.com/people/GTK
http://www.zhihu.com/people/li-shui
http://www.zhihu.com/people/anyan
http://www.zhihu.com/people/yin-zheng-jun
http://www.zhihu.com/people/zhang-dong-jian
http://www.zhihu.com/people/iGeekboy
http://www.zhihu.com/people/slash12
http://www.zhihu.com/people/xuhao14
http://www.zhihu.com/people/360Solomo
http://www.zhihu.com/people/luo-biao
http://www.zhihu.com/people/wang-zu-shan
http://www.zhihu.com/people/lihua
http://www.zhihu.com/people/xu-si-wei
http://www.zhihu.com/people/loujianwen
http://www.zhihu.com/people/liuchang80
http://www.zhihu.com/people/imxiaofeng
http://www.zhihu.com/people/hexiaobo
http://www.zhihu.com/people/zhang-wei-92-14
http://www.zhihu.com/people/wen-wen-ri
http://www.zhihu.com/people/zhangjixiang
http://www.zhihu.com/people/cklover
http://www.zhihu.com/people/beatbox
http://www.zhihu.com/people/bonizai
http://www.zhihu.com/people/skyxqc
http://www.zhihu.com/people/libo
http://www.zhihu.com/people/li-lu-69
http://www.zhihu.com/people/raymond-wang
http://www.zhihu.com/people/wang-wen-dong-99
http://www.zhihu.com/people/stoner
http://www.zhihu.com/people/maran630
http://www.zhihu.com/people/bu-jiu
http://www.zhihu.com/people/zong-zhao-dun
http://www.zhihu.com/people/caoyangz
http://www.zhihu.com/people/limingshun
http://www.zhihu.com/people/bachelor99
http://www.zhihu.com/people/miao-zhong-yu
http://www.zhihu.com/people/crystaldagger
http://www.zhihu.com/people/cricket
http://www.zhihu.com/people/san-yang-68
http://www.zhihu.com/people/hnfish
http://www.zhihu.com/people/sun-fei-44
http://www.zhihu.com/people/lolocho
http://www.zhihu.com/people/helloben
http://www.zhihu.com/people/wang-zhu-15
http://www.zhihu.com/people/yi-zhou-27
http://www.zhihu.com/people/edmundzw
http://www.zhihu.com/people/binzhe
http://www.zhihu.com/people/liu-ya-fei
http://www.zhihu.com/people/silentmost
http://www.zhihu.com/people/liu-chuan-jin
http://www.zhihu.com/people/li-da-ming-10
http://www.zhihu.com/people/amore721
http://www.zhihu.com/people/david-tam
http://www.zhihu.com/people/yuan-xiong
http://www.zhihu.com/people/zhang-yu-liang
http://www.zhihu.com/people/zhang-zhi-lin
http://www.zhihu.com/people/zhi-jun-2
http://www.zhihu.com/people/li-long-66
http://www.zhihu.com/people/xiang-xiao-lin
http://www.zhihu.com/people/yan-shi-51
http://www.zhihu.com/people/shi-dou
http://www.zhihu.com/people/talkdao
http://www.zhihu.com/people/lizitony
http://www.zhihu.com/people/lin-bin-61
http://www.zhihu.com/people/hao-zhe-36
http://www.zhihu.com/people/zhang-lei-hao
http://www.zhihu.com/people/you-hui-li
http://www.zhihu.com/people/zslvictor
http://www.zhihu.com/people/peanut
http://www.zhihu.com/people/wang-liang-59
http://www.zhihu.com/people/delete252
http://www.zhihu.com/people/li-bo-49
http://www.zhihu.com/people/yuan-erer
http://www.zhihu.com/people/laofuwang
http://www.zhihu.com/people/xiaoyuyan
http://www.zhihu.com/people/xia-qing-71
http://www.zhihu.com/people/wangnolan
http://www.zhihu.com/people/xiao-lan-bob
http://www.zhihu.com/people/tang-mi-54
http://www.zhihu.com/people/huang-shao-tao
http://www.zhihu.com/people/li-ye-gen
http://www.zhihu.com/people/fz77
http://www.zhihu.com/people/caozhen
http://www.zhihu.com/people/neil-22
http://www.zhihu.com/people/e-beetle
http://www.zhihu.com/people/deng-hao-34
http://www.zhihu.com/people/huang-shui-mu
http://www.zhihu.com/people/hejinchi
http://www.zhihu.com/people/tina-lee
http://www.zhihu.com/people/he-chang-ren
http://www.zhihu.com/people/niujiachen
http://www.zhihu.com/people/qu-qiang-19
http://www.zhihu.com/people/wangeguo
http://www.zhihu.com/people/wu-xian-chen
http://www.zhihu.com/people/oigs
http://www.zhihu.com/people/terse-prome
http://www.zhihu.com/people/wu-xin-wang
http://www.zhihu.com/people/henrylord
http://www.zhihu.com/people/Ophelia_L
http://www.zhihu.com/people/zhao-jian-xin
http://www.zhihu.com/people/zha5
http://www.zhihu.com/people/tian-ya-80
http://www.zhihu.com/people/chen-yun-70
http://www.zhihu.com/people/zhibin
http://www.zhihu.com/people/huang-peng-xiao
http://www.zhihu.com/people/lin-han-10
http://www.zhihu.com/people/zhihuun
http://www.zhihu.com/people/lu-xin-zhi
http://www.zhihu.com/people/emiledai
http://www.zhihu.com/people/sha-peng
http://www.zhihu.com/people/dreamcog
http://www.zhihu.com/people/fan-wen-64
http://www.zhihu.com/people/jiang-jun-65
http://www.zhihu.com/people/pointo
http://www.zhihu.com/people/4600767
http://www.zhihu.com/people/loadingxxxxx
http://www.zhihu.com/people/fukuan
http://www.zhihu.com/people/li-wan
http://www.zhihu.com/people/HippoMatrix
http://www.zhihu.com/people/zhu-hui-lai
http://www.zhihu.com/people/bluedrum
http://www.zhihu.com/people/li-song-71
http://www.zhihu.com/people/li-bin-45
http://www.zhihu.com/people/jia-zheng-13
http://www.zhihu.com/people/wang-jie-92-52
http://www.zhihu.com/people/xuxiaowei
http://www.zhihu.com/people/reneeyang
http://www.zhihu.com/people/guozeqian
http://www.zhihu.com/people/chanlderbing
http://www.zhihu.com/people/he-kun
http://www.zhihu.com/people/ming-shu-liang
http://www.zhihu.com/people/zhao-wei-ya
http://www.zhihu.com/people/gumyam
http://www.zhihu.com/people/ruo-mu-5
http://www.zhihu.com/people/noe132
http://www.zhihu.com/people/hao-bing
http://www.zhihu.com/people/xiao-yao-20
http://www.zhihu.com/people/li-shuang-jiang
http://www.zhihu.com/people/zheng-xiao-ming-85
http://www.zhihu.com/people/li-hui-63-17
http://www.zhihu.com/people/goal_lawyer
http://www.zhihu.com/people/leeying
http://www.zhihu.com/people/wry1205
http://www.zhihu.com/people/zhang-wen-yu
http://www.zhihu.com/people/wang-jing-72
http://www.zhihu.com/people/zhang-zhong-hui
http://www.zhihu.com/people/wang-kun-cheng
http://www.zhihu.com/people/dayanyanyan
http://www.zhihu.com/people/li-jun-xiang
http://www.zhihu.com/people/dong-feng-cui
http://www.zhihu.com/people/gukr001
http://www.zhihu.com/people/shiping
http://www.zhihu.com/people/lao-meng
http://www.zhihu.com/people/li-nan-77
http://www.zhihu.com/people/xin-wei-50
http://www.zhihu.com/people/cheng-qing-hao
http://www.zhihu.com/people/liuxunsimida
http://www.zhihu.com/people/agentzero
http://www.zhihu.com/people/yonzhang
http://www.zhihu.com/people/dawenci
http://www.zhihu.com/people/shen-yue
http://www.zhihu.com/people/jiayong
http://www.zhihu.com/people/masaki
http://www.zhihu.com/people/ryokokoro
http://www.zhihu.com/people/lou-da-jing
http://www.zhihu.com/people/shu-yan-73
http://www.zhihu.com/people/wang-bochao
http://www.zhihu.com/people/alvin-yao
http://www.zhihu.com/people/liu-shou-ye
http://www.zhihu.com/people/houhuan1006
http://www.zhihu.com/people/jony
http://www.zhihu.com/people/stevetinne
http://www.zhihu.com/people/zhang-tao-9-22
http://www.zhihu.com/people/qin-chuan-92
http://www.zhihu.com/people/tengyong
http://www.zhihu.com/people/mr-zhang
http://www.zhihu.com/people/wang-long-88
http://www.zhihu.com/people/luokan
http://www.zhihu.com/people/liu-zhi-chao
http://www.zhihu.com/people/yu-xin-xing
http://www.zhihu.com/people/cai-qi-75
http://www.zhihu.com/people/wang-yong-xiang
http://www.zhihu.com/people/devilazy
http://www.zhihu.com/people/su-hui-54
http://www.zhihu.com/people/leepengbo
http://www.zhihu.com/people/xie-jia-di
http://www.zhihu.com/people/guo-ting-xiang
http://www.zhihu.com/people/simmy
http://www.zhihu.com/people/li-xiao-yi-64
http://www.zhihu.com/people/liu-yun-tao
http://www.zhihu.com/people/Deng_wei
http://www.zhihu.com/people/lu-hua-hai
http://www.zhihu.com/people/li-pei-zhe
http://www.zhihu.com/people/stevenhubin
http://www.zhihu.com/people/wang-zhi-feng-22
http://www.zhihu.com/people/huangjianqiao
http://www.zhihu.com/people/liuxin
http://www.zhihu.com/people/idomains
http://www.zhihu.com/people/wang-sheng-9
http://www.zhihu.com/people/zhang-ji-airforce
http://www.zhihu.com/people/dong-chun-peng
http://www.zhihu.com/people/ROBINHE
http://www.zhihu.com/people/li-jin-gang
http://www.zhihu.com/people/wu-xu-feng-67
http://www.zhihu.com/people/yangyuehao1616
http://www.zhihu.com/people/rong-yao
http://www.zhihu.com/people/vanvanyou
http://www.zhihu.com/people/zhou-ying-47
http://www.zhihu.com/people/you-yang-guang-de-zao-chen
http://www.zhihu.com/people/leojiang
http://www.zhihu.com/people/liuzhibin
http://www.zhihu.com/people/qu-zhuo
http://www.zhihu.com/people/liu-fang-50
http://www.zhihu.com/people/ke-li-si-92
http://www.zhihu.com/people/zaiyiqi
http://www.zhihu.com/people/xiao-sang
http://www.zhihu.com/people/jiaoxiuguang
http://www.zhihu.com/people/zhang-yun-zhi
http://www.zhihu.com/people/chen-di-71
http://www.zhihu.com/people/zhou-ping-62
http://www.zhihu.com/people/keyearth
http://www.zhihu.com/people/ying-wang-hua
http://www.zhihu.com/people/yukimdom
http://www.zhihu.com/people/ma-tian-yi
http://www.zhihu.com/people/huang-xiao-yue
http://www.zhihu.com/people/Tony.Chung
http://www.zhihu.com/people/laiwang
http://www.zhihu.com/people/raine-88
http://www.zhihu.com/people/wangpengyun
http://www.zhihu.com/people/wan-qing-56
http://www.zhihu.com/people/chongmu
http://www.zhihu.com/people/smithing
http://www.zhihu.com/people/allan-sun
http://www.zhihu.com/people/li-yang0623
http://www.zhihu.com/people/ding-ding-zhang
http://www.zhihu.com/people/jerry_hut
http://www.zhihu.com/people/hu-qin-chang
http://www.zhihu.com/people/wu-wu-yun
http://www.zhihu.com/people/qi-ying
http://www.zhihu.com/people/kum-47
http://www.zhihu.com/people/yafei236
http://www.zhihu.com/people/candylin319
http://www.zhihu.com/people/aceprince
http://www.zhihu.com/people/jession1989
http://www.zhihu.com/people/JeOam
http://www.zhihu.com/people/zong-hua
http://www.zhihu.com/people/guass612
http://www.zhihu.com/people/lu-yi-68
http://www.zhihu.com/people/li-tao-55
http://www.zhihu.com/people/dqange
http://www.zhihu.com/people/shu-ye-8
http://www.zhihu.com/people/sanxingju
http://www.zhihu.com/people/hzshen
http://www.zhihu.com/people/wang-ming-yang-15
http://www.zhihu.com/people/daniel26
http://www.zhihu.com/people/li-zhan
http://www.zhihu.com/people/calvin-niu
http://www.zhihu.com/people/zhang-ming-ming-47
http://www.zhihu.com/people/imwangshuai
http://www.zhihu.com/people/wangyihong
http://www.zhihu.com/people/leonlee
http://www.zhihu.com/people/mei-dong-64
http://www.zhihu.com/people/backerli
http://www.zhihu.com/people/zhang-cheng-zhi
http://www.zhihu.com/people/jack-59
http://www.zhihu.com/people/yan-dan-ling
http://www.zhihu.com/people/billhan
http://www.zhihu.com/people/Kalvin.Tse
http://www.zhihu.com/people/guan-wen-ming
http://www.zhihu.com/people/hetaojun
http://www.zhihu.com/people/wang-jin-tai
http://www.zhihu.com/people/MrZhang
http://www.zhihu.com/people/tan-zheng-zhong
http://www.zhihu.com/people/suigewu
http://www.zhihu.com/people/liu-hao-7
http://www.zhihu.com/people/xi-yun-49
http://www.zhihu.com/people/wen-sheng-yu
http://www.zhihu.com/people/hangyu
http://www.zhihu.com/people/odfi
http://www.zhihu.com/people/zhengcy
http://www.zhihu.com/people/zhangjianbo
http://www.zhihu.com/people/mency89
http://www.zhihu.com/people/shifu
http://www.zhihu.com/people/jinkang
http://www.zhihu.com/people/zhou-li-peng
http://www.zhihu.com/people/htchance
http://www.zhihu.com/people/cinemaparadiso
http://www.zhihu.com/people/zhang-quan-14
http://www.zhihu.com/people/cheng-xiao-wei
http://www.zhihu.com/people/li-bin-9-36
http://www.zhihu.com/people/gu-yue-36
http://www.zhihu.com/people/zhang-cong-he-27
http://www.zhihu.com/people/yang-hong-kai
http://www.zhihu.com/people/linsf
http://www.zhihu.com/people/tanxu
http://www.zhihu.com/people/xing-xiao-long
http://www.zhihu.com/people/zhang-you-quan
http://www.zhihu.com/people/lzxiaoning
http://www.zhihu.com/people/smell
http://www.zhihu.com/people/gedane
http://www.zhihu.com/people/chen-mo-51
http://www.zhihu.com/people/weiyunlei
http://www.zhihu.com/people/liuyetian
http://www.zhihu.com/people/fifthworld
http://www.zhihu.com/people/feng-yu-yi
http://www.zhihu.com/people/Porridge-watermelon
http://www.zhihu.com/people/xuyi2011
http://www.zhihu.com/people/wangzhen-live
http://www.zhihu.com/people/wang-wei-60-55
http://www.zhihu.com/people/tang-xiao-feng
http://www.zhihu.com/people/pyhaohao
http://www.zhihu.com/people/pcfool
http://www.zhihu.com/people/chenyixun
http://www.zhihu.com/people/hou-jing-qian
http://www.zhihu.com/people/parseeci
http://www.zhihu.com/people/laoteng
http://www.zhihu.com/people/samuelchen
http://www.zhihu.com/people/zhou-wei-70
http://www.zhihu.com/people/williaminside
http://www.zhihu.com/people/jameswood
http://www.zhihu.com/people/li-yue-cheng
http://www.zhihu.com/people/peng-an-qi-48
http://www.zhihu.com/people/BizModel
http://www.zhihu.com/people/qiu-feng
http://www.zhihu.com/people/noni
http://www.zhihu.com/people/guqin
http://www.zhihu.com/people/wang-li-bing
http://www.zhihu.com/people/dqaria
http://www.zhihu.com/people/diego1990
http://www.zhihu.com/people/sujie
http://www.zhihu.com/people/kouxin
http://www.zhihu.com/people/ma-yun-zheng
http://www.zhihu.com/people/lu-jun-7-67
http://www.zhihu.com/people/alex-wang-39
http://www.zhihu.com/people/chougu
http://www.zhihu.com/people/fan-jin-lie
http://www.zhihu.com/people/li-bo-82
http://www.zhihu.com/people/zourui55
http://www.zhihu.com/people/xiang-nan-de-xi-gua
http://www.zhihu.com/people/rajowang
http://www.zhihu.com/people/yiban-zhan-shi
http://www.zhihu.com/people/lomo90
http://www.zhihu.com/people/zhangpengju
http://www.zhihu.com/people/joe-fang
http://www.zhihu.com/people/xianpengliu
http://www.zhihu.com/people/shen-yang
http://www.zhihu.com/people/libragt
http://www.zhihu.com/people/zhang-yu-yang-32
http://www.zhihu.com/people/idance
http://www.zhihu.com/people/hong-chuan
http://www.zhihu.com/people/blackcat
http://www.zhihu.com/people/goldegg
http://www.zhihu.com/people/liu-fei-27
http://www.zhihu.com/people/mihua
http://www.zhihu.com/people/qian-yuan-xin
http://www.zhihu.com/people/jiang-xiao-xian-94
http://www.zhihu.com/people/camelduck
http://www.zhihu.com/people/li-yao-hua
http://www.zhihu.com/people/wei-ke-duo
http://www.zhihu.com/people/zhang-yi-43
http://www.zhihu.com/people/peixiaolei
http://www.zhihu.com/people/wang-jian-68
http://www.zhihu.com/people/chen-yu-68
http://www.zhihu.com/people/wolf_wu
http://www.zhihu.com/people/nutz
http://www.zhihu.com/people/li-bao-liang
http://www.zhihu.com/people/wemarketing
http://www.zhihu.com/people/huangquanneng
http://www.zhihu.com/people/niu-he-qing
http://www.zhihu.com/people/wang-cheng-he
http://www.zhihu.com/people/xinvi
http://www.zhihu.com/people/wuyangbing
http://www.zhihu.com/people/huangbq
http://www.zhihu.com/people/zhang-yan-19
http://www.zhihu.com/people/alexmyth
http://www.zhihu.com/people/zhou-zhen-yu
http://www.zhihu.com/people/tingfeng
http://www.zhihu.com/people/bhshang
http://www.zhihu.com/people/244087104
http://www.zhihu.com/people/jiangf
http://www.zhihu.com/people/huang-peng-38
http://www.zhihu.com/people/zhang-liang-feng
http://www.zhihu.com/people/esazx
http://www.zhihu.com/people/charlie
http://www.zhihu.com/people/zimyin
http://www.zhihu.com/people/zhima
http://www.zhihu.com/people/Irvine
http://www.zhihu.com/people/wang-hao-69
http://www.zhihu.com/people/wanghaihe
http://www.zhihu.com/people/vicguo
http://www.zhihu.com/people/flfljh
http://www.zhihu.com/people/ma-hua-40
http://www.zhihu.com/people/szliyh
http://www.zhihu.com/people/bluewitch
http://www.zhihu.com/people/zhuang-da-min
http://www.zhihu.com/people/wang-ai-ai
http://www.zhihu.com/people/luoshenyang
http://www.zhihu.com/people/anothercloz
http://www.zhihu.com/people/maxwell025
http://www.zhihu.com/people/luan-lai
http://www.zhihu.com/people/xuyufeng
http://www.zhihu.com/people/mymiss
http://www.zhihu.com/people/KylinSoo
http://www.zhihu.com/people/hao-zhi-bing
http://www.zhihu.com/people/li-ying-zhen
http://www.zhihu.com/people/huisjames
http://www.zhihu.com/people/yu-ren-ming
http://www.zhihu.com/people/wang-xin-37-37
http://www.zhihu.com/people/zhao-qiang-46
http://www.zhihu.com/people/yang-mou-peng
http://www.zhihu.com/people/wang-jun-jun
http://www.zhihu.com/people/yangshuai
http://www.zhihu.com/people/ambrosio
http://www.zhihu.com/people/dong-feng-chi
http://www.zhihu.com/people/zhao-fei-long
http://www.zhihu.com/people/zhaomai
http://www.zhihu.com/people/adongdong
http://www.zhihu.com/people/goal2scool
http://www.zhihu.com/people/lao-bai
http://www.zhihu.com/people/zhangqinglai
http://www.zhihu.com/people/lei-wen-zhuo
http://www.zhihu.com/people/terryzhang
http://www.zhihu.com/people/happiness
http://www.zhihu.com/people/Crown
http://www.zhihu.com/people/receo
http://www.zhihu.com/people/chen-yan-zhao
http://www.zhihu.com/people/Albert_Huang
http://www.zhihu.com/people/gongliyi
http://www.zhihu.com/people/d9wing
http://www.zhihu.com/people/takeyouoneto
http://www.zhihu.com/people/zhangxinxu
http://www.zhihu.com/people/hexudong
http://www.zhihu.com/people/liu-ao-yu
http://www.zhihu.com/people/lei-fang
http://www.zhihu.com/people/ma-dong-sheng
http://www.zhihu.com/people/sui-xiang
http://www.zhihu.com/people/imnotceo
http://www.zhihu.com/people/deng-jue
http://www.zhihu.com/people/zhaobo
http://www.zhihu.com/people/xiaoqing80s
http://www.zhihu.com/people/guo-yue
http://www.zhihu.com/people/lu-sen
http://www.zhihu.com/people/wangminghui
http://www.zhihu.com/people/luyin
http://www.zhihu.com/people/futrace
http://www.zhihu.com/people/regulous
http://www.zhihu.com/people/li-yang-7-27
http://www.zhihu.com/people/yahuo
http://www.zhihu.com/people/pyang
http://www.zhihu.com/people/highend
http://www.zhihu.com/people/xiao-shan-12
http://www.zhihu.com/people/alonzotang
http://www.zhihu.com/people/haoranyu
http://www.zhihu.com/people/wanfu
http://www.zhihu.com/people/suke-79
http://www.zhihu.com/people/zhang-wei-71-17
http://www.zhihu.com/people/cheng-shi-91
http://www.zhihu.com/people/zan-dong
http://www.zhihu.com/people/wei-tao
http://www.zhihu.com/people/cheng-hu
http://www.zhihu.com/people/xing-hao-peng
http://www.zhihu.com/people/kiddhe
http://www.zhihu.com/people/zhang-run
http://www.zhihu.com/people/zyrral
http://www.zhihu.com/people/zhu-zhen
http://www.zhihu.com/people/jin-ming
http://www.zhihu.com/people/xiezeyu
http://www.zhihu.com/people/wangze
http://www.zhihu.com/people/mokita
http://www.zhihu.com/people/argus
http://www.zhihu.com/people/bo-shi-49
http://www.zhihu.com/people/gong-sun
http://www.zhihu.com/people/yan-guo-liang
http://www.zhihu.com/people/liangia
http://www.zhihu.com/people/wangy1ng
http://www.zhihu.com/people/ruan-wen-ping
http://www.zhihu.com/people/moioi
http://www.zhihu.com/people/liu-luo-jun
http://www.zhihu.com/people/lin-sen-30
http://www.zhihu.com/people/wang-shu-tan
http://www.zhihu.com/people/yingwenlee
http://www.zhihu.com/people/chen87
http://www.zhihu.com/people/liu-ping-ping-32
http://www.zhihu.com/people/nexklee
http://www.zhihu.com/people/lnahy
http://www.zhihu.com/people/gong-rui-cong
http://www.zhihu.com/people/chenqiangpan
http://www.zhihu.com/people/spekol
http://www.zhihu.com/people/chekuba
http://www.zhihu.com/people/dong-zhen-lei
http://www.zhihu.com/people/lxdream
http://www.zhihu.com/people/a-jian-79
http://www.zhihu.com/people/CNRMB
http://www.zhihu.com/people/liu-lai-ping
http://www.zhihu.com/people/pinta
http://www.zhihu.com/people/sh382
http://www.zhihu.com/people/qisee
http://www.zhihu.com/people/sunxiaonian
http://www.zhihu.com/people/gao-shi-bo
http://www.zhihu.com/people/tan-jin-long
http://www.zhihu.com/people/PandaPanda
http://www.zhihu.com/people/huzishu
http://www.zhihu.com/people/moremore
http://www.zhihu.com/people/wang-da-fa-82
http://www.zhihu.com/people/xin266
http://www.zhihu.com/people/manaoke
http://www.zhihu.com/people/zhang-yu-bo
http://www.zhihu.com/people/mjl_zhihu
http://www.zhihu.com/people/hardball
http://www.zhihu.com/people/zhang-duo-si
http://www.zhihu.com/people/veryindown
http://www.zhihu.com/people/VCZhang
http://www.zhihu.com/people/willorfang
http://www.zhihu.com/people/wvi987
http://www.zhihu.com/people/song-jian-56
http://www.zhihu.com/people/yi-xuan
http://www.zhihu.com/people/gaochen
http://www.zhihu.com/people/cai-tong
http://www.zhihu.com/people/easyhoo
http://www.zhihu.com/people/zhou-ming-76
http://www.zhihu.com/people/jackeyzdx
http://www.zhihu.com/people/lian-chang-wang-jiang
http://www.zhihu.com/people/jason-36-18
http://www.zhihu.com/people/tesla1
http://www.zhihu.com/people/liumeijun
http://www.zhihu.com/people/susus
http://www.zhihu.com/people/esalive
http://www.zhihu.com/people/mrxs
http://www.zhihu.com/people/chang-yu-ge
http://www.zhihu.com/people/pray
http://www.zhihu.com/people/davidydw
http://www.zhihu.com/people/vincent-deng
http://www.zhihu.com/people/cong-yang
http://www.zhihu.com/people/162cm
http://www.zhihu.com/people/fevone
http://www.zhihu.com/people/guo-jin-lei
http://www.zhihu.com/people/zhou-ji-an
http://www.zhihu.com/people/gongjian65
http://www.zhihu.com/people/girlcoding
http://www.zhihu.com/people/Lake7
http://www.zhihu.com/people/zou-lin
http://www.zhihu.com/people/wang-shuai-49
http://www.zhihu.com/people/Janus
http://www.zhihu.com/people/chan
http://www.zhihu.com/people/wei-ke-duo-54
http://www.zhihu.com/people/ck4ever
http://www.zhihu.com/people/heixiong
http://www.zhihu.com/people/timwen
http://www.zhihu.com/people/xu-yue-chen
http://www.zhihu.com/people/panxin
http://www.zhihu.com/people/jaredchan
http://www.zhihu.com/people/minowu
http://www.zhihu.com/people/hujiayan
http://www.zhihu.com/people/xi-yun-77
http://www.zhihu.com/people/wang-you-5
http://www.zhihu.com/people/ihairuo
http://www.zhihu.com/people/jonathan-97
http://www.zhihu.com/people/teng-teng
http://www.zhihu.com/people/tonyhead
http://www.zhihu.com/people/wend
http://www.zhihu.com/people/sming
http://www.zhihu.com/people/zhang-feng-50
http://www.zhihu.com/people/lao-bai-21
http://www.zhihu.com/people/s1026
http://www.zhihu.com/people/yujieyang
http://www.zhihu.com/people/guo-ruo
http://www.zhihu.com/people/wang-jun-feng
http://www.zhihu.com/people/flyingfish
http://www.zhihu.com/people/funthomas
http://www.zhihu.com/people/yuzhuoran
http://www.zhihu.com/people/zengmin
http://www.zhihu.com/people/xswy
http://www.zhihu.com/people/showcai
http://www.zhihu.com/people/heyanzheng
http://www.zhihu.com/people/chenfangyi
http://www.zhihu.com/people/wu-kong-47
http://www.zhihu.com/people/hu-wei-fan
http://www.zhihu.com/people/linzhen
http://www.zhihu.com/people/zhi123
http://www.zhihu.com/people/wang-heng-chong
http://www.zhihu.com/people/wu-chun-miao
http://www.zhihu.com/people/snailhuangyi
http://www.zhihu.com/people/outlier
http://www.zhihu.com/people/huangdoc
http://www.zhihu.com/people/dai-le-he
http://www.zhihu.com/people/bus930
http://www.zhihu.com/people/feng-xiao-hei
http://www.zhihu.com/people/guo-jian
http://www.zhihu.com/people/hu-pan-pan
http://www.zhihu.com/people/reconder
http://www.zhihu.com/people/leng-n
http://www.zhihu.com/people/huang-ming
http://www.zhihu.com/people/chuliao
http://www.zhihu.com/people/weisiren
http://www.zhihu.com/people/zhongwei
http://www.zhihu.com/people/zhouchi
http://www.zhihu.com/people/chen-gen
http://www.zhihu.com/people/cj-yang
http://www.zhihu.com/people/yue-hua-shi-se
http://www.zhihu.com/people/pangu
http://www.zhihu.com/people/weijiaqi
http://www.zhihu.com/people/yao-da-shan
http://www.zhihu.com/people/henter
http://www.zhihu.com/people/zhu-tian-hao
http://www.zhihu.com/people/wuqiang
http://www.zhihu.com/people/liu-hao-bo-chuang-yi-da-ren
http://www.zhihu.com/people/zuo-bin
http://www.zhihu.com/people/tianwei
http://www.zhihu.com/people/maitian
http://www.zhihu.com/people/su-jun-cheng
http://www.zhihu.com/people/litianhe
http://www.zhihu.com/people/rinco
http://www.zhihu.com/people/ichuan-xia
http://www.zhihu.com/people/smbt
http://www.zhihu.com/people/wang-shui-89
http://www.zhihu.com/people/chen-hong-ping
http://www.zhihu.com/people/guai-tan
http://www.zhihu.com/people/byane
http://www.zhihu.com/people/fa-jun
http://www.zhihu.com/people/rice3
http://www.zhihu.com/people/eva-11
http://www.zhihu.com/people/donzhao
http://www.zhihu.com/people/chuxiai
http://www.zhihu.com/people/Lohoboo
http://www.zhihu.com/people/robbiejiang
http://www.zhihu.com/people/xinlinyang
http://www.zhihu.com/people/kingshuang
http://www.zhihu.com/people/plusix
http://www.zhihu.com/people/xvector
http://www.zhihu.com/people/zhao-hai-di
http://www.zhihu.com/people/wang-jian-wei-36
http://www.zhihu.com/people/li-yang-yang
http://www.zhihu.com/people/Yeung-Robin
http://www.zhihu.com/people/dayu
http://www.zhihu.com/people/wine-63
http://www.zhihu.com/people/jia-xi-bei
http://www.zhihu.com/people/huangrenqing
http://www.zhihu.com/people/pijili
http://www.zhihu.com/people/zhang-wei-27
http://www.zhihu.com/people/xianyujie
http://www.zhihu.com/people/lin-rui
http://www.zhihu.com/people/abemess
http://www.zhihu.com/people/chemny
http://www.zhihu.com/people/vtshajk
http://www.zhihu.com/people/wu-shu-guang
http://www.zhihu.com/people/zt.freedom
http://www.zhihu.com/people/fuchaoqun
http://www.zhihu.com/people/nick-87
http://www.zhihu.com/people/liang-chen
http://www.zhihu.com/people/lei-ri-jin
http://www.zhihu.com/people/monkee
http://www.zhihu.com/people/baloyou
http://www.zhihu.com/people/ZhangJian.me
http://www.zhihu.com/people/tian-yuan-79
http://www.zhihu.com/people/tricycle
http://www.zhihu.com/people/tomnancy
http://www.zhihu.com/people/o3ean
http://www.zhihu.com/people/shunfeng
http://www.zhihu.com/people/liu-tian-yu
http://www.zhihu.com/people/yangzaifeng
http://www.zhihu.com/people/ihunter
http://www.zhihu.com/people/huang-jia-yang
http://www.zhihu.com/people/haozhi
http://www.zhihu.com/people/houruiqi
http://www.zhihu.com/people/he-long
http://www.zhihu.com/people/tsinghug
http://www.zhihu.com/people/zhangxingdong
http://www.zhihu.com/people/zhangyongfeng
http://www.zhihu.com/people/lin-qian-qian
http://www.zhihu.com/people/li-zhi-tao
http://www.zhihu.com/people/chhcuo
http://www.zhihu.com/people/liufuling
http://www.zhihu.com/people/yezhuo
http://www.zhihu.com/people/a-du
http://www.zhihu.com/people/zhanglu
http://www.zhihu.com/people/kefan
http://www.zhihu.com/people/zhang-ming-yu
http://www.zhihu.com/people/ashley-6
http://www.zhihu.com/people/caohui
http://www.zhihu.com/people/lin-yi-nuo
http://www.zhihu.com/people/cyjiang
http://www.zhihu.com/people/enyu
http://www.zhihu.com/people/xu-jing-jing
http://www.zhihu.com/people/pang-kai
http://www.zhihu.com/people/guo-dong
http://www.zhihu.com/people/bourne
http://www.zhihu.com/people/zhang-jing-wei
http://www.zhihu.com/people/zhang-yun-76
http://www.zhihu.com/people/lin-li
http://www.zhihu.com/people/yuan-qian
http://www.zhihu.com/people/wang-zhen-bang
http://www.zhihu.com/people/jerryweiaaa
http://www.zhihu.com/people/will-wang-69
http://www.zhihu.com/people/ruidon
http://www.zhihu.com/people/hanliang
http://www.zhihu.com/people/pippowu
http://www.zhihu.com/people/relly
http://www.zhihu.com/people/scapemars
http://www.zhihu.com/people/ijony
http://www.zhihu.com/people/chrischengzh
http://www.zhihu.com/people/wangding43ddde
http://www.zhihu.com/people/zhao-xiao-30
http://www.zhihu.com/people/li-bing-14-21
http://www.zhihu.com/people/tesla1984
http://www.zhihu.com/people/sunlm
http://www.zhihu.com/people/michael-63
http://www.zhihu.com/people/pei-wen-bin
http://www.zhihu.com/people/zhou-zi-qiang
http://www.zhihu.com/people/grep
http://www.zhihu.com/people/zhilishu
http://www.zhihu.com/people/duanbingnan
http://www.zhihu.com/people/kong-liang
http://www.zhihu.com/people/gan-jiu-lu
http://www.zhihu.com/people/wang-li-34
http://www.zhihu.com/people/huluhulu
http://www.zhihu.com/people/Cherry-Sun
http://www.zhihu.com/people/ifree0
http://www.zhihu.com/people/jiaxu
http://www.zhihu.com/people/larapan
http://www.zhihu.com/people/c4pr1c3
http://www.zhihu.com/people/calvinn
http://www.zhihu.com/people/springparker
http://www.zhihu.com/people/hemon
http://www.zhihu.com/people/niyan
http://www.zhihu.com/people/imliuwenzhi
http://www.zhihu.com/people/xu-hui-cong
http://www.zhihu.com/people/liqiang18
http://www.zhihu.com/people/kira-24
http://www.zhihu.com/people/herizhao
http://www.zhihu.com/people/xie-guo-ming
http://www.zhihu.com/people/liu-wen-yu-87
http://www.zhihu.com/people/freemanding
http://www.zhihu.com/people/dave
http://www.zhihu.com/people/uudui
http://www.zhihu.com/people/11123
http://www.zhihu.com/people/it139
http://www.zhihu.com/people/mou-mou-ran-li-jun
http://www.zhihu.com/people/artiecheung
http://www.zhihu.com/people/wang-mi-lan
http://www.zhihu.com/people/tonbby
http://www.zhihu.com/people/yong-yi-68
http://www.zhihu.com/people/supporter
http://www.zhihu.com/people/weixin
http://www.zhihu.com/people/fu-jun-royce
http://www.zhihu.com/people/ottovon
http://www.zhihu.com/people/neaton
http://www.zhihu.com/people/cai-hua
http://www.zhihu.com/people/medal
http://www.zhihu.com/people/wangping
http://www.zhihu.com/people/luolei
http://www.zhihu.com/people/skaiy
http://www.zhihu.com/people/qu-shu
http://www.zhihu.com/people/wang-shuai-29
http://www.zhihu.com/people/oblank
http://www.zhihu.com/people/yuan-mu
http://www.zhihu.com/people/jobsfan
http://www.zhihu.com/people/zouhe
http://www.zhihu.com/people/lao3
http://www.zhihu.com/people/gao-wen-jun
http://www.zhihu.com/people/fatalist
http://www.zhihu.com/people/gaoguojun
http://www.zhihu.com/people/nirviaje
http://www.zhihu.com/people/momo-36
http://www.zhihu.com/people/robin-54-34
http://www.zhihu.com/people/starwalk
http://www.zhihu.com/people/zaqhr
http://www.zhihu.com/people/wangzhigang
http://www.zhihu.com/people/andyyu
http://www.zhihu.com/people/addren
http://www.zhihu.com/people/chenbinglin
http://www.zhihu.com/people/li-bao-ming-53
http://www.zhihu.com/people/rockand
http://www.zhihu.com/people/leo_si
http://www.zhihu.com/people/wang-zheng-song
http://www.zhihu.com/people/hu-cheng-long
http://www.zhihu.com/people/vincentskywalker
http://www.zhihu.com/people/gogozk
http://www.zhihu.com/people/tinyyuan
http://www.zhihu.com/people/kang-kai
http://www.zhihu.com/people/robinlam
http://www.zhihu.com/people/zohofc
http://www.zhihu.com/people/wu-dong-huan
http://www.zhihu.com/people/wang-ying-7
http://www.zhihu.com/people/qianjin
http://www.zhihu.com/people/yifang
http://www.zhihu.com/people/song-xing-mao
http://www.zhihu.com/people/situjun
http://www.zhihu.com/people/gloom_sunday
http://www.zhihu.com/people/summervillejia
http://www.zhihu.com/people/zhang-shang-xing
http://www.zhihu.com/people/vision
http://www.zhihu.com/people/sun-zhong-zheng
http://www.zhihu.com/people/chen-yu-quan
http://www.zhihu.com/people/wang-ya-fei
http://www.zhihu.com/people/lu-wei
http://www.zhihu.com/people/dz_s
http://www.zhihu.com/people/guowenxin
http://www.zhihu.com/people/wayne.zhang
http://www.zhihu.com/people/zhou-kui
http://www.zhihu.com/people/weiqi1933
http://www.zhihu.com/people/zhumingzu
http://www.zhihu.com/people/alang
http://www.zhihu.com/people/hackdata
http://www.zhihu.com/people/zhangdwei
http://www.zhihu.com/people/cai-shu-hua
http://www.zhihu.com/people/chong
http://www.zhihu.com/people/tang-chen
http://www.zhihu.com/people/xiao-bai-43
http://www.zhihu.com/people/bakey
http://www.zhihu.com/people/dingli
http://www.zhihu.com/people/wind
http://www.zhihu.com/people/yanghaiyu
http://www.zhihu.com/people/cappucino
http://www.zhihu.com/people/zelfendo
http://www.zhihu.com/people/hi3w
http://www.zhihu.com/people/futao
http://www.zhihu.com/people/guohua
http://www.zhihu.com/people/wu-hong-da
http://www.zhihu.com/people/var87
http://www.zhihu.com/people/ma-jia-sang
http://www.zhihu.com/people/baraba
http://www.zhihu.com/people/li-bing-81-23
http://www.zhihu.com/people/lixueming
http://www.zhihu.com/people/wu-hao-7
http://www.zhihu.com/people/xu-zhu
http://www.zhihu.com/people/windstore
http://www.zhihu.com/people/xiaopang
http://www.zhihu.com/people/lai-long
http://www.zhihu.com/people/pantao
http://www.zhihu.com/people/liuyubobobo
http://www.zhihu.com/people/yuanqz
http://www.zhihu.com/people/shin
http://www.zhihu.com/people/liuhao
http://www.zhihu.com/people/huang-xiao-ming-75
http://www.zhihu.com/people/guge
http://www.zhihu.com/people/lilongfei
http://www.zhihu.com/people/zhao-hao
http://www.zhihu.com/people/jason-huang
http://www.zhihu.com/people/hukai
http://www.zhihu.com/people/chen-yuan
http://www.zhihu.com/people/joycheng
http://www.zhihu.com/people/atlivebox
http://www.zhihu.com/people/iguazi
http://www.zhihu.com/people/wanggnag
http://www.zhihu.com/people/qiaoxiaodu
http://www.zhihu.com/people/foku
http://www.zhihu.com/people/yikai
http://www.zhihu.com/people/gaochunzy
http://www.zhihu.com/people/xiang-yong-ai
http://www.zhihu.com/people/zhaoyang
http://www.zhihu.com/people/jackdechanpinhutong
http://www.zhihu.com/people/zhouchenglin
http://www.zhihu.com/people/xie-da-ming
http://www.zhihu.com/people/duncanzhang
http://www.zhihu.com/people/xian-yong-kang
http://www.zhihu.com/people/zhangyumeng
http://www.zhihu.com/people/rchu-jiang-nan
http://www.zhihu.com/people/mengdeyu
http://www.zhihu.com/people/benben
http://www.zhihu.com/people/photoxu
http://www.zhihu.com/people/lu-xin-xin
http://www.zhihu.com/people/banlon
http://www.zhihu.com/people/xcvu
http://www.zhihu.com/people/panyh
http://www.zhihu.com/people/zhu-xiao-hua
http://www.zhihu.com/people/lishuhang
http://www.zhihu.com/people/wang-jing-bo
http://www.zhihu.com/people/zhangga
http://www.zhihu.com/people/jasonlai
http://www.zhihu.com/people/growingyears
http://www.zhihu.com/people/whyoooooo
http://www.zhihu.com/people/chenglong
http://www.zhihu.com/people/ch721
http://www.zhihu.com/people/li-effie
http://www.zhihu.com/people/michelle-lee
http://www.zhihu.com/people/wangyi
http://www.zhihu.com/people/psyduck
http://www.zhihu.com/people/xuzewei
http://www.zhihu.com/people/shanjie
http://www.zhihu.com/people/hudong
http://www.zhihu.com/people/sparrowdu
http://www.zhihu.com/people/wenxer
http://www.zhihu.com/people/diane
http://www.zhihu.com/people/sisi
http://www.zhihu.com/people/kaifulee
http://www.zhihu.com/people/sunjin
http://www.zhihu.com/people/dongwang
http://www.zhihu.com/people/yin-yong
http://www.zhihu.com/people/wu-yan-zhi
http://www.zhihu.com/people/cptbtptpbcptdtptp
http://www.zhihu.com/people/imkter
http://www.zhihu.com/people/shi-chen-zhe
http://www.zhihu.com/people/cheng-qing
http://www.zhihu.com/people/white
http://www.zhihu.com/people/caoxg
http://www.zhihu.com/people/stosion
http://www.zhihu.com/people/chen-wei-hong
http://www.zhihu.com/people/jasonchang
http://www.zhihu.com/people/bai-xiao-rong
http://www.zhihu.com/people/seekingalpha
http://www.zhihu.com/people/mu-yi-43-58
http://www.zhihu.com/people/ycflame
http://www.zhihu.com/people/cheng-cheng
http://www.zhihu.com/people/pu-xu-dong
http://www.zhihu.com/people/yesliwen
http://www.zhihu.com/people/allenz
http://www.zhihu.com/people/li-kang
http://www.zhihu.com/people/Vincent
http://www.zhihu.com/people/yangtse007
http://www.zhihu.com/people/gymitat
http://www.zhihu.com/people/sunrui
http://www.zhihu.com/people/ever
http://www.zhihu.com/people/ou-yang-dan
http://www.zhihu.com/people/kenyth
http://www.zhihu.com/people/tota
http://www.zhihu.com/people/laoya
http://www.zhihu.com/people/wangjia
http://www.zhihu.com/people/oliverding
http://www.zhihu.com/people/kanjie
http://www.zhihu.com/people/qie-ge
http://www.zhihu.com/people/uz5m
http://www.zhihu.com/people/roys
http://www.zhihu.com/people/huang-sheng-li
http://www.zhihu.com/people/quiver
http://www.zhihu.com/people/wuxinhao
http://www.zhihu.com/people/taotao
http://www.zhihu.com/people/keenkang
http://www.zhihu.com/people/yu-ming-gu-wen-chen-tao
http://www.zhihu.com/people/wei-heng-jiu
http://www.zhihu.com/people/chen-xi
http://www.zhihu.com/people/minyi
http://www.zhihu.com/people/daxiong
http://www.zhihu.com/people/avenger
http://www.zhihu.com/people/blue
http://www.zhihu.com/people/haotian
http://www.zhihu.com/people/mingshuo
http://www.zhihu.com/people/Remix.Fly
http://www.zhihu.com/people/mooqii
http://www.zhihu.com/people/telemedia
http://www.zhihu.com/people/laotao
http://www.zhihu.com/people/imyutao
http://www.zhihu.com/people/jamzo
http://www.zhihu.com/people/vivek
http://www.zhihu.com/people/liu-qing
http://www.zhihu.com/people/riojiang
http://www.zhihu.com/people/molala
http://www.zhihu.com/people/mcbuder
http://www.zhihu.com/people/panchi
http://www.zhihu.com/people/wanqi
http://www.zhihu.com/people/cherry
http://www.zhihu.com/people/lu-ye-shu-huai
http://www.zhihu.com/people/coco
http://www.zhihu.com/people/kenshin
http://www.zhihu.com/people/ohlife
http://www.zhihu.com/people/qusheng
http://www.zhihu.com/people/wu-da
http://www.zhihu.com/people/zhoufan
http://www.zhihu.com/people/tangjingxin
http://www.zhihu.com/people/lubenyuan.com
http://www.zhihu.com/people/udoo
http://www.zhihu.com/people/zhang-xin
http://www.zhihu.com/people/napolen86
http://www.zhihu.com/people/gofeeling
http://www.zhihu.com/people/yujun
http://www.zhihu.com/people/oyeoye
http://www.zhihu.com/people/stanleygao
http://www.zhihu.com/people/daodao
http://www.zhihu.com/people/li-jin-bo
http://www.zhihu.com/people/chengyuan
http://www.zhihu.com/people/gavenzhang
http://www.zhihu.com/people/yuezhanren
http://www.zhihu.com/people/yqliao
http://www.zhihu.com/people/chang-bin
http://www.zhihu.com/people/mali
http://www.zhihu.com/people/shenhaihuai
http://www.zhihu.com/people/liang
http://www.zhihu.com/people/xuhan
http://www.zhihu.com/people/chengang
http://www.zhihu.com/people/oxygen
http://www.zhihu.com/people/imzxd
http://www.zhihu.com/people/Zhang_Jian
http://www.zhihu.com/people/katrina
http://www.zhihu.com/people/lixiangmin
http://www.zhihu.com/people/cody
http://www.zhihu.com/people/pigtwo
http://www.zhihu.com/people/zhouyuan
http://www.zhihu.com/people/thomasluo
http://www.zhihu.com/people/summy
http://www.zhihu.com/people/gongjun
http://www.zhihu.com/people/kwoh
http://www.zhihu.com/people/shitianxiao
http://www.zhihu.com/people/cooerson
http://www.zhihu.com/people/yu-jia
http://www.zhihu.com/people/changfan
http://www.zhihu.com/people/sealon
http://www.zhihu.com/people/keso
http://www.zhihu.com/people/jixin
http://www.zhihu.com/people/shijun
http://www.zhihu.com/people/imike
http://www.zhihu.com/people/bian
