http://www.zhihu.com/people/2zhuang
http://www.zhihu.com/people/chen-junfeng
http://www.zhihu.com/people/Challenger800
http://www.zhihu.com/people/zhu-jia-65
http://www.zhihu.com/people/xuechengxi
http://www.zhihu.com/people/zhao-chen-92
http://www.zhihu.com/people/zhong-cun-bruce
http://www.zhihu.com/people/wang-xue-xue-4
http://www.zhihu.com/people/Woman-day
http://www.zhihu.com/people/brangelina
http://www.zhihu.com/people/lai-wei-59
http://www.zhihu.com/people/zhangliyu
http://www.zhihu.com/people/ma-que-10
http://www.zhihu.com/people/sun-de-zhong-24
http://www.zhihu.com/people/shao-xiong-64
http://www.zhihu.com/people/qing-yang-47
http://www.zhihu.com/people/wang-xing-you
http://www.zhihu.com/people/wanglam-tsang
http://www.zhihu.com/people/qiubaipet
http://www.zhihu.com/people/drifter-16
http://www.zhihu.com/people/hou-ye-60
http://www.zhihu.com/people/harriet
http://www.zhihu.com/people/wang-ruo-yu-21
http://www.zhihu.com/people/li-han-jing-64
http://www.zhihu.com/people/wang-jing-ya-3
http://www.zhihu.com/people/misa0711
http://www.zhihu.com/people/zhang-yu-nie-68
http://www.zhihu.com/people/19951121
http://www.zhihu.com/people/mei-yu-71
http://www.zhihu.com/people/du-xiao-yue-711
http://www.zhihu.com/people/zha-si-ting
http://www.zhihu.com/people/avicihu
http://www.zhihu.com/people/zhou-xi-ying
http://www.zhihu.com/people/chen-he-65
http://www.zhihu.com/people/bai-bai-he-18
http://www.zhihu.com/people/zhang-qi-qi-9
http://www.zhihu.com/people/xiao-fang-33-10
http://www.zhihu.com/people/huang-yu-63-39
http://www.zhihu.com/people/weixin
http://www.zhihu.com/people/jiang-bin-liang
http://www.zhihu.com/people/ghyang
http://www.zhihu.com/people/xu-xue-hen
http://www.zhihu.com/people/xudekai
http://www.zhihu.com/people/fffff
http://www.zhihu.com/people/xia-qing1919
http://www.zhihu.com/people/toylori
http://www.zhihu.com/people/li-xiao-duo-18
http://www.zhihu.com/people/li-hong-er
http://www.zhihu.com/people/hu-nicholas
http://www.zhihu.com/people/qi-yuan-yuan-52
http://www.zhihu.com/people/huang-gu-10
http://www.zhihu.com/people/mu-shu-53
http://www.zhihu.com/people/an-kang-75
http://www.zhihu.com/people/change2013
http://www.zhihu.com/people/tc-liang-66
http://www.zhihu.com/people/li-chen-chen-88
http://www.zhihu.com/people/zhang-jing-88-76
http://www.zhihu.com/people/qing-hui-8
http://www.zhihu.com/people/klex_rax
http://www.zhihu.com/people/hxl0708
http://www.zhihu.com/people/sun-zi-xun
http://www.zhihu.com/people/zhang-yi-xuan-fiona
http://www.zhihu.com/people/lu-zhen-yu-87
http://www.zhihu.com/people/sen-feng
http://www.zhihu.com/people/ran-lan-20
http://www.zhihu.com/people/heaven_000
http://www.zhihu.com/people/nan-zhou
http://www.zhihu.com/people/lin-bo-song-57
http://www.zhihu.com/people/li-cheng-25-23
http://www.zhihu.com/people/raawaa
http://www.zhihu.com/people/leiyuAndrea
http://www.zhihu.com/people/jia-jia-60
http://www.zhihu.com/people/shi-rui-89
http://www.zhihu.com/people/guo-yu-er
http://www.zhihu.com/people/wangtengchuan
http://www.zhihu.com/people/yuan-sui-33
http://www.zhihu.com/people/xu-dan-62
http://www.zhihu.com/people/qdhei521
http://www.zhihu.com/people/ji-ran-ran-31
http://www.zhihu.com/people/yang-xiao-hua-5
http://www.zhihu.com/people/xiao-chu
http://www.zhihu.com/people/sun-jing-jing-99
http://www.zhihu.com/people/feng-xiao-ran-10
http://www.zhihu.com/people/liu-li-kang
http://www.zhihu.com/people/zhang-tian-cheng-55
http://www.zhihu.com/people/lan-gisele
http://www.zhihu.com/people/hong-shi-huan-78
http://www.zhihu.com/people/liu-da-wei-49
http://www.zhihu.com/people/leileibaby
http://www.zhihu.com/people/allan-qian
http://www.zhihu.com/people/cold-cold
http://www.zhihu.com/people/chenyitian1992
http://www.zhihu.com/people/zhou-hao-yu-59
http://www.zhihu.com/people/run-cen
http://www.zhihu.com/people/zhang-fan-72-50
http://www.zhihu.com/people/zheng-nan-0527
http://www.zhihu.com/people/li-feng-54-67
http://www.zhihu.com/people/fan-fei-4
http://www.zhihu.com/people/lu-xiao-bao-39
http://www.zhihu.com/people/yang-mi-34
http://www.zhihu.com/people/xiao-hua-sheng-63
http://www.zhihu.com/people/zexiancui
http://www.zhihu.com/people/xie-mang-qi-78
http://www.zhihu.com/people/tosou
http://www.zhihu.com/people/anson-37
http://www.zhihu.com/people/uedreamer
http://www.zhihu.com/people/bruce-66-86
http://www.zhihu.com/people/jasonxu-86
http://www.zhihu.com/people/li-xu-guang-59
http://www.zhihu.com/people/mai-ge-52
http://www.zhihu.com/people/liu-hua-ming-8
http://www.zhihu.com/people/wu-wei-80-7
http://www.zhihu.com/people/an-jing-19-19
http://www.zhihu.com/people/zhang-yuan-41-66
http://www.zhihu.com/people/hou-zi-xiao-jie-52
http://www.zhihu.com/people/he-hai-yang-13
http://www.zhihu.com/people/nettrotter
http://www.zhihu.com/people/li-jia-kang
http://www.zhihu.com/people/astridz
http://www.zhihu.com/people/bjchaodaye
http://www.zhihu.com/people/zhu-yixin-42
http://www.zhihu.com/people/zhang-jing-98-36
http://www.zhihu.com/people/xing-guang-28-3
http://www.zhihu.com/people/wei-yuan-zhe
http://www.zhihu.com/people/valelu
http://www.zhihu.com/people/shi-xiao-min-35
http://www.zhihu.com/people/jun-yi-14
http://www.zhihu.com/people/romy-w
http://www.zhihu.com/people/hei-chuan-44
http://www.zhihu.com/people/chen-ruan-ruan-95
http://www.zhihu.com/people/Metamorphosis_Du
http://www.zhihu.com/people/da-long-mao-61
http://www.zhihu.com/people/deng-lin-07-15
http://www.zhihu.com/people/shi-hao-yue-67
http://www.zhihu.com/people/li-ya-jing-83
http://www.zhihu.com/people/jin-ke-yi
http://www.zhihu.com/people/xu-bi-de-19
http://www.zhihu.com/people/tuye1234
http://www.zhihu.com/people/xiao-bai-yang-16
http://www.zhihu.com/people/gracieux.taobao.com
http://www.zhihu.com/people/wang-vivi-4
http://www.zhihu.com/people/dai-si-32
http://www.zhihu.com/people/xuexiaozhe
http://www.zhihu.com/people/VerucaChan
http://www.zhihu.com/people/qiao-qiao-19-76
http://www.zhihu.com/people/Mr.guo
http://www.zhihu.com/people/yanjinbin
http://www.zhihu.com/people/booooooook
http://www.zhihu.com/people/pang-luan-luan
http://www.zhihu.com/people/zuo-er-richad
http://www.zhihu.com/people/wang-yue-72-49
http://www.zhihu.com/people/liu-xuan-39
http://www.zhihu.com/people/yaochenhao
http://www.zhihu.com/people/zhihucara
http://www.zhihu.com/people/yongshixiaomao
http://www.zhihu.com/people/xu-dido
http://www.zhihu.com/people/fay-wen
http://www.zhihu.com/people/hai-mian-25
http://www.zhihu.com/people/kristy-85
http://www.zhihu.com/people/dong-dong-94-47
http://www.zhihu.com/people/jacobevermore
http://www.zhihu.com/people/duan-yue-rong
http://www.zhihu.com/people/guo-liu-bai
http://www.zhihu.com/people/chen-kai-xin-22
http://www.zhihu.com/people/yang-yun-45
http://www.zhihu.com/people/su-san
http://www.zhihu.com/people/alex-68-30
http://www.zhihu.com/people/ericknows
http://www.zhihu.com/people/sophie-c
http://www.zhihu.com/people/qiao-xiao-xiao-53
http://www.zhihu.com/people/kong-cheng-dong
http://www.zhihu.com/people/fransis
http://www.zhihu.com/people/dong-chen-xi-0205
http://www.zhihu.com/people/dong-jia-bin
http://www.zhihu.com/people/xu-le-le-49
http://www.zhihu.com/people/wu-su-tang
http://www.zhihu.com/people/yan-er-jane
http://www.zhihu.com/people/shang-guan-jing-yu
http://www.zhihu.com/people/zhihu_weekly
http://www.zhihu.com/people/stellahuang
http://www.zhihu.com/people/lu-hong-jian-74
http://www.zhihu.com/people/luo-kui-lin
http://www.zhihu.com/people/cao-ai
http://www.zhihu.com/people/wang-chao-38
http://www.zhihu.com/people/liu-xiao-ming-4
http://www.zhihu.com/people/li-jun-da-86
http://www.zhihu.com/people/ccat
http://www.zhihu.com/people/luckiesparrow
http://www.zhihu.com/people/aria
http://www.zhihu.com/people/kovski
http://www.zhihu.com/people/mousellee
http://www.zhihu.com/people/xu-xiao-dao-11
http://www.zhihu.com/people/evelyn10
http://www.zhihu.com/people/wang-lin-hai-31
http://www.zhihu.com/people/LyRa07
http://www.zhihu.com/people/hangaoyong
http://www.zhihu.com/people/tan-ri-tian
http://www.zhihu.com/people/zhang-jun-jie-89
http://www.zhihu.com/people/liu-ya-kun-1
http://www.zhihu.com/people/Jover
http://www.zhihu.com/people/mulan
http://www.zhihu.com/people/tu-xiao-bao-11
http://www.zhihu.com/people/loewe
http://www.zhihu.com/people/guo-shu-jian
http://www.zhihu.com/people/zhen-jia
http://www.zhihu.com/people/yang-zhi-58
http://www.zhihu.com/people/dtm-glory
http://www.zhihu.com/people/shen-bianshi-tai
http://www.zhihu.com/people/xiao-bian
http://www.zhihu.com/people/yan-ke-90
http://www.zhihu.com/people/CNOoo
http://www.zhihu.com/people/tudousu
http://www.zhihu.com/people/newblue
http://www.zhihu.com/people/xia-duo-33-9
http://www.zhihu.com/people/xterm
http://www.zhihu.com/people/he-yuan-sheng
http://www.zhihu.com/people/wan-pu
http://www.zhihu.com/people/SUNYATSEN
http://www.zhihu.com/people/wang-ci-an
http://www.zhihu.com/people/LPWY
http://www.zhihu.com/people/hynuza
http://www.zhihu.com/people/zhang-ke-ke-26
http://www.zhihu.com/people/louis-46
http://www.zhihu.com/people/lang-zhi-cheng
http://www.zhihu.com/people/wang-pan-91
http://www.zhihu.com/people/wang-fan-si
http://www.zhihu.com/people/ma-xiao-tiao-27
http://www.zhihu.com/people/da-bia
http://www.zhihu.com/people/li-long-66
http://www.zhihu.com/people/ohrwurm
http://www.zhihu.com/people/wen-kun-guo
http://www.zhihu.com/people/wang-jie-81-97
http://www.zhihu.com/people/qing-lan-98
http://www.zhihu.com/people/_zhao_xu_
http://www.zhihu.com/people/leesizhe
http://www.zhihu.com/people/wei-wei-87-88
http://www.zhihu.com/people/chen-feng-28
http://www.zhihu.com/people/darkwater
http://www.zhihu.com/people/fendy
http://www.zhihu.com/people/zhu-qing-24
http://www.zhihu.com/people/lin-tu-tu-68
http://www.zhihu.com/people/ma-san-jin-83
http://www.zhihu.com/people/wang-ju-26
http://www.zhihu.com/people/k-m-75
http://www.zhihu.com/people/li-xiao-cheng-88
http://www.zhihu.com/people/gu-nian-74-24
http://www.zhihu.com/people/chen-xiao-miao-98
http://www.zhihu.com/people/zhao-jin-ling
http://www.zhihu.com/people/geng-yi-jie
http://www.zhihu.com/people/he-mu-78
http://www.zhihu.com/people/chen-feng-wang
http://www.zhihu.com/people/zhang-xiao-zhu-89
http://www.zhihu.com/people/tangaoxue
http://www.zhihu.com/people/guo-guo-guo-82
http://www.zhihu.com/people/wang-yier-16
http://www.zhihu.com/people/wang-lei-48-90
http://www.zhihu.com/people/dylan-han
http://www.zhihu.com/people/haahahah
http://www.zhihu.com/people/aaaaale
http://www.zhihu.com/people/alexis-37-71
http://www.zhihu.com/people/xu-zhi-xiong-22
http://www.zhihu.com/people/zheng-helen
http://www.zhihu.com/people/oushixiaoxie
http://www.zhihu.com/people/xie-zun-zun
http://www.zhihu.com/people/chen-rui-rafael
http://www.zhihu.com/people/oogoo
http://www.zhihu.com/people/su-da-li
http://www.zhihu.com/people/xue-wa-qia
http://www.zhihu.com/people/zhang-bo-67-32
http://www.zhihu.com/people/tokillthelights
http://www.zhihu.com/people/zhangrongjie
http://www.zhihu.com/people/meng-si-tong
http://www.zhihu.com/people/chen-qi-3
http://www.zhihu.com/people/anyu0705
http://www.zhihu.com/people/neo-hee
http://www.zhihu.com/people/yang-lei-26-71
http://www.zhihu.com/people/shevchenko-57
http://www.zhihu.com/people/an-nuo-17
http://www.zhihu.com/people/lu-gui-chen-26
http://www.zhihu.com/people/rickey-yue
http://www.zhihu.com/people/tanson
http://www.zhihu.com/people/wen-sen-te-86
http://www.zhihu.com/people/xiao-xi-xia
http://www.zhihu.com/people/li-hui-ying-2
http://www.zhihu.com/people/zhang-bo-sen-31
http://www.zhihu.com/people/xiang-hang
http://www.zhihu.com/people/huang-luo-chen-25
http://www.zhihu.com/people/cawen
http://www.zhihu.com/people/haxiansheng
http://www.zhihu.com/people/george-giuseppe
http://www.zhihu.com/people/lixiaoxi88
http://www.zhihu.com/people/ren-alan
http://www.zhihu.com/people/zhuang-xiao-meng
http://www.zhihu.com/people/kagayapudding
http://www.zhihu.com/people/pangpangdeding
http://www.zhihu.com/people/a-du-82
http://www.zhihu.com/people/fangcarrot
http://www.zhihu.com/people/li-qing-hua-42
http://www.zhihu.com/people/chengt03
http://www.zhihu.com/people/ma-xiao-shuai-90
http://www.zhihu.com/people/li-chi-jun
http://www.zhihu.com/people/stevie8t
http://www.zhihu.com/people/zhang-yi-fan-48
http://www.zhihu.com/people/chuchu-chu
http://www.zhihu.com/people/l-elf
http://www.zhihu.com/people/wang-guo-yong-ne
http://www.zhihu.com/people/leng-yu-qing-19
http://www.zhihu.com/people/rccr
http://www.zhihu.com/people/guo-zi-jun-14
http://www.zhihu.com/people/ji-wei-70
http://www.zhihu.com/people/demi
http://www.zhihu.com/people/wang-da-wei-16
http://www.zhihu.com/people/tang-xun-83
http://www.zhihu.com/people/Robot-Yu
http://www.zhihu.com/people/zhu-bing-yi-90
http://www.zhihu.com/people/yi-shu-shu
http://www.zhihu.com/people/lin-lin-98-23
http://www.zhihu.com/people/zhu-qin-yan
http://www.zhihu.com/people/wu-shan-18
http://www.zhihu.com/people/jeanne-liu
http://www.zhihu.com/people/adrian-yao
http://www.zhihu.com/people/xiao-yan-jing-43
http://www.zhihu.com/people/cici1223s
http://www.zhihu.com/people/ba-su-la
http://www.zhihu.com/people/li-zhen-jie
http://www.zhihu.com/people/cakvfcwz
http://www.zhihu.com/people/mg-o-93
http://www.zhihu.com/people/fredsun
http://www.zhihu.com/people/he-xiang-36
http://www.zhihu.com/people/rosecrimson
http://www.zhihu.com/people/master-yan
http://www.zhihu.com/people/monkeytammy
http://www.zhihu.com/people/zoney
http://www.zhihu.com/people/cherry-3-66
http://www.zhihu.com/people/wang-yuan-66-5
http://www.zhihu.com/people/karenkaren
http://www.zhihu.com/people/liang-ai-jing
http://www.zhihu.com/people/li-shou-yin-89
http://www.zhihu.com/people/xiao-sa-06-16
http://www.zhihu.com/people/han-yan-hui
http://www.zhihu.com/people/liuniandate
http://www.zhihu.com/people/cheng-hai-bo
http://www.zhihu.com/people/qu-peng-55
http://www.zhihu.com/people/cheng-zong-yang
http://www.zhihu.com/people/lu-ming-hao
http://www.zhihu.com/people/cerulean-45
http://www.zhihu.com/people/ark17
http://www.zhihu.com/people/frank-26-44
http://www.zhihu.com/people/mo0o0fsjmf0icbi
http://www.zhihu.com/people/tyler-58
http://www.zhihu.com/people/cps61m74ka
http://www.zhihu.com/people/hikari-56
http://www.zhihu.com/people/kui-hua-zi
http://www.zhihu.com/people/oannes
http://www.zhihu.com/people/veron
http://www.zhihu.com/people/reese717
http://www.zhihu.com/people/li-yifan-27
http://www.zhihu.com/people/qingjia
http://www.zhihu.com/people/huobazi
http://www.zhihu.com/people/xie-zi-61-38
http://www.zhihu.com/people/foxmuldery
http://www.zhihu.com/people/sellsoda
http://www.zhihu.com/people/qu-duo-duo-58
http://www.zhihu.com/people/limonzhou
http://www.zhihu.com/people/inferiorlove
http://www.zhihu.com/people/cicixioo
http://www.zhihu.com/people/zhang-wei-zhong
http://www.zhihu.com/people/Agnesa
http://www.zhihu.com/people/wang-wen-ping-27
http://www.zhihu.com/people/liu-mou-24
http://www.zhihu.com/people/luo-xu-bo
http://www.zhihu.com/people/half-69
http://www.zhihu.com/people/yuan-hao-jun
http://www.zhihu.com/people/sa-dan-73
http://www.zhihu.com/people/napoli-76
http://www.zhihu.com/people/mo-ke-huan
http://www.zhihu.com/people/qingfusanduan
http://www.zhihu.com/people/daniel988
http://www.zhihu.com/people/huang-yun-fei-52
http://www.zhihu.com/people/wang-qiu-shi-76
http://www.zhihu.com/people/zhou-su-ren
http://www.zhihu.com/people/bao-biao
http://www.zhihu.com/people/zheshao-chang
http://www.zhihu.com/people/jason_li
http://www.zhihu.com/people/dai-yu-xiu
http://www.zhihu.com/people/yang-chun-17
http://www.zhihu.com/people/Victorique
http://www.zhihu.com/people/zhushaoyue
http://www.zhihu.com/people/zhang-dong-sheng-1
http://www.zhihu.com/people/liang-hai-xiang
http://www.zhihu.com/people/yin-chen-run
http://www.zhihu.com/people/liu-jing-tong-58
http://www.zhihu.com/people/aaronsu
http://www.zhihu.com/people/jin-xiao-nan
http://www.zhihu.com/people/liang-xin-28
http://www.zhihu.com/people/chen-yong-hui-1
http://www.zhihu.com/people/wang-ya-bing
http://www.zhihu.com/people/stephen-cheng
http://www.zhihu.com/people/joe-14
http://www.zhihu.com/people/zhao-lei-6-77
http://www.zhihu.com/people/yang-allen-11
http://www.zhihu.com/people/xiangyongkong
http://www.zhihu.com/people/dong-te-wa
http://www.zhihu.com/people/li-xiao-ming-71
http://www.zhihu.com/people/laopopo
http://www.zhihu.com/people/ke-li-ou
http://www.zhihu.com/people/meicoog
http://www.zhihu.com/people/cao-xing-zhi
http://www.zhihu.com/people/zhang-ying-zhou-91
http://www.zhihu.com/people/chun-zhi-ting
http://www.zhihu.com/people/kong-dong-yao
http://www.zhihu.com/people/lin-lian-lian
http://www.zhihu.com/people/hatemehateme
http://www.zhihu.com/people/changeself
http://www.zhihu.com/people/liu-zi-chen-61
http://www.zhihu.com/people/davidchang
http://www.zhihu.com/people/yixing-36
http://www.zhihu.com/people/xiong-fei-fei
http://www.zhihu.com/people/xiao-xiao-meng-92
http://www.zhihu.com/people/zhu-shi-jie-6
http://www.zhihu.com/people/zhao-ming-he
http://www.zhihu.com/people/ou-bao-bao
http://www.zhihu.com/people/aileenshi
http://www.zhihu.com/people/ceng-yi-sen
http://www.zhihu.com/people/zengfanqin
http://www.zhihu.com/people/wu-mu-75
http://www.zhihu.com/people/bo-wen-49
http://www.zhihu.com/people/zhao-xun-yue
http://www.zhihu.com/people/huang-sen-jing
http://www.zhihu.com/people/lobo-73
http://www.zhihu.com/people/zhang-kai-62-43
http://www.zhihu.com/people/lin-zhe-96
http://www.zhihu.com/people/andreayeah
http://www.zhihu.com/people/long-lu-92
http://www.zhihu.com/people/guo-zi-yun-33
http://www.zhihu.com/people/suziqing
http://www.zhihu.com/people/xiao-su-27
http://www.zhihu.com/people/li-chao-93
http://www.zhihu.com/people/danielchen1995
http://www.zhihu.com/people/medges-11
http://www.zhihu.com/people/zkaip
http://www.zhihu.com/people/benbackman
http://www.zhihu.com/people/wang-ni-30
http://www.zhihu.com/people/rui-jiu-jiu
http://www.zhihu.com/people/henry1994
http://www.zhihu.com/people/jiao-mo-27
http://www.zhihu.com/people/yi-da-sen
http://www.zhihu.com/people/wang-lu-60-91
http://www.zhihu.com/people/hanicex
http://www.zhihu.com/people/zhou-xiao-hao
http://www.zhihu.com/people/linyangjames
http://www.zhihu.com/people/jeffery-wang-81
http://www.zhihu.com/people/ryan-he
http://www.zhihu.com/people/zhang-zhi-hao-39
http://www.zhihu.com/people/hu-shi-hong
http://www.zhihu.com/people/zhang-yu-jie-37
http://www.zhihu.com/people/wenguang
http://www.zhihu.com/people/xi-wan
http://www.zhihu.com/people/tian-nan-gua
http://www.zhihu.com/people/wu-hao-fan-74
http://www.zhihu.com/people/zhou-jia-peng-6
http://www.zhihu.com/people/li-chen-8
http://www.zhihu.com/people/pan-richard
http://www.zhihu.com/people/tu-dou-53
http://www.zhihu.com/people/yang-ting-zhi
http://www.zhihu.com/people/wen-tao-4
http://www.zhihu.com/people/rincolor
http://www.zhihu.com/people/zhu-dan-ni-8
http://www.zhihu.com/people/zhu-huan-jie
http://www.zhihu.com/people/gao-da-li
http://www.zhihu.com/people/ding-kelly
http://www.zhihu.com/people/shi-qiang-74
http://www.zhihu.com/people/ekimiao
http://www.zhihu.com/people/inkelz7
http://www.zhihu.com/people/yetone
http://www.zhihu.com/people/lu-___-fei
http://www.zhihu.com/people/lin-ji-mi
http://www.zhihu.com/people/opinion
http://www.zhihu.com/people/feng-da-pao
http://www.zhihu.com/people/zhengziyang
http://www.zhihu.com/people/li-xiang-85
http://www.zhihu.com/people/Captain-Z
http://www.zhihu.com/people/susus
http://www.zhihu.com/people/peter-85
http://www.zhihu.com/people/salleeshi
http://www.zhihu.com/people/tangjingxin
http://www.zhihu.com/people/jixin
