http://www.zhihu.com/people/jams-lee
http://www.zhihu.com/people/xuwai
http://www.zhihu.com/people/deutsch-99
http://www.zhihu.com/people/feng-hao-84
http://www.zhihu.com/people/jin-ke-65
http://www.zhihu.com/people/xu-xue-hen
http://www.zhihu.com/people/liu-jin-long-44
http://www.zhihu.com/people/su-qi
http://www.zhihu.com/people/zhang-le-le-18
http://www.zhihu.com/people/santiagohz
http://www.zhihu.com/people/li-zi-hao-31-76
http://www.zhihu.com/people/khowarizmi
http://www.zhihu.com/people/bao-li-di-tie
http://www.zhihu.com/people/appally
http://www.zhihu.com/people/wang-jing-27-65
http://www.zhihu.com/people/mu-shu-53
http://www.zhihu.com/people/liu-xiao-guai-89
http://www.zhihu.com/people/leo-37-55
http://www.zhihu.com/people/zhao-yang-xin
http://www.zhihu.com/people/mo-gu-8-10
http://www.zhihu.com/people/neil-35-70
http://www.zhihu.com/people/gao-gao-72
http://www.zhihu.com/people/flygon
http://www.zhihu.com/people/kkkkkira
http://www.zhihu.com/people/chen-shi-san-64
http://www.zhihu.com/people/christine-fu
http://www.zhihu.com/people/JennyTse
http://www.zhihu.com/people/jia-shun-26
http://www.zhihu.com/people/han-liang-hanl
http://www.zhihu.com/people/yao-mao-3
http://www.zhihu.com/people/JohnnyChang
http://www.zhihu.com/people/sun-san-81
http://www.zhihu.com/people/heidfled
http://www.zhihu.com/people/liu-ze-18-75
http://www.zhihu.com/people/ding-ding-84-86
http://www.zhihu.com/people/fan-fan-40-41
http://www.zhihu.com/people/yang-qian-56-1
http://www.zhihu.com/people/yu-zhe-32-34
http://www.zhihu.com/people/wang-bao-an
http://www.zhihu.com/people/yuan-you-tao-25
http://www.zhihu.com/people/fang-yi-cheng-73
http://www.zhihu.com/people/zhang-ling-kang
http://www.zhihu.com/people/niu-ji-ye
http://www.zhihu.com/people/alice-45-16
http://www.zhihu.com/people/liwende
http://www.zhihu.com/people/qing-mei-su
http://www.zhihu.com/people/qian-jing-wei
http://www.zhihu.com/people/KinKanDesu
http://www.zhihu.com/people/xiakai
http://www.zhihu.com/people/ji-ran-ran-31
http://www.zhihu.com/people/zhang-yi-fan-48
http://www.zhihu.com/people/pingoflove
http://www.zhihu.com/people/zexiancui
http://www.zhihu.com/people/chen-chang-gen-30
http://www.zhihu.com/people/khaki-29
http://www.zhihu.com/people/yuanshaoxia
http://www.zhihu.com/people/wu-wen-kui
http://www.zhihu.com/people/jun-pi
http://www.zhihu.com/people/tang-jing-yu-24
http://www.zhihu.com/people/arthas
http://www.zhihu.com/people/mao-mi-mi-40
http://www.zhihu.com/people/clude
http://www.zhihu.com/people/pan-shi-yun
http://www.zhihu.com/people/qing-ji-57
http://www.zhihu.com/people/yan-xin-qi
http://www.zhihu.com/people/stupident
http://www.zhihu.com/people/li-xiao-ge-1993
http://www.zhihu.com/people/tao-lin-27-63
http://www.zhihu.com/people/zhang-miao-miao-74
http://www.zhihu.com/people/wu-kong-58-77
http://www.zhihu.com/people/xm-wd-51
http://www.zhihu.com/people/bai-ye-51
http://www.zhihu.com/people/lu-min-sheng
http://www.zhihu.com/people/kevin-liu-15
http://www.zhihu.com/people/jiang-jia-yin-18
http://www.zhihu.com/people/gao-wen-jun
http://www.zhihu.com/people/clairewang0326
http://www.zhihu.com/people/shevchenko-57
http://www.zhihu.com/people/yuan-kun-60
http://www.zhihu.com/people/xiong-yun-feng-47
http://www.zhihu.com/people/Mr.F
http://www.zhihu.com/people/yang-xiao-xie-60
http://www.zhihu.com/people/dong-xi-78-92
http://www.zhihu.com/people/hu-rou
http://www.zhihu.com/people/SeanParker
http://www.zhihu.com/people/cheng-jia-peng
http://www.zhihu.com/people/bi-peng
http://www.zhihu.com/people/wen-da-ya-55
http://www.zhihu.com/people/ri-ye-qian-chi
http://www.zhihu.com/people/yuan-lin-56-60
http://www.zhihu.com/people/he-yuan-sheng
http://www.zhihu.com/people/YEESA
http://www.zhihu.com/people/guo-xuan-27-17
http://www.zhihu.com/people/xu-jie-65-87
http://www.zhihu.com/people/fei-meng-67
http://www.zhihu.com/people/microw
http://www.zhihu.com/people/yuan-xiao-mei
http://www.zhihu.com/people/li-bo-yu-85
http://www.zhihu.com/people/li-hua-jiang
http://www.zhihu.com/people/qqw-ssdd
http://www.zhihu.com/people/yue-feng-46
http://www.zhihu.com/people/anymeow
http://www.zhihu.com/people/fu-xin-hua-15
http://www.zhihu.com/people/an-an-88-67
http://www.zhihu.com/people/possibilities
http://www.zhihu.com/people/dai-xiao-hua
http://www.zhihu.com/people/guo-guo-46-7
http://www.zhihu.com/people/liu-yang-43-53
http://www.zhihu.com/people/chdwu
http://www.zhihu.com/people/megan-ma
http://www.zhihu.com/people/sun-si-ye
http://www.zhihu.com/people/silvia-57
http://www.zhihu.com/people/dongbobo
http://www.zhihu.com/people/happy10086
http://www.zhihu.com/people/botaowei
http://www.zhihu.com/people/zhihu_weekly
http://www.zhihu.com/people/jin-gan
http://www.zhihu.com/people/michelleyan
http://www.zhihu.com/people/hu-hui-45
http://www.zhihu.com/people/chen-da-gou-18
http://www.zhihu.com/people/marc-21
http://www.zhihu.com/people/chen-jing-50-86
http://www.zhihu.com/people/bentham
http://www.zhihu.com/people/xiang-dang-dang-47
http://www.zhihu.com/people/lin-mu-58-41
http://www.zhihu.com/people/li-shou-yin-89
http://www.zhihu.com/people/liu-mang-19
http://www.zhihu.com/people/he-er-76
http://www.zhihu.com/people/xiao-lang-4-61
http://www.zhihu.com/people/yun-yi-12
http://www.zhihu.com/people/zhu-bo-tao
http://www.zhihu.com/people/yi-kai-62
http://www.zhihu.com/people/li-cheng-gan
http://www.zhihu.com/people/jiang-yuan-bo-81
http://www.zhihu.com/people/chang-feng-21
http://www.zhihu.com/people/klark
http://www.zhihu.com/people/li-meng-3
http://www.zhihu.com/people/li-li-86-60
http://www.zhihu.com/people/qi-qi-52-78
http://www.zhihu.com/people/kevin-hu
http://www.zhihu.com/people/xiao-sa-06-16
http://www.zhihu.com/people/dio007
http://www.zhihu.com/people/liu-jun-wen-27
http://www.zhihu.com/people/umifam
http://www.zhihu.com/people/zhangyitao
http://www.zhihu.com/people/cao-yu-xiao
http://www.zhihu.com/people/zhang-yiliu
http://www.zhihu.com/people/face-li
http://www.zhihu.com/people/zhu-ge-kang-34
http://www.zhihu.com/people/yang-er-long
http://www.zhihu.com/people/ding-chao-jun-37
http://www.zhihu.com/people/tang-zi-qi-10
http://www.zhihu.com/people/stephanie-73
http://www.zhihu.com/people/fan-xu-51
http://www.zhihu.com/people/wang-xiao-yue-86
http://www.zhihu.com/people/wang-fu-kang
http://www.zhihu.com/people/zhong-ye-zi-49
http://www.zhihu.com/people/qiao-han-99
http://www.zhihu.com/people/stephen-deng
http://www.zhihu.com/people/yang-yang-69-37
http://www.zhihu.com/people/iyucci
http://www.zhihu.com/people/liu-yue-fan-76
http://www.zhihu.com/people/qing-yoqing
http://www.zhihu.com/people/zhang-hao-15-94
http://www.zhihu.com/people/mengying0960
http://www.zhihu.com/people/liou-anata
http://www.zhihu.com/people/songjiayue
http://www.zhihu.com/people/lin-zhe-96
http://www.zhihu.com/people/kinvy
http://www.zhihu.com/people/shi-yilang-cai
http://www.zhihu.com/people/lu-xiao-qian
http://www.zhihu.com/people/chen-yi-neng
http://www.zhihu.com/people/alice0429
http://www.zhihu.com/people/peng-hui-jian
http://www.zhihu.com/people/liu-xin-xin-99
http://www.zhihu.com/people/techoxygen
http://www.zhihu.com/people/yuan-jun-74
http://www.zhihu.com/people/ariel
http://www.zhihu.com/people/zhang-shi-pu
http://www.zhihu.com/people/riccinei
http://www.zhihu.com/people/zhang-wei-68
http://www.zhihu.com/people/wang-zhi-qiang-77
http://www.zhihu.com/people/hfitp
http://www.zhihu.com/people/wang-xiao-juan-92-12
http://www.zhihu.com/people/duffy
http://www.zhihu.com/people/yuan-wei-23-59
http://www.zhihu.com/people/li-qi-ming-53
http://www.zhihu.com/people/li-jin-da
http://www.zhihu.com/people/yvonyvonyvonne
http://www.zhihu.com/people/chen-hong-65-12
http://www.zhihu.com/people/nan-zhou
http://www.zhihu.com/people/zhang-heng-feng-30
http://www.zhihu.com/people/wang-jia-wei-45-85
http://www.zhihu.com/people/laoliumang-78
http://www.zhihu.com/people/spsftshuma
http://www.zhihu.com/people/acezhang
http://www.zhihu.com/people/liu-guo-qiang-69
http://www.zhihu.com/people/liu-qi-95
http://www.zhihu.com/people/shaimer
http://www.zhihu.com/people/duan-fei-65
http://www.zhihu.com/people/zhang-jie-80-61
http://www.zhihu.com/people/yu-zi-nan
http://www.zhihu.com/people/wei-qing-min
http://www.zhihu.com/people/yi-qi-34
http://www.zhihu.com/people/gao-da-li
http://www.zhihu.com/people/li-sen-39
http://www.zhihu.com/people/lipengbin
http://www.zhihu.com/people/li-jing-yang-10
http://www.zhihu.com/people/niuniu
http://www.zhihu.com/people/andy-39-10
http://www.zhihu.com/people/tan-ri-tian
http://www.zhihu.com/people/huang-zhu-jing
http://www.zhihu.com/people/wang-zhi-hua-23
http://www.zhihu.com/people/xie-yi-ran-87
http://www.zhihu.com/people/wang-sheng-80
http://www.zhihu.com/people/wensisunny
http://www.zhihu.com/people/jiayizhen
http://www.zhihu.com/people/shi-miao-miao
http://www.zhihu.com/people/lisel
http://www.zhihu.com/people/rosemary-75
http://www.zhihu.com/people/xu-zhao-jun
http://www.zhihu.com/people/flow-12
http://www.zhihu.com/people/lin-zhi-hua-39
http://www.zhihu.com/people/ricky-45
http://www.zhihu.com/people/wang-yuan-66-5
http://www.zhihu.com/people/fanhu
http://www.zhihu.com/people/tangerine-sue
http://www.zhihu.com/people/li-che-44
http://www.zhihu.com/people/zhang-zhi-wei-60
http://www.zhihu.com/people/guo-lu-50
http://www.zhihu.com/people/yan-yu-xia
http://www.zhihu.com/people/cheng-jun-900
http://www.zhihu.com/people/feng-bo-zhao
http://www.zhihu.com/people/huanghuihui1991
http://www.zhihu.com/people/mo-shi-qi
http://www.zhihu.com/people/liujianwen
http://www.zhihu.com/people/ilook
http://www.zhihu.com/people/irresisxiong
http://www.zhihu.com/people/ma-dong-34
http://www.zhihu.com/people/zhu-yi-ge
http://www.zhihu.com/people/gong-huan-qi
http://www.zhihu.com/people/xiong-jin-heng
http://www.zhihu.com/people/li-jia-mo
http://www.zhihu.com/people/fang-xiang-44
http://www.zhihu.com/people/hu-jie-43
http://www.zhihu.com/people/zheng-ying-jie
http://www.zhihu.com/people/zheng-rui-wei
http://www.zhihu.com/people/chen-xu-quan
http://www.zhihu.com/people/zhang-kang-kang-9
http://www.zhihu.com/people/chen-jia-jun-1
http://www.zhihu.com/people/liu-zhu-9-38
http://www.zhihu.com/people/wei-bin-69
http://www.zhihu.com/people/zhang-yong-qiang-67
http://www.zhihu.com/people/li-jia-wei-32
http://www.zhihu.com/people/zhu-wen
http://www.zhihu.com/people/kalon
http://www.zhihu.com/people/han-bao-feng
http://www.zhihu.com/people/wang-xiao-mo-27
http://www.zhihu.com/people/zhao-shu-chen-29
http://www.zhihu.com/people/lian-chun-lin
http://www.zhihu.com/people/dan-xiao-yu-86
http://www.zhihu.com/people/an-zhi-25
http://www.zhihu.com/people/xuexue
http://www.zhihu.com/people/si-zi-hang
http://www.zhihu.com/people/alan-zc
http://www.zhihu.com/people/ekzhu
http://www.zhihu.com/people/yang-cong-quan-man-tou
http://www.zhihu.com/people/tooyoung
http://www.zhihu.com/people/kou-fei-46
http://www.zhihu.com/people/zheng-ji
http://www.zhihu.com/people/zhao-chun-ze
http://www.zhihu.com/people/guo-qiang-65
http://www.zhihu.com/people/chen-tian-li
http://www.zhihu.com/people/yuanxinnan
http://www.zhihu.com/people/evan
http://www.zhihu.com/people/wu-jin-duo
http://www.zhihu.com/people/li-bai-he-62
http://www.zhihu.com/people/jonl
http://www.zhihu.com/people/dmouse
http://www.zhihu.com/people/wangyabnu
http://www.zhihu.com/people/yshone
http://www.zhihu.com/people/wang-qin-yun
http://www.zhihu.com/people/zong-lu-feng
http://www.zhihu.com/people/aaronjiao
http://www.zhihu.com/people/mozi-elaine
http://www.zhihu.com/people/gao-ya-8
http://www.zhihu.com/people/chang-wei-49
http://www.zhihu.com/people/Agnesa
http://www.zhihu.com/people/depifany
http://www.zhihu.com/people/esplendo
http://www.zhihu.com/people/lamonep
http://www.zhihu.com/people/zou-peng-0127
http://www.zhihu.com/people/stevenliou
http://www.zhihu.com/people/wu-wen-dong
http://www.zhihu.com/people/wu-wei-96-47
http://www.zhihu.com/people/xie-meng-ru
http://www.zhihu.com/people/veggi
http://www.zhihu.com/people/deng-bo-69
http://www.zhihu.com/people/yang-xiao-lin-42-7
http://www.zhihu.com/people/limiao17
http://www.zhihu.com/people/li-xiao-ran-94
http://www.zhihu.com/people/xie-yi-jing
http://www.zhihu.com/people/zhou-xiao-hao
http://www.zhihu.com/people/liu-lei-16
http://www.zhihu.com/people/alvin-h
http://www.zhihu.com/people/lazing
http://www.zhihu.com/people/charmgene
http://www.zhihu.com/people/niu-yue
http://www.zhihu.com/people/zhang-bo-5-22
http://www.zhihu.com/people/francisbu
http://www.zhihu.com/people/tiezhen
http://www.zhihu.com/people/baopuzi
http://www.zhihu.com/people/wu-kuan
http://www.zhihu.com/people/fa-tiao-ban-ma
http://www.zhihu.com/people/hanwei59
http://www.zhihu.com/people/hangzhi
http://www.zhihu.com/people/miza
http://www.zhihu.com/people/chen-yu-97-2
http://www.zhihu.com/people/pan-zhen-jun
http://www.zhihu.com/people/gu-shi-gu-niang
http://www.zhihu.com/people/liu-yan-feng-6
http://www.zhihu.com/people/zeal-3
http://www.zhihu.com/people/tongjinghao
http://www.zhihu.com/people/mochen
http://www.zhihu.com/people/dong-jun-lin
http://www.zhihu.com/people/pandaslow
http://www.zhihu.com/people/nswez
http://www.zhihu.com/people/94frogs
http://www.zhihu.com/people/diao-lin
http://www.zhihu.com/people/xu-hong-lin
http://www.zhihu.com/people/iiccee
http://www.zhihu.com/people/ma-shu-xia
http://www.zhihu.com/people/deng-ying-zhi
http://www.zhihu.com/people/li-hai-bo-78-69
http://www.zhihu.com/people/zhang-xiao-xi-69
http://www.zhihu.com/people/ltaoist
http://www.zhihu.com/people/jin-song-yao
http://www.zhihu.com/people/xiaofengfu
http://www.zhihu.com/people/vapours
http://www.zhihu.com/people/liu-jie-74
http://www.zhihu.com/people/wei-sheng-79
http://www.zhihu.com/people/qiu-xiao-qi-7
http://www.zhihu.com/people/hijintao
http://www.zhihu.com/people/tang-shuang-jia
http://www.zhihu.com/people/le-le-92
http://www.zhihu.com/people/dohu
http://www.zhihu.com/people/yang-sheng-yu
http://www.zhihu.com/people/liu-lang-zhi-shang
http://www.zhihu.com/people/liu-huan-yi
http://www.zhihu.com/people/wei-yuan-20
http://www.zhihu.com/people/zheng-jia-li
http://www.zhihu.com/people/lu-xi-fa-96-39
http://www.zhihu.com/people/qing-shan-40
http://www.zhihu.com/people/zhang-jun-feng-88
http://www.zhihu.com/people/feng-zhi-hao
http://www.zhihu.com/people/yjpts
http://www.zhihu.com/people/jade1314ily
http://www.zhihu.com/people/hujianfei1989
http://www.zhihu.com/people/tong-zhe-yuan
http://www.zhihu.com/people/li-zheng-dao
http://www.zhihu.com/people/liang-tian-fu
http://www.zhihu.com/people/wang-xiao-jie-38
http://www.zhihu.com/people/gao-shao-bo
http://www.zhihu.com/people/evercr8
http://www.zhihu.com/people/aninggo
http://www.zhihu.com/people/li-yi-wei-68
http://www.zhihu.com/people/chen-bing-87
http://www.zhihu.com/people/ai-bao-bao
http://www.zhihu.com/people/yuancheng
http://www.zhihu.com/people/xiu-xiu-40
http://www.zhihu.com/people/xiaozi
http://www.zhihu.com/people/siva
http://www.zhihu.com/people/yang-yong-zhi
http://www.zhihu.com/people/b1yx
http://www.zhihu.com/people/wangpengyu
http://www.zhihu.com/people/ninjacn
http://www.zhihu.com/people/running0109
http://www.zhihu.com/people/shui-di-76
http://www.zhihu.com/people/luzern
http://www.zhihu.com/people/weibing
http://www.zhihu.com/people/dai-qi
http://www.zhihu.com/people/bai-ban
http://www.zhihu.com/people/benjien
http://www.zhihu.com/people/xuweicc
http://www.zhihu.com/people/gao-yu-15
http://www.zhihu.com/people/zhang-han-42
http://www.zhihu.com/people/yang-min-jun
http://www.zhihu.com/people/auntxue
http://www.zhihu.com/people/riverwq
http://www.zhihu.com/people/zhang-ying-67-64
http://www.zhihu.com/people/iceblues
http://www.zhihu.com/people/runnersaid
http://www.zhihu.com/people/li-xin-wei-12
http://www.zhihu.com/people/wu-ying-34
http://www.zhihu.com/people/gu-ke-fan
http://www.zhihu.com/people/liu.jianfeng
http://www.zhihu.com/people/zhang-shao-yang-35
http://www.zhihu.com/people/li-shu-heng
http://www.zhihu.com/people/liang-yuan-76
http://www.zhihu.com/people/mkcz1989
http://www.zhihu.com/people/herolaozhang
http://www.zhihu.com/people/yue-shi-jie
http://www.zhihu.com/people/flyingfish
http://www.zhihu.com/people/bigface
http://www.zhihu.com/people/bolang
http://www.zhihu.com/people/de-lu-zhen
http://www.zhihu.com/people/juelu
http://www.zhihu.com/people/BillyHe
http://www.zhihu.com/people/butter
http://www.zhihu.com/people/chentao
http://www.zhihu.com/people/chung
http://www.zhihu.com/people/loveyu
http://www.zhihu.com/people/lizhecome
http://www.zhihu.com/people/violet
http://www.zhihu.com/people/yang-zhong-chuan
http://www.zhihu.com/people/kyyue
http://www.zhihu.com/people/demo-20
http://www.zhihu.com/people/shi-ya-18
http://www.zhihu.com/people/haijiaxuan
http://www.zhihu.com/people/wu-shun-rong
http://www.zhihu.com/people/www.lanhou.me
http://www.zhihu.com/people/vinowan
http://www.zhihu.com/people/steven-23
http://www.zhihu.com/people/prevent123
http://www.zhihu.com/people/ticktack
http://www.zhihu.com/people/gongting
http://www.zhihu.com/people/anyan
http://www.zhihu.com/people/wang-xiao-hui-58
http://www.zhihu.com/people/wang-zhe-56
http://www.zhihu.com/people/onebird
http://www.zhihu.com/people/chen-can
http://www.zhihu.com/people/luo-zhi-ren
http://www.zhihu.com/people/li-wei-91
http://www.zhihu.com/people/AmoLoong
http://www.zhihu.com/people/wangguowei
http://www.zhihu.com/people/dyno
http://www.zhihu.com/people/shawn-4-79
http://www.zhihu.com/people/odinchs
http://www.zhihu.com/people/lin-han-10
http://www.zhihu.com/people/sanxingju
http://www.zhihu.com/people/feng-hong-liang
http://www.zhihu.com/people/ding-nan
http://www.zhihu.com/people/wenwei
http://www.zhihu.com/people/livermore
http://www.zhihu.com/people/hitjuly
http://www.zhihu.com/people/gerrardyang
http://www.zhihu.com/people/guangkuo35
http://www.zhihu.com/people/mopjack
http://www.zhihu.com/people/exult
http://www.zhihu.com/people/spiro
http://www.zhihu.com/people/zhao-shu-yan
http://www.zhihu.com/people/kong-zhen-hua
http://www.zhihu.com/people/beatbox
http://www.zhihu.com/people/JeOam
http://www.zhihu.com/people/pzwei
http://www.zhihu.com/people/wu-da
http://www.zhihu.com/people/yangtwotwo
http://www.zhihu.com/people/wang-yu-xiang-64
http://www.zhihu.com/people/wang-zhi-feng-22
http://www.zhihu.com/people/hui-feng-hua
http://www.zhihu.com/people/yuan-erer
http://www.zhihu.com/people/tang-mi-54
http://www.zhihu.com/people/fireman-a
http://www.zhihu.com/people/lynnchang
http://www.zhihu.com/people/moguan
http://www.zhihu.com/people/intuitive
http://www.zhihu.com/people/cai-tong
http://www.zhihu.com/people/eramo
http://www.zhihu.com/people/jiang-feng-yu
http://www.zhihu.com/people/fa-jun
http://www.zhihu.com/people/chen-xian-xian-28
http://www.zhihu.com/people/Bryanzhao
http://www.zhihu.com/people/colorwill
http://www.zhihu.com/people/singhwa
http://www.zhihu.com/people/innofact
http://www.zhihu.com/people/caozhiwei
http://www.zhihu.com/people/lihua
http://www.zhihu.com/people/thinkind
http://www.zhihu.com/people/ashwu
http://www.zhihu.com/people/leonpak
http://www.zhihu.com/people/outlier
http://www.zhihu.com/people/flyingray
http://www.zhihu.com/people/losttime
http://www.zhihu.com/people/leungs
http://www.zhihu.com/people/sinopitt
http://www.zhihu.com/people/addice
http://www.zhihu.com/people/luodana
http://www.zhihu.com/people/pijili
http://www.zhihu.com/people/evan77
http://www.zhihu.com/people/haifeng84
http://www.zhihu.com/people/a-du
http://www.zhihu.com/people/zhaochunqi
http://www.zhihu.com/people/wang-li-bing
http://www.zhihu.com/people/huang-rong-sheng
http://www.zhihu.com/people/andrew-yang
http://www.zhihu.com/people/77777777777
http://www.zhihu.com/people/aqige
http://www.zhihu.com/people/cklover
http://www.zhihu.com/people/sunny-28-46
http://www.zhihu.com/people/xu-lei-97-56
http://www.zhihu.com/people/liu-min-jie
http://www.zhihu.com/people/wangkangkang
http://www.zhihu.com/people/chengyuan
http://www.zhihu.com/people/jerry-hu
http://www.zhihu.com/people/cy-51
http://www.zhihu.com/people/zan-dong
http://www.zhihu.com/people/xliberty
http://www.zhihu.com/people/raywang
http://www.zhihu.com/people/zhou-yong-liang
http://www.zhihu.com/people/panbin
http://www.zhihu.com/people/vent
http://www.zhihu.com/people/yu-wen-qi
http://www.zhihu.com/people/jixin
http://www.zhihu.com/people/wei-wen-hao-1
http://www.zhihu.com/people/unique
http://www.zhihu.com/people/wang-zi-qi-21
http://www.zhihu.com/people/zongtong
http://www.zhihu.com/people/chenruihong
http://www.zhihu.com/people/zhouyuan
