http://www.zhihu.com/people/zai-yi-luo
http://www.zhihu.com/people/xudekai
http://www.zhihu.com/people/bing-wang-5
http://www.zhihu.com/people/sexzhan-lan
http://www.zhihu.com/people/chenruixuan
http://www.zhihu.com/people/hhstore
http://www.zhihu.com/people/zhang-ming-yun-97
http://www.zhihu.com/people/zhou-jing-kai
http://www.zhihu.com/people/zhyibin
http://www.zhihu.com/people/cnxobo
http://www.zhihu.com/people/ma-mian
http://www.zhihu.com/people/navee
http://www.zhihu.com/people/wshiadai
http://www.zhihu.com/people/susanlee
http://www.zhihu.com/people/xiang-wang-meng
http://www.zhihu.com/people/luo-bing-hui
http://www.zhihu.com/people/luwenjin
http://www.zhihu.com/people/nai-yang-83
http://www.zhihu.com/people/fxw945
http://www.zhihu.com/people/zhu-hai-yang-89
http://www.zhihu.com/people/lee_from_oak
http://www.zhihu.com/people/xiang-chang-yu
http://www.zhihu.com/people/avicihu
http://www.zhihu.com/people/chouthen
http://www.zhihu.com/people/bao-ku-zi-huang
http://www.zhihu.com/people/zhan-peng-30
http://www.zhihu.com/people/james-john
http://www.zhihu.com/people/li-shu-zhu
http://www.zhihu.com/people/dong-dong-qiang-95
http://www.zhihu.com/people/chen-yin-72
http://www.zhihu.com/people/tong-ge-23
http://www.zhihu.com/people/zhang-tao-55-24
http://www.zhihu.com/people/qian-bi-39
http://www.zhihu.com/people/lin-zhi-xiang
http://www.zhihu.com/people/dombyangular
http://www.zhihu.com/people/kaifeiji
http://www.zhihu.com/people/lao-fei-97
http://www.zhihu.com/people/iamzhongyong
http://www.zhihu.com/people/yksgj
http://www.zhihu.com/people/mzds
http://www.zhihu.com/people/shang-xiao-hua-69
http://www.zhihu.com/people/spuch
http://www.zhihu.com/people/shawn-6
http://www.zhihu.com/people/guan-you-hong
http://www.zhihu.com/people/zhlwish
http://www.zhihu.com/people/morra
http://www.zhihu.com/people/soong
http://www.zhihu.com/people/cui-xue-zhen
http://www.zhihu.com/people/xi-rang-rang
http://www.zhihu.com/people/yue-wu-xing-cang
http://www.zhihu.com/people/wujinzhi
http://www.zhihu.com/people/yang-xuan-78
http://www.zhihu.com/people/zhong-yao-hui
http://www.zhihu.com/people/zhangzheng10
http://www.zhihu.com/people/luo-ding-9
http://www.zhihu.com/people/kennethtse
http://www.zhihu.com/people/wu-wei-76-79
http://www.zhihu.com/people/zhan-tong
http://www.zhihu.com/people/daniel-7-55
http://www.zhihu.com/people/huxiaoyi
http://www.zhihu.com/people/wangcash
http://www.zhihu.com/people/deng-en-ming
http://www.zhihu.com/people/guan-zhi-xuan
http://www.zhihu.com/people/annodomini
http://www.zhihu.com/people/sun-li-li-97
http://www.zhihu.com/people/cui-honglin
http://www.zhihu.com/people/sirwang-26
http://www.zhihu.com/people/leunggamciu
http://www.zhihu.com/people/ffddc
http://www.zhihu.com/people/ren-er-cheng
http://www.zhihu.com/people/yangmls
http://www.zhihu.com/people/he-ying-79
http://www.zhihu.com/people/su-mou-chen
http://www.zhihu.com/people/songtitan
http://www.zhihu.com/people/twocucao
http://www.zhihu.com/people/li-wei-si-10
http://www.zhihu.com/people/stark-46
http://www.zhihu.com/people/xie-kai-90
http://www.zhihu.com/people/wyndi
http://www.zhihu.com/people/wu-xing-chi
http://www.zhihu.com/people/da-big
http://www.zhihu.com/people/li-yan-ze
http://www.zhihu.com/people/song-kai-51
http://www.zhihu.com/people/zhangjianguo
http://www.zhihu.com/people/Eski147
http://www.zhihu.com/people/tang-xiao-wei-41
http://www.zhihu.com/people/liu-biao-70
http://www.zhihu.com/people/caliven
http://www.zhihu.com/people/luke-lee-cn
http://www.zhihu.com/people/THEROYBOTHS
http://www.zhihu.com/people/jason-kidd-17
http://www.zhihu.com/people/techmeg
http://www.zhihu.com/people/sun-yao-dong-17
http://www.zhihu.com/people/cangjinshui
http://www.zhihu.com/people/bill-bai
http://www.zhihu.com/people/zhang-jin-ming-29
http://www.zhihu.com/people/xy_alan
http://www.zhihu.com/people/rush
http://www.zhihu.com/people/paulagent
http://www.zhihu.com/people/weirdbird
http://www.zhihu.com/people/dang-zhi-ming
http://www.zhihu.com/people/yang-fan-81-54
http://www.zhihu.com/people/li-xiao-mu-45
http://www.zhihu.com/people/trirec
http://www.zhihu.com/people/nick-qi
http://www.zhihu.com/people/du-yue-song-42
http://www.zhihu.com/people/dormy-mo
http://www.zhihu.com/people/shu-xin-54
http://www.zhihu.com/people/lan-xiao-sheng-91
http://www.zhihu.com/people/gao-yun-fan
http://www.zhihu.com/people/chuwentao
http://www.zhihu.com/people/cao-wen-xuan
http://www.zhihu.com/people/hao-xiao-pang
http://www.zhihu.com/people/luren
http://www.zhihu.com/people/cnfuyu
http://www.zhihu.com/people/jiangshaoliu
http://www.zhihu.com/people/chu-tong-xue-86
http://www.zhihu.com/people/tang-rong-biao
http://www.zhihu.com/people/david.dai
http://www.zhihu.com/people/hyukming
http://www.zhihu.com/people/bluebird-27
http://www.zhihu.com/people/mustundead
http://www.zhihu.com/people/x5lcfd
http://www.zhihu.com/people/chen-junfeng
http://www.zhihu.com/people/fengren
http://www.zhihu.com/people/suoyuxiaoxiao
http://www.zhihu.com/people/lu-shuang-1993
http://www.zhihu.com/people/zhang-tian-cheng-55
http://www.zhihu.com/people/fang-wen-32
http://www.zhihu.com/people/jian-dan-4
http://www.zhihu.com/people/miao-66
http://www.zhihu.com/people/onewrong
http://www.zhihu.com/people/Luo
http://www.zhihu.com/people/bugbug
http://www.zhihu.com/people/zhanggm
http://www.zhihu.com/people/wei-li-gan
http://www.zhihu.com/people/xiao-chu
http://www.zhihu.com/people/hee-erving
http://www.zhihu.com/people/huyaya
http://www.zhihu.com/people/huang-yu-zhong
http://www.zhihu.com/people/eva-wang-46
http://www.zhihu.com/people/gao-sai-jie
http://www.zhihu.com/people/nie-xin-7
http://www.zhihu.com/people/wei-yuan-zhe
http://www.zhihu.com/people/Carbon
http://www.zhihu.com/people/zhangdashe
http://www.zhihu.com/people/shabingxuan
http://www.zhihu.com/people/yunqi608
http://www.zhihu.com/people/la-la-ba-xi-lie
http://www.zhihu.com/people/dong-jia-bin
http://www.zhihu.com/people/zhuang-xun-zi
http://www.zhihu.com/people/gavin-1
http://www.zhihu.com/people/xiao-zhe-31
http://www.zhihu.com/people/xiao-bai-yang-16
http://www.zhihu.com/people/zhou-gang-64
http://www.zhihu.com/people/GionCat
http://www.zhihu.com/people/myqqhero
http://www.zhihu.com/people/yang-hao-tian-85
http://www.zhihu.com/people/yang-hao-30-93
http://www.zhihu.com/people/yongshixiaomao
http://www.zhihu.com/people/sssky
http://www.zhihu.com/people/c447279704
http://www.zhihu.com/people/chen-ru-yi-49
http://www.zhihu.com/people/camellia-5
http://www.zhihu.com/people/folkyou
http://www.zhihu.com/people/Selerare
http://www.zhihu.com/people/mia-7
http://www.zhihu.com/people/li-lang
http://www.zhihu.com/people/HanedaNakayama
http://www.zhihu.com/people/qin-nan-55
http://www.zhihu.com/people/zhu-feng-yuan-89
http://www.zhihu.com/people/dennywww
http://www.zhihu.com/people/tian-xiao-zhu-84
http://www.zhihu.com/people/lu-jie-12
http://www.zhihu.com/people/long-yi-nan-90
http://www.zhihu.com/people/lordifeng
http://www.zhihu.com/people/lin-fei-91
http://www.zhihu.com/people/huang-li-79
http://www.zhihu.com/people/wang-long-biao
http://www.zhihu.com/people/li-jun-da-86
http://www.zhihu.com/people/wang-zhen-xing-69
http://www.zhihu.com/people/wei-wei-10-88
http://www.zhihu.com/people/carousels
http://www.zhihu.com/people/wangcheng678
http://www.zhihu.com/people/bourne-5
http://www.zhihu.com/people/wang-ling-shan
http://www.zhihu.com/people/tan-ri-tian
http://www.zhihu.com/people/yin-yue-61
http://www.zhihu.com/people/ou-ni-jiang
http://www.zhihu.com/people/leetom
http://www.zhihu.com/people/taotao
http://www.zhihu.com/people/xsheng-13
http://www.zhihu.com/people/yvonne-yang-82
http://www.zhihu.com/people/tcstar
http://www.zhihu.com/people/bai-jue-525
http://www.zhihu.com/people/li-ge-50
http://www.zhihu.com/people/he-a-wei
http://www.zhihu.com/people/xterm
http://www.zhihu.com/people/feixiaofei
http://www.zhihu.com/people/xylona-sun
http://www.zhihu.com/people/zhuang-xin-gang
http://www.zhihu.com/people/mrkoo-40
http://www.zhihu.com/people/he-bu-ke
http://www.zhihu.com/people/zhao-yu-han
http://www.zhihu.com/people/mandymandy-wang
http://www.zhihu.com/people/flitpend
http://www.zhihu.com/people/xue-wa-qia
http://www.zhihu.com/people/gzr3414
http://www.zhihu.com/people/chao-liu-icon
http://www.zhihu.com/people/yang-lisle
http://www.zhihu.com/people/xinwangzai
http://www.zhihu.com/people/camille-siu
http://www.zhihu.com/people/tinyq
http://www.zhihu.com/people/zengyingjia
http://www.zhihu.com/people/cheng-xiao-dong-29
http://www.zhihu.com/people/morea
http://www.zhihu.com/people/situchuifeng
http://www.zhihu.com/people/pointfish
http://www.zhihu.com/people/lz-always
http://www.zhihu.com/people/tian-lu-99
http://www.zhihu.com/people/yin-gao-jie
http://www.zhihu.com/people/shi-xia-xing
http://www.zhihu.com/people/jackzhang2014
http://www.zhihu.com/people/Metamorphosis_Du
http://www.zhihu.com/people/chen-wei-bin-40
http://www.zhihu.com/people/liu-liang-86
http://www.zhihu.com/people/tian-su-jun
http://www.zhihu.com/people/wu-ji-ren-91
http://www.zhihu.com/people/yangxiaoche
http://www.zhihu.com/people/meijingliangchen
http://www.zhihu.com/people/zhu-da-da-24
http://www.zhihu.com/people/lai-geng-gu
http://www.zhihu.com/people/zhuqe
http://www.zhihu.com/people/qing-song-lu
http://www.zhihu.com/people/jin-yuan-wai
http://www.zhihu.com/people/qdhei521
http://www.zhihu.com/people/xie-bing-14
http://www.zhihu.com/people/kay.x
http://www.zhihu.com/people/shi-chen-xiao
http://www.zhihu.com/people/yin-zhong-lin
http://www.zhihu.com/people/phoenix-71
http://www.zhihu.com/people/dai-si-ran
http://www.zhihu.com/people/jia-jia-60
http://www.zhihu.com/people/lotripcat
http://www.zhihu.com/people/zhaoyiyun77
http://www.zhihu.com/people/chengzhoukun
http://www.zhihu.com/people/marklee-26
http://www.zhihu.com/people/leenkwun
http://www.zhihu.com/people/2375
http://www.zhihu.com/people/yang-gui-gui-21
http://www.zhihu.com/people/WhyLiam
http://www.zhihu.com/people/yu-xi-49-74
http://www.zhihu.com/people/cao-zhi-hai
http://www.zhihu.com/people/li-cheng-xu-67
http://www.zhihu.com/people/hu-a-niu-80
http://www.zhihu.com/people/tcdona
http://www.zhihu.com/people/liang-kai-zhe-huo-49
http://www.zhihu.com/people/xander-22
http://www.zhihu.com/people/ezanth
http://www.zhihu.com/people/dohu
http://www.zhihu.com/people/xiao-meng-55
http://www.zhihu.com/people/zhang-chu-yun-78
http://www.zhihu.com/people/shen-ya-nan-44
http://www.zhihu.com/people/BeansTang
http://www.zhihu.com/people/zhou-xing-73
http://www.zhihu.com/people/gao-san-shui
http://www.zhihu.com/people/tai-di-xiong-97
http://www.zhihu.com/people/wangtengchuan
http://www.zhihu.com/people/zhu-yi-ge
http://www.zhihu.com/people/xie-zong-yu
http://www.zhihu.com/people/yu-shui-78
http://www.zhihu.com/people/yu-yang-41
http://www.zhihu.com/people/flyingrabbit
http://www.zhihu.com/people/tinaic
http://www.zhihu.com/people/ni-qiang-64
http://www.zhihu.com/people/fejie1988
http://www.zhihu.com/people/xue-heng
http://www.zhihu.com/people/xxnotepad
http://www.zhihu.com/people/juventa
http://www.zhihu.com/people/pisco-30
http://www.zhihu.com/people/qiu-zeng-cheng
http://www.zhihu.com/people/yang-hou-ze
http://www.zhihu.com/people/Bearoff
http://www.zhihu.com/people/rene-zhu
http://www.zhihu.com/people/hao-shi-cong
http://www.zhihu.com/people/yetone
http://www.zhihu.com/people/mo-huang-65
http://www.zhihu.com/people/qin-di-3
http://www.zhihu.com/people/frank-17
http://www.zhihu.com/people/xun-xun-17
http://www.zhihu.com/people/0903010209
http://www.zhihu.com/people/meiyouzhuya
http://www.zhihu.com/people/mingzhu
http://www.zhihu.com/people/rickey-yue
http://www.zhihu.com/people/tiandaofei
http://www.zhihu.com/people/nan-zhou
http://www.zhihu.com/people/DavidXu126
http://www.zhihu.com/people/luo-xiao-yin-28
http://www.zhihu.com/people/gu-jia-ming-69
http://www.zhihu.com/people/li-hui-jie-10
http://www.zhihu.com/people/wang-can-91
http://www.zhihu.com/people/chang-cheng-jiang
http://www.zhihu.com/people/tian-qia
http://www.zhihu.com/people/he-yuan-sheng
http://www.zhihu.com/people/jin-mu-yang
http://www.zhihu.com/people/huo-jia-14
http://www.zhihu.com/people/li-di-34
http://www.zhihu.com/people/julie-lin
http://www.zhihu.com/people/yue-yi-he
http://www.zhihu.com/people/qiu-meng-58
http://www.zhihu.com/people/afruca
http://www.zhihu.com/people/veann
http://www.zhihu.com/people/xiao-jun-yun
http://www.zhihu.com/people/poeho
http://www.zhihu.com/people/cold-cold
http://www.zhihu.com/people/skywalkerhunter
http://www.zhihu.com/people/tontonchuan-zhang
http://www.zhihu.com/people/van-gogh
http://www.zhihu.com/people/chiang-cyrus
http://www.zhihu.com/people/guo-da-lu-13
http://www.zhihu.com/people/sasdigg
http://www.zhihu.com/people/298097917
http://www.zhihu.com/people/candyyu
http://www.zhihu.com/people/ji-wei-70
http://www.zhihu.com/people/cao-hui-jun
http://www.zhihu.com/people/liang-jin-yong
http://www.zhihu.com/people/wei-ran-85-51
http://www.zhihu.com/people/hu-bu-gui-21
http://www.zhihu.com/people/lvdesheng
http://www.zhihu.com/people/hong-xiao-dou
http://www.zhihu.com/people/moderation
http://www.zhihu.com/people/bitrat
http://www.zhihu.com/people/huhuaxiaoshuai
http://www.zhihu.com/people/cawen
http://www.zhihu.com/people/xucheng
http://www.zhihu.com/people/peiyang1895
http://www.zhihu.com/people/mileo
http://www.zhihu.com/people/wangfang
http://www.zhihu.com/people/xu-shi-fu
http://www.zhihu.com/people/li-ha-ha-leo
http://www.zhihu.com/people/lizhi-78
http://www.zhihu.com/people/li-shou-yin-89
http://www.zhihu.com/people/acetylcholine
http://www.zhihu.com/people/drifter-16
http://www.zhihu.com/people/yskin
http://www.zhihu.com/people/ray-guo-23
http://www.zhihu.com/people/lu-ming-hao
http://www.zhihu.com/people/iyucci
http://www.zhihu.com/people/huang-wei-12-62
http://www.zhihu.com/people/chu-tian-shu-27
http://www.zhihu.com/people/anelva
http://www.zhihu.com/people/neolim
http://www.zhihu.com/people/gwmwhu
http://www.zhihu.com/people/bemo
http://www.zhihu.com/people/xulin365
http://www.zhihu.com/people/flily
http://www.zhihu.com/people/bajie8
http://www.zhihu.com/people/zhang-qun-21
http://www.zhihu.com/people/wang-yue-89-19
http://www.zhihu.com/people/lys.me
http://www.zhihu.com/people/hui-zi-51
http://www.zhihu.com/people/inferiorlove
http://www.zhihu.com/people/raoy2010
http://www.zhihu.com/people/dong-feng-90
http://www.zhihu.com/people/_zhao_xu_
http://www.zhihu.com/people/brickyang
http://www.zhihu.com/people/zi-yan-52
http://www.zhihu.com/people/xiao-na-mary
http://www.zhihu.com/people/yang-chun-17
http://www.zhihu.com/people/long-fei-25
http://www.zhihu.com/people/grace-zhu
http://www.zhihu.com/people/bei-wu-52
http://www.zhihu.com/people/dion
http://www.zhihu.com/people/sharon-29-95
http://www.zhihu.com/people/zhou-zi-han-17
http://www.zhihu.com/people/tang-lian-rong
http://www.zhihu.com/people/nyanzhang
http://www.zhihu.com/people/ruan-xiao-xian
http://www.zhihu.com/people/lin-liu-wen
http://www.zhihu.com/people/xenonflash
http://www.zhihu.com/people/liuniandate
http://www.zhihu.com/people/virusdefender
http://www.zhihu.com/people/yangyue
http://www.zhihu.com/people/Maynie
http://www.zhihu.com/people/c0in
http://www.zhihu.com/people/bruce-24
http://www.zhihu.com/people/imajin
http://www.zhihu.com/people/xiang-dang-dang-47
http://www.zhihu.com/people/byewon
http://www.zhihu.com/people/ylzhu
http://www.zhihu.com/people/zou-jin-bing
http://www.zhihu.com/people/shyn
http://www.zhihu.com/people/wang-jing-7-16
http://www.zhihu.com/people/hoposky
http://www.zhihu.com/people/cai-hua-22
http://www.zhihu.com/people/mo-yi-54-58
http://www.zhihu.com/people/sosoloveslife
http://www.zhihu.com/people/IcyAngel
http://www.zhihu.com/people/LMusDK
http://www.zhihu.com/people/zhangpu
http://www.zhihu.com/people/zhu-yixin-42
http://www.zhihu.com/people/rui-ao-13
http://www.zhihu.com/people/zhang-jia-pin-ming-da-lang
http://www.zhihu.com/people/zhang-wei-10-7
http://www.zhihu.com/people/jzone
http://www.zhihu.com/people/liu-si-jiang
http://www.zhihu.com/people/wang-yi-fan-40
http://www.zhihu.com/people/conner-wu
http://www.zhihu.com/people/weileng
http://www.zhihu.com/people/liangkun
http://www.zhihu.com/people/jiang-dong-52
http://www.zhihu.com/people/chen-sou-ming
http://www.zhihu.com/people/lin-pu-12
http://www.zhihu.com/people/brandeer
http://www.zhihu.com/people/xingtao-shen
http://www.zhihu.com/people/jing-xiao-liang
http://www.zhihu.com/people/yao-ze-yuan
http://www.zhihu.com/people/peng-xiao-jing
http://www.zhihu.com/people/yuan-hao-jun
http://www.zhihu.com/people/xqlee
http://www.zhihu.com/people/dao-xiang-87
http://www.zhihu.com/people/goldegg
http://www.zhihu.com/people/jiu-ling-43
http://www.zhihu.com/people/windfuture
http://www.zhihu.com/people/lan-qiu-71
http://www.zhihu.com/people/bu-jian-81
http://www.zhihu.com/people/xiexiaolong_pku
http://www.zhihu.com/people/Marshallpku
http://www.zhihu.com/people/miaomiaomiao
http://www.zhihu.com/people/stephen-cheng
http://www.zhihu.com/people/robster
http://www.zhihu.com/people/mtoc
http://www.zhihu.com/people/wang-deng
http://www.zhihu.com/people/cheng-bai-lao
http://www.zhihu.com/people/meow-tracy
http://www.zhihu.com/people/yuanyuandotinfo
http://www.zhihu.com/people/fu-shu-shu-ying
http://www.zhihu.com/people/caixun
http://www.zhihu.com/people/feng-hong-liang
http://www.zhihu.com/people/pwj1568
http://www.zhihu.com/people/wwwwwhen
http://www.zhihu.com/people/gan-qiang
http://www.zhihu.com/people/timeface
http://www.zhihu.com/people/checkking
http://www.zhihu.com/people/wang-lu-4-86
http://www.zhihu.com/people/peoplegxs
http://www.zhihu.com/people/kikii
http://www.zhihu.com/people/dong-yi-qi
http://www.zhihu.com/people/lihao90
http://www.zhihu.com/people/jack-li-61
http://www.zhihu.com/people/sellsoda
http://www.zhihu.com/people/xiao-xiao-xu-nuo
http://www.zhihu.com/people/littlered
http://www.zhihu.com/people/wo-dan-2
http://www.zhihu.com/people/wu-ya-nan-2
http://www.zhihu.com/people/suikaixin
http://www.zhihu.com/people/jenniejiang
http://www.zhihu.com/people/zhu-huan-jie
http://www.zhihu.com/people/qiu-___
http://www.zhihu.com/people/lian-yang
http://www.zhihu.com/people/ohmyv
http://www.zhihu.com/people/alexpoo
http://www.zhihu.com/people/huang-hai-li
http://www.zhihu.com/people/fuckzhihu
http://www.zhihu.com/people/liang-wen-li
http://www.zhihu.com/people/xiao-bao-75-91
http://www.zhihu.com/people/licht-81
http://www.zhihu.com/people/ledlaohuo
http://www.zhihu.com/people/han-yan-hui
http://www.zhihu.com/people/iyeyu
http://www.zhihu.com/people/wen-tao-4
http://www.zhihu.com/people/yin-ming-38
http://www.zhihu.com/people/a-bei-ban-leon
http://www.zhihu.com/people/rikuh
http://www.zhihu.com/people/jessie-chia-34
http://www.zhihu.com/people/lin-yi-85
http://www.zhihu.com/people/tian-nan-gua
http://www.zhihu.com/people/lin-fan-63-96
http://www.zhihu.com/people/techoxygen
http://www.zhihu.com/people/mo-shi-qi-9
http://www.zhihu.com/people/nei-nei-1-2-3
http://www.zhihu.com/people/K-none
http://www.zhihu.com/people/chen-xin-yan-65
http://www.zhihu.com/people/susus
http://www.zhihu.com/people/summerinsummer
http://www.zhihu.com/people/yin-xiao-bo-11
http://www.zhihu.com/people/yang-li-li-86
http://www.zhihu.com/people/xu-fang-huo-gen
http://www.zhihu.com/people/han-zi-han
http://www.zhihu.com/people/gao-da-li
http://www.zhihu.com/people/ji-xiao-qiang-74
http://www.zhihu.com/people/yu-hua-70
http://www.zhihu.com/people/wang-yuan-66-5
http://www.zhihu.com/people/lynnchang
http://www.zhihu.com/people/li-chang-yan
http://www.zhihu.com/people/jonson-fang
http://www.zhihu.com/people/su-fei-mei
http://www.zhihu.com/people/wang-bin-xiang
http://www.zhihu.com/people/qiu-shan
http://www.zhihu.com/people/jia-hao-85
http://www.zhihu.com/people/vvvvvvvz
http://www.zhihu.com/people/10250
http://www.zhihu.com/people/vikiki
http://www.zhihu.com/people/wei-yue
http://www.zhihu.com/people/laura-2
http://www.zhihu.com/people/du-xiao-wei-14
http://www.zhihu.com/people/Challenger800
http://www.zhihu.com/people/edie
http://www.zhihu.com/people/qiu-mu-zi
